#Coordinates  RecID  LigID  Luciferin  Neighbor's number  Vision Range  Scoring
(-26.1868841, -1.7901790, 21.6623619,  0.7150271, -0.6062971,  0.0293544, -0.3468117)    0    0   5.00000000  0 0.200   0.00000000
(-19.9039892,  2.7836672, 23.0998136, -0.3870656, -0.4847684,  0.7790395, -0.0909796)    0    0   5.00000000  0 0.200   0.00000000
(-22.9046861,  0.3757215, 28.8787993,  0.3112498, -0.2918168,  0.8456197, -0.3207708)    0    0   5.00000000  0 0.200   0.00000000
(-22.8388789, -2.0919733, 16.3641774,  0.1380752,  0.2458030, -0.9017413, -0.3276869)    0    0   5.00000000  0 0.200   0.00000000
(-20.1991022, -2.4735207, 26.5647283,  0.6782392, -0.6736864, -0.0074094, -0.2933997)    0    0   5.00000000  0 0.200   0.00000000
(-22.6776342, -2.4403938, 30.7833921,  0.5776111, -0.6957767,  0.3946895, -0.1627282)    0    0   5.00000000  0 0.200   0.00000000
(-30.7314826, -10.4477846, 24.9150266, -0.0479791, -0.7249610,  0.6555340,  0.2059240)    0    0   5.00000000  0 0.200   0.00000000
(-26.6836766,  0.6972297, 26.0744069, -0.2229805, -0.3190004,  0.4381129, -0.8102935)    0    0   5.00000000  0 0.200   0.00000000
(-25.7666202,  0.6764072, 24.8273920,  0.1812057, -0.5655537, -0.7681765,  0.2392035)    0    0   5.00000000  0 0.200   0.00000000
(-26.6258594, -1.9465447, 22.1037278,  0.3173049, -0.6615715,  0.6723394, -0.0979825)    0    0   5.00000000  0 0.200   0.00000000
(-34.2025834, -2.1850585, 23.6112622, -0.2358656, -0.3218918, -0.1548720, -0.9037520)    0    0   5.00000000  0 0.200   0.00000000
(-18.8885237, -3.0132513, 30.5999199, -0.3881512,  0.8273544,  0.1632655, -0.3717093)    0    0   5.00000000  0 0.200   0.00000000
(-27.8048058,  0.1570702, 16.4978073, -0.9229878, -0.1526525,  0.3512848, -0.0372797)    0    0   5.00000000  0 0.200   0.00000000
(-23.2549618, -6.3376776, 33.9258300,  0.2502031,  0.9185237, -0.1965255,  0.2347134)    0    0   5.00000000  0 0.200   0.00000000
(-26.5536907, -3.8264649, 32.7276343, -0.3115962,  0.2717602, -0.1383031, -0.8999591)    0    0   5.00000000  0 0.200   0.00000000
(-28.3213503, -6.6122664, 27.3727243, -0.2631492,  0.4890023, -0.0815919,  0.8276304)    0    0   5.00000000  0 0.200   0.00000000
(-23.5112992, -9.7282223, 23.8930094,  0.3265572,  0.1852505,  0.0033431,  0.9268395)    0    0   5.00000000  0 0.200   0.00000000
(-24.3994603,  4.5232877, 31.9416657, -0.1292486, -0.0363551,  0.8364348,  0.5313661)    0    0   5.00000000  0 0.200   0.00000000
(-24.1694895,  2.0037089, 27.7149729,  0.4736878, -0.1468428, -0.3085875,  0.8116839)    0    0   5.00000000  0 0.200   0.00000000
(-20.4527529, -5.2709007, 23.2392887, -0.5960827,  0.4382714, -0.5315378,  0.4123968)    0    0   5.00000000  0 0.200   0.00000000
(-31.0257481, -4.9421451, 20.0410738,  0.0012151,  0.8758500, -0.4109837, -0.2529383)    0    0   5.00000000  0 0.200   0.00000000
(-24.2447736, -2.9380205, 26.0774183, -0.4341746,  0.8934790,  0.1144973, -0.0088328)    0    0   5.00000000  0 0.200   0.00000000
(-30.1811132, -10.0205351, 25.5805794,  0.1650625, -0.3819812,  0.6325878,  0.6532055)    0    0   5.00000000  0 0.200   0.00000000
(-32.9485530, -6.9473824, 20.4195499, -0.8085911,  0.2170072,  0.5462539, -0.0263646)    0    0   5.00000000  0 0.200   0.00000000
(-30.0919075, -1.9078762, 32.5862466,  0.0662571,  0.5852245, -0.0659044,  0.8054681)    0    0   5.00000000  0 0.200   0.00000000
(-20.0870549,  1.9461731, 27.4179631, -0.5890514,  0.7373816, -0.1222854, -0.3071370)    0    0   5.00000000  0 0.200   0.00000000
(-35.5655619, -4.4484235, 24.5592949,  0.1490492, -0.2598894,  0.2831529, -0.9110797)    0    0   5.00000000  0 0.200   0.00000000
(-23.3253996, -6.2991071, 29.0539901, -0.5194943, -0.1030085,  0.8482246,  0.0054688)    0    0   5.00000000  0 0.200   0.00000000
(-24.7119557,  0.6512412, 25.2854628,  0.7307736, -0.0655875,  0.4253377,  0.5298641)    0    0   5.00000000  0 0.200   0.00000000
(-21.6448489, -3.6129200, 30.0246622, -0.4344688, -0.6260729,  0.3689806, -0.5320929)    0    0   5.00000000  0 0.200   0.00000000
(-32.9068525, -1.5995804, 25.7534599, -0.3337561, -0.5961191,  0.0569923, -0.7280115)    0    0   5.00000000  0 0.200   0.00000000
(-24.2084414,  5.2149472, 22.2660137,  0.8088355, -0.0600293,  0.5669581,  0.1440143)    0    0   5.00000000  0 0.200   0.00000000
(-26.8945588, -5.4623496, 30.6749053,  0.2261733,  0.1618751,  0.9599965,  0.0323844)    0    0   5.00000000  0 0.200   0.00000000
(-20.8547077, -9.7196082, 26.5016580,  0.0918959, -0.8944985,  0.1695677, -0.4033292)    0    0   5.00000000  0 0.200   0.00000000
(-19.2254881,  4.6996816, 26.1106635,  0.2677759, -0.9152054,  0.3011445,  0.0026541)    0    0   5.00000000  0 0.200   0.00000000
(-26.4190599,  0.5296350, 18.5372903, -0.7357541,  0.1136552, -0.0800156,  0.6628318)    0    0   5.00000000  0 0.200   0.00000000
(-34.7456107, -4.5910755, 28.8125528,  0.3572059,  0.6811017,  0.6389398,  0.0161362)    0    0   5.00000000  0 0.200   0.00000000
(-28.1778788, -1.2878256, 21.2673904, -0.7707597,  0.2124608,  0.2401708, -0.5505524)    0    0   5.00000000  0 0.200   0.00000000
(-31.9152979, -6.8348438, 28.5675824, -0.1288029, -0.8604058, -0.1240464, -0.4772046)    0    0   5.00000000  0 0.200   0.00000000
(-24.4536475, -2.1664784, 16.8989157, -0.7542096, -0.1152460,  0.6354328,  0.1187914)    0    0   5.00000000  0 0.200   0.00000000
(-26.8645216, -11.6960757, 21.5218655, -0.4993556,  0.6093415,  0.1205267, -0.6040035)    0    0   5.00000000  0 0.200   0.00000000
(-21.6588603, -5.0414832, 23.6837072, -0.2023864,  0.6224211, -0.2221853,  0.7226794)    0    0   5.00000000  0 0.200   0.00000000
(-24.4519634, -12.1063895, 23.0235372, -0.4535329,  0.3643253, -0.7477492,  0.3200721)    0    0   5.00000000  0 0.200   0.00000000
(-21.1385108,  3.8273093, 28.5616744,  0.7078040, -0.5797080, -0.2969181, -0.2734807)    0    0   5.00000000  0 0.200   0.00000000
(-29.1204285, -5.4651755, 27.5513785, -0.7616521, -0.0053231,  0.3797327, -0.5250341)    0    0   5.00000000  0 0.200   0.00000000
(-21.8537031,  4.6107974, 24.1993296,  0.6544731, -0.4559428,  0.6019817,  0.0374066)    0    0   5.00000000  0 0.200   0.00000000
(-20.6831977, -4.3231935, 21.5848666, -0.1487837,  0.5454400,  0.5469808,  0.6173902)    0    0   5.00000000  0 0.200   0.00000000
(-23.4546346, -0.0306695, 17.6206667, -0.2009963, -0.4646878, -0.5397983,  0.6725203)    0    0   5.00000000  0 0.200   0.00000000
(-24.2672568, -3.9274420, 26.5770645,  0.3814732,  0.3674587, -0.5483844, -0.6470911)    0    0   5.00000000  0 0.200   0.00000000
(-28.6865801,  5.4243016, 27.2518935, -0.4336031, -0.7920279,  0.2628699,  0.3399699)    0    0   5.00000000  0 0.200   0.00000000
(-19.1912903, -1.2047257, 19.3112839,  0.3324714,  0.5261962,  0.7041395, -0.3417130)    0    0   5.00000000  0 0.200   0.00000000
(-24.7240979,  2.4333635, 20.3455512,  0.0879170, -0.3129709, -0.7999553, -0.5043722)    0    0   5.00000000  0 0.200   0.00000000
(-21.5078728, -10.0825950, 21.1200140,  0.0476987,  0.7015106, -0.6913940, -0.1660784)    0    0   5.00000000  0 0.200   0.00000000
(-29.4030319,  1.7810338, 20.9904099,  0.2360331, -0.0346876,  0.9707662,  0.0264216)    0    0   5.00000000  0 0.200   0.00000000
(-27.7282030, -7.1030856, 31.1171964, -0.3318230,  0.0510757, -0.1711071,  0.9262868)    0    0   5.00000000  0 0.200   0.00000000
(-29.4332167, -5.2814047, 31.3264005, -0.3007311,  0.0619103, -0.3582066,  0.8817119)    0    0   5.00000000  0 0.200   0.00000000
(-22.6162726, -3.0811883, 21.9061904, -0.4186376,  0.6851762,  0.4528888,  0.3875151)    0    0   5.00000000  0 0.200   0.00000000
(-33.5715337, -0.8133256, 21.3760017,  0.6043035, -0.6214619, -0.4967045,  0.0434402)    0    0   5.00000000  0 0.200   0.00000000
(-21.3145096,  4.5476232, 24.6234358, -0.7366649, -0.1882297,  0.0854415,  0.6438899)    0    0   5.00000000  0 0.200   0.00000000
(-29.5637408, -0.4333386, 19.0734817,  0.3473281, -0.4402254, -0.0714329, -0.8249013)    0    0   5.00000000  0 0.200   0.00000000
(-31.7528936, -7.1779077, 30.9099465,  0.2151397,  0.2814806,  0.0766792,  0.9319892)    0    0   5.00000000  0 0.200   0.00000000
(-26.3359349, -5.7523549, 18.3799227,  0.1851348, -0.0230626, -0.2383955,  0.9530797)    0    0   5.00000000  0 0.200   0.00000000
(-27.1092129, -4.3010749, 31.9233014,  0.5112332, -0.8193957, -0.0816104, -0.2461120)    0    0   5.00000000  0 0.200   0.00000000
(-28.5024246,  1.0595877, 34.1037225, -0.2464197,  0.6361339, -0.7295529,  0.0486161)    0    0   5.00000000  0 0.200   0.00000000
(-18.0324814, -6.4018635, 25.1997177,  0.5140187,  0.0543558,  0.8560508,  0.0027078)    0    0   5.00000000  0 0.200   0.00000000
(-28.4799156, -6.6013944, 17.9361608,  0.7097532,  0.5559084,  0.3824953,  0.2022711)    0    0   5.00000000  0 0.200   0.00000000
(-29.1994282, -2.0092409, 20.6683742, -0.7142828, -0.2062386, -0.2248557,  0.6298457)    0    0   5.00000000  0 0.200   0.00000000
(-35.5353990, -3.1129863, 26.3043331, -0.1398798,  0.0176357, -0.2089079, -0.9677190)    0    0   5.00000000  0 0.200   0.00000000
(-27.4671522, -4.1525177, 16.0415694,  0.8100864, -0.0866516, -0.5798428, -0.0058177)    0    0   5.00000000  0 0.200   0.00000000
(-16.8850262, -1.8022151, 22.7811088,  0.1340872, -0.5129663, -0.2012387,  0.8236439)    0    0   5.00000000  0 0.200   0.00000000
(-21.1181942,  3.7694240, 19.8447952,  0.0619558,  0.5294166,  0.7748687,  0.3397910)    0    0   5.00000000  0 0.200   0.00000000
(-28.4382471, -7.7450675, 20.8597338, -0.2494695, -0.0796892, -0.9248920,  0.2756618)    0    0   5.00000000  0 0.200   0.00000000
(-30.3077778,  1.3204984, 22.5282499, -0.5833267, -0.0842030,  0.8045647, -0.0729075)    0    0   5.00000000  0 0.200   0.00000000
(-29.4819339,  2.2449075, 23.7501167, -0.2706122, -0.7983919,  0.3960539, -0.3639791)    0    0   5.00000000  0 0.200   0.00000000
(-30.5225597,  1.3372047, 27.4645808,  0.0276124, -0.5919243, -0.5748691, -0.5642594)    0    0   5.00000000  0 0.200   0.00000000
(-23.8048573, -6.7591251, 23.9994291, -0.1106071, -0.5377891, -0.7809303, -0.2978200)    0    0   5.00000000  0 0.200   0.00000000
(-24.8609128,  3.9214170, 18.1280711,  0.0131751,  0.3777399, -0.1360054,  0.9157737)    0    0   5.00000000  0 0.200   0.00000000
(-31.8241416, -10.4343739, 23.8113412,  0.7387131,  0.1966349, -0.6099090, -0.2089228)    0    0   5.00000000  0 0.200   0.00000000
(-24.5663683, -0.2050084, 28.4273697, -0.4929691,  0.6666760, -0.1828281, -0.5282977)    0    0   5.00000000  0 0.200   0.00000000
(-20.7902160, -7.5270548, 22.8176948,  0.5801257, -0.6479865, -0.4545337,  0.1922673)    0    0   5.00000000  0 0.200   0.00000000
(-26.5256767, -2.6930690, 17.1929182, -0.7604480,  0.1465202,  0.2377332, -0.5862880)    0    0   5.00000000  0 0.200   0.00000000
(-18.7155636,  0.3678746, 22.3522198, -0.2074858, -0.9104421,  0.0835717, -0.3479375)    0    0   5.00000000  0 0.200   0.00000000
(-34.1060989, -6.6141039, 22.3433376, -0.2452473,  0.2695377,  0.3727343,  0.8533887)    0    0   5.00000000  0 0.200   0.00000000
(-30.8712878, -1.0399651, 25.5631038,  0.1856871,  0.5972755, -0.7344429, -0.2633932)    0    0   5.00000000  0 0.200   0.00000000
(-27.6850220, -8.4716716, 23.2502289, -0.5122515, -0.1319248, -0.7970323,  0.2914339)    0    0   5.00000000  0 0.200   0.00000000
(-25.5089093,  0.1870257, 19.9823498,  0.0230793, -0.5885716, -0.1464862,  0.7947280)    0    0   5.00000000  0 0.200   0.00000000
(-24.3541421,  4.4257200, 27.9188835,  0.3787582, -0.2359665,  0.2684698,  0.8536896)    0    0   5.00000000  0 0.200   0.00000000
(-26.4047721, -4.2246936, 21.2840290, -0.8460284,  0.3712478,  0.1352529,  0.3579353)    0    0   5.00000000  0 0.200   0.00000000
(-20.8301215, -5.4019787, 22.7516882, -0.2588750, -0.5073302,  0.3827768,  0.7273800)    0    0   5.00000000  0 0.200   0.00000000
(-23.6528257, -9.5787735, 30.5048229,  0.5118171,  0.4572282,  0.2538150,  0.6815890)    0    0   5.00000000  0 0.200   0.00000000
(-26.4274041, -3.9880827, 26.5943339,  0.7808944, -0.3831717,  0.2887787,  0.3999877)    0    0   5.00000000  0 0.200   0.00000000
(-30.0284267,  4.8227971, 30.3357029, -0.3152028, -0.8702405, -0.3202789, -0.2018665)    0    0   5.00000000  0 0.200   0.00000000
(-19.5472173, -3.7334054, 25.2651819,  0.4103081, -0.8814225,  0.0196387, -0.2331436)    0    0   5.00000000  0 0.200   0.00000000
(-33.3127896, -6.0037259, 26.8704917,  0.7066981,  0.0942180,  0.6940681,  0.0998511)    0    0   5.00000000  0 0.200   0.00000000
(-18.3710491, -5.3454584, 29.8709453,  0.9261043, -0.1986396, -0.1189183,  0.2978784)    0    0   5.00000000  0 0.200   0.00000000
(-17.8389025, -4.9513297, 24.4662282, -0.8530117, -0.0197472,  0.0758351,  0.5159750)    0    0   5.00000000  0 0.200   0.00000000
(-20.1942798, -5.6304302, 29.0415704, -0.1073357,  0.3595937, -0.9091370,  0.1806693)    0    0   5.00000000  0 0.200   0.00000000
(-23.9311606, -4.3059458, 30.8512400, -0.8230466, -0.3702601, -0.1599324,  0.3999042)    0    0   5.00000000  0 0.200   0.00000000
(-28.4522623, -8.5682153, 19.3490399, -0.8414176,  0.0810031,  0.2772690, -0.4567020)    0    0   5.00000000  0 0.200   0.00000000
(-32.8802546, -6.5910193, 22.3872435,  0.4725275,  0.6873219,  0.5484101, -0.0596051)    0    0   5.00000000  0 0.200   0.00000000
(-24.4736934, -1.7059982, 19.8119339, -0.4962116,  0.0680498,  0.2385886, -0.8319969)    0    0   5.00000000  0 0.200   0.00000000
(-21.2597719, -6.5641207, 20.7520144, -0.5185448, -0.0613631, -0.6964341,  0.4922655)    0    0   5.00000000  0 0.200   0.00000000
(-24.9818043, -8.5844675, 28.1534704, -0.4045501, -0.1370413, -0.7326327, -0.5299134)    0    0   5.00000000  0 0.200   0.00000000
(-24.0017077,  4.6538846, 30.4572533, -0.2526580, -0.6782897,  0.0661953,  0.6868080)    0    0   5.00000000  0 0.200   0.00000000
(-25.0533048, -0.1963113, 20.6940511,  0.9169322, -0.2582427, -0.1824176,  0.2434541)    0    0   5.00000000  0 0.200   0.00000000
(-27.8393823, -2.3977759, 19.2460315, -0.3245996,  0.6090822,  0.5766245, -0.4372163)    0    0   5.00000000  0 0.200   0.00000000
(-25.5954203, -6.7468014, 22.9526887,  0.1832930, -0.2016884,  0.8294239,  0.4876284)    0    0   5.00000000  0 0.200   0.00000000
(-21.1956604, -7.3465824, 21.6054830,  0.5465431,  0.3868634,  0.0670378, -0.7396846)    0    0   5.00000000  0 0.200   0.00000000
(-30.1631350, -1.2566069, 17.4560953,  0.5465118, -0.6119203,  0.3153305, -0.4769121)    0    0   5.00000000  0 0.200   0.00000000
(-23.5418011,  0.5270645, 18.6149175,  0.7002442,  0.4991891,  0.3691702, -0.3523941)    0    0   5.00000000  0 0.200   0.00000000
(-24.5945176,  4.5330260, 27.2080992,  0.2945979, -0.0167188,  0.3537021,  0.8875964)    0    0   5.00000000  0 0.200   0.00000000
(-27.8778191, -10.8260161, 28.5117437, -0.0696348,  0.7605858,  0.6292208,  0.1440189)    0    0   5.00000000  0 0.200   0.00000000
(-27.9025307, -7.9441507, 22.8443600,  0.7928138,  0.5198861, -0.2912230, -0.1278823)    0    0   5.00000000  0 0.200   0.00000000
(-30.3390841, -4.6876188, 17.7991084,  0.0200446, -0.7410937, -0.6197553,  0.2574523)    0    0   5.00000000  0 0.200   0.00000000
(-29.9478241, -0.5792700, 17.4417928, -0.2048007, -0.0221045,  0.9352880, -0.2877577)    0    0   5.00000000  0 0.200   0.00000000
(-27.6408233, -5.1728048, 29.5560244,  0.4782629, -0.7702826,  0.3529685, -0.2309601)    0    0   5.00000000  0 0.200   0.00000000
(-23.7659981, -3.1804695, 30.0552597, -0.8943112, -0.0101004,  0.1312807,  0.4276341)    0    0   5.00000000  0 0.200   0.00000000
(-27.9398864, -11.4705915, 29.6407215,  0.0823544, -0.2715807, -0.5032233,  0.8162279)    0    0   5.00000000  0 0.200   0.00000000
(-19.2618062, -5.3602006, 22.5590022, -0.4306204,  0.4844824, -0.0679965, -0.7584321)    0    0   5.00000000  0 0.200   0.00000000
(-25.6025372, -6.1769345, 17.5664529,  0.4925261, -0.5208665,  0.5740855, -0.3956538)    0    0   5.00000000  0 0.200   0.00000000
(-23.6451264,  5.0010862, 20.7025605, -0.7952834, -0.4502833, -0.4056629, -0.0143847)    0    0   5.00000000  0 0.200   0.00000000
(-20.2120450, -4.5557064, 19.4131438, -0.8669180, -0.2383402, -0.1247706,  0.4196182)    0    0   5.00000000  0 0.200   0.00000000
(-29.6982531, -9.3908211, 21.6421552, -0.4943217,  0.7679120, -0.3832856,  0.1380196)    0    0   5.00000000  0 0.200   0.00000000
(-23.6648362, -0.6571101, 26.4767597, -0.3818862, -0.3233980,  0.5328085,  0.6824161)    0    0   5.00000000  0 0.200   0.00000000
(-26.0046795,  0.7687156, 28.2916966, -0.6276391, -0.5316536,  0.5453587, -0.1612373)    0    0   5.00000000  0 0.200   0.00000000
(-19.2638825, -5.8394870, 19.8612757, -0.3940038,  0.1160412, -0.0423614,  0.9107694)    0    0   5.00000000  0 0.200   0.00000000
(-19.2156438, -6.9322431, 26.1124127,  0.7845942, -0.3917656, -0.4632461, -0.1278074)    0    0   5.00000000  0 0.200   0.00000000
(-19.9613791, -9.7108464, 28.5496381,  0.7049169, -0.6483226,  0.0710554, -0.2787851)    0    0   5.00000000  0 0.200   0.00000000
(-30.6506002, -5.7939680, 25.7365995,  0.0515230, -0.6638306, -0.7262830, -0.1708428)    0    0   5.00000000  0 0.200   0.00000000
(-23.3586917, -5.4100085, 25.4015573, -0.6743448,  0.3620503,  0.1663216, -0.6217040)    0    0   5.00000000  0 0.200   0.00000000
(-20.1982318, -0.8481969, 29.3589319,  0.9466549, -0.1072250, -0.1396965, -0.2698744)    0    0   5.00000000  0 0.200   0.00000000
(-32.1755111, -2.3782819, 25.8640560, -0.1404181, -0.2106139, -0.3937463,  0.8836789)    0    0   5.00000000  0 0.200   0.00000000
(-16.8025572, -0.7661545, 28.5244923, -0.8302425, -0.3705693,  0.3746977,  0.1815970)    0    0   5.00000000  0 0.200   0.00000000
(-27.2261524, -2.3809720, 23.6170988,  0.1553091, -0.2248818,  0.9220739,  0.2740200)    0    0   5.00000000  0 0.200   0.00000000
(-21.2520190, -9.2290047, 20.4339540,  0.0478081,  0.5800220,  0.5281094,  0.6183763)    0    0   5.00000000  0 0.200   0.00000000
(-29.6066750,  3.8235301, 24.2717259, -0.5808545,  0.2284111,  0.3075525,  0.7182255)    0    0   5.00000000  0 0.200   0.00000000
(-28.6029704, -3.2067062, 25.8346521, -0.6914078,  0.3737594, -0.0983783, -0.6103940)    0    0   5.00000000  0 0.200   0.00000000
(-28.9878967, -0.6940175, 16.3947805, -0.3658598,  0.2013606,  0.6432730, -0.6417167)    0    0   5.00000000  0 0.200   0.00000000
(-30.7509232, -6.4243594, 29.9414162, -0.5440182,  0.6887850,  0.0345279, -0.4779406)    0    0   5.00000000  0 0.200   0.00000000
(-26.4672380, -9.3631338, 21.8267127,  0.0701671,  0.4533395,  0.7891160,  0.4084799)    0    0   5.00000000  0 0.200   0.00000000
(-23.4458482, -10.2062283, 21.7106208, -0.2686523, -0.6910719, -0.0590056,  0.6684040)    0    0   5.00000000  0 0.200   0.00000000
(-19.8279072, -3.0133927, 32.0759260, -0.2707785, -0.7111181,  0.4110445,  0.5020284)    0    0   5.00000000  0 0.200   0.00000000
(-17.3530133, -5.4050298, 25.0217769,  0.0618853,  0.1822788,  0.9730026,  0.1273210)    0    0   5.00000000  0 0.200   0.00000000
(-23.4766550, -11.2682581, 28.8740496,  0.6386301, -0.5286124, -0.4979021, -0.2545861)    0    0   5.00000000  0 0.200   0.00000000
(-30.8844106, -1.5235200, 22.3864043,  0.8195949,  0.1178910,  0.5173732, -0.2160809)    0    0   5.00000000  0 0.200   0.00000000
(-20.3578750, -7.4439230, 31.9780995,  0.1619101,  0.0494836, -0.3732425,  0.9121549)    0    0   5.00000000  0 0.200   0.00000000
(-26.7238068, -8.9500146, 20.2096985, -0.2232878, -0.7503408, -0.5959832,  0.1787047)    0    0   5.00000000  0 0.200   0.00000000
(-24.2159393, -12.0508358, 26.1924095, -0.5808897,  0.3649739, -0.6858333,  0.2428866)    0    0   5.00000000  0 0.200   0.00000000
(-26.4348168, -2.0663844, 24.7636392, -0.3978618, -0.8346601, -0.3738943,  0.0724678)    0    0   5.00000000  0 0.200   0.00000000
(-24.7809014,  0.1151573, 33.5305983,  0.5706349,  0.3055904, -0.7172168,  0.2580514)    0    0   5.00000000  0 0.200   0.00000000
(-19.4620595, -0.7230077, 19.3322273,  0.5420636, -0.7648494,  0.2583841, -0.2332599)    0    0   5.00000000  0 0.200   0.00000000
(-22.0092816,  0.0319554, 20.1738290, -0.7210086,  0.2140227, -0.0362493, -0.6580477)    0    0   5.00000000  0 0.200   0.00000000
(-27.3183977, -2.1701705, 21.5080683, -0.0139341, -0.6633900, -0.7473018,  0.0354917)    0    0   5.00000000  0 0.200   0.00000000
(-21.4953205, -6.9020165, 21.9220671, -0.3102542, -0.0499890, -0.7323015, -0.6041341)    0    0   5.00000000  0 0.200   0.00000000
(-16.7617800,  0.6505749, 26.0392517,  0.1796568, -0.8276582,  0.4281468, -0.3152708)    0    0   5.00000000  0 0.200   0.00000000
(-27.9109914,  6.0122250, 21.0151468, -0.2485277,  0.4954359,  0.7592184,  0.3411228)    0    0   5.00000000  0 0.200   0.00000000
(-25.1662616, -3.0421161, 31.3146891,  0.2738450,  0.7617124,  0.5134887, -0.2848379)    0    0   5.00000000  0 0.200   0.00000000
(-26.1078413, -1.6629918, 21.1129333, -0.8181803,  0.3797344,  0.3913062, -0.1823794)    0    0   5.00000000  0 0.200   0.00000000
(-16.8886989,  0.9666514, 24.8149896, -0.7788550,  0.3096790, -0.4617618,  0.2902755)    0    0   5.00000000  0 0.200   0.00000000
(-25.3267101, -0.4514410, 29.0115000,  0.5149382,  0.0084573,  0.8129690,  0.2717506)    0    0   5.00000000  0 0.200   0.00000000
(-29.4861555, -1.1804993, 29.2176914,  0.4009988,  0.1143059, -0.8975000, -0.1436237)    0    0   5.00000000  0 0.200   0.00000000
(-22.7107396, -6.2876444, 32.7716429, -0.9210177, -0.3376159, -0.0179620, -0.1934406)    0    0   5.00000000  0 0.200   0.00000000
(-19.9203773,  1.7159816, 26.9308765,  0.4894501, -0.0679940,  0.5752270,  0.6518661)    0    0   5.00000000  0 0.200   0.00000000
(-32.8419931, -6.0350015, 21.2179483, -0.1051623,  0.1641414,  0.7934443,  0.5765802)    0    0   5.00000000  0 0.200   0.00000000
(-34.8640834, -2.8171762, 27.8365899,  0.0986485,  0.9112608,  0.0781523, -0.3921280)    0    0   5.00000000  0 0.200   0.00000000
(-29.0871404, -9.7770772, 29.5482004,  0.9025601, -0.0896678, -0.0074982, -0.4210567)    0    0   5.00000000  0 0.200   0.00000000
(-21.4936193, -7.3580209, 29.5037451, -0.3483911,  0.2545175, -0.7508140,  0.5001228)    0    0   5.00000000  0 0.200   0.00000000
(-24.9614015, -2.2456129, 34.1577531, -0.1083195,  0.5833528,  0.1215090,  0.7957399)    0    0   5.00000000  0 0.200   0.00000000
(-31.0159043, -0.0104836, 22.9399072,  0.6185259, -0.0690516,  0.4094087,  0.6671148)    0    0   5.00000000  0 0.200   0.00000000
(-27.1708707, -2.1006063, 20.9214669,  0.8947667,  0.2849443,  0.2761594, -0.2047811)    0    0   5.00000000  0 0.200   0.00000000
(-19.5081576, -1.8572523, 30.7599314,  0.2009031,  0.1671305,  0.6470456,  0.7162662)    0    0   5.00000000  0 0.200   0.00000000
(-19.3854237, -4.5170564, 32.4863039, -0.9548375, -0.2762090,  0.1061909,  0.0267837)    0    0   5.00000000  0 0.200   0.00000000
(-28.4199142, -0.9575957, 24.9391970,  0.2513995,  0.2393481, -0.3803386,  0.8572359)    0    0   5.00000000  0 0.200   0.00000000
(-28.9692752,  2.9151206, 29.8213559, -0.1135990,  0.6947365, -0.3796182, -0.6002720)    0    0   5.00000000  0 0.200   0.00000000
(-25.8677377, -12.3371199, 24.5779437, -0.1913528, -0.0216593,  0.6823641,  0.7051909)    0    0   5.00000000  0 0.200   0.00000000
(-29.4027151,  0.7866603, 19.5027426,  0.8738406, -0.3500604,  0.3109629,  0.1310052)    0    0   5.00000000  0 0.200   0.00000000
(-26.3536720, -2.1204437, 28.2782928, -0.2492066, -0.4567370, -0.1043017,  0.8475898)    0    0   5.00000000  0 0.200   0.00000000
(-30.5492815,  3.3625460, 21.8923046,  0.3742803, -0.9040955, -0.0082344, -0.2060528)    0    0   5.00000000  0 0.200   0.00000000
(-28.2165442, -3.9396404, 22.8158664,  0.7958947,  0.4110762, -0.0673948, -0.4393472)    0    0   5.00000000  0 0.200   0.00000000
(-25.3587969, -6.3097885, 17.9562222,  0.0129250,  0.5079293,  0.0559050, -0.8594856)    0    0   5.00000000  0 0.200   0.00000000
(-29.0754502, -0.6939638, 28.1755225, -0.2478092, -0.1748096, -0.7351718, -0.6062629)    0    0   5.00000000  0 0.200   0.00000000
(-22.9921732, -9.0946362, 26.4700405, -0.6884259,  0.3256733,  0.6361469,  0.1237894)    0    0   5.00000000  0 0.200   0.00000000
(-17.3986896,  1.7712530, 24.3818350, -0.4554164, -0.6694202,  0.5779721,  0.1020826)    0    0   5.00000000  0 0.200   0.00000000
(-31.0804625,  0.8107069, 20.2446043, -0.5757251, -0.6696499, -0.1810260,  0.4328270)    0    0   5.00000000  0 0.200   0.00000000
(-18.9318781, -7.3585328, 21.4138147, -0.4429544,  0.6955777, -0.1219673,  0.5523469)    0    0   5.00000000  0 0.200   0.00000000
(-18.9295026,  2.0393354, 24.2109800,  0.1239119,  0.9196888, -0.3579483,  0.1033989)    0    0   5.00000000  0 0.200   0.00000000
(-22.1127162, -0.2714969, 29.9190855,  0.6754699, -0.2821326, -0.6773739,  0.0728443)    0    0   5.00000000  0 0.200   0.00000000
(-31.7495023,  0.1766481, 20.2975107, -0.7893887,  0.0512200, -0.1725125, -0.5869254)    0    0   5.00000000  0 0.200   0.00000000
(-30.5437949, -3.2074591, 27.5331257,  0.5329348,  0.5456224,  0.2866542, -0.5797465)    0    0   5.00000000  0 0.200   0.00000000
(-25.2117736, -11.2423972, 29.9169145, -0.1281684,  0.8278935,  0.5424202,  0.0628135)    0    0   5.00000000  0 0.200   0.00000000
(-34.9456031,  0.1889646, 28.0705465,  0.7068225, -0.6765903, -0.1902808,  0.0801292)    0    0   5.00000000  0 0.200   0.00000000
(-27.5991910, -4.2396257, 24.8155516,  0.0746066, -0.8614471,  0.3744265, -0.3348844)    0    0   5.00000000  0 0.200   0.00000000
(-22.7916486, -5.2111919, 30.8173157, -0.7133836,  0.5479499, -0.0968566,  0.4259736)    0    0   5.00000000  0 0.200   0.00000000
(-23.7417699,  5.7136676, 21.6056011, -0.2795447,  0.3883796, -0.4063928,  0.7783707)    0    0   5.00000000  0 0.200   0.00000000
(-19.9136816, -1.8520510, 22.4663147,  0.2768972,  0.1580653,  0.4036702, -0.8575510)    0    0   5.00000000  0 0.200   0.00000000
(-34.9731855,  0.3594508, 25.4142732, -0.8161210,  0.1378817, -0.1265432,  0.5467375)    0    0   5.00000000  0 0.200   0.00000000
(-18.0336251, -1.3796540, 25.1944473, -0.4053205, -0.0263322,  0.6432992,  0.6489900)    0    0   5.00000000  0 0.200   0.00000000
(-28.9749920, -2.9753315, 19.2064140,  0.6279021, -0.4510408, -0.4606252,  0.4360339)    0    0   5.00000000  0 0.200   0.00000000
(-20.1053360, -1.1618122, 19.9652773, -0.4045962,  0.4207478,  0.4165582,  0.6969594)    0    0   5.00000000  0 0.200   0.00000000
(-17.3407705, -3.8059457, 29.0732818, -0.3533191,  0.4653215, -0.7298358,  0.3549384)    0    0   5.00000000  0 0.200   0.00000000
