#Coordinates  RecID  LigID  Luciferin  Neighbor's number  Vision Range  Scoring
(-3.6171106, -24.7431020, 28.5471779,  0.1354782,  0.2291107, -0.1416064,  0.9534682)    0    0  25.00024758 13 0.000  17.14038264
(-13.0520810, -21.9429538, 10.7467522, -0.2467565,  0.7354589,  0.2573480,  0.5761800)    0    0  -2.97271339  0 0.400  -0.84484921
(-6.7151376, -23.7604154, 13.5035110,  0.2441378,  0.9151536, -0.2660432,  0.1791974)    0    0  -8.37923995 11 0.400  -8.83461698
(-6.7042093, -23.9442706, 13.8278336,  0.2441378,  0.9151536, -0.2660432,  0.1791974)    0    0 -12.72421951  9 0.080 -10.01772657
(-13.0106678, -21.7155942, 11.0483486, -0.2467565,  0.7354589,  0.2573481,  0.5761800)    0    0  -0.15990013  0 5.000  -0.10645231
(-13.2127004, -21.9407156, 11.2123610, -0.2467565,  0.7354590,  0.2573480,  0.5761800)    0    0  -2.04614355  0 0.560  -1.14232079
(-12.7457174, -22.2912506, 10.4478893, -0.2467565,  0.7354590,  0.2573480,  0.5761800)    0    0  -2.29202827  0 1.040  -1.89598116
(-7.8352275, -28.3191209, 18.0903410, -0.8946842, -0.2230610,  0.2843745, -0.2625168)    0    0  -2.32370458  1 0.640  -2.77694301
(-5.3414063, -24.1615366, 25.6746576,  0.1349622,  0.2197475, -0.1378497,  0.9562916)    0    0  23.83107542  9 0.760  16.25748391
(-7.1832977, -26.0335270, 27.2537221,  0.8552481,  0.1189105, -0.4616834,  0.2031242)    0    0  16.65835320  3 0.560   9.91802136
(-6.0111468, -23.8045401, 13.5458735,  0.2441378,  0.9151536, -0.2660432,  0.1791974)    0    0 -10.00080947  7 0.160  -5.67456565
(-3.2264255, -24.8637836, 28.3443087,  0.1354783,  0.2291109, -0.1416065,  0.9534681)    0    0  26.13685750  1 5.000  17.34296482
(-8.5091579, -14.3865108, 29.1707370, -0.5121363, -0.5296886, -0.3435737, -0.5823260)    0    0 -44.83792309  3 5.000 -29.99779377
(-8.5165091, -14.4832931, 29.0467200, -0.5121363, -0.5296886, -0.3435737, -0.5823260)    0    0 -45.90251982  6 2.760 -30.20542500
(-5.3115129, -24.1782523, 25.7004519,  0.1349442,  0.2194239, -0.1377198,  0.9563872)    0    0  24.43566893  1 2.600  16.40520066
(-3.1925256, -24.5766444, 28.6390459,  0.1354780,  0.2291098, -0.1416062,  0.9534684)    0    0  24.62454784  0 0.400  17.16424244
(-6.6608735, -24.3002336, 13.8062032,  0.2441378,  0.9151536, -0.2660432,  0.1791974)    0    0  -9.70538072  9 0.080  -5.77595555
(-2.8725743, -24.8445062, 28.2714375,  0.1354782,  0.2291106, -0.1416064,  0.9534682)    0    0  24.09594738 32 0.000  14.93324107
(-3.3400778, -25.0332205, 28.2893689,  0.1354782,  0.2291107, -0.1416064,  0.9534682)    0    0  24.37650065  0 0.400  17.35658172
(-3.4795781, -24.6495368, 28.6210267,  0.1354782,  0.2291107, -0.1416064,  0.9534682)    0    0  24.92522386  5 0.160  17.47260561
(-7.0347356, -23.4616831, 13.3922798,  0.2441378,  0.9151536, -0.2660432,  0.1791974)    0    0 -10.09441941  0 0.480  -8.43113044
(-6.7030715, -23.8099787, 13.5212559,  0.2441378,  0.9151536, -0.2660432,  0.1791974)    0    0  -3.72145505  0 5.000  -2.48096935
(-4.9438978, -24.3146190, 25.3244613,  0.1349620,  0.2197434, -0.1378480,  0.9562928)    0    0  23.91168650  8 0.680  15.94462371
(-2.8580157, -24.8575101, 28.2623703,  0.1354782,  0.2291107, -0.1416064,  0.9534682)    0    0  25.91180403  0 0.720  17.36078382
(-14.9556468, -23.3510415, 24.4236043, -0.1368252, -0.3327531, -0.6344426, -0.6841321)    0    0  -4.12645751  2 5.000   0.50651304
(-7.7353431, -28.5250323, 17.8968189, -0.8946842, -0.2230610,  0.2843745, -0.2625168)    0    0  -2.40762553  0 0.400  -0.43115574
(-12.9396211, -21.6405328, 11.0255545, -0.2467565,  0.7354589,  0.2573480,  0.5761800)    0    0  -4.32328284  0 0.400  -2.56939504
(-5.2708296, -24.1922394, 25.6557045,  0.1349446,  0.2194325, -0.1377232,  0.9563847)    0    0  24.11032319  5 0.600  16.30611629
(-15.0620993, -19.5196669, 24.2603596, -0.1041999,  0.8018275,  0.2902019,  0.5118574)    0    0 -19.18328119  2 5.000 -12.42277183
(-3.1097712, -25.0689500, 28.1543389,  0.1354783,  0.2291108, -0.1416065,  0.9534681)    0    0  24.17434707 26 0.000  15.25224715
(-12.7115654, -21.8654271, 10.7104920, -0.2467565,  0.7354589,  0.2573480,  0.5761800)    0    0  -4.63624658  0 0.400  -2.96904062
(-7.7624855, -28.4727413, 17.9467538, -0.8946842, -0.2230610,  0.2843745, -0.2625168)    0    0   2.18754278  4 1.080   1.60027071
(-6.8668453, -23.9299860, 13.2816958,  0.2441378,  0.9151536, -0.2660432,  0.1791974)    0    0  -7.42152582  7 0.240  -3.48139915
(-13.1508984, -21.1874588, 11.2029520, -0.2467565,  0.7354589,  0.2573481,  0.5761800)    0    0  -4.67529332  0 0.800  -3.79905735
(-7.7610616, -28.4753630, 17.9448233, -0.8946842, -0.2230610,  0.2843745, -0.2625168)    0    0   1.47395271  5 1.320   1.59060233
(-13.2721723, -21.7184407, 11.3892716, -0.2467565,  0.7354589,  0.2573481,  0.5761800)    0    0  -2.61122603  7 0.240  -1.12242562
(-6.7958640, -26.2969726, 27.3811874,  0.8552481,  0.1189105, -0.4616834,  0.2031242)    0    0  19.70217641  2 1.320  13.32695028
(-3.0510092, -24.7105529, 28.0280998,  0.1354783,  0.2291108, -0.1416065,  0.9534681)    0    0  24.04625694  0 0.400  14.92013105
(-14.7865460, -19.5958751, 24.0381375, -0.1041999,  0.8018275,  0.2902019,  0.5118574)    0    0 -19.33583577  3 5.000 -13.46809955
(-3.2589615, -24.7386375, 28.5907118,  0.1354782,  0.2291108, -0.1416065,  0.9534682)    0    0  24.63883863  9 0.000  15.20566768
(-3.3911007, -24.6728572, 28.6673876,  0.1354782,  0.2291105, -0.1416064,  0.9534682)    0    0  24.68588111  0 0.400  17.01348529
(-6.2959497, -24.3556511, 13.3678901,  0.2441378,  0.9151536, -0.2660432,  0.1791974)    0    0  -7.52700394  8 0.320  -3.31424607
(-5.1820742, -24.2452441, 25.2833991,  0.1349440,  0.2194216, -0.1377188,  0.9563879)    0    0  23.49800087 10 0.280  16.03868311
(-3.1826302, -25.0790815, 28.1068046,  0.1354783,  0.2291108, -0.1416065,  0.9534681)    0    0  24.13202160  0 0.400  15.11059214
(-6.7147556, -23.9242218, 13.5542307,  0.2441378,  0.9151536, -0.2660432,  0.1791974)    0    0  -8.00259226  8 0.320  -6.78130571
(-12.5537284, -26.0524975, 20.7795789, -0.5455657, -0.6902134,  0.3677938, -0.3011498)    0    0   2.01279257  4 4.840   0.58758648
(-13.0207448, -21.6948711, 11.0692987, -0.2467565,  0.7354589,  0.2573480,  0.5761800)    0    0  -2.49497580 10 0.320  -1.01343681
(-3.2235295, -24.8522246, 28.5654780,  0.1354781,  0.2291102, -0.1416063,  0.9534683)    0    0  23.38561174 16 0.000  15.37617174
(-6.4067853, -24.2797999, 13.7744012,  0.2441378,  0.9151536, -0.2660432,  0.1791974)    0    0  -6.36741798  8 0.360  -5.17366780
(-3.1382102, -24.5968021, 28.4053217,  0.1354782,  0.2291107, -0.1416064,  0.9534682)    0    0  23.74017414  0 0.400  15.25569341
(-5.2639875, -24.1947827, 25.6427844,  0.1349952,  0.2203389, -0.1380871,  0.9561161)    0    0  24.00330356  6 1.400  16.29360712
(-7.8395274, -28.2334090, 18.3299768, -0.8946842, -0.2230610,  0.2843745, -0.2625168)    0    0  -0.67680552  4 0.440   1.14706496
(-14.5871773, -19.6173529, 23.5289068, -0.1041999,  0.8018275,  0.2902019,  0.5118574)    0    0 -18.98220537  1 5.000 -11.89505438
(-3.3845748, -24.8364416, 28.7358546,  0.1354782,  0.2291105, -0.1416064,  0.9534682)    0    0  24.99002160 12 0.240  16.71422080
(-2.8805307, -24.9191297, 28.8776895,  0.1354781,  0.2291103, -0.1416063,  0.9534683)    0    0  24.39084481 18 0.000  16.90634698
(-4.8996761, -24.3161862, 24.9364957,  0.1349871,  0.2201945, -0.1380291,  0.9561590)    0    0  23.65590598  4 0.280  16.32908051
(-12.7733032, -25.5469575, 20.5864328, -0.5455657, -0.6902134,  0.3677938, -0.3011498)    0    0   2.47535898  3 2.520   2.42512264
(-3.2948744, -24.8340429, 28.3290663,  0.1354782,  0.2291105, -0.1416064,  0.9534682)    0    0  23.92271701  0 0.400  15.34830210
(-12.9118716, -21.9721250, 10.6642537, -0.2467565,  0.7354589,  0.2573480,  0.5761800)    0    0  -3.24858277  1 0.720  -1.75721764
(-2.9130598, -24.8734694, 28.2950606,  0.1354782,  0.2291107, -0.1416064,  0.9534682)    0    0  25.27993191 14 0.000  17.00035329
(-12.8516446, -21.7543819, 10.8795507, -0.2467565,  0.7354589,  0.2573481,  0.5761800)    0    0  -1.72509262  3 0.480  -0.93050562
(-12.9829667, -21.4464679, 10.9918339, -0.2467565,  0.7354590,  0.2573480,  0.5761800)    0    0  -4.62540421 14 0.000  -3.21186898
(-7.9912630, -28.0612481, 18.2272913, -0.8946842, -0.2230610,  0.2843745, -0.2625168)    0    0   2.52612074  1 5.000   1.79548123
(-3.6367294, -24.8571800, 28.8885899,  0.1354782,  0.2291105, -0.1416064,  0.9534682)    0    0  23.33172753  0 0.400  14.53646057
(-7.3042241, -25.9258210, 27.4558267,  0.8552481,  0.1189105, -0.4616834,  0.2031242)    0    0  17.47662925  0 0.400  11.76379989
(-8.5701251, -14.8325955, 28.5502683, -0.5121363, -0.5296886, -0.3435737, -0.5823260)    0    0 -45.43345640  4 4.680 -29.89710290
(-3.3982996, -24.7795235, 28.3598963,  0.1354783,  0.2291108, -0.1416065,  0.9534681)    0    0  25.23694987 15 0.000  17.21112060
(-7.7717504, -28.4560789, 17.9581167, -0.8946842, -0.2230610,  0.2843745, -0.2625168)    0    0   2.41751454  3 3.600   1.45335387
(-2.8973181, -25.1025434, 28.4714020,  0.1354783,  0.2291109, -0.1416065,  0.9534681)    0    0  24.61886652  1 0.480  15.44311991
(-7.8012307, -28.4003567, 18.0069929, -0.8946842, -0.2230610,  0.2843745, -0.2625168)    0    0  -3.75904738  6 0.440  -5.18057016
(-2.9753138, -25.0644964, 28.5295736,  0.1354782,  0.2291105, -0.1416064,  0.9534682)    0    0  24.03497217 29 0.000  15.23831095
(-7.6356332, -28.6416567, 17.8789699, -0.8946842, -0.2230610,  0.2843745, -0.2625168)    0    0  -1.33138383  9 0.120  -0.67563098
(-6.3948805, -24.2371153, 13.7575978,  0.2441378,  0.9151536, -0.2660432,  0.1791974)    0    0 -10.10092048  0 0.400  -5.68882208
(-3.1776400, -25.0329545, 28.1854802,  0.1354782,  0.2291107, -0.1416064,  0.9534682)    0    0  25.88760811  4 0.560  17.40116460
(-13.2642627, -21.8108026, 11.0722985, -0.2467565,  0.7354589,  0.2573480,  0.5761800)    0    0  -4.48535205  6 0.240  -5.53850086
(-1.5982237, -25.9951217, 20.1898747,  0.3586234, -0.4532570,  0.2956637,  0.7606118)    0    0   8.07162269  1 5.000   5.41390966
(-6.7680390, -26.0367278, 27.4234138,  0.8552481,  0.1189105, -0.4616834,  0.2031242)    0    0  19.18631662  4 0.320  13.04150481
(-3.4815688, -24.9246304, 28.0182705,  0.1354782,  0.2291108, -0.1416065,  0.9534682)    0    0  25.75921655  4 0.320  17.55603857
(-12.8377399, -21.4871755, 11.0071885, -0.2467565,  0.7354589,  0.2573480,  0.5761800)    0    0  -3.39258420  0 0.480  -3.40524890
(-13.4576886, -21.6622358, 11.4019255, -0.2467565,  0.7354589,  0.2573480,  0.5761800)    0    0  -4.71237218  0 0.400  -3.79046970
(-12.6719734, -21.8076019, 10.5360212, -0.2467565,  0.7354589,  0.2573481,  0.5761800)    0    0  -5.20578760  0 0.480  -5.35780662
(-1.2813641, -25.9624204, 20.1030384,  0.3586234, -0.4532570,  0.2956637,  0.7606118)    0    0   7.88884964  3 4.840   5.37748452
(-3.4413511, -24.9320017, 28.6356973,  0.1354783,  0.2291108, -0.1416065,  0.9534681)    0    0  24.91841001  0 0.400  17.16715540
(-12.7539786, -25.5828281, 20.5975205, -0.5455657, -0.6902134,  0.3677938, -0.3011498)    0    0   2.52965539  2 1.240   2.45290313
(-13.2176545, -21.6729405, 11.1275616, -0.2467565,  0.7354589,  0.2573480,  0.5761800)    0    0  -7.08788911 10 0.000  -5.45130698
(-3.2459728, -24.8572085, 28.3850386,  0.1354783,  0.2291108, -0.1416065,  0.9534681)    0    0  26.34663080  0 5.000  17.56562551
(-0.8265853, -25.9260632, 19.9858966,  0.3586234, -0.4532570,  0.2956637,  0.7606118)    0    0   7.68317759  6 4.360   5.02434365
(-12.8626732, -21.6196509, 10.9025451, -0.2467565,  0.7354589,  0.2573481,  0.5761800)    0    0  -5.11732912  7 0.240  -3.77011238
(-13.2036109, -21.7129567, 11.2333483, -0.2467565,  0.7354589,  0.2573480,  0.5761800)    0    0  -1.06759098  4 0.720  -0.24031542
(-12.4401892, -25.9100033, 21.0148602, -0.5455657, -0.6902134,  0.3677938, -0.3011498)    0    0  -1.84948232  0 0.640  -2.27155072
(-12.6244870, -21.9104625, 10.6633503, -0.2467565,  0.7354590,  0.2573480,  0.5761800)    0    0  -2.66516897  1 0.720  -1.17078503
(-12.8304708, -21.5469474, 10.8221198, -0.2467565,  0.7354589,  0.2573481,  0.5761800)    0    0  -4.91775882  0 0.400  -3.46474801
(-12.9180073, -21.6969837, 10.9612460, -0.2467565,  0.7354589,  0.2573481,  0.5761800)    0    0  -2.49930041  5 0.400  -1.42280026
(-3.2093795, -25.0276498, 28.6215524,  0.1354783,  0.2291108, -0.1416065,  0.9534681)    0    0  25.39363346  0 0.400  16.96108753
(-4.6867917, -24.3675895, 25.4363757,  0.1349790,  0.2200476, -0.1379702,  0.9562029)    0    0  22.39787859  5 0.600  15.71833861
(-6.2936253, -23.6702826, 13.6455639,  0.2441378,  0.9151536, -0.2660432,  0.1791974)    0    0  -9.34142440 11 0.000  -6.92061329
(-3.4365668, -25.0236585, 28.5949000,  0.1354782,  0.2291104, -0.1416063,  0.9534683)    0    0  23.74912312 22 0.000  15.36566945
(-6.9125756, -26.0139616, 27.2070647,  0.8552481,  0.1189105, -0.4616834,  0.2031242)    0    0  17.78083891  6 0.320  12.25308996
(-12.8812347, -22.1185855, 10.9855603, -0.2467565,  0.7354590,  0.2573480,  0.5761800)    0    0  -4.59492016 18 0.000  -3.28330606
(-3.2242005, -24.7017245, 28.4688842,  0.1354782,  0.2291106, -0.1416064,  0.9534682)    0    0  25.18228327  6 0.320  16.98204101
(-13.0507843, -21.8341297, 11.1452033, -0.2467565,  0.7354589,  0.2573480,  0.5761800)    0    0  -5.54025548  1 0.400  -3.46490523
(-12.8128741, -21.7218148, 10.8586444, -0.2467565,  0.7354589,  0.2573481,  0.5761800)    0    0  -1.03707713  3 1.440  -0.84094904
(-7.0286429, -26.0058025, 27.2883669,  0.8552481,  0.1189105, -0.4616834,  0.2031242)    0    0  20.15628684  0 5.000  13.43752457
(-12.4260032, -21.5874247, 11.1458610, -0.2467565,  0.7354589,  0.2573480,  0.5761800)    0    0  -4.45747709 10 0.000  -3.09311011
(-4.9131212, -24.3152825, 25.2617321,  0.1349425,  0.2193944, -0.1377079,  0.9563959)    0    0  24.31202875  2 1.000  16.63061484
(-8.5476862, -14.5788889, 28.8855565, -0.5121363, -0.5296886, -0.3435737, -0.5823260)    0    0 -43.79277848  0 5.000 -29.19518524
(-6.7684191, -26.3534523, 27.3701574,  0.8552481,  0.1189105, -0.4616834,  0.2031242)    0    0  19.92079686  1 5.000  13.52217123
(-12.9083871, -21.6982386, 10.9720833, -0.2467565,  0.7354589,  0.2573480,  0.5761800)    0    0  -4.61794252  5 0.400  -3.16451451
(-2.9909998, -24.9852233, 28.6672358,  0.1354780,  0.2291097, -0.1416061,  0.9534685)    0    0  23.80465695  0 0.400  16.90705534
(-3.1354145, -24.9076325, 28.2824800,  0.1354783,  0.2291108, -0.1416065,  0.9534681)    0    0  25.75282726  8 0.560  16.98256859
(-3.2034339, -24.8631048, 28.3077007,  0.1354782,  0.2291107, -0.1416064,  0.9534682)    0    0  25.18135684 14 0.000  17.28584013
(-13.1167049, -21.9485157, 11.1534913, -0.2467565,  0.7354589,  0.2573481,  0.5761800)    0    0  -1.72859809  6 0.480  -1.26795287
(-13.4037621, -21.9312709, 11.3577917, -0.2467565,  0.7354589,  0.2573480,  0.5761800)    0    0  -5.53892588  1 0.640  -6.05371979
(-8.5634886, -14.6496800, 28.7792485, -0.5121363, -0.5296886, -0.3435737, -0.5823260)    0    0 -44.75819418  2 5.000 -29.82184953
(-6.5485683, -24.1668564, 13.6846751,  0.2441378,  0.9151536, -0.2660432,  0.1791974)    0    0  -3.96290345  1 5.000  -2.34545102
(-3.0388667, -24.8923228, 28.2784600,  0.1354782,  0.2291106, -0.1416064,  0.9534682)    0    0  23.45059764 33 0.000  14.91853055
(-6.6868407, -26.6332402, 27.4555729,  0.8552481,  0.1189105, -0.4616834,  0.2031242)    0    0  19.28315985  7 0.480  13.05910570
(-6.6403005, -26.5486337, 27.4311944,  0.8552481,  0.1189105, -0.4616834,  0.2031242)    0    0  19.20495452  8 0.160  13.13242436
(-8.6113695, -14.3358798, 29.0799434, -0.5121363, -0.5296886, -0.3435737, -0.5823260)    0    0 -46.43512775  3 0.680 -31.21703314
(-6.9105249, -26.1899471, 27.3100912,  0.8552481,  0.1189105, -0.4616834,  0.2031242)    0    0  18.93255134  5 0.640  12.69865814
(-6.8204899, -23.9375705, 13.5083940,  0.2441378,  0.9151536, -0.2660432,  0.1791974)    0    0  -5.95681644  5 0.640  -3.26309300
(-4.9588929, -24.3186368, 25.4457652,  0.1349605,  0.2197158, -0.1378369,  0.9563010)    0    0  24.15087887  4 0.680  16.47486299
(-7.9935798, -28.0571119, 18.2304901, -0.8946842, -0.2230610,  0.2843745, -0.2625168)    0    0   2.52479762  2 5.000   1.79073619
(-8.5579260, -14.5277641, 28.9318860, -0.5121363, -0.5296886, -0.3435737, -0.5823260)    0    0 -46.25693838  7 4.760 -31.85210620
(-6.2991140, -23.9780284, 13.6180369,  0.2441378,  0.9151536, -0.2660432,  0.1791974)    0    0  -8.64508216  6 0.320  -5.87185809
(-3.5104375, -24.7660856, 28.9005623,  0.1354782,  0.2291105, -0.1416064,  0.9534682)    0    0  24.93541435 15 0.000  17.09093960
(-3.1966890, -24.6660134, 28.4988319,  0.1354783,  0.2291108, -0.1416065,  0.9534681)    0    0  25.77769560  6 1.040  17.04460722
(-13.1939542, -21.6890599, 11.2320642, -0.2467565,  0.7354589,  0.2573481,  0.5761800)    0    0  -0.98071100  2 2.440  -0.49456249
(-6.2582406, -24.0517063, 13.9088557,  0.2441378,  0.9151536, -0.2660432,  0.1791974)    0    0 -11.07121746  9 0.080  -8.02933836
(-3.2641679, -24.8149529, 28.4795878,  0.1354782,  0.2291105, -0.1416064,  0.9534682)    0    0  23.56668887 13 0.000  15.26818612
(-3.1670238, -25.0419462, 28.9568655,  0.1354782,  0.2291106, -0.1416064,  0.9534682)    0    0  25.12607949  7 0.240  16.89515887
(-6.8898905, -26.3458688, 27.4904059,  0.8552481,  0.1189105, -0.4616834,  0.2031242)    0    0  18.82794894  6 0.520  12.74441591
(-1.1154568, -25.9585270, 20.0669401,  0.3586234, -0.4532570,  0.2956637,  0.7606118)    0    0   8.04086679  2 5.000   5.32816705
(-12.6446044, -25.8125896, 20.7001724, -0.5455657, -0.6902134,  0.3677938, -0.3011498)    0    0  -2.33623854 10 2.520  -3.96329418
(-1.1419825, -25.9546803, 20.0695464,  0.3586234, -0.4532570,  0.2956637,  0.7606118)    0    0   6.95960039  7 4.520   5.22194330
(-6.7722011, -23.8853979, 13.5171002,  0.2441378,  0.9151536, -0.2660432,  0.1791974)    0    0  -6.23174367  5 0.400  -3.69026139
(-6.8338392, -24.0307906, 13.5438514,  0.2441378,  0.9151536, -0.2660432,  0.1791974)    0    0  -8.29973721  9 0.080  -2.70837487
(-12.6210116, -25.8950446, 20.7188233, -0.5455657, -0.6902134,  0.3677938, -0.3011498)    0    0   3.57951708  0 5.000   2.38634472
(-7.9716668, -28.0963150, 18.2042738, -0.8946842, -0.2230610,  0.2843745, -0.2625168)    0    0   1.15071528  6 0.760  -0.34312673
(-7.7856214, -28.4311317, 17.9751477, -0.8946842, -0.2230610,  0.2843745, -0.2625168)    0    0   2.68853634  0 5.000   1.79235756
(-6.6312961, -23.2950594, 13.3132479,  0.2441378,  0.9151536, -0.2660432,  0.1791974)    0    0  -9.26579645 11 0.000  -6.14452837
(-1.5672093, -25.9927708, 20.1819770,  0.3586234, -0.4532570,  0.2956637,  0.7606118)    0    0   8.25319217  0 5.000   5.50214506
(-6.4180953, -23.8661885, 13.3688109,  0.2441378,  0.9151536, -0.2660432,  0.1791974)    0    0  -6.33991200  2 0.640  -3.42294803
(-6.5251364, -24.2234246, 13.7101464,  0.2441378,  0.9151536, -0.2660432,  0.1791974)    0    0  -4.86881007  3 3.120  -2.33452969
(-3.4290889, -24.5150266, 28.5609900,  0.1354782,  0.2291105, -0.1416064,  0.9534682)    0    0  25.31494447  9 0.080  17.39112128
(-4.9165645, -24.4656745, 25.8167222,  0.1349611,  0.2197278, -0.1378418,  0.9562974)    0    0  24.16219539  3 1.480  16.69631662
(-12.5229454, -25.9967073, 20.7865329, -0.5455657, -0.6902134,  0.3677938, -0.3011498)    0    0   1.28263443  4 0.520   1.31018525
(-5.2426718, -24.2019296, 25.6246941,  0.1349443,  0.2194259, -0.1377205,  0.9563866)    0    0  24.45777010  0 1.720  16.61318155
(-7.0022544, -23.7449919, 13.3925597,  0.2441378,  0.9151536, -0.2660432,  0.1791974)    0    0  -8.49806798 10 0.000  -5.46285555
(-14.7652774, -23.2073910, 24.4501823, -0.1368252, -0.3327531, -0.6344426, -0.6841321)    0    0  -2.94082810  0 5.000   0.84722986
(-12.7556289, -25.5883740, 20.5989079, -0.5455657, -0.6902134,  0.3677938, -0.3011498)    0    0   2.65203488  1 5.000   2.50201139
(-3.2833822, -24.8636785, 28.4048682,  0.1354783,  0.2291108, -0.1416065,  0.9534681)    0    0  25.66810988  2 0.480  17.06789776
(-8.5196539, -14.5623682, 28.9342968, -0.5121363, -0.5296886, -0.3435737, -0.5823260)    0    0 -45.90201744  5 4.120 -31.14330629
(-6.7625583, -23.5831251, 13.5618274,  0.2441378,  0.9151536, -0.2660432,  0.1791974)    0    0  -9.56919233  8 0.160  -8.91030277
(-12.9922805, -21.6127900, 11.0803924, -0.2467565,  0.7354589,  0.2573480,  0.5761800)    0    0  -3.96577283  0 0.400  -2.99773448
(-2.9740425, -25.1321675, 28.1861920,  0.1354781,  0.2291103, -0.1416063,  0.9534683)    0    0  24.26706182  0 0.400  17.01652509
(-6.4367578, -23.4484050, 13.5205980,  0.2441378,  0.9151536, -0.2660432,  0.1791974)    0    0  -6.11533202  0 0.640  -3.24046577
(-3.4679187, -24.7825528, 28.8474983,  0.1354783,  0.2291109, -0.1416065,  0.9534681)    0    0  26.07953225  3 1.280  17.58361092
(-6.7981383, -26.3883472, 27.3459112,  0.8552481,  0.1189105, -0.4616834,  0.2031242)    0    0  19.46985453  3 0.560  13.51824383
(-3.4477807, -24.7854666, 28.8148531,  0.1354783,  0.2291108, -0.1416065,  0.9534681)    0    0  26.11220341  2 2.000  17.51696475
(-14.4703559, -23.1511277, 24.3944948, -0.1368252, -0.3327531, -0.6344426, -0.6841321)    0    0  -3.90784016  1 5.000  -1.75821107
(-12.7693697, -21.7504846, 10.8064870, -0.2467565,  0.7354589,  0.2573481,  0.5761800)    0    0  -0.74491249  1 5.000  -0.52018019
(-6.7361361, -23.6538788, 13.5643731,  0.2441378,  0.9151536, -0.2660432,  0.1791974)    0    0  -7.90131681  0 0.400  -4.32632901
(-12.9380512, -21.7876328, 10.9703613, -0.2467565,  0.7354589,  0.2573481,  0.5761800)    0    0  -2.81819766 14 0.560  -3.43785099
(-7.0371909, -25.9863742, 27.2851683,  0.8552481,  0.1189105, -0.4616834,  0.2031242)    0    0  19.50893145  5 5.000  12.74193559
(-12.9949679, -21.8308962, 10.8268656, -0.2467565,  0.7354589,  0.2573481,  0.5761800)    0    0  -2.43256644  4 0.640  -2.63471919
(-7.7847028, -28.4313918, 17.9784131, -0.8946842, -0.2230610,  0.2843745, -0.2625168)    0    0  -2.63224320 11 0.160  -4.83652781
(-13.4096864, -21.8579686, 11.1690205, -0.2467565,  0.7354589,  0.2573480,  0.5761800)    0    0  -4.76307657 17 0.000  -3.22638613
(-8.1027349, -27.9192211, 18.1828692, -0.8946842, -0.2230610,  0.2843745, -0.2625168)    0    0  -0.26031973  4 0.880  -1.41649340
(-6.6877880, -23.9177225, 13.6546050,  0.2441378,  0.9151536, -0.2660432,  0.1791974)    0    0  -6.51168048  5 0.680  -4.11331833
(-6.6378933, -23.6969496, 13.5623975,  0.2441378,  0.9151536, -0.2660432,  0.1791974)    0    0  -8.70751242  1 0.720  -5.60891181
(-14.6103984, -23.1818510, 24.4186037, -0.1368252, -0.3327531, -0.6344426, -0.6841321)    0    0  -6.95281201  3 5.000  -3.75163365
(-3.1861345, -24.8765072, 28.3156121,  0.1354782,  0.2291106, -0.1416064,  0.9534682)    0    0  25.52524321  3 0.400  16.84525051
(-13.0937194, -21.5474063, 11.1997755, -0.2467565,  0.7354589,  0.2573480,  0.5761800)    0    0  -3.50832403  3 0.480  -1.38657486
(-12.3847377, -26.0496388, 20.8961994, -0.5455657, -0.6902134,  0.3677938, -0.3011498)    0    0  -2.35265369  0 0.440  -3.74197728
(-7.0723400, -25.9464525, 27.2747898,  0.8552481,  0.1189105, -0.4616834,  0.2031242)    0    0  19.56112498  3 5.000  12.83532270
(-12.6034682, -26.1332466, 20.7460238, -0.5455657, -0.6902134,  0.3677938, -0.3011498)    0    0   0.67026908  6 0.360  -0.35804182
(-1.5446463, -25.9991239, 20.1819421,  0.3586234, -0.4532570,  0.2956637,  0.7606118)    0    0   7.71914615  5 4.360   5.11274816
(-3.1633822, -25.1735435, 28.5819106,  0.1354782,  0.2291107, -0.1416064,  0.9534682)    0    0  24.94283603 16 0.000  17.14401541
(-7.0924354, -25.9207903, 27.2674923,  0.8552481,  0.1189105, -0.4616834,  0.2031242)    0    0  19.55251255  4 4.520  12.77892889
(-12.8749136, -21.9423537, 10.4671836, -0.2467565,  0.7354590,  0.2573480,  0.5761800)    0    0  -3.34260713  4 0.480  -1.35610180
(-1.3963042, -25.9797762, 20.1384286,  0.3586234, -0.4532570,  0.2956637,  0.7606118)    0    0   7.88690107  4 1.640   5.18503891
(-7.3051154, -25.7540904, 27.3439135,  0.8552481,  0.1189105, -0.4616834,  0.2031242)    0    0  18.54665411 10 0.000  12.65700670
(-12.8178425, -21.4837645, 11.0783805, -0.2467565,  0.7354589,  0.2573480,  0.5761800)    0    0  -3.46102612  0 0.400  -3.33891010
(-12.7952933, -21.8129818, 11.0185454, -0.2467565,  0.7354589,  0.2573480,  0.5761800)    0    0  -5.77607395  0 0.400  -2.84276006
(-13.0532514, -25.2255712, 20.3958677, -0.5455657, -0.6902134,  0.3677938, -0.3011498)    0    0   0.37464817  2 0.520   0.58473463
(-3.2914871, -24.4526950, 28.4732793,  0.1354781,  0.2291101, -0.1416062,  0.9534684)    0    0  23.50026850  0 0.400  14.57082986
(-6.5817199, -23.9508918, 13.5148289,  0.2441378,  0.9151536, -0.2660432,  0.1791974)    0    0 -11.91765813 13 0.000  -9.02870552
(-3.3793082, -25.0683813, 28.2175522,  0.1354781,  0.2291101, -0.1416062,  0.9534684)    0    0  25.55059345  0 0.400  17.34010900
(-4.9378885, -24.3070170, 25.3067567,  0.1349618,  0.2197401, -0.1378467,  0.9562938)    0    0  23.93470038  7 1.720  15.68671233
(-3.3283913, -24.9840244, 28.6261854,  0.1354782,  0.2291107, -0.1416064,  0.9534682)    0    0  24.79314368  5 0.240  16.80197240
(-12.5529699, -21.9413960, 11.0563144, -0.2467565,  0.7354589,  0.2573480,  0.5761800)    0    0  -3.86695644  0 0.560  -3.01231269
(-12.5776471, -25.9936675, 20.7577335, -0.5455657, -0.6902134,  0.3677938, -0.3011498)    0    0   1.94068656  5 5.000   0.60763213
(-7.0031853, -26.0337418, 27.2429566,  0.8552481,  0.1189105, -0.4616834,  0.2031242)    0    0  18.56276309  1 0.640  11.97302542
(-6.7788530, -24.2284611, 13.5457507,  0.2441378,  0.9151536, -0.2660432,  0.1791974)    0    0  -5.73984239  3 0.560  -2.28064741
(-12.6142455, -25.4663947, 20.8684807, -0.5455657, -0.6902134,  0.3677938, -0.3011498)    0    0  -5.47882344  8 0.280  -4.45555678
(-8.5639935, -14.6539034, 28.7728023, -0.5121363, -0.5296886, -0.3435737, -0.5823260)    0    0 -44.69554030  1 5.000 -29.76671319
(-6.7296223, -23.7486506, 13.4931729,  0.2441378,  0.9151536, -0.2660432,  0.1791974)    0    0  -4.29720288  2 5.000  -3.16488611
(-7.6452529, -28.3771103, 18.2899684, -0.8946842, -0.2230610,  0.2843745, -0.2625168)    0    0  -0.06580315  3 0.520   1.21938150
(-14.7787935, -19.5898223, 23.9470332, -0.1041999,  0.8018275,  0.2902019,  0.5118574)    0    0 -18.30970521  0 5.000 -12.20646721
