#Coordinates  RecID  LigID  Luciferin  Neighbor's number  Vision Range  Scoring
(10.8485628, -20.5960918, 36.2634413, -0.6035569,  0.0873467, -0.7169531,  0.3377395)    0    0  22.87137288  0 0.400  15.29640988
(11.0095421, -21.1005568, 36.0892074, -0.6074872,  0.0878763, -0.7169986,  0.3302704)    0    0  20.20210699  2 0.480  14.89934510
(12.6245525, -20.6603864, 34.1432633, -0.8748821, -0.2635955,  0.3505283,  0.2054962)    0    0  23.89664312  4 0.560  15.99463570
( 9.9148354, -16.9602403, 36.2147932,  0.1276279, -0.2704307,  0.5742091,  0.7621432)    0    0  26.01006439  1 1.280  17.53567980
( 9.7415269, -17.7121833, 35.9008162,  0.1275988, -0.2703689,  0.5736682,  0.7625767)    0    0  25.41698555  0 0.400  16.80403367
( 7.0003286, -24.1898009, 33.0434010, -0.7415465, -0.3735772,  0.5118492,  0.2203616)    0    0  23.01257595  0 0.400  15.48578545
( 9.6537697, -17.1585748, 35.7448229,  0.1275296, -0.2702227,  0.5723888,  0.7636013)    0    0  25.13407076  0 0.400  16.42820749
( 7.2500106, -23.9877525, 32.9197102, -0.7415465, -0.3735772,  0.5118492,  0.2203616)    0    0  23.90614569 11 0.160  15.99035403
( 9.8505507, -17.5600151, 35.6918235,  0.1275958, -0.2703630,  0.5736151,  0.7626198)    0    0  25.57635096 20 0.000  17.05087732
( 9.7795556, -17.0720246, 35.8895488,  0.1276348, -0.2704443,  0.5743309,  0.7620454)    0    0  25.50647926 18 0.000  17.13400662
(13.0328424, -20.8254677, 34.4030449, -0.8748821, -0.2635955,  0.3505283,  0.2054962)    0    0  23.82880719  6 0.800  15.85830651
( 9.7615673, -17.5242134, 35.8677620,  0.1275488, -0.2702625,  0.5727403,  0.7633185)    0    0  25.72655134  6 0.560  17.07615519
(10.9515171, -20.6210474, 36.1845694, -0.6035577,  0.0873465, -0.7169502,  0.3377442)    0    0  23.23503638  1 1.200  15.59553214
( 9.8303362, -17.4040607, 35.8970664,  0.1275256, -0.2702134,  0.5723087,  0.7636652)    0    0  25.41141789  7 0.240  16.91264139
( 9.7418517, -17.6046023, 36.0331379,  0.1275413, -0.2702460,  0.5725947,  0.7634367)    0    0  25.09182375 21 0.000  16.66856796
(10.0406249, -17.0532091, 35.7816579,  0.1275763, -0.2703217,  0.5732544,  0.7629082)    0    0  25.45116681  0 0.400  16.84471588
( 9.8451203, -17.1380377, 35.9789619,  0.1275842, -0.2703372,  0.5733919,  0.7627982)    0    0  25.51961301 15 0.000  17.11778485
( 7.2551330, -23.7332795, 33.0393733, -0.7415465, -0.3735772,  0.5118492,  0.2203616)    0    0  22.42666829  0 0.400  16.09628240
(19.7297963, -19.4824728, 31.2303280, -0.2221015, -0.3209897,  0.5055750, -0.7694352)    0    0  16.32101254  1 5.000  10.89257411
(15.2544140, -19.4945210, 27.6278185,  0.1408823, -0.1055963,  0.5649892,  0.8060948)    0    0  16.00503737 18 0.000  10.49136601
(11.1153620, -20.3712737, 35.9682233, -0.6035581,  0.0873470, -0.7169522,  0.3377390)    0    0  22.73995533 16 0.000  15.03363479
(11.0941536, -20.1756210, 35.9378900, -0.6035576,  0.0873463, -0.7169504,  0.3377441)    0    0  22.82705488 11 0.000  15.07597813
( 9.8264522, -17.2093466, 36.1543132,  0.1275842, -0.2703380,  0.5733972,  0.7627943)    0    0  25.72149643  5 0.400  17.18602079
( 7.3002742, -23.7588579, 32.9285659, -0.7415465, -0.3735772,  0.5118492,  0.2203616)    0    0  23.94528880  9 0.240  16.16582379
(10.3342923, -20.9520539, 22.9037682,  0.3446547,  0.6021211,  0.1929345, -0.6938586)    0    0   5.57354877  3 5.000   4.27346335
( 9.6991876, -17.4210270, 35.8004334,  0.1275712, -0.2703102,  0.5731543,  0.7629889)    0    0  25.52679749 14 0.000  17.20858516
(10.0420874, -17.6015335, 36.0075871,  0.1275686, -0.2703048,  0.5731066,  0.7630271)    0    0  25.16289424  0 0.400  16.82243500
(10.1606192, -17.0223632, 36.0071013,  0.1275615, -0.2702880,  0.5729631,  0.7631419)    0    0  25.40913990 32 0.000  17.11353729
(14.9550389, -19.4340437, 27.9030437,  0.1408823, -0.1055963,  0.5649892,  0.8060948)    0    0  17.33330797  2 0.400  10.68005639
( 9.6330301, -17.5446989, 35.9548500,  0.1275204, -0.2702022,  0.5722116,  0.7637429)    0    0  25.57284823 21 0.000  17.00224594
(15.1627978, -19.4041134, 27.6303616,  0.1408823, -0.1055963,  0.5649892,  0.8060948)    0    0  17.69628914  2 0.720  10.60117159
( 9.8096479, -17.4957627, 35.7571773,  0.1275812, -0.2703318,  0.5733433,  0.7628370)    0    0  25.28024312 17 0.000  16.96175297
( 9.4379389, -17.3971413, 35.7025455,  0.1276008, -0.2703733,  0.5737056,  0.7625471)    0    0  25.19603582 46 0.000  16.70797597
( 9.9334828, -16.7503080, 36.2477850,  0.1276218, -0.2704170,  0.5740911,  0.7622379)    0    0  25.39239316  0 0.400  17.05662237
( 7.2639642, -23.9997942, 32.8739046, -0.7415465, -0.3735772,  0.5118492,  0.2203616)    0    0  24.26206638  3 5.000  16.12238577
( 9.8101517, -17.4281765, 35.9796534,  0.1275686, -0.2703054,  0.5731132,  0.7630202)    0    0  25.67378320  0 0.400  17.37196849
( 9.7656607, -17.1383480, 36.3714751,  0.1276097, -0.2703921,  0.5738706,  0.7624148)    0    0  25.61262256  0 0.400  17.21149731
( 7.2326907, -23.9714223, 32.9563846, -0.7415465, -0.3735772,  0.5118492,  0.2203616)    0    0  24.13984974  6 0.480  16.08279919
( 9.8518025, -17.3291933, 35.8456541,  0.1275559, -0.2702774,  0.5728717,  0.7632129)    0    0  25.63275092  0 0.400  17.15230350
(13.0654532, -20.4454194, 34.5214262, -0.8748821, -0.2635955,  0.3505283,  0.2054962)    0    0  23.77898662  5 0.720  15.74706990
(15.1183825, -19.4189464, 27.3612829,  0.1408823, -0.1055963,  0.5649892,  0.8060948)    0    0  18.72665824  0 0.400  13.12463881
( 9.7822960, -17.7999863, 35.9326494,  0.1275873, -0.2703449,  0.5734568,  0.7627466)    0    0  25.28992672  0 0.400  16.75846977
( 7.1568211, -23.8222567, 33.7105303, -0.7415465, -0.3735772,  0.5118492,  0.2203616)    0    0  23.62848572 13 0.000  16.10492848
(15.2121580, -19.5036672, 27.5991300,  0.1408823, -0.1055963,  0.5649892,  0.8060948)    0    0  17.63552085 12 0.240  10.32963056
( 7.0648788, -23.9257858, 33.3222131, -0.7415465, -0.3735772,  0.5118492,  0.2203616)    0    0  24.21700639  5 0.640  16.18946102
(15.2859611, -19.3718176, 27.4416860,  0.1408823, -0.1055963,  0.5649892,  0.8060948)    0    0  17.98081384  0 0.400  12.80696555
(13.1158320, -20.5525455, 34.5704953, -0.8748821, -0.2635955,  0.3505283,  0.2054962)    0    0  23.61864853  5 0.360  15.58152904
(15.5034831, -19.6128190, 27.9077629,  0.1408823, -0.1055963,  0.5649892,  0.8060948)    0    0  18.08711884  0 0.400  12.42964395
( 9.8303506, -17.7859368, 35.8155512,  0.1275534, -0.2702726,  0.5728250,  0.7632525)    0    0  25.54536505 19 0.000  17.04740950
(15.2308658, -19.7946510, 27.5461137,  0.1408823, -0.1055963,  0.5649892,  0.8060948)    0    0  17.36471488  0 0.560  10.80788841
(10.0880660, -17.5652243, 35.7054093,  0.1274778, -0.2701118,  0.5714279,  0.7643657)    0    0  25.29164988  0 0.400  16.92150533
(13.3820044, -20.1832627, 34.8370863, -0.8748821, -0.2635955,  0.3505283,  0.2054962)    0    0  24.02758452  2 2.640  16.08501814
(10.0110829, -16.9740343, 35.8659900,  0.1275757, -0.2703202,  0.5732409,  0.7629195)    0    0  25.33683494  0 0.400  17.08245256
( 7.2006148, -23.9775923, 32.9605295, -0.7415465, -0.3735772,  0.5118492,  0.2203616)    0    0  22.76945759  5 0.480  13.87021916
( 9.8355413, -17.3925723, 35.9197700,  0.1276046, -0.2703810,  0.5737744,  0.7624917)    0    0  25.76362273  4 1.360  16.99953681
(10.0159939, -17.3114270, 35.7066560,  0.1275401, -0.2702445,  0.5725794,  0.7634489)    0    0  25.08455063  0 0.400  16.70906137
(15.3023305, -19.3541965, 27.5603600,  0.1408823, -0.1055963,  0.5649892,  0.8060948)    0    0  18.27621725  0 0.400  12.70784085
( 7.1043790, -23.8622487, 33.3970423, -0.7415465, -0.3735772,  0.5118492,  0.2203616)    0    0  24.28719344  2 4.400  16.23277075
( 9.9983465, -17.1520011, 36.0150768,  0.1275619, -0.2702893,  0.5729741,  0.7631329)    0    0  25.30356307  0 0.400  17.12263624
( 9.8923996, -17.4055572, 35.8819911,  0.1275877, -0.2703451,  0.5734611,  0.7627424)    0    0  25.30938558 15 0.000  16.75915812
( 9.8555768, -17.3511839, 35.9179859,  0.1275610, -0.2702884,  0.5729638,  0.7631414)    0    0  25.66809905 10 0.400  17.18462385
(10.1049702, -17.1125372, 35.8330871,  0.1275797, -0.2703282,  0.5733129,  0.7628614)    0    0  25.47887170 22 0.000  16.95290303
( 9.7582509, -17.4015458, 35.9199004,  0.1275320, -0.2702270,  0.5724278,  0.7635701)    0    0  25.42163949 35 0.000  17.00278414
( 7.3381290, -23.7282587, 33.1861643, -0.7415465, -0.3735772,  0.5118492,  0.2203616)    0    0  22.14231902  8 0.160  14.12629951
(11.0838164, -20.2616108, 35.9359869, -0.6035577,  0.0873465, -0.7169502,  0.3377442)    0    0  22.84969931  6 0.400  15.23417607
(15.2342879, -19.6045539, 27.8292064,  0.1408823, -0.1055963,  0.5649892,  0.8060948)    0    0  18.81438325  4 0.640  12.61511827
(11.0506052, -20.1362797, 36.0314226, -0.6035591,  0.0873453, -0.7169499,  0.3377426)    0    0  22.85172633  7 0.240  15.27821156
(15.4278549, -19.3477471, 27.5446177,  0.1408823, -0.1055963,  0.5649892,  0.8060948)    0    0  18.69387846  6 0.160  12.81782796
(13.1120204, -20.5674872, 34.5211007, -0.8743527, -0.2638394,  0.3510931,  0.2064656)    0    0  22.59274201 11 0.160  15.76461391
(15.2856758, -19.6873662, 27.8752030,  0.1408823, -0.1055963,  0.5649892,  0.8060948)    0    0  17.36900949  0 0.400  10.81419629
(13.1023830, -26.9755730, 35.4897897, -0.5713909,  0.1172067, -0.8089145, -0.0737040)    0    0  13.59671431  1 5.000   9.11117261
(13.0848155, -20.1321277, 34.6266323, -0.8748821, -0.2635955,  0.3505283,  0.2054962)    0    0  24.06472257  1 2.320  16.11967591
( 9.8738791, -17.6639225, 35.7320582,  0.1275685, -0.2703046,  0.5731056,  0.7630275)    0    0  23.20474971  8 0.320  13.34504984
(13.1687043, -20.5277339, 34.5890810, -0.8748821, -0.2635955,  0.3505283,  0.2054962)    0    0  23.78393191  6 0.520  15.89750263
(15.0899633, -19.3017201, 27.4528843,  0.1408823, -0.1055963,  0.5649892,  0.8060948)    0    0  16.71063331 10 0.000  10.62953234
(13.0705194, -20.4119147, 34.5411806, -0.8748821, -0.2635955,  0.3505283,  0.2054962)    0    0  23.98094360  3 2.240  15.94139837
(19.7244016, -19.4941137, 31.2443709, -0.2221015, -0.3209897,  0.5055750, -0.7694352)    0    0  16.00311661  7 0.360  11.00639690
(11.1985828, -20.0393175, 35.8006453, -0.6035572,  0.0873457, -0.7169508,  0.3377439)    0    0  22.84645618 14 0.000  15.29895753
( 9.8889963, -16.9761349, 36.3564340,  0.1276062, -0.2703847,  0.5738058,  0.7624668)    0    0  25.21968769 11 0.000  16.79469130
(15.1101761, -19.3762111, 27.2946284,  0.1408823, -0.1055963,  0.5649892,  0.8060948)    0    0  17.34063909 14 0.000  10.89549784
(10.8409748, -19.9750053, 36.1191016, -0.6035578,  0.0873467, -0.7169500,  0.3377443)    0    0  23.20960566  2 4.000  15.50280145
(15.0882841, -19.4071342, 27.3106455,  0.1408823, -0.1055963,  0.5649892,  0.8060948)    0    0  19.68668001  1 5.000  13.09218937
( 9.7375777, -17.2282127, 35.7356710,  0.1275964, -0.2703631,  0.5736186,  0.7626168)    0    0  25.15340059 12 0.000  16.76238274
(12.5702376, -19.6265939, 35.0902300, -0.1748763, -0.3147993,  0.5999142,  0.7144387)    0    0   1.79304626  0 1.200   1.33369350
(10.1813596, -17.4649453, 35.6943603,  0.1275423, -0.2702489,  0.5726186,  0.7634176)    0    0  25.47634982 21 0.000  17.23682181
(19.7227864, -19.4537347, 31.2055797, -0.2221015, -0.3209897,  0.5055750, -0.7694352)    0    0  15.99831942  9 0.920  10.54797173
( 9.9004092, -17.3647223, 35.7767629,  0.1275543, -0.2702749,  0.5728454,  0.7632355)    0    0  25.29860144  0 0.400  17.23250063
( 7.2186423, -23.8914164, 33.2018575, -0.7415465, -0.3735772,  0.5118492,  0.2203616)    0    0  24.05043914  7 0.560  16.10236328
(13.0448130, -20.5434515, 34.4844339, -0.8748821, -0.2635955,  0.3505283,  0.2054962)    0    0  23.83812969  2 0.640  15.93515893
(11.0900486, -20.1891322, 35.9642972, -0.6035576,  0.0873464, -0.7169502,  0.3377441)    0    0  23.09345475  3 1.360  15.24852055
(11.1067295, -20.1351410, 35.9391318, -0.6035577,  0.0873465, -0.7169502,  0.3377442)    0    0  23.06326777  7 1.840  15.26296514
(12.6923652, -27.1073310, 35.5745749, -0.5713909,  0.1172067, -0.8089145, -0.0737040)    0    0  13.49352745  2 5.000   8.93554869
(15.1044445, -19.4215718, 27.3530969,  0.1408823, -0.1055963,  0.5649892,  0.8060948)    0    0  19.78590805  0 5.000  13.19060536
(19.6382706, -19.1086748, 30.9085805, -0.2221015, -0.3209897,  0.5055750, -0.7694352)    0    0  16.30825301  2 5.000  10.86075710
( 9.8635359, -17.2553322, 35.7162152,  0.1275624, -0.2702916,  0.5729912,  0.7631195)    0    0  25.47301373 23 0.000  16.94867351
(15.2013463, -19.3912875, 27.4906795,  0.1408823, -0.1055963,  0.5649892,  0.8060948)    0    0  18.84275499  4 0.560  12.84676899
(11.0155950, -20.4413956, 36.0875843, -0.6035578,  0.0873466, -0.7169501,  0.3377442)    0    0  23.06572344  5 4.720  15.22574119
(11.1592772, -19.8322556, 35.8396857, -0.6036792,  0.0873208, -0.7168886,  0.3376644)    0    0  22.81823223  1 0.560  15.06426577
( 7.2123453, -23.5690521, 33.4090413, -0.7415465, -0.3735772,  0.5118492,  0.2203616)    0    0  23.64513934  0 0.480  15.68967572
( 9.5910045, -17.6932110, 35.8842215,  0.1275256, -0.2702139,  0.5723122,  0.7636625)    0    0  25.26732976 39 0.000  16.86539873
( 7.4847571, -23.7820816, 32.7013188, -0.7415465, -0.3735772,  0.5118492,  0.2203616)    0    0  23.68266201 12 0.000  16.14170520
( 9.6323837, -17.6330015, 36.0395363,  0.1275868, -0.2703431,  0.5734429,  0.7627577)    0    0  25.19601074  0 0.400  16.80620986
(15.2656942, -19.5656306, 27.7766789,  0.1408823, -0.1055963,  0.5649892,  0.8060948)    0    0  19.65039505  2 5.000  13.14467107
(12.7743576, -27.0809808, 35.5576181, -0.5713909,  0.1172067, -0.8089145, -0.0737040)    0    0  13.77801797  0 5.000   9.18534531
(11.0617487, -20.1479760, 36.1251502, -0.6035594,  0.0873458, -0.7169494,  0.3377428)    0    0  23.01344313  5 0.480  15.35756647
(20.1577021, -19.4127683, 31.0714908, -0.2221015, -0.3209897,  0.5055750, -0.7694352)    0    0  16.07448350  4 1.480  10.74371509
(10.0577279, -17.5299586, 35.9661767,  0.1275723, -0.2703131,  0.5731784,  0.7629696)    0    0  24.68954633  3 0.560  16.20573561
(19.6076536, -19.0239244, 30.8396746, -0.2221015, -0.3209897,  0.5055750, -0.7694352)    0    0  16.04065762  5 3.320  10.89275469
( 7.1081829, -23.8655277, 33.3845722, -0.7415465, -0.3735772,  0.5118492,  0.2203616)    0    0  24.28728903  1 4.640  16.23182309
(11.3979879, -19.9612006, 35.7261444, -0.6035574,  0.0873460, -0.7169506,  0.3377440)    0    0  22.83019563  0 0.640  15.16645948
( 9.7546735, -17.2753223, 35.9677140,  0.1275978, -0.2703671,  0.5736521,  0.7625896)    0    0  25.26821364 26 0.000  16.80071768
( 7.0540207, -23.9806718, 33.4049178, -0.7415465, -0.3735772,  0.5118492,  0.2203616)    0    0  24.09407432  6 0.320  16.15937081
(10.0801653, -17.2221724, 35.9065788,  0.1275958, -0.2703616,  0.5736060,  0.7626268)    0    0  25.39205229 26 0.000  17.17289541
( 7.2709059, -24.0687706, 32.5891669, -0.7415465, -0.3735772,  0.5118492,  0.2203616)    0    0  22.63917722  0 0.560  13.89101557
(15.0368673, -19.6530674, 27.5110248,  0.1408823, -0.1055963,  0.5649892,  0.8060948)    0    0  17.38110424  5 0.240  10.33543127
( 9.8747560, -17.6089351, 36.1539776,  0.1275794, -0.2703280,  0.5733109,  0.7628624)    0    0  25.40181309  0 0.400  16.89095501
(15.3109941, -19.2775427, 27.8622568,  0.1408823, -0.1055963,  0.5649892,  0.8060948)    0    0  18.27679148  0 0.400  12.49935636
(15.0100962, -19.4843736, 27.1668214,  0.1408823, -0.1055963,  0.5649892,  0.8060948)    0    0  17.39623489  9 0.000  12.60268490
( 9.7377530, -17.1917022, 35.8980790,  0.1275923, -0.2703549,  0.5735459,  0.7626749)    0    0  25.25780210  0 0.400  16.74468426
(19.6886323, -19.4399607, 31.2211411, -0.2221015, -0.3209897,  0.5055750, -0.7694352)    0    0  16.03299338  7 0.920  10.59443220
( 9.6257906, -17.2877940, 35.8478312,  0.1276170, -0.2704074,  0.5740059,  0.7623062)    0    0  25.31916194  0 0.400  16.78540934
(10.5726872, -17.6054736, 36.3767218,  0.1275584, -0.2702831,  0.5729171,  0.7631785)    0    0  24.73975512  0 0.400  16.14305536
( 9.9130983, -17.2332995, 35.8698681,  0.1276075, -0.2703863,  0.5738231,  0.7624527)    0    0  25.38656207 22 0.000  16.94220701
( 9.7138928, -17.3560072, 35.9123498,  0.1275381, -0.2702392,  0.5725393,  0.7634786)    0    0  25.20709637 19 0.000  16.92118273
(13.0298564, -20.4366321, 34.5035849, -0.8748821, -0.2635955,  0.3505283,  0.2054962)    0    0  23.73787562  5 0.560  15.81360681
( 7.5973506, -23.7475825, 33.0501942, -0.7415465, -0.3735772,  0.5118492,  0.2203616)    0    0  23.36262098  7 0.160  16.01406802
(13.0088266, -20.9053997, 34.3585477, -0.8746898, -0.2636843,  0.3507342,  0.2058484)    0    0  23.36495714  9 0.160  16.06014876
( 9.9370744, -17.2452149, 36.3792226,  0.1275599, -0.2702864,  0.5729464,  0.7631553)    0    0  25.39062159  3 0.480  17.05760737
(12.9832417, -20.1935205, 34.4702021, -0.8483708, -0.2746648,  0.3784766,  0.2481565)    0    0  -7.16531053  7 0.240   5.09061708
( 9.7711470, -17.1915235, 36.2778829,  0.1276022, -0.2703758,  0.5737292,  0.7625279)    0    0  25.90294752  2 0.800  17.49335235
(10.8601256, -20.3524048, 36.0353321, -0.6035576,  0.0873463, -0.7169503,  0.3377441)    0    0  23.06015076  6 0.400  15.43052374
(10.1063568, -17.4966495, 35.7512796,  0.1275378, -0.2702402,  0.5725414,  0.7634792)    0    0  25.20236755  0 0.400  16.69809270
( 9.6869083, -17.1107710, 36.4818870,  0.1275915, -0.2703534,  0.5735323,  0.7626860)    0    0  25.47381214 28 0.000  16.98594072
( 7.2557305, -24.0539748, 33.7006838, -0.7415465, -0.3735772,  0.5118492,  0.2203616)    0    0  23.83018232  8 0.080  15.99379942
( 7.3886311, -23.9105921, 32.7139182, -0.7415465, -0.3735772,  0.5118492,  0.2203616)    0    0  23.86698008 11 0.080  15.83940347
( 9.7309531, -17.4784615, 36.0303577,  0.1276028, -0.2703776,  0.5737440,  0.7625160)    0    0  25.56989357 13 0.000  17.03250306
(10.9300828, -20.5009769, 36.0945001, -0.6035572,  0.0873457, -0.7169508,  0.3377439)    0    0  23.01526416  0 0.400  15.52361499
( 7.2684796, -24.0033778, 32.8609155, -0.7415465, -0.3735772,  0.5118492,  0.2203616)    0    0  24.23593199  4 1.280  16.11144480
( 9.9174241, -16.8372490, 35.7612228,  0.1275249, -0.2702125,  0.5723000,  0.7636720)    0    0  24.86431047  0 0.400  16.68249526
(11.3524951, -20.5639664, 35.8688459, -0.6035586,  0.0873461, -0.7169498,  0.3377435)    0    0  23.08133516  4 0.640  15.47377756
(10.0343109, -17.4759996, 35.7293332,  0.1275697, -0.2703074,  0.5731298,  0.7630080)    0    0  25.28175256  0 0.480  16.90751526
(11.0117393, -20.4332854, 36.0888129, -0.6035578,  0.0873467, -0.7169500,  0.3377443)    0    0  23.30060201  0 5.000  15.53411804
( 9.9029522, -17.1266502, 35.7665586,  0.1275323, -0.2702269,  0.5724281,  0.7635699)    0    0  25.33406644  0 0.400  16.72339013
( 9.7781581, -17.5013831, 35.8664636,  0.1275242, -0.2702103,  0.5722853,  0.7636818)    0    0  25.59980754  0 0.400  17.33235420
(11.5519405, -20.8885637, 35.7573370, -0.6035581,  0.0873469, -0.7169523,  0.3377390)    0    0  22.62005106  1 0.560  14.82408137
( 9.7328092, -17.5701793, 36.2187628,  0.1275446, -0.2702538,  0.5726616,  0.7633831)    0    0  25.50181231 16 0.000  16.95850093
(12.6953364, -20.1194049, 34.6948937, -0.4603861, -0.3289403,  0.5692084,  0.5965272)    0    0  24.12527540  1 4.680  16.08777474
( 9.9834465, -17.1664576, 35.7549984,  0.1275464, -0.2702576,  0.5726947,  0.7633566)    0    0  25.65688544  7 0.320  17.04998312
( 7.2640559, -24.0046586, 32.8151324, -0.7415465, -0.3735772,  0.5118492,  0.2203616)    0    0  23.91054973  0 0.400  16.14099947
( 7.1051556, -23.9543404, 33.3215686, -0.7415465, -0.3735772,  0.5118492,  0.2203616)    0    0  21.31905552 16 0.000  13.80794244
( 9.8571465, -17.4138577, 35.7864982,  0.1275353, -0.2702337,  0.5724865,  0.7635230)    0    0  25.74194003  0 0.400  17.48605775
(13.1355095, -20.2454982, 34.6497309, -0.8735795, -0.2641936,  0.3519157,  0.2078730)    0    0  22.36609983  8 0.160  16.07859790
( 9.8754264, -17.3800936, 35.8175169,  0.1275512, -0.2702670,  0.5727788,  0.7632889)    0    0  25.64866279  0 0.400  17.30360769
( 9.8728437, -17.7870525, 35.8089233,  0.1276055, -0.2703815,  0.5737815,  0.7624862)    0    0  25.29277621 46 0.000  16.77349199
( 9.7621661, -17.2998707, 36.0891655,  0.1276144, -0.2704021,  0.5739584,  0.7623444)    0    0  25.45498410 17 0.000  16.97718827
(19.6330178, -19.0712856, 30.8729111, -0.2221015, -0.3209897,  0.5055750, -0.7694352)    0    0  16.03991345  6 4.600  10.74181031
(10.0519918, -17.0567653, 35.7400921,  0.1275668, -0.2703014,  0.5730765,  0.7630512)    0    0  25.30220682  0 0.400  16.69932841
(15.2454913, -19.3318746, 27.2606317,  0.1408823, -0.1055963,  0.5649892,  0.8060948)    0    0  16.98043683  4 0.400  10.81794417
( 9.9425486, -17.3808065, 35.8625086,  0.1275683, -0.2703034,  0.5730982,  0.7630322)    0    0  25.58373247  0 0.400  17.16449263
(15.2315018, -19.3684614, 27.4638760,  0.1408823, -0.1055963,  0.5649892,  0.8060948)    0    0  18.97085582  1 0.640  12.89638713
( 9.9411879, -17.4198320, 35.7969153,  0.1275858, -0.2703412,  0.5734255,  0.7627716)    0    0  25.19878571 23 0.000  16.83460793
( 7.1663659, -23.9127075, 33.1317170, -0.7415465, -0.3735772,  0.5118492,  0.2203616)    0    0  23.98987100  4 0.560  15.95498353
(11.0428554, -20.5602948, 36.1152360, -0.6035572,  0.0873457, -0.7169508,  0.3377439)    0    0  23.06404520  5 0.400  15.49056895
( 9.8118430, -17.7421255, 35.8261599,  0.1275718, -0.2703121,  0.5731692,  0.7629770)    0    0  25.51986953 24 0.000  17.03884042
(12.5170262, -19.5546109, 35.1475024, -0.1935150, -0.3166034,  0.5996922,  0.7090017)    0    0  -3.20155843  1 1.680   0.12714053
(10.6032819, -20.8483791, 22.8931308,  0.3446547,  0.6021211,  0.1929345, -0.6938586)    0    0   7.02680485  2 5.000   4.58668416
(11.0123620, -20.4527688, 36.1019642, -0.6035578,  0.0873466, -0.7169501,  0.3377442)    0    0  22.89224441  8 0.240  15.34316262
( 9.8155630, -17.3411806, 35.7274163,  0.1275519, -0.2703067,  0.5730965,  0.7630364)    0    0  25.00318558  0 0.400  16.71409766
(10.1795285, -17.3826907, 35.7135040,  0.1275581, -0.2702824,  0.5729117,  0.7631829)    0    0  25.15288608  0 0.400  16.52037426
(15.2793070, -19.5777908, 27.8124353,  0.1408823, -0.1055963,  0.5649892,  0.8060948)    0    0  19.58883703  3 1.440  13.15391668
( 9.8266904, -17.3748897, 35.9557409,  0.1276358, -0.2704475,  0.5743564,  0.7620249)    0    0  26.06814436  0 5.000  17.37879473
( 7.0229079, -23.8473208, 33.4445481, -0.7415465, -0.3735772,  0.5118492,  0.2203616)    0    0  21.48146786 12 0.000  13.66822615
(19.6388659, -19.1111057, 30.9106728, -0.2221008, -0.3209887,  0.5055735, -0.7694329)    0    0  16.33827402  0 5.000  10.89218268
( 9.7835188, -17.1077333, 35.9345011,  0.1275727, -0.2703139,  0.5731863,  0.7629625)    0    0  25.40834024 39 0.000  17.07267261
( 9.6971711, -17.4837909, 36.0128280,  0.1275618, -0.2702889,  0.5729716,  0.7631348)    0    0  25.32380801 18 0.000  16.89608932
( 7.3117998, -23.6910037, 32.7794994, -0.7415465, -0.3735772,  0.5118492,  0.2203616)    0    0  22.09820622  0 0.400  13.78819866
(10.9940716, -20.4978316, 36.2956048, -0.6035573,  0.0873459, -0.7169507,  0.3377439)    0    0  22.81049251  1 0.640  15.11858979
(10.9824571, -20.5929193, 35.9287645, -0.6035578,  0.0873467, -0.7169501,  0.3377442)    0    0  22.75002470  5 0.320  15.04139889
(10.4834664, -19.0562992, 36.1129055,  0.3109809, -0.2621823,  0.7348448,  0.5427287)    0    0   9.65833736  0 2.800   6.25088361
(15.4178413, -19.2723972, 27.4922103,  0.1408823, -0.1055963,  0.5649892,  0.8060948)    0    0  16.76309775 12 0.000  10.76758835
(10.7979607, -19.9769597, 36.1632729, -0.6036786,  0.0873197, -0.7168894,  0.3376640)    0    0  22.81784746 16 0.000  15.30184635
( 9.7827998, -17.2003499, 36.1937750,  0.1275843, -0.2703381,  0.5733989,  0.7627926)    0    0  25.83628117  3 0.480  17.42327386
(15.1885941, -19.4189639, 27.4787801,  0.1408823, -0.1055963,  0.5649892,  0.8060948)    0    0  17.41870115  8 0.160  10.23686872
( 9.8064466, -17.4983550, 35.7606536,  0.1275863, -0.2703424,  0.5734355,  0.7627636)    0    0  25.60101143 16 0.000  17.04244521
( 9.6933172, -17.4963417, 35.7842800,  0.1275239, -0.2702091,  0.5722737,  0.7636926)    0    0  25.41076515 23 0.000  17.01279532
(11.0060011, -20.7026827, 22.8837395,  0.3446547,  0.6021211,  0.1929345, -0.6938586)    0    0   8.49421882  1 5.000   5.14545625
(19.7493264, -19.5590480, 31.2962621, -0.2221015, -0.3209897,  0.5055750, -0.7694352)    0    0  16.09263703  3 0.760  10.76032103
(10.1011288, -17.3088703, 36.1459527,  0.1275867, -0.2703436,  0.5734456,  0.7627556)    0    0  25.17676546 43 0.000  16.67862418
( 9.8968000, -17.3358891, 36.0781331,  0.1275567, -0.2702788,  0.5728808,  0.7632079)    0    0  25.34131320 20 0.000  16.84329422
(10.0014863, -17.4953228, 36.0061950,  0.1275923, -0.2703540,  0.5735400,  0.7626793)    0    0  25.07230196 18 0.000  16.70453045
(10.8978999, -20.7417917, 22.8862604,  0.3446547,  0.6021211,  0.1929345, -0.6938586)    0    0   9.70066116  0 5.000   6.46710744
(15.0199196, -19.3737679, 26.9792235,  0.1408823, -0.1055963,  0.5649892,  0.8060948)    0    0  16.48924627  6 0.320  10.95468434
( 9.6848632, -17.5466414, 35.9716555,  0.1275796, -0.2703280,  0.5733107,  0.7628631)    0    0  25.69945194  7 0.320  17.21818628
( 7.1511794, -23.9025853, 33.2436280, -0.7415465, -0.3735772,  0.5118492,  0.2203616)    0    0  24.49465991  0 5.000  16.32977355
( 9.8100442, -17.5602078, 36.1742920,  0.1275942, -0.2703587,  0.5735803,  0.7626470)    0    0  25.34232139 33 0.000  16.86010914
( 7.1513693, -23.9634348, 33.1990951, -0.7415465, -0.3735772,  0.5118492,  0.2203616)    0    0  23.83156273  3 0.480  15.68521260
(12.9671513, -20.3361904, 34.4702105, -0.8748341, -0.2636177,  0.3505797,  0.2055843)    0    0  22.80105807  8 0.480  15.12376586
(11.0926228, -20.3017361, 36.1293452, -0.6035593,  0.0873455, -0.7169497,  0.3377427)    0    0  22.95662224  0 0.400  15.46992067
( 9.5896166, -17.0100167, 36.3385318,  0.1275505, -0.2702674,  0.5727789,  0.7632890)    0    0  25.59098609  0 0.400  17.18851858
( 9.9971917, -17.3402011, 35.6667103,  0.1275283, -0.2702189,  0.5723569,  0.7636268)    0    0  25.64352188 12 0.000  17.01671847
