#Coordinates  RecID  LigID  Luciferin  Neighbor's number  Vision Range  Scoring
(-14.0288594, -3.3397653, 47.7407338, -0.7497672, -0.3011705, -0.5154296, -0.2854430)    0    0  14.52911709  5 0.400   9.60175899
(-12.5529138, -3.2503078, 44.8518044, -0.7823238, -0.4687594, -0.0201195, -0.4096687)    0    0  12.69862502 24 0.000   8.46298257
(-5.4272924, -4.8572037, 47.8956808,  0.2437850,  0.1586480,  0.7467165,  0.5981756)    0    0  16.77453492  0 0.400  11.40927372
(-13.9772568, -3.3619436, 47.7868237, -0.7497672, -0.3011705, -0.5154296, -0.2854430)    0    0  14.73484617 15 0.000   9.69122978
(-5.4559926, -4.8581126, 47.6235563,  0.2437850,  0.1586480,  0.7467165,  0.5981756)    0    0  17.41727189  9 0.480  11.65818074
(-13.8335270, -2.9018151, 47.5858490, -0.7497633, -0.3011723, -0.5154399, -0.2854327)    0    0  14.55237675  0 0.400   9.56946978
(-8.1504289,  5.5002589, 40.9682460, -0.2216066, -0.5886047,  0.0227508, -0.7771212)    0    0  20.16196288 10 0.240  13.33067846
(-6.0365431,  4.8922305, 45.1159791, -0.4759299,  0.6679677, -0.1662656, -0.5474173)    0    0  20.80579685  8 3.800  13.76866243
(-5.8189227, -5.0891820, 47.5281105,  0.2437850,  0.1586480,  0.7467165,  0.5981756)    0    0  17.12419866  7 0.080  11.61817465
(-12.0236476, -2.7340453, 45.1739697, -0.7821808, -0.4689351, -0.0192379, -0.4097841)    0    0  13.17453308  0 0.400   8.73887021
(-8.2600290,  5.5977517, 40.2509927, -0.2215786, -0.5886694,  0.0227710, -0.7770797)    0    0  21.18458192  0 1.320  14.38414105
(-12.5654110, -2.8651222, 44.7822622, -0.7821806, -0.4689353, -0.0192369, -0.4097842)    0    0  13.22241459  6 0.400   8.73751486
(-5.3869309,  5.2987791, 44.6211255, -0.4759294,  0.6679687, -0.1662662, -0.5474163)    0    0  20.86060338  5 5.000  13.74217170
(-5.6189363, -4.5999909, 47.9852424,  0.2437850,  0.1586480,  0.7467165,  0.5981756)    0    0  17.63041784  0 5.000  11.75361189
(-13.4704127, -3.2816050, 47.9500299, -0.7497673, -0.3011705, -0.5154296, -0.2854430)    0    0  14.75852492 11 0.000   9.82243916
(-14.2623545, -3.3391948, 48.0738670, -0.7497479, -0.3011792, -0.5154811, -0.2853916)    0    0  14.66100014  0 0.400   9.70456682
(-1.1257659, -4.0090542, 48.6789466, -0.1586395, -0.6620208,  0.4570034, -0.5724595)    0    0  16.96289313  2 3.560  11.55232612
(-12.0646479, -2.7594865, 45.1259018, -0.7821806, -0.4689353, -0.0192368, -0.4097842)    0    0  13.57234244  3 0.960   9.24713990
(-1.2237696, -4.0359685, 48.7561759, -0.1586395, -0.6620208,  0.4570034, -0.5724595)    0    0  17.37235570  0 5.000  11.58157308
(-13.6954193, -3.3119679, 47.3747177, -0.7508982, -0.3029107, -0.5120064, -0.2867540)    0    0  14.18911558  0 0.400   9.57620254
(-12.1321573, -2.8252315, 45.0870878, -0.7822069, -0.4689035, -0.0193985, -0.4097628)    0    0  13.05181786 15 0.000   8.66375121
(-1.3666017, -4.0869799, 48.9482416, -0.1586395, -0.6620208,  0.4570034, -0.5724595)    0    0  16.89709466  6 4.920  11.14076109
(-5.4875057, -4.5736596, 48.1602050,  0.2437850,  0.1586480,  0.7467165,  0.5981756)    0    0  17.06543607  0 0.400  11.43159886
(-13.1299232, -3.2863153, 47.7792594, -0.7497672, -0.3011705, -0.5154296, -0.2854430)    0    0  14.82176882  1 0.400   9.89584793
(-9.1734550, -1.1938103, 51.4129698, -0.5997477,  0.4322084, -0.5653464,  0.3658991)    0    0  17.16496971  1 5.000  11.46576641
(-5.7106610, -4.7054304, 48.0733743,  0.2437850,  0.1586480,  0.7467165,  0.5981756)    0    0  17.42471727  8 0.320  11.79118232
(-5.7161744, -4.2964112, 48.3946799,  0.2437850,  0.1586480,  0.7467165,  0.5981756)    0    0  17.10422407  0 0.720  11.10469483
(-14.0885923, -3.5892704, 47.6329736, -0.7497518, -0.3011774, -0.5154708, -0.2854019)    0    0  14.63892104  0 0.400   9.72806642
(-5.5036393, -4.5649203, 47.6743277,  0.2437850,  0.1586480,  0.7467165,  0.5981756)    0    0  17.12308289  0 0.400  11.38057523
(-13.7598071, -3.2220801, 48.0501472, -0.7497673, -0.3011705, -0.5154296, -0.2854430)    0    0  14.70401476  4 0.480   9.77574261
(-2.1505971,  0.7123452, 41.9043630, -0.9028904, -0.1782691,  0.3618402,  0.1485957)    0    0  28.38347334  1 5.000  19.06134870
(-2.6101622,  0.6692852, 42.0772965, -0.9028904, -0.1782691,  0.3618402,  0.1485957)    0    0  27.77054102 15 3.400  18.24350500
(-9.1082368, -1.5392893, 51.1682473, -0.5997477,  0.4322084, -0.5653464,  0.3658990)    0    0  17.03699842  2 0.560  11.37845933
(-12.7974482, -2.8150629, 44.6070455, -0.7821807, -0.4689352, -0.0192373, -0.4097841)    0    0  13.25113230  8 0.560   8.74776294
(-13.7830427, -3.4329934, 48.0271022, -0.7497672, -0.3011705, -0.5154296, -0.2854430)    0    0  14.72030579  4 0.320   9.72208620
(-9.6202219, -1.9450533, 49.6940532,  0.5225544,  0.0487726,  0.7255832,  0.4450698)    0    0  14.32636510  2 3.000   9.55212076
(-8.5697775,  5.4906403, 41.3742173, -0.2215859, -0.5886525,  0.0227657, -0.7770905)    0    0  20.50543916  8 0.120  13.72780174
(-9.4707694, -1.7845412, 49.6274403,  0.4673112,  0.0730197,  0.7372005,  0.4825182)    0    0  12.45728275  8 1.640   7.94685364
(-13.6591942, -3.3539568, 48.0330461, -0.7497673, -0.3011705, -0.5154296, -0.2854430)    0    0  14.82848605  2 0.640   9.93473505
(-2.5741394,  1.0079058, 42.0695756, -0.9028904, -0.1782691,  0.3618402,  0.1485957)    0    0  27.89251196  2 0.520  18.47111192
(-2.8114959,  0.9807803, 41.8796835, -0.9028904, -0.1782691,  0.3618402,  0.1485957)    0    0  28.15093232  4 1.480  18.85538851
(-9.1511065, -0.9128840, 51.5010531, -0.5997477,  0.4322084, -0.5653464,  0.3658990)    0    0  16.90096633  3 0.560  11.25862825
(-0.9072700, -3.9357429, 48.4175100, -0.1586395, -0.6620208,  0.4570034, -0.5724595)    0    0  16.94580752  4 4.840  11.42602584
(-5.4035996, -4.5675116, 47.9692990,  0.2437850,  0.1586480,  0.7467165,  0.5981756)    0    0  17.22115801  0 0.400  11.60298816
(-12.3832538, -2.8621459, 45.0829477, -0.7821811, -0.4689347, -0.0192399, -0.4097838)    0    0  13.08809267  6 0.400   8.68595164
(-9.5896607, -1.2848478, 49.6648304,  0.5221865,  0.0489390,  0.7256751,  0.4453332)    0    0  14.22435867  4 1.240   9.63054682
(-5.2660174, -4.5005087, 47.8155525,  0.2437850,  0.1586480,  0.7467165,  0.5981756)    0    0  17.23620538  0 0.400  11.47199439
(-9.7740697, -1.5470910, 49.8275350,  0.5161876,  0.0516318,  0.7271165,  0.4495718)    0    0  13.78747842  6 1.960   9.69834727
(-13.6088623, -3.2959195, 47.9190173, -0.7497672, -0.3011705, -0.5154296, -0.2854430)    0    0  14.74008165 16 0.000   9.78474420
(-14.5158068,  1.5818891, 40.0700642,  0.7497538,  0.6411456,  0.0725970, -0.1467355)    0    0  20.81789665  3 5.000  14.07824200
(-13.7420336, -3.2580037, 47.8277159, -0.7497672, -0.3011705, -0.5154296, -0.2854430)    0    0  14.91227783  2 5.000   9.91607947
(-7.9997241,  5.5903401, 40.4622134, -0.2219098, -0.5879034,  0.0225324, -0.7775712)    0    0  20.03415980 14 0.000  13.54500773
(-11.4614207, -0.6576828, 36.3793751,  0.8394642,  0.0687734,  0.2319681,  0.4865808)    0    0  16.51295411  0 5.000  11.01007319
(-5.6261621, -4.3131727, 48.0012076,  0.2437850,  0.1586480,  0.7467165,  0.5981756)    0    0  17.16582304 10 0.000  11.47640636
(-5.4835851, -4.4799001, 47.8624855,  0.2437850,  0.1586480,  0.7467165,  0.5981756)    0    0  17.31591739  0 0.560  11.62597734
(-5.7444655, -4.4824478, 48.0654598,  0.2437850,  0.1586480,  0.7467165,  0.5981756)    0    0  17.20069464  0 0.400  11.46132397
(-8.0637888,  5.4409362, 41.2625636, -0.2215813, -0.5886632,  0.0227690, -0.7770836)    0    0  20.72446163  9 0.600  13.90092794
(-12.9342936, -3.1325681, 45.4397413, -0.7821810, -0.4689349, -0.0192391, -0.4097839)    0    0  13.32028879  0 0.720   8.93077737
(-12.4879814, -3.3835907, 45.0565647, -0.7910421, -0.4547664, -0.0847282, -0.4003263)    0    0   9.44202469  1 0.560   6.35650030
(-13.9918342, -3.3426601, 47.7897526, -0.7497672, -0.3011705, -0.5154296, -0.2854430)    0    0  14.89228861  3 1.920   9.91202533
(-12.2945889, -2.8289195, 45.0312596, -0.7821806, -0.4689354, -0.0192364, -0.4097843)    0    0  13.33697482  5 1.200   8.81215474
(-2.7063032,  0.9264700, 42.3544048, -0.9028904, -0.1782691,  0.3618402,  0.1485957)    0    0  27.77222150  0 0.800  18.50096258
(-1.3287511, -4.0624851, 48.8566108, -0.1586395, -0.6620208,  0.4570034, -0.5724595)    0    0  16.76123650  8 2.520  11.04870504
(-14.1125918, -3.3059888, 47.6530712, -0.7497035, -0.3011988, -0.5155996, -0.2852735)    0    0  14.74746427  1 0.560   9.75516707
(-8.2569813,  5.5974707, 40.2563024, -0.2215786, -0.5886694,  0.0227710, -0.7770797)    0    0  20.99768298  3 3.880  14.02440443
(-13.9594044, -3.4293593, 47.8993233, -0.7497672, -0.3011705, -0.5154296, -0.2854430)    0    0  14.51916027  4 0.480   9.59903703
(-14.0783916, -3.1099437, 47.7554289, -0.7496339, -0.3012294, -0.5157849, -0.2850885)    0    0  14.66761600  5 0.400   9.77827384
(-11.4968629, -0.5727659, 36.3633573,  0.8394642,  0.0687734,  0.2319681,  0.4865808)    0    0  14.75230450  5 5.000   9.16361737
(-8.2475827,  5.5960588, 40.2762569, -0.2215786, -0.5886694,  0.0227710, -0.7770797)    0    0  20.96747983  5 0.760  14.06588982
(-11.3245746, -0.6825464, 36.2576950,  0.8394642,  0.0687734,  0.2319681,  0.4865808)    0    0  15.73242771  2 5.000  10.70394709
(-5.8221526,  5.0099214, 44.9487769, -0.4759294,  0.6679687, -0.1662662, -0.5474163)    0    0  21.20036213  1 5.000  14.18604982
(-8.2577442,  5.5339324, 40.6519360, -0.2215786, -0.5886694,  0.0227710, -0.7770797)    0    0  20.99207612  4 5.000  13.95892493
(-8.2265545,  5.5730414, 40.9721546, -0.2215813, -0.5886632,  0.0227690, -0.7770836)    0    0  20.38597826 11 0.040  13.36415770
(-13.5680091, -3.4398166, 47.6222637, -0.7497595, -0.3011739, -0.5154502, -0.2854224)    0    0  14.80673969  1 0.480   9.86111236
(-5.8223922, -4.7110238, 47.7296129,  0.2437850,  0.1586480,  0.7467165,  0.5981756)    0    0  17.20570461  0 0.400  11.48951510
(-12.1010583, -2.7799377, 45.1063819, -0.7821806, -0.4689354, -0.0192364, -0.4097843)    0    0  13.66340549  0 4.080   9.11094081
(-12.3359697, -3.1627189, 44.8141030, -0.7821811, -0.4689347, -0.0192400, -0.4097838)    0    0  12.99583427  0 0.400   8.66368589
(-5.7041211,  5.0603945, 44.8533351, -0.4759295,  0.6679685, -0.1662661, -0.5474165)    0    0  20.82130314  7 4.440  14.06537326
(-8.3906466,  5.4556540, 41.1491422, -0.2215811, -0.5886635,  0.0227691, -0.7770834)    0    0  20.62199874 11 0.080  13.58291933
(-2.4192285,  0.8389478, 41.9431090, -0.9028904, -0.1782691,  0.3618402,  0.1485957)    0    0  27.99450676  9 3.400  18.26212397
(-1.5218110, -4.1314331, 49.0816636, -0.1586395, -0.6620208,  0.4570034, -0.5724595)    0    0  17.08280503  1 5.000  11.39031429
(-14.1192227, -3.3762649, 47.6267611, -0.7497633, -0.3011723, -0.5154399, -0.2854327)    0    0  14.58598641  0 0.400   9.67120364
(-5.2410646, -4.7476660, 47.3962299,  0.2437850,  0.1586480,  0.7467165,  0.5981756)    0    0  17.02467667  9 0.000  11.68121725
(-13.6275355, -3.1583187, 47.5870427, -0.7497658, -0.3011712, -0.5154335, -0.2854391)    0    0  14.74337094  3 0.560   9.73798735
(-8.9599934, -1.3699658, 51.2418792, -0.5997477,  0.4322084, -0.5653464,  0.3658990)    0    0  17.00371367  5 0.480  11.35316286
(-5.5112347, -4.2716417, 48.0013929,  0.2437850,  0.1586480,  0.7467165,  0.5981756)    0    0  17.26836089  5 0.400  11.57446079
(-2.3178115,  0.7789070, 41.9116517, -0.9028904, -0.1782691,  0.3618402,  0.1485957)    0    0  28.07922069  8 4.760  18.53641951
(-8.6830851, -1.3299836, 51.1942123, -0.5997477,  0.4322084, -0.5653464,  0.3658991)    0    0  17.11312486  2 1.360  11.43298623
(-13.6586178, -3.1084122, 47.8595629, -0.7497653, -0.3011714, -0.5154348, -0.2854379)    0    0  14.76582651  5 0.400   9.86794910
(-8.1055529,  5.5964458, 40.2942103, -0.2215808, -0.5886642,  0.0227694, -0.7770830)    0    0  20.51894386 15 0.000  13.89395194
(-9.5552126, -1.1374168, 49.6455042,  0.5225508,  0.0487743,  0.7255841,  0.4450724)    0    0  14.36330684  1 2.280   9.61902653
(-7.9037831,  5.5514987, 40.9243690, -0.2222128, -0.5872007,  0.0223138, -0.7780201)    0    0  20.38877721  7 0.240  13.97286679
(-9.1101751, -1.2451504, 51.0396109, -0.5997477,  0.4322084, -0.5653464,  0.3658991)    0    0  16.94288730  0 0.400  11.41192750
(-5.5793250, -4.5906562, 48.2324896,  0.2437850,  0.1586480,  0.7467165,  0.5981756)    0    0  17.07731088 14 0.000  11.37884884
(-13.9501898, -3.1838734, 47.6779781, -0.7497581, -0.3011746, -0.5154541, -0.2854186)    0    0  14.75635255 13 0.080   9.94324466
(-8.9366835, -1.3630753, 50.9245153, -0.5997477,  0.4322084, -0.5653464,  0.3658991)    0    0  16.65508158  9 0.080  11.07443027
(-12.5921512, -2.9286663, 44.9674243, -0.7821810, -0.4689348, -0.0192394, -0.4097839)    0    0  13.18758099  0 0.480   9.07118466
(-5.6281646,  4.9797935, 44.7655164, -0.4759294,  0.6679686, -0.1662662, -0.5474164)    0    0  20.99154021  3 4.760  14.11583921
(-5.1903072, -4.4833691, 47.9201613,  0.2437850,  0.1586480,  0.7467165,  0.5981756)    0    0  17.20285754 21 0.000  11.72022972
(-2.5609905,  0.8792730, 41.8869578, -0.9028904, -0.1782691,  0.3618402,  0.1485957)    0    0  28.57053123  0 5.000  19.05137293
(-8.8163890, -1.3249239, 51.3223467, -0.5997477,  0.4322084, -0.5653464,  0.3658991)    0    0  16.71772507  4 0.480  11.07292267
(-5.6538266, -4.5647983, 48.0398318,  0.2437850,  0.1586480,  0.7467165,  0.5981756)    0    0  17.59807756  1 5.000  11.81219577
(-8.3706654,  5.5630423, 40.7367453, -0.2215786, -0.5886694,  0.0227710, -0.7770797)    0    0  20.70126946 10 2.120  13.72500481
(-13.6828510, -3.3002840, 47.9165099, -0.7497673, -0.3011705, -0.5154296, -0.2854430)    0    0  14.75701500  0 0.400   9.91150376
(-12.8078944, -3.4461880, 44.9868878, -0.7821809, -0.4689349, -0.0192388, -0.4097839)    0    0  12.80766528  6 0.320   8.16925663
(-14.1759686, -3.1381740, 47.6326714, -0.7497594, -0.3011741, -0.5154502, -0.2854225)    0    0  14.58770165  0 0.400   9.73160713
(-7.9780433,  5.4979592, 40.6896466, -0.2215838, -0.5886573,  0.0227672, -0.7770874)    0    0  20.69318132 10 0.200  13.79056455
(-5.2215715, -4.6632998, 47.7129164,  0.2437850,  0.1586480,  0.7467165,  0.5981756)    0    0  17.36620892  6 0.480  11.76800408
(-14.0452968, -3.3233719, 48.0791137, -0.7497658, -0.3011712, -0.5154335, -0.2854391)    0    0  14.55326196  6 0.320   9.69537561
(-9.3216920, -1.3229748, 51.6373638, -0.5998630,  0.4320446, -0.5655903,  0.3655260)    0    0  16.78799352  0 0.400  11.05276515
(-5.3114045, -5.1958272, 47.4866816,  0.2437850,  0.1586480,  0.7467165,  0.5981756)    0    0  17.44025040  2 0.400  11.74201354
(-2.4053050,  0.8849424, 42.2319396, -0.9028904, -0.1782691,  0.3618402,  0.1485957)    0    0  27.89254179 11 0.600  18.54941355
(-5.4155610, -4.8051277, 47.6670421,  0.2437850,  0.1586480,  0.7467165,  0.5981756)    0    0  17.51493126  3 5.000  11.60735651
(-5.4738001,  5.2304384, 44.6840226, -0.4759298,  0.6679678, -0.1662657, -0.5474171)    0    0  21.00278057  2 2.280  13.94901738
(-12.9375330, -2.9880969, 45.0683331, -0.7821811, -0.4689348, -0.0192395, -0.4097839)    0    0  13.22193180  6 0.320   9.22034540
(-12.8591565, -2.7695139, 45.0845685, -0.7821813, -0.4689345, -0.0192411, -0.4097836)    0    0  12.98737230 14 0.000   8.70868976
(-8.2786932,  5.5984454, 40.2275786, -0.2215786, -0.5886694,  0.0227710, -0.7770797)    0    0  21.05074124  1 5.000  14.12652206
(-5.3457062,  5.4047422, 44.6090381, -0.4759298,  0.6679679, -0.1662658, -0.5474170)    0    0  20.87896051  4 1.400  13.97379294
(-13.8931931, -3.4737168, 47.7191428, -0.7497653, -0.3011714, -0.5154348, -0.2854379)    0    0  14.67176481 15 0.000   9.75189378
(-8.7015808, -1.1718483, 51.2532032, -0.5997477,  0.4322084, -0.5653464,  0.3658990)    0    0  16.96130480  4 0.400  11.32806612
(-14.4781728,  1.8469633, 40.1213817,  0.7497538,  0.6411456,  0.0725970, -0.1467355)    0    0  20.18232451  5 5.000  13.19357680
(-2.6650076,  0.9413698, 41.8864432, -0.9028904, -0.1782691,  0.3618402,  0.1485957)    0    0  28.34639348  2 1.160  18.94751489
(-8.9734841, -1.2723974, 51.0873539, -0.5997477,  0.4322084, -0.5653464,  0.3658990)    0    0  16.95666973 11 0.680  11.30333868
(-8.0289618,  5.3079729, 40.7963706, -0.2215808, -0.5886642,  0.0227694, -0.7770830)    0    0  20.67544246  8 0.240  13.97222818
(-5.8854073,  5.1778839, 45.0293200, -0.4759298,  0.6679679, -0.1662658, -0.5474170)    0    0  20.68012229  9 2.840  13.87176449
(-9.3011297, -1.1113325, 51.5098522, -0.5997477,  0.4322084, -0.5653464,  0.3658990)    0    0  16.78180810  1 0.560  11.24037814
(-5.1999329, -5.0226235, 47.3296709,  0.2437850,  0.1586480,  0.7467165,  0.5981756)    0    0  17.51585780  2 0.800  11.75875712
(-14.0848474, -3.6034660, 47.9829225, -0.7497672, -0.3011705, -0.5154296, -0.2854430)    0    0  14.93247590  1 2.880   9.97905785
(-8.3700335,  5.4112504, 41.2831092, -0.2215813, -0.5886632,  0.0227690, -0.7770836)    0    0  20.83911788  5 0.560  13.91902664
(-8.2919831,  5.5263592, 40.9236516, -0.2216606, -0.5884799,  0.0227119, -0.7772015)    0    0  20.53461777  1 0.560  13.59069176
(-8.5082823,  5.4988025, 40.8988081, -0.2218582, -0.5880232,  0.0225697, -0.7774949)    0    0  20.59548012  0 0.400  14.13582182
(-9.0219195, -1.1915913, 51.3557122, -0.5997477,  0.4322084, -0.5653464,  0.3658991)    0    0  16.82794981 15 2.280  11.11134321
(-5.4139067, -4.4814457, 48.0181076,  0.2437850,  0.1586480,  0.7467165,  0.5981756)    0    0  17.25283945  3 0.720  11.39363501
(-11.9017792, -3.0378203, 45.3322308, -0.7821809, -0.4689350, -0.0192383, -0.4097840)    0    0  12.94766140  3 0.400   8.44539634
(-2.9262556, -7.3516675, 50.5650155, -0.6136439,  0.1061874,  0.5916231, -0.5120034)    0    0   8.92628876  0 5.000   5.95085917
(-5.6038927,  5.1480861, 44.7828954, -0.4759250,  0.6679627, -0.1662648, -0.5474112)    0    0  21.27468957  0 5.000  14.18312638
(-4.9815346, -4.6181738, 47.7269972,  0.2437850,  0.1586480,  0.7467165,  0.5981756)    0    0  17.32273990  5 0.400  11.58791892
(-1.0484773, -3.9911774, 48.5836112, -0.1586395, -0.6620208,  0.4570034, -0.5724595)    0    0  16.95586536  3 4.840  11.42171151
(-8.2259779,  5.5691605, 40.4707294, -0.2215786, -0.5886694,  0.0227710, -0.7770797)    0    0  20.72483186  8 0.800  13.90006381
(-14.5225089,  1.5625865, 40.0706201,  0.7497538,  0.6411456,  0.0725970, -0.1467355)    0    0  21.22946181  0 5.000  14.15297866
(-5.2165113, -4.6094891, 47.8182329,  0.2437850,  0.1586480,  0.7467165,  0.5981756)    0    0  17.26723917  1 0.560  11.44476895
(-5.6858872, -4.4618222, 48.0913374,  0.2437850,  0.1586480,  0.7467165,  0.5981756)    0    0  17.22839452  0 0.480  11.39097063
(-14.4664797,  1.9761717, 40.1536034,  0.7497538,  0.6411456,  0.0725970, -0.1467355)    0    0  20.60492300  4 5.000  13.59246228
(-2.5047784,  1.0659358, 42.0546537, -0.9028904, -0.1782691,  0.3618402,  0.1485957)    0    0  28.08871706  2 0.640  18.65332579
(-9.1927871, -1.2689062, 51.3744113, -0.5997477,  0.4322084, -0.5653464,  0.3658991)    0    0  16.76996033 18 0.160  10.88420944
(-12.3644328, -3.0180459, 44.8354669, -0.7821814, -0.4689343, -0.0192418, -0.4097835)    0    0  12.90224912  7 0.240   8.66394934
(-8.5201224, -1.1029109, 51.4157241, -0.5997477,  0.4322084, -0.5653464,  0.3658990)    0    0  16.89438066  5 0.400  11.27643460
(-14.0330754, -3.2227119, 47.5001624, -0.7497673, -0.3011705, -0.5154296, -0.2854430)    0    0  14.70599340  0 0.400   9.79146942
(-9.2785604, -1.4272231, 51.2949940, -0.5997477,  0.4322084, -0.5653464,  0.3658990)    0    0  17.02473348  7 0.480  11.33579506
(-13.7963509, -3.3127409, 47.8523079, -0.7497672, -0.3011705, -0.5154296, -0.2854430)    0    0  14.96521641  0 5.000   9.97681094
(-9.1257891, -1.4304516, 51.1490653, -0.5997477,  0.4322084, -0.5653464,  0.3658990)    0    0  16.97465452  9 0.280  11.42053229
(-5.3703217, -4.9205558, 47.2018448,  0.2437850,  0.1586480,  0.7467165,  0.5981756)    0    0  17.25414909  4 0.160  11.78938096
(-13.6910563, -3.2212691, 47.8125976, -0.7497672, -0.3011705, -0.5154296, -0.2854430)    0    0  14.80477347  0 0.400   9.92896689
(-12.7350072, -2.8622892, 44.7139229, -0.7821810, -0.4689349, -0.0192390, -0.4097839)    0    0  13.17995488 10 0.000   8.98893816
(-1.0485459, -3.9870189, 48.6083521, -0.1586395, -0.6620208,  0.4570034, -0.5724595)    0    0  16.93455782  5 3.320  11.46830959
(-5.4172934, -4.8033803, 47.6697526,  0.2437850,  0.1586480,  0.7467165,  0.5981756)    0    0  17.49481417  4 0.960  11.59848220
(-2.6616637,  0.4770656, 42.0648611, -0.9028904, -0.1782691,  0.3618402,  0.1485957)    0    0  28.09955978  1 0.440  19.01460658
(-7.9525917,  5.5630223, 40.9053126, -0.2215808, -0.5886642,  0.0227694, -0.7770830)    0    0  20.61348223  5 0.400  13.96907209
(-9.5947218, -1.6262496, 49.6748436,  0.5225471,  0.0487760,  0.7255850,  0.4450751)    0    0  14.36875155  0 2.600   9.61095980
(-6.0466393,  5.2570241, 45.2111361, -0.4759298,  0.6679679, -0.1662657, -0.5474171)    0    0  20.85568713  6 4.920  13.70383604
(-11.9039870, -2.6193997, 45.1689000, -0.7821810, -0.4689348, -0.0192394, -0.4097839)    0    0  13.08155413  6 0.240   8.53121405
(-8.7894349, -1.4102081, 51.1618850, -0.5997477,  0.4322084, -0.5653464,  0.3658991)    0    0  17.08140146  3 0.720  11.41934185
(-12.1930908, -2.8268587, 45.0874173, -0.7821807, -0.4689352, -0.0192373, -0.4097841)    0    0  13.61036874  1 1.200   9.20368197
(-11.4534813, -0.3393434, 36.1786307,  0.8394642,  0.0687734,  0.2319681,  0.4865808)    0    0  15.78057929  1 5.000  11.08869998
(-5.5383575, -4.2595361, 47.9040267,  0.2437850,  0.1586480,  0.7467165,  0.5981756)    0    0  17.26509471  6 0.320  11.54284825
(-8.8374079, -1.3799915, 51.1928406, -0.5997477,  0.4322084, -0.5653464,  0.3658991)    0    0  17.04697031  5 1.520  11.31943921
(-5.6868246, -4.1662886, 47.7798777,  0.2437850,  0.1586480,  0.7467165,  0.5981756)    0    0  17.47942114  5 0.640  11.57824477
(-12.8400811, -2.9412992, 45.2950872, -0.7821809, -0.4689349, -0.0192388, -0.4097839)    0    0  12.78440759  1 0.640   8.23322293
(-8.9715275, -1.3057544, 51.2806238, -0.5997477,  0.4322084, -0.5653464,  0.3658991)    0    0  17.36281508  0 4.320  11.57680710
(-5.5269425, -5.0337462, 47.9716776,  0.2437850,  0.1586480,  0.7467165,  0.5981756)    0    0  17.13880257  0 0.560  11.28576318
(-5.9135453, -4.8463813, 47.6155982,  0.2437850,  0.1586480,  0.7467165,  0.5981756)    0    0  17.16429036 10 0.000  11.40604979
(-9.1538673, -1.2660670, 51.5018304, -0.5997477,  0.4322084, -0.5653464,  0.3658991)    0    0  17.05917507  3 0.560  11.42372741
(-2.2889317,  0.7985762, 42.0037216, -0.9028904, -0.1782691,  0.3618402,  0.1485957)    0    0  27.98673987  5 0.680  18.63435762
(-14.3684137,  1.9954426, 40.0540352,  0.7497538,  0.6411456,  0.0725970, -0.1467355)    0    0  20.89041696  2 5.000  13.82471542
(-5.3824629, -4.7861323, 48.0118889,  0.2437850,  0.1586480,  0.7467165,  0.5981756)    0    0  17.16072409  9 0.080  11.42686242
(-13.6936038, -3.7307123, 47.8483544, -0.7497054, -0.3011979, -0.5155944, -0.2852786)    0    0  14.73942915  1 0.640   9.73571151
(-9.6680713, -2.2502219, 49.7155675,  0.4903650,  0.0630756,  0.7328767,  0.4673921)    0    0  13.12104056  7 3.320   8.62820099
(-7.9292045,  5.6226217, 40.4568341, -0.2215786, -0.5886694,  0.0227710, -0.7770797)    0    0  20.74702955  6 0.600  13.89868658
(-13.8138241, -3.0037250, 47.6474250, -0.7497673, -0.3011705, -0.5154296, -0.2854430)    0    0  14.56843277  0 0.400   9.64644544
(-13.9418141, -3.1599205, 48.0259236, -0.7497498, -0.3011783, -0.5154760, -0.2853968)    0    0  14.76103195  7 0.240   9.87795842
(-8.2487390,  5.5420554, 40.6117506, -0.2215786, -0.5886694,  0.0227710, -0.7770797)    0    0  21.04133857  2 5.000  14.02802735
(-1.2516287, -4.0439810, 48.7804182, -0.1586395, -0.6620208,  0.4570034, -0.5724595)    0    0  16.76265321  7 4.840  10.98029506
(-5.0725241, -4.7396660, 47.8142703,  0.2437850,  0.1586480,  0.7467165,  0.5981756)    0    0  17.34655717  7 0.240  11.65648817
(-5.2180426, -4.7112080, 47.6923105,  0.2437850,  0.1586480,  0.7467165,  0.5981756)    0    0  17.44716023  2 0.640  11.72862478
(-2.0416553,  0.6496715, 41.9082351, -0.9028904, -0.1782691,  0.3618402,  0.1485957)    0    0  27.86960715  0 0.480  18.49333521
(-12.4695646, -2.9696306, 44.9581330, -0.7821810, -0.4689348, -0.0192393, -0.4097839)    0    0  13.31606770  5 0.560   8.75035357
(-11.5023672, -0.8735745, 36.5510503,  0.8394642,  0.0687734,  0.2319681,  0.4865808)    0    0  15.30147462  3 5.000   9.85873778
(-9.6246053, -1.8238726, 49.6937447,  0.5225581,  0.0487710,  0.7255823,  0.4450672)    0    0  14.19191642  5 3.960   9.34236227
(-2.7371248,  0.9663799, 41.7877843, -0.9028904, -0.1782691,  0.3618402,  0.1485957)    0    0  28.11490545  5 0.640  18.93149406
(-13.8028523, -3.2044094, 47.6854395, -0.7497672, -0.3011705, -0.5154296, -0.2854430)    0    0  14.83695672  4 0.720   9.86456811
(-14.5341343,  1.5299307, 40.0718713,  0.7497538,  0.6411456,  0.0725970, -0.1467355)    0    0  21.01126276  1 5.000  14.11859314
(-12.6173721, -3.3463263, 44.8216347, -0.7821808, -0.4689351, -0.0192379, -0.4097841)    0    0  13.08475942  0 0.400   8.67089689
(-12.7761763, -2.9822415, 45.0294148, -0.7821808, -0.4689351, -0.0192380, -0.4097840)    0    0  13.21110139  5 0.480   8.71463823
(-9.4980551, -1.2562552, 49.7118282,  0.5225584,  0.0487708,  0.7255822,  0.4450670)    0    0  14.31706244  3 1.240   9.63444317
(-2.4188830,  0.6440897, 41.7567872, -0.9028904, -0.1782691,  0.3618402,  0.1485957)    0    0  28.32380401  1 0.880  19.07278155
(-5.9169833, -4.8630504, 47.7568719,  0.2437850,  0.1586480,  0.7467165,  0.5981756)    0    0  16.96442492  0 0.400  11.53269842
(-11.4656035, -0.7237043, 36.4235423,  0.8394642,  0.0687734,  0.2319681,  0.4865808)    0    0  15.14565121  4 5.000   9.37072330
(-5.8959568, -4.8648134, 47.7372991,  0.2437850,  0.1586480,  0.7467165,  0.5981756)    0    0  17.22639030  8 0.320  11.39260602
(-12.6862548, -3.2834313, 44.9152465, -0.7821811, -0.4689347, -0.0192397, -0.4097838)    0    0  13.45329748  3 0.640   9.10097389
(-12.4953136, -2.9867658, 44.9347146, -0.7821806, -0.4689354, -0.0192364, -0.4097843)    0    0  13.58579370  2 3.200   9.18070851
