#Coordinates  RecID  LigID  Luciferin  Neighbor's number  Vision Range  Scoring
(16.6709447, -20.4737723, 29.8797127, -0.1853505,  0.8261550, -0.2308737, -0.4793760)    0    0  12.26567478  0 0.680   9.15583264
(13.1779534, -19.5766913, 13.9553045,  0.9292196,  0.0608064,  0.3323315,  0.1496972)    0    0 -20.90191262  7 4.760  -3.75342430
(16.5560139, -20.6573456, 29.6034766, -0.1850376,  0.8260869, -0.2307308, -0.4796915)    0    0  11.12017278 17 1.880   6.22417888
( 8.1473240, -21.3560109, 16.5609688, -0.1070991, -0.8794399, -0.1054901, -0.4516493)    0    0 -11.09134885  1 0.680  -6.64543801
(16.9168631, -26.9946012, 21.3635016, -0.4935751, -0.7217628, -0.1811756, -0.4501306)    0    0  -3.98964093  2 4.760  -2.31918715
(13.8926186, -23.6091829, 27.5169028,  0.1011942,  0.9665906,  0.1852570, -0.1454033)    0    0  13.52996295  9 0.760   9.52941748
(19.9468829, -20.5359869, 27.6479749, -0.2778093,  0.1492634, -0.7998331, -0.5106950)    0    0  14.44477385  7 4.120   9.14252683
(14.5493705, -24.1262186, 28.1371905,  0.1009078,  0.9667434,  0.1845964, -0.1454251)    0    0  12.34247692  1 0.360   9.27637285
( 8.0045010, -21.2275366, 16.8916142, -0.1070268, -0.8798263, -0.1050876, -0.4510073)    0    0  -5.61698921  3 5.000  -2.90290005
( 8.3764730, -21.0650397, 16.7937822, -0.1070607, -0.8796636, -0.1052652, -0.4512750)    0    0  -7.43603783  9 1.400  -3.04126473
(17.6822700, -16.7277539, 22.0698794, -0.0956966,  0.8147568,  0.2752860,  0.5012284)    0    0   0.38986891  5 0.760  -0.03486533
(20.0513782, -20.2758788, 27.3843474, -0.2777992,  0.1492547, -0.7998453, -0.5106840)    0    0  16.25653320  4 5.000  11.24116139
(17.5064599, -16.4835132, 21.9388695, -0.0939747,  0.8163035,  0.2763161,  0.4984643)    0    0  -7.62479989  9 0.440   0.38915587
(11.2924225, -20.9858634, 27.5620060,  0.0851935,  0.9677397,  0.2247055, -0.0744309)    0    0  15.16053581  0 0.400  11.00894917
(17.5418817, -16.5221934, 21.9372022, -0.0959104,  0.8145501,  0.2751449,  0.5016019)    0    0   0.35237811  7 4.040  -0.13940580
(11.4117692, -21.0196835, 27.4507590,  0.0862909,  0.9677093,  0.2220067, -0.0823193)    0    0  16.03841700  0 0.400  11.18827986
(12.5531486, -19.3919792, 26.6976259,  0.0389209,  0.8533635,  0.2774728,  0.4396179)    0    0   1.72816274  0 1.480   2.29056054
(14.1268231, -24.7227483, 16.1435804,  0.8929255,  0.2944301,  0.2109405,  0.2673872)    0    0 -17.73651573  0 5.000 -10.10834682
( 8.4803892, -21.0128202, 16.9100099, -0.1070434, -0.8797887, -0.1051307, -0.4510667)    0    0  -5.93312096  5 1.320  -3.10406073
(11.6451382, -21.1857983, 27.4584946,  0.0868930,  0.9677664,  0.2204630, -0.0852859)    0    0  17.86501658  5 0.280  12.86990618
(14.0931938, -24.3527298, 27.8457993,  0.1011901,  0.9665929,  0.1851810, -0.1454877)    0    0  13.91195597  4 0.360   9.92324176
(11.4730453, -21.0157630, 27.4428127,  0.0866959,  0.9677498,  0.2209407, -0.0843804)    0    0  18.21764702  6 0.440  13.13323898
( 8.6307010, -23.6537754, 22.2437343,  0.0059426, -0.3283125, -0.6188959, -0.7135429)    0    0   3.31044030  2 1.880   2.62024136
(20.2681472, -18.5697655, 19.3313298,  0.1014415,  0.9148173,  0.3602527,  0.1517794)    0    0  -5.02983550  1 2.840  -3.32407077
(17.1579832, -21.1779963, 30.0100182, -0.1836601,  0.8250396, -0.2323098, -0.4812592)    0    0  14.80947667  0 1.800  10.36454149
(14.1591196, -24.5384216, 27.5485423,  0.0983107,  0.9671401,  0.1922056, -0.1335010)    0    0  11.52145911  0 0.400   8.95776745
(13.6106511, -23.9835937, 27.5105091,  0.1010923,  0.9666137,  0.1853217, -0.1452355)    0    0  14.23735886  2 0.760  10.02927323
(11.0583113, -20.6014943, 27.4605906,  0.0838001,  0.9676874,  0.2282263, -0.0668680)    0    0  11.34898864 21 0.000  11.61886295
(19.0471178, -15.3556708, 28.1516160, -0.1295233,  0.6567638,  0.0388407, -0.7418736)    0    0   6.43875504  1 5.000   4.26904883
(14.1294618, -24.6777139, 16.1305611,  0.9223170,  0.1682371,  0.2810015,  0.2050994)    0    0 -22.68629912  7 4.840 -21.23143433
( 8.2227201, -21.3030462, 16.6776893, -0.1070352, -0.8797745, -0.1051583, -0.4510899)    0    0  -4.83216079  1 5.000  -2.11891582
( 8.4000707, -22.8958199, 22.6184640,  0.0059342, -0.3284127, -0.6188398, -0.7135455)    0    0   3.08573801  3 4.520   2.43411885
( 8.6142074, -20.9183624, 16.8830983, -0.1070447, -0.8797025, -0.1052174, -0.4512142)    0    0  -7.15856778  7 0.440  -2.69708749
(11.6685536, -21.1131437, 27.5345430,  0.0828295,  0.9677229,  0.2301453, -0.0606625)    0    0  15.71254293  0 0.400  11.06317473
(14.0287121, -23.9573418, 27.5217898,  0.1012871,  0.9665636,  0.1848942, -0.1459792)    0    0  12.61733962 19 0.040   7.54023420
(13.8014040, -24.9132616, 16.1074732,  0.8930684,  0.2942456,  0.2109312,  0.2671259)    0    0 -19.02656656  2 5.000 -10.07467556
( 8.5942299, -23.2154813, 22.3997771,  0.0059480, -0.3282414, -0.6189348, -0.7135418)    0    0   3.79714534  0 5.000   2.53382115
(17.0955131, -21.1671662, 29.5836727, -0.1838459,  0.8251682, -0.2321356, -0.4810522)    0    0  14.57393631  1 1.160  10.41986982
(14.2553717, -24.6481234, 16.1918843,  0.9025281,  0.2634426,  0.2289077,  0.2522742)    0    0 -21.10952197  5 5.000 -12.58739760
(17.9215737, -17.1192967, 22.0164794, -0.0958341,  0.8146220,  0.2751907,  0.5014745)    0    0   1.21120727  1 0.920   1.57451629
(13.0467315, -19.0773660, 13.7181448,  0.8687578, -0.2251003,  0.4410462, -0.0082043)    0    0  -1.05858186  1 5.000  -0.11082772
(15.9329318, -16.6089650, 13.7821706, -0.0333703, -0.3140889, -0.2309619,  0.9202669)    0    0 -42.54472264  3 5.000 -28.61610092
(11.0526191, -21.2402294, 27.7232908,  0.0840420,  0.9681784,  0.2272077, -0.0628022)    0    0  13.62674621 17 0.000  10.98938560
(11.5330280, -21.4463526, 27.6564883,  0.0862757,  0.9678172,  0.2219566, -0.0812779)    0    0  16.61004315 14 0.000  10.98647119
(10.7915599, -20.2701345, 27.3836912,  0.0837485,  0.9675974,  0.2286065, -0.0669367)    0    0  10.85545643  0 0.440  11.86099094
(16.4558253, -20.7065922, 29.6232960, -0.1848778,  0.8258534, -0.2311865, -0.4799364)    0    0  13.06347505  2 0.840   8.83375595
(10.9399262, -20.8710532, 27.8892300,  0.0859712,  0.9677159,  0.2226689, -0.0809489)    0    0  17.59481888  0 0.400  13.22961488
( 8.2754357, -21.5072411, 16.6534241, -0.1070513, -0.8797170, -0.1052222, -0.4511832)    0    0  -8.52246670 10 0.040  -3.53254072
(11.1377934, -21.1468349, 27.6649345,  0.0867385,  0.9677636,  0.2208118, -0.0845664)    0    0  18.01984896  7 1.960  11.59684991
(14.0578899, -24.3559679, 27.9303419,  0.0974667,  0.9673827,  0.1947576, -0.1293847)    0    0  11.31317380  0 0.400   8.92602729
(17.6280464, -16.6107366, 21.8997041, -0.0960719,  0.8144128,  0.2750500,  0.5018460)    0    0   0.79310781  3 5.000   0.10983543
(20.2978254, -18.8496087, 19.4764701,  0.1015090,  0.9148228,  0.3602662,  0.1516411)    0    0  -4.88059546  0 4.040  -3.16551547
(13.8588770, -24.3297174, 27.9085924,  0.0990883,  0.9670645,  0.1906285, -0.1363605)    0    0  11.86414940 14 0.000   8.88299522
(11.4023283, -20.8319340, 27.4464042,  0.0868784,  0.9677751,  0.2204824, -0.0851254)    0    0  17.05421271 12 0.040  13.01850307
( 8.7934712, -23.1598437, 22.4313215,  0.0058909, -0.3289433, -0.6185352, -0.7135655)    0    0   1.72764194 12 2.040   0.14727740
( 8.5051283, -23.0181020, 22.5246315,  0.0059398, -0.3283512, -0.6188746, -0.7135435)    0    0   2.54520148  6 1.000   2.28858503
(16.6454057, -20.6908858, 30.0811781, -0.1849021,  0.8259739, -0.2309183, -0.4798475)    0    0  13.41924572  7 3.720   9.81767217
(17.0897719, -21.1177737, 30.0768097, -0.1843647,  0.8256184, -0.2314049, -0.4804322)    0    0  13.23324893  4 0.520   9.88924182
( 8.4274954, -21.2633910, 16.9553172, -0.1070403, -0.8793924, -0.1054919, -0.4517549)    0    0 -11.52356658  6 0.200  -0.72956910
(11.5071975, -20.8489711, 27.3791906,  0.0872438,  0.9677874,  0.2196154, -0.0868630)    0    0  18.47369489  2 2.360  13.20132500
(16.8816159, -26.7448351, 21.6540139, -0.4935898, -0.7217623, -0.1811538, -0.4501240)    0    0  -3.69485819  0 5.000  -2.40372035
( 8.8034029, -21.0518984, 17.2367758, -0.1070183, -0.8798525, -0.1050723, -0.4509616)    0    0  -5.26029011  2 5.000  -2.89456147
(16.7930906, -20.9270029, 29.7692002, -0.1852327,  0.8261429, -0.2307718, -0.4794997)    0    0  11.96330234  3 0.440   9.71258727
(16.5812980, -20.6565816, 29.7753857, -0.1847898,  0.8259203, -0.2309816, -0.4799525)    0    0  12.40993418 12 4.440   6.71290907
( 8.4817851, -23.6226261, 21.9970485,  0.0058627, -0.3294495, -0.6182367, -0.7135908)    0    0   1.44966607 12 0.120   2.28121495
(13.9517987, -24.6415963, 27.1359357,  0.0978149,  0.9677558,  0.1874189, -0.1369316)    0    0   6.03080342  9 0.680   4.29295897
( 8.4224515, -21.0309752, 16.8571230, -0.1070518, -0.8796501, -0.1052949, -0.4512964)    0    0  -7.28728495  6 0.520  -3.12160385
(12.3549474, -19.5930936, 26.7766795,  0.0392311,  0.8545045,  0.2773206,  0.4374588)    0    0   0.86696605  1 1.320   1.96040456
(14.0491813, -23.9712454, 27.9319576,  0.1000245,  0.9669452,  0.1865546, -0.1421541)    0    0  12.21631650 10 0.000   8.96091540
(12.3770754, -20.3015768, 26.9922408,  0.0691963,  0.9553939,  0.2542090,  0.1334623)    0    0  -0.14664382  1 0.720   0.27990114
(12.7835935, -19.1383397, 26.6262775,  0.0396621,  0.8574261,  0.2776539,  0.4314363)    0    0  -0.98148999  5 0.600   0.26898086
(12.0681822, -20.0316519, 26.8691082,  0.0579033,  0.9309205,  0.2691329,  0.2400035)    0    0   0.47575675  3 1.320   0.84243683
( 8.7638759, -23.5905379, 22.1623997,  0.0059467, -0.3282589, -0.6189252, -0.7135421)    0    0   3.66163962  1 5.000   2.58162071
( 8.7645218, -23.5932942, 22.1499414,  0.0058845, -0.3290562, -0.6184673, -0.7135719)    0    0   2.03558151  0 0.400   2.39698524
(18.6799473, -15.2014742, 28.1970196, -0.1294151,  0.6569828,  0.0387218, -0.7417047)    0    0   3.28403818  6 3.960  -0.12214793
(11.0301328, -21.2029608, 27.7820927,  0.0867108,  0.9677628,  0.2208927, -0.0843866)    0    0  16.60727851 12 0.000  10.84139848
(20.0637031, -20.9785642, 27.3954603, -0.2778227,  0.1492751, -0.7998172, -0.5107093)    0    0  17.01315615  1 5.000  11.65926246
( 8.3976046, -23.4549053, 22.2718948,  0.0059109, -0.3286875, -0.6186800, -0.7135576)    0    0   2.81415991  5 0.280   2.83192779
( 8.2661063, -23.2750711, 22.5323958,  0.0059252, -0.3288464, -0.6185765, -0.7135738)    0    0   2.87635744  4 0.520   2.78519191
(10.8127860, -21.5270967, 27.9209329,  0.0868706,  0.9677686,  0.2205045, -0.0851640)    0    0  18.32271417  3 4.360  13.00049481
(14.0154042, -24.8251256, 27.1488392,  0.0983039,  0.9675993,  0.1871210, -0.1381040)    0    0   5.62081016  1 0.720   4.78785085
(17.5126841, -16.4922882, 21.9494276, -0.0938528,  0.8164552,  0.2763462,  0.4982089)    0    0  -0.76733053  0 0.400   1.16273568
(17.1536463, -21.1747426, 30.0037375, -0.1839161,  0.8252243, -0.2320720, -0.4809596)    0    0  12.94808222 10 0.600   9.69585857
(19.1601692, -15.4421382, 28.2378114, -0.1293866,  0.6569685,  0.0388398, -0.7417162)    0    0   2.54686615  7 2.760  -0.24932465
(13.9904773, -23.6381577, 27.4758338,  0.1012729,  0.9665669,  0.1849430, -0.1459051)    0    0  13.02577528  4 0.200   9.47637728
( 8.7074186, -23.3969818, 22.2955642,  0.0059217, -0.3285687, -0.6187533, -0.7135488)    0    0   1.62405661 13 3.000   0.36625757
( 8.5642992, -23.1449869, 22.4464087,  0.0059275, -0.3285109, -0.6187836, -0.7135491)    0    0   2.43935262  1 0.600   2.34982573
(18.5832893, -15.2476875, 28.0892658, -0.1295091,  0.6567942,  0.0388154, -0.7418504)    0    0   5.99720145  3 4.920   4.60572429
(11.4847007, -20.9230960, 27.4117089,  0.0868762,  0.9677716,  0.2204500, -0.0852543)    0    0  18.25782388  4 0.520  13.25945290
(10.7306746, -20.5399555, 27.6880634,  0.0850902,  0.9677105,  0.2247500, -0.0758957)    0    0  16.18841613  0 0.840  10.98318290
(17.5813180, -16.8151072, 22.1784581, -0.0953418,  0.8150840,  0.2754684,  0.5006623)    0    0   0.20167627  9 0.600  -0.74733115
(14.0541698, -24.5014970, 27.5979892,  0.1011806,  0.9665925,  0.1851807, -0.1454967)    0    0  13.12372436  3 0.760   9.09120221
( 8.0430165, -20.9868548, 16.5084586, -0.1070371, -0.8798079, -0.1051193, -0.4510333)    0    0  -7.04540484  6 4.680  -3.55216659
(20.0707645, -21.3403218, 27.3871491, -0.2778006,  0.1492553, -0.7998463, -0.5106815)    0    0  15.50887795  5 2.120  11.26779017
(11.0613753, -21.1598263, 27.6801210,  0.0848451,  0.9678915,  0.2252809, -0.0711486)    0    0  15.73506117  0 0.400  10.65952487
(14.7261894, -24.3846874, 16.4339264,  0.8781969,  0.3249494,  0.2108361,  0.2805821)    0    0 -27.39397401  8 3.320 -18.20209476
(10.9013721, -21.0339779, 27.8483580,  0.0866228,  0.9677457,  0.2211102, -0.0840701)    0    0  17.74893974  9 1.800  11.58061314
(11.1916862, -20.5402148, 27.3581015,  0.0792261,  0.9677856,  0.2383662, -0.0171977)    0    0   3.87178065  3 0.760   6.10298699
(20.3158772, -18.6210777, 19.4445572,  0.0718444,  0.9100464,  0.3512282,  0.2080689)    0    0 -14.68067190 11 0.680 -11.61422874
(17.8687914, -16.8057334, 21.7438196, -0.0961263,  0.8143660,  0.2750265,  0.5019244)    0    0   0.69842601  5 3.000   1.21357437
(17.2847475, -21.2855825, 30.0805021, -0.1838343,  0.8251870, -0.2320682, -0.4810567)    0    0  14.44120650  2 3.240  10.11844446
(14.2098458, -24.1805292, 27.0888198,  0.1012855,  0.9665636,  0.1849634, -0.1458926)    0    0  13.58436389  6 0.200   9.55391680
(20.4733955, -18.8569488, 19.2019315,  0.0980419,  0.9144464,  0.3592782,  0.1582796)    0    0  -7.83624567  8 0.520  -3.39679960
( 8.1914537, -23.0734190, 22.3568413,  0.0059342, -0.3284128, -0.6188363, -0.7135485)    0    0   2.42842164  8 2.360   2.44264942
(15.9363153, -16.6061911, 13.7870377, -0.0333686, -0.3140880, -0.2309635,  0.9202669)    0    0 -41.91823139  0 5.000 -27.94157619
(12.8328968, -18.3569790, 13.3220526,  0.8688247, -0.2249469,  0.4409940, -0.0081146)    0    0  -1.87925550  2 5.000   0.61332267
( 8.6501042, -23.3110069, 22.3351569,  0.0059291, -0.3284796, -0.6188034, -0.7135464)    0    0   1.82386921 11 4.440   0.07349501
(20.0240272, -18.6109626, 19.1971298,  0.0988770,  0.9145476,  0.3595358,  0.1567014)    0    0  -6.72962630  6 0.520  -3.23926838
(20.0986291, -18.6805527, 19.2482742,  0.0977785,  0.9144164,  0.3592056,  0.1587881)    0    0  -6.97707818  4 0.600  -3.04212772
(16.9089535, -20.9664201, 29.8722791, -0.1843096,  0.8255525, -0.2315163, -0.4805132)    0    0  13.69415960  6 1.640   9.25934915
(14.2038227, -24.5481386, 27.4266445,  0.1008886,  0.9666984,  0.1854923, -0.1445891)    0    0  13.14959978 10 0.200   9.36706428
(18.4625930, -15.2413214, 28.0855714, -0.1295041,  0.6567853,  0.0388516, -0.7418573)    0    0   4.73207677  4 5.000   2.23898584
(10.9241098, -21.4134962, 27.7819678,  0.0852636,  0.9679163,  0.2242552, -0.0739948)    0    0  16.36279639  0 0.400  12.17187917
( 8.6309362, -22.9930171, 22.6311637,  0.0059464, -0.3296541, -0.6180618, -0.7136471)    0    0   1.18130790  0 0.400   0.26127754
( 8.3798862, -21.3688606, 16.8415169, -0.1070380, -0.8797656, -0.1051633, -0.4511053)    0    0  -7.82735525 10 4.040  -3.20209358
(15.8201905, -16.6897667, 13.6890335, -0.0333805, -0.3140938, -0.2309528,  0.9202671)    0    0 -42.19752782  1 5.000 -28.01165574
(16.1534036, -16.4499515, 13.9702509, -0.0334150, -0.3141098, -0.2309224,  0.9202681)    0    0 -42.41481297  2 5.000 -28.21843314
( 8.9230736, -23.1353800, 22.5652455,  0.0058809, -0.3290915, -0.6184462, -0.7135745)    0    0   1.29294143  0 0.600   0.24772048
(17.7834797, -16.6428623, 21.7008777, -0.0954381,  0.8149843,  0.2754202,  0.5008333)    0    0   1.15864352  2 2.520   1.76645233
(13.9506392, -24.6945038, 27.0479972,  0.0982917,  0.9676064,  0.1865159, -0.1388573)    0    0   8.65729944  0 0.520   8.96889101
(18.7883345, -15.2954210, 28.1168223, -0.1295296,  0.6567566,  0.0388362, -0.7418791)    0    0   6.56207035  0 5.000   4.39235197
( 8.4459303, -20.6654370, 16.6448054, -0.1070285, -0.8796285, -0.1052591, -0.4513525)    0    0 -11.52767116  9 0.120  -3.44708860
(16.5285654, -26.9670297, 21.8500487, -0.4935791, -0.7217819, -0.1811331, -0.4501126)    0    0  -3.89874873  1 5.000  -2.40387780
(20.0671410, -21.4656885, 27.4168813, -0.2778095,  0.1492636, -0.7998330, -0.5106951)    0    0  16.57713810  3 5.000  10.97038656
(13.8834562, -23.7618756, 27.7552652,  0.1012915,  0.9665633,  0.1848872, -0.1459865)    0    0  13.91931240  4 3.880   9.53425634
(11.0807610, -20.5880729, 27.4772231,  0.0841563,  0.9675629,  0.2274113, -0.0692963)    0    0  14.29260394  0 0.440  11.59341259
(18.5632298, -15.2430121, 28.0865567, -0.1294607,  0.6568747,  0.0388164, -0.7417876)    0    0   6.06435869  2 4.360   4.61355146
(13.9430657, -23.9057898, 27.6224037,  0.1012800,  0.9665655,  0.1849056, -0.1459563)    0    0  14.36381202  0 3.400   9.93509258
(20.3563947, -18.5064843, 19.7888483,  0.0392526,  0.9005232,  0.3397398,  0.2684200)    0    0 -15.78722352  1 0.600 -11.42973430
(17.5647563, -16.4935792, 21.8482962, -0.0949069,  0.8154827,  0.2757188,  0.4999534)    0    0   0.01635851  7 0.280  -0.46563876
(12.5261773, -19.4878050, 26.7333968,  0.0391007,  0.8556170,  0.2779754,  0.4348474)    0    0  -0.08900140  3 1.080   0.88744663
(19.9954715, -18.5675582, 19.8257884,  0.0289759,  0.8966080,  0.3357952,  0.2872213)    0    0 -12.07879381 10 2.200  -9.84312850
(20.0563612, -20.5795504, 27.3900934, -0.2778154,  0.1492688, -0.7998259, -0.5107014)    0    0  16.65358479  2 5.000  10.87609649
(10.2316499, -19.9266749, 27.3658346,  0.0814726,  0.9674852,  0.2342535, -0.0495984)    0    0   0.22700948 11 1.480   5.84541257
(20.3343132, -18.8813144, 19.5135847,  0.1006855,  0.9147412,  0.3600438,  0.1532194)    0    0  -5.58205602  4 0.920  -2.82412561
(11.3996432, -20.8762933, 27.4913641,  0.0872233,  0.9677865,  0.2196684, -0.0867594)    0    0  18.51355496  1 5.000  13.04382903
(12.5129382, -19.9214484, 26.3526129,  0.0389791,  0.8523269,  0.2769131,  0.4418945)    0    0  -0.74666257  3 0.840   2.52979969
(10.9043348, -21.1757300, 27.7597483,  0.0869982,  0.9677731,  0.2202190, -0.0857282)    0    0  18.23282140  5 2.360  12.89554578
(14.0188809, -24.0930063, 27.5673173,  0.1012763,  0.9665672,  0.1849022, -0.1459525)    0    0  13.74813750  7 2.360   9.09971954
(17.0722457, -16.1872896, 22.0628637, -0.0943877,  0.8158601,  0.2760728,  0.4992438)    0    0  -4.40441145  8 0.200   0.39493946
(17.7263805, -16.7030056, 21.8467278, -0.0960584,  0.8144194,  0.2750548,  0.5018234)    0    0   2.45250733  0 5.000   1.70938800
(20.0342965, -18.6298753, 19.1642439,  0.0900849,  0.9134310,  0.3569498,  0.1735377)    0    0 -12.95818359  9 0.360  -7.59609729
(18.7858997, -17.7526252, 21.0354987, -0.0780290,  0.8303972,  0.2851660,  0.4722629)    0    0  -9.50372437  3 2.040  -5.80982008
(12.4624039, -19.8758108, 26.8003543,  0.0394722,  0.8565762,  0.2776363,  0.4331682)    0    0  -3.02069183  7 0.760   2.52876232
(16.8965350, -20.9594596, 29.8606478, -0.1840957,  0.8253955, -0.2317698, -0.4807429)    0    0  14.14981193  4 3.400  10.23754884
(11.4265154, -20.8089908, 27.4420190,  0.0828213,  0.9683195,  0.2299487, -0.0512018)    0    0  13.39203375 18 0.000  11.40164882
(14.2429613, -24.7207137, 16.2977664,  0.8905334,  0.2983758,  0.2125567,  0.2696531)    0    0 -18.62882002  1 4.040  -7.92466498
(17.0741015, -26.5521903, 21.6123338, -0.4935591, -0.7218201, -0.1810922, -0.4500898)    0    0  -5.06957598  5 5.000  -2.62979179
(10.7821380, -20.6465535, 27.7697739,  0.0834500,  0.9675715,  0.2289742, -0.0654407)    0    0  13.95693796  2 0.840  11.45087435
( 8.9670113, -23.8648714, 21.9592580,  0.0058808, -0.3290391, -0.6184836, -0.7135661)    0    0   2.29580087  0 0.640   1.74087498
(13.9697105, -23.9697259, 27.4311416,  0.1012282,  0.9665799,  0.1850899, -0.1456635)    0    0  14.07778240  3 1.000   9.56292384
(16.7604271, -20.8286882, 29.8470807, -0.1844245,  0.8256283, -0.2314173, -0.4803861)    0    0  13.90220165  5 4.200   9.68652811
(17.5900675, -16.8243321, 22.1719468, -0.0954661,  0.8149599,  0.2754069,  0.5008748)    0    0   0.25506624  8 4.040  -0.15147461
(16.4892359, -20.7729400, 29.9954973, -0.1858467,  0.8264912, -0.2304084, -0.4788373)    0    0  11.66140389 12 0.120   9.30035955
( 8.3051860, -21.2263137, 16.7554825, -0.1070556, -0.8796856, -0.1052505, -0.4512367)    0    0  -4.61953708  0 2.520   0.24219997
(11.2935629, -20.9870941, 27.5621397,  0.0872795,  0.9677896,  0.2195314, -0.0870143)    0    0  19.97686099  0 5.000  13.35523473
(14.1619936, -23.9365175, 27.9155518,  0.1007328,  0.9667089,  0.1863654, -0.1434850)    0    0  13.02317170  2 0.640   9.19059301
(11.2403901, -20.9151558, 27.5742367,  0.0865254,  0.9677528,  0.2212816, -0.0836794)    0    0  16.45622618 16 3.000  10.51606597
(20.5652056, -18.9129521, 19.0606874,  0.1010226,  0.9147758,  0.3601413,  0.1525709)    0    0  -6.31563478  5 1.960  -3.19186959
( 7.7451809, -20.6288494, 16.4006612, -0.1070448, -0.8795129, -0.1053834, -0.4515443)    0    0 -15.32885482  0 0.760 -10.95615610
(20.3116885, -19.0145731, 19.5681662,  0.1011983,  0.9147965,  0.3601791,  0.1522406)    0    0  -5.05242596  2 1.800  -2.78427556
(14.2435402, -24.6529902, 16.1874656,  0.8937528,  0.2963780,  0.2048868,  0.2671072)    0    0 -22.15639838  5 3.080 -12.32528492
(17.5484729, -16.8402981, 22.2511601, -0.0948919,  0.8155261,  0.2757458,  0.4998770)    0    0  -1.19667450 13 0.000  -0.20953485
(16.9871258, -26.6638400, 21.6090940, -0.4935691, -0.7218013, -0.1811123, -0.4501009)    0    0  -4.73690080  4 5.000  -2.66770986
(13.8548782, -23.9921057, 27.5699110,  0.0995300,  0.9670764,  0.1864115, -0.1417190)    0    0  12.43377602 19 0.000   9.30474428
( 8.3357212, -21.2643078, 17.1527113, -0.1070186, -0.8798514, -0.1050729, -0.4509636)    0    0  -5.65097841  4 5.000  -3.14894388
(13.8253515, -23.5786262, 27.7308717,  0.1012500,  0.9665735,  0.1850056, -0.1457977)    0    0  14.28339324  1 2.200   9.79494045
(20.3873450, -18.9530988, 19.5876513,  0.1010880,  0.9147823,  0.3601574,  0.1524480)    0    0  -5.30849643  3 1.240  -3.00332742
(10.5978762, -19.9998012, 27.3042570,  0.0814573,  0.9671405,  0.2343963, -0.0532556)    0    0   3.17099002  3 1.160   7.49736820
(11.4729341, -21.1266394, 27.5199691,  0.0840421,  0.9681327,  0.2271979, -0.0635387)    0    0  12.75257007  5 0.520  10.62935074
(20.0879582, -20.6085896, 27.2212642, -0.2777955,  0.1492539, -0.7998498, -0.5106792)    0    0  15.47868656  6 3.880  11.78626528
(17.0364866, -26.6434733, 21.5716664, -0.4935850, -0.7217718, -0.1811435, -0.4501180)    0    0  -4.70805571  3 5.000  -2.61743964
(20.0581557, -20.6763024, 27.3913570, -0.2778285,  0.1492801, -0.7998102, -0.5107156)    0    0  17.03364591  0 5.000  11.35595743
(14.3069664, -24.1712535, 16.0222097,  0.9264949,  0.1356143,  0.2964982,  0.1878957)    0    0 -28.34701650  9 4.440 -23.09009571
(13.9298843, -24.1410193, 27.7338669,  0.1008275,  0.9667167,  0.1856615, -0.1442948)    0    0  12.95818532  1 0.680   9.26702962
(11.7184140, -20.2963291, 26.9999705,  0.0698335,  0.9582062,  0.2544363,  0.1105726)    0    0  -0.10015621  6 0.920  -2.01467372
(17.8004949, -16.8353399, 21.8706308, -0.0959813,  0.8144963,  0.2751015,  0.5016997)    0    0   0.75069917  4 0.840   0.67344733
(17.0531909, -21.0863774, 29.9614373, -0.1839619,  0.8252806, -0.2319316, -0.4809129)    0    0  14.43449497  3 1.880   9.88640316
(10.9896082, -21.1178813, 27.7996683,  0.0868308,  0.9677691,  0.2205625, -0.0850434)    0    0  17.49914160 11 3.080  11.26348960
(17.9850984, -17.2640063, 21.9179438, -0.0955501,  0.8148636,  0.2753614,  0.5010413)    0    0  -0.06668907  1 0.440  -0.05119777
(17.5325196, -16.4725708, 21.7123949, -0.0954144,  0.8150482,  0.2754261,  0.5007312)    0    0  -0.46179734  3 0.600   0.48659107
( 9.0906292, -23.4093474, 22.4631531,  0.0057866, -0.3304221, -0.6176775, -0.7136255)    0    0  -2.70633256  4 0.760  -2.85278633
( 9.0665176, -24.4901370, 27.5472225,  0.6061620, -0.5327120,  0.5142551, -0.2903916)    0    0  12.54643728  0 5.000   8.36429263
( 8.8564704, -23.6838800, 22.1219226,  0.0058401, -0.3297402, -0.6180710, -0.7136004)    0    0   0.38229938  3 0.560   0.04021399
(11.8444988, -20.0021451, 27.0765625,  0.0754793,  0.9649760,  0.2447329,  0.0568324)    0    0  -1.96551865 31 0.000  -5.67088810
(14.0704835, -24.3331484, 27.4766389,  0.1012898,  0.9665630,  0.1848936, -0.1459815)    0    0  13.43835476  8 0.680   8.65735751
(14.3278775, -24.2309168, 27.8519068,  0.1007898,  0.9667383,  0.1855968, -0.1442597)    0    0  12.79408097  1 0.760   8.70708320
(14.4676648, -24.4700954, 16.2503748,  0.9017782,  0.2659186,  0.2272263,  0.2538733)    0    0 -22.59053955  7 4.840 -15.28129717
(13.9674666, -23.9619603, 27.6057303,  0.0999925,  0.9669519,  0.1860236, -0.1428174)    0    0  13.13363664 11 0.200   9.39029627
( 8.3893219, -21.0869682, 16.9294584, -0.1070437, -0.8796304, -0.1052865, -0.4513387)    0    0 -10.08588832 12 0.160  -3.71187633
(18.5212839, -15.2332039, 28.0809391, -0.1294923,  0.6567966,  0.0388745, -0.7418482)    0    0   4.58821092  5 5.000   2.23869194
(16.1366251, -20.2794195, 29.3989049, -0.1853598,  0.8258358, -0.2316823, -0.4795414)    0    0  11.99585510  1 0.520   8.64608141
(14.1230245, -24.7248398, 16.1422532,  0.8923880,  0.2966689,  0.2085466,  0.2685648)    0    0 -19.57807866  3 4.040 -12.51808254
(14.1692985, -24.7440376, 27.2683905,  0.1009355,  0.9666535,  0.1857997, -0.1444535)    0    0  13.12775758  0 0.520   8.76619879
(16.2384904, -20.3599399, 29.6079688, -0.1848015,  0.8259340, -0.2309583, -0.4799371)    0    0  12.48429130 11 0.760   9.79468193
(13.0106591, -18.6719342, 13.5331045,  0.8684896, -0.2257393,  0.4412411, -0.0085955)    0    0   0.92675250  0 5.000   0.63795603
( 8.7829768, -23.1465642, 22.5549706,  0.0058622, -0.3304466, -0.6176195, -0.7136638)    0    0  -1.75437342 16 0.000  -0.00404961
( 8.5741372, -23.4125665, 22.2843406,  0.0058359, -0.3297166, -0.6180881, -0.7135954)    0    0   1.61869179  3 0.560   2.20512717
(11.1021176, -21.2816690, 27.6688678,  0.0848193,  0.9675996,  0.2254668, -0.0750165)    0    0  17.02010295  0 0.400  12.77226102
(14.2670268, -23.7568309, 27.8451838,  0.1008522,  0.9666736,  0.1860025, -0.1441315)    0    0  13.89842096  6 2.280   9.68141025
