#Coordinates  RecID  LigID  Luciferin  Neighbor's number  Vision Range  Scoring
(-6.7479904,  2.0540150, 44.1537805,  0.1214720,  0.0401561, -0.9055063, -0.4045868)    0    0  21.15878851  2 4.600  14.08996602
(-12.3010449,  5.0848234, 37.5199060,  0.7538570,  0.1339852, -0.6432140, -0.0048302)    0    0  30.00445656  1 0.720  19.83068375
(-12.6428330,  4.8626786, 37.0305239,  0.7538570,  0.1339852, -0.6432140, -0.0048302)    0    0  30.64819475 14 0.000  20.30543385
(-16.2238467, -4.4622198, 42.2901176,  0.3311779,  0.3541101, -0.8117435, -0.3255757)    0    0  20.03809800 11 0.000  13.51359912
(-7.1530475,  1.9258029, 44.2819640,  0.1214720,  0.0401561, -0.9055063, -0.4045868)    0    0  21.19757524  1 5.000  14.16303683
(-12.9633148,  5.9335246, 39.6834722, -0.0871797, -0.8175034, -0.0533135, -0.5667853)    0    0  23.80076452  8 2.880  15.61732654
(-19.6081872,  3.2690066, 40.5545142,  0.0443094, -0.8750035,  0.0025506, -0.4820779)    0    0  15.89580155  8 4.360  10.63827714
(-12.6968146,  4.2969147, 37.5687152,  0.7538570,  0.1339852, -0.6432140, -0.0048302)    0    0  31.02537634  0 0.400  20.87602008
(-17.4766847, -0.0774316, 47.0470097, -0.0947461, -0.8141479,  0.4522555, -0.3516409)    0    0  12.35446573  0 5.000   8.23631154
(-16.3625999, -3.9643843, 42.6595955,  0.3336356,  0.3535607, -0.8115404, -0.3241667)    0    0  20.25399225  5 1.920  13.50565306
(-17.5097713,  0.0514708, 47.2070337, -0.0947461, -0.8141479,  0.4522555, -0.3516409)    0    0  12.13261465  2 5.000   8.10913929
(-12.7747670,  5.8329772, 39.7488695, -0.0871794, -0.8175030, -0.0533135, -0.5667860)    0    0  23.73374226  0 0.400  15.98707730
(-17.5689796, -0.0582300, 47.0776047, -0.0947461, -0.8141479,  0.4522555, -0.3516409)    0    0  11.96986606  8 4.280   7.95906222
(-12.7373581,  3.9921294, 37.7006633,  0.7538570,  0.1339852, -0.6432140, -0.0048302)    0    0  29.57108878  8 0.160  19.43680999
(-6.5987934,  1.9561514, 43.7539029,  0.1214720,  0.0401561, -0.9055063, -0.4045868)    0    0  20.81601864  4 0.280  14.00115388
(-12.3984263,  4.7132878, 37.2790173,  0.7538570,  0.1339853, -0.6432140, -0.0048302)    0    0  31.39857893  1 5.000  20.98279385
(-12.8309688,  5.8799210, 39.8801995, -0.0871797, -0.8175034, -0.0533135, -0.5667853)    0    0  24.13365913  1 5.000  16.07579030
(-7.8814574,  3.7991512, 46.8984501,  0.2658723,  0.5187579, -0.1850129,  0.7911842)    0    0  15.63486894  2 5.000  10.34726648
(-12.4200198,  4.9395375, 37.2648006,  0.7538570,  0.1339853, -0.6432140, -0.0048302)    0    0  30.79544482 18 0.000  20.20221657
(-20.6424971, -1.5043524, 38.2995641,  0.1321344, -0.4809019, -0.4247730, -0.7555407)    0    0  27.33293180  8 0.240  18.11835277
(-12.5441291,  4.2793540, 37.4693697,  0.7538570,  0.1339853, -0.6432140, -0.0048302)    0    0  31.35295134  2 5.000  20.85238047
(-20.7409513, -1.5378741, 38.1953277,  0.1321344, -0.4809019, -0.4247730, -0.7555407)    0    0  27.44073850  7 2.520  18.33691986
(-12.3922910,  4.2327975, 37.6560352,  0.7538571,  0.1339852, -0.6432139, -0.0048302)    0    0  30.58514453  0 0.400  20.55172775
(-16.0990040, -4.4977554, 42.5013732,  0.3307628,  0.3542026, -0.8117771, -0.3258133)    0    0  19.93317949  1 0.560  12.98097959
(-20.2035865, -1.4975099, 38.3849407,  0.1321344, -0.4809019, -0.4247730, -0.7555407)    0    0  27.42161911  7 0.320  18.35970922
(-20.5453672, -1.3694178, 38.2604623,  0.1321344, -0.4809019, -0.4247730, -0.7555407)    0    0  26.63058979  7 0.520  17.46052017
(-12.4268434,  4.6904691, 37.5127642,  0.7538570,  0.1339852, -0.6432139, -0.0048302)    0    0  30.28606507  0 0.400  20.47358686
(-16.0549093,  0.1169129, 39.9875634,  0.5919241,  0.2722844, -0.7440799, -0.1477568)    0    0  30.11890540  5 0.480  19.74785271
(-6.8413923,  2.0180996, 44.1726311,  0.1214720,  0.0401561, -0.9055063, -0.4045868)    0    0  20.67599984 10 3.000  13.66189731
(-12.6547931,  4.4388551, 37.5450412,  0.7538570,  0.1339852, -0.6432140, -0.0048302)    0    0  30.84949919  0 0.400  20.79271907
(-12.3470718,  4.7124220, 37.2491949,  0.7538570,  0.1339852, -0.6432140, -0.0048302)    0    0  30.77277720  8 0.240  20.29553191
(-16.3250246, -4.4104367, 42.4825712,  0.3316543,  0.3540038, -0.8117044, -0.3253028)    0    0  20.22370125  7 0.640  13.21306858
(-16.0635361,  0.1001291, 40.0222526,  0.5919241,  0.2722844, -0.7440799, -0.1477568)    0    0  30.09303406  9 0.120  20.13133882
(-12.7503855,  6.0820535, 39.4335000, -0.0871796, -0.8175033, -0.0533135, -0.5667855)    0    0  23.99178165  4 0.560  16.13894707
(-16.0653240,  0.0930463, 39.5368886,  0.5919241,  0.2722844, -0.7440799, -0.1477568)    0    0  30.19673779  9 0.080  20.01484053
(-16.3193774, -4.0716088, 42.7103160,  0.3842537,  0.3414274, -0.8057570, -0.2941633)    0    0  18.97297050 21 0.640  12.67274166
(-7.9018277,  3.7156962, 47.1065269,  0.2658723,  0.5187579, -0.1850129,  0.7911842)    0    0  15.63477717  3 5.000  10.38256370
(-11.2688566,  2.9490920, 50.0192300,  0.3826767, -0.4562019,  0.7367425, -0.3203886)    0    0  10.58782182  1 5.000   7.04215627
(-13.1713671,  5.9898738, 39.3789047, -0.0871797, -0.8175034, -0.0533135, -0.5667853)    0    0  24.00425870  3 2.520  16.09285391
(-8.0928448,  4.0198739, 46.7850592,  0.2658723,  0.5187579, -0.1850129,  0.7911842)    0    0  15.29398336  8 2.680  10.00372671
(-12.3758344,  4.1800498, 37.6368049,  0.7538570,  0.1339852, -0.6432140, -0.0048302)    0    0  30.69939224  0 0.400  20.41762614
(-15.9470598,  0.4069855, 39.9190443,  0.5919241,  0.2722844, -0.7440799, -0.1477568)    0    0  30.40006737  7 1.440  20.10286362
(-15.9353352,  0.2698764, 40.0678359,  0.5919241,  0.2722844, -0.7440799, -0.1477568)    0    0  29.84086063  0 0.400  19.91666747
(-19.5263916,  3.1921882, 40.8209747,  0.0443094, -0.8750035,  0.0025506, -0.4820779)    0    0  15.93171170  7 2.840  10.73633550
(-16.3154523, -4.0598631, 42.6623121,  0.3323788,  0.3538413, -0.8116436, -0.3248868)    0    0  20.06818464  0 0.400  13.49918878
(-6.8435746,  2.0058498, 44.2092393,  0.1214720,  0.0401561, -0.9055063, -0.4045868)    0    0  20.82436590  5 0.520  13.84420542
(-20.6565445, -1.4200363, 38.3080212,  0.1321344, -0.4809019, -0.4247730, -0.7555407)    0    0  27.71798722  1 4.120  18.54100349
(-16.3575046, -4.2185955, 42.3312942,  0.3323802,  0.3538410, -0.8116435, -0.3248860)    0    0  20.15512789  9 1.680  13.15868093
(-15.9579351,  0.2146439, 39.4870119,  0.5919241,  0.2722844, -0.7440799, -0.1477568)    0    0  30.08668416  6 0.320  20.06611138
(-12.5701847,  4.2527616, 37.4777201,  0.7538570,  0.1339852, -0.6432140, -0.0048302)    0    0  30.98304270  0 0.400  20.95238927
(-12.4438143,  4.6095418, 37.3748074,  0.7538570,  0.1339852, -0.6432140, -0.0048302)    0    0  30.70731525 14 0.080  20.36777742
(-12.8206383,  4.1294052, 37.6465263,  0.7538570,  0.1339853, -0.6432140, -0.0048302)    0    0  30.82080224  0 0.480  20.44322370
(-20.3538975, -1.7456373, 38.5670669,  0.1321344, -0.4809019, -0.4247730, -0.7555407)    0    0  27.64247554  3 2.400  18.39492260
(-12.6723149,  4.3058349, 37.5498031,  0.7538570,  0.1339852, -0.6432140, -0.0048302)    0    0  30.82718340  6 0.320  20.57366432
(-13.2350521,  5.9832345, 39.6099695, -0.0871792, -0.8175028, -0.0533135, -0.5667863)    0    0  23.59156664  3 0.560  15.50976160
(-12.6973531,  4.2012533, 37.7918317,  0.7538571,  0.1339852, -0.6432139, -0.0048302)    0    0  30.70190314  0 0.400  20.49072799
(-20.5664749, -1.3342104, 38.2757616,  0.1321344, -0.4809019, -0.4247730, -0.7555407)    0    0  27.35333406  7 0.240  18.30727953
(-20.5683052, -1.3887725, 38.4782315,  0.1321344, -0.4809019, -0.4247730, -0.7555407)    0    0  27.27636551 10 0.160  18.21382612
(-13.3187182,  6.0653663, 39.1886295, -0.0871794, -0.8175030, -0.0533135, -0.5667859)    0    0  23.80862814  0 0.640  15.77666808
(-15.8956451,  0.0098713, 39.8161419,  0.5919241,  0.2722844, -0.7440799, -0.1477568)    0    0  29.77538277  7 0.160  19.82120044
(-19.2149657,  3.0456610, 41.2557926,  0.0443094, -0.8750035,  0.0025506, -0.4820779)    0    0  15.94700849  3 3.960  10.73855820
(-16.2184100, -4.1421301, 42.8776133,  0.3327976,  0.3537480, -0.8116096, -0.3246471)    0    0  20.51460401  1 2.160  13.93596769
(-16.2389215,  0.1877239, 39.8131360,  0.5919241,  0.2722844, -0.7440799, -0.1477568)    0    0  30.14076222  0 0.400  20.07397705
(-17.2378360,  0.0845308, 47.2418284, -0.0947461, -0.8141479,  0.4522555, -0.3516409)    0    0  12.17986255  1 5.000   8.19213514
(-16.0218018,  0.1090770, 40.0507978,  0.5919241,  0.2722844, -0.7440799, -0.1477568)    0    0  30.19162286  0 0.400  20.32191709
(-19.3923801,  2.9711317, 40.4490934,  0.0443094, -0.8750035,  0.0025506, -0.4820779)    0    0  15.93654113  6 4.360  10.77928704
(-12.6128836,  4.4309196, 37.5602951,  0.7538571,  0.1339852, -0.6432139, -0.0048302)    0    0  30.64689099  0 0.400  20.67002750
(-12.5614866,  6.3109862, 40.1914589, -0.0871797, -0.8175034, -0.0533135, -0.5667854)    0    0  23.68424678  2 0.480  15.58182587
(-7.8594406,  3.8988803, 46.6609407,  0.2658723,  0.5187579, -0.1850129,  0.7911842)    0    0  15.41122610  7 3.640  10.08920344
(-12.6226051,  3.9564088, 37.5554620,  0.7538570,  0.1339852, -0.6432140, -0.0048302)    0    0  30.58168953  0 0.400  20.22326066
(-16.3606221, -4.6335630, 42.4501451,  0.3311254,  0.3541218, -0.8117477, -0.3256058)    0    0  19.96802683  4 0.240  13.57658873
(-12.6471099,  4.3977963, 37.2143241,  0.7538570,  0.1339852, -0.6432140, -0.0048302)    0    0  30.78413066  9 0.080  20.67984357
(-13.3254797,  6.3686350, 39.1975757, -0.0871795, -0.8175031, -0.0533135, -0.5667858)    0    0  23.62407693  2 0.560  15.48221388
(-12.2669452,  4.4621963, 37.3075592,  0.7538570,  0.1339852, -0.6432140, -0.0048302)    0    0  30.76553041  6 0.320  20.53885868
(-7.8454142,  3.9897933, 46.4476944,  0.2658723,  0.5187579, -0.1850129,  0.7911842)    0    0  15.71077069  1 5.000  10.54047586
(-20.7438741, -1.4312345, 38.4365056,  0.1321344, -0.4809019, -0.4247730, -0.7555407)    0    0  26.84900998  5 0.400  17.89183843
(-16.7479472, -4.0734018, 42.3399887,  0.3307070,  0.3542151, -0.8117817, -0.3258453)    0    0  19.97521447  0 0.400  13.15625652
(-12.4888196,  4.4025934, 37.4261291,  0.7538570,  0.1339853, -0.6432140, -0.0048302)    0    0  30.66136934 18 0.000  20.10484582
(-12.5319251,  4.3157625, 37.4533774,  0.7538570,  0.1339853, -0.6432140, -0.0048302)    0    0  31.78924482  0 5.000  21.19282988
(-13.1444060,  5.8831293, 39.6237929, -0.0871795, -0.8175032, -0.0533135, -0.5667857)    0    0  23.74636887 11 3.000  15.77605562
(-16.0048945, -0.2078462, 40.0612944,  0.5919241,  0.2722844, -0.7440799, -0.1477568)    0    0  30.22748029  2 0.400  20.22321083
(-12.4139906,  4.2963621, 37.8315479,  0.7538570,  0.1339852, -0.6432140, -0.0048302)    0    0  30.58088011  0 0.400  20.26941664
(-7.8529086,  3.9304744, 46.5754107,  0.2658723,  0.5187579, -0.1850129,  0.7911842)    0    0  15.62078459  4 2.440  10.42436177
(-13.2896218,  5.8757047, 39.5764811, -0.0871794, -0.8175030, -0.0533135, -0.5667859)    0    0  23.57800863 13 0.000  15.68386631
(-16.2207133, -4.1473946, 42.8777122,  0.3327976,  0.3537480, -0.8116096, -0.3246471)    0    0  20.44065931  2 1.360  13.82462117
(-20.2167775, -1.9616257, 38.7259547,  0.1321344, -0.4809019, -0.4247730, -0.7555407)    0    0  27.52925225  5 0.320  18.65515424
(-18.4701208,  6.8447632, 48.2734187,  0.5283984, -0.6832447,  0.3297504, -0.3810989)    0    0   9.95757484  1 5.000   6.63439178
(-16.1276966, -0.2179214, 39.9231952,  0.5919241,  0.2722844, -0.7440799, -0.1477568)    0    0  30.13074803 11 0.000  20.05640035
(-12.6396846,  4.3021819, 37.5778795,  0.7538570,  0.1339853, -0.6432140, -0.0048302)    0    0  30.85528285 14 0.000  20.24474325
(-12.3435437,  4.5798945, 37.3663715,  0.7538571,  0.1339852, -0.6432139, -0.0048302)    0    0  29.98026617 27 0.000  19.99911201
(-12.3112093,  4.7088945, 37.6351718,  0.7538570,  0.1339852, -0.6432140, -0.0048302)    0    0  30.43140057  0 0.400  20.45411989
(-16.3671276, -4.3549796, 42.6977078,  0.3308160,  0.3541908, -0.8117728, -0.3257829)    0    0  20.07293928  0 0.400  13.58686477
(-12.5967917,  4.5219612, 37.4402838,  0.7538570,  0.1339852, -0.6432139, -0.0048302)    0    0  30.16649515 32 0.000  20.03238713
(-12.5193649,  3.6850204, 37.4776275,  0.7538571,  0.1339852, -0.6432139, -0.0048302)    0    0  30.35459556 19 0.000  20.20716665
(-12.5051694,  4.2622679, 37.7261344,  0.7538570,  0.1339852, -0.6432140, -0.0048302)    0    0  29.97223241  6 0.320  20.01855960
(-16.1073113, -0.1027082, 39.6665531,  0.5919241,  0.2722844, -0.7440799, -0.1477568)    0    0  30.55110596  1 2.160  20.29249472
(-16.1787778, -0.0370049, 39.3333198,  0.5919241,  0.2722844, -0.7440799, -0.1477568)    0    0  30.27776314  8 0.160  20.28497024
(-19.5209366,  3.1915496, 40.8207021,  0.0443094, -0.8750035,  0.0025506, -0.4820779)    0    0  16.24054768  0 5.000  10.82840864
(-12.5110124,  4.6641113, 37.4848869,  0.7538570,  0.1339852, -0.6432140, -0.0048302)    0    0  31.11961812  3 0.640  20.82671973
(-19.0319003,  3.1339707, 40.7976183,  0.0443094, -0.8750035,  0.0025506, -0.4820779)    0    0  16.15938564  1 5.000  10.82372178
(-16.3331699, -3.9418549, 42.6279910,  0.3324901,  0.3538165, -0.8116346, -0.3248231)    0    0  20.38179801  3 0.560  13.73214223
(-15.6922238,  0.4303324, 39.7606997,  0.5919241,  0.2722844, -0.7440799, -0.1477568)    0    0  30.20886353 12 0.000  20.36067922
(-12.9887935,  5.9791644, 39.5962485, -0.0871794, -0.8175030, -0.0533135, -0.5667859)    0    0  23.74794844  0 0.400  16.08128029
(-13.1054278,  5.9118949, 39.4808543, -0.0871797, -0.8175034, -0.0533135, -0.5667853)    0    0  23.92007807  5 0.880  15.86658695
(-15.9987916,  0.2279289, 39.7867031,  0.5948315,  0.2702543, -0.7429170, -0.1455810)    0    0  29.79866324  6 0.320  19.90556397
(-17.4529220, -0.1920975, 46.9046400, -0.0947461, -0.8141479,  0.4522555, -0.3516409)    0    0  11.98062564  7 4.200   7.84072496
(-12.5079606,  4.4284301, 37.5979958,  0.7538571,  0.1339852, -0.6432139, -0.0048302)    0    0  30.61365497  0 0.400  20.47539226
(-17.5515238,  0.0294233, 47.1817107, -0.0947461, -0.8141479,  0.4522555, -0.3516409)    0    0  12.06426797  4 0.680   8.09492044
(-12.5359289,  4.5453212, 37.2957403,  0.7538570,  0.1339852, -0.6432140, -0.0048302)    0    0  30.90462913  0 0.400  20.73727128
(-16.1078491, -0.0205497, 39.7858550,  0.5919241,  0.2722844, -0.7440799, -0.1477568)    0    0  29.99798592 12 0.000  19.95922891
(-15.9254171, -4.1362969, 43.0087255,  0.3323793,  0.3538420, -0.8116452, -0.3248876)    0    0  19.95888081  0 0.400  13.06403532
(-20.4770611, -1.6689269, 38.5196637,  0.1321344, -0.4809019, -0.4247730, -0.7555407)    0    0  27.57881057  4 3.320  18.22979809
(-12.2309523,  4.7753735, 37.5896842,  0.7538570,  0.1339852, -0.6432140, -0.0048302)    0    0  30.77829521  0 0.400  20.68829010
(-13.1665450,  6.0591784, 39.7520521, -0.0871796, -0.8175032, -0.0533135, -0.5667855)    0    0  23.61213095 11 0.000  15.71711314
(-12.2452570,  4.3990086, 37.4354812,  0.7538570,  0.1339852, -0.6432140, -0.0048302)    0    0  30.92758520  9 0.080  20.68747806
(-12.2960354,  4.3506347, 37.1375408,  0.7538570,  0.1339852, -0.6432140, -0.0048302)    0    0  30.75984653 22 0.000  20.75627345
(-12.8206887,  5.8627778, 39.5591601, -0.0871793, -0.8175029, -0.0533135, -0.5667861)    0    0  23.56828030  0 0.400  15.76328258
(-6.9831784,  2.3668631, 44.6888398,  0.1214720,  0.0401561, -0.9055063, -0.4045868)    0    0  20.73736626  1 0.480  13.76934055
(-16.0035257, -0.0147103, 39.6678141,  0.5919241,  0.2722844, -0.7440799, -0.1477568)    0    0  30.31229956  4 0.400  20.17879588
(-12.8724513,  4.3319219, 37.5359518,  0.7538570,  0.1339852, -0.6432140, -0.0048302)    0    0  30.38957401  0 0.400  20.34893702
(-12.3278393,  4.1751259, 37.3957409,  0.7538570,  0.1339852, -0.6432140, -0.0048302)    0    0  30.64942770  0 0.400  20.39428599
(-13.0179007,  5.8463196, 39.6706520, -0.0871796, -0.8175033, -0.0533135, -0.5667855)    0    0  23.75276235  7 0.560  15.60279485
(-20.5917911, -1.4977312, 38.3716063,  0.1321235, -0.4808622, -0.4247379, -0.7554784)    0    0  27.81404344  0 5.000  18.54269563
(-16.3804606, -0.0642885, 40.0531911,  0.5919241,  0.2722844, -0.7440799, -0.1477568)    0    0  30.01640822  1 0.480  20.15381940
(-20.7066728, -1.3592675, 38.2607140,  0.1321344, -0.4809019, -0.4247730, -0.7555407)    0    0  27.67954460  2 1.000  18.65226057
(-12.2926405,  4.4719817, 37.2152125,  0.7538570,  0.1339852, -0.6432140, -0.0048302)    0    0  30.84575780 13 0.000  20.98136753
(-12.5879737,  4.7812747, 37.2810716,  0.7538570,  0.1339853, -0.6432140, -0.0048302)    0    0  31.21859759  2 0.320  21.19114083
(-12.5161569,  4.5061146, 37.2836026,  0.7538570,  0.1339852, -0.6432140, -0.0048302)    0    0  30.63426610  0 0.400  20.50272060
(-12.8883532,  4.2298136, 37.7113172,  0.7538570,  0.1339852, -0.6432140, -0.0048302)    0    0  30.67598261 20 0.000  20.47587395
(-12.4259592,  4.6851092, 37.3991364,  0.7538570,  0.1339852, -0.6432140, -0.0048302)    0    0  31.00221488  5 0.240  20.72488567
(-6.6031318,  2.0263823, 44.0086498,  0.1214720,  0.0401561, -0.9055063, -0.4045868)    0    0  20.80715501  5 0.520  13.84890574
(-11.9919789,  4.5570948, 37.3122184,  0.7538570,  0.1339852, -0.6432140, -0.0048302)    0    0  30.69103641 21 0.000  20.84577106
(-7.7306182,  3.7362484, 47.3620839,  0.2658723,  0.5187579, -0.1850129,  0.7911842)    0    0  15.42081655  6 0.520  10.42575645
(-12.8816736,  4.4668635, 37.6300856,  0.7538570,  0.1339852, -0.6432140, -0.0048302)    0    0  30.52135073  0 0.400  20.26390815
(-17.2703679,  6.7218525, 34.0606642,  0.7348272,  0.6652458, -0.0607347,  0.1174239)    0    0  17.05312303  0 5.000  11.36874869
(-12.3559372,  4.0852902, 37.8191319,  0.7538571,  0.1339852, -0.6432139, -0.0048303)    0    0  30.48638378  0 0.400  20.21801201
(-13.4396734,  5.7794084, 39.2117746, -0.0871792, -0.8175027, -0.0533135, -0.5667864)    0    0  23.13004650  6 0.400  15.25321232
(-13.2576045,  5.9023444, 39.3716288, -0.0871793, -0.8175028, -0.0533135, -0.5667862)    0    0  23.89422624  6 0.680  16.13765717
(-12.5080888,  4.2026042, 37.1831700,  0.7538570,  0.1339852, -0.6432140, -0.0048302)    0    0  30.21247370 49 0.000  20.87190547
(-6.5773345,  2.0142346, 43.8908434,  0.1214720,  0.0401561, -0.9055063, -0.4045868)    0    0  20.67473675  1 0.680  13.63239119
(-16.4173501, -4.3884920, 42.3401291,  0.3307097,  0.3542144, -0.8117814, -0.3258437)    0    0  20.23748328  0 0.480  13.63761572
(-16.3714729, -4.2049032, 42.8575987,  0.3323789,  0.3538419, -0.8116448, -0.3248875)    0    0  20.22138560  8 1.360  13.47379774
(-16.0535169,  0.0201983, 40.0858294,  0.5919241,  0.2722844, -0.7440799, -0.1477568)    0    0  30.44420930  5 4.760  20.36572516
(-13.0627722,  5.9446851, 39.5425424, -0.0871797, -0.8175034, -0.0533134, -0.5667852)    0    0  24.20786269  0 5.000  16.13858983
(-12.6153568,  4.1346449, 37.6956294,  0.7538570,  0.1339852, -0.6432140, -0.0048302)    0    0  30.94878565  1 0.480  20.69611747
(-17.4504911, -0.1863881, 46.9117897, -0.0947461, -0.8141479,  0.4522555, -0.3516409)    0    0  12.06198014  5 2.760   7.84212975
(-12.7320406,  4.2256870, 37.6638705,  0.7538570,  0.1339852, -0.6432140, -0.0048302)    0    0  30.76601602  0 0.400  20.80030681
(-12.6060114,  4.1823386, 37.4929000,  0.7538570,  0.1339853, -0.6432140, -0.0048302)    0    0  30.88098565 13 0.000  20.31517239
(-6.5308940,  2.3506973, 44.1432447,  0.1214720,  0.0401561, -0.9055063, -0.4045868)    0    0  20.72369504  0 0.640  13.82412727
(-16.3928193, -4.2421816, 42.3875169,  0.3319600,  0.3539357, -0.8116796, -0.3251278)    0    0  20.11452488 10 0.240  12.99785514
(-12.5098985,  4.8199396, 36.8353570,  0.7538570,  0.1339852, -0.6432140, -0.0048302)    0    0  30.04546776  0 0.800  19.86552276
(-16.0683851, -0.0331829, 40.0813535,  0.5919241,  0.2722844, -0.7440799, -0.1477568)    0    0  30.45496022  2 0.640  20.43587816
(-7.8812744,  3.8007486, 46.8948229,  0.2658723,  0.5187579, -0.1850129,  0.7911842)    0    0  15.82320944  0 5.000  10.54880629
(-6.6233924,  2.0749907, 44.3801909,  0.1214720,  0.0401561, -0.9055063, -0.4045868)    0    0  20.57717258  0 0.400  13.64236352
(-16.0283665,  0.1213105, 40.0305458,  0.5919241,  0.2722844, -0.7440799, -0.1477568)    0    0  30.46400743  3 3.280  20.24108169
(-12.8769475,  4.1822501, 37.7461945,  0.7538570,  0.1339852, -0.6432140, -0.0048302)    0    0  30.90675544 10 0.000  20.74085740
(-13.4094439,  5.8798077, 39.4506789, -0.0871794, -0.8175030, -0.0533135, -0.5667859)    0    0  23.58305797  0 0.400  15.48546074
(-11.2318536,  3.0629916, 50.0137849,  0.3826767, -0.4562019,  0.7367425, -0.3203886)    0    0  10.61284657  0 5.000   7.07523105
(-12.8611629,  3.9331963, 37.1630286,  0.7538570,  0.1339852, -0.6432140, -0.0048302)    0    0  30.45259345 19 0.000  20.24936455
(-6.8045260,  1.9571412, 44.0413893,  0.1214720,  0.0401561, -0.9055063, -0.4045868)    0    0  20.55924044 13 0.080  13.67340233
(-12.9415962,  4.3616099, 37.3225053,  0.7538571,  0.1339852, -0.6432139, -0.0048302)    0    0  30.49801429  0 0.560  19.84369049
(-16.3729324, -4.2475594, 42.4077152,  0.3323789,  0.3538419, -0.8116448, -0.3248875)    0    0  20.28750933  4 2.000  13.27564633
(-12.5731610,  5.0461229, 37.6812127,  0.7538570,  0.1339852, -0.6432140, -0.0048302)    0    0  30.66855954  8 0.000  20.48963781
(-6.3802533,  2.0555033, 43.8558424,  0.1214720,  0.0401561, -0.9055063, -0.4045868)    0    0  21.13761904  4 3.720  14.12650854
(-12.8303921,  5.8668718, 39.7858337, -0.0871796, -0.8175033, -0.0533135, -0.5667855)    0    0  23.60750418  8 0.520  15.63842011
(-12.2833004,  4.2972564, 37.5428007,  0.7538571,  0.1339852, -0.6432139, -0.0048302)    0    0  29.85872795 31 0.000  19.82381656
(-12.3489700,  4.8313707, 37.2210878,  0.7538570,  0.1339852, -0.6432140, -0.0048302)    0    0  30.96845251  8 0.160  20.89980668
(-20.6739914, -1.7619653, 38.4691503,  0.1321344, -0.4809019, -0.4247730, -0.7555407)    0    0  27.20570056  4 0.320  17.97531268
(-12.6162778,  4.2646397, 37.5140515,  0.7538570,  0.1339852, -0.6432140, -0.0048302)    0    0  29.98570010  7 0.240  19.82812265
(-12.0007382,  4.5166747, 37.6935249,  0.7538570,  0.1339852, -0.6432140, -0.0048302)    0    0  30.57335308  0 0.400  20.24259920
(-16.0674561,  0.1519395, 39.3881153,  0.5919241,  0.2722844, -0.7440799, -0.1477568)    0    0  30.30599818  7 0.160  20.34593238
(-12.7628490,  4.3465085, 37.3593737,  0.7538570,  0.1339852, -0.6432140, -0.0048302)    0    0  30.31267784  0 0.400  19.98949486
(-19.5565655,  3.1349131, 41.0669251,  0.0443094, -0.8750035,  0.0025506, -0.4820779)    0    0  15.94465852  5 1.720  10.63184970
(-16.5290053, -4.3430829, 42.5403208,  0.3307029,  0.3542160, -0.8117820, -0.3258476)    0    0  19.82701484  1 0.720  13.15406574
(-19.4188618,  3.2929316, 40.4259254,  0.0443094, -0.8750035,  0.0025506, -0.4820779)    0    0  15.94496163  4 3.400  10.76402970
(-6.7034156,  2.0542052, 44.1176890,  0.1214720,  0.0401561, -0.9055063, -0.4045868)    0    0  21.26142312  0 5.000  14.17428209
(-13.2554399,  5.9593993, 39.2617139, -0.0871797, -0.8175034, -0.0533135, -0.5667853)    0    0  24.04966037  2 4.120  16.11204448
(-12.4590149,  4.3379254, 37.2350130,  0.7538570,  0.1339852, -0.6432140, -0.0048302)    0    0  30.84085490  4 0.400  20.56356836
(-16.1572112, -0.2920797, 39.4186175,  0.5919241,  0.2722844, -0.7440799, -0.1477568)    0    0  30.40893325  3 0.320  20.39295329
(-17.5198661, -0.4311937, 46.6120529, -0.0947461, -0.8141479,  0.4522555, -0.3516409)    0    0  12.08780669  3 4.280   8.13738771
(-16.4115008, -4.3435475, 42.7359244,  0.3320182,  0.3539223, -0.8116741, -0.3250940)    0    0  20.02098086  5 0.320  13.22737419
(-17.4265282, -0.2655472, 46.8134231, -0.0947461, -0.8141479,  0.4522555, -0.3516409)    0    0  11.98770498  6 4.760   7.97821802
(-12.3941262,  4.0248050, 37.7251871,  0.7538570,  0.1339852, -0.6432140, -0.0048302)    0    0  30.74069045  0 0.400  20.40101240
(-12.4707486,  4.0932743, 37.7037528,  0.7538571,  0.1339852, -0.6432139, -0.0048302)    0    0  30.70020457  0 0.400  20.78756040
(-7.8364869,  4.1310893, 46.1457195,  0.2658723,  0.5187579, -0.1850129,  0.7911842)    0    0  15.44836594  5 0.520  10.36483811
(-12.5318800,  4.3359124, 37.1603245,  0.7538570,  0.1339852, -0.6432140, -0.0048302)    0    0  30.29225652  0 0.400  19.83720270
(-16.3313044, -4.2188681, 42.5383771,  0.3340517,  0.3534640, -0.8114989, -0.3239238)    0    0  21.01801257  0 1.600  14.14313766
(-19.5285056,  3.1942042, 40.8138435,  0.0443094, -0.8750035,  0.0025506, -0.4820779)    0    0  16.01834099  2 2.600  10.64011499
(-12.4821604,  4.3729464, 37.3329095,  0.7538570,  0.1339852, -0.6432140, -0.0048302)    0    0  30.59021119 14 0.000  20.35322416
(-18.3646564,  6.8331663, 48.3096214,  0.5283984, -0.6832447,  0.3297504, -0.3810989)    0    0  10.06952218  0 5.000   6.71301478
(-6.7934145,  2.0519471, 44.1824109,  0.1214720,  0.0401561, -0.9055063, -0.4045868)    0    0  20.52320326 14 0.080  14.02271187
(-20.3579741, -1.8489571, 38.4740222,  0.1321344, -0.4809019, -0.4247730, -0.7555407)    0    0  27.25117015  6 0.360  18.17720909
(-16.0549539,  0.0305316, 39.9175446,  0.5919241,  0.2722844, -0.7440799, -0.1477568)    0    0  30.87682476  0 5.000  20.58454984
(-16.2245260, -4.0245735, 42.5009996,  0.3323787,  0.3538413, -0.8116436, -0.3248869)    0    0  19.87375866 12 0.000  13.25049353
(-19.5253397,  3.1829086, 40.8524628,  0.0443094, -0.8750035,  0.0025506, -0.4820779)    0    0  15.84316415  9 1.000  10.34942853
(-6.3225556,  2.0757142, 43.8407069,  0.1214720,  0.0401561, -0.9055063, -0.4045868)    0    0  21.13942487  3 4.920  14.14132210
(-12.4496078,  4.1218198, 37.6665529,  0.7538571,  0.1339852, -0.6432139, -0.0048302)    0    0  30.82213759  0 0.400  20.71608205
(-20.3336061, -1.8077973, 38.6251308,  0.1321344, -0.4809019, -0.4247730, -0.7555407)    0    0  27.56686549  5 0.720  18.46723430
(-16.0999319, -0.1070714, 39.6602523,  0.5919241,  0.2722844, -0.7440799, -0.1477568)    0    0  30.51591452  2 1.200  20.26819608
(-6.9400247,  2.1887955, 43.9155480,  0.1214720,  0.0401561, -0.9055063, -0.4045868)    0    0  20.62004475  0 0.480  13.73182280
