#Coordinates  RecID  LigID  Luciferin  Neighbor's number  Vision Range  Scoring
(-7.0579875,  1.9146991, 44.2142602,  0.1214710,  0.0401561, -0.9055062, -0.4045871)    0    0  20.91596623  4 0.520  14.07405127
(-12.4544206,  4.5623967, 37.5119616,  0.7538648,  0.1339436, -0.6432125, -0.0049719)    0    0  30.48252249  2 0.640  20.35368811
(-12.3541608,  4.5140046, 37.4699734,  0.7538175,  0.1339497, -0.6432665, -0.0049712)    0    0  30.59245409  0 0.400  20.48166857
(-16.7956671, -3.9688141, 43.0087226,  0.3262077,  0.3551836, -0.8121413, -0.3284199)    0    0  19.90537632  1 0.680  13.34067532
(-7.4759508,  1.9164593, 44.5313108,  0.1214696,  0.0401558, -0.9055062, -0.4045876)    0    0  20.80350709  9 1.000  13.80979351
(-11.3471012,  8.6932651, 43.4086524,  0.3900102, -0.6577318,  0.0592610, -0.6416924)    0    0  15.79661966  6 4.920  10.40515924
(-20.5905527,  3.1922318, 40.9293716,  0.0443094, -0.8750035,  0.0025507, -0.4820779)    0    0  14.40874420  0 4.200   9.86017853
(-12.1884511,  4.8408284, 37.4849463,  0.7539642,  0.1339371, -0.6430983, -0.0048374)    0    0  31.02494461  3 0.560  20.82828712
(-18.0216333, -0.0774185, 47.0581419, -0.0947460, -0.8141480,  0.4522554, -0.3516410)    0    0  12.02677596  4 1.000   8.10056336
(-16.4887628, -4.3348136, 42.8755478,  0.3443534,  0.3511149, -0.8105665, -0.3179953)    0    0  19.75171784  0 0.400  13.31031815
(-18.0596569, -0.0915970, 47.0414402, -0.0947463, -0.8141478,  0.4522556, -0.3516409)    0    0  12.10298332  2 5.000   8.06674193
(-11.3097043,  8.6596249, 43.4116235,  0.3900101, -0.6577318,  0.0592610, -0.6416924)    0    0  15.81232051  4 5.000  10.38749603
(-17.5911642, -0.0182994, 47.1222524, -0.0947462, -0.8141478,  0.4522556, -0.3516409)    0    0  12.06756394  3 4.920   8.07411274
(-12.1543754,  5.0024210, 37.3192371,  0.7538193,  0.1339656, -0.6432612, -0.0049659)    0    0  30.35414246  0 0.400  20.08811334
(-7.3202572,  1.8588651, 44.2828178,  0.1214732,  0.0401566, -0.9055064, -0.4045860)    0    0  20.84015661  7 4.040  13.99458166
(-12.2525455,  4.8041201, 37.4378361,  0.7539676,  0.1339384, -0.6430941, -0.0048299)    0    0  30.88079554  6 0.320  20.63181052
(-14.5979193,  6.8386282, 39.1822730, -0.0870943, -0.8173541, -0.0533245, -0.5670127)    0    0  21.44677476  4 4.760  14.35110473
(-8.0900622,  3.9656155, 46.7746296,  0.2658723,  0.5187579, -0.1850129,  0.7911842)    0    0  15.56216866  2 4.760  10.43596885
(-12.3823230,  4.9309627, 37.1484677,  0.7538358,  0.1339977, -0.6432362, -0.0048222)    0    0  30.75461925  0 0.400  20.67684847
(-20.7321000, -1.2498431, 38.1982360,  0.1321332, -0.4809044, -0.4247743, -0.7555386)    0    0  27.27276147  5 0.280  18.62285928
(-12.6525128,  4.8469426, 37.1348622,  0.7538645,  0.1339157, -0.6432182, -0.0050173)    0    0  30.58581843  0 0.400  20.33394625
(-20.7202406, -1.3328055, 38.2528265,  0.1321343, -0.4809020, -0.4247730, -0.7555407)    0    0  27.78427144  1 5.000  18.70049387
(-12.4299372,  4.6710749, 37.4573882,  0.7539350,  0.1339344, -0.6431328, -0.0048799)    0    0  30.63394903 15 0.000  20.39709156
(-16.3956467, -4.3758106, 42.5767872,  0.3307649,  0.3542023, -0.8117770, -0.3258119)    0    0  20.54332869  0 1.640  13.93139632
(-20.4999010, -1.6115053, 38.4570832,  0.1321340, -0.4809028, -0.4247735, -0.7555400)    0    0  27.21057277  9 0.360  17.66607913
(-20.4454984, -1.6855671, 38.5068860,  0.1321343, -0.4809021, -0.4247730, -0.7555406)    0    0  27.62799340  4 5.000  18.25870132
(-12.3545194,  5.1006791, 36.9059215,  0.7539011,  0.1339448, -0.6431702, -0.0048936)    0    0  29.25018575  0 0.480  18.25419711
(-16.3213483, -0.2860772, 39.5492704,  0.5921870,  0.2723033, -0.7438916, -0.1476166)    0    0  29.28636934  4 0.480  19.40491343
(-6.8870516,  1.9700253, 44.1559485,  0.1214815,  0.0401581, -0.9055067, -0.4045827)    0    0  20.60471186 11 4.120  13.59590291
(-12.4858235,  4.4707032, 37.4197840,  0.7538347,  0.1339835, -0.6432402, -0.0048765)    0    0  30.36955672  5 0.480  19.89444247
(-12.3478572,  3.8920006, 37.4705861,  0.7538740,  0.1339829, -0.6431946, -0.0048220)    0    0  30.12678430  3 0.280  20.64092723
(-16.4263535, -4.3329126, 42.5123515,  0.3317417,  0.3539710, -0.8116963, -0.3252486)    0    0  20.19587418  9 0.840  13.33671694
(-16.0129164, -0.0053119, 39.9928684,  0.5920682,  0.2722901, -0.7439788, -0.1476780)    0    0  30.32673359  8 0.480  20.14598812
(-10.9802798,  8.3625210, 43.4373116,  0.3900102, -0.6577317,  0.0592610, -0.6416924)    0    0  15.92881841  2 5.000  10.74569450
(-15.8035422, -0.0213545, 39.9362692,  0.5926541,  0.2722329, -0.7436011, -0.1473341)    0    0  30.12691444  7 0.160  20.08775033
(-15.9705594, -4.2196162, 42.8687865,  0.3296614,  0.3544301, -0.8118708, -0.3264454)    0    0  20.04946399  6 0.400  13.59117895
(-7.9634687,  3.7537741, 47.1000146,  0.2658723,  0.5187579, -0.1850129,  0.7911842)    0    0  15.67642403  0 5.000  10.45131928
(-11.2688566,  2.9490920, 50.0192300,  0.3826767, -0.4562019,  0.7367425, -0.3203886)    0    0  10.58781816  1 5.000   7.04215627
(-14.2169726,  6.6453908, 39.7360585, -0.0870938, -0.8173538, -0.0533245, -0.5670131)    0    0  21.57410333  1 5.000  14.47176624
(-7.9256951,  3.7650834, 47.0284829,  0.2658723,  0.5187579, -0.1850129,  0.7911842)    0    0  15.55768790  3 4.040  10.35277012
(-12.0191623,  4.2948871, 37.7238150,  0.7538464,  0.1339566, -0.6432313, -0.0049704)    0    0  30.52263944  0 0.400  20.40517698
(-16.0900160,  0.0446417, 39.9180773,  0.5919154,  0.2722824, -0.7440867, -0.1477612)    0    0  29.95452102  9 0.160  19.91400830
(-16.1637877,  0.0604688, 39.8670284,  0.5927450,  0.2721386, -0.7435791, -0.1472544)    0    0  29.40935919 12 0.000  19.49715963
(-20.7516758,  3.1702856, 41.0876430,  0.0443094, -0.8750035,  0.0025508, -0.4820778)    0    0  14.21129513  3 3.880   9.51205428
(-16.5426104, -4.7367525, 42.3262615,  0.3318444,  0.3539559, -0.8116913, -0.3251925)    0    0  20.39510570  3 0.600  13.79017167
(-6.5286412,  2.0600900, 43.9861401,  0.1214688,  0.0401555, -0.9055061, -0.4045881)    0    0  20.98577940  1 5.000  13.99523767
(-20.8629546, -1.2268626, 38.3107409,  0.1321342, -0.4809023, -0.4247731, -0.7555404)    0    0  26.78788922  0 0.440  17.43964060
(-16.2916989, -4.5696701, 42.2889697,  0.3298195,  0.3544002, -0.8118570, -0.3263535)    0    0  20.36459776  4 2.600  13.67441018
(-16.0132765,  0.2136465, 40.4612396,  0.5920698,  0.2722943, -0.7439760, -0.1476777)    0    0  30.20003455  9 0.000  20.29827511
(-12.4954967,  4.9849857, 37.0426719,  0.7539793,  0.1339282, -0.6430824, -0.0048452)    0    0  30.26213483  2 0.320  20.39389676
(-12.4098629,  4.5708309, 37.3014392,  0.7539764,  0.1339334, -0.6430848, -0.0048313)    0    0  30.58112721  0 0.400  20.28198342
(-12.4137925,  4.8001704, 36.8144851,  0.7538654,  0.1339559, -0.6432096, -0.0049133)    0    0  30.36210474  0 0.400  19.93104439
(-20.6991758, -1.3263684, 38.2317044,  0.1321340, -0.4809029, -0.4247735, -0.7555399)    0    0  27.73686152  2 1.040  18.64328544
(-12.7034628,  4.8391305, 36.6855660,  0.7539379,  0.1339505, -0.6431265, -0.0048225)    0    0  31.07398493  3 1.160  20.82369517
(-10.9898608,  8.3736854, 43.4370453,  0.3900101, -0.6577318,  0.0592610, -0.6416924)    0    0  15.90915421  3 5.000  10.72765379
(-12.3016409,  5.0453853, 37.2273149,  0.7538931,  0.1339393, -0.6431804, -0.0049381)    0    0  29.85238029  0 0.400  20.45182046
(-20.5700067, -1.5351918, 38.3934582,  0.1321339, -0.4809029, -0.4247734, -0.7555400)    0    0  26.96665845 13 0.680  17.60245268
(-20.6148559, -1.4330795, 38.5821515,  0.1321330, -0.4809050, -0.4247748, -0.7555380)    0    0  27.28408012  1 0.560  18.00582910
(-10.5477642, 10.5122665, 39.8228452, -0.3979380, -0.5963849,  0.0036972,  0.6971060)    0    0  20.00313535  0 5.000  13.33567935
(-16.0736136, -0.0586150, 39.5715084,  0.5922297,  0.2723292, -0.7438518, -0.1475983)    0    0  30.28798207  7 0.400  20.14048320
(-20.6346182,  3.2291270, 40.7675793,  0.0443094, -0.8750035,  0.0025506, -0.4820779)    0    0  14.20345732  5 5.000   9.49981764
(-16.2351473, -3.9376668, 42.9049572,  0.3356459,  0.3530791, -0.8112665, -0.3229534)    0    0  19.72093988  7 0.240  13.18629218
(-15.9868088,  0.2402615, 40.0983625,  0.5924872,  0.2722192, -0.7437214, -0.1474228)    0    0  29.95076933 15 0.000  20.39706163
(-18.0585643, -0.0914262, 47.0416285, -0.0947463, -0.8141478,  0.4522556, -0.3516409)    0    0  12.10339867  1 5.000   8.06517552
(-16.2606148,  0.0429522, 39.5781967,  0.5923022,  0.2721984, -0.7438573, -0.1475205)    0    0  29.74618100 18 0.000  19.69895444
(-20.6940215,  3.2168209, 40.8388279,  0.0443094, -0.8750035,  0.0025506, -0.4820779)    0    0  14.12380871  7 1.800   9.42035058
(-12.4762867,  4.7554027, 37.0895978,  0.7539137,  0.1339612, -0.6431526, -0.0048176)    0    0  31.24410364  0 2.400  20.84579184
(-11.1981984,  8.5589600, 43.4202827,  0.3900102, -0.6577317,  0.0592610, -0.6416924)    0    0  16.32250977  0 5.000  10.88406548
(-8.0848532,  3.7250919, 47.3127566,  0.2658723,  0.5187579, -0.1850129,  0.7911842)    0    0  15.52548207  5 5.000  10.31422427
(-12.6363266,  4.6981805, 36.8807806,  0.7539458,  0.1339458, -0.6431181, -0.0048308)    0    0  31.12646764  1 0.880  20.97465393
(-16.4421567, -4.3411448, 43.0732567,  0.3255541,  0.3553604, -0.8121781, -0.3287859)    0    0  19.82080743  0 0.680  13.15956692
(-12.3300770,  4.8740973, 37.3637785,  0.7539138,  0.1339421, -0.6431559, -0.0048928)    0    0  30.80889544  0 0.400  20.82153670
(-11.3325118,  8.6764992, 43.4090300,  0.3900101, -0.6577318,  0.0592610, -0.6416924)    0    0  15.79738823  5 5.000  10.40472076
(-12.2415247,  4.8144621, 37.6692513,  0.7537793,  0.1340025, -0.6433010, -0.0048893)    0    0  29.85036936  2 0.640  19.81625057
(-7.7993909,  3.8177327, 46.7394944,  0.2658723,  0.5187579, -0.1850129,  0.7911842)    0    0  15.47287023  7 3.640  10.38199101
(-20.6333678, -1.3863106, 38.5841907,  0.1321314, -0.4809085, -0.4247770, -0.7555348)    0    0  27.07520834  0 0.560  17.89793912
(-16.2890928, -3.8069545, 42.9955170,  0.3281820,  0.3547709, -0.8119782, -0.3272851)    0    0  19.91606006  0 0.440  13.27851516
(-12.5534435,  4.8256658, 36.8786104,  0.7539644,  0.1339388, -0.6430978, -0.0048271)    0    0  30.96806362  5 0.680  20.67219640
(-12.2969830,  4.6284770, 37.3704123,  0.7539117,  0.1339663, -0.6431538, -0.0048295)    0    0  30.37344872  0 0.400  20.30047441
(-14.3538684,  6.6359669, 39.8745638, -0.0870939, -0.8173539, -0.0533245, -0.5670131)    0    0  21.42955088  5 4.760  14.45845064
(-16.1276603, -0.1364924, 40.0704607,  0.5924831,  0.2724217, -0.7436404, -0.1474757)    0    0  30.26858400  9 0.120  20.29707267
(-12.9475108,  4.1776256, 37.5408932,  0.7538187,  0.1339493, -0.6432648, -0.0050339)    0    0  30.32717993  4 0.480  20.18127140
(-7.9254313,  3.7264158, 47.1139895,  0.2658723,  0.5187579, -0.1850129,  0.7911842)    0    0  15.55746702  4 2.360  10.32585221
(-10.7461688, 10.5937521, 39.8160052, -0.3979378, -0.5963847,  0.0036973,  0.6971062)    0    0  19.66927686  3 5.000  13.30332343
(-16.1658693, -4.6499420, 42.8168119,  0.3320893,  0.3539033, -0.8116654, -0.3250491)    0    0  20.23899490  6 0.320  13.72136429
(-20.5284832, -1.8581400, 38.5880388,  0.1321333, -0.4809042, -0.4247741, -0.7555388)    0    0  27.34722064  3 0.520  18.13481966
(-18.4701208,  6.8447632, 48.2734187,  0.5283984, -0.6832447,  0.3297504, -0.3810990)    0    0   9.95721921  1 5.000   6.63439178
(-16.0987854,  0.1450428, 39.8926545,  0.5922451,  0.2722969, -0.7438547, -0.1475814)    0    0  29.85841895 20 0.000  19.64897412
(-12.3062560,  4.8337094, 37.3995519,  0.7537629,  0.1339953, -0.6433214, -0.0049361)    0    0  30.82298795  7 0.400  20.95382626
(-12.5755129,  4.8929711, 36.9077561,  0.7539190,  0.1339545, -0.6431476, -0.0048481)    0    0  30.53586995 31 0.000  20.33797325
(-12.2924202,  5.1853242, 37.5161639,  0.7538313,  0.1339588, -0.6432484, -0.0049874)    0    0  30.62572574 15 0.000  20.48475024
(-16.7277355, -4.0345103, 43.0792271,  0.3256485,  0.3553085, -0.8121674, -0.3287291)    0    0  19.66933969  3 0.560  13.16101902
(-12.5256270,  4.3600944, 37.3854191,  0.7537369,  0.1339793, -0.6433549, -0.0049590)    0    0  30.62402586  0 0.400  20.63107626
(-12.2811634,  4.7927535, 37.3046211,  0.7538518,  0.1339697, -0.6432224, -0.0049505)    0    0  30.69375038  0 0.400  20.67415200
(-12.2638409,  4.5271382, 37.1791589,  0.7537845,  0.1339950, -0.6432960, -0.0049530)    0    0  30.37435830  0 0.400  20.29162106
(-16.0125707, -0.1480882, 39.8321682,  0.5920977,  0.2721837, -0.7440041, -0.1476286)    0    0  30.02648523  3 0.560  20.03957718
(-15.9312844,  0.3148511, 39.7161723,  0.5923125,  0.2723597, -0.7437827, -0.1475575)    0    0  30.44568392  3 0.560  20.49268250
(-21.2107534,  3.2119769, 41.5063202,  0.0443094, -0.8750035,  0.0025507, -0.4820779)    0    0  14.07835360  9 2.920   9.38630591
(-12.4310335,  4.5216683, 37.1599432,  0.7539670,  0.1339422, -0.6430941, -0.0048128)    0    0  30.58166955  0 0.400  20.26956577
(-20.3336353,  3.1270950, 41.1734037,  0.0443094, -0.8750034,  0.0025505, -0.4820779)    0    0  14.34937615  1 0.680   9.81101495
(-16.3120672, -4.1917189, 42.4748145,  0.3266780,  0.3551141, -0.8120817, -0.3281454)    0    0  19.89054105 13 0.000  13.18048960
(-16.1546144,  0.0794177, 39.5609339,  0.5922923,  0.2723668, -0.7437931, -0.1475725)    0    0  30.35953133  6 0.320  20.40097335
(-10.9660566,  8.3510092, 43.4389062,  0.3900102, -0.6577318,  0.0592610, -0.6416924)    0    0  15.93019151  1 5.000  10.73916500
(-14.5459633,  6.7978504, 39.3233792, -0.0870936, -0.8173538, -0.0533245, -0.5670132)    0    0  21.24954378  8 2.840  14.02103257
(-16.1501557, -0.1242401, 39.6452630,  0.5919096,  0.2722832, -0.7440904, -0.1477646)    0    0  30.51667212  2 5.000  20.37941168
(-17.6975664, -0.0355775, 47.1031209, -0.0947461, -0.8141479,  0.4522555, -0.3516409)    0    0  11.97230057  5 5.000   7.89303972
(-12.2733462,  4.5591876, 37.6371001,  0.7539371,  0.1339417, -0.6431289, -0.0048689)    0    0  30.66162308  6 0.160  20.55958174
(-17.6662680, -0.0300407, 47.1093064, -0.0947460, -0.8141479,  0.4522554, -0.3516410)    0    0  11.91411486  7 3.640   7.92383237
(-12.5225859,  4.6784737, 37.0423100,  0.7538779,  0.1339473, -0.6431966, -0.0049309)    0    0  30.52878709 13 0.000  20.27465921
(-15.9218897,  0.2407510, 40.1673185,  0.5921058,  0.2722913, -0.7439526, -0.1476574)    0    0  30.39608043  5 0.400  20.46339860
(-16.2273852, -3.9448004, 42.6294549,  0.3366989,  0.3528292, -0.8112502, -0.3223982)    0    0  19.36014734 10 0.000  12.85894866
(-20.8145783, -1.4379948, 38.4284335,  0.1321336, -0.4809036, -0.4247738, -0.7555393)    0    0  27.66031167  3 1.560  18.60182676
(-12.3296613,  4.6647039, 37.0672611,  0.7538558,  0.1339389, -0.6432240, -0.0049592)    0    0  30.30473881  0 0.400  20.35510744
(-10.4661495, 10.3492707, 39.6156369, -0.3979378, -0.5963848,  0.0036974,  0.6971061)    0    0  19.50812479  5 4.840  12.98209136
(-12.5039799,  4.6555741, 37.3368974,  0.7539428,  0.1339474, -0.6431214, -0.0048265)    0    0  30.72343574 21 0.400  20.08801957
(-12.0432270,  4.7692698, 37.1115180,  0.7539120,  0.1339489, -0.6431567, -0.0048794)    0    0  30.40301318  0 0.400  19.88595576
(-14.6728701,  6.8567679, 39.1581290, -0.0870938, -0.8173538, -0.0533245, -0.5670131)    0    0  21.40365883  6 3.560  14.44691817
(-6.8730370,  1.9670453, 44.1028871,  0.1215002,  0.0401619, -0.9055074, -0.4045752)    0    0  20.26966753 11 0.320  13.85263209
(-16.0216155, -0.0297157, 39.9261958,  0.5924405,  0.2723636, -0.7436934, -0.1474868)    0    0  30.22429567  5 0.400  20.06073170
(-12.4109201,  4.8723762, 36.8588060,  0.7539335,  0.1339437, -0.6431328, -0.0048561)    0    0  30.75925324 13 0.000  20.59423388
(-12.4755389,  4.7936078, 36.9859387,  0.7539175,  0.1339592, -0.6431486, -0.0048194)    0    0  30.96517548  6 4.600  20.72573598
(-14.4677344,  6.7700509, 39.3823621, -0.0870940, -0.8173539, -0.0533245, -0.5670130)    0    0  21.52872972  2 5.000  14.45232178
(-20.5917911, -1.4977312, 38.3716063,  0.1321235, -0.4808622, -0.4247379, -0.7554784)    0    0  27.81402896  0 5.000  18.54269563
(-16.0880935,  0.0402376, 39.8642937,  0.5919101,  0.2722837, -0.7440898, -0.1477644)    0    0  30.65354005  0 4.040  20.45109432
(-20.2508015, -1.4639099, 38.4203631,  0.1321339, -0.4809030, -0.4247736, -0.7555398)    0    0  27.40863793  5 1.880  18.19920810
(-12.5641550,  4.2149060, 37.4293215,  0.7538913,  0.1339628, -0.6431783, -0.0048564)    0    0  30.88188259  0 0.400  20.70823436
(-12.4590827,  4.4131119, 37.4522799,  0.7539290,  0.1339624, -0.6431346, -0.0047968)    0    0  30.78351268 14 0.000  20.54411523
(-12.4529330,  4.8108343, 36.9624418,  0.7538701,  0.1339559, -0.6432041, -0.0049174)    0    0  30.89535549  7 0.240  20.71384841
(-12.4632704,  4.8254143, 36.9556547,  0.7539538,  0.1339416, -0.6431096, -0.0048329)    0    0  30.96409473  7 0.240  20.77134091
(-12.2574107,  5.0087663, 37.1382322,  0.7539062,  0.1339431, -0.6431646, -0.0049022)    0    0  30.57045592  0 0.400  20.56802027
(-6.5426328,  2.0567276, 43.9918353,  0.1214720,  0.0401561, -0.9055063, -0.4045868)    0    0  21.00754313  0 5.000  14.07361756
(-12.2650976,  4.0072791, 37.5145165,  0.7536802,  0.1339521, -0.6434249, -0.0052232)    0    0  28.64717435 14 0.080  19.78419571
(-8.1574573,  3.6952168, 47.4684339,  0.2658723,  0.5187579, -0.1850129,  0.7911842)    0    0  15.58135534  1 5.000  10.41056497
(-12.7256677,  4.7605036, 37.1361615,  0.7539150,  0.1339451, -0.6431539, -0.0048856)    0    0  30.53903965  0 0.400  20.24461192
(-17.2703679,  6.7218525, 34.0606642,  0.7348272,  0.6652458, -0.0607347,  0.1174239)    0    0  17.05312302  0 5.000  11.36874869
(-12.5615338,  4.2638321, 37.4056694,  0.7538980,  0.1339708, -0.6431691, -0.0048206)    0    0  30.84282450 12 0.000  20.36929314
(-10.4059264, 10.4531673, 39.8225125, -0.3979380, -0.5963849,  0.0036972,  0.6971060)    0    0  19.69864894  1 5.000  12.97085124
(-14.3800073,  6.7223853, 39.5233776, -0.0870936, -0.8173537, -0.0533245, -0.5670134)    0    0  21.47001807  3 5.000  14.30694496
(-12.5890922,  4.2194052, 37.5705582,  0.7538059,  0.1340019, -0.6432703, -0.0048531)    0    0  30.61476217 32 0.000  20.18904170
(-6.8903288,  2.0218652, 44.2127782,  0.1214756,  0.0401568, -0.9055064, -0.4045852)    0    0  20.95763620  3 3.800  14.08191263
(-16.5133675, -4.6473306, 42.4505174,  0.3311511,  0.3541156, -0.8117462, -0.3255901)    0    0  20.22002498  8 0.160  13.77108468
(-16.4257695, -4.3310695, 42.4542831,  0.3300644,  0.3543824, -0.8118108, -0.3262246)    0    0  20.22541979  0 0.400  13.99939974
(-16.1935296, -0.1541431, 39.4973113,  0.5924577,  0.2722152, -0.7437436, -0.1474391)    0    0  29.84148903  4 0.480  19.91356745
(-10.7412512, 10.4853911, 39.6253639, -0.3979378, -0.5963848,  0.0036973,  0.6971062)    0    0  19.64587708  4 5.000  13.13235364
(-12.2450770,  4.5198710, 37.4012319,  0.7538340,  0.1339437, -0.6432481, -0.0050254)    0    0  30.59832435  0 0.400  20.48764783
(-18.1368764, -0.1037213, 47.0280680, -0.0947462, -0.8141479,  0.4522555, -0.3516409)    0    0  11.96695552  6 4.680   8.00817367
(-12.4202234,  4.8426421, 37.7442258,  0.7537927,  0.1339977, -0.6432863, -0.0048940)    0    0  30.22239586  0 0.480  20.27492656
(-12.4571109,  4.7176643, 37.3061030,  0.7539365,  0.1339638, -0.6431256, -0.0047810)    0    0  30.69689482  0 0.400  20.75799429
(-6.0831829,  2.0837088, 43.8501574,  0.1214767,  0.0401569, -0.9055064, -0.4045849)    0    0  20.86582864  5 0.600  13.95089815
(-16.7223566, -4.6413888, 42.8104246,  0.3299885,  0.3543730, -0.8118400, -0.3262549)    0    0  20.51265336  1 1.040  14.07104098
(-12.6761183,  4.5803182, 37.8672555,  0.7539257,  0.1339511, -0.6431404, -0.0048488)    0    0  30.63634500  5 0.160  20.84502532
(-16.0920873, -0.2100675, 40.2123194,  0.5924954,  0.2724236, -0.7436313, -0.1474691)    0    0  30.36378659  6 0.440  20.54528305
(-8.1469687,  3.8439757, 47.1296933,  0.2658723,  0.5187579, -0.1850129,  0.7911842)    0    0  15.45828276  8 3.720  10.26774127
(-6.9988845,  1.9789787, 44.2362993,  0.1214920,  0.0401604, -0.9055071, -0.4045784)    0    0  20.67211138  0 0.440  13.89240261
(-16.0550930,  0.0635639, 39.9050167,  0.5919164,  0.2722811, -0.7440866, -0.1477603)    0    0  30.44308130  4 2.360  20.22128440
(-12.4705740,  4.4525388, 37.6926169,  0.7538685,  0.1339634, -0.6432045, -0.0049037)    0    0  30.66281276  0 0.560  20.46827553
(-10.5870298, 10.6213901, 39.9717555, -0.3979380, -0.5963849,  0.0036972,  0.6971060)    0    0  19.68444921  2 5.000  13.15964185
(-11.2318536,  3.0629916, 50.0137849,  0.3826767, -0.4562019,  0.7367425, -0.3203886)    0    0  10.61284617  0 5.000   7.07523105
(-12.2670637,  4.4791829, 37.5097483,  0.7538296,  0.1339884, -0.6432451, -0.0048678)    0    0  30.30211198 28 0.000  20.11683696
(-6.4906512,  2.0689330, 43.9706359,  0.1214729,  0.0401563, -0.9055063, -0.4045864)    0    0  20.82198112  8 2.360  14.01261356
(-12.6662892,  4.9402539, 36.7970830,  0.7539466,  0.1339505, -0.6431163, -0.0048134)    0    0  30.58310124  0 0.400  20.34644045
(-16.3053655, -4.5770380, 42.2388153,  0.3301125,  0.3543359, -0.8118342, -0.3261839)    0    0  20.46090474  2 1.040  13.77373865
(-12.5044897,  4.8015048, 36.7956903,  0.7539414,  0.1339469, -0.6431230, -0.0048298)    0    0  30.94528208  8 0.160  20.71719495
(-6.9189259,  1.9229540, 44.1166293,  0.1214756,  0.0401569, -0.9055064, -0.4045853)    0    0  20.47639421  8 0.280  13.44459462
(-14.3898809,  6.7310090, 39.4935821, -0.0870935, -0.8173536, -0.0533245, -0.5670134)    0    0  21.57921277  0 5.000  14.41572169
(-12.3430962,  4.8064212, 37.3042573,  0.7538472,  0.1339672, -0.6432286, -0.0049058)    0    0  30.73521379 20 2.680  20.06731996
(-12.4184718,  4.8292323, 37.0516651,  0.7539720,  0.1339289, -0.6430907, -0.0048540)    0    0  30.64401822 12 0.000  20.56838942
(-20.0821543, -1.3758470, 38.4262663,  0.1321322, -0.4809067, -0.4247758, -0.7555365)    0    0  26.82257518  0 0.400  17.76313022
(-12.4221115,  4.7393919, 37.4003371,  0.7539368,  0.1339366, -0.6431302, -0.0048760)    0    0  30.73914211  9 0.160  20.24349201
(-12.0703920,  4.5227231, 37.8593737,  0.7538919,  0.1339409, -0.6431815, -0.0049344)    0    0  30.36484757  0 0.480  19.97495278
(-16.1382007, -0.2131957, 39.9094071,  0.5924474,  0.2723754, -0.7436835, -0.1474876)    0    0  30.08370999 10 0.000  20.08783605
(-11.9951851,  4.6262484, 37.7807134,  0.7538016,  0.1339764, -0.6432798, -0.0049498)    0    0  30.46420306 11 0.000  20.22031825
(-20.5114066,  3.2399329, 40.7500097,  0.0443094, -0.8750035,  0.0025507, -0.4820779)    0    0  14.12775584  6 4.680   9.42855267
(-16.6198335, -3.9417893, 43.0774929,  0.3303232,  0.3542999, -0.8117982, -0.3260515)    0    0  19.87188670  0 0.400  13.35603392
(-20.8210365,  3.1583757, 41.1731715,  0.0443094, -0.8750035,  0.0025507, -0.4820779)    0    0  14.26444643  2 5.000   9.52463504
(-6.6470202,  1.6744265, 44.1044385,  0.1215039,  0.0401624, -0.9055075, -0.4045738)    0    0  20.47000806  0 0.680  13.37579430
(-14.4079116,  6.7201890, 39.5548479, -0.0870935, -0.8173538, -0.0533245, -0.5670133)    0    0  21.36406858  7 3.960  14.27928869
(-12.8745700,  4.6674417, 37.7242176,  0.7538441,  0.1339742, -0.6432309, -0.0048914)    0    0  30.20034894  4 0.480  20.19074505
(-15.9817308,  0.2066068, 39.5980891,  0.5927674,  0.2724858, -0.7434174, -0.1473388)    0    0  30.11721397 11 0.000  20.21007312
(-18.0252836, -0.0862229, 47.0473648, -0.0947461, -0.8141479,  0.4522555, -0.3516409)    0    0  12.12348340  0 5.000   8.09791968
(-16.2685159, -4.1134755, 42.9417765,  0.3273117,  0.3549429, -0.8120567, -0.3277874)    0    0  20.12776588  4 0.760  13.52309270
(-17.1768297,  0.0188840, 47.1596198, -0.0947461, -0.8141479,  0.4522554, -0.3516409)    0    0  11.60279794  8 4.120   7.42121800
(-12.5736590,  4.3536245, 37.3780455,  0.7538811,  0.1339937, -0.6431845, -0.0047708)    0    0  30.88128027  2 0.640  20.76244877
(-12.4724315,  4.3816475, 37.4443632,  0.7538752,  0.1339954, -0.6431911, -0.0047591)    0    0  31.11060042  0 0.800  20.94908091
(-8.2810583,  3.9245958, 47.1214033,  0.2658723,  0.5187579, -0.1850129,  0.7911842)    0    0  15.47585162  5 0.600  10.35306742
(-12.5317440,  4.7237312, 37.2688089,  0.7538998,  0.1339785, -0.6431655, -0.0047973)    0    0  30.57418511 17 0.000  20.59795088
(-16.4824360, -4.6087667, 42.6937535,  0.3298172,  0.3544139, -0.8118520, -0.3263546)    0    0  20.25329762  5 0.440  13.62697019
(-21.4225123,  3.0541074, 41.9313509,  0.0443094, -0.8750035,  0.0025506, -0.4820779)    0    0  14.21053145  4 2.360   9.51447814
(-12.4248142,  4.8588990, 37.0717293,  0.7538805,  0.1339459, -0.6431937, -0.0049538)    0    0  30.54465416 21 0.000  20.37910323
(-18.3646564,  6.8331663, 48.3096214,  0.5283984, -0.6832447,  0.3297504, -0.3810989)    0    0  10.06952209  0 5.000   6.71301478
(-6.7673503,  2.0021348, 44.0816284,  0.1214688,  0.0401556, -0.9055062, -0.4045880)    0    0  20.97460906  2 2.520  13.99565219
(-20.3483837, -1.4321197, 38.3940448,  0.1321332, -0.4809045, -0.4247743, -0.7555385)    0    0  26.98130333 12 2.120  17.74192865
(-16.3160300,  0.1069956, 39.4980300,  0.5920221,  0.2722896, -0.7440107, -0.1477036)    0    0  30.55987549  1 1.080  20.59724355
(-16.7086231, -4.4729425, 43.1302622,  0.3282460,  0.3547647, -0.8119715, -0.3272542)    0    0  19.90868237  0 0.800  13.18341769
(-21.2555584,  3.0792006, 41.8061378,  0.0443094, -0.8750035,  0.0025507, -0.4820779)    0    0  14.08216181  8 4.200   9.44772502
(-6.2001870,  2.1054256, 43.7837451,  0.1214728,  0.0401564, -0.9055064, -0.4045863)    0    0  20.92274196  4 2.120  14.03116766
(-12.2950165,  4.3660117, 37.3493072,  0.7539120,  0.1339561, -0.6431556, -0.0048387)    0    0  30.67190503  4 0.480  20.72794252
(-20.8630107, -1.7244830, 38.1546088,  0.1321327, -0.4809056, -0.4247751, -0.7555375)    0    0  27.05883707  4 0.440  17.62933629
(-16.0069531, -0.3859896, 39.4919052,  0.5922655,  0.2722009, -0.7438813, -0.1475421)    0    0  30.16708406 13 0.080  20.36052732
(-7.2754016,  1.7038022, 44.0209966,  0.1214818,  0.0401585, -0.9055068, -0.4045823)    0    0  20.51373197  2 0.440  13.61775075
