#Coordinates  RecID  LigID  Luciferin  Neighbor's number  Vision Range  Scoring
(-9.3550673,  0.1702091, 45.5418873, -0.0184800,  0.0403187, -0.8961716, -0.4414853)    0    0  11.73856049  5 3.800   9.22456744
(-10.2701689,  4.4746318, 39.7474755,  0.7451928,  0.1303682, -0.6536011, -0.0196506)    0    0  20.75222355  9 2.520  14.20572901
(-9.1872161,  0.5987558, 36.2122579,  0.7971053,  0.1065073, -0.5923537, -0.0489544)    0    0 -29.26865113  5 5.000 -23.08658077
(-18.1190174, -1.0021611, 43.5951194,  0.3565560,  0.3208305, -0.8116891, -0.3333113)    0    0  15.04274133 12 3.000  10.96612441
(-8.5920404,  0.9959115, 45.1248679,  0.0590408,  0.0399488, -0.9046599, -0.4201295)    0    0  13.11920515  5 3.080  10.85935731
(-12.0283533,  9.8958554, 43.5912214,  0.3889217, -0.6581017,  0.0590718, -0.6419896)    0    0  14.48059636  4 4.840  10.07630760
(-20.2800196,  3.2253385, 43.9497061,  0.0459058, -0.8754791,  0.0053009, -0.4810264)    0    0  11.43252534  9 2.360   8.30475552
(-12.0268190,  4.7206480, 39.2532886,  0.7536895,  0.1335723, -0.6434891, -0.0051232)    0    0  23.77844284 11 1.160  17.28036561
(-15.2343278, -0.9423493, 47.9380935, -0.0590084, -0.8272882,  0.4229808, -0.3647164)    0    0   4.11788092  8 3.960   1.93133499
(-17.1246244, -3.3619680, 44.0280999,  0.3402542,  0.3348044, -0.8126745, -0.3340074)    0    0  15.48088004 10 1.320  11.87957444
(-16.8467458,  0.3367730, 47.5485295, -0.0951207, -0.8139444,  0.4522216, -0.3520525)    0    0  10.63888201  3 4.520   7.09622259
(-11.6466863,  9.6788402, 43.6544878,  0.3901886, -0.6576805,  0.0592825, -0.6416345)    0    0  15.12941074  0 5.000  10.09086212
(-16.7463060,  0.7403119, 48.0407256, -0.0944985, -0.8140655,  0.4525384, -0.3515341)    0    0  11.02937690  1 5.000   7.42650557
(-12.2907315,  4.7888710, 37.9639652,  0.7559637,  0.1325921, -0.6409788, -0.0081551)    0    0  26.63243872  6 1.480  20.50319479
(-7.2686160,  2.3015640, 44.7993423,  0.1784156,  0.0501424, -0.9066634, -0.3789657)    0    0  13.54319041  7 4.360   7.71560210
(-12.2843892,  4.9451485, 37.4015494,  0.7472199,  0.1394548, -0.6494772, -0.0198519)    0    0  19.58485204  7 1.880  16.95030029
(-15.4954565,  8.0139982, 39.1624303, -0.1007256, -0.8258324, -0.0554416, -0.5518525)    0    0  17.57824422  8 2.520  12.68830600
(-8.5642562,  4.2752725, 46.8872753,  0.2660255,  0.5187294, -0.1851700,  0.7911145)    0    0  14.79611434  6 3.400  10.41626749
(-14.3410466,  3.0027977, 41.9765877,  0.7361618,  0.1406687, -0.6616621, -0.0219384)    0    0  20.53125386 12 3.640  14.84254916
(-20.5829861,  0.4399848, 38.4593870,  0.1316132, -0.4854801, -0.4320826, -0.7484428)    0    0  20.69687942  8 3.240  14.49403330
(-8.3958780,  2.6650363, 38.6863980,  0.7474594,  0.1238692, -0.6506427, -0.0512341)    0    0   9.96009863  9 3.080   9.25442316
(-20.7202435, -1.3328089, 38.2528249,  0.1315108, -0.4819171, -0.4248900, -0.7549354)    0    0  26.98573189  2 4.200  18.80436491
(-9.0003193,  3.3266935, 40.1583718,  0.7542844,  0.1253879, -0.6437692, -0.0299032)    0    0  16.72446475  7 2.040  12.37163828
(-16.8455059, -4.1319378, 43.8086718,  0.3147964,  0.3595060, -0.8127095, -0.3334089)    0    0  16.84275018  1 4.920  11.86679299
(-21.2479023,  2.1417567, 38.7185651,  0.1295209, -0.4950696, -0.4430709, -0.7360362)    0    0  17.06034530 11 3.960  12.26924386
(-20.5830561, -1.3076797, 38.4080710,  0.1310946, -0.4844309, -0.4278300, -0.7517204)    0    0  24.49224971  6 3.240  17.67441522
(-13.1828316,  8.3662882, 37.9470003,  0.4674093,  0.2114525, -0.8378778, -0.1864866)    0    0  16.44693793  6 3.320   9.66143309
(-16.7750588, -1.3210205, 39.1219804,  0.7898266,  0.2679053, -0.5511541, -0.0250991)    0    0   7.32665840 11 2.360   3.24139458
(-8.2667558,  1.3581589, 44.9214212,  0.1000469,  0.0390512, -0.9058000, -0.4098319)    0    0  13.90815177  5 3.480   9.99402029
(-11.4013697,  5.9244541, 38.7851370,  0.7437984,  0.1241970, -0.6564411, -0.0205936)    0    0  20.81746365  8 1.720  16.11532027
(-15.0861323,  4.1754656, 42.1172842,  0.7054164,  0.1540349, -0.6908017, -0.0381301)    0    0  16.66799028  7 3.240  13.40764540
(-17.2100298, -3.5448275, 44.4918854,  0.3997329,  0.3167359, -0.8101814, -0.2889604)    0    0  14.13769726 12 0.440  11.43466127
(-16.6875613, -1.3459882, 39.0092362,  0.8310564,  0.2995151, -0.4685169,  0.0113070)    0    0   7.11487892  9 1.080   2.73663277
(-11.5765479,  9.8967669, 43.7419664,  0.3884488, -0.6581817,  0.0586929, -0.6422281)    0    0  14.46850655  5 4.120  10.18518155
(-16.5822751, -1.0951301, 39.0664925,  0.6506406,  0.3116012, -0.6807223, -0.1272347)    0    0  13.38428024  5 3.080  12.40493363
(-16.2299861, -4.1226510, 44.1742622,  0.3208830,  0.3470882, -0.8155880, -0.3337366)    0    0  10.38053256 13 1.400  10.34058069
(-8.3717160,  4.0212217, 46.9913596,  0.2657773,  0.5187932, -0.1849217,  0.7912142)    0    0  15.20684677  1 5.000  10.09134405
(-11.2688566,  2.9490920, 50.0192300,  0.3823682, -0.4563796,  0.7369158, -0.3201048)    0    0  10.51082268  1 5.000   7.03009759
(-15.9930884,  7.2351101, 38.9267967, -0.0843468, -0.8161453, -0.0531469, -0.5691655)    0    0  19.97212214  0 5.000  13.38029060
(-8.6246853,  4.3685739, 46.4590633,  0.2674451,  0.5183082, -0.1857916,  0.7907637)    0    0  14.39522665  7 1.240  10.05312090
(-12.6698758,  4.5205896, 38.5298950,  0.7540867,  0.1332966, -0.6430847, -0.0047496)    0    0  27.46368880  7 2.760  18.98604064
(-16.9634609, -1.5175572, 39.1881735,  0.6930430,  0.3245625, -0.6361987, -0.0979884)    0    0   8.71679394  4 1.880   6.87821407
(-16.5080719, -0.9218866, 39.0215181,  0.6661131,  0.2755852, -0.6853586, -0.1031005)    0    0  14.12261970  4 2.760  11.89319757
(-20.6758189,  2.7426908, 43.4460242,  0.0442127, -0.8749001,  0.0023223, -0.4822753)    0    0  13.18399218  2 4.920   8.89020699
(-18.4557019, -0.3519403, 43.6049913,  0.3433296,  0.3153061, -0.8131989, -0.3484458)    0    0  13.19796522 14 2.680  10.55454451
(-7.2642123,  2.1267498, 44.7242732,  0.0445913,  0.0372488, -0.9049698, -0.4214900)    0    0  14.10779159  4 1.880  10.77526012
(-20.3689046,  0.0715850, 38.3881655,  0.1315361, -0.4821864, -0.4259959, -0.7541360)    0    0  19.50035447 10 2.840  14.45024904
(-17.2620236, -3.4469493, 44.1803098,  0.3179993,  0.3491919, -0.8143117, -0.3372144)    0    0  15.24378927 12 1.400  11.54227175
(-14.3185295, -2.3898054, 39.3641349,  0.6188631,  0.3261077, -0.7042309, -0.1213305)    0    0  12.16315991  3 3.000  14.08773564
(-13.4436362,  4.0460898, 38.7282429,  0.7538681,  0.1345663, -0.6430921, -0.0025960)    0    0  27.67368045  5 3.720  18.72482861
(-12.7025485,  4.6226988, 37.4243991,  0.7456256,  0.1436994, -0.6505596, -0.0128484)    0    0  16.31545939  9 1.720  17.21857673
(-9.3276460,  1.0846052, 36.6091877,  0.7822781,  0.1192266, -0.6112459, -0.0142971)    0    0 -22.82653043  9 4.680 -15.69176700
(-21.1938559,  2.3075660, 38.5856688,  0.1294892, -0.4941797, -0.4420836, -0.7372795)    0    0  16.23638592 12 3.880  11.69530712
(-10.6479664,  4.3327308, 39.4629086,  0.7536498,  0.1325509, -0.6436913, -0.0077981)    0    0  21.83116695 11 2.440  14.73016362
(-11.6157898,  9.5880084, 43.6409125,  0.3895799, -0.6576790,  0.0593685, -0.6419974)    0    0  14.53053314  3 5.000   9.70723381
(-13.3404700,  4.2059741, 38.8103678,  0.7538292,  0.1344520, -0.6431599, -0.0030858)    0    0  27.62617083  6 3.080  18.58732548
(-20.7158795, -1.2453135, 38.3595062,  0.1316481, -0.4818591, -0.4248860, -0.7549518)    0    0  26.50950267  4 5.000  17.70690762
(-20.6083016, -0.0104151, 36.7034155,  0.1220599, -0.4889639, -0.4327962, -0.7473145)    0    0   6.57232922 12 2.680  10.04404773
(-11.3138549, 10.2252952, 38.8382095, -0.3986446, -0.6017541,  0.0073255,  0.6920407)    0    0  16.47190809  4 4.680  11.46378767
(-16.6270308, -1.6363374, 37.7347185,  0.9425567,  0.2260920, -0.1152125,  0.2172451)    0    0  -2.16290657 12 1.160  -0.65084505
(-20.1544513,  2.9678826, 44.0252895,  0.0439238, -0.8749437,  0.0025477, -0.4822217)    0    0  13.26206930  1 5.000   8.91201964
(-17.1692920, -3.8795546, 44.2589261,  0.3291434,  0.3500681, -0.8133808, -0.3279156)    0    0  15.91790112 10 2.360  11.79940443
(-16.5672640, -0.8935290, 39.0503561,  0.5420919,  0.3101310, -0.7577831, -0.1889969)    0    0  17.81709193  2 4.760  16.64262112
(-16.5049673,  0.4926163, 47.8272679, -0.0877979, -0.8186570,  0.4408947, -0.3570439)    0    0   9.40395545  5 4.920   7.17829556
(-16.7983737, -1.5746675, 38.2956238,  0.9099719,  0.2799944, -0.2842155,  0.1130300)    0    0   6.98389605  6 1.720   9.51224591
(-20.3678720,  3.1808331, 43.8289223,  0.0459664, -0.8756219,  0.0042962, -0.4807755)    0    0  11.68131306  8 3.160   8.38648133
(-12.5841734,  7.2364459, 38.2740733,  0.7175212,  0.1412560, -0.6809771, -0.0384740)    0    0  18.31908853  8 2.440  15.54591844
(-11.9363301,  9.3142376, 44.1536237,  0.3855008, -0.6593256,  0.0588484, -0.6428158)    0    0  12.61509316  6 3.400   9.20482544
(-8.4702826,  4.1065939, 46.9203181,  0.2662618,  0.5184955, -0.1852844,  0.7911614)    0    0  15.14115732  3 5.000  10.40538721
(-12.1495460,  6.7693428, 38.5294894,  0.7299358,  0.1359376, -0.6690777, -0.0323987)    0    0  20.18982811  6 2.280  16.26737362
(-17.7440455, -0.4964158, 43.4713619,  0.4321502,  0.2936579, -0.8044630, -0.2825783)    0    0  15.94021467  6 3.560  11.55750163
(-13.8949945,  3.4497251, 40.3151127,  0.7522319,  0.1366895, -0.6445490, -0.0030110)    0    0  24.15663431 13 2.520  17.27420206
(-11.7233867,  9.4404281, 43.5587411,  0.3899992, -0.6577126,  0.0592830, -0.6417166)    0    0  14.83984053  2 5.000   9.86266954
(-12.2669976,  6.9283887, 38.3936039,  0.7325130,  0.1346144, -0.6665594, -0.0316587)    0    0  20.00797902  7 2.440  16.00198338
(-8.2791850,  3.9274282, 47.0950007,  0.2659222,  0.5187135, -0.1850621,  0.7911850)    0    0  15.20211048  2 5.000  10.09049017
(-19.7273727,  1.5462549, 36.9365628,  0.1149930, -0.5110453, -0.4611319, -0.7162169)    0    0   4.56800480  9 2.920  10.54280806
(-17.0439029, -3.7695540, 44.0465593,  0.3304452,  0.3490947, -0.8126733, -0.3293949)    0    0  16.80787024  2 4.120  12.03640340
(-12.6375650,  4.6206383, 38.8354698,  0.7511875,  0.1344832, -0.6461808, -0.0067952)    0    0  26.30615013 13 1.080  18.33389535
(-12.5182557,  4.6106436, 38.5470463,  0.7545020,  0.1318039, -0.6428756, -0.0067741)    0    0  27.03324336  9 1.480  18.41826365
(-15.7810859,  7.1301468, 39.0820031, -0.0887063, -0.8179795, -0.0534314, -0.5658142)    0    0  19.63268261  4 3.960  14.16980758
(-16.4757340, -0.9892722, 38.8169453,  0.8070069,  0.2895858, -0.5146647,  0.0003201)    0    0   8.31968338  7 1.960   4.38496048
(-10.1147381,  5.7339201, 39.4228264,  0.7523638,  0.1232336, -0.6469089, -0.0122647)    0    0  18.15430939 10 1.880  13.89751224
(-8.5587542,  4.2440849, 46.7294796,  0.2663862,  0.5185705, -0.1853272,  0.7910602)    0    0  14.80160500  5 2.360  10.31396371
(-10.6609115, 10.5046902, 39.7352873, -0.3979711, -0.5965247,  0.0038271,  0.6969666)    0    0  19.65177089  1 5.000  13.11220391
(-17.0990741, -4.3574423, 44.2954599,  0.3126895,  0.3600127, -0.8133431, -0.3332945)    0    0  16.47934465  3 2.440  12.00279299
(-20.5804663,  0.9379570, 38.4802004,  0.1312603, -0.4873217, -0.4346525, -0.7458653)    0    0  19.87698219  9 3.000  14.49962825
(-16.5886165,  6.6378736, 48.9192812,  0.5241928, -0.6814418,  0.3303071, -0.3894423)    0    0   5.39520188  1 5.000   5.46866371
(-16.0620442, -0.4386699, 38.9389252,  0.6818228,  0.2950163, -0.6627070, -0.0943532)    0    0   7.15673206 10 0.760  10.07832554
(-17.2032413,  3.9590378, 38.2697171,  0.8204688,  0.0821516, -0.5625810,  0.0598730)    0    0  13.82196603  4 3.720   8.26403559
(-15.6434695,  3.8520711, 38.6042285,  0.7552357,  0.1331310, -0.6417790,  0.0000009)    0    0  22.72195408 10 2.920  17.58275957
(-11.9612991,  5.4188941, 39.0323430,  0.7430493,  0.1292272, -0.6564820, -0.0144744)    0    0  19.92771268  8 1.160  15.95470826
(-16.8525555, -4.1294802, 43.8195904,  0.3150330,  0.3592670, -0.8124825, -0.3339556)    0    0  18.03953758  0 4.520  12.68170371
(-8.5810806,  6.6117754, 39.3567564,  0.7799798,  0.0037553, -0.6246984,  0.0370042)    0    0  -1.07434370 11 3.000   0.92483657
(-12.1353032,  2.7487326, 34.9083829,  0.6710799,  0.1967640, -0.7087465, -0.0928118)    0    0 -22.35181307  3 4.440 -11.75195582
(-12.2065368,  4.7440874, 39.1313675,  0.7517768,  0.1351266, -0.6453939, -0.0049400)    0    0  24.25198038 10 1.160  17.37002228
(-15.7989239, -0.1346387, 39.2204332,  0.5784785,  0.2610675, -0.7577877, -0.1515394)    0    0  19.03845311  1 3.320  16.45811356
(-16.1759241, -2.3160069, 38.7498820,  0.9232347,  0.2702488, -0.2347134,  0.1396884)    0    0   1.29979847 11 1.400   4.17647420
(-20.3911803,  2.9088943, 43.7165770,  0.0453337, -0.8753207,  0.0025860, -0.4814033)    0    0  13.03742837  5 2.840   8.95277478
(-11.9708389,  5.5535617, 38.4150755,  0.7522124,  0.1332800, -0.6451332, -0.0113782)    0    0  24.31079576 10 1.640  16.67562468
(-20.4871992,  2.5705418, 43.7584623,  0.0462659, -0.8753260,  0.0028864, -0.4812993)    0    0  12.51850373  7 1.880   8.87180531
(-17.2568607, -3.8256672, 44.3089155,  0.3156668,  0.3597916, -0.8127367, -0.3322044)    0    0  16.26448325  6 4.520  11.23082160
(-14.2239754, -2.4604535, 39.2286781,  0.7123133,  0.3229700, -0.6194746, -0.0674635)    0    0  10.06648077 10 3.160  10.55356223
(-11.5649975,  9.9173312, 43.7453023,  0.3901323, -0.6576640,  0.0593139, -0.6416827)    0    0  15.07056018  1 5.000  10.23310967
(-15.6403196,  7.0614872, 39.1862399, -0.0864724, -0.8171093, -0.0532440, -0.5674577)    0    0  19.58245574  5 3.800  13.38916954
(-15.1776026, -1.5316381, 39.2114437,  0.5312659,  0.3025395, -0.7694024, -0.1850577)    0    0  14.96645226  3 4.360  11.53470451
(-16.7314253,  0.1797222, 48.1380091, -0.0825658, -0.8224511,  0.4339332, -0.3584118)    0    0   8.60403854  7 4.600   6.42620481
(-12.0997972,  7.0696846, 38.6759514,  0.7183058,  0.1347027, -0.6811005, -0.0446556)    0    0  19.23642521  7 2.360  15.55123875
(-16.6373520,  0.4263600, 47.6601494, -0.0918875, -0.8130497,  0.4549748, -0.3514092)    0    0   9.97342570  4 4.760   7.28218239
(-13.5206877,  3.9461440, 38.6190947,  0.7535145,  0.1348458, -0.6434482, -0.0024838)    0    0  28.43138387  0 4.920  19.29191196
(-14.5679927, -1.9429386, 39.4169677,  0.6102442,  0.2666790, -0.7352329, -0.1261624)    0    0  13.12366676  7 3.480  12.59743897
(-18.4760310, -0.4444665, 43.3876578,  0.3172186,  0.3377722, -0.8136981, -0.3509668)    0    0  12.85087803  8 3.480  10.03657365
(-20.5384716,  0.2576618, 37.1303300,  0.1272085, -0.4878039, -0.4337956, -0.7467465)    0    0  10.17686632 11 2.520  11.14227460
(-13.0523418,  4.5646913, 39.0387829,  0.7533624,  0.1341205, -0.6437674, -0.0041839)    0    0  26.83742832 11 0.920  18.36772813
(-12.2510810,  9.8228007, 37.9967277, -0.2083445, -0.6047081,  0.2544950,  0.7253640)    0    0  10.90187375  9 4.120   2.47558451
(-13.4242740,  4.1369102, 38.7194700,  0.7535551,  0.1349086, -0.6433875, -0.0024238)    0    0  28.11996474  2 3.960  19.70107498
(-14.1005888,  3.1980286, 40.6446879,  0.7385484,  0.1408170, -0.6589741, -0.0216799)    0    0  24.12254347 10 2.840  17.62787334
(-15.6183295,  7.0508499, 39.2023283, -0.0843665, -0.8161470, -0.0531170, -0.5691789)    0    0  19.81623102  3 5.000  13.36751150
(-9.0468110, -0.3609742, 45.4415359,  0.0160149,  0.0393033, -0.8995161, -0.4348214)    0    0   9.57560044  4 2.760   9.02310927
(-15.7095537,  0.3170033, 39.1568852,  0.6786520,  0.1814546, -0.7082923, -0.0694809)    0    0  19.72556621  8 4.200  14.37246782
(-12.7385948,  7.7214954, 38.0867690,  0.6141576,  0.1655759, -0.7619824, -0.1215644)    0    0  14.03085791  3 1.080   9.00415177
(-13.1109247,  4.3267369, 38.7898796,  0.7534501,  0.1351480, -0.6434599, -0.0025805)    0    0  26.79710547  9 0.680  18.42063062
(-15.7937112,  7.1467284, 39.1020073, -0.0882600, -0.8176907, -0.0534531, -0.5663117)    0    0  19.28516532  6 2.840  13.53223611
(-20.5917911, -1.4977312, 38.3716063,  0.1321235, -0.4808622, -0.4247379, -0.7554784)    0    0  27.41803754  0 5.000  18.54269563
(-16.5344799, -1.2383741, 38.9719760,  0.8198177,  0.3003453, -0.4875358, -0.0006248)    0    0   7.07913244 10 0.840   3.53019338
(-20.7729752, -1.0367417, 38.4197012,  0.1316555, -0.4819633, -0.4247426, -0.7549637)    0    0  27.05361672  1 5.000  18.41138825
(-11.7125039,  6.4437546, 38.7035608,  0.7146230,  0.1372493, -0.6840983, -0.0498610)    0    0  18.12707153  9 1.320  15.95340041
(-13.6192142,  3.7908981, 38.5209351,  0.7535318,  0.1346667, -0.6434648, -0.0027611)    0    0  27.93768346  4 5.000  18.75872504
(-8.8626118,  3.3712422, 40.1032015,  0.7546380,  0.1235219, -0.6432950, -0.0378853)    0    0  17.04643608  6 3.240  12.01905262
(-13.3749396,  4.1670726, 38.7561181,  0.7518038,  0.1346888, -0.6454571, -0.0048992)    0    0  27.32282290  8 1.320  18.53679428
(-14.2220881,  3.0927675, 40.9540735,  0.7397355,  0.1409188, -0.6577392, -0.0176782)    0    0  22.97274348 10 3.000  16.77246492
(-7.0669047,  2.6377627, 44.6173067,  0.1660992,  0.0440820, -0.9039546, -0.3915787)    0    0  14.39430168  3 4.200  11.05221000
(-10.0298210,  0.6724077, 35.2292953,  0.8504321,  0.1065915, -0.5148019,  0.0195556)    0    0 -22.38850457  3 5.000 -21.85203598
(-8.6118314,  4.3033290, 46.6660513,  0.2662969,  0.5185786, -0.1852786,  0.7910964)    0    0  14.86016415  4 3.720  10.30058477
(-12.7023451,  8.4172147, 38.1226438,  0.5396245,  0.1810148, -0.8049639, -0.1675476)    0    0  13.35096052  3 1.000   7.78081342
(-17.2703679,  6.7218525, 34.0606642,  0.7348272,  0.6652458, -0.0607347,  0.1174239)    0    0  17.05268235  0 5.000  11.36874869
(-13.5263638,  8.7882843, 37.9201236, -0.0762008,  0.2816901, -0.8802591, -0.3741499)    0    0  15.55499791  2 2.040  11.28971799
(-10.8518629, 10.5004807, 39.6013745, -0.3979278, -0.5963147,  0.0036471,  0.6971721)    0    0  19.73694395  0 5.000  13.15832185
(-15.6429187,  7.5957632, 39.0722835, -0.0962604, -0.8244791, -0.0535239, -0.5550706)    0    0  17.88687456  7 2.680  12.83643321
(-9.6851001,  4.2377466, 39.9648272,  0.7513225,  0.1285681, -0.6469067, -0.0222832)    0    0  20.31983212  5 2.680  14.28093980
(-6.9405686,  2.5554385, 44.5889959,  0.1192204,  0.0406129, -0.9053251, -0.4053602)    0    0  17.60641633  2 3.160  12.73784124
(-15.3268435, -4.5384710, 43.5363918,  0.3050478,  0.3551183, -0.8156502, -0.3396849)    0    0   7.18167542 14 2.440   7.74574929
(-17.2149256, -3.4984313, 44.2847123,  0.4045004,  0.3174795, -0.8079551, -0.2877408)    0    0  16.32660241  4 5.000  10.56853722
(-16.4138678, -1.4481092, 37.5917712,  0.6902254,  0.3260055, -0.6375245, -0.1042685)    0    0  -0.17660768 16 1.640  -2.89797583
(-10.9855001, 10.4609239, 39.4270651, -0.3981238, -0.5976679,  0.0045534,  0.6958919)    0    0  17.60760395  3 5.000  12.57501534
(-12.6872283,  6.6368574, 38.3752058,  0.7390347,  0.1371223, -0.6593035, -0.0185516)    0    0  20.58662424 14 2.040  16.27100129
(-16.5026289,  0.3587658, 47.5660879, -0.0946804, -0.8141840,  0.4522790, -0.3515449)    0    0  10.97531476  2 5.000   7.42991900
(-15.5740912,  4.1709670, 38.5118746,  0.7619327,  0.1292442, -0.6344470,  0.0040786)    0    0  21.68240786 11 2.680  17.00748134
(-14.2625333,  3.1530840, 41.5523512,  0.7060655,  0.1497886, -0.6898423, -0.0561468)    0    0  21.13900067  4 3.400  15.77023790
(-7.5743846,  2.5440390, 44.3109371,  0.3606301,  0.0722726, -0.8791687, -0.3029605)    0    0  10.63811819 11 3.160   4.92683940
(-16.6912237, -4.3068567, 43.9765207,  0.3114177,  0.3582792, -0.8136703, -0.3355261)    0    0  16.03787315  5 1.160  12.89594221
(-13.1288777,  8.1648696, 37.9761945,  0.4596037,  0.2167887, -0.8406743, -0.1871734)    0    0  16.35345535  7 2.520   9.77721254
(-16.1053584, -1.2154548, 38.9874032,  0.6479898,  0.3043150, -0.6882638, -0.1174500)    0    0  12.16214608  8 2.680  10.77491516
(-8.3928869,  4.0460944, 46.9626775,  0.2657853,  0.5188089, -0.1849545,  0.7911936)    0    0  15.37761414  0 5.000  10.31306221
(-6.9268928,  2.6255772, 44.6705012,  0.1203000,  0.0397709, -0.9054356, -0.4048359)    0    0  18.00046455  1 4.600  13.45044964
(-16.7821076, -0.7257623, 38.9274416,  0.6738765,  0.2681472, -0.6790797, -0.1133060)    0    0   7.48655729 10 2.360   9.22467507
(-11.9998445,  5.8371331, 39.9443930,  0.7080577,  0.1359943, -0.6920671, -0.0346835)    0    0  18.30245143  7 1.880  14.51585882
(-11.1019343, 10.4530825, 39.3607579, -0.3983258, -0.5989865,  0.0056628,  0.6946274)    0    0  18.02764343  2 4.520  12.65374506
(-11.2318536,  3.0629916, 50.0137849,  0.3826767, -0.4562019,  0.7367425, -0.3203886)    0    0  10.60177767  0 5.000   7.07523105
(-16.8857890,  3.8438887, 38.6629007,  0.7822743,  0.1120352, -0.6124722,  0.0193106)    0    0  17.32508897 13 3.560  12.65262945
(-6.9210859,  3.0045056, 44.1314633,  0.2996041,  0.0625231, -0.8895548, -0.3391466)    0    0  13.10758874  7 2.760   9.69402467
(-13.7335583,  3.7660537, 39.1966224,  0.7488710,  0.1372049, -0.6482666, -0.0067054)    0    0  27.30470297  8 1.880  19.04911383
(-16.9928113, -3.3725595, 44.0210776,  0.4191330,  0.3067958, -0.8063965, -0.2827163)    0    0  15.13008078 15 4.200   8.51224930
(-10.1197010,  3.9697759, 39.4934253,  0.7539382,  0.1311360, -0.6435667, -0.0120380)    0    0  20.95023600 10 2.760  14.51352552
(-8.9555576, -0.0298617, 46.2139407,  0.1252201,  0.0501160, -0.9092895, -0.3937015)    0    0   8.13824481 10 3.880   6.14010367
(-16.1708113,  7.3224923, 38.7961306, -0.0841556, -0.8160608, -0.0531289, -0.5693328)    0    0  19.86579418  2 5.000  13.50414165
(-12.7799214,  4.4798942, 38.6188292,  0.7535829,  0.1344290, -0.6434498, -0.0032006)    0    0  27.20817291 10 3.080  18.34588922
(-13.7329267,  3.6117989, 38.4077695,  0.7536126,  0.1345684, -0.6433903, -0.0028541)    0    0  28.24074276  1 5.000  19.34841863
(-20.5759030, -0.1393460, 38.3701867,  0.1316820, -0.4824939, -0.4273973, -0.7531159)    0    0  20.77798844  7 2.760  15.44710820
(-9.1652866,  3.5045701, 40.0110184,  0.7535850,  0.1268155, -0.6444873, -0.0257606)    0    0  16.85941964  8 3.000  12.53851592
(-9.9760079,  4.0188011, 39.8312859,  0.7514397,  0.1310342, -0.6464516, -0.0153901)    0    0  20.23781164 10 2.760  13.91000987
(-14.5298450, -2.0789030, 39.2443841,  0.6047326,  0.3148139, -0.7176807, -0.1418628)    0    0  13.17366913  6 3.880  11.46294498
(-13.0818172,  4.2168005, 38.5419866,  0.7537742,  0.1341409, -0.6432872, -0.0033087)    0    0  27.95609950  3 3.320  18.86896589
(-20.4674921,  2.8987142, 43.6077132,  0.0441114, -0.8748143,  0.0024806, -0.4824395)    0    0  13.04100919  4 4.360   8.75640264
(-17.1379920, -3.8751408, 44.2141836,  0.3111235,  0.3600901, -0.8136810, -0.3338568)    0    0  15.96986093  9 3.080  11.28181752
(-20.3728621,  2.9196308, 43.7339320,  0.0439243, -0.8749482,  0.0025657, -0.4822133)    0    0  13.33470407  0 5.000   8.89000587
(-9.2130415, -0.5068690, 46.2769767,  0.0606956,  0.0404733, -0.9046895, -0.4197795)    0    0   5.77014442 10 4.120   3.30477874
(-15.6682748,  7.0691454, 39.1684661, -0.0857142, -0.8167813, -0.0532310, -0.5680531)    0    0  19.90711300  1 5.000  13.35031482
(-15.1222603,  3.4204720, 42.7034894,  0.6319012,  0.1700410, -0.7443431, -0.1331927)    0    0  16.08092592  7 3.240  12.54821630
(-16.2751730, -1.1332084, 38.0864397,  0.8537443,  0.2790967, -0.4363270,  0.0533329)    0    0   2.01080467 12 1.400  -1.14650832
(-16.7193500,  0.2601664, 47.9420492, -0.0822040, -0.8221584,  0.4343951, -0.3586070)    0    0   8.79163670  6 4.680   6.67013659
(-17.1602665, -3.2874995, 43.9715897, -0.3288659, -0.3355968,  0.8156399,  0.3374211)    0    0  14.76872559 13 0.760  12.76903371
(-16.6754504,  0.5360609, 47.7933888, -0.0946770, -0.8141856,  0.4522792, -0.3515416)    0    0  11.14425137  0 5.000   7.42965068
(-12.1000315,  5.0733865, 38.7362649,  0.7474213,  0.1324259, -0.6508032, -0.0116349)    0    0  23.64344547 10 0.920  16.99475903
(-15.2458684,  1.9153660, 42.3982478,  0.7240918,  0.1479359, -0.6725939, -0.0377284)    0    0  18.14913003  5 3.960  12.79074273
(-8.5886927,  4.2506244, 46.9923828,  0.2688438,  0.5178267, -0.1866988,  0.7903897)    0    0  13.87103736  8 1.640   9.61150818
(-15.6168877,  4.0299245, 38.5408311,  0.7572800,  0.1319998, -0.6395742,  0.0006901)    0    0  22.30078759 12 2.920  17.38026349
(-17.5446159, -2.2727478, 43.6910713,  0.3237843,  0.3503032, -0.8132470, -0.3330502)    0    0  16.27680615  5 2.920  11.58906581
(-20.3537637,  2.9310275, 43.7398786,  0.0437917, -0.8753001,  0.0032914, -0.4815809)    0    0  12.93067164  6 4.200   8.68634115
(-8.6645044,  3.2925267, 38.9255613,  0.7560739,  0.1179603, -0.6415067, -0.0539145)    0    0  15.64362396  8 2.760  11.73301376
(-18.3646564,  6.8331663, 48.3096214,  0.5283984, -0.6832447,  0.3297504, -0.3810989)    0    0  10.06730054  0 5.000   6.71301478
(-7.1288136,  2.7972406, 44.2513516,  0.4808557,  0.0872582, -0.8394111, -0.2378085)    0    0  18.41459566  1 5.000  12.80728225
(-20.5038917, -1.6025895, 38.4618876,  0.1313593, -0.4822514, -0.4248076, -0.7547952)    0    0  26.77964328  3 5.000  17.70265723
(-16.7293658, -1.2601010, 39.0799465,  0.6936619,  0.3151367, -0.6410573, -0.0925611)    0    0   7.85026919  8 1.720   7.61877871
(-17.0163894, -3.7182265, 43.9874284,  0.3277031,  0.3494066, -0.8135006, -0.3297612)    0    0  16.20896571  7 2.440  12.26671136
(-20.4570507,  2.9010231, 43.6216370,  0.0439699, -0.8748947,  0.0024743, -0.4823067)    0    0  13.14664546  3 5.000   8.75032915
(-7.7143666,  1.8642678, 45.0155757,  0.1760989,  0.0510137, -0.9062979, -0.3808029)    0    0  13.05552644  9 3.560   7.64892693
(-8.3606778,  6.9182493, 39.4938578,  0.8050387, -0.1217359, -0.5738693,  0.0881311)    0    0  -0.39636075 21 3.720 -15.72053647
(-20.2964781, -1.2427014, 38.9802954,  0.1315303, -0.4827669, -0.4259128, -0.7538120)    0    0  26.37990272  5 3.480  17.93046070
(-16.1841283, -1.4867031, 37.1413577,  0.9112431,  0.2529019, -0.2816219,  0.1623750)    0    0  -4.14875091  6 2.280   5.48476143
(-9.6546610, -0.6420711, 46.2080868, -0.0152012,  0.0432398, -0.8949727, -0.4437602)    0    0   6.18249839  9 4.360   3.30445216
