#Coordinates  RecID  LigID  Luciferin  Neighbor's number  Vision Range  Scoring
(-0.2136732,  7.9639308, 31.5626524, -0.3188518, -0.0159001, -0.8763440, -0.3606964)    0    0  38.11562198  6 0.320  25.36231320
(-5.7775632,  9.2448259, 31.3253277,  0.0500909,  0.1002619,  0.3796037,  0.9183352)    0    0  37.19698835 39 0.000  24.95097419
(-5.2816581,  8.9400859, 31.5828406,  0.0500893,  0.1002556,  0.3796056,  0.9183351)    0    0  37.31177442 54 0.000  25.01241959
(-5.8503331,  8.8790244, 31.1749941,  0.0500987,  0.1002942,  0.3795936,  0.9183354)    0    0  37.45173969  0 0.400  24.84811266
(-0.0687765,  8.0419375, 31.4894220, -0.3188518, -0.0159001, -0.8763440, -0.3606964)    0    0  38.65041401  5 0.720  25.59875330
(-5.7575678,  8.9644773, 31.2115183,  0.0501004,  0.1003010,  0.3795915,  0.9183354)    0    0  38.60590274  0 5.000  25.73726849
(-5.9694850,  9.2362346, 31.1757969,  0.0500907,  0.1002612,  0.3796039,  0.9183352)    0    0  36.69916160  3 0.560  24.29759536
(-5.5322370,  8.9999488, 31.0664390,  0.0500883,  0.1002514,  0.3796069,  0.9183351)    0    0  37.41896635  0 0.400  24.73626335
(-5.7521320,  8.6623403, 31.5219259,  0.0500902,  0.1002592,  0.3796045,  0.9183352)    0    0  37.65139223  0 0.400  25.01259379
(-11.1942002, 12.0356249, 25.6731469,  0.6721844,  0.5986533, -0.3813588, -0.2105893)    0    0  11.51817012  1 0.400   8.04483236
(-5.7278446,  8.6578604, 31.0408560,  0.0500885,  0.1002520,  0.3796068,  0.9183351)    0    0  37.48241736 38 0.000  25.11460085
(-15.4337547,  8.1154859, 25.9272098,  0.9130645,  0.1562608, -0.3751654,  0.0338622)    0    0  16.88892395  3 0.880  11.89955619
(-15.6172135,  8.0614029, 25.7837922,  0.9130645,  0.1562608, -0.3751654,  0.0338622)    0    0  14.13382977  2 0.640   8.41194333
(-0.6158650,  7.8973002, 31.6382104, -0.3188518, -0.0159001, -0.8763440, -0.3606964)    0    0  38.33050905 12 0.160  25.66127350
(-0.1215576,  8.0062197, 31.2839998, -0.3188518, -0.0159001, -0.8763440, -0.3606964)    0    0  38.12067503  8 0.080  25.66083277
(-5.5190638,  9.2508274, 31.6267049,  0.0500844,  0.1002354,  0.3796120,  0.9183350)    0    0  37.55999194  0 0.400  25.26171102
(-5.3185040,  9.1058101, 31.2145927,  0.0500868,  0.1002451,  0.3796089,  0.9183351)    0    0  37.65041070  0 0.400  25.23672753
(-5.3513154,  9.3450972, 31.0010723,  0.0500945,  0.1002770,  0.3795990,  0.9183353)    0    0  37.56032109 33 0.000  25.24349672
(-6.1898222,  8.7939007, 31.1225660,  0.0500948,  0.1002779,  0.3795987,  0.9183353)    0    0  37.96696828  4 0.480  25.42871885
(-10.5375610,  7.8154698, 31.7461547, -0.9753570,  0.1658001, -0.0119730, -0.1450714)    0    0  35.27453394  4 0.480  23.81049494
(-11.0088524, 12.1169444, 24.9332392,  0.6721844,  0.5986533, -0.3813588, -0.2105893)    0    0   9.12337175  6 0.320   5.21023888
(-5.2838513,  8.9697528, 31.6684448,  0.0500955,  0.1002808,  0.3795978,  0.9183353)    0    0  37.53507544 42 0.000  25.03700329
(-15.2313769,  8.0421335, 25.7257769,  0.9130645,  0.1562608, -0.3751654,  0.0338622)    0    0  15.94539967  5 0.400  11.48505437
(-5.7340201,  9.0399513, 31.2939288,  0.0500955,  0.1002804,  0.3795979,  0.9183353)    0    0  37.62618877  0 0.400  25.31528921
(-5.7171362,  9.2513426, 30.8731110,  0.0500971,  0.1002872,  0.3795958,  0.9183353)    0    0  37.69695661 17 0.000  25.26938524
(-5.5365761,  9.0901424, 31.5857729,  0.0500932,  0.1002718,  0.3796006,  0.9183352)    0    0  37.01526052 26 0.000  24.54268144
(-10.2996347,  7.5535113, 31.5510704, -0.9753570,  0.1658001, -0.0119730, -0.1450714)    0    0  32.51479269 16 0.000  21.11959213
(-5.3406331,  8.9957494, 31.5573428,  0.0500881,  0.1002504,  0.3796073,  0.9183351)    0    0  37.58225566  0 0.400  25.15624403
( 0.3934604,  7.9206610, 31.5789393, -0.3188518, -0.0159001, -0.8763440, -0.3606964)    0    0  38.27785292  3 0.480  25.64399999
(-15.6865928,  7.8906849, 25.3298012,  0.9130645,  0.1562608, -0.3751654,  0.0338622)    0    0  17.37209163  1 5.000  11.62349442
(-10.8995614,  8.0139753, 31.5427685, -0.9753570,  0.1658001, -0.0119730, -0.1450714)    0    0  35.08192678 13 0.000  23.31676480
(-0.3340272,  7.9299222, 31.6566303, -0.3188518, -0.0159001, -0.8763440, -0.3606964)    0    0  38.56219156  6 4.920  25.34988746
( 0.1104756,  7.9651189, 31.5732955, -0.3188518, -0.0159001, -0.8763440, -0.3606964)    0    0  38.69776506  3 0.720  25.77005763
(-5.4847026,  8.6895118, 31.3528177,  0.0500940,  0.1002747,  0.3795997,  0.9183353)    0    0  37.83042050 11 0.000  25.38507042
(-15.4361022,  7.8455686, 25.2159037,  0.9130645,  0.1562608, -0.3751654,  0.0338622)    0    0  16.06009906  5 0.640  11.77438859
(-10.2416240,  7.2802800, 31.3942455, -0.9753570,  0.1658001, -0.0119730, -0.1450714)    0    0  33.96991797  0 0.480  21.76265435
(-5.7585855,  9.1099177, 31.5428167,  0.0500897,  0.1002570,  0.3796052,  0.9183351)    0    0  37.49423800  0 0.400  25.21745104
(-5.3458132,  9.2487429, 31.1902534,  0.0500965,  0.1002849,  0.3795965,  0.9183353)    0    0  37.56954546 25 0.000  24.98583159
(-15.3519685,  8.0048840, 25.5493529,  0.9130645,  0.1562608, -0.3751654,  0.0338622)    0    0  15.16641656  4 0.480  10.02290794
(-0.3635692,  7.8684222, 31.5911323, -0.3188518, -0.0159001, -0.8763440, -0.3606964)    0    0  37.89807773 13 0.000  25.09933846
(-5.5489224,  9.0180905, 31.1843612,  0.0500960,  0.1002831,  0.3795971,  0.9183353)    0    0  37.80387347  8 0.240  25.06735664
(-10.4138963,  7.5798261, 31.4459941, -0.9753570,  0.1658001, -0.0119730, -0.1450714)    0    0  36.05301732  1 3.520  24.07695859
(-5.0986364,  9.1147197, 31.2916274,  0.0500876,  0.1002484,  0.3796079,  0.9183351)    0    0  37.80860027  0 0.400  25.34072385
(-5.8699765,  8.8699038, 31.5351957,  0.0500891,  0.1002545,  0.3796060,  0.9183351)    0    0  37.57032544 18 0.000  25.12417152
(-10.4673490,  7.6535511, 31.4986100, -0.9753570,  0.1658001, -0.0119730, -0.1450714)    0    0  34.16171594  7 0.320  21.73001804
(-5.2816549,  8.8304035, 31.6902901,  0.0500977,  0.1002899,  0.3795949,  0.9183354)    0    0  37.87421759  0 0.400  25.35390864
(-15.5170566,  7.9982381, 25.5887927,  0.9130645,  0.1562608, -0.3751654,  0.0338622)    0    0  14.40623090 12 1.720   7.70166228
(-6.2657837,  9.0764445, 31.3110684,  0.0500951,  0.1002795,  0.3795982,  0.9183353)    0    0  37.37248418  0 0.400  24.66368707
(-6.1617575,  8.6132943, 30.9812820,  0.0500974,  0.1002886,  0.3795954,  0.9183354)    0    0  37.78854670  6 0.320  25.18047628
(-0.2958980,  7.9450953, 31.6814879, -0.3188518, -0.0159001, -0.8763440, -0.3606964)    0    0  38.27539552  8 0.320  25.20585188
(-11.4854884, 11.3445536, 25.2019867,  0.6721844,  0.5986533, -0.3813588, -0.2105893)    0    0  11.53744692  8 0.160   7.76183305
(-5.9114354,  8.7657504, 31.6208675,  0.0500890,  0.1002544,  0.3796060,  0.9183351)    0    0  37.60083928 27 0.000  25.03939413
(-10.4309843,  7.6093768, 31.4539180, -0.9753570,  0.1658001, -0.0119730, -0.1450714)    0    0  36.09148147  0 5.000  24.06098765
(-5.4511671,  9.1363056, 31.0717846,  0.0500904,  0.1002600,  0.3796043,  0.9183352)    0    0  37.70845757 11 0.000  25.20052718
(-5.9025124,  8.7977907, 31.3194513,  0.0500853,  0.1002391,  0.3796108,  0.9183350)    0    0  37.19771267  0 0.400  24.90596289
(-10.5960108,  7.9548522, 31.1991407, -0.9753570,  0.1658001, -0.0119730, -0.1450714)    0    0  35.28223349  2 0.480  23.81261177
(-5.5156765,  9.3130616, 30.8477748,  0.0500946,  0.1002771,  0.3795989,  0.9183353)    0    0  37.83915178  1 0.400  25.66080790
(-0.3802328,  7.7712160, 31.9064671, -0.3188518, -0.0159001, -0.8763440, -0.3606964)    0    0  38.52784227  4 0.320  25.75929988
(-0.3227937,  7.9291123, 31.6518189, -0.3188518, -0.0159001, -0.8763440, -0.3606964)    0    0  38.65443562  4 0.880  25.64017349
(-5.5949706,  8.9841883, 31.1098013,  0.0500927,  0.1002695,  0.3796013,  0.9183352)    0    0  36.90576827  6 0.320  23.68093016
(-5.6468561,  8.7718411, 31.3488128,  0.0500884,  0.1002516,  0.3796069,  0.9183351)    0    0  37.61367133  0 0.400  25.09108939
(-5.9500014,  9.1116377, 31.6911858,  0.0500870,  0.1002462,  0.3796086,  0.9183351)    0    0  37.61258265  0 0.400  25.17879096
(-11.4143380, 11.9227831, 25.2875916,  0.6721844,  0.5986533, -0.3813588, -0.2105893)    0    0   9.87315944  0 0.400   5.50787631
(-6.0275020,  8.7022968, 31.2615181,  0.0500899,  0.1002581,  0.3796049,  0.9183352)    0    0  36.62951961 11 0.000  24.26596636
(-5.9133911,  8.8709594, 31.0249083,  0.0500882,  0.1002512,  0.3796070,  0.9183351)    0    0  37.48045399  3 0.480  24.80347399
(-5.6421951,  9.1493138, 31.3009109,  0.0500920,  0.1002664,  0.3796023,  0.9183352)    0    0  37.78057375  0 0.400  25.15596627
(-15.5018084,  8.1077577, 25.2993594,  0.9130645,  0.1562608, -0.3751654,  0.0338622)    0    0  15.46409616  0 0.560  11.42640949
(-5.6082362,  8.7317801, 31.2123927,  0.0500981,  0.1002916,  0.3795944,  0.9183354)    0    0  37.88054552  0 0.400  25.26497640
(-5.4979712,  8.9241314, 31.4253493,  0.0500961,  0.1002834,  0.3795970,  0.9183353)    0    0  37.74976288 23 0.000  25.09137201
(-6.0479971,  9.1522317, 31.2459304,  0.0500916,  0.1002651,  0.3796027,  0.9183352)    0    0  37.08782646  0 0.400  24.95569726
(-10.6351150,  8.1572133, 31.7334419, -0.9753570,  0.1658001, -0.0119730, -0.1450714)    0    0  35.41224771  6 0.720  23.63733696
(-6.1933522,  9.1253040, 31.1978896,  0.0500950,  0.1002790,  0.3795983,  0.9183353)    0    0  37.40792608 28 0.000  24.98178064
(-0.4845238,  7.8940726, 31.6360032, -0.3188518, -0.0159001, -0.8763440, -0.3606964)    0    0  38.33707938 11 0.200  25.70386745
(-11.3290161, 11.5194424, 25.1034067,  0.6721844,  0.5986533, -0.3813588, -0.2105893)    0    0  11.60459305  8 0.320   7.68996644
(-5.5353910,  8.8757858, 31.0610350,  0.0500931,  0.1002710,  0.3796008,  0.9183352)    0    0  37.43464316 30 0.000  24.97828904
(-5.9758535,  8.7222648, 31.6839549,  0.0500885,  0.1002523,  0.3796067,  0.9183351)    0    0  37.66137314 15 0.000  25.18324420
(-10.7836545,  7.4845095, 31.6769475, -0.9753570,  0.1658001, -0.0119730, -0.1450714)    0    0  34.29362289  1 0.480  22.57224818
(-5.7293274,  9.2258003, 31.3820792,  0.0500859,  0.1002415,  0.3796100,  0.9183350)    0    0  37.57728446 20 0.000  24.99073354
(-5.9078339,  9.0728990, 31.4915608,  0.0500923,  0.1002679,  0.3796018,  0.9183352)    0    0  37.82113110 16 0.000  25.01103512
(-5.7298118,  8.9731801, 31.5178857,  0.0500894,  0.1002559,  0.3796056,  0.9183351)    0    0  37.42431169 40 0.000  24.78742304
(-5.4452035,  8.8989075, 31.6664637,  0.0500955,  0.1002806,  0.3795979,  0.9183353)    0    0  37.80253271 10 0.000  25.03730668
(-10.3994379,  7.5572431, 31.4347517, -0.9753570,  0.1658001, -0.0119730, -0.1450714)    0    0  35.59964430  4 2.560  23.89208972
(-16.0082237,  7.9423706, 25.7203751,  0.9130645,  0.1562608, -0.3751654,  0.0338622)    0    0  14.83820787  0 0.600   9.10732416
(-11.2039064, 11.9151087, 25.1899826,  0.6721844,  0.5986533, -0.3813588, -0.2105893)    0    0  11.95403408  5 1.520   7.76575084
(-11.4934832, 11.8664426, 25.4744039,  0.6721844,  0.5986533, -0.3813588, -0.2105893)    0    0  10.46366447 13 0.160   7.19477525
(-11.1083523, 12.1664679, 25.0018398,  0.6721844,  0.5986533, -0.3813588, -0.2105893)    0    0  11.90191812  6 0.560   7.89629350
(-5.4463311,  9.0889609, 31.3367412,  0.0500875,  0.1002482,  0.3796079,  0.9183351)    0    0  37.56244026  0 0.400  25.33501369
(-5.6086945,  9.0742817, 30.9693989,  0.0500986,  0.1002935,  0.3795938,  0.9183354)    0    0  38.10195366  4 0.960  25.50626539
(-11.2716069, 11.6883739, 25.1137954,  0.6721844,  0.5986533, -0.3813588, -0.2105893)    0    0  11.14429667  0 0.400   7.74083996
(-5.3915827,  8.9637335, 31.3919908,  0.0500910,  0.1002625,  0.3796035,  0.9183352)    0    0  37.75952841 21 0.000  25.27152881
(-6.0499606,  9.2067146, 31.4118534,  0.0500921,  0.1002668,  0.3796022,  0.9183352)    0    0  37.21863380  0 0.400  24.39114882
(-10.6709188,  7.7838197, 31.2488532, -0.9753570,  0.1658001, -0.0119730, -0.1450714)    0    0  35.13099997  5 0.400  23.58554203
(-6.0639345,  8.7770612, 31.2555273,  0.0500904,  0.1002600,  0.3796043,  0.9183352)    0    0  37.13085132  0 0.400  24.65662417
(-5.6722569,  8.5666838, 31.1846895,  0.0500913,  0.1002635,  0.3796032,  0.9183352)    0    0  37.71430355 18 0.000  25.16856166
(-15.3336191,  8.0940306, 25.3121442,  0.9130645,  0.1562608, -0.3751654,  0.0338622)    0    0  14.46767640  5 0.320   8.90646856
(-5.5540807,  8.7683728, 31.0625113,  0.0500947,  0.1002777,  0.3795987,  0.9183353)    0    0  37.72601714  0 0.400  25.01543714
(-15.4589660,  8.0350513, 25.6807248,  0.9130645,  0.1562608, -0.3751654,  0.0338622)    0    0  18.13734759  0 5.000  12.09364063
(-5.9294310,  9.3609768, 31.2127817,  0.0500920,  0.1002665,  0.3796022,  0.9183352)    0    0  37.01083297  0 0.400  24.47544170
(-15.4836622,  7.9562797, 25.4393290,  0.9130645,  0.1562608, -0.3751654,  0.0338622)    0    0  16.22785010  4 3.280  10.41976683
(-6.2174289,  9.0073520, 31.1599993,  0.0500910,  0.1002623,  0.3796036,  0.9183352)    0    0  37.74279923  0 0.400  25.12874182
(-5.6938563,  8.7429513, 31.4292110,  0.0500937,  0.1002734,  0.3796001,  0.9183352)    0    0  37.40623925  0 0.400  25.08943970
( 0.0558526,  8.0587181, 31.9032519, -0.3188518, -0.0159001, -0.8763440, -0.3606964)    0    0  38.95245467  1 2.760  26.02172339
(-6.0031760,  9.0839656, 31.2048480,  0.0500858,  0.1002410,  0.3796102,  0.9183350)    0    0  37.73590151  0 0.400  25.22250231
(-6.0791550,  8.9412709, 30.9662948,  0.0500911,  0.1002631,  0.3796033,  0.9183352)    0    0  37.32531777 35 0.000  24.79255934
(-11.1848189, 11.9285087, 25.1698151,  0.6721844,  0.5986533, -0.3813588, -0.2105893)    0    0  12.87883373  0 5.000   8.58588915
(-6.1697718,  9.0729407, 31.3027864,  0.0500920,  0.1002667,  0.3796022,  0.9183352)    0    0  37.27280495  0 0.400  24.66728390
(-11.4382150, 11.6062036, 25.0200069,  0.6721844,  0.5986533, -0.3813588, -0.2105893)    0    0  10.25695063  8 0.320   6.98718493
(-10.7781088, 12.4200555, 25.1708944,  0.6721844,  0.5986533, -0.3813588, -0.2105893)    0    0  11.55315025  2 0.400   7.97233626
(-11.4802287, 12.1183097, 25.0156357,  0.6721844,  0.5986533, -0.3813588, -0.2105893)    0    0  11.16246666  8 0.160   7.58945153
(-5.8000099,  9.2636634, 31.6016150,  0.0500937,  0.1002736,  0.3796000,  0.9183353)    0    0  37.63827239 19 0.000  25.17631541
(-5.6304603,  9.0042635, 31.2165262,  0.0501004,  0.1003010,  0.3795915,  0.9183354)    0    0  38.26747934  1 5.000  25.38720411
(-11.2617536, 11.6280720, 25.2098559,  0.6721844,  0.5986533, -0.3813588, -0.2105893)    0    0  11.13194799  0 0.400   7.64576505
(-5.7267802,  8.7458243, 31.2942028,  0.0500931,  0.1002710,  0.3796008,  0.9183352)    0    0  37.87763601  0 0.400  25.47606026
(-11.3264275, 12.1502367, 25.0523307,  0.6721844,  0.5986533, -0.3813588, -0.2105893)    0    0  11.56917848  6 0.320   8.07878327
(-5.9705228,  9.0212788, 31.3983792,  0.0500873,  0.1002475,  0.3796082,  0.9183351)    0    0  37.87983445  6 0.320  25.42166741
(-6.0409160,  8.8682681, 31.1975114,  0.0500963,  0.1002843,  0.3795967,  0.9183353)    0    0  37.77579974 23 0.000  24.92367470
(-5.8118407,  8.8918931, 30.9457362,  0.0500921,  0.1002670,  0.3796021,  0.9183352)    0    0  36.98198374 25 0.000  24.49217069
(-11.4682894, 11.7448893, 25.4794037,  0.6721844,  0.5986533, -0.3813588, -0.2105893)    0    0  12.03946744  4 1.760   8.23710038
(-5.6178622,  9.0700733, 31.4959567,  0.0500937,  0.1002732,  0.3796002,  0.9183352)    0    0  37.64235819  0 0.400  25.31836048
(-11.1293800, 11.9447762, 24.8274395,  0.6721844,  0.5986533, -0.3813588, -0.2105893)    0    0   8.37511912  9 0.240   4.35476673
(-6.0868182,  8.8444299, 31.2770339,  0.0500917,  0.1002655,  0.3796026,  0.9183352)    0    0  37.53456768  0 0.400  25.31034974
(-5.5217821,  9.0383695, 31.6027786,  0.0500866,  0.1002445,  0.3796091,  0.9183351)    0    0  37.41411327  0 0.400  24.99783784
(-5.5433008,  8.8949143, 31.0311538,  0.0500950,  0.1002788,  0.3795984,  0.9183353)    0    0  37.27608967 41 0.000  24.81457717
(-10.7306753,  8.2801046, 31.7959865, -0.9753570,  0.1658001, -0.0119730, -0.1450714)    0    0  34.91370919  7 0.080  23.46645272
(-5.7186617,  8.8709983, 31.1063686,  0.0500970,  0.1002872,  0.3795958,  0.9183353)    0    0  37.83620602  4 0.480  25.30583643
(-11.2051467, 11.9523879, 25.3166038,  0.6721844,  0.5986533, -0.3813588, -0.2105893)    0    0  11.65027837  7 0.400   7.83544887
( 0.1084572,  8.0144972, 31.8168421, -0.3188518, -0.0159001, -0.8763440, -0.3606964)    0    0  37.46099018 18 0.000  25.01252260
(-5.6496265,  8.9306445, 31.1566880,  0.0500972,  0.1002878,  0.3795956,  0.9183353)    0    0  37.64672085 14 0.000  25.12787275
(-6.2986991,  9.0541777, 31.1792030,  0.0500875,  0.1002479,  0.3796081,  0.9183351)    0    0  37.39419894  0 0.400  24.43401368
(-6.0026759,  8.7898819, 31.3992896,  0.0501002,  0.1003002,  0.3795917,  0.9183354)    0    0  38.11885750  3 1.920  25.32891542
(-15.4903755,  7.6472245, 25.2720827,  0.9130645,  0.1562608, -0.3751654,  0.0338622)    0    0  13.24173436  0 0.480   7.54638938
(-10.3806659,  7.5076980, 31.5575317, -0.9753570,  0.1658001, -0.0119730, -0.1450714)    0    0  34.16220016 21 0.000  23.06750045
(-5.8602435,  9.1205001, 31.0512083,  0.0500902,  0.1002594,  0.3796045,  0.9183352)    0    0  37.55417557  0 0.400  24.92660342
(-5.4007925,  9.1320251, 31.3377763,  0.0500937,  0.1002736,  0.3796000,  0.9183353)    0    0  37.40402931 43 0.000  24.86664153
(-15.5339916,  8.1566262, 25.4467197,  0.9130645,  0.1562608, -0.3751654,  0.0338622)    0    0  13.86576992 14 0.040   8.94611626
(-5.0874846,  9.1709318, 31.4421400,  0.0500887,  0.1002531,  0.3796064,  0.9183351)    0    0  37.51444005  0 0.400  24.77062649
(-5.3057177,  8.9257983, 31.5953530,  0.0500878,  0.1002493,  0.3796076,  0.9183351)    0    0  37.52471199  0 0.400  25.22744820
(-6.2822649,  8.9558893, 31.3851522,  0.0500878,  0.1002493,  0.3796076,  0.9183351)    0    0  37.46646100  0 0.400  24.82405043
(-6.0231750,  8.9095987, 31.2072440,  0.0501000,  0.1002995,  0.3795919,  0.9183354)    0    0  38.17930019  2 2.080  25.43256643
(-11.0282264, 11.7264499, 25.0473904,  0.6721844,  0.5986533, -0.3813588, -0.2105893)    0    0  11.10374923  6 0.240   7.51679874
(-5.2635847,  9.1342640, 31.2068341,  0.0500900,  0.1002584,  0.3796048,  0.9183352)    0    0  37.42257141 21 0.000  24.85567496
(-5.5072977,  9.2374185, 31.2140135,  0.0500872,  0.1002466,  0.3796085,  0.9183351)    0    0  37.69185832  0 0.560  25.31784315
( 0.0317222,  8.0184226, 31.3776519, -0.3188518, -0.0159001, -0.8763440, -0.3606964)    0    0  38.53091417  0 0.680  25.68081986
(-6.0368925,  8.7623637, 30.9484116,  0.0500922,  0.1002675,  0.3796019,  0.9183352)    0    0  37.49955963  0 0.560  24.59037335
(-11.1644066, 11.9408572, 25.1469100,  0.6721844,  0.5986533, -0.3813588, -0.2105893)    0    0  12.29428502  2 5.000   7.99050457
(-5.7194158,  8.7044075, 31.1648858,  0.0500881,  0.1002503,  0.3796073,  0.9183351)    0    0  37.22016227  0 0.400  25.10551516
(-15.3597984,  8.0941586, 25.8309738,  0.9130645,  0.1562608, -0.3751654,  0.0338622)    0    0  17.17814761  2 1.920  11.79483471
(-10.5394620,  7.7890865, 31.7798056, -0.9753570,  0.1658001, -0.0119730, -0.1450714)    0    0  35.13491417  5 0.320  23.51257754
(-5.8446278,  9.0765204, 31.3362684,  0.0500922,  0.1002672,  0.3796020,  0.9183352)    0    0  37.56521285  0 0.400  25.54286048
(-5.6422252,  9.2510236, 31.3304986,  0.0500920,  0.1002666,  0.3796022,  0.9183352)    0    0  37.45692378 36 0.000  24.97725689
(-0.5367333,  7.8519660, 31.8300224, -0.3188518, -0.0159001, -0.8763440, -0.3606964)    0    0  38.35028170 10 0.080  25.72539257
(-0.0646217,  8.0647890, 31.3266661, -0.3188518, -0.0159001, -0.8763440, -0.3606964)    0    0  38.48934677  3 0.760  25.49306505
(-11.3778069, 11.7197163, 25.2955656,  0.6721844,  0.5986533, -0.3813588, -0.2105893)    0    0  11.92195960  3 0.720   7.93916429
(-11.1540169, 11.9682713, 25.1500566,  0.6721844,  0.5986533, -0.3813588, -0.2105893)    0    0  12.07035362  3 2.800   8.08559760
(-6.0569487,  8.8747561, 31.4847107,  0.0500918,  0.1002655,  0.3796026,  0.9183352)    0    0  37.32096458  0 0.400  25.22104141
(-5.7137998,  9.0110998, 31.0701420,  0.0500898,  0.1002575,  0.3796051,  0.9183352)    0    0  37.20491767 18 0.000  24.57831558
(-5.2722251,  9.2689302, 31.0893641,  0.0500924,  0.1002683,  0.3796017,  0.9183352)    0    0  37.38906185  0 0.400  24.91304458
(-0.3010187,  7.9395119, 31.6740355, -0.3188518, -0.0159001, -0.8763440, -0.3606964)    0    0  39.12100054  0 5.000  26.08066702
(-6.1490242,  9.0874994, 31.4714346,  0.0500896,  0.1002569,  0.3796052,  0.9183352)    0    0  37.07158361  0 0.400  24.92400505
(-5.6313633,  8.8386142, 31.2044062,  0.0500926,  0.1002688,  0.3796015,  0.9183352)    0    0  37.22021838 37 0.000  24.80043915
(-10.4214940,  7.6052010, 31.4539494, -0.9753570,  0.1658001, -0.0119730, -0.1450714)    0    0  35.35723283  0 0.400  24.02704537
(-5.5332680,  8.8277124, 31.7044366,  0.0500940,  0.1002748,  0.3795997,  0.9183353)    0    0  37.91932718  4 0.480  25.31466572
(-5.6932413,  8.9231124, 31.0229151,  0.0500892,  0.1002548,  0.3796059,  0.9183351)    0    0  36.91706751  0 0.400  24.55702952
(-10.8734120,  7.9119550, 31.3866792, -0.9753570,  0.1658001, -0.0119730, -0.1450714)    0    0  34.98110944 14 0.000  22.98181257
(-15.3049828,  7.6987410, 25.7208390,  0.9130645,  0.1562608, -0.3751654,  0.0338622)    0    0  14.15511484  0 0.720   7.64335247
(-10.7799936,  7.6898674, 31.8089614, -0.9753570,  0.1658001, -0.0119730, -0.1450714)    0    0  34.68998896  7 0.240  23.15818446
(-6.3310504,  8.9809508, 31.4851714,  0.0500911,  0.1002627,  0.3796034,  0.9183352)    0    0  37.04759806 26 0.000  24.48716625
(-5.8762064,  9.1880215, 31.6900265,  0.0500941,  0.1002752,  0.3795995,  0.9183353)    0    0  37.64584513 19 0.000  25.02645314
(-10.3372766,  7.6307458, 31.1278663, -0.9753570,  0.1658001, -0.0119730, -0.1450714)    0    0  34.46766907  7 0.160  22.64199296
(-5.7451341,  9.1932296, 31.2619556,  0.0500822,  0.1002261,  0.3796149,  0.9183349)    0    0  37.04883026  0 0.400  25.34239392
(-5.6581984,  9.0419857, 31.2257693,  0.0500943,  0.1002760,  0.3795993,  0.9183353)    0    0  37.76227699  0 0.400  25.57311176
(-5.7874960,  8.9835337, 31.1550412,  0.0500968,  0.1002862,  0.3795961,  0.9183353)    0    0  37.89777317  6 0.560  25.39627525
(-11.1611000, 11.8628971, 24.8805143,  0.6721844,  0.5986533, -0.3813588, -0.2105893)    0    0   9.21097808  2 0.720   3.92289101
(-6.2909121,  9.0501035, 31.1055257,  0.0500876,  0.1002482,  0.3796080,  0.9183351)    0    0  37.65823681 19 0.000  25.36960847
(-6.0582957,  8.6825322, 31.6403115,  0.0500862,  0.1002428,  0.3796097,  0.9183351)    0    0  37.33437163  0 0.400  24.68968352
(-10.6684862,  8.0200916, 31.5640454, -0.9753570,  0.1658001, -0.0119730, -0.1450714)    0    0  35.89101364  3 0.880  24.06120913
(-15.4917278,  8.1195066, 25.9811839,  0.9130645,  0.1562608, -0.3751654,  0.0338622)    0    0  15.33476999  8 0.320   9.47731964
(-5.4939717,  8.8764998, 31.7114814,  0.0500958,  0.1002820,  0.3795974,  0.9183353)    0    0  37.84097113  4 0.320  25.15526781
(-5.5501832,  8.6903403, 31.2360656,  0.0500954,  0.1002807,  0.3795978,  0.9183353)    0    0  37.60426016 28 0.000  24.95691535
(-5.8287200,  8.7680824, 31.5286006,  0.0500855,  0.1002401,  0.3796105,  0.9183350)    0    0  37.88486480  0 0.400  25.33615863
(-5.9410325,  8.4984018, 31.4266050,  0.0500924,  0.1002680,  0.3796018,  0.9183352)    0    0  37.53142269 26 0.000  25.02753390
(-5.6160310,  8.7504781, 31.0960608,  0.0500923,  0.1002676,  0.3796019,  0.9183352)    0    0  37.64834750 10 0.000  25.19603288
(-5.4090599,  8.9872777, 31.6019674,  0.0500891,  0.1002546,  0.3796060,  0.9183351)    0    0  37.23461365  0 0.400  24.99139022
(-11.1076813, 12.1518203, 24.9969332,  0.6721844,  0.5986533, -0.3813588, -0.2105893)    0    0  11.52979014  0 0.400   8.16463132
( 0.0297435,  8.0785360, 31.9619135, -0.3188518, -0.0159001, -0.8763440, -0.3606964)    0    0  38.92359200  2 5.000  26.00897178
(-5.9897920,  9.1838061, 31.4051797,  0.0500902,  0.1002591,  0.3796045,  0.9183352)    0    0  36.90285942  0 0.400  24.68411326
(-11.4655178, 11.6602188, 25.4157882,  0.6721844,  0.5986533, -0.3813588, -0.2105893)    0    0  12.47980524  1 5.000   8.37499720
(-10.6483962,  7.9789445, 31.5839091, -0.9753570,  0.1658001, -0.0119730, -0.1450714)    0    0  35.89425652  2 5.000  23.86850315
(-6.4262096,  8.7914170, 31.2649650,  0.0500952,  0.1002795,  0.3795982,  0.9183353)    0    0  37.03697440  0 0.400  24.45454765
(-11.1032584, 11.7066249, 25.1802047,  0.6721844,  0.5986533, -0.3813588, -0.2105893)    0    0  11.28747137  8 0.160   7.83140053
(-5.3172697,  9.0924602, 31.3865154,  0.0500973,  0.1002884,  0.3795954,  0.9183354)    0    0  37.47718756 38 0.000  24.89975489
(-5.7209133,  9.0869013, 31.0792032,  0.0500938,  0.1002738,  0.3796000,  0.9183353)    0    0  37.34057524 28 0.000  24.88433055
(-10.6279600,  7.8171230, 31.1087596, -0.9753570,  0.1658001, -0.0119730, -0.1450714)    0    0  35.08463466  7 0.240  23.43162389
(-10.3221619,  7.5944959, 31.2623317, -0.9753570,  0.1658001, -0.0119730, -0.1450714)    0    0  34.74425920 16 0.000  23.05962553
(-5.6999780,  9.1602146, 31.2314087,  0.0500982,  0.1002918,  0.3795944,  0.9183354)    0    0  37.50253597 25 0.000  24.93069090
(-5.9018926,  9.0868051, 31.2535806,  0.0500912,  0.1002631,  0.3796033,  0.9183352)    0    0  37.74229006  0 0.400  25.27575795
(-10.1969120,  7.7077123, 31.2453806, -0.9753570,  0.1658001, -0.0119730, -0.1450714)    0    0  34.05591044  6 0.160  23.04738324
(-10.4765422,  7.7272092, 31.1794239, -0.9753570,  0.1658001, -0.0119730, -0.1450714)    0    0  34.95072031  7 0.160  23.36828919
(-10.2595774,  7.2812534, 31.5185651, -0.9753570,  0.1658001, -0.0119730, -0.1450714)    0    0  35.50118128  5 5.000  23.69574366
(-5.9248271,  9.0193730, 31.2037439,  0.0500874,  0.1002478,  0.3796081,  0.9183351)    0    0  37.71096681  0 0.400  25.43141673
