140	1.2	1
-1.832596	1.756530	-2.105156
0.000000	0.000000	0.000000
ligand_surface.pdb	22.824	-52.110	-239.383
receptor_surface.pdb	-0.411	-0.134	0.631
-2.879793	2.704512	1.488683	132	40	132	1877.176
2.879793	2.073035	2.027405	119	37	136	1816.628
-3.141593	2.073035	2.027405	116	35	135	1752.407
-2.879793	0.685216	-1.712745	123	38	134	1730.777
0.523599	0.458961	-0.107937	128	37	126	1725.961
-2.356194	0.929350	-2.910676	132	40	135	1714.211
0.785398	1.506530	1.988858	126	40	136	1710.914
0.785398	1.134796	2.434290	131	40	132	1686.293
2.094395	2.089241	-0.114193	3	41	4	1653.281
-0.261799	2.247462	0.191623	132	42	0	1652.344
0.523599	1.870545	-2.976234	134	46	5	1645.166
-1.570796	1.998705	2.370472	118	36	135	1644.869
0.000000	1.766067	2.153843	116	36	136	1638.783
-0.523599	1.721184	-0.153948	129	38	127	1621.305
1.308997	1.766067	2.153843	119	38	136	1617.074
2.094395	1.872854	1.543456	129	40	133	1616.545
-2.879793	0.899350	-2.069907	127	39	128	1611.367
2.617994	0.418037	1.360082	123	35	15	1604.953
1.570796	1.766067	2.153843	116	36	137	1598.543
1.047198	0.866955	-0.931351	128	37	126	1598.187
-0.523599	1.488617	1.159546	125	134	19	1597.316
-0.261799	1.134497	-1.109631	123	37	125	1588.357
0.000000	1.846342	-1.796954	8	37	130	1584.086
-0.261799	2.164094	-2.991358	133	41	133	1582.508
1.308997	2.138223	1.678323	117	35	139	1582.127
1.570796	0.864993	2.278281	136	46	5	1580.458
0.000000	1.998705	2.370472	117	37	137	1562.692
0.000000	1.025536	1.576859	120	37	0	1559.943
1.308997	1.824694	1.850876	118	36	134	1556.398
-1.047198	1.982574	-1.115518	117	39	12	1555.851
-3.141593	0.992645	-1.723759	125	38	128	1555.049
-1.570796	0.914445	2.687814	1	38	127	1552.438
-2.356194	0.640596	-2.797608	127	42	139	1549.117
-0.261799	1.014500	0.906702	128	43	138	1547.354
-0.523599	2.247462	0.191623	133	43	132	1539.993
0.523599	1.025536	1.576859	2	26	116	1539.594
0.261799	1.247695	1.809890	136	39	128	1536.227
0.523599	1.506530	1.988858	131	43	138	1535.877
0.261799	2.153910	-1.714959	5	40	134	1532.430
-0.261799	0.674054	1.013609	132	40	133	1521.414
-1.308997	2.587733	0.232235	126	137	20	1521.180
-2.617994	2.104282	-0.813972	2	26	119	1519.492
-2.617994	0.929350	-2.910676	132	43	131	1518.368
2.356194	1.872854	1.543456	122	38	133	1516.466
2.094395	2.138223	1.678323	127	41	136	1515.076
-2.094395	1.214854	-1.966664	115	36	12	1514.624
-1.570796	2.984978	1.954446	133	46	4	1509.657
1.570796	2.108018	1.311430	136	38	127	1508.328
1.308997	2.295480	1.008277	3	26	115	1505.320
0.000000	1.488617	1.159546	1	40	130	1504.328
-1.832596	1.998705	2.370472	119	38	136	1503.045
-0.261799	0.906588	1.252948	130	41	137	1494.273
-2.356194	2.356369	3.005869	136	40	130	1493.625
-0.523599	1.870545	-2.976234	1	37	127	1492.984
2.094395	0.290380	-0.796960	116	38	10	1492.345
-2.617994	1.194549	-0.801900	134	45	9	1491.996
0.261799	0.496451	0.593859	127	40	129	1490.402
-1.570796	2.295480	1.008277	128	40	127	1485.174
-2.617994	2.251330	-2.330739	130	43	132	1482.146
0.261799	1.904882	-1.478089	9	38	131	1479.617
2.879793	2.115563	0.685730	120	40	1	1477.881
1.570796	1.909857	-0.381669	10	37	130	1477.875
0.261799	0.419640	2.974122	0	37	128	1475.488
0.261799	1.413347	-1.339188	114	34	136	1471.650
1.832596	0.864993	2.278281	131	47	5	1470.503
-2.617994	0.866395	-2.492918	129	41	131	1470.141
-2.879793	2.349581	-2.702517	130	43	131	1469.111
-2.617994	1.732874	-0.951685	139	34	123	1467.793
-1.308997	1.014500	0.906702	128	135	22	1465.961
-1.570796	1.134796	2.434290	130	133	21	1462.992
1.832596	1.440580	2.260026	129	46	1	1462.727
2.617994	1.301460	-0.509251	121	40	130	1462.125
2.879793	1.135834	-1.431087	128	37	126	1460.667
-0.261799	2.379497	0.561089	131	43	132	1456.945
0.000000	1.325504	-1.671296	10	27	120	1456.023
-3.141593	1.977582	0.969896	113	36	7	1455.762
2.617994	1.948085	-2.363031	126	134	20	1455.367
-1.047198	2.299159	2.264663	121	41	4	1454.559
-0.261799	1.904882	-1.478089	132	37	19	1454.243
-0.523599	0.906588	1.252948	134	41	135	1449.750
-1.832596	1.982574	-1.115518	127	36	125	1446.191
0.785398	2.295480	1.008277	122	37	1	1444.824
1.047198	0.379747	-1.713059	1	25	118	1444.164
-2.617994	2.984978	1.954446	139	36	126	1442.180
-2.879793	1.824694	1.850876	126	46	139	1441.455
2.356194	0.762244	-0.273349	134	39	17	1440.284
2.356194	1.555207	1.708892	118	37	1	1438.694
-0.785398	2.343981	-1.040456	112	34	9	1438.401
-3.141593	1.218453	2.777284	126	48	6	1437.818
-3.141593	1.824694	1.850876	132	46	0	1437.727
2.617994	2.073035	2.027405	121	39	135	1434.200
0.261799	0.733948	3.021411	132	40	129	1434.109
0.261799	1.417623	-0.202254	118	40	12	1431.964
0.261799	2.063651	-2.044600	129	39	127	1431.676
-1.047198	1.574060	2.783565	135	40	129	1431.633
2.356194	0.850607	-1.335383	130	46	10	1430.988
0.261799	1.721184	-0.153948	114	36	15	1430.683
0.261799	2.592629	0.909713	125	43	136	1430.271
-2.356194	2.251330	-2.330739	129	42	137	1428.129
-0.261799	1.699788	2.452890	121	38	134	1427.675
0.000000	0.906588	1.252948	124	39	1	1425.805
2.617994	1.214854	-1.966664	17	29	133	1425.332
-1.832596	2.724429	-0.348782	124	133	18	1424.523
-1.570796	1.574060	2.783565	119	37	139	1424.149
2.617994	0.709924	0.218797	6	39	133	1424.094
2.094395	2.404280	-0.174044	128	38	127	1423.852
-2.356194	1.569311	-3.003978	123	128	18	1423.461
-0.261799	1.662363	0.915448	8	39	130	1422.547
2.094395	1.599406	1.426070	132	40	132	1421.758
-2.094395	1.846342	-1.796954	131	42	136	1421.133
0.523599	0.914445	2.687814	135	40	132	1420.113
-1.308997	2.724429	-0.348782	6	27	121	1418.797
-0.523599	1.301460	-0.509251	128	36	125	1417.514
-2.356194	2.063651	-2.044600	129	43	0	1417.449
-2.879793	0.619654	-2.216909	132	42	135	1416.531
2.356194	0.906588	1.252948	126	40	138	1416.227
-1.047198	1.554776	0.100351	18	28	133	1416.145
-2.094395	1.433411	-1.035986	129	38	126	1416.041
-1.308997	1.998705	2.370472	114	34	135	1412.555
2.356194	1.545873	-1.877082	0	26	118	1412.086
1.832596	1.824694	1.850876	131	44	131	1411.836
-1.570796	2.073035	2.027405	115	37	137	1411.798
-3.141593	2.379497	0.561089	132	42	15	1410.832
0.523599	1.555207	1.708892	131	41	133	1409.812
-1.832596	1.617114	-1.572037	124	39	136	1408.105
2.094395	1.440580	2.260026	123	44	1	1406.719
2.617994	2.379497	0.561089	131	41	138	1405.992
-2.094395	2.001437	0.381215	130	43	132	1405.169
-3.141593	2.299159	2.264663	117	36	135	1404.779
-1.570796	1.617114	-1.572037	119	37	135	1404.689
-2.356194	1.050534	3.042579	131	43	131	1404.457
-0.785398	1.301460	-0.509251	133	36	124	1403.602
1.570796	1.448123	-2.163292	118	20	119	1403.135
2.879793	2.592629	0.909713	0	42	135	1403.070
-2.356194	2.033014	2.977192	133	44	137	1402.108
-1.308997	1.554776	0.100351	13	18	116	1400.738
2.094395	0.910508	1.903534	113	35	8	1399.530
-2.356194	1.756530	-2.105156	126	43	1	1398.664
-1.832596	2.456751	-1.503343	133	40	130	1396.992
-1.308997	0.571433	-1.188419	111	32	1	1396.861
-1.308997	0.379747	-1.713059	133	39	17	1396.466
2.094395	1.025536	1.576859	124	40	139	1395.664
-2.356194	2.588535	-2.976617	119	37	0	1393.354
2.094395	0.929350	-2.910676	132	43	131	1392.487
-0.523599	1.606104	-0.451151	125	38	130	1391.395
-2.617994	2.881233	-2.582574	124	125	19	1390.927
-2.356194	1.732874	-0.951685	138	35	123	1390.312
1.832596	1.721184	-0.153948	9	40	134	1388.977
0.523599	1.050534	3.042579	129	41	138	1388.824
0.261799	1.599406	1.426070	134	44	137	1388.592
0.000000	0.831641	0.616218	128	42	138	1388.289
2.356194	2.393226	1.857173	123	40	138	1387.600
-2.617994	2.349581	-2.702517	130	42	139	1386.914
2.879793	0.899350	-2.069907	133	40	127	1385.211
1.047198	1.870545	-2.976234	124	47	8	1384.905
2.617994	0.685216	-1.712745	127	46	11	1384.785
-0.523599	1.699788	2.452890	123	40	139	1384.271
-2.617994	0.866955	-0.931351	110	27	136	1383.718
-2.094395	0.899350	-2.069907	113	33	16	1381.991
1.832596	2.138223	1.678323	133	44	138	1380.403
-2.094395	2.174483	2.653697	126	40	134	1380.016
-1.570796	2.664082	-1.071402	123	46	3	1379.809
-0.785398	1.417623	-0.202254	136	35	122	1378.649
2.617994	2.174483	2.653697	115	43	1	1374.752
0.261799	0.290380	-0.796960	4	27	120	1373.992
1.570796	0.866395	-2.492918	130	139	24	1373.535
-2.879793	2.881233	-2.582574	125	128	20	1373.508
2.094395	2.455966	-0.641220	138	129	24	1372.797
-2.094395	2.356369	3.005869	133	38	124	1371.695
-2.094395	1.699788	2.452890	112	40	138	1371.650
0.261799	2.115563	0.685730	127	42	137	1371.477
-0.523599	1.909857	-0.381669	132	42	134	1370.766
1.832596	1.809167	1.213774	1	37	126	1368.273
2.617994	0.961715	0.014085	9	36	128	1367.945
1.047198	1.433411	-1.035986	125	40	127	1367.568
1.047198	1.824694	1.850876	121	39	136	1367.516
0.785398	1.050534	3.042579	134	43	8	1367.402
2.879793	1.904882	-1.478089	114	38	8	1366.767
-0.261799	1.909857	-0.381669	124	39	134	1365.938
1.308997	0.080730	-2.622036	117	20	119	1365.656
2.879793	0.458961	-0.107937	10	40	136	1365.570
-1.570796	0.571433	-1.188419	11	29	121	1364.700
0.261799	0.203748	0.590255	131	40	128	1364.641
2.094395	1.545873	-1.877082	1	25	118	1364.146
-1.308997	1.367556	0.358405	2	25	118	1364.055
0.785398	0.929350	-2.910676	131	44	11	1363.414
-2.356194	2.579248	-2.364801	131	40	134	1363.211
-0.785398	1.504028	0.636812	7	28	122	1362.922
-1.047198	0.591903	2.010408	125	130	21	1362.891
-1.047198	1.606104	-0.451151	135	42	131	1362.266
2.879793	1.869911	2.701025	34	1	133	1361.933
2.879793	1.256302	0.062705	110	31	7	1361.484
0.523599	1.325504	-1.671296	112	29	4	1361.483
0.523599	2.153910	-1.714959	2	41	6	1360.859
2.094395	0.640596	-2.797608	34	133	130	1360.478
0.261799	0.709924	0.218797	132	42	134	1360.352
-2.879793	2.073035	2.027405	131	45	134	1359.688
2.617994	0.762244	-0.273349	130	40	17	1359.415
2.617994	1.448123	-2.163292	0	29	119	1359.310
0.261799	1.045978	0.343692	120	39	15	1358.229
-2.879793	0.297065	2.160177	121	42	134	1358.162
0.000000	0.866395	-2.492918	1	42	5	1357.891
-3.141593	0.619654	-2.216909	135	43	136	1357.823
-0.785398	1.555207	1.708892	114	42	2	1356.422
-2.356194	2.174483	2.653697	134	43	138	1356.370
-2.879793	2.984978	1.954446	15	33	134	1356.008
2.879793	1.113094	-0.272241	10	30	122	1355.727
2.879793	0.615174	-0.666022	114	41	133	1355.455
-2.617994	0.618092	2.539118	27	16	131	1354.691
-0.785398	1.025536	1.576859	117	44	4	1354.574
-2.356194	2.664082	-1.071402	22	23	129	1354.455
2.356194	2.863997	0.549740	130	39	125	1354.285
-3.141593	1.113094	-0.272241	111	32	139	1353.952
0.523599	1.569311	-3.003978	114	37	7	1353.419
0.523599	1.242974	-2.977882	120	40	2	1353.051
-1.047198	1.168678	2.108595	107	32	4	1352.890
-1.047198	1.025536	1.576859	123	126	17	1352.866
-2.356194	1.450119	-2.739050	127	129	22	1352.145
-2.094395	0.733948	3.021411	122	43	135	1350.924
1.047198	1.440580	2.260026	2	45	134	1350.882
0.785398	0.615174	-0.666022	139	37	125	1350.418
-2.094395	0.297065	2.160177	18	22	122	1349.732
-0.261799	2.174483	2.653697	0	46	138	1349.521
-0.785398	1.247695	1.809890	116	42	3	1349.171
1.047198	0.615174	-0.666022	128	37	125	1347.029
1.570796	1.824694	1.850876	136	45	131	1346.281
-1.047198	2.579248	-2.364801	6	22	114	1346.180
2.094395	2.587733	0.232235	133	40	129	1345.262
-2.356194	2.478122	2.609777	134	40	129	1345.258
0.785398	1.569311	-3.003978	111	33	8	1343.808
2.879793	1.214854	-1.966664	10	33	124	1342.785
-0.785398	2.001437	0.381215	136	39	121	1342.680
0.261799	1.135813	-2.658866	119	42	136	1342.410
-3.141593	2.089241	-0.114193	138	134	26	1342.115
1.308997	0.379747	-1.713059	139	27	117	1342.021
2.094395	2.478122	2.609777	17	112	112	1341.657
-0.785398	1.569311	-3.003978	15	32	131	1341.609
-1.308997	1.256302	0.062705	7	16	112	1340.969
2.617994	2.478122	2.609777	116	42	2	1340.709
-2.879793	2.407836	1.410646	126	41	138	1340.656
-2.094395	2.396274	-1.959260	129	41	131	1339.875
2.356194	1.488617	1.159546	132	40	131	1339.074
-2.617994	0.685216	-1.712745	118	37	135	1339.041
0.523599	0.961715	0.014085	131	42	138	1337.977
0.523599	1.168678	2.108595	1	38	127	1337.945
-1.047198	1.367556	0.358405	20	21	122	1337.842
-0.261799	1.875281	0.107086	133	40	131	1337.609
-0.261799	1.766067	2.153843	119	39	136	1337.299
2.094395	1.433411	-1.035986	135	46	7	1336.225
0.000000	2.379497	0.561089	127	42	138	1336.176
0.261799	1.756530	-2.105156	2	127	25	1335.949
0.785398	0.961715	0.014085	124	39	136	1335.805
2.356194	1.135834	-1.431087	137	40	129	1335.395
0.785398	1.218453	2.777284	124	39	138	1334.326
0.523599	0.910508	1.903534	15	31	130	1334.230
-0.523599	0.496451	0.593859	107	20	10	1333.853
2.356194	0.370812	-2.547742	8	42	126	1333.727
2.356194	1.875281	0.107086	131	43	0	1333.371
0.000000	2.247462	0.191623	127	40	0	1333.332
0.523599	1.417623	-0.202254	115	37	11	1333.250
-2.094395	2.456751	-1.503343	137	40	130	1332.844
1.047198	2.719179	-1.780644	124	35	16	1332.377
1.570796	2.407836	1.410646	136	39	127	1331.977
-2.356194	1.574060	2.783565	117	43	2	1331.445
0.785398	0.850607	-1.335383	134	35	123	1331.176
-2.617994	2.356369	3.005869	10	36	129	1330.711
1.308997	1.606104	-0.451151	129	40	17	1330.565
1.047198	2.407836	1.410646	12	36	130	1330.453
-1.570796	0.419640	2.974122	117	38	6	1330.142
2.617994	1.875281	0.107086	0	131	25	1328.875
-0.523599	0.700570	1.559208	128	42	135	1328.414
-1.308997	2.984978	1.954446	110	30	10	1328.329
2.356194	2.063651	-2.044600	128	138	23	1327.945
-0.261799	2.588535	-2.976617	128	42	0	1327.930
0.261799	1.256302	0.062705	114	39	8	1326.599
-3.141593	2.588535	-2.976617	134	41	132	1325.984
0.000000	2.349581	-2.702517	128	41	137	1325.402
-2.356194	1.846342	-1.796954	123	43	13	1325.203
0.785398	1.741644	-2.695914	129	47	8	1324.850
1.570796	1.662363	0.915448	17	30	133	1324.613
0.261799	1.606104	-0.451151	117	38	16	1324.486
-0.523599	1.194549	-0.801900	127	37	126	1324.123
-1.570796	0.831641	0.616218	129	137	23	1323.867
0.523599	0.290380	-0.796960	137	34	121	1323.221
1.832596	1.134497	-1.109631	12	40	3	1322.891
-0.785398	1.824694	1.850876	114	42	1	1322.787
-0.785398	1.506530	1.988858	5	43	138	1322.507
-0.261799	1.948085	-2.363031	2	38	129	1322.336
-1.832596	0.866955	-0.931351	121	38	129	1322.132
-2.617994	1.134497	-1.109631	11	39	139	1321.828
-2.094395	0.929350	-2.910676	126	40	0	1321.539
-1.047198	0.685216	-1.712745	10	36	127	1321.062
1.047198	2.637879	2.121598	128	48	134	1320.739
0.000000	0.496451	0.593859	117	42	13	1320.329
0.523599	0.571433	-1.188419	2	28	119	1319.008
2.617994	2.247462	0.191623	132	42	12	1318.596
1.308997	2.456751	-1.503343	120	34	17	1318.383
2.879793	2.379497	0.561089	135	43	9	1318.180
0.261799	0.831641	0.616218	129	41	0	1318.160
-2.356194	0.080730	-2.622036	111	36	7	1318.142
-1.570796	2.138223	1.678323	113	36	0	1317.808
-2.094395	1.732874	-0.951685	130	36	124	1317.660
-3.141593	0.379747	-1.713059	121	39	16	1317.531
-3.141593	1.214854	-1.966664	128	36	124	1317.219
0.523599	0.618092	2.539118	130	38	123	1317.135
-2.094395	1.904882	-1.478089	127	39	129	1316.926
1.832596	0.297065	2.160177	137	48	8	1316.721
0.785398	2.393226	1.857173	113	41	4	1316.418
0.785398	1.870545	-2.976234	110	30	11	1316.145
2.094395	1.242974	-2.977882	130	41	130	1315.594
1.570796	1.113094	-0.272241	111	29	139	1315.316
-0.785398	1.741644	-2.695914	15	32	133	1315.027
2.879793	1.554776	0.100351	136	47	9	1314.605
1.832596	1.732874	-0.951685	111	29	1	1314.309
-2.617994	1.374601	-2.456031	121	45	6	1313.816
-1.047198	1.391910	3.030322	4	27	116	1313.809
0.523599	0.419640	2.974122	131	39	126	1313.117
-2.879793	2.396274	-1.959260	105	21	5	1312.479
0.523599	0.864993	2.278281	1	36	127	1312.203
2.617994	1.721184	-0.153948	0	132	28	1312.195
-0.261799	1.301460	-0.509251	116	130	123	1310.903
-2.356194	1.736875	3.023612	106	31	6	1310.864
-0.261799	1.135834	-1.431087	122	40	130	1310.602
0.785398	1.113094	-0.272241	123	39	19	1310.401
-1.308997	0.850607	-1.335383	115	36	137	1310.056
2.356194	0.640596	-2.797608	126	137	22	1309.824
0.785398	2.073035	2.027405	115	42	137	1309.702
-0.523599	1.135834	-1.431087	136	43	136	1309.369
-3.141593	1.662363	0.915448	131	46	5	1308.885
-3.141593	1.948085	-2.363031	5	25	118	1308.367
2.094395	0.864993	2.278281	109	28	11	1308.047
-3.141593	1.809167	1.213774	132	47	3	1307.385
2.879793	2.984978	1.954446	3	34	123	1306.953
0.261799	1.325504	-1.671296	111	32	1	1306.893
-1.570796	1.113094	-0.272241	139	32	121	1306.391
-0.523599	2.033014	2.977192	131	41	133	1305.941
1.308997	1.756530	-2.105156	138	131	24	1305.875
2.879793	0.992645	-1.723759	128	40	129	1305.836
2.617994	1.014500	0.906702	134	44	9	1304.305
-2.617994	2.637879	2.121598	133	40	132	1304.285
-1.047198	1.413430	2.550734	133	41	131	1303.859
2.356194	0.733948	3.021411	131	43	129	1303.510
-2.356194	2.637879	2.121598	124	39	132	1302.611
2.879793	0.419640	2.974122	116	39	138	1302.137
2.094395	1.194549	-0.801900	6	41	135	1301.953
2.879793	1.658653	-2.409879	20	23	126	1301.572
2.356194	1.413347	-1.339188	133	35	123	1300.580
2.094395	1.214854	-1.966664	7	24	115	1300.490
2.879793	1.741644	-2.695914	22	20	128	1300.148
-1.570796	2.724429	-0.348782	19	21	122	1299.695
2.094395	1.413347	-1.339188	139	36	124	1298.734
0.261799	0.929350	-2.910676	124	42	131	1298.484
2.617994	1.325504	-1.671296	136	33	121	1297.574
-3.141593	0.685216	-1.712745	124	39	133	1297.520
-1.308997	0.992645	-1.723759	127	38	18	1297.165
1.832596	2.724429	-0.348782	130	39	125	1296.828
-2.879793	2.104282	-0.813972	2	25	119	1296.168
2.094395	1.195355	1.200319	132	40	134	1296.082
1.832596	1.699788	2.452890	113	36	138	1295.743
2.617994	2.001437	0.381215	119	42	136	1295.670
-1.308997	1.113094	-0.272241	1	29	119	1295.547
-0.523599	1.809167	1.213774	5	30	119	1295.361
-1.308997	2.299159	2.264663	130	46	136	1295.332
0.000000	1.247695	1.809890	1	36	117	1295.018
-1.832596	1.325504	-1.671296	124	44	134	1294.388
-2.356194	0.370812	-2.547742	134	46	137	1294.041
-1.047198	0.571433	-1.188419	111	28	5	1293.208
-3.141593	2.001437	0.381215	128	45	7	1293.084
0.000000	1.836682	-0.676006	130	42	11	1292.854
2.094395	0.591903	2.010408	110	33	6	1292.694
0.261799	0.961715	0.014085	120	43	10	1292.434
-3.141593	2.041297	-2.664597	11	24	120	1292.117
2.356194	1.824694	1.850876	119	38	3	1292.068
-2.094395	2.404280	-0.174044	127	136	22	1291.562
-2.617994	0.733948	3.021411	8	23	119	1291.082
-0.523599	1.732874	-0.951685	124	43	131	1290.717
0.000000	0.640596	-2.797608	131	40	128	1290.578
-2.617994	2.041297	-2.664597	119	43	136	1290.578
0.785398	2.456751	-1.503343	2	129	25	1290.574
-2.617994	2.579248	-2.364801	134	40	132	1290.391
-1.832596	2.379497	0.561089	128	42	127	1290.352
0.523599	1.135813	-2.658866	125	38	13	1289.781
-1.570796	1.413430	2.550734	1	39	120	1289.625
-2.879793	0.379747	-1.713059	133	39	15	1288.395
0.785398	0.762244	-0.273349	124	38	131	1287.988
-2.617994	0.619654	-2.216909	130	42	137	1287.789
-0.523599	2.187132	-0.479875	120	39	15	1287.760
2.879793	0.571433	-1.188419	124	43	132	1287.639
-0.523599	1.417623	-0.202254	127	36	125	1286.705
-3.141593	1.135813	-2.658866	136	39	121	1286.605
2.094395	1.488617	1.159546	1	38	129	1286.402
-1.308997	1.184361	0.625864	127	134	21	1286.223
-0.785398	1.134497	-1.109631	131	44	12	1285.611
2.094395	2.637879	2.121598	132	44	0	1285.498
-1.308997	1.218453	2.777284	137	39	127	1285.305
0.523599	1.374601	-2.456031	138	48	6	1285.266
-2.356194	2.760637	2.781135	136	38	126	1285.094
-2.094395	1.982574	-1.115518	137	36	123	1284.938
-1.832596	0.831641	0.616218	133	136	25	1284.879
-1.047198	1.134796	2.434290	135	39	125	1284.656
-2.879793	2.063651	-2.044600	135	48	3	1284.639
-0.261799	1.488617	1.159546	123	134	19	1284.250
-3.141593	0.419640	2.974122	114	36	138	1283.369
-1.308997	1.736875	3.023612	1	38	127	1282.594
-1.570796	0.297065	2.160177	125	47	2	1281.969
-2.094395	0.866955	-0.931351	124	41	129	1281.539
-2.879793	2.041297	-2.664597	127	46	136	1281.519
2.356194	1.721184	-0.153948	137	42	11	1281.369
-2.879793	1.214854	-1.966664	126	36	124	1281.135
-0.261799	1.247695	1.809890	120	38	139	1280.436
-0.523599	1.766067	2.153843	5	44	128	1280.330
-0.261799	2.115563	0.685730	126	127	21	1279.949
1.570796	1.977582	0.969896	5	28	117	1279.682
-2.356194	1.836682	-0.676006	13	36	130	1279.578
2.356194	2.760637	2.781135	12	39	3	1279.531
-2.617994	1.696674	-1.253233	135	43	132	1279.444
-0.523599	1.335669	0.897240	6	27	120	1279.293
-2.617994	1.510910	-0.740472	136	36	124	1279.176
-1.570796	2.979456	-1.009304	8	39	130	1279.062
2.617994	1.417623	-0.202254	9	25	118	1279.041
2.617994	1.134497	-1.109631	129	39	128	1278.869
1.047198	0.961715	0.014085	119	38	137	1278.379
-0.261799	1.504028	0.636812	123	46	0	1278.135
0.261799	1.766067	2.153843	113	34	136	1277.973
-1.832596	2.588535	-2.976617	2	27	116	1277.609
0.000000	1.812176	0.656819	128	130	23	1277.090
0.785398	2.180315	-1.357379	2	130	29	1276.939
0.785398	0.370812	-2.547742	116	33	127	1276.914
-0.261799	1.836682	-0.676006	121	38	136	1276.863
0.523599	1.872854	1.543456	129	44	2	1276.416
1.832596	0.618092	2.539118	126	46	11	1276.359
2.356194	1.195355	1.200319	138	43	135	1275.994
2.879793	2.174483	2.653697	111	39	2	1275.930
-1.047198	0.496451	0.593859	17	18	121	1275.828
-1.308997	1.247695	1.809890	15	112	111	1275.744
2.356194	2.478122	2.609777	9	41	136	1275.109
-1.570796	1.741644	-2.695914	131	124	21	1274.648
-2.356194	2.104282	-0.813972	136	32	120	1274.637
-1.832596	1.545873	-1.877082	124	37	19	1274.546
2.356194	1.948085	-2.363031	123	138	20	1274.324
2.094395	1.699788	2.452890	123	45	3	1274.322
0.261799	1.998705	2.370472	130	46	139	1273.973
2.356194	0.080730	-2.622036	0	28	118	1273.582
-0.261799	2.104282	-0.813972	123	35	20	1273.494
-2.094395	2.180315	-1.357379	130	38	125	1273.359
1.832596	2.393226	1.857173	135	44	139	1273.106
1.832596	1.506530	1.988858	128	46	134	1272.982
1.047198	2.108018	1.311430	119	37	139	1272.838
0.785398	1.872854	1.543456	124	40	134	1272.469
-2.879793	2.863997	0.549740	132	46	9	1272.397
-2.094395	1.696674	-1.253233	135	39	126	1272.332
2.356194	1.335669	0.897240	129	39	126	1272.020
-1.047198	2.033014	2.977192	138	40	127	1271.773
-1.308997	2.073035	2.027405	126	46	139	1271.680
-0.785398	1.982574	-1.115518	115	37	11	1271.490
-2.617994	1.875281	0.107086	134	139	26	1271.135
-2.094395	1.413430	2.550734	112	40	3	1270.549
-2.879793	1.741644	-2.695914	124	47	139	1270.289
1.832596	1.448123	-2.163292	117	17	118	1270.163
2.879793	2.299159	2.264663	119	38	136	1270.090
1.570796	1.756530	-2.105156	114	21	121	1269.855
0.523599	1.998705	2.370472	124	46	137	1269.629
-0.785398	0.831641	0.616218	139	48	2	1269.512
-0.523599	2.356369	3.005869	128	41	138	1269.246
-2.356194	1.617114	-1.572037	125	44	13	1268.840
-2.617994	2.404280	-0.174044	18	22	122	1268.793
-1.047198	1.904882	-1.478089	114	34	17	1268.695
2.094395	1.809167	1.213774	138	38	127	1267.664
-1.570796	0.992645	-1.723759	132	39	17	1267.556
0.261799	1.310100	1.488307	136	39	127	1267.414
1.570796	2.704512	1.488683	135	39	125	1267.414
-1.570796	1.391910	3.030322	119	37	139	1267.032
-0.261799	1.599406	1.426070	17	35	134	1266.957
1.308997	2.356369	3.005869	122	48	5	1266.929
0.261799	1.982574	-1.115518	122	39	14	1266.628
-3.141593	1.741644	-2.695914	12	28	122	1266.168
2.356194	1.683268	0.374177	133	29	117	1266.061
-1.832596	1.168678	2.108595	127	48	135	1265.866
0.261799	1.194549	-0.801900	10	40	3	1265.844
-2.356194	2.719179	-1.780644	10	38	130	1265.812
0.000000	1.872854	1.543456	113	36	4	1265.660
2.879793	1.325504	-1.671296	130	36	122	1265.659
-2.356194	2.299159	2.264663	127	42	138	1265.508
1.832596	2.104282	-0.813972	109	29	6	1264.980
1.047198	1.872854	1.543456	120	37	134	1264.342
2.617994	0.850607	-1.335383	128	43	15	1264.301
0.785398	1.662363	0.915448	131	123	20	1263.761
2.094395	0.080730	-2.622036	2	25	118	1263.691
2.617994	2.984978	1.954446	131	119	18	1263.561
-2.094395	1.440580	2.260026	111	41	3	1263.514
-0.523599	1.869911	2.701025	124	40	135	1263.463
-2.356194	1.766067	2.153843	116	43	138	1263.301
1.832596	0.379747	-1.713059	133	29	119	1263.158
0.785398	1.440580	2.260026	127	41	131	1261.949
-0.785398	1.736875	3.023612	1	37	126	1261.719
-2.094395	1.617114	-1.572037	129	42	136	1261.562
2.094395	2.063651	-2.044600	131	136	24	1261.488
1.832596	1.510910	-0.740472	111	30	136	1260.796
-2.356194	0.419640	2.974122	126	47	136	1259.682
-2.094395	1.766067	2.153843	112	40	138	1259.395
0.000000	2.063651	-2.044600	13	39	2	1259.094
-2.356194	1.242974	-2.977882	9	43	138	1259.050
-2.879793	1.872854	1.543456	129	46	0	1259.018
-1.570796	2.456751	-1.503343	126	42	132	1258.281
-1.570796	0.290380	-0.796960	132	46	12	1258.166
1.308997	2.108018	1.311430	139	39	127	1258.141
-0.785398	1.574060	2.783565	14	33	125	1257.992
0.000000	0.709924	0.218797	139	43	1	1257.574
0.785398	0.914445	2.687814	131	40	133	1257.145
2.617994	1.113094	-0.272241	18	28	126	1257.059
-1.047198	1.721184	-0.153948	135	41	127	1256.812
1.308997	0.762244	-0.273349	127	42	10	1256.672
1.047198	0.762244	-0.273349	121	38	132	1256.658
-2.617994	1.128190	-2.288622	132	40	129	1256.195
0.785398	0.864993	2.278281	14	39	135	1256.148
1.832596	2.073035	2.027405	112	33	137	1256.143
0.523599	1.869911	2.701025	127	46	139	1255.758
2.356194	0.615174	-0.666022	113	35	11	1255.748
-1.570796	1.450119	-2.739050	134	118	23	1255.714
0.000000	1.045978	0.343692	128	44	139	1255.447
-0.785398	1.869911	2.701025	130	42	135	1254.898
-0.523599	1.696674	-1.253233	114	34	12	1254.836
0.000000	1.977582	0.969896	123	127	18	1254.438
0.785398	1.875281	0.107086	108	25	15	1254.342
0.261799	1.809167	1.213774	106	30	6	1254.297
-1.570796	2.180315	-1.357379	128	40	128	1254.059
0.785398	0.571433	-1.188419	137	32	121	1253.699
-3.141593	1.683268	0.374177	121	32	18	1253.487
0.261799	1.872854	1.543456	107	32	2	1253.401
-2.617994	1.836682	-0.676006	138	29	119	1252.902
-0.523599	2.174483	2.653697	119	38	2	1252.862
2.879793	1.301460	-0.509251	3	47	2	1252.842
-2.356194	1.135813	-2.658866	128	42	134	1252.703
1.832596	1.836682	-0.676006	113	33	5	1252.613
-3.141593	0.899350	-2.069907	129	40	127	1252.320
2.617994	1.135834	-1.431087	134	37	124	1252.305
-2.617994	0.419640	2.974122	6	28	120	1251.992
1.570796	2.187132	-0.479875	6	37	128	1251.797
-1.832596	1.050534	3.042579	124	39	2	1251.477
-3.141593	1.045978	0.343692	137	125	23	1251.053
0.261799	2.579248	-2.364801	122	41	0	1250.801
0.785398	1.450119	-2.739050	110	32	4	1250.593
1.047198	2.073035	2.027405	3	45	129	1250.572
2.356194	2.247462	0.191623	128	41	131	1250.148
-2.617994	2.760637	2.781135	0	37	124	1250.109
-2.356194	2.393226	1.857173	3	45	136	1249.860
0.523599	1.218453	2.777284	127	41	139	1249.457
-0.523599	1.168678	2.108595	124	40	135	1249.418
1.047198	1.756530	-2.105156	118	33	126	1249.409
-0.785398	2.187132	-0.479875	121	42	15	1249.396
-3.141593	1.413347	-1.339188	115	128	125	1249.361
0.785398	1.869911	2.701025	122	43	0	1249.268
0.261799	0.910508	1.903534	0	34	123	1248.750
-2.617994	0.640596	-2.797608	131	44	0	1248.475
-1.832596	2.115563	0.685730	131	42	130	1248.281
0.785398	0.618092	2.539118	129	39	125	1248.188
1.047198	2.299159	2.264663	112	41	3	1248.051
-1.047198	1.218453	2.777284	132	130	21	1247.463
-1.308997	1.699788	2.452890	114	34	137	1247.129
2.879793	1.504028	0.636812	138	47	8	1246.947
2.094395	0.203748	0.590255	110	136	129	1246.481
-0.261799	2.863997	0.549740	126	133	20	1246.227
2.617994	0.992645	-1.723759	133	41	129	1246.141
-0.261799	2.587733	0.232235	123	44	136	1246.092
-3.141593	0.960688	-0.577532	110	27	7	1245.631
0.523599	1.736875	3.023612	133	47	1	1245.313
-0.785398	2.587733	0.232235	11	24	120	1245.293
-0.523599	1.836682	-0.676006	127	41	137	1245.207
-1.047198	2.979456	-1.009304	125	130	21	1245.043
2.617994	0.674054	1.013609	132	40	15	1244.878
2.356194	1.448123	-2.163292	3	25	118	1244.680
0.523599	1.391910	3.030322	124	41	0	1244.518
-3.141593	0.615174	-0.666022	123	41	12	1244.435
2.356194	0.864993	2.278281	122	47	7	1244.327
0.785398	1.413430	2.550734	123	40	139	1244.288
2.879793	1.506530	1.988858	133	48	0	1244.164
-2.356194	1.870545	-2.976234	139	41	131	1244.070
-0.523599	2.104282	-0.813972	122	36	21	1243.933
-2.879793	2.299159	2.264663	133	45	2	1243.754
-0.523599	1.662363	0.915448	126	48	139	1243.694
2.094395	1.325504	-1.671296	3	28	119	1243.688
-3.141593	1.488617	1.159546	131	46	8	1243.619
2.879793	1.194549	-0.801900	121	37	126	1243.320
-2.356194	1.869911	2.701025	106	29	2	1243.170
-2.356194	0.992645	-1.723759	115	37	15	1242.922
0.000000	1.948085	-2.363031	132	40	127	1242.457
2.356194	1.050534	3.042579	127	40	126	1242.283
1.570796	1.134796	2.434290	135	47	5	1242.222
1.832596	1.606104	-0.451151	10	38	131	1242.125
1.570796	0.866955	-0.931351	116	128	124	1242.106
-2.356194	2.396274	-1.959260	134	43	137	1242.022
-2.617994	2.393226	1.857173	15	39	128	1241.930
0.000000	2.115563	0.685730	116	41	9	1241.837
1.832596	2.187132	-0.479875	138	126	24	1241.624
-0.785398	0.203748	0.590255	18	28	131	1241.621
0.785398	1.699788	2.452890	118	40	1	1241.594
2.617994	1.045978	0.343692	0	126	25	1241.502
-0.261799	2.089241	-0.114193	132	42	139	1241.484
-0.785398	2.251330	-2.330739	126	24	116	1241.284
1.832596	1.135813	-2.658866	130	43	132	1241.021
-2.879793	2.356369	3.005869	114	37	3	1240.953
0.523599	1.450119	-2.739050	139	48	3	1240.899
-2.879793	0.571433	-1.188419	127	42	11	1240.344
-0.785398	1.721184	-0.153948	130	39	127	1240.086
-3.141593	2.579248	-2.364801	139	40	121	1239.688
-2.094395	2.251330	-2.330739	133	44	7	1239.523
0.261799	2.396274	-1.959260	135	43	136	1239.108
0.261799	1.488617	1.159546	129	130	20	1239.070
-2.356194	1.135834	-1.431087	117	39	15	1239.023
2.879793	2.247462	0.191623	132	42	16	1238.974
0.261799	2.251330	-2.330739	122	40	130	1238.586
-1.047198	0.418037	1.360082	10	36	129	1238.465
-2.617994	1.242974	-2.977882	137	40	130	1238.336
1.832596	0.906588	1.252948	18	35	124	1238.172
2.094395	1.506530	1.988858	121	41	2	1238.074
-3.141593	1.135834	-1.431087	115	131	123	1237.707
-0.261799	1.721184	-0.153948	130	40	128	1237.551
2.356194	1.214854	-1.966664	4	29	119	1237.412
1.308997	2.984978	1.954446	124	47	137	1237.328
-3.141593	0.496451	0.593859	5	133	27	1237.012
-1.570796	1.870545	-2.976234	7	30	120	1236.822
-1.832596	0.618092	2.539118	7	38	127	1236.477
0.523599	1.875281	0.107086	109	29	15	1236.254
0.000000	1.128190	-2.288622	4	131	28	1236.195
-2.356194	0.910508	1.903534	137	47	1	1236.010
0.785398	1.756530	-2.105156	134	46	134	1235.802
-2.356194	2.456751	-1.503343	15	35	134	1235.480
1.047198	1.909857	-0.381669	34	139	131	1235.421
-2.617994	0.370812	-2.547742	125	42	0	1235.305
-0.261799	1.812176	0.656819	120	45	5	1235.254
-1.047198	0.850607	-1.335383	112	33	137	1234.899
1.308997	2.187132	-0.479875	139	128	25	1234.840
0.785398	1.256302	0.062705	125	45	138	1234.831
2.094395	2.760637	2.781135	5	34	120	1234.535
-0.261799	1.545873	-1.877082	134	40	16	1234.348
-1.047198	1.875281	0.107086	107	23	10	1234.234
-1.308997	1.134796	2.434290	136	44	136	1234.213
0.000000	2.001437	0.381215	128	42	135	1234.016
2.094395	2.579248	-2.364801	124	41	132	1233.889
-0.523599	0.674054	1.013609	135	41	133	1233.734
-2.094395	1.242974	-2.977882	127	42	137	1233.320
0.785398	2.396274	-1.959260	124	38	16	1233.220
0.785398	1.128190	-2.288622	4	1	29	1232.812
-2.094395	1.168678	2.108595	129	48	136	1232.803
0.523599	1.721184	-0.153948	111	32	16	1232.722
-1.047198	1.242974	-2.977882	3	24	116	1232.324
2.356194	2.089241	-0.114193	139	43	3	1232.166
-2.879793	0.458961	-0.107937	136	42	12	1232.090
-2.356194	2.343981	-1.040456	139	31	119	1232.010
-3.141593	2.881233	-2.582574	17	37	2	1231.957
-0.523599	1.824694	1.850876	110	38	1	1231.900
2.356194	0.961715	0.014085	132	38	18	1231.837
-1.570796	2.041297	-2.664597	111	22	14	1231.654
-1.832596	1.732874	-0.951685	116	132	121	1231.203
-1.570796	1.504028	0.636812	120	41	134	1230.867
-2.094395	1.448123	-2.163292	113	36	8	1230.771
-2.617994	0.960688	-0.577532	32	17	137	1230.115
-2.879793	1.135813	-2.658866	14	38	137	1230.113
-2.094395	0.906588	1.252948	125	41	127	1229.924
-1.832596	0.297065	2.160177	4	31	122	1229.707
1.047198	1.218453	2.777284	136	46	139	1229.604
2.094395	0.618092	2.539118	122	45	12	1229.566
-2.879793	1.998705	2.370472	113	35	138	1229.555
-1.308997	2.393226	1.857173	124	45	4	1229.321
-2.879793	1.809167	1.213774	110	30	12	1229.209
-2.879793	2.138223	1.678323	125	45	133	1228.836
0.000000	0.961715	0.014085	125	46	10	1228.691
2.356194	2.073035	2.027405	122	42	135	1228.684
-1.832596	1.014500	0.906702	34	133	130	1228.275
-0.523599	0.831641	0.616218	134	47	2	1228.252
1.047198	1.050534	3.042579	132	42	13	1228.203
1.308997	2.588535	-2.976617	130	41	127	1228.117
-3.141593	1.870545	-2.976234	124	133	19	1228.086
-2.094395	1.506530	1.988858	111	41	4	1227.726
1.832596	2.637879	2.121598	111	35	5	1227.643
0.523599	0.640596	-2.797608	136	43	15	1227.463
-0.523599	2.979456	-1.009304	132	125	22	1226.953
-0.261799	1.741644	-2.695914	130	36	123	1226.664
2.879793	1.662363	0.915448	135	46	5	1226.604
2.356194	1.310100	1.488307	139	45	138	1226.596
1.570796	2.073035	2.027405	116	36	139	1226.322
1.570796	2.588535	-2.976617	125	39	124	1226.285
2.356194	0.929350	-2.910676	124	42	136	1225.957
0.523599	1.554776	0.100351	112	34	11	1225.920
-2.879793	2.180315	-1.357379	6	29	120	1225.740
-1.832596	2.343981	-1.040456	121	47	8	1225.566
1.570796	0.615174	-0.666022	119	42	13	1225.443
0.000000	1.699788	2.452890	117	36	134	1224.992
0.523599	1.134796	2.434290	135	41	134	1224.664
2.094395	2.407836	1.410646	9	36	125	1224.516
1.570796	0.762244	-0.273349	116	36	18	1224.297
-2.879793	0.615174	-0.666022	110	25	8	1224.167
0.785398	0.700570	1.559208	4	25	117	1224.162
-2.094395	0.674054	1.013609	138	43	10	1224.145
2.094395	1.168678	2.108595	120	41	4	1223.984
-0.785398	1.766067	2.153843	9	42	128	1223.695
1.832596	1.134796	2.434290	131	48	5	1223.513
-0.523599	1.736875	3.023612	137	38	126	1223.508
-0.785398	0.899350	-2.069907	10	39	133	1223.484
1.308997	0.458961	-0.107937	114	37	14	1223.406
-0.785398	1.014500	0.906702	11	22	119	1223.348
1.570796	1.836682	-0.676006	11	31	122	1223.326
-0.785398	2.760637	2.781135	117	38	10	1223.254
-0.261799	2.979456	-1.009304	134	123	22	1223.130
-2.879793	1.417623	-0.202254	138	131	27	1223.020
-0.261799	0.899350	-2.069907	131	43	136	1222.730
-2.617994	2.033014	2.977192	113	35	3	1222.297
0.785398	1.301460	-0.509251	121	41	0	1222.100
-1.570796	2.247462	0.191623	129	138	24	1221.883
-0.261799	0.831641	0.616218	134	43	134	1221.878
1.570796	1.699788	2.452890	118	39	138	1221.865
-2.094395	2.588535	-2.976617	4	25	115	1221.820
2.094395	1.391910	3.030322	132	41	126	1221.770
-0.785398	1.113094	-0.272241	130	35	122	1221.400
2.617994	2.089241	-0.114193	133	44	13	1220.871
-0.785398	0.700570	1.559208	134	40	130	1220.828
-0.785398	1.335669	0.897240	11	26	122	1220.746
2.879793	2.041297	-2.664597	126	133	19	1220.711
1.308997	2.115563	0.685730	6	22	115	1220.627
-2.094395	2.299159	2.264663	121	39	139	1220.413
0.785398	1.168678	2.108595	15	34	121	1220.219
0.000000	0.864993	2.278281	135	116	18	1219.973
-0.261799	1.310100	1.488307	0	36	118	1219.828
2.094395	2.073035	2.027405	131	44	8	1219.617
-1.570796	2.863997	0.549740	128	43	130	1219.494
1.047198	1.413430	2.550734	117	36	0	1219.431
0.785398	0.458961	-0.107937	125	37	126	1219.379
-2.356194	1.998705	2.370472	10	41	128	1219.266
2.356194	1.417623	-0.202254	128	44	125	1219.265
1.832596	1.194549	-0.801900	12	39	1	1218.445
-0.523599	1.134497	-1.109631	127	40	125	1218.392
-0.523599	2.001437	0.381215	14	38	137	1218.273
-0.785398	2.089241	-0.114193	137	43	133	1218.178
0.785398	1.433411	-1.035986	131	43	13	1218.094
-1.832596	0.290380	-0.796960	110	34	5	1217.765
-2.879793	0.866955	-0.931351	12	38	5	1217.664
2.879793	2.001437	0.381215	1	48	139	1217.546
2.879793	1.014500	0.906702	0	124	110	1217.483
0.785398	1.135813	-2.658866	128	45	8	1217.373
-2.356194	0.733948	3.021411	127	46	135	1217.328
1.047198	1.506530	1.988858	121	38	135	1217.295
2.879793	1.448123	-2.163292	14	19	116	1217.062
1.308997	1.732874	-0.951685	118	39	131	1216.984
-0.785398	0.674054	1.013609	135	41	124	1216.844
-0.523599	2.587733	0.232235	128	46	136	1216.734
-2.617994	1.025536	1.576859	130	41	127	1216.582
2.356194	0.591903	2.010408	126	48	7	1216.500
-2.617994	2.138223	1.678323	118	39	1	1216.363
0.523599	0.709924	0.218797	130	41	135	1216.336
0.785398	2.174483	2.653697	121	45	4	1216.266
-1.308997	1.617114	-1.572037	128	42	11	1216.223
1.308997	1.977582	0.969896	0	34	122	1216.078
0.261799	1.184361	0.625864	119	39	5	1215.979
2.617994	1.194549	-0.801900	125	40	126	1215.890
0.785398	1.413347	-1.339188	132	45	8	1215.430
0.523599	1.413347	-1.339188	109	26	138	1215.412
2.617994	1.555207	1.708892	0	47	138	1215.258
-3.141593	2.664082	-1.071402	123	44	134	1215.138
-2.617994	2.299159	2.264663	128	44	2	1214.934
1.047198	2.863997	0.549740	113	23	15	1214.884
2.879793	1.824694	1.850876	118	37	136	1214.622
-2.617994	1.391910	3.030322	13	39	139	1214.578
1.308997	2.104282	-0.813972	9	33	124	1214.547
1.047198	2.379497	0.561089	33	136	128	1214.306
-1.832596	1.756530	-2.105156	119	35	17	1214.273
2.879793	0.906588	1.252948	130	41	16	1214.167
-2.094395	1.050534	3.042579	117	41	5	1214.154
-1.047198	0.864993	2.278281	135	45	135	1213.951
-2.617994	1.450119	-2.739050	122	45	4	1213.918
0.523599	1.599406	1.426070	132	39	126	1213.719
0.000000	1.662363	0.915448	126	131	20	1213.500
2.356194	1.045978	0.343692	7	37	131	1213.375
2.356194	0.290380	-0.796960	112	34	10	1213.268
-3.141593	0.674054	1.013609	113	30	138	1213.071
-2.094395	1.948085	-2.363031	118	38	4	1212.935
-1.047198	2.724429	-0.348782	126	47	136	1212.904
-0.785398	0.906588	1.252948	134	44	130	1212.861
-3.141593	0.591903	2.010408	132	43	129	1212.162
-1.570796	1.699788	2.452890	118	36	139	1212.011
0.000000	2.295480	1.008277	118	45	5	1211.998
2.879793	2.588535	-2.976617	122	126	17	1211.855
0.523599	2.588535	-2.976617	111	31	2	1211.551
2.094395	1.310100	1.488307	128	41	139	1211.445
2.879793	1.948085	-2.363031	20	22	125	1211.410
-0.785398	1.135834	-1.431087	8	41	135	1211.344
-3.141593	1.391910	3.030322	126	49	2	1210.979
1.047198	1.134497	-1.109631	10	44	1	1210.707
0.261799	1.696674	-1.253233	16	35	135	1210.703
-3.141593	0.709924	0.218797	123	40	129	1210.631
1.308997	1.433411	-1.035986	121	38	126	1210.467
-2.356194	1.699788	2.452890	116	43	138	1210.318
-2.879793	2.164094	-2.991358	125	43	138	1210.273
-2.879793	0.866395	-2.492918	138	41	134	1210.172
1.832596	1.413430	2.550734	114	37	138	1210.151
0.000000	1.413347	-1.339188	119	39	132	1210.085
0.523599	0.929350	-2.910676	135	44	3	1209.686
2.617994	1.998705	2.370472	113	41	138	1209.117
-1.570796	2.299159	2.264663	137	46	135	1209.076
-0.523599	0.619654	-2.216909	10	40	5	1208.812
2.879793	0.418037	1.360082	112	32	3	1208.542
-0.523599	1.555207	1.708892	111	38	4	1208.443
2.356194	1.510910	-0.740472	127	42	16	1208.422
-1.570796	2.001437	0.381215	116	39	138	1208.387
2.094395	2.251330	-2.330739	129	44	134	1208.320
-1.832596	2.138223	1.678323	116	39	0	1207.990
-0.523599	1.014500	0.906702	6	23	117	1207.865
-2.356194	1.696674	-1.253233	132	42	131	1207.688
-1.047198	1.301460	-0.509251	137	36	124	1207.516
-1.832596	1.812176	0.656819	129	43	130	1207.504
2.617994	0.496451	0.593859	132	44	0	1207.312
0.785398	2.407836	1.410646	3	36	118	1207.242
2.094395	2.979456	-1.009304	127	47	8	1207.172
2.617994	0.906588	1.252948	134	41	16	1207.103
0.523599	1.214854	-1.966664	131	47	10	1207.062
-0.785398	1.391910	3.030322	15	30	125	1206.971
-2.617994	2.001437	0.381215	119	46	5	1206.954
0.785398	0.910508	1.903534	16	33	129	1206.680
-0.785398	1.128190	-2.288622	132	115	18	1206.615
0.000000	1.721184	-0.153948	117	40	15	1206.507
0.785398	1.574060	2.783565	119	40	0	1206.140
-3.141593	2.592629	0.909713	135	43	135	1205.438
-1.570796	0.910508	1.903534	123	49	139	1205.135
0.785398	0.685216	-1.712745	5	14	111	1205.128
-0.261799	1.440580	2.260026	120	37	132	1204.896
-0.785398	2.104282	-0.813972	121	40	3	1204.698
2.356194	2.724429	-0.348782	136	46	11	1204.549
-2.879793	0.496451	0.593859	128	46	8	1204.480
2.879793	2.138223	1.678323	138	45	132	1204.149
-1.570796	1.545873	-1.877082	131	39	15	1203.862
2.094395	0.615174	-0.666022	113	35	15	1203.697
-1.832596	1.658653	-2.409879	122	28	118	1203.689
-0.785398	1.554776	0.100351	0	34	123	1203.674
0.523599	0.619654	-2.216909	128	42	17	1203.439
-1.047198	0.992645	-1.723759	125	42	12	1203.285
-1.047198	0.700570	1.559208	11	39	138	1203.273
0.261799	1.545873	-1.877082	108	33	2	1203.187
-0.785398	0.850607	-1.335383	135	44	8	1202.465
-0.523599	2.704512	1.488683	130	49	7	1202.430
-1.832596	2.247462	0.191623	33	135	128	1202.418
-0.523599	1.875281	0.107086	137	41	132	1202.406
-1.832596	1.824694	1.850876	129	46	2	1202.344
0.523599	0.866395	-2.492918	132	46	4	1201.627
-2.356194	1.413347	-1.339188	127	44	16	1201.541
-2.617994	1.050534	3.042579	135	44	130	1201.439
1.832596	1.812176	0.656819	134	31	116	1201.303
0.523599	1.977582	0.969896	125	40	133	1201.270
1.308997	1.195355	1.200319	18	23	119	1201.203
-2.094395	2.153910	-1.714959	132	41	132	1201.180
2.879793	2.704512	1.488683	6	41	2	1200.945
1.047198	0.619654	-2.216909	127	136	23	1200.936
-0.523599	2.760637	2.781135	120	40	2	1200.779
0.785398	1.194549	-0.801900	126	42	19	1200.483
2.356194	2.343981	-1.040456	137	133	25	1200.070
2.094395	1.824694	1.850876	127	44	131	1200.059
2.617994	2.407836	1.410646	12	37	121	1199.559
-0.523599	1.977582	0.969896	122	49	0	1199.488
0.000000	0.370812	-2.547742	136	123	23	1199.474
0.785398	1.766067	2.153843	123	43	134	1199.412
-0.261799	0.591903	2.010408	131	118	21	1199.316
-2.879793	1.696674	-1.253233	139	42	131	1199.250
2.617994	0.571433	-1.188419	129	45	129	1199.224
2.879793	1.875281	0.107086	131	46	7	1199.174
-2.356194	2.153910	-1.714959	127	41	128	1199.012
2.356194	0.674054	1.013609	128	42	133	1198.629
2.617994	2.187132	-0.479875	130	47	138	1198.340
0.000000	1.506530	1.988858	116	35	139	1198.266
1.832596	2.407836	1.410646	13	32	125	1198.258
-2.356194	0.899350	-2.069907	116	37	16	1198.175
-1.047198	2.063651	-2.044600	110	28	7	1197.809
1.570796	2.393226	1.857173	113	36	139	1197.769
2.617994	0.203748	0.590255	137	26	115	1197.615
0.523599	0.370812	-2.547742	133	46	134	1197.570
-1.570796	1.736875	3.023612	139	122	21	1197.346
1.832596	1.741644	-2.695914	138	44	134	1197.321
-2.879793	1.128190	-2.288622	119	45	10	1197.307
-2.356194	2.164094	-2.991358	0	39	128	1197.242
1.570796	1.732874	-0.951685	1	47	4	1197.162
-1.308997	1.440580	2.260026	112	35	1	1197.115
2.879793	0.379747	-1.713059	122	42	0	1197.043
2.617994	2.664082	-1.071402	2	134	26	1196.973
1.832596	0.709924	0.218797	34	138	131	1196.820
1.308997	1.510910	-0.740472	122	41	131	1196.786
1.308997	1.809167	1.213774	2	36	124	1196.383
1.832596	2.592629	0.909713	13	28	119	1196.164
-1.047198	1.417623	-0.202254	138	34	122	1195.951
0.523599	2.407836	1.410646	139	119	19	1195.883
0.261799	0.080730	-2.622036	136	131	25	1195.877
-1.832596	2.579248	-2.364801	120	38	139	1195.651
0.261799	0.370812	-2.547742	137	126	23	1195.618
0.261799	2.108018	1.311430	118	43	3	1195.326
2.094395	1.247695	1.809890	121	40	0	1195.300
0.000000	1.504028	0.636812	133	38	124	1195.246
-0.523599	0.850607	-1.335383	128	42	16	1194.924
-0.785398	1.194549	-0.801900	130	39	127	1194.322
-0.785398	1.218453	2.777284	12	31	124	1194.227
0.785398	1.904882	-1.478089	136	43	9	1193.980
2.879793	1.488617	1.159546	136	46	8	1193.811
0.785398	0.203748	0.590255	109	33	11	1193.774
2.617994	1.699788	2.452890	113	42	2	1193.760
2.094395	0.700570	1.559208	122	41	2	1193.693
0.785398	2.704512	1.488683	128	132	20	1193.221
2.879793	2.587733	0.232235	0	122	111	1193.183
-2.617994	2.343981	-1.040456	12	18	115	1192.768
-1.832596	1.448123	-2.163292	110	31	9	1192.758
0.000000	1.050534	3.042579	16	34	122	1192.637
-2.356194	1.367556	0.358405	115	21	120	1192.597
-2.094395	1.194549	-0.801900	125	37	124	1192.594
0.523599	1.256302	0.062705	113	36	7	1192.271
-0.261799	1.998705	2.370472	120	39	137	1192.120
-1.570796	1.310100	1.488307	126	49	5	1191.982
2.879793	0.674054	1.013609	130	45	5	1191.924
2.094395	1.113094	-0.272241	1	42	11	1191.812
0.523599	2.033014	2.977192	133	48	3	1191.605
-2.617994	0.496451	0.593859	124	45	10	1191.465
-2.879793	1.569311	-3.003978	122	47	2	1191.027
-1.047198	1.335669	0.897240	125	132	18	1190.934
0.261799	2.979456	-1.009304	12	25	120	1190.701
0.523599	2.592629	0.909713	132	37	20	1190.671
0.785398	1.696674	-1.253233	134	43	11	1190.541
2.356194	1.301460	-0.509251	135	43	137	1190.196
-1.570796	1.554776	0.100351	3	33	120	1190.186
-0.261799	0.418037	1.360082	126	41	132	1190.141
1.570796	2.760637	2.781135	132	48	139	1190.112
1.047198	2.115563	0.685730	3	22	115	1189.348
-0.523599	1.218453	2.777284	14	30	121	1189.213
2.356194	2.251330	-2.330739	32	137	128	1188.787
1.570796	1.506530	1.988858	137	46	133	1188.748
-0.523599	0.864993	2.278281	129	120	18	1188.619
-1.047198	2.174483	2.653697	134	44	131	1188.551
-0.261799	2.041297	-2.664597	132	40	128	1188.340
2.617994	2.760637	2.781135	133	41	126	1188.312
-2.879793	0.640596	-2.797608	131	47	3	1188.201
-1.570796	0.418037	1.360082	107	27	8	1187.696
1.570796	2.724429	-0.348782	0	37	128	1187.680
-1.308997	1.766067	2.153843	112	35	139	1187.516
-1.832596	2.153910	-1.714959	129	43	138	1186.883
-2.356194	1.904882	-1.478089	129	41	130	1186.805
2.617994	1.433411	-1.035986	10	44	139	1186.762
-1.308997	1.870545	-2.976234	5	34	123	1186.539
-0.261799	0.733948	3.021411	17	25	119	1186.488
-1.832596	2.704512	1.488683	131	48	6	1186.149
-2.879793	1.870545	-2.976234	129	131	20	1186.105
2.617994	2.251330	-2.330739	128	137	23	1185.898
2.879793	0.762244	-0.273349	12	36	128	1185.656
-2.879793	1.948085	-2.363031	127	47	133	1185.562
0.785398	1.374601	-2.456031	107	29	2	1185.244
0.523599	1.128190	-2.288622	135	48	6	1185.019
0.000000	0.203748	0.590255	135	41	128	1184.891
1.047198	1.982574	-1.115518	11	24	119	1184.814
2.356194	0.619654	-2.216909	1	21	111	1184.808
0.785398	2.863997	0.549740	107	30	1	1184.743
0.523599	1.574060	2.783565	133	46	137	1184.727
2.356194	1.658653	-2.409879	35	139	136	1184.718
0.261799	2.881233	-2.582574	112	36	5	1184.537
-1.047198	1.045978	0.343692	17	25	126	1184.480
-2.356194	1.683268	0.374177	1	135	27	1184.418
0.523599	1.699788	2.452890	130	45	134	1184.408
1.308997	2.407836	1.410646	8	38	129	1184.328
2.879793	1.809167	1.213774	137	46	2	1184.249
1.308997	0.571433	-1.188419	129	35	122	1183.953
-0.261799	1.683268	0.374177	135	40	127	1183.758
-0.785398	2.299159	2.264663	132	36	22	1183.658
1.832596	1.545873	-1.877082	112	23	125	1183.537
-1.832596	2.180315	-1.357379	126	37	126	1183.480
2.617994	1.128190	-2.288622	138	39	122	1183.469
-2.094395	0.914445	2.687814	139	131	24	1183.420
2.879793	2.637879	2.121598	119	36	132	1183.315
1.308997	1.391910	3.030322	111	31	3	1183.263
-1.832596	2.356369	3.005869	11	34	125	1183.191
-1.832596	1.218453	2.777284	115	38	4	1183.159
-2.617994	2.180315	-1.357379	135	40	125	1183.156
-2.617994	1.413430	2.550734	4	42	124	1183.094
2.617994	1.658653	-2.409879	114	37	139	1183.082
-1.832596	1.977582	0.969896	132	40	126	1182.656
-2.617994	1.569311	-3.003978	124	130	19	1182.629
-1.308997	1.982574	-1.115518	116	41	11	1182.551
-0.523599	0.370812	-2.547742	10	36	131	1182.516
-0.261799	2.187132	-0.479875	128	40	13	1182.104
1.047198	2.153910	-1.714959	5	135	29	1181.959
2.879793	1.683268	0.374177	123	36	15	1181.858
0.523599	0.831641	0.616218	123	39	138	1181.848
-1.832596	1.247695	1.809890	130	49	0	1181.826
2.094395	0.370812	-2.547742	0	23	116	1181.805
1.570796	2.587733	0.232235	134	48	130	1181.693
-2.617994	1.135813	-2.658866	128	129	23	1181.691
-3.141593	2.478122	2.609777	120	38	138	1181.607
-3.141593	1.699788	2.452890	127	45	2	1181.512
1.308997	0.914445	2.687814	136	45	10	1180.971
2.617994	0.831641	0.616218	3	42	2	1180.930
0.000000	1.135834	-1.431087	3	47	2	1180.910
0.000000	2.863997	0.549740	130	130	22	1180.848
0.261799	1.909857	-0.381669	117	37	135	1180.818
2.356194	1.135813	-2.658866	116	39	138	1180.776
-2.356194	1.214854	-1.966664	112	38	11	1180.520
-2.617994	1.214854	-1.966664	117	43	10	1180.518
-2.356194	0.618092	2.539118	20	21	127	1180.352
-0.523599	0.685216	-1.712745	134	45	1	1180.221
-0.261799	1.195355	1.200319	123	42	136	1180.062
1.570796	0.458961	-0.107937	111	33	15	1179.951
0.523599	0.960688	-0.577532	12	38	136	1179.859
1.570796	1.440580	2.260026	136	47	139	1179.830
1.832596	2.588535	-2.976617	33	131	129	1179.778
-2.094395	1.998705	2.370472	0	44	1	1179.729
-1.832596	2.984978	1.954446	138	45	4	1179.717
1.047198	0.290380	-0.796960	137	35	122	1179.570
0.261799	1.506530	1.988858	135	44	138	1179.386
-1.570796	0.961715	0.014085	138	26	118	1179.191
-0.785398	1.433411	-1.035986	8	42	0	1178.766
-2.617994	1.869911	2.701025	111	35	3	1178.760
2.356194	2.407836	1.410646	14	34	121	1178.582
2.879793	0.591903	2.010408	114	43	9	1178.467
-2.879793	0.762244	-0.273349	136	44	9	1178.314
-2.356194	1.310100	1.488307	122	47	7	1178.049
2.879793	1.977582	0.969896	137	46	139	1177.946
-1.308997	1.696674	-1.253233	120	40	16	1177.778
-2.094395	2.979456	-1.009304	18	24	125	1177.523
-2.094395	1.134796	2.434290	127	47	132	1177.502
2.356194	2.299159	2.264663	7	42	136	1177.492
2.356194	2.456751	-1.503343	124	12	114	1177.349
2.094395	1.367556	0.358405	12	33	127	1177.203
2.094395	1.184361	0.625864	125	45	124	1176.963
-2.879793	2.579248	-2.364801	14	17	119	1176.854
-1.832596	2.073035	2.027405	119	40	137	1176.753
-2.617994	0.899350	-2.069907	125	44	7	1176.574
0.261799	1.555207	1.708892	4	32	115	1176.559
1.308997	0.419640	2.974122	116	31	125	1176.083
2.356194	1.247695	1.809890	118	37	3	1175.814
-0.523599	0.458961	-0.107937	7	28	120	1175.777
2.094395	2.863997	0.549740	12	37	137	1175.305
-1.047198	1.909857	-0.381669	128	47	10	1174.941
1.570796	1.417623	-0.202254	123	40	14	1174.837
-0.523599	2.863997	0.549740	131	131	22	1174.818
-1.047198	0.866955	-0.931351	135	46	6	1174.752
-0.785398	1.998705	2.370472	12	41	129	1174.469
-2.356194	0.496451	0.593859	134	0	26	1174.398
2.879793	0.709924	0.218797	139	43	4	1174.289
0.523599	2.251330	-2.330739	133	44	11	1174.254
0.785398	1.555207	1.708892	124	40	134	1174.082
-3.141593	1.134796	2.434290	128	49	7	1173.934
2.094395	1.335669	0.897240	134	37	121	1173.926
-0.785398	2.115563	0.685730	1	38	120	1173.883
0.261799	1.014500	0.906702	127	38	14	1173.683
-2.094395	2.089241	-0.114193	134	40	19	1173.621
-2.617994	2.456751	-1.503343	136	38	122	1173.578
-2.617994	1.448123	-2.163292	133	39	124	1173.570
-1.570796	0.864993	2.278281	10	39	132	1173.523
0.785398	1.736875	3.023612	111	32	12	1173.461
-0.261799	1.413347	-1.339188	123	42	131	1173.375
0.000000	1.242974	-2.977882	18	38	128	1173.312
-2.356194	0.866955	-0.931351	138	43	137	1173.299
2.879793	2.295480	1.008277	126	41	139	1173.082
0.785398	2.033014	2.977192	124	46	5	1172.976
-0.785398	0.733948	3.021411	129	124	20	1172.618
-3.141593	1.599406	1.426070	133	47	4	1172.236
1.832596	2.579248	-2.364801	129	42	127	1172.234
1.308997	1.741644	-2.695914	120	45	11	1172.174
2.356194	1.391910	3.030322	126	39	124	1172.104
0.785398	1.417623	-0.202254	112	34	10	1171.944
-1.047198	1.247695	1.809890	8	41	136	1171.812
0.261799	1.554776	0.100351	110	36	10	1171.706
-1.832596	2.164094	-2.991358	14	22	117	1171.531
0.523599	2.579248	-2.364801	126	38	15	1171.485
-1.047198	2.379497	0.561089	130	131	23	1171.311
-1.832596	0.615174	-0.666022	114	33	4	1171.045
-1.308997	1.335669	0.897240	125	131	19	1171.035
-3.141593	1.555207	1.708892	125	43	9	1170.975
-0.261799	1.696674	-1.253233	128	43	10	1170.787
1.832596	2.108018	1.311430	16	32	126	1170.605
0.785398	0.866395	-2.492918	3	133	26	1170.559
2.094395	1.948085	-2.363031	35	133	133	1170.525
0.261799	1.683268	0.374177	124	41	130	1170.299
2.617994	1.413347	-1.339188	132	34	122	1170.055
-0.785398	0.709924	0.218797	139	18	109	1170.035
0.261799	1.214854	-1.966664	136	47	10	1169.652
-2.879793	2.001437	0.381215	124	45	8	1169.480
-1.570796	2.115563	0.685730	123	41	133	1169.299
-2.356194	1.413430	2.550734	116	44	2	1169.156
-1.308997	0.685216	-1.712745	130	38	19	1169.064
0.523599	1.310100	1.488307	133	37	124	1168.914
0.261799	1.617114	-1.572037	114	35	6	1168.766
2.094395	2.393226	1.857173	132	42	132	1168.562
-3.141593	2.704512	1.488683	136	41	133	1168.496
-2.356194	1.025536	1.576859	127	39	125	1168.480
2.356194	1.606104	-0.451151	126	42	139	1168.457
0.000000	0.899350	-2.069907	19	25	124	1168.293
1.047198	1.374601	-2.456031	18	22	119	1168.273
-0.261799	1.732874	-0.951685	135	44	7	1168.225
1.570796	2.104282	-0.813972	109	34	1	1168.193
-1.832596	0.864993	2.278281	125	133	19	1168.086
1.832596	1.168678	2.108595	134	47	139	1168.046
0.785398	1.247695	1.809890	12	35	128	1167.844
-1.832596	1.869911	2.701025	121	39	136	1167.553
0.785398	2.719179	-1.780644	1	130	23	1167.191
-1.047198	2.478122	2.609777	130	45	135	1167.115
-0.261799	2.108018	1.311430	13	111	111	1167.034
2.094395	0.733948	3.021411	134	43	123	1166.996
-2.356194	1.982574	-1.115518	138	34	122	1166.961
1.570796	1.335669	0.897240	134	49	130	1166.920
1.047198	1.301460	-0.509251	111	34	8	1166.689
1.308997	1.836682	-0.676006	18	29	127	1166.543
-2.094395	2.704512	1.488683	134	46	7	1166.503
0.785398	2.138223	1.678323	6	44	134	1166.438
0.000000	0.762244	-0.273349	139	42	132	1166.250
0.523599	1.247695	1.809890	134	38	124	1166.230
0.523599	1.045978	0.343692	124	41	0	1166.145
1.047198	2.247462	0.191623	130	121	21	1166.058
0.523599	2.138223	1.678323	116	42	0	1165.868
-1.047198	1.413347	-1.339188	13	38	5	1165.852
1.308997	2.704512	1.488683	112	34	5	1165.690
-0.261799	2.404280	-0.174044	126	41	0	1165.688
-0.523599	1.256302	0.062705	121	47	9	1165.582
-2.879793	2.174483	2.653697	112	34	1	1165.234
1.832596	2.089241	-0.114193	6	39	133	1165.227
-1.047198	1.948085	-2.363031	123	22	116	1165.124
-2.356194	2.404280	-0.174044	36	133	133	1164.974
2.617994	2.455966	-0.641220	117	31	124	1164.941
-2.879793	0.203748	0.590255	134	48	8	1164.883
-0.523599	1.506530	1.988858	5	44	133	1164.849
-2.879793	1.391910	3.030322	1	39	121	1164.844
-1.308997	2.356369	3.005869	13	35	121	1164.797
0.523599	1.440580	2.260026	134	44	139	1164.549
-0.785398	2.174483	2.653697	122	41	1	1164.488
1.047198	2.592629	0.909713	138	26	112	1164.477
-1.570796	1.325504	-1.671296	125	37	20	1164.456
-1.570796	1.367556	0.358405	1	26	117	1164.426
1.308997	1.135813	-2.658866	119	46	5	1164.413
2.094395	1.135834	-1.431087	1	41	130	1164.375
2.356194	1.617114	-1.572037	4	26	117	1164.256
1.832596	2.984978	1.954446	123	129	18	1164.242
-2.879793	2.760637	2.781135	2	36	123	1163.969
2.094395	1.569311	-3.003978	128	41	126	1163.924
-3.141593	1.872854	1.543456	129	46	139	1163.832
0.785398	2.153910	-1.714959	123	40	132	1163.430
0.523599	0.992645	-1.723759	8	30	119	1163.361
0.000000	1.875281	0.107086	126	39	128	1163.160
-1.570796	1.977582	0.969896	127	41	126	1163.029
2.617994	1.218453	2.777284	117	45	7	1163.012
2.617994	0.615174	-0.666022	111	31	11	1162.965
1.047198	2.396274	-1.959260	129	46	5	1162.844
-1.308997	1.574060	2.783565	114	34	6	1162.823
-1.308997	0.914445	2.687814	136	27	112	1162.725
-0.261799	2.724429	-0.348782	116	38	7	1162.642
1.047198	2.180315	-1.357379	2	130	28	1162.590
2.356194	1.218453	2.777284	122	47	7	1162.485
-2.617994	1.045978	0.343692	116	33	128	1162.352
2.617994	2.396274	-1.959260	117	40	139	1162.238
-2.094395	1.367556	0.358405	5	132	27	1162.229
2.617994	2.299159	2.264663	6	43	134	1161.973
-3.141593	0.203748	0.590255	138	47	8	1161.862
1.047198	0.733948	3.021411	0	122	110	1161.836
-1.047198	2.180315	-1.357379	111	34	13	1161.765
2.879793	0.961715	0.014085	2	40	129	1161.750
2.094395	2.456751	-1.503343	137	138	26	1161.477
2.094395	1.504028	0.636812	133	34	120	1161.470
-3.141593	1.504028	0.636812	130	46	10	1161.379
-2.094395	0.618092	2.539118	9	27	120	1161.238
-2.879793	0.080730	-2.622036	122	45	3	1161.061
-3.141593	1.325504	-1.671296	128	34	122	1160.891
2.356194	1.506530	1.988858	116	38	2	1160.857
-0.261799	1.870545	-2.976234	138	38	127	1160.754
2.094395	1.301460	-0.509251	9	41	137	1160.727
0.523599	1.741644	-2.695914	137	47	7	1160.590
2.356194	0.899350	-2.069907	128	22	114	1160.210
-0.261799	2.001437	0.381215	134	39	132	1160.062
-0.785398	1.413430	2.550734	12	35	126	1159.781
-1.047198	1.135834	-1.431087	14	38	0	1159.773
-1.570796	2.592629	0.909713	131	40	124	1159.748
-2.879793	1.658653	-2.409879	4	31	120	1159.445
-2.094395	2.664082	-1.071402	6	30	121	1159.403
-1.047198	1.696674	-1.253233	115	37	15	1159.367
-1.832596	1.128190	-2.288622	108	30	13	1159.292
0.523599	1.184361	0.625864	114	31	17	1159.172
-1.047198	1.256302	0.062705	8	19	112	1159.160
-1.832596	2.719179	-1.780644	130	127	24	1158.805
2.094395	0.960688	-0.577532	119	39	12	1158.793
0.000000	1.658653	-2.409879	15	33	124	1158.469
0.523599	2.396274	-1.959260	120	42	134	1158.289
1.832596	1.417623	-0.202254	14	39	0	1158.266
-3.141593	1.982574	-1.115518	14	42	136	1158.203
-2.094395	0.419640	2.974122	120	44	0	1158.201
-0.523599	2.404280	-0.174044	128	43	2	1157.803
-2.879793	1.836682	-0.676006	0	27	119	1157.713
-1.832596	1.135834	-1.431087	112	35	9	1157.593
-1.832596	2.396274	-1.959260	125	40	137	1157.578
-0.523599	1.504028	0.636812	5	31	122	1157.564
-0.785398	0.618092	2.539118	129	125	21	1157.462
-0.785398	1.606104	-0.451151	130	41	131	1157.223
-2.617994	2.153910	-1.714959	3	43	139	1157.048
0.261799	1.510910	-0.740472	116	112	134	1157.043
0.523599	1.367556	0.358405	109	33	6	1156.744
0.000000	2.587733	0.232235	24	111	130	1156.695
-1.832596	1.904882	-1.478089	130	41	132	1156.625
-0.261799	0.864993	2.278281	132	117	18	1156.359
-3.141593	0.733948	3.021411	126	137	20	1156.035
-0.523599	0.618092	2.539118	114	21	17	1155.936
-2.879793	0.419640	2.974122	126	49	138	1155.828
0.261799	1.846342	-1.796954	136	124	23	1155.812
2.094395	0.418037	1.360082	132	44	1	1155.793
-2.094395	0.418037	1.360082	36	135	3	1155.779
2.879793	0.080730	-2.622036	123	48	5	1155.740
2.617994	1.450119	-2.739050	107	31	7	1155.580
-2.094395	1.658653	-2.409879	127	38	122	1154.916
-1.047198	1.510910	-0.740472	130	46	10	1154.914
2.356194	2.664082	-1.071402	117	21	119	1154.823
0.785398	1.510910	-0.740472	117	38	12	1154.774
0.523599	1.696674	-1.253233	9	40	132	1154.500
1.308997	1.113094	-0.272241	113	33	139	1154.422
1.570796	1.982574	-1.115518	114	33	5	1154.400
1.570796	1.545873	-1.877082	24	22	130	1154.230
0.261799	0.458961	-0.107937	131	39	126	1154.227
0.261799	1.824694	1.850876	111	34	0	1154.103
-2.356194	1.391910	3.030322	132	42	128	1154.078
-1.570796	2.393226	1.857173	130	47	2	1153.920
2.094395	0.899350	-2.069907	12	25	118	1153.756
2.094395	2.664082	-1.071402	17	22	119	1153.664
-2.356194	0.960688	-0.577532	126	42	16	1153.654
0.523599	2.041297	-2.664597	136	45	11	1153.551
-2.356194	1.545873	-1.877082	116	41	7	1153.547
-2.879793	0.929350	-2.910676	10	22	118	1153.469
-0.261799	0.640596	-2.797608	14	37	0	1153.461
-2.879793	1.662363	0.915448	128	48	7	1153.264
0.000000	0.674054	1.013609	126	41	137	1153.250
0.523599	1.413430	2.550734	132	44	132	1153.117
-1.308997	1.413430	2.550734	113	34	138	1153.089
2.094395	1.606104	-0.451151	133	40	122	1152.875
-0.261799	0.929350	-2.910676	14	36	125	1152.688
-0.261799	0.379747	-1.713059	125	42	130	1152.629
-1.308997	0.297065	2.160177	134	39	125	1152.508
-1.308997	2.637879	2.121598	133	47	1	1152.335
0.000000	1.417623	-0.202254	118	43	10	1152.281
2.879793	1.736875	3.023612	128	48	137	1152.221
2.617994	2.587733	0.232235	120	38	128	1152.219
0.000000	2.251330	-2.330739	133	41	131	1152.152
2.356194	1.599406	1.426070	130	41	132	1152.137
-2.094395	2.478122	2.609777	13	36	128	1151.875
-1.832596	1.045978	0.343692	37	131	136	1151.616
2.356194	0.618092	2.539118	116	43	13	1151.294
-1.832596	1.554776	0.100351	120	17	117	1151.041
-3.141593	1.574060	2.783565	126	49	139	1151.006
-1.308997	1.846342	-1.796954	116	36	137	1150.961
-3.141593	2.356369	3.005869	112	39	5	1150.836
-1.832596	2.063651	-2.044600	124	40	139	1150.730
1.047198	1.766067	2.153843	123	41	136	1150.229
2.617994	0.914445	2.687814	131	41	125	1150.049
1.047198	0.080730	-2.622036	135	133	24	1149.500
-1.308997	1.301460	-0.509251	138	42	130	1149.484
-0.261799	0.370812	-2.547742	136	125	23	1149.353
-1.047198	0.910508	1.903534	122	128	17	1149.262
0.261799	1.450119	-2.739050	131	45	2	1149.248
0.261799	0.379747	-1.713059	115	26	119	1148.554
-1.308997	1.545873	-1.877082	127	42	11	1148.505
1.570796	1.741644	-2.695914	114	42	12	1148.444
-1.832596	1.696674	-1.253233	127	39	129	1148.340
-3.141593	1.606104	-0.451151	8	30	120	1147.969
-2.094395	2.724429	-0.348782	116	39	137	1147.816
1.047198	0.899350	-2.069907	137	48	137	1147.555
2.094395	1.014500	0.906702	8	40	3	1147.523
-1.308997	0.929350	-2.910676	114	37	6	1147.512
1.570796	2.299159	2.264663	11	29	118	1147.455
-1.570796	1.721184	-0.153948	7	29	121	1147.430
-1.047198	0.709924	0.218797	113	38	5	1147.343
1.832596	2.979456	-1.009304	131	47	7	1147.320
1.570796	2.343981	-1.040456	107	30	8	1147.102
-1.570796	0.591903	2.010408	124	48	3	1147.020
-3.141593	1.658653	-2.409879	4	29	121	1146.896
-2.094395	0.080730	-2.622036	109	32	8	1146.860
2.617994	1.824694	1.850876	123	41	135	1146.801
-2.879793	1.812176	0.656819	109	29	5	1146.648
2.356194	2.979456	-1.009304	122	46	9	1146.233
-0.785398	1.242974	-2.977882	5	25	116	1146.025
-1.308997	2.881233	-2.582574	6	26	117	1145.865
1.832596	0.640596	-2.797608	16	23	120	1145.828
-1.308997	1.168678	2.108595	111	36	5	1145.810
2.094395	0.906588	1.252948	127	42	131	1145.793
-2.617994	2.407836	1.410646	117	36	139	1145.654
2.094395	2.164094	-2.991358	129	48	10	1145.309
1.570796	0.297065	2.160177	0	47	6	1145.266
1.047198	2.704512	1.488683	123	133	18	1145.242
-1.570796	2.637879	2.121598	137	46	0	1145.140
0.000000	2.404280	-0.174044	122	39	0	1145.081
-0.523599	0.591903	2.010408	123	40	130	1144.984
2.094395	1.450119	-2.739050	125	42	129	1144.859
-1.308997	1.977582	0.969896	137	46	3	1144.801
-2.879793	0.864993	2.278281	124	47	12	1144.561
-3.141593	2.984978	1.954446	1	35	123	1144.531
0.523599	0.762244	-0.273349	135	40	125	1144.406
-1.832596	1.417623	-0.202254	15	42	136	1144.344
-1.047198	1.506530	1.988858	119	45	138	1144.305
0.000000	1.904882	-1.478089	129	38	19	1144.223
-2.094395	2.760637	2.781135	16	32	128	1144.148
0.000000	1.335669	0.897240	127	128	22	1144.004
2.879793	2.881233	-2.582574	123	48	2	1143.934
2.879793	1.417623	-0.202254	111	32	1	1143.918
-0.785398	1.325504	-1.671296	109	23	6	1143.908
2.356194	0.418037	1.360082	2	47	2	1143.768
0.785398	0.290380	-0.796960	136	33	121	1143.531
1.570796	2.115563	0.685730	4	24	116	1143.422
-3.141593	2.343981	-1.040456	118	17	118	1143.347
-2.617994	1.741644	-2.695914	4	37	128	1143.273
1.047198	1.135813	-2.658866	123	45	8	1143.270
-2.094395	1.325504	-1.671296	129	44	133	1143.214
1.570796	0.618092	2.539118	132	47	9	1143.018
-2.879793	2.588535	-2.976617	133	43	6	1142.973
-2.356194	2.041297	-2.664597	24	112	128	1142.933
-1.570796	1.218453	2.777284	112	34	4	1142.845
-1.047198	1.998705	2.370472	129	45	133	1142.785
-1.047198	2.073035	2.027405	13	42	130	1142.719
2.879793	1.045978	0.343692	136	123	23	1142.701
-0.785398	1.510910	-0.740472	125	43	19	1142.654
-1.308997	0.618092	2.539118	109	35	3	1142.550
-3.141593	1.736875	3.023612	7	31	119	1142.461
-2.617994	1.658653	-2.409879	123	46	1	1142.424
-0.785398	1.836682	-0.676006	136	43	8	1142.293
0.785398	1.732874	-0.951685	7	43	137	1142.281
-2.094395	1.869911	2.701025	127	42	134	1142.258
-2.356194	2.455966	-0.641220	1	23	117	1142.199
1.047198	1.809167	1.213774	138	123	21	1141.984
-2.879793	1.732874	-0.951685	1	34	123	1141.750
-0.785398	2.455966	-0.641220	125	42	3	1141.512
-3.141593	1.374601	-2.456031	10	34	128	1141.434
-0.261799	1.367556	0.358405	123	46	3	1140.842
0.261799	2.295480	1.008277	114	41	5	1140.619
-0.785398	1.488617	1.159546	129	131	20	1140.613
1.570796	2.295480	1.008277	1	28	115	1140.613
1.047198	2.138223	1.678323	2	45	133	1140.348
0.523599	1.846342	-1.796954	3	15	115	1140.221
-2.879793	1.699788	2.452890	113	38	1	1140.207
-2.094395	1.135834	-1.431087	121	41	1	1140.166
2.617994	0.899350	-2.069907	125	19	115	1140.076
-1.047198	2.637879	2.121598	127	47	2	1140.047
-0.523599	1.872854	1.543456	33	3	132	1139.948
2.879793	0.850607	-1.335383	122	39	132	1139.945
-0.523599	1.440580	2.260026	122	39	139	1139.923
-0.785398	2.478122	2.609777	130	46	137	1139.811
0.000000	1.014500	0.906702	123	40	139	1139.809
0.261799	1.741644	-2.695914	124	6	113	1139.751
-3.141593	0.571433	-1.188419	119	42	131	1139.736
0.000000	2.984978	1.954446	126	40	124	1139.685
0.785398	2.592629	0.909713	0	39	127	1139.633
0.000000	0.619654	-2.216909	137	45	1	1139.566
1.047198	1.662363	0.915448	134	121	20	1139.488
-1.308997	1.904882	-1.478089	117	37	18	1139.417
-1.832596	1.662363	0.915448	127	44	132	1139.262
1.832596	1.555207	1.708892	134	43	131	1139.242
-0.261799	0.992645	-1.723759	137	131	28	1139.219
0.000000	1.696674	-1.253233	112	39	132	1139.038
-2.094395	1.870545	-2.976234	108	29	7	1139.015
-0.523599	0.080730	-2.622036	11	34	126	1138.977
-2.879793	1.555207	1.708892	112	36	138	1138.847
2.879793	1.721184	-0.153948	132	135	26	1138.742
1.047198	1.741644	-2.695914	125	47	10	1138.521
0.523599	1.756530	-2.105156	136	127	23	1138.439
1.047198	1.413347	-1.339188	125	42	15	1138.435
2.094395	2.153910	-1.714959	30	123	126	1138.364
-3.141593	2.108018	1.311430	122	41	1	1138.135
-0.785398	1.809167	1.213774	129	48	137	1137.922
0.000000	1.617114	-1.572037	18	31	127	1137.914
-3.141593	0.762244	-0.273349	112	33	7	1137.847
-3.141593	2.295480	1.008277	126	41	139	1137.762
-0.261799	1.756530	-2.105156	10	37	130	1137.578
-0.261799	2.349581	-2.702517	4	42	137	1137.578
-2.094395	1.574060	2.783565	112	40	138	1137.539
0.000000	2.579248	-2.364801	127	43	133	1137.371
-2.617994	2.295480	1.008277	113	32	0	1137.306
0.000000	0.700570	1.559208	120	38	136	1137.268
-2.617994	0.458961	-0.107937	1	131	28	1137.234
2.356194	2.001437	0.381215	123	45	133	1137.226
-0.261799	2.455966	-0.641220	121	26	118	1137.184
0.000000	1.135813	-2.658866	123	45	133	1136.840
-2.879793	2.393226	1.857173	132	43	129	1136.814
-1.570796	2.356369	3.005869	8	37	126	1136.797
2.617994	1.545873	-1.877082	7	18	111	1136.791
-2.617994	1.736875	3.023612	109	36	5	1136.779
-1.570796	0.733948	3.021411	126	36	15	1136.449
2.356194	1.569311	-3.003978	0	47	2	1136.367
-2.356194	2.881233	-2.582574	125	40	132	1136.172
1.832596	1.301460	-0.509251	110	29	138	1136.081
-1.832596	1.194549	-0.801900	122	35	124	1136.068
1.570796	1.869911	2.701025	126	46	4	1136.061
-1.832596	1.569311	-3.003978	132	125	21	1136.057
0.000000	2.724429	-0.348782	117	29	18	1136.026
-2.356194	1.658653	-2.409879	115	42	0	1135.980
0.261799	1.812176	0.656819	128	127	22	1135.875
-1.047198	1.134497	-1.109631	130	45	0	1135.747
0.261799	1.335669	0.897240	109	34	1	1135.734
1.047198	1.948085	-2.363031	114	31	127	1135.671
-0.261799	2.579248	-2.364801	18	36	127	1135.344
-3.141593	2.033014	2.977192	7	25	116	1135.254
1.308997	1.194549	-0.801900	123	39	127	1135.139
-1.570796	1.050534	3.042579	119	37	1	1135.120
-3.141593	2.863997	0.549740	136	45	9	1134.943
-2.356194	2.180315	-1.357379	132	132	26	1134.844
2.879793	0.496451	0.593859	121	41	133	1134.816
0.261799	2.379497	0.561089	125	40	0	1134.516
-1.047198	1.184361	0.625864	129	49	138	1134.453
-0.523599	2.407836	1.410646	128	49	4	1134.416
-2.356194	0.379747	-1.713059	125	42	11	1134.319
-2.879793	1.045978	0.343692	132	47	137	1134.235
-1.308997	0.591903	2.010408	126	134	22	1134.234
-2.617994	0.864993	2.278281	115	34	124	1133.952
-1.570796	0.674054	1.013609	130	137	24	1133.902
-2.094395	2.881233	-2.582574	121	39	134	1133.881
0.000000	1.599406	1.426070	113	36	3	1133.488
2.094395	2.041297	-2.664597	9	46	136	1133.453
2.356194	2.637879	2.121598	127	42	138	1133.414
0.523599	1.606104	-0.451151	113	34	16	1133.305
0.523599	1.617114	-1.572037	135	45	0	1133.289
-1.570796	1.135834	-1.431087	116	41	130	1133.222
1.047198	1.310100	1.488307	9	35	124	1133.172
0.523599	1.732874	-0.951685	9	40	6	1133.055
0.000000	1.555207	1.708892	111	33	2	1132.806
1.308997	1.301460	-0.509251	116	40	129	1132.693
-1.308997	1.506530	1.988858	110	35	2	1132.598
1.047198	2.664082	-1.071402	134	31	118	1132.479
-1.570796	1.846342	-1.796954	118	38	137	1132.458
-1.308997	1.504028	0.636812	115	38	137	1132.347
-2.617994	1.662363	0.915448	122	47	8	1132.260
2.356194	1.325504	-1.671296	138	33	121	1132.002
-1.570796	0.685216	-1.712745	136	38	17	1131.900
2.356194	2.587733	0.232235	126	39	127	1131.523
-1.308997	2.863997	0.549740	118	40	130	1131.519
1.308997	2.455966	-0.641220	10	36	128	1131.234
-1.570796	2.881233	-2.582574	7	24	116	1131.221
1.047198	0.496451	0.593859	109	26	16	1130.843
1.832596	0.910508	1.903534	125	41	3	1130.734
-2.356194	1.440580	2.260026	116	44	3	1130.549
-2.879793	1.510910	-0.740472	10	33	124	1130.406
-3.141593	2.174483	2.653697	115	38	0	1130.379
-0.261799	1.417623	-0.202254	124	35	124	1130.374
0.000000	1.545873	-1.877082	8	35	125	1130.305
-1.832596	2.033014	2.977192	124	40	135	1130.273
1.570796	1.301460	-0.509251	126	40	20	1130.158
0.000000	1.606104	-0.451151	121	41	16	1129.986
-3.141593	1.417623	-0.202254	112	30	3	1129.963
2.356194	1.014500	0.906702	2	42	137	1129.961
2.617994	1.756530	-2.105156	9	42	126	1129.898
-2.617994	2.063651	-2.044600	130	45	134	1129.769
2.617994	2.588535	-2.976617	139	40	119	1129.758
1.047198	2.984978	1.954446	127	48	137	1129.741
-0.785398	2.704512	1.488683	136	48	8	1129.502
0.523599	1.812176	0.656819	122	39	130	1129.473
0.785398	1.335669	0.897240	113	24	15	1129.439
0.000000	1.732874	-0.951685	131	43	7	1129.211
-2.617994	2.863997	0.549740	126	46	10	1129.074
-2.879793	1.433411	-1.035986	11	41	1	1129.070
-1.047198	1.440580	2.260026	107	30	0	1128.698
-1.832596	2.979456	-1.009304	126	48	1	1128.459
0.785398	1.367556	0.358405	108	29	7	1128.411
1.308997	1.134796	2.434290	139	45	5	1128.353
-3.141593	0.640596	-2.797608	7	24	116	1128.248
-3.141593	1.875281	0.107086	126	46	8	1128.174
-0.785398	1.256302	0.062705	3	45	131	1127.766
-2.094395	1.310100	1.488307	117	45	7	1127.681
-2.094395	2.104282	-0.813972	134	31	120	1127.631
-0.785398	1.184361	0.625864	15	22	119	1127.562
-0.261799	1.846342	-1.796954	136	128	24	1127.367
0.785398	1.325504	-1.671296	138	127	27	1127.086
-1.308997	1.450119	-2.739050	35	136	134	1127.059
2.094395	1.555207	1.708892	123	41	139	1127.030
1.832596	2.247462	0.191623	14	35	125	1126.910
-2.094395	1.218453	2.777284	113	40	6	1126.827
-1.570796	1.440580	2.260026	116	39	138	1126.446
-2.094395	1.756530	-2.105156	136	46	138	1126.126
-1.047198	2.407836	1.410646	119	47	5	1126.057
2.094395	0.866955	-0.931351	7	41	6	1126.055
-2.879793	1.875281	0.107086	122	45	10	1125.779
-0.523599	1.554776	0.100351	137	41	128	1125.711
1.832596	2.295480	1.008277	17	28	123	1125.680
-0.261799	2.251330	-2.330739	12	37	122	1125.605
1.832596	1.184361	0.625864	14	33	130	1125.594
-0.785398	1.683268	0.374177	8	34	126	1125.395
-1.832596	1.504028	0.636812	139	46	138	1125.354
0.523599	2.881233	-2.582574	110	31	7	1125.301
-1.308997	1.756530	-2.105156	114	32	10	1125.110
2.094395	1.510910	-0.740472	133	45	2	1125.086
-1.047198	1.809167	1.213774	132	47	137	1124.971
-0.523599	0.992645	-1.723759	133	44	8	1124.629
1.047198	0.700570	1.559208	5	26	117	1124.627
2.617994	2.863997	0.549740	9	43	135	1124.573
-2.617994	2.979456	-1.009304	34	2	137	1124.571
1.308997	2.379497	0.561089	2	21	112	1124.516
-2.879793	0.591903	2.010408	125	44	133	1124.339
0.261799	1.977582	0.969896	123	124	18	1124.249
-2.617994	0.379747	-1.713059	129	39	15	1124.238
-1.308997	0.910508	1.903534	122	46	2	1124.109
-1.832596	2.174483	2.653697	121	39	138	1124.025
-2.094395	2.063651	-2.044600	126	41	138	1123.906
-1.570796	1.168678	2.108595	123	47	138	1123.852
-2.879793	2.478122	2.609777	3	37	118	1123.738
0.000000	0.910508	1.903534	1	35	122	1123.555
-2.356194	2.587733	0.232235	136	44	123	1123.530
-0.261799	0.496451	0.593859	128	40	126	1123.078
-1.570796	1.335669	0.897240	118	40	132	1122.873
-3.141593	0.831641	0.616218	132	42	17	1122.820
2.356194	0.831641	0.616218	10	40	4	1122.797
0.261799	2.138223	1.678323	5	39	122	1122.648
-1.308997	1.413347	-1.339188	112	32	133	1122.606
-2.617994	1.904882	-1.478089	137	42	130	1122.602
2.356194	2.295480	1.008277	13	38	124	1122.531
1.047198	2.343981	-1.040456	139	28	116	1122.488
1.308997	2.637879	2.121598	120	43	1	1122.488
1.047198	1.606104	-0.451151	134	40	16	1122.483
-2.879793	1.184361	0.625864	115	31	126	1122.223
-0.523599	2.478122	2.609777	117	40	0	1122.165
0.261799	0.571433	-1.188419	3	31	121	1122.094
2.617994	1.606104	-0.451151	119	38	129	1121.963
2.094395	1.658653	-2.409879	120	43	136	1121.802
1.832596	2.343981	-1.040456	107	30	139	1121.716
-2.356194	2.115563	0.685730	117	44	3	1121.704
-0.785398	1.696674	-1.253233	116	38	12	1121.620
-2.094395	1.195355	1.200319	130	41	126	1121.607
1.047198	0.458961	-0.107937	117	40	14	1121.427
-1.570796	1.982574	-1.115518	121	45	10	1120.924
0.261799	2.478122	2.609777	116	40	2	1120.255
-0.785398	1.168678	2.108595	130	40	125	1120.199
2.356194	1.766067	2.153843	114	37	6	1120.191
-2.617994	1.555207	1.708892	120	44	5	1120.153
2.356194	1.504028	0.636812	138	38	125	1120.035
-2.094395	2.719179	-1.780644	1	39	129	1119.875
-1.308997	1.569311	-3.003978	2	33	122	1119.805
0.523599	2.863997	0.549740	133	28	112	1119.781
2.356194	2.984978	1.954446	102	19	5	1119.705
0.785398	1.504028	0.636812	132	128	24	1119.594
-2.356194	0.297065	2.160177	124	41	19	1119.565
1.308997	0.831641	0.616218	109	28	6	1119.409
-0.523599	0.418037	1.360082	117	43	8	1119.059
-1.570796	1.184361	0.625864	123	137	20	1118.828
2.617994	0.960688	-0.577532	114	41	131	1118.773
0.261799	2.404280	-0.174044	121	41	6	1118.765
-0.261799	2.033014	2.977192	3	45	136	1118.755
2.617994	0.866955	-0.931351	1	44	3	1118.656
1.047198	0.831641	0.616218	115	39	1	1118.656
-1.570796	0.618092	2.539118	1	39	127	1118.594
0.523599	0.203748	0.590255	125	41	129	1118.289
0.000000	0.591903	2.010408	16	33	130	1118.250
-3.141593	1.732874	-0.951685	15	41	135	1117.984
2.356194	1.194549	-0.801900	128	42	20	1117.848
-1.832596	2.001437	0.381215	126	44	133	1117.843
-0.261799	0.619654	-2.216909	129	39	125	1117.637
-0.261799	0.914445	2.687814	16	23	117	1117.598
2.094395	1.662363	0.915448	128	38	123	1117.277
0.523599	2.180315	-1.357379	7	42	136	1117.219
1.308997	2.587733	0.232235	123	25	117	1117.122
2.356194	0.866395	-2.492918	115	38	1	1117.026
-0.523599	1.247695	1.809890	110	39	139	1116.955
2.094395	1.617114	-1.572037	139	28	118	1116.881
-1.047198	2.001437	0.381215	139	40	121	1116.742
2.879793	1.699788	2.452890	128	46	2	1116.736
2.879793	0.866395	-2.492918	106	23	7	1116.702
0.261799	1.869911	2.701025	131	46	139	1116.605
2.094395	1.721184	-0.153948	128	44	124	1116.535
2.094395	2.187132	-0.479875	2	13	114	1116.378
0.785398	2.108018	1.311430	123	40	138	1116.117
1.570796	2.664082	-1.071402	137	47	9	1116.088
-0.523599	2.108018	1.311430	126	49	139	1115.848
-1.570796	0.370812	-2.547742	113	31	9	1115.771
-0.785398	2.664082	-1.071402	30	108	1	1115.685
-1.047198	1.617114	-1.572037	120	40	12	1115.433
-1.047198	0.619654	-2.216909	136	127	23	1115.195
1.832596	1.195355	1.200319	129	48	138	1114.975
-1.308997	0.640596	-2.797608	114	39	4	1114.893
-1.308997	2.979456	-1.009304	136	39	125	1114.891
-0.785398	2.108018	1.311430	128	48	0	1114.840
-2.094395	0.615174	-0.666022	118	38	132	1114.648
0.261799	2.984978	1.954446	121	47	11	1114.480
2.356194	1.242974	-2.977882	137	46	6	1114.375
0.785398	0.866955	-0.931351	14	34	131	1114.203
-1.047198	1.683268	0.374177	21	25	130	1114.160
2.879793	1.872854	1.543456	138	46	138	1114.141
2.879793	1.134497	-1.109631	126	38	126	1114.039
-3.141593	1.195355	1.200319	124	17	112	1113.765
-1.308997	1.025536	1.576859	139	40	119	1113.684
-1.570796	1.809167	1.213774	124	48	9	1113.641
0.261799	1.504028	0.636812	129	39	124	1113.637
1.047198	2.456751	-1.503343	128	39	15	1113.560
1.047198	2.455966	-0.641220	13	31	126	1113.488
-2.094395	2.033014	2.977192	132	40	127	1113.438
2.879793	0.685216	-1.712745	135	44	6	1113.369
-2.879793	1.736875	3.023612	122	47	138	1113.355
-2.617994	1.699788	2.452890	8	39	123	1113.164
-2.094395	0.685216	-1.712745	110	31	134	1113.148
-0.523599	1.184361	0.625864	4	28	118	1113.086
2.879793	1.766067	2.153843	119	41	139	1113.029
1.047198	1.448123	-2.163292	139	133	25	1113.016
0.785398	1.310100	1.488307	12	31	124	1112.852
1.308997	1.662363	0.915448	135	119	20	1112.828
1.570796	1.510910	-0.740472	16	30	123	1112.402
-2.094395	2.164094	-2.991358	138	28	112	1112.203
0.523599	1.301460	-0.509251	115	39	14	1112.165
0.000000	2.073035	2.027405	125	46	1	1112.012
-2.617994	1.367556	0.358405	139	134	25	1111.992
2.879793	2.579248	-2.364801	1	39	121	1111.898
1.832596	2.404280	-0.174044	13	39	0	1111.797
0.000000	0.458961	-0.107937	135	40	126	1111.789
-2.617994	1.909857	-0.381669	3	20	114	1111.662
-2.617994	1.948085	-2.363031	122	44	138	1111.562
-2.356194	0.762244	-0.273349	22	24	127	1111.473
0.261799	2.349581	-2.702517	133	44	7	1111.465
-0.785398	2.404280	-0.174044	129	46	5	1111.457
-1.047198	2.295480	1.008277	34	133	130	1111.424
-1.047198	1.736875	3.023612	137	38	119	1111.227
-1.308997	0.619654	-2.216909	133	126	24	1111.216
-2.356194	2.724429	-0.348782	121	43	136	1111.162
-1.570796	1.247695	1.809890	124	49	0	1111.127
0.261799	1.662363	0.915448	125	128	20	1111.031
-1.308997	0.418037	1.360082	136	38	119	1111.004
2.356194	2.041297	-2.664597	4	48	136	1110.467
-1.308997	0.864993	2.278281	129	133	21	1110.238
2.617994	1.504028	0.636812	128	38	123	1110.062
-0.261799	2.356369	3.005869	123	40	138	1109.955
-0.261799	1.506530	1.988858	119	37	138	1109.628
2.617994	0.700570	1.559208	127	34	20	1109.444
2.094395	1.766067	2.153843	123	46	135	1109.303
-2.879793	1.194549	-0.801900	16	29	122	1109.272
-0.785398	1.875281	0.107086	131	40	125	1109.164
-0.785398	0.571433	-1.188419	139	125	27	1109.134
2.356194	1.909857	-0.381669	130	43	14	1108.711
1.047198	1.256302	0.062705	109	29	6	1108.548
-1.832596	1.948085	-2.363031	113	30	16	1108.429
1.047198	1.391910	3.030322	112	13	123	1108.401
-2.879793	1.683268	0.374177	102	18	4	1108.385
2.617994	2.343981	-1.040456	132	48	2	1107.895
0.261799	1.875281	0.107086	111	34	15	1107.826
1.832596	0.960688	-0.577532	118	38	17	1107.817
-2.094395	1.875281	0.107086	131	8	110	1107.757
-2.094395	2.073035	2.027405	112	35	3	1107.555
-3.141593	1.766067	2.153843	115	35	8	1107.379
-2.879793	0.709924	0.218797	129	43	14	1107.365
-1.570796	1.662363	0.915448	27	133	112	1107.347
1.047198	1.113094	-0.272241	135	42	11	1107.172
-1.047198	1.433411	-1.035986	7	41	5	1107.164
0.261799	0.640596	-2.797608	127	38	128	1106.984
-0.523599	2.724429	-0.348782	111	38	4	1106.977
-2.879793	1.504028	0.636812	125	46	10	1106.955
0.261799	1.836682	-0.676006	121	37	20	1106.927
-2.879793	2.033014	2.977192	117	41	139	1106.646
2.356194	2.579248	-2.364801	33	131	128	1106.417
-0.261799	0.960688	-0.577532	114	127	126	1106.360
2.356194	0.709924	0.218797	135	119	23	1106.317
-0.261799	1.128190	-2.288622	3	129	28	1106.131
2.879793	1.433411	-1.035986	124	35	122	1106.102
-0.785398	2.073035	2.027405	115	43	138	1105.594
-1.832596	0.914445	2.687814	5	39	127	1105.531
-2.617994	1.554776	0.100351	136	135	25	1105.473
-0.523599	1.982574	-1.115518	112	33	10	1105.462
0.785398	2.356369	3.005869	112	37	0	1105.428
0.000000	2.592629	0.909713	11	38	125	1105.172
-0.261799	2.299159	2.264663	130	47	1	1105.158
-0.261799	1.809167	1.213774	2	33	118	1105.125
1.047198	0.866395	-2.492918	0	134	26	1105.062
2.094395	1.135813	-2.658866	125	44	133	1105.016
-3.141593	1.301460	-0.509251	111	30	0	1105.007
1.308997	1.982574	-1.115518	9	25	119	1104.982
-2.356194	1.194549	-0.801900	123	42	16	1104.903
-3.141593	2.760637	2.781135	124	41	136	1104.805
-2.356194	1.510910	-0.740472	131	35	123	1104.613
-3.141593	0.866395	-2.492918	132	42	127	1104.594
2.356194	1.184361	0.625864	136	37	122	1104.232
0.261799	2.724429	-0.348782	131	127	23	1103.863
1.832596	1.554776	0.100351	38	5	138	1103.731
2.094395	1.050534	3.042579	130	42	124	1103.705
0.261799	2.033014	2.977192	137	46	3	1103.667
-0.261799	1.554776	0.100351	122	45	8	1103.613
2.094395	0.379747	-1.713059	138	46	134	1103.246
1.832596	1.488617	1.159546	132	41	127	1103.129
-1.308997	1.417623	-0.202254	2	31	119	1103.119
-2.879793	2.979456	-1.009304	112	39	8	1102.864
-3.141593	0.700570	1.559208	119	46	5	1102.860
1.308997	1.134497	-1.109631	125	36	123	1102.858
-0.785398	2.033014	2.977192	134	41	132	1102.520
-2.094395	0.290380	-0.796960	123	44	128	1102.487
-0.261799	0.709924	0.218797	4	43	1	1102.356
0.785398	1.599406	1.426070	130	0	27	1102.201
0.261799	0.960688	-0.577532	134	47	9	1102.037
-1.570796	1.732874	-0.951685	116	128	121	1102.015
0.261799	2.174483	2.653697	117	38	137	1101.457
2.356194	0.866955	-0.931351	3	43	5	1101.387
0.523599	1.824694	1.850876	10	39	126	1101.250
-2.879793	2.664082	-1.071402	119	42	136	1101.240
-1.308997	0.960688	-0.577532	137	35	123	1101.172
2.356194	1.554776	0.100351	139	26	115	1100.750
0.261799	1.128190	-2.288622	121	38	11	1100.620
1.570796	0.379747	-1.713059	6	18	111	1100.389
-2.356194	1.374601	-2.456031	124	44	5	1100.117
-0.785398	1.440580	2.260026	130	43	133	1100.036
-1.832596	1.574060	2.783565	121	39	138	1099.865
1.047198	1.696674	-1.253233	37	119	123	1099.785
1.308997	1.128190	-2.288622	136	137	26	1099.770
-2.356194	1.256302	0.062705	117	25	118	1099.736
2.879793	2.396274	-1.959260	6	47	138	1099.721
-0.261799	1.168678	2.108595	5	37	122	1099.688
1.832596	2.251330	-2.330739	5	116	21	1099.633
1.308997	1.374601	-2.456031	139	138	26	1099.545
1.832596	2.478122	2.609777	124	49	138	1099.395
2.879793	2.356369	3.005869	115	43	4	1099.369
-2.879793	1.574060	2.783565	121	48	139	1099.361
1.832596	1.433411	-1.035986	11	35	127	1099.359
-1.570796	1.599406	1.426070	125	49	6	1099.266
-1.832596	1.134497	-1.109631	3	45	4	1099.256
-2.356194	1.433411	-1.035986	134	41	131	1099.195
-1.047198	2.089241	-0.114193	106	20	9	1099.145
-1.832596	0.496451	0.593859	134	137	26	1099.094
0.261799	0.914445	2.687814	8	40	138	1099.086
-3.141593	2.455966	-0.641220	114	19	120	1099.026
1.570796	2.456751	-1.503343	126	45	10	1099.014
2.617994	2.719179	-1.780644	125	43	129	1098.969
0.785398	2.063651	-2.044600	132	43	16	1098.846
-1.832596	1.113094	-0.272241	14	41	133	1098.750
2.879793	2.478122	2.609777	126	41	137	1098.711
0.261799	2.001437	0.381215	124	40	135	1098.590
-0.261799	1.448123	-2.163292	11	33	125	1098.543
0.523599	1.545873	-1.877082	131	127	24	1098.529
-2.356194	0.685216	-1.712745	114	34	134	1098.235
2.617994	2.393226	1.857173	121	37	131	1098.197
-2.617994	2.089241	-0.114193	127	136	23	1098.193
-2.879793	2.343981	-1.040456	4	25	119	1098.043
-1.308997	2.456751	-1.503343	109	34	12	1097.919
2.094395	1.846342	-1.796954	105	31	5	1097.709
-0.261799	1.872854	1.543456	117	41	1	1097.658
1.832596	1.450119	-2.739050	131	43	130	1097.650
1.047198	1.846342	-1.796954	138	119	22	1097.574
0.000000	1.756530	-2.105156	138	35	122	1097.559
-1.308997	2.063651	-2.044600	116	40	2	1097.451
-0.785398	0.418037	1.360082	137	40	129	1097.430
2.356194	1.869911	2.701025	112	121	126	1097.359
-1.047198	1.699788	2.452890	133	44	126	1097.353
0.261799	1.367556	0.358405	112	37	6	1097.310
-1.047198	1.050534	3.042579	132	30	114	1096.896
-2.879793	2.637879	2.121598	138	40	121	1096.492
-3.141593	1.909857	-0.381669	5	21	115	1096.234
-0.785398	0.864993	2.278281	106	26	8	1096.107
0.523599	2.704512	1.488683	125	46	132	1095.962
0.261799	1.413430	2.550734	137	43	131	1095.923
0.523599	1.194549	-0.801900	6	42	137	1095.914
-2.356194	0.700570	1.559208	125	41	128	1095.834
0.000000	0.866955	-0.931351	14	41	139	1095.688
-1.308997	1.214854	-1.966664	126	34	21	1095.572
0.000000	1.195355	1.200319	1	30	118	1095.385
2.356194	2.379497	0.561089	9	41	123	1095.359
-3.141593	2.104282	-0.813972	113	24	124	1095.229
1.570796	2.349581	-2.702517	132	42	127	1095.227
-1.832596	2.664082	-1.071402	8	36	125	1095.156
0.523599	0.591903	2.010408	16	31	131	1095.086
-3.141593	0.297065	2.160177	125	45	133	1094.944
1.308997	1.909857	-0.381669	133	38	19	1094.845
-2.094395	1.545873	-1.877082	113	37	6	1094.829
-2.879793	1.982574	-1.115518	5	29	121	1094.793
2.356194	2.138223	1.678323	122	38	134	1094.788
2.356194	1.998705	2.370472	117	44	138	1094.775
-1.047198	0.618092	2.539118	107	31	3	1094.605
-2.356194	0.906588	1.252948	130	43	131	1094.575
-2.356194	1.948085	-2.363031	121	42	139	1094.555
1.570796	1.242974	-2.977882	116	44	3	1094.245
-1.047198	2.881233	-2.582574	18	25	120	1094.066
-3.141593	1.569311	-3.003978	125	49	139	1094.002
-2.094395	0.910508	1.903534	130	48	1	1093.986
-1.308997	2.664082	-1.071402	3	13	115	1093.940
-3.141593	0.961715	0.014085	136	46	139	1093.891
1.832596	2.664082	-1.071402	134	48	7	1093.861
-1.832596	1.506530	1.988858	13	29	119	1093.598
-1.308997	2.588535	-2.976617	18	29	122	1092.937
-3.141593	2.187132	-0.479875	23	22	126	1092.891
2.879793	1.812176	0.656819	1	48	3	1092.879
-0.523599	2.041297	-2.664597	11	38	138	1092.773
0.000000	2.153910	-1.714959	136	117	22	1092.730
2.879793	0.297065	2.160177	5	135	28	1092.658
1.832596	2.379497	0.561089	126	26	116	1092.508
-1.308997	0.961715	0.014085	2	16	110	1092.039
1.832596	0.370812	-2.547742	126	134	22	1091.930
-0.261799	0.458961	-0.107937	6	31	120	1091.895
-1.047198	2.104282	-0.813972	117	42	8	1091.869
-0.523599	2.164094	-2.991358	129	41	128	1091.867
-1.570796	0.496451	0.593859	131	40	22	1091.817
0.000000	1.809167	1.213774	7	42	137	1091.336
0.000000	0.618092	2.539118	16	32	134	1091.102
2.094395	1.683268	0.374177	135	29	117	1091.083
2.356194	2.115563	0.685730	18	38	128	1090.812
0.261799	1.732874	-0.951685	124	38	20	1090.649
0.261799	2.299159	2.264663	113	37	5	1090.632
1.832596	1.977582	0.969896	16	32	128	1090.574
-1.047198	0.379747	-1.713059	5	33	120	1090.391
0.000000	2.180315	-1.357379	0	128	27	1090.324
-1.047198	2.588535	-2.976617	4	14	33	1090.288
1.308997	1.696674	-1.253233	18	21	122	1090.182
-2.879793	0.370812	-2.547742	130	45	0	1090.143
-2.617994	0.910508	1.903534	126	39	124	1090.000
2.356194	1.870545	-2.976234	0	47	138	1089.956
-0.523599	1.599406	1.426070	122	46	131	1089.905
-2.094395	1.128190	-2.288622	110	34	13	1089.817
-1.308997	0.674054	1.013609	128	132	24	1089.613
0.261799	0.762244	-0.273349	133	42	132	1089.539
0.523599	0.866955	-0.931351	137	40	129	1089.500
-1.308997	2.295480	1.008277	124	38	123	1089.410
-1.047198	0.906588	1.252948	0	41	123	1089.188
2.879793	2.343981	-1.040456	118	19	118	1089.151
0.261799	0.615174	-0.666022	16	31	133	1089.145
2.879793	0.831641	0.616218	130	43	13	1089.070
-2.879793	2.456751	-1.503343	0	38	121	1089.023
0.000000	0.992645	-1.723759	20	28	129	1088.797
1.308997	1.310100	1.488307	14	33	120	1088.648
-2.617994	0.762244	-0.273349	132	45	8	1088.648
2.094395	1.909857	-0.381669	137	44	2	1088.555
0.523599	1.014500	0.906702	4	12	111	1088.494
0.000000	1.310100	1.488307	137	37	118	1088.465
-2.617994	1.998705	2.370472	110	32	138	1088.167
1.570796	2.089241	-0.114193	136	124	22	1088.100
-1.570796	2.108018	1.311430	131	39	122	1087.824
-0.261799	2.073035	2.027405	128	45	1	1087.723
2.094395	2.299159	2.264663	110	34	3	1087.674
-1.570796	1.869911	2.701025	118	36	133	1087.646
1.047198	0.960688	-0.577532	5	43	135	1087.239
-1.832596	2.041297	-2.664597	110	25	13	1087.141
0.785398	2.247462	0.191623	115	38	5	1087.000
-2.356194	1.134497	-1.109631	3	43	136	1086.945
-1.308997	0.419640	2.974122	125	31	119	1086.935
-2.879793	2.108018	1.311430	119	40	0	1086.906
-2.356194	1.325504	-1.671296	117	41	10	1086.888
-1.832596	0.733948	3.021411	24	110	131	1086.748
-3.141593	1.756530	-2.105156	108	28	10	1086.571
1.308997	0.709924	0.218797	113	31	18	1086.556
-2.356194	2.863997	0.549740	121	46	13	1086.542
-1.047198	2.719179	-1.780644	137	118	24	1086.152
-0.261799	1.050534	3.042579	14	34	123	1086.078
0.785398	1.846342	-1.796954	1	13	115	1085.999
2.356194	2.153910	-1.714959	134	8	110	1085.900
1.308997	1.870545	-2.976234	120	46	9	1085.786
-2.617994	1.683268	0.374177	139	138	26	1085.691
-3.141593	0.458961	-0.107937	7	19	117	1085.451
-0.785398	0.619654	-2.216909	138	122	25	1085.305
0.785398	2.664082	-1.071402	136	31	118	1085.206
-1.308997	2.579248	-2.364801	5	20	114	1085.168
-2.617994	0.591903	2.010408	110	38	6	1085.069
1.570796	2.138223	1.678323	0	41	120	1085.039
-2.617994	0.203748	0.590255	5	139	29	1084.963
-2.617994	2.588535	-2.976617	139	33	115	1084.963
-2.094395	2.579248	-2.364801	124	40	0	1084.898
1.047198	1.904882	-1.478089	36	120	118	1084.866
-1.832596	1.736875	3.023612	123	40	134	1084.730
-2.879793	1.367556	0.358405	120	33	122	1084.658
-0.523599	1.510910	-0.740472	131	41	126	1084.635
-0.523599	2.089241	-0.114193	133	42	134	1084.305
-0.523599	0.297065	2.160177	33	111	2	1084.233
-2.094395	0.762244	-0.273349	4	35	122	1084.168
1.570796	1.809167	1.213774	139	37	124	1084.156
1.570796	2.404280	-0.174044	128	46	124	1084.009
2.356194	0.992645	-1.723759	137	43	130	1083.769
-1.832596	1.413430	2.550734	115	38	2	1083.729
0.523599	1.113094	-0.272241	132	44	128	1083.496
-1.308997	2.164094	-2.991358	6	35	122	1083.469
0.523599	0.850607	-1.335383	138	35	123	1083.273
2.879793	1.391910	3.030322	131	49	3	1083.143
-3.141593	1.545873	-1.877082	124	48	8	1083.094
0.785398	2.984978	1.954446	26	17	128	1082.959
1.832596	1.247695	1.809890	124	42	0	1082.959
-0.261799	0.850607	-1.335383	120	36	118	1082.930
-2.356194	2.979456	-1.009304	131	49	0	1082.922
-2.356194	1.824694	1.850876	104	25	130	1082.771
-0.523599	1.433411	-1.035986	123	39	22	1082.761
-1.570796	1.301460	-0.509251	2	42	131	1082.750
-0.261799	1.606104	-0.451151	134	120	113	1082.689
-2.356194	1.184361	0.625864	23	17	122	1082.646
-1.832596	0.762244	-0.273349	32	116	131	1082.626
2.356194	0.960688	-0.577532	116	37	12	1082.604
-0.261799	2.704512	1.488683	123	49	7	1082.541
-2.356194	1.417623	-0.202254	117	43	14	1082.481
0.523599	2.455966	-0.641220	134	127	25	1082.426
1.308997	1.872854	1.543456	117	35	133	1082.360
2.356194	1.741644	-2.695914	119	39	130	1082.331
0.785398	1.025536	1.576859	124	115	10	1082.203
-1.308997	0.080730	-2.622036	134	128	25	1082.109
1.570796	2.979456	-1.009304	134	46	4	1082.107
2.879793	1.846342	-1.796954	13	29	125	1082.039
-2.356194	0.619654	-2.216909	121	38	135	1081.969
-1.047198	2.349581	-2.702517	8	35	124	1081.969
-1.047198	0.674054	1.013609	139	41	123	1081.867
0.000000	1.194549	-0.801900	31	116	8	1081.680
-2.356194	1.662363	0.915448	116	44	9	1081.415
1.308997	1.448123	-2.163292	139	133	25	1081.309
2.094395	0.866395	-2.492918	118	42	0	1081.097
-0.523599	1.310100	1.488307	112	40	7	1081.037
2.617994	0.290380	-0.796960	125	33	22	1080.965
-2.879793	1.413430	2.550734	16	115	108	1080.960
0.000000	2.164094	-2.991358	117	37	131	1080.759
0.261799	1.699788	2.452890	134	45	133	1080.750
-1.570796	2.343981	-1.040456	133	40	126	1080.523
1.570796	2.478122	2.609777	125	47	0	1080.488
1.832596	1.569311	-3.003978	130	44	131	1080.002
-1.832596	1.846342	-1.796954	123	39	136	1079.961
1.570796	1.413430	2.550734	127	42	11	1079.926
1.047198	2.033014	2.977192	119	43	6	1079.849
-1.308997	1.134497	-1.109631	11	40	6	1079.836
2.879793	0.290380	-0.796960	124	35	20	1079.721
-1.832596	1.310100	1.488307	132	49	6	1079.510
2.094395	2.108018	1.311430	13	37	126	1079.312
-2.617994	2.164094	-2.991358	116	39	0	1079.312
0.785398	1.135834	-1.431087	133	34	118	1079.301
1.832596	2.115563	0.685730	4	121	21	1079.256
-3.141593	2.407836	1.410646	134	43	134	1079.230
-2.617994	0.850607	-1.335383	120	38	19	1079.135
0.523599	2.979456	-1.009304	14	34	131	1079.031
2.617994	0.640596	-2.797608	130	136	24	1079.027
1.047198	1.510910	-0.740472	115	36	11	1078.981
-0.785398	1.948085	-2.363031	136	47	126	1078.906
1.308997	1.699788	2.452890	113	29	19	1078.789
2.879793	1.218453	2.777284	132	48	6	1078.752
1.570796	2.984978	1.954446	8	41	133	1078.750
2.094395	2.379497	0.561089	18	32	123	1078.691
0.000000	2.478122	2.609777	130	47	5	1078.604
2.879793	2.033014	2.977192	114	41	8	1078.365
-2.094395	1.450119	-2.739050	120	39	125	1078.195
0.261799	0.418037	1.360082	138	127	26	1078.156
1.047198	0.571433	-1.188419	0	32	121	1078.123
1.832596	1.335669	0.897240	137	37	121	1078.121
0.523599	1.904882	-1.478089	38	9	138	1078.117
-0.523599	1.998705	2.370472	10	44	130	1077.895
-0.785398	0.992645	-1.723759	10	39	132	1077.891
1.832596	1.696674	-1.253233	7	32	121	1077.816
0.523599	2.664082	-1.071402	5	129	27	1077.803
1.047198	1.617114	-1.572037	130	47	5	1077.781
-2.617994	1.982574	-1.115518	0	33	122	1077.576
-3.141593	1.247695	1.809890	3	34	120	1077.422
-2.879793	1.242974	-2.977882	20	35	4	1077.395
-2.356194	1.488617	1.159546	138	38	120	1077.293
-3.141593	2.138223	1.678323	130	46	133	1077.238
2.094395	0.992645	-1.723759	1	41	129	1077.086
-0.785398	1.732874	-0.951685	129	44	131	1077.060
1.832596	1.683268	0.374177	9	121	29	1077.053
-1.832596	0.571433	-1.188419	136	44	9	1076.783
-3.141593	1.506530	1.988858	116	39	0	1076.520
2.356194	1.756530	-2.105156	131	3	28	1076.442
-2.879793	1.014500	0.906702	134	48	11	1076.369
-1.047198	1.113094	-0.272241	13	37	132	1076.363
-0.523599	0.203748	0.590255	16	32	131	1075.855
-0.523599	2.153910	-1.714959	29	3	125	1075.767
-3.141593	1.256302	0.062705	130	46	13	1075.549
1.047198	0.591903	2.010408	139	35	121	1075.277
2.879793	1.025536	1.576859	111	30	2	1075.218
-1.832596	0.674054	1.013609	122	42	137	1074.994
1.832596	1.574060	2.783565	136	35	119	1074.809
1.047198	2.104282	-0.813972	135	40	15	1074.715
2.356194	0.571433	-1.188419	117	41	8	1074.615
-3.141593	0.618092	2.539118	119	41	131	1074.609
1.308997	1.450119	-2.739050	119	46	6	1074.543
-2.356194	1.741644	-2.695914	111	38	5	1074.486
-1.570796	2.455966	-0.641220	121	48	3	1074.461
0.261799	0.619654	-2.216909	0	118	22	1074.242
0.523599	0.700570	1.559208	138	33	119	1074.238
-2.879793	0.418037	1.360082	120	12	116	1074.184
0.000000	0.929350	-2.910676	123	46	133	1073.976
1.047198	1.869911	2.701025	106	27	127	1073.963
0.000000	2.104282	-0.813972	118	46	131	1073.890
1.047198	1.134796	2.434290	8	45	131	1073.867
1.047198	2.588535	-2.976617	128	47	11	1073.779
-0.523599	1.195355	1.200319	130	44	135	1073.568
-0.785398	0.496451	0.593859	0	49	138	1073.533
-2.617994	0.992645	-1.723759	119	40	15	1073.457
1.308997	0.290380	-0.796960	126	36	122	1073.420
2.356194	2.704512	1.488683	5	36	122	1073.371
-2.094395	2.247462	0.191623	34	131	129	1073.130
-0.261799	1.335669	0.897240	120	44	137	1072.924
-2.356194	1.554776	0.100351	131	48	1	1072.921
0.785398	1.824694	1.850876	125	42	136	1072.873
-1.047198	1.846342	-1.796954	112	34	137	1072.757
-2.356194	2.349581	-2.702517	2	28	117	1072.730
0.261799	2.587733	0.232235	118	37	3	1072.721
1.570796	0.914445	2.687814	131	47	10	1072.495
0.261799	1.134796	2.434290	135	44	138	1072.400
0.785398	1.998705	2.370472	12	43	131	1071.887
-2.094395	1.025536	1.576859	32	131	128	1071.480
-2.094395	0.496451	0.593859	134	137	25	1071.309
-0.785398	1.872854	1.543456	113	42	7	1071.290
-1.570796	2.174483	2.653697	119	37	132	1071.289
-0.785398	2.984978	1.954446	121	46	8	1071.247
-1.832596	0.709924	0.218797	136	13	110	1071.229
0.523599	1.448123	-2.163292	106	27	9	1071.183
-1.308997	1.875281	0.107086	16	21	120	1071.182
1.570796	2.719179	-1.780644	124	47	5	1071.169
-1.047198	1.014500	0.906702	127	133	22	1071.051
-1.308997	0.866955	-0.931351	110	29	135	1070.905
0.261799	0.866395	-2.492918	131	41	16	1070.857
1.047198	0.203748	0.590255	107	28	11	1070.849
-2.356194	1.195355	1.200319	132	41	121	1070.756
0.785398	1.545873	-1.877082	127	45	15	1070.695
-2.879793	1.554776	0.100351	3	138	29	1070.562
1.570796	2.180315	-1.357379	1	139	29	1070.451
1.570796	1.555207	1.708892	139	43	130	1070.385
1.832596	1.982574	-1.115518	138	133	27	1070.367
-0.523599	2.343981	-1.040456	110	30	10	1070.257
2.356194	2.719179	-1.780644	129	44	129	1070.190
-0.261799	1.977582	0.969896	137	42	126	1070.141
-0.261799	0.615174	-0.666022	15	42	139	1069.961
2.879793	1.367556	0.358405	2	128	26	1069.781
-2.617994	2.174483	2.653697	5	34	116	1069.773
1.047198	2.393226	1.857173	30	3	126	1069.721
2.617994	1.256302	0.062705	134	45	10	1069.703
2.879793	1.128190	-2.288622	134	40	122	1069.348
-1.047198	1.766067	2.153843	109	32	0	1069.013
0.000000	0.379747	-1.713059	121	30	117	1068.998
-2.879793	1.301460	-0.509251	122	116	8	1068.953
-3.141593	2.637879	2.121598	0	39	125	1068.906
