160	1.2	0
-2.356194	0.674054	1.013609
0.000000	0.000000	0.000000
receptor_blocked.pdb	2.488	-1.276	-5.592
ligand_surface.pdb	15.294	-2.125	34.964
-2.356194	1.325504	-1.671296	146	157	48	597.519
-2.094395	1.194549	-0.801900	2	6	56	585.147
-0.785398	1.325504	-1.671296	6	145	47	576.115
-0.261799	0.992645	-1.723759	156	21	51	570.551
0.000000	1.448123	-2.163292	6	6	57	561.459
1.047198	1.214854	-1.966664	17	17	43	557.470
0.261799	0.899350	-2.069907	156	21	51	556.693
-2.094395	1.836682	-0.676006	149	17	51	546.324
0.000000	1.545873	-1.877082	157	3	57	544.247
0.000000	1.214854	-1.966664	158	15	56	542.982
-1.047198	1.696674	-1.253233	158	6	48	540.839
-2.617994	1.325504	-1.671296	144	1	48	539.117
-1.832596	1.696674	-1.253233	6	15	49	525.369
0.785398	1.214854	-1.966664	21	13	43	523.136
-0.261799	1.214854	-1.966664	2	15	56	522.960
-1.832596	1.134497	-1.109631	1	158	56	520.970
-0.261799	1.545873	-1.877082	159	4	57	514.375
-0.523599	0.685216	-1.712745	4	27	45	506.580
-0.261799	1.325504	-1.671296	20	152	48	505.738
-2.879793	1.413347	-1.339188	155	7	50	504.783
-2.094395	0.960688	-0.577532	9	8	54	502.425
-3.141593	1.696674	-1.253233	10	1	48	501.527
-1.047198	2.587733	0.232235	10	144	60	501.095
-2.617994	1.732874	-0.951685	155	16	52	500.850
-0.261799	1.904882	-1.478089	148	158	53	500.639
0.000000	1.756530	-2.105156	4	157	58	499.838
1.047198	1.545873	-1.877082	0	7	54	498.228
-0.785398	2.863997	0.549740	0	142	58	498.112
0.000000	1.904882	-1.478089	149	154	53	496.571
-1.308997	2.063651	-2.044600	152	150	50	495.855
0.000000	1.846342	-1.796954	158	155	56	491.154
-1.047198	1.135834	-1.431087	2	154	50	490.925
-2.879793	0.906588	1.252948	28	17	34	490.699
-2.356194	1.836682	-0.676006	153	19	51	488.941
2.617994	1.904882	-1.478089	154	26	46	486.561
-3.141593	2.180315	-1.357379	26	13	48	486.003
2.617994	1.135834	-1.431087	156	0	50	485.759
-0.261799	1.448123	-2.163292	7	5	58	485.549
-2.879793	2.104282	-0.813972	148	154	39	484.174
-0.785398	0.685216	-1.712745	19	154	48	483.821
0.523599	1.214854	-1.966664	4	12	51	482.817
-0.523599	0.992645	-1.723759	1	21	51	482.668
-0.785398	1.413347	-1.339188	1	7	48	482.599
1.570796	1.134497	-1.109631	3	3	52	481.907
-0.261799	1.846342	-1.796954	155	157	56	481.418
1.832596	1.374601	-2.456031	12	19	47	479.123
-3.141593	1.135834	-1.431087	154	3	50	477.791
-1.570796	0.571433	-1.188419	17	1	49	477.529
0.000000	1.128190	-2.288622	10	15	54	476.159
-2.617994	1.413347	-1.339188	150	5	52	476.063
-1.570796	0.850607	-1.335383	11	159	50	475.604
0.261799	1.214854	-1.966664	156	12	56	475.108
-2.356194	0.864993	2.278281	12	156	61	475.009
-2.617994	1.214854	-1.966664	140	158	43	474.838
0.000000	0.899350	-2.069907	2	22	50	473.459
-1.308997	1.617114	-1.572037	4	6	51	472.660
-1.308997	1.756530	-2.105156	0	152	53	472.415
0.000000	1.569311	-3.003978	149	152	51	472.042
0.523599	1.433411	-1.035986	144	0	45	470.766
0.261799	1.569311	-3.003978	153	148	50	470.201
0.261799	1.448123	-2.163292	4	7	58	468.376
-1.832596	1.433411	-1.035986	154	2	56	468.231
-2.879793	1.325504	-1.671296	144	6	47	467.333
2.094395	0.458961	-0.107937	18	156	56	466.914
2.356194	1.617114	-1.572037	155	24	48	466.748
-3.141593	1.256302	0.062705	152	144	46	466.437
0.785398	0.496451	0.593859	12	5	46	466.380
0.000000	0.992645	-1.723759	159	0	53	465.961
1.047198	1.448123	-2.163292	2	14	53	465.455
0.000000	1.617114	-1.572037	13	149	44	464.704
0.000000	1.135834	-1.431087	153	155	52	464.580
2.356194	1.904882	-1.478089	0	27	45	464.360
-0.261799	1.135834	-1.431087	153	158	50	463.421
-1.570796	1.214854	-1.966664	13	1	55	462.483
2.356194	1.545873	-1.877082	139	3	47	462.304
-2.356194	1.433411	-1.035986	156	8	54	461.870
0.523599	1.128190	-2.288622	10	17	48	461.821
-1.308997	1.045978	0.343692	20	2	47	461.116
0.785398	0.866395	-2.492918	12	11	50	460.503
-0.523599	1.413347	-1.339188	149	14	52	459.710
-1.047198	0.591903	2.010408	17	153	60	459.191
-0.261799	0.685216	-1.712745	158	27	45	459.030
1.047198	1.413347	-1.339188	151	0	47	458.068
1.047198	0.961715	0.014085	159	154	54	458.048
-1.832596	1.194549	-0.801900	1	6	56	457.459
2.094395	1.135834	-1.431087	158	12	51	456.857
-1.308997	0.850607	-1.335383	11	156	53	456.392
-2.356194	1.135834	-1.431087	152	152	54	456.323
-2.617994	2.187132	-0.479875	12	13	50	455.292
-3.141593	1.413347	-1.339188	9	156	48	455.254
1.047198	1.025536	1.576859	10	116	20	454.961
1.047198	1.325504	-1.671296	16	13	48	453.606
-1.047198	1.325504	-1.671296	2	148	47	453.130
-3.141593	1.045978	0.343692	16	159	52	452.996
-2.356194	2.724429	-0.348782	10	151	47	452.470
1.832596	1.135834	-1.431087	1	12	51	452.332
0.523599	1.325504	-1.671296	154	10	52	452.129
-2.356194	1.448123	-2.163292	139	155	38	451.993
-2.356194	1.194549	-0.801900	3	7	55	451.615
-1.570796	0.831641	0.616218	17	9	42	451.549
1.832596	2.073035	2.027405	155	137	53	451.532
-1.832596	1.413347	-1.339188	11	11	50	451.135
-2.356194	1.732874	-0.951685	149	13	53	450.895
-1.832596	1.909857	-0.381669	148	22	47	450.021
-2.094395	1.433411	-1.035986	154	5	56	449.916
-1.047198	1.168678	2.108595	33	14	27	449.660
-1.047198	1.413347	-1.339188	5	8	49	449.410
-1.308997	0.831641	0.616218	17	12	43	449.089
1.308997	1.448123	-2.163292	157	13	54	447.419
2.617994	2.180315	-1.357379	4	8	51	447.262
1.047198	0.929350	-2.910676	18	15	46	446.882
0.000000	2.073035	2.027405	27	13	34	446.449
1.832596	0.458961	-0.107937	17	153	56	446.206
-0.785398	0.992645	-1.723759	9	152	49	446.117
0.523599	0.899350	-2.069907	5	4	54	445.727
0.785398	0.899350	-2.069907	145	16	50	445.640
-2.094395	1.510910	-0.740472	16	3	51	445.472
0.261799	1.413347	-1.339188	151	6	48	445.443
0.261799	1.904882	-1.478089	152	151	53	444.571
-2.094395	2.984978	1.954446	155	123	25	444.448
1.047198	1.554776	0.100351	11	147	49	444.421
-2.879793	1.982574	-1.115518	28	14	43	444.334
-2.879793	1.135834	-1.431087	152	2	51	443.879
-0.785398	0.709924	0.218797	17	13	40	443.820
2.879793	1.134497	-1.109631	17	147	46	443.181
0.261799	1.741644	-2.695914	148	144	43	443.107
-2.356194	0.700570	1.559208	3	4	51	442.932
0.261799	1.433411	-1.035986	145	4	44	442.229
1.308997	1.135813	-2.658866	16	16	46	442.157
2.094395	1.134497	-1.109631	9	132	42	441.468
-2.879793	1.448123	-2.163292	25	18	35	441.409
-1.047198	1.214854	-1.966664	9	143	47	440.803
-1.832596	0.866955	-0.931351	9	159	56	440.803
0.785398	1.545873	-1.877082	0	7	55	440.066
0.261799	1.301460	-0.509251	19	21	37	439.986
-2.879793	2.979456	-1.009304	5	153	48	439.818
2.879793	2.180315	-1.357379	3	9	51	439.626
-1.047198	0.992645	-1.723759	10	150	49	438.762
0.261799	1.128190	-2.288622	6	16	54	438.575
-1.308997	2.174483	2.653697	12	11	46	438.211
2.617994	1.545873	-1.877082	141	159	47	438.166
1.308997	1.214854	-1.966664	13	21	44	437.904
2.356194	1.696674	-1.253233	20	146	48	437.726
-1.570796	1.545873	-1.877082	3	0	55	437.475
-1.832596	0.080730	-2.622036	3	149	56	437.101
-2.879793	1.335669	0.897240	17	10	44	437.003
-2.879793	1.433411	-1.035986	0	10	53	436.724
-2.356194	1.134497	-1.109631	158	1	56	436.544
0.000000	0.685216	-1.712745	1	8	53	436.485
0.261799	0.992645	-1.723759	159	159	54	436.275
-0.261799	1.756530	-2.105156	3	157	58	436.165
2.094395	2.063651	-2.044600	8	13	54	435.982
-3.141593	1.335669	0.897240	18	5	44	435.922
2.356194	1.014500	0.906702	18	149	43	434.988
2.617994	1.982574	-1.115518	3	24	49	434.837
1.047198	2.637879	2.121598	0	4	50	434.702
-1.308997	0.992645	-1.723759	9	152	49	434.696
-1.570796	2.153910	-1.714959	32	6	30	434.614
0.523599	1.413347	-1.339188	149	4	49	434.605
-2.617994	1.433411	-1.035986	157	8	54	434.539
-1.308997	2.164094	-2.991358	14	15	41	434.159
-0.523599	1.617114	-1.572037	13	144	48	433.965
-2.879793	2.001437	0.381215	1	2	53	433.878
2.879793	1.809167	1.213774	32	6	29	433.849
0.261799	1.325504	-1.671296	158	11	48	433.567
-0.523599	1.545873	-1.877082	159	5	58	433.455
0.000000	2.984978	1.954446	3	157	49	433.180
2.356194	2.379497	0.561089	18	10	49	432.805
-0.523599	1.214854	-1.966664	6	14	56	431.869
1.308997	1.325504	-1.671296	12	15	48	431.272
-0.523599	2.478122	2.609777	18	147	42	430.806
0.000000	1.870545	-2.976234	147	147	47	430.453
0.261799	1.756530	-2.105156	5	157	57	430.407
-0.785398	1.982574	-1.115518	23	12	40	430.363
-1.308997	1.569311	-3.003978	36	10	23	430.347
1.308997	1.413347	-1.339188	12	10	52	430.086
2.617994	1.555207	1.708892	29	12	31	429.778
-2.356194	2.637879	2.121598	146	135	32	429.445
-2.356194	1.413347	-1.339188	151	3	51	429.396
-0.261799	1.014500	0.906702	137	8	42	429.272
-2.879793	1.195355	1.200319	23	11	38	429.242
0.000000	1.440580	2.260026	32	12	26	429.136
2.356194	1.413347	-1.339188	15	144	48	428.824
1.308997	1.756530	-2.105156	5	9	55	428.438
-0.523599	0.850607	-1.335383	153	26	45	428.309
-0.261799	1.617114	-1.572037	151	4	55	428.240
0.523599	1.168678	2.108595	143	157	43	427.999
-1.047198	1.045978	0.343692	19	7	47	427.785
0.261799	2.073035	2.027405	26	16	34	427.681
-0.523599	1.310100	1.488307	26	18	35	427.665
-2.617994	1.510910	-0.740472	4	14	53	427.304
-2.094395	0.992645	-1.723759	152	144	51	427.215
2.617994	1.696674	-1.253233	157	20	52	427.151
-1.047198	2.724429	-0.348782	2	7	52	426.967
-2.617994	1.367556	0.358405	7	148	50	426.873
-1.308997	1.413347	-1.339188	7	11	49	426.613
-1.047198	2.719179	-1.780644	13	15	45	426.582
-1.308997	1.135834	-1.431087	6	148	53	426.279
-1.832596	1.301460	-0.509251	0	16	53	425.794
-0.523599	1.904882	-1.478089	148	2	54	425.687
-1.570796	1.448123	-2.163292	6	155	57	425.442
-2.879793	2.180315	-1.357379	9	18	50	425.158
1.570796	1.045978	0.343692	13	17	41	424.967
-1.308997	1.134497	-1.109631	5	156	56	424.479
-0.523599	1.696674	-1.253233	5	146	51	423.141
0.261799	2.637879	2.121598	1	5	49	422.948
-1.832596	2.251330	-2.330739	23	5	39	422.863
-2.094395	1.301460	-0.509251	3	15	53	422.712
-2.879793	2.343981	-1.040456	0	12	53	422.218
-1.570796	1.135834	-1.431087	2	148	54	422.045
-2.094395	1.606104	-0.451151	0	20	52	421.991
-2.094395	1.135834	-1.431087	21	7	51	421.823
2.356194	2.881233	-2.582574	20	22	41	421.168
-2.879793	1.732874	-0.951685	16	3	46	421.108
2.617994	0.290380	-0.796960	10	156	58	420.975
0.000000	1.325504	-1.671296	153	9	55	420.248
0.261799	1.135834	-1.431087	152	13	46	420.160
-0.523599	1.872854	1.543456	31	12	31	420.016
2.879793	0.914445	2.687814	14	153	61	419.973
0.000000	0.619654	-2.216909	7	28	45	419.918
-0.523599	1.325504	-1.671296	155	15	55	419.621
-0.523599	2.180315	-1.357379	143	159	50	419.533
0.785398	1.325504	-1.671296	18	10	48	419.386
-2.094395	1.909857	-0.381669	152	23	48	419.255
-2.617994	1.335669	0.897240	17	12	42	419.127
-1.832596	1.325504	-1.671296	12	5	55	419.118
0.523599	0.709924	0.218797	20	159	43	418.941
-2.617994	1.617114	-1.572037	143	7	47	418.918
0.261799	1.545873	-1.877082	157	3	57	418.896
-1.308997	1.662363	0.915448	155	128	37	418.664
-2.617994	1.696674	-1.253233	148	12	50	418.180
1.570796	1.948085	-2.363031	159	152	52	417.960
0.785398	1.168678	2.108595	144	153	43	417.956
-1.308997	2.033014	2.977192	15	15	42	417.495
-1.308997	2.881233	-2.582574	7	143	54	417.453
1.570796	1.135834	-1.431087	3	14	51	417.041
2.879793	1.488617	1.159546	31	5	34	416.936
2.879793	1.982574	-1.115518	157	23	49	416.824
1.308997	1.374601	-2.456031	19	12	47	416.586
0.000000	1.696674	-1.253233	145	0	51	416.499
0.785398	1.413347	-1.339188	148	0	49	416.290
-1.047198	1.025536	1.576859	6	13	46	416.272
-2.356194	0.992645	-1.723759	149	146	50	416.217
-0.261799	0.850607	-1.335383	154	5	53	416.097
0.785398	0.203748	0.590255	5	147	56	416.083
2.879793	1.413347	-1.339188	148	151	49	415.969
0.523599	0.866395	-2.492918	12	7	52	414.963
0.000000	0.831641	0.616218	142	9	47	414.861
0.523599	0.619654	-2.216909	5	11	53	414.562
0.261799	2.760637	2.781135	0	9	49	414.450
0.000000	1.256302	0.062705	158	159	54	413.930
-3.141593	2.104282	-0.813972	139	156	39	413.745
-3.141593	1.367556	0.358405	16	7	51	413.292
-2.879793	1.696674	-1.253233	9	2	48	413.239
-1.047198	0.685216	-1.712745	17	152	49	412.899
-3.141593	0.831641	0.616218	147	12	46	412.854
2.094395	1.433411	-1.035986	15	134	42	412.484
2.879793	0.618092	2.539118	7	144	60	412.308
-0.261799	0.203748	0.590255	12	1	47	411.995
2.094395	1.617114	-1.572037	0	25	48	411.830
0.261799	1.982574	-1.115518	150	140	43	411.560
-1.570796	1.870545	-2.976234	21	11	36	411.281
-1.570796	1.617114	-1.572037	2	7	53	411.168
1.832596	1.413347	-1.339188	8	13	51	411.159
-1.308997	1.545873	-1.877082	7	0	53	411.035
1.308997	1.545873	-1.877082	157	4	56	410.708
2.356194	2.343981	-1.040456	28	157	42	410.398
1.832596	1.699788	2.452890	147	131	37	409.963
-2.617994	0.899350	-2.069907	139	154	43	409.936
-0.261799	0.899350	-2.069907	8	19	52	409.503
-0.785398	1.367556	0.358405	150	7	51	409.391
2.617994	1.617114	-1.572037	150	22	48	409.353
1.308997	1.128190	-2.288622	12	11	51	409.309
-2.356194	2.299159	2.264663	146	136	32	408.872
-1.047198	1.699788	2.452890	8	19	44	408.660
2.094395	1.699788	2.452890	155	128	37	408.549
1.047198	1.504028	0.636812	159	138	45	408.385
-2.617994	1.982574	-1.115518	25	19	44	408.315
-1.570796	1.134497	-1.109631	4	156	57	408.297
0.523599	1.741644	-2.695914	152	141	43	408.197
-1.570796	0.496451	0.593859	15	20	45	408.139
1.570796	2.704512	1.488683	34	22	24	408.051
0.523599	1.998705	2.370472	22	12	38	408.014
1.047198	1.606104	-0.451151	10	24	41	407.604
0.000000	0.961715	0.014085	15	24	42	407.556
2.879793	1.256302	0.062705	148	146	45	407.552
-1.570796	0.960688	-0.577532	7	13	54	407.293
1.570796	1.367556	0.358405	21	14	35	407.273
2.356194	1.135834	-1.431087	158	3	50	406.900
0.523599	1.569311	-3.003978	157	146	50	406.814
-0.785398	1.696674	-1.253233	155	3	48	406.360
-2.356194	1.545873	-1.877082	140	158	42	406.138
0.000000	1.510910	-0.740472	27	15	35	406.066
2.094395	1.904882	-1.478089	7	27	46	405.969
0.261799	2.393226	1.857173	24	16	37	405.774
1.047198	0.640596	-2.797608	10	17	47	405.670
0.785398	0.831641	0.616218	17	6	46	405.540
-1.308997	1.904882	-1.478089	156	5	49	405.483
-3.141593	1.214854	-1.966664	146	148	43	405.460
-2.617994	0.992645	-1.723759	146	155	49	405.375
1.570796	1.135813	-2.658866	12	18	48	405.292
1.308997	1.554776	0.100351	15	148	49	405.223
1.047198	0.458961	-0.107937	18	11	44	405.109
2.617994	1.504028	0.636812	34	2	40	405.039
-1.570796	1.756530	-2.105156	157	154	54	405.035
0.000000	1.413347	-1.339188	144	10	52	404.968
-2.879793	0.700570	1.559208	4	3	50	404.643
-2.356194	1.214854	-1.966664	144	153	45	404.497
2.879793	1.904882	-1.478089	149	23	47	404.160
-2.356194	1.510910	-0.740472	0	14	55	404.073
-2.356194	1.617114	-1.572037	149	3	47	403.989
0.785398	0.619654	-2.216909	3	12	53	403.958
-2.094395	1.134497	-1.109631	23	13	45	403.752
2.356194	1.504028	0.636812	20	156	44	403.748
-2.879793	2.295480	1.008277	139	157	39	403.589
0.785398	1.617114	-1.572037	155	0	54	403.112
2.094395	1.948085	-2.363031	1	18	53	403.108
-0.523599	1.135834	-1.431087	153	19	51	402.897
1.047198	1.135834	-1.431087	8	11	52	402.833
2.617994	1.809167	1.213774	36	1	25	402.705
2.879793	1.433411	-1.035986	20	152	47	402.621
1.832596	1.135813	-2.658866	8	21	48	402.143
1.570796	1.448123	-2.163292	17	10	49	402.122
2.356194	1.812176	0.656819	35	157	36	402.108
-0.785398	1.135834	-1.431087	157	22	50	401.976
-1.570796	1.846342	-1.796954	156	1	53	401.818
-1.308997	1.433411	-1.035986	159	25	47	401.706
-2.617994	0.914445	2.687814	19	4	59	401.376
0.785398	0.458961	-0.107937	19	6	44	401.310
0.261799	0.619654	-2.216909	0	28	45	401.222
1.832596	0.762244	-0.273349	25	157	53	400.536
-1.308997	2.664082	-1.071402	13	7	50	400.483
-0.261799	1.413430	2.550734	33	4	34	400.483
0.261799	1.870545	-2.976234	153	144	48	400.291
-0.785398	2.379497	0.561089	11	153	62	400.064
2.094395	1.413347	-1.339188	10	141	48	399.873
0.000000	1.741644	-2.695914	145	149	43	399.804
-1.832596	1.448123	-2.163292	3	35	32	399.609
2.617994	0.618092	2.539118	3	144	60	399.230
2.879793	2.881233	-2.582574	8	23	43	399.114
-1.832596	1.756530	-2.105156	142	148	38	399.101
-2.094395	2.063651	-2.044600	27	2	38	398.997
-0.261799	1.413347	-1.339188	147	11	52	398.944
-3.141593	2.041297	-2.664597	23	18	40	397.798
1.047198	1.617114	-1.572037	21	10	49	397.756
-1.570796	1.433411	-1.035986	156	157	57	397.706
-3.141593	0.297065	2.160177	24	25	34	397.599
1.308997	2.637879	2.121598	140	38	132	397.395
-3.141593	2.404280	-0.174044	147	9	50	397.360
1.832596	2.407836	1.410646	144	141	39	397.279
-2.879793	2.719179	-1.780644	17	20	44	397.075
-0.523599	1.574060	2.783565	28	0	39	397.029
1.308997	1.301460	-0.509251	1	152	56	396.712
1.570796	1.545873	-1.877082	19	3	49	396.681
1.570796	0.419640	2.974122	8	154	47	396.643
-2.879793	2.251330	-2.330739	25	23	29	396.391
1.570796	1.128190	-2.288622	10	13	52	396.359
1.308997	2.033014	2.977192	6	10	49	396.306
1.308997	0.203748	0.590255	12	147	55	396.265
-1.047198	2.180315	-1.357379	147	158	44	396.232
1.308997	2.063651	-2.044600	17	4	54	396.132
-0.785398	2.089241	-0.114193	39	158	46	396.095
0.785398	1.732874	-0.951685	145	145	46	396.035
-2.617994	1.025536	1.576859	9	157	48	395.929
2.879793	1.696674	-1.253233	152	18	52	395.694
-1.832596	1.545873	-1.877082	146	151	43	395.470
-1.047198	2.164094	-2.991358	11	19	41	395.413
1.570796	2.393226	1.857173	0	143	59	395.398
2.356194	2.063651	-2.044600	6	15	54	395.274
-1.308997	1.846342	-1.796954	155	0	53	395.052
2.617994	0.850607	-1.335383	154	149	49	394.750
-1.570796	0.674054	1.013609	5	26	40	394.609
-2.094395	1.732874	-0.951685	147	9	54	394.525
0.785398	1.433411	-1.035986	143	156	43	394.480
-3.141593	1.014500	0.906702	18	159	45	394.423
0.261799	1.617114	-1.572037	152	158	55	394.390
1.047198	0.203748	0.590255	7	147	55	394.357
-1.832596	1.606104	-0.451151	153	19	51	394.270
2.879793	2.592629	0.909713	5	127	40	394.188
-1.832596	2.174483	2.653697	1	14	47	393.806
1.570796	2.180315	-1.357379	7	4	55	393.788
1.570796	1.325504	-1.671296	8	14	48	393.335
-1.308997	2.396274	-1.959260	20	14	40	393.095
1.832596	1.448123	-2.163292	14	13	50	393.054
-0.261799	1.696674	-1.253233	145	5	52	392.952
0.261799	2.881233	-2.582574	5	139	42	392.662
-2.879793	1.812176	0.656819	10	0	55	392.212
1.570796	1.413347	-1.339188	10	12	51	392.203
-0.261799	2.180315	-1.357379	144	153	50	392.124
0.523599	1.448123	-2.163292	159	9	58	392.060
-1.308997	1.977582	0.969896	153	128	33	391.960
1.570796	1.374601	-2.456031	16	16	47	391.875
1.570796	1.194549	-0.801900	0	154	54	391.782
2.617994	1.599406	1.426070	4	2	51	391.652
0.000000	1.450119	-2.739050	144	153	47	391.633
0.261799	1.846342	-1.796954	159	154	56	391.447
1.570796	1.450119	-2.739050	18	19	43	391.375
2.094395	0.419640	2.974122	33	20	29	391.342
2.617994	0.899350	-2.069907	20	14	41	391.284
-2.879793	2.108018	1.311430	133	17	40	391.170
0.000000	0.418037	1.360082	1	140	51	391.152
-0.261799	2.863997	0.549740	9	143	59	391.116
-2.617994	1.135834	-1.431087	151	156	54	390.930
0.785398	0.906588	1.252948	155	12	47	390.619
2.356194	0.290380	-0.796960	8	155	58	390.606
-2.617994	1.545873	-1.877082	139	3	42	390.484
-1.308997	1.247695	1.809890	27	21	39	390.461
1.308997	2.455966	-0.641220	8	1	51	390.389
2.094395	0.674054	1.013609	13	143	43	390.340
2.879793	1.014500	0.906702	153	17	47	389.995
0.261799	1.135813	-2.658866	21	17	46	389.994
0.000000	1.301460	-0.509251	25	17	37	389.984
1.832596	1.683268	0.374177	149	3	55	389.892
-2.356194	1.301460	-0.509251	6	15	53	389.874
-2.879793	1.766067	2.153843	12	22	43	389.542
0.261799	2.984978	1.954446	6	157	49	389.372
-0.261799	1.391910	3.030322	157	1	55	389.215
0.261799	1.606104	-0.451151	18	18	42	388.877
2.617994	1.184361	0.625864	20	154	47	388.379
0.261799	1.555207	1.708892	16	156	56	388.149
0.523599	1.909857	-0.381669	0	14	45	388.006
2.094395	1.374601	-2.456031	9	22	47	387.849
-1.832596	1.617114	-1.572037	6	8	52	387.569
0.523599	1.662363	0.915448	148	137	36	387.523
-2.356194	0.960688	-0.577532	13	7	54	387.449
-2.094395	1.413347	-1.339188	149	158	52	387.381
-2.879793	1.836682	-0.676006	150	152	39	387.373
1.047198	2.984978	1.954446	2	138	56	387.281
0.523599	1.617114	-1.572037	156	158	56	387.185
-2.879793	1.617114	-1.572037	144	11	47	387.072
1.570796	0.960688	-0.577532	147	132	30	387.046
0.261799	0.496451	0.593859	14	4	47	386.829
0.785398	1.135834	-1.431087	10	9	52	386.633
1.308997	1.367556	0.358405	10	144	48	386.371
2.617994	1.413347	-1.339188	152	150	49	386.324
-1.832596	0.864993	2.278281	35	19	22	386.278
0.261799	0.960688	-0.577532	21	24	31	386.257
1.308997	1.135834	-1.431087	6	12	51	386.255
-0.261799	0.615174	-0.666022	38	7	20	386.204
0.000000	1.606104	-0.451151	24	13	44	385.801
-0.523599	0.961715	0.014085	18	11	43	385.693
-2.094395	1.574060	2.783565	5	143	45	385.422
0.785398	0.709924	0.218797	20	4	43	385.260
-1.570796	1.696674	-1.253233	2	14	49	385.243
2.879793	2.041297	-2.664597	26	13	40	385.127
1.832596	1.325504	-1.671296	13	4	52	384.922
2.617994	2.637879	2.121598	17	34	34	384.826
-0.523599	1.448123	-2.163292	9	5	58	384.819
1.047198	1.756530	-2.105156	7	9	54	384.804
-1.047198	1.134497	-1.109631	7	157	56	384.607
2.094395	1.998705	2.370472	159	131	46	384.590
-2.094395	1.545873	-1.877082	5	142	46	384.430
-2.356194	1.218453	2.777284	6	142	43	384.291
-2.617994	1.836682	-0.676006	0	22	50	383.974
0.523599	1.982574	-1.115518	153	136	42	383.930
-0.523599	1.247695	1.809890	11	141	59	383.898
2.617994	2.138223	1.678323	11	138	56	383.528
-0.523599	0.496451	0.593859	154	22	43	383.342
0.261799	2.478122	2.609777	156	13	46	383.257
-3.141593	1.504028	0.636812	22	11	46	383.206
-1.570796	1.413347	-1.339188	9	13	50	383.191
-3.141593	0.674054	1.013609	154	15	45	383.091
0.523599	1.696674	-1.253233	149	153	52	382.917
2.879793	1.325504	-1.671296	142	13	49	382.913
-1.308997	2.180315	-1.357379	31	9	31	382.885
-2.879793	1.510910	-0.740472	8	13	51	382.851
-0.261799	1.440580	2.260026	36	3	25	382.742
-2.879793	2.247462	0.191623	156	6	51	382.323
0.523599	1.555207	1.708892	18	1	56	382.149
-2.617994	0.961715	0.014085	11	0	55	382.002
-2.879793	1.214854	-1.966664	138	4	43	381.885
0.000000	0.674054	1.013609	10	0	50	381.667
1.047198	0.700570	1.559208	4	119	24	381.534
2.617994	0.640596	-2.797608	25	6	47	381.503
-1.047198	0.850607	-1.335383	14	156	53	381.357
0.785398	1.869911	2.701025	13	12	44	381.152
2.879793	1.184361	0.625864	22	159	47	381.002
-2.879793	2.138223	1.678323	25	151	56	380.955
-1.832596	2.579248	-2.364801	18	7	45	380.914
0.523599	0.929350	-2.910676	0	159	45	380.795
-2.879793	0.496451	0.593859	156	154	43	380.774
-0.523599	1.025536	1.576859	20	28	31	380.395
2.879793	2.108018	1.311430	12	144	60	380.226
2.617994	0.914445	2.687814	11	150	61	380.158
1.832596	1.617114	-1.572037	12	14	46	380.101
2.617994	0.418037	1.360082	159	11	48	379.981
2.356194	0.674054	1.013609	15	145	43	379.928
-3.141593	1.433411	-1.035986	18	154	45	379.922
-3.141593	1.448123	-2.163292	27	12	36	379.730
-1.308997	2.863997	0.549740	11	156	48	379.619
-1.832596	2.587733	0.232235	16	155	47	379.535
1.832596	0.571433	-1.188419	25	13	35	379.367
-2.879793	1.875281	0.107086	155	157	51	379.291
1.308997	1.504028	0.636812	5	138	45	379.190
0.261799	1.875281	0.107086	12	6	54	379.141
0.785398	0.866955	-0.931351	19	10	47	379.009
1.047198	1.194549	-0.801900	143	151	39	378.934
1.308997	1.948085	-2.363031	159	155	53	378.896
-1.308997	0.203748	0.590255	14	21	45	378.515
-2.094395	2.664082	-1.071402	38	7	8	378.467
2.879793	1.617114	-1.572037	146	18	48	377.981
2.356194	1.335669	0.897240	22	153	42	377.818
0.523599	2.637879	2.121598	2	3	49	377.800
-0.261799	0.709924	0.218797	16	25	38	377.758
-1.047198	0.831641	0.616218	7	19	43	377.751
0.000000	1.113094	-0.272241	17	24	36	377.601
-0.261799	0.496451	0.593859	13	156	48	377.470
-1.570796	2.579248	-2.364801	17	11	45	377.420
0.000000	2.356369	3.005869	16	151	46	377.252
-0.785398	0.379747	-1.713059	27	156	44	377.199
2.094395	2.704512	1.488683	16	147	60	377.079
2.094395	1.696674	-1.253233	17	141	47	376.996
0.000000	1.736875	3.023612	157	148	53	376.821
0.523599	1.869911	2.701025	19	15	44	376.790
-0.261799	1.836682	-0.676006	27	3	40	376.730
-1.832596	0.960688	-0.577532	8	10	55	376.713
-3.141593	2.349581	-2.702517	23	22	35	376.565
2.356194	0.496451	0.593859	4	10	51	376.472
-3.141593	1.741644	-2.695914	21	14	45	376.359
1.047198	1.948085	-2.363031	13	12	52	376.325
-2.094395	2.349581	-2.702517	20	2	43	376.286
-0.785398	1.599406	1.426070	157	4	51	376.253
2.356194	1.050534	3.042579	21	149	58	376.215
0.261799	1.247695	1.809890	21	152	58	376.182
2.879793	1.367556	0.358405	153	147	52	376.134
1.570796	2.637879	2.121598	135	36	132	376.070
-2.094395	1.214854	-1.966664	144	144	45	375.968
2.617994	1.488617	1.159546	157	131	50	375.853
-1.047198	1.617114	-1.572037	2	5	51	375.829
-0.523599	2.719179	-1.780644	6	151	57	375.815
1.047198	1.812176	0.656819	3	140	43	375.790
-3.141593	1.904882	-1.478089	5	6	50	375.739
-3.141593	1.662363	0.915448	19	9	40	375.591
-3.141593	2.187132	-0.479875	13	7	51	375.506
-3.141593	1.184361	0.625864	22	4	47	375.496
-0.261799	1.128190	-2.288622	17	14	51	375.367
-3.141593	1.658653	-2.409879	28	12	39	375.361
-3.141593	1.699788	2.452890	143	120	12	375.269
0.523599	0.640596	-2.797608	18	11	48	374.679
-2.879793	1.256302	0.062705	8	6	55	374.490
-1.308997	2.349581	-2.702517	32	150	37	374.390
-0.261799	1.045978	0.343692	13	149	43	374.210
-1.047198	2.033014	2.977192	12	17	41	374.082
-3.141593	0.906588	1.252948	156	18	45	374.030
0.785398	1.448123	-2.163292	158	7	58	373.897
1.047198	1.367556	0.358405	5	144	48	373.799
-2.617994	1.504028	0.636812	12	152	53	373.752
-2.356194	1.696674	-1.253233	144	6	52	373.716
2.356194	1.836682	-0.676006	14	11	54	373.684
-2.094395	0.418037	1.360082	14	26	37	373.671
-2.879793	2.349581	-2.702517	17	153	43	373.666
-1.570796	0.866955	-0.931351	10	4	54	373.298
-1.832596	1.214854	-1.966664	12	158	56	373.185
2.094395	1.325504	-1.671296	0	19	47	373.155
-2.094395	1.696674	-1.253233	9	14	49	372.826
2.094395	1.982574	-1.115518	16	149	48	372.815
-2.617994	0.906588	1.252948	24	23	35	372.705
-2.879793	1.948085	-2.363031	19	23	33	372.586
-2.094395	2.979456	-1.009304	5	135	53	372.563
-3.141593	1.836682	-0.676006	9	158	54	372.554
-2.879793	1.367556	0.358405	14	12	51	372.489
-0.523599	2.704512	1.488683	9	3	49	372.410
-3.141593	2.063651	-2.044600	34	10	26	372.231
2.356194	2.664082	-1.071402	31	2	38	372.192
-2.879793	1.417623	-0.202254	152	142	43	372.176
-0.261799	2.089241	-0.114193	17	155	51	372.140
-2.879793	2.115563	0.685730	6	9	55	372.093
2.094395	1.875281	0.107086	3	11	49	371.933
-1.308997	2.579248	-2.364801	14	10	47	371.775
1.570796	2.247462	0.191623	38	148	31	371.742
-1.047198	2.356369	3.005869	7	15	46	371.595
2.356194	2.587733	0.232235	21	12	40	371.571
-2.356194	1.658653	-2.409879	16	20	40	371.509
-2.879793	2.063651	-2.044600	31	16	26	371.448
1.832596	2.393226	1.857173	4	142	59	371.447
-2.094395	1.756530	-2.105156	31	0	33	371.351
-2.879793	1.413430	2.550734	159	125	29	370.829
-0.261799	2.881233	-2.582574	14	147	55	370.765
1.832596	1.909857	-0.381669	148	22	47	370.505
-0.785398	2.104282	-0.813972	6	27	48	370.460
-0.261799	1.683268	0.374177	146	152	48	370.284
0.000000	2.164094	-2.991358	150	141	44	370.223
2.356194	1.846342	-1.796954	145	6	51	370.188
2.356194	1.683268	0.374177	31	0	44	370.099
0.523599	1.301460	-0.509251	14	25	38	370.023
2.094395	2.247462	0.191623	11	14	48	369.996
-2.879793	1.658653	-2.409879	25	18	39	369.883
2.356194	1.948085	-2.363031	157	18	53	369.876
-1.047198	0.203748	0.590255	20	17	33	369.714
-0.785398	1.440580	2.260026	40	155	24	369.384
1.047198	1.846342	-1.796954	23	151	45	369.194
-1.308997	0.571433	-1.188419	19	157	51	369.178
0.523599	1.391910	3.030322	158	156	55	369.108
-3.141593	1.617114	-1.572037	3	1	50	369.093
2.094395	1.128190	-2.288622	5	18	51	369.068
-0.261799	0.961715	0.014085	10	8	45	368.927
-2.617994	2.251330	-2.330739	20	27	31	368.924
-2.617994	1.948085	-2.363031	13	27	33	368.764
-1.570796	2.174483	2.653697	14	8	46	368.665
-0.785398	2.001437	0.381215	24	0	58	368.605
-1.832596	1.836682	-0.676006	146	14	51	368.470
1.832596	1.194549	-0.801900	1	153	54	368.412
0.261799	2.379497	0.561089	17	3	60	368.355
-1.832596	1.135834	-1.431087	158	151	54	368.340
1.047198	2.041297	-2.664597	6	141	44	368.237
-1.047198	0.674054	1.013609	141	24	44	368.229
0.523599	2.174483	2.653697	2	34	40	368.204
1.047198	1.433411	-1.035986	150	152	45	368.114
-2.094395	0.961715	0.014085	9	6	55	368.055
-2.617994	1.014500	0.906702	24	19	41	368.008
-2.617994	1.683268	0.374177	4	153	54	367.863
-0.261799	1.982574	-1.115518	158	6	55	367.833
0.523599	2.356369	3.005869	15	157	48	367.825
0.785398	1.504028	0.636812	157	152	47	367.813
-0.523599	0.419640	2.974122	28	4	40	367.613
2.879793	0.700570	1.559208	1	12	49	367.463
0.261799	0.762244	-0.273349	16	29	33	367.455
-2.094395	1.325504	-1.671296	147	148	50	367.342
-0.523599	0.914445	2.687814	28	11	32	367.272
1.308997	1.134497	-1.109631	0	4	54	367.216
2.356194	0.831641	0.616218	10	16	47	367.041
1.570796	1.766067	2.153843	143	139	45	367.019
0.523599	1.545873	-1.877082	155	1	57	366.851
2.094395	0.850607	-1.335383	155	157	49	366.804
-0.261799	1.301460	-0.509251	32	8	38	366.702
0.523599	2.393226	1.857173	1	9	49	366.698
2.094395	2.588535	-2.976617	26	2	40	366.668
-2.617994	1.812176	0.656819	7	0	55	366.551
1.832596	2.164094	-2.991358	18	156	45	366.474
0.000000	0.866395	-2.492918	18	21	44	366.465
0.785398	2.478122	2.609777	22	22	39	366.275
1.047198	1.128190	-2.288622	14	8	51	366.262
-2.617994	1.128190	-2.288622	134	158	37	366.113
0.261799	1.736875	3.023612	159	148	53	366.083
2.356194	2.588535	-2.976617	25	8	40	366.071
-1.832596	0.961715	0.014085	4	5	55	366.010
0.000000	1.824694	1.850876	30	12	29	365.992
0.261799	1.374601	-2.456031	42	154	26	365.963
-0.523599	1.982574	-1.115518	159	7	55	365.927
0.523599	0.992645	-1.723759	142	11	51	365.885
2.094395	2.089241	-0.114193	151	16	53	365.860
2.879793	1.732874	-0.951685	0	156	54	365.621
-2.094395	1.113094	-0.272241	29	10	37	365.592
1.308997	1.904882	-1.478089	12	142	49	365.519
0.000000	1.766067	2.153843	31	8	30	365.513
-1.308997	1.325504	-1.671296	15	150	49	365.348
0.785398	1.134497	-1.109631	137	156	46	364.866
-0.785398	2.396274	-1.959260	13	158	58	364.796
2.094395	1.809167	1.213774	27	16	38	364.765
-1.308997	1.195355	1.200319	0	133	51	364.702
-0.261799	2.704512	1.488683	8	3	49	364.660
-1.047198	0.496451	0.593859	19	17	37	364.644
-2.094395	1.617114	-1.572037	145	159	47	364.499
2.879793	1.824694	1.850876	152	2	50	364.473
0.523599	1.732874	-0.951685	146	149	46	364.445
-3.141593	1.732874	-0.951685	21	2	45	364.433
0.523599	2.704512	1.488683	159	146	60	364.403
0.000000	1.391910	3.030322	156	157	55	364.397
-3.141593	1.218453	2.777284	155	127	29	364.300
2.879793	0.850607	-1.335383	10	142	46	364.205
1.832596	1.904882	-1.478089	17	145	49	364.170
-0.261799	0.619654	-2.216909	13	26	45	364.156
0.785398	1.128190	-2.288622	7	18	48	364.130
-2.879793	1.184361	0.625864	20	10	47	364.068
0.523599	1.510910	-0.740472	139	156	40	363.854
2.617994	0.831641	0.616218	15	154	49	363.820
-2.094395	1.391910	3.030322	10	145	46	363.802
1.308997	0.961715	0.014085	1	154	54	363.753
-3.141593	0.591903	2.010408	156	144	59	363.606
-1.308997	1.214854	-1.966664	13	4	56	363.595
-2.094395	1.367556	0.358405	0	1	49	363.561
2.094395	0.379747	-1.713059	25	9	41	363.507
-0.785398	1.214854	-1.966664	155	150	53	363.238
2.094395	1.766067	2.153843	156	131	45	363.148
-2.617994	1.904882	-1.478089	5	15	54	363.033
-1.047198	1.904882	-1.478089	157	0	50	362.929
1.047198	1.014500	0.906702	158	15	46	362.921
1.308997	1.617114	-1.572037	18	13	48	362.857
2.879793	2.153910	-1.714959	18	13	53	362.780
-2.879793	1.045978	0.343692	17	4	52	362.729
1.047198	0.762244	-0.273349	25	5	39	362.719
1.308997	1.045978	0.343692	18	10	40	362.650
-2.879793	2.187132	-0.479875	14	10	50	362.632
1.308997	2.153910	-1.714959	17	155	52	362.492
2.356194	2.115563	0.685730	37	159	31	362.472
2.356194	2.180315	-1.357379	6	29	43	362.467
-2.879793	1.374601	-2.456031	23	14	44	362.166
2.094395	2.592629	0.909713	20	2	58	361.917
0.261799	1.836682	-0.676006	9	120	38	361.889
-0.785398	2.664082	-1.071402	35	158	49	361.845
1.570796	2.984978	1.954446	127	33	135	361.746
2.094395	2.108018	1.311430	31	16	31	361.723
-3.141593	1.982574	-1.115518	13	8	47	361.605
1.570796	1.335669	0.897240	13	35	40	361.475
1.570796	0.290380	-0.796960	18	13	43	361.393
-0.261799	0.762244	-0.273349	19	10	42	361.268
1.832596	1.168678	2.108595	140	137	34	361.228
-1.570796	1.510910	-0.740472	154	5	57	361.207
2.356194	2.187132	-0.479875	143	15	47	361.146
-1.047198	2.456751	-1.503343	19	15	40	361.042
1.308997	1.256302	0.062705	23	11	36	361.001
0.261799	1.113094	-0.272241	15	24	39	360.963
2.356194	0.297065	2.160177	5	0	49	360.955
-1.570796	1.875281	0.107086	1	152	53	360.945
-1.832596	2.299159	2.264663	158	131	34	360.884
-2.356194	0.418037	1.360082	20	24	36	360.754
-1.570796	0.591903	2.010408	17	150	60	360.743
1.570796	1.909857	-0.381669	153	158	49	360.736
0.523599	2.187132	-0.479875	5	10	47	360.675
-2.617994	1.374601	-2.456031	17	18	42	360.650
1.308997	2.251330	-2.330739	144	154	39	360.625
-1.570796	0.615174	-0.666022	15	10	51	360.512
-0.261799	2.174483	2.653697	22	158	45	360.509
2.879793	1.662363	0.915448	30	6	38	360.507
2.356194	2.396274	-1.959260	146	142	41	360.424
-2.617994	1.606104	-0.451151	24	5	45	360.413
0.000000	2.704512	1.488683	8	4	49	360.294
-1.570796	1.658653	-2.409879	153	32	38	360.271
-1.832596	1.510910	-0.740472	16	7	51	360.055
0.000000	0.496451	0.593859	13	159	47	359.990
-1.570796	1.683268	0.374177	5	159	54	359.862
0.000000	0.850607	-1.335383	26	3	52	359.840
-1.308997	1.869911	2.701025	16	35	35	359.825
-1.832596	2.456751	-1.503343	35	158	33	359.808
-2.094395	1.256302	0.062705	159	155	48	359.794
-1.570796	2.588535	-2.976617	29	147	39	359.780
1.832596	1.732874	-0.951685	9	144	47	359.752
-2.617994	0.700570	1.559208	34	12	25	359.700
1.308997	1.909857	-0.381669	152	1	48	359.315
0.261799	1.696674	-1.253233	145	156	51	359.246
2.094395	2.180315	-1.357379	11	13	50	359.077
-1.832596	2.979456	-1.009304	9	134	53	358.933
0.261799	0.866395	-2.492918	11	22	50	358.922
-3.141593	2.001437	0.381215	2	1	52	358.905
1.832596	1.998705	2.370472	151	133	46	358.884
-1.570796	2.063651	-2.044600	151	154	51	358.812
-0.261799	1.417623	-0.202254	19	12	44	358.722
1.832596	1.766067	2.153843	149	134	45	358.591
2.879793	2.104282	-0.813972	7	24	48	358.515
-3.141593	1.134497	-1.109631	22	148	45	358.502
1.832596	1.128190	-2.288622	7	15	52	358.396
0.785398	0.762244	-0.273349	25	2	39	358.379
-0.261799	1.658653	-2.409879	13	0	58	358.158
2.617994	1.391910	3.030322	149	138	35	357.966
-0.785398	1.875281	0.107086	30	0	53	357.782
0.000000	1.982574	-1.115518	140	156	48	357.721
1.047198	1.184361	0.625864	21	5	42	357.714
-2.617994	1.555207	1.708892	10	11	49	357.631
2.356194	1.756530	-2.105156	159	10	56	357.598
1.570796	0.203748	0.590255	15	151	55	357.515
1.570796	1.014500	0.906702	9	35	43	357.454
1.308997	2.187132	-0.479875	0	1	51	357.407
-0.785398	1.413430	2.550734	24	19	28	357.318
0.523599	1.135834	-1.431087	7	6	49	357.267
2.617994	2.396274	-1.959260	17	19	50	357.266
0.523599	1.113094	-0.272241	12	28	39	357.169
2.879793	1.448123	-2.163292	33	1	34	357.074
-0.523599	2.089241	-0.114193	37	5	46	357.023
-0.261799	1.113094	-0.272241	27	121	24	356.906
-2.879793	1.134796	2.434290	11	3	61	356.903
-1.570796	1.014500	0.906702	151	24	43	356.836
0.523599	1.135813	-2.658866	158	154	43	356.757
-1.308997	1.194549	-0.801900	2	4	58	356.632
0.261799	0.203748	0.590255	13	9	48	356.589
-1.047198	1.194549	-0.801900	158	9	56	356.518
-1.570796	1.195355	1.200319	154	136	52	356.501
-1.570796	2.115563	0.685730	26	18	41	356.425
2.879793	0.080730	-2.622036	19	5	48	356.419
-2.879793	0.992645	-1.723759	156	153	47	356.381
-1.832596	1.721184	-0.153948	151	152	45	356.223
-2.617994	1.554776	0.100351	0	147	51	356.171
-1.308997	1.128190	-2.288622	16	156	53	356.012
2.094395	1.440580	2.260026	153	128	35	355.994
0.261799	0.831641	0.616218	16	157	46	355.952
1.308997	1.194549	-0.801900	159	156	54	355.947
0.000000	2.138223	1.678323	29	14	32	355.929
-0.261799	2.356369	3.005869	16	152	48	355.914
1.047198	2.760637	2.781135	20	21	42	355.760
1.570796	2.724429	-0.348782	35	4	34	355.532
2.094395	2.881233	-2.582574	20	21	44	355.529
2.094395	0.960688	-0.577532	29	4	48	355.280
-3.141593	0.419640	2.974122	18	5	51	355.165
2.356194	1.569311	-3.003978	0	119	20	355.136
-0.261799	2.984978	1.954446	2	3	50	355.108
-1.308997	1.050534	3.042579	5	15	57	355.024
-1.570796	1.325504	-1.671296	10	10	56	354.896
0.261799	0.961715	0.014085	158	5	54	354.890
1.047198	1.301460	-0.509251	140	141	33	354.636
-2.879793	1.134497	-1.109631	0	2	56	354.422
-2.617994	1.134497	-1.109631	158	1	55	354.420
2.356194	1.574060	2.783565	29	4	54	354.404
2.094395	2.073035	2.027405	0	135	53	354.321
-0.261799	1.450119	-2.739050	142	159	48	354.319
-1.308997	1.184361	0.625864	16	9	50	354.269
0.523599	1.658653	-2.409879	149	141	38	354.253
-1.308997	1.256302	0.062705	136	141	30	354.252
-2.094395	1.766067	2.153843	24	126	30	354.243
-2.356194	2.456751	-1.503343	38	13	7	354.238
-3.141593	1.488617	1.159546	10	134	52	354.171
0.785398	2.299159	2.264663	16	17	40	354.122
2.879793	1.606104	-0.451151	26	1	49	354.057
-1.570796	1.391910	3.030322	34	11	20	353.883
0.000000	1.555207	1.708892	144	29	49	353.775
-1.047198	1.367556	0.358405	13	4	52	353.702
2.356194	2.247462	0.191623	17	13	42	353.629
1.832596	1.982574	-1.115518	0	0	56	353.438
1.832596	2.984978	1.954446	124	28	135	353.415
0.785398	1.025536	1.576859	150	3	49	353.302
-2.617994	1.417623	-0.202254	154	142	46	353.170
-1.832596	1.732874	-0.951685	146	6	54	353.144
-2.617994	2.041297	-2.664597	13	27	41	353.094
-2.879793	0.850607	-1.335383	156	151	54	353.092
1.047198	1.335669	0.897240	156	136	40	353.088
-0.785398	1.417623	-0.202254	26	1	45	353.080
-1.308997	0.866955	-0.931351	9	6	54	353.030
-2.356194	1.909857	-0.381669	14	11	50	352.956
-0.785398	0.850607	-1.335383	159	27	45	352.924
-2.879793	1.683268	0.374177	1	153	56	352.821
0.000000	2.343981	-1.040456	141	150	44	352.801
-0.785398	1.699788	2.452890	22	19	37	352.693
0.785398	1.696674	-1.253233	149	149	52	352.693
0.523599	2.478122	2.609777	27	16	40	352.620
-0.261799	1.766067	2.153843	34	2	31	352.618
1.308997	1.113094	-0.272241	19	145	54	352.545
1.047198	0.866395	-2.492918	10	13	50	352.520
0.261799	1.417623	-0.202254	14	20	45	352.429
0.785398	1.247695	1.809890	149	158	48	352.318
2.356194	0.370812	-2.547742	10	122	30	352.023
1.832596	1.545873	-1.877082	19	7	50	351.815
0.000000	1.367556	0.358405	149	154	50	351.488
-2.094395	1.488617	1.159546	24	151	54	351.453
-2.356194	1.756530	-2.105156	158	7	58	351.420
2.879793	1.134796	2.434290	9	0	62	351.408
2.879793	1.554776	0.100351	148	155	52	351.374
1.308997	1.696674	-1.253233	152	140	52	351.336
-3.141593	2.164094	-2.991358	5	8	45	351.243
2.879793	0.866395	-2.492918	15	15	44	351.231
1.308997	2.404280	-0.174044	154	30	53	351.198
2.094395	1.846342	-1.796954	6	4	55	351.168
1.832596	2.404280	-0.174044	21	13	40	351.167
0.261799	2.104282	-0.813972	149	139	36	351.139
1.832596	0.850607	-1.335383	152	5	51	350.979
0.000000	1.721184	-0.153948	22	7	50	350.959
-0.261799	2.138223	1.678323	32	5	31	350.808
1.047198	0.992645	-1.723759	7	16	49	350.766
-0.261799	1.998705	2.370472	7	15	46	350.709
-0.523599	1.875281	0.107086	37	8	45	350.672
2.879793	0.674054	1.013609	0	12	48	350.658
0.523599	2.760637	2.781135	156	7	48	350.570
-1.832596	1.977582	0.969896	31	156	50	350.526
2.356194	1.809167	1.213774	157	137	56	350.524
2.617994	2.760637	2.781135	21	28	37	350.446
-3.141593	1.545873	-1.877082	138	14	43	350.385
-0.261799	1.606104	-0.451151	31	5	43	350.357
1.570796	1.184361	0.625864	15	36	34	350.275
2.879793	0.297065	2.160177	30	20	33	350.113
0.785398	2.407836	1.410646	30	9	40	350.078
-1.570796	1.736875	3.023612	10	144	47	349.998
2.356194	1.982574	-1.115518	8	23	49	349.950
-2.617994	2.001437	0.381215	0	1	54	349.923
-0.523599	2.592629	0.909713	29	151	41	349.887
1.047198	1.510910	-0.740472	143	141	40	349.869
2.617994	1.683268	0.374177	31	6	44	349.827
-0.523599	1.391910	3.030322	158	4	55	349.729
1.832596	1.195355	1.200319	40	1	34	349.516
1.308997	2.089241	-0.114193	6	19	52	349.450
-0.523599	1.440580	2.260026	40	158	24	349.435
2.879793	1.128190	-2.288622	27	1	42	349.376
-1.570796	2.033014	2.977192	3	141	47	349.259
1.308997	0.419640	2.974122	8	154	47	349.252
0.523599	2.164094	-2.991358	150	5	42	349.251
2.356194	0.850607	-1.335383	156	158	49	349.212
-0.523599	1.699788	2.452890	36	157	30	349.055
2.356194	1.218453	2.777284	22	157	59	349.042
0.785398	1.574060	2.783565	8	156	56	348.920
-1.047198	0.910508	1.903534	25	26	26	348.879
1.308997	0.700570	1.559208	12	119	24	348.746
0.261799	1.450119	-2.739050	149	149	47	348.727
2.356194	1.433411	-1.035986	19	135	43	348.657
0.785398	2.637879	2.121598	2	3	49	348.547
2.617994	1.812176	0.656819	23	3	41	348.515
0.785398	2.089241	-0.114193	157	6	45	348.507
2.356194	1.824694	1.850876	155	5	50	348.474
-2.094395	1.998705	2.370472	149	138	36	348.441
-1.308997	1.301460	-0.509251	15	23	42	348.325
-1.832596	1.870545	-2.976234	4	148	51	348.301
-2.879793	1.606104	-0.451151	41	1	26	348.189
-2.617994	2.138223	1.678323	150	159	49	348.153
-1.832596	0.992645	-1.723759	21	2	52	348.054
1.570796	1.510910	-0.740472	8	156	56	347.985
-3.141593	1.756530	-2.105156	34	7	30	347.809
-2.356194	1.045978	0.343692	5	157	48	347.774
-0.785398	1.872854	1.543456	37	18	10	347.704
0.000000	1.134497	-1.109631	147	153	50	347.599
-0.523599	2.115563	0.685730	14	2	61	347.558
-2.879793	1.545873	-1.877082	138	9	42	347.539
1.047198	2.592629	0.909713	36	18	20	347.509
0.261799	1.134497	-1.109631	136	8	46	347.466
0.261799	0.929350	-2.910676	2	1	45	347.448
1.308997	1.184361	0.625864	16	12	43	347.368
-2.617994	2.455966	-0.641220	6	17	50	347.314
1.832596	2.180315	-1.357379	16	155	50	347.193
-1.832596	1.904882	-1.478089	44	140	20	347.165
-0.785398	1.045978	0.343692	7	13	44	347.149
-3.141593	1.875281	0.107086	155	158	50	347.066
1.308997	1.450119	-2.739050	23	16	41	347.064
-1.832596	2.356369	3.005869	12	7	46	346.958
-0.523599	0.831641	0.616218	12	25	43	346.953
-1.047198	2.174483	2.653697	3	38	40	346.931
1.047198	0.709924	0.218797	18	3	45	346.912
-0.785398	1.909857	-0.381669	32	159	49	346.785
-2.617994	1.194549	-0.801900	8	3	57	346.692
0.261799	1.869911	2.701025	23	10	44	346.667
-1.047198	1.488617	1.159546	3	0	51	346.609
1.308997	0.831641	0.616218	150	142	47	346.523
1.308997	0.866395	-2.492918	8	15	51	346.510
1.308997	1.335669	0.897240	2	135	40	346.482
-1.570796	0.992645	-1.723759	18	8	53	346.430
-3.141593	2.343981	-1.040456	2	12	53	346.408
1.570796	1.683268	0.374177	151	6	54	346.370
-0.261799	1.872854	1.543456	33	11	25	346.297
-2.094395	2.033014	2.977192	39	11	31	346.266
-2.879793	2.041297	-2.664597	18	23	41	346.256
1.570796	1.214854	-1.966664	12	8	53	346.254
-0.261799	1.134497	-1.109631	146	157	50	346.206
1.308997	0.640596	-2.797608	8	19	49	346.200
-2.094395	1.904882	-1.478089	5	23	52	346.152
-2.094395	0.866955	-0.931351	10	159	56	346.016
-2.356194	1.417623	-0.202254	42	152	34	345.951
0.523599	1.812176	0.656819	151	137	41	345.886
-1.047198	1.554776	0.100351	12	156	52	345.863
0.000000	1.433411	-1.035986	145	147	45	345.758
-0.261799	0.458961	-0.107937	17	14	39	345.736
-1.047198	1.812176	0.656819	27	5	56	345.734
-1.570796	1.113094	-0.272241	159	158	54	345.707
1.832596	1.658653	-2.409879	19	19	45	345.653
2.094395	0.619654	-2.216909	17	122	27	345.625
-3.141593	1.909857	-0.381669	8	0	52	345.603
-1.570796	2.164094	-2.991358	18	11	41	345.596
-0.261799	2.104282	-0.813972	21	0	44	345.524
0.785398	1.510910	-0.740472	139	146	40	345.481
0.000000	0.762244	-0.273349	16	10	43	345.378
-2.617994	1.809167	1.213774	13	148	60	345.189
2.356194	0.700570	1.559208	24	12	49	345.173
1.832596	1.488617	1.159546	7	34	46	345.171
-0.785398	1.433411	-1.035986	28	16	39	345.165
2.094395	2.579248	-2.364801	147	144	46	345.145
-0.523599	2.138223	1.678323	26	10	36	345.119
1.047198	2.104282	-0.813972	158	154	54	345.111
-2.617994	1.135813	-2.658866	19	13	48	345.100
-0.785398	1.247695	1.809890	30	16	32	345.098
-3.141593	0.762244	-0.273349	33	11	33	345.065
-1.047198	1.440580	2.260026	31	16	32	344.987
2.617994	1.872854	1.543456	19	18	40	344.975
-2.356194	0.899350	-2.069907	157	0	54	344.940
1.047198	1.045978	0.343692	159	146	50	344.657
0.523599	0.615174	-0.666022	11	17	49	344.552
-3.141593	1.554776	0.100351	151	150	52	344.529
-1.308997	2.343981	-1.040456	21	10	47	344.510
-0.785398	0.961715	0.014085	21	6	44	344.461
0.000000	2.863997	0.549740	127	33	134	344.456
1.308997	1.433411	-1.035986	9	3	56	344.313
0.523599	0.960688	-0.577532	16	29	31	344.188
-1.047198	2.001437	0.381215	24	156	59	344.074
2.617994	1.977582	0.969896	38	2	26	344.066
0.523599	0.618092	2.539118	25	18	36	344.037
2.356194	0.992645	-1.723759	12	155	51	343.873
1.832596	1.756530	-2.105156	12	0	54	343.751
-1.047198	1.545873	-1.877082	5	159	54	343.735
-0.523599	0.866395	-2.492918	30	14	44	343.646
-2.094395	0.929350	-2.910676	146	143	44	343.645
-3.141593	1.948085	-2.363031	28	14	35	343.574
0.000000	1.417623	-0.202254	18	16	45	343.557
2.879793	1.909857	-0.381669	13	157	51	343.546
2.879793	1.335669	0.897240	19	1	44	343.475
1.308997	2.719179	-1.780644	27	15	39	343.448
-2.617994	1.301460	-0.509251	38	7	27	343.360
-0.261799	1.869911	2.701025	23	1	43	343.284
-2.617994	2.115563	0.685730	5	9	55	343.170
1.570796	1.433411	-1.035986	6	0	55	343.082
0.261799	0.685216	-1.712745	157	6	55	343.065
2.617994	1.014500	0.906702	20	151	43	343.064
2.879793	2.863997	0.549740	14	130	47	342.935
-1.047198	1.510910	-0.740472	150	6	55	342.882
1.047198	2.153910	-1.714959	11	14	49	342.881
-2.879793	1.554776	0.100351	155	147	52	342.793
-0.785398	2.588535	-2.976617	12	16	46	342.772
0.523599	1.247695	1.809890	23	157	58	342.742
-2.356194	1.310100	1.488307	123	9	124	342.689
2.617994	0.203748	0.590255	32	14	32	342.677
1.570796	1.875281	0.107086	155	13	54	342.551
-0.261799	1.736875	3.023612	155	152	53	342.537
0.785398	2.174483	2.653697	15	32	34	342.506
-1.570796	1.194549	-0.801900	1	7	56	342.505
-2.356194	1.134796	2.434290	149	138	35	342.441
0.000000	0.709924	0.218797	153	14	50	342.404
-1.570796	0.910508	1.903534	36	19	27	342.311
2.879793	0.992645	-1.723759	140	8	48	342.250
0.785398	1.569311	-3.003978	0	145	52	342.189
0.523599	2.979456	-1.009304	6	145	54	342.157
1.308997	0.866955	-0.931351	5	126	38	342.050
-2.617994	2.104282	-0.813972	5	8	54	341.887
-2.356194	1.599406	1.426070	159	9	50	341.880
-3.141593	1.310100	1.488307	29	8	36	341.820
0.523599	0.571433	-1.188419	38	12	7	341.816
1.047198	2.001437	0.381215	155	28	54	341.771
1.832596	1.809167	1.213774	12	34	42	341.733
-2.094395	1.599406	1.426070	25	157	54	341.727
1.047198	1.658653	-2.409879	10	8	56	341.680
2.879793	2.349581	-2.702517	24	16	36	341.647
0.785398	0.640596	-2.797608	15	14	49	341.589
1.308997	1.846342	-1.796954	4	0	55	341.573
1.832596	2.089241	-0.114193	155	19	53	341.558
-1.832596	1.417623	-0.202254	3	23	51	341.520
2.617994	2.041297	-2.664597	27	6	40	341.499
1.832596	2.664082	-1.071402	151	139	37	341.383
2.879793	2.343981	-1.040456	10	11	50	341.247
2.356194	1.374601	-2.456031	144	7	54	341.141
2.617994	2.456751	-1.503343	26	13	45	341.120
2.094395	1.599406	1.426070	10	7	49	341.059
-1.308997	1.014500	0.906702	145	21	43	341.008
1.832596	0.960688	-0.577532	30	0	48	340.954
-0.523599	2.033014	2.977192	22	155	46	340.794
1.832596	2.456751	-1.503343	26	157	45	340.778
0.000000	1.242974	-2.977882	149	159	53	340.761
-1.570796	2.349581	-2.702517	18	6	44	340.696
-3.141593	1.809167	1.213774	131	13	119	340.687
-1.832596	0.674054	1.013609	11	24	39	340.676
-2.356194	1.846342	-1.796954	3	15	56	340.612
1.570796	1.721184	-0.153948	151	19	49	340.582
-2.617994	0.458961	-0.107937	39	5	26	340.467
-1.570796	1.836682	-0.676006	145	7	53	340.467
-1.308997	1.696674	-1.253233	156	18	52	340.404
1.832596	1.875281	0.107086	152	12	55	340.375
0.523599	2.063651	-2.044600	23	13	44	340.296
0.523599	1.025536	1.576859	150	6	49	340.218
0.523599	0.458961	-0.107937	18	159	44	340.076
-2.617994	0.831641	0.616218	22	9	47	340.055
2.094395	1.510910	-0.740472	8	4	58	339.988
-1.832596	1.256302	0.062705	0	156	49	339.930
2.617994	1.367556	0.358405	29	2	48	339.860
2.617994	2.343981	-1.040456	7	29	42	339.828
-0.785398	1.617114	-1.572037	1	142	45	339.739
-1.308997	1.310100	1.488307	157	137	55	339.583
-0.261799	1.510910	-0.740472	26	9	36	339.525
-3.141593	2.174483	2.653697	7	145	46	339.472
-3.141593	1.128190	-2.288622	25	7	42	339.470
-2.879793	1.194549	-0.801900	8	4	57	339.458
-1.047198	1.195355	1.200319	6	0	50	339.435
-0.785398	0.203748	0.590255	15	20	35	339.384
-0.523599	1.050534	3.042579	16	9	44	339.329
-2.356194	1.569311	-3.003978	22	138	41	339.284
-2.094395	0.899350	-2.069907	155	157	53	339.181
-2.617994	2.456751	-1.503343	39	6	8	339.156
-0.523599	1.045978	0.343692	16	19	46	339.105
-3.141593	0.685216	-1.712745	151	141	44	339.104
2.356194	1.658653	-2.409879	152	13	55	339.085
0.523599	1.450119	-2.739050	24	15	45	339.084
-0.261799	2.979456	-1.009304	28	0	55	339.067
-0.523599	2.724429	-0.348782	30	156	54	339.016
-2.879793	1.904882	-1.478089	18	14	52	339.007
0.261799	1.766067	2.153843	22	20	35	338.997
2.356194	1.242974	-2.977882	8	153	52	338.958
0.000000	0.640596	-2.797608	140	16	47	338.958
-0.523599	0.379747	-1.713059	30	1	41	338.844
2.617994	1.741644	-2.695914	11	117	23	338.798
-2.356194	1.824694	1.850876	136	14	53	338.780
-2.094395	2.637879	2.121598	153	131	32	338.771
1.308997	1.510910	-0.740472	37	153	43	338.691
1.047198	0.619654	-2.216909	1	13	52	338.573
-3.141593	0.914445	2.687814	143	117	158	338.527
0.261799	1.242974	-2.977882	30	15	41	338.502
-2.879793	1.014500	0.906702	24	11	42	338.501
-0.523599	1.846342	-1.796954	153	159	56	338.491
-3.141593	2.108018	1.311430	16	148	60	338.368
1.570796	0.906588	1.252948	24	118	28	338.353
-2.617994	0.591903	2.010408	3	144	60	338.350
2.094395	1.488617	1.159546	159	35	46	338.338
-1.047198	2.979456	-1.009304	3	4	51	338.211
1.570796	1.846342	-1.796954	155	18	51	338.153
2.094395	1.977582	0.969896	26	19	29	338.144
-0.785398	0.910508	1.903534	10	145	60	338.072
-2.356194	1.113094	-0.272241	140	157	36	338.063
-0.785398	2.180315	-1.357379	142	4	50	338.041
2.094395	1.732874	-0.951685	12	14	55	338.032
-2.879793	1.846342	-1.796954	9	12	56	337.856
0.523599	1.756530	-2.105156	2	0	60	337.846
2.617994	1.335669	0.897240	25	157	42	337.823
-1.047198	2.478122	2.609777	8	127	34	337.786
0.523599	0.370812	-2.547742	40	158	33	337.699
2.356194	2.108018	1.311430	4	142	60	337.698
-2.617994	2.579248	-2.364801	23	28	30	337.591
-1.308997	1.488617	1.159546	154	130	45	337.491
-0.523599	1.756530	-2.105156	158	142	51	337.350
1.308997	1.870545	-2.976234	3	4	51	337.331
1.047198	1.256302	0.062705	6	151	52	337.287
2.617994	1.214854	-1.966664	137	154	42	337.225
-1.047198	2.153910	-1.714959	148	152	47	337.224
0.261799	2.033014	2.977192	22	10	47	337.205
2.879793	1.417623	-0.202254	147	148	42	336.874
-1.308997	1.367556	0.358405	14	1	52	336.832
2.356194	0.619654	-2.216909	25	7	47	336.827
0.523599	1.374601	-2.456031	18	14	49	336.760
2.879793	2.404280	-0.174044	148	13	50	336.749
1.570796	1.658653	-2.409879	22	12	46	336.727
-3.141593	0.850607	-1.335383	2	146	49	336.679
1.308997	2.356369	3.005869	19	11	43	336.652
-0.785398	0.496451	0.593859	155	31	42	336.641
-1.308997	1.809167	1.213774	151	130	41	336.630
2.094395	0.370812	-2.547742	39	0	21	336.630
-1.047198	2.664082	-1.071402	13	9	47	336.616
0.785398	1.699788	2.452890	13	137	54	336.583
-2.094395	0.906588	1.252948	10	31	35	336.574
1.308997	2.704512	1.488683	11	149	62	336.508
1.570796	2.063651	-2.044600	4	146	55	336.398
2.879793	0.960688	-0.577532	26	12	45	336.367
1.047198	0.831641	0.616218	14	11	46	336.309
-3.141593	1.812176	0.656819	10	157	55	336.224
-2.617994	2.984978	1.954446	10	25	55	336.218
-1.047198	0.914445	2.687814	11	8	58	335.965
2.094395	2.153910	-1.714959	14	6	53	335.879
2.879793	2.719179	-1.780644	22	12	46	335.861
-2.617994	0.850607	-1.335383	11	9	52	335.842
-3.141593	0.929350	-2.910676	35	8	47	335.786
-1.832596	2.115563	0.685730	28	13	40	335.768
0.261799	1.504028	0.636812	147	145	45	335.742
2.356194	1.599406	1.426070	7	7	50	335.641
-0.785398	0.297065	2.160177	24	21	50	335.606
-0.523599	1.433411	-1.035986	4	20	49	335.595
-1.832596	2.396274	-1.959260	31	3	36	335.524
-0.261799	1.812176	0.656819	139	151	41	335.510
0.523599	0.418037	1.360082	13	27	52	335.460
-1.570796	1.904882	-1.478089	7	154	54	335.386
-1.570796	0.379747	-1.713059	16	3	52	335.368
2.879793	0.640596	-2.797608	24	12	47	335.351
-2.094395	1.448123	-2.163292	141	150	37	335.334
1.832596	1.113094	-0.272241	35	159	44	335.266
-2.356194	1.904882	-1.478089	5	19	53	335.256
1.308997	0.960688	-0.577532	9	121	32	335.239
-0.785398	1.218453	2.777284	144	14	57	335.169
0.523599	1.242974	-2.977882	25	19	41	335.107
0.000000	2.180315	-1.357379	149	149	50	335.079
0.261799	2.001437	0.381215	7	1	57	335.047
0.785398	2.063651	-2.044600	23	18	42	335.041
2.617994	1.433411	-1.035986	158	147	51	334.916
2.879793	1.977582	0.969896	32	7	33	334.905
-1.570796	2.356369	3.005869	156	20	43	334.883
-1.047198	2.089241	-0.114193	39	151	46	334.781
-2.879793	0.831641	0.616218	145	8	46	334.752
1.047198	2.719179	-1.780644	0	127	32	334.742
1.570796	1.113094	-0.272241	8	0	55	334.718
-1.047198	1.766067	2.153843	2	145	57	334.717
2.617994	1.846342	-1.796954	146	6	51	334.711
-2.356194	0.831641	0.616218	16	14	49	334.646
-1.570796	1.367556	0.358405	13	158	52	334.612
-1.047198	2.588535	-2.976617	19	145	53	334.605
-1.832596	1.658653	-2.409879	0	31	39	334.527
2.879793	0.290380	-0.796960	10	156	58	334.431
2.617994	2.153910	-1.714959	20	9	53	334.403
-1.308997	1.736875	3.023612	22	13	34	334.375
-0.523599	2.404280	-0.174044	32	159	52	334.364
-1.570796	1.045978	0.343692	19	158	47	334.343
-2.356194	1.374601	-2.456031	20	155	47	334.302
-2.617994	2.180315	-1.357379	153	2	55	334.148
1.570796	0.700570	1.559208	19	120	24	333.987
-1.570796	0.419640	2.974122	28	14	50	333.974
-1.570796	1.256302	0.062705	154	6	53	333.871
-3.141593	1.846342	-1.796954	3	10	56	333.859
-1.308997	0.906588	1.252948	13	25	41	333.852
-2.356194	2.979456	-1.009304	157	133	52	333.721
-1.570796	2.881233	-2.582574	4	144	54	333.687
-2.356194	2.089241	-0.114193	17	16	46	333.679
-2.356194	1.242974	-2.977882	149	12	46	333.655
-2.879793	0.674054	1.013609	153	13	47	333.600
0.000000	1.875281	0.107086	13	3	54	333.537
2.617994	1.732874	-0.951685	2	152	54	333.533
2.094395	2.115563	0.685730	4	159	60	333.439
-1.832596	1.050534	3.042579	143	138	39	333.380
0.523599	0.674054	1.013609	10	6	50	333.334
2.879793	1.214854	-1.966664	142	151	42	333.282
-2.356194	1.606104	-0.451151	6	19	53	333.264
-2.879793	1.025536	1.576859	0	17	47	333.228
1.047198	0.615174	-0.666022	29	2	36	333.212
1.570796	2.295480	1.008277	24	34	24	333.128
0.523599	2.984978	1.954446	151	140	55	333.055
1.832596	0.290380	-0.796960	15	17	43	332.986
-0.523599	2.104282	-0.813972	151	143	48	332.975
-0.523599	0.762244	-0.273349	33	8	34	332.914
1.832596	2.153910	-1.714959	20	1	52	332.860
0.785398	1.014500	0.906702	15	3	46	332.851
0.785398	2.704512	1.488683	135	34	130	332.812
0.785398	1.741644	-2.695914	154	137	45	332.805
0.785398	0.914445	2.687814	16	6	42	332.776
-1.570796	0.906588	1.252948	3	138	55	332.765
2.879793	0.831641	0.616218	17	154	49	332.742
-1.570796	1.184361	0.625864	16	5	50	332.704
0.000000	1.168678	2.108595	27	5	43	332.623
-1.047198	2.115563	0.685730	33	26	17	332.600
-2.356194	2.719179	-1.780644	19	18	33	332.593
-1.570796	2.587733	0.232235	13	10	50	332.530
2.879793	2.164094	-2.991358	18	20	41	332.528
0.785398	1.599406	1.426070	137	16	53	332.471
-0.785398	1.504028	0.636812	11	119	33	332.434
-1.570796	0.929350	-2.910676	153	33	49	332.358
0.000000	1.218453	2.777284	5	4	55	332.283
-3.141593	1.025536	1.576859	5	9	49	332.276
-2.356194	1.948085	-2.363031	12	31	33	332.207
-0.261799	1.824694	1.850876	29	12	31	332.200
1.570796	1.417623	-0.202254	154	125	31	332.089
-3.141593	2.089241	-0.114193	146	3	51	332.086
-2.094395	2.138223	1.678323	152	155	49	332.046
2.356194	0.640596	-2.797608	25	2	47	332.033
1.570796	2.153910	-1.714959	19	157	52	332.009
-1.047198	1.721184	-0.153948	33	155	49	331.980
-0.523599	0.733948	3.021411	19	13	39	331.980
-1.047198	2.579248	-2.364801	13	11	46	331.933
0.000000	1.699788	2.452890	28	7	38	331.908
1.570796	1.904882	-1.478089	158	9	55	331.685
-2.356194	1.391910	3.030322	8	145	46	331.627
2.879793	2.174483	2.653697	2	144	46	331.528
-2.879793	2.455966	-0.641220	9	16	50	331.496
1.570796	0.929350	-2.910676	12	22	46	331.441
-0.261799	1.367556	0.358405	148	159	51	331.383
-0.523599	0.866955	-0.931351	5	13	55	331.286
2.356194	2.637879	2.121598	20	34	36	331.191
-2.617994	1.256302	0.062705	7	8	55	331.180
1.570796	1.195355	1.200319	8	32	49	331.173
-2.094395	1.025536	1.576859	155	144	58	331.130
2.879793	1.812176	0.656819	8	157	55	331.046
-3.141593	2.455966	-0.641220	42	159	28	330.924
1.570796	2.089241	-0.114193	3	18	51	330.860
-1.047198	2.247462	0.191623	18	150	60	330.806
-0.785398	2.984978	1.954446	22	6	52	330.650
0.000000	1.658653	-2.409879	14	1	57	330.643
0.000000	0.458961	-0.107937	156	15	53	330.514
-0.523599	2.247462	0.191623	31	1	53	330.480
-1.308997	0.685216	-1.712745	7	2	55	330.454
-2.879793	0.899350	-2.069907	144	144	39	330.416
-1.570796	1.504028	0.636812	9	5	54	330.362
-0.523599	1.732874	-0.951685	0	149	54	330.300
0.785398	1.658653	-2.409879	29	0	44	330.209
-2.879793	0.960688	-0.577532	30	14	38	330.044
0.261799	1.732874	-0.951685	136	158	45	330.042
-2.617994	0.674054	1.013609	25	17	40	330.004
-1.832596	1.168678	2.108595	3	159	62	329.972
-0.785398	1.766067	2.153843	40	155	29	329.968
2.094395	2.760637	2.781135	1	25	42	329.929
0.523599	2.108018	1.311430	16	11	44	329.915
1.832596	1.134497	-1.109631	157	6	57	329.880
2.617994	2.393226	1.857173	8	34	40	329.853
0.523599	1.766067	2.153843	15	138	54	329.829
-1.570796	1.374601	-2.456031	156	31	41	329.711
-0.523599	1.683268	0.374177	144	158	48	329.664
-2.094395	0.496451	0.593859	19	15	47	329.613
0.785398	1.488617	1.159546	140	22	52	329.597
-1.570796	1.998705	2.370472	17	5	45	329.593
0.523599	2.407836	1.410646	19	3	44	329.567
-2.617994	0.290380	-0.796960	22	6	48	329.541
-1.570796	0.297065	2.160177	26	154	56	329.509
-2.094395	1.374601	-2.456031	30	156	35	329.383
-0.261799	1.488617	1.159546	23	17	40	329.349
-0.785398	1.904882	-1.478089	149	6	54	329.317
-2.879793	0.685216	-1.712745	152	140	44	329.264
2.356194	1.391910	3.030322	145	145	37	329.089
-1.308997	1.391910	3.030322	35	11	20	329.046
-0.261799	1.699788	2.452890	1	139	56	329.041
1.570796	2.587733	0.232235	16	14	56	329.013
-2.879793	1.662363	0.915448	17	156	52	329.013
2.094395	1.662363	0.915448	159	38	37	329.000
-0.523599	2.881233	-2.582574	3	34	48	328.927
2.356194	0.080730	-2.622036	20	21	29	328.881
2.617994	2.664082	-1.071402	31	6	37	328.773
-2.617994	1.168678	2.108595	21	6	42	328.764
-0.785398	0.700570	1.559208	19	144	58	328.728
-2.617994	2.295480	1.008277	140	150	39	328.662
0.000000	0.864993	2.278281	23	12	45	328.643
-1.308997	1.732874	-0.951685	1	6	55	328.580
-2.617994	2.108018	1.311430	145	154	45	328.575
2.094395	2.456751	-1.503343	26	4	45	328.447
0.000000	2.637879	2.121598	0	15	48	328.447
-0.261799	0.419640	2.974122	150	1	54	328.400
0.000000	1.574060	2.783565	29	12	40	328.371
-0.261799	1.242974	-2.977882	3	154	44	328.365
2.879793	1.599406	1.426070	33	5	28	328.362
-1.047198	1.256302	0.062705	18	158	49	328.347
1.832596	2.251330	-2.330739	141	149	38	328.322
-2.617994	1.870545	-2.976234	5	154	49	328.313
2.617994	1.218453	2.777284	18	158	60	328.263
-2.879793	2.637879	2.121598	2	155	48	328.257
2.879793	2.588535	-2.976617	27	21	39	328.171
-2.094395	2.299159	2.264663	10	159	49	328.097
1.832596	0.615174	-0.666022	20	158	56	328.074
-2.094395	2.251330	-2.330739	24	1	39	328.034
2.094395	1.909857	-0.381669	144	17	47	328.022
1.832596	0.080730	-2.622036	19	21	41	328.007
-1.047198	0.866955	-0.931351	9	10	54	327.984
0.261799	0.640596	-2.797608	142	9	47	327.966
-1.832596	0.615174	-0.666022	17	7	50	327.887
1.047198	1.374601	-2.456031	32	157	43	327.876
-1.308997	0.419640	2.974122	23	18	50	327.853
-0.261799	1.025536	1.576859	26	151	55	327.769
-1.308997	2.719179	-1.780644	16	11	46	327.740
0.000000	1.683268	0.374177	149	148	48	327.429
1.047198	2.115563	0.685730	0	127	38	327.402
0.785398	1.194549	-0.801900	136	150	40	327.376
1.308997	2.396274	-1.959260	23	0	49	327.258
-2.617994	1.506530	1.988858	15	13	45	327.226
2.879793	2.724429	-0.348782	17	147	53	327.187
2.356194	2.001437	0.381215	17	5	46	327.182
1.570796	2.001437	0.381215	16	142	48	327.157
-1.308997	1.998705	2.370472	11	34	44	327.130
2.617994	1.574060	2.783565	146	142	37	327.119
-1.047198	2.063651	-2.044600	151	143	48	327.090
-3.141593	2.138223	1.678323	22	146	56	327.068
2.356194	1.367556	0.358405	3	111	14	327.012
-1.047198	1.310100	1.488307	22	21	45	327.000
-1.308997	1.870545	-2.976234	19	16	36	326.995
-0.261799	2.247462	0.191623	28	4	54	326.905
-1.832596	2.033014	2.977192	1	142	47	326.894
0.261799	0.297065	2.160177	11	139	53	326.874
2.879793	1.135834	-1.431087	0	157	49	326.838
1.570796	0.866955	-0.931351	152	158	52	326.833
-1.047198	1.417623	-0.202254	39	157	40	326.795
-0.523599	1.014500	0.906702	138	12	42	326.761
-2.356194	1.574060	2.783565	2	144	46	326.742
0.000000	1.869911	2.701025	31	9	40	326.741
2.094395	1.569311	-3.003978	10	155	52	326.669
2.879793	2.187132	-0.479875	139	8	45	326.648
0.523599	0.297065	2.160177	15	142	53	326.622
-1.047198	0.961715	0.014085	32	3	37	326.607
-1.832596	2.343981	-1.040456	28	3	47	326.586
-2.094395	0.571433	-1.188419	13	11	51	326.578
-1.047198	2.393226	1.857173	25	23	33	326.482
-3.141593	1.510910	-0.740472	26	155	40	326.452
-1.308997	0.700570	1.559208	34	22	25	326.449
1.308997	0.496451	0.593859	6	16	47	326.345
-1.308997	0.496451	0.593859	8	21	47	326.284
-3.141593	0.458961	-0.107937	32	9	36	326.242
-0.523599	0.906588	1.252948	26	27	28	326.230
-2.617994	1.448123	-2.163292	146	138	38	326.171
0.000000	2.295480	1.008277	28	3	39	326.146
0.523599	2.089241	-0.114193	0	6	45	326.110
-2.094395	1.699788	2.452890	147	22	56	326.022
1.570796	0.640596	-2.797608	3	21	49	325.887
0.000000	2.104282	-0.813972	18	2	44	325.862
-2.356194	1.014500	0.906702	36	149	33	325.855
-1.047198	1.846342	-1.796954	156	157	53	325.846
2.356194	2.863997	0.549740	1	24	58	325.838
-0.785398	1.846342	-1.796954	156	151	52	325.811
-2.094395	0.080730	-2.622036	18	31	45	325.755
1.308997	2.724429	-0.348782	158	29	55	325.723
0.785398	0.910508	1.903534	143	0	44	325.692
-0.261799	0.866395	-2.492918	140	10	45	325.562
0.261799	2.356369	3.005869	17	155	47	325.516
1.832596	2.637879	2.121598	132	33	131	325.471
-1.047198	1.824694	1.850876	40	7	12	325.468
2.356194	1.440580	2.260026	159	125	34	325.444
0.261799	0.458961	-0.107937	158	17	50	325.434
-0.523599	0.864993	2.278281	153	132	38	325.391
-2.617994	1.310100	1.488307	122	15	124	325.258
-1.832596	1.875281	0.107086	159	153	53	325.251
2.094395	2.979456	-1.009304	32	11	35	325.245
1.832596	1.741644	-2.695914	149	131	26	325.235
-1.308997	2.356369	3.005869	10	14	46	325.226
-1.047198	2.592629	0.909713	16	0	48	325.162
2.879793	1.741644	-2.695914	24	9	45	325.104
2.356194	1.872854	1.543456	0	134	54	325.078
-2.879793	1.721184	-0.153948	150	151	49	325.060
2.094395	2.187132	-0.479875	146	20	47	325.023
-2.879793	0.961715	0.014085	10	157	56	325.018
-1.308997	1.504028	0.636812	9	8	54	324.998
0.523599	0.961715	0.014085	155	6	53	324.978
1.832596	2.579248	-2.364801	22	21	43	324.942
2.356194	1.909857	-0.381669	144	8	48	324.938
-2.879793	1.301460	-0.509251	24	17	37	324.896
-1.832596	1.846342	-1.796954	32	8	31	324.891
2.617994	1.450119	-2.739050	32	3	47	324.881
-2.356194	0.929350	-2.910676	151	17	43	324.797
2.617994	2.881233	-2.582574	137	30	119	324.783
-2.094395	2.180315	-1.357379	155	159	55	324.759
0.000000	1.812176	0.656819	152	150	46	324.749
-1.047198	2.349581	-2.702517	20	150	55	324.710
-0.261799	0.831641	0.616218	11	152	46	324.700
0.523599	2.295480	1.008277	7	1	61	324.659
0.000000	0.906588	1.252948	34	155	49	324.635
-2.356194	0.906588	1.252948	156	5	50	324.602
-0.785398	2.404280	-0.174044	34	153	51	324.553
1.047198	1.599406	1.426070	135	10	53	324.546
2.617994	1.325504	-1.671296	145	17	49	324.340
2.094395	1.242974	-2.977882	5	152	52	324.263
0.523599	2.299159	2.264663	19	31	29	324.195
1.047198	2.063651	-2.044600	16	19	44	324.179
0.261799	1.699788	2.452890	24	14	38	324.119
-2.356194	0.496451	0.593859	27	5	44	324.112
2.356194	1.977582	0.969896	152	38	33	324.070
0.261799	0.709924	0.218797	148	3	53	324.048
-0.523599	1.417623	-0.202254	25	9	45	324.010
-1.832596	0.831641	0.616218	27	159	40	323.813
-1.570796	1.135813	-2.658866	151	0	48	323.734
1.047198	1.242974	-2.977882	42	157	32	323.710
-1.308997	2.247462	0.191623	31	4	41	323.689
1.047198	2.724429	-0.348782	4	29	55	323.662
1.570796	2.356369	3.005869	25	159	40	323.648
2.617994	2.979456	-1.009304	17	0	56	323.606
1.570796	0.370812	-2.547742	30	21	32	323.542
-2.356194	2.984978	1.954446	9	134	49	323.409
2.617994	2.174483	2.653697	155	11	45	323.365
-0.261799	2.343981	-1.040456	137	157	44	323.314
0.523599	1.134497	-1.109631	136	2	46	323.306
1.832596	1.721184	-0.153948	146	15	50	323.302
1.832596	2.587733	0.232235	24	13	43	323.283
-2.879793	2.407836	1.410646	145	132	24	323.254
-1.570796	0.685216	-1.712745	24	9	48	323.201
2.094395	2.396274	-1.959260	20	15	48	323.200
1.308997	2.592629	0.909713	146	148	46	323.104
-0.785398	1.506530	1.988858	26	17	37	323.101
-0.785398	1.569311	-3.003978	15	11	47	323.100
-3.141593	0.080730	-2.622036	34	154	51	323.092
1.570796	1.870545	-2.976234	2	159	49	323.063
-1.832596	0.899350	-2.069907	156	155	53	323.033
-3.141593	0.992645	-1.723759	148	148	46	323.013
2.356194	1.025536	1.576859	156	4	56	322.983
1.308997	2.579248	-2.364801	27	10	42	322.936
2.879793	2.456751	-1.503343	25	16	47	322.797
1.832596	1.367556	0.358405	148	4	51	322.795
2.617994	1.662363	0.915448	37	1	31	322.783
-0.523599	0.591903	2.010408	27	7	54	322.759
2.356194	2.393226	1.857173	5	29	45	322.672
-3.141593	2.115563	0.685730	8	8	55	322.553
-0.785398	2.033014	2.977192	15	25	37	322.518
-2.356194	1.554776	0.100351	33	9	33	322.422
2.094395	0.591903	2.010408	25	9	50	322.361
0.261799	0.615174	-0.666022	27	22	25	322.331
1.308997	1.741644	-2.695914	41	159	32	322.312
-2.879793	1.599406	1.426070	125	14	122	322.227
2.094395	1.574060	2.783565	150	127	28	322.061
2.356194	2.041297	-2.664597	152	3	54	322.057
2.356194	0.929350	-2.910676	38	148	46	321.981
2.356194	2.979456	-1.009304	159	7	51	321.878
-2.356194	0.615174	-0.666022	25	14	40	321.876
2.094395	1.545873	-1.877082	17	9	50	321.857
-1.832596	2.063651	-2.044600	27	5	35	321.791
-1.570796	2.478122	2.609777	150	14	45	321.674
0.261799	1.721184	-0.153948	14	14	49	321.660
1.047198	0.290380	-0.796960	21	2	43	321.649
-2.356194	1.135813	-2.658866	0	14	45	321.596
-3.141593	1.569311	-3.003978	0	0	49	321.482
0.523599	0.762244	-0.273349	11	31	34	321.475
-2.094395	1.554776	0.100351	154	159	48	321.402
1.047198	1.696674	-1.253233	14	143	44	321.363
-0.785398	1.836682	-0.676006	30	144	35	321.346
-0.785398	0.866955	-0.931351	8	11	55	321.329
2.094395	1.504028	0.636812	26	154	42	321.263
-2.094395	1.812176	0.656819	142	119	12	321.236
-2.094395	1.014500	0.906702	10	22	41	321.200
-1.308997	1.599406	1.426070	153	135	50	321.186
-0.261799	1.909857	-0.381669	22	2	47	321.154
-1.832596	2.349581	-2.702517	18	3	44	321.122
-3.141593	2.356369	3.005869	17	34	37	321.095
-3.141593	2.456751	-1.503343	22	21	47	320.927
2.879793	2.379497	0.561089	29	17	36	320.874
2.617994	2.108018	1.311430	6	141	59	320.863
2.094395	2.863997	0.549740	5	23	57	320.859
2.094395	0.762244	-0.273349	25	0	53	320.826
-3.141593	2.295480	1.008277	32	15	28	320.809
-1.308997	2.001437	0.381215	26	153	58	320.768
2.879793	2.478122	2.609777	23	30	38	320.749
-1.570796	1.301460	-0.509251	158	14	55	320.739
-2.094395	1.721184	-0.153948	23	16	42	320.719
-0.523599	0.709924	0.218797	0	17	49	320.692
1.832596	1.450119	-2.739050	138	139	22	320.691
0.523599	0.700570	1.559208	146	12	45	320.663
-1.308997	0.080730	-2.622036	4	9	52	320.591
1.570796	1.301460	-0.509251	15	6	54	320.464
-1.308997	0.619654	-2.216909	0	151	56	320.438
2.094395	1.218453	2.777284	20	154	60	320.432
-1.047198	1.683268	0.374177	32	2	52	320.321
-3.141593	0.866955	-0.931351	10	145	51	320.262
2.094395	0.700570	1.559208	26	5	49	320.245
-0.523599	2.863997	0.549740	7	144	60	320.202
-1.570796	1.809167	1.213774	144	135	42	320.192
1.832596	1.662363	0.915448	8	38	36	320.190
-3.141593	2.588535	-2.976617	23	28	38	320.166
2.617994	0.864993	2.278281	18	11	49	320.089
0.523599	1.904882	-1.478089	155	149	53	320.041
1.832596	2.041297	-2.664597	159	153	53	320.026
0.785398	1.872854	1.543456	140	9	58	320.020
-2.356194	1.025536	1.576859	10	34	28	320.004
1.308997	0.370812	-2.547742	157	18	52	319.906
-1.047198	2.881233	-2.582574	26	151	44	319.906
-1.047198	1.413430	2.550734	145	9	60	319.902
-1.832596	1.242974	-2.977882	7	19	54	319.798
2.094395	1.050534	3.042579	33	2	40	319.791
-2.094395	2.396274	-1.959260	32	158	36	319.645
-2.617994	1.440580	2.260026	14	18	45	319.645
2.617994	2.001437	0.381215	13	6	47	319.597
0.785398	2.251330	-2.330739	6	155	55	319.562
2.879793	1.555207	1.708892	5	18	53	319.558
-0.785398	1.301460	-0.509251	31	159	37	319.547
-3.141593	2.881233	-2.582574	5	23	44	319.518
-2.094395	1.846342	-1.796954	0	146	50	319.505
-2.356194	2.251330	-2.330739	17	32	32	319.443
-2.879793	1.128190	-2.288622	25	14	42	319.440
-0.261799	1.721184	-0.153948	20	2	50	319.388
0.785398	0.297065	2.160177	159	137	39	319.357
1.308997	2.863997	0.549740	18	158	60	319.342
-0.261799	1.256302	0.062705	18	14	49	319.337
0.000000	1.374601	-2.456031	16	8	55	319.318
2.356194	2.153910	-1.714959	13	10	53	319.259
-0.523599	1.836682	-0.676006	29	158	41	319.239
-0.261799	2.760637	2.781135	13	147	45	319.205
-2.356194	0.297065	2.160177	13	0	54	319.147
1.570796	1.617114	-1.572037	159	155	55	319.030
-1.308997	1.683268	0.374177	6	0	55	319.017
2.356194	2.349581	-2.702517	158	8	54	319.016
2.356194	0.418037	1.360082	1	13	49	319.011
1.570796	1.982574	-1.115518	3	158	55	318.985
-1.570796	1.218453	2.777284	36	9	23	318.976
1.570796	1.256302	0.062705	36	11	27	318.857
-0.261799	1.569311	-3.003978	147	156	51	318.850
2.356194	0.379747	-1.713059	18	15	40	318.818
0.261799	1.195355	1.200319	30	6	48	318.766
-2.094395	2.588535	-2.976617	148	6	50	318.739
-3.141593	1.872854	1.543456	122	13	125	318.730
-1.832596	1.247695	1.809890	157	12	51	318.714
-1.832596	1.450119	-2.739050	2	26	48	318.666
-0.523599	1.736875	3.023612	11	156	50	318.519
-0.785398	1.554776	0.100351	137	129	23	318.490
-0.261799	1.741644	-2.695914	152	133	38	318.353
0.523599	1.699788	2.452890	15	148	58	318.327
0.785398	1.242974	-2.977882	29	13	40	318.322
-1.570796	0.080730	-2.622036	6	149	57	318.318
-0.261799	2.719179	-1.780644	9	152	57	318.288
-0.261799	0.700570	1.559208	3	147	46	318.283
-1.308997	2.587733	0.232235	35	141	38	318.271
0.523599	1.599406	1.426070	141	22	53	318.252
2.879793	0.864993	2.278281	2	152	62	318.174
-1.832596	1.683268	0.374177	2	157	55	318.164
-2.094395	2.760637	2.781135	140	143	41	318.073
0.785398	2.180315	-1.357379	6	2	55	317.987
2.094395	2.251330	-2.330739	11	22	49	317.880
-2.879793	2.704512	1.488683	8	129	42	317.870
0.261799	1.391910	3.030322	157	154	55	317.867
-1.832596	1.367556	0.358405	153	15	50	317.781
1.308997	2.164094	-2.991358	9	4	51	317.758
-0.785398	0.674054	1.013609	6	154	50	317.742
2.094395	2.393226	1.857173	9	34	43	317.732
0.785398	1.374601	-2.456031	23	8	47	317.695
-1.308997	2.404280	-0.174044	11	12	51	317.656
-0.523599	2.174483	2.653697	20	154	46	317.608
0.000000	1.335669	0.897240	36	148	39	317.605
2.617994	1.195355	1.200319	7	13	50	317.575
-0.261799	1.574060	2.783565	31	4	41	317.551
-3.141593	1.599406	1.426070	125	18	121	317.539
2.356194	2.456751	-1.503343	27	8	45	317.479
-2.094395	1.417623	-0.202254	152	157	48	317.478
0.523599	1.506530	1.988858	15	152	61	317.461
-2.617994	1.195355	1.200319	23	24	34	317.410
-2.094395	1.869911	2.701025	151	154	46	317.283
-0.523599	2.393226	1.857173	154	7	56	317.218
-2.094395	1.870545	-2.976234	38	159	30	317.187
-2.356194	0.419640	2.974122	26	1	56	317.152
0.785398	0.992645	-1.723759	13	15	48	317.101
-3.141593	2.379497	0.561089	28	146	40	316.963
-2.356194	2.393226	1.857173	149	4	49	316.894
-2.356194	0.866955	-0.931351	10	19	47	316.793
0.785398	2.984978	1.954446	158	0	53	316.776
0.000000	1.662363	0.915448	147	152	44	316.735
2.356194	1.721184	-0.153948	145	3	49	316.727
-1.047198	1.872854	1.543456	40	10	11	316.723
1.308997	2.456751	-1.503343	9	139	53	316.711
-1.308997	0.733948	3.021411	154	26	56	316.671
2.879793	1.135813	-2.658866	34	1	47	316.618
0.261799	2.115563	0.685730	153	144	42	316.604
-2.879793	1.488617	1.159546	23	12	37	316.551
-3.141593	1.413430	2.550734	155	127	29	316.538
-2.094395	1.450119	-2.739050	15	152	47	316.518
2.356194	2.407836	1.410646	14	37	29	316.469
-2.356194	1.870545	-2.976234	157	2	49	316.463
-1.570796	2.343981	-1.040456	25	7	47	316.462
0.261799	0.914445	2.687814	26	145	41	316.398
2.879793	0.418037	1.360082	157	10	49	316.345
0.000000	2.719179	-1.780644	11	152	57	316.321
2.879793	1.872854	1.543456	121	18	125	316.317
1.570796	0.961715	0.014085	31	150	48	316.250
0.000000	2.033014	2.977192	24	8	45	316.213
0.523599	2.664082	-1.071402	7	36	45	316.167
-1.832596	1.574060	2.783565	2	141	45	316.141
1.308997	1.014500	0.906702	153	14	47	316.126
-1.570796	2.396274	-1.959260	25	7	39	316.104
2.356194	2.089241	-0.114193	6	12	46	315.918
0.000000	2.393226	1.857173	7	10	48	315.882
0.261799	2.041297	-2.664597	148	139	40	315.851
0.523599	1.809167	1.213774	148	19	59	315.753
-2.094395	2.579248	-2.364801	16	157	47	315.743
1.570796	1.391910	3.030322	0	158	54	315.729
-2.094395	1.662363	0.915448	16	147	57	315.707
-1.047198	1.606104	-0.451151	159	133	45	315.699
-1.308997	1.510910	-0.740472	154	2	57	315.690
-0.523599	1.510910	-0.740472	31	6	36	315.676
-2.356194	2.704512	1.488683	14	129	41	315.672
1.570796	0.458961	-0.107937	15	151	56	315.655
-0.261799	1.554776	0.100351	15	7	52	315.542
-2.356194	1.766067	2.153843	144	20	56	315.504
-0.523599	1.506530	1.988858	16	17	42	315.504
1.308997	2.393226	1.857173	0	148	57	315.458
0.523599	0.685216	-1.712745	29	14	45	315.387
1.832596	1.736875	3.023612	10	0	53	315.385
-3.141593	2.251330	-2.330739	29	17	29	315.326
-1.570796	1.909857	-0.381669	0	22	47	315.321
-1.570796	2.001437	0.381215	28	151	53	315.318
2.617994	1.050534	3.042579	35	155	51	315.237
1.832596	1.134796	2.434290	18	0	59	315.235
1.047198	1.134497	-1.109631	143	156	43	315.233
-2.356194	2.404280	-0.174044	17	19	44	315.220
0.261799	1.662363	0.915448	147	151	43	315.209
0.523599	1.488617	1.159546	146	136	32	315.198
-1.832596	1.569311	-3.003978	11	146	49	315.163
-2.617994	2.979456	-1.009304	26	22	38	315.100
-1.570796	2.979456	-1.009304	8	27	39	315.078
0.000000	2.115563	0.685730	139	142	35	315.062
-1.832596	2.153910	-1.714959	36	2	28	314.939
-2.094395	0.700570	1.559208	3	4	51	314.927
1.308997	2.760637	2.781135	2	158	48	314.794
2.879793	1.168678	2.108595	0	3	63	314.786
-2.356194	2.664082	-1.071402	27	159	49	314.738
1.832596	2.719179	-1.780644	29	6	40	314.724
-0.261799	1.599406	1.426070	19	139	51	314.667
0.523599	2.041297	-2.664597	26	159	53	314.666
0.785398	1.736875	3.023612	6	149	52	314.666
2.879793	0.899350	-2.069907	159	30	47	314.610
0.523599	1.872854	1.543456	11	13	47	314.592
2.879793	1.948085	-2.363031	34	7	33	314.562
1.832596	1.045978	0.343692	9	21	42	314.538
-3.141593	0.864993	2.278281	29	155	41	314.501
2.879793	0.685216	-1.712745	141	157	48	314.464
2.356194	2.704512	1.488683	155	38	33	314.455
2.879793	1.721184	-0.153948	149	153	47	314.454
-0.523599	1.977582	0.969896	15	118	29	314.433
1.570796	1.809167	1.213774	21	9	45	314.401
1.570796	2.349581	-2.702517	8	15	50	314.387
0.523599	1.554776	0.100351	2	158	49	314.369
1.570796	2.719179	-1.780644	139	158	46	314.341
-1.832596	1.812176	0.656819	3	6	56	314.331
-1.570796	1.869911	2.701025	23	31	34	314.293
-0.785398	0.619654	-2.216909	133	25	40	314.273
2.617994	0.929350	-2.910676	38	154	47	314.272
-1.832596	2.881233	-2.582574	9	10	48	314.253
-1.308997	1.413430	2.550734	147	13	60	314.246
-0.523599	2.356369	3.005869	16	131	43	314.245
2.356194	2.033014	2.977192	152	150	47	314.242
2.356194	2.138223	1.678323	6	139	58	314.206
1.047198	0.960688	-0.577532	7	12	53	314.203
2.879793	2.579248	-2.364801	12	18	49	314.193
0.523599	0.866955	-0.931351	20	12	47	314.180
2.879793	2.073035	2.027405	16	27	40	314.160
2.879793	1.545873	-1.877082	146	158	46	314.120
-3.141593	1.683268	0.374177	2	153	54	314.051
-2.094395	1.247695	1.809890	147	157	62	314.009
2.094395	2.984978	1.954446	22	148	58	313.941
-0.523599	2.063651	-2.044600	155	150	56	313.922
-0.261799	0.914445	2.687814	158	125	37	313.920
1.832596	2.299159	2.264663	159	136	54	313.904
2.356194	1.325504	-1.671296	149	21	49	313.867
1.570796	0.379747	-1.713059	35	159	34	313.786
-2.356194	1.256302	0.062705	4	141	49	313.755
0.000000	0.591903	2.010408	5	21	59	313.733
1.570796	2.404280	-0.174044	5	154	50	313.668
1.047198	2.299159	2.264663	5	155	48	313.628
-1.570796	1.450119	-2.739050	156	26	48	313.607
-1.047198	1.504028	0.636812	33	9	49	313.566
-2.617994	2.073035	2.027405	145	134	27	313.562
-1.047198	1.506530	1.988858	11	34	44	313.549
2.879793	1.195355	1.200319	23	1	41	313.539
-1.047198	1.218453	2.777284	146	17	58	313.483
-1.308997	0.379747	-1.713059	14	6	52	313.472
1.047198	2.174483	2.653697	7	34	37	313.376
0.785398	1.824694	1.850876	1	11	50	313.321
-2.356194	1.699788	2.452890	152	25	56	313.317
1.047198	1.113094	-0.272241	7	0	55	313.309
-1.047198	1.599406	1.426070	20	17	52	313.300
-3.141593	1.195355	1.200319	8	34	37	313.263
-2.617994	2.704512	1.488683	14	129	42	313.233
-1.832596	1.766067	2.153843	29	126	29	313.217
1.832596	1.335669	0.897240	6	37	40	313.177
-2.617994	0.619654	-2.216909	145	139	37	313.163
1.047198	2.349581	-2.702517	146	156	43	313.149
0.785398	1.766067	2.153843	20	141	54	313.121
2.094395	1.683268	0.374177	157	3	55	313.109
2.617994	2.592629	0.909713	25	10	45	313.073
2.879793	1.683268	0.374177	156	156	56	313.054
0.261799	1.256302	0.062705	159	155	54	312.982
-2.617994	1.658653	-2.409879	20	16	41	312.931
0.261799	1.367556	0.358405	153	151	51	312.901
-1.047198	2.251330	-2.330739	35	155	35	312.863
-0.785398	1.134497	-1.109631	14	21	44	312.823
-2.094395	0.370812	-2.547742	12	35	44	312.798
-2.617994	0.960688	-0.577532	38	4	30	312.759
1.832596	0.961715	0.014085	32	156	48	312.744
2.356194	1.134497	-1.109631	152	6	56	312.693
0.000000	2.089241	-0.114193	17	159	52	312.684
0.785398	1.391910	3.030322	1	154	55	312.658
-2.617994	0.370812	-2.547742	35	126	156	312.595
-1.832596	0.850607	-1.335383	7	151	54	312.584
2.617994	1.448123	-2.163292	136	1	44	312.556
1.047198	1.766067	2.153843	21	152	57	312.529
2.094395	1.391910	3.030322	29	152	54	312.514
1.308997	1.310100	1.488307	14	23	55	312.442
-3.141593	1.325504	-1.671296	143	9	49	312.383
1.047198	2.033014	2.977192	11	10	48	312.253
-2.356194	2.455966	-0.641220	32	127	28	312.202
1.832596	2.187132	-0.479875	151	25	47	312.194
-2.617994	2.407836	1.410646	145	0	46	312.192
-1.832596	1.736875	3.023612	156	1	48	312.165
-2.617994	1.134796	2.434290	10	5	61	312.161
1.308997	2.001437	0.381215	150	25	56	312.136
-0.261799	0.379747	-1.713059	37	159	42	312.117
0.261799	2.719179	-1.780644	0	37	44	312.114
-0.523599	1.909857	-0.381669	33	7	49	312.054
1.047198	0.899350	-2.069907	5	8	53	312.022
-0.261799	2.592629	0.909713	30	153	41	311.999
-2.356194	2.760637	2.781135	26	16	48	311.953
2.356194	1.766067	2.153843	158	159	51	311.939
0.261799	0.379747	-1.713059	1	139	46	311.840
-2.094395	0.458961	-0.107937	21	8	53	311.809
2.356194	0.899350	-2.069907	35	11	33	311.721
0.000000	1.134796	2.434290	21	6	47	311.692
2.094395	0.866955	-0.931351	25	5	52	311.682
-2.879793	0.458961	-0.107937	157	145	44	311.593
-2.617994	1.875281	0.107086	1	153	50	311.554
1.570796	2.863997	0.549740	20	17	55	311.540
-3.141593	0.910508	1.903534	9	15	49	311.511
-1.832596	2.760637	2.781135	31	15	48	311.501
0.261799	2.251330	-2.330739	29	11	39	311.488
-1.047198	2.863997	0.549740	156	143	59	311.461
0.785398	1.948085	-2.363031	150	144	39	311.445
-0.523599	2.001437	0.381215	140	153	44	311.410
2.879793	0.929350	-2.910676	37	1	47	311.385
-2.094395	2.174483	2.653697	3	14	47	311.378
2.617994	0.910508	1.903534	11	15	50	311.299
0.523599	0.203748	0.590255	11	12	48	311.258
-2.094395	2.187132	-0.479875	39	127	24	311.226
1.570796	1.574060	2.783565	141	136	28	311.221
-1.308997	1.875281	0.107086	8	158	53	311.185
1.832596	2.724429	-0.348782	22	17	34	311.176
1.832596	2.295480	1.008277	17	38	24	311.145
1.308997	0.929350	-2.910676	16	19	46	311.142
-2.617994	1.218453	2.777284	150	141	42	311.134
-3.141593	1.050534	3.042579	31	6	52	311.127
-0.261799	0.618092	2.539118	33	156	40	311.096
-1.047198	0.906588	1.252948	131	32	133	311.080
-0.785398	2.251330	-2.330739	31	16	36	311.062
-1.832596	1.998705	2.370472	17	2	45	311.034
0.000000	0.297065	2.160177	7	139	53	311.020
0.523599	0.290380	-0.796960	21	16	36	310.977
2.617994	2.033014	2.977192	135	10	41	310.947
-0.261799	1.135813	-2.658866	142	6	48	310.936
0.785398	2.979456	-1.009304	4	32	51	310.935
1.308997	1.658653	-2.409879	34	0	38	310.933
0.261799	0.674054	1.013609	11	3	50	310.928
-3.141593	2.664082	-1.071402	3	148	46	310.886
-0.785398	1.450119	-2.739050	143	18	49	310.885
-0.785398	1.310100	1.488307	0	9	50	310.847
-2.879793	1.909857	-0.381669	41	2	24	310.798
-2.617994	1.569311	-3.003978	3	150	51	310.764
-2.356194	1.450119	-2.739050	15	152	48	310.704
0.000000	2.174483	2.653697	156	16	47	310.653
0.261799	2.979456	-1.009304	0	144	54	310.653
1.570796	1.218453	2.777284	43	7	25	310.642
-0.523599	1.367556	0.358405	11	118	25	310.583
-0.785398	1.606104	-0.451151	38	2	41	310.568
0.261799	0.618092	2.539118	19	10	41	310.554
0.261799	0.700570	1.559208	19	19	55	310.547
-2.617994	1.247695	1.809890	116	10	131	310.458
-1.832596	0.571433	-1.188419	23	13	45	310.366
-0.785398	1.195355	1.200319	151	138	44	310.329
-2.617994	1.909857	-0.381669	146	148	47	310.218
-2.617994	0.297065	2.160177	12	157	53	310.216
-0.785398	1.256302	0.062705	16	4	48	310.186
1.570796	0.674054	1.013609	17	118	34	310.162
-0.785398	0.914445	2.687814	153	19	59	310.046
-2.356194	1.736875	3.023612	2	148	50	310.016
-2.617994	1.045978	0.343692	10	9	53	309.982
-3.141593	1.555207	1.708892	159	18	53	309.978
0.785398	2.356369	3.005869	18	145	42	309.939
0.523599	2.456751	-1.503343	156	40	38	309.918
-0.523599	1.869911	2.701025	26	158	41	309.905
-3.141593	2.247462	0.191623	153	10	55	309.840
2.617994	2.104282	-0.813972	11	22	48	309.836
2.617994	1.242974	-2.977882	41	0	42	309.774
1.570796	0.831641	0.616218	21	15	45	309.737
1.308997	1.732874	-0.951685	17	0	54	309.730
0.261799	1.824694	1.850876	14	148	54	309.726
0.261799	2.299159	2.264663	157	4	53	309.688
1.047198	2.456751	-1.503343	6	139	54	309.618
-2.356194	2.180315	-1.357379	110	13	157	309.609
2.879793	0.370812	-2.547742	13	3	52	309.609
2.356194	1.247695	1.809890	33	4	39	309.592
-0.523599	1.662363	0.915448	16	121	36	309.556
0.000000	2.592629	0.909713	147	47	131	309.486
-1.570796	2.251330	-2.330739	15	17	39	309.439
2.879793	2.356369	3.005869	150	12	50	309.423
-1.570796	2.187132	-0.479875	5	126	38	309.422
-2.094395	1.045978	0.343692	9	14	52	309.323
-2.617994	1.699788	2.452890	7	123	35	309.322
2.879793	2.115563	0.685730	9	9	55	309.216
0.785398	1.045978	0.343692	152	4	48	309.193
0.261799	1.658653	-2.409879	14	1	58	309.192
2.617994	0.709924	0.218797	144	147	40	309.186
2.879793	1.413430	2.550734	138	122	6	309.185
-0.523599	2.153910	-1.714959	149	138	44	309.173
2.094395	2.407836	1.410646	34	16	24	308.928
-2.879793	2.588535	-2.976617	12	151	49	308.912
0.261799	2.588535	-2.976617	12	147	47	308.902
-1.570796	1.599406	1.426070	147	139	50	308.752
2.356194	1.214854	-1.966664	6	16	52	308.712
0.785398	2.108018	1.311430	13	15	44	308.677
1.832596	1.812176	0.656819	141	11	57	308.673
-1.308997	0.960688	-0.577532	4	16	54	308.627
0.000000	1.504028	0.636812	139	154	45	308.609
0.785398	1.195355	1.200319	146	137	34	308.589
2.879793	1.875281	0.107086	155	0	50	308.553
2.094395	2.138223	1.678323	159	139	58	308.549
-1.308997	1.699788	2.452890	13	36	35	308.520
0.261799	1.998705	2.370472	9	132	50	308.495
2.879793	1.504028	0.636812	22	5	45	308.494
-0.261799	1.335669	0.897240	135	3	40	308.493
0.261799	2.295480	1.008277	8	1	61	308.433
1.308997	2.115563	0.685730	25	32	22	308.373
2.879793	1.045978	0.343692	153	138	45	308.270
-1.047198	0.297065	2.160177	33	6	50	308.269
0.000000	0.290380	-0.796960	39	8	13	308.261
1.047198	0.914445	2.687814	14	26	39	308.131
0.785398	1.256302	0.062705	3	151	53	308.125
-2.094395	1.413430	2.550734	155	132	36	308.110
1.832596	1.599406	1.426070	16	7	50	308.106
1.047198	2.404280	-0.174044	18	17	53	308.090
-2.356194	2.187132	-0.479875	9	15	50	308.084
0.000000	1.554776	0.100351	12	14	51	308.071
0.785398	1.846342	-1.796954	23	148	44	307.996
-2.356194	2.174483	2.653697	37	8	41	307.883
1.832596	1.413430	2.550734	147	131	30	307.849
2.879793	1.506530	1.988858	36	5	24	307.832
-1.308997	1.554776	0.100351	156	122	23	307.739
-1.047198	1.998705	2.370472	4	35	45	307.733
0.785398	1.335669	0.897240	152	137	41	307.708
-2.879793	0.297065	2.160177	7	138	57	307.560
-3.141593	0.700570	1.559208	2	10	48	307.545
0.261799	1.488617	1.159546	153	30	51	307.525
-0.785398	2.881233	-2.582574	11	33	48	307.439
2.356194	0.733948	3.021411	14	143	58	307.307
0.785398	1.450119	-2.739050	155	143	47	307.305
-3.141593	2.760637	2.781135	11	29	38	307.260
0.000000	1.135813	-2.658866	143	159	48	307.247
2.094395	2.343981	-1.040456	19	10	49	307.157
-2.879793	1.741644	-2.695914	18	19	45	307.118
2.617994	0.685216	-1.712745	158	137	45	307.042
-1.570796	1.732874	-0.951685	147	3	54	307.039
-2.094395	1.242974	-2.977882	139	146	43	306.993
-1.047198	0.571433	-1.188419	20	2	51	306.944
1.308997	1.766067	2.153843	138	144	45	306.936
2.617994	1.836682	-0.676006	26	7	45	306.897
-0.261799	1.875281	0.107086	12	0	54	306.870
-2.879793	2.153910	-1.714959	147	159	53	306.846
-2.356194	1.367556	0.358405	3	17	51	306.815
0.261799	2.704512	1.488683	17	14	42	306.807
-2.617994	2.343981	-1.040456	157	11	54	306.804
2.879793	0.458961	-0.107937	33	7	34	306.780
1.308997	1.699788	2.452890	16	149	58	306.779
-2.617994	0.496451	0.593859	148	7	47	306.752
0.261799	2.089241	-0.114193	1	7	46	306.713
0.785398	0.290380	-0.796960	34	157	36	306.672
0.000000	2.299159	2.264663	1	7	53	306.646
-2.879793	1.809167	1.213774	10	145	60	306.633
-1.308997	0.674054	1.013609	151	23	44	306.623
1.832596	0.709924	0.218797	27	153	51	306.597
0.785398	2.863997	0.549740	21	154	60	306.595
1.308997	1.812176	0.656819	26	11	36	306.593
-0.785398	2.979456	-1.009304	154	147	52	306.498
-0.523599	2.379497	0.561089	148	42	126	306.484
-0.261799	0.674054	1.013609	6	30	40	306.445
2.617994	1.506530	1.988858	34	8	32	306.413
-3.141593	2.478122	2.609777	4	147	47	306.367
-1.047198	1.433411	-1.035986	15	22	46	306.353
-2.356194	2.108018	1.311430	149	151	45	306.352
2.356194	1.488617	1.159546	151	34	46	306.324
0.785398	2.393226	1.857173	8	0	49	306.288
-2.879793	2.396274	-1.959260	37	11	20	306.250
1.570796	1.756530	-2.105156	4	10	56	306.225
-2.356194	2.349581	-2.702517	19	158	43	306.190
2.094395	0.992645	-1.723759	150	18	50	306.190
-0.523599	1.135813	-2.658866	142	12	48	306.060
-2.356194	1.741644	-2.695914	12	157	49	306.017
0.261799	1.413430	2.550734	13	159	54	305.971
-2.094395	1.658653	-2.409879	28	158	36	305.958
-0.785398	2.108018	1.311430	37	19	15	305.951
-0.785398	1.732874	-0.951685	24	13	46	305.910
1.570796	1.696674	-1.253233	156	0	53	305.862
-2.356194	1.869911	2.701025	156	145	46	305.845
-1.308997	1.982574	-1.115518	4	4	56	305.765
-0.523599	0.297065	2.160177	18	25	51	305.748
1.047198	2.407836	1.410646	5	156	60	305.673
-2.094395	0.914445	2.687814	27	1	52	305.664
-2.356194	1.982574	-1.115518	20	26	44	305.624
0.000000	0.618092	2.539118	17	15	46	305.577
2.879793	0.419640	2.974122	19	1	52	305.538
2.094395	1.247695	1.809890	34	12	31	305.534
-2.356194	1.195355	1.200319	16	29	34	305.531
0.000000	0.929350	-2.910676	148	6	53	305.454
0.523599	2.863997	0.549740	22	155	60	305.442
2.356194	0.914445	2.687814	13	151	62	305.441
-3.141593	2.704512	1.488683	3	130	43	305.411
1.832596	1.184361	0.625864	151	15	47	305.409
2.617994	2.299159	2.264663	9	23	50	305.396
0.261799	1.184361	0.625864	143	154	48	305.370
-2.356194	0.674054	1.013609	21	22	41	305.357
-0.261799	1.506530	1.988858	28	13	30	305.240
1.047198	2.164094	-2.991358	13	145	45	305.208
0.523599	1.218453	2.777284	5	3	55	305.190
1.308997	0.992645	-1.723759	15	26	47	305.181
-1.308997	1.374601	-2.456031	149	28	42	305.178
2.617994	2.588535	-2.976617	30	14	39	305.166
0.000000	1.599406	1.426070	24	144	51	305.126
0.785398	1.756530	-2.105156	6	0	58	305.044
0.523599	2.881233	-2.582574	7	139	41	305.042
-0.523599	1.301460	-0.509251	30	5	37	304.958
1.308997	0.906588	1.252948	147	7	47	304.918
-0.785398	1.488617	1.159546	136	37	134	304.891
1.308997	2.247462	0.191623	21	143	45	304.884
0.000000	1.050534	3.042579	0	5	54	304.869
-3.141593	2.407836	1.410646	3	126	35	304.839
1.308997	1.417623	-0.202254	31	19	17	304.839
2.356194	1.662363	0.915448	36	155	34	304.834
-0.523599	0.910508	1.903534	11	146	60	304.814
-3.141593	2.393226	1.857173	147	31	42	304.770
-0.785398	0.370812	-2.547742	145	31	44	304.760
-2.094395	1.555207	1.708892	138	0	57	304.757
0.785398	1.367556	0.358405	158	158	49	304.739
2.879793	1.869911	2.701025	1	141	41	304.726
-0.261799	0.591903	2.010408	158	134	46	304.682
0.261799	1.599406	1.426070	146	27	53	304.676
-1.308997	2.379497	0.561089	18	17	47	304.630
1.832596	1.696674	-1.253233	151	1	54	304.594
0.785398	2.073035	2.027405	143	155	52	304.584
-2.617994	0.418037	1.360082	4	157	49	304.571
-1.308997	2.588535	-2.976617	10	15	48	304.550
-1.047198	1.014500	0.906702	139	17	43	304.528
1.047198	0.906588	1.252948	150	11	47	304.469
-0.523599	1.113094	-0.272241	30	11	37	304.450
2.879793	1.218453	2.777284	19	2	59	304.430
-0.523599	2.760637	2.781135	11	145	45	304.411
-1.570796	1.134796	2.434290	26	30	24	304.326
1.047198	0.674054	1.013609	15	158	47	304.306
-1.570796	1.606104	-0.451151	11	21	45	304.286
1.570796	0.709924	0.218797	11	20	43	304.278
-0.785398	2.356369	3.005869	8	149	50	304.005
-0.261799	2.478122	2.609777	21	154	45	303.950
1.308997	0.571433	-1.188419	5	145	52	303.904
-0.785398	0.831641	0.616218	0	16	45	303.703
-1.832596	1.869911	2.701025	22	2	43	303.697
-2.879793	1.050534	3.042579	26	9	54	303.600
-2.094395	0.674054	1.013609	3	34	40	303.575
0.261799	2.407836	1.410646	21	159	45	303.525
0.785398	2.164094	-2.991358	12	6	54	303.514
1.570796	2.251330	-2.330739	9	152	55	303.477
-2.356194	2.588535	-2.976617	11	33	35	303.334
-2.617994	0.929350	-2.910676	156	10	50	303.307
-1.047198	1.875281	0.107086	41	153	44	303.289
1.832596	2.863997	0.549740	10	22	56	303.242
0.785398	2.396274	-1.959260	8	146	57	303.199
1.047198	2.979456	-1.009304	36	9	25	303.192
-1.047198	2.404280	-0.174044	34	148	51	303.143
-1.570796	1.417623	-0.202254	157	149	47	303.056
0.523599	2.033014	2.977192	14	4	48	303.040
1.570796	1.872854	1.543456	148	157	55	303.034
-2.356194	1.506530	1.988858	7	15	46	302.966
0.785398	0.961715	0.014085	154	4	53	302.947
2.617994	1.658653	-2.409879	149	11	54	302.940
2.094395	2.001437	0.381215	157	5	58	302.916
1.570796	1.741644	-2.695914	38	6	33	302.896
-3.141593	2.637879	2.121598	20	5	56	302.857
-0.261799	2.407836	1.410646	29	12	36	302.815
-2.356194	0.685216	-1.712745	4	0	55	302.811
1.047198	2.393226	1.857173	0	7	52	302.806
-0.523599	1.134497	-1.109631	144	21	46	302.801
0.000000	2.041297	-2.664597	18	2	55	302.781
-2.879793	1.450119	-2.739050	18	13	48	302.725
2.879793	2.138223	1.678323	153	36	43	302.706
2.094395	2.404280	-0.174044	16	16	41	302.696
-0.785398	1.721184	-0.153948	36	0	47	302.696
1.308997	0.615174	-0.666022	26	8	37	302.671
-1.047198	2.041297	-2.664597	34	14	31	302.645
-1.308997	2.153910	-1.714959	147	1	52	302.570
2.356194	2.719179	-1.780644	26	127	34	302.559
-1.570796	0.961715	0.014085	1	5	55	302.556
-3.141593	1.870545	-2.976234	0	6	49	302.408
-1.832596	2.664082	-1.071402	38	13	7	302.397
-2.617994	1.846342	-1.796954	3	13	56	302.371
-1.308997	1.135813	-2.658866	153	158	48	302.368
-0.523599	2.984978	1.954446	5	4	50	302.265
