#Coordinates  RecID  LigID  Luciferin  Neighbor's number  Vision Range  Scoring
(24.6357579,  7.1368450, 20.8511452, -0.7347311, -0.0822065,  0.5486706,  0.3903496)    0    0   5.70473390  4 1.440   3.87991677
(19.8823278,  5.4996721, 27.1466898,  0.9427193, -0.1429730,  0.0847247, -0.2892419)    0    0  21.89454914  2 2.480  14.57660664
(15.8498688,  8.9178094, 27.0901380,  0.2078191,  0.3155281,  0.8983439,  0.2241240)    0    0  15.72210921  7 0.520  10.84605122
(17.9020895, 13.4993242, 18.2415974,  0.1662421,  0.7113114,  0.2339623,  0.6416084)    0    0   4.94977752  2 0.520   2.54525162
(26.2564369,  3.4109222, 25.1424548, -0.7101855, -0.3951458,  0.1161485, -0.5709692)    0    0   9.81355786  3 0.600   5.42625976
(21.8723516,  8.6948714, 29.1278222,  0.2398324,  0.9252228, -0.2712649, -0.1133955)    0    0  16.30544209  1 1.800  11.03138262
(21.8416849,  8.8230484, 29.1216616,  0.2398244,  0.9252279, -0.2712602, -0.1133818)    0    0  16.02021567  4 0.520  10.87129195
(25.9588333,  4.1362507, 25.2236019, -0.7101855, -0.3951458,  0.1161485, -0.5709692)    0    0  11.36200423  6 4.280   7.63789391
(20.0469022,  5.7605976, 27.1604988,  0.9427164, -0.1429814,  0.0847233, -0.2892474)    0    0  21.18642498 14 0.000  14.15910942
(15.9534885,  8.7047853, 27.5870517,  0.2078290,  0.3155258,  0.8983433,  0.2241203)    0    0  15.66237217  9 0.440  10.89364917
(16.6226102, 11.0838394, 27.2817887, -0.1324760, -0.8683017, -0.1913552,  0.4380473)    0    0  16.95739181  4 0.840  11.39580612
(18.0285963, 13.5997172, 18.3784807,  0.1662422,  0.7113107,  0.2339629,  0.6416089)    0    0   7.49803532  5 2.040   6.67431013
(24.2584353,  7.2448165, 20.3988556, -0.7347311, -0.0822065,  0.5486706,  0.3903496)    0    0   4.56034890  4 0.280   3.86484985
(19.3796923,  5.2646596, 27.2753139,  0.9427154, -0.1429845,  0.0847227, -0.2892494)    0    0  18.76754733 19 0.000  11.91715392
(19.6569472, 12.7551056, 24.7711708,  0.7566283,  0.6331668,  0.0273330, -0.1608304)    0    0  17.58435093  3 0.960  12.04814218
(17.9846155, 13.6327368, 18.4235969,  0.1662422,  0.7113107,  0.2339629,  0.6416089)    0    0  10.33284560  2 3.480   6.64211764
(17.6416119, 13.7925964, 18.7504659,  0.1662422,  0.7113107,  0.2339629,  0.6416089)    0    0  10.59093404  1 5.000   7.31188091
(19.6246693, 12.8503375, 24.8469725,  0.7566283,  0.6331668,  0.0273330, -0.1608304)    0    0  15.72702836 14 0.080   9.93848117
(19.7605056,  5.2854431, 26.9584917,  0.9427169, -0.1429800,  0.0847235, -0.2892465)    0    0  20.70523979 11 0.000  14.44991094
(25.9415850,  3.3756166, 25.1307468, -0.7101855, -0.3951458,  0.1161485, -0.5709692)    0    0  10.99643863  7 0.560   7.68053211
(24.6273555,  7.1364918, 20.9111853, -0.7347311, -0.0822065,  0.5486706,  0.3903496)    0    0   5.40098156  4 0.480   3.77679167
(19.6179668,  5.0829777, 27.0602902,  0.9427194, -0.1429725,  0.0847248, -0.2892415)    0    0  21.90951740  1 5.000  14.61308179
(24.4764878,  7.2674343, 20.5994930, -0.7347311, -0.0822065,  0.5486706,  0.3903496)    0    0   5.36680115  1 0.640   3.60007212
(24.5761261,  4.4287842, 29.6378791,  0.6064332, -0.3783504, -0.1717152,  0.6779408)    0    0  16.70324076  5 5.000  11.07812663
(19.8504953, 12.7644227, 24.4197277,  0.7566283,  0.6331668,  0.0273330, -0.1608304)    0    0  17.37754699  7 0.800  11.80593817
(21.7795254,  8.7207095, 28.9699429,  0.2344850,  0.9285331, -0.2680470, -0.1042086)    0    0  10.67021627  4 0.520   9.86879323
(19.5597152,  5.1692743, 27.0048756,  0.9427103, -0.1429997,  0.0847202, -0.2892592)    0    0  20.17779716  7 0.240  13.79156058
(20.8164021, 12.9714467, 15.9640681,  0.1525131,  0.7700758,  0.1839793,  0.5915017)    0    0   4.02969459  3 0.760   4.51438415
(21.8189022,  8.3354967, 29.1941887,  0.2398324,  0.9252228, -0.2712649, -0.1133955)    0    0  15.86495187  9 3.400  10.74543131
(19.5081333,  5.3533981, 27.1113042,  0.9427144, -0.1429875,  0.0847222, -0.2892513)    0    0  20.77138657  1 0.720  14.30713127
(15.9599406,  8.9943549, 26.9565033,  0.2078240,  0.3155269,  0.8983436,  0.2241222)    0    0  15.86931831  5 0.560  11.08876418
(18.1252028, 13.6676389, 18.5481099,  0.1662422,  0.7113107,  0.2339629,  0.6416089)    0    0   6.57726673  4 0.440   4.73512317
(19.8148044,  5.4239341, 27.2038879,  0.9427126, -0.1429926,  0.0847214, -0.2892547)    0    0  21.41180937  7 0.240  14.22750088
(20.3840793, 12.7979013, 16.7617144,  0.1628357,  0.7270711,  0.2212531,  0.6292052)    0    0   3.98071874 15 3.240   0.25717107
(18.6285596,  9.7068266, 18.3073684, -0.4141871,  0.4076495,  0.5877085,  0.5629118)    0    0  -6.31614495  3 0.360  -3.07586610
(16.7978010, 11.0813695, 27.0170650, -0.1324760, -0.8683017, -0.1913552,  0.4380473)    0    0  17.49320126  0 5.000  11.66213417
(25.8263959,  3.8384626, 25.1910290, -0.7101855, -0.3951458,  0.1161485, -0.5709692)    0    0  10.72033027  1 0.920   7.64744846
(15.5128905,  8.7107618, 27.3882656,  0.2078191,  0.3155281,  0.8983439,  0.2241240)    0    0  15.93761782  4 0.760  10.88480583
(19.4319586, 13.0087174, 24.4036098,  0.7566283,  0.6331668,  0.0273330, -0.1608304)    0    0  16.17002694  8 0.320   9.96441344
(16.6026890, 10.9511135, 27.0201424, -0.1324760, -0.8683017, -0.1913552,  0.4380473)    0    0  15.44161446  5 0.360   8.98542062
(21.8312056,  8.5827119, 29.1541238,  0.2398324,  0.9252228, -0.2712649, -0.1133955)    0    0  16.24619283  2 5.000  10.82021949
(20.7688440, 12.3504369, 15.7736849,  0.1523681,  0.7706340,  0.1834677,  0.5909710)    0    0   2.64133413 11 0.080   2.08698996
(26.3209171,  4.1199205, 25.2311625, -0.7101855, -0.3951458,  0.1161485, -0.5709692)    0    0  11.45147656  4 1.640   7.68364212
(15.9070520,  8.7784993, 27.3609330,  0.2078290,  0.3155258,  0.8983433,  0.2241203)    0    0  15.43361528 12 0.440  10.32335327
(25.9627778,  3.3626914, 25.2284026, -0.7101855, -0.3951458,  0.1161485, -0.5709692)    0    0   9.73204302  3 0.600   5.26782291
(18.7099458,  9.2960662, 17.9981932, -0.4141871,  0.4076495,  0.5877085,  0.5629118)    0    0  -5.11209763  6 0.600  -3.13187379
(19.2566628,  5.1216507, 27.2044305,  0.9427123, -0.1429938,  0.0847212, -0.2892554)    0    0  19.37703847  0 0.560  13.96858189
(21.4119789,  2.5045284, 19.3811211,  0.6392642, -0.3560298, -0.4836231, -0.4803047)    0    0   0.36712482  0 5.000   0.24474988
(19.7959278,  5.4493545, 27.1862666,  0.9427104, -0.1429992,  0.0847203, -0.2892589)    0    0  21.30999644 10 0.400  14.39241894
(21.8133698,  8.6877578, 29.1448823,  0.2398324,  0.9252228, -0.2712649, -0.1133955)    0    0  16.32171853  0 5.000  10.90288377
(25.9372088,  4.3874519, 25.2525366, -0.7101855, -0.3951458,  0.1161485, -0.5709692)    0    0  11.46995934  3 3.560   7.66791255
(16.6390101, 11.3813414, 27.8386296, -0.1324760, -0.8683017, -0.1913552,  0.4380473)    0    0  16.15872960  3 0.440  11.00191809
(19.7312918,  5.0410474, 27.0805835,  0.9427122, -0.1429939,  0.0847211, -0.2892556)    0    0  18.99700695 18 0.000  12.02929499
(21.2066238, 12.6837985, 15.9910396,  0.1522894,  0.7709363,  0.1831902,  0.5906828)    0    0   2.14753766 13 0.920  -0.82814802
(21.2164564, 12.3112628, 15.9212642,  0.1527416,  0.7691935,  0.1847862,  0.5923380)    0    0   2.73697134  9 0.200   2.31425745
(19.7639400,  5.8505071, 27.5291243,  0.9427071, -0.1430090,  0.0847186, -0.2892653)    0    0  20.60384476  0 0.400  14.23750045
(19.3657050, 13.0961086, 24.1719360,  0.7566283,  0.6331668,  0.0273330, -0.1608304)    0    0  16.13611610  8 0.080   9.94166650
(24.4539461,  4.1949107, 30.1018641,  0.6064332, -0.3783504, -0.1717152,  0.6779408)    0    0  17.09266589  0 5.000  11.39511063
(17.8583829, 13.3761500, 18.2042054,  0.1662422,  0.7113107,  0.2339629,  0.6416089)    0    0   5.79702972  0 0.720   2.19075138
(19.5764778, 12.8305450, 24.6747506,  0.7566283,  0.6331668,  0.0273330, -0.1608304)    0    0  17.40907910  4 0.480  12.03237738
(25.9679824,  3.8944075, 25.1909107, -0.7101855, -0.3951458,  0.1161485, -0.5709692)    0    0   9.64384335 13 0.040   7.56717773
(19.9157263,  4.9341193, 26.9656578,  0.9427141, -0.1429884,  0.0847220, -0.2892520)    0    0  18.83796585 20 0.000  11.81058465
(17.8036641, 13.5815903, 18.5078187,  0.1662422,  0.7113107,  0.2339629,  0.6416089)    0    0   7.08916368  3 0.600   4.18619392
(26.0214522, -0.5404353, 22.0009592, -0.4966814,  0.1618164,  0.7534316,  0.3993292)    0    0  -7.70701954  0 5.000  -5.13801303
(25.9015102,  3.8330476, 25.1834452, -0.7101855, -0.3951458,  0.1161485, -0.5709692)    0    0   9.97089846  3 0.680   5.40484113
(24.4631379,  7.2727544, 20.8045916, -0.7347311, -0.0822065,  0.5486706,  0.3903496)    0    0   3.88751232  0 0.400   3.83680526
(16.4681476, 10.7975774, 27.1654227, -0.1324760, -0.8683017, -0.1913552,  0.4380473)    0    0  15.86007721  9 0.440  11.64468559
(18.7538249,  9.6952743, 18.2407013, -0.4141871,  0.4076495,  0.5877085,  0.5629118)    0    0  -5.83925540  8 0.400  -3.13656048
(18.0603565, 13.5979600, 18.3515518,  0.1662422,  0.7113107,  0.2339629,  0.6416089)    0    0   8.77487172  3 0.840   6.67086271
(18.7511900,  9.6577450, 18.2347064, -0.4141871,  0.4076495,  0.5877085,  0.5629118)    0    0  -4.61047819  1 5.000  -2.97735507
(21.7478695,  9.0735264, 29.1109437,  0.2398324,  0.9252228, -0.2712649, -0.1133955)    0    0  16.23868998  3 5.000  10.90642319
(20.9090886, 12.7026857, 16.0355139,  0.1526032,  0.7697202,  0.1842996,  0.5918315)    0    0   4.88283883  0 0.880   4.42633134
(24.4693483,  4.2143592, 30.0567115,  0.6064332, -0.3783504, -0.1717152,  0.6779408)    0    0  16.85120194  4 5.000  11.17971263
(15.8258169,  8.8997591, 27.1043217,  0.2078191,  0.3155281,  0.8983439,  0.2241240)    0    0  16.11405913  2 1.760  10.89597175
(19.4972993, 12.9223557, 24.5726132,  0.7566283,  0.6331668,  0.0273330, -0.1608304)    0    0  18.31218110  0 5.000  12.20813193
(24.2534362,  7.3138000, 20.6895222, -0.7347311, -0.0822065,  0.5486706,  0.3903496)    0    0   5.47192883  4 0.560   3.65480020
(19.6127346,  5.1001222, 27.0698981,  0.9427196, -0.1429720,  0.0847249, -0.2892412)    0    0  21.81698009  5 1.560  14.59292480
(16.1568115,  9.0966103, 26.8195063,  0.2078191,  0.3155281,  0.8983439,  0.2241240)    0    0  16.13752801  1 2.400  10.81220743
(24.2507511,  7.3356955, 20.7501315, -0.7347311, -0.0822065,  0.5486706,  0.3903496)    0    0   5.64804881  5 2.160   3.64329017
(22.2363278,  8.5193778, 29.0677914,  0.2396649,  0.9253309, -0.2711646, -0.1131065)    0    0  15.29447407  6 0.600   9.98253431
(19.7810897,  5.4999986, 26.9573407,  0.9427073, -0.1430086,  0.0847187, -0.2892650)    0    0  19.57661479  0 0.400  12.21592873
(19.7034612,  5.4357930, 27.2828451,  0.9427074, -0.1430082,  0.0847187, -0.2892648)    0    0  19.14297378 17 0.000  12.15375832
(15.5866725,  8.7597224, 27.3125604,  0.2078191,  0.3155281,  0.8983439,  0.2241240)    0    0  15.48532638  0 0.480  10.73981906
(16.8496324, 11.0484514, 26.8855359, -0.1324760, -0.8683017, -0.1913552,  0.4380473)    0    0  16.78498273  7 0.840  10.81589507
(16.5659799, 11.0940921, 27.3812686, -0.1324760, -0.8683017, -0.1913552,  0.4380473)    0    0  17.27844523  1 5.000  11.73761760
(19.7662368,  5.3448300, 27.0333697,  0.9427091, -0.1430031,  0.0847196, -0.2892614)    0    0  20.39433431 13 0.000  14.03318942
(21.3028255,  9.2577073, 29.0209999,  0.2397871,  0.9252520, -0.2712378, -0.1133174)    0    0  15.83663033  0 0.760  10.67175436
(19.7392534, 12.8287879, 24.9892129,  0.7566283,  0.6331668,  0.0273330, -0.1608304)    0    0  14.74979251  3 0.320   9.93845663
(16.8386509, 11.0791445, 26.9529093, -0.1324760, -0.8683017, -0.1913552,  0.4380473)    0    0  17.04342483  2 5.000  11.14493207
(18.8191695,  9.9286286, 18.3770280, -0.4141871,  0.4076495,  0.5877085,  0.5629118)    0    0  -4.95488485  2 0.840  -3.31853846
(19.7368259,  5.4233675, 27.1792793,  0.9427189, -0.1429740,  0.0847246, -0.2892425)    0    0  20.25300418  9 0.080  12.13265194
(20.3816704,  5.8090286, 27.0845538,  0.9427082, -0.1430059,  0.0847190, -0.2892634)    0    0  21.03344700  0 0.640  14.67786727
(19.4432819, 12.9583680, 24.3878075,  0.7566283,  0.6331668,  0.0273330, -0.1608304)    0    0  15.61980495 15 0.000   9.85021208
(19.8337033,  5.4230183, 27.1307941,  0.9427196, -0.1429720,  0.0847249, -0.2892412)    0    0  22.13434205  0 5.000  14.75622804
(16.9706053, 11.0541922, 26.6997823, -0.1324760, -0.8683017, -0.1913552,  0.4380473)    0    0  15.39895881  8 0.120  11.29923070
(24.3464860,  7.1069358, 20.2555256, -0.7347311, -0.0822065,  0.5486706,  0.3903496)    0    0   3.89500635  5 0.240   3.82888551
(21.0591377, 12.5537876, 16.0674794,  0.1524445,  0.7703393,  0.1837376,  0.5912508)    0    0   2.71379730 10 1.920  -0.14959469
(15.8445885,  8.9133057, 27.0926772,  0.2078191,  0.3155281,  0.8983439,  0.2241240)    0    0  16.05625610  3 0.960  10.90005257
(20.0563410,  5.0523368, 26.9805309,  0.9427144, -0.1429873,  0.0847222, -0.2892513)    0    0  20.82973342  0 0.400  14.26504277
(19.4790140, 12.8035568, 24.5034449,  0.7566283,  0.6331668,  0.0273330, -0.1608304)    0    0  16.66591250  1 0.480  11.60962362
(20.7457017, 12.7130049, 16.0259541,  0.1524904,  0.7701631,  0.1838993,  0.5914187)    0    0   4.12647102  1 0.880   4.19698277
(24.9501017,  7.0833002, 20.9590630, -0.7347311, -0.0822065,  0.5486706,  0.3903496)    0    0   4.68089257 10 0.000   3.70956655
(19.4421644, 12.9038901, 24.5780741,  0.7566283,  0.6331668,  0.0273330, -0.1608304)    0    0  16.74757845  2 0.640  11.41365612
(19.4175025, 12.9586443, 24.4127662,  0.7566283,  0.6331668,  0.0273330, -0.1608304)    0    0  17.54665731  2 0.720  11.79296943
(19.4738994, 12.9960182, 25.2947304,  0.7566283,  0.6331668,  0.0273330, -0.1608304)    0    0  15.76798452  1 0.480  11.71833441
(19.3348537, 13.0004897, 24.4316311,  0.7566283,  0.6331668,  0.0273330, -0.1608304)    0    0  17.81996211  2 1.440  11.87724329
(20.2938717,  5.5942033, 26.9430854,  0.9427084, -0.1430053,  0.0847193, -0.2892629)    0    0  20.03228126  6 0.320  13.86362433
(24.5886345,  7.1610303, 20.8415206, -0.7347311, -0.0822065,  0.5486706,  0.3903496)    0    0   5.78204494  1 5.000   3.92482065
(17.7411502, 13.5876079, 18.5217756,  0.1662421,  0.7113114,  0.2339623,  0.6416084)    0    0   6.58793705  5 0.680   2.97352723
(19.3850343,  5.5198147, 27.2500160,  0.9427158, -0.1429833,  0.0847229, -0.2892486)    0    0  21.86319564  3 0.800  14.81917885
(18.2765344, 13.6683480, 18.2289181,  0.1662418,  0.7113126,  0.2339614,  0.6416075)    0    0   2.00460536  0 0.520  -1.37115117
(25.9545103,  3.8851804, 25.1919151, -0.7101855, -0.3951458,  0.1161485, -0.5709692)    0    0  11.52476511  1 5.000   7.68831343
(19.7846126,  5.8085947, 27.3130235,  0.9427126, -0.1429929,  0.0847213, -0.2892549)    0    0  20.54785425  0 0.560  14.05769071
(25.9538367,  3.8407419, 25.1864889, -0.7101855, -0.3951458,  0.1161485, -0.5709692)    0    0  11.54180203  0 5.000   7.69453469
(25.9471252,  3.3979676, 25.1324230, -0.7101855, -0.3951458,  0.1161485, -0.5709692)    0    0  11.50256069  2 2.680   7.66551059
(20.0285466, 12.8305733, 24.9973637,  0.7566283,  0.6331668,  0.0273330, -0.1608304)    0    0  16.79657202  0 0.800  11.49230178
(24.5900532,  4.3833076, 29.6808788,  0.6064332, -0.3783504, -0.1717152,  0.6779408)    0    0  16.96657556  3 5.000  11.39069943
(26.3076665,  3.8549454, 25.0557694, -0.7101855, -0.3951458,  0.1161485, -0.5709692)    0    0  10.28187250  0 0.680   7.17184698
(18.8511718, 10.0798806, 18.4525483, -0.4141871,  0.4076495,  0.5877085,  0.5629118)    0    0  -4.76598157  4 0.920  -3.20575616
(21.0666418, 12.9501289, 15.9329703,  0.1524427,  0.7703469,  0.1837311,  0.5912442)    0    0   2.58948673  1 0.360   2.24336186
(17.5882630, 13.9189803, 18.8723062,  0.1662422,  0.7113107,  0.2339629,  0.6416089)    0    0   6.21418900  6 0.280   4.48540367
(15.8025055,  8.6951599, 27.2301508,  0.2078191,  0.3155281,  0.8983439,  0.2241240)    0    0  15.13490441  7 0.240  10.13045539
(18.7486130,  9.6951318, 18.2468268, -0.4141871,  0.4076495,  0.5877085,  0.5629118)    0    0  -8.80942287  7 0.520  -6.94089091
(24.4892284,  7.2662131, 20.8119006, -0.7347311, -0.0822065,  0.5486706,  0.3903496)    0    0   2.06507232  9 0.240   1.01578891
(15.4802686,  8.7257226, 27.4122780,  0.2078240,  0.3155269,  0.8983436,  0.2241222)    0    0  15.36744444  5 0.560  10.52065770
(16.0093864,  8.9923961, 26.9416641,  0.2078191,  0.3155281,  0.8983439,  0.2241240)    0    0  15.59796505  9 0.120  10.87590554
(24.0905049,  7.4313539, 20.8760744, -0.7347311, -0.0822065,  0.5486706,  0.3903496)    0    0   3.96781702  0 0.400   3.55034230
(19.6466962,  4.9345895, 26.9930336,  0.9427180, -0.1429768,  0.0847241, -0.2892444)    0    0  21.48745328  9 0.000  14.49597978
(19.6034811,  5.7649383, 26.8579747,  0.9427107, -0.1429985,  0.0847205, -0.2892584)    0    0  18.78255935 24 0.000  12.04136083
(24.4246285,  7.2462982, 20.7977317, -0.7347311, -0.0822065,  0.5486706,  0.3903496)    0    0   4.83200979  8 0.400   3.44728757
(19.6399390, 12.8381990, 24.7962827,  0.7566283,  0.6331668,  0.0273330, -0.1608304)    0    0  12.91561061 18 0.000   7.11177616
(21.2086902, 12.6837402, 15.9974952,  0.1524070,  0.7704844,  0.1836050,  0.5911134)    0    0   2.11997755  7 0.440  -0.84037848
(18.7966160,  9.8497991, 18.3337806, -0.4141871,  0.4076495,  0.5877085,  0.5629118)    0    0  -5.76315779  7 0.840  -4.68784395
(18.7640593,  9.7122326, 18.2629756, -0.4141871,  0.4076495,  0.5877085,  0.5629118)    0    0  -4.74432036  3 2.840  -3.18006050
(21.7732780,  8.9459291, 29.1215497,  0.2398322,  0.9252229, -0.2712648, -0.1133953)    0    0  16.09524998  6 0.600  10.70175969
(19.2531438, 13.4438429, 24.5362903,  0.7566283,  0.6331668,  0.0273330, -0.1608304)    0    0  14.98548349  7 0.240   9.67019313
(20.9722062, 12.4011921, 15.8357333,  0.1528305,  0.7688502,  0.1851002,  0.5926634)    0    0   3.00659482  8 0.280   1.97877330
(20.3657031,  6.0437171, 27.2236781,  0.9427099, -0.1430006,  0.0847198, -0.2892600)    0    0  21.58161189  0 0.960  14.42861500
(24.4336697,  4.1671464, 30.1641786,  0.6064332, -0.3783504, -0.1717152,  0.6779408)    0    0  17.05848148  1 5.000  11.40249510
(21.3180772,  8.6071781, 29.2910936,  0.2398324,  0.9252228, -0.2712649, -0.1133955)    0    0  16.14995590  4 5.000  10.86260480
(25.7484860,  3.4928189, 25.1381690, -0.7101855, -0.3951458,  0.1161485, -0.5709692)    0    0  11.43494087  5 3.800   7.61459279
(19.9755154,  5.5321439, 27.1305520,  0.9427189, -0.1429740,  0.0847246, -0.2892425)    0    0  21.65601717  9 0.960  14.48475194
(16.5534614, 10.9347177, 27.1099696, -0.1324760, -0.8683017, -0.1913552,  0.4380473)    0    0  16.81572871  2 0.760  11.27413504
(24.2760187,  7.2732301, 20.7116203, -0.7347311, -0.0822065,  0.5486706,  0.3903496)    0    0   5.42562712  4 0.400   3.61208429
(19.9104285, 13.0795969, 24.5113871,  0.7566283,  0.6331668,  0.0273330, -0.1608304)    0    0  17.15115022  0 0.800  11.72883117
(21.0762518, 12.6896470, 15.6033705,  0.1525796,  0.7698198,  0.1842139,  0.5917450)    0    0   3.96297852  2 0.480   4.43529256
(18.7677074,  9.7275821, 18.2707785, -0.4141871,  0.4076495,  0.5877085,  0.5629118)    0    0  -4.51329690  0 5.000  -3.00886460
(21.8492701,  8.2392062, 28.7835432,  0.1815278,  0.9546780, -0.2353940, -0.0150731)    0    0   7.10539692 17 1.720   6.54449196
(24.1702372,  7.4226186, 20.8939980, -0.7347311, -0.0822065,  0.5486706,  0.3903496)    0    0   4.91806987  0 0.400   3.71967389
(21.0264768, 12.2830223, 15.9227381,  0.1527038,  0.7693392,  0.1846528,  0.5921996)    0    0   3.72871303  7 0.920   4.12143883
(18.8514074,  9.7037605, 18.4895655, -0.4141871,  0.4076495,  0.5877085,  0.5629118)    0    0  -7.19042310  5 0.280  -6.26559179
(19.8933872,  5.6199490, 27.2441745,  0.9427142, -0.1429880,  0.0847222, -0.2892516)    0    0  20.25801311  0 0.400  14.66621866
(19.9495764,  5.5930306, 27.1657156,  0.9427145, -0.1429869,  0.0847222, -0.2892510)    0    0  21.76067542  7 0.640  14.43865093
(19.6287976, 12.8542522, 24.8589622,  0.7566283,  0.6331668,  0.0273330, -0.1608304)    0    0  17.88338078  1 1.760  12.06757817
(19.7864908,  5.5876709, 27.2085958,  0.9427185, -0.1429753,  0.0847244, -0.2892433)    0    0  21.42936332 12 0.000  14.34143475
(19.6274645,  5.1224596, 27.0761918,  0.9427167, -0.1429805,  0.0847234, -0.2892468)    0    0  21.43732272  1 0.800  14.52479402
(21.8295159,  8.1208384, 28.8812461,  0.1204679,  0.9696011, -0.1959453,  0.0834665)    0    0   7.69089897 16 2.120  -0.04178144
(19.6408269,  5.5533963, 27.1580558,  0.9427142, -0.1429880,  0.0847221, -0.2892517)    0    0  21.17267291 16 0.000  14.38855135
(24.1419540,  7.3917395, 20.7241959, -0.7347311, -0.0822065,  0.5486706,  0.3903496)    0    0   5.74187767  2 4.240   3.77012530
(19.1898825, 13.0268135, 24.1831777,  0.7566283,  0.6331668,  0.0273330, -0.1608304)    0    0  17.47323435  5 0.560  12.03108719
(16.0412751,  9.0218111, 26.9160539,  0.2078191,  0.3155281,  0.8983439,  0.2241240)    0    0  15.68164072  8 0.440  10.87677096
(24.4223755,  7.2469805, 20.7964907, -0.7347311, -0.0822065,  0.5486706,  0.3903496)    0    0   5.86912822  0 5.000   3.91275215
(19.8947029,  5.5973622, 27.1770500,  0.9427175, -0.1429783,  0.0847238, -0.2892454)    0    0  21.63393982  5 0.320  14.40167703
(20.7976049, 12.8435655, 15.9644873,  0.1525738,  0.7698418,  0.1841937,  0.5917241)    0    0   3.94978521  6 0.440   4.36077050
(20.2943897, 12.8560137, 24.9433639,  0.7566283,  0.6331668,  0.0273330, -0.1608304)    0    0  16.44724458  1 0.560  11.75896678
(15.8255378,  8.9001671, 27.1027096,  0.2078240,  0.3155269,  0.8983436,  0.2241222)    0    0  15.81069567  6 0.920  10.84541312
(19.6123615,  4.9964288, 27.0810270,  0.9427140, -0.1429885,  0.0847220, -0.2892520)    0    0  19.20674065 20 0.000  12.14010480
(15.4475323,  8.6909780, 27.7389982,  0.3272636,  0.2868831,  0.8824102,  0.1787425)    0    0   7.39986053  1 1.000   8.44746586
(24.0406947,  7.4639657, 20.7008834, -0.7347311, -0.0822065,  0.5486706,  0.3903496)    0    0   3.72422475  0 0.480   1.66510994
(21.0578118, 12.4171090, 16.0080644,  0.1529047,  0.7685627,  0.1853625,  0.5929350)    0    0   4.07256439  0 0.560   4.68658091
(19.3028677, 12.9386980, 24.5783523,  0.7566283,  0.6331668,  0.0273330, -0.1608304)    0    0  13.89826321  1 0.560   7.09567763
(19.5826018,  4.8084297, 26.9720095,  0.9427143, -0.1429877,  0.0847221, -0.2892515)    0    0  21.44451686 12 0.000  14.33903324
(24.1085554,  7.4872814, 20.3102114, -0.7347311, -0.0822065,  0.5486706,  0.3903496)    0    0   2.51663688  0 0.560  -0.82915490
(26.0019073,  3.6405073, 25.1627251, -0.7101855, -0.3951458,  0.1161485, -0.5709692)    0    0   9.56438640  1 0.560   5.34880280
(19.7717238,  5.4619312, 27.1553550,  0.9427148, -0.1429861,  0.0847225, -0.2892505)    0    0  20.93631194  5 0.400  14.67406385
(19.9048521,  5.5353005, 27.1540909,  0.9427183, -0.1429758,  0.0847242, -0.2892437)    0    0  21.70992562  8 2.480  14.37712807
(24.1393804,  7.3932735, 20.7199227, -0.7347311, -0.0822065,  0.5486706,  0.3903496)    0    0   5.72720044  3 1.440   3.77541603
(18.8145987,  9.4115981, 18.0574218, -0.4141871,  0.4076495,  0.5877085,  0.5629118)    0    0  -8.41956637 10 0.000  -5.27792022
(16.9191060, 11.0994972, 26.8585452, -0.1324760, -0.8683017, -0.1913552,  0.4380473)    0    0  16.90362399  5 5.000  11.19108977
(24.5728019,  4.3576733, 29.7365712,  0.6064332, -0.3783504, -0.1717152,  0.6779408)    0    0  17.03618280  2 5.000  11.32398158
(21.1590954,  2.1830736, 19.4066933,  0.6392642, -0.3560299, -0.4836231, -0.4803048)    0    0  -0.12984457  1 5.000  -0.05754877
(24.0873657,  7.4252037, 20.8170786, -0.7347311, -0.0822065,  0.5486706,  0.3903496)    0    0   5.36846055  7 0.240   3.71794901
(16.6044382, 11.0493075, 27.2601747, -0.1324760, -0.8683017, -0.1913552,  0.4380473)    0    0  16.97101744  3 1.080  11.37722506
(18.8545276, 10.0946645, 18.4603831, -0.4141871,  0.4076495,  0.5877085,  0.5629118)    0    0  -4.72172775  2 5.000  -3.22905530
(22.2922724,  8.6754566, 29.0269797,  0.2395255,  0.9254207, -0.2710811, -0.1128661)    0    0  15.48739506  0 0.440  10.11938682
(19.5995857,  5.0481300, 27.0524657,  0.9427175, -0.1429781,  0.0847238, -0.2892452)    0    0  21.78110586  6 0.640  14.61804318
(17.7224768, 13.7531059, 18.6729460,  0.1662422,  0.7113107,  0.2339629,  0.6416089)    0    0   8.60424851  4 5.000   5.18393463
(21.7199417,  8.5077488, 29.2510901,  0.2362798,  0.9274542, -0.2691309, -0.1072831)    0    0  11.86798832  7 0.280   9.68042759
(21.6890726,  8.8820181, 29.1517179,  0.2398324,  0.9252228, -0.2712649, -0.1133955)    0    0  16.02669948  7 4.840  10.45902821
(15.5250007,  8.7185109, 27.4018531,  0.4410051,  0.2532513,  0.8511237,  0.1302562)    0    0  -1.26068873 16 0.200  -3.43605690
(19.5284402, 12.3862620, 24.8640571,  0.7566283,  0.6331668,  0.0273330, -0.1608304)    0    0  15.22505657  4 0.480  10.26087908
(16.2974899,  8.6232533, 27.0633059,  0.7546862,  0.1131699,  0.6448378, -0.0427250)    0    0  16.56776149  4 5.000  11.69075181
(21.6696198,  9.4301072, 29.0648118,  0.2398253,  0.9252274, -0.2712607, -0.1133834)    0    0  16.10336941  5 2.120  10.88512717
(18.7114498,  9.5084260, 18.1540341, -0.4141871,  0.4076495,  0.5877085,  0.5629118)    0    0  -4.97649579  6 0.520  -2.84405726
(17.9266889, 13.6597333, 18.4787985,  0.1662422,  0.7113107,  0.2339629,  0.6416089)    0    0  10.71307447  0 5.000   7.14213057
(19.8051112,  5.3683343, 27.1818302,  0.9427112, -0.1429969,  0.0847207, -0.2892574)    0    0  20.68245390  0 0.400  14.46588435
(19.6818153,  5.1809886, 27.0802377,  0.9427186, -0.1429749,  0.0847244, -0.2892431)    0    0  21.83436443  4 5.000  14.60667684
(19.7690675, 12.8622731, 24.7643644,  0.7566283,  0.6331668,  0.0273330, -0.1608304)    0    0  16.58067213  9 0.320  10.16355947
(19.9795886,  5.4739936, 27.6151568,  0.9427009, -0.1430276,  0.0847155, -0.2892773)    0    0  19.55042254  0 0.400  13.74939492
(21.6588661,  8.4974673, 29.3495970,  0.2362728,  0.9274584, -0.2691267, -0.1072712)    0    0  12.49804448  6 0.240   9.88327804
