#Coordinates  RecID  LigID  Luciferin  Neighbor's number  Vision Range  Scoring
(24.6765823,  7.4391854, 20.9023785, -0.7347186, -0.0822405,  0.5486581,  0.3903836)    0    0   3.78229000  0 5.000   3.45133145
(20.0838696,  3.8917599, 26.8792202,  0.9463751, -0.1300191,  0.1178716, -0.2712479)    0    0   8.43899011  2 3.320  12.11803876
(14.2745394,  6.4888982, 26.7550322,  0.1953724,  0.3154879,  0.9010483,  0.2241743)    0    0 -12.10889831 11 2.360  -2.35677433
(18.7467018, 11.4406265, 18.6789947,  0.1700213,  0.7379973,  0.2095579,  0.6184967)    0    0 -17.08512815  8 3.000 -12.78902951
(26.2714989,  3.6086583, 24.7962333, -0.7081478, -0.3930411,  0.1130663, -0.5755387)    0    0   1.34827887 11 3.080   0.38718692
(24.0987771,  9.4817760, 29.4088963,  0.2398458,  0.9252256, -0.2712495, -0.1133808)    0    0  12.75145430  1 5.000   8.53805129
(20.6109789,  7.7787170, 29.5152457, -0.2459112,  0.7556449,  0.0201758,  0.6067300)    0    0   8.66928249 10 2.200   8.83553879
(26.4306648,  3.4558034, 23.2920182, -0.6976121, -0.3867418,  0.1068435, -0.5935930)    0    0  -0.32194882  8 1.800   2.22241944
(20.5892420,  2.1635258, 24.5498093,  0.9368673, -0.1646038,  0.0569410, -0.3032210)    0    0 -23.72984850  6 2.200  -6.79177512
(15.0811345,  8.2638192, 28.0742477,  0.2075127,  0.3156006,  0.8983305,  0.2243580)    0    0  14.67063412  0 5.000   9.93480604
(17.0293521, 11.0892243, 26.3221637, -0.1438911, -0.8613634, -0.1829746,  0.4515182)    0    0   5.62353564 11 3.240   6.18252675
(13.0871103, 11.2100921, 22.4469153,  0.2413001,  0.2471419,  0.4407183,  0.8285303)    0    0 -10.14030050  0 4.280  -4.26738243
(25.1094739,  7.3268603, 20.7705235, -0.8628929, -0.2587509,  0.4020150, -0.1638528)    0    0 -14.83460860 15 2.040  -9.49375493
(21.2856484,  4.3872496, 32.5814539, -0.9390566,  0.1752312, -0.1384715,  0.2613281)    0    0   8.99882509  2 5.000   5.84128442
(24.3895289, 11.6113826, 24.8833691,  0.7411949,  0.5907229, -0.0075108, -0.3187793)    0    0   2.59258931  8 1.720   4.60103429
(16.0296496, 12.8545015, 19.6397577,  0.1800364,  0.6343046,  0.2897520,  0.6937495)    0    0 -13.92327665  1 3.720  -7.55186170
(16.5128921, 12.3066409, 19.8107734,  0.1802511,  0.6067062,  0.2893291,  0.7181266)    0    0 -18.62563546  5 3.000  -3.96901092
(23.8677182, 12.1774285, 24.9548069,  0.7394446,  0.6244837,  0.0009025, -0.2514778)    0    0   6.18567810  7 2.200   7.97303142
(19.3203243,  4.6532802, 25.1309198,  0.9492274, -0.1023631,  0.1790292, -0.2375528)    0    0   4.89476511  3 2.200   6.70154148
(26.2068169,  3.7931450, 24.9185162, -0.7080492, -0.3932278,  0.1132366, -0.5754804)    0    0   5.87092895  4 5.000   4.90865408
(24.7789829,  7.4668253, 20.5757708, -0.7866070, -0.1050914,  0.5403156,  0.2797575)    0    0 -17.83247230 15 1.640 -15.47449115
(19.1879488,  3.3146864, 25.1960991,  0.9456632, -0.1276875,  0.1142896, -0.2761862)    0    0  -5.36250128 10 1.800   4.41992183
(23.3659710,  5.0489758, 18.6127722, -0.7771933, -0.0508536,  0.5204315,  0.3500507)    0    0 -36.13652303  9 3.480 -17.09407164
(25.1271154,  4.9551784, 30.1925314,  0.6064278, -0.3783340, -0.1717436,  0.6779438)    0    0  15.94289176  0 5.000  10.67519777
(26.6451665, 10.6188523, 23.2412766,  0.3178295,  0.1874849, -0.1260550, -0.9208387)    0    0  -5.70698098  4 2.440  -2.34945326
(21.6514468,  6.9216456, 28.2020319, -0.2493727,  0.7592296,  0.0650056,  0.5974403)    0    0   9.48618696  9 1.000   7.92402916
(18.7991583,  1.4953224, 20.8347160,  0.5625533, -0.3850816, -0.5385235, -0.4952155)    0    0 -50.35434919  5 4.680 -22.08647999
(20.9246771, 12.0443322, 17.2806652,  0.1461761,  0.7707168,  0.1862961,  0.5914913)    0    0  -5.66851520  6 3.480  -0.60893914
(23.6659231, 10.2116879, 29.4756473,  0.2398707,  0.9252080, -0.2712393, -0.1134961)    0    0  12.72827839  2 5.000   8.47719084
(21.8987655,  7.0756664, 27.7865648, -0.2505785,  0.7574891,  0.0772330,  0.5978700)    0    0  12.21344493  4 3.160   8.69436209
(15.0766054,  8.2065051, 27.7956175,  0.2110881,  0.3143998,  0.8998616,  0.2162436)    0    0   9.42283613  8 2.920   9.28499743
(13.3027262, 11.5269034, 22.6668523,  0.1135331,  0.3053646,  0.4025209,  0.8554763)    0    0 -20.12829663  5 3.000   1.27055973
(20.5324968,  1.7707966, 25.4489223,  0.9384551, -0.1606637,  0.0604188, -0.2997313)    0    0 -27.68367238  6 2.120 -12.97049030
(20.9567449, 12.1608678, 17.1718535, -0.0019368,  0.6321431,  0.2136356,  0.7448162)    0    0 -24.42270962 15 2.280 -17.45181986
(18.3701813,  8.8385163, 18.2103514, -0.4049062,  0.4086616,  0.5875726,  0.5688932)    0    0 -19.82155318  1 4.120  -7.28411878
(16.5200215, 10.6292324, 27.5713562, -0.1324755, -0.8683055, -0.1913003,  0.4380640)    0    0  15.38694772  0 5.000  10.67706953
(26.4715741,  3.5006146, 24.5388579, -0.7044251, -0.3890722,  0.1078372, -0.5837402)    0    0   3.68665502  8 1.160   4.81976514
(14.7162951,  8.2099228, 28.0339172,  0.2074089,  0.3161127,  0.8992567,  0.2199755)    0    0  11.45055543  6 3.480   8.89707306
(23.5919636, 12.4802513, 24.9848457,  0.7577545,  0.6136074,  0.0157111, -0.2214662)    0    0   7.39110783  5 3.080   8.27009695
(16.6207262, 10.9139195, 27.6989072, -0.1320424, -0.8685298, -0.1915480,  0.4376411)    0    0  13.93086580  5 3.080  10.31467481
(24.0762704,  9.7360992, 29.4322816,  0.2400984,  0.9250790, -0.2712806, -0.1139650)    0    0  12.51307451  4 4.760   8.60275531
(21.3282515, 12.4054542, 17.7778467,  0.2507501,  0.8093128,  0.1705783,  0.5030310)    0    0 -11.00991546  8 4.280  -3.51396794
(26.4845318,  3.4979417, 24.3264803, -0.6965443, -0.3861357,  0.1057028, -0.5954428)    0    0   4.01564069  8 2.280   4.93540137
(14.9762286,  8.2760372, 28.4543919,  0.2076430,  0.3154912,  0.8984907,  0.2237493)    0    0  13.85311829  2 5.000   9.73636600
(26.3276727,  3.3728173, 25.0291868, -0.7081782, -0.3925113,  0.1114853, -0.5761652)    0    0   5.97630324  3 5.000   4.91027141
(17.2933700,  7.5649947, 17.0056150, -0.3840534,  0.4125265,  0.5964642,  0.5712679)    0    0 -46.95494066 10 2.840 -26.36572964
(19.5693660,  7.8929604, 30.8103208, -0.2300844,  0.7317802, -0.0744337,  0.6371959)    0    0   6.80787455 11 3.640   9.65330115
(21.4012823,  2.4201838, 18.5941140, -0.8059137,  0.0806846,  0.4448533,  0.3822286)    0    0 -55.68457619  3 4.040 -16.98515824
(20.5256568,  2.0564800, 23.3291055,  0.8350896, -0.2805519, -0.2151462, -0.4214595)    0    0 -27.27474716  6 2.760  -6.05473264
(23.8758441,  9.9094740, 29.4515691,  0.2399450,  0.9251813, -0.2711790, -0.1137003)    0    0  12.68496510  3 4.840   8.53739099
(26.4232088,  3.6033564, 24.4670130, -0.7035867, -0.3900600,  0.1090975, -0.5838808)    0    0   4.59245046  7 4.520   4.74995555
(16.3272621, 12.8836995, 25.8502746, -0.1196005, -0.8754483, -0.1813791,  0.4317263)    0    0   6.99057329  9 3.880   4.81929110
(21.9852598,  4.0921638, 32.9821656, -0.9390738,  0.1753545, -0.1386154,  0.2611069)    0    0   8.37225398  3 4.520   5.74458855
(20.8373717, 11.8440582, 17.3517634,  0.1483671,  0.7674115,  0.1892435,  0.5942959)    0    0  -8.61110783  7 2.760  -3.53444679
(20.2075913, 11.7186434, 17.7795688,  0.1566013,  0.7672525,  0.1867020,  0.5931960)    0    0 -11.47334712  8 1.960  -3.02473391
(20.3770990,  3.3401879, 26.4298177,  0.9479418, -0.1233610,  0.1360293, -0.2601624)    0    0   2.00794310 12 1.640   5.81030231
(23.1058435, 13.4337976, 24.4541256,  0.7563074,  0.6343149,  0.0281296, -0.1576467)    0    0  11.03111695  0 5.000   9.03800917
(25.1979622,  5.0011971, 30.5384428,  0.6070705, -0.3801203, -0.1689719,  0.6770653)    0    0  15.05778729  5 4.120  10.54634034
(14.0133001, 11.9612936, 21.7896974,  0.1904623,  0.3673269,  0.3978788,  0.8188330)    0    0 -23.43712319 11 2.200 -10.68384162
(22.2315105, 12.4776863, 23.7480784,  0.7469227,  0.6298754,  0.0127980, -0.2126022)    0    0  -0.20437614 10 1.960   3.07583592
(26.5898994,  3.9882948, 23.7313558, -0.7019003, -0.3897065,  0.1133316, -0.5853291)    0    0  -2.26229172  9 0.440   0.16455638
(21.3192545,  4.3723411, 32.5926541, -0.9390545,  0.1752283, -0.1384604,  0.2613284)    0    0   9.25397499  0 5.000   6.18174225
(16.9222968, 12.0457366, 19.7444249,  0.2011613,  0.6100971,  0.3049576,  0.7030765)    0    0 -17.18173937  4 2.760  -8.35467701
(26.0214522, -0.5404353, 22.0009592, -0.4966814,  0.1618164,  0.7534316,  0.3993292)    0    0  -7.70655495  0 5.000  -5.13801303
(26.1122984,  3.8096251, 25.1414534, -0.7103362, -0.3944567,  0.1144444, -0.5715985)    0    0   6.94021886  1 5.000   5.07822114
(24.7356248,  7.6942335, 20.6143046, -0.7398931, -0.0675177,  0.5535205,  0.3763171)    0    0  -3.25239925  8 1.080   1.06734614
(16.4108567, 10.3674205, 27.5917588, -0.1326175, -0.8681451, -0.1922032,  0.4379426)    0    0  15.22389490  1 5.000  10.75430789
(18.0596181,  8.9407260, 17.7601338, -0.3970211,  0.4112688,  0.5888331,  0.5713810)    0    0 -27.50892258  3 3.480 -12.55217804
(13.5831487, 11.6694026, 22.2492245,  0.1425198,  0.5467256,  0.3219857,  0.7596739)    0    0 -12.83849400  2 4.600  -3.51444147
(16.8942390,  9.3615427, 17.9258045, -0.3610347,  0.4146784,  0.5941407,  0.5871053)    0    0 -44.54829341  8 2.520 -26.43685042
(23.8993395,  9.8565414, 29.4458130,  0.2398373,  0.9252251, -0.2712507, -0.1134000)    0    0  12.75925136  0 5.000   8.50635670
(20.9870011, 12.0531455, 17.2193355,  0.1517147,  0.7721043,  0.1820595,  0.5896540)    0    0  -3.05295851  3 3.480  -1.10744174
(25.0853211,  4.9056509, 29.7164948,  0.6065063, -0.3786442, -0.1712223,  0.6778357)    0    0  15.59707204  3 5.000  10.64688721
(14.7911653,  7.4755770, 26.9114233,  0.2100382,  0.3143285,  0.8995606,  0.2187369)    0    0   1.41538597 10 1.960   3.37259597
(24.4871189, 11.8680611, 24.1015659,  0.7558949,  0.6241826,  0.0183653, -0.1966766)    0    0   3.43701865  9 2.120   3.95498279
(24.7170774,  7.4407164, 20.4763327, -0.7409942, -0.0624039,  0.5561941,  0.3707532)    0    0  -2.05653243  6 1.880  -1.33246026
(20.2529894,  3.7113876, 26.3252410,  0.9392069, -0.1505117,  0.0630315, -0.3020989)    0    0   3.15267968 11 1.560   5.41069884
(13.3712883,  4.8509700, 24.0070126,  0.1950492,  0.3186178,  0.9029328,  0.2119016)    0    0 -42.61674160  5 5.000 -20.12549781
(24.5157062,  6.7259303, 19.8166716, -0.7477889, -0.0661986,  0.5450900,  0.3732378)    0    0 -13.01562727 12 1.240  -3.15588678
(21.6151979,  7.1774520, 28.3280299, -0.2506462,  0.7583959,  0.0719840,  0.5973471)    0    0  11.69685288  6 4.440   8.48068992
(18.4684499,  4.5383300, 24.4142999,  0.9469067, -0.0900854,  0.2028210, -0.2326284)    0    0 -19.50449366  8 2.680  -5.21480316
(21.7440629,  4.1889702, 32.7385701, -0.9394314,  0.1755154, -0.1393238,  0.2593200)    0    0   7.41485169  4 5.000   5.83894907
(15.2510840,  8.2981782, 28.2628662,  0.2095379,  0.3147611,  0.8986018,  0.2225450)    0    0  13.60014061  3 4.280   9.72660413
(16.4487048, 10.4028219, 27.4190177, -0.1326527, -0.8681409, -0.1922078,  0.4379383)    0    0  14.97164573  2 5.000  10.72793907
(16.2967989, 12.5497900, 26.1278149, -0.1188611, -0.8794345, -0.1708849,  0.4280950)    0    0   6.88060569 10 4.200   4.30811378
(19.9451504,  3.9264610, 27.1669541,  0.9414085, -0.1464409,  0.0751749, -0.2943704)    0    0   7.37112381  5 3.480  10.77613158
(21.7270358,  7.1786456, 28.0963325, -0.2504305,  0.7592156,  0.0695562,  0.5965943)    0    0  10.75353553  8 2.520   8.10627213
(25.0627056, 11.2385727, 24.0108249,  0.7384416,  0.5814052, -0.0008200, -0.3415719)    0    0  -1.87526410  9 2.120  -2.27880758
(16.6287879, 10.7956215, 27.5261415, -0.1310303, -0.8677010, -0.1952473,  0.4379459)    0    0  11.79263716  6 2.760  10.84996277
(17.4420383,  9.1091046, 17.6188649, -0.3231955,  0.4520176,  0.5710376,  0.6042689)    0    0 -47.89117984 12 3.640 -38.00832925
(20.8816123,  4.5351567, 32.5583059, -0.9390597,  0.1752478, -0.1385156,  0.2612824)    0    0   9.03372818  1 5.000   6.30169758
(20.2096036,  3.6321644, 27.3496857,  0.9267069, -0.1761751,  0.0030613, -0.3319146)    0    0  -1.41009208 12 1.880   5.85928345
(23.5549936, 12.3864442, 24.9869332,  0.7625076,  0.5900065,  0.0249792, -0.2642927)    0    0   0.95313078 12 1.240   1.60401204
(20.7687547,  3.0764173, 26.0445932,  0.9467539, -0.1342673,  0.1253562, -0.2644147)    0    0  -6.13648275 10 1.720   1.23100879
(16.6445261, 11.0020814, 27.1497382, -0.1214443, -0.8778408, -0.1732434,  0.4296901)    0    0   7.86329996  8 2.040  10.25743657
(24.7747561,  7.7970333, 20.5103160, -0.7889694, -0.0902477,  0.5477308,  0.2633886)    0    0 -20.97987038 15 1.240 -17.23664026
(19.9873702, 11.8440664, 18.2894618,  0.1552577,  0.7709052,  0.1819435,  0.5903239)    0    0 -12.71011505 10 2.520  -6.23784721
(14.3658072,  6.5561674, 25.9370341,  0.2095778,  0.3132453,  0.9017552,  0.2115348)    0    0  -8.83166591 10 3.000  -2.20490468
(20.0702837,  3.9383101, 26.1194355,  0.9478733, -0.1171014,  0.1483422, -0.2564020)    0    0   5.23079724  6 4.920   5.43419103
(23.4978307, 13.2204804, 24.6655762,  0.7569809,  0.5238546,  0.0087166, -0.3903422)    0    0   0.24132880 13 1.160   1.03251014
(21.3221079, 12.3704090, 17.2018351,  0.1518455,  0.7724246,  0.1817248,  0.5893041)    0    0  -2.58453329  2 3.160  -0.93475065
(24.5423634,  7.1735994, 21.2534677, -0.7358077, -0.0773647,  0.5510487,  0.3858705)    0    0   3.02644038  2 5.000   3.43606737
(23.3966260, 13.1920568, 24.6847342,  0.7550548,  0.6349771,  0.0215705, -0.1619599)    0    0   8.95873619  4 4.600   8.31012620
(22.3048396, 11.3641933, 23.0342987,  0.7516400,  0.6085710,  0.0057048, -0.2542559)    0    0  -6.43565426 15 2.360  -1.32484755
(23.5097744, 12.7824062, 24.8668978,  0.7543851,  0.6319698,  0.0191317, -0.1764973)    0    0  10.02522004  3 5.000   8.77985256
(25.9901439, 11.0041874, 23.0737469,  0.6348791,  0.4885671, -0.0550428, -0.5959874)    0    0  -8.33198466 15 2.680  -5.41613324
(19.7068161,  1.7524404, 23.0097315,  0.8293314, -0.2871247, -0.2268389, -0.4222713)    0    0 -37.45112071  8 2.920 -21.00851192
(23.2146262,  3.2610135, 18.4981828, -0.7752562, -0.0469052,  0.5248953,  0.3482279)    0    0 -44.53350649  6 4.920 -26.56058780
(13.3319636, 11.8286211, 22.5696949,  0.1580059,  0.4070329,  0.3826170,  0.8142251)    0    0 -18.51812981  7 4.680 -16.54863727
(19.9448725,  4.0229677, 26.5319661,  0.9485407, -0.1179031,  0.1530181, -0.2504626)    0    0  10.35281289  1 5.000   7.98773176
(13.8999738, 11.7608386, 22.0846837,  0.1885753,  0.5154384,  0.3460228,  0.7609407)    0    0 -18.06868577  6 3.880 -11.66400016
(26.6278347,  3.4862742, 24.0160236, -0.6995708, -0.3870547,  0.1060601, -0.5911689)    0    0  -0.62411610 13 0.920   0.00716606
(21.7702247,  7.1346912, 28.0318730, -0.2507275,  0.7572765,  0.0797612,  0.5977507)    0    0  12.64570784  2 5.000   8.49831826
(26.5019216,  3.3012033, 24.6271785, -0.7037172, -0.3889448,  0.1074332, -0.5847753)    0    0   4.78141894  6 1.800   4.87065161
(26.4399958,  3.5297126, 24.4320434, -0.7081573, -0.3920746,  0.1111262, -0.5765615)    0    0   5.81921573  5 3.240   5.00692625
(23.3364996, 12.2789761, 24.7402386,  0.7616773,  0.5928815,  0.0210183, -0.2605714)    0    0   4.64990965 10 2.120   6.17788426
(25.1294105,  4.9686910, 30.1382183,  0.6064151, -0.3783106, -0.1717242,  0.6779768)    0    0  15.71536792  2 5.000  10.51472713
(26.3320891,  3.9486052, 24.5995137, -0.7055985, -0.3926787,  0.1139582, -0.5786666)    0    0   2.34235813 10 2.920   2.25507687
(18.3608152,  8.6353333, 18.2570285, -0.3994106,  0.4049000,  0.5877686,  0.5753740)    0    0 -34.64778910  6 3.080 -16.53641799
(21.1356996, 12.2272018, 17.3789021,  0.1529960,  0.7720575,  0.1819283,  0.5894237)    0    0  -3.54041739  4 4.600  -1.43899692
(13.9106197, 11.7785061, 22.1991873,  0.1587038,  0.5999393,  0.3025296,  0.7234374)    0    0 -16.14654613  4 5.000 -11.07558492
(13.2155900,  4.5914965, 23.6327560,  0.1663070,  0.3354248,  0.8972387,  0.2340831)    0    0 -67.98462208  5 4.840 -30.46587182
(15.9452926,  9.4871396, 17.9287821, -0.3657213,  0.4120093,  0.5984638,  0.5816677)    0    0 -51.36749468 11 2.680 -32.68405580
(24.8436592,  7.6077655, 20.3711505, -0.7406474, -0.0617127,  0.5559294,  0.3722488)    0    0  -2.81537229  7 1.800   1.44542068
(13.4371181,  5.0307699, 23.8802212,  0.2130133,  0.3169241,  0.8995407,  0.2121118)    0    0 -41.44108033  4 4.840 -16.11932637
(15.2272250,  8.1243103, 27.7791712,  0.2094289,  0.3149431,  0.8989480,  0.2209686)    0    0   9.20459318  9 1.800   9.70836346
(24.6805880,  7.5662910, 20.9297925, -0.7383740, -0.0723396,  0.5518068,  0.3808893)    0    0  -0.41896816  5 2.280   3.58473129
(19.5962671,  4.3628622, 25.6723644,  0.9492673, -0.1091455,  0.1724956, -0.2390172)    0    0   8.19119845  4 5.000   5.28890877
(20.2594840,  3.6945896, 26.7682708,  0.9416540, -0.1483424,  0.0770526, -0.2921388)    0    0   4.91140132  7 3.160   5.48066323
(24.6718852,  7.3932900, 20.9603607, -0.7375472, -0.0724298,  0.5528557,  0.3809563)    0    0   1.97894498  3 2.920   3.38249599
(23.1034724, 12.8128883, 24.3839357,  0.7622581,  0.6204125,  0.0238817, -0.1829770)    0    0   6.09751951  8 2.520   6.18815916
(19.0313358, 11.2543190, 18.6329762,  0.1855676,  0.7432193,  0.1999164,  0.6109199)    0    0 -18.79781378 15 2.520 -12.93226443
(17.5181569,  9.2270700, 17.9301463, -0.3644460,  0.4139266,  0.5904894,  0.5892081)    0    0 -38.14537993  7 2.680 -23.61537863
(18.4194636,  8.4703250, 18.1405082, -0.3409957,  0.4496050,  0.5688958,  0.5982766)    0    0 -32.92671730  6 3.880 -28.40365002
(21.5548464,  7.2414653, 28.4547118, -0.2507171,  0.7568740,  0.0797476,  0.5982667)    0    0  12.86308611  1 5.000   8.66209586
(23.0573178, 13.4734155, 24.4166835,  0.7596067,  0.6342690,  0.0307594, -0.1405499)    0    0  10.97588187  1 5.000   7.55835033
(21.3426724, 12.2993192, 17.5745196,  0.1519229,  0.7722515,  0.1820046,  0.5894246)    0    0  -2.43511981  1 4.280  -0.67585010
(20.4546236,  3.8153051, 23.2166381,  0.9457645, -0.1412120,  0.1094457, -0.2713121)    0    0 -26.25097896  5 2.680  -8.02830131
(25.0553847,  4.9149365, 30.0133737,  0.6066218, -0.3786452, -0.1712221,  0.6777317)    0    0  15.37400563  4 5.000  10.35147814
(23.8394480,  9.9247810, 29.4111729,  0.2420977,  0.9241560, -0.2705044, -0.1188205)    0    0  12.20085049  5 4.200   8.55856422
(26.3243308,  3.4329485, 25.0007091, -0.7104612, -0.3935161,  0.1126982, -0.5724262)    0    0   6.17991480  2 3.880   5.26609805
(20.1960778,  3.5418049, 27.8489721,  0.9076674, -0.2013824, -0.0650125, -0.3624340)    0    0  -3.83985645  8 1.560   1.59173797
(16.4712962, 12.0688156, 26.3083088, -0.1275386, -0.8714524, -0.1881577,  0.4345421)    0    0   9.38903176  7 4.120   4.54221289
(24.6345914,  7.1958532, 21.1160521, -0.7359281, -0.0772721,  0.5508482,  0.3859461)    0    0   3.20746896  1 4.200   3.44129924
(23.5215169, 12.7388631, 24.8779700,  0.7643584,  0.5802979,  0.0221273, -0.2802159)    0    0   2.62867389 11 1.480   2.84689871
(18.5978582, 10.9527072, 18.4970025,  0.1943402,  0.7050800,  0.2350387,  0.6401959)    0    0 -18.54245984 10 3.080 -11.55171362
(18.4093998,  8.8208274, 18.1319962, -0.4157140,  0.4074627,  0.5876247,  0.5620082)    0    0 -14.77468160  0 5.000  -9.23530228
(21.5423422,  7.5455486, 28.6559072, -0.2498249,  0.7565803,  0.0643798,  0.6006552)    0    0  11.02667144  7 4.200   7.36244819
(24.8228901,  7.8041370, 20.2005965, -0.7364318, -0.0641376,  0.5546827,  0.3818421)    0    0 -10.30201201 11 1.240  -4.00822175
(21.0844416, 12.1647578, 17.2466390,  0.1519464,  0.7724344,  0.1817878,  0.5892449)    0    0  -1.64092419  0 4.440  -0.65083812
(16.4501246,  9.4594283, 17.7371104, -0.2550943,  0.4558609,  0.5753251,  0.6293796)    0    0 -50.72570759 12 3.400 -38.80050188
(20.5639001,  3.2225882, 25.4707212,  0.9421266, -0.1429785,  0.0915044, -0.2891047)    0    0  -7.37117274  8 1.480   1.48038205
(20.7542277,  3.2968030, 23.8767062,  0.9416830, -0.1501388,  0.0845190, -0.2890468)    0    0 -17.96797174 10 2.200  -0.13711701
(23.4500836, 12.8212433, 24.8169825,  0.7594431,  0.6187646,  0.0237441, -0.1995312)    0    0   6.46731902  6 3.720   5.74339969
(19.1681527,  4.7192149, 25.0168412,  0.9458178, -0.0884360,  0.2137861, -0.2278227)    0    0  -1.82436892  9 2.360   0.91428252
(20.8877438,  2.6685567, 25.8556189,  0.9399763, -0.1557137,  0.0747096, -0.2943065)    0    0 -12.14984686 11 1.560  -4.29987556
(21.4206749,  7.1495438, 28.6252310, -0.2497787,  0.7569346,  0.0669514,  0.6000085)    0    0  11.76595346  5 2.840   8.32524710
(18.6619196,  1.4646632, 21.6325938,  0.7143733, -0.3483296, -0.3785247, -0.4744010)    0    0 -70.10129261 10 3.960 -39.15984724
(25.2003771,  7.0756357, 20.9470957, -0.8639544, -0.2548804,  0.4266621, -0.0811069)    0    0  -7.56501347  8 3.160  -4.85646068
(23.3974647, 13.1746513, 24.6852950,  0.7637352,  0.6290958,  0.0314055, -0.1412825)    0    0  10.29043562  2 4.600   8.40281717
(14.5510848,  7.2977141, 27.2784794,  0.2127044,  0.3133880,  0.9005739,  0.2132617)    0    0  -0.98323064 11 1.800   4.01212456
(23.7830836,  7.2313880, 17.7394452, -0.7459228, -0.0509494,  0.5575512,  0.3607032)    0    0 -13.79095409  9 3.080  -5.01699035
(19.8306079,  4.0340476, 27.3716703,  0.9429114, -0.1473026,  0.0859392, -0.2857916)    0    0   3.67753370  8 1.800  10.44985349
(21.2585628, 12.4637129, 17.1409680,  0.1486465,  0.7707045,  0.1843059,  0.5915492)    0    0  -4.99397115  5 4.120  -1.23808124
(22.4949804, 13.2179712, 24.0980550,  0.7546634,  0.6178754,  0.0148942, -0.2202072)    0    0   5.31025892  9 3.480   5.99849621
(15.1659868,  8.2770716, 28.0983697,  0.2076747,  0.3158829,  0.8985566,  0.2228966)    0    0  13.11038664  4 5.000   8.87816461
(20.4086275,  3.6361162, 26.4621258,  0.9473100, -0.1247719,  0.1363646, -0.2616111)    0    0   4.25437340  9 2.760   4.66079943
(15.0307484,  8.2623075, 28.2472579,  0.2083415,  0.3155942,  0.8996094,  0.2183409)    0    0  12.12746036  5 4.600   9.37346365
(24.6105692,  6.8851806, 20.0592789, -0.7442669, -0.0639134,  0.5526701,  0.3692122)    0    0  -8.35898142 10 1.880  -2.36463234
(21.7555231, 12.0577731, 17.1124042,  0.1696156,  0.7858778,  0.1840350,  0.5654712)    0    0 -11.02449082  9 2.600  -6.28304583
(22.3494789, 11.6227657, 23.3671725,  0.7400527,  0.5408205,  0.0036469, -0.3997773)    0    0  -1.91189545 10 2.360  -1.37825544
(19.0431919,  4.9903025, 25.0517169,  0.9486805, -0.1041190,  0.1780645, -0.2397032)    0    0   2.74396212 12 2.680   5.21680464
(24.8251427,  7.5297851, 19.9840517, -0.7444252, -0.0669576,  0.5507775,  0.3712617)    0    0  -8.09296061  9 1.080  -1.15607524
(26.0158111,  4.0032634, 25.1938141, -0.7101864, -0.3951611,  0.1161930, -0.5708914)    0    0   8.37887138  0 4.920   7.38067612
(20.1187693,  3.8808849, 26.7751293,  0.9477963, -0.1214535,  0.1411845, -0.2588399)    0    0  10.51540827  0 3.720   8.93841203
(19.3872965,  4.5413007, 25.3088484,  0.9488448, -0.1074275,  0.1689229, -0.2441677)    0    0   8.17714146  5 5.000   5.62038718
(24.6510323,  7.4342492, 20.9211203, -0.7386626, -0.0674555,  0.5554172,  0.3758678)    0    0   0.08358348  4 3.240   1.05636802
(18.1429044,  8.8678876, 18.5066775, -0.4079887,  0.4079305,  0.5878887,  0.5669571)    0    0 -20.84129153  2 3.960  -9.84970374
(16.5101947, 10.8959597, 27.4674086, -0.1313366, -0.8690043, -0.1919637,  0.4367243)    0    0  14.83259280  3 4.360  11.59105525
(25.1920389,  4.9621770, 30.4954072,  0.6063973, -0.3782371, -0.1718135,  0.6780112)    0    0  15.78538969  1 5.000  10.58211033
(21.1590954,  2.1830736, 19.4066933,  0.6390960, -0.3564117, -0.4835114, -0.4803579)    0    0 -11.30380080  0 5.000  -0.12936113
(24.5306927,  6.4546815, 19.8206892, -0.7571713, -0.0507776,  0.5518449,  0.3458041)    0    0 -11.70447010  2 1.240  -3.78061144
(16.5370811, 10.7051049, 27.6727626, -0.1332819, -0.8674819, -0.1958279,  0.4374410)    0    0  14.59428471  4 5.000  10.10958890
(18.0127721,  8.5768514, 17.3267322, -0.4009125,  0.4095517,  0.5913470,  0.5673141)    0    0 -31.67525624  4 4.200 -18.06187114
(21.8505869,  7.1133688, 27.8838986, -0.2506791,  0.7573219,  0.0771518,  0.5980501)    0    0  12.31723380  3 4.920   8.52333087
(20.7701485,  2.5068602, 24.5046058,  0.9303530, -0.1759302,  0.0260788, -0.3206426)    0    0 -29.18089159 14 1.560 -15.91075612
(13.6914095, 11.5582610, 21.9447290,  0.2058490,  0.4842616,  0.3646384,  0.7682160)    0    0 -21.62524834  9 3.640 -17.35551032
(21.6638946,  7.1890289, 28.2428664, -0.2507209,  0.7569829,  0.0797394,  0.5981279)    0    0  13.04062573  0 5.000   8.82681183
(24.0587078, 10.9865708, 28.5696694,  0.2346119,  0.9275210, -0.2717243, -0.1034225)    0    0   5.37318297  7 3.800   5.15539931
(14.9477775,  8.2353224, 27.9163971,  0.2075526,  0.3155765,  0.8983286,  0.2243637)    0    0  14.28271660  1 5.000   9.73630883
(26.3570189, 10.7315640, 23.4178492,  0.6323401,  0.4440823, -0.0391671, -0.6335636)    0    0  -3.01665504 16 3.320  -5.37202046
(15.8530129,  8.0232926, 27.1002889,  0.2225720,  0.3126021,  0.8978312,  0.2159648)    0    0   9.53172389  7 2.520   8.61465321
(23.7468419,  9.9876659, 29.4061178,  0.2408905,  0.9238782, -0.2734776, -0.1166874)    0    0  11.11663038  6 3.880   8.62557665
(17.9969100,  8.2451996, 17.1809812, -0.3670475,  0.4162055,  0.5920102,  0.5844424)    0    0 -46.08270543  9 1.960 -21.63741787
(16.1403711, 12.8390271, 19.5473818,  0.1716352,  0.6838644,  0.2553812,  0.6615521)    0    0  -8.54442223  0 5.000  -2.08175733
(20.3770487,  3.6452616, 26.4891705,  0.9484562, -0.1181376,  0.1544106, -0.2498935)    0    0   4.22017832 10 2.360   4.85612775
(20.2936807,  3.7112370, 26.0348671,  0.9439997, -0.1344086,  0.1001828, -0.2841872)    0    0   3.07746510 11 1.480   8.87021247
(25.8149668, 11.0980227, 23.5083085,  0.7021456,  0.5769915, -0.0218983, -0.4166447)    0    0  -5.82098175 18 2.760  -7.65806973
(20.6604621,  2.2952567, 24.5363049,  0.9331126, -0.1758898,  0.0352108, -0.3116470)    0    0 -29.41299741  9 1.640 -13.01476222
(18.6392573,  8.1426339, 31.8594741, -0.0866661,  0.0593925,  0.8904534, -0.4427783)    0    0  12.37796288  0 5.000   8.32046209
