#Coordinates  RecID  LigID  Luciferin  Neighbor's number  Vision Range  Scoring
(-23.9456632, -1.4273867, 41.3368306,  0.1638672, -0.5266434, -0.7295638, -0.4043896)    0    0  14.82791737  2 1.880   9.93656906
(-17.3172263,  2.1399542, 40.7356802,  0.0819533, -0.6497350, -0.7041110,  0.2745100)    0    0  19.44681560 12 0.760  13.21446475
(-13.6798650, -0.0032365, 38.4691909,  0.6688547,  0.0027988,  0.4645915,  0.5803277)    0    0  21.54604919  0 0.400  15.00996182
(-18.5400679, -10.5020726, 40.6449621, -0.6372923, -0.6495606,  0.3895333, -0.1421035)    0    0  19.16075873  0 0.680  12.81974127
(-21.4854689, -2.5702716, 48.6520221,  0.4068728, -0.7830412, -0.4294355, -0.1920576)    0    0  11.21749741  2 5.000   7.45344281
(-16.5989890, -3.7457560, 44.3108089, -0.3626339, -0.4240521,  0.6259130,  0.5448939)    0    0  16.28386951  3 0.560  10.96321182
(-21.1289839, -2.6971006, 35.6188843,  0.0318974, -0.4472573,  0.8066864,  0.3849683)    0    0  19.99441789  2 0.560  13.54803347
(-21.3000802, -8.0693438, 43.5341526,  0.5649521, -0.2300597,  0.4377431,  0.6605170)    0    0  16.40871392  6 2.280  10.93571875
(-13.4538704, -0.2139728, 38.3195099,  0.6688507,  0.0028038,  0.4645802,  0.5803414)    0    0  21.18396543 14 0.000  14.27474717
(-19.1436179, -10.3257618, 41.0856800, -0.6372340, -0.6495894,  0.3896451, -0.1419263)    0    0  19.28776937  6 4.920  12.83523763
(-21.1786269, -7.5887723, 43.6854853,  0.5649593, -0.2300581,  0.4377404,  0.6605131)    0    0  16.16857274  7 0.320  10.91439113
(-21.9083522, -10.1818422, 38.9187903,  0.5855276,  0.6434296,  0.3559027,  0.3413049)    0    0  16.73783229  6 1.480  11.16499788
(-23.9478748, -1.4288141, 41.3350490,  0.1638752, -0.5266387, -0.7295665, -0.4043876)    0    0  15.15938488  0 5.000  10.10712624
(-22.5609579, -0.9813918, 42.1055340,  0.0278079, -0.4997229,  0.4584015,  0.7344185)    0    0  14.16388003  1 2.840  10.25170862
(-23.9547387, -1.4329248, 41.3311659,  0.1638486, -0.5266517, -0.7295596, -0.4043938)    0    0  14.50026604  6 0.680   9.35353356
(-13.6768007,  0.0033143, 38.5639455,  0.6688645,  0.0028101,  0.4645812,  0.5803246)    0    0  21.44389845  9 0.080  14.15537243
(-21.6724894, -7.8446335, 43.3922759,  0.5681315, -0.2261919,  0.4351853,  0.6607918)    0    0  15.96796194  6 0.320  10.75819226
(-21.1157237, -2.5908486, 35.4836160,  0.0318986, -0.4472555,  0.8066877,  0.3849674)    0    0  20.04775715  5 0.600  13.31568584
(-21.8719780, -9.9464507, 39.1589454,  0.5854943,  0.6434232,  0.3559334,  0.3413420)    0    0  16.74019649  4 0.680  11.20002455
(-13.7831248, -0.0559841, 38.4547249,  0.6688518,  0.0028047,  0.4645637,  0.5803533)    0    0  21.24673092  0 0.400  14.62182019
(-13.6608692, -0.2866862, 38.5507167,  0.6688715,  0.0028226,  0.4645585,  0.5803347)    0    0  21.13346700  0 0.400  14.00093159
(-23.5848460, -1.1863221, 41.6435442,  0.1638715, -0.5266413, -0.7295649, -0.4043885)    0    0  14.70606855  6 4.600   9.95265815
(-21.3770992, -2.8946827, 48.9731777,  0.4068728, -0.7830412, -0.4294355, -0.1920576)    0    0  11.25586774  1 5.000   7.52386174
(-21.9902537, -9.9809064, 38.8968224,  0.5855271,  0.6434433,  0.3558929,  0.3412902)    0    0  16.90256012  0 4.680  11.28966721
(-21.4444777, -7.9106630, 43.6591438,  0.5649584, -0.2300566,  0.4377417,  0.6605135)    0    0  16.16125311 10 0.080  10.62178133
(-16.5490857, -3.7531603, 44.7775649, -0.3626358, -0.4240519,  0.6259126,  0.5448932)    0    0  16.31090109  2 5.000  10.82302529
(-13.4831023,  0.1395006, 38.1620040,  0.6688442,  0.0028324,  0.4644392,  0.5804615)    0    0  19.61530576 17 0.000  13.17628794
(-13.5953913, -0.1410510, 38.3583523,  0.6688449,  0.0027991,  0.4645908,  0.5803396)    0    0  22.05811546  3 0.560  15.03385111
(-17.1501157,  2.4595719, 40.8443504,  0.0819471, -0.6497454, -0.7041020,  0.2745104)    0    0  19.46696852 11 3.880  12.83588423
(-18.8655117, -10.3156847, 40.8364109, -0.6372601, -0.6495766,  0.3895949, -0.1420059)    0    0  19.49852093  1 1.880  12.99491246
(-16.5088525, -3.9275913, 44.7263904, -0.3626347, -0.4240525,  0.6259123,  0.5448938)    0    0  15.96164849 19 0.840  10.62193588
(-17.3581873,  2.1603281, 40.9259490,  0.0819579, -0.6497274, -0.7041177,  0.2745094)    0    0  20.16297235  0 2.760  13.54785454
(-17.4303122,  2.3148321, 40.8484645,  0.0825788, -0.6511725, -0.6979627,  0.2860585)    0    0  17.49310958 13 0.120  12.52417383
(-24.2740120, -8.7021269, 33.7114985, -0.2895378,  0.2537902, -0.5486369, -0.7421255)    0    0  20.07289781  0 5.000  13.38193387
(-13.6804109, -0.0817447, 38.2447492,  0.6688556,  0.0028070,  0.4645837,  0.5803329)    0    0  21.98566613 10 0.200  14.73850131
(-18.9092471, -10.4675758, 40.8126468, -0.6372810, -0.6495662,  0.3895548, -0.1420696)    0    0  19.22535339  9 3.640  12.88274825
(-18.6822559, -10.5340501, 41.1613199, -0.6372298, -0.6495917,  0.3896531, -0.1419131)    0    0  19.11750419  1 0.480  12.79178678
(-22.0218530, -9.8261131, 38.9203535,  0.5855216,  0.6434347,  0.3559035,  0.3413047)    0    0  16.72410979  8 1.400  11.20266576
(-24.3835759, -8.8000225, 33.7063018, -0.2895380,  0.2537914, -0.5486391, -0.7421272)    0    0  19.61466163  3 5.000  13.05324547
(-13.6702190, -0.1862480, 38.3239731,  0.6688503,  0.0028005,  0.4645852,  0.5803378)    0    0  21.87380900 15 0.000  14.69066298
(-21.4749827, -2.6174030, 48.6938161,  0.4068727, -0.7830412, -0.4294355, -0.1920576)    0    0  11.18530908  3 5.000   7.42310601
(-21.1972626, -8.2968654, 43.5216828,  0.5649585, -0.2300588,  0.4377401,  0.6605138)    0    0  16.41189830  5 0.440  11.02158959
(-21.8465507, -7.5687419, 44.0683890,  0.5649578, -0.2300576,  0.4377415,  0.6605138)    0    0  16.24413667  2 0.440  10.77768639
(-18.6355130, -10.2463251, 40.9519097, -0.6371217, -0.6496450,  0.3898606, -0.1415839)    0    0  19.11553741  0 0.400  13.04032401
(-24.2820898, -8.9854036, 33.7140561, -0.2895367,  0.2537923, -0.5486405, -0.7421264)    0    0  18.76411427  6 2.040  13.17753503
(-21.1000695, -2.8546568, 35.2876701,  0.0318934, -0.4472546,  0.8066970,  0.3849494)    0    0  20.46606748  1 3.400  13.63809467
(-18.9366729, -10.4114704, 40.7107067, -0.6372862, -0.6495636,  0.3895451, -0.1420847)    0    0  18.98866495  1 0.840  12.65135861
(-13.9208280, -0.5270216, 38.6790188,  0.6688513,  0.0027987,  0.4645855,  0.5803365)    0    0  21.65131983 19 1.640  14.65817584
(-18.7857913, -10.0312544, 40.9224385, -0.6372351, -0.6495891,  0.3896429, -0.1419291)    0    0  18.70459574  9 0.000  12.71202245
(-24.6890783, -4.7246805, 34.2676308, -0.3207644,  0.3518490,  0.4729561,  0.7413670)    0    0  12.48571200  1 5.000   9.31030079
(-21.4028157, -7.9335319, 43.8961232,  0.5649523, -0.2300590,  0.4377434,  0.6605168)    0    0  16.39053197  5 0.400  11.07959177
(-13.6795619,  0.1464472, 37.9092555,  0.6688481,  0.0027988,  0.4645868,  0.5803391)    0    0  21.59695190 14 0.000  13.95147496
(-23.9236085, -8.7134285, 33.7531410, -0.2895369,  0.2537922, -0.5486403, -0.7421265)    0    0  17.70667683  8 2.360  10.74519679
(-19.0849950, -10.2135990, 41.2221855, -0.6372682, -0.6495725,  0.3895793, -0.1420306)    0    0  19.34878367  3 5.000  12.92996933
(-21.2128617, -2.9006873, 35.3085064,  0.0318982, -0.4472546,  0.8066904,  0.3849629)    0    0  19.96354504 14 3.480  13.01096227
(-14.1476810, -0.0249517, 38.3700096,  0.6688335,  0.0027875,  0.4645980,  0.5803470)    0    0  22.03785849  7 1.640  14.71121378
(-24.5301701, -8.5782180, 33.6780426, -0.2895382,  0.2537912, -0.5486389, -0.7421273)    0    0  19.66483934  2 4.440  13.33705804
(-21.5462920, -7.7559237, 43.8024060,  0.5649519, -0.2300597,  0.4377432,  0.6605171)    0    0  16.48574759  1 2.000  11.00066276
(-13.8565647, -0.3964239, 38.8545231,  0.6688348,  0.0027816,  0.4645851,  0.5803558)    0    0  21.62587045  0 0.400  14.27836174
(-15.2286508, -1.9308313, 47.7235786,  0.5388640, -0.7493003, -0.1901690,  0.3346795)    0    0  17.00900241  4 5.000  11.36781855
(-22.2880634,  0.0559201, 42.1141821,  0.0794667, -0.7461343, -0.3900544,  0.5336911)    0    0   9.74434122  7 3.240   7.42366993
(-13.7083306, -0.1196804, 38.3532023,  0.6688598,  0.0028136,  0.4645805,  0.5803306)    0    0  22.57180697  0 5.000  15.04899572
(-16.2182996, -3.9747724, 44.9200333, -0.3626355, -0.4240521,  0.6259126,  0.5448934)    0    0  16.23804087  7 1.560  10.84407182
(-23.8555944, -8.7978459, 33.7596998, -0.2895386,  0.2537909, -0.5486384, -0.7421276)    0    0  19.86685842  1 5.000  13.25193936
(-23.9285332, -1.4159024, 41.3514442,  0.1638670, -0.5266430, -0.7295642, -0.4043895)    0    0  14.77764728  4 2.440   9.95010489
(-22.5017507, -1.0807876, 42.1136270,  0.0280217, -0.5005548,  0.4576543,  0.7341677)    0    0  14.37774302  0 3.080  10.22108328
(-23.7958158, -1.3272994, 41.4639796,  0.1638732, -0.5266401, -0.7295656, -0.4043881)    0    0  14.78244018  3 5.000   9.81345980
(-22.3016705, -0.4884797, 42.1221885,  0.0778650, -0.7493777, -0.3367371,  0.5646789)    0    0  12.52754188  5 1.560  11.99407722
(-19.1550385,  4.5657967, 39.7778771,  0.0912353, -0.5194133, -0.1274209,  0.8400297)    0    0  13.33511066  1 4.040   9.01337081
(-16.5637598, -3.4609223, 44.9027028, -0.3626362, -0.4240522,  0.6259126,  0.5448928)    0    0  16.26191166  5 0.640  10.90173515
(-18.8164231, -10.3058847, 40.8108792, -0.6372732, -0.6495701,  0.3895697, -0.1420458)    0    0  19.30828533  4 1.400  12.88637889
(-14.1021305, -0.1154917, 38.4019931,  0.6688651,  0.0028129,  0.4645783,  0.5803262)    0    0  21.99697732  0 0.400  14.98405465
(-13.6013786, -0.1337544, 38.3300629,  0.6688477,  0.0027999,  0.4645893,  0.5803376)    0    0  22.20960657  1 0.720  14.93645005
(-21.4246444, -7.9259467, 43.1157846,  0.5649661, -0.2300508,  0.4377412,  0.6605093)    0    0  16.33879024  1 0.400  10.96447724
(-17.3112763,  2.0723526, 40.8414065,  0.0819446, -0.6497494, -0.7040985,  0.2745106)    0    0  19.51565998  7 0.360  13.04311180
(-24.7534268,  0.2961024, 37.8253592, -0.6854594, -0.7068154, -0.0685766,  0.1607937)    0    0   4.93807355  0 5.000   3.29204904
(-21.3780293, -8.0140909, 43.5015675,  0.5681877, -0.2261680,  0.4351520,  0.6607731)    0    0  16.01045266  6 0.480  10.73580885
(-13.5799922, -0.0771828, 38.1703176,  0.6688222,  0.0027701,  0.4646136,  0.5803476)    0    0  21.61029115  7 0.160  14.70914569
(-21.1508005, -2.3512330, 35.6594654,  0.0318938, -0.4472545,  0.8066966,  0.3849503)    0    0  20.26084058  4 5.000  13.43673076
(-22.1840401, -9.7394030, 38.6910314,  0.5855270,  0.6434477,  0.3558897,  0.3412855)    0    0  16.77565412  1 3.960  11.16926054
(-16.4122901, -4.3758033, 44.9948921, -0.3626322, -0.4240521,  0.6259128,  0.5448952)    0    0  16.16894786  1 0.640  10.82831594
(-17.3044194,  2.2815248, 40.9805972,  0.0819559, -0.6497307, -0.7041149,  0.2745095)    0    0  19.65806981  7 3.320  12.99202153
(-21.3827384, -7.9639109, 43.6266506,  0.5649517, -0.2300594,  0.4377435,  0.6605171)    0    0  16.79751848  0 3.800  11.21211111
(-22.6659822, -0.7116278, 42.1778119,  0.0773170, -0.7498344, -0.3202537,  0.5737101)    0    0  15.53745747  1 2.120  11.87373978
(-21.9539265, -10.2045850, 38.7830377,  0.5855281,  0.6434153,  0.3559130,  0.3413203)    0    0  16.75123725  4 0.680  11.19795070
(-17.2215791,  2.3607511, 40.6249016,  0.0819557, -0.6497309, -0.7041147,  0.2745096)    0    0  19.72316642  5 2.840  13.39201109
(-20.9425171, -2.8855809, 35.5091147,  0.0318948, -0.4472544,  0.8066954,  0.3849529)    0    0  20.18190463  9 3.960  13.34435676
(-24.1523743, -1.5646298, 41.1631591,  0.1638424, -0.5266546, -0.7295580, -0.4043954)    0    0  14.73012170  5 1.640   9.80005350
(-13.3439429, -0.3474539, 38.2386846,  0.6688590,  0.0028185,  0.4645410,  0.5803631)    0    0  21.71813582  6 0.240  14.65278978
(-24.9858638, -5.0725297, 34.0881381, -0.3207638,  0.3518495,  0.4729562,  0.7413670)    0    0  11.41356861  2 5.000   6.68922592
(-13.5957400, -0.1174806, 38.4999109,  0.6688353,  0.0028251,  0.4644848,  0.5804354)    0    0  19.80377793  4 0.480  13.03172740
(-18.8617605, -10.2374910, 40.8862968, -0.6372836, -0.6495649,  0.3895498, -0.1420771)    0    0  19.12591086 12 0.120  12.90436079
(-13.9898603, -0.0799523, 38.5936697,  0.6688379,  0.0027814,  0.4645890,  0.5803492)    0    0  21.52895720 12 0.000  14.71975504
(-18.9946038, -10.5028328, 40.8912409, -0.6372526, -0.6495803,  0.3896093, -0.1419831)    0    0  19.27001633  5 0.480  12.86560941
(-13.8451485, -0.5059299, 38.3778920,  0.6688587,  0.0027996,  0.4645761,  0.5803355)    0    0  20.02100984 25 0.000  13.05318026
(-22.7642267, -0.4514179, 42.2739414,  0.0784606, -0.7486001, -0.3554533,  0.5541614)    0    0  12.56891122  3 2.120  10.62697885
(-21.3472095, -8.0145772, 43.6037719,  0.5649517, -0.2300595,  0.4377434,  0.6605172)    0    0  16.41985510  4 1.240  10.87934041
(-21.9758706, -9.9914168, 38.9120186,  0.5855236,  0.6432528,  0.3560367,  0.3415050)    0    0  16.71548761  5 0.520  11.17702877
(-13.7020787, -0.1110661, 38.3314984,  0.6688600,  0.0028135,  0.4645805,  0.5803304)    0    0  22.20703010  2 2.600  14.76329532
(-21.0984881, -2.7453355, 35.3921728,  0.0318938, -0.4472545,  0.8066965,  0.3849505)    0    0  20.18732951  6 0.680  13.35057997
(-22.0047174, -9.8570054, 38.7822795,  0.5855214,  0.6434443,  0.3558966,  0.3412943)    0    0  16.77231640  2 4.120  11.21237205
(-15.1654242, -1.7310477, 47.6776975,  0.5388639, -0.7493005, -0.1901687,  0.3346794)    0    0  17.35049730  1 5.000  11.89541068
(-21.8248559, -0.3310668, 41.9097150,  0.0809195, -0.7378372, -0.4547475,  0.4921921)    0    0  10.66432855 30 1.880   2.90959320
(-24.9553759, -5.0368022, 34.1065810, -0.3207601,  0.3518464,  0.4729515,  0.7413596)    0    0  13.89300239  0 5.000   9.26378877
(-21.9964869, -9.5619972, 39.1540948,  0.5854988,  0.6434484,  0.3559111,  0.3413100)    0    0  16.73037971  7 1.800  11.17562958
(-16.8042423, -3.7937494, 44.8861269, -0.3626324, -0.4240527,  0.6259126,  0.5448950)    0    0  16.21606566  8 0.600  10.83430938
(-17.1335034,  2.5738054, 40.8394173,  0.0822662, -0.6504877, -0.7010621,  0.2802971)    0    0  17.90429494 12 0.200  13.04627677
(-17.5055558,  2.1896957, 40.8411861,  0.0822515, -0.6505122, -0.7010407,  0.2802978)    0    0  18.02428967 16 0.360  13.20318304
(-13.7227131, -0.1107639, 38.0929189,  0.6688620,  0.0028111,  0.4645769,  0.5803310)    0    0  21.67786871  0 0.480  14.22924696
(-17.4094389,  2.0831703, 41.0359316,  0.0819569, -0.6497290, -0.7041164,  0.2745095)    0    0  20.00547182  2 5.000  13.58538710
(-16.3355193, -3.5350069, 44.8157888, -0.3626375, -0.4240526,  0.6259116,  0.5448927)    0    0  15.98271598  9 0.320  10.48851870
(-16.4158310, -3.9188768, 44.5065340, -0.3626357, -0.4240530,  0.6259117,  0.5448935)    0    0  16.13196134 15 0.000  10.80276929
(-18.8663568, -10.4119332, 40.6121916, -0.6372340, -0.6495894,  0.3896450, -0.1419264)    0    0  19.29104188  5 5.000  12.83578162
(-18.5136616, -10.2536250, 40.8676120, -0.6371377, -0.6496367,  0.3898307, -0.1416326)    0    0  18.82814389  0 0.400  12.82082758
(-13.4448582, -0.1983263, 38.4032342,  0.6688665,  0.0028237,  0.4645521,  0.5803455)    0    0  22.02821549  6 0.320  15.02577027
(-15.7920116, -3.9816333, 44.9998413, -0.3626364, -0.4240520,  0.6259122,  0.5448933)    0    0  15.87365438  0 0.400  10.37853414
(-18.9011484, -10.1092314, 41.2580842, -0.6372342, -0.6495893,  0.3896447, -0.1419271)    0    0  19.45211040  2 1.120  13.07710674
(-16.1559720, -3.9662758, 44.9725320, -0.3626357, -0.4240519,  0.6259126,  0.5448933)    0    0  16.38325709  1 5.000  10.99318878
(-22.0699178, -10.3506724, 38.6912401,  0.5854530,  0.6432912,  0.3560633,  0.3415259)    0    0  16.68048359  1 0.440  11.34492757
(-20.7113865, -8.5882331, 42.9925797, -0.7667161, -0.4957855,  0.1911440, -0.3602876)    0    0  14.74716517 35 1.080   8.14216789
(-13.7279929, -0.1035061, 38.4390257,  0.6688548,  0.0028214,  0.4645245,  0.5803812)    0    0  21.21651698  0 0.400  15.02769669
(-17.3592178,  2.1588081, 40.9262976,  0.0819569, -0.6497290, -0.7041164,  0.2745095)    0    0  20.01606830  1 2.200  13.68619728
(-21.4197550, -2.7016409, 35.4824934,  0.0318983, -0.4472541,  0.8066910,  0.3849623)    0    0  20.09390549  1 0.520  13.41275626
(-24.1024368, -1.5320459, 41.2038280,  0.1638743, -0.5266394, -0.7295661, -0.4043878)    0    0  14.96808858  1 5.000   9.99504655
(-21.3552930, -7.8499258, 43.6060163,  0.5649664, -0.2300538,  0.4377393,  0.6605093)    0    0  16.32776169  8 0.280  11.11286273
(-21.1800417, -2.2685085, 35.8126863,  0.0318948, -0.4472544,  0.8066955,  0.3849527)    0    0  20.20872405  6 0.920  13.67002876
(-18.8676142, -10.3022522, 40.8636424, -0.6372643, -0.6495745,  0.3895868, -0.1420187)    0    0  19.69381528  0 1.960  13.19351988
(-16.4661215, -3.8600636, 44.7650931, -0.3626359, -0.4240524,  0.6259127,  0.5448927)    0    0  16.19404797  6 0.320  10.85686018
(-21.4671907, -8.0530512, 43.9193592,  0.5649529, -0.2300599,  0.4377424,  0.6605166)    0    0  16.32842337  7 0.280  10.79431754
(-17.2351097,  2.3104885, 40.9258674,  0.0819559, -0.6497305, -0.7041150,  0.2745096)    0    0  19.61340386  9 2.360  12.91560790
(-21.1374474, -2.9078184, 35.1693149,  0.0318852, -0.4472726,  0.8066705,  0.3849849)    0    0  19.27434623  0 0.400  13.16903445
(-20.0175704, -14.7769632, 40.7484436, -0.5450160,  0.3151887, -0.7732583,  0.0754010)    0    0   8.96278745  0 5.000   5.97519751
(-16.8866664, -3.5349627, 44.6273856, -0.3626354, -0.4240520,  0.6259126,  0.5448935)    0    0  16.25499868  5 0.400  10.96663579
(-16.5851700, -3.8146648, 44.7190231, -0.3626352, -0.4240527,  0.6259118,  0.5448939)    0    0  16.15913555 10 0.320  10.77944416
(-21.2731738, -8.3337895, 43.2821323,  0.5649516, -0.2300606,  0.4377427,  0.6605173)    0    0  16.42289556  3 0.520  11.09187456
(-16.2767529, -3.6503424, 44.9756343, -0.3626353, -0.4240520,  0.6259130,  0.5448931)    0    0  16.29278127  3 1.000  10.88352186
(-15.5661468, -2.0137082, 47.8414909,  0.5388639, -0.7493005, -0.1901686,  0.3346794)    0    0  17.22657400  3 5.000  11.62828799
(-14.1262102, -0.1884636, 38.2335954,  0.6688324,  0.0027876,  0.4645987,  0.5803478)    0    0  22.09123800  4 4.200  14.49967245
(-13.8078792, -0.2185003, 38.6895405,  0.6688557,  0.0028070,  0.4645836,  0.5803329)    0    0  21.86469808  1 0.720  14.37602889
(-24.0502083, -1.3537447, 41.5684363,  0.1638335, -0.5266532, -0.7295599, -0.4043974)    0    0  14.68882033  2 0.520   9.86448112
(-23.8476504, -1.3619549, 41.4192435,  0.1638704, -0.5266422, -0.7295644, -0.4043888)    0    0  14.58709567  8 4.200   9.64821996
(-17.1562350,  2.4373949, 40.4356677,  0.0819533, -0.6497350, -0.7041110,  0.2745100)    0    0  19.71306852  6 0.360  13.52085704
(-21.4303837, -7.8833302, 43.5181260,  0.5649513, -0.2300596,  0.4377436,  0.6605174)    0    0  16.19676787 14 1.160  10.58691278
(-13.7598810, -0.2664160, 38.2531333,  0.6688610,  0.0028127,  0.4645792,  0.5803302)    0    0  21.97674443  3 0.560  14.71725353
(-19.0874515, -10.2822363, 41.1138457, -0.6372216, -0.6495955,  0.3896690, -0.1418887)    0    0  19.15065140  0 0.400  13.04002392
(-21.4061514, -2.8086596, 48.8877254,  0.4068728, -0.7830412, -0.4294355, -0.1920576)    0    0  11.26563441  0 5.000   7.51050541
(-13.7324490, -0.2305326, 38.6022814,  0.6688534,  0.0028012,  0.4645838,  0.5803353)    0    0  21.88269929  0 0.400  14.78291981
(-16.5989367, -3.7442742, 44.7495274, -0.3626347, -0.4240528,  0.6259126,  0.5448933)    0    0  16.15794792  3 0.560  10.79915459
(-17.9817412,  2.9736980, 40.6965182,  0.0838203, -0.6538582, -0.6855027,  0.3090788)    0    0  15.61893307 17 0.840  11.64202831
(-21.3240706, -8.0806708, 43.4537679,  0.5649663, -0.2300510,  0.4377410,  0.6605093)    0    0  16.26708407 12 0.360  10.62463633
(-19.0298189, -10.2755701, 40.6910642, -0.6372451, -0.6495838,  0.3896237, -0.1419605)    0    0  19.00557774  0 0.440  12.67238197
(-16.4384851, -3.9209961, 44.5777290, -0.3626338, -0.4240524,  0.6259127,  0.5448941)    0    0  16.20333058 10 0.240  10.76610430
(-13.7868576, -0.2663194, 38.7134597,  0.6688452,  0.0028009,  0.4645899,  0.5803399)    0    0  21.94881059 12 1.080  14.47886119
(-16.4597505, -3.4173611, 44.5185663, -0.3626369, -0.4240527,  0.6259121,  0.5448925)    0    0  16.10030608  2 0.560  10.74810262
(-21.2155593, -2.5756470, 35.3176652,  0.0318975, -0.4472547,  0.8066911,  0.3849613)    0    0  20.22444382  2 0.760  13.53923170
(-22.3062092, -0.4232985, 42.1045743,  0.0793310, -0.7465433, -0.3854615,  0.5364691)    0    0   8.87873904  8 1.640   3.80566909
(-23.9625372, -8.7451869, 33.7483468, -0.2895356,  0.2537931, -0.5486417, -0.7421257)    0    0  18.18945906  7 4.680  10.87443650
(-21.9617853, -0.1790637, 42.0086342,  0.0825691, -0.7224738, -0.5176844,  0.4507957)    0    0  16.40647358  1 3.800  11.48741096
(-13.7995880, -0.1442344, 38.7911285,  0.6688585,  0.0028058,  0.4645804,  0.5803322)    0    0  21.33883422 11 0.000  13.77946635
(-21.1975169, -2.5986577, 35.4738041,  0.0318942, -0.4472545,  0.8066961,  0.3849514)    0    0  20.31665445  3 3.720  13.45037179
(-18.8235670, -9.9136742, 41.0534550, -0.6372884, -0.6495625,  0.3895406, -0.1420918)    0    0  18.99301301 14 0.000  12.59393776
(-17.3900106,  2.5438273, 41.5851608,  0.0819398, -0.6497577, -0.7040910,  0.2745116)    0    0  18.28322246 14 0.840  12.40176102
(-21.9100747, -10.1735799, 38.9189611,  0.5855656,  0.6402783,  0.3581748,  0.3447338)    0    0  16.35664121  0 0.520  11.23830212
(-17.1975665,  2.3835982, 40.5029484,  0.0819559, -0.6497306, -0.7041150,  0.2745096)    0    0  19.76060856  4 2.040  13.48958237
(-17.4888101,  2.4327262, 41.4571390,  0.0819447, -0.6497491, -0.7040987,  0.2745109)    0    0  18.76402665  1 1.160  12.48297740
(-13.3446163, -0.2580362, 38.2422028,  0.6688599,  0.0028028,  0.4645702,  0.5803387)    0    0  20.86139168  0 0.400  13.48875388
(-14.0573279, -0.1202551, 38.0521631,  0.6688465,  0.0028011,  0.4645885,  0.5803396)    0    0  22.10868779  3 1.720  14.98787447
(-19.3612228,  4.8732673, 39.8950359,  0.0912353, -0.5194134, -0.1274208,  0.8400296)    0    0  13.80208395  0 4.120   9.22975921
(-24.7204939, -8.6497341, 33.6567527, -0.2895368,  0.2537922, -0.5486404, -0.7421265)    0    0  19.28828192  5 4.440  13.16249646
(-22.1701876, -0.6810280, 42.0625051,  0.0784274, -0.7484657, -0.3564206,  0.5537260)    0    0  12.54478684  4 2.200  10.48692984
(-16.4723557, -3.5421557, 44.9540257, -0.3626353, -0.4240521,  0.6259127,  0.5448934)    0    0  16.19795825 10 0.080  10.83541161
(-13.6538788, -0.5024678, 38.0356634,  0.6687990,  0.0028336,  0.4643340,  0.5805977)    0    0  17.97323059  0 0.400  13.22937201
(-13.3795273, -0.0226158, 38.0953789,  0.6688630,  0.0028111,  0.4645807,  0.5803267)    0    0  21.33001189  0 0.400  13.69607030
(-17.8358019,  2.8529907, 40.9181443,  0.0828763, -0.6519682, -0.6949033,  0.2918534)    0    0  16.99251726 16 0.600  12.03559563
(-21.1305012, -2.5481087, 35.5149331,  0.0318933, -0.4472546,  0.8066972,  0.3849490)    0    0  20.47719661  0 5.000  13.65156576
(-21.3008349, -7.9802813, 43.3546028,  0.5649598, -0.2300584,  0.4377396,  0.6605131)    0    0  16.35938777  8 0.360  11.06581172
(-14.0156768,  0.0504336, 38.6301937,  0.6688367,  0.0027949,  0.4645949,  0.5803458)    0    0  22.07709326  5 1.280  14.57343299
(-24.4852292, -8.6782017, 33.6867146, -0.2895375,  0.2537918, -0.5486397, -0.7421269)    0    0  19.45763684  4 2.040  13.14770513
(-18.7589320, -10.3206562, 40.7224809, -0.6372461, -0.6495834,  0.3896218, -0.1419633)    0    0  19.24639058  8 4.200  12.86789467
(-21.9880495, -9.9892622, 38.8967426,  0.5855212,  0.6434495,  0.3558929,  0.3412885)    0    0  16.75947293  3 4.280  11.17217497
(-16.4998531, -4.0649592, 44.9804600, -0.3626331, -0.4240529,  0.6259126,  0.5448943)    0    0  16.20822292  8 0.200  10.87062848
(-20.9744211, -2.6924249, 35.4212929,  0.0318986, -0.4472547,  0.8066892,  0.3849652)    0    0  20.03629418  8 0.280  13.27312436
(-17.3712947,  2.5976585, 41.6075330,  0.0819400, -0.6497571, -0.7040916,  0.2745115)    0    0  18.21776933  7 1.080  12.35659465
(-21.1355936, -2.4632264, 35.5867096,  0.0318941, -0.4472545,  0.8066963,  0.3849510)    0    0  20.42163023  2 4.520  13.69636124
(-22.2384739, -9.7232258, 38.8293485,  0.5859651,  0.6255463,  0.3682799,  0.3601480)    0    0  14.70327291 13 0.600  11.29508237
(-18.6182905, -10.2702658, 41.0585334, -0.6372194, -0.6495968,  0.3896724, -0.1418836)    0    0  19.09937347  0 0.480  12.80450780
(-13.9238858, -0.1110945, 38.3733440,  0.6688609,  0.0028138,  0.4645791,  0.5803305)    0    0  21.94666926  5 0.400  14.34820836
(-16.5357976, -3.7602088, 44.7841887, -0.3626355, -0.4240519,  0.6259127,  0.5448934)    0    0  16.44515353  0 5.000  10.96584962
(-21.1926987, -2.5025213, 35.5456752,  0.0318948, -0.4472544,  0.8066955,  0.3849528)    0    0  20.19515395  7 2.120  13.28573631
(-17.3544790,  1.9669604, 40.6717409,  0.0819471, -0.6497454, -0.7041020,  0.2745104)    0    0  19.65411570  5 0.360  13.40995581
(-13.6385929, -0.0991906, 38.1851697,  0.6688524,  0.0028164,  0.4645425,  0.5803695)    0    0  21.03043489 20 0.000  14.59667237
(-18.7822916, -10.5210002, 40.6007232, -0.6372483, -0.6495823,  0.3896176, -0.1419699)    0    0  19.19206079 10 0.160  12.85508814
(-21.4131894, -7.8204091, 43.9533043,  0.5649519, -0.2300600,  0.4377430,  0.6605171)    0    0  16.45950310  2 2.600  11.10412834
(-17.0098809,  2.6634086, 40.8223447,  0.0819549, -0.6497321, -0.7041136,  0.2745097)    0    0  19.80528414  3 1.240  13.52046744
(-22.1570889, -0.4675773, 42.0588164,  0.0772930, -0.7498466, -0.3190987,  0.5743577)    0    0  15.44774568  2 2.200  11.69473619
(-21.8807032, -10.2031928, 38.9738618,  0.5856653,  0.6364157,  0.3608268,  0.3487788)    0    0  15.19727051 12 0.280  11.12578916
(-18.8889747, -10.1638553, 41.2705373, -0.6372453, -0.6495839,  0.3896234, -0.1419604)    0    0  19.15102435  7 0.160  12.97460576
(-15.1368333, -2.0211741, 47.7060765,  0.5388638, -0.7493007, -0.1901684,  0.3346792)    0    0  17.35720760  0 5.000  11.68424731
(-14.8916692, -2.2344415, 47.6557336,  0.5388639, -0.7493007, -0.1901684,  0.3346792)    0    0  17.24380340  2 5.000  11.66636930
(-17.7617624,  2.9071843, 41.3793282,  0.0828794, -0.6519633, -0.6949074,  0.2918537)    0    0  16.90629001 17 0.280  12.49420692
