#Coordinates  RecID  LigID  Luciferin  Neighbor's number  Vision Range  Scoring
(-25.1627786,  7.9985124, 16.2069323,  0.5531778,  0.4002079, -0.7276996,  0.0654317)    0    0  -0.59008758  2 5.000  -0.20540153
(-21.2853560, 13.1801356, 13.2762664, -0.0388451,  0.1083004,  0.2261693, -0.9672691)    0    0 -26.59221150  0 5.000 -17.72814100
(-25.9993223,  6.5660186, 28.6193619, -0.8736197,  0.3609619,  0.2035020,  0.2551117)    0    0  19.38011512  9 0.120  13.30041308
(-28.9762015,  4.8784636, 19.1246454,  0.0622203,  0.7668270,  0.4965252,  0.4019549)    0    0  -1.16942029  1 0.720  -0.69274855
(-20.8975074,  6.6201956, 29.8689530, -0.0861957,  0.4234608, -0.3473891,  0.8322092)    0    0  21.65622155  0 0.480  14.66831085
(-17.5234166, 11.6178987, 24.0076494,  0.0921917,  0.0980533, -0.8745873, -0.4658146)    0    0  23.18574294  8 2.840  16.63534535
(-26.0965666, 11.3687188, 28.6438806, -0.1442879, -0.8685083, -0.3771438,  0.2874663)    0    0  14.50562610  3 0.920   9.58406253
(-29.5423849,  3.3872939, 19.6656986,  0.0622203,  0.7668270,  0.4965252,  0.4019549)    0    0  -4.43306230  0 0.400  -5.48031738
(-25.9025614,  8.0711203, 16.4422774,  0.5531778,  0.4002079, -0.7276996,  0.0654317)    0    0  -5.81347553  4 0.480  -5.57346269
(-25.9458762, 11.0363215, 28.5730542, -0.1442879, -0.8685083, -0.3771438,  0.2874663)    0    0  12.88512698  3 0.600   7.90809575
(-25.9749298,  6.4583707, 28.7091336, -0.8736197,  0.3609619,  0.2035020,  0.2551117)    0    0  20.04960960  7 1.720  13.34445252
(-25.2818272,  0.3652351, 22.0040242, -0.7850101,  0.0926012, -0.6124334, -0.0104681)    0    0  -3.44650006  5 0.520  -3.33477234
(-29.4575290,  3.9807611, 18.9017522,  0.0622203,  0.7668270,  0.4965252,  0.4019549)    0    0  -1.47915806 10 0.000  -0.79836823
(-19.5777929,  5.7243524, 18.4329796,  0.8072769,  0.3208457, -0.4642162,  0.1728159)    0    0 -10.14249194  9 1.000  -7.80170274
(-20.7991289,  5.7500553, 30.1291459, -0.0861957,  0.4234608, -0.3473891,  0.8322092)    0    0  20.70471348  0 0.480  13.97784751
(-21.6541597, 13.1588548, 13.2763771, -0.0388451,  0.1083004,  0.2261693, -0.9672691)    0    0 -26.84726565  1 5.000 -17.75321329
(-19.9877302,  5.9809600, 18.4481025,  0.8072769,  0.3208457, -0.4642162,  0.1728159)    0    0  -9.10992756  4 0.800  -5.35590789
(-25.6915913,  6.6931617, 28.7587274, -0.8736197,  0.3609619,  0.2035020,  0.2551117)    0    0  20.09455613  2 5.000  13.38964871
(-29.4255375,  4.1111214, 18.5471544,  0.0622203,  0.7668270,  0.4965252,  0.4019549)    0    0  -1.04182840  8 0.160  -0.49642289
(-19.9930285,  5.9880452, 18.4176080,  0.8072769,  0.3208457, -0.4642162,  0.1728159)    0    0 -10.97729424  8 0.160  -5.26879410
(-21.1359647,  6.1362355, 29.9024095, -0.0861957,  0.4234608, -0.3473891,  0.8322092)    0    0  20.42964780  7 0.160  12.25900814
(-25.2317869,  8.0714620, 16.2334279,  0.5531778,  0.4002079, -0.7276996,  0.0654317)    0    0  -2.62516010  0 0.400  -0.40137165
(-23.7599692,  3.0375440, 23.2506613,  0.5556681,  0.8094823, -0.1192078,  0.1475158)    0    0  11.29791408  0 5.000   7.53194272
(-19.5769773,  5.7333503, 18.4429028,  0.8072769,  0.3208457, -0.4642162,  0.1728159)    0    0  -9.46184456  4 0.800  -6.03091735
(-26.0405548,  8.0898023, 16.5057518,  0.5531778,  0.4002079, -0.7276996,  0.0654317)    0    0  -1.45898885  4 1.560  -0.21967591
(-16.9401639,  5.5782563, 25.9589740,  0.1283714,  0.5902198, -0.7672908, -0.2154674)    0    0 -32.92674686  1 5.000 -22.05613256
(-19.3067728,  5.3828486, 18.3263019,  0.8072769,  0.3208457, -0.4642162,  0.1728159)    0    0  -9.81287098  7 0.560  -5.18231143
(-26.0327874,  8.0969431, 16.5519490,  0.5531778,  0.4002079, -0.7276996,  0.0654317)    0    0  -1.69434966  6 0.440  -0.13885231
(-25.4659342,  8.0706169, 16.2738023,  0.5531778,  0.4002079, -0.7276996,  0.0654317)    0    0  -2.63041802 10 3.800  -2.55658338
(-26.1001007,  8.3671112, 16.4860475,  0.5531778,  0.4002079, -0.7276996,  0.0654317)    0    0  -3.95318445  9 0.080  -2.61006980
(-28.1127712, 10.1998816, 23.1827315, -0.4532864, -0.5437260, -0.6143931, -0.3484089)    0    0   0.09696936  0 5.000   0.06464624
(-22.3748199,  3.6449056, 28.0196070,  0.2958465, -0.4495286,  0.8427031, -0.0158238)    0    0  17.21444833  5 2.120  12.33323402
(-28.3327781, 10.2464989, 23.0375995, -0.4532923, -0.5437330, -0.6144010, -0.3484134)    0    0  -2.02602297  3 4.680  -0.39702238
(-19.6456619,  5.7761037, 18.4370915,  0.8072769,  0.3208457, -0.4642162,  0.1728159)    0    0  -9.30013994  5 0.960  -6.15136672
(-29.5742030,  4.3123325, 19.0277641,  0.0622203,  0.7668270,  0.4965252,  0.4019549)    0    0  -1.26280581  8 0.000  -0.69697220
(-26.0514944,  6.3891732, 28.6946486, -0.8736197,  0.3609619,  0.2035020,  0.2551117)    0    0  20.22044325  1 2.600  13.55554464
(-25.2943599,  0.2968034, 21.9640086, -0.7850101,  0.0926012, -0.6124334, -0.0104681)    0    0  -0.66366684  2 1.000  -0.72298762
(-20.8283010,  6.1142505, 29.7122411, -0.0861957,  0.4234608, -0.3473891,  0.8322092)    0    0  21.72885581  7 0.400  14.49895941
(-27.9971067, 10.1532816, 23.2612766, -0.4532923, -0.5437330, -0.6144010, -0.3484134)    0    0  -2.40233411  6 4.920  -2.44876064
(-25.6327068,  8.0854369, 16.3383507,  0.5531778,  0.4002079, -0.7276996,  0.0654317)    0    0  -0.28519533  0 5.000  -0.18314961
(-17.9496239, 11.2151270, 24.0869940,  0.0921917,  0.0980533, -0.8745873, -0.4658146)    0    0  23.63631817  6 0.680  15.96297004
(-17.8835280, 11.2483408, 24.0407354,  0.0921917,  0.0980533, -0.8745873, -0.4658146)    0    0  20.50602645 10 0.280  13.38292105
(-22.3852972,  3.8767572, 28.1509748,  0.2958465, -0.4495286,  0.8427031, -0.0158238)    0    0  18.08498675  4 1.240  11.60718056
(-29.3683657,  4.1610973, 18.5194544,  0.0622203,  0.7668270,  0.4965252,  0.4019549)    0    0  -0.86989169  4 0.800  -0.41705518
(-23.7673087,  3.0962105, 23.3009496,  0.5556681,  0.8094823, -0.1192078,  0.1475158)    0    0  11.14297315  3 5.000   7.37522489
(-21.1225615,  6.5929563, 29.6802980, -0.0861957,  0.4234608, -0.3473891,  0.8322092)    0    0  22.37975229  1 5.000  14.95595975
(-17.9700502, 11.6410702, 23.9678683,  0.0921917,  0.0980533, -0.8745873, -0.4658146)    0    0  21.69871167  0 0.680  13.47119458
(-19.6587231,  5.7818567, 18.5444383,  0.8072769,  0.3208457, -0.4642162,  0.1728159)    0    0 -13.65930757  2 0.640  -9.10785729
(-17.3700051,  5.5040608, 25.6334425,  0.1283714,  0.5902198, -0.7672908, -0.2154674)    0    0 -33.26440033  2 5.000 -22.35552523
(-25.7666812,  8.0991000, 16.3911606,  0.5531778,  0.4002079, -0.7276996,  0.0654317)    0    0  -0.58854639  1 2.240  -0.41511124
(-29.3902286,  4.0075226, 19.2446770,  0.0622203,  0.7668270,  0.4965252,  0.4019549)    0    0  -1.07418596  9 0.240  -0.74276223
(-25.4431480,  8.0812982, 16.2297708,  0.5531778,  0.4002079, -0.7276996,  0.0654317)    0    0  -2.85231788 13 0.600  -2.63044779
(-25.1516980,  0.3470376, 22.0145656, -0.7850101,  0.0926012, -0.6124334, -0.0104681)    0    0  -0.35072829  3 5.000  -0.63871420
(-24.0309686,  3.2281596, 23.3519664,  0.5556681,  0.8094823, -0.1192078,  0.1475158)    0    0   7.50459619  1 0.480   4.78249903
(-17.7177285, 11.3643048, 24.0153392,  0.0921917,  0.0980533, -0.8745873, -0.4658146)    0    0  21.58998278  0 0.480  16.21510713
(-27.9907964, 10.1876924, 23.2618066, -0.4532923, -0.5437330, -0.6144010, -0.3484134)    0    0  -2.36918718  4 5.000  -2.44746350
(-23.7308782,  2.4304075, 22.7438473,  0.5556681,  0.8094823, -0.1192078,  0.1475158)    0    0   8.90794076  0 0.480   5.11627808
(-22.0627554,  3.8906037, 28.1524761,  0.2958465, -0.4495286,  0.8427031, -0.0158238)    0    0  18.67494891  2 5.000  12.39503850
(-23.7594515,  3.0909587, 23.2893122,  0.5556681,  0.8094823, -0.1192078,  0.1475158)    0    0  10.96875902  4 0.800   7.22236990
(-23.6317288,  2.9816210, 23.3630287,  0.5556681,  0.8094823, -0.1192078,  0.1475158)    0    0   7.40114902  8 0.160   5.07906430
(-25.8633684, 11.1694528, 28.0004328, -0.1442879, -0.8685083, -0.3771438,  0.2874663)    0    0  13.46942549  4 0.600   9.58644820
(-28.3687732, 10.3039433, 23.0087941, -0.4532923, -0.5437330, -0.6144010, -0.3484134)    0    0  -1.57935721  1 4.280  -0.22145916
(-28.0063307, 10.1970426, 23.2509436, -0.4532923, -0.5437330, -0.6144010, -0.3484134)    0    0  -2.39519234  5 4.360  -2.43914810
(-22.6109846,  3.5252815, 27.8861532,  0.2958465, -0.4495286,  0.8427031, -0.0158238)    0    0  16.63200759  6 0.680  12.54095552
(-22.0871071,  3.8777801, 28.1456906,  0.2958438, -0.4495246,  0.8426956, -0.0158237)    0    0  18.82220273  0 5.000  12.54813515
(-29.4059399,  3.8716792, 18.6526830,  0.0622203,  0.7668270,  0.4965252,  0.4019549)    0    0  -0.94017699  7 0.480  -0.57828409
(-22.1579052,  3.8327834, 28.1382989,  0.2958465, -0.4495286,  0.8427031, -0.0158238)    0    0  14.96665103  4 0.840   8.05360397
(-29.3661058,  4.0767152, 18.9841257,  0.0622203,  0.7668270,  0.4965252,  0.4019549)    0    0  -0.93962876  6 0.480  -0.61272464
(-21.3047585,  6.2219348, 29.6963267, -0.0861957,  0.4234608, -0.3473891,  0.8322092)    0    0  21.58002985  4 0.320  14.41549963
(-19.7809874,  5.7728057, 18.1211396,  0.8072769,  0.3208457, -0.4642162,  0.1728159)    0    0 -15.86707893  2 0.800 -13.27622837
(-25.8505971,  6.8402178, 29.1780376, -0.8736197,  0.3609619,  0.2035020,  0.2551117)    0    0  20.09232959  3 0.920  13.50253346
(-19.5051054,  5.7795588, 18.6967696,  0.8072769,  0.3208457, -0.4642162,  0.1728159)    0    0 -14.70015359 15 0.000 -10.29988418
(-25.6818372,  8.0574310, 15.9338267,  0.5531778,  0.4002079, -0.7276996,  0.0654317)    0    0  -6.37017035  0 0.400  -4.64513155
(-26.1941988, 11.5207229, 28.8565731, -0.1442879, -0.8685083, -0.3771438,  0.2874663)    0    0  12.59913618 10 0.120   9.70159115
(-19.5565581,  5.7131169, 18.4643368,  0.8072769,  0.3208457, -0.4642162,  0.1728159)    0    0 -12.29456830 10 0.240  -8.76004665
(-20.8855438,  6.4980505, 29.8666118, -0.0861957,  0.4234608, -0.3473891,  0.8322092)    0    0  22.02072291  3 0.480  14.78485429
(-25.9050317, 11.0228865, 28.3622293, -0.1442879, -0.8685083, -0.3771438,  0.2874663)    0    0  14.73243960  1 1.880  10.14815031
(-23.8237649,  2.5380717, 23.0158129,  0.5556681,  0.8094823, -0.1192078,  0.1475158)    0    0   9.16121103 12 0.000   7.01125757
(-23.7247684,  2.6979291, 22.9735885,  0.5556681,  0.8094823, -0.1192078,  0.1475158)    0    0  11.26994025  1 5.000   7.58463973
(-20.8939435,  5.8821236, 29.8765860, -0.0861957,  0.4234608, -0.3473891,  0.8322092)    0    0  21.93015437  8 0.080  14.76282855
(-17.5512403, 11.5802080, 24.0154753,  0.0921917,  0.0980533, -0.8745873, -0.4658146)    0    0  24.72093856  1 5.000  16.89686488
(-25.4209833,  0.2592319, 21.9147410, -0.7850101,  0.0926012, -0.6124334, -0.0104681)    0    0   1.71770750  0 5.000   1.14513833
(-23.5749895,  2.6843432, 22.7958366,  0.5556681,  0.8094823, -0.1192078,  0.1475158)    0    0   9.73352895 10 0.240   7.18599256
(-19.5617799,  5.7253937, 18.4405350,  0.8072769,  0.3208457, -0.4642162,  0.1728159)    0    0  -8.22082546  0 5.000  -5.48055031
(-23.5838561,  2.5881951, 22.9249019,  0.5556681,  0.8094823, -0.1192078,  0.1475158)    0    0   7.21725903  0 0.400   4.63708519
(-25.5435448,  6.9220058, 28.7718098, -0.8736197,  0.3609619,  0.2035020,  0.2551117)    0    0  19.76017559 11 0.000  13.38113532
(-19.1203792,  5.4503886, 18.3951712,  0.8072769,  0.3208457, -0.4642162,  0.1728159)    0    0 -10.36152390  8 0.160  -5.35978520
(-20.9783090,  6.0621265, 29.7212080, -0.0861957,  0.4234608, -0.3473891,  0.8322092)    0    0  22.35199069  3 1.120  14.89354527
(-20.1484538,  5.9658601, 18.6181855,  0.8072769,  0.3208457, -0.4642162,  0.1728159)    0    0 -12.10014186  8 0.120  -8.42343458
(-29.5410681,  3.6968650, 19.3166191,  0.0622203,  0.7668270,  0.4965252,  0.4019549)    0    0  -0.75104680  1 5.000  -0.42457074
(-29.4336115,  4.0881185, 18.9570749,  0.0622203,  0.7668270,  0.4965252,  0.4019549)    0    0  -3.97477466  0 0.400  -0.69652496
(-29.5211883,  3.6651761, 19.0960007,  0.0622203,  0.7668270,  0.4965252,  0.4019549)    0    0  -1.67940703 15 0.000  -1.12830617
(-26.0648363, 11.3292210, 28.5901743, -0.1442879, -0.8685083, -0.3771438,  0.2874663)    0    0  14.19336582  5 2.440   9.53403479
(-20.8176444,  5.9060372, 29.9079156, -0.0861957,  0.4234608, -0.3473891,  0.8322092)    0    0  22.13535964  7 0.400  14.87159443
(-29.4710596,  4.2127828, 19.0416504,  0.0622203,  0.7668270,  0.4965252,  0.4019549)    0    0  -1.26540998  2 0.560  -0.95918210
(-25.7254322,  0.1614174, 21.8009573, -0.7850101,  0.0926012, -0.6124334, -0.0104681)    0    0  -1.78315280  5 0.760   0.82343357
(-23.7143481,  2.7184383, 22.8801008,  0.5556681,  0.8094823, -0.1192078,  0.1475158)    0    0   9.07391246  3 0.320   7.17665379
(-24.6342889,  0.4185808, 22.2172414, -0.7850101,  0.0926012, -0.6124334, -0.0104681)    0    0  -3.21368466  5 0.440  -2.31408365
(-22.9063918,  3.6683643, 28.0758303,  0.2958465, -0.4495286,  0.8427031, -0.0158238)    0    0  18.24179963  3 1.160  12.57453264
(-20.7980398,  6.0797039, 29.8418893, -0.0861957,  0.4234608, -0.3473891,  0.8322092)    0    0  21.93314861  7 0.320  14.66878371
(-26.1770328, 11.1945195, 28.9878795, -0.1442879, -0.8685083, -0.3771438,  0.2874663)    0    0  12.74890960  0 0.680   7.88244559
(-17.8590941, 11.4088029, 23.8608479,  0.0921917,  0.0980533, -0.8745873, -0.4658146)    0    0  23.51596180  6 0.640  16.26202753
(-23.5709499,  2.8858193, 23.2093107,  0.5556681,  0.8094823, -0.1192078,  0.1475158)    0    0   7.42628080 11 0.000   4.89218908
(-22.2846326,  3.3217792, 27.9122940,  0.2958465, -0.4495286,  0.8427031, -0.0158238)    0    0  16.21316527  2 0.520  12.18976539
(-22.5120700,  3.6589983, 28.0301100,  0.2958465, -0.4495286,  0.8427031, -0.0158238)    0    0  18.71361456  1 5.000  12.53497763
(-25.3874253,  8.0711357, 16.2520614,  0.5531778,  0.4002079, -0.7276996,  0.0654317)    0    0  -2.74473055  2 0.800  -2.84457733
(-29.4052244,  3.9505075, 19.0228504,  0.0622203,  0.7668270,  0.4965252,  0.4019549)    0    0  -1.26483097 14 0.080  -0.86216200
(-24.9502128,  7.8727156, 15.6094694,  0.5531778,  0.4002079, -0.7276996,  0.0654317)    0    0  -3.86253339  2 0.560  -2.83276897
(-25.6319094,  7.8571551, 16.5451612,  0.5531778,  0.4002079, -0.7276996,  0.0654317)    0    0  -4.31138788  0 0.480  -2.89986127
(-23.7629368,  3.1025311, 23.2981388,  0.5556681,  0.8094823, -0.1192078,  0.1475158)    0    0  10.09650036  8 0.480   7.04865227
(-23.5962399,  2.4995124, 22.3175310,  0.5556681,  0.8094823, -0.1192078,  0.1475158)    0    0   8.84194417  1 0.400   5.18217306
(-17.8989515, 11.3429300, 24.0374421,  0.0921917,  0.0980533, -0.8745873, -0.4658146)    0    0  23.75391291  3 0.720  16.46742488
(-21.4959962,  6.0772603, 29.7004374, -0.0861957,  0.4234608, -0.3473891,  0.8322092)    0    0  19.98638613  0 0.400  12.01704555
(-18.1449131, 11.2058779, 23.9364740,  0.0921917,  0.0980533, -0.8745873, -0.4658146)    0    0  23.04963070  8 0.240  16.41398860
(-26.0458601, 11.2771758, 28.5692011, -0.1442879, -0.8685083, -0.3771438,  0.2874663)    0    0  15.04710558  0 5.000  10.04790725
(-29.3376037,  3.8114077, 19.2556284,  0.0622203,  0.7668270,  0.4965252,  0.4019549)    0    0  -1.13718885  9 0.080  -0.68288218
(-23.7622520,  2.6839801, 22.9925819,  0.5556681,  0.8094823, -0.1192078,  0.1475158)    0    0   9.74920580  9 0.320   6.89060639
(-25.3363766,  7.9760724, 16.1003008,  0.5531778,  0.4002079, -0.7276996,  0.0654317)    0    0  -3.82445598  0 0.480  -2.55504074
(-20.9953248,  6.1291104, 29.7177550, -0.0861957,  0.4234608, -0.3473891,  0.8322092)    0    0  22.30055902  5 0.560  14.83724171
(-21.1014540,  6.5128286, 29.6863459, -0.0861957,  0.4234608, -0.3473891,  0.8322092)    0    0  21.85421245  6 0.680  14.44126472
(-19.3606863,  5.6089944, 18.4400950,  0.8072769,  0.3208457, -0.4642162,  0.1728159)    0    0  -8.38069692  2 5.000  -5.69644617
(-25.1771282,  8.0769331, 16.1516109,  0.5531778,  0.4002079, -0.7276996,  0.0654317)    0    0  -1.63930154  5 0.720  -0.21358534
(-23.6555509,  2.9999632, 23.0046069,  0.5556681,  0.8094823, -0.1192078,  0.1475158)    0    0  10.29600082  3 0.560   7.36897795
(-26.1585730, 11.4823189, 28.8653787, -0.1442879, -0.8685083, -0.3771438,  0.2874663)    0    0  12.84442933 10 0.200   9.65858224
(-20.9974539,  6.1326633, 29.7157959, -0.0861957,  0.4234608, -0.3473891,  0.8322092)    0    0  22.42665287  0 5.000  14.95110192
(-28.3852974, 10.2286056, 23.0059040, -0.4532923, -0.5437330, -0.6144010, -0.3484134)    0    0  -1.58036758  2 5.000  -0.22825477
(-25.7468310,  7.9495397, 16.5957003,  0.5531778,  0.4002079, -0.7276996,  0.0654317)    0    0  -2.70028781  6 0.160  -2.27274707
(-25.1475025,  7.9534721, 16.3263971,  0.5531778,  0.4002079, -0.7276996,  0.0654317)    0    0  -3.29152344  9 0.080  -2.06509005
(-17.8153430, 11.1654985, 24.3608838,  0.0921917,  0.0980533, -0.8745873, -0.4658146)    0    0  22.66234361 11 0.240  14.00981747
(-29.5896846,  3.8529732, 19.4488712,  0.0622203,  0.7668270,  0.4965252,  0.4019549)    0    0  -4.32655951  5 0.400  -3.03187615
(-21.0854722,  6.0876376, 29.8585626, -0.0861957,  0.4234608, -0.3473891,  0.8322092)    0    0  21.10511096  1 0.720  14.30437224
(-19.2321401,  5.5349275, 18.4407453,  0.8072769,  0.3208457, -0.4642162,  0.1728159)    0    0  -8.76123964  3 0.800  -5.21060276
(-22.0844413,  3.8790443, 28.1463543,  0.2958465, -0.4495286,  0.8427031, -0.0158238)    0    0  16.11310721  8 4.760   8.16564806
(-25.6038917,  6.7610994, 28.7730633, -0.8736197,  0.3609619,  0.2035020,  0.2551117)    0    0  20.07417487  4 5.000  13.33961307
(-25.8463872, 10.6878320, 28.3323155, -0.1442879, -0.8685083, -0.3771438,  0.2874663)    0    0  12.87370011  9 3.800   9.70703817
(-21.0270625,  6.0166101, 29.6225305, -0.0861957,  0.4234608, -0.3473891,  0.8322092)    0    0  22.06344811  4 0.480  14.47451553
(-17.7894452, 11.3656835, 24.0587781,  0.0921917,  0.0980533, -0.8745873, -0.4658146)    0    0  23.76442174  4 2.520  15.76660662
(-26.0286594,  6.4177381, 28.7007770, -0.8736197,  0.3609619,  0.2035020,  0.2551117)    0    0  20.06925588  5 5.000  13.40318981
(-23.7641759,  3.0779941, 23.2836727,  0.5556681,  0.8094823, -0.1192078,  0.1475158)    0    0  11.23176977  2 1.760   7.42727632
(-23.6557389,  2.5126407, 22.8989191,  0.5556681,  0.8094823, -0.1192078,  0.1475158)    0    0   9.45837641  0 0.400   7.33708900
(-26.0211881, 11.2021681, 28.4939717, -0.1442879, -0.8685083, -0.3771438,  0.2874663)    0    0  13.20149336  2 0.440   9.29654725
(-25.2850703,  8.0540727, 16.1991166,  0.5531778,  0.4002079, -0.7276996,  0.0654317)    0    0  -0.69554073  3 1.200  -0.25359111
(-17.9120486, 11.2430911, 24.0927271,  0.0921917,  0.0980533, -0.8745873, -0.4658146)    0    0  24.29926068  3 3.320  15.78667920
(-21.0867782,  6.5957096, 29.7520106, -0.0861957,  0.4234608, -0.3473891,  0.8322092)    0    0  20.52397382  3 0.640  12.26056036
(-29.2928514,  4.3924479, 18.8005920,  0.0622203,  0.7668270,  0.4965252,  0.4019549)    0    0  -0.97806593  8 0.800  -0.65521881
(-29.5396744,  3.7793996, 19.2491437,  0.0622203,  0.7668270,  0.4965252,  0.4019549)    0    0  -1.35209839 14 0.000  -0.86399291
(-29.4545263,  4.0440559, 19.1189568,  0.0622203,  0.7668270,  0.4965252,  0.4019549)    0    0  -2.22812413 17 0.000  -1.08878045
(-25.7776017,  6.6204900, 28.7434004, -0.8736197,  0.3609619,  0.2035020,  0.2551117)    0    0  20.24123393  0 5.000  13.49469511
(-18.8482607,  5.4112856, 18.3160151,  0.8072769,  0.3208457, -0.4642162,  0.1728159)    0    0 -13.83162874  0 0.400  -9.67930473
(-25.4935534,  8.2252820, 16.3343254,  0.5531778,  0.4002079, -0.7276996,  0.0654317)    0    0  -5.37521963 10 0.000  -4.93220165
(-23.8013054,  2.7127688, 23.0855024,  0.5556681,  0.8094823, -0.1192078,  0.1475158)    0    0   9.69943788  7 0.480   5.21971889
(-19.6467598,  5.8390124, 18.4495148,  0.8072769,  0.3208457, -0.4642162,  0.1728159)    0    0 -11.90250339 10 0.240  -7.71587886
(-29.4368901,  4.1695163, 19.3020993,  0.0622203,  0.7668270,  0.4965252,  0.4019549)    0    0  -1.65775562 15 0.000  -0.79458233
(-25.6332137,  0.1807579, 21.8419459, -0.7850101,  0.0926012, -0.6124334, -0.0104681)    0    0   0.51607951  1 5.000   0.82290940
(-25.6663947,  6.5032627, 28.6692991, -0.8736197,  0.3609619,  0.2035020,  0.2551117)    0    0  19.98852550  8 0.280  13.41047293
(-17.8607225, 11.2910470, 24.0817378,  0.0921917,  0.0980533, -0.8745873, -0.4658146)    0    0  24.90452433  0 5.000  16.60303532
(-24.9778103,  7.9914544, 15.6632480,  0.5531778,  0.4002079, -0.7276996,  0.0654317)    0    0  -3.05462590  2 0.560  -3.04035787
(-25.7818814,  8.1136683, 16.2751261,  0.5531778,  0.4002079, -0.7276996,  0.0654317)    0    0  -2.44537609  8 0.640  -2.79694951
(-29.4081606,  3.9901510, 19.0305706,  0.0622203,  0.7668270,  0.4965252,  0.4019549)    0    0  -0.74306976  0 5.000  -0.49537984
(-25.2112588,  0.3367793, 21.9866765, -0.7850101,  0.0926012, -0.6124334, -0.0104681)    0    0  -0.07237329  2 5.000  -0.48205102
(-23.8287093,  2.9152758, 23.3030439,  0.5556681,  0.8094823, -0.1192078,  0.1475158)    0    0   8.37643215 19 1.800   3.56496345
(-29.3828626,  4.0482476, 18.9772499,  0.0622203,  0.7668270,  0.4965252,  0.4019549)    0    0  -0.82896451  3 5.000  -0.63283482
(-25.4607668,  0.2270255, 21.9121893, -0.7850101,  0.0926012, -0.6124334, -0.0104681)    0    0  -3.15426175  6 4.520  -3.97220140
(-17.3290929, 11.8062300, 24.3477618,  0.0921917,  0.0980533, -0.8745873, -0.4658146)    0    0  22.96763939  2 0.400  15.76644698
(-26.0314078,  6.4420377, 28.6494581, -0.8736197,  0.3609619,  0.2035020,  0.2551117)    0    0  20.06091707  5 0.520  13.39366421
(-25.8231724,  8.1994327, 16.2938305,  0.5531778,  0.4002079, -0.7276996,  0.0654317)    0    0  -5.61070400 13 0.000  -4.98295365
(-23.7243296,  2.5853036, 22.8784734,  0.5556681,  0.8094823, -0.1192078,  0.1475158)    0    0   9.50992833 10 0.080   7.02717826
(-23.7486675,  3.1011553, 23.2899625,  0.5556681,  0.8094823, -0.1192078,  0.1475158)    0    0   9.15687012  0 0.400   7.46246188
(-17.5007475, 11.5942540, 24.0369128,  0.0921917,  0.0980533, -0.8745873, -0.4658146)    0    0  24.52945650  2 1.680  16.66111608
(-25.9367107, 11.2338352, 28.2185915, -0.1442879, -0.8685083, -0.3771438,  0.2874663)    0    0  14.21668390  4 4.680  10.13631393
(-29.6258388,  3.8685740, 19.5611974,  0.0622203,  0.7668270,  0.4965252,  0.4019549)    0    0  -2.43345228  0 0.400  -1.06385191
(-19.7926834,  5.8590478, 18.4410402,  0.8072769,  0.3208457, -0.4642162,  0.1728159)    0    0  -8.27724042  1 5.000  -5.40489771
(-23.7570976,  3.0127721, 23.2297408,  0.5556681,  0.8094823, -0.1192078,  0.1475158)    0    0  10.12138979  7 2.040   7.44619244
(-29.3486402,  4.2102041, 18.6316897,  0.0622203,  0.7668270,  0.4965252,  0.4019549)    0    0  -0.92484711  5 0.480  -0.52119420
(-25.4621721,  6.8597258, 28.8026990, -0.8736197,  0.3609619,  0.2035020,  0.2551117)    0    0  19.84028692 10 1.560  13.27176993
(-29.3660487,  4.0405669, 18.9423787,  0.0622203,  0.7668270,  0.4965252,  0.4019549)    0    0  -1.25795334 12 0.080  -0.72655686
(-26.0590843, 11.3004554, 28.5953852, -0.1442879, -0.8685083, -0.3771438,  0.2874663)    0    0  14.67923355  2 2.040   9.54073165
(-23.8420401,  3.3286628, 23.6469402,  0.5556681,  0.8094823, -0.1192078,  0.1475158)    0    0  10.24244557  2 0.640   7.53404011
(-29.3065326,  3.8036673, 19.0126697,  0.0622203,  0.7668270,  0.4965252,  0.4019549)    0    0  -1.40818593  8 0.080  -0.95015949
(-29.0303250,  4.7077077, 18.9650999,  0.0622203,  0.7668270,  0.4965252,  0.4019549)    0    0  -1.07888615  0 0.720  -0.44568620
(-17.9290495, 10.9006540, 24.2307185,  0.0921917,  0.0980533, -0.8745873, -0.4658146)    0    0  21.54585974  0 0.400  14.09873454
(-21.1089180,  6.5436230, 29.6843443, -0.0861957,  0.4234608, -0.3473891,  0.8322092)    0    0  22.37743294  2 5.000  14.93292247
(-25.9227426,  8.0977457, 16.4383843,  0.5531778,  0.4002079, -0.7276996,  0.0654317)    0    0  -1.76842226  7 0.480  -0.50549100
(-25.8292639,  8.1720082, 16.3213489,  0.5531778,  0.4002079, -0.7276996,  0.0654317)    0    0  -3.75794322  0 0.480  -2.53835516
(-25.6878457,  6.7110230, 28.7620648, -0.8736197,  0.3609619,  0.2035020,  0.2551117)    0    0  19.96541090  9 3.960  13.37846367
(-21.1116381,  6.5703984, 29.6857945, -0.0861957,  0.4234608, -0.3473891,  0.8322092)    0    0  22.30692097  5 1.120  14.86316333
(-21.4017118,  6.3170024, 29.0942352, -0.0861957,  0.4234608, -0.3473891,  0.8322092)    0    0  19.38834192  0 0.800  10.18202194
(-27.8899816, 10.1631464, 23.3286343, -0.4532923, -0.5437330, -0.6144010, -0.3484134)    0    0  -2.45959510  7 4.840  -2.34248172
(-25.6416031,  7.9455568, 16.3777009,  0.5531778,  0.4002079, -0.7276996,  0.0654317)    0    0  -5.18151630  0 0.400  -2.59411778
(-29.4617621,  3.9649957, 18.8564791,  0.0622203,  0.7668270,  0.4965252,  0.4019549)    0    0  -1.42434367 11 0.000  -0.98467161
(-20.9954433,  6.0875779, 29.7134008, -0.0861957,  0.4234608, -0.3473891,  0.8322092)    0    0  22.09045809  5 0.480  14.78770232
(-29.2482023,  4.4838714, 18.6284840,  0.0622203,  0.7668270,  0.4965252,  0.4019549)    0    0  -1.49379116  0 0.400  -0.69781603
(-29.3604841,  3.9129960, 19.1477775,  0.0622203,  0.7668270,  0.4965252,  0.4019549)    0    0  -1.23354531  9 0.080  -0.78890496
(-21.3556297,  6.1440985, 29.9732050, -0.0861957,  0.4234608, -0.3473891,  0.8322092)    0    0  20.39383387  0 0.400  14.05257018
(-19.4633475,  5.3901364, 18.8459202,  0.8072769,  0.3208457, -0.4642162,  0.1728159)    0    0  -9.87775877  6 0.400  -5.28166757
(-29.5294885,  3.7133587, 19.2872041,  0.0622203,  0.7668270,  0.4965252,  0.4019549)    0    0  -0.80080995  2 3.040  -0.43573220
(-29.3457664,  4.1365373, 19.0787204,  0.0622203,  0.7668270,  0.4965252,  0.4019549)    0    0  -1.26864433 12 0.000  -0.75238753
(-25.0164158,  0.4198342, 22.0465428, -0.7850101,  0.0926012, -0.6124334, -0.0104681)    0    0  -5.73594458  9 2.920  -1.13537758
(-20.9798475,  6.0678154, 29.7207772, -0.0861957,  0.4234608, -0.3473891,  0.8322092)    0    0  22.33771939  4 5.000  14.88068325
(-17.1115238,  5.5486777, 25.8291980,  0.1283714,  0.5902198, -0.7672908, -0.2154674)    0    0 -31.68269752  0 5.000 -21.12179623
