144	1.2	0
-2.356194	0.615174	-0.666022
0.000000	0.000000	0.000000
receptor_blocked.pdb	0.097	-0.738	3.264
ligand_blocked.pdb	-53.165	12.888	-55.293
1.308997	0.080730	-2.622036	17	29	43	718.484
-2.356194	2.396274	-1.959260	137	35	122	698.613
1.308997	1.545873	-1.877082	49	15	18	697.241
-2.617994	2.396274	-1.959260	142	40	122	676.679
1.832596	0.571433	-1.188419	16	18	47	673.659
-2.617994	2.719179	-1.780644	140	40	121	668.412
0.785398	2.979456	-1.009304	30	139	111	667.668
2.356194	0.379747	-1.713059	8	22	48	652.359
-3.141593	1.301460	-0.509251	27	40	30	650.174
-2.356194	2.664082	-1.071402	1	40	118	647.407
1.832596	1.836682	-0.676006	52	21	141	647.095
-2.094395	0.615174	-0.666022	11	25	47	644.229
-1.570796	0.203748	0.590255	140	35	38	643.070
-2.356194	2.153910	-1.714959	136	39	129	639.512
1.570796	2.587733	0.232235	33	139	112	638.554
1.570796	2.104282	-0.813972	51	15	134	638.137
-2.617994	2.456751	-1.503343	141	44	128	635.971
2.094395	2.592629	0.909713	30	142	110	630.167
0.523599	2.979456	-1.009304	26	137	111	628.176
1.047198	1.545873	-1.877082	48	8	18	624.926
-0.785398	2.881233	-2.582574	23	137	111	622.895
-2.356194	0.762244	-0.273349	12	32	43	620.394
-2.617994	0.674054	1.013609	8	48	24	613.012
-0.785398	0.080730	-2.622036	31	7	42	612.801
-2.356194	0.379747	-1.713059	18	1	47	606.422
-2.094395	0.850607	-1.335383	2	18	47	605.863
2.356194	0.591903	2.010408	38	35	20	605.733
-2.879793	1.134497	-1.109631	8	35	41	604.521
-1.047198	0.615174	-0.666022	1	29	45	604.185
1.570796	1.617114	-1.572037	48	19	16	603.767
2.094395	1.195355	1.200319	52	12	141	603.557
-0.261799	0.290380	-0.796960	143	29	44	603.312
-1.570796	0.458961	-0.107937	140	23	46	602.328
-3.141593	1.510910	-0.740472	18	43	31	602.296
2.617994	0.379747	-1.713059	7	21	48	601.872
-2.094395	2.664082	-1.071402	140	35	119	601.232
-2.356194	0.709924	0.218797	14	46	31	600.729
-2.617994	0.709924	0.218797	20	44	30	600.365
2.094395	2.863997	0.549740	26	137	110	599.890
1.570796	2.724429	-0.348782	38	142	115	599.745
1.570796	1.448123	-2.163292	47	25	19	599.555
-2.617994	2.251330	-2.330739	139	39	124	599.110
-2.617994	1.555207	1.708892	141	46	129	599.078
1.047198	2.063651	-2.044600	49	6	135	598.521
-1.832596	2.455966	-0.641220	138	35	121	597.295
1.308997	0.379747	-1.713059	7	17	47	597.156
1.570796	1.836682	-0.676006	51	13	141	596.648
2.094395	0.850607	-1.335383	22	25	44	596.000
1.570796	1.696674	-1.253233	47	12	25	595.938
1.308997	0.290380	-0.796960	7	12	48	594.979
-0.523599	0.290380	-0.796960	3	31	44	594.741
1.832596	2.587733	0.232235	36	142	112	593.525
2.617994	2.863997	0.549740	34	5	108	593.125
1.832596	1.732874	-0.951685	52	23	2	592.256
-1.832596	0.379747	-1.713059	20	2	47	591.427
-2.879793	1.247695	1.809890	3	50	139	590.710
1.570796	1.909857	-0.381669	50	11	137	588.478
-2.094395	0.762244	-0.273349	8	31	43	587.175
1.832596	2.089241	-0.114193	48	2	125	586.503
2.879793	0.379747	-1.713059	6	21	48	586.464
1.832596	2.863997	0.549740	26	141	108	586.246
0.000000	2.356369	3.005869	36	3	110	582.492
-2.617994	1.506530	1.988858	139	45	133	582.391
1.570796	1.732874	-0.951685	52	15	2	580.750
-2.617994	1.134497	-1.109631	6	25	46	579.980
2.094395	1.335669	0.897240	52	14	142	579.282
2.617994	0.419640	2.974122	9	29	46	578.711
2.094395	0.571433	-1.188419	16	20	47	578.638
-3.141593	1.194549	-0.801900	17	36	38	578.306
2.356194	1.417623	-0.202254	45	28	17	578.148
-2.094395	2.455966	-0.641220	143	41	122	577.627
-2.356194	0.992645	-1.723759	139	24	44	577.454
1.308997	1.741644	-2.695914	51	15	140	577.198
1.570796	0.290380	-0.796960	9	12	48	576.533
-1.832596	0.762244	-0.273349	3	30	42	576.387
2.879793	1.510910	-0.740472	39	40	14	575.759
1.308997	1.448123	-2.163292	48	18	19	574.411
2.356194	1.135834	-1.431087	23	32	39	573.006
2.879793	1.417623	-0.202254	36	38	23	572.849
1.308997	1.195355	1.200319	49	1	132	572.679
0.785398	0.619654	-2.216909	20	10	48	572.327
2.879793	1.617114	-1.572037	16	46	28	571.676
1.570796	1.050534	3.042579	47	34	9	571.221
2.879793	1.301460	-0.509251	26	35	34	571.199
1.047198	0.619654	-2.216909	21	13	48	570.847
-2.094395	0.960688	-0.577532	0	29	42	570.689
1.570796	0.080730	-2.622036	13	29	44	570.611
2.617994	1.256302	0.062705	42	31	18	570.558
1.570796	0.866395	-2.492918	32	30	35	570.205
0.261799	2.164094	-2.991358	41	2	117	569.670
1.308997	1.846342	-1.796954	52	13	11	569.431
-2.879793	0.080730	-2.622036	0	14	47	569.336
-0.523599	0.458961	-0.107937	133	21	41	567.717
-2.617994	2.063651	-2.044600	139	43	131	567.562
-2.617994	0.379747	-1.713059	15	0	48	566.928
-1.832596	2.664082	-1.071402	135	35	123	566.848
-2.094395	0.685216	-1.712745	12	12	49	566.581
-1.570796	0.379747	-1.713059	20	8	48	566.446
-2.094395	2.719179	-1.780644	140	29	117	566.055
1.047198	0.850607	-1.335383	23	5	47	565.864
-2.617994	0.961715	0.014085	21	44	30	565.812
-2.356194	2.719179	-1.780644	136	35	121	565.680
1.308997	1.617114	-1.572037	49	11	19	565.533
1.832596	0.866955	-0.931351	25	18	43	565.366
-0.785398	0.379747	-1.713059	22	14	47	565.033
-1.308997	0.762244	-0.273349	140	33	40	564.952
-2.356194	0.203748	0.590255	5	27	46	564.844
-3.141593	1.417623	-0.202254	29	42	24	563.934
-2.617994	0.850607	-1.335383	5	26	46	563.814
-2.617994	1.128190	-2.288622	134	31	37	563.669
-2.094395	0.379747	-1.713059	16	6	48	562.713
-2.356194	2.456751	-1.503343	141	40	124	560.878
-2.356194	2.343981	-1.040456	143	43	128	560.832
-1.047198	0.762244	-0.273349	136	29	41	560.218
-2.617994	1.135834	-1.431087	143	32	42	560.156
2.094395	1.504028	0.636812	50	14	138	560.131
1.832596	1.696674	-1.253233	47	17	26	560.129
1.570796	1.335669	0.897240	52	11	2	559.872
1.832596	2.592629	0.909713	27	140	111	559.803
-2.879793	1.555207	1.708892	2	47	130	559.246
-2.094395	0.709924	0.218797	5	35	39	558.516
1.832596	2.247462	0.191623	43	1	118	557.290
1.570796	2.247462	0.191623	40	140	118	557.228
0.785398	0.850607	-1.335383	20	4	47	555.928
-1.570796	0.762244	-0.273349	0	36	40	555.331
1.832596	1.433411	-1.035986	42	13	32	554.507
1.570796	0.864993	2.278281	51	28	0	554.469
-2.094395	0.961715	0.014085	3	37	36	554.205
2.094395	1.683268	0.374177	52	14	139	553.650
1.832596	1.195355	1.200319	52	9	1	553.549
1.047198	1.766067	2.153843	39	11	109	553.261
-2.879793	1.417623	-0.202254	18	48	21	552.977
-2.879793	1.506530	1.988858	1	48	133	552.750
1.832596	0.866395	-2.492918	28	34	36	552.593
1.047198	0.685216	-1.712745	14	19	49	551.693
1.832596	1.488617	1.159546	51	16	127	551.460
-2.617994	2.153910	-1.714959	141	44	129	551.219
2.094395	1.135834	-1.431087	28	30	38	550.494
-0.785398	0.458961	-0.107937	135	26	41	550.345
-3.141593	2.153910	-1.714959	7	52	137	550.244
-1.832596	0.571433	-1.188419	11	18	49	549.996
-1.832596	0.619654	-2.216909	6	3	47	549.866
-2.617994	2.579248	-2.364801	141	34	116	549.681
-1.308997	2.588535	-2.976617	13	137	111	548.916
1.570796	0.619654	-2.216909	23	28	41	548.486
1.047198	2.153910	-1.714959	49	4	134	548.086
0.785398	0.370812	-2.547742	27	22	44	547.920
1.570796	1.545873	-1.877082	47	23	17	547.886
0.523599	1.870545	-2.976234	48	4	125	547.749
2.094395	1.510910	-0.740472	49	11	23	547.596
1.570796	0.379747	-1.713059	3	21	48	547.082
1.047198	0.080730	-2.622036	20	28	44	546.965
2.094395	0.866955	-0.931351	24	21	44	546.466
-1.832596	0.709924	0.218797	0	42	34	546.295
-1.832596	0.203748	0.590255	8	31	42	545.074
0.261799	0.866955	-0.931351	6	6	48	544.094
0.261799	0.290380	-0.796960	138	22	44	544.078
-1.570796	0.961715	0.014085	137	38	34	543.359
0.000000	0.290380	-0.796960	140	26	44	543.125
1.308997	0.370812	-2.547742	23	27	43	543.100
-2.094395	1.256302	0.062705	143	39	30	542.853
2.617994	1.606104	-0.451151	46	34	9	542.575
0.261799	2.356369	3.005869	39	7	110	542.257
2.617994	1.721184	-0.153948	44	32	13	542.125
1.308997	1.824694	1.850876	35	10	107	541.818
2.879793	0.619654	-2.216909	5	31	45	541.490
-0.261799	2.588535	-2.976617	31	141	111	541.356
2.356194	1.721184	-0.153948	51	28	0	541.179
-2.356194	0.850607	-1.335383	13	21	49	540.701
1.308997	2.251330	-2.330739	51	10	134	540.386
-3.141593	2.579248	-2.364801	143	42	120	540.201
1.570796	1.195355	1.200319	51	9	134	539.960
-2.094395	1.824694	1.850876	1	25	107	539.929
0.785398	1.824694	1.850876	32	3	107	539.831
2.879793	0.591903	2.010408	11	38	40	539.688
1.047198	1.824694	1.850876	35	6	107	539.384
-0.261799	0.080730	-2.622036	30	13	44	539.102
-2.617994	1.545873	-1.877082	135	40	29	539.083
-2.356194	0.866955	-0.931351	6	25	46	538.919
2.356194	1.662363	0.915448	49	20	137	538.780
0.261799	2.251330	-2.330739	42	138	126	538.736
-2.617994	1.998705	2.370472	0	30	111	538.501
-2.617994	0.419640	2.974122	137	24	44	537.238
-3.141593	1.247695	1.809890	10	52	140	537.084
1.832596	1.846342	-1.796954	46	26	21	536.995
1.570796	1.374601	-2.456031	46	27	19	536.839
-2.094395	0.203748	0.590255	7	41	38	536.470
1.570796	1.904882	-1.478089	49	12	19	536.153
1.308997	1.391910	3.030322	51	26	3	535.033
-0.523599	2.760637	2.781135	30	5	106	535.031
2.356194	0.203748	0.590255	36	12	39	534.816
-1.047198	2.881233	-2.582574	19	136	111	534.591
-2.617994	1.683268	0.374177	17	53	133	533.730
0.000000	2.041297	-2.664597	38	137	125	533.145
-2.879793	2.063651	-2.044600	0	47	132	532.902
-2.094395	0.866955	-0.931351	4	25	45	532.613
2.094395	0.591903	2.010408	43	31	21	532.507
-0.523599	0.080730	-2.622036	30	9	44	532.273
2.094395	1.732874	-0.951685	50	30	2	532.131
-3.141593	1.982574	-1.115518	22	50	12	531.814
0.523599	2.164094	-2.991358	45	7	117	531.694
-2.879793	1.433411	-1.035986	8	42	35	531.643
1.047198	0.379747	-1.713059	2	25	47	531.579
-2.094395	2.456751	-1.503343	136	33	121	531.002
-2.094395	2.724429	-0.348782	7	41	114	530.926
-0.785398	0.615174	-0.666022	143	26	45	530.823
-3.141593	0.418037	1.360082	9	35	43	530.523
0.523599	0.370812	-2.547742	29	18	44	530.465
0.000000	0.379747	-1.713059	20	18	47	530.212
2.356194	0.419640	2.974122	13	29	46	529.884
-2.617994	0.496451	0.593859	4	34	43	529.827
-2.879793	0.899350	-2.069907	142	30	43	529.750
2.879793	0.080730	-2.622036	143	18	48	529.728
1.047198	2.349581	-2.702517	48	11	128	529.659
-3.141593	0.571433	-1.188419	19	8	49	528.814
-3.141593	1.545873	-1.877082	3	44	29	528.434
0.523599	0.615174	-0.666022	7	4	47	528.063
-2.879793	2.396274	-1.959260	1	43	122	528.000
1.832596	1.599406	1.426070	49	18	122	527.879
-1.047198	0.080730	-2.622036	30	3	41	527.236
0.523599	0.850607	-1.335383	16	0	48	527.226
-2.879793	0.831641	0.616218	22	48	21	526.986
-2.617994	2.664082	-1.071402	7	44	118	526.957
-2.356194	0.960688	-0.577532	8	31	43	526.893
-0.523599	0.762244	-0.273349	137	14	43	526.200
-1.308997	0.458961	-0.107937	138	20	45	526.199
-2.879793	2.251330	-2.330739	143	43	124	526.115
0.785398	2.108018	1.311430	19	0	104	526.054
-2.879793	1.194549	-0.801900	12	39	39	525.825
1.570796	2.404280	-0.174044	45	143	122	525.586
-2.356194	2.187132	-0.479875	5	48	132	525.332
1.308997	1.050534	3.042579	50	26	11	525.207
2.356194	0.733948	3.021411	24	45	19	524.880
-3.141593	0.910508	1.903534	6	44	32	524.805
-2.879793	0.370812	-2.547742	143	22	46	524.435
-1.832596	1.194549	-0.801900	140	30	42	524.409
-3.141593	0.080730	-2.622036	143	16	47	524.355
-1.047198	0.458961	-0.107937	138	29	41	524.264
-2.879793	1.909857	-0.381669	18	51	4	524.256
2.094395	1.014500	0.906702	50	13	12	524.138
-3.141593	0.370812	-2.547742	0	25	46	524.030
2.094395	1.256302	0.062705	47	20	20	523.796
1.308997	1.374601	-2.456031	46	25	20	523.669
1.832596	2.724429	-0.348782	41	3	115	523.609
1.832596	0.379747	-1.713059	1	18	48	523.549
-2.094395	0.992645	-1.723759	137	20	44	523.246
1.047198	1.617114	-1.572037	41	129	27	523.025
1.308997	1.766067	2.153843	38	16	109	522.847
-0.261799	0.379747	-1.713059	22	17	47	522.588
2.879793	0.864993	2.278281	10	43	34	522.528
-0.785398	0.290380	-0.796960	13	23	46	522.066
-2.879793	1.195355	1.200319	11	52	2	521.556
1.047198	2.041297	-2.664597	51	15	137	521.517
0.261799	0.379747	-1.713059	10	12	50	521.388
2.879793	0.203748	0.590255	32	21	42	521.376
-2.879793	2.349581	-2.702517	143	39	119	521.370
1.308997	1.413347	-1.339188	42	5	33	520.983
-2.356194	2.180315	-1.357379	140	44	132	520.369
-1.308997	0.961715	0.014085	132	34	34	520.182
-1.308997	0.615174	-0.666022	4	30	45	519.797
-2.879793	1.617114	-1.572037	1	46	28	519.508
-3.141593	0.619654	-2.216909	2	30	44	519.407
1.308997	2.104282	-0.813972	49	7	134	519.282
2.094395	1.696674	-1.253233	46	34	10	518.829
-2.879793	0.674054	1.013609	6	40	38	518.439
2.094395	0.370812	-2.547742	11	22	49	518.420
0.261799	1.870545	-2.976234	42	142	122	518.154
-2.617994	0.640596	-2.797608	137	27	42	518.106
2.879793	1.135834	-1.431087	9	30	45	517.793
-2.879793	0.640596	-2.797608	139	31	42	517.407
2.356194	0.910508	1.903534	42	37	12	517.151
1.047198	2.979456	-1.009304	33	142	112	517.025
2.356194	1.413347	-1.339188	28	35	34	517.004
-2.617994	0.910508	1.903534	136	38	32	516.976
-2.879793	0.496451	0.593859	9	35	43	516.972
0.000000	0.080730	-2.622036	29	16	44	516.892
1.047198	2.174483	2.653697	39	16	110	516.682
-2.879793	2.174483	2.653697	5	30	109	516.546
0.000000	2.174483	2.653697	31	142	110	516.489
-2.879793	1.128190	-2.288622	138	35	37	516.466
1.570796	1.977582	0.969896	43	7	113	516.452
-2.356194	1.824694	1.850876	137	36	121	516.117
-2.879793	0.864993	2.278281	141	38	35	515.688
-3.141593	1.367556	0.358405	28	43	21	515.424
-0.261799	0.762244	-0.273349	137	9	43	515.313
2.356194	0.571433	-1.188419	15	22	47	515.229
-1.047198	0.370812	-2.547742	23	1	44	514.830
0.000000	2.588535	-2.976617	39	3	112	514.778
-1.047198	0.379747	-1.713059	21	11	48	514.707
1.832596	0.640596	-2.797608	22	26	46	514.669
1.570796	1.413347	-1.339188	43	12	33	514.471
-2.879793	1.554776	0.100351	18	50	15	514.263
-2.879793	0.992645	-1.723759	0	33	41	514.157
0.785398	0.899350	-2.069907	27	6	46	514.138
-3.141593	0.674054	1.013609	25	47	21	513.914
-2.879793	0.419640	2.974122	139	28	44	513.867
0.523599	0.866955	-0.931351	8	5	48	513.719
2.094395	0.640596	-2.797608	19	28	46	513.615
2.879793	1.367556	0.358405	34	44	17	513.450
-3.141593	1.756530	-2.105156	6	51	140	513.004
-2.879793	1.606104	-0.451151	16	50	19	512.945
1.570796	2.187132	-0.479875	45	1	123	512.870
0.261799	2.041297	-2.664597	42	142	124	512.555
1.832596	1.977582	0.969896	44	13	112	512.327
-1.570796	0.571433	-1.188419	10	16	49	512.134
-2.617994	0.831641	0.616218	15	49	22	511.893
-3.141593	0.700570	1.559208	12	50	20	511.812
2.356194	0.685216	-1.712745	15	28	45	511.529
1.832596	0.370812	-2.547742	13	22	49	511.374
2.356194	2.704512	1.488683	24	11	104	511.240
2.094395	1.488617	1.159546	51	15	137	511.211
1.832596	0.619654	-2.216909	14	24	46	511.208
-2.879793	2.881233	-2.582574	141	29	113	511.136
2.356194	2.863997	0.549740	30	139	109	511.104
2.356194	0.850607	-1.335383	19	27	44	511.043
-2.879793	2.153910	-1.714959	1	51	137	510.716
-3.141593	1.440580	2.260026	6	47	131	510.531
-1.308997	0.960688	-0.577532	139	29	43	510.291
2.879793	0.910508	1.903534	13	44	32	510.173
-1.832596	0.615174	-0.666022	10	24	47	510.138
-2.617994	1.982574	-1.115518	6	51	3	510.134
-2.879793	0.850607	-1.335383	7	17	48	509.719
0.000000	2.033014	2.977192	36	141	114	509.704
-3.141593	1.168678	2.108595	7	49	137	509.628
1.308997	2.724429	-0.348782	37	141	115	509.556
-1.047198	0.290380	-0.796960	3	19	49	509.444
-0.261799	2.356369	3.005869	28	140	110	509.389
2.094395	0.910508	1.903534	42	34	22	509.338
-2.879793	0.910508	1.903534	4	51	0	509.113
-1.570796	0.960688	-0.577532	142	31	43	508.660
2.356194	1.301460	-0.509251	44	26	22	508.640
2.617994	1.554776	0.100351	44	33	11	508.502
1.570796	1.662363	0.915448	48	6	122	508.415
2.879793	0.418037	1.360082	13	33	43	508.037
-2.879793	0.914445	2.687814	139	36	36	507.933
2.879793	0.700570	1.559208	14	40	37	507.922
-2.356194	1.872854	1.543456	139	38	120	507.718
1.308997	1.696674	-1.253233	46	7	24	507.560
-2.879793	1.045978	0.343692	20	41	31	507.362
-3.141593	0.618092	2.539118	2	35	41	507.169
1.308997	2.247462	0.191623	37	143	111	507.131
1.308997	1.599406	1.426070	51	6	138	506.923
-2.617994	1.872854	1.543456	143	41	121	506.395
-3.141593	1.325504	-1.671296	6	41	34	505.926
2.879793	0.458961	-0.107937	30	15	44	505.813
0.785398	0.080730	-2.622036	11	21	49	505.688
2.879793	0.419640	2.974122	5	28	46	505.307
2.879793	1.846342	-1.796954	14	53	2	504.219
-2.879793	1.367556	0.358405	19	49	17	504.065
2.094395	1.982574	-1.115518	51	18	13	504.011
2.879793	2.637879	2.121598	15	15	103	503.671
1.308997	0.640596	-2.797608	40	26	27	503.540
-1.308997	0.379747	-1.713059	22	11	48	503.408
0.000000	2.349581	-2.702517	39	139	119	503.218
-2.356194	0.961715	0.014085	14	46	30	503.198
-3.141593	0.864993	2.278281	3	42	34	502.275
-3.141593	1.606104	-0.451151	26	44	23	502.057
2.356194	0.992645	-1.723759	21	34	40	501.792
-3.141593	1.554776	0.100351	26	47	14	501.740
-2.356194	0.370812	-2.547742	141	17	46	501.490
1.832596	1.909857	-0.381669	52	19	137	501.313
1.047198	0.866395	-2.492918	41	27	27	500.719
1.832596	1.545873	-1.877082	46	29	17	500.660
0.785398	2.073035	2.027405	30	10	104	500.413
-2.617994	0.203748	0.590255	8	28	47	500.384
1.308997	0.571433	-1.188419	6	11	49	500.290
-2.356194	0.615174	-0.666022	15	26	47	500.043
-2.617994	0.914445	2.687814	135	32	36	499.653
-2.879793	0.418037	1.360082	9	47	28	499.550
0.523599	0.379747	-1.713059	8	28	47	499.531
2.617994	0.458961	-0.107937	32	12	44	499.294
1.570796	0.615174	-0.666022	19	11	46	499.098
1.047198	0.700570	1.559208	41	126	23	498.966
1.570796	1.812176	0.656819	46	5	118	498.812
-2.879793	1.168678	2.108595	0	48	137	498.781
-2.094395	0.458961	-0.107937	14	30	44	498.567
-2.879793	0.290380	-0.796960	23	10	47	498.541
1.047198	2.187132	-0.479875	36	136	117	498.503
2.879793	1.256302	0.062705	42	38	10	498.382
1.832596	2.104282	-0.813972	53	7	7	498.271
1.832596	0.929350	-2.910676	32	37	30	498.256
-0.785398	2.637879	2.121598	25	10	103	498.189
-2.356194	0.914445	2.687814	131	27	36	497.973
2.879793	0.571433	-1.188419	17	4	49	497.768
1.047198	1.872854	1.543456	31	2	107	497.463
0.261799	2.174483	2.653697	39	6	111	497.284
2.356194	1.732874	-0.951685	48	31	11	497.172
-2.879793	2.180315	-1.357379	8	52	141	497.136
-2.879793	0.700570	1.559208	5	50	20	496.837
2.356194	1.050534	3.042579	28	48	13	496.382
-2.356194	2.984978	1.954446	27	1	106	496.349
0.523599	1.824694	1.850876	30	0	107	496.349
2.094395	1.045978	0.343692	48	2	24	496.294
-2.879793	2.579248	-2.364801	139	38	120	495.930
-3.141593	1.045978	0.343692	33	43	19	495.918
-2.879793	1.050534	3.042579	136	40	32	495.444
-1.570796	2.295480	1.008277	13	37	107	495.430
-2.879793	1.545873	-1.877082	141	43	29	495.110
1.832596	1.135813	-2.658866	33	37	30	495.076
-1.832596	2.760637	2.781135	16	142	106	495.030
2.617994	0.496451	0.593859	41	12	34	494.831
2.879793	1.732874	-0.951685	22	45	25	494.805
1.047198	1.450119	-2.739050	53	14	9	494.468
2.094395	1.904882	-1.478089	49	37	143	494.404
-2.879793	2.456751	-1.503343	3	48	128	494.311
1.570796	1.184361	0.625864	52	9	8	493.817
2.879793	1.325504	-1.671296	12	40	34	493.583
-1.570796	0.709924	0.218797	139	39	34	493.545
1.308997	1.948085	-2.363031	54	8	1	493.379
-2.879793	2.719179	-1.780644	1	44	121	493.198
1.832596	0.992645	-1.723759	28	20	45	493.002
-2.617994	0.370812	-2.547742	141	20	46	492.905
-2.094395	2.343981	-1.040456	138	39	126	492.853
-1.832596	2.724429	-0.348782	4	39	114	492.772
1.047198	2.073035	2.027405	30	13	104	492.636
1.308997	0.850607	-1.335383	15	12	50	492.211
1.047198	0.370812	-2.547742	25	24	43	491.677
2.094395	0.419640	2.974122	15	28	46	491.663
-3.141593	0.615174	-0.666022	27	18	46	491.652
-3.141593	1.433411	-1.035986	13	41	35	491.637
1.308997	1.812176	0.656819	43	143	118	491.022
2.094395	1.417623	-0.202254	47	22	18	490.769
2.617994	2.407836	1.410646	27	22	103	490.667
1.308997	1.555207	1.708892	52	9	139	490.616
1.570796	1.134497	-1.109631	38	9	39	490.543
1.570796	2.115563	0.685730	38	1	113	490.385
2.094395	0.992645	-1.723759	24	31	40	490.202
-0.523599	2.637879	2.121598	25	15	102	490.184
-2.094395	1.113094	-0.272241	1	35	38	490.172
2.617994	0.591903	2.010408	16	37	40	490.101
-1.570796	2.760637	2.781135	20	142	106	490.077
1.570796	1.488617	1.159546	50	8	127	489.892
2.094395	1.617114	-1.572037	38	33	29	489.363
1.570796	0.571433	-1.188419	8	9	49	488.834
1.308997	0.733948	3.021411	42	19	32	488.708
-1.308997	1.113094	-0.272241	133	30	37	488.595
-2.094395	2.001437	0.381215	5	48	126	488.503
-2.356194	0.496451	0.593859	0	33	43	488.495
-2.879793	0.203748	0.590255	25	27	43	488.440
-2.879793	1.310100	1.488307	5	51	137	488.271
-2.094395	1.872854	1.543456	6	30	106	488.152
-3.141593	2.104282	-0.813972	26	52	142	488.100
-3.141593	1.696674	-1.253233	11	48	26	487.807
-1.570796	2.108018	1.311430	1	31	112	487.629
-2.879793	1.846342	-1.796954	2	49	139	487.364
-1.570796	1.113094	-0.272241	136	29	38	487.360
2.617994	2.704512	1.488683	26	12	104	487.274
-2.356194	0.290380	-0.796960	27	11	45	487.051
0.261799	0.960688	-0.577532	2	1	45	486.704
1.308997	1.662363	0.915448	45	0	122	486.538
2.094395	0.674054	1.013609	44	17	28	486.214
2.879793	2.881233	-2.582574	1	38	114	486.155
0.261799	0.615174	-0.666022	4	5	47	486.039
0.000000	2.637879	2.121598	31	22	104	486.037
1.832596	0.709924	0.218797	41	137	32	486.023
1.570796	1.310100	1.488307	51	12	129	485.992
1.308997	1.756530	-2.105156	52	15	143	485.801
1.308997	0.618092	2.539118	44	22	28	485.787
2.356194	1.658653	-2.409879	25	49	16	485.766
2.094395	1.545873	-1.877082	36	43	12	485.600
-1.047198	0.866955	-0.931351	0	22	48	485.311
-2.356194	0.591903	2.010408	134	27	40	484.969
2.617994	1.417623	-0.202254	35	33	29	484.938
1.570796	2.863997	0.549740	24	140	109	484.937
2.617994	1.301460	-0.509251	40	31	21	484.688
2.356194	1.168678	2.108595	42	41	5	484.614
1.832596	2.295480	1.008277	33	7	106	484.500
0.000000	0.615174	-0.666022	3	4	47	484.187
-3.141593	0.914445	2.687814	2	40	36	484.082
-3.141593	0.831641	0.616218	33	44	21	484.031
-2.094395	2.073035	2.027405	2	24	108	483.996
1.832596	1.014500	0.906702	52	6	9	483.897
2.879793	0.709924	0.218797	35	20	38	483.830
0.261799	2.033014	2.977192	43	1	118	483.753
1.308997	0.619654	-2.216909	22	17	49	483.723
-2.356194	2.251330	-2.330739	134	34	124	483.339
-3.141593	2.881233	-2.582574	142	34	114	483.258
-2.617994	0.899350	-2.069907	138	27	43	483.173
-2.879793	1.214854	-1.966664	141	37	36	483.156
-2.094395	0.496451	0.593859	140	31	43	482.964
1.047198	0.290380	-0.796960	6	12	49	482.954
0.523599	0.080730	-2.622036	13	21	49	482.916
0.000000	2.881233	-2.582574	36	134	118	482.781
1.308997	0.685216	-1.712745	12	19	49	482.710
2.094395	0.203748	0.590255	35	7	39	482.629
1.308997	0.866395	-2.492918	35	27	36	482.627
-2.356194	1.555207	1.708892	140	37	121	482.587
0.523599	0.619654	-2.216909	18	7	48	482.492
2.617994	0.685216	-1.712745	1	21	47	482.358
-3.141593	2.396274	-1.959260	4	50	129	482.351
2.094395	0.379747	-1.713059	8	21	48	482.237
1.047198	1.846342	-1.796954	50	5	141	482.160
1.832596	1.756530	-2.105156	47	32	10	482.144
-0.261799	0.458961	-0.107937	131	16	41	482.053
-2.094395	0.591903	2.010408	130	26	38	482.005
-1.832596	0.960688	-0.577532	1	28	44	481.851
1.832596	2.404280	-0.174044	43	0	118	481.567
1.308997	0.992645	-1.723759	29	11	45	481.530
1.308997	1.736875	3.023612	51	22	138	481.356
2.879793	1.184361	0.625864	39	41	10	481.239
2.094395	0.929350	-2.910676	26	41	31	481.223
1.570796	1.325504	-1.671296	45	20	23	481.198
2.617994	0.297065	2.160177	20	37	39	481.036
-2.879793	2.664082	-1.071402	8	46	127	481.024
1.832596	1.045978	0.343692	51	14	14	480.910
-2.879793	0.709924	0.218797	26	43	27	480.878
1.308997	1.875281	0.107086	42	141	121	480.738
1.570796	2.251330	-2.330739	51	16	137	480.605
-1.570796	0.615174	-0.666022	6	23	46	480.539
0.000000	2.164094	-2.991358	34	137	117	480.468
1.832596	1.413347	-1.339188	40	16	34	480.461
-1.308997	0.571433	-1.188419	142	19	47	480.417
-2.356194	0.700570	1.559208	136	33	37	480.397
-2.879793	1.301460	-0.509251	20	43	31	480.287
-2.617994	0.700570	1.559208	140	37	37	480.250
-2.879793	1.184361	0.625864	18	49	20	480.155
-3.141593	1.658653	-2.409879	4	51	141	480.029
-3.141593	0.297065	2.160177	1	41	35	480.009
-2.356194	0.458961	-0.107937	3	29	45	479.917
1.047198	1.741644	-2.695914	52	9	140	479.801
1.570796	2.001437	0.381215	43	4	115	479.418
-0.261799	0.370812	-2.547742	28	8	44	479.032
-3.141593	0.866955	-0.931351	15	18	47	478.816
1.308997	1.242974	-2.977882	49	27	6	478.656
0.523599	2.041297	-2.664597	46	3	124	478.408
1.570796	1.135813	-2.658866	37	31	29	478.372
1.832596	1.025536	1.576859	52	20	136	478.137
2.356194	0.961715	0.014085	50	8	19	478.121
1.570796	0.992645	-1.723759	30	16	45	478.051
-1.308997	0.203748	0.590255	136	32	39	477.797
-0.523599	2.881233	-2.582574	28	139	110	477.788
2.356194	1.214854	-1.966664	22	40	34	477.654
0.523599	1.948085	-2.363031	47	1	131	477.565
-3.141593	2.393226	1.857173	15	20	102	477.154
-2.879793	1.721184	-0.153948	17	50	13	477.047
0.785398	1.766067	2.153843	38	6	109	477.044
-2.617994	1.766067	2.153843	139	43	126	476.930
1.832596	0.290380	-0.796960	10	13	49	476.863
-2.617994	2.104282	-0.813972	6	51	141	476.831
-3.141593	0.458961	-0.107937	33	16	42	476.804
2.094395	0.080730	-2.622036	4	19	50	476.656
-3.141593	1.836682	-0.676006	24	49	14	476.240
-1.832596	1.113094	-0.272241	141	33	38	476.120
2.879793	0.297065	2.160177	7	42	35	476.003
1.308997	1.506530	1.988858	43	11	113	475.860
2.356194	1.606104	-0.451151	45	30	15	475.858
1.308997	2.089241	-0.114193	41	141	117	475.838
1.308997	1.569311	-3.003978	52	23	3	475.577
1.832596	0.910508	1.903534	50	33	140	475.433
1.832596	2.379497	0.561089	36	143	112	475.357
1.308997	1.504028	0.636812	46	142	127	475.272
-0.523599	2.478122	2.609777	26	1	106	475.105
0.785398	2.138223	1.678323	25	1	106	475.046
1.570796	0.419640	2.974122	30	29	40	475.024
2.617994	0.992645	-1.723759	15	34	41	474.968
2.879793	0.914445	2.687814	8	41	36	474.956
1.832596	1.510910	-0.740472	51	21	7	474.937
-2.617994	1.824694	1.850876	142	43	125	474.883
2.094395	1.113094	-0.272241	44	20	25	474.697
1.832596	1.554776	0.100351	51	7	141	474.489
1.308997	0.419640	2.974122	42	20	30	474.316
-1.570796	0.496451	0.593859	134	35	34	474.248
0.785398	0.685216	-1.712745	19	8	49	474.084
-2.617994	2.180315	-1.357379	1	50	142	473.856
1.308997	1.214854	-1.966664	46	10	27	473.528
-2.617994	1.168678	2.108595	140	46	137	473.500
0.261799	2.349581	-2.702517	43	0	119	473.458
-2.094395	0.914445	2.687814	128	21	36	473.221
-3.141593	1.617114	-1.572037	9	47	28	472.911
1.308997	1.872854	1.543456	31	0	108	472.647
1.047198	2.138223	1.678323	25	8	103	472.639
1.832596	1.812176	0.656819	47	7	118	472.484
0.523599	0.571433	-1.188419	13	11	49	472.461
1.570796	1.504028	0.636812	52	9	143	472.351
-1.570796	0.619654	-2.216909	137	11	45	472.265
1.570796	0.640596	-2.797608	23	22	46	472.172
1.570796	0.910508	1.903534	49	16	10	471.405
1.308997	1.574060	2.783565	52	21	141	471.241
-2.356194	0.418037	1.360082	140	41	32	471.196
-2.617994	0.929350	-2.910676	139	31	40	471.177
1.832596	1.606104	-0.451151	52	19	2	471.158
-2.879793	0.591903	2.010408	0	37	39	471.149
0.785398	1.872854	1.543456	27	143	106	471.143
0.523599	2.174483	2.653697	33	5	110	471.044
1.308997	2.404280	-0.174044	35	143	110	470.976
-2.356194	0.866395	-2.492918	133	22	42	470.966
1.570796	1.756530	-2.105156	49	27	9	470.940
0.785398	0.571433	-1.188419	9	9	49	470.785
1.832596	1.335669	0.897240	52	19	2	470.734
-0.785398	0.762244	-0.273349	133	24	41	470.686
-2.094395	0.419640	2.974122	136	17	44	470.523
1.308997	2.063651	-2.044600	51	14	135	470.384
2.094395	0.831641	0.616218	49	22	17	470.350
-2.617994	0.992645	-1.723759	142	28	44	470.160
-3.141593	0.992645	-1.723759	1	27	45	470.008
-3.141593	0.899350	-2.069907	138	25	43	469.999
1.308997	2.760637	2.781135	22	30	106	469.861
1.570796	1.247695	1.809890	51	16	130	469.751
2.094395	0.290380	-0.796960	11	13	48	469.715
-0.523599	0.615174	-0.666022	140	23	45	469.459
1.047198	1.736875	3.023612	51	22	139	469.155
-2.879793	0.618092	2.539118	141	32	41	469.056
2.094395	1.812176	0.656819	50	14	133	468.947
-3.141593	1.050534	3.042579	142	44	32	468.921
-2.879793	1.135834	-1.431087	4	34	42	468.638
1.047198	1.812176	0.656819	39	138	118	468.558
-2.617994	0.297065	2.160177	141	25	46	468.540
2.094395	2.104282	-0.813972	53	14	7	468.445
-2.617994	1.948085	-2.363031	140	46	134	468.441
-1.570796	2.587733	0.232235	3	36	111	468.418
1.832596	0.297065	2.160177	34	25	38	468.367
1.570796	1.809167	1.213774	46	9	116	468.357
-0.261799	2.760637	2.781135	35	12	106	468.343
2.879793	1.696674	-1.253233	28	45	21	468.248
1.570796	1.433411	-1.035986	41	6	33	468.151
-2.617994	0.591903	2.010408	139	33	40	467.661
-1.832596	0.458961	-0.107937	142	26	46	467.340
-0.261799	2.637879	2.121598	25	17	102	467.051
2.356194	1.696674	-1.253233	40	38	16	466.976
0.261799	0.080730	-2.622036	29	22	44	466.845
-3.141593	1.904882	-1.478089	14	51	12	466.801
2.879793	1.836682	-0.676006	33	45	13	466.755
-0.261799	2.033014	2.977192	32	137	114	466.705
2.356194	1.904882	-1.478089	44	43	143	466.684
1.832596	2.407836	1.410646	26	12	103	466.218
-2.617994	2.299159	2.264663	6	23	106	466.059
2.617994	1.617114	-1.572037	23	44	29	465.904
2.879793	1.135813	-2.658866	5	43	35	465.775
-2.356194	1.812176	0.656819	11	50	126	465.685
-3.141593	0.850607	-1.335383	7	18	48	465.682
1.308997	1.699788	2.452890	47	6	122	465.544
-0.261799	2.478122	2.609777	31	7	105	465.494
1.047198	2.001437	0.381215	36	137	115	465.438
-2.617994	2.089241	-0.114193	14	51	139	465.347
-2.356194	0.618092	2.539118	131	27	39	465.292
1.047198	2.247462	0.191623	33	138	111	464.979
-2.356194	0.685216	-1.712745	10	11	49	464.764
-2.617994	2.349581	-2.702517	138	35	120	464.758
1.570796	0.370812	-2.547742	18	30	43	464.741
2.094395	1.606104	-0.451151	51	25	4	464.683
1.832596	0.419640	2.974122	18	26	46	464.554
1.308997	2.073035	2.027405	30	15	104	464.178
-2.617994	1.050534	3.042579	137	34	35	464.019
-1.047198	2.588535	-2.976617	18	137	111	463.967
1.308997	0.914445	2.687814	47	22	21	463.936
2.356194	1.014500	0.906702	49	18	15	463.853
2.094395	1.721184	-0.153948	53	15	142	463.849
2.356194	1.554776	0.100351	51	28	2	463.844
1.832596	1.135834	-1.431087	31	26	38	463.819
-2.356194	0.080730	-2.622036	2	11	48	463.737
-3.141593	0.733948	3.021411	142	38	39	463.616
-2.356194	2.979456	-1.009304	6	36	111	463.589
-2.356194	0.899350	-2.069907	140	9	47	463.517
2.356194	1.184361	0.625864	50	17	13	463.435
1.047198	2.407836	1.410646	16	7	102	463.339
2.879793	1.606104	-0.451151	37	39	20	463.306
1.832596	1.982574	-1.115518	52	12	12	463.281
-3.141593	0.203748	0.590255	30	26	42	463.217
-3.141593	0.866395	-2.492918	0	38	39	463.136
2.617994	1.367556	0.358405	43	33	12	462.866
1.308997	0.615174	-0.666022	17	9	47	462.778
1.308997	1.683268	0.374177	44	141	124	462.764
2.879793	0.733948	3.021411	3	40	39	462.632
0.785398	2.247462	0.191623	28	136	111	462.310
-2.879793	2.979456	-1.009304	17	40	111	462.188
2.617994	2.881233	-2.582574	6	42	115	462.145
0.785398	2.407836	1.410646	30	139	112	462.094
1.832596	1.310100	1.488307	53	11	141	462.068
2.617994	0.709924	0.218797	38	15	37	462.050
1.308997	1.128190	-2.288622	45	19	27	461.881
-3.141593	0.290380	-0.796960	24	8	47	461.647
1.047198	1.374601	-2.456031	51	3	17	461.571
1.308997	1.310100	1.488307	53	6	3	461.510
0.000000	1.870545	-2.976234	37	137	122	461.099
2.356194	0.831641	0.616218	49	14	24	460.818
2.094395	2.407836	1.410646	28	13	103	460.528
-2.094395	1.606104	-0.451151	9	53	3	460.391
-2.617994	2.001437	0.381215	19	50	124	460.351
0.261799	1.998705	2.370472	31	2	107	460.336
-2.617994	0.866395	-2.492918	135	27	42	460.334
-2.356194	0.419640	2.974122	140	17	47	460.294
-0.261799	2.164094	-2.991358	29	134	117	460.058
-3.141593	1.014500	0.906702	19	51	7	459.937
0.523599	2.356369	3.005869	41	12	111	459.897
-2.617994	0.864993	2.278281	135	33	35	459.780
1.832596	1.134497	-1.109631	34	13	41	459.751
1.047198	0.571433	-1.188419	10	9	49	459.571
0.523599	1.741644	-2.695914	48	2	131	459.515
-2.879793	2.393226	1.857173	14	24	103	459.060
2.879793	0.618092	2.539118	8	37	41	459.039
-2.879793	0.619654	-2.216909	143	24	47	458.973
1.308997	2.001437	0.381215	40	142	115	458.762
-2.617994	1.599406	1.426070	0	48	132	458.551
0.261799	2.588535	-2.976617	44	139	121	458.403
2.617994	0.910508	1.903534	19	42	32	458.380
-1.832596	0.914445	2.687814	128	14	36	458.349
-2.879793	1.440580	2.260026	143	45	131	458.336
2.094395	0.297065	2.160177	18	27	46	458.213
1.832596	0.080730	-2.622036	11	29	43	457.921
1.570796	2.664082	-1.071402	46	142	124	457.917
1.308997	0.929350	-2.910676	42	25	29	457.566
-2.094395	0.290380	-0.796960	20	20	48	457.562
1.832596	0.850607	-1.335383	20	14	48	457.539
1.570796	0.297065	2.160177	36	21	38	457.528
-0.523599	2.356369	3.005869	30	139	111	457.451
2.094395	1.836682	-0.676006	52	21	5	457.327
0.785398	0.379747	-1.713059	5	26	47	457.314
-2.617994	2.041297	-2.664597	138	44	128	457.300
-2.879793	0.571433	-1.188419	16	8	49	457.297
0.523599	0.290380	-0.796960	140	16	46	457.204
0.785398	2.396274	-1.959260	47	2	127	457.047
-2.879793	1.504028	0.636812	18	49	10	456.964
2.094395	0.961715	0.014085	49	19	19	456.910
-2.617994	2.637879	2.121598	17	18	103	456.881
-2.879793	1.014500	0.906702	22	50	13	456.758
1.308997	0.700570	1.559208	44	132	23	456.436
2.094395	2.587733	0.232235	38	2	111	456.371
-2.094395	1.194549	-0.801900	143	32	42	455.893
1.047198	1.440580	2.260026	46	9	117	455.799
-1.570796	0.640596	-2.797608	134	11	43	455.652
1.047198	1.448123	-2.163292	49	12	18	455.365
1.832596	1.184361	0.625864	52	12	140	455.344
1.308997	2.041297	-2.664597	53	10	140	454.942
2.879793	2.407836	1.410646	24	18	102	454.506
2.094395	1.325504	-1.671296	29	35	33	454.407
-3.141593	1.256302	0.062705	27	42	28	454.393
-2.617994	1.413430	2.550734	136	39	128	454.387
1.832596	2.001437	0.381215	49	7	130	454.375
2.356194	1.045978	0.343692	45	24	22	453.956
-2.617994	0.571433	-1.188419	20	15	48	453.669
2.356194	1.025536	1.576859	40	38	18	453.533
-2.356194	1.135813	-2.658866	128	26	35	453.525
2.356194	1.683268	0.374177	51	28	140	453.493
-2.356194	1.134497	-1.109631	4	24	47	453.444
-2.356194	1.506530	1.988858	136	35	122	453.289
1.047198	1.977582	0.969896	24	138	109	453.121
-2.617994	2.979456	-1.009304	11	39	111	452.960
1.570796	1.658653	-2.409879	48	27	11	452.887
1.570796	1.846342	-1.796954	48	19	22	452.848
1.308997	2.393226	1.857173	19	15	101	452.749
-3.141593	1.721184	-0.153948	29	45	16	452.593
-3.141593	0.762244	-0.273349	31	21	43	452.467
-2.617994	2.033014	2.977192	139	38	120	452.328
-3.141593	2.407836	1.410646	21	24	103	452.325
1.308997	2.180315	-1.357379	51	5	141	452.313
-2.094395	1.417623	-0.202254	12	54	1	452.280
-1.047198	1.113094	-0.272241	130	26	37	452.250
1.308997	1.218453	2.777284	51	26	2	452.246
2.094395	2.295480	1.008277	37	16	106	452.234
-1.832596	2.404280	-0.174044	0	41	119	452.156
1.047198	0.640596	-2.797608	25	14	45	452.112
-2.617994	1.247695	1.809890	141	48	139	452.078
-1.308997	0.619654	-2.216909	139	8	46	451.983
-3.141593	0.709924	0.218797	12	35	41	451.979
-2.617994	1.134796	2.434290	138	44	140	451.672
2.879793	0.674054	1.013609	31	36	33	451.573
2.879793	1.440580	2.260026	12	48	18	451.539
-0.523599	2.588535	-2.976617	32	139	112	451.475
2.617994	2.174483	2.653697	15	35	108	451.466
2.879793	2.349581	-2.702517	10	43	117	451.178
1.047198	0.615174	-0.666022	14	6	47	451.172
1.832596	1.658653	-2.409879	39	36	21	451.141
-1.832596	0.850607	-1.335383	3	18	48	451.094
-2.879793	2.984978	1.954446	26	0	110	450.891
2.094395	1.433411	-1.035986	46	17	26	450.463
2.356194	0.640596	-2.797608	15	30	46	450.367
2.617994	1.014500	0.906702	47	25	15	450.204
2.617994	1.510910	-0.740472	39	36	20	450.199
1.832596	1.242974	-2.977882	36	38	23	450.121
-2.617994	0.458961	-0.107937	25	28	44	450.065
1.047198	0.899350	-2.069907	28	10	46	450.047
-1.308997	0.866955	-0.931351	2	24	48	450.015
2.879793	1.904882	-1.478089	16	50	18	449.904
-2.879793	0.297065	2.160177	1	28	46	449.900
1.570796	1.982574	-1.115518	53	16	140	449.807
2.617994	0.619654	-2.216909	0	24	47	449.686
-2.617994	0.290380	-0.796960	25	12	47	449.612
0.261799	0.370812	-2.547742	30	14	44	449.370
2.617994	0.831641	0.616218	47	21	24	449.202
1.832596	1.194549	-0.801900	37	10	38	449.044
2.356194	0.906588	1.252948	44	29	21	449.044
2.356194	2.138223	1.678323	32	27	106	449.009
0.785398	2.187132	-0.479875	31	132	117	449.008
-2.617994	0.733948	3.021411	133	32	38	448.827
-0.261799	0.571433	-1.188419	6	22	49	448.806
-2.617994	1.904882	-1.478089	1	50	141	448.773
-3.141593	1.195355	1.200319	18	52	2	448.643
2.356194	2.295480	1.008277	36	10	106	448.587
2.617994	0.914445	2.687814	21	51	9	448.562
2.617994	1.909857	-0.381669	41	38	12	448.489
1.570796	1.599406	1.426070	49	11	122	448.337
-1.308997	0.290380	-0.796960	4	21	49	448.153
1.570796	1.391910	3.030322	43	33	15	447.776
1.832596	2.299159	2.264663	21	23	103	447.679
1.308997	1.977582	0.969896	38	142	115	447.670
2.094395	1.184361	0.625864	52	11	10	447.556
2.879793	2.393226	1.857173	19	26	102	447.532
-2.617994	0.685216	-1.712745	6	7	50	447.467
-0.523599	0.379747	-1.713059	7	14	49	447.248
-3.141593	1.134796	2.434290	142	49	139	447.129
-2.356194	1.135834	-1.431087	141	30	43	447.035
-2.356194	0.929350	-2.910676	135	27	40	446.758
2.356194	1.909857	-0.381669	51	27	1	446.715
2.356194	2.407836	1.410646	28	15	103	446.675
-2.356194	1.134796	2.434290	127	31	28	446.610
-3.141593	0.906588	1.252948	17	51	10	446.481
-2.879793	1.413347	-1.339188	4	40	37	446.382
2.617994	1.846342	-1.796954	19	50	16	446.157
2.094395	2.138223	1.678323	30	14	105	446.147
0.261799	0.458961	-0.107937	137	10	43	446.104
-2.879793	1.510910	-0.740472	12	45	31	446.042
1.047198	2.251330	-2.330739	52	8	137	446.009
2.094395	2.187132	-0.479875	53	15	2	445.974
2.879793	1.545873	-1.877082	16	51	4	445.834
-0.785398	0.370812	-2.547742	24	2	45	445.830
-2.617994	1.836682	-0.676006	15	53	4	445.752
1.570796	1.875281	0.107086	46	143	127	445.614
-2.879793	1.982574	-1.115518	13	53	3	445.604
2.094395	1.134497	-1.109631	29	26	39	445.554
2.356194	0.496451	0.593859	40	16	35	445.533
1.570796	0.866955	-0.931351	19	4	47	445.367
0.000000	0.370812	-2.547742	29	10	44	445.350
0.000000	2.478122	2.609777	30	143	109	445.318
2.617994	0.080730	-2.622036	0	20	48	445.267
0.523599	2.063651	-2.044600	45	140	133	445.217
2.094395	0.619654	-2.216909	21	23	48	445.118
-2.356194	0.674054	1.013609	1	47	24	445.118
-3.141593	0.496451	0.593859	30	32	38	444.969
-2.094395	1.135813	-2.658866	131	23	37	444.934
2.617994	0.418037	1.360082	31	30	37	444.768
-2.617994	1.870545	-2.976234	137	44	131	444.461
-2.356194	0.831641	0.616218	7	41	33	444.217
2.356194	1.335669	0.897240	43	36	13	444.199
1.832596	1.504028	0.636812	48	1	128	444.137
-2.879793	0.458961	-0.107937	30	19	42	444.046
1.832596	0.906588	1.252948	50	10	11	443.794
-2.094395	0.619654	-2.216909	136	18	45	443.752
1.308997	1.134497	-1.109631	36	4	39	443.513
-2.356194	2.393226	1.857173	13	23	104	443.512
-2.356194	2.001437	0.381215	12	49	124	443.355
-3.141593	1.413430	2.550734	8	53	140	443.349
2.094395	1.909857	-0.381669	52	20	1	443.311
-2.879793	1.836682	-0.676006	17	51	9	443.231
-2.094395	1.721184	-0.153948	10	55	138	442.987
-2.094395	2.299159	2.264663	6	19	106	442.943
0.523599	2.138223	1.678323	22	6	103	442.858
1.047198	2.478122	2.609777	30	20	105	442.833
1.047198	2.089241	-0.114193	36	136	117	442.826
1.308997	0.418037	1.360082	38	130	31	442.794
2.617994	0.640596	-2.797608	10	31	46	442.772
1.832596	1.050534	3.042579	36	38	24	442.628
-3.141593	2.356369	3.005869	4	37	112	442.468
2.879793	0.370812	-2.547742	1	26	46	442.463
-3.141593	1.374601	-2.456031	8	51	5	442.298
-1.832596	0.685216	-1.712745	11	10	50	442.278
0.523599	2.251330	-2.330739	47	0	126	442.229
-2.094395	0.899350	-2.069907	143	8	47	442.175
-3.141593	1.134497	-1.109631	22	35	39	442.116
1.047198	2.760637	2.781135	25	29	106	441.949
-2.356194	2.174483	2.653697	138	31	114	441.920
2.617994	1.184361	0.625864	38	39	20	441.876
-1.047198	2.637879	2.121598	26	11	102	441.842
1.832596	0.618092	2.539118	42	29	22	441.767
-1.832596	0.290380	-0.796960	4	20	48	441.707
2.094395	1.846342	-1.796954	43	41	8	441.513
2.879793	1.113094	-0.272241	35	34	31	441.464
2.356194	1.433411	-1.035986	32	33	34	441.434
2.356194	1.367556	0.358405	47	26	15	441.168
0.523599	2.407836	1.410646	28	135	112	441.157
2.094395	2.174483	2.653697	31	38	111	441.134
0.785398	0.866955	-0.931351	18	142	46	441.037
0.785398	2.001437	0.381215	31	134	115	440.901
2.879793	2.180315	-1.357379	16	51	7	440.874
-2.617994	2.174483	2.653697	0	26	109	440.856
2.617994	0.700570	1.559208	32	39	28	440.809
2.094395	0.762244	-0.273349	39	141	36	440.805
1.832596	0.864993	2.278281	48	34	0	440.725
-2.356194	2.138223	1.678323	9	30	107	440.626
1.308997	2.138223	1.678323	41	0	116	440.525
-2.356194	1.050534	3.042579	129	27	35	440.492
1.570796	0.899350	-2.069907	23	22	45	440.172
-3.141593	1.909857	-0.381669	24	50	5	440.124
-2.879793	2.187132	-0.479875	17	51	0	439.908
-3.141593	1.846342	-1.796954	6	50	21	439.887
-2.879793	0.615174	-0.666022	25	15	47	439.883
1.047198	2.108018	1.311430	22	140	107	439.878
-2.617994	0.866955	-0.931351	0	33	43	439.869
2.879793	0.866395	-2.492918	5	37	42	439.757
0.261799	2.637879	2.121598	29	25	104	439.414
1.308997	1.450119	-2.739050	51	23	10	439.291
-2.617994	0.762244	-0.273349	2	34	42	439.291
2.617994	0.618092	2.539118	13	37	42	439.184
-3.141593	2.063651	-2.044600	8	50	130	439.118
2.356194	1.113094	-0.272241	44	15	31	438.865
2.617994	1.335669	0.897240	38	42	13	438.698
1.047198	1.506530	1.988858	42	5	113	438.696
0.000000	0.762244	-0.273349	139	5	43	438.696
1.570796	1.440580	2.260026	51	17	140	438.693
-3.141593	2.984978	1.954446	23	143	109	438.677
-2.879793	2.407836	1.410646	19	24	103	438.653
1.570796	2.379497	0.561089	34	139	113	438.638
-2.617994	2.984978	1.954446	24	143	106	438.528
1.832596	1.875281	0.107086	51	7	133	438.488
1.047198	0.733948	3.021411	31	13	42	438.478
-2.094395	2.251330	-2.330739	133	32	125	438.459
1.308997	0.864993	2.278281	47	13	28	438.304
-0.523599	0.370812	-2.547742	26	4	45	438.302
-1.570796	2.001437	0.381215	142	46	123	438.224
1.047198	1.948085	-2.363031	51	14	139	438.108
2.356194	1.836682	-0.676006	51	29	5	438.075
1.308997	2.979456	-1.009304	40	1	114	438.020
-2.094395	2.115563	0.685730	7	44	119	437.921
1.308997	2.115563	0.685730	36	141	114	437.887
1.570796	2.073035	2.027405	29	18	104	437.838
-2.879793	1.134796	2.434290	0	48	140	437.805
2.094395	0.906588	1.252948	47	22	21	437.525
0.261799	2.407836	1.410646	14	10	103	437.396
-0.261799	2.349581	-2.702517	34	134	119	437.388
-2.356194	1.168678	2.108595	134	42	138	437.184
-2.617994	1.846342	-1.796954	139	45	138	437.148
-3.141593	1.025536	1.576859	8	45	29	437.036
-2.879793	1.756530	-2.105156	1	47	137	437.008
1.570796	2.456751	-1.503343	52	4	135	436.901
1.832596	2.108018	1.311430	40	15	109	436.699
-2.617994	0.080730	-2.622036	2	12	48	436.588
1.832596	1.367556	0.358405	53	15	4	436.386
-2.356194	1.699788	2.452890	137	30	117	436.227
2.356194	1.510910	-0.740472	47	35	7	436.111
2.617994	1.218453	2.777284	14	52	5	435.930
1.308997	2.587733	0.232235	28	135	112	435.780
0.785398	0.290380	-0.796960	5	12	48	435.748
1.832596	1.721184	-0.153948	51	6	136	435.530
-1.308997	0.370812	-2.547742	18	138	44	435.394
-2.879793	2.089241	-0.114193	20	50	141	435.339
-1.047198	2.863997	0.549740	7	34	108	435.277
1.308997	1.325504	-1.671296	38	17	35	435.254
2.094395	2.881233	-2.582574	22	39	110	435.247
1.308997	1.184361	0.625864	44	126	17	435.190
-2.617994	1.135813	-2.658866	138	35	37	435.167
-3.141593	1.504028	0.636812	26	48	11	435.127
-2.356194	1.113094	-0.272241	7	37	38	434.962
2.094395	0.709924	0.218797	42	143	33	434.917
-2.879793	2.104282	-0.813972	19	54	142	434.710
2.094395	1.662363	0.915448	49	12	129	434.589
2.356194	0.709924	0.218797	39	14	38	434.569
0.785398	0.640596	-2.797608	24	10	46	434.493
1.832596	1.904882	-1.478089	48	33	6	434.219
-2.879793	2.138223	1.678323	14	29	105	434.172
2.617994	1.658653	-2.409879	17	50	19	434.118
-0.261799	2.881233	-2.582574	33	130	117	433.998
-2.617994	1.909857	-0.381669	13	52	2	433.996
-2.094395	0.733948	3.021411	133	17	42	433.810
0.523599	2.033014	2.977192	46	7	117	433.707
2.879793	0.850607	-1.335383	7	19	47	433.621
2.094395	0.914445	2.687814	30	40	29	433.596
2.356194	1.812176	0.656819	49	20	132	433.557
-1.832596	1.977582	0.969896	1	40	118	433.540
1.047198	1.658653	-2.409879	52	14	9	433.340
1.832596	1.662363	0.915448	45	4	121	433.294
-3.141593	1.335669	0.897240	19	53	142	433.209
-3.141593	0.929350	-2.910676	141	33	39	432.851
-3.141593	2.637879	2.121598	18	16	103	432.845
1.832596	0.831641	0.616218	50	15	18	432.798
2.617994	1.413347	-1.339188	23	38	34	432.648
2.094395	0.864993	2.278281	44	40	0	432.579
0.785398	1.374601	-2.456031	50	139	17	432.557
2.356194	0.297065	2.160177	15	29	46	432.527
2.094395	1.367556	0.358405	48	20	15	432.461
1.308997	1.809167	1.213774	32	140	109	432.330
2.879793	1.050534	3.042579	4	45	32	432.243
2.879793	2.251330	-2.330739	6	49	127	432.214
1.570796	1.569311	-3.003978	47	34	2	432.211
-2.094395	2.979456	-1.009304	0	39	115	432.197
0.785398	2.637879	2.121598	20	22	102	432.133
1.047198	1.247695	1.809890	51	10	131	432.041
0.261799	1.948085	-2.363031	43	138	132	431.961
-2.617994	2.073035	2.027405	6	29	107	431.864
2.094395	1.301460	-0.509251	46	20	23	431.823
0.261799	2.138223	1.678323	21	5	103	431.789
-3.141593	1.135834	-1.431087	6	30	45	431.660
1.570796	2.138223	1.678323	37	15	106	431.631
-0.261799	0.615174	-0.666022	0	16	47	431.517
1.047198	2.579248	-2.364801	48	5	126	431.457
2.879793	1.909857	-0.381669	34	45	9	431.303
-1.308997	0.709924	0.218797	130	18	40	431.296
1.308997	0.899350	-2.069907	29	15	46	431.196
1.570796	0.914445	2.687814	44	29	22	431.173
2.617994	1.696674	-1.253233	35	42	21	431.112
-2.879793	2.073035	2.027405	8	31	106	430.982
-2.617994	2.393226	1.857173	12	22	104	430.799
1.832596	2.343981	-1.040456	53	4	138	430.771
-3.141593	2.251330	-2.330739	6	46	123	430.712
1.570796	0.618092	2.539118	47	20	23	430.599
1.832596	2.138223	1.678323	36	21	106	430.575
2.094395	0.733948	3.021411	32	43	20	430.260
-2.094395	2.138223	1.678323	11	24	104	430.193
2.094395	2.115563	0.685730	43	16	112	430.168
-3.141593	1.450119	-2.739050	7	52	1	430.033
1.570796	0.685216	-1.712745	11	20	49	429.968
1.832596	1.325504	-1.671296	36	22	39	429.893
-2.617994	0.618092	2.539118	135	32	39	429.697
-2.356194	0.733948	3.021411	135	22	42	429.608
2.094395	2.108018	1.311430	36	10	108	429.556
2.879793	1.168678	2.108595	12	47	25	429.540
-0.261799	0.619654	-2.216909	9	5	47	429.409
-0.785398	0.203748	0.590255	138	16	46	428.931
-1.308997	2.863997	0.549740	11	34	107	428.869
-2.879793	1.696674	-1.253233	12	49	21	428.789
1.308997	1.135834	-1.431087	33	15	40	428.527
-3.141593	2.349581	-2.702517	143	41	120	428.467
-2.879793	2.637879	2.121598	15	13	102	428.407
-1.832596	1.301460	-0.509251	138	37	37	428.388
-1.570796	0.290380	-0.796960	18	21	47	428.298
-2.879793	0.866395	-2.492918	138	30	42	428.242
2.094395	1.809167	1.213774	45	10	124	428.183
0.000000	2.760637	2.781135	36	16	106	428.152
-1.047198	0.571433	-1.188419	11	23	49	428.044
-2.356194	1.836682	-0.676006	5	51	143	427.907
1.308997	2.455966	-0.641220	40	141	117	427.848
0.523599	2.108018	1.311430	16	0	104	427.828
1.570796	1.045978	0.343692	45	131	23	427.701
2.094395	0.685216	-1.712745	16	27	45	427.686
-2.094395	0.640596	-2.797608	139	14	46	427.571
-2.879793	0.960688	-0.577532	15	35	42	427.519
-3.141593	2.588535	-2.976617	3	35	112	427.503
-2.356194	1.045978	0.343692	7	42	31	427.498
-2.617994	2.343981	-1.040456	3	50	136	427.493
-2.094395	1.555207	1.708892	134	38	126	427.406
0.785398	2.089241	-0.114193	30	132	117	427.387
0.785398	2.588535	-2.976617	43	6	120	427.379
2.879793	2.174483	2.653697	12	41	111	427.277
2.094395	1.242974	-2.977882	30	43	23	427.197
-2.879793	1.732874	-0.951685	8	51	18	427.002
1.047198	0.992645	-1.723759	29	8	46	426.973
2.356194	0.370812	-2.547742	9	22	49	426.957
-2.356194	2.108018	1.311430	16	32	105	426.943
-1.832596	0.866955	-0.931351	3	23	47	426.872
2.356194	1.504028	0.636812	52	19	0	426.819
1.570796	1.014500	0.906702	52	10	12	426.750
2.356194	1.846342	-1.796954	42	45	0	426.746
1.570796	2.089241	-0.114193	44	4	117	426.741
0.785398	2.174483	2.653697	37	11	109	426.510
1.570796	2.295480	1.008277	34	4	109	426.504
1.047198	0.914445	2.687814	50	141	16	426.433
-2.356194	2.299159	2.264663	4	19	105	426.236
1.832596	1.247695	1.809890	52	14	143	426.036
2.879793	1.014500	0.906702	33	39	24	426.016
2.356194	0.960688	-0.577532	30	17	44	426.002
1.570796	1.134796	2.434290	53	9	2	425.575
-2.094395	0.618092	2.539118	134	18	42	425.477
-2.094395	2.704512	1.488683	29	15	103	425.355
-2.617994	1.662363	0.915448	1	49	132	425.300
1.047198	1.756530	-2.105156	51	10	11	425.179
0.785398	1.699788	2.452890	46	13	114	424.694
2.356194	0.619654	-2.216909	3	26	47	424.634
2.617994	1.741644	-2.695914	15	51	15	424.546
0.785398	0.618092	2.539118	43	134	28	424.328
1.308997	1.335669	0.897240	51	2	3	424.307
2.617994	0.203748	0.590255	35	11	41	424.257
-2.879793	1.683268	0.374177	18	49	8	424.032
1.570796	2.407836	1.410646	18	5	102	423.976
1.832596	1.448123	-2.163292	44	31	18	423.871
1.832596	2.115563	0.685730	43	10	112	423.629
1.047198	1.809167	1.213774	32	140	111	423.580
-3.141593	1.135813	-2.658866	143	44	33	423.540
2.617994	0.370812	-2.547742	4	26	47	423.437
2.879793	1.128190	-2.288622	7	41	38	423.410
2.879793	1.214854	-1.966664	0	35	41	423.365
-3.141593	0.419640	2.974122	1	26	46	423.359
1.832596	0.591903	2.010408	45	30	20	423.342
1.308997	0.906588	1.252948	45	128	19	422.952
2.617994	0.733948	3.021411	12	36	42	422.830
-2.356194	0.864993	2.278281	129	32	33	422.669
-0.785398	2.760637	2.781135	38	134	116	422.573
1.308997	1.836682	-0.676006	49	6	141	422.571
-2.879793	1.335669	0.897240	11	53	142	422.447
1.308997	1.488617	1.159546	51	5	141	422.391
1.570796	0.418037	1.360082	41	136	31	421.925
0.523599	2.393226	1.857173	21	14	102	421.904
-3.141593	0.591903	2.010408	5	38	40	421.825
1.570796	1.683268	0.374177	51	8	139	421.794
1.308997	2.396274	-1.959260	51	8	132	421.787
2.094395	0.866395	-2.492918	23	38	36	421.770
-0.523599	0.619654	-2.216909	6	5	47	421.663
2.094395	1.554776	0.100351	52	15	0	421.651
0.785398	1.413430	2.550734	50	11	121	421.439
2.617994	1.050534	3.042579	20	50	9	421.145
2.879793	0.899350	-2.069907	140	28	43	421.134
-2.617994	1.554776	0.100351	17	54	139	421.104
0.261799	2.579248	-2.364801	41	142	118	420.961
0.261799	2.881233	-2.582574	45	138	121	420.915
-2.094395	2.407836	1.410646	13	25	103	420.779
-2.094395	0.297065	2.160177	135	22	44	420.751
-0.785398	0.571433	-1.188419	9	23	49	420.668
2.356194	1.506530	1.988858	39	42	124	420.665
2.617994	2.393226	1.857173	24	24	103	420.541
2.094395	1.450119	-2.739050	31	43	22	420.434
0.523599	2.349581	-2.702517	46	6	119	420.410
0.261799	2.979456	-1.009304	23	137	111	420.262
0.785398	2.063651	-2.044600	49	2	135	420.081
-2.356194	0.640596	-2.797608	133	24	42	419.912
-2.879793	1.025536	1.576859	7	53	143	419.604
1.570796	1.128190	-2.288622	35	29	35	419.576
-3.141593	2.299159	2.264663	10	38	109	419.508
-2.617994	1.194549	-0.801900	7	39	39	419.432
1.570796	1.367556	0.358405	49	3	133	419.349
2.094395	1.875281	0.107086	51	19	135	419.303
1.047198	1.574060	2.783565	51	19	137	419.294
-2.879793	1.948085	-2.363031	141	47	133	419.266
0.523599	0.685216	-1.712745	17	4	49	419.206
-3.141593	1.948085	-2.363031	4	50	132	419.166
-2.879793	0.866955	-0.931351	12	29	44	419.056
-2.879793	0.906588	1.252948	10	51	16	419.047
-2.879793	2.041297	-2.664597	140	44	128	418.930
0.523599	2.295480	1.008277	26	132	114	418.872
2.094395	1.214854	-1.966664	27	36	35	418.824
-1.832596	1.812176	0.656819	1	45	121	418.765
2.617994	1.545873	-1.877082	26	51	3	418.734
-1.047198	0.496451	0.593859	130	25	36	418.639
2.356194	0.700570	1.559208	47	31	8	418.281
1.047198	2.393226	1.857173	19	15	101	418.134
-2.617994	1.195355	1.200319	14	53	137	418.067
-1.832596	0.961715	0.014085	142	42	33	418.026
-3.141593	0.640596	-2.797608	5	29	46	417.928
-2.879793	2.299159	2.264663	6	36	109	417.921
1.570796	1.948085	-2.363031	53	16	2	417.803
0.261799	0.419640	2.974122	38	133	35	417.739
1.047198	2.404280	-0.174044	31	138	110	417.643
-1.832596	1.128190	-2.288622	129	17	39	417.620
-1.570796	1.977582	0.969896	5	38	110	417.310
-2.356194	1.766067	2.153843	138	31	116	417.156
1.832596	2.760637	2.781135	9	38	109	417.033
-0.523599	0.203748	0.590255	139	13	46	416.989
-1.308997	2.760637	2.781135	27	142	107	416.937
-1.570796	0.866955	-0.931351	3	26	47	416.883
-1.832596	1.256302	0.062705	137	36	31	416.805
1.308997	2.379497	0.561089	33	1	106	416.790
2.879793	1.721184	-0.153948	37	41	15	416.706
2.356194	0.418037	1.360082	36	26	37	416.681
1.047198	0.591903	2.010408	42	131	27	416.636
-0.785398	2.356369	3.005869	26	137	111	416.536
2.094395	1.448123	-2.163292	33	46	11	416.484
0.523599	1.998705	2.370472	32	1	111	416.483
1.047198	2.115563	0.685730	34	141	110	416.375
-2.356194	1.982574	-1.115518	4	50	3	416.358
-1.832596	1.809167	1.213774	140	37	118	416.299
0.261799	2.478122	2.609777	40	17	108	416.177
1.308997	1.658653	-2.409879	51	22	8	416.175
1.570796	1.168678	2.108595	53	8	5	416.159
-2.094395	1.050534	3.042579	127	21	35	416.120
1.570796	1.554776	0.100351	49	2	131	416.102
1.570796	2.393226	1.857173	28	21	103	416.053
2.617994	1.433411	-1.035986	38	35	24	416.027
2.879793	2.588535	-2.976617	2	37	114	415.778
1.308997	2.187132	-0.479875	43	2	116	415.769
-2.356194	2.637879	2.121598	18	6	102	415.765
-2.617994	1.732874	-0.951685	9	51	6	415.759
-2.356194	2.115563	0.685730	14	46	119	415.508
2.356194	2.393226	1.857173	22	14	103	415.143
-3.141593	1.184361	0.625864	26	47	20	414.983
-2.356194	1.909857	-0.381669	11	54	142	414.901
-2.356194	2.349581	-2.702517	137	35	121	414.773
2.617994	1.242974	-2.977882	8	51	9	414.747
2.617994	0.960688	-0.577532	29	27	42	414.664
2.879793	0.929350	-2.910676	4	41	37	414.646
-2.356194	2.579248	-2.364801	136	31	120	414.551
2.879793	0.685216	-1.712745	8	30	46	414.308
0.523599	1.872854	1.543456	24	142	106	414.281
2.094395	2.456751	-1.503343	50	16	140	414.029
1.047198	1.904882	-1.478089	49	3	16	413.894
-2.094395	2.760637	2.781135	12	143	106	413.731
2.879793	1.194549	-0.801900	33	34	33	413.534
-2.879793	0.379747	-1.713059	14	1	48	413.433
1.308997	1.869911	2.701025	51	3	128	413.292
1.832596	2.396274	-1.959260	50	17	141	413.285
-2.094395	0.929350	-2.910676	133	21	40	413.267
1.570796	0.929350	-2.910676	37	33	29	413.176
-2.879793	1.741644	-2.695914	142	44	131	413.168
-2.617994	2.138223	1.678323	11	28	105	412.981
-2.356194	1.683268	0.374177	141	49	137	412.935
1.308997	1.134796	2.434290	53	23	138	412.781
1.308997	1.904882	-1.478089	51	10	15	412.745
2.617994	2.637879	2.121598	16	16	103	412.514
1.832596	1.617114	-1.572037	44	21	27	412.470
-3.141593	0.685216	-1.712745	5	25	47	412.413
-1.047198	0.960688	-0.577532	137	25	43	412.375
2.094395	2.704512	1.488683	23	9	104	412.179
-1.047198	0.619654	-2.216909	141	5	46	412.095
-0.523599	0.571433	-1.188419	8	24	49	411.702
2.617994	1.374601	-2.456031	15	48	27	411.407
0.523599	2.478122	2.609777	38	21	107	411.388
0.785398	2.393226	1.857173	22	14	102	411.365
1.832596	1.128190	-2.288622	31	34	34	411.316
-2.094395	2.478122	2.609777	9	4	105	411.020
-2.879793	2.704512	1.488683	25	8	103	410.914
-2.356194	1.310100	1.488307	139	47	132	410.691
1.308997	1.045978	0.343692	42	125	23	410.677
1.832596	1.809167	1.213774	42	7	113	410.634
1.308997	2.637879	2.121598	13	24	102	410.495
2.879793	1.413347	-1.339188	25	40	33	410.485
-2.879793	1.488617	1.159546	9	52	136	410.394
-3.141593	1.113094	-0.272241	30	38	31	410.357
1.308997	1.168678	2.108595	53	20	134	409.988
-3.141593	2.180315	-1.357379	11	52	8	409.883
0.523599	0.618092	2.539118	40	128	28	409.832
0.000000	2.984978	1.954446	20	32	106	409.818
-2.356194	1.433411	-1.035986	143	32	43	409.789
2.879793	1.504028	0.636812	33	45	11	409.673
-2.617994	1.184361	0.625864	12	50	18	409.599
1.308997	1.982574	-1.115518	52	9	140	409.533
1.308997	1.247695	1.809890	49	8	15	409.524
1.047198	1.998705	2.370472	46	140	122	409.493
1.308997	2.478122	2.609777	23	30	105	409.358
0.261799	0.571433	-1.188419	8	17	49	409.346
-2.094395	0.080730	-2.622036	3	10	48	409.345
2.356194	2.588535	-2.976617	9	43	114	409.252
1.570796	0.733948	3.021411	45	31	13	409.237
2.356194	2.592629	0.909713	35	12	107	408.931
-3.141593	1.741644	-2.695914	2	50	135	408.866
0.523599	2.001437	0.381215	24	132	115	408.778
1.832596	0.899350	-2.069907	26	23	46	408.762
2.617994	1.168678	2.108595	31	47	14	408.679
1.047198	1.721184	-0.153948	42	137	127	408.617
2.617994	0.906588	1.252948	36	37	26	408.611
1.047198	2.180315	-1.357379	49	1	9	408.463
-2.617994	1.045978	0.343692	14	44	30	408.383
0.523599	2.588535	-2.976617	40	139	119	408.202
1.047198	2.637879	2.121598	15	25	102	407.927
-1.832596	0.929350	-2.910676	130	13	40	407.904
0.523599	2.396274	-1.959260	44	140	127	407.819
-2.617994	0.418037	1.360082	1	43	32	407.734
1.308997	2.174483	2.653697	39	21	110	407.510
-2.879793	2.356369	3.005869	143	34	114	407.477
1.570796	2.041297	-2.664597	51	18	141	407.476
-1.832596	2.073035	2.027405	1	20	108	407.469
2.617994	1.113094	-0.272241	45	31	18	407.442
1.832596	0.685216	-1.712745	9	20	49	407.136
2.617994	1.045978	0.343692	45	33	17	407.100
2.094395	1.168678	2.108595	47	35	5	406.804
1.047198	1.699788	2.452890	43	15	113	406.614
1.308997	1.135813	-2.658866	48	23	18	406.547
1.570796	1.218453	2.777284	45	30	16	406.383
0.785398	1.134796	2.434290	51	7	128	406.321
-2.356194	2.073035	2.027405	4	29	109	406.217
-2.617994	0.960688	-0.577532	0	37	40	406.174
1.832596	2.073035	2.027405	26	20	103	406.095
0.000000	0.571433	-1.188419	3	22	48	405.673
2.617994	2.760637	2.781135	2	29	109	405.488
2.094395	1.658653	-2.409879	36	44	15	405.190
-1.832596	0.899350	-2.069907	136	12	44	404.873
-1.832596	2.396274	-1.959260	133	28	121	404.860
1.570796	2.979456	-1.009304	28	5	105	404.510
2.094395	2.089241	-0.114193	53	10	142	404.369
0.261799	0.685216	-1.712745	16	5	50	404.277
1.832596	1.948085	-2.363031	51	24	1	404.221
0.523599	0.419640	2.974122	35	7	40	404.185
1.308997	2.664082	-1.071402	35	2	109	404.179
2.094395	1.413347	-1.339188	40	23	34	404.144
1.570796	2.760637	2.781135	15	33	106	403.754
2.356194	1.391910	3.030322	26	49	16	403.675
1.570796	2.396274	-1.959260	53	11	140	403.561
2.356194	0.080730	-2.622036	1	22	48	403.551
1.308997	1.025536	1.576859	52	8	11	403.443
-2.879793	2.343981	-1.040456	14	54	136	403.343
0.523599	1.545873	-1.877082	45	128	17	403.329
-1.570796	0.419640	2.974122	143	5	47	403.130
-3.141593	1.662363	0.915448	14	50	133	402.913
-2.879793	1.904882	-1.478089	12	52	6	402.897
0.785398	1.870545	-2.976234	51	10	125	402.864
2.094395	1.135813	-2.658866	35	45	11	402.778
1.570796	0.709924	0.218797	39	132	32	402.708
2.617994	2.251330	-2.330739	22	51	123	402.645
1.047198	2.881233	-2.582574	36	29	110	402.529
1.047198	0.864993	2.278281	45	6	28	402.508
0.261799	2.299159	2.264663	32	10	105	402.507
2.617994	0.866395	-2.492918	0	34	42	402.477
0.523599	0.960688	-0.577532	6	143	45	402.431
-3.141593	0.961715	0.014085	12	40	37	402.400
1.047198	1.870545	-2.976234	51	17	136	402.373
0.785398	1.948085	-2.363031	48	1	134	402.229
1.047198	0.929350	-2.910676	33	10	40	402.152
-1.832596	1.599406	1.426070	140	37	118	402.102
2.356194	0.618092	2.539118	18	34	42	402.087
0.785398	1.977582	0.969896	22	136	110	401.970
-1.308997	2.637879	2.121598	17	12	102	401.882
-2.356194	0.571433	-1.188419	1	23	48	401.838
-2.356194	2.104282	-0.813972	4	51	141	401.787
0.523599	2.719179	-1.780644	29	138	109	401.686
-1.047198	2.760637	2.781135	20	1	104	401.608
-2.617994	1.699788	2.452890	139	33	116	401.604
2.617994	1.904882	-1.478089	21	49	13	401.601
-2.356194	0.910508	1.903534	130	34	32	401.494
2.356194	2.881233	-2.582574	18	39	110	401.378
1.832596	1.168678	2.108595	51	20	13	401.370
-2.356194	1.413430	2.550734	133	30	123	401.367
0.785398	1.440580	2.260026	44	3	117	401.122
-2.356194	2.164094	-2.991358	135	35	122	401.082
-3.141593	2.478122	2.609777	9	22	105	400.957
-2.879793	1.699788	2.452890	143	42	119	400.644
1.832596	1.683268	0.374177	51	3	132	400.614
0.000000	0.866955	-0.931351	4	8	48	400.499
-1.832596	0.618092	2.539118	133	13	42	400.466
-2.617994	1.242974	-2.977882	136	37	32	400.419
-2.879793	0.733948	3.021411	141	31	42	400.391
-3.141593	1.214854	-1.966664	140	33	41	400.351
2.617994	0.674054	1.013609	36	33	33	400.334
2.879793	0.615174	-0.666022	25	9	47	400.334
-3.141593	2.456751	-1.503343	14	50	124	400.307
1.047198	0.910508	1.903534	44	128	19	400.304
1.047198	1.135834	-1.431087	30	3	44	400.303
2.356194	0.674054	1.013609	43	24	28	400.172
2.094395	1.310100	1.488307	51	16	137	400.165
-1.832596	2.704512	1.488683	30	17	103	400.092
-2.879793	1.135813	-2.658866	135	35	35	400.084
2.356194	1.448123	-2.163292	24	44	28	400.064
-1.832596	0.419640	2.974122	143	9	47	399.959
1.832596	1.374601	-2.456031	36	36	27	399.915
2.617994	1.732874	-0.951685	38	40	19	399.800
2.879793	0.290380	-0.796960	24	143	46	399.756
2.356194	1.256302	0.062705	45	25	19	399.727
-2.356194	2.063651	-2.044600	137	42	132	399.709
-3.141593	1.574060	2.783565	2	49	16	399.325
-2.617994	2.164094	-2.991358	139	41	125	399.259
2.094395	0.458961	-0.107937	34	138	39	399.249
-2.094395	2.396274	-1.959260	134	29	122	399.182
-1.047198	2.704512	1.488683	21	17	102	399.162
-2.356194	1.301460	-0.509251	3	39	37	399.135
2.356194	1.195355	1.200319	48	23	4	399.091
1.047198	1.569311	-3.003978	54	14	3	399.026
2.617994	1.756530	-2.105156	18	49	19	399.023
0.000000	2.299159	2.264663	31	7	105	398.830
-2.094395	0.571433	-1.188419	12	19	49	398.808
0.523599	1.766067	2.153843	36	2	109	398.790
1.308997	1.909857	-0.381669	44	140	124	398.708
-3.141593	1.506530	1.988858	6	47	128	398.578
2.617994	0.864993	2.278281	16	42	34	398.541
1.570796	1.450119	-2.739050	42	32	20	398.343
-2.879793	1.875281	0.107086	19	50	6	398.323
-2.356194	1.599406	1.426070	2	38	115	398.297
2.356194	1.325504	-1.671296	29	30	38	398.216
1.832596	1.256302	0.062705	53	12	11	398.185
2.094395	0.618092	2.539118	39	34	21	397.892
0.785398	0.297065	2.160177	37	5	36	397.876
1.570796	1.574060	2.783565	52	19	4	397.792
-2.617994	2.881233	-2.582574	142	26	111	397.657
2.879793	1.134796	2.434290	10	46	28	397.394
0.785398	0.419640	2.974122	35	12	41	397.309
2.879793	0.992645	-1.723759	2	28	45	397.257
-0.785398	2.588535	-2.976617	22	138	110	397.175
-0.785398	2.478122	2.609777	26	1	105	397.119
0.785398	1.998705	2.370472	34	4	111	397.054
1.832596	1.450119	-2.739050	47	23	19	397.032
0.523599	0.640596	-2.797608	23	7	46	396.924
-2.094395	1.184361	0.625864	141	46	21	396.861
0.785398	0.866395	-2.492918	28	6	44	396.832
2.617994	0.899350	-2.069907	13	37	40	396.627
-1.832596	2.478122	2.609777	11	2	105	396.584
2.617994	1.448123	-2.163292	11	46	29	396.526
1.047198	2.396274	-1.959260	50	2	133	396.476
-1.832596	1.045978	0.343692	138	42	28	396.381
1.308997	2.108018	1.311430	25	3	104	396.367
2.356194	0.864993	2.278281	39	40	14	396.276
0.785398	2.579248	-2.364801	49	142	127	396.258
-3.141593	1.391910	3.030322	2	47	25	396.221
-2.094395	0.866395	-2.492918	132	17	42	396.183
-2.879793	1.824694	1.850876	3	46	125	396.166
-3.141593	0.960688	-0.577532	28	33	37	396.038
-1.832596	1.134497	-1.109631	1	26	48	395.943
-1.832596	1.135813	-2.658866	130	17	37	395.923
2.617994	1.413430	2.550734	29	48	8	395.903
-1.570796	2.115563	0.685730	6	41	112	395.818
-2.879793	2.164094	-2.991358	141	40	121	395.774
-2.617994	0.619654	-2.216909	141	21	47	395.771
-1.832596	2.407836	1.410646	11	23	103	395.485
-1.308997	0.866395	-2.492918	138	6	44	395.435
-2.094395	1.766067	2.153843	137	27	116	395.270
1.832596	2.455966	-0.641220	47	8	122	395.257
-2.879793	1.256302	0.062705	21	45	28	395.256
-2.094395	2.579248	-2.364801	138	29	116	395.223
1.570796	0.850607	-1.335383	16	13	50	395.186
1.570796	2.108018	1.311430	36	8	107	395.007
-1.308997	0.419640	2.974122	3	2	46	394.983
-2.879793	1.662363	0.915448	8	51	132	394.976
1.832596	0.914445	2.687814	35	35	29	394.966
2.094395	2.379497	0.561089	42	8	112	394.466
1.832596	2.187132	-0.479875	53	4	3	394.421
2.356194	2.349581	-2.702517	25	48	118	394.367
-1.832596	0.496451	0.593859	141	42	33	394.195
0.785398	0.615174	-0.666022	11	4	48	394.063
2.879793	1.025536	1.576859	15	46	28	394.010
1.047198	1.214854	-1.966664	44	12	26	393.940
2.617994	1.214854	-1.966664	17	42	34	393.903
-1.047198	0.961715	0.014085	128	28	34	393.877
-3.141593	1.732874	-0.951685	23	49	19	393.787
0.000000	1.869911	2.701025	33	139	112	393.754
0.523599	2.073035	2.027405	27	2	107	393.752
2.356194	2.174483	2.653697	19	36	108	393.729
2.094395	1.247695	1.809890	44	34	12	393.717
-1.570796	2.984978	1.954446	35	10	106	393.680
1.047198	1.391910	3.030322	53	20	2	393.668
-2.094395	2.349581	-2.702517	134	29	122	393.623
-1.832596	2.979456	-1.009304	141	34	114	393.586
-2.356194	1.948085	-2.363031	136	41	135	393.496
-3.141593	2.041297	-2.664597	4	47	125	393.330
2.879793	0.496451	0.593859	34	27	38	393.290
0.000000	2.704512	1.488683	17	27	103	393.131
-2.094395	1.812176	0.656819	2	48	122	393.117
-2.879793	1.736875	3.023612	143	49	133	393.068
-1.308997	0.899350	-2.069907	138	9	45	392.981
1.832596	2.393226	1.857173	23	19	102	392.920
-1.832596	0.992645	-1.723759	137	16	45	392.896
-1.570796	0.674054	1.013609	128	22	38	392.860
-2.617994	1.335669	0.897240	17	53	135	392.799
-1.570796	0.733948	3.021411	135	7	42	392.644
-2.879793	1.599406	1.426070	5	48	129	392.598
-1.570796	1.194549	-0.801900	137	27	43	392.581
1.832596	2.153910	-1.714959	51	13	5	392.528
1.308997	0.866955	-0.931351	10	3	49	392.423
-2.094395	0.831641	0.616218	143	46	25	392.386
0.785398	2.041297	-2.664597	51	9	129	392.377
-2.356194	1.256302	0.062705	5	42	31	392.366
0.785398	0.992645	-1.723759	25	2	46	392.277
-1.570796	0.866395	-2.492918	136	10	44	392.267
2.879793	1.662363	0.915448	40	44	126	392.082
-1.832596	0.733948	3.021411	134	11	42	392.041
-1.570796	2.247462	0.191623	143	45	122	392.033
1.570796	1.872854	1.543456	44	14	112	391.974
-2.094395	1.662363	0.915448	0	47	124	391.930
0.000000	0.640596	-2.797608	16	2	46	391.836
-2.094395	2.637879	2.121598	14	11	102	391.824
2.879793	1.433411	-1.035986	20	40	34	391.739
0.523599	2.704512	1.488683	24	143	109	391.649
1.047198	1.242974	-2.977882	50	24	6	391.639
1.308997	2.343981	-1.040456	50	11	128	391.638
0.785398	0.733948	3.021411	30	9	42	391.604
-2.617994	0.615174	-0.666022	4	29	46	391.539
1.570796	1.824694	1.850876	35	14	106	391.467
-0.523599	2.174483	2.653697	26	141	107	391.465
0.261799	2.393226	1.857173	24	19	101	391.455
2.094395	0.700570	1.559208	41	27	30	391.008
0.785398	2.251330	-2.330739	49	9	124	390.943
-2.879793	2.033014	2.977192	0	46	124	390.912
-1.047198	0.419640	2.974122	6	143	46	390.852
1.832596	1.218453	2.777284	44	41	138	390.690
0.523599	2.115563	0.685730	21	136	110	390.610
2.356194	0.615174	-0.666022	33	143	42	390.586
2.617994	0.961715	0.014085	43	23	30	390.539
-1.832596	2.115563	0.685730	11	44	112	390.501
0.261799	2.760637	2.781135	33	8	106	390.489
1.832596	2.637879	2.121598	20	25	102	390.404
-1.832596	0.080730	-2.622036	13	5	50	390.158
-2.617994	1.367556	0.358405	3	52	2	390.111
-3.141593	1.310100	1.488307	11	51	137	389.988
0.000000	0.458961	-0.107937	142	6	46	389.843
2.617994	1.025536	1.576859	34	43	18	389.654
0.261799	0.914445	2.687814	38	121	23	389.621
0.785398	1.658653	-2.409879	50	7	141	389.426
-2.617994	1.809167	1.213774	1	44	124	389.396
-2.617994	2.187132	-0.479875	12	51	141	389.309
-2.617994	0.906588	1.252948	3	50	16	389.199
0.785398	2.719179	-1.780644	44	1	119	389.167
2.879793	0.762244	-0.273349	34	21	42	389.044
-1.570796	2.089241	-0.114193	141	46	127	388.978
2.879793	1.045978	0.343692	39	38	18	388.484
2.879793	2.704512	1.488683	26	17	103	388.458
2.356194	1.413430	2.550734	36	44	8	388.430
-1.570796	2.724429	-0.348782	142	33	114	388.310
-1.570796	2.637879	2.121598	26	7	103	388.257
-1.570796	2.393226	1.857173	9	16	103	388.209
-1.047198	2.592629	0.909713	8	39	110	388.163
2.879793	2.760637	2.781135	8	34	109	388.158
-0.785398	0.960688	-0.577532	140	17	46	387.988
1.832596	0.674054	1.013609	49	4	23	387.976
2.879793	1.948085	-2.363031	9	51	12	387.966
2.617994	0.290380	-0.796960	18	10	50	387.897
-2.879793	2.592629	0.909713	37	27	107	387.857
2.879793	2.299159	2.264663	17	29	104	387.356
2.879793	0.640596	-2.797608	9	30	46	387.333
-2.356194	1.128190	-2.288622	131	27	38	387.326
0.261799	1.869911	2.701025	37	0	112	387.294
-1.832596	2.984978	1.954446	20	6	102	387.280
-2.094395	1.135834	-1.431087	4	24	49	387.032
-2.617994	1.301460	-0.509251	141	42	31	386.952
-1.570796	0.370812	-2.547742	6	5	49	386.804
2.356194	0.762244	-0.273349	39	3	38	386.719
0.785398	1.506530	1.988858	43	4	115	386.599
-1.832596	0.297065	2.160177	134	18	44	386.560
-1.570796	2.407836	1.410646	9	29	108	386.515
-2.617994	1.440580	2.260026	137	37	124	386.373
1.570796	1.256302	0.062705	48	2	141	386.368
1.570796	1.555207	1.708892	53	17	138	386.361
1.308997	0.910508	1.903534	53	10	132	386.358
-0.261799	1.870545	-2.976234	33	133	122	386.179
2.617994	1.128190	-2.288622	21	38	39	386.034
-1.832596	0.640596	-2.797608	133	15	43	386.010
2.879793	1.247695	1.809890	14	47	22	385.958
-2.879793	0.762244	-0.273349	23	32	43	385.919
-1.832596	2.637879	2.121598	24	6	103	385.884
-1.570796	1.824694	1.850876	143	25	112	385.767
0.785398	1.756530	-2.105156	50	10	4	385.681
-2.617994	1.417623	-0.202254	18	53	4	385.508
1.570796	1.242974	-2.977882	46	34	10	385.497
-2.356194	2.247462	0.191623	13	48	120	385.482
2.094395	1.872854	1.543456	39	8	117	385.376
1.308997	2.456751	-1.503343	50	4	131	385.362
-1.832596	0.591903	2.010408	128	21	38	385.287
-1.570796	0.685216	-1.712745	3	9	48	385.287
-3.141593	1.218453	2.777284	137	47	140	385.219
-1.570796	1.812176	0.656819	140	41	120	385.192
2.094395	2.455966	-0.641220	47	26	119	385.122
1.832596	1.506530	1.988858	51	27	139	385.108
-2.617994	2.108018	1.311430	4	40	114	385.101
-2.094395	2.089241	-0.114193	5	51	130	384.882
-2.356194	1.448123	-2.163292	129	33	31	384.656
1.832596	1.824694	1.850876	35	10	112	384.572
1.047198	1.662363	0.915448	43	137	122	384.455
-0.523599	2.984978	1.954446	26	16	102	384.396
2.617994	2.295480	1.008277	39	19	107	384.250
1.047198	0.618092	2.539118	48	141	23	384.244
1.832596	2.588535	-2.976617	27	38	110	384.039
1.570796	1.721184	-0.153948	49	1	135	383.952
2.879793	0.960688	-0.577532	32	30	37	383.702
1.832596	0.960688	-0.577532	25	6	45	383.615
0.523599	2.579248	-2.364801	33	138	112	383.588
2.356194	2.187132	-0.479875	48	33	124	383.556
-2.356194	0.619654	-2.216909	2	13	48	383.388
-2.356194	2.455966	-0.641220	3	46	126	383.259
-2.617994	1.488617	1.159546	15	52	129	383.242
-2.356194	1.184361	0.625864	5	48	21	383.203
-3.141593	1.413347	-1.339188	6	45	31	383.152
-2.094395	0.700570	1.559208	130	30	37	382.894
1.308997	2.033014	2.977192	51	14	135	382.892
1.308997	2.407836	1.410646	16	6	102	382.842
-0.785398	0.419640	2.974122	9	140	46	382.808
2.356194	1.194549	-0.801900	42	25	27	382.789
1.047198	2.379497	0.561089	29	143	106	382.717
2.879793	1.554776	0.100351	43	40	3	382.397
-2.617994	2.407836	1.410646	17	24	103	382.390
-2.356194	1.875281	0.107086	10	51	133	382.376
2.094395	2.478122	2.609777	23	32	106	382.328
-3.141593	1.569311	-3.003978	6	53	140	382.181
0.785398	2.456751	-1.503343	34	136	115	382.110
-2.094395	2.984978	1.954446	30	4	106	382.092
-1.832596	1.721184	-0.153948	3	52	138	382.009
1.308997	2.295480	1.008277	32	135	115	381.853
2.094395	2.579248	-2.364801	30	43	116	381.630
-2.094395	2.881233	-2.582574	0	24	110	381.523
-1.047198	0.297065	2.160177	5	4	46	381.162
-2.879793	0.685216	-1.712745	8	7	51	380.916
2.356194	1.134497	-1.109631	26	29	39	380.885
-2.094395	1.909857	-0.381669	7	54	140	380.876
0.785398	0.591903	2.010408	39	126	27	380.759
0.523599	1.809167	1.213774	32	121	123	380.666
2.879793	2.063651	-2.044600	11	54	139	380.643
0.785398	1.741644	-2.695914	51	10	137	380.538
-2.094395	1.214854	-1.966664	130	25	38	380.481
1.832596	0.418037	1.360082	42	15	33	380.451
-3.141593	0.379747	-1.713059	2	21	48	380.406
1.570796	0.961715	0.014085	42	131	29	380.310
-0.523599	0.297065	2.160177	10	142	46	380.167
1.047198	1.413430	2.550734	48	14	121	380.144
2.617994	0.615174	-0.666022	27	7	46	379.825
-2.094395	1.134497	-1.109631	143	26	45	379.811
2.094395	2.247462	0.191623	46	7	117	379.781
-1.832596	2.393226	1.857173	15	17	102	379.773
1.308997	0.297065	2.160177	37	15	39	379.729
0.785398	0.418037	1.360082	18	1	45	379.444
1.047198	2.724429	-0.348782	31	136	114	379.421
2.617994	0.866955	-0.931351	25	25	46	379.412
1.047198	2.455966	-0.641220	33	138	112	379.348
-2.617994	1.218453	2.777284	132	36	29	379.304
1.308997	2.881233	-2.582574	36	18	106	379.279
1.832596	2.180315	-1.357379	53	17	11	379.257
1.308997	1.554776	0.100351	48	0	131	379.181
-1.832596	1.824694	1.850876	0	21	107	379.076
-0.261799	2.174483	2.653697	29	143	107	379.049
1.047198	2.299159	2.264663	32	16	105	379.048
0.261799	2.592629	0.909713	19	138	110	379.048
1.047198	2.984978	1.954446	7	31	107	378.922
1.047198	1.310100	1.488307	50	143	3	378.792
-3.141593	2.138223	1.678323	15	31	105	378.654
1.308997	2.153910	-1.714959	55	143	5	378.578
2.094395	1.977582	0.969896	43	19	111	378.491
-2.617994	1.113094	-0.272241	12	39	38	378.489
2.617994	1.450119	-2.739050	17	53	2	378.444
-1.047198	0.685216	-1.712745	143	11	48	378.413
2.094395	1.599406	1.426070	48	25	122	378.408
2.879793	1.391910	3.030322	139	49	140	378.395
-2.094395	1.599406	1.426070	136	40	123	378.312
2.617994	2.153910	-1.714959	18	51	10	378.131
-0.523599	2.164094	-2.991358	28	132	117	377.959
-2.879793	1.872854	1.543456	11	41	112	377.827
-2.094395	2.247462	0.191623	8	48	127	377.825
0.523599	0.733948	3.021411	29	5	42	377.590
-3.141593	2.719179	-1.780644	8	43	117	377.575
2.879793	0.831641	0.616218	17	37	38	377.502
-2.356194	2.588535	-2.976617	140	29	113	377.248
1.570796	0.831641	0.616218	44	133	26	377.218
-3.141593	2.863997	0.549740	39	13	108	377.191
1.570796	1.506530	1.988858	53	19	138	377.124
1.832596	1.214854	-1.966664	44	16	30	376.864
-1.047198	2.664082	-1.071402	4	5	107	376.852
0.785398	1.135834	-1.431087	30	140	41	376.807
1.832596	0.961715	0.014085	44	137	30	376.793
-2.879793	2.588535	-2.976617	2	38	114	376.791
0.785398	1.812176	0.656819	33	133	118	376.718
-2.879793	1.766067	2.153843	3	41	116	376.662
2.356194	2.104282	-0.813972	48	36	129	376.632
2.879793	1.195355	1.200319	26	51	2	376.626
1.832596	2.174483	2.653697	35	34	111	376.596
1.570796	1.741644	-2.695914	53	19	5	376.485
-1.308997	2.704512	1.488683	26	31	105	376.223
1.047198	2.343981	-1.040456	38	138	116	376.211
-0.261799	2.393226	1.857173	22	7	103	376.183
1.570796	1.214854	-1.966664	46	16	27	375.964
2.094395	2.588535	-2.976617	23	40	110	375.768
-2.617994	1.504028	0.636812	12	50	10	375.763
-2.879793	1.413430	2.550734	141	45	128	375.742
-2.879793	0.961715	0.014085	6	41	37	375.693
-1.832596	2.001437	0.381215	4	50	123	375.540
-3.141593	1.128190	-2.288622	141	35	39	375.516
-2.617994	1.448123	-2.163292	132	36	30	375.461
1.308997	1.413430	2.550734	52	23	141	375.449
2.094395	1.194549	-0.801900	34	22	39	375.339
0.785398	2.664082	-1.071402	32	138	114	375.297
-0.261799	0.866955	-0.931351	3	12	49	375.279
1.047198	0.419640	2.974122	24	17	47	375.214
2.617994	1.683268	0.374177	50	26	3	375.166
2.356194	2.089241	-0.114193	53	18	142	375.141
0.261799	0.640596	-2.797608	19	3	46	375.078
2.356194	0.866955	-0.931351	22	23	45	375.009
-2.094395	1.128190	-2.288622	128	21	37	374.789
-2.094395	2.587733	0.232235	12	43	115	374.747
2.879793	2.153910	-1.714959	15	52	137	374.735
0.785398	2.984978	1.954446	10	33	107	374.708
0.000000	2.247462	0.191623	13	136	111	374.605
-1.308997	2.295480	1.008277	9	35	107	374.554
-1.832596	2.299159	2.264663	6	16	106	374.550
1.047198	1.135813	-2.658866	44	13	30	374.399
-0.523599	0.709924	0.218797	130	15	38	374.366
1.570796	1.998705	2.370472	31	25	106	374.336
0.523599	2.637879	2.121598	19	25	102	374.270
0.523599	1.128190	-2.288622	45	136	24	374.253
-2.617994	1.433411	-1.035986	2	42	36	374.144
-0.261799	0.640596	-2.797608	14	2	46	374.131
0.523599	2.984978	1.954446	11	33	107	373.936
1.570796	1.606104	-0.451151	51	12	3	373.672
2.356194	1.310100	1.488307	41	39	10	373.605
0.785398	2.349581	-2.702517	45	139	124	373.545
-2.617994	1.014500	0.906702	13	49	20	373.384
2.879793	2.592629	0.909713	27	19	102	373.344
1.308997	1.433411	-1.035986	41	1	32	373.303
-2.879793	1.113094	-0.272241	5	42	35	373.271
2.617994	1.836682	-0.676006	46	38	6	373.179
0.261799	1.699788	2.452890	34	140	112	373.145
-2.617994	1.977582	0.969896	2	44	124	373.133
2.617994	1.194549	-0.801900	38	30	27	372.819
0.785398	1.242974	-2.977882	47	142	24	372.718
0.000000	2.579248	-2.364801	24	133	111	372.555
-0.261799	0.297065	2.160177	13	140	46	372.387
2.356194	0.914445	2.687814	27	49	10	372.355
2.879793	1.658653	-2.409879	10	54	142	372.215
2.356194	2.984978	1.954446	9	23	105	372.175
1.047198	1.696674	-1.253233	40	125	24	372.008
2.617994	1.504028	0.636812	39	41	10	371.965
2.879793	1.741644	-2.695914	7	51	15	371.850
1.047198	1.128190	-2.288622	46	24	13	371.805
1.047198	0.866955	-0.931351	7	4	49	371.723
0.785398	2.299159	2.264663	32	12	105	371.558
-2.356194	2.704512	1.488683	32	17	104	371.496
-1.832596	2.108018	1.311430	12	31	105	371.315
1.832596	1.440580	2.260026	51	29	141	371.297
0.261799	2.073035	2.027405	30	140	109	371.290
-2.879793	1.374601	-2.456031	138	45	28	371.176
2.094395	2.724429	-0.348782	45	8	116	371.143
1.047198	1.488617	1.159546	48	142	142	371.069
1.832596	1.134796	2.434290	49	30	7	371.002
-1.308997	0.496451	0.593859	131	27	37	370.876
1.570796	2.478122	2.609777	20	30	105	370.799
-2.356194	2.881233	-2.582574	0	27	109	370.790
-1.308997	0.418037	1.360082	132	15	42	370.790
0.785398	1.736875	3.023612	50	11	124	370.701
2.617994	0.762244	-0.273349	34	7	42	370.492
0.785398	0.929350	-2.910676	44	1	31	370.474
1.047198	1.134796	2.434290	54	2	11	370.463
2.094395	2.760637	2.781135	5	36	109	370.453
-3.141593	2.164094	-2.991358	4	43	118	370.443
0.785398	1.846342	-1.796954	48	3	13	370.363
-2.879793	0.929350	-2.910676	0	35	40	370.294
-2.617994	2.115563	0.685730	20	46	119	370.282
-3.141593	1.683268	0.374177	32	52	133	370.232
0.523599	2.760637	2.781135	34	11	106	370.133
-3.141593	2.404280	-0.174044	31	47	119	370.124
-2.879793	1.448123	-2.163292	138	41	30	370.091
-0.785398	2.704512	1.488683	20	17	101	370.057
2.356194	2.379497	0.561089	36	18	106	370.034
2.879793	0.906588	1.252948	23	49	14	370.024
2.879793	1.756530	-2.105156	11	51	19	369.872
-2.094395	1.045978	0.343692	0	45	28	369.868
-1.308997	2.984978	1.954446	36	14	107	369.694
2.356194	0.290380	-0.796960	11	14	48	369.649
-2.617994	1.869911	2.701025	138	43	126	369.629
2.617994	1.195355	1.200319	42	40	6	369.487
-2.879793	1.242974	-2.977882	136	41	30	369.487
2.094395	1.128190	-2.288622	33	43	14	369.452
0.785398	2.164094	-2.991358	48	12	118	369.277
2.617994	1.134497	-1.109631	21	33	39	369.266
-2.094395	1.809167	1.213774	4	37	113	369.146
2.094395	1.025536	1.576859	45	29	22	369.095
-2.617994	1.812176	0.656819	5	51	130	368.920
-2.879793	1.869911	2.701025	0	47	127	368.838
-2.617994	1.214854	-1.966664	137	34	36	368.806
0.523599	2.299159	2.264663	36	133	115	368.784
1.832596	1.736875	3.023612	49	27	1	368.704
-2.094395	1.374601	-2.456031	126	25	32	368.658
2.617994	2.587733	0.232235	42	14	111	368.601
-1.832596	0.418037	1.360082	134	21	44	368.531
-0.261799	0.203748	0.590255	141	10	47	368.531
1.570796	2.455966	-0.641220	50	2	142	368.473
2.094395	1.391910	3.030322	32	45	16	368.439
-1.570796	2.379497	0.561089	4	36	110	368.353
-2.356194	1.440580	2.260026	136	37	126	368.315
-2.094395	0.370812	-2.547742	4	10	50	368.238
-1.308997	2.115563	0.685730	142	39	116	368.234
1.308997	1.014500	0.906702	44	127	19	368.185
2.879793	2.579248	-2.364801	3	43	120	368.156
2.879793	1.310100	1.488307	24	52	143	368.019
0.000000	2.393226	1.857173	25	17	101	367.843
2.879793	1.413430	2.550734	10	49	20	367.841
0.785398	2.115563	0.685730	29	137	110	367.830
-3.141593	2.704512	1.488683	19	16	101	367.618
1.308997	1.440580	2.260026	52	18	141	367.599
2.879793	1.242974	-2.977882	5	46	29	367.438
1.047198	2.719179	-1.780644	46	8	119	367.304
0.523599	1.218453	2.777284	51	4	131	367.203
-0.523599	0.640596	-2.797608	10	2	46	367.072
-1.832596	2.138223	1.678323	9	22	104	366.939
-1.832596	0.370812	-2.547742	140	12	47	366.786
0.000000	0.203748	0.590255	143	7	47	366.752
-1.047198	0.709924	0.218797	129	26	35	366.575
-2.094395	1.301460	-0.509251	142	37	37	366.544
2.356194	1.545873	-1.877082	33	49	4	366.483
-2.617994	1.310100	1.488307	1	51	133	366.302
1.047198	0.831641	0.616218	37	121	27	366.294
2.879793	0.866955	-0.931351	16	16	48	366.240
-1.832596	1.872854	1.543456	2	27	107	366.171
0.523599	2.881233	-2.582574	42	12	111	366.158
-2.094395	2.404280	-0.174044	7	44	119	365.966
0.785398	1.134497	-1.109631	23	139	44	365.950
1.570796	0.496451	0.593859	38	129	31	365.836
1.832596	1.872854	1.543456	37	5	114	365.828
2.617994	1.134796	2.434290	29	48	15	365.795
0.785398	1.617114	-1.572037	45	130	21	365.749
-1.832596	2.579248	-2.364801	137	24	116	365.684
-2.617994	1.374601	-2.456031	131	35	30	365.673
-2.094395	1.433411	-1.035986	139	29	43	365.637
2.617994	1.391910	3.030322	27	49	11	365.629
1.570796	1.413430	2.550734	51	31	141	365.580
1.570796	0.906588	1.252948	51	0	16	365.533
1.047198	1.875281	0.107086	41	138	121	365.469
2.356194	1.450119	-2.739050	32	47	14	365.464
2.879793	1.683268	0.374177	39	48	133	365.363
0.523599	1.869911	2.701025	44	6	117	365.310
2.617994	0.850607	-1.335383	12	15	51	365.299
0.261799	2.115563	0.685730	16	136	110	365.075
2.356194	1.374601	-2.456031	30	47	10	364.976
2.356194	2.299159	2.264663	20	27	104	364.924
2.617994	1.875281	0.107086	47	35	140	364.882
1.047198	1.599406	1.426070	35	140	111	364.809
-3.141593	2.174483	2.653697	9	33	109	364.749
1.047198	1.909857	-0.381669	41	138	123	364.664
-2.356194	1.417623	-0.202254	19	54	3	364.663
2.094395	1.998705	2.370472	28	34	107	364.632
1.570796	2.637879	2.121598	13	19	102	364.552
-2.094395	2.393226	1.857173	143	27	110	364.496
1.308997	0.674054	1.013609	42	126	24	364.226
-1.832596	2.187132	-0.479875	143	48	132	364.039
2.094395	0.496451	0.593859	45	4	31	363.677
2.617994	1.569311	-3.003978	26	49	10	363.611
2.356194	1.982574	-1.115518	47	40	139	363.553
-2.879793	1.998705	2.370472	1	33	110	363.484
-2.356194	1.977582	0.969896	142	40	119	363.379
1.308997	2.299159	2.264663	24	23	103	363.326
0.523599	2.089241	-0.114193	24	130	117	363.270
2.879793	1.218453	2.777284	10	48	27	363.169
-1.570796	0.899350	-2.069907	136	8	45	362.995
0.000000	2.407836	1.410646	13	12	102	362.802
0.785398	1.128190	-2.288622	46	142	25	362.751
-0.261799	2.984978	1.954446	26	17	102	362.558
-2.617994	2.704512	1.488683	20	16	101	362.482
1.047198	0.297065	2.160177	40	138	34	362.479
1.047198	1.218453	2.777284	53	20	139	362.428
-1.570796	1.872854	1.543456	0	30	112	362.394
1.047198	1.025536	1.576859	49	8	3	362.275
2.617994	2.180315	-1.357379	24	49	12	362.224
-1.832596	1.662363	0.915448	3	43	115	362.036
-2.356194	2.089241	-0.114193	8	50	130	362.029
2.356194	0.458961	-0.107937	37	3	40	361.705
1.570796	1.870545	-2.976234	52	20	143	361.545
2.356194	0.929350	-2.910676	22	47	16	361.281
1.832596	1.555207	1.708892	48	22	121	361.247
2.356194	2.247462	0.191623	49	1	126	361.150
-3.141593	1.870545	-2.976234	5	47	124	360.938
2.356194	1.247695	1.809890	43	41	131	360.903
1.308997	1.256302	0.062705	45	126	17	360.749
1.570796	2.063651	-2.044600	52	11	6	360.666
2.356194	2.108018	1.311430	36	20	105	360.645
-1.308997	0.685216	-1.712745	143	15	48	360.542
-1.570796	2.719179	-1.780644	138	23	114	360.518
2.356194	1.574060	2.783565	27	49	8	360.511
0.000000	1.998705	2.370472	28	0	106	360.466
2.879793	2.863997	0.549740	30	13	103	360.455
1.570796	0.700570	1.559208	47	135	22	360.448
2.094395	1.374601	-2.456031	37	46	7	360.422
2.879793	1.448123	-2.163292	13	51	5	360.383
1.570796	1.417623	-0.202254	48	2	137	360.337
-2.617994	1.658653	-2.409879	139	47	142	360.328
-2.879793	1.812176	0.656819	8	49	130	360.228
2.356194	0.866395	-2.492918	22	31	43	360.191
-2.617994	1.256302	0.062705	13	46	29	360.155
1.570796	2.153910	-1.714959	52	17	12	360.055
2.094395	0.960688	-0.577532	46	18	23	359.944
-2.879793	1.658653	-2.409879	1	51	142	359.898
-2.617994	2.863997	0.549740	41	28	110	359.842
-2.356194	1.194549	-0.801900	2	33	42	359.827
-1.832596	2.295480	1.008277	17	39	107	359.559
1.832596	1.413430	2.550734	50	30	143	359.330
-1.308997	2.407836	1.410646	17	30	104	359.268
2.356194	1.242974	-2.977882	26	49	12	359.202
-2.356194	1.606104	-0.451151	16	54	2	359.197
-1.832596	1.555207	1.708892	138	33	118	359.031
1.832596	1.113094	-0.272241	50	11	17	359.001
1.832596	0.700570	1.559208	48	25	17	358.620
2.094395	2.001437	0.381215	50	13	130	358.414
0.523599	0.591903	2.010408	21	143	43	358.197
0.523599	2.343981	-1.040456	27	130	116	358.179
-2.356194	2.033014	2.977192	135	33	120	358.033
-1.832596	1.606104	-0.451151	2	52	3	358.001
-0.523599	0.960688	-0.577532	139	13	46	357.722
2.356194	1.617114	-1.572037	34	38	29	357.519
2.356194	1.756530	-2.105156	36	46	9	357.496
-1.832596	1.417623	-0.202254	2	52	0	357.413
-1.832596	2.379497	0.561089	16	43	111	357.398
-1.570796	2.664082	-1.071402	138	28	113	357.366
-3.141593	2.033014	2.977192	6	44	117	357.299
-0.523599	0.419640	2.974122	14	139	46	357.122
1.832596	0.203748	0.590255	34	5	41	357.036
0.261799	2.704512	1.488683	13	19	103	356.984
-1.570796	1.554776	0.100351	139	48	134	356.848
-2.094395	2.187132	-0.479875	1	49	132	356.771
-2.356194	1.214854	-1.966664	140	17	48	356.704
1.832596	0.733948	3.021411	32	38	31	356.643
2.356194	1.134796	2.434290	31	48	7	356.565
-1.047198	0.203748	0.590255	135	28	41	356.269
1.047198	2.664082	-1.071402	36	140	114	356.231
0.785398	2.881233	-2.582574	36	10	107	356.047
1.308997	1.870545	-2.976234	51	9	134	356.025
-0.261799	0.419640	2.974122	23	143	45	356.014
2.617994	1.325504	-1.671296	19	39	35	355.995
1.570796	2.180315	-1.357379	54	13	141	355.557
0.261799	0.762244	-0.273349	140	5	44	355.425
0.000000	0.850607	-1.335383	11	11	50	355.414
-1.832596	2.592629	0.909713	13	22	102	355.381
1.832596	2.881233	-2.582574	24	19	103	355.370
1.047198	0.203748	0.590255	11	6	47	355.358
-2.879793	2.863997	0.549740	38	17	108	355.343
-0.785398	0.619654	-2.216909	6	7	48	355.304
-2.617994	1.721184	-0.153948	14	52	141	355.256
-0.261799	2.704512	1.488683	13	22	102	355.102
2.617994	2.356369	3.005869	17	39	110	355.101
-0.785398	2.587733	0.232235	5	8	105	355.086
1.570796	2.343981	-1.040456	52	4	2	354.880
-1.047198	2.984978	1.954446	23	8	103	354.738
2.094395	2.393226	1.857173	23	19	102	354.445
-3.141593	1.448123	-2.163292	6	50	3	354.349
-1.832596	0.674054	1.013609	130	28	38	354.234
2.356194	2.760637	2.781135	0	33	110	354.200
-1.570796	0.850607	-1.335383	8	20	50	354.163
-2.356194	1.374601	-2.456031	127	30	31	354.120
1.570796	1.510910	-0.740472	51	14	7	354.103
-2.356194	2.356369	3.005869	139	28	112	353.905
2.094395	0.615174	-0.666022	33	139	40	353.903
0.785398	2.455966	-0.641220	29	135	112	353.753
0.261799	2.379497	0.561089	14	141	106	353.705
1.832596	0.615174	-0.666022	15	6	48	353.600
0.785398	2.379497	0.561089	25	140	106	353.456
-2.356194	1.325504	-1.671296	143	24	49	353.336
2.094395	2.404280	-0.174044	40	13	110	353.117
-0.523599	2.704512	1.488683	20	11	102	352.951
-2.617994	2.588535	-2.976617	142	34	113	352.941
1.570796	1.766067	2.153843	47	1	126	352.761
-1.570796	1.721184	-0.153948	139	49	137	352.696
-1.570796	2.456751	-1.503343	133	25	119	352.668
-2.356194	1.846342	-1.796954	136	45	138	352.355
-1.570796	1.301460	-0.509251	138	29	41	352.328
0.261799	0.850607	-1.335383	14	10	50	352.320
0.523599	0.864993	2.278281	44	126	20	352.187
1.308997	1.367556	0.358405	48	1	133	352.187
1.570796	0.960688	-0.577532	41	136	35	352.107
0.523599	2.664082	-1.071402	27	135	114	351.747
0.000000	0.297065	2.160177	19	142	46	351.703
-2.094395	1.440580	2.260026	134	28	120	351.477
1.308997	1.721184	-0.153948	47	0	127	351.404
2.356194	2.063651	-2.044600	40	46	137	351.335
2.879793	2.164094	-2.991358	6	41	116	351.229
-1.832596	2.719179	-1.780644	139	28	114	351.067
-3.141593	2.295480	1.008277	24	29	105	351.058
-2.879793	1.870545	-2.976234	143	49	132	351.049
2.617994	2.588535	-2.976617	4	40	114	350.939
2.094395	2.343981	-1.040456	49	31	124	350.907
-1.570796	0.618092	2.539118	138	7	42	350.881
-2.617994	1.510910	-0.740472	11	51	8	350.840
0.785398	2.704512	1.488683	11	25	103	350.758
1.308997	2.719179	-1.780644	42	10	110	350.710
-1.832596	0.831641	0.616218	137	43	27	350.693
2.617994	0.929350	-2.910676	14	38	41	350.671
-3.141593	2.343981	-1.040456	15	52	2	350.662
-2.094395	0.418037	1.360082	136	29	43	350.642
-2.879793	1.809167	1.213774	6	48	127	350.629
2.879793	2.379497	0.561089	31	26	106	350.601
-2.879793	1.450119	-2.739050	141	44	28	350.564
-1.570796	2.356369	3.005869	7	141	109	350.549
-2.094395	2.153910	-1.714959	133	38	128	350.485
2.879793	2.104282	-0.813972	33	50	142	350.375
0.261799	0.733948	3.021411	40	128	30	350.362
0.785398	2.104282	-0.813972	32	132	120	350.336
2.617994	0.571433	-1.188419	12	24	48	349.987
-2.617994	1.736875	3.023612	137	41	127	349.879
2.356194	1.135813	-2.658866	9	47	28	349.669
2.879793	2.041297	-2.664597	4	52	130	349.667
0.000000	0.419640	2.974122	27	3	44	349.661
-1.308997	2.881233	-2.582574	18	139	111	349.656
0.523599	2.247462	0.191623	22	134	111	349.637
0.785398	2.295480	1.008277	30	134	114	349.614
2.356194	1.741644	-2.695914	33	46	7	349.492
2.617994	1.247695	1.809890	33	46	11	349.466
1.832596	2.979456	-1.009304	30	8	105	349.346
-0.785398	0.709924	0.218797	126	20	35	349.289
0.000000	1.736875	3.023612	36	137	119	349.220
2.356194	2.356369	3.005869	22	39	109	349.152
-1.832596	1.367556	0.358405	143	46	128	349.141
-1.570796	1.875281	0.107086	140	46	127	349.106
2.617994	2.592629	0.909713	28	17	102	348.916
-2.356194	1.218453	2.777284	128	29	29	348.819
0.523599	2.456751	-1.503343	30	132	115	348.815
0.785398	1.569311	-3.003978	51	10	132	348.808
0.785398	1.448123	-2.163292	49	5	18	348.689
2.879793	1.335669	0.897240	32	45	14	348.630
-1.832596	1.909857	-0.381669	0	52	140	348.600
-1.308997	2.592629	0.909713	11	32	106	348.548
2.094395	1.440580	2.260026	47	36	141	348.284
1.308997	1.998705	2.370472	47	2	121	348.149
2.356194	2.587733	0.232235	41	7	111	348.107
-0.261799	2.587733	0.232235	10	1	105	347.719
0.523599	1.413430	2.550734	49	3	122	347.680
-1.570796	2.404280	-0.174044	139	44	125	347.657
-1.570796	0.080730	-2.622036	24	137	43	347.656
-1.047198	2.587733	0.232235	4	11	105	347.632
1.308997	0.591903	2.010408	48	12	25	347.431
-0.261799	0.960688	-0.577532	140	7	45	347.406
-2.094395	2.108018	1.311430	12	31	105	347.244
-1.308997	0.640596	-2.797608	138	8	44	347.234
1.047198	2.295480	1.008277	15	2	104	346.789
1.570796	2.356369	3.005869	42	12	118	346.770
1.832596	2.041297	-2.664597	44	43	130	346.547
0.261799	2.295480	1.008277	16	142	105	346.278
2.617994	1.812176	0.656819	49	25	138	346.261
-1.308997	0.850607	-1.335383	7	26	48	346.235
-1.570796	2.704512	1.488683	19	19	101	346.222
-3.141593	1.488617	1.159546	14	52	136	346.206
2.356194	2.637879	2.121598	14	27	104	346.158
-3.141593	2.187132	-0.479875	23	49	142	346.153
-3.141593	2.592629	0.909713	25	21	102	345.897
2.617994	2.247462	0.191623	51	3	129	345.645
1.570796	2.881233	-2.582574	35	22	106	345.526
-2.094395	2.379497	0.561089	11	43	115	345.387
-3.141593	2.001437	0.381215	33	48	125	345.357
-1.832596	0.866395	-2.492918	134	15	44	345.299
-1.570796	2.979456	-1.009304	143	29	112	345.286
-2.356194	1.809167	1.213774	140	41	122	345.113
2.617994	2.089241	-0.114193	53	8	136	344.922
2.879793	1.574060	2.783565	10	49	17	344.893
1.570796	1.736875	3.023612	50	30	138	344.796
2.094395	0.899350	-2.069907	23	26	46	344.723
-2.617994	2.356369	3.005869	142	34	114	344.659
2.094395	2.664082	-1.071402	51	8	130	344.612
2.617994	1.574060	2.783565	28	48	6	344.586
2.356194	1.977582	0.969896	43	20	111	344.392
2.094395	2.063651	-2.044600	45	42	137	344.332
-2.356194	0.297065	2.160177	139	22	46	344.111
0.261799	2.719179	-1.780644	24	136	109	344.076
1.832596	2.664082	-1.071402	45	19	111	343.845
0.785398	1.450119	-2.739050	51	10	139	343.813
0.523599	2.592629	0.909713	17	5	102	343.810
2.879793	2.356369	3.005869	3	37	112	343.599
0.523599	1.812176	0.656819	28	131	118	343.427
2.879793	1.569311	-3.003978	9	53	140	343.280
2.879793	0.961715	0.014085	36	24	37	343.103
2.094395	2.073035	2.027405	36	29	108	343.016
-1.308997	2.478122	2.609777	21	143	105	343.010
