160	1.2	0
-2.617994	1.413430	2.550734
0.000000	0.000000	0.000000
receptor_blocked.pdb	-8.413	10.670	-0.181
ligand_surface.pdb	-41.671	86.593	86.219
1.308997	0.290380	-0.796960	138	152	125	1114.777
0.785398	0.864993	2.278281	145	141	118	1049.972
-1.308997	2.174483	2.653697	158	143	122	990.495
-2.094395	2.979456	-1.009304	137	159	133	987.378
-1.832596	2.979456	-1.009304	135	155	134	977.804
-2.094395	2.579248	-2.364801	152	154	120	967.354
-1.570796	2.299159	2.264663	156	143	122	961.363
0.261799	1.658653	-2.409879	139	140	122	945.695
0.261799	1.870545	-2.976234	139	142	125	941.604
0.785398	2.984978	1.954446	135	158	130	934.907
-0.785398	1.374601	-2.456031	128	144	127	931.460
-1.308997	1.574060	2.783565	131	153	137	931.224
-1.832596	1.904882	-1.478089	129	136	153	925.378
-2.617994	2.349581	-2.702517	145	133	126	916.918
-0.785398	1.135813	-2.658866	133	149	129	897.699
-0.785398	2.404280	-0.174044	148	138	121	897.676
-2.094395	2.063651	-2.044600	150	130	127	897.666
-0.261799	1.450119	-2.739050	139	147	124	894.989
0.000000	2.984978	1.954446	132	151	136	891.377
2.879793	2.881233	-2.582574	134	147	132	890.682
-1.570796	2.174483	2.653697	158	143	121	888.757
-1.832596	2.719179	-1.780644	146	127	135	888.071
1.047198	2.760637	2.781135	133	142	131	886.437
2.356194	2.001437	0.381215	153	132	125	882.405
-1.832596	2.396274	-1.959260	146	130	133	881.849
-2.094395	2.719179	-1.780644	132	154	136	880.275
1.832596	2.881233	-2.582574	133	153	134	873.915
-0.523599	1.135813	-2.658866	125	138	134	872.746
2.356194	0.297065	2.160177	151	2	121	870.372
1.570796	1.433411	-1.035986	126	144	145	869.739
-1.308997	2.724429	-0.348782	135	156	135	869.320
-2.879793	2.063651	-2.044600	139	137	127	868.388
1.047198	0.370812	-2.547742	159	148	120	864.328
0.523599	0.297065	2.160177	147	139	120	858.748
-1.832596	1.448123	-2.163292	140	1	122	857.808
-0.523599	1.374601	-2.456031	129	139	127	856.239
1.570796	0.571433	-1.188419	137	154	129	855.104
-1.308997	2.349581	-2.702517	155	139	128	854.888
1.832596	1.948085	-2.363031	141	139	124	852.915
-2.356194	2.579248	-2.364801	144	131	131	852.338
1.832596	1.256302	0.062705	148	154	122	850.068
-0.261799	1.135813	-2.658866	140	143	123	849.128
-1.570796	2.356369	3.005869	156	140	125	845.226
-2.356194	2.396274	-1.959260	145	128	131	844.426
-2.094395	1.448123	-2.163292	143	4	121	844.038
2.094395	0.379747	-1.713059	138	151	125	841.781
-1.047198	2.356369	3.005869	147	132	134	838.646
-0.261799	1.569311	-3.003978	136	148	127	836.665
-0.785398	2.251330	-2.330739	150	130	138	834.037
1.308997	0.370812	-2.547742	143	134	130	831.535
-2.617994	0.571433	-1.188419	138	149	125	829.398
-2.094395	2.456751	-1.503343	128	131	145	827.419
-1.047198	2.073035	2.027405	140	153	129	825.384
-1.570796	2.063651	-2.044600	145	130	133	824.539
-0.261799	2.299159	2.264663	135	155	129	823.315
-0.523599	1.128190	-2.288622	129	135	129	823.179
-2.617994	2.719179	-1.780644	136	129	136	822.919
0.000000	1.450119	-2.739050	139	142	124	822.267
2.094395	0.700570	1.559208	155	148	116	812.930
-0.523599	1.569311	-3.003978	135	149	127	810.082
1.832596	0.685216	-1.712745	137	153	128	808.870
1.047198	2.984978	1.954446	134	155	130	808.258
-1.570796	2.033014	2.977192	151	138	123	807.189
0.261799	1.741644	-2.695914	142	141	122	805.421
1.570796	1.374601	-2.456031	147	154	119	804.763
2.879793	2.063651	-2.044600	141	134	126	804.629
-1.570796	0.619654	-2.216909	146	148	120	801.999
-0.523599	2.174483	2.653697	140	154	126	801.550
-1.570796	1.448123	-2.163292	152	142	121	801.413
-1.047198	2.863997	0.549740	132	155	138	800.919
-0.523599	1.242974	-2.977882	134	145	127	799.310
1.832596	2.001437	0.381215	144	132	126	799.250
-2.356194	0.850607	-1.335383	144	142	123	798.806
-1.832596	2.174483	2.653697	154	142	121	797.508
-1.308997	2.356369	3.005869	0	141	124	797.214
-2.094395	2.041297	-2.664597	149	129	124	796.834
-1.047198	2.664082	-1.071402	150	154	117	794.740
-0.261799	1.374601	-2.456031	130	134	128	793.555
1.047198	2.637879	2.121598	134	152	125	791.836
-0.785398	2.587733	0.232235	127	139	146	791.495
-0.785398	2.724429	-0.348782	151	144	120	789.652
0.785398	2.456751	-1.503343	141	150	111	788.951
-2.094395	2.396274	-1.959260	143	128	133	788.884
-0.523599	2.587733	0.232235	153	138	121	788.293
0.523599	0.914445	2.687814	150	146	116	787.290
2.879793	1.510910	-0.740472	148	153	114	786.762
-2.879793	1.413347	-1.339188	148	156	116	786.175
-1.832596	1.870545	-2.976234	144	129	126	783.825
2.879793	0.418037	1.360082	157	156	119	783.062
-3.141593	2.760637	2.781135	156	4	121	782.717
-1.832596	1.869911	2.701025	158	143	115	782.382
-0.523599	2.724429	-0.348782	150	146	120	781.723
-0.785398	2.073035	2.027405	138	154	129	781.497
-1.570796	2.180315	-1.357379	128	136	152	781.280
2.617994	1.846342	-1.796954	137	140	126	779.662
-1.832596	2.343981	-1.040456	128	139	151	779.606
2.094395	0.762244	-0.273349	144	143	128	779.187
-1.832596	0.899350	-2.069907	144	142	121	779.005
1.570796	0.960688	-0.577532	143	136	129	778.811
1.308997	2.174483	2.653697	135	154	121	778.206
1.570796	2.588535	-2.976617	135	144	128	777.748
2.879793	2.579248	-2.364801	132	152	132	777.679
-0.261799	1.242974	-2.977882	135	142	126	776.894
1.832596	1.696674	-1.253233	150	145	114	776.715
-1.570796	1.450119	-2.739050	139	8	126	775.607
0.000000	2.863997	0.549740	157	143	123	775.040
-2.094395	1.948085	-2.363031	153	6	116	774.949
-0.785398	1.450119	-2.739050	127	148	130	774.684
-2.356194	2.637879	2.121598	136	148	127	772.942
0.523599	1.554776	0.100351	133	144	127	771.663
2.617994	2.881233	-2.582574	132	151	133	771.443
-3.141593	2.138223	1.678323	145	139	118	771.266
1.832596	0.850607	-1.335383	145	159	123	770.460
-2.879793	2.588535	-2.976617	142	128	128	769.596
1.308997	1.256302	0.062705	142	131	127	769.467
2.617994	1.809167	1.213774	153	147	113	768.715
-0.261799	2.174483	2.653697	142	151	124	768.324
-2.879793	2.396274	-1.959260	134	132	132	767.846
-2.094395	1.658653	-2.409879	147	6	119	767.305
2.356194	2.396274	-1.959260	149	152	119	767.200
-1.832596	0.619654	-2.216909	141	145	122	765.528
1.570796	2.033014	2.977192	137	154	119	765.160
-1.570796	1.870545	-2.976234	147	132	126	764.394
0.785398	2.393226	1.857173	135	150	122	763.129
-1.832596	2.478122	2.609777	143	2	124	762.321
2.094395	1.683268	0.374177	155	134	123	762.120
-2.356194	2.719179	-1.780644	139	128	135	760.575
-0.785398	1.128190	-2.288622	127	141	129	759.982
-1.047198	1.135813	-2.658866	132	145	129	759.895
1.047198	2.164094	-2.991358	133	130	134	759.062
2.356194	0.379747	-1.713059	138	146	124	758.284
2.094395	1.812176	0.656819	151	137	120	756.678
0.523599	2.299159	2.264663	139	150	122	756.028
0.523599	1.113094	-0.272241	129	141	133	755.010
2.617994	0.866955	-0.931351	140	132	134	754.823
0.785398	2.164094	-2.991358	144	133	126	754.667
-1.047198	2.108018	1.311430	138	154	127	754.466
0.261799	2.379497	0.561089	128	148	127	753.981
1.047198	2.041297	-2.664597	147	133	122	753.938
-2.356194	1.135834	-1.431087	143	155	120	753.643
-1.047198	1.184361	0.625864	139	159	121	753.485
-2.879793	0.571433	-1.188419	140	154	125	752.880
-2.094395	1.374601	-2.456031	148	143	118	752.368
-1.047198	2.164094	-2.991358	159	12	119	752.351
2.094395	0.418037	1.360082	151	144	122	752.149
2.879793	1.617114	-1.572037	154	149	114	752.055
2.617994	2.063651	-2.044600	139	135	126	751.202
0.785398	1.870545	-2.976234	133	133	131	751.030
1.047198	0.864993	2.278281	147	142	118	750.103
0.261799	0.864993	2.278281	139	142	118	749.640
-1.570796	2.407836	1.410646	135	140	129	749.310
1.308997	0.496451	0.593859	144	134	123	748.943
2.879793	1.846342	-1.796954	138	140	125	748.285
1.570796	1.574060	2.783565	141	148	116	747.339
-1.308997	1.374601	-2.456031	150	146	120	746.538
-1.570796	2.396274	-1.959260	148	128	134	746.428
-0.523599	1.766067	2.153843	147	152	117	744.947
0.523599	1.658653	-2.409879	143	135	123	744.671
1.832596	2.760637	2.781135	133	149	128	744.188
-0.261799	2.073035	2.027405	135	14	127	742.423
0.261799	2.984978	1.954446	133	157	135	742.422
-0.785398	0.619654	-2.216909	138	158	126	742.370
-1.047198	1.128190	-2.288622	127	146	130	741.971
-1.308997	1.658653	-2.409879	145	135	127	741.959
-1.047198	2.455966	-0.641220	145	143	119	740.824
1.047198	0.496451	0.593859	140	136	123	740.742
-2.356194	2.063651	-2.044600	145	132	127	739.894
-1.570796	2.979456	-1.009304	135	154	133	738.700
-2.617994	2.881233	-2.582574	134	153	133	738.619
0.785398	2.041297	-2.664597	143	134	123	738.165
-1.570796	1.977582	0.969896	137	137	129	737.914
-0.785398	2.407836	1.410646	147	127	128	737.515
2.356194	1.809167	1.213774	148	143	116	737.091
2.356194	2.881233	-2.582574	135	144	132	736.474
-0.523599	2.863997	0.549740	126	140	141	735.334
-2.356194	2.138223	1.678323	135	152	133	735.320
-1.570796	2.881233	-2.582574	136	153	126	735.051
-1.047198	2.396274	-1.959260	148	128	138	734.836
-0.785398	2.863997	0.549740	136	159	131	734.172
-2.094395	1.836682	-0.676006	142	149	111	733.286
1.832596	1.875281	0.107086	151	122	129	732.979
0.261799	2.108018	1.311430	131	144	125	732.973
2.356194	0.685216	-1.712745	134	151	128	731.993
-0.523599	2.153910	-1.714959	150	129	143	731.898
-2.879793	2.704512	1.488683	135	151	126	731.477
-1.832596	2.356369	3.005869	122	157	142	729.845
-2.617994	1.195355	1.200319	149	154	116	729.435
-3.141593	2.719179	-1.780644	134	12	131	729.100
-1.047198	1.599406	1.426070	127	138	143	728.204
-3.141593	1.846342	-1.796954	134	135	128	727.422
1.308997	0.685216	-1.712745	140	156	128	727.386
-1.832596	2.251330	-2.330739	152	131	128	727.286
-2.094395	0.992645	-1.723759	150	144	119	726.812
-1.832596	2.041297	-2.664597	148	137	126	726.743
2.094395	2.579248	-2.364801	151	142	120	726.740
0.523599	1.741644	-2.695914	140	134	125	726.684
-2.094395	1.214854	-1.966664	138	3	124	726.530
-2.094395	2.153910	-1.714959	143	127	133	726.188
2.879793	0.615174	-0.666022	135	149	128	725.160
0.785398	1.554776	0.100351	135	141	128	724.614
2.617994	0.591903	2.010408	143	127	136	724.466
-2.094395	1.413430	2.550734	147	141	115	724.118
2.356194	2.349581	-2.702517	133	152	127	723.029
0.261799	1.736875	3.023612	140	131	131	721.143
2.356194	0.418037	1.360082	0	151	117	720.891
-1.832596	2.153910	-1.714959	148	129	130	720.538
-1.047198	2.719179	-1.780644	148	154	116	720.133
-2.617994	1.325504	-1.671296	145	151	119	719.347
-1.047198	2.299159	2.264663	157	0	120	719.315
0.000000	2.379497	0.561089	157	136	123	718.910
1.308997	1.869911	2.701025	139	152	117	718.417
-1.570796	1.948085	-2.363031	147	134	128	717.729
0.000000	2.033014	2.977192	145	148	121	717.257
-2.356194	1.214854	-1.966664	138	154	123	717.040
-1.832596	1.214854	-1.966664	137	152	123	715.755
1.832596	2.579248	-2.364801	147	141	120	715.598
2.356194	2.760637	2.781135	132	148	128	715.157
-2.356194	2.349581	-2.702517	143	127	128	715.138
-0.261799	2.407836	1.410646	129	139	140	714.809
-1.308997	2.407836	1.410646	137	136	128	714.366
-1.047198	1.869911	2.701025	136	0	132	714.118
2.094395	2.001437	0.381215	151	132	125	713.906
2.094395	0.992645	-1.723759	144	134	130	713.799
-1.308997	1.184361	0.625864	141	0	121	712.805
-2.617994	2.063651	-2.044600	142	133	128	712.207
-1.832596	1.846342	-1.796954	130	135	149	711.900
-1.570796	1.869911	2.701025	0	142	115	711.867
0.523599	2.984978	1.954446	134	159	132	711.731
2.094395	2.704512	1.488683	136	140	123	711.604
1.047198	1.732874	-0.951685	151	139	112	711.358
-3.141593	2.407836	1.410646	136	157	128	710.628
-1.047198	1.699788	2.452890	139	18	127	710.627
0.261799	2.299159	2.264663	140	155	122	709.694
2.356194	2.063651	-2.044600	143	136	123	708.656
1.832596	1.014500	0.906702	151	141	118	708.362
2.617994	0.418037	1.360082	0	152	118	708.240
-3.141593	2.881233	-2.582574	134	152	133	708.233
2.356194	1.909857	-0.381669	152	4	108	708.122
-1.308997	1.450119	-2.739050	135	151	128	707.871
2.094395	2.881233	-2.582574	133	147	133	707.821
-2.094395	2.251330	-2.330739	147	132	128	707.576
-1.832596	2.881233	-2.582574	150	1	119	707.198
1.832596	2.033014	2.977192	136	149	118	707.036
0.785398	2.760637	2.781135	129	146	133	706.849
2.617994	2.579248	-2.364801	134	139	129	706.824
-2.617994	2.979456	-1.009304	125	147	142	706.777
-2.356194	1.448123	-2.163292	140	6	121	706.360
0.785398	2.180315	-1.357379	143	147	112	705.863
-2.094395	0.850607	-1.335383	147	140	122	705.794
-3.141593	2.588535	-2.976617	138	145	128	705.777
-1.308997	1.569311	-3.003978	136	153	130	705.683
-3.141593	1.741644	-2.695914	136	137	121	705.460
2.356194	1.662363	0.915448	154	143	116	705.238
0.000000	1.741644	-2.695914	134	136	124	705.051
0.523599	2.164094	-2.991358	139	134	126	705.050
-1.832596	1.658653	-2.409879	143	4	121	704.994
1.570796	1.836682	-0.676006	152	151	111	704.985
-1.832596	1.391910	3.030322	150	144	114	704.777
2.617994	0.496451	0.593859	152	139	125	704.328
1.570796	0.290380	-0.796960	138	146	125	704.139
1.047198	2.138223	1.678323	137	138	121	703.828
2.617994	0.709924	0.218797	133	138	134	702.483
2.094395	0.831641	0.616218	145	129	126	701.875
-1.047198	1.555207	1.708892	128	136	142	701.745
1.047198	0.762244	-0.273349	133	142	131	701.304
-1.308997	1.870545	-2.976234	2	154	116	701.069
-1.570796	1.756530	-2.105156	143	131	131	700.540
-2.356194	2.979456	-1.009304	126	143	141	699.993
-1.047198	0.685216	-1.712745	146	135	122	698.855
-2.617994	2.984978	1.954446	136	150	125	698.315
1.570796	1.488617	1.159546	146	138	114	697.695
-1.308997	1.242974	-2.977882	151	147	115	697.540
-2.356194	2.041297	-2.664597	149	134	121	696.522
-1.047198	2.251330	-2.330739	150	130	135	696.508
1.308997	0.571433	-1.188419	151	138	125	696.030
0.785398	2.637879	2.121598	135	157	125	695.756
-1.047198	1.374601	-2.456031	128	149	127	694.917
-2.094395	0.203748	0.590255	139	147	129	694.317
1.047198	0.080730	-2.622036	2	145	121	694.200
-2.617994	0.850607	-1.335383	144	143	122	693.880
-1.832596	0.203748	0.590255	137	148	129	693.811
-1.570796	2.393226	1.857173	158	143	121	693.644
1.832596	2.174483	2.653697	134	148	121	693.434
-1.570796	2.456751	-1.503343	149	126	136	693.188
-0.785398	0.866395	-2.492918	133	144	127	692.851
-0.785398	1.574060	2.783565	152	149	114	692.562
-3.141593	1.617114	-1.572037	155	157	112	692.530
2.356194	1.812176	0.656819	151	138	121	692.484
1.570796	0.762244	-0.273349	138	136	130	692.412
-1.570796	2.343981	-1.040456	130	134	151	691.980
-2.617994	0.674054	1.013609	141	148	125	691.949
1.047198	2.033014	2.977192	148	130	130	691.107
-1.047198	2.180315	-1.357379	147	154	112	690.973
1.570796	0.709924	0.218797	140	132	127	690.676
-0.523599	1.450119	-2.739050	135	147	125	690.500
1.570796	2.174483	2.653697	135	151	120	690.467
-2.094395	2.881233	-2.582574	149	4	121	689.982
-1.047198	1.569311	-3.003978	133	150	131	689.981
-2.356194	1.658653	-2.409879	139	6	121	689.511
0.261799	1.948085	-2.363031	135	136	121	689.477
1.308997	2.033014	2.977192	139	158	119	689.157
1.832596	0.419640	2.974122	146	8	123	688.208
-1.832596	1.488617	1.159546	138	133	132	687.929
2.879793	0.866955	-0.931351	137	147	125	687.824
-1.570796	2.251330	-2.330739	150	128	130	687.104
1.570796	2.881233	-2.582574	134	153	132	687.083
-2.094395	1.135834	-1.431087	140	151	120	687.057
-1.570796	1.374601	-2.456031	153	137	117	687.043
-3.141593	0.418037	1.360082	154	157	120	686.996
-1.570796	0.899350	-2.069907	143	141	122	686.585
-1.570796	2.164094	-2.991358	157	137	122	686.463
-2.879793	1.741644	-2.695914	139	133	120	686.387
-3.141593	2.108018	1.311430	152	140	115	686.224
-3.141593	2.063651	-2.044600	153	143	117	686.107
2.879793	0.419640	2.974122	138	150	120	684.672
-1.047198	2.349581	-2.702517	1	139	127	684.126
-1.047198	1.450119	-2.739050	157	142	115	683.985
-0.261799	2.587733	0.232235	154	140	121	683.810
0.785398	2.033014	2.977192	142	129	131	683.025
1.832596	0.591903	2.010408	154	152	117	683.025
1.047198	2.247462	0.191623	139	142	126	682.450
-1.308997	2.592629	0.909713	146	131	123	682.083
-0.523599	1.869911	2.701025	143	148	122	682.022
-1.047198	0.850607	-1.335383	134	148	121	682.008
-2.094395	1.128190	-2.288622	130	158	132	681.879
-0.523599	1.448123	-2.163292	132	137	123	681.841
1.047198	1.741644	-2.695914	145	156	119	681.700
-2.617994	0.370812	-2.547742	135	154	123	681.178
2.094395	2.379497	0.561089	150	136	123	680.887
1.047198	2.393226	1.857173	134	144	123	680.885
-2.094395	2.349581	-2.702517	148	1	121	680.457
1.308997	1.948085	-2.363031	154	148	116	680.031
-0.261799	2.033014	2.977192	142	151	122	678.943
-1.047198	1.870545	-2.976234	1	155	117	678.888
2.617994	0.619654	-2.216909	138	146	123	678.583
2.094395	0.685216	-1.712745	135	149	128	678.359
1.570796	1.869911	2.701025	140	149	116	677.643
-0.785398	1.732874	-0.951685	139	152	113	677.557
-1.047198	2.724429	-0.348782	151	142	120	677.386
2.879793	1.696674	-1.253233	151	157	112	677.377
-0.523599	2.404280	-0.174044	148	139	120	677.236
-1.308997	2.153910	-1.714959	145	1	114	677.124
0.523599	0.591903	2.010408	143	144	119	677.023
-2.617994	2.187132	-0.479875	139	137	113	676.989
-1.832596	2.063651	-2.044600	142	128	133	676.831
-1.308997	1.599406	1.426070	126	140	143	676.555
-1.308997	1.809167	1.213774	145	130	130	676.317
2.356194	1.606104	-0.451151	158	7	109	676.260
-0.261799	1.741644	-2.695914	132	146	126	675.956
1.308997	0.866955	-0.931351	138	156	130	675.806
2.094395	0.370812	-2.547742	147	159	119	675.032
-0.261799	1.555207	1.708892	147	151	111	674.964
-1.570796	2.478122	2.609777	155	140	124	674.890
-1.570796	2.588535	-2.976617	155	139	126	674.866
2.094395	1.184361	0.625864	136	133	132	674.380
-0.785398	1.696674	-1.253233	139	142	113	674.123
0.261799	2.478122	2.609777	149	10	119	673.933
-0.261799	2.724429	-0.348782	149	147	120	673.754
-1.570796	2.153910	-1.714959	145	125	137	673.404
-1.570796	1.135813	-2.658866	149	142	117	673.274
2.356194	1.194549	-0.801900	127	134	144	673.251
0.261799	1.113094	-0.272241	126	143	134	672.654
0.785398	1.256302	0.062705	136	141	128	672.581
-1.308997	1.135813	-2.658866	151	139	117	672.534
1.047198	0.297065	2.160177	155	143	119	672.049
-1.308997	1.741644	-2.695914	2	150	115	671.840
-2.879793	1.045978	0.343692	7	16	116	671.703
-2.879793	2.407836	1.410646	135	148	128	671.649
-0.261799	1.977582	0.969896	128	133	155	671.605
1.832596	0.700570	1.559208	146	142	121	671.526
0.785398	1.214854	-1.966664	141	133	123	670.967
1.308997	2.153910	-1.714959	145	140	114	670.830
2.094395	0.203748	0.590255	147	133	123	670.418
-1.308997	2.033014	2.977192	153	135	123	670.354
1.570796	0.379747	-1.713059	138	159	126	670.347
1.832596	1.413347	-1.339188	125	140	143	670.342
-1.832596	1.450119	-2.739050	152	138	116	670.174
-1.308997	2.760637	2.781135	130	141	128	669.752
-1.047198	0.619654	-2.216909	141	140	122	668.802
2.617994	2.251330	-2.330739	158	143	117	668.141
0.523599	1.846342	-1.796954	141	134	115	668.097
0.000000	2.174483	2.653697	139	152	124	668.058
-0.785398	1.699788	2.452890	158	147	114	667.292
-2.617994	2.396274	-1.959260	132	130	134	667.255
-2.094395	2.343981	-1.040456	125	138	152	667.168
-0.523599	1.736875	3.023612	135	154	129	667.058
1.047198	1.194549	-0.801900	128	143	140	666.983
-1.308997	2.041297	-2.664597	7	152	116	666.879
0.261799	1.574060	2.783565	138	127	137	666.713
0.000000	1.736875	3.023612	133	136	132	666.575
-2.356194	0.685216	-1.712745	143	148	121	666.535
1.047198	2.349581	-2.702517	143	135	121	666.480
-2.879793	1.617114	-1.572037	142	143	121	666.052
-2.094395	0.640596	-2.797608	140	134	119	665.972
-2.094395	0.685216	-1.712745	146	147	121	665.808
-2.617994	2.108018	1.311430	130	142	131	665.368
1.047198	1.256302	0.062705	139	135	127	665.179
1.047198	0.685216	-1.712745	140	153	129	664.625
-1.047198	0.866395	-2.492918	125	140	136	664.442
0.785398	0.899350	-2.069907	143	131	125	664.408
-1.570796	1.214854	-1.966664	135	149	123	664.207
1.832596	0.674054	1.013609	146	134	122	664.085
-1.570796	1.569311	-3.003978	137	2	130	664.060
-1.308997	1.736875	3.023612	136	156	133	663.887
1.570796	2.456751	-1.503343	147	150	110	663.886
0.000000	1.554776	0.100351	128	149	129	663.655
-1.832596	2.299159	2.264663	153	143	123	663.457
-0.523599	2.063651	-2.044600	152	129	142	663.258
0.785398	1.998705	2.370472	134	151	119	663.241
2.356194	0.496451	0.593859	148	136	124	663.215
-1.047198	1.696674	-1.253233	139	147	113	663.184
1.832596	1.135834	-1.431087	125	142	141	661.936
1.832596	1.869911	2.701025	140	143	116	661.801
0.785398	1.741644	-2.695914	148	157	117	661.700
2.617994	1.545873	-1.877082	141	142	123	661.456
2.617994	0.379747	-1.713059	139	141	124	661.103
1.832596	0.619654	-2.216909	140	151	124	660.760
0.785398	0.615174	-0.666022	135	148	129	660.355
0.785398	0.960688	-0.577532	129	139	136	660.344
1.308997	1.374601	-2.456031	146	155	120	660.051
2.879793	1.809167	1.213774	154	147	113	659.956
2.356194	1.504028	0.636812	158	137	119	659.483
1.832596	2.396274	-1.959260	130	12	130	659.347
2.617994	0.615174	-0.666022	137	152	127	659.048
0.523599	2.033014	2.977192	141	131	130	659.014
-1.308997	1.872854	1.543456	136	33	142	658.989
0.261799	2.033014	2.977192	139	133	129	658.844
0.000000	0.961715	0.014085	137	155	124	658.804
-1.570796	2.349581	-2.702517	156	140	126	658.704
2.356194	1.836682	-0.676006	141	147	116	658.701
-1.832596	0.419640	2.974122	137	142	119	658.655
2.356194	1.904882	-1.478089	156	150	111	658.273
1.570796	1.413347	-1.339188	126	143	144	658.253
-0.523599	1.699788	2.452890	148	154	115	658.252
1.570796	1.417623	-0.202254	146	148	122	658.166
1.832596	1.870545	-2.976234	139	156	118	658.121
-0.785398	2.396274	-1.959260	147	129	139	657.945
2.356194	1.325504	-1.671296	125	151	134	657.914
2.879793	1.301460	-0.509251	145	157	117	657.783
1.308997	1.658653	-2.409879	148	132	123	657.307
-0.785398	1.045978	0.343692	133	159	125	657.205
-2.879793	0.906588	1.252948	147	157	117	657.144
0.785398	1.732874	-0.951685	149	139	112	656.405
0.523599	2.478122	2.609777	136	146	127	656.368
0.523599	1.545873	-1.877082	143	130	119	656.353
-0.785398	2.719179	-1.780644	146	156	116	656.172
2.356194	2.719179	-1.780644	128	6	134	655.408
0.785398	1.756530	-2.105156	144	126	120	655.327
-2.617994	0.961715	0.014085	10	19	119	655.198
1.832596	1.134497	-1.109631	128	141	140	654.947
-2.356194	2.343981	-1.040456	126	133	146	654.819
2.094395	0.458961	-0.107937	151	125	127	654.579
1.047198	0.418037	1.360082	141	137	122	653.593
-1.047198	2.478122	2.609777	3	2	119	653.532
-2.617994	2.407836	1.410646	135	144	128	653.327
0.523599	0.290380	-0.796960	137	155	125	653.287
2.879793	0.992645	-1.723759	140	144	122	653.127
-1.832596	1.569311	-3.003978	153	137	116	653.074
0.000000	2.108018	1.311430	132	149	125	652.822
0.523599	0.864993	2.278281	142	142	118	652.396
-2.094395	1.574060	2.783565	149	143	114	652.345
1.832596	1.367556	0.358405	132	127	135	652.328
1.832596	0.203748	0.590255	143	136	124	652.268
-0.785398	2.592629	0.909713	149	130	124	651.959
2.617994	1.325504	-1.671296	140	147	123	651.667
-2.094395	2.664082	-1.071402	126	133	146	651.048
2.879793	1.014500	0.906702	154	147	118	650.807
-2.094395	2.180315	-1.357379	126	134	150	650.673
-1.308997	2.587733	0.232235	144	123	125	650.543
0.261799	2.295480	1.008277	1	135	126	650.457
-2.356194	2.108018	1.311430	137	149	127	650.277
0.000000	2.295480	1.008277	157	136	126	650.198
-0.785398	1.736875	3.023612	144	11	121	650.007
1.047198	2.251330	-2.330739	145	140	118	649.489
-0.523599	1.998705	2.370472	139	152	125	649.287
2.094395	1.367556	0.358405	144	0	123	649.235
1.047198	1.998705	2.370472	134	149	120	649.148
1.570796	2.760637	2.781135	133	156	128	649.024
-1.308997	2.719179	-1.780644	151	148	118	648.719
2.617994	2.153910	-1.714959	148	141	116	648.531
1.832596	0.379747	-1.713059	139	155	123	648.469
-1.832596	1.732874	-0.951685	137	147	113	648.139
1.308997	2.984978	1.954446	136	151	128	648.038
-1.832596	2.180315	-1.357379	130	134	148	648.015
-0.261799	0.961715	0.014085	128	154	129	647.921
0.523599	1.948085	-2.363031	142	138	120	647.744
2.879793	2.251330	-2.330739	130	7	126	647.674
-1.047198	1.998705	2.370472	138	157	130	647.603
-1.570796	2.138223	1.678323	140	154	129	647.584
-1.570796	1.574060	2.783565	154	148	115	647.576
1.832596	0.297065	2.160177	146	134	127	647.370
-1.832596	2.456751	-1.503343	154	150	112	647.167
2.094395	2.187132	-0.479875	142	151	112	647.129
0.785398	1.948085	-2.363031	144	135	120	647.119
-1.308997	0.619654	-2.216909	142	142	122	647.013
-2.879793	2.881233	-2.582574	135	149	132	646.714
-2.617994	2.456751	-1.503343	136	7	131	645.967
0.523599	1.736875	3.023612	144	128	131	645.872
0.785398	2.379497	0.561089	159	7	119	645.861
-2.094395	2.108018	1.311430	134	141	130	645.726
0.000000	2.393226	1.857173	137	154	127	645.690
-0.261799	1.128190	-2.288622	141	134	122	645.377
-1.570796	2.579248	-2.364801	145	151	120	645.167
-0.261799	2.089241	-0.114193	133	152	131	644.996
-0.523599	2.637879	2.121598	1	12	120	644.777
1.047198	0.674054	1.013609	148	137	118	644.412
1.308997	2.760637	2.781135	132	137	131	644.357
0.000000	1.256302	0.062705	129	146	128	644.312
-1.308997	2.073035	2.027405	139	152	131	644.208
-2.879793	0.709924	0.218797	139	151	124	644.197
1.832596	0.290380	-0.796960	140	139	124	644.187
-1.047198	1.812176	0.656819	146	136	126	643.956
1.308997	0.866395	-2.492918	153	149	120	643.954
1.570796	0.619654	-2.216909	144	4	123	643.898
-1.832596	0.850607	-1.335383	144	139	122	643.784
2.094395	1.904882	-1.478089	149	138	115	643.675
2.094395	1.134497	-1.109631	125	138	141	643.598
1.047198	1.869911	2.701025	140	155	117	643.418
-1.832596	1.948085	-2.363031	144	129	128	643.343
1.570796	1.846342	-1.796954	153	134	115	643.322
-1.308997	2.664082	-1.071402	153	133	119	643.128
1.832596	1.184361	0.625864	149	135	120	642.965
-3.141593	1.658653	-2.409879	131	140	125	642.916
1.570796	0.591903	2.010408	141	133	126	642.679
-1.570796	1.545873	-1.877082	151	130	125	642.564
2.094395	0.866955	-0.931351	142	133	131	642.526
0.000000	2.299159	2.264663	143	155	122	642.384
2.617994	0.960688	-0.577532	142	133	133	642.160
-2.879793	2.456751	-1.503343	133	12	132	642.094
-2.617994	1.135834	-1.431087	132	135	130	642.039
2.879793	2.592629	0.909713	139	146	124	641.955
-0.523599	1.812176	0.656819	139	159	122	641.906
1.832596	2.379497	0.561089	146	138	123	641.802
1.047198	0.709924	0.218797	139	139	126	641.696
-0.523599	1.683268	0.374177	134	158	124	641.603
2.356194	1.134497	-1.109631	128	135	140	641.309
-1.308997	2.396274	-1.959260	143	129	139	641.041
-2.094395	1.135813	-2.658866	142	141	118	641.005
-0.261799	1.870545	-2.976234	157	147	118	640.709
-2.879793	1.184361	0.625864	3	13	114	640.700
1.047198	1.554776	0.100351	136	139	127	640.561
0.261799	1.247695	1.809890	140	144	114	640.365
2.617994	2.138223	1.678323	138	139	118	640.177
1.308997	2.349581	-2.702517	137	157	125	640.142
-1.832596	0.571433	-1.188419	142	138	124	640.005
-0.261799	2.704512	1.488683	126	142	140	639.996
2.094395	1.242974	-2.977882	148	159	114	639.874
-1.308997	2.251330	-2.330739	154	135	129	639.715
0.000000	1.870545	-2.976234	134	138	128	639.700
-1.832596	1.741644	-2.695914	154	10	115	639.683
-3.141593	2.349581	-2.702517	138	143	124	639.628
-0.785398	1.214854	-1.966664	131	136	124	639.194
0.000000	1.569311	-3.003978	144	150	118	639.187
0.000000	0.619654	-2.216909	137	135	127	639.019
0.261799	0.914445	2.687814	149	149	115	638.965
-0.785398	2.108018	1.311430	145	130	131	638.899
0.000000	1.214854	-1.966664	133	134	124	638.894
0.523599	2.041297	-2.664597	140	136	123	638.761
1.832596	1.846342	-1.796954	151	135	118	638.739
0.261799	2.174483	2.653697	144	134	128	638.731
2.879793	1.732874	-0.951685	151	147	112	638.453
1.832596	0.571433	-1.188419	136	147	129	637.940
-2.617994	1.045978	0.343692	5	18	116	637.891
-1.832596	2.455966	-0.641220	128	131	150	637.801
-0.785398	1.869911	2.701025	136	155	131	637.277
2.617994	0.674054	1.013609	0	146	117	637.021
2.356194	0.203748	0.590255	150	132	123	636.993
2.879793	0.370812	-2.547742	141	148	120	636.777
2.879793	1.872854	1.543456	147	147	115	636.480
-2.094395	1.242974	-2.977882	146	146	115	636.081
-2.879793	2.393226	1.857173	145	135	121	636.020
2.617994	1.662363	0.915448	159	146	114	635.666
-1.308997	1.128190	-2.288622	128	150	129	635.637
0.523599	0.419640	2.974122	136	153	133	635.479
-3.141593	2.393226	1.857173	143	138	121	635.184
-2.094395	0.458961	-0.107937	135	146	126	635.022
-2.094395	2.299159	2.264663	157	144	118	634.954
0.261799	1.374601	-2.456031	144	139	120	634.924
2.356194	1.683268	0.374177	146	125	130	634.835
-0.523599	2.592629	0.909713	127	140	142	634.807
2.356194	2.295480	1.008277	151	139	116	634.715
1.308997	2.664082	-1.071402	139	152	112	634.565
0.000000	2.637879	2.121598	129	147	135	633.830
-2.356194	2.881233	-2.582574	131	152	133	633.597
2.356194	2.579248	-2.364801	136	138	129	633.385
1.047198	0.379747	-1.713059	152	141	123	633.214
1.570796	0.458961	-0.107937	139	136	125	632.873
-2.356194	2.393226	1.857173	132	144	131	632.863
-3.141593	1.977582	0.969896	140	144	125	632.755
1.832596	1.836682	-0.676006	124	142	152	632.635
-1.570796	0.571433	-1.188419	141	136	125	632.590
-0.785398	1.872854	1.543456	151	156	114	632.545
1.832596	1.812176	0.656819	148	138	120	632.525
-2.356194	1.948085	-2.363031	145	134	123	632.503
-3.141593	1.904882	-1.478089	153	151	110	632.496
-1.308997	1.948085	-2.363031	149	135	128	632.314
-1.570796	2.041297	-2.664597	153	131	124	632.280
2.094395	1.617114	-1.572037	125	14	141	631.948
-3.141593	1.310100	1.488307	152	157	111	631.828
1.308997	1.510910	-0.740472	158	144	114	631.701
0.000000	2.138223	1.678323	147	133	133	631.633
0.785398	2.299159	2.264663	137	157	121	631.626
-2.617994	1.809167	1.213774	155	141	116	631.624
0.785398	0.733948	3.021411	145	138	121	631.464
0.785398	0.674054	1.013609	141	140	120	631.352
0.000000	1.194549	-0.801900	147	131	119	631.315
-2.617994	2.579248	-2.364801	140	130	131	630.439
1.570796	2.164094	-2.991358	151	127	126	630.146
2.617994	2.396274	-1.959260	150	153	119	630.059
-0.785398	2.478122	2.609777	157	23	120	630.051
0.523599	1.870545	-2.976234	138	139	125	629.374
-2.879793	1.846342	-1.796954	136	135	128	629.317
-2.094395	1.569311	-3.003978	150	139	117	629.242
2.094395	1.909857	-0.381669	147	157	112	629.235
-1.570796	1.766067	2.153843	127	135	143	629.164
-2.356194	0.571433	-1.188419	140	144	124	628.749
2.617994	2.760637	2.781135	140	128	130	628.186
-1.308997	0.866395	-2.492918	128	150	132	628.104
-1.047198	1.741644	-2.695914	2	144	115	627.725
-1.047198	2.881233	-2.582574	138	148	123	627.714
-2.094395	0.419640	2.974122	138	147	118	627.244
2.356194	1.413430	2.550734	147	141	114	627.051
-1.308997	2.164094	-2.991358	156	136	125	626.418
0.261799	0.866395	-2.492918	142	140	122	626.307
1.570796	0.685216	-1.712745	138	154	128	626.158
-2.879793	2.984978	1.954446	141	152	122	625.968
2.094395	2.063651	-2.044600	150	137	117	625.841
1.308997	1.683268	0.374177	139	135	125	625.785
-1.570796	2.108018	1.311430	143	140	125	625.396
-1.047198	1.504028	0.636812	147	133	125	625.317
2.879793	0.831641	0.616218	137	153	128	625.024
2.879793	2.108018	1.311430	151	142	115	624.981
-0.785398	1.977582	0.969896	141	132	132	624.883
0.000000	2.073035	2.027405	139	154	121	624.806
-0.261799	0.080730	-2.622036	155	16	119	624.516
1.047198	2.299159	2.264663	129	149	124	624.403
-2.617994	0.418037	1.360082	147	10	118	624.396
1.570796	1.812176	0.656819	141	137	121	624.213
-2.094395	1.982574	-1.115518	127	139	153	623.901
-1.570796	1.242974	-2.977882	149	148	115	623.769
0.523599	2.174483	2.653697	147	4	115	623.723
-1.832596	2.579248	-2.364801	152	125	131	623.650
-1.047198	2.033014	2.977192	159	15	114	623.391
-0.523599	1.574060	2.783565	138	10	123	623.303
-0.261799	1.214854	-1.966664	132	138	124	622.334
-0.523599	1.872854	1.543456	147	154	114	622.328
1.832596	1.488617	1.159546	148	137	114	622.282
-1.570796	1.736875	3.023612	138	2	132	622.115
0.000000	1.135813	-2.658866	138	139	125	621.946
0.785398	1.721184	-0.153948	127	133	135	621.721
-0.523599	2.760637	2.781135	4	7	123	621.708
-0.523599	1.045978	0.343692	131	156	125	621.511
-1.308997	0.850607	-1.335383	149	132	122	621.329
-0.785398	1.662363	0.915448	138	130	136	621.202
0.261799	2.041297	-2.664597	134	137	123	621.080
-2.094395	1.545873	-1.877082	147	150	119	621.018
0.785398	1.545873	-1.877082	148	126	118	620.954
1.570796	1.050534	3.042579	133	148	127	620.903
2.617994	2.295480	1.008277	153	138	116	620.419
2.879793	1.824694	1.850876	140	139	113	620.370
2.879793	1.904882	-1.478089	154	151	111	619.988
0.261799	2.393226	1.857173	135	9	125	619.956
-1.570796	2.592629	0.909713	139	0	121	619.178
1.047198	1.374601	-2.456031	134	131	130	618.997
2.879793	2.588535	-2.976617	137	133	129	618.971
-1.308997	0.864993	2.278281	139	149	116	618.935
1.308997	2.299159	2.264663	130	146	124	618.785
-0.261799	2.108018	1.311430	128	137	142	618.622
-2.617994	2.138223	1.678323	135	154	132	618.585
0.523599	2.407836	1.410646	131	145	126	618.570
-0.261799	1.256302	0.062705	134	144	128	618.352
2.879793	0.619654	-2.216909	137	141	123	618.312
-1.047198	1.448123	-2.163292	131	145	123	618.296
-0.523599	2.356369	3.005869	0	20	116	618.238
2.094395	2.588535	-2.976617	133	150	129	618.036
1.308997	2.704512	1.488683	130	155	124	618.000
2.879793	1.194549	-0.801900	127	19	134	617.971
-0.523599	2.478122	2.609777	153	22	120	617.968
-0.785398	2.349581	-2.702517	151	130	136	617.646
0.000000	1.374601	-2.456031	147	143	118	617.151
-0.785398	2.455966	-0.641220	155	147	112	617.068
1.308997	0.850607	-1.335383	137	155	130	617.056
2.617994	1.617114	-1.572037	155	150	114	616.886
2.356194	0.960688	-0.577532	127	134	142	616.839
0.000000	1.113094	-0.272241	147	142	121	616.813
-2.617994	1.413347	-1.339188	145	154	116	616.693
-1.047198	0.203748	0.590255	134	157	124	616.474
1.308997	0.619654	-2.216909	0	156	116	616.352
1.047198	0.591903	2.010408	149	145	119	616.237
2.617994	0.992645	-1.723759	141	147	122	616.220
2.617994	1.569311	-3.003978	140	146	116	616.180
-3.141593	0.640596	-2.797608	142	144	118	616.171
1.047198	1.128190	-2.288622	139	131	127	616.075
2.094395	1.662363	0.915448	150	141	117	615.969
2.617994	2.379497	0.561089	146	129	129	615.915
-2.094395	2.356369	3.005869	133	149	133	615.868
-2.617994	0.709924	0.218797	137	150	124	615.775
0.261799	1.413347	-1.339188	144	142	116	615.749
-0.785398	1.488617	1.159546	125	137	144	615.663
0.261799	1.756530	-2.105156	142	143	116	615.582
-0.785398	2.153910	-1.714959	147	128	143	615.504
2.356194	1.555207	1.708892	144	152	112	615.069
-3.141593	2.579248	-2.364801	137	130	130	615.038
2.356194	0.458961	-0.107937	133	154	130	614.948
2.094395	0.619654	-2.216909	146	133	131	614.773
-1.308997	2.295480	1.008277	142	132	126	614.450
-2.094395	2.138223	1.678323	140	155	129	614.102
-0.523599	2.407836	1.410646	150	125	129	613.993
-1.308997	2.478122	2.609777	158	139	124	613.938
-0.523599	2.379497	0.561089	129	133	151	613.813
1.308997	2.579248	-2.364801	128	14	133	613.791
2.617994	1.872854	1.543456	144	145	117	613.580
2.094395	0.591903	2.010408	137	9	130	613.574
1.832596	0.866955	-0.931351	157	151	119	613.559
2.356194	1.367556	0.358405	149	2	120	613.531
-3.141593	1.662363	0.915448	0	148	114	613.322
1.832596	1.128190	-2.288622	147	153	119	613.187
2.617994	0.831641	0.616218	148	135	127	613.135
1.832596	1.756530	-2.105156	142	146	122	613.052
-1.047198	2.407836	1.410646	139	134	128	613.035
2.094395	1.504028	0.636812	140	1	126	612.963
0.785398	2.349581	-2.702517	141	138	122	612.852
2.094395	1.948085	-2.363031	144	136	123	612.753
-2.617994	1.301460	-0.509251	134	159	117	612.726
-1.047198	1.736875	3.023612	157	11	111	612.723
-0.523599	2.033014	2.977192	150	150	121	612.707
1.308997	1.194549	-0.801900	153	148	116	612.464
-1.832596	0.370812	-2.547742	138	138	123	612.260
-0.785398	1.766067	2.153843	148	155	117	612.039
2.617994	1.904882	-1.478089	155	151	111	611.874
-1.308997	0.899350	-2.069907	146	141	121	611.800
-0.785398	1.413430	2.550734	134	13	125	611.777
-0.261799	1.736875	3.023612	142	11	121	611.695
-2.879793	1.812176	0.656819	4	147	115	611.583
1.047198	2.115563	0.685730	133	137	123	611.409
1.570796	0.866955	-0.931351	157	150	119	611.334
1.308997	2.356369	3.005869	132	159	123	610.877
0.785398	0.618092	2.539118	151	138	117	610.795
-1.832596	2.588535	-2.976617	143	157	122	610.437
1.047198	2.174483	2.653697	134	156	120	610.402
-0.785398	1.809167	1.213774	139	130	137	610.245
-1.047198	2.295480	1.008277	138	133	129	610.156
-1.047198	0.831641	0.616218	134	156	122	610.134
-2.094395	1.741644	-2.695914	150	9	117	610.064
0.000000	1.242974	-2.977882	135	143	126	609.933
2.879793	0.571433	-1.188419	138	154	125	609.926
-1.832596	1.756530	-2.105156	140	128	131	609.808
-0.785398	1.599406	1.426070	127	136	143	609.724
1.308997	1.367556	0.358405	143	133	124	609.540
-1.832596	1.413430	2.550734	150	147	112	609.471
1.570796	2.001437	0.381215	142	127	125	609.375
-1.570796	2.724429	-0.348782	126	141	147	608.646
-2.879793	2.579248	-2.364801	135	129	131	608.634
-1.832596	2.664082	-1.071402	135	157	135	608.502
1.832596	1.683268	0.374177	151	126	123	608.490
0.523599	2.073035	2.027405	128	150	123	608.354
1.308997	1.732874	-0.951685	152	140	113	608.095
1.047198	0.458961	-0.107937	137	143	124	608.069
2.879793	0.674054	1.013609	0	146	117	607.875
1.047198	1.948085	-2.363031	143	123	122	607.734
1.570796	0.864993	2.278281	135	8	132	607.678
-2.356194	2.356369	3.005869	122	158	148	607.480
0.261799	1.194549	-0.801900	150	131	119	607.479
1.308997	1.113094	-0.272241	141	131	130	607.061
-2.879793	2.719179	-1.780644	137	8	129	606.911
-0.523599	0.899350	-2.069907	131	143	125	606.902
1.832596	1.448123	-2.163292	144	154	121	606.792
-0.785398	2.063651	-2.044600	152	129	138	606.779
2.879793	1.948085	-2.363031	2	147	116	606.723
2.094395	1.554776	0.100351	124	140	151	606.709
2.356194	0.640596	-2.797608	145	156	118	606.510
2.356194	1.113094	-0.272241	151	143	121	606.393
1.047198	0.640596	-2.797608	152	144	120	606.319
1.832596	1.374601	-2.456031	144	151	119	606.304
2.094395	0.929350	-2.910676	152	3	114	606.295
2.879793	1.741644	-2.695914	135	141	121	606.209
1.308997	1.617114	-1.572037	154	152	113	606.195
-2.879793	1.325504	-1.671296	143	148	121	606.068
1.570796	2.356369	3.005869	136	138	124	606.037
-3.141593	1.135834	-1.431087	134	17	125	605.800
-2.094395	0.674054	1.013609	143	0	118	605.711
-0.785398	1.448123	-2.163292	132	141	123	605.710
0.785398	1.658653	-2.409879	142	141	121	605.484
1.047198	0.618092	2.539118	141	132	125	605.466
-2.356194	1.242974	-2.977882	142	142	116	605.325
-0.261799	1.875281	0.107086	157	151	116	605.317
1.308997	0.762244	-0.273349	155	150	120	605.306
2.356194	2.478122	2.609777	141	149	120	605.289
-0.261799	1.721184	-0.153948	133	149	131	605.133
0.523599	1.617114	-1.572037	147	134	114	605.001
2.356194	1.977582	0.969896	148	135	117	604.963
2.879793	1.214854	-1.966664	142	141	121	604.872
-0.785398	0.709924	0.218797	130	158	127	604.853
2.879793	1.367556	0.358405	4	135	123	604.841
-0.523599	0.866395	-2.492918	125	134	135	604.793
-1.570796	2.760637	2.781135	141	149	122	604.786
2.094395	1.870545	-2.976234	138	154	117	604.769
-1.308997	2.579248	-2.364801	130	152	129	604.634
-1.832596	2.164094	-2.991358	145	133	128	604.546
1.832596	1.113094	-0.272241	152	146	121	604.401
-1.570796	0.685216	-1.712745	135	0	124	604.371
-2.879793	1.948085	-2.363031	134	132	127	604.032
2.094395	0.615174	-0.666022	136	139	130	603.970
2.356194	2.592629	0.909713	142	149	124	603.933
-1.832596	2.033014	2.977192	156	145	118	603.853
-0.785398	0.571433	-1.188419	137	151	124	603.827
-1.308997	1.998705	2.370472	154	151	119	603.754
2.094395	0.297065	2.160177	154	159	121	603.694
2.356194	1.214854	-1.966664	142	148	120	603.607
0.523599	1.256302	0.062705	131	141	128	603.583
1.308997	0.864993	2.278281	134	10	132	603.573
-0.785398	2.033014	2.977192	155	151	120	603.536
-2.617994	1.450119	-2.739050	141	143	118	603.479
-1.832596	0.709924	0.218797	159	6	117	603.434
2.617994	1.982574	-1.115518	149	155	111	603.432
-0.261799	0.864993	2.278281	127	4	127	603.346
2.617994	0.370812	-2.547742	137	153	122	603.255
2.879793	1.413347	-1.339188	151	154	115	603.202
-0.785398	0.496451	0.593859	132	151	124	603.153
2.094395	0.899350	-2.069907	147	150	120	602.997
1.308997	0.961715	0.014085	136	140	129	602.922
-0.261799	2.393226	1.857173	138	156	127	602.868
0.261799	1.824694	1.850876	139	158	117	602.721
1.570796	0.297065	2.160177	143	136	127	602.267
-1.047198	1.904882	-1.478089	140	152	113	602.070
-0.785398	2.343981	-1.040456	148	5	114	601.996
2.356194	0.992645	-1.723759	142	149	122	601.910
-1.308997	2.180315	-1.357379	149	156	112	601.909
2.879793	2.637879	2.121598	140	138	123	601.870
0.523599	0.618092	2.539118	149	139	117	601.812
0.261799	1.569311	-3.003978	143	149	118	601.811
-2.356194	2.984978	1.954446	135	146	125	601.788
-2.879793	1.488617	1.159546	151	148	116	601.739
1.570796	2.180315	-1.357379	147	147	111	601.516
-3.141593	2.704512	1.488683	136	154	126	601.030
2.879793	0.379747	-1.713059	143	133	124	600.785
-0.523599	1.413430	2.550734	125	139	145	600.659
1.047198	2.404280	-0.174044	139	133	131	600.594
-2.617994	1.846342	-1.796954	152	1	114	600.558
-0.785398	1.812176	0.656819	153	139	124	600.467
2.617994	1.113094	-0.272241	141	131	136	600.429
-1.570796	1.662363	0.915448	141	134	128	600.333
1.832596	1.977582	0.969896	141	139	119	600.141
-0.523599	1.870545	-2.976234	159	151	116	600.041
-2.094395	0.914445	2.687814	137	145	117	599.846
-0.261799	2.863997	0.549740	135	155	130	599.728
-2.094395	2.637879	2.121598	145	159	121	599.660
1.570796	1.113094	-0.272241	153	145	121	599.578
1.308997	0.418037	1.360082	143	136	122	599.483
-2.879793	2.349581	-2.702517	141	138	125	599.382
-0.261799	2.760637	2.781135	132	138	123	599.375
-0.523599	2.115563	0.685730	149	133	125	599.375
-0.785398	0.831641	0.616218	132	152	122	599.342
-1.308997	2.063651	-2.044600	135	131	146	599.219
-1.047198	1.809167	1.213774	134	131	137	599.158
-1.308997	0.615174	-0.666022	134	137	123	599.017
-1.832596	0.992645	-1.723759	133	148	126	599.000
1.308997	1.440580	2.260026	143	151	114	598.856
2.356194	2.356369	3.005869	136	141	122	598.776
-1.570796	1.741644	-2.695914	159	147	117	598.758
1.047198	2.343981	-1.040456	144	150	110	598.503
1.570796	2.153910	-1.714959	147	139	113	598.429
-1.047198	1.413430	2.550734	136	15	126	598.406
2.617994	1.218453	2.777284	144	147	113	598.276
2.094395	1.194549	-0.801900	126	139	142	598.158
-0.785398	1.440580	2.260026	132	17	128	598.131
0.261799	2.704512	1.488683	137	157	127	597.699
0.785398	0.370812	-2.547742	156	143	120	597.560
-0.261799	0.866955	-0.931351	135	128	126	597.499
-2.356194	0.203748	0.590255	140	139	129	597.495
0.261799	1.506530	1.988858	137	142	117	597.488
-0.785398	0.615174	-0.666022	145	137	121	597.416
-0.785398	2.138223	1.678323	132	21	135	597.401
-0.261799	2.295480	1.008277	126	137	142	597.348
-0.523599	2.704512	1.488683	127	147	140	597.147
2.094395	2.637879	2.121598	6	151	122	596.983
0.261799	1.869911	2.701025	144	133	130	596.932
2.879793	1.870545	-2.976234	140	149	117	596.777
-0.785398	1.870545	-2.976234	158	5	117	596.760
-1.047198	1.977582	0.969896	148	156	118	596.759
2.879793	0.929350	-2.910676	144	3	114	596.623
-2.879793	0.674054	1.013609	159	151	117	596.404
2.094395	1.736875	3.023612	139	151	116	596.376
2.617994	1.413430	2.550734	148	140	113	596.336
-1.832596	2.073035	2.027405	152	147	120	596.243
1.047198	1.658653	-2.409879	143	137	122	596.032
0.000000	1.948085	-2.363031	133	139	121	595.877
0.000000	2.704512	1.488683	140	156	126	595.709
1.832596	0.831641	0.616218	141	129	126	595.665
-1.308997	1.014500	0.906702	129	149	126	595.590
-2.617994	1.488617	1.159546	152	149	116	595.585
-2.094395	1.736875	3.023612	158	147	111	595.506
2.879793	1.662363	0.915448	0	148	114	595.500
-1.308997	1.869911	2.701025	0	143	115	595.399
-2.617994	2.251330	-2.330739	152	146	119	595.179
-2.094395	2.760637	2.781135	138	154	125	595.160
1.570796	1.134796	2.434290	154	152	111	594.837
2.094395	2.251330	-2.330739	137	139	126	594.716
2.617994	0.458961	-0.107937	144	132	128	594.664
1.832596	0.762244	-0.273349	142	149	127	594.648
-1.308997	1.699788	2.452890	155	153	114	594.584
2.617994	1.606104	-0.451151	153	5	109	594.541
-2.879793	1.836682	-0.676006	140	150	112	594.529
-1.570796	1.658653	-2.409879	144	134	126	594.414
-1.047198	2.187132	-0.479875	156	143	110	594.318
-1.832596	0.496451	0.593859	141	143	126	594.201
1.308997	2.396274	-1.959260	148	143	112	593.976
0.261799	2.637879	2.121598	127	143	135	593.953
2.617994	1.014500	0.906702	157	139	117	593.906
1.832596	1.554776	0.100351	143	152	122	593.354
1.308997	2.001437	0.381215	138	133	125	593.350
-2.094395	0.618092	2.539118	135	140	119	593.303
-2.356194	0.992645	-1.723759	143	139	121	593.191
-2.094395	2.587733	0.232235	141	32	142	593.172
2.094395	0.674054	1.013609	146	137	124	593.083
-1.308997	1.766067	2.153843	156	153	114	592.927
1.570796	1.135813	-2.658866	148	151	118	592.873
2.356194	0.910508	1.903534	151	3	113	592.789
1.308997	1.982574	-1.115518	145	137	113	592.693
2.356194	1.510910	-0.740472	147	152	116	592.622
0.000000	1.824694	1.850876	140	158	116	592.560
1.832596	0.458961	-0.107937	143	131	126	592.495
-0.261799	1.050534	3.042579	126	131	143	592.414
0.523599	1.045978	0.343692	133	146	123	592.412
2.094395	2.153910	-1.714959	142	16	119	592.388
0.523599	2.251330	-2.330739	140	144	117	592.341
-1.570796	1.440580	2.260026	157	139	112	592.272
1.570796	0.850607	-1.335383	136	154	131	592.223
-1.570796	0.929350	-2.910676	145	146	117	592.194
1.047198	2.180315	-1.357379	146	140	109	592.086
0.523599	1.025536	1.576859	138	137	117	592.062
-2.356194	1.391910	3.030322	145	137	114	591.972
2.879793	1.325504	-1.671296	148	141	118	591.885
1.832596	0.418037	1.360082	155	142	120	591.841
0.523599	1.732874	-0.951685	148	141	112	591.754
2.356194	0.370812	-2.547742	145	156	119	591.737
0.785398	1.374601	-2.456031	131	131	131	591.644
1.047198	2.588535	-2.976617	133	150	129	591.577
2.879793	0.203748	0.590255	142	144	128	591.568
1.832596	1.574060	2.783565	141	146	115	591.473
-2.879793	1.135834	-1.431087	131	138	129	591.266
2.094395	1.569311	-3.003978	138	158	119	591.126
2.094395	2.164094	-2.991358	135	153	121	590.994
1.047198	2.478122	2.609777	134	138	127	590.963
-0.785398	1.242974	-2.977882	135	142	126	590.927
-1.308997	1.555207	1.708892	127	137	142	590.887
-0.785398	1.555207	1.708892	153	151	110	590.813
0.785398	2.724429	-0.348782	135	135	132	590.736
-1.047198	1.766067	2.153843	137	22	129	590.590
1.832596	2.588535	-2.976617	134	139	128	590.550
-1.308997	2.456751	-1.503343	145	126	140	590.506
-1.570796	1.128190	-2.288622	131	153	128	590.402
0.000000	1.325504	-1.671296	142	145	116	590.380
-0.785398	2.979456	-1.009304	153	159	120	590.319
0.261799	0.762244	-0.273349	135	152	127	590.189
-1.308997	2.455966	-0.641220	127	138	149	590.009
-1.308997	1.977582	0.969896	149	156	118	589.634
1.308997	0.080730	-2.622036	144	150	124	589.569
0.523599	2.592629	0.909713	131	150	125	589.522
-1.047198	2.063651	-2.044600	146	123	142	589.078
2.094395	0.290380	-0.796960	142	135	124	589.009
-3.141593	1.606104	-0.451151	141	156	112	588.965
1.308997	2.343981	-1.040456	146	151	108	588.876
-3.141593	2.295480	1.008277	140	142	125	588.850
2.094395	0.906588	1.252948	151	140	117	588.553
0.785398	1.904882	-1.478089	147	138	111	588.514
2.617994	0.203748	0.590255	142	148	127	588.489
1.308997	2.063651	-2.044600	147	133	117	588.222
-0.523599	1.696674	-1.253233	140	139	113	588.125
-1.047198	0.709924	0.218797	126	148	135	588.069
-1.047198	2.393226	1.857173	0	1	120	587.844
-1.832596	1.574060	2.783565	152	141	113	587.730
0.785398	0.290380	-0.796960	136	147	125	587.200
-0.785398	1.413347	-1.339188	133	138	117	586.845
0.261799	1.417623	-0.202254	126	145	134	586.775
1.308997	2.478122	2.609777	129	152	125	586.555
-1.570796	0.866395	-2.492918	129	153	132	586.395
-0.523599	0.992645	-1.723759	131	142	123	586.365
-0.523599	1.510910	-0.740472	129	22	139	586.283
0.261799	1.766067	2.153843	135	151	119	586.259
2.617994	2.984978	1.954446	155	1	118	586.241
-2.356194	2.299159	2.264663	125	26	140	586.194
-2.094395	2.073035	2.027405	137	153	131	586.003
2.356194	2.456751	-1.503343	120	148	144	585.813
-1.308997	2.588535	-2.976617	133	149	127	585.727
2.356194	0.700570	1.559208	156	150	117	585.703
2.617994	2.407836	1.410646	145	141	117	585.536
0.261799	1.448123	-2.163292	139	129	122	585.425
-0.785398	1.554776	0.100351	137	154	125	585.305
-2.617994	1.545873	-1.877082	151	9	115	585.148
-2.879793	1.014500	0.906702	157	15	113	585.057
1.832596	1.214854	-1.966664	145	157	120	584.981
2.617994	2.592629	0.909713	147	142	124	584.904
2.094395	1.417623	-0.202254	155	121	133	584.804
2.356194	0.080730	-2.622036	138	151	122	584.657
1.832596	1.506530	1.988858	148	142	111	584.207
-1.308997	2.247462	0.191623	134	133	128	584.146
-1.308997	2.393226	1.857173	135	140	130	584.133
-1.047198	2.979456	-1.009304	133	151	131	583.985
-1.047198	1.440580	2.260026	152	149	114	583.756
1.832596	2.455966	-0.641220	143	154	110	583.670
-2.617994	1.050534	3.042579	120	126	132	583.498
0.523599	0.700570	1.559208	139	137	118	583.410
0.785398	1.450119	-2.739050	151	154	115	583.216
-1.047198	1.506530	1.988858	133	22	132	583.172
-1.570796	2.719179	-1.780644	149	127	135	583.062
1.047198	1.982574	-1.115518	146	140	111	583.022
-0.785398	2.456751	-1.503343	147	128	141	582.949
-2.094395	2.295480	1.008277	129	134	130	582.752
-0.785398	1.569311	-3.003978	155	146	116	582.588
1.832596	2.251330	-2.330739	136	139	126	582.495
0.261799	2.164094	-2.991358	139	136	123	581.952
0.261799	1.135813	-2.658866	147	155	118	581.897
0.523599	1.569311	-3.003978	134	133	130	581.556
-1.570796	1.014500	0.906702	145	157	116	581.445
1.832596	0.899350	-2.069907	148	150	120	581.417
0.785398	0.203748	0.590255	140	135	122	581.379
-2.356194	1.574060	2.783565	149	137	113	581.034
0.523599	1.450119	-2.739050	146	135	123	580.723
-1.308997	1.662363	0.915448	144	132	128	580.651
-2.879793	1.450119	-2.739050	139	138	118	580.426
2.617994	0.571433	-1.188419	142	130	128	580.268
-1.047198	2.456751	-1.503343	153	128	137	580.256
1.308997	1.836682	-0.676006	151	148	112	580.182
0.523599	1.756530	-2.105156	142	128	119	579.711
2.617994	2.637879	2.121598	159	4	120	579.638
1.832596	2.104282	-0.813972	153	149	107	579.538
1.047198	0.290380	-0.796960	137	156	125	579.505
0.785398	1.696674	-1.253233	146	135	115	579.367
-1.308997	0.831641	0.616218	138	159	122	579.351
1.832596	1.417623	-0.202254	147	151	120	579.244
1.308997	0.992645	-1.723759	151	136	121	579.173
0.785398	1.846342	-1.796954	144	133	115	579.104
1.832596	1.510910	-0.740472	124	142	148	579.052
-1.047198	1.242974	-2.977882	152	146	116	578.802
2.879793	0.762244	-0.273349	149	130	129	578.416
2.094395	1.836682	-0.676006	0	158	105	578.275
-0.523599	1.824694	1.850876	154	150	112	578.174
0.261799	2.153910	-1.714959	137	145	114	578.114
-0.261799	2.592629	0.909713	127	132	147	578.090
-0.261799	2.379497	0.561089	152	138	123	577.746
1.047198	1.756530	-2.105156	148	132	118	577.630
1.308997	1.135813	-2.658866	138	123	134	577.533
0.785398	1.128190	-2.288622	137	131	127	577.487
1.570796	2.104282	-0.813972	152	153	107	577.464
-3.141593	0.203748	0.590255	141	133	129	577.400
-0.523599	2.455966	-0.641220	155	147	112	577.375
-1.308997	0.496451	0.593859	134	158	124	577.179
-2.879793	0.080730	-2.622036	127	136	128	577.150
0.785398	2.356369	3.005869	142	132	127	577.116
-1.308997	2.108018	1.311430	151	157	118	576.856
2.617994	1.977582	0.969896	150	149	119	576.833
1.570796	0.419640	2.974122	152	148	120	576.741
-2.356194	1.545873	-1.877082	147	3	117	576.700
-2.094395	1.869911	2.701025	156	143	113	576.630
2.094395	1.809167	1.213774	145	135	115	576.325
-0.523599	2.393226	1.857173	143	129	129	576.276
1.832596	1.504028	0.636812	149	135	120	576.138
-2.617994	0.866955	-0.931351	139	6	120	576.132
1.832596	1.335669	0.897240	152	132	115	576.112
-3.141593	2.637879	2.121598	139	134	125	575.967
1.308997	2.164094	-2.991358	127	142	129	575.904
-0.785398	1.506530	1.988858	152	139	112	575.880
-2.094395	2.033014	2.977192	154	141	118	575.846
0.523599	1.247695	1.809890	141	139	114	575.837
-0.523599	2.979456	-1.009304	150	0	120	575.820
0.523599	1.904882	-1.478089	145	140	111	575.814
-2.617994	0.906588	1.252948	145	155	116	575.660
-1.832596	1.134796	2.434290	147	140	113	575.638
1.832596	2.063651	-2.044600	146	135	120	575.477
2.356194	0.591903	2.010408	153	4	114	575.473
-2.879793	2.164094	-2.991358	145	136	121	575.438
-2.617994	0.733948	3.021411	118	131	131	575.369
0.523599	1.374601	-2.456031	143	147	121	575.354
0.523599	2.356369	3.005869	154	9	116	575.310
1.047198	0.203748	0.590255	144	135	121	575.198
-0.785398	1.658653	-2.409879	130	147	123	575.133
-1.308997	1.812176	0.656819	146	157	120	574.884
2.094395	2.115563	0.685730	144	128	122	574.683
0.785398	1.617114	-1.572037	151	131	114	574.600
-1.047198	1.948085	-2.363031	7	141	118	574.565
-3.141593	0.685216	-1.712745	145	127	129	574.393
-0.785398	2.164094	-2.991358	148	130	136	574.344
-0.261799	0.458961	-0.107937	130	154	129	574.308
-3.141593	2.984978	1.954446	141	148	124	574.299
-1.308997	2.299159	2.264663	159	141	121	574.154
-0.261799	1.417623	-0.202254	148	147	119	574.095
-2.356194	1.736875	3.023612	154	142	113	574.072
2.356194	0.290380	-0.796960	143	133	124	573.886
-2.617994	1.256302	0.062705	11	16	118	573.833
-1.570796	1.846342	-1.796954	143	125	136	573.771
1.832596	1.909857	-0.381669	125	142	154	573.675
-1.832596	2.349581	-2.702517	156	130	124	573.241
-2.617994	1.736875	3.023612	135	130	123	573.172
0.261799	1.846342	-1.796954	138	138	115	572.985
2.617994	1.812176	0.656819	3	142	115	572.930
-2.617994	1.617114	-1.572037	146	3	115	572.762
-1.832596	1.374601	-2.456031	149	141	119	572.275
1.832596	1.904882	-1.478089	151	142	112	572.160
-1.308997	1.214854	-1.966664	130	145	125	572.156
2.356194	2.251330	-2.330739	150	137	119	572.063
-2.094395	0.619654	-2.216909	126	159	137	571.999
1.047198	0.866395	-2.492918	151	146	120	571.992
-3.141593	1.301460	-0.509251	138	158	118	571.968
0.000000	1.301460	-0.509251	153	134	117	571.954
0.000000	2.587733	0.232235	154	142	121	571.770
-3.141593	0.866955	-0.931351	137	143	125	571.750
0.000000	1.555207	1.708892	128	149	124	571.350
2.356194	1.846342	-1.796954	149	13	114	571.085
-2.094395	2.393226	1.857173	138	149	126	571.075
2.879793	2.760637	2.781135	144	126	129	570.950
-0.523599	0.290380	-0.796960	143	134	125	570.872
-2.094395	0.496451	0.593859	141	146	125	570.728
0.261799	2.592629	0.909713	159	139	123	570.725
2.617994	1.256302	0.062705	139	130	138	570.483
1.047198	0.571433	-1.188419	149	137	125	570.372
-2.094395	2.174483	2.653697	150	140	121	570.007
1.832596	2.349581	-2.702517	146	134	124	569.963
1.047198	2.063651	-2.044600	144	134	117	569.774
-0.785398	2.299159	2.264663	137	152	130	569.714
2.094395	2.396274	-1.959260	148	149	118	569.651
2.879793	1.545873	-1.877082	141	139	123	569.591
1.570796	2.041297	-2.664597	150	132	122	569.578
-2.879793	1.977582	0.969896	0	143	114	569.571
-0.785398	2.089241	-0.114193	127	137	149	569.570
-2.879793	2.187132	-0.479875	138	139	112	569.516
1.308997	2.115563	0.685730	136	135	121	569.375
1.570796	0.866395	-2.492918	155	153	116	569.251
1.308997	2.251330	-2.330739	146	140	118	569.224
-2.356194	1.909857	-0.381669	133	140	114	569.167
-1.308997	1.756530	-2.105156	131	131	152	569.120
-0.785398	1.617114	-1.572037	133	145	116	568.975
1.047198	1.836682	-0.676006	152	146	111	568.915
-2.356194	1.766067	2.153843	132	130	125	568.823
-0.523599	2.295480	1.008277	128	140	143	568.808
-2.879793	0.458961	-0.107937	138	135	130	568.802
-0.523599	0.866955	-0.931351	130	131	125	568.788
-2.617994	1.909857	-0.381669	133	143	114	568.643
-1.308997	2.379497	0.561089	140	137	124	568.557
2.356194	1.948085	-2.363031	148	133	123	568.548
-2.617994	2.115563	0.685730	6	144	116	568.535
-2.356194	1.824694	1.850876	153	137	113	568.457
-2.879793	0.961715	0.014085	11	16	119	568.427
-0.785398	1.683268	0.374177	125	139	149	568.272
2.879793	0.850607	-1.335383	140	155	123	568.209
-1.832596	1.218453	2.777284	142	147	115	567.983
1.308997	0.379747	-1.713059	146	3	122	567.857
0.523599	0.899350	-2.069907	141	132	125	567.853
0.523599	2.108018	1.311430	131	139	125	567.764
-1.047198	2.592629	0.909713	150	128	123	567.628
-1.047198	2.760637	2.781135	128	139	128	567.592
-1.570796	2.664082	-1.071402	132	154	136	567.435
1.308997	2.637879	2.121598	136	151	123	567.422
-0.261799	1.440580	2.260026	144	144	115	567.327
-1.570796	0.203748	0.590255	147	129	129	567.280
-1.308997	0.685216	-1.712745	141	142	123	567.019
0.785398	1.736875	3.023612	149	126	131	566.995
2.879793	1.812176	0.656819	4	144	115	566.919
-2.356194	1.998705	2.370472	142	140	121	566.908
-2.617994	1.741644	-2.695914	142	129	120	566.704
-0.261799	1.699788	2.452890	150	148	114	566.661
-2.094395	1.870545	-2.976234	148	135	119	566.632
2.356194	0.733948	3.021411	135	129	142	566.612
-0.523599	1.504028	0.636812	136	155	120	566.582
0.000000	1.617114	-1.572037	139	142	115	566.526
2.094395	0.709924	0.218797	148	13	123	566.113
-2.617994	1.184361	0.625864	1	15	114	566.058
1.308997	2.393226	1.857173	136	139	122	566.017
0.261799	1.134497	-1.109631	150	137	117	566.017
2.879793	1.050534	3.042579	140	146	116	565.783
2.356194	2.588535	-2.976617	134	152	126	565.658
-0.261799	1.574060	2.783565	123	137	142	565.514
2.879793	2.349581	-2.702517	5	142	118	565.494
-1.570796	1.391910	3.030322	150	142	115	565.280
-1.570796	1.824694	1.850876	128	138	140	565.274
1.570796	0.899350	-2.069907	133	153	131	565.089
-0.785398	2.174483	2.653697	156	20	115	564.974
1.308997	1.168678	2.108595	143	136	117	564.863
-2.617994	1.391910	3.030322	144	139	114	564.842
1.047198	0.619654	-2.216909	143	134	129	564.837
2.094395	1.214854	-1.966664	142	148	121	564.789
-0.523599	0.864993	2.278281	152	133	113	564.700
1.832596	2.153910	-1.714959	144	134	116	564.700
1.570796	0.203748	0.590255	144	142	122	564.686
1.308997	0.700570	1.559208	144	140	120	564.683
-1.570796	1.325504	-1.671296	131	133	155	564.496
2.094395	1.545873	-1.877082	144	1	120	564.427
0.261799	0.618092	2.539118	147	142	117	564.425
-2.617994	1.574060	2.783565	143	143	116	564.422
1.570796	0.418037	1.360082	149	135	121	564.214
-1.832596	2.592629	0.909713	138	145	122	564.204
0.785398	2.187132	-0.479875	144	126	133	563.998
2.617994	1.367556	0.358405	158	133	124	563.983
0.523599	1.433411	-1.035986	150	134	115	563.957
1.308997	2.588535	-2.976617	135	150	127	563.754
-3.141593	0.571433	-1.188419	139	154	125	563.702
2.617994	0.762244	-0.273349	143	132	131	563.638
2.094395	1.574060	2.783565	141	144	115	563.613
-1.832596	0.866395	-2.492918	129	159	132	563.518
0.261799	1.214854	-1.966664	139	140	121	563.400
-0.785398	1.721184	-0.153948	135	157	128	563.391
-3.141593	1.506530	1.988858	142	146	112	563.228
0.261799	2.251330	-2.330739	135	143	118	563.223
1.308997	1.998705	2.370472	135	147	119	563.146
-0.261799	2.404280	-0.174044	135	153	131	563.103
-1.047198	1.391910	3.030322	154	145	113	562.760
-0.523599	1.875281	0.107086	140	158	124	562.687
1.047198	1.134497	-1.109631	126	148	144	562.524
0.000000	0.733948	3.021411	153	144	113	562.386
-1.047198	1.872854	1.543456	132	31	142	561.957
0.261799	1.555207	1.708892	136	152	117	561.899
-1.570796	1.488617	1.159546	142	129	132	561.738
2.879793	1.721184	-0.153948	144	3	112	561.694
0.000000	1.766067	2.153843	133	131	145	561.494
2.879793	1.433411	-1.035986	129	16	131	561.376
-3.141593	0.370812	-2.547742	131	6	122	561.163
-2.094395	1.998705	2.370472	150	127	120	561.061
1.570796	1.696674	-1.253233	150	147	113	560.894
1.570796	1.732874	-0.951685	3	147	106	560.781
2.094395	0.571433	-1.188419	136	141	129	560.742
1.047198	1.683268	0.374177	134	135	125	560.684
1.047198	1.909857	-0.381669	129	124	142	560.681
-2.356194	2.089241	-0.114193	132	134	116	560.577
-2.617994	2.033014	2.977192	138	128	124	560.466
-0.523599	2.299159	2.264663	153	158	120	560.259
0.000000	1.977582	0.969896	140	147	118	560.231
-1.308997	1.433411	-1.035986	134	145	115	560.190
-1.047198	2.041297	-2.664597	6	146	117	560.173
2.094395	2.349581	-2.702517	130	148	126	560.100
1.832596	1.433411	-1.035986	126	141	143	560.095
-1.047198	2.343981	-1.040456	154	153	112	560.058
-0.261799	1.998705	2.370472	149	152	118	560.043
2.094395	1.413430	2.550734	146	144	114	559.947
-0.785398	1.184361	0.625864	141	151	119	559.944
-0.523599	2.588535	-2.976617	7	3	121	559.779
-1.832596	0.685216	-1.712745	124	135	138	559.732
1.570796	1.194549	-0.801900	153	149	116	559.596
-0.785398	1.998705	2.370472	136	157	129	559.575
-2.879793	0.496451	0.593859	131	144	131	559.514
2.617994	2.349581	-2.702517	142	9	117	559.400
2.617994	0.297065	2.160177	147	8	121	559.319
0.785398	0.709924	0.218797	135	143	126	559.299
0.785398	2.588535	-2.976617	124	152	135	559.248
2.879793	0.496451	0.593859	143	138	128	559.222
-0.261799	0.203748	0.590255	126	139	125	558.997
2.094395	1.135834	-1.431087	153	142	120	558.805
0.785398	1.766067	2.153843	134	144	118	558.803
1.832596	1.135813	-2.658866	150	149	116	558.744
-0.523599	2.247462	0.191623	133	128	155	558.731
2.617994	2.719179	-1.780644	117	149	146	558.481
-0.261799	1.766067	2.153843	144	150	117	558.362
-1.047198	1.168678	2.108595	152	140	112	558.334
2.879793	1.450119	-2.739050	121	18	131	558.290
1.308997	0.591903	2.010408	137	130	128	558.279
1.570796	1.014500	0.906702	151	142	117	558.274
-2.356194	1.982574	-1.115518	124	135	150	558.231
-3.141593	1.982574	-1.115518	144	150	111	558.223
-1.570796	2.073035	2.027405	140	157	131	558.201
-2.617994	1.214854	-1.966664	134	9	123	558.197
-3.141593	1.413347	-1.339188	142	149	120	557.948
2.094395	0.640596	-2.797608	146	0	118	557.903
-1.832596	1.242974	-2.977882	148	144	115	557.887
-1.308997	0.080730	-2.622036	150	141	118	557.773
0.261799	1.721184	-0.153948	120	142	137	557.763
1.570796	2.478122	2.609777	128	150	125	557.735
-2.356194	1.413430	2.550734	143	143	114	557.680
-2.356194	2.251330	-2.330739	138	129	131	557.627
-2.094395	1.450119	-2.739050	148	140	116	557.583
1.832596	1.599406	1.426070	145	143	112	557.502
-2.094395	1.699788	2.452890	153	139	114	557.443
-1.047198	2.404280	-0.174044	131	156	135	557.352
-1.832596	1.982574	-1.115518	129	138	153	557.279
-0.523599	1.413347	-1.339188	134	134	117	557.239
1.047198	2.664082	-1.071402	137	157	114	557.237
2.617994	0.419640	2.974122	137	147	123	557.151
-2.356194	0.674054	1.013609	140	142	125	557.118
2.617994	0.685216	-1.712745	132	147	128	557.035
0.000000	2.041297	-2.664597	130	139	123	556.894
2.617994	1.134497	-1.109631	130	130	141	556.876
-2.094395	2.379497	0.561089	121	130	132	556.745
-1.047198	0.496451	0.593859	131	154	124	556.708
-0.785398	1.391910	3.030322	134	149	127	556.554
2.094395	1.050534	3.042579	155	158	110	556.461
-0.523599	1.184361	0.625864	140	148	119	556.442
-0.261799	0.640596	-2.797608	142	149	121	556.438
0.785398	2.478122	2.609777	134	142	127	556.327
-2.356194	1.756530	-2.105156	145	133	125	556.201
1.570796	2.455966	-0.641220	142	154	111	556.087
-0.785398	1.218453	2.777284	135	8	121	555.959
-0.261799	2.247462	0.191623	158	142	116	555.840
1.570796	0.961715	0.014085	140	140	129	555.781
1.308997	1.741644	-2.695914	144	136	123	555.517
2.879793	0.733948	3.021411	137	146	121	555.289
-2.094395	2.704512	1.488683	116	133	136	555.000
2.879793	2.153910	-1.714959	138	14	124	554.992
1.832596	2.164094	-2.991358	133	157	122	554.723
-1.308997	2.343981	-1.040456	150	142	112	554.681
0.261799	0.733948	3.021411	135	159	130	554.580
0.000000	2.979456	-1.009304	132	138	133	554.572
-2.356194	2.456751	-1.503343	130	130	140	554.472
-2.879793	1.113094	-0.272241	134	158	121	554.471
0.000000	0.290380	-0.796960	142	152	127	554.360
-0.785398	1.824694	1.850876	156	147	112	554.333
0.523599	2.760637	2.781135	129	149	133	554.282
2.356194	0.571433	-1.188419	139	155	126	554.250
2.617994	1.756530	-2.105156	142	139	123	554.216
0.523599	1.766067	2.153843	142	155	114	554.195
-2.879793	1.545873	-1.877082	139	147	124	554.132
0.261799	1.367556	0.358405	138	153	120	554.005
2.094395	1.256302	0.062705	156	124	127	553.699
2.356194	2.108018	1.311430	142	138	117	553.343
-0.523599	0.709924	0.218797	131	157	126	553.323
-0.785398	2.295480	1.008277	150	4	120	553.321
-1.047198	1.732874	-0.951685	138	152	112	553.259
-2.094395	1.904882	-1.478089	128	133	145	553.177
-0.261799	1.506530	1.988858	153	148	109	553.170
2.617994	0.899350	-2.069907	135	147	124	553.150
2.879793	1.606104	-0.451151	151	4	109	553.144
-3.141593	2.343981	-1.040456	148	143	109	553.017
-2.617994	2.041297	-2.664597	144	126	123	552.717
-1.832596	2.407836	1.410646	129	132	133	552.682
-1.570796	1.134796	2.434290	151	146	109	552.526
1.570796	0.640596	-2.797608	157	144	120	552.456
0.523599	2.349581	-2.702517	142	138	118	552.442
0.000000	1.809167	1.213774	147	128	139	552.408
1.832596	0.640596	-2.797608	145	156	120	552.286
1.570796	1.184361	0.625864	150	130	118	552.066
-0.261799	1.869911	2.701025	141	147	122	551.922
1.308997	1.504028	0.636812	142	135	119	551.828
2.356194	2.164094	-2.991358	134	146	120	551.713
1.308997	2.104282	-0.813972	152	155	107	551.521
-0.523599	1.555207	1.708892	150	151	110	551.463
-2.356194	0.866955	-0.931351	140	5	119	551.357
-0.785398	2.393226	1.857173	141	131	129	551.314
-1.832596	1.014500	0.906702	143	6	118	551.310
-1.308997	0.458961	-0.107937	138	127	127	551.242
1.832596	2.041297	-2.664597	135	155	122	551.168
-1.832596	2.637879	2.121598	129	142	130	550.873
2.879793	1.488617	1.159546	156	153	113	550.796
0.000000	1.574060	2.783565	125	134	142	550.732
2.879793	1.025536	1.576859	134	24	127	550.524
1.832596	0.992645	-1.723759	147	3	121	550.421
-2.356194	1.809167	1.213774	154	141	116	550.383
2.879793	1.569311	-3.003978	140	143	116	550.349
1.047198	0.831641	0.616218	140	133	121	550.250
0.000000	1.869911	2.701025	135	132	134	550.238
1.570796	1.554776	0.100351	145	152	122	550.190
0.261799	2.138223	1.678323	138	155	119	549.967
2.094395	1.218453	2.777284	148	149	114	549.892
1.308997	0.960688	-0.577532	138	134	131	549.817
1.832596	0.709924	0.218797	148	126	125	549.721
1.832596	1.545873	-1.877082	144	159	120	549.605
0.523599	2.704512	1.488683	130	148	128	549.582
-3.141593	2.115563	0.685730	4	140	116	549.561
-1.832596	0.762244	-0.273349	131	135	127	549.557
1.047198	1.870545	-2.976234	149	126	127	549.548
1.570796	1.413430	2.550734	145	143	114	549.466
-3.141593	1.812176	0.656819	4	146	115	549.433
1.570796	1.617114	-1.572037	152	141	114	549.340
-3.141593	0.379747	-1.713059	135	153	125	549.209
0.261799	1.450119	-2.739050	135	136	128	549.191
0.785398	2.251330	-2.330739	141	141	118	549.163
1.832596	2.115563	0.685730	141	134	122	549.125
0.000000	1.872854	1.543456	126	145	129	548.824
2.094395	1.875281	0.107086	142	123	135	548.803
2.094395	1.846342	-1.796954	148	15	114	548.733
2.356194	1.756530	-2.105156	147	138	120	548.682
0.000000	1.998705	2.370472	140	158	119	548.596
-0.523599	1.050534	3.042579	130	16	133	548.556
-0.261799	1.872854	1.543456	129	136	142	548.511
0.261799	1.809167	1.213774	147	139	116	548.475
0.000000	1.247695	1.809890	140	147	114	548.459
-3.141593	1.335669	0.897240	0	156	114	548.431
-0.523599	1.218453	2.777284	134	6	123	548.299
1.570796	2.719179	-1.780644	143	144	114	548.295
-2.356194	1.569311	-3.003978	148	141	115	548.187
-3.141593	0.850607	-1.335383	139	150	124	548.083
-1.570796	2.187132	-0.479875	154	144	110	548.062
1.832596	1.218453	2.777284	148	151	114	547.965
2.356194	0.615174	-0.666022	137	154	127	547.938
-1.047198	0.297065	2.160177	135	138	121	547.820
1.832596	1.662363	0.915448	147	141	116	547.552
2.617994	1.195355	1.200319	128	150	135	547.495
-1.832596	1.699788	2.452890	152	145	114	547.477
-1.570796	2.295480	1.008277	141	134	125	547.261
-2.879793	1.433411	-1.035986	132	129	135	547.118
1.832596	1.617114	-1.572037	137	5	125	547.108
1.570796	1.875281	0.107086	145	123	128	547.100
0.523599	0.762244	-0.273349	126	144	132	547.042
2.094395	2.356369	3.005869	134	145	122	546.996
2.094395	1.374601	-2.456031	145	148	118	546.947
-1.570796	1.168678	2.108595	149	147	110	546.676
0.785398	1.875281	0.107086	127	137	131	546.649
-2.094395	2.164094	-2.991358	152	138	121	546.607
0.261799	1.045978	0.343692	140	150	119	546.541
1.047198	1.504028	0.636812	139	139	120	546.489
0.785398	1.134497	-1.109631	140	29	134	546.410
-0.785398	1.367556	0.358405	136	1	124	546.302
-2.879793	2.251330	-2.330739	121	131	138	546.234
-1.832596	2.379497	0.561089	140	136	122	546.169
1.047198	1.168678	2.108595	154	148	109	546.135
1.570796	2.396274	-1.959260	130	15	130	546.116
1.832596	1.721184	-0.153948	125	142	153	546.115
-2.356194	1.433411	-1.035986	139	151	115	546.095
-0.785398	2.001437	0.381215	154	144	121	546.055
-1.047198	2.138223	1.678323	138	158	128	546.008
-2.356194	1.555207	1.708892	150	143	110	546.008
2.879793	1.555207	1.708892	145	154	115	545.945
-3.141593	1.014500	0.906702	152	146	118	545.928
-1.308997	1.506530	1.988858	127	135	144	545.881
-0.523599	1.214854	-1.966664	133	132	124	545.832
2.094395	1.335669	0.897240	155	142	116	545.612
-1.047198	2.174483	2.653697	0	155	118	545.415
-2.356194	1.812176	0.656819	2	151	115	545.385
1.047198	2.153910	-1.714959	143	141	113	545.342
-0.261799	1.448123	-2.163292	133	143	121	545.329
0.785398	2.174483	2.653697	136	158	120	545.327
0.000000	0.203748	0.590255	128	135	125	545.326
1.832596	1.699788	2.452890	144	139	115	545.244
1.047198	1.812176	0.656819	134	141	121	545.073
2.356194	0.419640	2.974122	147	129	134	544.844
2.094395	1.741644	-2.695914	138	0	118	544.788
-2.356194	2.407836	1.410646	130	145	128	544.777
0.000000	0.640596	-2.797608	144	149	121	544.721
-2.356194	1.325504	-1.671296	141	5	120	544.511
0.523599	0.615174	-0.666022	134	151	129	544.437
2.617994	1.184361	0.625864	133	150	128	544.394
2.356194	0.762244	-0.273349	141	138	131	544.232
-2.879793	0.203748	0.590255	144	133	129	544.214
-1.308997	1.824694	1.850876	138	26	132	544.202
-1.308997	1.488617	1.159546	125	140	144	544.196
-0.785398	1.504028	0.636812	124	138	148	544.193
0.785398	0.700570	1.559208	132	135	126	544.075
-0.785398	0.850607	-1.335383	135	146	121	543.913
2.617994	0.910508	1.903534	129	130	147	543.887
2.617994	0.914445	2.687814	141	152	116	543.737
-1.570796	0.864993	2.278281	140	146	115	543.704
-3.141593	1.433411	-1.035986	145	157	116	543.634
0.785398	0.910508	1.903534	149	142	113	543.630
0.523599	1.506530	1.988858	133	140	119	543.615
-2.094395	0.899350	-2.069907	143	143	121	543.541
-2.094395	2.455966	-0.641220	125	133	149	543.519
-2.094395	1.756530	-2.105156	148	3	116	543.422
2.617994	1.450119	-2.739050	123	24	130	543.350
1.832596	0.910508	1.903534	156	155	111	543.152
-0.523599	1.440580	2.260026	130	14	127	543.046
-0.523599	2.664082	-1.071402	152	151	113	542.977
1.832596	2.180315	-1.357379	147	148	111	542.878
1.570796	0.906588	1.252948	140	137	122	542.665
-2.094395	0.571433	-1.188419	141	140	124	542.568
2.094395	0.914445	2.687814	145	159	116	542.459
0.000000	1.134796	2.434290	141	149	117	542.385
-2.356194	2.760637	2.781135	146	0	120	542.366
0.523599	2.456751	-1.503343	138	150	112	542.266
-2.094395	1.510910	-0.740472	136	156	114	542.059
-0.785398	2.664082	-1.071402	148	147	118	541.908
2.617994	0.929350	-2.910676	121	148	131	541.875
2.617994	1.574060	2.783565	139	139	116	541.870
1.308997	1.134796	2.434290	151	148	112	541.808
-2.356194	0.370812	-2.547742	136	151	121	541.799
2.617994	2.089241	-0.114193	143	2	111	541.706
-2.617994	2.588535	-2.976617	154	157	119	541.574
-1.047198	1.045978	0.343692	137	2	125	541.535
1.308997	0.297065	2.160177	156	141	119	541.400
1.308997	2.455966	-0.641220	143	155	111	541.374
2.094395	2.984978	1.954446	1	0	117	541.322
2.879793	1.417623	-0.202254	140	2	117	541.145
-2.094395	1.391910	3.030322	151	152	111	540.970
-3.141593	1.367556	0.358405	9	8	115	540.916
0.261799	0.080730	-2.622036	140	136	128	540.776
-3.141593	2.299159	2.264663	138	136	121	540.503
-2.356194	2.153910	-1.714959	154	153	111	540.489
2.356194	0.906588	1.252948	153	144	116	540.393
0.000000	1.699788	2.452890	133	132	141	540.390
-1.047198	0.866955	-0.931351	126	133	125	540.273
-2.356194	0.864993	2.278281	137	149	114	540.249
1.832596	2.187132	-0.479875	149	159	108	540.210
1.570796	1.870545	-2.976234	140	0	118	540.081
2.356194	0.850607	-1.335383	140	152	123	539.901
-2.617994	2.637879	2.121598	133	153	129	539.860
-0.261799	0.866395	-2.492918	146	148	119	539.721
2.617994	1.732874	-0.951685	152	146	112	539.670
0.261799	2.089241	-0.114193	133	150	129	539.348
2.879793	0.910508	1.903534	132	126	147	539.340
-3.141593	1.391910	3.030322	132	142	120	539.220
-2.617994	1.824694	1.850876	150	139	113	539.218
-3.141593	0.496451	0.593859	135	152	127	539.161
1.832596	1.301460	-0.509251	10	0	110	539.136
-1.047198	0.899350	-2.069907	133	135	128	539.054
1.570796	1.128190	-2.288622	151	156	117	539.006
0.261799	2.588535	-2.976617	136	135	120	538.984
1.832596	0.080730	-2.622036	139	152	124	538.956
-3.141593	0.290380	-0.796960	137	1	125	538.921
2.617994	1.214854	-1.966664	142	144	121	538.883
2.617994	1.135813	-2.658866	124	24	129	538.832
1.832596	1.194549	-0.801900	148	152	119	538.762
1.047198	1.195355	1.200319	143	134	113	538.671
2.094395	0.419640	2.974122	146	5	119	538.571
2.356194	1.732874	-0.951685	133	10	125	538.360
2.094395	0.850607	-1.335383	142	155	123	538.335
-0.261799	2.138223	1.678323	148	3	116	538.273
-2.879793	0.831641	0.616218	1	18	116	538.244
-0.261799	0.290380	-0.796960	146	133	125	538.015
-2.879793	1.134497	-1.109631	130	134	132	537.547
-1.832596	1.128190	-2.288622	147	143	119	537.541
0.000000	2.407836	1.410646	126	135	142	537.481
-0.523599	2.138223	1.678323	133	156	128	537.475
-1.832596	1.545873	-1.877082	139	156	117	537.384
-0.261799	0.619654	-2.216909	137	140	127	537.372
1.308997	0.674054	1.013609	137	136	124	537.312
-1.047198	2.587733	0.232235	136	151	131	537.090
0.523599	2.180315	-1.357379	137	137	113	537.079
-0.261799	1.824694	1.850876	143	145	119	536.976
-0.523599	2.108018	1.311430	128	139	141	536.959
-1.308997	1.448123	-2.163292	144	130	129	536.912
-0.261799	0.709924	0.218797	131	143	125	536.893
-1.832596	2.108018	1.311430	129	134	132	536.789
1.570796	0.080730	-2.622036	149	153	120	536.696
-3.141593	2.251330	-2.330739	138	137	125	536.571
2.094395	0.496451	0.593859	133	147	134	536.542
-0.261799	2.187132	-0.479875	158	144	110	536.509
-0.261799	1.218453	2.777284	126	133	145	536.437
-1.570796	0.419640	2.974122	139	137	118	536.433
1.308997	1.812176	0.656819	139	137	121	536.314
1.047198	0.961715	0.014085	127	131	133	536.289
0.261799	1.256302	0.062705	129	140	128	536.219
-3.141593	1.510910	-0.740472	147	151	114	536.141
-1.308997	1.545873	-1.877082	0	130	123	536.031
1.047198	2.356369	3.005869	145	132	127	535.986
1.047198	1.050534	3.042579	151	150	115	535.905
2.094395	1.696674	-1.253233	135	8	125	535.720
-2.356194	2.180315	-1.357379	147	148	112	535.664
-2.617994	0.203748	0.590255	136	151	128	535.619
1.308997	1.050534	3.042579	150	149	115	535.560
-0.785398	1.510910	-0.740472	138	144	114	535.508
0.785398	0.866395	-2.492918	151	147	120	535.389
0.523599	2.393226	1.857173	132	154	124	535.252
2.356194	1.391910	3.030322	147	152	111	535.246
1.308997	2.881233	-2.582574	143	133	119	535.190
-1.832596	2.724429	-0.348782	125	137	148	535.149
1.308997	1.448123	-2.163292	149	138	121	535.027
1.308997	1.977582	0.969896	138	142	117	535.000
-1.832596	1.812176	0.656819	140	139	123	534.990
1.047198	0.866955	-0.931351	129	137	137	534.938
-2.356194	1.870545	-2.976234	152	137	116	534.922
2.617994	0.618092	2.539118	141	0	118	534.883
2.356194	0.674054	1.013609	156	142	118	534.824
-2.879793	2.356369	3.005869	131	155	127	534.711
-0.261799	0.929350	-2.910676	127	128	141	534.698
-0.523599	0.831641	0.616218	136	142	121	534.430
-1.047198	2.637879	2.121598	149	30	129	534.425
-1.832596	2.138223	1.678323	135	147	133	534.412
1.832596	1.809167	1.213774	142	138	116	534.393
0.000000	2.404280	-0.174044	155	150	114	534.392
2.094395	2.724429	-0.348782	136	155	115	534.350
1.047198	1.450119	-2.739050	149	155	116	534.264
-0.523599	2.001437	0.381215	158	132	119	534.173
-0.261799	2.478122	2.609777	132	132	129	534.068
-2.879793	1.696674	-1.253233	147	151	112	534.008
-3.141593	2.456751	-1.503343	124	16	141	534.002
-2.356194	0.762244	-0.273349	9	22	122	533.951
1.047198	1.545873	-1.877082	153	124	118	533.938
1.570796	1.658653	-2.409879	149	2	115	533.883
2.879793	2.299159	2.264663	135	143	121	533.846
-2.879793	2.115563	0.685730	5	142	116	533.822
-2.879793	1.195355	1.200319	156	147	112	533.819
-2.094395	1.846342	-1.796954	144	130	128	533.788
-1.570796	1.904882	-1.478089	130	136	153	533.513
-3.141593	1.504028	0.636812	5	151	115	533.034
2.879793	1.045978	0.343692	127	130	145	532.994
-2.094395	1.599406	1.426070	145	142	116	532.967
1.832596	1.134796	2.434290	153	151	110	532.905
2.356194	1.050534	3.042579	146	150	115	532.801
-2.879793	0.850607	-1.335383	143	145	121	532.789
2.356194	2.984978	1.954446	136	149	128	532.781
2.356194	1.736875	3.023612	121	149	129	532.700
-2.094395	1.195355	1.200319	145	157	114	532.579
-0.785398	0.899350	-2.069907	127	140	130	532.543
-2.617994	1.696674	-1.253233	145	148	113	532.525
1.832596	1.606104	-0.451151	124	142	151	532.427
-1.047198	1.658653	-2.409879	132	152	122	532.363
-2.617994	1.812176	0.656819	3	150	114	532.235
2.879793	1.977582	0.969896	158	142	114	532.138
0.785398	0.914445	2.687814	150	142	115	532.104
1.308997	1.417623	-0.202254	137	125	134	532.100
-2.094395	1.696674	-1.253233	126	133	149	532.078
-3.141593	1.836682	-0.676006	140	150	112	531.991
-2.356194	2.379497	0.561089	118	136	132	531.954
1.047198	0.929350	-2.910676	154	150	116	531.901
-2.879793	1.555207	1.708892	148	148	111	531.822
1.570796	1.977582	0.969896	140	137	117	531.811
0.000000	1.721184	-0.153948	134	144	129	531.717
2.879793	2.343981	-1.040456	147	145	110	531.507
-3.141593	1.488617	1.159546	137	144	126	531.431
2.094395	1.599406	1.426070	147	142	111	531.410
2.356194	1.135834	-1.431087	139	151	124	531.358
2.879793	2.295480	1.008277	156	136	116	531.205
1.308997	2.719179	-1.780644	141	148	113	530.985
0.785398	2.073035	2.027405	129	147	123	530.969
-2.094395	0.733948	3.021411	142	143	114	530.844
2.356194	0.709924	0.218797	137	127	135	530.840
-2.879793	2.760637	2.781135	156	0	118	530.764
-1.570796	1.699788	2.452890	155	147	114	530.664
2.617994	1.736875	3.023612	142	141	114	530.646
-1.570796	1.506530	1.988858	158	150	108	530.593
-1.047198	1.824694	1.850876	156	146	112	530.568
2.356194	1.374601	-2.456031	144	145	118	530.467
1.570796	0.370812	-2.547742	150	2	118	530.279
0.523599	1.242974	-2.977882	134	131	131	530.193
-2.356194	0.914445	2.687814	135	146	118	530.047
1.570796	2.251330	-2.330739	135	134	128	529.982
0.261799	2.404280	-0.174044	153	151	113	529.973
-0.261799	1.545873	-1.877082	136	146	117	529.970
-3.141593	1.809167	1.213774	154	146	113	529.956
-3.141593	1.948085	-2.363031	2	150	115	529.901
-0.785398	2.115563	0.685730	130	38	139	529.768
1.308997	2.404280	-0.174044	132	30	128	529.633
-0.261799	2.115563	0.685730	130	129	157	529.625
0.000000	1.506530	1.988858	134	129	150	529.604
0.261799	0.290380	-0.796960	141	150	125	529.534
-1.832596	1.135834	-1.431087	150	137	120	529.510
1.570796	1.256302	0.062705	144	125	128	529.328
0.000000	2.001437	0.381215	132	0	125	529.278
-2.356194	1.606104	-0.451151	129	146	116	529.260
-1.308997	1.696674	-1.253233	139	152	113	529.040
-1.570796	0.370812	-2.547742	138	136	123	528.977
2.879793	2.719179	-1.780644	119	138	143	528.535
-2.617994	2.153910	-1.714959	155	155	111	528.459
2.356194	1.242974	-2.977882	145	157	114	528.349
2.356194	2.187132	-0.479875	146	149	110	528.125
-1.570796	1.599406	1.426070	128	130	141	527.935
-0.523599	2.073035	2.027405	153	156	116	527.908
2.094395	2.041297	-2.664597	142	21	114	527.898
2.094395	2.592629	0.909713	143	138	122	527.895
-1.832596	2.104282	-0.813972	127	137	154	527.869
-2.879793	0.866395	-2.492918	135	150	120	527.825
0.000000	1.025536	1.576859	123	141	127	527.811
2.094395	1.869911	2.701025	140	142	115	527.800
1.832596	1.736875	3.023612	142	153	115	527.790
-1.308997	1.413430	2.550734	135	27	136	527.752
-2.094395	2.588535	-2.976617	149	154	120	527.724
2.617994	1.025536	1.576859	156	147	110	527.724
1.047198	2.104282	-0.813972	150	150	109	527.477
-2.094395	2.089241	-0.114193	134	130	117	527.476
-0.523599	0.929350	-2.910676	122	12	141	527.472
-2.879793	2.153910	-1.714959	134	129	131	527.416
0.261799	1.135834	-1.431087	145	137	119	527.378
0.523599	0.733948	3.021411	134	156	133	527.295
-0.261799	2.356369	3.005869	128	138	127	527.265
0.261799	2.724429	-0.348782	148	146	120	527.201
0.523599	0.496451	0.593859	138	143	122	527.192
1.047198	0.914445	2.687814	151	140	115	527.144
-1.570796	1.812176	0.656819	142	137	124	527.052
0.261799	1.440580	2.260026	143	143	115	526.985
-2.617994	0.762244	-0.273349	142	153	118	526.968
-3.141593	0.458961	-0.107937	143	148	125	526.956
0.261799	1.554776	0.100351	132	138	127	526.877
-1.308997	1.168678	2.108595	150	143	111	526.872
-0.523599	0.080730	-2.622036	141	144	124	526.804
-2.879793	1.909857	-0.381669	134	146	113	526.522
1.832596	1.391910	3.030322	144	153	116	526.469
2.879793	1.335669	0.897240	151	142	119	526.465
2.094395	0.080730	-2.622036	140	156	122	526.443
-2.879793	1.658653	-2.409879	133	135	124	526.440
-2.879793	1.998705	2.370472	136	132	121	526.430
2.879793	1.736875	3.023612	144	138	114	526.387
0.261799	0.910508	1.903534	144	137	114	526.371
-1.047198	1.214854	-1.966664	130	141	125	526.353
0.000000	2.760637	2.781135	135	132	124	526.343
-0.261799	1.135834	-1.431087	136	142	120	526.049
0.785398	0.640596	-2.797608	150	150	119	525.900
2.617994	1.045978	0.343692	157	135	123	525.827
1.570796	2.349581	-2.702517	158	140	116	525.768
1.308997	1.809167	1.213774	136	141	115	525.672
2.356194	1.014500	0.906702	155	148	118	525.647
-3.141593	2.396274	-1.959260	139	130	128	525.633
1.570796	2.704512	1.488683	6	148	121	525.599
1.308997	1.756530	-2.105156	145	144	119	525.456
2.617994	1.510910	-0.740472	150	155	113	525.423
-1.832596	2.393226	1.857173	139	1	125	525.344
-3.141593	2.478122	2.609777	136	144	123	525.290
-2.617994	2.164094	-2.991358	147	133	121	525.276
-2.356194	0.961715	0.014085	8	20	119	525.254
-1.570796	1.998705	2.370472	135	158	135	525.248
0.523599	2.637879	2.121598	133	159	126	525.247
1.832596	0.864993	2.278281	136	141	125	525.238
2.879793	1.218453	2.777284	147	141	113	525.111
0.523599	0.866955	-0.931351	152	137	117	524.825
-1.570796	0.709924	0.218797	145	148	121	524.772
-2.617994	0.419640	2.974122	129	22	121	524.747
-1.570796	1.184361	0.625864	152	12	113	524.464
2.094395	1.982574	-1.115518	143	144	114	524.450
-1.308997	2.115563	0.685730	145	139	123	524.330
1.308997	0.615174	-0.666022	138	134	129	524.274
2.617994	0.961715	0.014085	139	124	139	524.124
1.308997	1.846342	-1.796954	152	137	115	524.118
-0.523599	2.089241	-0.114193	0	137	112	524.076
-3.141593	0.615174	-0.666022	134	148	128	524.069
1.047198	1.247695	1.809890	151	150	110	523.791
-2.356194	1.696674	-1.253233	124	135	148	523.761
2.879793	1.135834	-1.431087	145	154	120	523.653
-1.308997	2.979456	-1.009304	146	125	137	523.638
2.617994	1.417623	-0.202254	139	2	119	523.558
-2.617994	1.977582	0.969896	0	143	114	523.486
2.094395	1.555207	1.708892	143	150	111	523.484
-2.094395	1.824694	1.850876	155	135	112	523.475
2.617994	0.733948	3.021411	149	153	114	523.443
-1.832596	2.187132	-0.479875	149	142	111	523.426
1.047198	0.419640	2.974122	136	152	132	523.393
-2.356194	0.458961	-0.107937	135	146	126	523.317
-1.308997	1.391910	3.030322	137	143	123	523.276
-2.094395	1.218453	2.777284	143	147	114	522.923
0.785398	1.113094	-0.272241	134	137	130	522.746
2.879793	0.591903	2.010408	145	128	136	522.685
1.570796	1.510910	-0.740472	1	141	112	522.482
2.094395	0.618092	2.539118	149	1	117	522.463
0.523599	2.063651	-2.044600	139	135	115	522.460
2.356194	0.831641	0.616218	131	139	137	522.419
-2.879793	2.979456	-1.009304	126	20	140	522.269
-3.141593	2.041297	-2.664597	137	129	124	522.212
-1.832596	1.766067	2.153843	137	132	126	522.212
-2.617994	0.992645	-1.723759	130	9	127	522.193
-2.094395	2.104282	-0.813972	125	131	149	522.081
-0.523599	0.615174	-0.666022	138	33	132	521.748
1.832596	0.615174	-0.666022	133	141	130	521.548
2.356194	2.704512	1.488683	142	134	122	521.480
2.356194	0.866955	-0.931351	129	134	136	521.390
-1.832596	2.760637	2.781135	140	152	123	521.320
0.523599	1.050534	3.042579	143	140	119	521.242
2.094395	1.391910	3.030322	149	153	111	521.209
-1.308997	2.984978	1.954446	132	148	122	521.180
2.879793	2.407836	1.410646	147	137	118	521.130
-1.047198	1.256302	0.062705	130	158	131	521.045
-2.356194	1.617114	-1.572037	131	129	135	521.013
2.879793	2.396274	-1.959260	121	137	139	520.905
0.000000	1.545873	-1.877082	137	144	118	520.482
1.308997	1.450119	-2.739050	148	153	116	520.448
0.523599	0.080730	-2.622036	153	149	120	520.440
1.047198	0.899350	-2.069907	155	0	116	520.336
1.570796	2.579248	-2.364801	150	134	116	520.049
1.570796	1.310100	1.488307	151	136	108	519.616
-2.094395	1.440580	2.260026	149	139	111	519.489
2.879793	1.504028	0.636812	157	137	120	519.437
2.617994	1.440580	2.260026	152	135	114	519.258
2.879793	1.599406	1.426070	151	151	113	519.223
0.523599	1.367556	0.358405	152	6	115	519.108
2.094395	1.045978	0.343692	150	130	123	519.028
2.879793	1.310100	1.488307	152	157	111	518.751
-1.832596	2.704512	1.488683	133	144	124	518.716
0.261799	2.407836	1.410646	132	148	126	518.618
-0.523599	1.809167	1.213774	126	137	144	518.465
2.879793	2.404280	-0.174044	136	146	115	518.312
-1.570796	1.335669	0.897240	139	134	130	518.194
0.523599	2.153910	-1.714959	139	142	113	518.099
2.879793	1.756530	-2.105156	143	135	122	518.050
2.356194	1.875281	0.107086	158	131	127	518.032
0.261799	1.683268	0.374177	125	144	126	517.910
1.832596	1.045978	0.343692	135	127	132	517.884
0.785398	1.433411	-1.035986	153	135	114	517.808
1.047198	0.615174	-0.666022	137	155	128	517.765
0.785398	2.138223	1.678323	136	144	120	517.735
-0.785398	0.864993	2.278281	140	140	116	517.723
-0.523599	1.977582	0.969896	126	138	144	517.691
0.523599	1.128190	-2.288622	148	148	119	517.576
2.356194	1.184361	0.625864	155	130	120	517.366
-1.308997	2.138223	1.678323	144	138	124	517.311
-1.570796	1.413430	2.550734	150	150	113	517.302
-3.141593	2.356369	3.005869	144	149	118	517.236
0.261799	2.881233	-2.582574	133	148	120	517.133
-0.785398	2.379497	0.561089	147	139	124	516.811
-0.523599	0.762244	-0.273349	145	139	122	516.746
2.094395	2.760637	2.781135	134	151	127	516.625
2.617994	2.115563	0.685730	0	138	116	516.624
-0.785398	1.741644	-2.695914	129	149	125	516.579
-1.308997	2.637879	2.121598	21	17	120	516.513
-1.832596	0.674054	1.013609	143	7	117	516.504
1.832596	0.733948	3.021411	145	149	119	516.402
1.047198	1.417623	-0.202254	150	147	120	516.374
-2.617994	0.685216	-1.712745	139	145	122	516.226
-1.308997	1.846342	-1.796954	3	130	125	516.222
-2.617994	1.310100	1.488307	150	152	110	516.149
2.617994	1.391910	3.030322	123	146	126	516.111
-1.570796	0.297065	2.160177	131	142	123	516.089
-0.523599	0.496451	0.593859	130	147	124	516.062
-3.141593	1.756530	-2.105156	141	149	121	516.043
1.570796	1.448123	-2.163292	143	156	122	516.031
0.785398	1.555207	1.708892	144	152	110	515.973
2.094395	0.733948	3.021411	144	147	119	515.931
0.261799	1.128190	-2.288622	140	142	122	515.892
0.000000	1.417623	-0.202254	133	143	129	515.837
1.832596	1.413430	2.550734	145	147	113	515.757
-0.523599	1.134796	2.434290	129	10	124	515.717
2.356194	2.343981	-1.040456	130	16	123	515.580
0.523599	1.824694	1.850876	139	154	116	515.431
0.000000	1.391910	3.030322	137	6	124	515.280
-2.879793	0.379747	-1.713059	134	148	125	515.229
0.523599	0.961715	0.014085	136	142	124	515.079
-2.617994	1.134497	-1.109631	132	130	133	515.076
1.047198	1.413347	-1.339188	145	137	118	515.020
-2.879793	1.606104	-0.451151	134	154	115	514.969
1.308997	1.606104	-0.451151	157	150	113	514.914
0.785398	1.242974	-2.977882	143	142	119	514.753
1.308997	2.979456	-1.009304	134	153	117	514.705
1.570796	1.218453	2.777284	151	157	113	514.478
1.308997	1.488617	1.159546	142	140	113	514.385
-3.141593	0.419640	2.974122	136	142	122	514.358
2.094395	2.180315	-1.357379	154	148	107	514.294
-2.094395	1.325504	-1.671296	134	148	122	514.268
-1.047198	1.134497	-1.109631	129	139	120	514.260
1.047198	1.367556	0.358405	158	158	115	514.105
-1.047198	1.335669	0.897240	146	153	114	514.078
-2.356194	1.374601	-2.456031	136	10	120	513.958
-2.879793	1.256302	0.062705	12	13	118	513.884
1.832596	0.370812	-2.547742	148	4	119	513.881
-1.832596	2.089241	-0.114193	138	128	116	513.642
-2.356194	1.904882	-1.478089	146	155	113	513.598
-1.570796	0.496451	0.593859	131	0	126	513.404
1.832596	0.866395	-2.492918	151	149	119	513.394
-2.617994	1.374601	-2.456031	134	13	120	513.158
2.617994	0.866395	-2.492918	124	24	130	513.116
-3.141593	1.128190	-2.288622	132	147	122	513.080
1.570796	1.335669	0.897240	148	134	116	513.023
2.356194	1.450119	-2.739050	147	141	117	512.966
0.785398	2.407836	1.410646	131	140	126	512.943
-1.047198	1.662363	0.915448	134	132	137	512.920
0.785398	0.080730	-2.622036	155	155	120	512.890
2.094395	0.960688	-0.577532	140	135	130	512.823
-1.570796	1.732874	-0.951685	138	151	111	512.522
-1.570796	0.850607	-1.335383	145	135	122	512.440
-0.261799	1.683268	0.374177	131	154	124	512.433
-2.879793	1.756530	-2.105156	2	154	112	512.414
-1.047198	0.615174	-0.666022	137	132	123	512.327
-3.141593	1.374601	-2.456031	133	143	121	512.298
-1.832596	1.736875	3.023612	145	132	121	512.214
-0.785398	0.418037	1.360082	135	144	117	511.910
-2.617994	1.194549	-0.801900	139	5	117	511.847
-1.047198	2.588535	-2.976617	144	155	119	511.827
2.356194	2.153910	-1.714959	144	141	116	511.805
-0.523599	2.164094	-2.991358	129	143	124	511.570
-3.141593	1.696674	-1.253233	152	157	111	511.550
-0.261799	0.674054	1.013609	135	144	116	511.503
-3.141593	1.113094	-0.272241	135	158	122	511.469
2.356194	0.961715	0.014085	139	131	133	511.436
-0.785398	1.050534	3.042579	129	15	134	511.261
-2.356194	0.418037	1.360082	142	7	119	511.238
-2.356194	2.164094	-2.991358	150	159	118	511.226
-0.523599	0.961715	0.014085	132	2	128	511.210
2.356194	1.617114	-1.572037	148	20	115	511.175
0.785398	1.506530	1.988858	146	151	111	511.156
0.523599	2.379497	0.561089	128	141	126	511.011
0.261799	1.998705	2.370472	136	156	119	510.994
-2.094395	1.488617	1.159546	140	132	129	510.991
1.308997	1.134497	-1.109631	137	13	128	510.982
0.523599	2.588535	-2.976617	124	0	137	510.944
2.094395	1.721184	-0.153948	149	5	114	510.877
-0.261799	1.134796	2.434290	130	6	125	510.849
-1.832596	0.379747	-1.713059	125	145	136	510.782
-1.047198	1.574060	2.783565	153	148	115	510.779
2.879793	0.297065	2.160177	150	152	120	510.531
0.523599	1.440580	2.260026	139	141	116	510.295
-2.879793	2.108018	1.311430	154	139	115	510.294
0.785398	2.063651	-2.044600	147	142	113	510.289
-3.141593	1.872854	1.543456	148	146	116	510.229
-0.523599	1.554776	0.100351	138	156	123	510.163
-1.308997	1.335669	0.897240	141	132	130	510.135
1.832596	1.168678	2.108595	155	145	110	510.118
-1.832596	1.134497	-1.109631	134	159	118	510.075
-1.570796	0.992645	-1.723759	129	154	125	509.986
-2.356194	1.869911	2.701025	149	131	118	509.960
2.356194	2.455966	-0.641220	143	141	112	509.883
-2.617994	1.662363	0.915448	158	150	114	509.866
0.000000	1.045978	0.343692	138	151	119	509.741
0.785398	0.297065	2.160177	150	137	119	509.717
1.832596	2.478122	2.609777	132	142	125	509.585
2.094395	2.343981	-1.040456	148	137	110	509.490
1.308997	0.914445	2.687814	152	144	116	509.482
-0.261799	1.662363	0.915448	139	153	116	509.408
2.617994	2.108018	1.311430	149	144	114	509.318
-2.356194	1.014500	0.906702	150	155	116	509.249
1.047198	1.184361	0.625864	136	131	121	509.164
1.308997	1.310100	1.488307	150	136	108	509.153
1.570796	2.063651	-2.044600	134	13	125	509.121
0.785398	0.831641	0.616218	135	132	122	509.016
-3.141593	0.700570	1.559208	130	127	143	508.976
2.094395	0.910508	1.903534	153	156	111	508.814
-2.356194	2.033014	2.977192	142	125	124	508.803
-2.617994	1.836682	-0.676006	136	147	113	508.790
-1.047198	0.618092	2.539118	139	147	118	508.640
-0.261799	1.413430	2.550734	128	134	143	508.593
1.570796	1.135834	-1.431087	152	140	119	508.559
0.000000	2.724429	-0.348782	151	145	119	508.546
-3.141593	1.417623	-0.202254	138	1	116	508.392
1.570796	1.504028	0.636812	145	135	119	508.258
1.570796	0.496451	0.593859	131	129	131	508.137
-2.356194	0.640596	-2.797608	138	138	118	508.081
0.261799	0.496451	0.593859	130	135	123	508.072
2.356194	1.998705	2.370472	128	153	121	507.987
0.785398	2.089241	-0.114193	125	136	136	507.969
1.570796	1.766067	2.153843	143	132	117	507.937
-1.047198	1.554776	0.100351	127	140	135	507.910
-2.879793	1.301460	-0.509251	134	155	118	507.790
0.261799	1.545873	-1.877082	139	136	117	507.777
-1.570796	1.504028	0.636812	157	13	112	507.767
0.000000	2.664082	-1.071402	133	132	134	507.757
-2.356194	1.450119	-2.739050	144	143	118	507.632
2.356194	1.195355	1.200319	149	138	116	507.505
-0.261799	2.579248	-2.364801	117	139	130	507.500
-0.785398	0.929350	-2.910676	122	18	141	507.359
2.356194	1.247695	1.809890	147	158	111	507.240
-3.141593	2.247462	0.191623	134	155	116	507.194
-1.832596	1.135813	-2.658866	132	1	128	507.176
-0.523599	0.640596	-2.797608	143	152	120	507.172
-2.617994	0.080730	-2.622036	144	138	119	507.116
-3.141593	1.256302	0.062705	128	128	146	506.937
1.047198	1.721184	-0.153948	129	125	137	506.878
0.523599	0.709924	0.218797	132	144	125	506.871
-1.832596	0.864993	2.278281	141	142	114	506.853
0.261799	0.297065	2.160177	144	141	119	506.801
-2.617994	0.619654	-2.216909	136	144	123	506.553
1.832596	0.929350	-2.910676	140	153	120	506.512
0.523599	1.194549	-0.801900	152	131	119	506.261
2.879793	2.356369	3.005869	139	133	122	506.208
-2.094395	0.418037	1.360082	139	8	118	506.164
-3.141593	0.591903	2.010408	148	127	136	505.981
1.832596	2.984978	1.954446	138	140	128	505.969
-3.141593	0.906588	1.252948	150	149	116	505.962
0.785398	0.619654	-2.216909	158	151	116	505.789
-0.261799	1.846342	-1.796954	139	150	113	505.778
1.570796	0.700570	1.559208	145	142	120	505.767
0.785398	0.591903	2.010408	133	130	127	505.730
0.261799	0.866955	-0.931351	151	136	117	505.679
0.785398	1.448123	-2.163292	150	122	122	505.650
-2.617994	0.458961	-0.107937	139	154	123	505.649
-2.356194	1.699788	2.452890	147	135	114	505.626
2.094395	2.033014	2.977192	137	145	117	505.488
2.356194	1.433411	-1.035986	127	132	145	505.395
1.832596	1.998705	2.370472	139	135	118	505.357
-2.617994	2.247462	0.191623	120	140	126	505.293
-1.047198	2.704512	1.488683	129	22	146	505.188
2.617994	1.909857	-0.381669	149	0	107	505.152
-2.356194	1.741644	-2.695914	147	137	119	505.042
0.261799	1.168678	2.108595	142	136	115	504.964
0.785398	0.762244	-0.273349	153	142	121	504.835
0.261799	0.418037	1.360082	143	140	117	504.771
-2.356194	0.618092	2.539118	132	144	119	504.739
-2.356194	1.413347	-1.339188	138	127	130	504.663
1.832596	0.496451	0.593859	146	17	124	504.453
2.617994	1.433411	-1.035986	130	20	130	504.444
0.261799	2.115563	0.685730	129	148	124	504.441
-0.523599	1.325504	-1.671296	134	145	117	504.333
2.094395	0.866395	-2.492918	133	153	126	504.323
1.047198	1.335669	0.897240	123	14	138	504.274
2.356194	1.574060	2.783565	148	145	110	504.267
-2.617994	2.704512	1.488683	136	142	125	504.112
0.523599	1.683268	0.374177	128	140	124	504.110
1.047198	2.979456	-1.009304	134	158	117	504.101
-2.617994	2.664082	-1.071402	126	123	148	504.077
-2.879793	1.367556	0.358405	9	11	115	503.961
0.785398	1.982574	-1.115518	147	144	110	503.957
-2.879793	1.824694	1.850876	145	140	113	503.952
-2.094395	1.134497	-1.109631	150	133	124	503.875
2.356194	2.299159	2.264663	126	148	124	503.813
1.047198	0.910508	1.903534	151	141	112	503.790
-0.261799	0.914445	2.687814	143	146	116	503.738
-0.523599	1.247695	1.809890	131	143	122	503.737
-1.308997	2.881233	-2.582574	135	151	126	503.719
-2.094395	0.831641	0.616218	159	13	114	503.675
2.617994	1.504028	0.636812	155	140	120	503.587
2.094395	0.961715	0.014085	151	148	121	503.576
1.570796	0.992645	-1.723759	153	135	121	503.531
0.785398	1.325504	-1.671296	154	126	118	503.267
-0.785398	1.301460	-0.509251	139	138	118	503.247
2.094395	2.104282	-0.813972	153	147	107	503.126
1.308997	2.041297	-2.664597	151	134	122	503.070
-3.141593	2.455966	-0.641220	141	135	113	503.001
-2.094395	1.875281	0.107086	140	30	145	502.953
-3.141593	1.732874	-0.951685	146	156	112	502.948
2.094395	2.456751	-1.503343	128	15	131	502.932
-0.523599	1.741644	-2.695914	2	147	115	502.875
-3.141593	1.247695	1.809890	146	156	112	502.852
-1.832596	2.295480	1.008277	142	139	122	502.797
0.261799	2.760637	2.781135	124	156	139	502.623
2.617994	1.836682	-0.676006	156	157	105	502.583
2.879793	2.115563	0.685730	2	139	116	502.583
1.570796	1.450119	-2.739050	146	148	116	502.515
2.356194	2.724429	-0.348782	135	143	115	502.436
2.356194	1.982574	-1.115518	138	22	119	502.432
2.617994	0.850607	-1.335383	130	133	134	502.408
2.879793	2.984978	1.954446	152	4	119	502.153
1.308997	1.184361	0.625864	145	133	119	501.986
1.570796	1.683268	0.374177	139	129	126	501.954
2.094395	1.448123	-2.163292	142	152	120	501.805
1.047198	1.242974	-2.977882	144	141	119	501.805
2.617994	2.588535	-2.976617	133	138	127	501.677
-2.879793	2.299159	2.264663	143	136	120	501.567
-1.047198	1.417623	-0.202254	130	159	133	501.521
-0.261799	1.554776	0.100351	135	147	125	501.410
1.570796	1.721184	-0.153948	138	124	136	501.242
2.617994	2.478122	2.609777	122	148	130	501.213
2.879793	1.982574	-1.115518	146	151	111	501.211
