144	1.2	0
-1.832596	0.850607	-1.335383
0.000000	0.000000	0.000000
receptor_blocked.pdb	8.235	6.938	-5.037
ligand_surface.pdb	54.775	62.668	283.806
-2.094395	1.721184	-0.153948	142	116	138	1571.774
1.832596	2.041297	-2.664597	9	98	9	1535.420
2.094395	2.349581	-2.702517	143	117	135	1414.887
1.832596	1.870545	-2.976234	11	97	12	1394.817
1.047198	1.325504	-1.671296	139	113	141	1323.220
-2.356194	2.089241	-0.114193	0	114	138	1304.761
0.261799	2.637879	2.121598	137	115	5	1292.701
-2.617994	2.089241	-0.114193	140	116	138	1291.064
-2.094395	2.089241	-0.114193	4	113	138	1286.357
-2.094395	2.979456	-1.009304	5	116	139	1271.952
1.832596	1.658653	-2.409879	10	98	6	1267.056
2.617994	1.506530	1.988858	138	117	1	1255.931
1.832596	1.335669	0.897240	133	118	10	1221.950
-0.785398	1.982574	-1.115518	15	113	1	1220.520
1.832596	1.741644	-2.695914	10	97	9	1219.214
1.047198	2.033014	2.977192	1	115	0	1211.751
1.832596	0.615174	-0.666022	0	114	2	1196.366
-1.570796	1.696674	-1.253233	140	118	140	1193.457
1.308997	2.760637	2.781135	139	117	142	1193.240
-0.261799	1.325504	-1.671296	0	113	141	1192.945
2.617994	1.194549	-0.801900	2	118	134	1189.255
2.094395	1.184361	0.625864	134	116	8	1183.659
2.356194	1.195355	1.200319	131	117	8	1174.677
0.785398	2.478122	2.609777	11	116	133	1173.274
0.785398	2.299159	2.264663	137	119	143	1171.902
-2.879793	2.407836	1.410646	133	120	136	1170.818
1.308997	2.299159	2.264663	20	120	140	1164.443
-1.570796	1.606104	-0.451151	7	117	136	1163.814
2.094395	2.115563	0.685730	2	111	141	1161.656
1.570796	1.870545	-2.976234	8	96	12	1158.072
-0.261799	1.413347	-1.339188	6	112	141	1155.303
-0.785398	2.478122	2.609777	140	107	1	1154.475
2.617994	1.214854	-1.966664	6	118	131	1147.713
0.523599	2.637879	2.121598	137	117	1	1144.480
-1.047198	2.180315	-1.357379	16	114	2	1140.199
-1.832596	1.721184	-0.153948	3	115	137	1137.064
-0.785398	2.724429	-0.348782	6	115	140	1136.313
-1.570796	2.664082	-1.071402	137	117	143	1135.862
2.617994	0.619654	-2.216909	138	119	0	1129.580
-1.832596	2.979456	-1.009304	4	115	139	1126.617
1.832596	2.164094	-2.991358	11	97	12	1123.305
0.000000	1.325504	-1.671296	0	112	141	1116.566
1.570796	1.741644	-2.695914	7	117	142	1115.393
2.356194	1.310100	1.488307	4	118	141	1115.121
2.617994	1.545873	-1.877082	6	117	131	1114.875
1.047198	1.545873	-1.877082	16	114	3	1113.436
2.094395	1.948085	-2.363031	10	100	6	1112.803
1.308997	1.569311	-3.003978	5	115	143	1111.793
-0.523599	1.982574	-1.115518	14	114	1	1101.824
1.570796	2.164094	-2.991358	8	96	12	1101.812
2.356194	1.045978	0.343692	135	114	5	1100.915
-1.047198	1.872854	1.543456	4	113	133	1098.337
-1.832596	0.496451	0.593859	5	114	131	1096.616
-2.356194	2.719179	-1.780644	27	124	129	1095.407
-3.141593	0.914445	2.687814	4	113	1	1095.246
2.617994	1.310100	1.488307	5	117	142	1093.710
0.523599	2.299159	2.264663	133	120	142	1093.289
0.785398	2.174483	2.653697	143	114	0	1092.611
-0.785398	1.998705	2.370472	133	114	139	1091.116
-2.356194	2.979456	-1.009304	2	116	139	1088.986
2.356194	0.615174	-0.666022	3	116	143	1086.151
2.094395	2.579248	-2.364801	1	110	1	1083.688
-1.832596	1.741644	-2.695914	5	113	3	1081.801
2.879793	1.045978	0.343692	137	120	137	1080.618
-1.570796	1.113094	-0.272241	7	116	135	1073.974
2.617994	1.977582	0.969896	0	116	140	1069.836
1.832596	1.448123	-2.163292	11	101	3	1069.255
-1.570796	1.510910	-0.740472	4	99	4	1068.659
2.356194	1.510910	-0.740472	124	128	1	1064.622
-2.094395	1.875281	0.107086	141	113	140	1063.729
0.000000	1.128190	-2.288622	141	115	138	1063.713
-0.261799	1.310100	1.488307	14	112	142	1061.188
2.094395	1.335669	0.897240	132	120	6	1056.608
2.356194	2.760637	2.781135	28	126	137	1055.493
1.832596	0.203748	0.590255	6	117	143	1054.002
2.094395	2.881233	-2.582574	141	116	141	1053.962
-1.047198	2.393226	1.857173	141	109	141	1051.434
2.356194	1.982574	-1.115518	137	133	22	1050.650
1.570796	2.637879	2.121598	26	124	140	1045.739
2.879793	1.699788	2.452890	139	118	139	1045.131
0.000000	2.138223	1.678323	137	116	141	1044.850
-0.523599	2.664082	-1.071402	133	107	1	1044.512
1.047198	2.984978	1.954446	10	119	127	1044.286
-1.047198	2.724429	-0.348782	6	115	139	1043.947
1.570796	0.615174	-0.666022	1	114	0	1037.893
-0.523599	2.760637	2.781135	0	109	142	1035.041
-0.261799	1.721184	-0.153948	136	117	136	1034.983
-0.785398	1.741644	-2.695914	136	108	7	1034.116
2.094395	1.812176	0.656819	5	112	141	1031.086
1.047198	2.588535	-2.976617	0	115	139	1030.684
2.879793	0.866955	-0.931351	139	116	141	1030.393
2.617994	2.115563	0.685730	142	120	137	1030.361
-0.523599	1.721184	-0.153948	133	118	137	1030.207
2.094395	1.756530	-2.105156	10	103	1	1029.557
-0.523599	1.875281	0.107086	136	118	134	1028.777
-2.617994	2.153910	-1.714959	20	124	120	1028.474
-0.261799	1.214854	-1.966664	139	114	143	1027.870
0.261799	1.741644	-2.695914	137	115	143	1027.442
1.308997	1.741644	-2.695914	4	116	141	1025.934
-0.261799	1.134796	2.434290	9	112	135	1025.103
-0.523599	1.310100	1.488307	11	112	142	1024.966
-1.832596	1.982574	-1.115518	138	117	143	1024.599
2.094395	2.343981	-1.040456	140	134	24	1024.402
2.879793	0.960688	-0.577532	135	114	0	1024.270
-1.832596	0.961715	0.014085	7	129	114	1023.874
1.308997	2.033014	2.977192	135	118	135	1023.636
1.047198	0.700570	1.559208	129	141	23	1022.482
1.570796	0.290380	-0.796960	141	116	0	1022.078
-1.308997	1.909857	-0.381669	12	119	138	1021.536
2.356194	1.050534	3.042579	143	108	4	1020.878
-0.523599	1.025536	1.576859	20	116	8	1020.192
-1.308997	2.664082	-1.071402	136	114	0	1018.183
2.356194	0.831641	0.616218	136	114	4	1018.111
-0.785398	2.456751	-1.503343	130	105	7	1017.445
0.000000	1.574060	2.783565	134	115	7	1017.087
-3.141593	1.135834	-1.431087	0	116	136	1016.909
2.094395	1.741644	-2.695914	13	113	143	1015.225
-2.356194	1.554776	0.100351	136	116	141	1013.693
0.785398	1.812176	0.656819	22	135	116	1013.538
-2.094395	2.664082	-1.071402	4	116	139	1013.023
2.356194	2.295480	1.008277	142	112	140	1012.925
-0.785398	1.450119	-2.739050	135	107	12	1012.497
-0.523599	1.413347	-1.339188	5	113	141	1012.036
2.617994	2.719179	-1.780644	0	110	1	1010.509
-1.047198	1.982574	-1.115518	15	110	1	1010.236
-1.047198	1.812176	0.656819	134	113	140	1009.430
-0.785398	0.700570	1.559208	135	114	135	1009.410
-1.570796	0.910508	1.903534	134	111	0	1008.729
-1.832596	1.606104	-0.451151	3	116	137	1008.394
2.617994	1.113094	-0.272241	134	114	4	1007.838
-0.523599	2.404280	-0.174044	4	111	139	1007.008
-1.308997	2.456751	-1.503343	18	114	5	1006.715
2.094395	2.041297	-2.664597	12	98	9	1006.357
2.356194	1.433411	-1.035986	137	115	141	1005.939
0.523599	2.174483	2.653697	137	115	6	1005.937
-2.879793	2.979456	-1.009304	141	109	2	1005.748
-3.141593	0.866395	-2.492918	6	118	138	1005.061
1.308997	0.992645	-1.723759	1	112	141	1004.810
2.617994	1.050534	3.042579	143	113	1	1004.674
2.356194	1.741644	-2.695914	16	114	0	1004.664
0.261799	0.685216	-1.712745	15	118	125	1003.884
2.617994	1.045978	0.343692	134	112	5	1003.118
0.261799	0.961715	0.014085	139	115	139	1002.921
2.356194	2.115563	0.685730	141	119	138	1002.891
-1.047198	2.299159	2.264663	140	106	0	1002.506
2.094395	2.180315	-1.357379	137	135	22	1000.977
-0.261799	0.615174	-0.666022	22	120	128	1000.430
-1.308997	2.138223	1.678323	136	110	142	1000.428
-2.356194	2.664082	-1.071402	1	114	139	1000.237
2.094395	2.760637	2.781135	27	122	136	1000.128
-2.617994	2.979456	-1.009304	141	116	139	998.707
2.094395	1.696674	-1.253233	132	115	143	996.385
-1.308997	1.325504	-1.671296	141	115	141	996.322
-0.785398	1.367556	0.358405	134	112	143	996.230
-3.141593	2.407836	1.410646	131	122	137	995.406
2.617994	0.960688	-0.577532	136	116	1	995.234
1.308997	1.545873	-1.877082	6	136	33	995.173
-1.047198	2.637879	2.121598	1	108	140	993.567
-1.308997	2.587733	0.232235	140	113	141	993.343
1.047198	2.299159	2.264663	139	117	143	993.073
2.094395	0.379747	-1.713059	137	117	4	992.213
-2.879793	1.555207	1.708892	129	114	12	992.059
-1.570796	1.617114	-1.572037	131	120	4	991.812
2.094395	0.864993	2.278281	137	107	9	991.008
-0.523599	1.554776	0.100351	135	112	142	989.897
-1.570796	1.301460	-0.509251	2	97	7	989.244
2.094395	1.194549	-0.801900	134	119	3	988.738
-0.523599	2.343981	-1.040456	131	105	5	988.142
2.356194	1.812176	0.656819	136	119	1	988.112
-0.785398	1.214854	-1.966664	140	115	141	987.396
2.094395	1.736875	3.023612	127	125	8	986.891
2.617994	0.914445	2.687814	139	116	0	986.084
1.308997	2.174483	2.653697	17	116	135	985.636
-2.094395	2.407836	1.410646	4	113	135	985.349
-2.617994	2.704512	1.488683	1	107	138	985.210
0.261799	2.138223	1.678323	138	115	142	984.870
-0.523599	1.113094	-0.272241	27	124	3	984.146
1.832596	0.762244	-0.273349	5	113	142	983.456
2.617994	1.134796	2.434290	142	112	2	982.812
-2.094395	2.001437	0.381215	139	110	142	981.876
-2.094395	1.982574	-1.115518	3	100	3	981.722
-3.141593	2.881233	-2.582574	28	124	133	979.938
-3.141593	1.599406	1.426070	142	117	140	979.496
2.617994	0.929350	-2.910676	138	113	5	978.098
1.570796	2.033014	2.977192	138	116	136	978.010
-1.047198	0.700570	1.559208	142	127	30	976.658
2.617994	1.617114	-1.572037	6	117	128	976.649
-0.785398	0.640596	-2.797608	119	139	2	976.464
-1.570796	0.831641	0.616218	15	126	120	976.243
-3.141593	2.295480	1.008277	4	115	136	975.695
0.261799	1.836682	-0.676006	142	110	141	975.624
1.832596	0.370812	-2.547742	24	119	131	975.290
0.785398	1.766067	2.153843	133	121	140	974.961
-0.261799	2.295480	1.008277	143	131	31	973.961
-1.570796	1.247695	1.809890	139	112	139	973.559
-1.570796	1.732874	-0.951685	5	101	3	973.047
-2.617994	2.664082	-1.071402	1	116	137	972.721
-1.308997	1.904882	-1.478089	134	117	1	972.396
2.094395	0.615174	-0.666022	0	116	143	972.154
-0.523599	1.325504	-1.671296	1	114	141	970.527
-1.832596	1.732874	-0.951685	5	100	2	969.909
1.308997	1.846342	-1.796954	10	134	32	969.314
-2.617994	1.599406	1.426070	140	119	137	969.060
0.261799	2.760637	2.781135	129	134	25	969.000
0.000000	0.203748	0.590255	136	106	9	968.187
-2.356194	1.335669	0.897240	2	112	142	967.873
0.785398	1.948085	-2.363031	130	111	4	967.717
0.261799	2.251330	-2.330739	2	105	1	966.382
1.047198	0.615174	-0.666022	137	113	7	966.134
-1.308997	0.992645	-1.723759	131	120	4	965.522
-0.785398	1.135813	-2.658866	132	116	6	965.272
1.308997	1.242974	-2.977882	6	115	142	965.031
-2.617994	1.014500	0.906702	0	108	33	965.007
1.308997	1.736875	3.023612	7	95	15	964.266
-0.785398	1.948085	-2.363031	130	111	7	963.696
0.785398	0.866395	-2.492918	140	116	119	963.502
-1.047198	0.458961	-0.107937	7	114	125	963.460
2.356194	2.343981	-1.040456	140	132	24	963.200
-1.047198	0.418037	1.360082	132	118	138	962.550
2.617994	2.588535	-2.976617	140	132	24	962.477
0.785398	1.113094	-0.272241	143	112	140	962.324
2.617994	2.760637	2.781135	29	129	137	962.012
-1.308997	2.979456	-1.009304	140	116	141	961.682
2.356194	1.977582	0.969896	140	119	133	961.374
-2.879793	2.456751	-1.503343	3	117	133	961.142
2.094395	0.370812	-2.547742	26	121	131	961.072
1.570796	2.356369	3.005869	140	116	137	960.833
-0.785398	1.812176	0.656819	137	112	138	960.535
-1.308997	1.836682	-0.676006	12	100	6	960.332
-2.879793	2.104282	-0.813972	13	119	124	960.071
0.000000	1.310100	1.488307	143	113	129	959.388
-0.523599	1.045978	0.343692	134	108	4	959.085
1.570796	1.448123	-2.163292	11	103	2	958.890
-2.879793	1.506530	1.988858	143	119	138	958.038
-0.785398	1.909857	-0.381669	127	115	5	957.921
2.617994	0.961715	0.014085	135	114	3	957.246
0.261799	1.214854	-1.966664	142	114	136	957.004
-1.308997	2.724429	-0.348782	133	118	2	956.042
-2.879793	2.881233	-2.582574	28	126	133	955.911
1.308997	2.984978	1.954446	27	123	136	955.664
2.356194	0.899350	-2.069907	135	119	1	955.391
-0.261799	2.704512	1.488683	13	141	108	954.888
2.094395	2.587733	0.232235	140	114	138	954.877
-0.261799	2.760637	2.781135	7	108	141	954.111
-0.523599	1.909857	-0.381669	132	119	137	953.098
-0.523599	1.256302	0.062705	126	117	0	953.046
1.570796	0.418037	1.360082	125	135	18	952.854
0.523599	0.458961	-0.107937	142	115	0	952.649
1.308997	1.195355	1.200319	8	139	29	952.594
1.047198	0.290380	-0.796960	133	110	14	952.237
-2.617994	2.407836	1.410646	143	112	137	952.016
-0.261799	1.025536	1.576859	22	118	7	951.611
-2.617994	2.379497	0.561089	127	119	141	951.290
2.879793	2.719179	-1.780644	142	116	137	951.050
-1.047198	1.310100	1.488307	8	113	132	950.672
-0.261799	2.587733	0.232235	8	112	139	949.678
2.879793	1.214854	-1.966664	8	120	130	949.580
-1.832596	1.909857	-0.381669	14	117	127	949.197
-0.785398	2.664082	-1.071402	132	110	2	949.190
1.832596	2.881233	-2.582574	137	117	141	948.240
0.523599	1.998705	2.370472	130	121	137	947.580
2.617994	1.812176	0.656819	8	117	137	947.301
0.000000	1.440580	2.260026	13	112	129	946.604
2.356194	1.732874	-0.951685	133	113	0	946.194
-0.261799	0.906588	1.252948	18	113	4	946.017
-1.047198	0.709924	0.218797	16	129	117	945.787
1.570796	1.736875	3.023612	9	97	15	945.712
-1.308997	1.247695	1.809890	139	110	139	945.535
2.879793	1.050534	3.042579	2	113	0	945.335
-0.261799	2.592629	0.909713	140	115	140	944.378
1.570796	2.984978	1.954446	28	126	136	944.147
-0.523599	2.001437	0.381215	130	114	143	943.965
-1.570796	2.979456	-1.009304	141	117	141	943.806
-0.523599	2.863997	0.549740	9	118	127	942.915
-1.832596	1.846342	-1.796954	140	114	2	942.854
-3.141593	1.335669	0.897240	138	116	142	942.290
-2.094395	2.455966	-0.641220	137	112	2	942.219
0.523599	0.992645	-1.723759	15	121	122	942.032
-1.308997	1.545873	-1.877082	143	115	143	941.889
-0.785398	1.417623	-0.202254	26	122	4	941.869
-2.617994	1.836682	-0.676006	136	117	134	941.852
-1.832596	0.910508	1.903534	135	115	143	941.783
-0.261799	0.203748	0.590255	134	109	9	941.252
1.570796	2.041297	-2.664597	6	97	9	940.779
0.000000	2.478122	2.609777	129	135	27	940.669
-1.047198	2.863997	0.549740	138	117	140	939.927
0.000000	1.836682	-0.676006	137	110	142	938.631
0.523599	2.984978	1.954446	132	115	9	938.124
2.879793	1.168678	2.108595	5	114	140	938.034
1.308997	2.356369	3.005869	15	116	132	937.913
2.356194	0.864993	2.278281	137	106	11	937.816
2.617994	1.014500	0.906702	128	118	6	937.537
1.047198	1.756530	-2.105156	15	114	2	937.470
1.308997	2.478122	2.609777	142	116	143	937.087
-1.308997	2.407836	1.410646	4	109	136	936.919
-2.356194	1.721184	-0.153948	138	117	139	936.662
-3.141593	0.618092	2.539118	8	112	0	936.002
2.356194	1.194549	-0.801900	136	119	142	934.969
2.356194	1.134497	-1.109631	141	116	139	934.884
0.785398	0.733948	3.021411	137	117	127	934.879
-0.261799	1.450119	-2.739050	131	116	5	934.863
2.094395	0.866955	-0.931351	143	115	142	934.718
0.785398	1.574060	2.783565	7	113	1	934.209
1.570796	0.619654	-2.216909	25	120	129	934.026
0.523599	2.041297	-2.664597	127	112	9	934.001
-2.356194	2.393226	1.857173	139	109	139	933.479
-2.879793	1.662363	0.915448	139	116	142	933.363
-2.356194	2.407836	1.410646	1	112	136	933.341
2.094395	2.001437	0.381215	140	116	143	933.289
-0.523599	2.153910	-1.714959	130	112	2	932.801
-3.141593	1.721184	-0.153948	135	103	7	932.707
0.785398	0.297065	2.160177	127	130	19	932.549
1.832596	2.356369	3.005869	20	117	134	932.082
-1.308997	1.194549	-0.801900	9	106	141	931.958
-2.879793	2.153910	-1.714959	19	123	118	931.477
-1.047198	0.619654	-2.216909	20	138	123	930.758
-0.785398	2.379497	0.561089	136	115	141	930.565
-2.094395	2.724429	-0.348782	138	110	2	930.101
2.879793	1.134796	2.434290	10	113	139	929.121
0.785398	0.619654	-2.216909	2	117	120	928.965
-3.141593	1.488617	1.159546	18	107	14	928.741
2.879793	1.218453	2.777284	8	116	136	928.573
-3.141593	2.349581	-2.702517	26	127	124	928.343
1.832596	1.374601	-2.456031	13	101	4	928.071
1.570796	0.379747	-1.713059	132	115	14	927.723
-3.141593	2.592629	0.909713	4	111	136	927.564
1.832596	1.194549	-0.801900	133	120	4	927.429
2.094395	2.104282	-0.813972	140	135	24	927.261
-2.879793	2.063651	-2.044600	22	125	120	926.528
-1.570796	1.417623	-0.202254	8	115	136	926.498
-2.879793	2.033014	2.977192	2	120	138	926.266
1.308997	0.906588	1.252948	4	140	29	926.184
-0.261799	1.440580	2.260026	9	111	129	925.996
2.617994	0.762244	-0.273349	4	119	140	925.342
-2.094395	1.909857	-0.381669	132	109	11	925.271
-0.523599	1.214854	-1.966664	139	115	142	924.471
2.617994	2.396274	-1.959260	5	109	0	923.812
-2.617994	1.506530	1.988858	1	119	138	923.765
1.047198	2.478122	2.609777	136	119	140	923.262
0.000000	2.984978	1.954446	131	116	5	922.966
1.308997	1.256302	0.062705	5	112	137	922.591
-1.832596	1.555207	1.708892	143	115	136	922.351
-1.308997	1.617114	-1.572037	7	113	139	921.141
0.261799	1.982574	-1.115518	2	110	138	921.133
-1.047198	2.295480	1.008277	142	115	133	920.745
-2.094395	1.836682	-0.676006	143	97	6	920.571
-2.617994	2.881233	-2.582574	20	1	118	920.077
1.308997	0.619654	-2.216909	7	117	120	919.888
2.617994	1.766067	2.153843	137	117	142	919.716
1.047198	1.135834	-1.431087	142	114	139	919.468
-0.785398	2.588535	-2.976617	135	107	2	919.341
2.094395	1.732874	-0.951685	123	128	2	919.313
-1.832596	2.104282	-0.813972	139	114	142	919.248
-0.523599	2.724429	-0.348782	6	114	140	918.430
-1.047198	0.762244	-0.273349	6	114	123	918.293
-2.617994	2.719179	-1.780644	26	120	128	918.136
2.879793	2.704512	1.488683	3	141	31	917.696
1.832596	2.760637	2.781135	24	119	136	917.255
1.047198	0.906588	1.252948	6	140	29	917.046
2.094395	1.617114	-1.572037	128	122	140	916.939
1.570796	1.658653	-2.409879	7	98	6	916.768
2.356194	1.545873	-1.877082	133	118	140	916.604
-1.832596	0.591903	2.010408	131	113	5	916.108
1.308997	0.961715	0.014085	5	113	140	915.745
-0.261799	0.929350	-2.910676	125	122	16	915.568
2.879793	1.977582	0.969896	136	120	143	915.154
-1.832596	1.510910	-0.740472	1	98	4	915.143
-2.879793	2.579248	-2.364801	27	124	128	914.807
1.832596	1.045978	0.343692	139	134	27	914.754
-1.832596	0.762244	-0.273349	3	131	110	914.671
-0.261799	1.836682	-0.676006	132	116	138	914.457
2.356194	0.762244	-0.273349	0	116	143	914.375
-2.879793	2.396274	-1.959260	143	138	27	914.130
0.000000	2.247462	0.191623	135	110	141	914.104
-0.523599	0.615174	-0.666022	8	115	122	913.691
-1.308997	0.709924	0.218797	14	127	117	913.211
1.047198	0.866955	-0.931351	141	128	34	912.655
0.261799	2.393226	1.857173	138	116	142	912.051
0.523599	2.063651	-2.044600	4	105	1	911.928
-2.356194	2.180315	-1.357379	3	99	4	911.723
1.570796	2.104282	-0.813972	23	114	2	911.597
-0.785398	1.732874	-0.951685	14	108	0	911.436
2.617994	2.295480	1.008277	141	112	141	910.013
2.094395	1.045978	0.343692	132	118	6	909.916
-2.879793	1.846342	-1.796954	17	126	116	909.793
0.785398	0.571433	-1.188419	3	95	31	909.597
-1.047198	1.440580	2.260026	10	112	137	909.593
0.261799	2.174483	2.653697	137	112	5	909.197
0.523599	1.214854	-1.966664	1	113	137	908.963
0.261799	2.478122	2.609777	17	96	5	908.178
-1.832596	0.685216	-1.712745	16	139	119	908.125
2.356194	0.850607	-1.335383	6	114	136	908.106
2.617994	1.301460	-0.509251	130	116	4	908.050
-0.785398	1.374601	-2.456031	137	111	7	907.705
1.308997	1.325504	-1.671296	143	111	140	906.479
-3.141593	0.080730	-2.622036	143	116	143	906.047
1.047198	2.187132	-0.479875	6	109	136	905.773
-0.785398	0.992645	-1.723759	137	117	139	905.646
2.617994	2.579248	-2.364801	17	119	126	905.463
2.617994	1.218453	2.777284	136	117	4	905.291
1.832596	2.637879	2.121598	27	126	139	905.109
0.523599	1.135834	-1.431087	136	112	142	904.290
-2.356194	1.741644	-2.695914	141	115	3	904.261
1.308997	2.704512	1.488683	135	112	142	903.344
-1.570796	0.961715	0.014085	10	129	114	903.271
-0.785398	2.138223	1.678323	19	114	140	903.261
2.617994	1.488617	1.159546	8	116	138	902.396
0.785398	0.685216	-1.712745	19	119	124	902.368
-1.832596	2.587733	0.232235	9	109	140	902.365
0.523599	1.391910	3.030322	12	116	136	902.338
-3.141593	2.108018	1.311430	143	117	136	901.963
-3.141593	0.961715	0.014085	136	119	134	901.890
-2.094395	1.662363	0.915448	139	114	137	901.729
0.523599	2.478122	2.609777	127	119	9	901.262
1.047198	2.174483	2.653697	15	117	136	900.639
0.523599	0.379747	-1.713059	5	115	120	900.585
-0.261799	2.073035	2.027405	10	112	133	900.530
-0.785398	1.554776	0.100351	130	115	142	899.989
2.094395	2.407836	1.410646	6	136	33	899.912
-2.094395	1.846342	-1.796954	3	108	0	899.830
1.047198	1.736875	3.023612	4	116	143	899.378
1.047198	1.998705	2.370472	15	117	137	899.376
1.047198	0.992645	-1.723759	141	112	142	899.354
-1.047198	2.587733	0.232235	1	111	139	899.342
-2.879793	1.335669	0.897240	141	114	142	899.263
-2.356194	0.910508	1.903534	142	116	142	899.220
-3.141593	1.135813	-2.658866	138	141	32	898.923
0.261799	0.866395	-2.492918	136	134	30	898.726
-1.832596	1.367556	0.358405	133	119	132	898.400
1.308997	0.379747	-1.713059	9	110	142	898.281
2.879793	2.579248	-2.364801	18	119	126	897.949
-3.141593	2.153910	-1.714959	141	117	131	897.680
2.617994	1.135813	-2.658866	140	141	32	897.447
-2.094395	1.247695	1.809890	143	116	138	897.434
-1.832596	1.836682	-0.676006	2	97	6	897.254
1.047198	2.704512	1.488683	28	126	140	897.079
1.047198	1.869911	2.701025	2	114	1	896.424
0.523599	1.367556	0.358405	11	110	141	896.352
-1.832596	1.301460	-0.509251	143	97	8	896.165
-1.308997	2.393226	1.857173	140	109	140	896.005
-1.047198	2.247462	0.191623	133	115	143	895.783
-2.356194	1.904882	-1.478089	2	101	1	895.377
2.094395	1.014500	0.906702	135	115	5	894.598
1.570796	0.674054	1.013609	2	142	29	894.534
1.832596	0.709924	0.218797	9	115	141	894.517
2.356194	1.846342	-1.796954	3	116	131	894.177
2.879793	0.914445	2.687814	1	113	0	894.117
2.879793	1.134497	-1.109631	0	118	134	894.000
0.000000	0.685216	-1.712745	14	118	125	893.470
2.094395	1.448123	-2.163292	14	104	1	893.289
2.094395	2.478122	2.609777	27	124	139	893.259
2.879793	1.135813	-2.658866	136	120	142	893.083
-1.047198	2.881233	-2.582574	136	103	1	892.861
-2.617994	1.168678	2.108595	138	118	141	892.406
0.261799	0.640596	-2.797608	136	118	123	892.368
-3.141593	1.504028	0.636812	143	116	142	892.270
-2.356194	0.571433	-1.188419	14	141	117	892.114
1.308997	2.089241	-0.114193	141	111	140	891.471
-1.570796	2.579248	-2.364801	133	106	4	891.133
1.832596	0.290380	-0.796960	142	116	0	891.091
-1.832596	0.619654	-2.216909	16	142	118	890.880
2.879793	0.080730	-2.622036	138	113	7	890.709
-2.094395	2.299159	2.264663	135	106	143	890.379
1.570796	1.242974	-2.977882	10	114	142	890.253
-3.141593	1.242974	-2.977882	135	120	2	890.157
-1.308997	1.134796	2.434290	135	114	134	890.144
0.261799	2.073035	2.027405	0	114	140	890.062
1.308997	2.637879	2.121598	24	121	139	889.924
2.356194	0.733948	3.021411	2	115	137	889.770
-2.356194	1.836682	-0.676006	140	97	6	889.450
-0.261799	2.299159	2.264663	12	93	6	889.446
-1.308997	1.184361	0.625864	9	131	28	889.377
2.094395	2.455966	-0.641220	0	136	27	889.331
1.832596	2.984978	1.954446	28	128	136	888.615
2.879793	0.850607	-1.335383	5	130	36	888.557
0.261799	1.391910	3.030322	9	116	136	887.999
-2.094395	1.606104	-0.451151	140	96	9	887.913
-2.617994	2.349581	-2.702517	25	130	124	887.891
-0.523599	0.458961	-0.107937	25	121	132	887.879
-0.785398	2.349581	-2.702517	133	107	5	887.310
-1.308997	1.134497	-1.109631	140	114	139	887.187
-0.785398	2.063651	-2.044600	129	113	5	887.116
0.000000	2.063651	-2.044600	3	107	0	887.036
-2.617994	2.724429	-0.348782	133	104	15	886.937
-0.523599	2.456751	-1.503343	11	143	113	886.757
-1.047198	2.455966	-0.641220	24	121	126	886.727
0.523599	0.961715	0.014085	142	114	139	886.552
-1.308997	2.073035	2.027405	126	116	3	885.992
-2.094395	2.247462	0.191623	7	115	133	885.893
1.308997	0.864993	2.278281	139	119	134	885.581
-2.617994	0.571433	-1.188419	2	116	141	885.488
-0.523599	0.992645	-1.723759	139	116	139	885.188
-0.261799	1.606104	-0.451151	134	111	0	884.921
-1.570796	2.295480	1.008277	133	117	136	884.746
-2.617994	1.195355	1.200319	143	113	143	884.602
0.261799	0.866955	-0.931351	143	93	26	884.494
-1.570796	0.762244	-0.273349	6	130	111	884.187
0.523599	1.554776	0.100351	8	109	140	883.898
-1.832596	1.617114	-1.572037	2	107	143	883.873
-1.308997	0.458961	-0.107937	5	114	127	883.719
-2.617994	1.050534	3.042579	10	117	141	883.539
1.308997	2.164094	-2.991358	133	117	131	883.478
1.832596	1.569311	-3.003978	125	124	6	883.452
0.000000	1.948085	-2.363031	137	131	28	883.446
0.000000	2.863997	0.549740	12	115	141	883.429
0.523599	2.407836	1.410646	26	122	0	883.424
-2.617994	1.242974	-2.977882	131	137	29	883.386
2.356194	2.579248	-2.364801	143	116	137	883.380
0.261799	0.709924	0.218797	141	114	139	883.359
-1.570796	2.724429	-0.348782	2	114	140	883.351
2.617994	1.135834	-1.431087	141	117	138	883.244
2.356194	1.218453	2.777284	140	113	2	882.631
2.356194	1.135813	-2.658866	3	137	34	882.518
-2.617994	2.180315	-1.357379	0	98	4	882.439
2.094395	1.433411	-1.035986	133	117	0	882.024
-0.261799	1.128190	-2.288622	139	116	140	881.676
0.523599	1.569311	-3.003978	11	114	133	881.673
-2.879793	2.251330	-2.330739	26	125	123	881.666
-0.261799	1.554776	0.100351	140	109	142	881.502
-2.617994	1.335669	0.897240	1	114	142	881.501
-2.879793	0.733948	3.021411	0	112	3	881.409
0.000000	2.664082	-1.071402	139	103	0	881.380
2.617994	2.247462	0.191623	15	115	138	880.713
2.879793	1.195355	1.200319	121	123	7	880.547
0.785398	2.187132	-0.479875	1	109	137	880.474
-0.261799	2.979456	-1.009304	136	106	142	879.875
-2.094395	1.413347	-1.339188	19	131	117	879.393
1.570796	0.700570	1.559208	126	132	22	879.313
0.785398	0.992645	-1.723759	5	111	137	878.873
1.570796	1.756530	-2.105156	8	141	31	878.868
-2.094395	2.393226	1.857173	132	114	140	878.421
2.617994	0.591903	2.010408	133	110	9	878.307
0.261799	1.870545	-2.976234	138	115	143	878.222
0.000000	1.256302	0.062705	139	104	3	878.114
-0.261799	0.618092	2.539118	129	134	24	877.169
-2.617994	2.104282	-0.813972	136	116	134	876.821
2.617994	0.080730	-2.622036	134	111	11	876.310
-2.356194	2.001437	0.381215	135	114	142	876.134
1.570796	0.685216	-1.712745	5	110	142	876.116
1.308997	1.870545	-2.976234	6	115	141	875.665
0.261799	1.606104	-0.451151	139	107	143	875.553
1.832596	0.571433	-1.188419	138	116	4	875.272
2.617994	0.685216	-1.712745	138	118	1	875.140
0.000000	0.850607	-1.335383	18	120	124	874.988
-1.570796	1.812176	0.656819	137	116	132	874.570
-1.570796	2.456751	-1.503343	135	114	2	874.556
-2.617994	0.866955	-0.931351	0	114	140	874.548
-1.047198	1.135834	-1.431087	138	117	140	874.230
-2.879793	1.569311	-3.003978	1	119	132	873.905
1.570796	2.478122	2.609777	21	119	137	873.900
0.000000	2.396274	-1.959260	2	114	136	873.812
0.261799	2.396274	-1.959260	4	132	26	873.682
2.879793	1.506530	1.988858	137	119	140	873.610
-1.570796	1.135834	-1.431087	142	109	141	873.507
2.094395	0.297065	2.160177	143	118	134	873.146
-1.308997	1.413347	-1.339188	139	118	140	873.020
2.094395	1.134497	-1.109631	139	116	140	872.623
-2.617994	2.456751	-1.503343	20	120	124	872.547
0.523599	2.073035	2.027405	137	119	143	872.425
2.356194	0.960688	-0.577532	142	115	142	871.964
2.617994	2.478122	2.609777	14	139	116	871.903
2.356194	0.929350	-2.910676	140	116	140	871.873
-1.308997	0.850607	-1.335383	139	105	143	871.844
-1.570796	1.413347	-1.339188	140	117	138	871.771
2.094395	1.545873	-1.877082	11	107	0	871.727
1.832596	0.458961	-0.107937	5	115	143	871.702
2.356194	2.001437	0.381215	142	119	139	871.561
1.832596	0.906588	1.252948	5	115	2	871.162
1.570796	0.496451	0.593859	138	114	5	871.144
-0.785398	2.393226	1.857173	1	112	131	871.120
-2.094395	1.301460	-0.509251	139	97	7	871.038
2.617994	0.496451	0.593859	139	121	136	871.027
-1.047198	2.456751	-1.503343	129	110	5	870.931
-1.047198	2.073035	2.027405	137	106	1	870.916
2.356194	0.961715	0.014085	134	136	23	870.606
-2.879793	2.089241	-0.114193	16	116	139	870.039
-1.570796	1.824694	1.850876	123	119	4	869.943
1.570796	2.089241	-0.114193	138	113	142	869.905
-2.356194	0.866955	-0.931351	2	112	140	869.806
1.570796	1.374601	-2.456031	10	97	6	869.770
-1.047198	1.194549	-0.801900	9	106	141	869.549
-1.047198	1.413430	2.550734	139	113	134	868.750
2.356194	1.617114	-1.572037	130	121	140	868.570
-2.356194	1.599406	1.426070	142	116	138	868.246
2.879793	2.588535	-2.976617	28	124	134	868.187
0.261799	1.554776	0.100351	2	108	140	867.830
-2.617994	2.396274	-1.959260	25	123	125	867.812
0.261799	1.998705	2.370472	12	113	136	867.325
1.570796	2.299159	2.264663	22	121	140	867.191
-2.617994	1.846342	-1.796954	19	127	117	867.189
2.879793	2.041297	-2.664597	26	126	123	867.122
-3.141593	1.045978	0.343692	140	118	138	866.741
-2.094395	0.619654	-2.216909	16	142	118	866.646
-2.094395	0.297065	2.160177	130	115	8	866.537
2.094395	2.356369	3.005869	25	119	140	866.474
2.879793	2.592629	0.909713	137	118	135	866.406
-0.261799	2.251330	-2.330739	135	134	27	866.316
-0.785398	2.115563	0.685730	131	118	140	866.221
2.617994	0.864993	2.278281	139	105	11	865.888
2.094395	2.588535	-2.976617	20	118	132	865.759
2.356194	2.164094	-2.991358	29	123	143	865.744
2.356194	0.591903	2.010408	138	106	7	865.453
-1.308997	2.108018	1.311430	140	110	139	865.408
0.785398	1.025536	1.576859	133	143	27	865.381
-2.094395	1.904882	-1.478089	3	105	1	864.811
-0.261799	2.396274	-1.959260	128	113	2	864.673
1.308997	0.290380	-0.796960	140	113	6	864.598
2.617994	1.134497	-1.109631	142	119	135	864.561
2.879793	1.367556	0.358405	143	118	139	864.495
1.832596	2.588535	-2.976617	141	116	140	864.172
-2.094395	1.977582	0.969896	136	105	1	864.171
-2.617994	0.419640	2.974122	143	114	4	864.084
0.261799	1.310100	1.488307	139	141	30	864.038
-1.308997	1.113094	-0.272241	10	115	135	864.035
-0.261799	2.664082	-1.071402	130	105	4	863.854
2.879793	0.419640	2.974122	28	121	135	863.688
2.356194	0.370812	-2.547742	29	124	132	863.473
-1.570796	2.760637	2.781135	143	115	128	863.317
-0.261799	1.909857	-0.381669	134	117	136	863.220
-0.785398	2.187132	-0.479875	128	116	2	862.999
-2.617994	1.440580	2.260026	137	115	141	862.988
-2.094395	1.554776	0.100351	139	114	140	862.946
0.785398	1.658653	-2.409879	23	118	8	862.718
1.308997	0.618092	2.539118	139	117	130	862.259
2.356194	0.866955	-0.931351	3	113	141	862.102
0.523599	0.850607	-1.335383	139	111	142	861.982
2.356194	0.914445	2.687814	138	106	11	861.742
2.617994	0.370812	-2.547742	135	114	9	861.367
-0.785398	1.721184	-0.153948	128	113	5	861.185
1.047198	2.760637	2.781135	138	116	1	861.001
0.261799	2.984978	1.954446	138	116	1	860.829
0.523599	0.685216	-1.712745	17	118	125	860.791
-1.832596	2.379497	0.561089	134	106	22	860.610
-0.523599	2.588535	-2.976617	134	109	3	860.490
2.617994	0.700570	1.559208	136	109	7	860.453
-0.523599	0.960688	-0.577532	23	122	141	860.357
2.617994	0.615174	-0.666022	1	116	142	860.303
-0.523599	2.719179	-1.780644	136	103	2	860.231
1.570796	1.569311	-3.003978	9	96	12	860.193
2.879793	0.203748	0.590255	139	140	29	859.799
2.094395	0.906588	1.252948	10	115	0	859.738
1.570796	2.588535	-2.976617	13	115	128	859.475
-1.308997	2.187132	-0.479875	20	116	126	859.249
0.000000	0.866395	-2.492918	135	135	30	859.151
-2.617994	0.914445	2.687814	11	116	0	859.072
-2.356194	2.247462	0.191623	5	116	133	858.985
-0.523599	0.733948	3.021411	138	115	1	858.968
-1.308997	1.310100	1.488307	9	140	115	858.626
-0.785398	2.719179	-1.780644	130	105	4	858.140
1.832596	0.080730	-2.622036	24	118	132	858.024
1.047198	1.134796	2.434290	12	117	139	858.020
2.094395	1.050534	3.042579	0	113	132	857.847
-2.094395	2.587733	0.232235	134	105	19	857.735
-0.785398	0.418037	1.360082	135	116	138	857.722
-2.879793	1.554776	0.100351	17	141	117	857.720
-2.617994	1.510910	-0.740472	6	109	142	857.580
1.832596	1.756530	-2.105156	8	103	1	857.574
1.047198	1.846342	-1.796954	15	114	142	857.460
0.261799	0.992645	-1.723759	14	120	122	857.129
-1.832596	0.297065	2.160177	140	112	5	857.121
2.879793	1.824694	1.850876	1	117	137	857.058
2.617994	2.180315	-1.357379	141	120	113	856.336
2.094395	1.658653	-2.409879	11	114	138	856.294
-3.141593	0.370812	-2.547742	142	116	3	856.024
2.356194	1.448123	-2.163292	16	105	1	856.012
-0.785398	1.113094	-0.272241	25	121	2	855.352
0.261799	0.762244	-0.273349	137	115	140	855.304
2.356194	1.506530	1.988858	142	116	142	854.996
2.617994	0.419640	2.974122	26	119	135	854.896
-0.785398	1.194549	-0.801900	22	120	140	854.626
-0.785398	1.683268	0.374177	133	114	139	854.618
-1.047198	1.134497	-1.109631	7	109	139	854.593
0.000000	1.569311	-3.003978	129	115	8	854.591
-1.047198	2.104282	-0.813972	17	105	4	854.510
0.000000	2.881233	-2.582574	2	114	127	853.784
2.879793	1.662363	0.915448	137	131	32	853.707
2.094395	0.762244	-0.273349	4	113	142	853.705
-1.308997	1.846342	-1.796954	143	116	142	853.630
-0.523599	0.961715	0.014085	28	126	6	853.614
-2.617994	0.619654	-2.216909	139	115	0	853.440
-2.356194	0.906588	1.252948	142	112	129	853.055
-1.832596	1.488617	1.159546	10	141	114	853.007
1.308997	2.664082	-1.071402	3	139	27	852.868
-0.261799	2.455966	-0.641220	130	108	2	852.588
0.785398	0.615174	-0.666022	134	114	7	852.343
-1.308997	1.721184	-0.153948	13	116	138	852.327
-2.879793	1.836682	-0.676006	133	102	7	852.084
-2.356194	1.683268	0.374177	135	110	0	851.914
-0.261799	1.242974	-2.977882	125	122	9	851.873
-1.308997	1.606104	-0.451151	11	118	136	851.815
0.261799	1.413347	-1.339188	128	115	0	851.661
-2.879793	0.370812	-2.547742	126	118	8	851.552
-1.832596	2.001437	0.381215	142	110	140	851.496
0.000000	1.391910	3.030322	134	115	4	851.487
2.879793	0.619654	-2.216909	8	116	139	851.216
-1.047198	2.108018	1.311430	140	111	138	851.216
-1.570796	1.504028	0.636812	2	113	134	850.615
-2.879793	0.496451	0.593859	133	104	7	850.610
-0.523599	2.379497	0.561089	136	114	140	850.576
2.879793	1.846342	-1.796954	19	125	118	850.278
0.523599	1.904882	-1.478089	16	111	2	850.247
-0.261799	0.419640	2.974122	142	139	33	850.208
-3.141593	0.615174	-0.666022	7	119	142	850.021
1.832596	0.831641	0.616218	9	118	138	849.820
-0.261799	2.343981	-1.040456	128	104	9	849.809
2.879793	1.417623	-0.202254	127	112	10	849.399
2.356194	1.756530	-2.105156	13	103	2	849.390
1.047198	2.063651	-2.044600	8	135	28	849.166
-0.523599	2.478122	2.609777	143	107	0	848.917
-1.047198	1.977582	0.969896	137	113	139	848.502
-1.308997	0.914445	2.687814	28	2	133	848.214
-3.141593	1.440580	2.260026	133	119	0	848.143
1.832596	2.478122	2.609777	23	120	137	847.870
1.832596	1.812176	0.656819	124	133	12	847.798
-2.617994	0.929350	-2.910676	7	117	141	847.700
-2.617994	2.073035	2.027405	11	119	131	847.679
2.094395	1.025536	1.576859	131	111	14	847.641
0.523599	1.870545	-2.976234	136	100	14	847.485
-0.785398	1.977582	0.969896	128	118	142	847.319
-2.356194	0.674054	1.013609	5	108	3	847.300
0.785398	0.370812	-2.547742	13	115	133	847.136
1.047198	1.214854	-1.966664	18	111	7	847.117
2.356194	1.599406	1.426070	132	117	12	847.115
-0.523599	2.089241	-0.114193	130	113	1	846.761
2.617994	2.063651	-2.044600	142	104	0	845.826
-1.047198	1.836682	-0.676006	6	117	116	845.695
2.094395	0.914445	2.687814	142	106	4	845.621
1.570796	1.135813	-2.658866	1	112	131	845.615
-3.141593	1.872854	1.543456	5	115	135	844.768
0.261799	2.587733	0.232235	3	133	28	844.573
2.879793	1.335669	0.897240	122	124	2	844.350
2.879793	1.301460	-0.509251	129	113	5	844.312
0.785398	2.760637	2.781135	140	109	6	844.293
0.261799	0.929350	-2.910676	134	119	122	844.145
-2.879793	0.850607	-1.335383	8	130	36	844.131
-0.261799	2.724429	-0.348782	130	108	2	843.886
-0.785398	0.571433	-1.188419	143	138	35	843.835
-1.832596	2.247462	0.191623	10	115	133	843.750
2.617994	1.599406	1.426070	140	116	1	843.648
0.523599	1.977582	0.969896	28	126	4	843.619
-1.047198	2.164094	-2.991358	131	108	7	843.366
-0.785398	0.866395	-2.492918	138	115	142	843.141
-3.141593	2.379497	0.561089	10	115	137	843.051
2.094395	2.247462	0.191623	0	115	137	843.014
-2.356194	1.982574	-1.115518	2	99	2	842.702
2.617994	1.433411	-1.035986	135	115	142	842.261
2.356194	2.407836	1.410646	3	138	32	842.184
-0.785398	2.404280	-0.174044	25	118	10	842.128
2.617994	1.510910	-0.740472	124	124	2	841.649
-0.785398	1.325504	-1.671296	0	113	140	841.629
1.832596	1.050534	3.042579	141	114	132	841.459
2.356194	1.184361	0.625864	133	119	2	841.440
0.261799	1.488617	1.159546	139	104	142	841.317
2.879793	0.615174	-0.666022	3	115	141	841.256
-0.523599	2.407836	1.410646	11	136	108	841.104
0.785398	2.979456	-1.009304	134	138	25	840.925
2.879793	1.809167	1.213774	137	121	142	840.914
0.261799	2.104282	-0.813972	143	109	138	840.901
0.785398	0.458961	-0.107937	1	115	143	840.689
-0.261799	2.404280	-0.174044	132	112	142	840.675
-1.570796	2.455966	-0.641220	140	113	142	840.655
-1.570796	0.709924	0.218797	11	131	115	840.445
-1.832596	1.696674	-1.253233	137	117	142	840.380
-2.356194	1.977582	0.969896	138	115	137	840.303
2.617994	1.128190	-2.288622	139	115	143	840.118
-0.261799	2.588535	-2.976617	141	108	1	840.091
-2.356194	0.297065	2.160177	128	117	11	839.916
2.617994	0.866955	-0.931351	1	113	141	839.826
1.047198	1.417623	-0.202254	24	131	119	839.426
2.356194	1.872854	1.543456	0	113	137	839.161
-1.832596	2.407836	1.410646	126	127	22	839.108
-0.785398	0.370812	-2.547742	6	133	35	838.836
-1.832596	2.343981	-1.040456	20	120	124	838.764
-3.141593	1.683268	0.374177	22	143	117	838.693
-3.141593	2.164094	-2.991358	137	117	1	838.369
1.308997	0.685216	-1.712745	1	110	143	838.046
1.047198	1.569311	-3.003978	2	116	139	838.027
0.523599	1.574060	2.783565	7	112	1	838.014
-0.523599	2.587733	0.232235	9	111	139	838.006
-2.094395	1.113094	-0.272241	138	96	11	837.991
2.879793	0.910508	1.903534	8	114	139	837.981
2.879793	0.700570	1.559208	130	114	7	837.855
-2.356194	1.045978	0.343692	127	122	129	837.828
-3.141593	0.203748	0.590255	139	142	30	837.745
2.094395	1.391910	3.030322	4	115	134	837.732
2.094395	2.033014	2.977192	143	115	136	837.586
2.617994	1.809167	1.213774	132	118	8	837.374
-1.047198	0.080730	-2.622036	9	118	142	837.172
0.523599	2.356369	3.005869	18	95	9	837.086
0.261799	1.683268	0.374177	10	111	139	836.706
-2.094395	1.732874	-0.951685	1	99	2	836.225
2.617994	1.662363	0.915448	12	114	138	836.169
1.832596	1.247695	1.809890	1	121	139	836.152
2.356194	0.379747	-1.713059	140	115	4	835.953
-2.879793	1.909857	-0.381669	133	117	137	835.938
-0.523599	2.299159	2.264663	1	112	133	835.768
-2.094395	0.571433	-1.188419	8	116	141	835.650
-0.261799	1.872854	1.543456	136	111	142	835.570
0.785398	1.736875	3.023612	134	119	140	835.445
1.308997	0.370812	-2.547742	5	114	123	835.396
2.094395	1.450119	-2.739050	128	120	2	835.367
1.832596	2.979456	-1.009304	4	135	28	835.297
2.356194	1.413347	-1.339188	137	117	139	835.177
-1.047198	2.356369	3.005869	133	107	4	835.169
2.094395	1.982574	-1.115518	129	115	3	834.842
-1.308997	0.961715	0.014085	140	116	133	834.708
-1.570796	1.982574	-1.115518	142	118	139	834.638
2.094395	0.290380	-0.796960	2	113	143	834.414
-0.785398	1.433411	-1.035986	9	112	140	834.176
-2.617994	1.045978	0.343692	138	115	136	834.041
0.785398	2.393226	1.857173	22	112	1	833.874
2.356194	1.113094	-0.272241	132	136	22	833.753
0.785398	1.050534	3.042579	143	116	131	833.705
2.094395	2.187132	-0.479875	33	136	124	833.683
1.832596	1.135813	-2.658866	5	112	131	833.644
0.000000	0.571433	-1.188419	19	117	125	833.617
1.308997	2.343981	-1.040456	18	130	116	833.592
1.308997	0.674054	1.013609	6	117	135	833.546
-0.523599	0.762244	-0.273349	26	123	1	833.418
-1.308997	1.510910	-0.740472	13	107	142	833.402
-2.094395	0.961715	0.014085	7	132	114	833.256
-0.523599	2.455966	-0.641220	1	113	139	833.184
0.523599	0.619654	-2.216909	140	116	119	833.168
2.356194	2.637879	2.121598	3	138	30	833.134
-2.879793	0.419640	2.974122	139	133	34	833.080
2.356194	0.866395	-2.492918	141	110	3	832.796
1.308997	1.812176	0.656819	3	138	32	832.659
-2.879793	1.325504	-1.671296	10	119	135	832.644
1.308997	2.349581	-2.702517	2	112	130	832.632
0.785398	1.135834	-1.431087	140	111	141	832.623
2.094395	1.488617	1.159546	132	119	7	832.619
1.308997	0.914445	2.687814	14	117	138	832.097
-2.094395	2.138223	1.678323	0	113	136	831.833
2.879793	1.242974	-2.977882	133	121	1	831.703
1.832596	1.450119	-2.739050	13	98	6	831.617
-1.832596	2.664082	-1.071402	7	117	138	831.537
0.000000	1.488617	1.159546	13	113	136	831.030
2.356194	1.134796	2.434290	1	115	136	830.829
0.785398	2.637879	2.121598	23	116	143	830.793
-3.141593	1.113094	-0.272241	134	121	134	830.770
1.047198	0.929350	-2.910676	7	96	10	830.664
0.261799	0.379747	-1.713059	2	114	120	830.659
1.570796	0.992645	-1.723759	9	138	107	830.575
-1.308997	2.180315	-1.357379	16	111	2	830.562
-1.570796	0.591903	2.010408	134	110	3	830.492
2.879793	0.496451	0.593859	4	138	30	830.261
-3.141593	1.256302	0.062705	125	119	2	830.247
1.832596	2.456751	-1.503343	128	111	9	830.211
2.617994	1.168678	2.108595	133	117	8	830.202
-1.308997	2.104282	-0.813972	14	101	5	830.165
-1.832596	1.045978	0.343692	134	118	131	830.141
-0.523599	1.135813	-2.658866	135	116	1	830.122
2.094395	1.606104	-0.451151	12	115	139	830.100
0.523599	1.732874	-0.951685	6	108	139	830.073
0.785398	0.914445	2.687814	141	118	135	829.994
-0.785398	2.164094	-2.991358	132	106	8	829.938
-0.785398	2.089241	-0.114193	127	117	1	829.859
-3.141593	0.929350	-2.910676	131	121	5	829.645
-1.308997	1.448123	-2.163292	130	116	10	829.575
-1.308997	0.496451	0.593859	24	134	123	829.571
-1.570796	1.367556	0.358405	138	116	130	829.432
0.785398	1.168678	2.108595	142	120	136	829.426
-0.523599	2.979456	-1.009304	134	109	142	829.422
-0.261799	0.733948	3.021411	126	126	20	829.182
0.261799	1.948085	-2.363031	2	109	126	829.096
1.832596	1.904882	-1.478089	8	135	32	829.005
0.261799	0.674054	1.013609	17	98	28	828.713
0.523599	2.138223	1.678323	138	113	142	828.686
2.617994	0.618092	2.539118	4	113	129	828.657
-1.832596	1.113094	-0.272241	10	133	113	828.576
-1.570796	2.001437	0.381215	143	111	137	828.385
1.832596	2.247462	0.191623	137	115	143	828.160
1.832596	2.187132	-0.479875	140	140	26	828.108
0.000000	2.404280	-0.174044	133	107	143	827.973
-2.356194	1.617114	-1.572037	141	118	127	827.838
0.000000	2.251330	-2.330739	141	110	121	827.613
1.570796	0.080730	-2.622036	22	116	134	827.592
0.523599	1.335669	0.897240	1	141	31	827.074
-0.523599	1.606104	-0.451151	126	113	6	826.883
-0.785398	2.881233	-2.582574	138	101	2	826.794
2.879793	0.370812	-2.547742	136	119	1	826.684
1.570796	2.393226	1.857173	141	114	139	826.646
-0.785398	2.863997	0.549740	10	116	128	826.389
-2.094395	0.910508	1.903534	22	137	28	826.373
2.617994	2.251330	-2.330739	2	116	133	826.229
1.832596	0.674054	1.013609	7	138	30	826.118
-2.356194	2.881233	-2.582574	133	134	20	826.047
1.832596	1.367556	0.358405	11	116	134	826.025
-2.879793	1.741644	-2.695914	135	116	6	825.979
-0.523599	2.104282	-0.813972	19	111	3	825.975
1.570796	2.587733	0.232235	16	126	114	825.723
0.000000	1.736875	3.023612	128	117	10	825.630
-1.047198	2.979456	-1.009304	132	136	21	825.502
0.261799	1.732874	-0.951685	140	111	119	825.442
-1.047198	2.138223	1.678323	138	108	142	825.410
0.261799	0.458961	-0.107937	4	93	29	825.349
-0.523599	1.809167	1.213774	132	114	140	824.635
0.000000	1.218453	2.777284	134	116	4	824.608
1.570796	1.413347	-1.339188	4	129	35	824.558
-2.094395	2.984978	1.954446	139	100	1	824.555
-1.308997	0.899350	-2.069907	142	112	139	824.520
-3.141593	2.704512	1.488683	131	118	138	824.425
2.879793	0.864993	2.278281	2	113	142	824.361
-1.832596	0.618092	2.539118	21	141	122	823.965
-0.785398	1.413430	2.550734	143	111	133	823.822
-1.570796	0.674054	1.013609	21	132	26	823.802
-2.356194	2.724429	-0.348782	133	117	136	823.586
-0.261799	1.875281	0.107086	138	116	134	823.577
-1.570796	2.153910	-1.714959	134	115	4	823.439
1.047198	1.194549	-0.801900	0	126	34	823.235
0.785398	0.961715	0.014085	2	113	140	823.220
-3.141593	0.733948	3.021411	4	111	2	823.191
2.356194	2.719179	-1.780644	138	105	6	823.048
-1.832596	1.247695	1.809890	138	114	139	823.028
1.308997	1.134796	2.434290	14	118	140	822.984
2.094395	1.662363	0.915448	14	111	138	822.869
-1.570796	2.108018	1.311430	138	111	139	822.682
-1.570796	0.700570	1.559208	139	114	0	822.655
0.523599	2.664082	-1.071402	134	110	0	822.433
1.308997	1.413430	2.550734	5	114	143	822.354
-0.261799	1.135813	-2.658866	130	112	13	822.047
2.879793	0.929350	-2.910676	135	140	31	821.969
2.879793	1.736875	3.023612	16	114	130	821.893
1.570796	2.153910	-1.714959	137	115	141	821.880
-0.523599	2.187132	-0.479875	129	112	2	821.834
-0.785398	0.850607	-1.335383	140	113	140	821.778
-1.047198	0.591903	2.010408	140	130	30	821.746
-1.047198	1.325504	-1.671296	137	131	33	821.708
-1.047198	1.998705	2.370472	129	116	139	821.520
0.261799	2.664082	-1.071402	139	101	1	821.438
2.356194	1.168678	2.108595	130	118	9	821.209
2.094395	1.113094	-0.272241	133	121	0	821.191
-0.785398	2.637879	2.121598	0	109	141	821.187
-1.047198	1.504028	0.636812	131	113	142	821.168
-0.785398	1.545873	-1.877082	136	126	32	821.099
1.047198	2.404280	-0.174044	2	120	107	820.995
1.832596	0.733948	3.021411	138	113	129	820.959
-0.785398	1.301460	-0.509251	11	96	17	820.893
-2.094395	1.809167	1.213774	133	104	5	820.887
0.785398	0.700570	1.559208	130	142	24	820.759
1.570796	1.168678	2.108595	5	114	1	820.625
2.879793	1.948085	-2.363031	25	128	122	820.121
-0.523599	1.367556	0.358405	136	109	143	820.011
-2.879793	2.719179	-1.780644	3	114	140	819.667
2.094395	1.977582	0.969896	0	114	138	819.248
-1.570796	1.904882	-1.478089	134	119	2	819.234
0.261799	2.063651	-2.044600	0	110	122	819.174
-0.261799	2.579248	-2.364801	4	114	133	819.086
-3.141593	2.104282	-0.813972	3	113	138	819.080
2.356194	2.041297	-2.664597	19	108	6	818.958
-1.832596	2.089241	-0.114193	12	114	129	818.938
2.879793	2.108018	1.311430	143	118	134	818.746
-1.047198	2.404280	-0.174044	10	116	121	818.696
1.570796	0.762244	-0.273349	6	112	142	818.646
-3.141593	0.960688	-0.577532	142	121	133	818.574
-2.094395	2.104282	-0.813972	1	97	6	818.533
-0.261799	1.662363	0.915448	6	114	133	818.526
1.047198	1.374601	-2.456031	13	134	118	818.505
-1.047198	1.510910	-0.740472	13	108	142	818.120
-2.879793	0.929350	-2.910676	5	117	141	817.866
-2.094395	1.417623	-0.202254	141	115	138	817.728
-1.832596	1.904882	-1.478089	6	106	0	817.542
-1.832596	0.640596	-2.797608	140	116	143	817.326
2.617994	1.555207	1.708892	130	122	5	817.035
1.570796	1.732874	-0.951685	19	114	138	816.909
0.785398	1.128190	-2.288622	141	117	117	816.879
-2.879793	0.762244	-0.273349	19	141	122	816.559
-3.141593	1.555207	1.708892	11	132	35	816.442
-0.785398	1.875281	0.107086	126	116	2	816.321
2.094395	1.504028	0.636812	138	122	141	816.246
-1.308997	0.866955	-0.931351	3	106	140	816.210
2.356194	2.104282	-0.813972	139	132	24	816.080
-1.308997	1.135834	-1.431087	139	135	33	816.013
1.308997	1.721184	-0.153948	21	134	116	815.847
2.356194	1.391910	3.030322	131	119	5	815.804
0.000000	2.719179	-1.780644	141	135	26	815.732
1.832596	1.214854	-1.966664	6	134	107	815.618
2.879793	2.251330	-2.330739	7	125	111	815.432
-0.785398	2.251330	-2.330739	131	112	2	815.298
-0.785398	1.658653	-2.409879	126	117	9	815.216
-2.356194	2.396274	-1.959260	130	139	25	815.159
-0.261799	0.458961	-0.107937	131	115	1	815.037
0.523599	1.836682	-0.676006	142	107	142	815.017
0.261799	0.571433	-1.188419	21	119	125	814.970
0.523599	0.910508	1.903534	130	141	25	814.720
2.094395	0.419640	2.974122	3	113	125	814.718
2.094395	0.992645	-1.723759	17	113	0	814.695
-1.308997	1.506530	1.988858	143	108	138	814.670
-0.785398	1.256302	0.062705	128	114	2	814.586
0.261799	1.256302	0.062705	143	102	3	814.544
0.000000	2.592629	0.909713	13	112	139	814.443
-2.879793	0.960688	-0.577532	141	112	142	814.139
1.047198	1.218453	2.777284	13	116	137	814.110
-1.832596	2.108018	1.311430	137	100	4	814.057
2.356194	1.555207	1.708892	125	128	10	814.053
-2.356194	1.872854	1.543456	8	138	36	813.846
1.570796	1.846342	-1.796954	10	136	32	813.739
1.832596	1.134796	2.434290	137	116	136	813.594
1.832596	1.195355	1.200319	2	114	1	813.587
1.047198	2.979456	-1.009304	6	99	141	813.560
2.094395	1.218453	2.777284	140	105	6	813.374
1.832596	0.419640	2.974122	134	109	8	813.312
1.832596	2.299159	2.264663	24	124	141	813.246
-1.832596	1.809167	1.213774	135	101	5	813.111
2.356194	2.704512	1.488683	141	140	28	812.988
-1.570796	1.756530	-2.105156	4	111	0	812.945
1.308997	2.979456	-1.009304	132	118	135	812.831
0.000000	0.700570	1.559208	12	132	32	812.607
-2.879793	0.290380	-0.796960	11	118	143	812.588
1.308997	1.448123	-2.163292	10	102	2	812.585
2.356194	0.419640	2.974122	23	116	135	812.543
0.785398	0.762244	-0.273349	142	114	142	812.466
-3.141593	1.606104	-0.451151	129	106	8	812.243
2.879793	0.733948	3.021411	4	110	1	812.170
0.523599	1.766067	2.153843	131	122	140	812.109
2.879793	2.343981	-1.040456	8	114	136	812.108
-0.785398	2.979456	-1.009304	19	143	117	811.982
0.261799	1.699788	2.452890	138	114	6	811.955
2.356194	1.948085	-2.363031	14	100	5	811.913
1.570796	1.134796	2.434290	6	112	143	811.870
-2.094395	1.433411	-1.035986	1	137	34	811.849
-3.141593	0.419640	2.974122	139	135	34	811.817
2.356194	2.108018	1.311430	131	117	15	811.754
2.617994	0.297065	2.160177	6	115	134	811.401
-1.832596	1.256302	0.062705	132	118	127	811.047
0.000000	2.379497	0.561089	139	119	129	810.990
-1.308997	2.404280	-0.174044	141	111	141	810.985
1.047198	0.733948	3.021411	140	115	127	810.892
1.832596	2.455966	-0.641220	141	141	27	810.870
-0.523599	0.866395	-2.492918	124	125	9	810.746
-1.570796	1.545873	-1.877082	1	108	2	810.706
0.261799	1.904882	-1.478089	4	140	107	810.339
1.832596	0.640596	-2.797608	24	116	132	810.319
-0.785398	2.343981	-1.040456	18	113	4	810.202
2.094395	2.724429	-0.348782	4	136	28	810.196
-1.570796	2.180315	-1.357379	135	114	3	810.062
-1.047198	2.174483	2.653697	0	103	142	810.062
-0.785398	1.824694	1.850876	133	112	141	809.997
-0.261799	0.370812	-2.547742	128	114	15	809.861
-1.570796	1.448123	-2.163292	0	111	1	809.790
-1.308997	1.824694	1.850876	3	111	136	809.729
-2.094395	1.335669	0.897240	6	113	142	809.727
2.617994	2.089241	-0.114193	19	117	141	809.710
-3.141593	2.001437	0.381215	142	114	139	809.476
-0.785398	0.458961	-0.107937	26	118	134	809.319
-0.523599	1.413430	2.550734	4	111	133	809.262
1.047198	2.396274	-1.959260	123	124	5	809.101
-1.308997	0.418037	1.360082	135	112	5	809.059
0.261799	2.356369	3.005869	15	93	9	809.052
0.000000	1.756530	-2.105156	140	110	128	809.047
0.000000	1.998705	2.370472	9	110	138	808.987
-1.832596	2.760637	2.781135	135	106	143	808.702
-2.617994	1.413347	-1.339188	6	115	137	808.644
-1.047198	0.899350	-2.069907	130	120	7	808.630
1.047198	2.637879	2.121598	22	119	139	808.600
1.047198	1.448123	-2.163292	16	111	5	808.589
-0.523599	0.419640	2.974122	130	117	19	808.570
-2.617994	1.310100	1.488307	130	110	10	808.555
1.570796	1.045978	0.343692	138	137	26	808.345
2.356194	1.014500	0.906702	135	118	1	808.278
-2.617994	2.343981	-1.040456	17	116	123	808.235
0.000000	2.115563	0.685730	135	110	140	808.062
-0.785398	1.696674	-1.253233	11	111	141	808.058
-0.523599	1.824694	1.850876	136	111	141	808.021
2.094395	0.080730	-2.622036	27	121	133	807.947
-3.141593	1.450119	-2.739050	138	1	30	807.883
-3.141593	2.719179	-1.780644	1	116	135	807.871
-0.785398	0.496451	0.593859	126	113	11	807.841
1.832596	1.948085	-2.363031	8	99	6	807.767
0.261799	1.756530	-2.105156	0	110	127	807.693
-3.141593	1.448123	-2.163292	134	121	136	807.648
-3.141593	0.910508	1.903534	11	113	140	807.443
2.879793	1.194549	-0.801900	5	118	134	807.375
0.523599	2.251330	-2.330739	3	105	1	807.338
-1.832596	0.709924	0.218797	6	129	114	807.308
-0.261799	1.948085	-2.363031	127	116	1	807.249
-2.094395	1.488617	1.159546	17	116	5	806.947
-2.879793	1.599406	1.426070	7	133	36	806.932
-2.617994	2.393226	1.857173	136	113	139	806.897
-0.785398	2.073035	2.027405	135	113	139	806.856
2.356194	2.664082	-1.071402	127	108	13	806.818
-1.832596	0.458961	-0.107937	1	130	110	806.790
2.094395	2.089241	-0.114193	8	116	132	806.654
-3.141593	2.396274	-1.959260	20	122	121	806.597
-2.094395	1.506530	1.988858	141	114	138	806.442
1.308997	2.724429	-0.348782	135	111	142	806.436
2.356194	0.203748	0.590255	138	0	28	806.361
2.879793	1.135834	-1.431087	142	118	136	806.297
-2.094395	2.637879	2.121598	132	112	142	806.247
-0.261799	1.504028	0.636812	126	117	139	806.234
2.617994	0.379747	-1.713059	0	115	0	806.193
1.570796	1.869911	2.701025	19	117	136	806.174
2.356194	1.335669	0.897240	14	113	142	806.160
-2.617994	2.033014	2.977192	4	120	138	806.144
2.879793	1.904882	-1.478089	131	119	132	805.870
-1.047198	1.184361	0.625864	133	111	1	805.788
1.832596	1.574060	2.783565	124	127	10	805.775
-1.047198	0.685216	-1.712745	0	135	35	805.650
1.308997	1.134497	-1.109631	129	122	6	805.469
2.094395	1.846342	-1.796954	128	118	142	805.193
2.356194	2.396274	-1.959260	142	105	1	805.093
-0.261799	1.374601	-2.456031	136	114	143	804.973
0.785398	1.809167	1.213774	140	107	140	804.930
-0.523599	1.128190	-2.288622	139	113	140	804.900
-1.832596	0.203748	0.590255	6	114	129	804.752
-2.094395	1.510910	-0.740472	141	99	5	804.746
-2.094395	2.579248	-2.364801	26	131	124	804.721
-0.523599	1.948085	-2.363031	129	113	5	804.704
-1.047198	0.831641	0.616218	30	135	131	804.703
2.617994	0.831641	0.616218	137	117	143	804.671
2.356194	1.836682	-0.676006	130	116	3	804.500
-1.047198	1.599406	1.426070	15	135	117	804.463
2.356194	1.325504	-1.671296	133	122	139	804.207
0.785398	1.756530	-2.105156	13	113	2	804.168
-2.356194	1.242974	-2.977882	15	119	142	804.057
2.094395	1.870545	-2.976234	126	125	9	803.969
-0.785398	0.831641	0.616218	4	103	3	803.900
1.570796	1.450119	-2.739050	9	96	9	803.646
-3.141593	0.496451	0.593859	131	107	7	803.594
-1.047198	2.396274	-1.959260	28	143	124	803.492
-2.356194	0.899350	-2.069907	19	0	116	803.455
0.785398	1.184361	0.625864	0	142	30	803.453
-0.785398	1.045978	0.343692	131	111	4	803.431
2.879793	2.153910	-1.714959	141	104	0	803.384
2.356194	1.699788	2.452890	130	122	5	803.273
0.523599	2.396274	-1.959260	4	108	143	803.245
-1.047198	1.413347	-1.339188	141	117	141	802.972
2.356194	1.247695	1.809890	132	116	8	802.905
2.617994	1.846342	-1.796954	6	117	132	802.872
0.261799	1.658653	-2.409879	137	116	141	802.823
-2.356194	1.025536	1.576859	127	114	9	802.675
-1.308997	2.455966	-0.641220	139	110	143	802.650
-2.879793	1.732874	-0.951685	136	102	2	802.434
-0.261799	0.379747	-1.713059	134	112	143	802.413
-1.832596	1.504028	0.636812	143	113	134	802.274
-0.785398	2.041297	-2.664597	132	110	5	801.862
-1.832596	1.872854	1.543456	141	114	135	801.613
-0.523599	0.850607	-1.335383	141	116	138	801.552
-3.141593	2.187132	-0.479875	129	104	12	801.397
-0.261799	2.393226	1.857173	9	114	133	801.363
1.047198	2.164094	-2.991358	138	114	1	801.335
2.617994	1.247695	1.809890	135	115	7	801.101
2.094395	1.195355	1.200319	8	113	143	800.977
-2.879793	1.194549	-0.801900	5	137	33	800.878
2.094395	1.875281	0.107086	143	117	141	800.785
-3.141593	2.251330	-2.330739	24	124	123	800.740
2.617994	2.704512	1.488683	6	142	31	800.706
-2.879793	1.417623	-0.202254	16	119	2	800.562
-3.141593	1.869911	2.701025	0	118	140	800.538
-1.308997	2.299159	2.264663	128	115	3	800.499
0.785398	2.984978	1.954446	9	113	138	800.430
0.785398	2.455966	-0.641220	0	117	109	800.361
1.308997	1.756530	-2.105156	14	134	32	800.315
-1.047198	0.571433	-1.188419	137	110	143	800.268
2.879793	2.115563	0.685730	143	118	139	800.244
1.832596	2.724429	-0.348782	9	104	140	800.207
-0.523599	2.063651	-2.044600	132	110	4	800.109
-0.523599	2.396274	-1.959260	133	111	143	799.919
1.047198	0.685216	-1.712745	4	111	142	799.843
0.785398	0.496451	0.593859	7	127	31	799.838
-1.570796	1.256302	0.062705	137	116	126	799.645
0.000000	2.407836	1.410646	137	116	141	799.572
2.879793	2.664082	-1.071402	14	135	109	799.544
-2.094395	1.045978	0.343692	130	119	130	799.523
0.000000	0.992645	-1.723759	2	113	137	799.501
1.832596	2.104282	-0.813972	16	135	111	799.460
-2.094395	2.478122	2.609777	133	105	1	799.413
-0.523599	1.872854	1.543456	132	114	139	799.251
1.047198	2.393226	1.857173	23	118	142	799.250
-1.308997	2.579248	-2.364801	29	1	127	799.196
0.000000	2.637879	2.121598	19	137	111	799.142
-1.570796	2.588535	-2.976617	129	108	3	798.884
-0.523599	1.683268	0.374177	137	112	139	798.868
-1.832596	0.850607	-1.335383	143	140	34	798.723
-0.523599	1.504028	0.636812	123	119	139	798.721
1.570796	2.760637	2.781135	21	117	136	798.644
-2.879793	1.998705	2.370472	137	111	140	798.595
1.047198	0.960688	-0.577532	140	125	32	798.523
-1.308997	0.203748	0.590255	24	118	134	798.432
-2.879793	0.297065	2.160177	26	119	137	798.376
-0.261799	1.488617	1.159546	11	113	136	798.212
-3.141593	1.134796	2.434290	3	118	138	798.156
0.523599	0.709924	0.218797	1	114	139	798.150
0.000000	2.164094	-2.991358	11	110	141	797.855
2.617994	0.709924	0.218797	131	112	8	797.800
-0.785398	1.134497	-1.109631	5	110	140	797.729
1.570796	1.545873	-1.877082	2	140	31	797.655
0.785398	1.599406	1.426070	1	107	139	797.464
-0.785398	2.104282	-0.813972	18	108	4	797.289
-0.785398	1.242974	-2.977882	135	108	13	797.151
-2.879793	2.592629	0.909713	6	112	136	797.060
2.617994	2.456751	-1.503343	139	106	3	796.794
2.356194	1.488617	1.159546	133	117	7	796.245
-1.047198	1.247695	1.809890	0	130	109	796.243
-2.356194	1.325504	-1.671296	17	117	143	796.118
1.047198	2.089241	-0.114193	14	102	142	795.991
2.879793	0.961715	0.014085	139	117	142	795.786
1.047198	2.138223	1.678323	22	119	141	795.709
-2.617994	0.864993	2.278281	141	117	143	795.653
2.879793	1.606104	-0.451151	128	111	8	795.581
-2.356194	1.555207	1.708892	143	117	137	795.559
2.879793	2.295480	1.008277	139	120	137	795.549
-3.141593	2.587733	0.232235	8	111	139	795.150
2.094395	1.554776	0.100351	137	134	27	795.150
-2.617994	1.809167	1.213774	3	135	36	795.095
-1.570796	2.393226	1.857173	138	109	140	794.986
-2.094395	1.367556	0.358405	130	120	130	794.953
2.879793	1.433411	-1.035986	136	120	132	794.915
2.617994	2.164094	-2.991358	5	115	134	794.487
1.832596	0.685216	-1.712745	14	139	110	794.344
2.356194	1.606104	-0.451151	122	127	7	794.292
2.879793	2.881233	-2.582574	27	120	132	794.104
2.879793	2.984978	1.954446	1	139	28	794.091
1.570796	1.184361	0.625864	142	108	6	794.024
1.832596	1.721184	-0.153948	121	140	8	793.866
-2.617994	1.184361	0.625864	7	112	0	793.643
-3.141593	2.041297	-2.664597	27	127	123	793.518
2.094395	0.571433	-1.188419	140	116	2	793.434
-1.570796	2.138223	1.678323	135	110	141	793.208
1.570796	0.640596	-2.797608	22	115	132	793.144
0.000000	2.587733	0.232235	8	112	139	793.068
1.832596	1.846342	-1.796954	6	139	31	792.766
-1.570796	0.379747	-1.713059	7	135	35	792.350
-3.141593	2.138223	1.678323	137	118	135	792.179
0.261799	1.050534	3.042579	9	117	139	791.990
0.261799	0.899350	-2.069907	142	118	117	791.705
-0.785398	0.379747	-1.713059	3	137	35	791.646
-0.261799	2.104282	-0.813972	141	108	140	791.534
-2.356194	2.579248	-2.364801	25	128	124	791.437
0.000000	1.135813	-2.658866	139	134	32	791.436
-1.570796	1.134796	2.434290	30	139	139	791.424
-2.617994	1.325504	-1.671296	11	118	135	791.066
0.000000	0.496451	0.593859	136	106	7	791.020
-2.094395	0.960688	-0.577532	15	115	2	790.999
-1.570796	2.881233	-2.582574	30	143	132	790.768
2.617994	0.203748	0.590255	4	136	31	790.653
1.832596	1.599406	1.426070	142	114	142	790.551
-1.570796	2.407836	1.410646	138	107	142	790.540
-1.047198	2.664082	-1.071402	127	111	6	790.446
-0.261799	1.510910	-0.740472	125	117	4	790.183
1.047198	2.041297	-2.664597	16	115	127	790.138
-0.523599	2.592629	0.909713	142	127	30	790.111
0.000000	2.588535	-2.976617	2	108	0	790.103
-0.785398	1.569311	-3.003978	135	108	8	790.083
-0.785398	0.674054	1.013609	143	125	29	789.892
-2.094395	2.760637	2.781135	130	106	2	789.621
2.879793	2.164094	-2.991358	27	126	126	789.534
2.617994	2.153910	-1.714959	138	136	107	789.510
-2.879793	1.045978	0.343692	140	115	139	789.488
-1.047198	1.214854	-1.966664	139	116	142	788.921
2.879793	1.599406	1.426070	5	133	36	788.899
-2.356194	2.343981	-1.040456	0	97	8	788.892
1.047198	1.662363	0.915448	18	125	113	788.886
0.000000	1.214854	-1.966664	140	114	135	788.858
2.356194	0.700570	1.559208	131	107	13	788.726
2.094395	2.164094	-2.991358	3	131	30	788.679
0.785398	2.704512	1.488683	27	123	139	788.621
-0.785398	1.904882	-1.478089	137	114	141	788.566
2.094395	2.456751	-1.503343	26	138	120	788.555
0.000000	1.195355	1.200319	23	127	123	788.443
-3.141593	1.134497	-1.109631	1	118	135	788.326
-2.094395	1.168678	2.108595	137	115	141	788.307
1.047198	1.875281	0.107086	7	106	139	788.267
-1.047198	1.606104	-0.451151	4	114	119	788.224
2.356194	1.683268	0.374177	143	119	139	788.219
-3.141593	1.391910	3.030322	135	120	0	788.080
-2.617994	1.134497	-1.109631	3	113	139	788.070
-0.523599	2.393226	1.857173	5	112	131	788.035
1.832596	2.664082	-1.071402	0	135	26	788.020
0.523599	1.812176	0.656819	21	134	116	787.982
-1.570796	1.809167	1.213774	130	111	1	787.831
-3.141593	1.545873	-1.877082	7	117	130	787.708
0.000000	1.869911	2.701025	10	108	141	787.685
-1.047198	1.545873	-1.877082	142	115	143	787.668
-2.879793	1.184361	0.625864	138	113	138	787.650
2.356194	1.135834	-1.431087	133	122	140	787.625
2.094395	2.379497	0.561089	136	115	143	787.600
-0.523599	1.134796	2.434290	5	111	135	787.538
-2.094395	1.194549	-0.801900	5	138	34	787.453
-2.879793	1.510910	-0.740472	133	104	3	787.423
1.308997	1.025536	1.576859	129	136	26	787.411
-2.094395	1.014500	0.906702	1	113	129	786.959
1.832596	1.554776	0.100351	140	135	28	786.948
0.785398	1.506530	1.988858	133	122	143	786.914
0.000000	0.906588	1.252948	14	109	2	786.897
-1.832596	2.393226	1.857173	135	112	139	786.860
2.094395	1.683268	0.374177	8	118	134	786.800
-1.570796	2.396274	-1.959260	17	116	3	786.776
0.523599	2.704512	1.488683	25	120	139	786.644
1.308997	2.393226	1.857173	141	115	138	786.427
1.047198	1.870545	-2.976234	3	114	134	786.420
-0.785398	0.866955	-0.931351	4	105	141	786.373
-1.308997	1.433411	-1.035986	2	100	4	786.279
0.523599	2.588535	-2.976617	15	95	6	786.217
2.879793	2.396274	-1.959260	137	113	128	786.051
-2.879793	2.174483	2.653697	5	120	137	785.935
-0.523599	1.599406	1.426070	11	112	138	785.895
-0.523599	2.356369	3.005869	139	107	3	785.867
-2.879793	1.450119	-2.739050	134	116	7	785.784
2.879793	2.407836	1.410646	3	140	32	785.745
2.356194	0.297065	2.160177	130	113	7	785.586
-2.094395	1.135834	-1.431087	142	108	139	785.536
2.094395	0.961715	0.014085	142	114	0	785.487
0.261799	2.979456	-1.009304	138	104	143	785.453
2.879793	1.184361	0.625864	141	118	139	785.382
1.308997	0.700570	1.559208	127	136	23	785.378
0.785398	0.960688	-0.577532	138	127	32	785.329
1.570796	2.664082	-1.071402	2	139	27	785.325
-0.785398	1.128190	-2.288622	140	114	141	785.312
-1.047198	2.343981	-1.040456	137	114	143	785.297
-0.523599	1.184361	0.625864	5	104	1	785.294
-1.570796	2.089241	-0.114193	15	114	129	785.292
-2.094395	2.456751	-1.503343	19	127	118	785.271
-3.141593	1.662363	0.915448	138	128	32	785.254
2.094395	2.251330	-2.330739	8	99	6	785.179
-1.570796	1.555207	1.708892	1	115	136	784.965
2.879793	1.555207	1.708892	132	120	4	784.773
-2.879793	1.247695	1.809890	14	129	32	784.421
-1.570796	2.247462	0.191623	135	112	141	784.366
-1.832596	1.134497	-1.109631	127	126	116	784.341
1.832596	2.349581	-2.702517	140	116	135	784.226
0.785398	0.929350	-2.910676	4	96	10	784.215
1.047198	2.863997	0.549740	32	142	141	784.154
0.523599	0.906588	1.252948	143	139	29	784.119
-1.832596	2.724429	-0.348782	1	114	140	784.066
-1.308997	1.872854	1.543456	0	113	133	783.733
0.000000	1.545873	-1.877082	138	112	129	783.610
0.785398	2.108018	1.311430	23	120	143	783.566
2.617994	0.910508	1.903534	4	113	139	783.498
-2.356194	1.195355	1.200319	4	113	143	782.841
0.261799	2.863997	0.549740	9	117	140	782.775
-2.617994	1.218453	2.777284	12	116	0	782.622
-2.356194	1.606104	-0.451151	137	97	8	782.620
0.000000	2.393226	1.857173	17	137	110	782.547
0.785398	2.356369	3.005869	136	114	4	782.414
1.832596	0.866955	-0.931351	137	117	3	782.398
1.570796	1.812176	0.656819	0	137	32	782.297
0.261799	2.299159	2.264663	137	114	3	782.294
0.000000	2.033014	2.977192	11	89	14	782.252
2.617994	2.407836	1.410646	137	113	140	782.030
-0.785398	2.299159	2.264663	141	106	0	782.012
2.094395	2.404280	-0.174044	121	137	15	781.875
-0.785398	1.662363	0.915448	143	94	6	781.861
-2.094395	0.700570	1.559208	127	114	10	781.849
-3.141593	1.025536	1.576859	7	114	141	781.759
-2.094395	2.251330	-2.330739	135	122	138	781.676
-1.832596	1.135834	-1.431087	128	131	114	781.672
2.094395	0.640596	-2.797608	27	118	132	781.651
-2.879793	1.135834	-1.431087	7	117	137	781.564
2.617994	0.640596	-2.797608	1	112	0	781.426
0.523599	2.979456	-1.009304	141	103	142	781.323
-1.832596	2.719179	-1.780644	26	126	124	781.301
0.000000	1.824694	1.850876	143	109	140	781.234
-2.617994	1.128190	-2.288622	132	120	141	781.180
2.617994	1.025536	1.576859	128	117	9	781.117
0.523599	0.733948	3.021411	134	119	127	780.965
1.047198	0.866395	-2.492918	143	115	120	780.882
2.879793	1.113094	-0.272241	143	114	141	780.721
2.879793	1.488617	1.159546	143	132	34	780.647
1.832596	0.418037	1.360082	125	131	18	780.574
-0.523599	1.247695	1.809890	142	103	140	780.545
2.617994	2.984978	1.954446	5	137	28	780.477
1.570796	1.214854	-1.966664	6	133	108	780.390
1.308997	1.658653	-2.409879	7	101	3	780.372
-2.879793	1.948085	-2.363031	25	128	119	780.363
1.308997	1.135834	-1.431087	127	127	9	779.914
-3.141593	1.194549	-0.801900	6	136	33	779.824
1.308997	0.591903	2.010408	135	121	134	779.824
2.617994	2.033014	2.977192	27	125	13	779.684
2.617994	1.741644	-2.695914	19	114	143	779.675
2.094395	0.618092	2.539118	12	98	24	779.658
-0.261799	2.164094	-2.991358	143	109	122	779.591
2.356194	1.301460	-0.509251	127	122	5	779.479
-2.356194	2.704512	1.488683	8	110	136	779.372
1.832596	0.850607	-1.335383	136	115	5	779.301
0.785398	1.683268	0.374177	2	100	143	779.217
-2.356194	0.914445	2.687814	7	114	2	779.032
-1.832596	2.455966	-0.641220	132	118	3	779.025
2.094395	0.831641	0.616218	136	116	5	778.954
-2.094395	0.674054	1.013609	5	112	129	778.754
-2.094395	0.899350	-2.069907	18	141	118	778.600
0.261799	1.128190	-2.288622	143	132	32	778.498
-3.141593	1.574060	2.783565	138	119	142	778.344
-0.523599	0.496451	0.593859	129	110	9	778.238
-0.523599	1.301460	-0.509251	27	124	0	778.125
-1.832596	2.456751	-1.503343	23	123	122	778.117
2.879793	2.349581	-2.702517	26	125	124	778.076
-1.832596	2.180315	-1.357379	136	115	3	778.044
0.523599	0.674054	1.013609	20	101	28	778.022
-0.523599	0.866955	-0.931351	4	114	140	777.890
0.261799	0.290380	-0.796960	26	122	130	777.776
2.879793	2.033014	2.977192	29	128	129	777.570
0.523599	0.929350	-2.910676	137	117	123	777.527
-0.785398	1.699788	2.452890	133	113	141	777.523
2.617994	1.998705	2.370472	134	117	142	777.518
2.879793	0.640596	-2.797608	131	123	4	777.469
1.570796	1.413430	2.550734	135	116	137	777.219
-2.879793	2.295480	1.008277	127	119	142	776.854
2.356194	2.592629	0.909713	132	140	24	776.722
-0.785398	1.310100	1.488307	10	133	115	776.564
-1.047198	2.153910	-1.714959	128	113	6	776.514
-1.832596	1.662363	0.915448	134	104	4	776.483
-0.785398	0.619654	-2.216909	4	137	36	776.401
2.094395	1.413347	-1.339188	128	124	142	776.383
0.785398	1.846342	-1.796954	12	114	142	776.307
-1.570796	0.866955	-0.931351	128	122	121	776.208
-0.261799	0.992645	-1.723759	0	113	136	776.138
0.523599	1.025536	1.576859	134	143	27	776.121
-0.785398	1.504028	0.636812	138	111	140	776.042
1.047198	0.619654	-2.216909	3	115	119	775.915
-0.523599	1.574060	2.783565	4	111	135	775.912
1.047198	1.683268	0.374177	11	108	139	775.834
1.570796	2.247462	0.191623	21	126	116	775.822
-2.617994	0.297065	2.160177	27	121	137	775.818
2.617994	2.343981	-1.040456	139	132	24	775.543
0.000000	1.135834	-1.431087	17	121	121	775.417
-1.047198	1.824694	1.850876	134	112	137	775.056
-1.308997	2.379497	0.561089	135	112	143	775.042
-2.356194	1.134497	-1.109631	4	111	139	774.986
-0.785398	1.025536	1.576859	10	134	116	774.829
0.785398	0.379747	-1.713059	13	108	141	774.820
0.785398	2.407836	1.410646	27	124	143	774.516
-0.261799	2.478122	2.609777	143	113	135	774.383
-1.570796	2.187132	-0.479875	139	114	140	774.180
1.832596	2.033014	2.977192	140	115	136	773.946
-2.879793	1.488617	1.159546	3	130	34	773.866
0.000000	0.458961	-0.107937	129	112	12	773.816
0.785398	1.977582	0.969896	5	109	137	773.815
1.832596	1.413430	2.550734	124	125	12	773.680
-1.570796	1.599406	1.426070	128	115	142	773.670
2.356194	1.417623	-0.202254	136	139	26	773.632
-3.141593	1.014500	0.906702	138	116	140	773.567
0.000000	1.448123	-2.163292	141	112	133	773.529
-1.308997	2.247462	0.191623	143	103	142	773.479
2.356194	2.247462	0.191623	10	117	129	773.327
1.570796	0.419640	2.974122	3	116	133	773.270
-1.832596	0.866395	-2.492918	19	143	119	772.942
-0.785398	1.756530	-2.105156	128	113	8	772.846
-2.094395	2.404280	-0.174044	135	104	13	772.761
0.261799	1.134796	2.434290	17	101	31	772.651
2.356194	2.881233	-2.582574	143	116	138	772.601
0.261799	1.846342	-1.796954	6	112	141	772.539
-0.261799	0.619654	-2.216909	5	132	36	772.518
2.356194	2.251330	-2.330739	18	117	126	772.372
1.047198	0.370812	-2.547742	2	114	123	772.244
-0.523599	1.417623	-0.202254	133	112	0	772.239
0.523599	2.579248	-2.364801	7	107	143	771.923
1.832596	1.617114	-1.572037	0	115	137	771.899
2.356194	1.554776	0.100351	124	123	17	771.772
-0.261799	0.850607	-1.335383	16	118	124	771.497
-2.356194	1.134796	2.434290	12	118	136	771.403
-2.356194	1.569311	-3.003978	29	131	13	771.370
1.832596	1.391910	3.030322	125	123	6	771.281
-2.356194	1.218453	2.777284	8	117	1	771.077
-1.308997	0.864993	2.278281	15	139	120	771.001
0.000000	0.370812	-2.547742	8	135	35	770.999
-0.523599	2.295480	1.008277	8	113	134	770.878
2.617994	1.448123	-2.163292	18	107	1	770.877
1.308997	1.391910	3.030322	123	120	11	770.858
0.000000	1.982574	-1.115518	10	128	114	770.799
2.617994	2.108018	1.311430	130	125	2	770.746
-2.094395	1.374601	-2.456031	3	114	141	770.623
1.047198	1.982574	-1.115518	18	110	143	770.463
-1.308997	0.379747	-1.713059	7	136	35	770.277
-0.523599	1.440580	2.260026	4	111	130	770.062
-0.785398	1.247695	1.809890	1	127	109	770.045
-1.047198	2.063651	-2.044600	24	142	119	770.003
0.261799	1.812176	0.656819	20	132	116	769.809
2.879793	2.456751	-1.503343	0	118	116	769.507
1.832596	0.866395	-2.492918	6	112	128	769.410
-0.523599	2.138223	1.678323	138	111	142	769.297
-0.261799	1.736875	3.023612	135	108	9	769.242
1.308997	1.194549	-0.801900	130	119	2	769.241
-0.523599	0.203748	0.590255	134	111	8	769.197
-2.879793	1.872854	1.543456	4	132	35	769.168
-1.308997	2.115563	0.685730	12	112	139	769.160
-1.047198	1.448123	-2.163292	139	112	4	769.113
0.261799	2.153910	-1.714959	6	107	143	769.092
0.523599	2.343981	-1.040456	143	114	112	769.072
-1.570796	1.872854	1.543456	134	110	142	769.062
-0.261799	0.700570	1.559208	139	98	3	768.969
2.879793	1.310100	1.488307	143	116	1	768.777
0.000000	1.555207	1.708892	16	112	137	768.753
-0.523599	1.135834	-1.431087	1	114	138	768.751
2.094395	0.960688	-0.577532	140	114	1	768.721
-1.047198	2.089241	-0.114193	139	111	141	768.629
-1.047198	1.846342	-1.796954	1	114	141	768.499
-1.308997	0.906588	1.252948	26	131	126	768.354
1.308997	0.866395	-2.492918	132	116	133	768.176
-1.308997	1.756530	-2.105156	128	116	8	768.032
-3.141593	2.299159	2.264663	9	119	137	767.925
0.000000	2.704512	1.488683	4	117	130	767.825
-1.832596	0.866955	-0.931351	137	102	1	767.792
-2.356194	1.824694	1.850876	133	112	143	767.770
-2.356194	1.014500	0.906702	12	134	119	767.659
-1.308997	0.960688	-0.577532	6	104	141	767.582
-0.261799	1.824694	1.850876	140	110	141	767.532
2.617994	1.756530	-2.105156	16	104	1	767.403
-0.261799	0.685216	-1.712745	0	108	139	767.400
-0.261799	1.417623	-0.202254	135	110	0	767.355
1.832596	2.587733	0.232235	136	114	139	767.313
2.879793	1.721184	-0.153948	133	106	8	767.253
-1.570796	2.984978	1.954446	0	108	140	767.140
-2.879793	1.134497	-1.109631	142	114	138	767.109
-1.308997	1.218453	2.777284	13	132	118	767.025
-1.047198	2.719179	-1.780644	133	106	1	766.941
-0.523599	0.700570	1.559208	137	101	2	766.916
2.617994	2.041297	-2.664597	21	116	2	766.913
-3.141593	2.180315	-1.357379	142	115	130	766.904
-2.879793	0.914445	2.687814	7	115	0	766.570
2.356194	1.504028	0.636812	9	115	140	766.554
-1.308997	1.869911	2.701025	138	103	1	766.509
2.617994	1.256302	0.062705	125	123	4	766.506
-0.261799	2.115563	0.685730	134	113	140	766.407
-0.523599	0.379747	-1.713059	2	137	35	766.332
-1.047198	0.850607	-1.335383	138	114	140	766.317
0.000000	2.760637	2.781135	13	95	3	766.305
0.261799	1.766067	2.153843	143	111	143	766.304
-2.879793	1.218453	2.777284	11	119	137	766.263
-2.356194	0.203748	0.590255	133	112	2	766.215
1.570796	1.683268	0.374177	142	107	4	766.001
2.094395	1.836682	-0.676006	122	130	4	765.961
0.785398	2.343981	-1.040456	0	112	136	765.949
-2.094395	1.450119	-2.739050	143	112	4	765.942
-2.879793	2.299159	2.264663	10	120	136	765.931
2.617994	1.242974	-2.977882	136	112	9	765.921
0.261799	0.850607	-1.335383	19	120	123	765.916
2.356194	1.662363	0.915448	13	112	138	765.771
-1.047198	1.128190	-2.288622	126	143	114	765.705
2.356194	0.910508	1.903534	130	112	13	765.665
2.356194	0.496451	0.593859	136	123	137	765.512
-3.141593	0.866955	-0.931351	138	114	141	765.507
-0.785398	2.760637	2.781135	141	109	142	765.452
-2.094395	2.153910	-1.714959	134	137	29	765.441
-1.570796	0.992645	-1.723759	129	122	5	765.422
-1.308997	2.089241	-0.114193	140	104	143	765.340
-0.261799	2.719179	-1.780644	137	101	2	765.264
0.000000	2.041297	-2.664597	1	110	127	765.242
0.261799	1.247695	1.809890	138	142	31	765.223
2.356194	2.863997	0.549740	14	130	111	765.117
-1.047198	2.041297	-2.664597	129	112	4	765.105
1.047198	0.914445	2.687814	12	117	138	764.957
0.261799	1.374601	-2.456031	136	129	28	764.683
1.308997	2.863997	0.549740	140	107	139	764.515
0.785398	2.164094	-2.991358	130	109	8	764.431
-1.570796	1.325504	-1.671296	129	121	8	764.430
0.261799	2.579248	-2.364801	2	113	131	764.320
0.785398	1.732874	-0.951685	127	117	0	764.225
-0.261799	0.866395	-2.492918	139	138	33	764.200
-2.356194	2.456751	-1.503343	18	125	118	764.107
-3.141593	1.301460	-0.509251	129	109	5	764.104
-1.570796	0.370812	-2.547742	14	138	118	764.078
-2.617994	2.404280	-0.174044	0	113	137	763.889
-1.570796	1.846342	-1.796954	142	117	141	763.832
0.523599	2.379497	0.561089	141	110	137	763.826
1.570796	1.998705	2.370472	20	118	139	763.812
-2.617994	0.640596	-2.797608	126	119	7	763.806
-1.308997	2.881233	-2.582574	130	104	4	763.766
2.879793	1.870545	-2.976234	29	128	126	763.754
-2.617994	2.063651	-2.044600	24	127	119	763.749
0.523599	0.866395	-2.492918	138	117	119	763.671
-0.261799	2.637879	2.121598	13	96	2	763.585
2.617994	0.866395	-2.492918	141	111	3	763.512
-2.356194	2.115563	0.685730	139	106	142	763.475
-2.094395	1.134497	-1.109631	6	110	139	763.469
-1.308997	1.025536	1.576859	136	111	141	763.463
-2.879793	2.724429	-0.348782	130	107	15	763.380
-0.261799	1.904882	-1.478089	1	134	108	763.317
1.570796	0.831641	0.616218	136	137	26	763.269
-0.261799	1.998705	2.370472	12	90	11	763.104
0.785398	1.824694	1.850876	137	118	140	763.041
-1.308997	2.396274	-1.959260	123	117	3	762.874
-0.261799	1.391910	3.030322	136	116	3	762.755
-2.879793	1.134796	2.434290	6	119	138	762.742
2.617994	1.982574	-1.115518	132	107	3	762.719
-0.523599	2.251330	-2.330739	129	113	2	762.663
0.523599	1.135813	-2.658866	137	117	119	762.557
-2.617994	0.700570	1.559208	0	112	129	762.379
0.261799	2.407836	1.410646	25	118	0	762.369
0.523599	0.370812	-2.547742	10	116	134	762.365
-1.832596	1.417623	-0.202254	6	114	135	762.324
-1.308997	1.014500	0.906702	17	132	29	762.252
-0.261799	2.187132	-0.479875	130	106	3	762.198
0.523599	0.615174	-0.666022	136	114	142	761.945
-1.047198	0.674054	1.013609	143	115	139	761.896
1.308997	2.404280	-0.174044	4	121	107	761.888
-2.356194	2.108018	1.311430	2	139	36	761.814
-0.523599	0.910508	1.903534	21	118	11	761.779
0.523599	2.456751	-1.503343	4	113	134	761.717
2.094395	2.637879	2.121598	28	128	139	761.566
-2.617994	1.554776	0.100351	133	117	141	761.445
-1.832596	0.379747	-1.713059	7	136	35	761.276
1.570796	0.458961	-0.107937	6	128	32	761.217
2.879793	0.297065	2.160177	135	115	141	761.108
0.000000	1.732874	-0.951685	133	109	2	761.015
-2.356194	2.138223	1.678323	130	118	140	760.938
-1.047198	2.115563	0.685730	131	113	0	760.912
0.785398	2.001437	0.381215	143	103	141	760.833
1.570796	0.370812	-2.547742	24	116	132	760.726
-1.570796	2.343981	-1.040456	0	115	140	760.703
-2.879793	2.704512	1.488683	141	110	138	760.598
-0.523599	1.904882	-1.478089	139	113	140	760.562
-0.523599	0.418037	1.360082	135	102	7	760.476
2.094395	1.440580	2.260026	141	113	139	760.453
0.523599	2.719179	-1.780644	7	113	132	760.414
1.832596	2.407836	1.410646	19	136	114	760.321
-3.141593	1.875281	0.107086	3	115	138	760.295
-2.617994	1.433411	-1.035986	137	117	129	760.267
2.356194	2.588535	-2.976617	24	119	133	760.260
-0.523599	2.115563	0.685730	3	132	31	760.250
-1.570796	2.404280	-0.174044	135	114	143	760.195
2.879793	2.356369	3.005869	138	117	142	760.192
-1.047198	1.904882	-1.478089	12	114	143	760.112
0.785398	0.640596	-2.797608	138	115	122	760.056
-2.356194	1.909857	-0.381669	137	96	11	759.853
2.617994	2.863997	0.549740	5	105	138	759.781
2.356194	0.992645	-1.723759	136	119	142	759.637
2.617994	1.870545	-2.976234	18	112	2	759.555
-3.141593	1.809167	1.213774	143	131	35	759.413
2.356194	1.214854	-1.966664	25	129	122	759.336
-0.261799	1.569311	-3.003978	17	110	141	759.299
0.523599	2.592629	0.909713	14	113	140	759.287
-1.047198	2.760637	2.781135	137	108	143	759.286
0.785398	2.153910	-1.714959	12	114	139	759.273
-3.141593	1.846342	-1.796954	16	125	116	759.129
0.523599	1.741644	-2.695914	135	102	11	759.086
2.356194	1.242974	-2.977882	25	120	2	759.079
-1.308997	0.831641	0.616218	126	113	7	758.998
2.094395	1.872854	1.543456	123	134	16	758.899
-0.523599	2.637879	2.121598	11	95	2	758.799
-0.785398	2.108018	1.311430	134	112	143	758.784
1.570796	1.135834	-1.431087	0	131	35	758.729
-2.356194	1.809167	1.213774	135	114	141	758.712
1.570796	1.325504	-1.671296	2	116	134	758.695
2.094395	0.850607	-1.335383	137	118	143	758.684
1.570796	1.909857	-0.381669	138	115	139	758.672
-0.261799	1.699788	2.452890	5	107	141	758.607
0.000000	0.080730	-2.622036	0	115	128	758.483
-2.094395	2.180315	-1.357379	5	100	4	758.482
-0.785398	0.203748	0.590255	126	114	15	758.397
1.047198	2.343981	-1.040456	5	112	136	758.387
0.523599	0.571433	-1.188419	0	96	31	758.348
1.308997	0.418037	1.360082	125	138	19	758.341
-2.094395	1.683268	0.374177	141	110	139	758.316
0.261799	2.247462	0.191623	132	104	2	758.205
2.617994	1.736875	3.023612	130	123	3	758.180
-1.832596	2.115563	0.685730	139	106	143	758.161
2.617994	1.335669	0.897240	121	127	2	757.948
-1.308997	0.700570	1.559208	142	126	30	757.904
-2.094395	1.135813	-2.658866	141	113	3	757.873
1.832596	1.301460	-0.509251	14	113	141	757.871
-1.308997	1.128190	-2.288622	130	117	11	757.865
1.832596	1.699788	2.452890	141	114	139	757.658
2.094395	1.904882	-1.478089	8	135	32	757.549
-0.261799	1.506530	1.988858	143	105	141	757.475
1.570796	2.881233	-2.582574	2	131	28	757.451
0.785398	1.440580	2.260026	0	118	135	757.451
-0.261799	1.135834	-1.431087	3	109	141	757.386
-2.356194	2.041297	-2.664597	143	116	2	757.352
-1.047198	2.379497	0.561089	134	115	142	757.335
2.094395	1.214854	-1.966664	15	107	1	757.287
2.356194	1.869911	2.701025	128	122	7	757.277
-2.879793	0.203748	0.590255	1	117	134	757.206
1.308997	0.419640	2.974122	22	138	125	757.130
0.000000	1.721184	-0.153948	138	113	136	757.125
2.879793	0.674054	1.013609	131	106	12	757.045
-2.356194	2.637879	2.121598	15	116	138	756.997
0.000000	1.699788	2.452890	12	111	127	756.978
2.879793	2.299159	2.264663	4	118	137	756.775
-0.785398	1.510910	-0.740472	123	118	12	756.697
-3.141593	1.510910	-0.740472	131	108	3	756.694
-0.523599	2.247462	0.191623	130	116	142	756.479
-1.570796	1.836682	-0.676006	4	97	7	756.444
2.879793	1.545873	-1.877082	15	109	143	756.430
2.617994	1.606104	-0.451151	10	118	136	756.391
-1.047198	1.909857	-0.381669	15	99	9	756.291
0.261799	2.724429	-0.348782	137	105	141	756.119
-1.047198	1.766067	2.153843	129	115	140	756.074
2.094395	0.929350	-2.910676	143	109	0	756.061
2.617994	1.658653	-2.409879	25	129	121	756.052
-3.141593	0.640596	-2.797608	0	114	3	755.779
-2.356194	1.662363	0.915448	137	116	135	755.748
-0.261799	1.195355	1.200319	10	111	141	755.695
0.000000	1.617114	-1.572037	122	119	0	755.391
-1.308997	1.555207	1.708892	2	113	136	755.353
1.308997	1.869911	2.701025	134	118	138	755.217
1.570796	2.138223	1.678323	24	140	117	755.201
-3.141593	2.343981	-1.040456	28	138	120	755.082
-0.261799	1.658653	-2.409879	140	108	3	755.045
-3.141593	1.247695	1.809890	8	111	139	754.996
-2.617994	1.617114	-1.572037	1	135	35	754.819
2.094395	1.310100	1.488307	1	112	2	754.760
-2.617994	1.555207	1.708892	130	116	3	754.652
0.261799	1.721184	-0.153948	2	110	140	754.622
2.094395	1.135834	-1.431087	131	123	141	754.543
2.617994	2.637879	2.121598	8	117	137	754.513
1.308997	1.824694	1.850876	25	118	0	754.502
-2.617994	2.984978	1.954446	139	106	141	754.475
0.785398	1.699788	2.452890	5	114	142	754.389
-1.832596	1.214854	-1.966664	138	116	142	754.383
-2.617994	1.732874	-0.951685	139	100	2	754.038
1.832596	0.929350	-2.910676	136	108	7	754.017
-2.094395	2.063651	-2.044600	138	120	139	753.991
2.356194	0.685216	-1.712745	137	119	1	753.969
-1.832596	1.128190	-2.288622	140	134	36	753.964
1.308997	1.875281	0.107086	21	135	114	753.886
0.261799	2.001437	0.381215	26	114	22	753.861
0.261799	2.033014	2.977192	15	92	13	753.720
-1.047198	2.588535	-2.976617	143	114	130	753.706
-1.308997	2.349581	-2.702517	128	107	8	753.688
-3.141593	0.906588	1.252948	3	109	34	753.657
-0.523599	0.929350	-2.910676	124	125	10	753.654
-0.523599	2.704512	1.488683	125	121	11	753.602
2.879793	1.617114	-1.572037	10	110	142	753.381
0.523599	1.736875	3.023612	137	100	20	753.299
-3.141593	1.417623	-0.202254	134	119	137	753.277
-2.094395	0.615174	-0.666022	0	130	108	753.272
1.047198	0.762244	-0.273349	5	111	141	753.222
2.356194	0.618092	2.539118	140	106	6	753.196
0.785398	1.870545	-2.976234	21	96	17	753.153
1.047198	1.168678	2.108595	16	115	140	753.143
-2.617994	1.488617	1.159546	138	117	137	753.132
-2.879793	2.164094	-2.991358	143	119	140	753.076
-2.094395	0.591903	2.010408	135	116	2	752.941
0.261799	1.909857	-0.381669	26	122	14	752.891
-1.570796	0.914445	2.687814	134	113	137	752.827
1.308997	1.050534	3.042579	119	129	2	752.616
2.879793	0.709924	0.218797	137	111	1	752.539
-2.094395	2.343981	-1.040456	4	98	6	752.514
0.000000	2.724429	-0.348782	25	132	127	752.475
0.785398	2.115563	0.685730	1	107	138	752.223
1.832596	1.218453	2.777284	123	126	6	752.158
1.832596	0.618092	2.539118	128	110	13	752.131
2.617994	0.850607	-1.335383	9	116	136	752.129
1.832596	1.736875	3.023612	124	126	8	751.951
-1.570796	0.297065	2.160177	135	130	30	751.944
0.523599	1.909857	-0.381669	143	108	139	751.853
2.094395	1.510910	-0.740472	124	130	1	751.669
-3.141593	2.456751	-1.503343	140	101	5	751.589
1.570796	2.073035	2.027405	23	124	0	751.562
2.356194	2.063651	-2.044600	139	105	0	751.306
0.000000	1.014500	0.906702	7	88	18	751.209
-0.523599	1.335669	0.897240	2	91	10	751.141
1.570796	1.025536	1.576859	3	113	2	751.052
2.094395	1.256302	0.062705	135	134	25	750.953
-2.094395	1.504028	0.636812	131	115	142	750.784
0.000000	2.108018	1.311430	1	112	135	750.571
-0.261799	0.496451	0.593859	132	108	8	750.338
-2.617994	2.455966	-0.641220	18	135	112	750.214
-2.094395	0.866955	-0.931351	9	134	36	750.157
0.000000	1.450119	-2.739050	137	105	8	750.101
1.047198	0.618092	2.539118	137	119	130	750.050
-0.261799	2.407836	1.410646	12	138	108	750.043
0.523599	2.033014	2.977192	18	95	13	749.981
-0.261799	0.960688	-0.577532	137	95	21	749.978
-2.617994	1.904882	-1.478089	0	101	1	749.963
-0.261799	1.555207	1.708892	138	107	142	749.956
2.879793	2.180315	-1.357379	142	106	0	749.898
1.047198	0.571433	-1.188419	6	95	32	749.786
-1.047198	1.134796	2.434290	139	110	134	749.741
-0.261799	1.256302	0.062705	136	107	2	749.729
-2.617994	1.606104	-0.451151	134	100	8	749.683
-3.141593	2.478122	2.609777	130	112	0	749.670
0.000000	2.174483	2.653697	15	91	10	749.477
-2.094395	0.762244	-0.273349	138	103	1	749.406
-1.570796	1.574060	2.783565	16	129	122	749.366
0.523599	0.762244	-0.273349	135	107	10	749.344
2.356194	0.709924	0.218797	139	115	2	749.295
2.879793	2.979456	-1.009304	131	105	14	749.281
-0.261799	1.574060	2.783565	9	105	0	749.010
-2.879793	1.870545	-2.976234	138	116	2	748.943
-1.308997	0.080730	-2.622036	7	115	141	748.781
-3.141593	1.824694	1.850876	1	116	137	748.736
0.000000	2.299159	2.264663	16	95	7	748.712
-2.356194	1.374601	-2.456031	131	123	142	748.602
-3.141593	1.506530	1.988858	129	117	17	748.501
1.570796	1.574060	2.783565	126	119	16	748.155
-2.879793	0.618092	2.539118	143	117	142	748.001
-1.308997	1.662363	0.915448	8	112	138	747.904
1.832596	1.134497	-1.109631	130	122	143	747.863
2.356194	1.025536	1.576859	123	122	11	747.744
1.047198	1.617114	-1.572037	23	132	123	747.547
1.832596	2.863997	0.549740	138	140	26	747.502
0.523599	1.756530	-2.105156	5	104	2	747.373
-1.308997	1.696674	-1.253233	5	118	130	747.276
2.356194	1.875281	0.107086	6	118	138	747.186
-2.879793	2.393226	1.857173	13	117	136	747.062
1.308997	1.662363	0.915448	19	127	113	746.940
-3.141593	1.617114	-1.572037	13	128	114	746.844
-0.523599	0.290380	-0.796960	140	137	33	746.780
-0.785398	2.247462	0.191623	135	112	141	746.754
1.308997	0.762244	-0.273349	8	109	140	746.745
-2.356194	2.455966	-0.641220	135	106	10	746.688
-1.832596	0.831641	0.616218	13	131	119	746.662
1.308997	1.699788	2.452890	8	96	20	746.510
-2.356194	1.869911	2.701025	3	118	135	746.484
0.000000	2.180315	-1.357379	12	142	113	746.362
-2.617994	0.203748	0.590255	131	104	17	746.252
-3.141593	1.766067	2.153843	139	116	138	746.214
0.523599	0.899350	-2.069907	12	120	124	746.188
1.047198	1.014500	0.906702	4	137	29	746.177
-3.141593	0.591903	2.010408	6	110	1	746.139
0.785398	2.579248	-2.364801	13	109	143	746.031
-0.785398	1.440580	2.260026	143	111	130	745.980
-2.617994	1.367556	0.358405	125	127	21	745.913
-0.785398	1.836682	-0.676006	14	129	25	745.881
-2.879793	0.674054	1.013609	133	113	2	745.829
0.523599	0.290380	-0.796960	1	97	32	745.639
0.523599	1.448123	-2.163292	141	114	139	745.584
-2.356194	1.488617	1.159546	141	116	134	745.569
2.094395	0.203748	0.590255	9	119	143	745.564
-1.308997	0.866395	-2.492918	131	117	12	745.481
-1.308997	1.504028	0.636812	129	114	143	745.243
0.523599	2.247462	0.191623	134	101	2	745.231
-2.356194	0.618092	2.539118	1	114	3	745.213
-1.047198	1.045978	0.343692	31	132	132	745.143
1.308997	0.080730	-2.622036	9	113	126	745.133
0.523599	1.374601	-2.456031	120	127	141	745.094
-2.094395	0.418037	1.360082	28	119	141	745.044
0.523599	2.104282	-0.813972	1	108	138	744.977
-1.832596	0.914445	2.687814	20	1	120	744.969
-1.308997	0.618092	2.539118	139	111	138	744.869
-2.617994	0.850607	-1.335383	141	113	138	744.787
2.879793	2.863997	0.549740	6	106	138	744.405
2.094395	1.301460	-0.509251	15	114	139	744.363
-2.094395	1.812176	0.656819	135	109	0	744.266
0.523599	2.180315	-1.357379	21	135	121	744.212
2.094395	1.555207	1.708892	123	130	15	744.105
2.879793	1.732874	-0.951685	2	117	133	743.920
0.000000	0.762244	-0.273349	141	130	32	743.912
2.094395	2.299159	2.264663	22	110	14	743.812
1.570796	1.662363	0.915448	142	134	33	743.573
-1.308997	0.685216	-1.712745	1	135	36	743.536
2.356194	1.450119	-2.739050	130	120	2	743.260
2.356194	2.455966	-0.641220	143	134	27	743.086
-1.832596	2.404280	-0.174044	135	111	1	742.986
-2.356194	0.733948	3.021411	22	139	120	742.897
-0.523599	2.349581	-2.702517	134	105	5	742.874
1.832596	2.063651	-2.044600	124	119	140	742.865
2.094395	1.168678	2.108595	124	124	9	742.836
-2.356194	1.184361	0.625864	141	107	33	742.798
2.879793	1.510910	-0.740472	130	111	3	742.753
-2.617994	2.251330	-2.330739	30	129	123	742.744
0.785398	2.404280	-0.174044	143	119	107	742.733
2.356194	2.587733	0.232235	9	108	138	742.681
-2.094395	1.741644	-2.695914	0	113	2	742.680
0.523599	1.488617	1.159546	13	113	34	742.649
0.785398	1.869911	2.701025	7	114	142	742.490
0.000000	1.766067	2.153843	13	112	124	742.487
-0.261799	1.756530	-2.105156	0	109	3	742.461
1.832596	1.113094	-0.272241	1	113	140	742.236
-3.141593	2.984978	1.954446	133	107	143	742.224
2.879793	0.591903	2.010408	136	117	132	742.177
-0.523599	1.699788	2.452890	137	112	139	742.166
2.094395	2.664082	-1.071402	142	137	27	742.151
-0.785398	0.960688	-0.577532	21	118	142	742.101
-1.308997	0.910508	1.903534	136	108	143	742.051
-2.356194	1.128190	-2.288622	134	120	142	742.020
-0.785398	0.685216	-1.712745	0	134	35	741.941
1.832596	1.662363	0.915448	14	111	138	741.870
-2.094395	1.696674	-1.253233	4	102	142	741.752
1.832596	1.836682	-0.676006	18	136	112	741.538
2.094395	2.719179	-1.780644	17	133	111	741.537
2.356194	2.073035	2.027405	136	117	139	741.314
2.094395	2.984978	1.954446	7	118	139	741.147
1.570796	0.961715	0.014085	3	113	143	741.084
2.617994	1.413347	-1.339188	8	117	125	741.073
2.879793	1.875281	0.107086	3	118	135	741.009
-2.617994	2.138223	1.678323	138	115	138	740.954
0.785398	1.325504	-1.671296	3	110	136	740.702
0.523599	1.824694	1.850876	25	102	9	740.687
-1.308997	2.343981	-1.040456	135	116	143	740.644
-0.523599	1.134497	-1.109631	5	111	140	740.639
1.570796	2.063651	-2.044600	122	120	2	740.577
2.094395	2.979456	-1.009304	2	135	28	740.549
2.094395	0.674054	1.013609	137	123	137	740.344
1.308997	1.998705	2.370472	18	117	138	740.344
0.261799	1.736875	3.023612	130	115	8	740.260
0.523599	1.948085	-2.363031	6	110	126	740.101
1.570796	1.554776	0.100351	11	113	135	740.098
-0.523599	1.766067	2.153843	138	109	143	739.999
-0.785398	0.080730	-2.622036	10	119	142	739.912
1.832596	1.606104	-0.451151	11	113	139	739.869
2.094395	1.367556	0.358405	14	117	134	739.839
-0.261799	2.379497	0.561089	136	119	132	739.830
-2.094395	1.256302	0.062705	140	94	16	739.769
-2.356194	1.506530	1.988858	138	114	138	739.684
0.261799	1.662363	0.915448	135	106	0	739.611
-2.617994	1.134796	2.434290	9	115	2	739.569
1.308997	1.450119	-2.739050	3	114	138	739.568
2.879793	2.455966	-0.641220	128	111	10	739.548
1.308997	1.836682	-0.676006	136	113	141	739.510
-1.308997	2.637879	2.121598	137	110	142	739.478
-1.308997	2.704512	1.488683	139	134	31	739.321
1.308997	0.866955	-0.931351	141	128	34	739.260
0.000000	0.866955	-0.931351	22	121	125	739.112
1.047198	2.456751	-1.503343	18	110	0	739.026
0.261799	1.135813	-2.658866	135	119	119	738.935
0.000000	1.413430	2.550734	12	112	132	738.897
-1.832596	2.063651	-2.044600	140	120	139	738.829
0.785398	2.587733	0.232235	31	0	141	738.811
-1.047198	2.478122	2.609777	137	108	0	738.796
-0.261799	1.766067	2.153843	141	108	143	738.781
2.879793	0.379747	-1.713059	137	115	5	738.610
-1.047198	2.187132	-0.479875	136	111	143	738.577
-1.832596	0.700570	1.559208	117	135	17	738.379
0.523599	2.187132	-0.479875	142	115	110	738.320
-0.785398	2.396274	-1.959260	133	103	6	738.241
1.832596	2.579248	-2.364801	139	104	5	738.187
-2.356194	2.349581	-2.702517	26	133	123	738.161
-0.523599	1.836682	-0.676006	127	114	4	738.157
-3.141593	1.812176	0.656819	140	116	140	738.048
-1.047198	0.379747	-1.713059	3	138	35	737.985
1.832596	2.251330	-2.330739	5	110	126	737.906
0.785398	2.073035	2.027405	143	114	140	737.834
-1.570796	2.863997	0.549740	13	113	135	737.792
2.617994	1.904882	-1.478089	5	111	140	737.766
0.523599	0.496451	0.593859	17	98	29	737.682
0.000000	1.741644	-2.695914	1	111	132	737.435
-2.617994	0.618092	2.539118	123	124	7	737.416
1.832596	0.700570	1.559208	10	117	142	737.393
2.879793	2.393226	1.857173	2	138	31	737.373
-1.832596	1.310100	1.488307	142	114	133	737.366
-2.356194	0.700570	1.559208	19	128	26	737.335
1.570796	1.218453	2.777284	121	127	6	737.328
-1.570796	0.960688	-0.577532	131	118	124	737.236
-1.047198	0.914445	2.687814	126	116	4	737.218
1.308997	2.247462	0.191623	16	132	112	737.167
2.879793	1.836682	-0.676006	129	108	6	737.131
1.832596	0.379747	-1.713059	135	115	9	737.111
0.000000	1.904882	-1.478089	141	110	139	736.938
0.785398	1.413430	2.550734	142	116	133	736.931
1.047198	1.413347	-1.339188	0	114	139	736.833
2.617994	2.881233	-2.582574	25	117	132	736.744
0.785398	0.674054	1.013609	25	126	126	736.721
-2.879793	1.440580	2.260026	135	118	142	736.526
-0.261799	1.218453	2.777284	8	113	136	736.504
-1.832596	1.194549	-0.801900	4	138	34	736.497
0.261799	0.831641	0.616218	13	110	143	736.416
-0.523599	0.831641	0.616218	3	102	4	736.399
-2.879793	1.606104	-0.451151	131	103	8	736.243
-2.356194	0.831641	0.616218	0	105	32	736.224
1.570796	0.709924	0.218797	134	114	8	736.163
-2.879793	2.180315	-1.357379	2	104	143	736.085
2.879793	2.379497	0.561089	8	114	136	736.051
-1.832596	1.413347	-1.339188	129	122	7	736.027
-1.047198	2.407836	1.410646	6	109	136	736.020
-2.094395	1.756530	-2.105156	4	108	0	736.014
0.523599	2.724429	-0.348782	30	1	135	735.932
2.617994	2.592629	0.909713	1	142	31	735.768
-0.785398	0.961715	0.014085	26	122	4	735.701
0.000000	1.606104	-0.451151	136	109	143	735.629
-2.617994	2.108018	1.311430	2	140	36	735.606
-2.356194	2.073035	2.027405	132	117	136	735.482
2.617994	0.733948	3.021411	5	116	135	735.391
1.832596	2.153910	-1.714959	122	121	2	735.317
2.094395	0.685216	-1.712745	136	115	5	735.276
-2.879793	0.961715	0.014085	17	137	120	735.269
-2.094395	0.866395	-2.492918	137	117	143	735.267
-2.094395	0.203748	0.590255	134	114	139	735.260
-3.141593	1.569311	-3.003978	10	132	34	735.220
2.879793	2.138223	1.678323	137	119	135	735.020
0.000000	0.961715	0.014085	0	111	135	734.842
1.047198	1.766067	2.153843	134	121	141	734.777
-0.261799	1.982574	-1.115518	128	102	14	734.776
-3.141593	2.089241	-0.114193	128	107	16	734.434
-1.308997	1.301460	-0.509251	4	94	9	734.408
-0.523599	1.977582	0.969896	1	135	31	734.382
-1.570796	2.637879	2.121598	138	107	143	734.376
-2.617994	0.418037	1.360082	137	114	140	734.368
-0.785398	1.488617	1.159546	129	116	136	734.356
-1.047198	0.864993	2.278281	6	109	0	734.336
0.785398	1.504028	0.636812	3	139	32	734.150
-1.308997	1.168678	2.108595	139	105	141	734.099
-2.879793	1.367556	0.358405	143	113	139	734.086
-2.094395	0.709924	0.218797	15	130	121	734.056
1.832596	2.396274	-1.959260	34	2	129	733.794
-2.094395	1.214854	-1.966664	6	115	136	733.750
-3.141593	1.195355	1.200319	140	132	32	733.739
-1.832596	1.335669	0.897240	140	113	124	733.684
1.308997	0.615174	-0.666022	142	115	0	733.493
-2.617994	2.579248	-2.364801	25	126	123	733.253
1.047198	0.418037	1.360082	140	114	4	733.193
-0.785398	0.591903	2.010408	22	139	124	733.179
0.261799	2.115563	0.685730	9	115	136	732.908
-0.523599	0.080730	-2.622036	13	137	118	732.872
1.570796	2.174483	2.653697	20	117	137	732.864
-0.261799	1.301460	-0.509251	129	114	1	732.716
0.000000	0.418037	1.360082	15	101	32	732.441
-2.617994	1.256302	0.062705	142	113	136	732.281
-0.261799	2.089241	-0.114193	131	109	1	732.251
-0.523599	1.732874	-0.951685	15	110	143	732.140
1.047198	2.115563	0.685730	17	108	140	732.119
2.617994	1.875281	0.107086	15	117	140	731.976
0.785398	2.664082	-1.071402	8	97	142	731.961
-0.261799	1.413430	2.550734	9	112	133	731.946
-0.523599	0.370812	-2.547742	125	125	14	731.908
1.047198	1.134497	-1.109631	1	131	36	731.887
-2.356194	1.696674	-1.253233	9	130	111	731.768
-1.047198	1.741644	-2.695914	117	129	0	731.754
