#Coordinates  RecID  LigID  Luciferin  Neighbor's number  Vision Range  Scoring
(11.0750088, -2.4329024, 41.0545645,  0.0751677,  0.3014942,  0.6203583,  0.7201435)    0    0  23.85093994  7 0.240  16.03625151
(11.9268726,  4.9859391, 32.4693155, -0.4188750, -0.2291481, -0.7424545, -0.4698896)    0    0  18.08721910 19 0.000  11.96603997
(14.5327642,  8.7152820, 41.8938335, -0.2704881,  0.2615902,  0.1454179, -0.9150193)    0    0  14.06705009  1 5.000   9.37467908
(11.0983875,  5.5334349, 32.5994055, -0.4193301, -0.2291925, -0.7423725, -0.4695912)    0    0  18.71590444  7 0.240  12.79398392
(16.8167785,  7.1668002, 35.1019912,  0.7719954,  0.1347187,  0.5883548,  0.1992790)    0    0  15.52784062  2 0.560  10.87184222
( 6.3522447,  4.8745389, 42.3849195,  0.2362266, -0.1076490,  0.0254017,  0.9653824)    0    0  18.74232124  7 0.520  12.60657888
( 6.5476772,  7.1362804, 41.4488718, -0.1495009, -0.0244771,  0.5334453,  0.8321577)    0    0  17.34090594  6 0.440  11.30206812
( 6.6252262,  4.8835261, 42.3932208,  0.2338651, -0.1072412,  0.0290141,  0.9658877)    0    0  18.20271247  7 0.600  12.67098635
( 6.5383422,  7.2186320, 41.0803537, -0.1491869, -0.0245636,  0.5330961,  0.8324352)    0    0  17.11712886  3 0.720  11.06012041
(11.4987433, -2.2946183, 40.7626857,  0.0751744,  0.3014952,  0.6203784,  0.7201250)    0    0  23.89432902  1 0.600  15.94958429
(16.2489116,  6.8803343, 35.3279284,  0.7723623,  0.1349677,  0.5878744,  0.1991078)    0    0  16.39326547  0 0.640  10.95023578
(14.1082341,  8.4150603, 42.2470058, -0.2704881,  0.2615900,  0.1454180, -0.9150194)    0    0  14.03927698  3 5.000   9.36414208
( 6.6163367,  4.7507322, 41.6824946,  0.2365758, -0.1076812,  0.0248569,  0.9653076)    0    0  20.02313141  2 1.400  13.86539532
( 0.9377307,  3.0867129, 38.4518806, -0.7105521, -0.2144116, -0.6696606, -0.0264219)    0    0  36.83590760  1 2.880  24.67955667
( 8.5069957,  8.9884038, 33.4736843, -0.6326962, -0.5724090,  0.4781320,  0.2084065)    0    0  21.00089897  5 0.520  14.02839388
( 1.3922773,  2.9765142, 37.8657177, -0.7105519, -0.2144118, -0.6696607, -0.0264219)    0    0  36.70663876  3 5.000  24.83115541
( 8.5927659,  9.3632315, 33.5898150, -0.6326962, -0.5724089,  0.4781326,  0.2084055)    0    0  20.93349354  4 0.600  13.92961833
( 6.7139993,  6.4449333, 41.7184845,  0.1433857, -0.0901060,  0.1624368,  0.9720780)    0    0  14.25313841 37 0.120   5.04265939
(16.2810800,  6.8659655, 35.5697623,  0.7723619,  0.1350416,  0.5878625,  0.1990941)    0    0  16.34851466  0 0.640  10.89533677
(11.9025533,  5.0287612, 32.4586772, -0.4188222, -0.2291396, -0.7424646, -0.4699249)    0    0  19.03218411  4 1.240  12.75421681
(11.2715237, -2.4112970, 40.5845376,  0.0751634,  0.3014935,  0.6203531,  0.7201487)    0    0  23.80772975 12 0.120  16.01884355
(16.9743009,  7.3168037, 34.8458134,  0.7723604,  0.1349966,  0.5878722,  0.1991018)    0    0  16.52254440  8 0.440  10.95308727
(12.9998680,  3.6185806, 45.8075845, -0.3842398,  0.2521916,  0.3063310, -0.8336189)    0    0  13.95787390  4 5.000   9.33012303
(11.2765246, -2.4831180, 40.6554763,  0.0751920,  0.3014978,  0.6203866,  0.7201149)    0    0  24.70639243  0 4.840  16.47481949
(16.6073403,  7.2707196, 35.0961441,  0.7723613,  0.1349865,  0.5878727,  0.1991040)    0    0  16.36200958 12 0.080  11.06602464
(16.9932999,  7.3299413, 34.8086470,  0.7723614,  0.1350339,  0.5878644,  0.1990958)    0    0  16.49926156 11 0.080  10.94433603
( 9.4887135,  1.3427461, 43.6603499, -0.8220613,  0.3363336,  0.1381660,  0.4381838)    0    0  16.18552055 14 2.840  10.65811643
( 6.7091171,  4.6842706, 41.5933278,  0.2365597, -0.1076738,  0.0248822,  0.9653117)    0    0  20.05161942  1 2.120  14.00646003
(11.2776399, -2.2153249, 40.6516498,  0.0751831,  0.3014964,  0.6203752,  0.7201264)    0    0  24.39220359  3 0.920  16.32887724
(12.9651148,  3.7001419, 45.6971692, -0.3842369,  0.2521815,  0.3063303, -0.8336235)    0    0  14.22261619  0 5.000   9.70822246
( 6.7327265,  7.5121653, 41.1355223, -0.1493095, -0.0245388,  0.5332346,  0.8323253)    0    0  18.57929100  3 0.600  12.46015286
( 0.9674944,  3.3023857, 38.6129971, -0.7105522, -0.2144119, -0.6696605, -0.0264195)    0    0  35.80223732  0 0.520  24.03320487
( 0.7608685,  2.9079230, 38.1257508, -0.7105509, -0.2144132, -0.6696615, -0.0264171)    0    0  35.74294829  5 0.600  23.63497333
(11.2765818, -2.4194685, 40.6484317,  0.0751904,  0.3014976,  0.6203845,  0.7201171)    0    0  24.36017783  6 3.480  16.19125759
(11.1984038, -2.3912580, 41.0258896,  0.0751859,  0.3014970,  0.6203809,  0.7201210)    0    0  24.11885848  7 0.240  16.15476844
( 7.2622423,  7.4737749, 41.7769430, -0.1493544, -0.0245248,  0.5332842,  0.8322858)    0    0  18.73575017  1 2.160  12.58283937
(11.1615152, -1.8927943, 40.8205951,  0.0751753,  0.3014952,  0.6203650,  0.7201366)    0    0  23.95969011  0 0.400  16.06747742
(16.8674661,  7.2383900, 34.9237385,  0.7723626,  0.1351061,  0.5878507,  0.1990827)    0    0  16.48460781 11 0.080  11.15383476
(12.9021307,  3.8377366, 45.5121148, -0.3842360,  0.2521781,  0.3063301, -0.8336251)    0    0  14.13859097  1 5.000   9.50518463
(11.2554143, -2.3789027, 40.8052042,  0.0751833,  0.3014977,  0.6204019,  0.7201028)    0    0  23.46444536 14 0.000  15.35217096
( 9.5091307,  1.1804537, 43.5309196, -0.8220615,  0.3363334,  0.1381658,  0.4381837)    0    0  16.34398087  4 0.840  10.88029960
(11.1495110, -2.0739306, 40.5790483,  0.0751916,  0.3014978,  0.6203860,  0.7201156)    0    0  24.50938943  1 5.000  16.45948237
( 9.3944235,  0.8980326, 43.6756427, -0.8220608,  0.3363346,  0.1381662,  0.4381840)    0    0  16.41043038  3 5.000  10.95579488
(10.8134767, -2.4517183, 40.7850024,  0.0751872,  0.3014971,  0.6203803,  0.7201213)    0    0  24.35140962  7 2.200  16.32465312
(14.3730352,  8.6014245, 42.0273015, -0.2704881,  0.2615902,  0.1454179, -0.9150193)    0    0  14.07143486  0 5.000   9.38096084
(11.6303030,  5.1460265, 32.4822960, -0.4188242, -0.2291403, -0.7424641, -0.4699234)    0    0  18.38239404  4 0.480  12.30369545
(11.3984539,  5.2824478, 32.5283461, -0.4188886, -0.2291508, -0.7424517, -0.4698805)    0    0  19.32096339  3 5.000  12.88086168
(17.0389227,  7.3217703, 34.7749293,  0.7723617,  0.1349826,  0.5878727,  0.1991048)    0    0  16.66367503  1 4.520  11.11269775
( 1.1157636,  3.1223776, 38.1172396, -0.7105523, -0.2144113, -0.6696604, -0.0264239)    0    0  37.13420719  0 4.520  25.07749753
(11.6725094, -2.5156359, 40.6081315,  0.0751904,  0.3014976,  0.6203845,  0.7201171)    0    0  24.38013246  4 5.000  16.32877506
( 1.2252006,  3.2040767, 38.0377849, -0.7105522, -0.2144115, -0.6696605, -0.0264222)    0    0  36.33961628  7 2.760  24.29222133
(10.7226269, -0.1653762, 43.6765381, -0.5074928, -0.0282282,  0.6876497, -0.5184517)    0    0  16.75443816  1 5.000  11.18999768
( 6.3918476,  7.3616714, 41.3488895, -0.1494796, -0.0244845,  0.5334222,  0.8321761)    0    0  17.34138401  3 0.680  10.80790719
( 6.2613041,  4.7984550, 41.8199583,  0.2365027, -0.1076607,  0.0249692,  0.9653249)    0    0  19.73591093  5 1.400  13.61888679
( 1.0333607,  3.1561076, 38.1830621, -0.7105513, -0.2144127, -0.6696612, -0.0264179)    0    0  36.34983383  6 4.840  24.24460193
(16.5797273,  7.3581017, 35.2704721,  0.7723618,  0.1350414,  0.5878626,  0.1990945)    0    0  16.62018155  4 0.800  11.07817202
( 8.8066873,  9.3535457, 33.8306868, -0.6326960, -0.5724092,  0.4781321,  0.2084064)    0    0  21.31660566  2 5.000  14.23852606
(16.8076069,  7.4162653, 34.9797547,  0.7723637,  0.1350059,  0.5878659,  0.1991016)    0    0  16.51256374  9 1.080  10.88847104
( 6.1547007,  4.7996305, 41.9514613,  0.2366122, -0.1077104,  0.0248048,  0.9652968)    0    0  19.24634448  5 0.360  13.30010575
(12.9746361,  3.6765915, 45.7292201, -0.3842381,  0.2521854,  0.3063305, -0.8336218)    0    0  14.09464919  3 5.000   9.49586860
( 6.9596792,  7.5832837, 41.7560717, -0.1459137, -0.0254123,  0.5294477,  0.8352958)    0    0  17.87456198  0 0.400  12.27150878
(11.0086956,  4.6643149, 33.4221429, -0.4189238, -0.2292203, -0.7423361, -0.4699978)    0    0  17.06413028  7 1.480  11.60104683
( 9.1794768,  0.7375383, 44.0006241, -0.8220609,  0.3363344,  0.1381661,  0.4381839)    0    0  16.44190015  1 0.840  11.06087960
( 8.5862046,  9.5360993, 33.7556752, -0.6326962, -0.5724090,  0.4781318,  0.2084068)    0    0  20.96527886  7 0.520  14.22704321
(16.5862750,  7.1079540, 34.3287826,  0.7689273,  0.1318318,  0.5924454,  0.2008287)    0    0  13.48367350  0 0.800  10.08929544
(11.2688403,  5.3459694, 32.5006278, -0.4190794, -0.2291670, -0.7424159, -0.4697590)    0    0  18.67797552 13 3.640  12.57443257
(10.6094471,  4.4310210, 33.7105952, -0.4188559, -0.2292329, -0.7423087, -0.4700956)    0    0  17.62849379  1 1.400  12.28492974
( 6.6317902,  7.6419363, 41.5293255, -0.1492951, -0.0245389,  0.5332170,  0.8323391)    0    0  18.10094068 12 0.920  12.25305895
( 7.2995865,  7.3691033, 41.5990911, -0.1493924, -0.0245101,  0.5333250,  0.8322533)    0    0  18.55746006  5 0.720  12.47249520
( 9.4344807,  1.0978271, 43.5923479, -0.8220656,  0.3363250,  0.1381692,  0.4381814)    0    0  16.07899206 14 0.080  10.37737881
( 1.1256475,  3.2660527, 38.2097644, -0.7105511, -0.2144129, -0.6696613, -0.0264182)    0    0  36.24846006  4 0.480  24.27798715
( 8.7603280,  9.3233088, 33.7631357, -0.6326958, -0.5724093,  0.4781324,  0.2084058)    0    0  20.95847859  9 2.280  13.82277381
(17.2063130,  0.1075720, 37.6108820,  0.5397302,  0.4270965, -0.4319525,  0.5828352)    0    0  16.32273898  3 5.000  10.91245754
(11.3108157, -0.3185913, 43.3178416, -0.5074940, -0.0282290,  0.6876478, -0.5184529)    0    0  16.58610138  3 5.000  11.10380345
( 9.4050180,  0.9585846, 43.6567706, -0.8220608,  0.3363346,  0.1381662,  0.4381839)    0    0  16.60003083  0 5.000  11.08426627
(10.8314244,  5.5808246, 32.6174174, -0.4189310, -0.2291584, -0.7424434, -0.4698521)    0    0  19.39608879  1 4.440  13.36686523
(11.8531942,  5.0810742, 32.4655799, -0.4188492, -0.2291446, -0.7424593, -0.4699067)    0    0  18.48343147 15 0.000  12.53709449
(11.5995057,  5.2305790, 32.5551257, -0.4189964, -0.2291587, -0.7424312, -0.4698128)    0    0  18.31130752  0 0.400  12.66216343
(16.4891644,  6.8819317, 35.2286313,  0.7712548,  0.1339293,  0.5893687,  0.1996713)    0    0  14.22483192 19 0.000  10.53141474
(11.6884330, -2.5631869, 40.7708614,  0.0751853,  0.3014967,  0.6203779,  0.7201237)    0    0  24.37053290  5 4.600  16.40027380
( 9.3787600,  0.8042231, 43.7029541, -0.8220608,  0.3363347,  0.1381663,  0.4381840)    0    0  16.40398338  4 3.480  11.00949751
(17.4113951,  0.4290702, 37.3010396,  0.5397302,  0.4270965, -0.4319524,  0.5828352)    0    0  16.47584682  1 5.000  11.04532208
( 9.3976896,  1.4262147, 43.7879654, -0.8220622,  0.3363322,  0.1381654,  0.4381835)    0    0  16.20947408  0 0.440  10.74759521
(17.2271055,  0.2427234, 37.7472406,  0.5397302,  0.4270965, -0.4319525,  0.5828352)    0    0  16.34758322  2 5.000  10.92865516
(11.3911724, -2.7933645, 40.3822449,  0.0749774,  0.3014566,  0.6205541,  0.7200103)    0    0  22.07020477  1 0.520  16.09679448
(12.0394039,  4.9574418, 32.3818466, -0.4188701, -0.2291480, -0.7424546, -0.4698938)    0    0  18.33080835  0 0.400  12.34649967
(11.2119196, -2.3109232, 40.6343062,  0.0751678,  0.3014938,  0.6203553,  0.7201462)    0    0  23.77940045 11 0.000  15.77220682
( 8.7625391,  9.0882611, 33.6111709, -0.6326960, -0.5724092,  0.4781321,  0.2084064)    0    0  21.29465686  3 5.000  14.17834871
(16.4176388,  6.7752026, 35.2919263,  0.7723622,  0.1349766,  0.5878731,  0.1991060)    0    0  16.55138255  6 4.760  10.98049485
( 8.5808329,  9.4234708, 33.6752386, -0.6326960, -0.5724092,  0.4781322,  0.2084061)    0    0  21.08015948  3 0.680  14.04939818
(11.2814558,  5.2109270, 32.4196194, -0.4194823, -0.2292055, -0.7423444, -0.4694936)    0    0  18.71599328  0 0.400  13.00534101
( 8.6975650,  9.3057314, 33.6817584, -0.6326960, -0.5724092,  0.4781322,  0.2084061)    0    0  20.97074110  5 0.680  13.81530193
( 9.4645657,  1.3052476, 43.5513529, -0.8220608,  0.3363346,  0.1381662,  0.4381839)    0    0  16.31915180  8 4.760  10.79865400
(10.9256942, -2.2810468, 40.5578551,  0.0751866,  0.3014970,  0.6203797,  0.7201219)    0    0  24.44357004  2 1.000  16.42271393
( 7.0112657,  7.2194041, 41.5356633, -0.1493779, -0.0245144,  0.5333092,  0.8322659)    0    0  17.62292934  5 0.280  12.29485253
( 6.2704323,  4.7380584, 41.6775559,  0.2365585, -0.1076907,  0.0248825,  0.9653101)    0    0  19.37562445  5 0.360  13.45859912
( 6.8858387,  7.5524306, 41.3200680, -0.1493473, -0.0245250,  0.5332757,  0.8322926)    0    0  18.50113190  3 0.640  12.40307794
(16.5588556,  7.0814233, 35.2385550,  0.7723620,  0.1349857,  0.5878719,  0.1991042)    0    0  16.49476368  2 0.800  10.87761128
(17.0627585,  7.3077014, 34.7435323,  0.7723619,  0.1349806,  0.5878728,  0.1991052)    0    0  16.63315926  3 5.000  11.06528952
(11.0720184, -2.1836960, 40.8172595,  0.0751860,  0.3014973,  0.6203831,  0.7201189)    0    0  24.17611888  0 0.720  16.00068863
(11.0392074,  5.4688966, 32.5035555, -0.4188713, -0.2291482, -0.7424551, -0.4698919)    0    0  18.75392726  4 0.440  12.54575014
( 6.3794148,  4.9882850, 41.8516889,  0.2364909, -0.1076686,  0.0249862,  0.9653265)    0    0  19.29095390  8 0.760  13.13286043
( 6.9654627,  7.3898979, 41.5102167, -0.1492909, -0.0245451,  0.5332143,  0.8323414)    0    0  18.88366109  0 1.440  12.67445247
(11.3897628, -1.9955627, 40.9528087,  0.0751668,  0.3014939,  0.6203662,  0.7201369)    0    0  24.09129219  1 0.480  16.04698076
( 6.7450282,  7.3887931, 41.5696946, -0.1492829, -0.0245464,  0.5332050,  0.8323488)    0    0  18.53621623  6 0.480  12.45621970
(12.0351322,  5.0955381, 32.1970394, -0.4189952, -0.2291569, -0.7424325, -0.4698129)    0    0  17.58945175  0 0.400  11.60144088
( 6.2827325,  4.7842689, 41.6053847,  0.2365666, -0.1076860,  0.0248722,  0.9653089)    0    0  19.70825465  6 0.600  13.68657123
( 6.9964933,  7.4424630, 41.3479963, -0.1492297, -0.0245597,  0.5331450,  0.8323964)    0    0  18.46315152  8 0.560  12.51360031
(11.6039086,  5.1525274, 32.4739987, -0.4188332, -0.2291419, -0.7424624, -0.4699174)    0    0  18.67593715  4 0.600  12.33665445
(16.6941308,  7.2909336, 35.1245716,  0.7723622,  0.1350122,  0.5878671,  0.1990995)    0    0  16.24105376 12 0.000  11.00556841
( 6.6751039,  6.9346034, 41.7421675, -0.0013580, -0.0595699,  0.3569447,  0.9322232)    0    0  16.98417763  1 1.560  12.28692493
(16.6157310,  7.5209877, 35.2641174,  0.7723626,  0.1350454,  0.5878607,  0.1990943)    0    0  16.50360112  2 0.440  11.07787849
( 9.2451811,  1.4368494, 43.3977905, -0.8220640,  0.3363289,  0.1381644,  0.4381829)    0    0  16.27500843  0 0.440  10.91821850
(11.4936211,  5.1974493, 32.4820650, -0.4188225, -0.2291397, -0.7424645, -0.4699246)    0    0  18.75702882  9 4.520  12.43320096
( 8.8420914,  9.2548584, 33.9139031, -0.6326960, -0.5724092,  0.4781322,  0.2084060)    0    0  20.97916567  6 0.440  13.99859769
(11.2478810,  5.3828964, 32.6304272, -0.4190757, -0.2291661, -0.7424167, -0.4697615)    0    0  18.58253530 15 0.200  12.33710193
(11.3832426,  5.2825378, 32.4471097, -0.4188665, -0.2291469, -0.7424557, -0.4698958)    0    0  18.84173913  0 0.400  13.07975037
( 8.4102101,  9.6604842, 33.6813452, -0.6326960, -0.5724092,  0.4781321,  0.2084064)    0    0  21.36343037  1 1.240  14.42701062
( 6.7457688,  7.4168527, 41.4634200, -0.1493655, -0.0245214,  0.5332965,  0.8322761)    0    0  18.72239618  2 1.000  12.67667372
( 6.2921520,  4.8016349, 41.8170339,  0.2365877, -0.1076942,  0.0248421,  0.9653036)    0    0  19.14563678  6 0.280  13.30936083
( 9.2723592,  0.6664608, 43.8001482, -0.8220636,  0.3363300,  0.1381644,  0.4381828)    0    0  15.93081241  0 0.400  10.39484399
(16.8994990,  7.2829606, 34.9185411,  0.7723606,  0.1349957,  0.5878721,  0.1991020)    0    0  16.61883105  5 1.160  11.07266054
(14.2303737,  8.4997333, 42.1465079, -0.2704881,  0.2615901,  0.1454180, -0.9150193)    0    0  14.05664350  2 5.000   9.37269521
( 9.5014136,  1.6323095, 43.5424800, -0.8220675,  0.3363213,  0.1381665,  0.4381814)    0    0  16.16856717  4 0.880  10.77388144
(16.5186440,  7.0038140, 35.3360893,  0.7723607,  0.1350099,  0.5878698,  0.1990992)    0    0  15.73024723  2 0.640  10.24421132
(11.4698123, -3.1188232, 40.0357754,  0.0732945,  0.3011270,  0.6222444,  0.7188556)    0    0  13.58664699 24 0.280  14.09325191
( 7.0425872,  7.3828517, 41.5989495, -0.1493110, -0.0245385,  0.5332364,  0.8323238)    0    0  18.61803941  3 1.040  12.40525882
(17.1947324,  7.2935522, 35.0806431,  0.7723632,  0.1349818,  0.5878708,  0.1991051)    0    0  16.46975757  1 0.480  11.00548943
( 6.6191427,  7.2797195, 41.2085817, -0.1477835, -0.0249225,  0.5315352,  0.8336680)    0    0  17.90475205  4 0.560  12.26262076
( 9.5615352,  1.7880728, 43.4660355, -0.8220656,  0.3363251,  0.1381693,  0.4381814)    0    0  16.29540499  3 0.480  10.97896060
(17.0112442,  7.1364566, 34.7695606,  0.7723616,  0.1349847,  0.5878726,  0.1991043)    0    0  16.65370993  2 5.000  11.13586657
( 6.6536967,  7.2545335, 41.3300223, -0.1492865, -0.0245428,  0.5332089,  0.8323458)    0    0  18.42256831  3 0.400  12.48890848
(11.7405167,  5.0264818, 32.5085783, -0.4193863, -0.2291850, -0.7423614, -0.4695619)    0    0  17.81215431  0 0.480  12.67721087
(17.2502257,  0.2672765, 37.6929372,  0.5397303,  0.4270965, -0.4319524,  0.5828352)    0    0  16.66843772  0 5.000  11.12724121
( 6.1966073,  4.8195388, 41.9646028,  0.2365898, -0.1076922,  0.0248358,  0.9653035)    0    0  19.26370656  9 0.360  13.22496832
(17.4349945,  0.4473984, 37.2231181,  0.5397301,  0.4270965, -0.4319526,  0.5828352)    0    0  16.16866429  5 2.680  10.99439457
(11.4524370, -1.9499767, 40.6214579,  0.0751812,  0.3014960,  0.6203728,  0.7201288)    0    0  23.99010528 13 0.280  16.04382171
( 6.2846052,  4.7922087, 41.8047949,  0.2365544, -0.1076729,  0.0248908,  0.9653129)    0    0  20.06302625  0 3.320  14.03192959
( 6.3858244,  4.8697543, 42.4252062,  0.1553472, -0.0924615,  0.1453545,  0.9727231)    0    0   8.15500867 18 0.520   3.98350482
( 8.5797249,  9.4195648, 33.6708834, -0.6326960, -0.5724089,  0.4781316,  0.2084068)    0    0  21.36982050  0 5.000  14.24664879
(16.7013123,  6.7107183, 35.1306108,  0.7723595,  0.1350395,  0.5878665,  0.1990932)    0    0  16.34196567  0 0.480  10.90210056
(16.7325299,  7.1116195, 34.9827514,  0.7723626,  0.1350672,  0.5878576,  0.1990888)    0    0  16.34503246  0 0.400  10.90979787
( 8.2524805,  8.8334512, 33.1455499, -0.6326955, -0.5724095,  0.4781333,  0.2084041)    0    0  20.26671923  0 0.520  13.08308943
(10.6887860,  4.7105520, 33.4449026, -0.4190875, -0.2292202, -0.7423256, -0.4698684)    0    0  17.81240173  2 1.960  12.50096357
( 6.1535496,  4.7720749, 42.0023943,  0.2365104, -0.1076582,  0.0249600,  0.9653235)    0    0  19.21182210 11 0.520  13.10650927
(12.8415986,  3.8760926, 45.4728421, -0.3842389,  0.2521883,  0.3063308, -0.8336204)    0    0  14.11979804  2 5.000   9.54812684
(11.0280491, -0.2460096, 43.4900815, -0.5074970, -0.0282309,  0.6876435, -0.5184556)    0    0  16.76548570  0 5.000  11.17785759
( 6.6988626,  4.5882989, 42.7530081,  0.2367599, -0.1077884,  0.0245746,  0.9652577)    0    0  18.80250429  0 0.880  13.06175292
( 5.8072936,  4.7816675, 42.4057219,  0.2251519, -0.1056028,  0.0423041,  0.9676596)    0    0  17.54102529  1 1.080  12.93606900
(17.2794805,  0.3276786, 37.6430192,  0.5397301,  0.4270965, -0.4319526,  0.5828352)    0    0  16.02482549  6 4.920  10.42522677
(10.9276847, -2.6019565, 40.7308542,  0.0751278,  0.3014857,  0.6204835,  0.7200433)    0    0  23.73947635  1 0.480  15.84249109
(10.8912406, -2.0330082, 40.5093710,  0.0751674,  0.3014952,  0.6203967,  0.7201101)    0    0  23.94744944  0 0.560  16.01050098
( 6.7322018,  4.7363754, 41.7305590,  0.2365457, -0.1076725,  0.0249045,  0.9653147)    0    0  19.98619426  4 3.400  13.88741462
(17.2352276,  0.2673825, 37.7625553,  0.5397302,  0.4270965, -0.4319525,  0.5828352)    0    0  16.18766297  4 5.000  10.61135902
(11.5223633,  5.4436385, 32.7041831, -0.4188379, -0.2291429, -0.7424614, -0.4699143)    0    0  18.34227655  0 0.520  12.10776430
( 9.3239975,  1.3007395, 43.5677398, -0.8220648,  0.3363288,  0.1381653,  0.4381812)    0    0  16.21628439  8 0.320  10.85666313
(10.9189953, -0.3536815, 43.5312521, -0.5074941, -0.0282290,  0.6876478, -0.5184529)    0    0  16.63158774  2 5.000  10.97670116
( 6.7039426,  7.4068021, 41.4111744, -0.1494913, -0.0244805,  0.5334349,  0.8321660)    0    0  17.75902894  5 0.520  11.53559679
(16.9539215,  7.3156115, 34.8682289,  0.7723600,  0.1350038,  0.5878716,  0.1991004)    0    0  16.70957057  0 0.720  11.27756192
( 1.2371327,  3.2137815, 37.8906420, -0.7105517, -0.2144123, -0.6696609, -0.0264190)    0    0  36.29975212  8 0.760  24.30872591
( 6.7232300,  7.2271693, 41.2412620, -0.1253700, -0.0304647,  0.5062942,  0.8526549)    0    0  13.00913459 13 0.120   9.90091955
( 6.7181797,  7.6958728, 41.5792499, -0.1493440, -0.0245251,  0.5332717,  0.8322957)    0    0  18.14673278  0 0.480  12.53952282
( 9.3744227,  0.7806161, 43.7109506, -0.8220608,  0.3363346,  0.1381662,  0.4381839)    0    0  16.39803199  5 0.920  10.99760646
( 1.0008879,  3.5254243, 38.5316588, -0.7105522, -0.2144118, -0.6696604, -0.0264218)    0    0  35.81896276  1 0.720  23.89003049
( 6.2908781,  4.8644238, 42.3469062,  0.2366875, -0.1077526,  0.0246938,  0.9652764)    0    0  18.75832439 11 0.440  12.78740443
( 0.9131312,  3.2682901, 38.2634655, -0.7105520, -0.2144120, -0.6696607, -0.0264189)    0    0  35.88261063  0 0.400  24.27058296
( 1.3315858,  3.0397323, 38.0397386, -0.7105520, -0.2144118, -0.6696606, -0.0264208)    0    0  36.15818096  2 0.480  24.29103401
( 9.2342491,  1.3132543, 43.8092497, -0.8220741,  0.3363126,  0.1381622,  0.4381771)    0    0  16.00242333  3 0.560  10.66851015
( 1.3174578,  3.0691555, 38.1122330, -0.7105520, -0.2144118, -0.6696606, -0.0264207)    0    0  36.19037167 10 3.240  24.11520095
( 6.2640700,  4.7450776, 41.5649929,  0.2365890, -0.1076863,  0.0248391,  0.9653043)    0    0  19.98668032  3 1.480  13.68786713
( 6.1902013,  4.5136103, 42.4488056,  0.2366033, -0.1076959,  0.0248149,  0.9653003)    0    0  18.85695636  2 0.440  13.05617602
(11.4758895,  5.2272904, 32.5851887, -0.4191345, -0.2291762, -0.7424052, -0.4697223)    0    0  19.34527024  2 0.640  13.52730685
( 9.3371153,  1.2588614, 43.7609480, -0.8220621,  0.3363323,  0.1381678,  0.4381829)    0    0  16.19425548  3 0.320  10.70640412
( 6.6908952,  7.3226061, 41.2500864, -0.1489474, -0.0246266,  0.5328306,  0.8326459)    0    0  17.16861970  4 0.400  10.82999726
(11.3216222, -2.5664501, 40.6750784,  0.0751813,  0.3014960,  0.6203729,  0.7201288)    0    0  24.25713338  9 4.040  16.03221294
(16.7105219,  7.0269257, 35.0153273,  0.7723625,  0.1350726,  0.5878564,  0.1990893)    0    0  16.23739597 13 0.000  10.92048994
(16.6652513,  7.2247983, 35.2683328,  0.7723638,  0.1350177,  0.5878637,  0.1990995)    0    0  16.34629706  5 0.440  10.79298137
(11.1936023, -2.4548823, 40.5134533,  0.0751857,  0.3014968,  0.6203784,  0.7201232)    0    0  24.31984488  1 0.680  16.24945220
( 1.0523038,  3.4340957, 38.5650432, -0.7105528, -0.2144111, -0.6696599, -0.0264234)    0    0  36.17952601  0 0.800  23.97319908
( 9.4712691,  1.3479697, 43.5401269, -0.8220616,  0.3363333,  0.1381657,  0.4381836)    0    0  16.37544957  6 1.640  10.94797547
( 6.7041903,  6.9162961, 41.5582783, -0.1493837, -0.0245150,  0.5333163,  0.8322603)    0    0  18.25018740  8 0.280  12.48161631
( 9.3604691,  0.7938676, 43.4595630, -0.8220652,  0.3363259,  0.1381647,  0.4381828)    0    0  16.07256310  5 0.320  10.74189135
(11.2523171, -2.5149361, 41.0814349,  0.0746840,  0.3013997,  0.6208630,  0.7197979)    0    0  20.88840881 15 0.000  16.04145109
(11.0494688,  5.4625242, 32.5808876, -0.4189635, -0.2291639, -0.7424371, -0.4698304)    0    0  19.64168944  0 1.320  13.43661964
(17.2630074,  0.2417714, 37.5740236,  0.5397301,  0.4270965, -0.4319526,  0.5828352)    0    0  15.96418335  7 4.600  10.52611789
(16.9684192,  7.7664949, 34.9942823,  0.7723626,  0.1350635,  0.5878576,  0.1990912)    0    0  16.53600048  7 0.480  11.10804941
(11.5842059,  5.2913162, 32.6261242, -0.4189239, -0.2291582, -0.7424443, -0.4698571)    0    0  18.85474910  2 0.640  12.79020360
( 8.5540766,  9.3457077, 33.5217760, -0.6326960, -0.5724091,  0.4781323,  0.2084059)    0    0  20.88979407 12 0.680  13.92010241
( 9.4728869,  1.3666015, 43.5380903, -0.8220608,  0.3363346,  0.1381662,  0.4381839)    0    0  16.43745847  2 5.000  10.96504426
( 0.9540381,  2.9642511, 38.4151371, -0.7105522, -0.2144115, -0.6696604, -0.0264216)    0    0  36.66778449  4 0.520  24.74852041
(16.8665447,  7.2399995, 35.2647635,  0.7723610,  0.1350076,  0.5878695,  0.1991001)    0    0  16.17745120  0 0.520  10.82851251
(11.4440829,  5.2604400, 32.5241372, -0.4190602, -0.2291633, -0.7424196, -0.4697720)    0    0  18.87729443  5 5.000  12.56818936
(11.7594479,  5.0164581, 32.4309482, -0.4197149, -0.2292410, -0.7422957, -0.4693441)    0    0  16.32431310 16 0.000  11.75267222
( 9.7356636,  1.6672920, 43.2547005, -0.8220626,  0.3363315,  0.1381652,  0.4381834)    0    0  16.13901588 15 0.000  10.88836702
( 0.8219591,  3.2775068, 38.3651873, -0.7105523, -0.2144113, -0.6696604, -0.0264227)    0    0  36.75118840  2 0.920  24.77922883
( 0.9483467,  2.6814428, 38.4531412, -0.7105528, -0.2144111, -0.6696599, -0.0264226)    0    0  35.80285852  0 0.560  23.50731260
( 0.9040805,  2.9745838, 38.2637287, -0.7105521, -0.2144116, -0.6696606, -0.0264222)    0    0  36.63993115  5 0.840  24.52783008
( 8.9284589,  9.0840033, 33.6124666, -0.6326960, -0.5724092,  0.4781321,  0.2084063)    0    0  20.95194163  8 0.280  13.92930260
(11.4782802, -3.0806434, 39.7913556,  0.0725237,  0.3009713,  0.6232026,  0.7181614)    0    0  15.75827776  0 0.920  14.95367403
(11.1507074,  5.3858850, 32.3532747, -0.4188787, -0.2291492, -0.7424535, -0.4698874)    0    0  18.80381261  8 2.600  12.51956980
