#Coordinates  RecID  LigID  Luciferin  Neighbor's number  Vision Range  Scoring
(11.4064393, -1.7952249, 40.5886613,  0.0751920,  0.3014979,  0.6203867,  0.7201150)    0    0  24.32101692  2 0.560  16.19292809
(11.0111107,  5.5578461, 33.2616035, -0.4189652, -0.2291638, -0.7424366, -0.4698297)    0    0  19.56879041  0 0.400  13.33182568
(14.5327642,  8.7152820, 41.8938335, -0.2704881,  0.2615902,  0.1454179, -0.9150193)    0    0  14.06708364  1 5.000   9.37467908
(11.1545315,  5.6009653, 32.6825794, -0.4189652, -0.2291636, -0.7424368, -0.4698294)    0    0  19.56155121 18 0.000  13.33959292
(17.1354763,  6.9746283, 34.6289010,  0.7723594,  0.1350032,  0.5878724,  0.1991007)    0    0  16.65782709  0 0.400  11.24869481
( 6.3088172,  4.0154318, 41.2089674,  0.2358602, -0.1075529,  0.0259562,  0.9654681)    0    0  22.28908171 14 0.000  15.01672224
( 7.0560228,  6.9248452, 41.7032321, -0.1249886, -0.0305656,  0.5058611,  0.8529644)    0    0  11.41620784  6 0.480   9.53960403
( 6.1092744,  3.9543620, 41.3833957,  0.2358201, -0.1075457,  0.0260177,  0.9654770)    0    0  22.20886423  9 0.240  14.59132048
( 6.4941775,  7.4582402, 41.5070775, -0.1490552, -0.0246025,  0.5329518,  0.8325501)    0    0  18.72967842  2 0.640  12.61879826
(11.0223980, -1.9291256, 40.5969346,  0.0751920,  0.3014979,  0.6203866,  0.7201150)    0    0  23.92147999 14 0.000  16.00164430
(17.1033360,  6.7734388, 34.5653111,  0.7723600,  0.1350038,  0.5878716,  0.1991004)    0    0  16.36020520  0 0.400  10.79978976
(14.7828343,  8.8935290, 41.6848820, -0.2704881,  0.2615902,  0.1454179, -0.9150193)    0    0  14.04543370  3 5.000   9.36400310
( 6.4599451,  4.3223903, 40.7974047,  0.2357125, -0.1075265,  0.0261827,  0.9655010)    0    0  22.59577543  6 0.320  15.16517505
( 1.2834381,  3.1313767, 37.9725220, -0.7105523, -0.2144113, -0.6696604, -0.0264239)    0    0  37.09858102  4 3.200  24.56031028
( 8.5236775,  9.4651692, 33.5717440, -0.6326962, -0.5724091,  0.4781318,  0.2084069)    0    0  21.31452809  5 1.560  14.14659458
( 1.3498319,  3.2457067, 37.8129625, -0.7105523, -0.2144113, -0.6696604, -0.0264239)    0    0  37.07433192  5 3.480  24.98696036
( 8.3461239,  9.2056560, 34.0048014, -0.6326962, -0.5724091,  0.4781318,  0.2084069)    0    0  21.39692571  1 5.000  14.29647536
( 7.4751854,  7.1412675, 42.0625001, -0.1484972, -0.0247420,  0.5323310,  0.8330426)    0    0  18.78628555  2 0.720  12.70444135
(16.8873631,  7.5461018, 35.0134367,  0.7723600,  0.1350038,  0.5878716,  0.1991004)    0    0  16.57741280 10 0.000  11.13711140
(11.4288525,  5.5797352, 33.0680896, -0.4189650, -0.2291637, -0.7424369, -0.4698295)    0    0  19.49693457  0 0.400  13.07665983
(11.5140395, -2.6230454, 40.5634850,  0.0751920,  0.3014979,  0.6203867,  0.7201150)    0    0  24.06000291  0 0.400  15.99605840
(17.0863198,  7.1360314, 34.7802334,  0.7723600,  0.1350038,  0.5878716,  0.1991004)    0    0  16.20999513  9 0.240  10.64410494
(12.8061490,  4.1926898, 45.0147305, -0.3842377,  0.2521842,  0.3063305, -0.8336223)    0    0  14.94826855  0 5.000   9.96555268
(11.2765246, -2.4831180, 40.6554763,  0.0751920,  0.3014978,  0.6203866,  0.7201149)    0    0  24.71222903  0 5.000  16.47481949
(17.1708029,  7.1887284, 34.9762482,  0.7723598,  0.1350036,  0.5878719,  0.1991005)    0    0  16.45455667 17 0.000  11.14653899
(16.7999657,  6.9872586, 34.6955514,  0.7723598,  0.1350035,  0.5878720,  0.1991005)    0    0  16.42816483 14 0.000  10.89028010
( 9.3331661,  1.2005950, 43.4430054, -0.8220608,  0.3363346,  0.1381662,  0.4381839)    0    0  16.25765228  0 0.640  10.78067432
( 6.2771817,  4.2475276, 41.0071203,  0.2358582, -0.1075525,  0.0259593,  0.9654685)    0    0  22.55653654  9 4.040  15.11432697
(10.9389602, -2.4587736, 40.7231544,  0.0751919,  0.3014979,  0.6203867,  0.7201150)    0    0  24.17347533  3 0.400  16.06751885
(12.8035555,  4.2622799, 44.9125145, -0.3842377,  0.2521842,  0.3063305, -0.8336223)    0    0  14.90832514  1 5.000  10.03824577
( 7.0043483,  7.6338051, 41.3423622, -0.1225311, -0.0311684,  0.5030588,  0.8549541)    0    0  15.18150346  0 0.960  10.84456465
( 1.3106851,  3.3471427, 38.0011575, -0.7105523, -0.2144113, -0.6696604, -0.0264239)    0    0  36.40885364  0 0.480  24.17412875
( 1.1657253,  2.8538007, 37.8167499, -0.7105523, -0.2144113, -0.6696604, -0.0264239)    0    0  36.65256712  0 0.600  24.40464414
(11.2958134, -2.6877692, 40.8771716,  0.0751919,  0.3014978,  0.6203867,  0.7201149)    0    0  23.98396997 11 0.000  15.96690541
(11.1293918, -2.1586933, 40.6789472,  0.0751919,  0.3014978,  0.6203867,  0.7201150)    0    0  23.89313641  2 0.560  15.80003535
( 6.8869324,  7.2720810, 41.5247351, -0.1490177, -0.0246119,  0.5329101,  0.8325831)    0    0  18.97666678  0 1.840  12.68743325
(11.0385088, -2.1619861, 40.7541443,  0.0751920,  0.3014979,  0.6203866,  0.7201150)    0    0  24.37001148  3 0.560  16.35812876
(17.1919509,  7.1895508, 34.9596669,  0.7723597,  0.1350035,  0.5878720,  0.1991005)    0    0  16.52283635  0 0.400  11.01234047
(12.8003466,  4.2976195, 44.8611673, -0.3842377,  0.2521842,  0.3063305, -0.8336223)    0    0  14.71231993  4 5.000   9.74509335
(11.2334049, -2.5440575, 40.7472668,  0.0751918,  0.3014978,  0.6203867,  0.7201149)    0    0  23.95721613  5 0.400  15.88888046
( 9.5805464,  0.8091407, 43.5918793, -0.8220608,  0.3363346,  0.1381662,  0.4381839)    0    0  16.33423508  7 0.240  10.98140505
(11.1489597, -2.0733435, 40.5832430,  0.0751920,  0.3014979,  0.6203866,  0.7201150)    0    0  24.52976554  1 5.000  16.45790820
( 9.1824863,  1.1072418, 43.7278525, -0.8220608,  0.3363346,  0.1381662,  0.4381839)    0    0  16.35938936  7 3.880  10.93618157
(11.3022768, -2.4750352, 40.5473270,  0.0751920,  0.3014979,  0.6203867,  0.7201150)    0    0  24.07953404  8 0.240  16.13953210
(14.3730352,  8.6014245, 42.0273015, -0.2704881,  0.2615902,  0.1454179, -0.9150193)    0    0  14.07144126  0 5.000   9.38096084
(11.6344114,  5.7883083, 32.9532544, -0.4189653, -0.2291637, -0.7424368, -0.4698295)    0    0  19.72440329  2 0.400  13.44825936
(11.1853327,  5.6676212, 32.8420164, -0.4189650, -0.2291636, -0.7424369, -0.4698296)    0    0  19.87685974  8 1.640  13.10573075
(16.8844258,  7.4775779, 34.9656544,  0.7723600,  0.1350038,  0.5878716,  0.1991004)    0    0  16.81288816  4 1.200  11.17136100
( 1.1157636,  3.1223776, 38.1172396, -0.7105523, -0.2144113, -0.6696604, -0.0264239)    0    0  37.61622867  0 5.000  25.07749753
(11.3880376, -2.6088399, 40.6203529,  0.0751920,  0.3014979,  0.6203866,  0.7201150)    0    0  24.25900997  9 0.200  16.13999888
( 1.5708209,  3.1056262, 37.6140864, -0.7105523, -0.2144113, -0.6696604, -0.0264239)    0    0  36.31368939  0 0.520  23.72825495
(11.3156334, -1.4298188, 43.1082583, -0.5074958, -0.0282301,  0.6876453, -0.5184545)    0    0  18.14981761  1 5.000  12.18405937
( 7.3552112,  7.1348708, 41.7093783, -0.1191410, -0.0319982,  0.4991820,  0.8576706)    0    0  13.22917953  6 0.880   9.51054368
( 6.0072745,  3.8577894, 41.3733890,  0.2358002, -0.1075422,  0.0260482,  0.9654814)    0    0  22.78109213  3 2.920  15.15910789
( 1.2728623,  3.1312940, 37.9824760, -0.7105523, -0.2144113, -0.6696604, -0.0264239)    0    0  37.11511113  3 4.840  24.58836155
(17.0740663,  7.0283424, 34.6978231,  0.7723600,  0.1350038,  0.5878716,  0.1991004)    0    0  16.91189430  1 2.160  11.32972774
( 8.5490144,  9.2382503, 34.0147094, -0.6326962, -0.5724091,  0.4781318,  0.2084069)    0    0  21.36320342  2 4.520  14.28382285
(16.8866557,  7.4724053, 34.9629528,  0.7723600,  0.1350038,  0.5878716,  0.1991004)    0    0  16.81830919  3 5.000  11.16456317
( 6.2688379,  3.7511961, 41.1543920,  0.2357971, -0.1075416,  0.0260530,  0.9654821)    0    0  22.45382545 10 0.000  15.14511167
(12.8129368,  4.0674098, 45.1981172, -0.3842377,  0.2521842,  0.3063305, -0.8336223)    0    0  14.83357758  3 5.000   9.91139707
( 7.0744893,  7.2174135, 41.5749241, -0.1490302, -0.0246088,  0.5329240,  0.8325722)    0    0  18.86314119  1 2.000  12.59485939
(11.3082309,  5.8356723, 32.9401908, -0.4189650, -0.2291636, -0.7424369, -0.4698296)    0    0  19.67667836 13 0.000  12.87760589
( 9.6428165,  0.7848089, 43.5849741, -0.8220608,  0.3363346,  0.1381662,  0.4381839)    0    0  16.47489739  4 0.720  11.03841534
( 8.6065217,  9.4762871, 33.6527575, -0.6326962, -0.5724091,  0.4781318,  0.2084069)    0    0  20.94377823  6 0.360  13.72415613
(16.5444819,  7.5114973, 35.0109010,  0.7723584,  0.1350022,  0.5878739,  0.1991012)    0    0  16.48189749 10 0.000  11.11696928
(11.1019843,  5.5864260, 32.7285923, -0.4189651, -0.2291637, -0.7424368, -0.4698296)    0    0  19.86035269  9 0.520  12.97564597
(10.9845974,  5.4166860, 32.7138953, -0.4189655, -0.2291638, -0.7424365, -0.4698297)    0    0  19.12597793  0 0.400  12.99027421
( 6.9202289,  7.2551180, 41.5370274, -0.1475222, -0.0249854,  0.5312443,  0.8338978)    0    0  18.33680427  0 0.400  12.48024367
( 7.4376085,  7.0946608, 41.7374786, -0.1485961, -0.0247173,  0.5324411,  0.8329553)    0    0  18.53457589 11 0.080  12.27410245
( 9.5491022,  1.0264206, 43.4727332, -0.8220608,  0.3363346,  0.1381662,  0.4381839)    0    0  16.17192887  1 0.640  10.70950621
( 0.7222356,  3.2589005, 38.2337599, -0.7105523, -0.2144113, -0.6696604, -0.0264239)    0    0  36.66178334  0 0.560  24.26338423
( 8.5433701,  9.4540877, 33.5999465, -0.6326962, -0.5724091,  0.4781318,  0.2084069)    0    0  21.35982652  3 5.000  14.19969894
(17.2691981,  0.0507110, 37.2413759,  0.5397303,  0.4270965, -0.4319524,  0.5828352)    0    0  16.25976029  7 3.560  10.75552064
(11.1738984, -1.5125462, 43.1724179, -0.5074958, -0.0282301,  0.6876453, -0.5184545)    0    0  18.12122448  2 5.000  12.12925556
( 9.4050180,  0.9585846, 43.6567706, -0.8220608,  0.3363346,  0.1381662,  0.4381839)    0    0  16.62639844  0 5.000  11.08426627
(11.1729338,  5.5918172, 32.5551176, -0.4189653, -0.2291637, -0.7424366, -0.4698297)    0    0  19.76532138  0 0.400  13.43268037
(10.7256808,  5.4620674, 32.5837499, -0.4189651, -0.2291637, -0.7424368, -0.4698296)    0    0  19.98875550  4 0.400  13.43738676
(11.0234083,  5.3831246, 32.6186966, -0.4189653, -0.2291637, -0.7424368, -0.4698294)    0    0  18.93116894 18 0.000  12.19209069
(17.0469483,  7.4236257, 34.6640554,  0.7723597,  0.1350035,  0.5878720,  0.1991005)    0    0  16.45424200  9 0.080  10.97576960
(11.0914711, -1.9145787, 40.5745417,  0.0751920,  0.3014979,  0.6203866,  0.7201150)    0    0  24.15167646  0 0.480  16.04282436
( 9.6390396,  0.7956136, 43.6119295, -0.8220608,  0.3363346,  0.1381662,  0.4381839)    0    0  16.50236375  2 1.360  11.06111963
(17.2623395,  0.0791092, 37.3182426,  0.5397303,  0.4270965, -0.4319524,  0.5828352)    0    0  16.55542479  1 5.000  11.15105684
( 9.1150394,  1.0041116, 43.3995072, -0.8220608,  0.3363346,  0.1381662,  0.4381839)    0    0  16.30545601  9 0.080  10.97267903
(17.2316168,  0.2306936, 37.7152581,  0.5397303,  0.4270965, -0.4319524,  0.5828352)    0    0  16.41923500  6 4.920  10.84046505
(11.2156080, -1.9628040, 40.6799063,  0.0751919,  0.3014978,  0.6203867,  0.7201150)    0    0  24.05911408  0 0.400  16.13433192
(11.2434507,  5.5846254, 33.0664695, -0.4189655, -0.2291637, -0.7424367, -0.4698294)    0    0  19.49994929 18 0.000  12.70192511
(11.3071931, -2.4710916, 40.6617702,  0.0751919,  0.3014978,  0.6203866,  0.7201150)    0    0  23.94191543 10 0.240  15.86659346
( 8.5271796,  9.4336960, 33.6331780, -0.6326962, -0.5724091,  0.4781318,  0.2084069)    0    0  21.42018718  0 5.000  14.28014626
(17.1012324,  6.9522786, 34.6616521,  0.7723600,  0.1350038,  0.5878716,  0.1991004)    0    0  16.69421629  6 0.400  11.26183198
( 8.3437253,  9.2204694, 34.0023971, -0.6326962, -0.5724091,  0.4781318,  0.2084069)    0    0  20.67970418  4 0.800  13.71016980
(11.2201259,  5.8649506, 33.0234933, -0.4189658, -0.2291638, -0.7424365, -0.4698295)    0    0  19.39074290  0 0.400  12.90717241
( 8.5690282,  9.2891995, 33.8967992, -0.6326962, -0.5724091,  0.4781318,  0.2084069)    0    0  21.27390956  6 0.600  14.22678979
( 9.0932319,  0.6502158, 43.6237192, -0.8220608,  0.3363346,  0.1381662,  0.4381839)    0    0  16.04774955  0 0.720  10.42471349
(11.0802987, -2.1454571, 40.5640530,  0.0751920,  0.3014979,  0.6203866,  0.7201150)    0    0  24.50768455  2 5.000  16.39595823
( 6.5993962,  7.1978013, 41.2830728, -0.1490801, -0.0245963,  0.5329796,  0.8325280)    0    0  18.69627119  2 0.720  12.60762359
( 6.1125529,  3.9261539, 41.3142563,  0.2357663, -0.1075361,  0.0261002,  0.9654890)    0    0  22.48392067  6 0.560  15.00904649
( 6.9187335,  7.2639248, 41.9211134, -0.1483802, -0.0247712,  0.5322008,  0.8331457)    0    0  18.43191857  9 0.080  12.63650250
(16.9918117,  7.2899578, 34.8188433,  0.7723600,  0.1350038,  0.5878716,  0.1991004)    0    0  16.54528986  4 0.480  10.88590611
(16.9041296,  7.5661178, 34.9418653,  0.7723590,  0.1350028,  0.5878730,  0.1991009)    0    0  16.17708943  3 0.560  10.83997846
(11.2935665, -2.5378616, 40.6651263,  0.0751920,  0.3014979,  0.6203866,  0.7201150)    0    0  24.39156022  3 3.600  16.14970174
(11.3396522,  5.7281124, 32.8423069, -0.4189649, -0.2291636, -0.7424369, -0.4698296)    0    0  19.74734126  9 0.280  13.20624956
( 6.2135406,  4.1187199, 40.9334975,  0.2357726, -0.1075372,  0.0260906,  0.9654876)    0    0  22.30003171  9 0.160  14.78002386
( 7.0036996,  7.2361603, 41.5700443, -0.1486772, -0.0246970,  0.5325313,  0.8328837)    0    0  18.85270639  1 1.120  12.68114548
(10.8505863, -2.0742429, 40.4887218,  0.0751919,  0.3014978,  0.6203867,  0.7201150)    0    0  23.94380613  0 0.560  15.96590062
( 7.3790858,  7.1159544, 41.8803938, -0.1487230, -0.0246855,  0.5325822,  0.8328432)    0    0  18.66565579  4 0.560  12.51615636
(11.4087288,  5.7033381, 32.5259711, -0.4189650, -0.2291636, -0.7424369, -0.4698296)    0    0  19.44462747  0 0.400  12.68124187
( 6.4327405,  3.9510584, 40.8876523,  0.2358475, -0.1075506,  0.0259757,  0.9654709)    0    0  22.29050893  1 0.400  15.28956683
( 6.9797447,  7.1985517, 41.5288858, -0.1362888, -0.0277792,  0.5186616,  0.8435899)    0    0  16.31250451  0 0.400  12.02454586
(11.1446667,  5.4492649, 32.6732008, -0.4189650, -0.2291637, -0.7424369, -0.4698296)    0    0  19.40243310  4 0.560  12.77029099
(16.9477660,  7.6254016, 34.7565961,  0.7723597,  0.1350034,  0.5878721,  0.1991006)    0    0  16.46622188  6 0.240  10.76315953
( 7.5126230,  6.8663377, 41.6836513, -0.1183759, -0.0321852,  0.4983053,  0.8582791)    0    0  11.94792822 11 0.320   9.65788317
(17.1708938,  7.2400476, 34.9025647,  0.7723600,  0.1350037,  0.5878716,  0.1991004)    0    0  16.40007451  0 0.400  10.80761379
( 9.4489878,  0.8871173, 43.8228977, -0.8220608,  0.3363346,  0.1381662,  0.4381839)    0    0  16.17314448  8 0.160  10.78865379
(11.1585890,  5.6291647, 32.7857482, -0.4189650, -0.2291636, -0.7424369, -0.4698295)    0    0  20.50027245  0 4.000  13.67063339
( 8.7228314,  9.5008537, 33.4799399, -0.6326962, -0.5724091,  0.4781318,  0.2084069)    0    0  21.00828382  0 0.520  13.99372041
(11.2105753,  5.6790329, 32.6761123, -0.4189650, -0.2291636, -0.7424369, -0.4698295)    0    0  19.59281418  8 0.160  12.99115325
(11.3817880,  5.9247471, 33.4425794, -0.4189651, -0.2291637, -0.7424368, -0.4698296)    0    0  19.80912302  3 0.400  13.13991989
( 8.5958422,  9.5087883, 33.0137345, -0.6326962, -0.5724091,  0.4781318,  0.2084069)    0    0  21.13055761  4 0.320  14.13942254
( 7.0998846,  7.1847636, 41.3275507, -0.1488882, -0.0246443,  0.5327660,  0.8326975)    0    0  18.64897980 10 0.360  12.41387935
( 6.3460743,  4.3469226, 41.1058809,  0.2358027, -0.1075426,  0.0260444,  0.9654809)    0    0  22.68370133  7 0.520  15.21306017
( 9.2068803,  1.3650846, 43.5916272, -0.8220608,  0.3363346,  0.1381662,  0.4381839)    0    0  16.21496071  0 0.400  10.83027525
(17.1675446,  7.2001025, 34.6319300,  0.7723600,  0.1350038,  0.5878716,  0.1991004)    0    0  16.88076823  2 5.000  11.29780788
(14.2303738,  8.4997331, 42.1465080, -0.2704881,  0.2615902,  0.1454179, -0.9150193)    0    0  14.05696493  2 5.000   9.37269521
( 9.5476778,  1.0532978, 43.5148738, -0.8220608,  0.3363346,  0.1381662,  0.4381839)    0    0  16.22940901  0 0.400  10.91980145
(16.8917228,  7.3977140, 34.9870978,  0.7723600,  0.1350038,  0.5878716,  0.1991004)    0    0  16.60002803  7 0.240  10.99345581
(11.2561278, -2.3948424, 40.5881773,  0.0751909,  0.3014976,  0.6203878,  0.7201142)    0    0  23.96612076  7 0.400  15.93065197
( 6.7336972,  7.4390586, 41.4394329, -0.1487026, -0.0246907,  0.5325595,  0.8328613)    0    0  18.59464203  8 0.160  12.64391799
(17.0817834,  7.3365188, 34.7392064,  0.7723600,  0.1350038,  0.5878716,  0.1991004)    0    0  16.69631020  6 1.520  11.03927009
( 6.8836539,  7.2733359, 41.5247961, -0.1488321, -0.0246583,  0.5327036,  0.8327471)    0    0  18.74045034  4 0.640  12.66867305
( 9.0726095,  1.2759663, 43.7404216, -0.8220608,  0.3363346,  0.1381662,  0.4381839)    0    0  16.34202775  0 0.480  10.95526511
(17.0197075,  7.5100219, 34.8585927,  0.7723600,  0.1350038,  0.5878716,  0.1991004)    0    0  16.67489207  2 0.640  11.12860068
( 6.9159760,  7.2653390, 41.5355900, -0.1490407, -0.0246061,  0.5329357,  0.8325629)    0    0  18.80913104  2 0.960  12.67034049
(11.2557832,  5.6235807, 32.7231000, -0.4189651, -0.2291637, -0.7424369, -0.4698295)    0    0  19.85762940  1 0.640  13.14589354
(17.2502257,  0.2672765, 37.6929372,  0.5397303,  0.4270965, -0.4319524,  0.5828352)    0    0  16.69086100  0 5.000  11.12724121
( 5.7949444,  3.6505106, 41.5817202,  0.2358054, -0.1075431,  0.0260402,  0.9654803)    0    0  22.74919304  5 0.800  15.27902685
(17.2737575,  0.0929608, 37.2948828,  0.5397303,  0.4270965, -0.4319524,  0.5828352)    0    0  16.52607505  3 4.440  11.19564830
(11.3722315, -2.0311879, 40.4248527,  0.0751920,  0.3014979,  0.6203866,  0.7201150)    0    0  24.26226239  4 0.440  16.17040260
( 6.3093754,  4.3364850, 41.1073019,  0.2357012, -0.1075245,  0.0262000,  0.9655035)    0    0  22.46843995  0 0.400  15.03815431
( 5.9844438,  3.9025861, 41.3425009,  0.2358200, -0.1075457,  0.0260179,  0.9654771)    0    0  22.69317578  6 2.920  15.21977923
( 8.5486594,  9.4607017, 33.5891721, -0.6326962, -0.5724091,  0.4781318,  0.2084069)    0    0  21.33032484  4 4.200  14.17997654
(17.3507131,  6.9985161, 34.7757898,  0.7723600,  0.1350038,  0.5878716,  0.1991004)    0    0  16.48755469 14 0.000  10.98594614
(17.1261731,  7.4860647, 35.1215243,  0.7723598,  0.1350036,  0.5878719,  0.1991005)    0    0  16.48923334  8 0.160  11.01838580
( 8.4233983,  9.1388840, 34.2088377, -0.6326962, -0.5724091,  0.4781318,  0.2084069)    0    0  21.04740321  9 0.440  13.95043927
(11.3539780,  5.8365784, 33.0144213, -0.4189650, -0.2291637, -0.7424368, -0.4698296)    0    0  19.74518406 10 0.000  13.20844406
( 6.0686360,  3.9005647, 41.3371817,  0.2357728, -0.1075373,  0.0260902,  0.9654875)    0    0  22.28766608  9 0.400  14.44096735
(12.7937475,  4.4417839, 44.6497781, -0.3842377,  0.2521842,  0.3063305, -0.8336223)    0    0  14.87322667  2 5.000   9.88961992
(10.8129942, -1.4398343, 43.3885435, -0.5074958, -0.0282301,  0.6876453, -0.5184545)    0    0  18.11702807  3 5.000  12.02097190
( 6.4314847,  3.9329016, 41.1053052,  0.2358150, -0.1075448,  0.0260255,  0.9654781)    0    0  22.14650689  7 0.080  15.24046175
( 5.7185728,  3.6676956, 41.5324006,  0.2357939, -0.1075411,  0.0260579,  0.9654829)    0    0  22.78966822  2 1.040  15.27278623
(17.3297934,  0.5321340, 37.8021002,  0.5397303,  0.4270965, -0.4319524,  0.5828352)    0    0  16.50032419  4 5.000  10.89945099
(10.8345587, -2.6189011, 40.9500045,  0.0751914,  0.3014977,  0.6203870,  0.7201148)    0    0  24.22120344  0 0.800  16.21937515
(11.0976870, -2.5260298, 41.0390574,  0.0751920,  0.3014979,  0.6203866,  0.7201150)    0    0  24.26286248  5 0.400  16.27488488
( 5.8747372,  3.7045484, 41.4557825,  0.2358471, -0.1075505,  0.0259763,  0.9654710)    0    0  22.76940663  4 0.680  15.30142314
(17.2491969,  0.2900258, 37.7363640,  0.5397303,  0.4270965, -0.4319524,  0.5828352)    0    0  16.52671774  2 5.000  10.90150414
(11.2520552,  5.9180542, 33.1081113, -0.4189651, -0.2291637, -0.7424368, -0.4698296)    0    0  19.96155783  7 0.240  13.51675444
( 9.2110051,  1.1202796, 43.6649488, -0.8220608,  0.3363346,  0.1381662,  0.4381839)    0    0  16.38146195  0 0.400  11.09239093
(11.1415602, -1.4332976, 43.2053243, -0.5074958, -0.0282301,  0.6876453, -0.5184545)    0    0  18.26542828  0 5.000  12.17738757
( 7.5684772,  7.1198321, 41.7875510, -0.1490801, -0.0245963,  0.5329795,  0.8325281)    0    0  18.67200664  3 0.480  12.60394396
(16.9539215,  7.3156115, 34.8682289,  0.7723600,  0.1350038,  0.5878716,  0.1991004)    0    0  16.91633533  0 5.000  11.27756192
( 1.3510445,  3.0103881, 37.9751279, -0.7105523, -0.2144113, -0.6696604, -0.0264239)    0    0  36.39144990  1 0.560  23.75313923
( 7.6632634,  7.1986380, 41.6115120, -0.1488624, -0.0246507,  0.5327374,  0.8327203)    0    0  18.60414321  5 0.400  12.40011097
( 7.3649253,  7.1228625, 41.6929066, -0.0517868, -0.0480545,  0.4196125,  0.9049499)    0    0  13.41032426 15 0.560   3.65404625
( 9.1694854,  1.2638802, 43.7403446, -0.8220608,  0.3363346,  0.1381662,  0.4381839)    0    0  16.24116528  2 0.680  10.74842303
( 1.4437357,  3.2818701, 37.7700604, -0.7105523, -0.2144113, -0.6696604, -0.0264239)    0    0  36.99687587  3 0.400  25.03033189
( 6.1138338,  3.9901725, 41.2704082,  0.2358412, -0.1075495,  0.0259853,  0.9654723)    0    0  22.84760600  1 1.520  15.26358798
( 0.9768133,  3.1147344, 38.2364805, -0.7105523, -0.2144113, -0.6696604, -0.0264239)    0    0  36.92397574  8 1.200  24.49282284
( 0.8934967,  3.1097624, 38.3079063, -0.7105523, -0.2144113, -0.6696604, -0.0264239)    0    0  37.28649712  1 3.920  25.01760541
( 9.2455831,  1.0751442, 43.7047247, -0.8220608,  0.3363346,  0.1381662,  0.4381839)    0    0  16.48216886  3 2.160  10.96389624
( 1.2731394,  3.1313097, 37.9822382, -0.7105523, -0.2144113, -0.6696604, -0.0264239)    0    0  37.11845490  2 3.720  24.59089693
( 6.0107778,  3.8651249, 41.3678553,  0.2358337, -0.1075481,  0.0259969,  0.9654739)    0    0  22.92171968  0 5.000  15.29006426
( 6.1187948,  3.8791583, 41.3408612,  0.2358213, -0.1075459,  0.0260159,  0.9654768)    0    0  22.24562260 10 0.240  14.75033456
(11.3752454,  5.6307643, 32.5838497, -0.4189649, -0.2291637, -0.7424369, -0.4698296)    0    0  19.61044961  0 0.400  12.88855491
( 9.6211977,  0.7977397, 43.5916441, -0.8220608,  0.3363346,  0.1381662,  0.4381839)    0    0  16.51901849  1 3.280  11.06073079
( 6.9758762,  7.2436613, 41.5436275, -0.1430699, -0.0260923,  0.5262547,  0.8377328)    0    0  17.16081148  0 0.400  12.42462184
(11.3528230, -2.6313463, 40.6891739,  0.0751920,  0.3014979,  0.6203866,  0.7201150)    0    0  24.38487247  4 5.000  16.23449674
(16.8891868,  7.1288185, 34.5013699,  0.7723600,  0.1350038,  0.5878716,  0.1991004)    0    0  16.52995371  8 0.240  10.92953366
(17.0802397,  7.1960373, 35.0989442,  0.7723597,  0.1350034,  0.5878721,  0.1991006)    0    0  16.63379055  9 0.240  11.05700630
(10.9513251, -2.4789258, 40.7058933,  0.0751918,  0.3014978,  0.6203868,  0.7201149)    0    0  23.93642662  0 0.400  15.99638443
( 1.3356893,  3.0124400, 38.1694220, -0.7105523, -0.2144113, -0.6696604, -0.0264239)    0    0  36.53875866 10 0.080  24.36859279
( 9.2247702,  1.0847092, 43.7417583, -0.8220608,  0.3363346,  0.1381662,  0.4381839)    0    0  16.17668517 14 0.000  10.62308098
( 6.8585713,  7.0552657, 41.0718585, -0.1483124, -0.0247881,  0.5321250,  0.8332048)    0    0  18.38072729  7 0.240  12.44182717
( 9.1893159,  0.7398772, 43.6045138, -0.8220608,  0.3363346,  0.1381662,  0.4381839)    0    0  16.13334608 13 0.000  10.81336842
(11.2269519, -1.8710016, 40.4845366,  0.0751918,  0.3014978,  0.6203868,  0.7201149)    0    0  23.93583718  0 0.480  15.86868880
(11.2548407,  5.7468384, 32.9372411, -0.4189650, -0.2291636, -0.7424369, -0.4698296)    0    0  20.30958443  2 5.000  13.52239922
(17.2216478,  0.1465695, 37.6156288,  0.5397303,  0.4270965, -0.4319524,  0.5828352)    0    0  16.47986143  5 2.600  11.08992164
(16.9589754,  7.3595861, 34.8856730,  0.7723600,  0.1350038,  0.5878716,  0.1991004)    0    0  16.36209312 14 0.000  10.79166989
(11.0670421,  5.4562626, 32.5807336, -0.4189649, -0.2291636, -0.7424369, -0.4698296)    0    0  20.23580016  3 1.280  13.58992120
( 8.4266891,  9.2003117, 33.9387594, -0.6326962, -0.5724091,  0.4781318,  0.2084069)    0    0  20.66825203  6 0.680  13.62950123
( 9.0331762,  1.2245334, 43.7296104, -0.8220608,  0.3363346,  0.1381662,  0.4381839)    0    0  16.42219319  5 5.000  10.93596130
( 1.4780050,  2.8401666, 38.0680293, -0.7105523, -0.2144113, -0.6696604, -0.0264239)    0    0  36.38126584  3 0.400  24.26450016
(16.9094928,  7.5500953, 34.8735232,  0.7723600,  0.1350038,  0.5878716,  0.1991004)    0    0  16.75993238  5 0.560  11.17391963
(10.8627273,  5.2833804, 32.3407949, -0.4189650, -0.2291636, -0.7424369, -0.4698296)    0    0  20.05383528  4 0.440  13.57116216
(11.3662365,  5.8314495, 33.0613970, -0.4189652, -0.2291637, -0.7424367, -0.4698296)    0    0  20.01381549  5 0.400  13.54161019
( 8.9337859,  1.4460205, 43.7770576, -0.8220608,  0.3363346,  0.1381662,  0.4381839)    0    0  16.35822286  0 0.640  10.95129288
( 1.1965394,  3.1262938, 38.0534505, -0.7105523, -0.2144113, -0.6696604, -0.0264239)    0    0  36.29786559  6 0.440  24.06602151
( 1.1895427,  3.2912572, 38.1554566, -0.7105523, -0.2144113, -0.6696604, -0.0264239)    0    0  36.57546442  0 0.400  24.45526776
( 1.0321640,  3.0698191, 37.9450895, -0.7105523, -0.2144113, -0.6696604, -0.0264239)    0    0  36.93410934  6 0.320  24.60889785
( 8.2650685,  9.2784247, 34.1656341, -0.6326962, -0.5724091,  0.4781318,  0.2084069)    0    0  21.09800463  1 0.520  14.31899434
(10.7618884, -2.3534928, 40.8475947,  0.0751914,  0.3014978,  0.6203870,  0.7201148)    0    0  23.81104957 10 0.000  15.82503540
(11.0124846,  5.4547245, 32.5599573, -0.4189650, -0.2291636, -0.7424369, -0.4698296)    0    0  20.40895398  1 2.680  13.67411334
