#Coordinates  RecID  LigID  Luciferin  Neighbor's number  Vision Range  Scoring
(-5.6165430, -7.1119224, 48.4619324,  0.4521621,  0.8620801, -0.0979425, -0.2067638)    0    0  10.81902717  7 0.360   7.59409113
(-2.5975386, -2.9532042, 47.5171316, -0.5733663, -0.6256684, -0.3339762, -0.4101830)    0    0   6.54998698 12 1.240   7.88490092
(-5.0931480, -6.7654287, 48.4841848, -0.5603831, -0.8094764, -0.1317490, -0.1155893)    0    0  12.76199185  4 4.440   8.67747077
(-2.4177066, -2.9551156, 47.1951579, -0.5723696, -0.6161589, -0.3406680, -0.4203408)    0    0  12.59100378  5 1.160   9.27658583
(-5.8530239, -7.1699260, 48.5510462,  0.4514736,  0.8618118, -0.0994788, -0.2086902)    0    0  12.01914899  3 1.000   8.60648106
(-3.7207907,  0.4379397, 50.2132833,  0.2555383,  0.2339954, -0.9126564,  0.2168053)    0    0  16.46179646  5 4.520  10.86427557
(-7.1892108, -12.3529954, 53.2510604,  0.6608077, -0.1981275,  0.5524656, -0.4678253)    0    0  12.99095540  6 4.920   8.67033344
(-7.8751471, -8.4333921, 50.5967306, -0.1205239,  0.7984934, -0.5897658,  0.0076335)    0    0  12.25851418 10 1.720   8.12774078
( 1.7801389, -5.5430155, 50.0756437, -0.2615173, -0.5569576, -0.5033920, -0.6066328)    0    0  14.90928782  7 0.520  10.16105993
(-2.7453798, -2.5276948, 47.4343559, -0.5721329, -0.6155078, -0.3411457, -0.4212288)    0    0  12.89042319  1 3.960   9.12593305
(-1.8842611, -16.1570465, 49.2774626, -0.2339558,  0.7596604, -0.1936252,  0.5750565)    0    0  14.07609636  3 5.000   9.36247786
(-6.8132435, -7.9535471, 52.4779856, -0.1198841,  0.7977934, -0.5908162,  0.0092504)    0    0   9.75430703 13 1.960   6.82410469
( 2.2720204, -7.8024697, 52.9516048, -0.4847812,  0.5836016,  0.0302896, -0.6507526)    0    0  13.01092399  1 5.000   8.67643817
( 1.2804297, -6.3098264, 49.8424913, -0.2609093, -0.5568717, -0.5036032, -0.6067982)    0    0  15.00601670 12 3.240  10.03202127
( 4.4850338, -10.8926576, 49.5613013, -0.7608202,  0.4671763, -0.4244911, -0.1506860)    0    0  14.51866609  4 0.600  10.20241765
(-2.7529531, -2.5070597, 46.9771242, -0.5766478, -0.6486254, -0.3159204, -0.3833494)    0    0  -0.33749355 14 1.400   1.76597931
(-4.0318505, -11.1593284, 42.2630845, -0.6736046, -0.4395104,  0.2835792,  0.5221783)    0    0   7.27504934 12 1.880   5.67254156
(-5.7893854, -7.0839171, 48.4617846,  0.4525885,  0.8618173, -0.0978774, -0.2069907)    0    0  10.54156606 11 0.360   8.24892646
(-2.1077532, -16.1635849, 49.7144243, -0.2339726,  0.7596584, -0.1936276,  0.5750515)    0    0  14.06472661  6 4.440   9.39704011
(-10.4428216, -8.5449651, 49.5095499,  0.6393609,  0.5449922,  0.4954881,  0.2206644)    0    0  14.60837115  6 3.640   9.81753379
(-3.7347524, -11.2770368, 41.9744221, -0.6735114, -0.4395237,  0.2837390,  0.5222006)    0    0   7.53425335  2 0.600   5.38033921
(-6.7988059, -11.8979291, 53.5250975,  0.6608077, -0.1981811,  0.5524672, -0.4678006)    0    0  12.94730497  7 2.200   8.65671765
(-7.0004704, -12.1440228, 53.3716487,  0.6608045, -0.1981139,  0.5524573, -0.4678454)    0    0  13.03480231  2 5.000   8.70963402
(-2.6827711, -2.7679049, 47.5010954, -0.5726202, -0.6177478, -0.3395623, -0.4185564)    0    0  11.49030314  7 2.280   8.40543724
( 1.9001171, -6.0520629, 49.7619628, -0.2611717, -0.5567119, -0.5036129, -0.6068237)    0    0  14.78078442  5 0.520  10.07696633
(-3.8735431, -11.2180322, 42.2877416, -0.6736088, -0.4409569,  0.2838230,  0.5208134)    0    0   7.96814111  2 2.200   6.30864528
( 1.7481022, -6.1517468, 49.7985455, -0.2615162, -0.5571573, -0.5032867, -0.6065372)    0    0  15.01051584  9 0.680  10.13038245
(-7.1720108, -12.3292675, 53.2651455,  0.6608143, -0.1981575,  0.5524865, -0.4677784)    0    0  12.99194551  5 4.680   8.69965074
( 2.2838121, -7.7525987, 52.9678006, -0.4850103,  0.5829082,  0.0310268, -0.6511677)    0    0  12.62170616  9 2.680   8.53033151
( 1.6517037, -7.5906419, 45.4330365, -0.4851709, -0.6209217, -0.4113822, -0.4580723)    0    0   9.53654836 10 1.160   6.51354984
(-3.6738502,  0.3546687, 50.2397049,  0.2554883,  0.2334597, -0.9128143,  0.2167772)    0    0  16.32297716  7 3.240  10.71977498
( 1.3848485, -6.3463711, 49.8013076, -0.2609344, -0.5568894, -0.5035853, -0.6067860)    0    0  15.08038555  6 4.920   9.98373817
(-4.4619274, -16.2939380, 43.2878463,  0.2784877,  0.5916211,  0.6671081,  0.3569256)    0    0   6.13973252  3 5.000   3.69512056
( 3.3539919, -5.2923468, 49.6180829, -0.2606828, -0.5564947, -0.5039271, -0.6069716)    0    0  14.61364302  4 0.680   9.75260947
(-10.3312614, -8.9978302, 49.6447501,  0.6393901,  0.5449866,  0.4954684,  0.2206375)    0    0  14.74618116  1 5.000   9.97248035
( 3.6305721, -5.0476243, 49.5907286, -0.2609294, -0.5564239, -0.5038682, -0.6069802)    0    0  14.61896651  4 0.840   9.99698022
(-3.4874655, -11.5170673, 42.6136960, -0.6737026, -0.4404205,  0.2835691,  0.5212897)    0    0   7.21475129 13 1.720   5.36610464
( 3.2159026, -5.3469076, 49.6512724, -0.2604979, -0.5564516, -0.5040142, -0.6070190)    0    0  14.83539980  3 1.400   9.85439692
( 1.5647766, -7.3390583, 45.7873600, -0.5071279, -0.6244569, -0.3998087, -0.4393491)    0    0  11.62651910  1 3.960   7.94795178
( 2.8494099, -5.4580168, 49.7068988, -0.2606735, -0.5566771, -0.5038083, -0.6069068)    0    0  15.07726967  1 1.720  10.16690330
(-5.6375303, -7.0944691, 48.2320598,  0.4524290,  0.8620256, -0.0977307, -0.2064972)    0    0   9.34270929 14 0.520   8.10202417
(-1.8987707, -9.3807596, 51.3976647,  0.4506575,  0.0745872, -0.5942421,  0.6619825)    0    0   8.90918325  9 2.200   4.65352741
(-2.3700132, -9.6676685, 51.5516403,  0.4124609,  0.1793221, -0.6467318,  0.6160013)    0    0   9.61464211  7 1.000   7.02067225
(-6.4220321, -7.1849195, 48.0649422,  0.4534563,  0.8632914, -0.0934654, -0.2007543)    0    0   9.09469072  1 0.680   8.55820000
(-2.7246111, -2.5693604, 47.4263010, -0.5728023, -0.6181845, -0.3391572, -0.4179870)    0    0   9.68127532  5 0.840   8.42948527
( 1.8236035, -5.9813896, 49.8604093, -0.2617196, -0.5571659, -0.5032393, -0.6064810)    0    0  14.81989594  2 0.440  10.00673026
(-2.7934670, -2.5033196, 47.4974547, -0.5721208, -0.6157649, -0.3410524, -0.4209447)    0    0  12.87691560  2 1.560   9.43769942
( 1.9540989, -7.4901322, 53.0955696, -0.4857272,  0.5807741,  0.0334347, -0.6524156)    0    0  11.91268381 11 0.600   8.38796567
(-4.0823680, -11.1750756, 42.1367998, -0.6736975, -0.4396760,  0.2834441,  0.5219918)    0    0   7.66328396  5 0.440   5.63018029
(-5.1226445, -6.7576553, 48.4695631, -0.5603441, -0.8095590, -0.1315796, -0.1153926)    0    0  12.84440895  3 4.840   8.66949754
( 4.7590505, -10.7473113, 49.4434242, -0.7610614,  0.4670725, -0.4241288, -0.1508096)    0    0  15.33565570  2 5.000  10.71575004
(-7.2223337, -7.8984401, 51.3798472, -0.1201185,  0.7982425, -0.5901741,  0.0085790)    0    0   9.34619399 15 0.760   7.06949772
( 4.4767930, -10.8889528, 49.5824767, -0.7610220,  0.4670899, -0.4241875, -0.1507891)    0    0  15.01629490  6 4.360  10.02399456
( 1.9072068, -6.0764264, 49.8439408, -0.2613824, -0.5570983, -0.5033514, -0.6065954)    0    0  15.09313449  5 0.840  10.17173903
(-3.9995210,  0.6311007, 50.0561996,  0.2555123,  0.2336521, -0.9127586,  0.2167757)    0    0  16.27948808  8 3.560  10.96201467
( 1.5912195, -7.4611920, 45.6981786, -0.5052629, -0.6242527, -0.4007167, -0.4409528)    0    0  11.19804173  4 1.640   7.62567584
( 2.1430459, -7.6604384, 53.0136714, -0.4849947,  0.5829473,  0.0309034, -0.6511506)    0    0  12.62177287  8 1.160   8.33058931
(-2.0303909, -16.1342789, 49.6080080, -0.2339374,  0.7596623, -0.1936234,  0.5750621)    0    0  14.21424296  1 5.000   9.57908910
(-4.1083191,  0.4323893, 50.0121727,  0.2555173,  0.2333524, -0.9128355,  0.2167690)    0    0  16.20806991  0 0.520  10.66944724
(-2.3411946, -2.9111081, 47.2333619, -0.5720792, -0.6157589, -0.3410495, -0.4210125)    0    0  12.71944306  3 1.240   9.32922040
( 1.3343630, -6.3569249, 49.8218053, -0.2614444, -0.5570542, -0.5033766, -0.6065883)    0    0  14.93398734 12 0.040   9.98047989
(-7.4441660, -8.4401899, 50.9331900, -0.1202795,  0.7983835, -0.5899630,  0.0077547)    0    0  12.46838239  1 0.760   8.41372340
(-3.8303528, -11.2281215, 42.3326481, -0.6735092, -0.4391742,  0.2836825,  0.5225159)    0    0   8.33236656  0 5.000   5.56071094
(-3.3142110, -11.3351703, 42.7272843, -0.6736033, -0.4410394,  0.2838413,  0.5207411)    0    0   7.54937129  6 0.320   5.27332065
(-7.3585592, -0.3481148, 49.7310223, -0.1640615, -0.0867319, -0.8488317,  0.4950214)    0    0  14.91667986  0 5.000   9.95200748
(-2.2431254, -9.7116167, 51.0140051,  0.4024888,  0.2035091, -0.6573200,  0.6037526)    0    0  11.45601245  1 2.120   7.71887890
( 4.5696759, -10.9592557, 49.2971450, -0.7610535,  0.4670763, -0.4241404, -0.1508050)    0    0  15.45697442  0 5.000  10.67038644
(-2.4843793, -9.7941212, 50.8572556,  0.4035355,  0.2009216, -0.6562536,  0.6050698)    0    0  10.47979045  5 1.880   7.47088661
( 2.2700173, -7.7320816, 52.9777236, -0.4848201,  0.5835089,  0.0304012, -0.6508014)    0    0  13.08406638  0 5.000   8.90287709
(-7.1171793, -12.2660012, 53.3020039,  0.6608091, -0.1981347,  0.5524711, -0.4678138)    0    0  12.99951147  3 3.560   8.68350611
(-10.4574303, -8.8904165, 49.4992964,  0.6394477,  0.5449760,  0.4954247,  0.2205950)    0    0  14.57235680  8 2.120   9.70240010
( 1.0179911, -7.9142266, 52.7906820, -0.4867404,  0.5775810,  0.0373850, -0.6542100)    0    0  10.69343649  9 1.720   7.91951122
(-5.7805846, -7.0480017, 48.3004494,  0.4525464,  0.8627472, -0.0957582, -0.2040972)    0    0  11.16607674  9 2.040   8.50080296
( 4.7021662, -10.7640743, 49.4905634, -0.7611361,  0.4670397, -0.4240167, -0.1508494)    0    0  15.32443009  3 5.000  10.63102196
(-1.9229090, -16.1495294, 49.3667578, -0.2339419,  0.7596614, -0.1936237,  0.5750614)    0    0  14.26871758  0 5.000   9.53944891
( 1.6275690, -7.5758030, 45.5222837, -0.5053955, -0.6242699, -0.4006704, -0.4408173)    0    0  10.90608544  6 1.240   7.10448563
(-6.2248626, -15.7737431, 50.0784687,  0.3223073,  0.2439855,  0.7023284,  0.5859385)    0    0  11.88974416  1 5.000   7.92737214
( 1.5828531, -6.2343366, 49.7858889, -0.2609201, -0.5568824, -0.5035932, -0.6067920)    0    0  15.19588878  1 5.000  10.15246406
(-3.4033290, -11.3771982, 42.7040965, -0.6736101, -0.4411735,  0.2838544,  0.5206125)    0    0   7.44527118 11 2.600   4.80799190
( 1.6514084, -6.0737223, 49.8263233, -0.2611835, -0.5570180, -0.5034434, -0.6066784)    0    0  15.07800047  7 1.800  10.13866133
(-2.3037460, -9.6714197, 51.2985914,  0.4024935,  0.2034733, -0.6573146,  0.6037674)    0    0  11.16174033  2 2.360   7.21690445
(-7.5029111, -8.5294582, 51.3173307, -0.1204625,  0.7984780, -0.5898004,  0.0075569)    0    0  12.39282211  7 3.000   8.32177854
(-1.7169730, -16.1774623, 48.9067115, -0.2339363,  0.7596635, -0.1936228,  0.5750613)    0    0  14.06337782  7 4.440   9.55038344
(-6.8956149, -12.0282188, 53.4386256,  0.6608066, -0.1981234,  0.5524646, -0.4678297)    0    0  13.04056796  1 5.000   8.69070665
(-10.3641319, -9.0712247, 49.6087174,  0.6393942,  0.5449857,  0.4954650,  0.2206355)    0    0  14.69877427  2 5.000   9.87611089
(-3.7465264, -11.3676197, 42.3842598, -0.6736089, -0.4409556,  0.2838227,  0.5208145)    0    0   7.78624098  5 5.000   4.93061837
(-1.5049457, -9.1207166, 51.6355181,  0.4405442,  0.1044941, -0.6103390,  0.6499909)    0    0   8.92981986  9 1.960   4.65586616
(-4.1230464,  0.6811933, 49.9937618,  0.2555010,  0.2333384, -0.9128486,  0.2167483)    0    0  16.60692005  2 5.000  11.12296235
( 2.1648661, -7.5906893, 53.0376498, -0.4849445,  0.5831432,  0.0308149, -0.6510169)    0    0  12.69358665  7 4.120   8.29351866
( 1.5383962, -7.2352329, 45.9057421, -0.5072803, -0.6244717, -0.3997243, -0.4392291)    0    0  11.56849866  2 2.440   7.97157631
(-4.0712785, -11.5368954, 42.0755273, -0.6735132, -0.4391799,  0.2836849,  0.5225168)    0    0   8.08313234  1 5.000   5.84029601
(-3.5566637,  0.6292629, 50.1769018,  0.2555079,  0.2333463, -0.9128473,  0.2167373)    0    0  16.26171807  4 0.360  10.85114443
(-6.2306959, -15.8299401, 50.1217720,  0.3223047,  0.2440872,  0.7022754,  0.5859611)    0    0  11.93650559  0 5.000   8.11241948
(-6.2450160, -16.0302970, 50.2798902,  0.3222529,  0.2443637,  0.7021230,  0.5860568)    0    0  11.54623588  3 5.000   7.69906269
(-7.3044723, -12.4798231, 53.1774197,  0.6608062, -0.1981209,  0.5524626, -0.4678338)    0    0  12.99361145  4 5.000   8.63419486
(-1.8995809, -16.1644451, 49.2949587, -0.2339555,  0.7596597, -0.1936255,  0.5750575)    0    0  14.13097575  2 4.040   9.40167748
( 4.3930395, -11.2058042, 49.0642508, -0.7611277,  0.4670437, -0.4240290, -0.1508445)    0    0  15.42916227  1 4.600  10.52710012
(-3.8120672,  0.5679091, 50.1613854,  0.2555299,  0.2333680, -0.9128334,  0.2167466)    0    0  16.42599706  6 3.880  10.92489599
(-6.9290358, -12.0651331, 53.4172747,  0.6608061, -0.1981215,  0.5524632, -0.4678329)    0    0  13.08117713  0 5.000   8.72780709
(-5.0295656, -7.1833390, 48.6202429,  0.4530730,  0.8623055, -0.0963043, -0.2046364)    0    0  11.51491004  7 0.920   8.50868272
( 2.4103580, -7.7508630, 52.8985576, -0.4851961,  0.5823841,  0.0316093, -0.6514674)    0    0  12.75304778  6 4.840   8.48723207
( 1.5789341, -7.3839034, 45.7439136, -0.5049997, -0.6242174, -0.4007416, -0.4412865)    0    0  10.67681028  3 0.600   7.60429787
(-10.4802487, -8.7918018, 49.4715284,  0.6393769,  0.5449892,  0.4954783,  0.2206473)    0    0  14.64674929  4 5.000   9.72758277
( 1.5021407, -7.1074461, 46.0462798, -0.5064053, -0.6243462, -0.4001522, -0.4400244)    0    0  11.39127720  3 2.040   7.92581746
(-7.7360719, -8.4257349, 50.7385539, -0.1204242,  0.7984611, -0.5898308,  0.0075752)    0    0  12.49655105  2 1.960   8.35615999
(-7.5632899, -8.5070632, 51.1254148, -0.1202767,  0.7983921, -0.5899494,  0.0076479)    0    0  12.55541185  0 4.440   8.38953471
(-7.5609510, -8.5081587, 51.1306762, -0.1203186,  0.7984135, -0.5899162,  0.0076275)    0    0  12.50491141  1 5.000   8.34584011
(-2.5632896, -3.1494737, 47.6080761, -0.5726370, -0.6190258, -0.3386994, -0.4173051)    0    0   9.50114226 10 0.920   8.50240559
(-3.8334753,  0.4765647, 50.1500250,  0.2555799,  0.2345070, -0.9125102,  0.2168152)    0    0  16.06205994 10 0.280  10.69970538
(-2.1179117, -16.3829550, 49.4490617, -0.2339530,  0.7596595, -0.1936178,  0.5750613)    0    0  14.06923191  4 2.040   9.52105429
( 5.1005069, -10.2225150, 49.9839131, -0.7608292,  0.4671709, -0.4244791, -0.1506907)    0    0  14.50052434  0 0.760   9.74948074
( 1.7230170, -7.1354576, 45.4574316, -0.4940747, -0.6221931, -0.4066802, -0.4509736)    0    0   9.16214998  4 0.360   6.91133539
(-7.7269968, -8.4307965, 50.7573743, -0.1203776,  0.7984380, -0.5898711,  0.0076144)    0    0  12.43781998  5 0.680   8.32154063
(-2.1285091, -9.6187775, 51.3666178,  0.4024779,  0.2035679, -0.6573300,  0.6037291)    0    0  11.13044454  3 2.360   7.15364409
(-10.5936630, -9.1947671, 49.3499598,  0.6394400,  0.5449771,  0.4954308,  0.2206009)    0    0  14.65365509  3 5.000   9.88610504
(-10.4777960, -8.5256571, 49.4689589,  0.6394289,  0.5449792,  0.4954389,  0.2206097)    0    0  14.63327521  5 4.360   9.84736404
( 1.0723471, -6.5000751, 49.7597625, -0.2611094, -0.5569720, -0.5034936, -0.6067110)    0    0  15.18175707  2 1.240  10.15373150
( 1.8050693, -6.1249816, 49.7613016, -0.2609203, -0.5568824, -0.5035932, -0.6067920)    0    0  15.17690412  3 5.000  10.22698663
( 1.5870878, -7.4261606, 45.6784076, -0.5054486, -0.6242537, -0.4006252, -0.4408206)    0    0  11.17385725  4 0.920   7.58449304
(-3.8326746, -10.9442930, 41.9318139, -0.6735167, -0.4399322,  0.2838113,  0.5218093)    0    0   7.65328026  4 0.240   5.80234043
(-3.8844233,  0.5169522, 50.1228334,  0.2554937,  0.2335474, -0.9127947,  0.2167589)    0    0  16.57729263  3 3.640  11.15492378
( 1.1975138, -7.4283246, 46.2904071, -0.4936511, -0.6225789, -0.4063673, -0.4509621)    0    0   9.06071013  2 0.360   7.18108919
( 4.3912864, -11.0167736, 49.4539902, -0.7611460,  0.4670361, -0.4240012, -0.1508540)    0    0  15.02901837  5 0.840  10.07212017
(-3.9612340, -11.2523491, 42.4115624, -0.6735146, -0.4393894,  0.2837144,  0.5223227)    0    0   7.86004768  4 2.760   5.57898197
(-3.3025966,  0.0563186, 50.3837361,  0.2555849,  0.2337444, -0.9125755,  0.2173602)    0    0  16.04213890  5 0.280  11.27267036
( 1.4790185, -6.2946081, 49.7998795, -0.2610842, -0.5569546, -0.5035117, -0.6067228)    0    0  15.03487794 10 1.240   9.95162119
(-5.3048502, -7.2057450, 48.6193397,  0.4508910,  0.8617085, -0.1004343, -0.2099221)    0    0  12.45191845  4 2.120   8.60923646
(-10.3923353, -8.8714484, 49.5729710,  0.6394323,  0.5449784,  0.4954371,  0.2206051)    0    0  14.76662070  0 5.000   9.88650853
( 0.7001809, -7.1493321, 48.6775665, -0.2655371, -0.5591052, -0.5011861, -0.6047089)    0    0  10.88121925 17 1.480   7.99322055
( 2.3276495, -7.9266610, 52.9022612, -0.4848393,  0.5834538,  0.0304645, -0.6508337)    0    0  12.89780419  3 5.000   8.66400268
( 1.8361321, -6.2349495, 50.0431527, -0.2611173, -0.5568696, -0.5035513, -0.6067536)    0    0  14.78454254  1 0.360  10.17674256
( 2.6767286, -5.5506739, 49.7213396, -0.2605656, -0.5566423, -0.5038562, -0.6069450)    0    0  14.91025950  3 1.480  10.02626955
(-5.2358407, -7.0849372, 48.7009750,  0.4571947,  0.8704549, -0.0688737, -0.1689308)    0    0   6.33603803 17 1.080   8.17446308
(-2.1117054, -15.9957513, 50.0031135, -0.2339685,  0.7596593, -0.1936265,  0.5750524)    0    0  14.06589528  5 5.000   9.33056226
( 1.4425313, -6.3121993, 49.7942895, -0.2618583, -0.5572430, -0.5031406, -0.6064320)    0    0  14.52780969  9 0.280  10.06046300
(-7.5353768, -8.5591714, 51.2931476, -0.1203336,  0.7984188, -0.5899057,  0.0076466)    0    0  12.40067614  6 0.840   8.27067204
(-2.6906422, -2.7824640, 47.5399749, -0.5720822, -0.6155396, -0.3411646, -0.4212359)    0    0  12.70276154  4 4.040   8.64938636
(-2.6968135, -2.7322902, 47.5140172, -0.5720901, -0.6154873, -0.3412124, -0.4212629)    0    0  13.11834846  0 3.560   9.27059919
( 2.1845697, -7.5330115, 53.0567137, -0.4849094,  0.5832405,  0.0306992, -0.6509615)    0    0  12.75325215  5 5.000   8.29066488
( 1.4041909, -6.3350801, 49.7999550, -0.2607707, -0.5568049, -0.5036795, -0.6068558)    0    0  14.93645928 13 2.600   9.96875196
(-7.6193311, -8.6552326, 51.6354755, -0.1201621,  0.7981840, -0.5902495,  0.0082442)    0    0  12.07457390 11 0.200   8.32920477
(-2.2406235, -9.6127464, 51.5330072,  0.4060691,  0.1948941, -0.6535368,  0.6081899)    0    0  10.29206134  6 1.400   7.35825598
(-9.9712339, -8.8042163, 50.0168140,  0.6394591,  0.5449744,  0.4954155,  0.2205868)    0    0  14.39464436  9 3.320   9.81350490
( 4.4430706, -11.0700163, 49.2605063, -0.7609429,  0.4671235, -0.4243070, -0.1507476)    0    0  14.86262194  7 1.560  10.34502846
( 1.0054583, -6.5293438, 49.8448864, -0.2608584, -0.5568501, -0.5036286, -0.6068188)    0    0  15.15213055  4 5.000  10.15164428
(-5.1220617, -6.7553843, 48.4690310, -0.5605138, -0.8088632, -0.1332134, -0.1175533)    0    0  11.95752697 11 3.480   8.46800291
(-2.7398613, -2.7491592, 47.2072130, -0.5743268, -0.6372999, -0.3254555, -0.3975880)    0    0  -0.52505039 14 0.200   4.76766977
(-2.2315401, -9.6667741, 51.2383043,  0.4024675,  0.2035973, -0.6573375,  0.6037176)    0    0  11.61649086  0 2.760   7.75571775
(-4.1662832,  0.3555560, 49.8793783,  0.2553829,  0.2336375, -0.9127593,  0.2169411)    0    0  16.16914140  3 0.360  10.79652829
(-5.1611690, -7.2367254, 48.6765914,  0.4505779,  0.8617358, -0.1007899, -0.2103150)    0    0  12.59408556  2 3.800   8.61566997
( 4.6296035, -11.0120727, 49.0983212, -0.7609534,  0.4671199, -0.4242907, -0.1507524)    0    0  15.20458686  4 4.360  10.70396425
( 2.3199959, -7.2103111, 53.1669423, -0.4848395,  0.5834475,  0.0304698, -0.6508388)    0    0  12.98935475  2 5.000   8.91021543
(-4.6761002, -16.1733135, 43.2859326,  0.2784822,  0.5916211,  0.6671093,  0.3569276)    0    0   6.93191744  0 5.000   4.63117951
(-5.6927650, -7.0648171, 48.3717516,  0.4518183,  0.8626384, -0.0969442, -0.2055978)    0    0  10.51070913 12 0.360   8.40939965
( 1.4835774, -6.2900729, 49.7937751, -0.2609469, -0.5568952, -0.5035761, -0.6067784)    0    0  15.33476722  0 5.000  10.23408086
(-4.3845361, -16.3533795, 43.3034352,  0.2784825,  0.5916212,  0.6671092,  0.3569275)    0    0   6.70868073  1 5.000   4.45061571
(-2.6599340, -2.9397573, 47.6426286, -0.5721973, -0.6162893, -0.3406460, -0.4204002)    0    0  11.93579390  6 2.600   8.88164802
(-7.5017249, -8.5043850, 51.3184296, -0.1203634,  0.7984345, -0.5898789,  0.0076054)    0    0  12.35732517  8 4.760   8.19097038
(-7.7338480, -8.4266178, 50.7440623, -0.1204014,  0.7984514, -0.5898485,  0.0075884)    0    0  12.48933189  3 5.000   8.33480938
( 0.9807502, -6.5718863, 49.8339157, -0.2608120, -0.5568260, -0.5036559, -0.6068382)    0    0  15.07241429  9 1.880  10.18485055
(-7.4737503, -8.1511793, 50.8425178, -0.1215180,  0.7978095, -0.5904669,  0.0088306)    0    0  11.99679600 12 0.000   8.22970973
( 4.3501161, -10.9605120, 49.6272211, -0.7606924,  0.4672331, -0.4246827, -0.1506147)    0    0  14.80637681  8 4.040  10.34999128
( 1.5598653, -7.3212204, 45.8054909, -0.5074674, -0.6244589, -0.3996593, -0.4390901)    0    0  11.84217913  0 4.120   8.10478726
( 1.2629124, -6.3982009, 49.7293006, -0.2615570, -0.5571875, -0.5032537, -0.6065192)    0    0  14.82051497  7 0.680   9.90484992
(-1.3231950, -17.1062979, 46.8622444,  0.0381342,  0.5762446,  0.2480456,  0.7777926)    0    0  17.18337393  0 5.000  11.45676250
(-2.4622532, -9.6200395, 51.7712283,  0.4035536,  0.2008736, -0.6562406,  0.6050885)    0    0  10.77716396  4 1.080   7.72505813
(-7.8784543, -8.8892212, 50.6731150, -0.1207795,  0.7983422, -0.5899152,  0.0078660)    0    0  12.24866195  2 0.360   8.31732197
(-3.8340000,  0.4746629, 50.1495190,  0.2555272,  0.2332860, -0.9128490,  0.2167273)    0    0  16.72532085  0 3.000  11.17717780
(-5.3111646, -7.1741011, 48.5634127,  0.4505924,  0.8616754, -0.1009044, -0.2104761)    0    0  12.47000368  3 2.760   8.59372873
(-2.7664834, -2.5012419, 47.4728239, -0.5729993, -0.6173402, -0.3395773, -0.4186269)    0    0   9.09703888  8 0.440   8.66563319
(-3.7011851, -11.5550602, 42.4947077, -0.6735176, -0.4401598,  0.2838448,  0.5215985)    0    0   7.01703928  1 0.440   4.75945324
(-6.3021261, -16.5172138, 50.6512780,  0.3223145,  0.2438932,  0.7023776,  0.5859140)    0    0  11.72593408  2 5.000   7.94904242
(-3.7653055,  0.3963856, 50.1930382,  0.2554748,  0.2336815, -0.9127575,  0.2167930)    0    0  16.17642581 11 1.240  10.54796856
(-2.6300358, -2.6590626, 47.3623473, -0.5719986, -0.6173050, -0.3401560, -0.4195696)    0    0  11.44784135  8 1.400   8.55162537
( 4.5642419, -10.9507749, 49.3252752, -0.7609465,  0.4671221, -0.4243018, -0.1507491)    0    0  14.50833493 10 2.040  10.07373126
(-7.0700320, -0.1507362, 49.6204457, -0.1640696, -0.0867378, -0.8488269,  0.4950258)    0    0  14.84440013  1 5.000   9.92469685
( 2.3507765, -7.1625283, 53.2269245, -0.4855464,  0.5813074,  0.0327019, -0.6521126)    0    0  12.42141925 10 2.200   8.61368310
(-3.5281677,  0.2554623, 50.3126474,  0.2555245,  0.2335337, -0.9127894,  0.2167597)    0    0  16.56414781  4 4.360  11.04151081
( 2.0238186, -7.3231214, 53.1750081, -0.4851963,  0.5823837,  0.0316098, -0.6514676)    0    0  12.78479226  4 2.680   8.49937772
(-10.3200526, -9.2810369, 49.6594827,  0.6394440,  0.5449768,  0.4954275,  0.2205975)    0    0  14.59530583  7 0.680   9.92758896
( 3.6116208, -5.0189951, 49.5431936, -0.2603221, -0.5562257, -0.5041781, -0.6071652)    0    0  14.36682844  6 0.760   9.88351235
(-2.7316888, -2.3201341, 47.0102579, -0.5732125, -0.6196598, -0.3380136, -0.4161038)    0    0   6.30900802  6 1.000   7.85260253
(-3.9237866, -11.1582190, 41.8767729, -0.6735122, -0.4412155,  0.2840332,  0.5206029)    0    0   6.92809665  0 0.680   4.44931902
(-3.9025887,  0.5238680, 50.1129314,  0.2555214,  0.2332987, -0.9128554,  0.2167384)    0    0  16.66169262  1 2.520  11.18996611
( 1.6277510, -7.5889444, 45.4877222, -0.5001554, -0.6233507, -0.4033250, -0.4455416)    0    0   9.97523264  9 0.360   7.73840152
( 1.4113208, -7.2314294, 46.6628745, -0.3275763, -0.5802296, -0.4813553, -0.5694949)    0    0  10.08047631 37 1.960   5.02750772
( 2.1458096, -6.0211001, 49.7167174, -0.2615605, -0.5572048, -0.5032357, -0.6065163)    0    0  14.88193598  3 0.360  10.01926706
(-2.0517154, -9.5206408, 51.4090323,  0.4626083,  0.0362448, -0.5726160,  0.6758630)    0    0   8.87158730 10 1.400   7.15475597
(-3.4930351, -11.3047169, 42.6743017, -0.6736100, -0.4410562,  0.2838366,  0.5207210)    0    0   7.88675008  3 1.320   5.03277802
(-4.8400485, -7.1091071, 48.4711935,  0.4558961,  0.8655348, -0.0848531, -0.1889670)    0    0   8.65217557  0 0.680   6.93682625
(-5.9993722, -7.0055203, 48.2007582,  0.4526067,  0.8624655, -0.0966206, -0.2048325)    0    0  11.28195378  8 0.920   8.43595181
(-3.9230960,  0.8484020, 50.0864588,  0.2552739,  0.2335261, -0.9128158,  0.2169504)    0    0  15.80741992  8 0.440  10.48529841
(-7.5998679, -8.4587899, 50.9099166, -0.1204942,  0.7984177, -0.5898743,  0.0076483)    0    0  12.29873515  4 0.360   8.32350758
( 3.7735176, -5.1810149, 49.5298901, -0.2601675, -0.5562673, -0.5042089, -0.6071679)    0    0  14.89642151  2 1.080  10.09520785
( 1.0650516, -6.6292552, 49.1446876, -0.2657590, -0.5591707, -0.5011507, -0.6045719)    0    0  11.40284739 10 1.080   8.70315004
(-4.9426534, -16.0068234, 43.2681738,  0.2784943,  0.5916212,  0.6671066,  0.3569230)    0    0   6.41004541  2 5.000   4.37847797
(-3.7739920, -11.1943255, 42.3394591, -0.6735154, -0.4393215,  0.2837039,  0.5223846)    0    0   7.66875840  6 0.920   4.78781172
(-5.3550772, -7.1530298, 48.5499449,  0.4533030,  0.8628560, -0.0947573, -0.2024763)    0    0  10.78964650  8 0.440   8.42940670
( 1.7402554, -6.1437668, 49.8296311, -0.2636886, -0.5582065, -0.5020995, -0.6056115)    0    0  14.69896123  0 0.440   9.92795487
(-1.9679753, -16.4008193, 49.0110617, -0.2339492,  0.7596522, -0.1935835,  0.5750841)    0    0  13.94634438  8 1.240   9.49663168
