#Coordinates  RecID  LigID  Luciferin  Neighbor's number  Vision Range  Scoring
(-31.6992951, -6.5461225, 30.9019076,  0.7468601, -0.5909418, -0.1420538, -0.2698304)    0    0  17.56426841  9 0.000  11.96824990
(-22.0238011, -7.2859671, 38.8712826,  0.6227123,  0.5541591, -0.5359543,  0.1337537)    0    0  21.12822152  2 0.480  14.07808106
(-22.1795596, -5.6382035, 34.5599871,  0.0011260,  0.5739697, -0.7049816, -0.4166034)    0    0  19.87387734  5 0.240  13.24634818
(-31.4886300, -6.3834774, 30.7682944,  0.7468601, -0.5909418, -0.1420538, -0.2698304)    0    0  17.64898903  7 0.320  11.82565467
(-22.0166263, -5.5228093, 34.7995799,  0.0011291,  0.5739707, -0.7049820, -0.4166014)    0    0  20.04344721  0 0.400  13.68493100
(-26.5028430, -9.4660130, 40.7868945,  0.4030022,  0.0635012, -0.8663755, -0.2880110)    0    0  16.87607522  3 0.680  11.42011408
(-22.3606538, -5.6801881, 34.7343114,  0.0011193,  0.5739677, -0.7049807, -0.4166077)    0    0  19.98937070  8 0.320  13.38923984
(-21.9912077, -5.6212232, 34.6021456,  0.0011262,  0.5739698, -0.7049816, -0.4166033)    0    0  20.07948844  1 0.880  13.34897440
(-24.7922429, -0.1741271, 27.8640770,  0.8211768,  0.2642408, -0.3311178,  0.3823686)    0    0  13.56722814  4 0.360  10.30747264
(-30.6807195, -4.5332851, 37.8353629, -0.1410919, -0.2689477,  0.9452557,  0.1193814)    0    0  16.58149012  4 5.000  10.98377817
(-25.9029208, -5.5208947, 27.9378275,  0.7899403,  0.3059384, -0.2368515,  0.4757072)    0    0  15.94203125  0 0.400  10.25828364
(-21.9173378, -5.9006081, 34.8695883,  0.0011234,  0.5739690, -0.7049813, -0.4166051)    0    0  19.77090242 14 0.000  13.18535990
(-21.9013329, -5.3250906, 34.9198142,  0.0011207,  0.5739682, -0.7049809, -0.4166068)    0    0  19.66044828 16 0.000  13.07436421
(-24.0651379, -0.0711173, 28.4971032,  0.8213100,  0.2639827, -0.3316465,  0.3818031)    0    0  13.96828400  8 1.240   9.99974197
(-22.0520483, -7.5386280, 38.8340896,  0.6227123,  0.5541591, -0.5359543,  0.1337537)    0    0  21.29870807  4 5.000  14.11847174
(-25.6766934, -5.5789685, 27.9197712,  0.7899403,  0.3059384, -0.2368515,  0.4757072)    0    0  14.26230582  0 0.400   9.97362645
(-21.9149012, -5.5484061, 34.6271870,  0.0011256,  0.5739696, -0.7049816, -0.4166037)    0    0  19.60186778  0 0.400  13.20984269
(-22.0657727, -7.7835537, 38.9148935,  0.6227123,  0.5541591, -0.5359543,  0.1337537)    0    0  20.90525269  0 0.480  14.00322357
(-24.6837437,  0.1366951, 34.7601516,  0.3702743, -0.2387721,  0.3518903, -0.8258681)    0    0  18.89351607  7 0.600  12.57869259
(-24.7118051, -0.2303562, 34.6519138,  0.3702743, -0.2387721,  0.3518903, -0.8258681)    0    0  19.06724267  1 5.000  12.72849793
(-24.6791545,  0.1976192, 34.7782287,  0.3702743, -0.2387721,  0.3518903, -0.8258681)    0    0  18.86726971  9 3.960  12.65597597
(-25.8635290, -5.4344315, 28.0667413,  0.7899403,  0.3059384, -0.2368516,  0.4757072)    0    0  14.03689741 15 0.000   8.19136726
(-25.7685291, -4.9768197, 28.1172629,  0.7899403,  0.3059384, -0.2368516,  0.4757072)    0    0  15.30215011  5 0.400   9.87766615
(-21.9611788, -7.6018756, 38.9273631,  0.6227123,  0.5541591, -0.5359543,  0.1337537)    0    0  20.77729529  0 0.480  13.94612631
(-28.7877395, -12.2799405, 33.0078824, -0.9273290,  0.2590496,  0.0036531,  0.2700755)    0    0  17.85025484  7 1.320  11.67641365
(-24.7148347, -0.2821835, 34.6388658,  0.3702743, -0.2387721,  0.3518903, -0.8258681)    0    0  18.95311436  5 0.600  12.71323864
(-21.8136167, -7.9310019, 38.9854764,  0.6227123,  0.5541591, -0.5359543,  0.1337537)    0    0  21.07344288  0 0.400  14.02656123
(-22.1457215, -7.3509154, 38.8557206,  0.6227123,  0.5541591, -0.5359543,  0.1337537)    0    0  20.67869435 13 0.000  13.55148320
(-24.5113921, -0.1412957, 28.1444212,  0.8213101,  0.2639824, -0.3316470,  0.3818026)    0    0  14.98408617  2 1.240  10.17874553
(-22.0195325, -5.5164399, 34.7756726,  0.0011299,  0.5739709, -0.7049821, -0.4166009)    0    0  19.93471230  0 0.400  13.67310345
(-28.9586502, -12.6650680, 32.8585886, -0.9273290,  0.2590496,  0.0036531,  0.2700755)    0    0  18.34262456  0 5.000  12.22848423
(-21.9741347, -7.4801128, 39.1465549,  0.6227123,  0.5541591, -0.5359543,  0.1337537)    0    0  20.79578218  0 0.400  13.81280716
(-26.6259687, -9.0442376, 40.8091502,  0.4030022,  0.0635012, -0.8663755, -0.2880110)    0    0  16.80648468  4 5.000  11.07123917
(-22.7715052, -13.2173300, 35.7987543,  0.6470976,  0.0657972,  0.6158077,  0.4446531)    0    0  16.45881794  7 0.280  11.07023464
(-31.4285044, -6.0587793, 30.5522276,  0.7468601, -0.5909418, -0.1420538, -0.2698304)    0    0  17.78679716  5 2.080  11.82716197
(-21.9537062, -7.4367170, 38.6166852,  0.6227123,  0.5541591, -0.5359543,  0.1337537)    0    0  20.99282926  0 0.400  13.90307681
(-25.8233688, -4.7664261, 27.6861481,  0.7899403,  0.3059384, -0.2368516,  0.4757072)    0    0  16.83405912  2 0.400  11.97664282
(-25.8804510, -5.1933808, 28.1119788,  0.7899403,  0.3059384, -0.2368516,  0.4757072)    0    0  13.56560326 13 0.000   7.85155372
(-31.6452509, -6.2691173, 30.7731159,  0.7468601, -0.5909418, -0.1420538, -0.2698304)    0    0  17.67133936  5 0.320  11.84731720
(-26.8125319, -8.9552443, 40.7797282,  0.4030022,  0.0635012, -0.8663755, -0.2880110)    0    0  16.46565116  8 0.280  10.91914819
(-21.7347137, -7.6177228, 38.8207393,  0.6227123,  0.5541591, -0.5359543,  0.1337537)    0    0  21.12879504  5 0.160  14.04120213
(-22.2484367, -5.5647886, 34.9131027,  0.0011327,  0.5739717, -0.7049825, -0.4165991)    0    0  19.85675191  0 0.400  13.35413511
(-22.2930343, -5.7879369, 34.6964257,  0.0011206,  0.5739681, -0.7049809, -0.4166069)    0    0  20.03875118  8 0.720  13.42697386
(-21.9738908, -5.5242143, 34.7360221,  0.0011219,  0.5739685, -0.7049811, -0.4166060)    0    0  20.05255985  5 0.720  13.10360031
(-24.1229239, -0.0811445, 28.4511813,  0.8213099,  0.2639829, -0.3316460,  0.3818037)    0    0  14.73823572  2 0.880  10.38356817
(-25.9820368, -5.5167120, 27.6463475,  0.7899403,  0.3059384, -0.2368516,  0.4757072)    0    0  16.72780282 10 0.000  12.02361721
(-24.0251545, -0.0379804, 28.5667330,  0.8213100,  0.2639827, -0.3316465,  0.3818031)    0    0  14.30223596  7 0.520  10.36822871
(-24.6732487,  0.2478101, 34.7931182,  0.3702743, -0.2387721,  0.3518903, -0.8258681)    0    0  19.05199729  2 5.000  12.68454547
(-24.2752662,  0.0878969, 28.8479830,  0.8213100,  0.2639827, -0.3316465,  0.3818031)    0    0  14.78808118  3 0.920   9.95945415
(-31.4902002, -6.1486680, 30.9710656,  0.7468601, -0.5909418, -0.1420538, -0.2698304)    0    0  17.78237190  5 0.560  11.89110274
(-24.5072788, -0.1431553, 28.1416434,  0.8213122,  0.2639783, -0.3316554,  0.3817936)    0    0  14.51426336  3 0.680  10.00984056
(-25.9349177, -5.3156954, 28.0097102,  0.7899403,  0.3059384, -0.2368517,  0.4757072)    0    0  18.75199803  0 5.000  12.50133202
(-26.3842186, -5.3538880, 28.2830676,  0.7899403,  0.3059384, -0.2368516,  0.4757072)    0    0  16.85268502  4 0.480  11.63338516
(-26.6575811, -9.0151612, 40.8057619,  0.4030022,  0.0635012, -0.8663755, -0.2880110)    0    0  16.73493644  6 0.680  11.12469537
(-21.8253717, -5.6472059, 34.6472194,  0.0052882,  0.5752013, -0.7055261, -0.4139107)    0    0  20.01503907  4 0.480  13.46098211
(-24.7606526, -0.1511769, 34.6613386,  0.3702743, -0.2387721,  0.3518903, -0.8258681)    0    0  18.70322365  6 0.520  12.24890092
(-31.4183337, -6.0438405, 30.4840526,  0.7468601, -0.5909418, -0.1420538, -0.2698304)    0    0  17.80305130  3 1.040  11.90913696
(-26.0567689, -4.9636935, 28.1421869,  0.7899403,  0.3059384, -0.2368517,  0.4757072)    0    0  18.17320451  4 0.720  12.36584226
(-26.1020474, -5.4128970, 28.2370193,  0.7899403,  0.3059384, -0.2368516,  0.4757072)    0    0  16.59021955  8 0.080  10.45437181
(-25.5896263, -5.0429657, 27.6860826,  0.7899403,  0.3059384, -0.2368515,  0.4757072)    0    0  15.90235252  0 0.400  10.55485498
(-26.4893664, -9.5239218, 40.7831092,  0.4030022,  0.0635012, -0.8663755, -0.2880110)    0    0  16.93536638  1 5.000  11.42164485
(-22.0620248, -7.5811622, 38.8291016,  0.6227123,  0.5541591, -0.5359543,  0.1337537)    0    0  21.49011624  0 5.000  14.32674416
(-31.5774887, -6.3283740, 30.4799286,  0.7468601, -0.5909418, -0.1420538, -0.2698304)    0    0  17.69076272  6 0.320  11.92129856
(-30.6199807, -4.1563856, 37.7995748, -0.1410919, -0.2689477,  0.9452557,  0.1193814)    0    0  16.75900497  1 5.000  11.24399114
(-22.1607205, -7.8223467, 38.7337887,  0.6227123,  0.5541591, -0.5359543,  0.1337537)    0    0  21.30152684  3 1.200  14.20070563
(-26.3821635, -9.9004367, 40.7626650,  0.4030022,  0.0635012, -0.8663755, -0.2880110)    0    0  16.60755866  7 1.560  11.31437801
(-21.0145538, -17.1580926, 36.9903053, -0.4990322,  0.3439859,  0.6793578, -0.4136587)    0    0  13.17343853  1 5.000   8.98393885
(-22.2544900, -5.9219251, 34.6056191,  0.0011298,  0.5739709, -0.7049821, -0.4166009)    0    0  19.78761084 14 0.000  13.20140592
(-22.3221725, -5.7980979, 34.8406095,  0.0011226,  0.5739687, -0.7049812, -0.4166056)    0    0  20.26555908  1 1.040  13.61921369
(-31.6659359, -6.2975150, 30.9742484,  0.7468601, -0.5909418, -0.1420538, -0.2698304)    0    0  17.53661866  6 0.200  11.73286619
(-22.2592515, -5.6368779, 34.9609742,  0.0011225,  0.5739687, -0.7049812, -0.4166056)    0    0  19.29653587 10 0.000  12.62576505
(-24.1095198, -0.1363034, 28.3306482,  0.8213121,  0.2639786, -0.3316549,  0.3817942)    0    0  12.96743252 13 0.600   8.07564803
(-31.5479934, -6.1106733, 30.7904734,  0.7468601, -0.5909418, -0.1420538, -0.2698304)    0    0  17.43348962  3 0.560  11.57744144
(-31.4148384, -6.0387400, 30.4604239,  0.7468601, -0.5909418, -0.1420538, -0.2698304)    0    0  17.89389114  1 5.000  11.92362411
(-25.3887522, -4.9846818, 27.8124628,  0.7899403,  0.3059384, -0.2368516,  0.4757072)    0    0  17.18608306  6 0.240  12.32778982
(-30.7464764, -4.9370174, 37.8728734, -0.1410919, -0.2689477,  0.9452557,  0.1193814)    0    0  16.56927713  5 5.000  11.12658515
(-24.6786882,  0.1803509, 34.7731972,  0.3702743, -0.2387721,  0.3518903, -0.8258681)    0    0  19.12264539  0 5.000  12.74892308
(-18.2845707, -2.0229446, 36.5656785,  0.0814294, -0.7542234,  0.5945214, -0.2665719)    0    0  14.23273137  2 5.000   9.46299916
(-23.1351741, -13.0682818, 35.7478727,  0.6470976,  0.0657972,  0.6158077,  0.4446531)    0    0  16.62060358  4 3.640  11.04630549
(-28.8865447, -12.0243612, 33.2577221, -0.9273290,  0.2590496,  0.0036531,  0.2700755)    0    0  17.62615664  3 0.600  11.34387534
(-23.0766380, -12.9524988, 35.8928448,  0.6470976,  0.0657972,  0.6158077,  0.4446531)    0    0  16.63570733  3 5.000  11.00119112
(-26.5180651, -9.4230481, 40.7885914,  0.4030022,  0.0635012, -0.8663755, -0.2880110)    0    0  16.99551990  0 5.000  11.33034660
(-25.7975827, -5.2706364, 27.8637456,  0.7899403,  0.3059384, -0.2368517,  0.4757072)    0    0  16.45136073  2 0.480   9.52786377
(-20.8463841, -17.3123541, 37.0810334, -0.4990322,  0.3439859,  0.6793578, -0.4136587)    0    0  13.46717905  0 5.000   9.00049863
(-24.7685545, -0.3104711, 34.6391838,  0.3702743, -0.2387721,  0.3518903, -0.8258681)    0    0  18.21954734  9 0.200  11.99548404
(-22.2630588, -8.0431871, 38.6897367,  0.6227123,  0.5541591, -0.5359543,  0.1337537)    0    0  21.13581031  0 0.480  14.16390593
(-25.6889774, -5.2849767, 27.8519029,  0.7899403,  0.3059384, -0.2368516,  0.4757072)    0    0  14.63899462  4 0.640   9.60221847
(-24.6228465,  0.1294315, 34.7623796,  0.3702743, -0.2387721,  0.3518903, -0.8258681)    0    0  18.92132043  6 1.000  12.69218967
(-26.6121192, -9.0928788, 40.8065090,  0.4030022,  0.0635012, -0.8663755, -0.2880110)    0    0  16.76340670  5 5.000  11.06826319
(-22.0776263, -7.8110583, 38.7038479,  0.6227123,  0.5541591, -0.5359543,  0.1337537)    0    0  20.98724073  4 0.560  13.92492330
(-18.1973977, -1.8991102, 36.5327433,  0.0814294, -0.7542234,  0.5945214, -0.2665719)    0    0  13.82708111  6 3.960   9.34669532
(-28.9796402, -12.7122321, 32.8403453, -0.9273290,  0.2590496,  0.0036531,  0.2700755)    0    0  18.32430682  1 5.000  12.20896543
(-25.9370421, -5.3201040, 28.0090247,  0.7899403,  0.3059384, -0.2368517,  0.4757072)    0    0  18.28614560  3 1.200  12.00251388
(-21.8894808, -5.5023763, 34.7495565,  0.0122086,  0.5771821, -0.7063490, -0.4093848)    0    0  19.20748070 11 0.000  12.80385146
(-25.6197525, -4.8540697, 27.9829555,  0.7899403,  0.3059384, -0.2368517,  0.4757072)    0    0  17.99183594  6 0.560  12.68171549
(-21.9053195, -5.3858305, 34.7873978,  0.0011273,  0.5739701, -0.7049818, -0.4166026)    0    0  19.73883435 17 0.000  13.07957401
(-22.1655445, -8.0225038, 38.7773435,  0.6227123,  0.5541591, -0.5359543,  0.1337537)    0    0  21.38017595  1 5.000  14.33393359
(-23.4718068, -12.6959537, 35.9302031,  0.6470976,  0.0657972,  0.6158077,  0.4446531)    0    0  16.88957083  1 5.000  11.24258821
(-25.5268057, -5.0472995, 27.8630887,  0.7899403,  0.3059384, -0.2368516,  0.4757072)    0    0  16.83904753 13 0.000  12.50002403
(-22.3501631, -5.8675424, 34.7968583,  0.0011167,  0.5739670, -0.7049804, -0.4166094)    0    0  20.05914063  5 0.400  13.54426730
(-22.0638196, -5.2802980, 35.0029628,  0.0011367,  0.5739729, -0.7049831, -0.4165965)    0    0  19.76587775  1 0.480  13.15383194
(-28.9717992, -12.6495768, 32.8489772, -0.9273290,  0.2590496,  0.0036531,  0.2700755)    0    0  18.13588719  3 1.000  11.94940027
(-18.5578618, -2.4161778, 36.6402298,  0.0814294, -0.7542234,  0.5945214, -0.2665719)    0    0  13.83153963  5 2.040   9.40460275
(-24.2229348, -0.1916996, 28.1829267,  0.8213122,  0.2639783, -0.3316554,  0.3817936)    0    0  13.00148379  7 0.280   7.87895423
(-18.5514323, -2.4075979, 36.6344721,  0.0814294, -0.7542234,  0.5945214, -0.2665719)    0    0  13.54314973  6 0.360   9.36212084
(-22.0258588, -7.4190903, 38.6710851,  0.6227123,  0.5541591, -0.5359543,  0.1337537)    0    0  20.74074768 17 0.000  13.86379493
(-22.0255850, -6.8815988, 38.9750846,  0.6227123,  0.5541591, -0.5359543,  0.1337537)    0    0  21.11174330 11 0.000  14.08638775
(-24.4919271, -0.1067779, 28.2133712,  0.8213122,  0.2639783, -0.3316554,  0.3817936)    0    0  13.93845113  8 0.840   8.18706836
(-26.0606936, -5.0479174, 28.3776866,  0.7899403,  0.3059384, -0.2368516,  0.4757072)    0    0  16.59018303 16 0.000  12.10873530
(-20.8496479, -17.3311666, 37.0839482, -0.4990322,  0.3439859,  0.6793578, -0.4136587)    0    0  12.91702766  2 5.000   8.44489456
(-21.9958377, -7.7620551, 38.7839497,  0.6227123,  0.5541591, -0.5359543,  0.1337537)    0    0  21.19732094  5 0.240  14.13499172
(-22.3869421, -5.8994464, 34.8403512,  0.0011242,  0.5739692, -0.7049814, -0.4166046)    0    0  20.00607869 10 0.000  13.51552327
(-18.5505903, -2.4052793, 36.6409629,  0.0814294, -0.7542234,  0.5945214, -0.2665719)    0    0  14.04318927  4 2.600   9.37233358
(-24.1245235, -0.0848079, 28.4152817,  0.8213124,  0.2639780, -0.3316560,  0.3817930)    0    0  15.23956718  2 4.560  10.31143525
(-22.2881066, -5.5183556, 34.8739211,  0.0021669,  0.5742806, -0.7051213, -0.4159320)    0    0  19.89120051  2 0.640  13.34502923
(-22.0360807, -7.4851416, 38.8484547,  0.6227123,  0.5541591, -0.5359543,  0.1337537)    0    0  21.22224774  8 0.720  14.05779020
(-30.6096386, -4.0930361, 37.7937179, -0.1410919, -0.2689477,  0.9452557,  0.1193814)    0    0  16.71740469  2 5.000  11.20123665
(-24.9212217,  0.1017103, 34.6707229,  0.3702743, -0.2387721,  0.3518903, -0.8258681)    0    0  18.69296430  0 0.640  12.57597529
(-30.7054009, -4.6866067, 37.8499533, -0.1410919, -0.2689477,  0.9452557,  0.1193814)    0    0  16.70629817  3 5.000  11.07252493
(-22.2415986, -5.6878596, 34.5492539,  0.0011228,  0.5739688, -0.7049812, -0.4166055)    0    0  19.63619658 20 0.000  13.08453623
(-22.1048167, -5.8619325, 34.9144225,  0.0011281,  0.5739704, -0.7049819, -0.4166020)    0    0  19.82092302  0 0.400  13.36560904
(-18.3405899, -2.1036186, 36.5805300,  0.0814294, -0.7542234,  0.5945214, -0.2665719)    0    0  14.10724671  3 1.240   9.31661579
(-24.6652830,  0.3058156, 34.8174270,  0.3702743, -0.2387721,  0.3518903, -0.8258681)    0    0  18.90128044  7 4.840  12.54653720
(-25.6639098, -4.8550758, 28.1126288,  0.7899403,  0.3059384, -0.2368516,  0.4757072)    0    0  15.32209844 25 0.000   8.04460164
(-30.6428591, -4.2983963, 37.8130679, -0.1410919, -0.2689477,  0.9452557,  0.1193814)    0    0  16.79724125  0 5.000  11.19816084
(-18.5646774, -2.4259841, 36.6420917,  0.0814294, -0.7542234,  0.5945214, -0.2665719)    0    0  14.24900407  1 5.000   9.52842653
(-23.4465319, -12.6800932, 35.9593948,  0.6470976,  0.0657972,  0.6158077,  0.4446531)    0    0  16.77232326  2 4.920  11.23702296
(-22.1019231, -7.3776112, 38.9107652,  0.6227123,  0.5541591, -0.5359543,  0.1337537)    0    0  20.82750441 23 0.000  13.78068506
(-24.4892540, -0.1178052, 28.3549154,  0.8213121,  0.2639786, -0.3316549,  0.3817942)    0    0  12.92553425  2 0.600   7.84554431
(-31.3340257, -5.8308846, 30.2380790,  0.7468601, -0.5909418, -0.1420538, -0.2698304)    0    0  17.71823178  7 0.440  11.84675227
(-26.0817186, -5.3147665, 27.9585372,  0.7899403,  0.3059384, -0.2368516,  0.4757072)    0    0  15.51558183  0 0.400   9.98899027
(-19.4155718, -12.3508913, 27.4231622, -0.2249798,  0.3850833, -0.4485232, -0.7745462)    0    0 -30.03770959  1 5.000 -18.72586332
(-25.9094857, -5.3124206, 28.0506679,  0.7899403,  0.3059384, -0.2368516,  0.4757072)    0    0  17.17158242  0 0.400  12.23279953
(-22.0424189, -7.4622073, 38.8343707,  0.6227123,  0.5541591, -0.5359543,  0.1337537)    0    0  20.94278886  8 0.160  14.09164294
(-28.9635758, -12.6932839, 32.8432436, -0.9273290,  0.2590496,  0.0036531,  0.2700755)    0    0  17.84832697  8 1.320  11.92336937
(-19.7671940, -12.5327683, 27.4500399, -0.2249798,  0.3850833, -0.4485232, -0.7745462)    0    0 -29.71332701  0 5.000 -19.80888467
(-31.3910752, -6.0076940, 31.1765505,  0.7468601, -0.5909418, -0.1420538, -0.2698304)    0    0  17.52679327  8 0.080  11.62161707
(-21.9574541, -5.4015504, 34.8792265,  0.0011167,  0.5739670, -0.7049804, -0.4166094)    0    0  20.20128006  2 2.400  13.48687784
(-18.3259320, -2.0867485, 36.5477213,  0.0814294, -0.7542234,  0.5945214, -0.2665719)    0    0  13.55071237  4 0.600   8.85724435
(-31.4893394, -6.1473973, 30.9652316,  0.7468601, -0.5909418, -0.1420538, -0.2698304)    0    0  17.87033341  2 5.000  11.91236747
(-22.5927170, -5.6758612, 34.8530116,  0.0011235,  0.5739690, -0.7049813, -0.4166050)    0    0  20.00868313  8 0.160  13.55565505
(-21.9602062, -7.6175843, 39.0160845,  0.6227123,  0.5541591, -0.5359543,  0.1337537)    0    0  20.96450977  0 0.400  13.96313561
(-22.1545579, -7.8492059, 38.7368617,  0.6227123,  0.5541591, -0.5359543,  0.1337537)    0    0  21.20785955  5 0.160  14.17238638
(-28.7796886, -12.2548349, 33.0196594, -0.9273290,  0.2590496,  0.0036531,  0.2700755)    0    0  17.96278185  5 2.120  11.66151918
(-24.4998060, -0.5745062, 34.6109471,  0.3702743, -0.2387721,  0.3518903, -0.8258681)    0    0  19.01081435  3 1.240  12.67483742
(-25.9724723, -5.3404411, 28.0231858,  0.7899403,  0.3059384, -0.2368516,  0.4757072)    0    0  17.81348253  7 0.400  12.71102984
(-18.4907091, -2.3472656, 36.4142001,  0.0814294, -0.7542234,  0.5945214, -0.2665719)    0    0  13.62545678  4 0.440   9.11000155
(-24.5162105, -0.1430612, 28.1378569,  0.8213124,  0.2639780, -0.3316560,  0.3817930)    0    0  15.42141551  0 4.280  10.29635099
(-21.8705671, -7.9410086, 39.0423341,  0.6227123,  0.5541591, -0.5359543,  0.1337537)    0    0  20.93955391  0 0.400  13.95125895
(-23.0148707, -12.6976324, 36.1771776,  0.6470976,  0.0657972,  0.6158077,  0.4446531)    0    0  16.61556529  6 0.600  11.19957605
(-22.0609879, -7.5199258, 38.8258362,  0.6227123,  0.5541591, -0.5359543,  0.1337537)    0    0  21.24812624  4 0.640  14.12485348
(-22.0205304, -7.4484982, 38.5378286,  0.6227123,  0.5541591, -0.5359543,  0.1337537)    0    0  20.87526819 15 0.000  13.98227609
(-28.7754520, -12.2534258, 33.0178137, -0.9273290,  0.2590496,  0.0036531,  0.2700755)    0    0  18.29426120  2 5.000  12.20233098
(-21.9867802, -5.4875805, 34.7448038,  0.0011270,  0.5739700, -0.7049818, -0.4166027)    0    0  19.95097502 11 0.080  13.27083857
(-25.8372270, -5.2485696, 28.0161193,  0.7899403,  0.3059384, -0.2368515,  0.4757072)    0    0  15.22429246 13 0.000   9.92881309
(-22.0758950, -7.3855151, 38.8152657,  0.6227123,  0.5541591, -0.5359543,  0.1337537)    0    0  20.75467868 17 0.000  13.70120673
(-31.4851605, -6.1413025, 30.9369158,  0.7468601, -0.5909418, -0.1420538, -0.2698304)    0    0  17.91026866  0 5.000  11.94017910
(-22.0545842, -7.9276951, 38.8606180,  0.6227123,  0.5541591, -0.5359543,  0.1337537)    0    0  21.25802721  5 0.720  14.23238735
(-22.1874351, -5.7893448, 35.0124933,  0.0011343,  0.5739722, -0.7049827, -0.4165980)    0    0  19.66144216  2 0.640  13.12712629
(-26.1510120, -5.3710734, 27.8866029,  0.7899403,  0.3059384, -0.2368516,  0.4757072)    0    0  16.19172110  0 0.400  10.19404363
(-28.9123655, -12.5303916, 32.9197780, -0.9273290,  0.2590496,  0.0036531,  0.2700755)    0    0  17.92746100  6 1.720  11.72219271
(-25.9210735, -5.2967847, 28.0088494,  0.7899403,  0.3059384, -0.2368517,  0.4757072)    0    0  18.16557549  5 0.720  12.15212319
(-22.1858716, -5.3693925, 34.8612780,  0.0011297,  0.5739708, -0.7049821, -0.4166010)    0    0  19.61335977  1 0.480  12.92826697
(-28.7453410, -12.1836827, 33.0454641, -0.9273290,  0.2590496,  0.0036531,  0.2700755)    0    0  18.12202789  4 2.520  12.14253771
(-21.7737001, -7.7165774, 38.9692943,  0.6227123,  0.5541591, -0.5359543,  0.1337537)    0    0  21.14580706  9 0.080  14.08909792
(-24.5369553, -0.0215030, 28.3487537,  0.8213101,  0.2639824, -0.3316470,  0.3818026)    0    0  13.48328575  8 0.440   8.18126148
(-21.9777728, -7.3619937, 38.8244767,  0.6227123,  0.5541591, -0.5359543,  0.1337537)    0    0  21.03095738  0 0.400  13.96609624
(-26.1346716, -5.4911231, 27.7371338,  0.7899403,  0.3059384, -0.2368515,  0.4757072)    0    0  16.30206683 16 0.000  11.88568837
(-25.9298988, -5.4349748, 27.9358888,  0.7899403,  0.3059384, -0.2368516,  0.4757072)    0    0  17.69932186  1 0.720  11.58498947
(-22.2155823, -7.3406373, 38.8439522,  0.6227123,  0.5541591, -0.5359543,  0.1337537)    0    0  20.95072502  4 0.400  13.90128678
(-31.4173940, -5.9718921, 30.6667108,  0.7468601, -0.5909418, -0.1420538, -0.2698304)    0    0  17.62526782  8 0.080  11.76256159
(-31.2894099, -5.9992312, 30.8801280,  0.7468601, -0.5909418, -0.1420538, -0.2698304)    0    0  17.53530979 11 0.000  11.60047284
(-21.9630466, -5.7683134, 35.0469080,  0.0021660,  0.5742803, -0.7051211, -0.4159326)    0    0  19.80529967  3 0.640  13.10379710
(-26.0246070, -4.5423779, 28.1598663,  0.7899403,  0.3059384, -0.2368517,  0.4757072)    0    0  17.07851020  4 0.400  12.22035167
(-28.8742836, -12.5224008, 32.9082106, -0.9273290,  0.2590496,  0.0036531,  0.2700755)    0    0  17.81417489  4 0.440  11.75958646
(-25.6845622, -4.9904113, 27.9772046,  0.7899403,  0.3059384, -0.2368517,  0.4757072)    0    0  18.37149676  2 5.000  12.23528118
(-22.9881472, -13.0088435, 35.8855602,  0.6470976,  0.0657972,  0.6158077,  0.4446531)    0    0  16.61721587  4 0.760  11.30876714
(-18.3714764, -2.1479913, 36.5893864,  0.0814294, -0.7542233,  0.5945213, -0.2665719)    0    0  14.65634889  0 5.000   9.77089926
(-25.9355959, -5.3165562, 28.0098100,  0.7899403,  0.3059384, -0.2368517,  0.4757072)    0    0  18.62463707  1 4.720  12.36626513
(-23.8216825, -12.5416350, 35.8919561,  0.6470976,  0.0657972,  0.6158077,  0.4446531)    0    0  16.55948326  7 4.280  11.28557571
(-22.3379631, -5.7570406, 34.9851316,  0.0011322,  0.5739716, -0.7049825, -0.4165994)    0    0  19.69768758  5 0.480  12.98073394
(-26.4787811, -9.2222643, 40.8203549,  0.4030022,  0.0635012, -0.8663755, -0.2880110)    0    0  16.52622799  3 0.440  10.92716421
(-21.8312044, -7.6470791, 39.1674418,  0.6227123,  0.5541591, -0.5359543,  0.1337537)    0    0  21.25283069  5 0.400  14.25130296
(-22.2207176, -5.9333980, 35.2696163,  0.3443598,  0.6227366, -0.6850081, -0.1561391)    0    0  20.40984563 22 2.560  13.60934202
(-22.4706007, -5.6059570, 34.5034979,  0.0011199,  0.5739679, -0.7049808, -0.4166073)    0    0  20.08977798  3 0.560  13.51791131
(-26.4954330, -9.5025016, 40.7842792,  0.4030022,  0.0635012, -0.8663755, -0.2880110)    0    0  16.92923668  2 5.000  11.40759704
(-22.1764378, -7.9524562, 38.7209230,  0.6227123,  0.5541591, -0.5359543,  0.1337537)    0    0  21.30544124  2 0.560  14.31521837
(-25.8801699, -5.2553803, 27.9948087,  0.7899403,  0.3059384, -0.2368517,  0.4757072)    0    0  16.85152682  0 0.400  12.35314683
(-25.7016166, -5.2061140, 27.8189414,  0.7899403,  0.3059384, -0.2368516,  0.4757072)    0    0  16.22686224 15 0.000  11.73225314
(-23.2142253, -12.8845269, 35.8843205,  0.6470976,  0.0657972,  0.6158077,  0.4446531)    0    0  16.41163773  5 0.600  10.95881892
(-24.5399741, -0.5708135, 34.3700370,  0.3702743, -0.2387721,  0.3518903, -0.8258681)    0    0  18.98577918  4 0.760  12.71340506
(-22.1560590, -5.4484600, 34.7338009,  0.0011285,  0.5739705, -0.7049820, -0.4166018)    0    0  19.90632882 14 0.000  13.32907625
(-31.3882303, -5.9877940, 30.3805186,  0.7468601, -0.5909418, -0.1420538, -0.2698304)    0    0  17.78811508  4 0.640  12.00390333
(-25.9775995, -5.5557258, 27.8113305,  0.7899403,  0.3059384, -0.2368517,  0.4757072)    0    0  17.37873384  1 0.560  11.94214760
(-26.0137026, -5.4078450, 28.0397321,  0.7899403,  0.3059384, -0.2368516,  0.4757072)    0    0  16.10962882 24 0.000  10.67988295
(-23.4071715, -12.7379152, 35.9240926,  0.6470976,  0.0657972,  0.6158077,  0.4446531)    0    0  16.96491489  0 5.000  11.30994326
(-25.3499689, -4.7302405, 27.9183832,  0.7899403,  0.3059384, -0.2368516,  0.4757072)    0    0  16.84850970  2 0.400  12.07181451
(-22.5222489, -5.4489511, 34.8057334,  0.0011212,  0.5739683, -0.7049810, -0.4166065)    0    0  19.74873366  0 0.400  13.07978615
(-22.0827387, -7.6912757, 38.8046549,  0.6227123,  0.5541591, -0.5359543,  0.1337537)    0    0  21.17672528  8 0.400  14.10332982
(-24.4875812, -0.2645832, 28.3735642,  0.8212761,  0.2640486, -0.3315116,  0.3819475)    0    0  14.35346592  3 0.600   9.84017462
