144	1.2	0
-2.356194	0.615174	-0.666022
0.000000	0.000000	0.000000
receptor_blocked.pdb	0.097	-0.738	3.264
ligand_blocked.pdb	-53.165	12.888	-55.293
1.308997	1.545873	-1.877082	49	15	18	577.335
1.832596	1.836682	-0.676006	52	21	141	561.658
2.879793	1.510910	-0.740472	39	40	14	540.396
1.047198	1.545873	-1.877082	48	8	18	539.108
1.308997	1.846342	-1.796954	52	13	11	537.351
2.617994	1.606104	-0.451151	47	34	9	526.788
2.356194	1.417623	-0.202254	50	27	8	525.608
1.832596	1.732874	-0.951685	52	23	2	512.509
1.308997	1.050534	3.042579	50	26	11	512.181
1.570796	1.050534	3.042579	47	34	9	511.989
2.356194	1.721184	-0.153948	51	28	0	506.900
1.308997	1.391910	3.030322	51	26	3	504.012
1.570796	2.104282	-0.813972	51	15	134	501.806
2.356194	1.732874	-0.951685	48	31	11	490.829
1.570796	1.732874	-0.951685	52	15	2	490.661
2.617994	1.554776	0.100351	47	35	3	487.872
2.879793	1.301460	-0.509251	41	36	16	487.645
1.570796	1.335669	0.897240	52	11	2	485.485
1.308997	1.599406	1.426070	51	6	138	483.323
2.094395	1.904882	-1.478089	49	37	143	478.354
2.094395	1.732874	-0.951685	51	29	2	476.636
1.047198	0.866395	-2.492918	41	27	27	472.172
1.570796	1.184361	0.625864	52	8	8	469.679
1.832596	1.545873	-1.877082	41	39	12	468.815
2.356194	0.910508	1.903534	42	37	12	465.509
1.308997	1.555207	1.708892	52	9	139	464.923
1.308997	1.448123	-2.163292	49	18	19	461.252
2.356194	1.554776	0.100351	51	28	2	459.535
1.570796	1.310100	1.488307	54	14	2	458.643
1.570796	1.545873	-1.877082	44	34	12	457.826
2.356194	1.683268	0.374177	51	28	140	456.214
2.617994	1.417623	-0.202254	47	33	9	455.453
1.570796	1.836682	-0.676006	51	13	141	454.201
1.308997	1.310100	1.488307	53	6	3	452.583
1.832596	2.104282	-0.813972	53	7	7	450.177
2.617994	1.301460	-0.509251	45	33	17	446.776
1.308997	1.569311	-3.003978	50	27	2	446.279
1.047198	1.736875	3.023612	51	22	139	444.905
1.832596	1.045978	0.343692	51	14	14	443.660
1.308997	0.640596	-2.797608	40	26	27	443.539
1.570796	1.904882	-1.478089	50	25	7	443.283
2.356194	1.904882	-1.478089	44	43	143	441.359
2.094395	1.510910	-0.740472	50	28	7	440.656
1.308997	2.180315	-1.357379	52	8	8	438.268
1.308997	1.374601	-2.456031	46	25	20	438.140
2.094395	0.961715	0.014085	49	19	19	437.748
2.356194	1.909857	-0.381669	51	27	1	437.697
2.094395	1.909857	-0.381669	52	20	1	437.532
2.356194	1.168678	2.108595	42	41	5	436.626
1.570796	0.864993	2.278281	51	28	0	436.441
2.094395	1.982574	-1.115518	52	18	12	436.309
2.094395	1.836682	-0.676006	52	21	5	434.781
1.308997	1.662363	0.915448	49	2	137	434.667
1.308997	1.617114	-1.572037	49	11	19	432.471
2.356194	1.836682	-0.676006	51	29	5	432.359
1.570796	1.488617	1.159546	53	12	141	429.697
1.832596	1.909857	-0.381669	52	19	137	427.507
2.617994	1.510910	-0.740472	45	34	14	427.352
1.570796	1.909857	-0.381669	50	11	137	427.021
2.094395	2.187132	-0.479875	53	15	2	426.770
1.832596	1.982574	-1.115518	53	26	139	425.981
1.308997	1.218453	2.777284	52	25	4	425.510
2.094395	0.831641	0.616218	49	22	17	422.886
2.617994	1.256302	0.062705	46	33	10	422.110
1.570796	1.504028	0.636812	52	9	143	420.312
1.308997	1.335669	0.897240	51	2	3	418.424
1.047198	1.904882	-1.478089	49	3	16	416.955
1.308997	0.866395	-2.492918	38	32	27	416.054
1.832596	1.184361	0.625864	53	16	8	414.665
2.094395	2.104282	-0.813972	53	14	7	414.305
1.308997	1.195355	1.200319	52	5	6	413.936
2.356194	1.113094	-0.272241	48	25	18	413.626
1.832596	0.831641	0.616218	50	15	18	413.187
1.047198	2.153910	-1.714959	52	7	7	413.095
1.832596	1.696674	-1.253233	52	24	5	412.021
1.047198	2.180315	-1.357379	49	1	9	411.761
1.832596	1.310100	1.488307	53	22	2	411.629
1.832596	0.910508	1.903534	50	33	140	410.968
1.308997	1.574060	2.783565	52	21	141	410.535
1.570796	1.448123	-2.163292	47	25	19	410.005
1.570796	1.014500	0.906702	52	10	12	409.845
2.879793	1.256302	0.062705	42	38	10	409.551
1.047198	1.450119	-2.739050	52	21	13	409.360
1.570796	0.914445	2.687814	48	29	12	409.104
2.356194	1.846342	-1.796954	42	45	0	407.876
2.356194	1.025536	1.576859	45	36	9	407.795
1.308997	1.904882	-1.478089	51	10	15	407.392
1.308997	0.929350	-2.910676	47	28	13	404.489
1.308997	2.104282	-0.813972	50	7	134	404.411
2.356194	1.184361	0.625864	52	19	9	404.152
2.617994	1.045978	0.343692	45	33	17	403.583
2.094395	1.045978	0.343692	52	21	15	403.277
1.832596	1.335669	0.897240	53	18	3	401.968
1.308997	1.488617	1.159546	51	5	141	401.221
1.832596	1.606104	-0.451151	52	20	3	400.142
2.617994	1.113094	-0.272241	45	31	18	399.670
2.356194	0.700570	1.559208	47	31	8	399.090
1.570796	2.187132	-0.479875	50	12	130	398.692
1.047198	1.448123	-2.163292	49	12	18	398.131
2.094395	1.256302	0.062705	52	20	10	397.037
2.094395	1.195355	1.200319	51	29	3	396.931
2.356194	1.510910	-0.740472	47	35	7	396.683
2.356194	1.367556	0.358405	50	28	3	396.445
1.308997	1.214854	-1.966664	42	31	15	395.876
2.617994	1.721184	-0.153948	48	36	3	394.636
1.832596	1.904882	-1.478089	48	33	6	394.524
2.094395	2.089241	-0.114193	53	10	142	394.296
1.832596	1.367556	0.358405	53	15	4	394.139
1.308997	1.025536	1.576859	52	8	11	393.193
1.570796	1.195355	1.200319	53	13	5	392.323
1.047198	1.741644	-2.695914	52	16	2	392.194
2.094395	1.606104	-0.451151	53	20	4	391.425
1.832596	1.256302	0.062705	53	12	11	391.299
1.832596	1.195355	1.200319	53	21	4	391.074
1.832596	1.510910	-0.740472	51	21	7	390.996
2.617994	0.910508	1.903534	36	43	12	386.922
1.308997	1.128190	-2.288622	45	19	27	386.527
1.308997	1.450119	-2.739050	51	23	10	385.899
2.356194	1.606104	-0.451151	51	28	5	385.817
1.308997	1.504028	0.636812	50	0	143	383.993
1.308997	1.242974	-2.977882	50	27	6	383.767
1.832596	1.168678	2.108595	51	20	13	383.463
1.570796	1.696674	-1.253233	47	12	26	383.208
2.094395	0.733948	3.021411	32	43	20	382.736
2.356194	0.591903	2.010408	38	36	21	381.980
2.094395	1.696674	-1.253233	46	34	10	381.915
1.308997	0.733948	3.021411	48	25	13	380.913
1.047198	1.658653	-2.409879	52	14	9	380.850
2.094395	1.846342	-1.796954	47	39	0	380.530
2.617994	1.683268	0.374177	50	26	3	377.912
2.094395	1.721184	-0.153948	52	20	143	377.884
1.308997	1.736875	3.023612	51	22	138	376.405
1.047198	1.310100	1.488307	50	143	3	376.022
2.094395	1.184361	0.625864	52	24	7	375.451
2.094395	0.864993	2.278281	44	34	13	375.351
1.570796	1.982574	-1.115518	53	17	139	374.715
1.570796	1.569311	-3.003978	47	34	2	373.145
2.356194	1.696674	-1.253233	46	37	5	372.815
2.356194	1.504028	0.636812	52	19	1	372.721
2.879793	1.113094	-0.272241	40	36	18	371.748
2.879793	1.184361	0.625864	46	42	139	371.344
1.570796	1.846342	-1.796954	48	33	6	371.026
1.047198	1.948085	-2.363031	53	19	9	370.329
1.832596	1.504028	0.636812	54	14	143	368.987
1.308997	1.658653	-2.409879	51	22	8	368.941
1.570796	0.733948	3.021411	43	33	18	368.292
1.832596	0.961715	0.014085	49	12	19	367.709
1.047198	1.391910	3.030322	53	20	2	367.447
1.308997	1.506530	1.988858	53	13	139	367.377
1.308997	1.696674	-1.253233	46	7	24	367.194
2.617994	1.875281	0.107086	47	35	140	367.172
2.094395	1.448123	-2.163292	33	46	11	366.740
2.094395	0.910508	1.903534	47	39	140	366.671
2.356194	0.961715	0.014085	48	24	19	366.071
2.094395	1.683268	0.374177	53	20	140	365.769
1.570796	1.599406	1.426070	53	14	138	365.589
1.308997	1.247695	1.809890	51	18	143	365.432
0.785398	1.846342	-1.796954	49	2	14	365.377
1.570796	1.756530	-2.105156	49	29	14	364.724
1.308997	1.756530	-2.105156	52	17	11	364.667
2.094395	1.113094	-0.272241	50	18	18	364.419
1.570796	1.555207	1.708892	53	17	138	364.303
2.879793	1.417623	-0.202254	43	38	10	363.867
1.570796	1.574060	2.783565	52	19	4	363.554
1.832596	1.448123	-2.163292	38	43	11	363.493
1.832596	2.187132	-0.479875	53	4	3	362.997
1.047198	1.025536	1.576859	49	8	3	362.409
2.094395	0.709924	0.218797	47	17	24	362.370
1.308997	1.135813	-2.658866	48	23	18	362.223
1.570796	1.617114	-1.572037	49	18	18	361.976
1.832596	1.948085	-2.363031	51	24	1	361.714
2.356194	1.335669	0.897240	49	32	3	361.404
1.308997	1.741644	-2.695914	52	23	2	361.321
2.094395	1.168678	2.108595	47	35	5	361.259
1.047198	1.488617	1.159546	48	142	142	361.133
2.356194	2.089241	-0.114193	53	18	142	360.712
2.617994	0.961715	0.014085	45	29	17	359.873
2.879793	1.721184	-0.153948	42	42	3	359.792
2.617994	1.732874	-0.951685	44	41	6	359.399
1.047198	1.766067	2.153843	49	9	133	359.131
2.094395	1.417623	-0.202254	52	20	7	358.912
1.308997	1.413430	2.550734	52	23	141	358.184
1.570796	1.413430	2.550734	51	31	141	358.137
1.832596	1.014500	0.906702	53	16	13	358.107
2.617994	0.700570	1.559208	39	43	11	357.055
2.617994	1.504028	0.636812	49	25	6	356.800
1.570796	1.662363	0.915448	52	9	137	356.592
2.879793	1.554776	0.100351	43	40	3	356.038
1.570796	2.455966	-0.641220	50	1	142	355.605
2.617994	1.367556	0.358405	47	34	3	355.444
2.094395	1.367556	0.358405	53	22	5	355.238
1.570796	1.242974	-2.977882	46	34	10	354.637
2.094395	1.433411	-1.035986	48	28	11	354.391
2.356194	1.256302	0.062705	50	27	11	353.745
2.356194	1.662363	0.915448	49	20	137	353.559
2.879793	1.433411	-1.035986	37	39	18	353.504
2.617994	1.846342	-1.796954	36	49	0	353.473
1.308997	1.982574	-1.115518	52	10	139	353.146
2.094395	0.762244	-0.273349	44	17	25	353.037
2.617994	1.184361	0.625864	45	36	10	352.975
1.570796	1.367556	0.358405	52	7	5	352.201
2.094395	0.960688	-0.577532	46	17	24	352.090
1.832596	1.846342	-1.796954	47	35	9	351.972
2.879793	1.606104	-0.451151	42	42	9	351.861
2.879793	1.367556	0.358405	39	49	142	351.816
1.570796	0.929350	-2.910676	43	32	18	351.693
2.356194	1.310100	1.488307	47	36	1	351.399
2.617994	1.836682	-0.676006	46	38	6	350.629
1.832596	1.488617	1.159546	53	18	141	350.582
1.832596	1.113094	-0.272241	51	11	18	350.458
2.617994	1.904882	-1.478089	38	48	143	350.184
2.356194	1.982574	-1.115518	47	40	139	349.543
1.308997	1.870545	-2.976234	50	27	138	349.051
1.047198	1.135813	-2.658866	48	24	21	349.007
1.570796	0.831641	0.616218	49	8	19	348.818
1.308997	1.812176	0.656819	48	1	134	348.753
1.047198	1.617114	-1.572037	48	5	20	348.712
1.570796	1.440580	2.260026	53	22	141	348.252
1.047198	1.756530	-2.105156	52	14	13	348.246
1.570796	0.640596	-2.797608	34	37	26	348.069
1.308997	1.134796	2.434290	52	26	1	347.977
1.570796	1.214854	-1.966664	39	35	16	347.874
2.094395	0.591903	2.010408	45	31	16	347.614
2.356194	0.906588	1.252948	48	39	141	347.556
1.832596	0.914445	2.687814	44	40	10	347.507
2.356194	1.045978	0.343692	50	27	16	346.979
2.617994	1.812176	0.656819	49	25	138	346.803
2.094395	1.545873	-1.877082	36	43	12	346.471
2.356194	0.733948	3.021411	25	46	19	345.772
1.570796	2.041297	-2.664597	52	19	140	345.716
2.094395	0.929350	-2.910676	32	43	18	345.660
1.047198	1.218453	2.777284	53	20	139	345.602
1.832596	1.506530	1.988858	51	27	139	345.538
1.570796	1.683268	0.374177	51	8	139	345.532
1.832596	1.440580	2.260026	52	21	6	345.494
1.832596	1.025536	1.576859	52	20	136	345.348
1.832596	1.050534	3.042579	43	40	9	345.347
1.308997	1.836682	-0.676006	50	6	141	345.180
1.047198	1.870545	-2.976234	51	18	136	344.811
1.570796	0.419640	2.974122	40	32	23	343.885
-2.879793	1.195355	1.200319	22	53	137	343.331
1.047198	1.374601	-2.456031	51	15	16	342.934
2.356194	0.864993	2.278281	40	40	14	342.532
1.308997	0.906588	1.252948	51	5	15	342.515
1.570796	0.618092	2.539118	47	21	23	342.482
1.832596	1.736875	3.023612	49	27	1	342.025
1.832596	0.906588	1.252948	51	22	12	341.707
1.047198	1.846342	-1.796954	51	9	14	341.244
2.356194	2.063651	-2.044600	40	46	137	341.193
1.832596	1.433411	-1.035986	51	22	11	340.389
1.308997	0.864993	2.278281	54	22	4	340.216
1.308997	1.766067	2.153843	51	14	132	339.770
1.570796	1.506530	1.988858	53	19	138	339.690
2.617994	1.335669	0.897240	49	29	0	339.616
2.617994	0.906588	1.252948	46	42	137	339.035
2.094395	0.914445	2.687814	39	45	10	338.977
2.094395	1.335669	0.897240	52	26	1	338.960
1.047198	1.134796	2.434290	54	2	11	338.772
1.308997	1.699788	2.452890	52	18	136	338.739
1.047198	1.128190	-2.288622	46	24	13	338.732
1.308997	1.440580	2.260026	53	21	138	338.653
1.047198	1.247695	1.809890	52	10	131	338.525
1.570796	0.910508	1.903534	53	27	140	338.084
1.832596	2.180315	-1.357379	53	17	11	338.066
2.094395	1.247695	1.809890	49	33	2	337.550
2.094395	1.310100	1.488307	51	30	1	336.924
1.308997	0.914445	2.687814	52	27	5	336.657
1.570796	1.948085	-2.363031	53	16	2	336.293
1.570796	1.391910	3.030322	50	34	0	336.028
2.356194	1.195355	1.200319	47	35	5	335.576
2.879793	0.910508	1.903534	30	46	12	335.334
1.308997	2.033014	2.977192	51	14	135	335.113
2.094395	1.554776	0.100351	54	20	3	335.109
1.832596	1.683268	0.374177	52	14	139	334.809
2.356194	1.301460	-0.509251	48	13	25	333.396
1.832596	1.555207	1.708892	52	24	138	332.892
2.356194	1.014500	0.906702	51	21	12	332.741
2.094395	0.700570	1.559208	48	33	11	331.685
1.570796	1.045978	0.343692	50	7	14	331.632
1.832596	0.864993	2.278281	47	20	23	331.542
1.570796	1.374601	-2.456031	46	36	6	331.314
1.570796	1.218453	2.777284	49	33	3	330.352
1.832596	2.404280	-0.174044	50	0	138	330.218
1.570796	1.450119	-2.739050	52	19	13	329.855
-3.141593	1.433411	-1.035986	30	42	18	329.304
2.617994	0.674054	1.013609	44	41	6	329.024
1.832596	0.618092	2.539118	43	29	22	328.738
-3.141593	0.700570	1.559208	25	52	5	328.725
2.094395	0.618092	2.539118	40	39	16	328.266
1.047198	1.824694	1.850876	48	6	131	328.135
1.570796	1.766067	2.153843	51	22	132	327.928
2.356194	1.050534	3.042579	28	48	13	327.837
1.047198	1.050534	3.042579	52	22	3	327.647
1.832596	1.134796	2.434290	49	30	6	327.220
-3.141593	1.683268	0.374177	32	52	133	327.091
2.617994	0.960688	-0.577532	42	29	26	326.738
1.570796	1.247695	1.809890	54	19	3	325.811
2.879793	1.875281	0.107086	43	41	140	325.628
2.879793	1.683268	0.374177	41	42	0	325.403
1.570796	1.741644	-2.695914	53	19	5	325.282
2.094395	2.063651	-2.044600	45	42	137	325.156
2.356194	0.960688	-0.577532	45	23	25	325.134
1.832596	1.247695	1.809890	52	25	2	324.831
1.308997	1.948085	-2.363031	52	27	9	324.797
-3.141593	1.417623	-0.202254	36	44	11	324.753
1.832596	1.658653	-2.409879	50	24	10	324.358
1.832596	0.733948	3.021411	39	39	17	323.449
2.356194	0.762244	-0.273349	44	20	27	323.108
-3.141593	0.910508	1.903534	23	48	13	322.478
1.832596	1.756530	-2.105156	48	32	11	322.023
2.094395	1.875281	0.107086	51	19	135	321.945
2.879793	1.732874	-0.951685	37	45	11	321.938
2.356194	0.831641	0.616218	47	27	20	321.727
1.570796	1.168678	2.108595	52	27	1	321.642
1.308997	0.419640	2.974122	42	20	30	321.469
2.617994	1.195355	1.200319	42	40	6	321.278
1.047198	1.574060	2.783565	51	20	136	321.070
2.356194	0.992645	-1.723759	37	28	30	320.976
1.832596	1.699788	2.452890	51	22	142	320.850
1.047198	0.619654	-2.216909	33	29	32	320.695
1.832596	1.413430	2.550734	50	30	143	320.223
2.617994	1.194549	-0.801900	43	32	22	319.731
-2.617994	1.195355	1.200319	14	53	137	319.561
1.047198	1.214854	-1.966664	43	25	16	319.523
1.570796	1.875281	0.107086	53	9	140	319.241
1.570796	1.128190	-2.288622	43	35	12	319.125
1.570796	1.870545	-2.976234	52	20	143	318.085
2.094395	0.419640	2.974122	29	41	25	317.998
2.879793	1.504028	0.636812	39	49	136	317.451
1.832596	2.153910	-1.714959	51	25	13	317.448
-3.141593	1.301460	-0.509251	34	43	18	317.290
1.832596	1.554776	0.100351	54	12	2	317.215
2.356194	1.433411	-1.035986	45	34	11	316.769
1.570796	1.736875	3.023612	50	30	138	316.222
2.356194	1.134497	-1.109631	43	26	26	316.163
1.832596	0.419640	2.974122	36	31	27	316.122
1.308997	1.683268	0.374177	48	1	139	315.824
1.308997	2.455966	-0.641220	47	4	130	315.741
1.308997	1.168678	2.108595	52	20	2	315.464
1.570796	1.113094	-0.272241	49	11	17	315.120
1.047198	2.041297	-2.664597	51	15	137	314.725
1.832596	2.456751	-1.503343	54	21	4	314.677
0.785398	0.899350	-2.069907	38	21	32	314.504
1.047198	1.506530	1.988858	52	5	140	313.930
2.094395	1.025536	1.576859	49	32	8	313.813
2.356194	2.153910	-1.714959	43	44	135	313.519
2.356194	1.875281	0.107086	53	12	4	313.297
2.356194	0.709924	0.218797	46	22	25	312.927
1.832596	2.455966	-0.641220	52	4	140	312.821
1.047198	1.569311	-3.003978	53	22	5	312.353
1.570796	1.135813	-2.658866	44	37	8	312.316
-3.141593	1.510910	-0.740472	33	45	15	312.084
1.308997	1.869911	2.701025	52	13	137	311.104
2.617994	1.696674	-1.253233	41	42	8	310.914
1.047198	1.195355	1.200319	49	141	6	310.414
-3.141593	1.606104	-0.451151	33	47	11	310.174
2.094395	1.014500	0.906702	51	26	10	310.075
1.308997	1.824694	1.850876	49	12	130	309.902
2.879793	1.194549	-0.801900	38	36	22	309.854
1.832596	1.741644	-2.695914	50	39	137	309.801
1.832596	0.929350	-2.910676	36	41	20	309.716
2.094395	1.450119	-2.739050	44	41	4	309.137
2.094395	1.440580	2.260026	47	36	141	308.651
1.570796	1.554776	0.100351	52	6	1	308.358
1.570796	1.134796	2.434290	50	32	3	307.915
0.785398	1.128190	-2.288622	45	18	27	307.662
1.832596	1.417623	-0.202254	53	12	8	306.891
2.356194	1.812176	0.656819	51	17	137	306.724
1.570796	2.063651	-2.044600	50	26	14	306.623
1.570796	2.153910	-1.714959	52	17	12	306.605
-3.141593	1.195355	1.200319	30	52	137	306.502
2.356194	0.618092	2.539118	31	46	17	306.097
-2.879793	1.433411	-1.035986	21	49	12	305.905
2.617994	1.433411	-1.035986	42	35	19	305.695
1.570796	0.906588	1.252948	52	13	14	304.759
2.094395	1.617114	-1.572037	47	39	5	303.704
1.047198	1.699788	2.452890	52	4	141	303.435
1.570796	1.417623	-0.202254	52	5	8	303.230
1.570796	1.256302	0.062705	51	10	11	303.146
1.832596	1.721184	-0.153948	52	18	140	302.257
2.617994	0.618092	2.539118	24	46	19	301.964
2.879793	0.960688	-0.577532	38	34	26	301.943
2.356194	1.450119	-2.739050	38	46	4	301.859
1.832596	1.301460	-0.509251	52	18	14	301.745
1.047198	2.456751	-1.503343	51	3	1	301.601
1.570796	1.658653	-2.409879	49	29	10	301.330
2.617994	1.617114	-1.572037	37	49	5	301.293
1.047198	1.242974	-2.977882	50	24	6	301.291
2.356194	1.374601	-2.456031	38	45	8	301.273
1.832596	1.870545	-2.976234	49	27	143	301.063
2.094395	1.504028	0.636812	53	24	0	300.411
2.617994	1.168678	2.108595	36	46	5	300.403
1.308997	2.343981	-1.040456	50	14	134	300.215
1.832596	1.374601	-2.456031	48	24	17	300.001
-3.141593	1.696674	-1.253233	24	53	6	299.819
1.832596	2.089241	-0.114193	51	15	128	299.602
2.094395	1.658653	-2.409879	47	30	10	299.488
1.832596	0.762244	-0.273349	45	10	25	298.388
2.617994	1.025536	1.576859	41	45	138	297.930
-3.141593	1.184361	0.625864	41	47	139	297.780
1.832596	0.709924	0.218797	46	12	23	296.990
1.832596	1.242974	-2.977882	41	40	10	296.981
2.094395	1.134796	2.434290	46	36	7	296.454
1.832596	1.617114	-1.572037	51	31	5	295.553
1.832596	1.869911	2.701025	48	25	140	295.491
1.832596	0.960688	-0.577532	47	16	23	295.287
2.879793	0.992645	-1.723759	27	42	19	295.225
1.570796	1.606104	-0.451151	52	12	3	295.223
2.094395	1.413430	2.550734	46	37	143	294.846
2.617994	2.063651	-2.044600	33	50	137	294.663
1.308997	1.554776	0.100351	51	3	3	294.632
1.047198	1.413430	2.550734	53	4	6	294.244
1.832596	0.591903	2.010408	46	17	29	293.843
1.832596	1.218453	2.777284	49	31	6	293.805
1.570796	2.180315	-1.357379	53	8	6	293.658
2.094395	1.741644	-2.695914	45	42	140	293.548
-3.141593	1.367556	0.358405	42	46	141	292.857
0.785398	2.579248	-2.364801	54	10	139	292.518
-3.141593	0.992645	-1.723759	21	43	20	292.512
1.047198	1.335669	0.897240	48	139	3	292.460
2.617994	2.153910	-1.714959	36	48	135	292.091
0.785398	1.214854	-1.966664	46	6	22	292.022
0.523599	0.864993	2.278281	44	126	20	291.909
2.094395	0.850607	-1.335383	40	24	28	291.909
2.094395	1.301460	-0.509251	51	19	14	291.135
2.879793	0.591903	2.010408	26	50	7	290.796
1.832596	1.450119	-2.739050	49	25	13	290.471
1.570796	2.251330	-2.330739	51	16	137	290.348
2.356194	1.413430	2.550734	37	45	7	290.217
1.570796	1.510910	-0.740472	53	13	9	289.694
2.094395	1.569311	-3.003978	44	40	143	289.239
1.832596	1.413347	-1.339188	50	23	12	288.579
2.094395	0.906588	1.252948	51	18	9	288.431
1.570796	1.721184	-0.153948	52	10	143	288.076
-3.141593	1.554776	0.100351	41	46	143	287.814
2.094395	1.050534	3.042579	34	46	12	287.673
1.570796	2.343981	-1.040456	53	3	2	287.422
2.356194	2.001437	0.381215	51	14	138	287.420
2.094395	1.756530	-2.105156	48	29	9	287.073
2.879793	0.906588	1.252948	39	47	143	286.990
2.617994	0.992645	-1.723759	34	34	27	286.934
2.617994	0.591903	2.010408	34	38	21	286.905
0.785398	1.756530	-2.105156	51	7	12	286.842
2.356194	2.247462	0.191623	50	18	138	286.506
1.570796	0.866395	-2.492918	37	36	18	286.356
2.356194	1.658653	-2.409879	40	49	141	286.221
1.047198	0.640596	-2.797608	44	25	25	286.160
2.879793	1.045978	0.343692	46	38	4	285.804
1.570796	1.699788	2.452890	53	28	128	285.503
2.879793	1.195355	1.200319	39	49	133	284.565
2.617994	1.545873	-1.877082	34	48	8	284.441
1.308997	2.001437	0.381215	49	1	135	284.360
2.094395	1.506530	1.988858	48	35	139	284.273
1.570796	1.025536	1.576859	54	15	11	284.246
2.356194	1.574060	2.783565	36	46	4	283.844
2.879793	1.662363	0.915448	40	44	126	283.681
2.356194	0.615174	-0.666022	38	19	34	283.677
1.832596	2.343981	-1.040456	54	11	3	283.574
-3.141593	1.721184	-0.153948	37	47	3	283.551
2.356194	1.391910	3.030322	35	46	12	283.462
1.308997	1.256302	0.062705	49	4	11	283.284
1.047198	2.063651	-2.044600	53	13	8	282.857
2.879793	1.617114	-1.572037	30	52	4	282.759
2.879793	1.014500	0.906702	45	44	139	282.597
1.308997	2.041297	-2.664597	51	22	138	282.550
2.094395	0.458961	-0.107937	38	15	34	282.427
2.617994	0.762244	-0.273349	42	25	27	282.327
1.832596	1.766067	2.153843	49	29	132	282.125
1.047198	2.251330	-2.330739	55	15	6	282.032
2.356194	1.440580	2.260026	43	42	141	281.911
1.832596	2.063651	-2.044600	52	22	143	281.721
2.094395	0.992645	-1.723759	39	24	30	281.661
1.308997	0.618092	2.539118	45	22	28	281.230
0.785398	1.448123	-2.163292	49	5	18	280.971
1.308997	2.174483	2.653697	48	13	132	280.798
1.308997	2.063651	-2.044600	53	15	3	280.753
2.879793	0.700570	1.559208	33	50	5	280.696
-2.879793	1.696674	-1.253233	16	51	11	280.532
1.570796	1.301460	-0.509251	52	10	16	280.519
1.308997	0.910508	1.903534	53	19	2	280.513
1.832596	2.664082	-1.071402	46	24	116	280.379
1.308997	1.875281	0.107086	50	2	138	280.306
2.879793	1.696674	-1.253233	31	51	6	279.979
-2.879793	1.014500	0.906702	33	52	138	279.270
2.356194	1.128190	-2.288622	38	44	10	279.174
1.308997	1.367556	0.358405	51	1	9	278.926
1.832596	0.615174	-0.666022	39	12	31	278.636
-3.141593	0.899350	-2.069907	20	43	18	278.576
2.094395	1.948085	-2.363031	47	43	133	277.338
2.617994	1.128190	-2.288622	32	47	11	277.330
2.879793	1.128190	-2.288622	26	48	10	277.123
0.785398	1.450119	-2.739050	50	19	23	277.107
1.832596	2.033014	2.977192	48	23	135	277.056
0.785398	1.658653	-2.409879	52	11	8	276.886
2.094395	0.866955	-0.931351	42	22	26	276.780
1.570796	0.674054	1.013609	48	9	23	276.522
2.094395	2.153910	-1.714959	48	39	135	276.245
2.879793	2.153910	-1.714959	32	51	125	276.227
1.570796	2.001437	0.381215	51	8	134	276.204
2.094395	2.180315	-1.357379	52	25	11	276.161
1.832596	1.569311	-3.003978	49	34	143	275.634
0.785398	1.545873	-1.877082	48	2	18	275.559
2.617994	1.374601	-2.456031	32	48	8	275.430
2.356194	1.569311	-3.003978	42	37	4	275.302
1.308997	1.872854	1.543456	49	7	136	275.271
1.308997	1.325504	-1.671296	46	14	25	275.178
1.047198	2.073035	2.027405	46	5	127	275.109
1.570796	1.998705	2.370472	49	28	120	275.098
1.047198	0.914445	2.687814	53	8	17	274.912
1.570796	2.033014	2.977192	50	19	136	274.877
-3.141593	1.812176	0.656819	32	51	127	274.765
2.356194	0.674054	1.013609	43	34	23	274.606
2.879793	1.545873	-1.877082	27	52	6	274.579
1.308997	2.187132	-0.479875	50	3	136	274.417
2.617994	1.014500	0.906702	49	27	10	274.131
1.308997	1.184361	0.625864	51	2	11	273.805
1.570796	2.396274	-1.959260	53	25	5	273.610
2.094395	1.391910	3.030322	42	41	12	273.573
1.832596	0.700570	1.559208	47	27	22	273.572
2.879793	0.831641	0.616218	50	38	0	273.193
-3.141593	2.001437	0.381215	33	48	125	273.126
1.570796	0.762244	-0.273349	43	10	25	273.015
2.094395	2.404280	-0.174044	52	7	138	272.828
0.785398	0.619654	-2.216909	37	25	32	272.695
2.879793	1.836682	-0.676006	41	44	8	272.457
1.308997	1.014500	0.906702	51	1	13	272.456
0.785398	1.948085	-2.363031	54	12	8	271.877
-3.141593	1.113094	-0.272241	33	42	23	271.872
1.832596	1.574060	2.783565	48	35	4	271.224
1.832596	0.640596	-2.797608	30	40	26	271.133
1.047198	1.555207	1.708892	51	0	140	271.104
0.785398	1.904882	-1.478089	46	140	16	271.004
-2.617994	1.732874	-0.951685	35	39	18	270.947
2.356194	0.914445	2.687814	30	48	13	270.899
-3.141593	1.014500	0.906702	40	49	139	270.776
1.308997	2.251330	-2.330739	53	23	6	270.611
0.785398	0.910508	1.903534	47	128	18	270.555
1.570796	0.709924	0.218797	44	8	28	270.223
2.879793	0.762244	-0.273349	38	38	15	270.187
1.047198	2.349581	-2.702517	53	22	142	269.963
1.308997	0.418037	1.360082	42	7	31	269.865
1.570796	2.089241	-0.114193	50	9	133	269.589
2.617994	1.247695	1.809890	38	45	3	269.419
2.356194	1.545873	-1.877082	40	46	6	269.374
1.570796	2.138223	1.678323	47	8	130	269.181
2.879793	0.961715	0.014085	42	35	17	268.939
0.261799	0.831641	0.616218	111	115	120	268.903
2.094395	1.218453	2.777284	42	39	15	268.760
0.261799	1.506530	1.988858	46	3	128	268.756
2.356194	2.104282	-0.813972	51	35	139	268.680
0.785398	1.242974	-2.977882	53	19	13	268.202
2.356194	1.247695	1.809890	45	40	3	267.964
2.617994	1.756530	-2.105156	33	50	2	267.869
1.570796	0.700570	1.559208	55	18	140	267.744
1.308997	2.396274	-1.959260	54	15	4	267.741
2.094395	1.134497	-1.109631	47	20	24	267.164
1.570796	2.073035	2.027405	48	12	132	267.094
2.617994	0.864993	2.278281	33	44	14	267.044
2.094395	1.194549	-0.801900	49	19	20	266.929
2.879793	2.063651	-2.044600	26	52	137	266.734
2.356194	0.866955	-0.931351	41	21	29	266.624
1.832596	0.458961	-0.107937	37	11	34	266.437
2.094395	1.374601	-2.456031	44	30	18	266.422
1.832596	1.194549	-0.801900	50	18	19	265.827
-3.141593	1.904882	-1.478089	20	55	0	265.825
1.570796	2.174483	2.653697	48	14	131	265.328
1.832596	0.297065	2.160177	41	15	36	265.099
1.570796	1.812176	0.656819	50	6	134	264.487
2.879793	2.001437	0.381215	38	47	124	264.274
2.617994	1.413347	-1.339188	39	37	21	264.223
-3.141593	2.404280	-0.174044	31	47	119	264.165
1.570796	0.458961	-0.107937	36	9	33	264.066
1.570796	1.824694	1.850876	52	11	137	264.048
-2.617994	0.899350	-2.069907	30	134	20	263.916
-3.141593	1.168678	2.108595	22	50	5	263.456
1.832596	2.174483	2.653697	45	34	118	263.003
2.356194	1.134796	2.434290	40	43	7	262.815
2.617994	1.662363	0.915448	48	27	136	262.779
-3.141593	1.413347	-1.339188	26	44	21	262.710
1.308997	0.700570	1.559208	49	7	22	262.579
1.832596	1.875281	0.107086	51	12	135	262.519
1.047198	0.733948	3.021411	49	27	18	262.284
1.570796	2.247462	0.191623	49	7	130	262.197
2.356194	1.413347	-1.339188	45	31	20	262.130
1.047198	2.343981	-1.040456	48	3	134	262.101
-3.141593	1.256302	0.062705	41	45	5	261.934
2.617994	0.831641	0.616218	43	32	23	260.893
2.094395	2.455966	-0.641220	55	6	143	260.640
-3.141593	0.831641	0.616218	31	46	22	260.542
2.094395	2.041297	-2.664597	45	43	128	260.514
2.094395	1.736875	3.023612	46	31	0	260.459
1.308997	1.809167	1.213774	49	5	132	260.414
1.308997	0.591903	2.010408	50	4	29	260.278
1.308997	2.108018	1.311430	46	1	129	260.278
-0.261799	1.247695	1.809890	34	135	130	260.110
1.832596	2.041297	-2.664597	50	24	140	259.774
-1.570796	1.982574	-1.115518	134	138	109	259.747
1.308997	2.153910	-1.714959	53	8	143	259.727
2.356194	1.325504	-1.671296	41	32	23	259.542
2.356194	0.297065	2.160177	36	28	30	259.532
2.617994	2.881233	-2.582574	26	38	108	259.353
2.879793	2.089241	-0.114193	44	43	135	259.316
1.570796	1.413347	-1.339188	52	17	13	259.193
2.356194	1.617114	-1.572037	43	34	17	258.620
0.785398	1.569311	-3.003978	54	14	4	258.599
2.617994	2.001437	0.381215	45	33	138	258.230
2.356194	0.418037	1.360082	44	17	32	258.153
-3.141593	2.180315	-1.357379	27	52	123	258.150
1.832596	0.866955	-0.931351	44	17	27	258.115
-3.141593	2.456751	-1.503343	25	49	116	258.038
1.308997	2.456751	-1.503343	50	16	121	257.886
2.617994	1.909857	-0.381669	42	39	11	257.831
2.094395	2.343981	-1.040456	50	31	124	257.586
2.617994	0.709924	0.218797	42	36	16	257.291
2.879793	1.846342	-1.796954	28	52	0	256.725
2.879793	2.396274	-1.959260	30	48	118	256.461
0.523599	1.168678	2.108595	45	124	12	256.351
2.879793	2.343981	-1.040456	49	32	8	256.322
1.047198	0.929350	-2.910676	49	26	13	256.274
1.570796	0.961715	0.014085	48	8	23	255.952
1.047198	1.325504	-1.671296	46	9	23	255.866
2.879793	1.413347	-1.339188	33	40	21	255.818
0.785398	2.396274	-1.959260	51	15	128	255.483
0.523599	1.846342	-1.796954	44	142	135	255.418
-3.141593	2.115563	0.685730	32	46	119	255.375
-3.141593	1.194549	-0.801900	31	41	25	255.242
2.094395	1.870545	-2.976234	45	44	131	255.183
1.308997	1.045978	0.343692	48	3	17	255.167
-2.617994	1.488617	1.159546	15	52	129	255.083
2.094395	1.135834	-1.431087	43	24	28	255.081
0.785398	0.929350	-2.910676	49	143	24	255.071
1.570796	0.591903	2.010408	53	28	142	255.058
2.094395	1.325504	-1.671296	45	31	12	254.728
1.047198	1.662363	0.915448	47	142	138	254.613
2.879793	1.025536	1.576859	34	50	138	254.384
-3.141593	1.045978	0.343692	34	45	18	254.208
1.308997	1.998705	2.370472	49	12	132	254.089
1.570796	2.456751	-1.503343	54	13	4	254.044
1.570796	1.869911	2.701025	50	19	140	253.897
-0.785398	0.929350	-2.910676	35	14	18	253.792
-2.879793	1.836682	-0.676006	44	37	11	253.784
2.094395	1.574060	2.783565	46	31	5	253.660
1.308997	1.977582	0.969896	48	4	133	253.639
-1.570796	0.640596	-2.797608	34	140	14	253.583
-3.141593	0.960688	-0.577532	33	38	28	253.426
-2.879793	2.187132	-0.479875	46	36	0	253.284
0.261799	1.545873	-1.877082	122	118	120	253.119
2.617994	1.214854	-1.966664	34	47	10	253.105
0.000000	2.349581	-2.702517	123	136	117	253.100
-2.879793	1.184361	0.625864	36	51	139	252.947
1.047198	0.899350	-2.069907	40	28	19	252.866
0.785398	1.135813	-2.658866	50	142	22	252.651
2.879793	1.134497	-1.109631	34	43	13	252.504
1.570796	2.299159	2.264663	44	13	128	252.434
-3.141593	1.128190	-2.288622	19	49	11	252.257
2.356194	1.736875	3.023612	41	46	131	252.025
-0.261799	1.135834	-1.431087	120	121	118	251.925
-2.879793	0.899350	-2.069907	14	42	19	251.790
2.356194	1.135813	-2.658866	38	45	8	251.772
-2.879793	1.683268	0.374177	24	54	133	251.709
2.879793	1.756530	-2.105156	26	52	2	251.654
-2.879793	1.617114	-1.572037	14	51	9	251.592
2.356194	1.756530	-2.105156	40	47	2	251.173
1.308997	2.073035	2.027405	48	6	130	250.966
-3.141593	0.906588	1.252948	29	53	1	250.860
0.785398	1.506530	1.988858	48	6	124	250.669
1.832596	1.325504	-1.671296	48	26	11	250.518
2.356194	1.448123	-2.163292	41	36	16	250.491
2.879793	1.168678	2.108595	29	49	6	250.484
-2.879793	2.343981	-1.040456	22	50	118	250.168
2.094395	0.297065	2.160177	42	43	6	249.981
0.785398	1.413430	2.550734	52	140	5	249.754
2.879793	0.418037	1.360082	40	46	4	249.753
0.523599	1.545873	-1.877082	123	116	120	249.677
2.356194	1.135834	-1.431087	40	29	28	249.414
2.356194	1.194549	-0.801900	46	25	23	249.338
1.308997	1.606104	-0.451151	52	1	7	249.306
2.356194	1.741644	-2.695914	39	50	137	249.220
-2.879793	2.592629	0.909713	28	37	109	249.168
-1.570796	2.104282	-0.813972	136	133	107	249.150
2.617994	1.325504	-1.671296	36	36	23	249.083
-3.141593	0.418037	1.360082	34	49	4	248.653
-3.141593	1.504028	0.636812	32	53	136	248.331
2.094395	1.242974	-2.977882	39	44	10	248.329
-2.617994	0.297065	2.160177	38	17	10	248.312
-2.094395	2.343981	-1.040456	143	135	108	248.282
2.094395	1.869911	2.701025	46	28	138	247.761
1.832596	0.496451	0.593859	44	11	28	247.616
2.094395	0.674054	1.013609	47	23	22	247.577
-1.832596	1.982574	-1.115518	135	139	109	247.504
2.356194	2.180315	-1.357379	46	42	135	247.219
0.785398	1.736875	3.023612	55	21	5	247.156
-2.879793	2.115563	0.685730	26	48	119	247.059
0.785398	0.866395	-2.492918	45	1	29	247.051
1.832596	1.134497	-1.109631	48	20	21	247.009
2.879793	1.374601	-2.456031	25	53	5	246.915
1.832596	1.128190	-2.288622	35	42	13	246.742
-1.308997	1.872854	1.543456	39	12	39	246.699
2.356194	1.488617	1.159546	49	21	0	246.621
1.832596	1.214854	-1.966664	37	39	16	246.604
1.308997	2.299159	2.264663	44	8	125	246.476
2.356194	0.458961	-0.107937	38	19	34	246.336
2.617994	1.982574	-1.115518	44	44	0	246.322
1.047198	1.998705	2.370472	49	8	129	246.131
-3.141593	1.732874	-0.951685	31	48	12	246.116
2.094395	1.413347	-1.339188	47	26	21	245.944
-2.879793	2.104282	-0.813972	42	39	9	245.592
2.356194	2.396274	-1.959260	38	47	127	245.557
-2.617994	0.850607	-1.335383	38	143	13	245.417
-3.141593	0.762244	-0.273349	33	41	16	244.983
1.570796	1.325504	-1.671296	51	19	15	244.767
0.785398	1.134796	2.434290	51	139	12	244.628
-3.141593	1.134497	-1.109631	27	44	19	244.332
1.047198	0.618092	2.539118	49	1	30	244.288
1.047198	1.168678	2.108595	53	14	140	244.257
0.785398	1.218453	2.777284	140	128	113	244.180
0.785398	1.325504	-1.671296	43	0	31	244.175
-2.879793	1.846342	-1.796954	9	52	2	244.115
2.356194	1.214854	-1.966664	40	43	9	244.053
2.094395	1.488617	1.159546	52	28	142	244.002
0.785398	0.864993	2.278281	49	132	20	243.933
-2.617994	1.025536	1.576859	10	52	140	243.884
0.523599	1.736875	3.023612	56	13	5	243.829
-2.879793	1.504028	0.636812	24	54	136	243.667
1.308997	2.664082	-1.071402	50	1	141	243.663
-2.879793	1.998705	2.370472	37	19	17	243.420
1.308997	1.417623	-0.202254	51	1	12	243.349
2.356194	2.455966	-0.641220	46	32	119	242.881
1.570796	1.135834	-1.431087	48	17	20	242.820
-2.879793	2.295480	1.008277	26	43	113	242.748
1.047198	1.869911	2.701025	52	5	137	242.708
2.617994	1.440580	2.260026	36	48	141	242.535
2.879793	2.379497	0.561089	37	40	114	242.531
2.356194	1.506530	1.988858	44	43	139	242.424
1.570796	2.664082	-1.071402	46	18	115	242.358
-3.141593	2.379497	0.561089	32	43	114	242.353
1.047198	2.579248	-2.364801	54	17	140	242.292
0.000000	1.247695	1.809890	39	138	130	242.178
1.832596	1.135813	-2.658866	42	40	12	241.977
1.047198	0.418037	1.360082	42	135	29	241.967
2.617994	2.089241	-0.114193	48	37	135	241.637
1.308997	2.356369	3.005869	40	41	115	241.581
2.617994	0.418037	1.360082	40	22	32	241.275
2.879793	2.456751	-1.503343	32	47	116	240.982
-3.141593	1.335669	0.897240	31	53	135	240.899
0.261799	1.325504	-1.671296	124	117	118	240.841
-3.141593	2.719179	-1.780644	24	44	111	240.841
-3.141593	1.836682	-0.676006	30	54	138	240.701
2.879793	1.904882	-1.478089	32	51	142	240.656
2.094395	1.135813	-2.658866	42	29	23	240.602
2.879793	0.899350	-2.069907	26	44	16	240.540
2.879793	2.881233	-2.582574	23	36	107	240.513
2.094395	2.349581	-2.702517	36	47	122	240.407
0.785398	2.063651	-2.044600	52	5	6	240.176
1.570796	0.960688	-0.577532	47	9	24	240.149
2.879793	1.812176	0.656819	44	39	127	239.863
2.356194	2.187132	-0.479875	49	35	124	239.781
1.570796	0.496451	0.593859	42	8	30	239.711
2.356194	0.685216	-1.712745	34	27	31	239.672
2.094395	1.699788	2.452890	46	39	134	239.624
1.308997	1.732874	-0.951685	51	8	1	239.465
-1.308997	1.184361	0.625864	134	110	121	239.426
-3.141593	2.455966	-0.641220	49	31	0	239.253
1.832596	1.135834	-1.431087	47	23	20	239.162
-2.879793	0.700570	1.559208	17	53	5	239.115
-2.879793	1.367556	0.358405	25	54	142	238.960
2.617994	1.450119	-2.739050	31	50	4	238.922
2.094395	0.685216	-1.712745	37	22	31	238.707
-2.617994	0.929350	-2.910676	17	39	21	238.637
0.785398	1.696674	-1.253233	43	127	19	238.471
-2.879793	1.488617	1.159546	22	52	129	238.408
-2.879793	1.510910	-0.740472	44	34	17	238.046
2.094395	2.164094	-2.991358	113	135	122	237.846
-2.879793	2.299159	2.264663	35	23	20	237.836
1.047198	1.554776	0.100351	27	31	16	237.711
1.832596	2.164094	-2.991358	46	39	122	237.711
1.047198	0.910508	1.903534	52	135	18	237.690
0.523599	0.910508	1.903534	42	123	18	237.464
-2.617994	1.310100	1.488307	11	52	132	237.334
0.523599	1.325504	-1.671296	129	114	119	236.755
0.523599	1.218453	2.777284	141	127	112	236.613
2.617994	1.134497	-1.109631	39	32	26	236.575
1.047198	1.440580	2.260026	53	7	142	236.374
0.785398	2.153910	-1.714959	48	5	127	236.286
1.832596	1.391910	3.030322	43	47	133	236.257
-2.879793	1.606104	-0.451151	29	49	11	235.995
-2.879793	1.335669	0.897240	33	52	131	235.991
-0.785398	1.433411	-1.035986	122	129	110	235.918
2.879793	0.297065	2.160177	26	38	30	235.899
2.094395	2.001437	0.381215	49	17	138	235.815
2.879793	1.247695	1.809890	32	50	3	235.705
1.832596	0.674054	1.013609	48	15	24	235.592
-0.523599	2.299159	2.264663	32	128	6	235.492
1.308997	1.301460	-0.509251	49	5	13	235.487
2.617994	1.658653	-2.409879	31	52	3	235.294
-2.617994	1.683268	0.374177	17	53	133	235.283
1.832596	2.299159	2.264663	42	32	112	235.116
2.356194	2.588535	-2.976617	32	41	111	234.937
2.879793	1.335669	0.897240	45	44	131	234.880
0.785398	2.247462	0.191623	28	29	29	234.800
1.047198	1.113094	-0.272241	28	31	11	234.793
0.000000	0.831641	0.616218	107	121	120	234.533
2.356194	2.041297	-2.664597	39	48	128	234.452
2.617994	2.579248	-2.364801	31	45	114	234.407
1.570796	1.433411	-1.035986	44	10	33	234.302
2.879793	1.325504	-1.671296	29	48	12	234.262
1.832596	1.998705	2.370472	48	20	134	234.183
-0.523599	0.961715	0.014085	137	112	116	233.736
1.832596	2.478122	2.609777	39	33	111	233.702
-2.617994	2.115563	0.685730	20	48	119	233.341
2.617994	1.448123	-2.163292	31	51	8	232.926
-0.261799	1.325504	-1.671296	117	126	118	232.878
2.094395	1.128190	-2.288622	43	40	9	232.826
-1.308997	1.696674	-1.253233	127	138	110	232.719
-0.785398	0.961715	0.014085	131	113	117	232.693
-2.617994	2.455966	-0.641220	141	123	107	232.506
0.785398	2.704512	1.488683	29	20	104	232.489
1.047198	1.599406	1.426070	49	0	142	232.453
-2.879793	2.455966	-0.641220	44	37	0	232.293
0.785398	1.741644	-2.695914	55	15	6	232.105
-3.141593	1.909857	-0.381669	32	52	133	232.029
-2.356194	2.187132	-0.479875	118	135	113	232.004
-3.141593	0.961715	0.014085	34	47	10	231.937
0.785398	1.617114	-1.572037	45	130	21	231.821
0.261799	1.218453	2.777284	54	7	8	231.758
-2.094395	1.732874	-0.951685	134	140	107	231.671
-2.617994	2.187132	-0.479875	124	135	112	231.640
2.617994	0.866955	-0.931351	38	34	18	231.573
2.879793	1.135834	-1.431087	30	44	17	231.537
2.094395	2.033014	2.977192	44	41	122	231.465
-2.094395	2.001437	0.381215	127	118	112	231.453
-1.570796	1.184361	0.625864	131	112	121	231.383
-3.141593	2.664082	-1.071402	130	133	106	231.373
0.785398	0.618092	2.539118	48	139	30	231.270
0.000000	1.135834	-1.431087	123	117	118	230.835
2.617994	1.218453	2.777284	34	47	5	230.636
2.617994	2.115563	0.685730	45	33	116	230.582
0.785398	1.168678	2.108595	50	130	10	230.492
1.832596	2.251330	-2.330739	48	38	124	230.258
-3.141593	1.617114	-1.572037	21	52	9	230.234
-1.047198	1.433411	-1.035986	122	132	110	230.105
2.356194	1.218453	2.777284	36	45	14	230.011
2.356194	1.870545	-2.976234	41	46	129	229.665
2.617994	1.135834	-1.431087	36	33	27	229.632
2.356194	1.948085	-2.363031	41	49	133	229.282
-2.879793	2.724429	-0.348782	48	28	137	229.249
-2.879793	2.719179	-1.780644	19	42	110	229.206
2.879793	2.115563	0.685730	38	45	119	229.205
0.523599	0.733948	3.021411	46	135	29	229.198
-1.047198	1.045978	0.343692	135	111	118	229.144
2.617994	2.251330	-2.330739	35	48	121	228.842
2.879793	2.247462	0.191623	38	45	120	228.802
-2.879793	1.554776	0.100351	35	51	143	228.776
-2.879793	1.310100	1.488307	19	54	132	228.773
2.356194	0.419640	2.974122	22	43	25	228.656
2.617994	1.574060	2.783565	29	49	4	228.580
1.047198	0.591903	2.010408	49	139	28	228.579
-2.879793	1.256302	0.062705	26	53	3	228.561
0.785398	1.440580	2.260026	51	9	129	228.494
-2.879793	1.134497	-1.109631	41	25	27	228.395
2.094395	2.251330	-2.330739	41	46	128	228.293
1.047198	1.194549	-0.801900	2	121	110	228.279
-2.879793	0.906588	1.252948	21	54	0	228.242
2.617994	0.914445	2.687814	34	46	9	228.186
-1.832596	2.187132	-0.479875	120	126	112	227.821
-1.308997	2.863997	0.549740	33	26	36	227.806
1.047198	0.370812	-2.547742	37	20	35	227.702
2.094395	1.812176	0.656819	52	31	130	227.648
1.047198	2.396274	-1.959260	53	22	128	227.557
2.094395	2.664082	-1.071402	45	30	115	227.449
2.617994	1.977582	0.969896	45	23	133	227.440
2.356194	2.033014	2.977192	40	44	122	227.407
-2.879793	2.456751	-1.503343	20	48	116	227.328
-2.617994	1.433411	-1.035986	118	2	120	227.177
-1.047198	1.696674	-1.253233	125	136	110	227.172
2.617994	2.247462	0.191623	43	40	119	227.055
-2.879793	1.982574	-1.115518	21	54	128	227.043
0.785398	1.247695	1.809890	48	128	7	226.988
2.617994	1.134796	2.434290	37	48	1	226.950
2.879793	2.180315	-1.357379	34	51	124	226.932
1.308997	0.619654	-2.216909	33	33	22	226.824
1.832596	2.760637	2.781135	33	31	107	226.823
2.617994	2.396274	-1.959260	35	47	118	226.801
-2.879793	2.664082	-1.071402	3	122	111	226.799
-3.141593	2.343981	-1.040456	30	48	118	226.790
1.570796	1.809167	1.213774	51	20	128	226.672
2.094395	1.214854	-1.966664	44	39	10	226.654
-1.832596	2.104282	-0.813972	137	133	107	226.640
2.879793	1.982574	-1.115518	32	53	143	226.582
-2.094395	2.456751	-1.503343	2	141	110	226.198
1.832596	2.247462	0.191623	50	14	130	226.065
-1.832596	1.836682	-0.676006	103	15	135	225.997
2.356194	2.164094	-2.991358	112	130	123	225.688
1.570796	2.478122	2.609777	26	41	108	225.526
-2.094395	2.187132	-0.479875	119	130	112	225.295
2.617994	2.587733	0.232235	40	34	112	225.248
-2.356194	2.001437	0.381215	122	122	112	225.176
1.308997	0.674054	1.013609	48	13	8	225.163
2.617994	1.766067	2.153843	28	41	110	225.123
-1.570796	1.433411	-1.035986	124	139	110	225.091
1.832596	1.872854	1.543456	50	27	126	224.979
-2.879793	1.812176	0.656819	25	52	126	224.787
0.785398	0.733948	3.021411	48	141	30	224.682
-2.879793	0.591903	2.010408	38	8	14	224.612
-2.094395	1.128190	-2.288622	21	14	34	224.568
1.570796	2.637879	2.121598	35	27	107	224.500
-3.141593	0.674054	1.013609	35	49	6	224.442
0.785398	2.456751	-1.503343	44	5	119	224.291
-1.308997	2.343981	-1.040456	142	138	108	224.255
2.879793	0.864993	2.278281	28	47	13	224.038
2.879793	2.587733	0.232235	115	2	119	224.031
-0.261799	0.866955	-0.931351	126	116	117	223.966
1.832596	0.866395	-2.492918	27	46	15	223.949
0.785398	1.134497	-1.109631	139	115	113	223.886
-3.141593	1.846342	-1.796954	19	53	2	223.842
2.879793	1.134796	2.434290	28	49	6	223.822
1.832596	1.599406	1.426070	53	22	138	223.794
-1.570796	1.696674	-1.253233	128	142	110	223.736
-0.785398	2.349581	-2.702517	107	142	131	223.538
2.094395	1.599406	1.426070	50	35	134	223.471
1.047198	0.864993	2.278281	53	139	20	223.387
-2.356194	1.836682	-0.676006	116	138	116	223.379
2.617994	1.413430	2.550734	35	48	142	223.344
2.879793	2.579248	-2.364801	26	45	113	223.330
2.617994	2.404280	-0.174044	42	40	119	223.281
0.785398	1.870545	-2.976234	55	19	9	223.124
0.785398	0.640596	-2.797608	45	3	30	223.012
-1.308997	1.045978	0.343692	126	114	119	222.951
-2.617994	1.184361	0.625864	24	55	141	222.940
-0.523599	0.762244	-0.273349	132	112	118	222.930
2.094395	0.418037	1.360082	46	13	33	222.844
-1.832596	1.696674	-1.253233	131	143	111	222.690
2.879793	0.685216	-1.712745	25	36	26	222.681
2.879793	0.709924	0.218797	37	40	17	222.522
1.832596	2.356369	3.005869	43	35	116	222.463
1.047198	0.419640	2.974122	43	7	36	222.382
-1.308997	1.732874	-0.951685	128	134	108	222.368
0.261799	2.396274	-1.959260	130	141	112	222.358
-1.047198	0.733948	3.021411	34	139	14	222.336
0.000000	1.413347	-1.339188	124	120	113	222.336
2.879793	1.448123	-2.163292	24	52	8	222.283
-2.617994	0.591903	2.010408	39	13	14	222.266
0.261799	0.866955	-0.931351	134	113	117	222.169
-2.356194	2.104282	-0.813972	124	136	112	222.145
0.523599	2.251330	-2.330739	52	11	128	221.946
0.523599	0.899350	-2.069907	40	136	34	221.804
2.356194	2.664082	-1.071402	48	39	123	221.713
-2.356194	1.812176	0.656819	118	122	116	221.690
-0.523599	1.113094	-0.272241	132	116	113	221.549
0.523599	2.033014	2.977192	55	15	143	221.414
2.879793	1.050534	3.042579	23	50	13	221.301
1.047198	2.984978	1.954446	25	29	104	221.172
1.308997	1.413347	-1.339188	49	141	27	221.141
0.785398	1.374601	-2.456031	50	137	24	221.140
2.356194	2.251330	-2.330739	40	46	121	221.028
2.879793	2.187132	-0.479875	36	49	127	221.019
2.617994	2.349581	-2.702517	31	48	117	220.983
2.879793	0.929350	-2.910676	25	48	12	220.937
-0.523599	0.960688	-0.577532	129	116	115	220.929
1.570796	2.407836	1.410646	39	18	6	220.913
-2.617994	1.836682	-0.676006	38	41	11	220.845
1.308997	2.164094	-2.991358	51	11	134	220.834
2.094395	2.115563	0.685730	48	16	134	220.824
2.879793	1.809167	1.213774	41	37	115	220.822
0.000000	0.615174	-0.666022	135	111	120	220.805
1.832596	1.809167	1.213774	51	26	128	220.801
-1.308997	2.587733	0.232235	37	31	32	220.764
0.523599	1.374601	-2.456031	51	13	0	220.746
1.308997	0.960688	-0.577532	45	12	15	220.605
2.094395	2.356369	3.005869	40	38	115	220.563
-1.308997	1.599406	1.426070	43	11	33	220.330
2.617994	1.488617	1.159546	46	28	143	220.284
1.570796	0.615174	-0.666022	36	17	34	220.274
0.523599	1.617114	-1.572037	128	116	115	220.186
1.047198	1.683268	0.374177	47	139	142	220.162
-0.785398	0.850607	-1.335383	115	128	120	220.130
0.523599	1.214854	-1.966664	123	114	122	220.085
1.832596	0.850607	-1.335383	42	20	29	220.065
-1.570796	1.417623	-0.202254	124	123	110	219.910
-2.356194	0.733948	3.021411	15	35	26	219.742
1.832596	1.812176	0.656819	52	13	134	219.584
0.523599	2.579248	-2.364801	53	4	138	219.470
-0.785398	1.417623	-0.202254	13	16	35	219.461
-1.570796	2.404280	-0.174044	123	120	112	219.286
-3.141593	2.104282	-0.813972	47	34	11	219.227
2.617994	1.242974	-2.977882	31	49	9	219.197
1.570796	1.872854	1.543456	51	23	122	219.168
1.570796	2.719179	-1.780644	136	113	113	219.049
2.617994	2.719179	-1.780644	33	42	110	219.024
1.308997	1.134497	-1.109631	2	118	113	218.980
0.000000	1.545873	-1.877082	119	121	120	218.902
0.000000	2.041297	-2.664597	123	132	117	218.745
1.047198	1.134497	-1.109631	143	116	113	218.698
2.879793	2.455966	-0.641220	34	47	121	218.678
-3.141593	1.325504	-1.671296	22	49	12	218.672
0.785398	2.041297	-2.664597	54	15	2	218.646
1.832596	0.571433	-1.188419	119	118	102	218.574
-2.879793	1.413347	-1.339188	35	28	28	218.570
1.570796	2.108018	1.311430	48	7	132	218.522
0.523599	0.929350	-2.910676	46	137	31	218.510
-0.523599	1.135834	-1.431087	119	125	118	218.484
-2.094395	1.982574	-1.115518	139	140	107	218.469
-0.261799	0.960688	-0.577532	130	115	114	218.332
-2.094395	2.104282	-0.813972	138	133	107	218.305
2.879793	1.488617	1.159546	43	43	122	218.303
0.000000	0.674054	1.013609	112	113	118	218.272
-3.141593	1.982574	-1.115518	29	53	128	218.260
-2.094395	2.404280	-0.174044	139	120	108	218.189
0.000000	1.756530	-2.105156	118	123	121	218.113
2.879793	1.555207	1.708892	33	44	114	218.113
-0.523599	1.325504	-1.671296	117	130	118	218.028
2.617994	2.187132	-0.479875	42	45	127	217.998
2.356194	0.850607	-1.335383	38	28	29	217.990
-2.617994	1.134796	2.434290	45	9	6	217.974
-0.785398	1.045978	0.343692	138	111	118	217.962
-1.047198	1.510910	-0.740472	127	127	108	217.823
-2.356194	2.455966	-0.641220	125	131	109	217.802
-2.879793	1.025536	1.576859	18	53	140	217.620
0.785398	1.391910	3.030322	52	16	140	217.590
-1.570796	1.510910	-0.740472	125	133	108	217.586
-0.261799	0.961715	0.014085	141	113	116	217.566
-2.617994	2.724429	-0.348782	124	131	108	217.338
1.570796	2.404280	-0.174044	48	10	130	217.288
1.308997	2.637879	2.121598	20	35	105	217.287
-2.356194	2.404280	-0.174044	136	120	108	217.155
-0.523599	1.413347	-1.339188	120	128	113	217.145
-1.832596	1.732874	-0.951685	131	139	107	217.093
0.261799	1.756530	-2.105156	119	120	121	217.090
-2.879793	1.113094	-0.272241	26	51	10	216.940
-1.570796	0.297065	2.160177	35	14	21	216.886
-2.356194	0.929350	-2.910676	11	38	21	216.851
1.308997	1.510910	-0.740472	51	3	8	216.787
-2.879793	0.866395	-2.492918	19	41	21	216.758
2.094395	2.456751	-1.503343	138	116	112	216.743
2.094395	0.571433	-1.188419	123	115	102	216.715
2.356194	1.766067	2.153843	41	44	131	216.641
1.047198	2.379497	0.561089	38	13	5	216.615
-0.785398	1.756530	-2.105156	115	138	120	216.569
-2.094395	1.184361	0.625864	32	24	21	216.359
-2.094395	2.455966	-0.641220	126	128	109	216.319
1.308997	1.433411	-1.035986	43	3	33	216.198
-2.879793	0.674054	1.013609	32	52	0	216.136
-2.879793	1.417623	-0.202254	25	52	4	215.966
-3.141593	2.089241	-0.114193	33	49	126	215.960
-2.094395	1.812176	0.656819	36	130	35	215.957
-1.570796	1.325504	-1.671296	123	3	118	215.921
-2.617994	0.864993	2.278281	40	15	14	215.889
1.832596	2.588535	-2.976617	39	37	113	215.835
-1.832596	0.961715	0.014085	116	124	117	215.833
-2.617994	0.640596	-2.797608	17	37	26	215.734
2.617994	2.104282	-0.813972	42	46	141	215.714
0.785398	2.295480	1.008277	19	25	41	215.708
1.832596	2.138223	1.678323	47	14	130	215.650
1.570796	2.760637	2.781135	34	33	107	215.574
1.047198	2.115563	0.685730	38	16	7	215.562
-1.308997	1.433411	-1.035986	124	134	110	215.561
2.879793	2.664082	-1.071402	130	134	106	215.416
2.094395	2.979456	-1.009304	37	29	108	215.351
0.523599	1.448123	-2.163292	45	129	24	215.347
2.879793	1.214854	-1.966664	25	48	15	215.298
-1.047198	0.961715	0.014085	126	114	117	215.266
1.832596	1.662363	0.915448	53	27	132	215.136
-2.617994	1.812176	0.656819	117	127	116	215.093
2.879793	1.391910	3.030322	24	52	3	215.057
2.879793	2.719179	-1.780644	33	28	17	214.937
1.308997	2.478122	2.609777	31	39	108	214.936
-1.308997	0.992645	-1.723759	118	1	121	214.804
1.832596	1.824694	1.850876	47	31	134	214.763
-1.832596	1.683268	0.374177	124	118	113	214.722
2.879793	1.658653	-2.409879	23	53	3	214.669
0.785398	2.478122	2.609777	40	14	11	214.539
-1.570796	1.904882	-1.478089	130	0	110	214.506
2.356194	2.881233	-2.582574	30	34	107	214.503
0.000000	1.506530	1.988858	42	142	128	214.465
-2.879793	1.194549	-0.801900	27	45	15	214.461
1.832596	2.001437	0.381215	53	15	135	214.346
2.356194	0.571433	-1.188419	128	113	102	214.311
0.523599	1.574060	2.783565	56	14	1	213.963
2.617994	2.664082	-1.071402	137	116	111	213.960
-0.785398	0.960688	-0.577532	122	119	114	213.919
0.523599	0.866395	-2.492918	42	136	33	213.849
-1.832596	0.379747	-1.713059	24	33	28	213.801
0.261799	0.591903	2.010408	36	124	29	213.785
-2.356194	1.310100	1.488307	5	49	132	213.752
-2.617994	1.413430	2.550734	44	6	14	213.600
0.000000	0.866955	-0.931351	130	114	117	213.557
2.094395	0.496451	0.593859	44	17	28	213.484
-0.785398	2.588535	-2.976617	108	142	131	213.472
-2.356194	1.732874	-0.951685	135	139	108	213.310
1.047198	2.033014	2.977192	50	20	124	213.229
-0.261799	2.881233	-2.582574	110	142	130	213.057
1.047198	2.356369	3.005869	40	13	17	213.040
-1.047198	1.184361	0.625864	138	111	120	213.036
-2.617994	0.906588	1.252948	15	53	1	212.982
-2.094395	2.247462	0.191623	133	118	111	212.881
1.308997	1.113094	-0.272241	24	32	11	212.680
2.356194	1.699788	2.452890	43	44	129	212.671
-1.308997	2.455966	-0.641220	0	132	106	212.664
-2.617994	2.104282	-0.813972	125	138	112	212.621
-2.879793	0.762244	-0.273349	26	48	13	212.618
-2.879793	1.301460	-0.509251	24	50	11	212.407
-3.141593	0.709924	0.218797	32	41	29	212.293
0.523599	0.866955	-0.931351	137	113	116	212.234
2.617994	2.455966	-0.641220	48	37	124	212.213
-1.570796	1.194549	-0.801900	120	134	112	212.152
-1.308997	1.301460	-0.509251	123	125	110	212.098
0.523599	0.914445	2.687814	47	132	24	212.081
2.617994	1.948085	-2.363031	35	51	131	212.049
2.617994	2.180315	-1.357379	40	48	134	212.027
-1.832596	2.343981	-1.040456	2	136	108	212.014
-1.570796	2.180315	-1.357379	135	143	109	211.961
-1.047198	0.762244	-0.273349	123	115	119	211.931
0.000000	0.960688	-0.577532	136	113	115	211.793
-2.617994	2.456751	-1.503343	6	135	111	211.782
2.094395	0.866395	-2.492918	21	47	15	211.764
0.261799	1.766067	2.153843	46	6	125	211.722
-2.879793	1.736875	3.023612	23	33	27	211.674
0.785398	1.194549	-0.801900	143	119	110	211.654
1.047198	1.413347	-1.339188	137	116	112	211.642
0.261799	0.960688	-0.577532	141	114	115	211.639
2.356194	2.343981	-1.040456	49	38	129	211.364
-0.785398	1.413347	-1.339188	119	132	113	211.359
2.617994	2.456751	-1.503343	3	120	112	211.314
-1.047198	2.295480	1.008277	42	31	24	211.246
-1.832596	1.113094	-0.272241	118	129	113	211.224
0.785398	1.574060	2.783565	54	16	139	211.217
-1.308997	1.510910	-0.740472	125	131	108	211.079
-2.617994	1.510910	-0.740472	11	51	8	210.982
2.094395	2.396274	-1.959260	1	116	117	210.940
-0.785398	1.134497	-1.109631	119	127	115	210.900
-0.785398	1.194549	-0.801900	122	123	111	210.838
-1.047198	2.343981	-1.040456	140	139	108	210.829
-2.617994	1.194549	-0.801900	21	48	8	210.785
0.261799	0.850607	-1.335383	126	113	120	210.742
1.047198	1.872854	1.543456	46	3	128	210.717
-2.356194	1.242974	-2.977882	10	39	14	210.709
2.617994	1.135813	-2.658866	32	49	8	210.701
2.356194	2.349581	-2.702517	37	45	120	210.694
-2.094395	1.699788	2.452890	0	104	118	210.649
0.785398	0.419640	2.974122	43	2	36	210.594
-1.570796	1.732874	-0.951685	129	136	108	210.573
0.523599	1.134497	-1.109631	135	115	113	210.563
-1.832596	1.904882	-1.478089	133	1	110	210.550
-0.785398	1.696674	-1.253233	123	134	110	210.517
-3.141593	1.875281	0.107086	33	51	131	210.454
2.356194	2.579248	-2.364801	37	39	113	210.435
2.617994	1.310100	1.488307	40	47	143	210.369
-3.141593	2.396274	-1.959260	23	49	117	210.318
-2.094395	1.683268	0.374177	121	121	113	210.311
-3.141593	1.736875	3.023612	26	31	27	210.293
-1.308997	2.180315	-1.357379	136	142	109	210.185
-1.832596	2.664082	-1.071402	4	135	109	210.117
-2.094395	0.685216	-1.712745	42	5	10	210.073
2.879793	0.674054	1.013609	40	27	28	210.034
-0.261799	2.073035	2.027405	40	4	120	210.022
-3.141593	2.247462	0.191623	41	44	127	209.875
0.261799	2.174483	2.653697	52	11	132	209.841
-2.094395	1.433411	-1.035986	33	19	34	209.827
-1.570796	1.554776	0.100351	126	118	112	209.674
-1.570796	2.089241	-0.114193	137	122	106	209.648
-2.617994	1.413347	-1.339188	121	2	120	209.532
1.047198	0.992645	-1.723759	45	9	27	209.501
-2.617994	1.998705	2.370472	35	25	17	209.437
0.785398	1.699788	2.452890	49	13	123	209.422
1.832596	2.724429	-0.348782	43	16	112	209.271
0.785398	0.700570	1.559208	44	129	22	209.256
2.617994	1.050534	3.042579	33	48	7	209.177
-2.617994	2.299159	2.264663	34	27	20	208.994
-1.570796	1.413347	-1.339188	124	143	113	208.965
0.261799	2.579248	-2.364801	111	128	125	208.881
-0.261799	1.113094	-0.272241	136	115	112	208.872
-2.094395	1.417623	-0.202254	123	131	109	208.847
-2.356194	1.504028	0.636812	116	125	119	208.816
0.785398	0.914445	2.687814	142	124	114	208.706
1.047198	1.982574	-1.115518	131	124	107	208.674
2.617994	1.555207	1.708892	39	47	138	208.475
2.094395	1.766067	2.153843	46	38	131	208.461
-2.879793	0.370812	-2.547742	42	5	122	208.381
2.879793	2.104282	-0.813972	52	29	9	208.305
0.523599	0.831641	0.616218	117	108	121	208.285
-1.570796	1.606104	-0.451151	127	128	107	208.224
2.617994	1.391910	3.030322	28	49	11	208.201
-0.785398	1.135834	-1.431087	117	131	118	208.186
-0.785398	1.184361	0.625864	142	112	120	208.138
-1.308997	1.504028	0.636812	131	111	118	208.089
1.832596	2.073035	2.027405	46	32	116	208.041
-2.356194	1.050534	3.042579	12	38	20	208.038
-2.356194	0.850607	-1.335383	42	4	13	208.011
-2.617994	1.242974	-2.977882	16	41	15	207.998
-2.617994	2.247462	0.191623	123	123	110	207.989
1.832596	2.396274	-1.959260	1	113	117	207.964
-2.879793	1.545873	-1.877082	131	5	115	207.888
2.879793	2.592629	0.909713	42	18	111	207.884
2.617994	0.297065	2.160177	30	36	29	207.853
-1.308997	0.961715	0.014085	122	117	117	207.818
2.094395	2.247462	0.191623	48	16	135	207.799
-1.570796	2.343981	-1.040456	0	137	108	207.766
-1.570796	2.455966	-0.641220	1	131	106	207.741
-1.570796	1.113094	-0.272241	119	125	113	207.713
0.785398	0.418037	1.360082	48	135	7	207.656
-1.832596	1.045978	0.343692	118	120	119	207.584
2.094395	2.588535	-2.976617	36	40	112	207.575
-1.832596	1.433411	-1.035986	126	141	110	207.559
-1.832596	1.256302	0.062705	119	122	115	207.510
1.308997	2.719179	-1.780644	46	21	114	207.376
0.523599	1.135834	-1.431087	132	113	118	207.254
-2.879793	1.214854	-1.966664	13	46	15	207.221
-2.356194	2.724429	-0.348782	124	128	107	207.166
2.356194	1.242974	-2.977882	37	45	9	207.011
-0.785398	1.510910	-0.740472	126	126	108	206.970
2.094395	1.555207	1.708892	51	38	131	206.969
2.356194	2.404280	-0.174044	53	10	137	206.965
-0.261799	1.168678	2.108595	40	134	136	206.905
2.356194	2.379497	0.561089	44	24	114	206.887
-2.879793	0.640596	-2.797608	22	35	25	206.877
-3.141593	2.592629	0.909713	42	23	111	206.771
-1.308997	1.113094	-0.272241	122	120	113	206.735
0.785398	0.866955	-0.931351	0	114	117	206.684
-1.570796	1.413430	2.550734	45	31	18	206.635
2.356194	2.760637	2.781135	23	39	107	206.580
0.523599	0.700570	1.559208	38	123	24	206.522
2.094395	0.615174	-0.666022	38	14	34	206.492
0.000000	2.299159	2.264663	39	14	9	206.477
-2.094395	1.367556	0.358405	118	123	116	206.444
-1.832596	1.721184	-0.153948	127	124	107	206.440
-1.832596	2.455966	-0.641220	0	129	107	206.380
-1.570796	1.256302	0.062705	122	119	114	206.363
-1.047198	0.591903	2.010408	115	113	113	206.297
-1.308997	1.721184	-0.153948	131	120	109	206.257
-0.785398	0.866955	-0.931351	119	121	118	206.254
-1.570796	1.721184	-0.153948	129	122	107	206.246
-1.308997	1.256302	0.062705	126	115	114	206.235
-1.832596	2.180315	-1.357379	139	142	108	206.103
-2.356194	1.488617	1.159546	11	108	115	206.077
2.879793	0.615174	-0.666022	34	26	35	206.048
-3.141593	1.247695	1.809890	24	51	3	206.011
1.047198	2.104282	-0.813972	47	1	134	206.009
2.879793	2.108018	1.311430	35	35	108	205.898
-0.523599	0.899350	-2.069907	135	125	106	205.888
0.523599	1.732874	-0.951685	134	122	107	205.884
2.617994	1.824694	1.850876	33	37	108	205.845
2.617994	2.724429	-0.348782	47	30	116	205.842
0.785398	0.591903	2.010408	46	133	28	205.818
0.523599	0.992645	-1.723759	126	112	122	205.798
1.308997	2.592629	0.909713	38	17	111	205.789
0.261799	1.135834	-1.431087	126	114	117	205.710
-1.832596	2.247462	0.191623	134	117	109	205.657
0.785398	1.050534	3.042579	51	140	25	205.656
-2.617994	1.875281	0.107086	125	125	109	205.632
-0.785398	0.762244	-0.273349	129	113	118	205.616
1.570796	0.297065	2.160177	44	10	36	205.601
2.879793	0.571433	-1.188419	138	110	102	205.597
-1.570796	1.836682	-0.676006	119	122	116	205.582
-2.617994	1.696674	-1.253233	30	36	23	205.574
0.261799	1.617114	-1.572037	124	118	115	205.571
0.785398	1.413347	-1.339188	136	114	114	205.498
-1.570796	1.367556	0.358405	125	114	117	205.455
2.356194	1.555207	1.708892	45	43	135	205.427
-3.141593	1.488617	1.159546	33	50	126	205.363
-2.617994	0.866395	-2.492918	15	40	21	205.329
2.094395	1.977582	0.969896	50	18	136	205.280
-2.356194	1.982574	-1.115518	142	139	107	205.276
-1.047198	1.982574	-1.115518	129	138	106	205.268
1.047198	1.696674	-1.253233	48	0	22	205.186
0.785398	2.174483	2.653697	45	14	112	205.174
-1.570796	1.301460	-0.509251	122	129	110	205.091
-3.141593	1.824694	1.850876	24	40	108	205.070
-1.570796	0.960688	-0.577532	118	131	116	205.062
-2.879793	1.732874	-0.951685	20	54	143	205.008
1.832596	0.992645	-1.723759	45	23	24	204.986
-1.832596	1.367556	0.358405	121	119	116	204.932
0.785398	2.719179	-1.780644	48	15	122	204.903
-1.832596	1.301460	-0.509251	121	132	110	204.887
2.356194	2.456751	-1.503343	142	117	112	204.854
-2.879793	1.045978	0.343692	24	51	10	204.836
-0.523599	1.617114	-1.572037	119	131	115	204.829
0.523599	1.413430	2.550734	55	13	142	204.826
1.047198	0.850607	-1.335383	142	113	118	204.789
-1.308997	1.982574	-1.115518	132	137	107	204.732
-2.356194	1.662363	0.915448	34	126	33	204.726
0.261799	1.247695	1.809890	43	142	129	204.710
-0.785398	0.591903	2.010408	119	109	113	204.615
0.000000	0.733948	3.021411	31	24	24	204.582
0.523599	1.128190	-2.288622	43	134	32	204.580
2.879793	1.310100	1.488307	111	131	127	204.513
0.523599	0.419640	2.974122	41	139	37	204.490
-1.832596	2.724429	-0.348782	12	36	107	204.405
-1.308997	1.836682	-0.676006	119	120	115	204.382
1.570796	2.356369	3.005869	36	44	115	204.373
0.261799	1.696674	-1.253233	127	121	110	204.336
0.523599	2.356369	3.005869	55	15	139	204.321
-0.785398	1.617114	-1.572037	119	136	115	204.312
-0.261799	1.696674	-1.253233	123	127	110	204.310
0.000000	1.325504	-1.671296	119	121	117	204.239
-1.047198	2.379497	0.561089	40	34	27	204.210
-1.047198	1.134497	-1.109631	119	131	115	204.205
2.356194	2.719179	-1.780644	37	39	110	204.176
-2.879793	0.960688	-0.577532	28	46	14	204.167
-2.879793	0.615174	-0.666022	27	41	20	204.164
-1.832596	1.417623	-0.202254	122	126	110	204.161
-3.141593	0.866955	-0.931351	27	40	25	204.156
-2.094395	1.809167	1.213774	38	135	37	204.146
0.000000	1.870545	-2.976234	120	130	119	204.101
2.617994	2.979456	-1.009304	52	22	136	203.954
0.523599	1.135813	-2.658866	46	131	26	203.949
1.570796	2.164094	-2.991358	49	19	138	203.937
-2.617994	2.180315	-1.357379	4	136	109	203.900
2.879793	1.909857	-0.381669	34	45	9	203.781
-1.570796	0.866955	-0.931351	117	136	118	203.727
-0.261799	1.045978	0.343692	36	16	24	203.702
-2.879793	2.247462	0.191623	124	123	111	203.682
-0.785398	1.374601	-2.456031	41	36	19	203.663
-0.523599	1.134497	-1.109631	121	123	115	203.662
1.832596	2.579248	-2.364801	44	37	116	203.598
-2.879793	0.418037	1.360082	27	52	4	203.593
0.000000	1.948085	-2.363031	126	133	114	203.577
1.832596	2.719179	-1.780644	134	130	105	203.544
-1.308997	1.417623	-0.202254	127	119	110	203.543
-0.785398	1.658653	-2.409879	109	7	135	203.542
-0.523599	0.866955	-0.931351	122	119	117	203.484
-2.879793	2.001437	0.381215	26	51	125	203.426
-3.141593	2.187132	-0.479875	51	30	1	203.384
-2.617994	2.404280	-0.174044	133	119	108	203.376
-1.047198	1.218453	2.777284	23	7	34	203.352
-2.356194	2.115563	0.685730	120	120	115	203.328
-2.356194	2.247462	0.191623	128	120	109	203.328
-2.617994	1.982574	-1.115518	142	137	106	203.310
2.356194	1.977582	0.969896	44	20	110	203.309
-2.879793	1.247695	1.809890	16	51	4	203.299
-1.570796	1.872854	1.543456	16	125	113	203.270
-0.785398	1.982574	-1.115518	127	135	106	203.246
0.523599	0.080730	-2.622036	27	24	44	203.222
0.261799	1.433411	-1.035986	132	118	110	203.216
0.000000	2.863997	0.549740	19	20	104	203.110
0.785398	2.164094	-2.991358	56	17	4	203.105
0.785398	1.195355	1.200319	45	124	11	203.079
1.047198	0.866955	-0.931351	3	117	116	203.069
-0.261799	0.419640	2.974122	29	142	40	203.046
-1.308997	0.418037	1.360082	142	127	96	203.031
-3.141593	1.025536	1.576859	26	53	140	202.990
-2.879793	2.863997	0.549740	41	27	109	202.937
0.523599	0.618092	2.539118	45	133	30	202.918
-0.261799	0.615174	-0.666022	128	111	121	202.850
-2.617994	2.174483	2.653697	38	24	15	202.836
1.047198	1.433411	-1.035986	140	120	109	202.831
-1.832596	1.606104	-0.451151	126	130	106	202.809
1.308997	2.579248	-2.364801	53	23	140	202.808
0.523599	1.413347	-1.339188	130	116	112	202.801
1.308997	0.762244	-0.273349	42	6	25	202.780
-2.879793	1.662363	0.915448	33	50	119	202.732
1.308997	2.295480	1.008277	44	5	129	202.698
0.000000	0.899350	-2.069907	27	41	20	202.665
-0.261799	0.297065	2.160177	29	32	23	202.640
-2.617994	2.295480	1.008277	22	43	113	202.634
-1.047198	1.194549	-0.801900	121	126	111	202.625
-3.141593	2.587733	0.232235	43	33	113	202.404
-1.832596	2.089241	-0.114193	135	122	106	202.398
0.785398	1.301460	-0.509251	32	28	7	202.369
-3.141593	1.809167	1.213774	32	46	115	202.345
-1.570796	1.134497	-1.109631	120	140	114	202.299
-2.094395	2.180315	-1.357379	140	141	108	202.295
2.356194	2.724429	-0.348782	48	24	116	202.248
2.094395	1.872854	1.543456	101	139	136	202.132
-2.356194	0.297065	2.160177	38	22	10	202.122
-0.261799	1.756530	-2.105156	116	126	121	202.121
-1.832596	2.404280	-0.174044	139	121	108	202.094
-0.261799	0.640596	-2.797608	25	28	26	202.078
-0.785398	1.545873	-1.877082	116	135	119	202.071
2.356194	1.824694	1.850876	43	41	127	202.070
-2.094395	1.606104	-0.451151	126	132	106	202.048
2.094395	1.824694	1.850876	33	37	108	202.000
-1.308997	1.194549	-0.801900	120	131	111	201.985
-3.141593	0.864993	2.278281	23	49	10	201.892
-1.047198	0.992645	-1.723759	137	122	108	201.888
-1.308997	1.413347	-1.339188	44	36	10	201.882
-3.141593	2.724429	-0.348782	131	116	111	201.839
1.308997	2.587733	0.232235	28	31	28	201.752
0.785398	0.379747	-1.713059	30	30	28	201.749
0.523599	2.379497	0.561089	32	21	31	201.597
-3.141593	1.310100	1.488307	27	53	132	201.460
2.879793	0.866955	-0.931351	34	38	18	201.448
2.879793	0.618092	2.539118	18	47	19	201.425
-2.094395	1.504028	0.636812	119	120	118	201.425
0.523599	1.506530	1.988858	48	8	128	201.354
0.785398	2.108018	1.311430	40	7	112	201.320
1.047198	1.721184	-0.153948	28	33	13	201.266
-2.356194	0.864993	2.278281	39	21	14	201.170
-0.523599	1.756530	-2.105156	108	2	130	201.164
-1.047198	2.349581	-2.702517	107	3	130	201.164
-2.879793	1.909857	-0.381669	46	36	3	201.091
-2.094395	1.256302	0.062705	118	127	114	201.061
-2.094395	0.961715	0.014085	115	129	118	201.023
-0.523599	1.433411	-1.035986	124	126	110	201.003
-2.356194	1.998705	2.370472	142	102	123	200.918
-3.141593	1.741644	-2.695914	123	133	117	200.860
-2.094395	1.909857	-0.381669	131	128	105	200.850
2.879793	2.404280	-0.174044	37	44	119	200.849
-1.832596	1.335669	0.897240	122	115	123	200.825
-0.261799	0.762244	-0.273349	136	111	119	200.747
-2.094395	1.113094	-0.272241	118	133	113	200.711
-1.308997	1.606104	-0.451151	128	126	106	200.710
-3.141593	2.153910	-1.714959	25	52	125	200.640
-2.356194	2.089241	-0.114193	131	124	106	200.615
-1.570796	2.187132	-0.479875	138	129	105	200.577
0.523599	2.299159	2.264663	45	22	126	200.544
0.523599	1.050534	3.042579	48	134	25	200.519
0.523599	1.696674	-1.253233	131	119	110	200.516
-2.617994	1.617114	-1.572037	126	2	115	200.505
0.785398	1.335669	0.897240	43	122	8	200.493
-1.047198	1.732874	-0.951685	129	132	107	200.462
-1.308997	2.760637	2.781135	108	3	131	200.450
-2.617994	1.135834	-1.431087	33	24	32	200.408
-2.617994	0.992645	-1.723759	33	140	18	200.380
2.617994	1.736875	3.023612	35	49	131	200.353
-2.879793	1.599406	1.426070	21	50	124	200.353
0.261799	1.413347	-1.339188	127	118	113	200.341
-1.308997	2.104282	-0.813972	135	133	107	200.293
-1.047198	0.960688	-0.577532	121	121	116	200.268
2.094395	1.662363	0.915448	52	20	1	200.221
0.523599	2.881233	-2.582574	45	25	113	200.158
-2.617994	0.961715	0.014085	34	51	7	200.140
0.523599	1.134796	2.434290	55	10	1	200.120
0.000000	0.418037	1.360082	119	105	117	200.097
0.000000	1.134796	2.434290	36	31	140	200.096
1.047198	2.719179	-1.780644	49	16	118	200.084
-2.617994	2.863997	0.549740	38	32	109	200.061
0.785398	2.349581	-2.702517	54	15	141	200.026
1.047198	0.906588	1.252948	47	130	17	200.004
-0.261799	0.418037	1.360082	113	110	119	199.978
0.785398	1.875281	0.107086	32	28	17	199.960
-0.261799	1.545873	-1.877082	116	128	119	199.948
0.261799	1.998705	2.370472	49	10	127	199.924
1.047198	0.080730	-2.622036	23	27	44	199.905
0.785398	1.135834	-1.431087	132	113	117	199.887
2.617994	2.041297	-2.664597	111	131	126	199.870
-2.356194	0.619654	-2.216909	140	117	104	199.865
-1.047198	1.909857	-0.381669	139	125	106	199.857
-3.141593	1.662363	0.915448	31	53	129	199.769
-2.356194	2.456751	-1.503343	7	137	112	199.696
1.047198	2.164094	-2.991358	17	39	29	199.629
-0.785398	2.041297	-2.664597	111	12	138	199.532
1.047198	1.909857	-0.381669	45	127	10	199.499
-1.832596	1.909857	-0.381669	132	128	105	199.467
-2.094395	1.050534	3.042579	8	36	22	199.454
2.356194	1.998705	2.370472	41	41	121	199.443
0.261799	1.301460	-0.509251	141	118	109	199.409
-0.523599	1.045978	0.343692	142	112	118	199.386
-2.094395	1.554776	0.100351	122	125	110	199.294
-2.879793	0.831641	0.616218	33	51	5	199.224
-2.094395	2.089241	-0.114193	135	122	108	199.194
-2.617994	2.108018	1.311430	18	45	115	199.170
0.261799	0.992645	-1.723759	122	113	123	199.143
0.000000	0.850607	-1.335383	123	115	120	199.048
-1.308997	0.080730	-2.622036	45	6	16	199.035
-2.356194	1.875281	0.107086	125	125	108	199.032
-0.785398	1.367556	0.358405	141	113	115	198.984
-1.832596	2.033014	2.977192	110	128	109	198.960
-2.356194	2.343981	-1.040456	0	132	108	198.888
-0.261799	0.203748	0.590255	35	9	18	198.801
1.047198	1.135834	-1.431087	139	112	116	198.778
0.785398	1.433411	-1.035986	139	117	110	198.717
-0.785398	1.113094	-0.272241	132	116	113	198.705
-3.141593	0.619654	-2.216909	22	38	25	198.678
0.261799	1.846342	-1.796954	120	122	116	198.678
-2.356194	0.571433	-1.188419	23	38	25	198.659
1.047198	0.700570	1.559208	49	134	25	198.642
1.570796	2.588535	-2.976617	36	45	116	198.597
-3.141593	0.591903	2.010408	24	45	17	198.590
-0.261799	1.214854	-1.966664	140	131	108	198.587
-2.356194	2.664082	-1.071402	14	41	110	198.553
0.523599	1.869911	2.701025	54	16	137	198.524
2.617994	2.343981	-1.040456	139	121	108	198.509
0.785398	0.906588	1.252948	44	139	135	198.509
-1.047198	1.391910	3.030322	19	140	33	198.484
1.308997	0.992645	-1.723759	141	111	121	198.483
-2.356194	1.417623	-0.202254	123	134	109	198.469
1.047198	1.732874	-0.951685	136	124	106	198.388
0.261799	0.080730	-2.622036	29	22	44	198.372
-0.261799	1.413347	-1.339188	121	124	112	198.338
-2.879793	0.203748	0.590255	26	29	43	198.174
1.047198	2.174483	2.653697	48	21	116	198.153
2.617994	1.741644	-2.695914	30	52	142	197.996
-1.047198	1.113094	-0.272241	125	118	113	197.986
0.523599	1.194549	-0.801900	140	115	111	197.942
2.094395	2.719179	-1.780644	135	130	104	197.920
0.523599	1.904882	-1.478089	124	122	111	197.900
-0.523599	0.850607	-1.335383	115	125	119	197.825
-0.785398	0.615174	-0.666022	119	117	121	197.798
-3.141593	1.977582	0.969896	31	49	120	197.796
2.094395	2.760637	2.781135	30	34	107	197.745
1.047198	0.615174	-0.666022	22	39	6	197.742
-1.308997	2.404280	-0.174044	126	118	111	197.679
0.000000	1.014500	0.906702	111	118	115	197.625
-0.523599	0.591903	2.010408	127	106	111	197.617
0.785398	0.992645	-1.723759	132	112	121	197.617
-1.308997	0.762244	-0.273349	118	120	118	197.574
-2.356194	1.683268	0.374177	119	125	113	197.464
0.523599	2.063651	-2.044600	45	0	127	197.453
1.832596	2.349581	-2.702517	41	43	123	197.429
2.879793	1.413430	2.550734	28	50	143	197.370
1.570796	0.571433	-1.188419	116	122	102	197.334
-1.308997	2.247462	0.191623	141	117	109	197.328
-2.094395	1.168678	2.108595	46	16	13	197.299
-2.094395	1.875281	0.107086	127	122	108	197.267
-0.523599	1.194549	-0.801900	127	119	112	197.239
-0.523599	1.696674	-1.253233	125	130	110	197.224
-1.832596	0.080730	-2.622036	30	34	19	197.188
2.094395	2.073035	2.027405	25	37	106	197.147
-0.261799	1.617114	-1.572037	120	127	114	197.113
0.523599	1.440580	2.260026	52	11	135	197.060
-0.785398	0.914445	2.687814	27	10	33	196.999
-2.617994	2.343981	-1.040456	0	130	108	196.986
2.094395	2.579248	-2.364801	4	120	118	196.957
1.047198	2.664082	-1.071402	47	140	137	196.945
-1.047198	0.899350	-2.069907	132	125	107	196.935
-2.094395	1.836682	-0.676006	133	134	104	196.930
-1.308997	1.554776	0.100351	130	115	112	196.911
0.785398	1.599406	1.426070	38	135	22	196.906
-2.094395	1.510910	-0.740472	127	137	108	196.874
2.617994	1.506530	1.988858	34	44	115	196.853
-3.141593	1.766067	2.153843	18	42	110	196.837
-3.141593	0.866395	-2.492918	26	39	21	196.834
1.832596	2.979456	-1.009304	45	22	113	196.776
-2.094395	1.904882	-1.478089	14	36	23	196.750
-1.047198	2.104282	-0.813972	138	133	107	196.734
-1.832596	1.510910	-0.740472	126	135	108	196.703
-1.047198	1.256302	0.062705	129	115	113	196.702
0.523599	2.396274	-1.959260	129	138	112	196.690
-0.523599	1.545873	-1.877082	116	133	119	196.602
-2.094395	2.164094	-2.991358	110	134	108	196.595
2.879793	0.619654	-2.216909	128	107	107	196.571
2.879793	1.872854	1.543456	35	37	111	196.518
0.000000	0.080730	-2.622036	126	118	102	196.482
-1.832596	0.762244	-0.273349	114	130	119	196.463
-1.308997	1.134497	-1.109631	118	135	114	196.459
-1.570796	2.001437	0.381215	134	114	112	196.452
-2.879793	1.741644	-2.695914	30	34	20	196.404
-2.879793	2.180315	-1.357379	20	52	123	196.401
1.570796	0.418037	1.360082	48	1	31	196.387
1.570796	2.349581	-2.702517	44	44	124	196.379
0.523599	1.450119	-2.739050	125	120	118	196.366
-1.832596	1.554776	0.100351	123	120	112	196.339
0.785398	1.310100	1.488307	45	2	128	196.322
0.523599	0.960688	-0.577532	1	116	114	196.294
-1.832596	1.504028	0.636812	122	115	119	196.290
-2.356194	1.909857	-0.381669	131	130	106	196.195
0.000000	1.982574	-1.115518	127	129	107	196.159
-2.617994	1.504028	0.636812	16	54	136	196.122
2.617994	2.379497	0.561089	41	36	114	196.055
-1.047198	1.417623	-0.202254	129	119	109	196.041
-2.879793	2.153910	-1.714959	16	54	127	195.937
1.570796	2.881233	-2.582574	25	6	44	195.936
-2.879793	1.756530	-2.105156	23	12	30	195.926
1.308997	0.866955	-0.931351	7	120	115	195.900
-1.570796	0.619654	-2.216909	43	9	7	195.884
1.832596	1.977582	0.969896	50	26	124	195.853
-1.832596	2.001437	0.381215	130	115	112	195.777
0.261799	1.214854	-1.966664	121	115	124	195.664
2.879793	1.824694	1.850876	28	39	108	195.638
-0.261799	0.674054	1.013609	110	118	117	195.637
1.047198	2.455966	-0.641220	131	118	108	195.607
-0.785398	1.606104	-0.451151	131	124	106	195.602
-2.617994	2.001437	0.381215	121	125	111	195.585
-2.617994	2.664082	-1.071402	18	44	110	195.559
1.570796	1.977582	0.969896	50	9	133	195.556
-1.570796	1.504028	0.636812	126	113	118	195.450
0.523599	1.756530	-2.105156	122	115	121	195.448
-3.141593	2.108018	1.311430	30	39	109	195.322
1.047198	2.295480	1.008277	38	10	8	195.300
0.000000	0.419640	2.974122	52	6	19	195.280
-2.879793	1.128190	-2.288622	13	48	11	195.242
-1.832596	0.685216	-1.712745	44	11	10	195.235
-2.617994	1.014500	0.906702	26	54	139	195.200
-1.047198	2.187132	-0.479875	140	129	105	195.181
-1.832596	1.875281	0.107086	128	120	109	195.124
-0.261799	1.606104	-0.451151	136	122	106	195.106
-1.047198	1.301460	-0.509251	124	123	110	195.104
-2.617994	2.089241	-0.114193	130	124	108	195.079
-2.356194	2.180315	-1.357379	143	139	108	195.016
0.261799	0.615174	-0.666022	139	111	120	194.986
-1.047198	1.135834	-1.431087	120	132	118	194.965
0.523599	1.948085	-2.363031	52	11	133	194.945
-1.047198	1.606104	-0.451151	131	123	107	194.935
0.785398	1.417623	-0.202254	31	28	12	194.879
2.356194	0.496451	0.593859	43	27	29	194.839
-1.308997	1.325504	-1.671296	143	121	111	194.837
0.261799	1.574060	2.783565	55	4	0	194.828
-2.617994	1.335669	0.897240	17	54	136	194.789
2.617994	0.929350	-2.910676	31	47	11	194.786
-2.879793	2.979456	-1.009304	25	37	105	194.661
-1.570796	2.587733	0.232235	39	26	32	194.561
0.261799	2.251330	-2.330739	127	135	113	194.555
-2.879793	2.404280	-0.174044	132	121	107	194.384
1.832596	2.407836	1.410646	38	24	6	194.341
1.570796	2.979456	-1.009304	39	20	109	194.263
2.617994	2.295480	1.008277	40	27	109	194.255
0.785398	0.458961	-0.107937	117	120	107	194.233
-1.570796	1.809167	1.213774	15	132	112	194.208
-2.879793	1.506530	1.988858	26	20	27	194.201
1.308997	0.831641	0.616218	46	3	22	194.198
0.785398	1.025536	1.576859	47	126	15	194.176
-2.356194	0.591903	2.010408	40	18	14	194.146
-1.047198	2.863997	0.549740	31	31	37	194.131
-2.094395	1.998705	2.370472	3	104	123	194.092
-0.261799	1.433411	-1.035986	125	123	109	194.091
1.047198	1.977582	0.969896	44	7	115	194.087
0.785398	1.554776	0.100351	30	28	16	193.852
0.785398	2.393226	1.857173	37	17	106	193.831
0.785398	1.113094	-0.272241	31	27	11	193.824
-1.047198	2.033014	2.977192	30	47	17	193.798
1.047198	2.393226	1.857173	40	18	109	193.758
-2.617994	1.662363	0.915448	27	121	33	193.754
-0.523599	1.982574	-1.115518	127	133	106	193.750
2.356194	0.899350	-2.069907	38	31	21	193.735
-1.308997	1.683268	0.374177	131	114	113	193.696
1.570796	2.393226	1.857173	21	28	103	193.664
2.879793	1.450119	-2.739050	24	51	5	193.648
-1.570796	1.977582	0.969896	39	1	40	193.637
0.785398	0.850607	-1.335383	137	111	119	193.568
-1.570796	2.456751	-1.503343	7	118	123	193.563
-2.094395	2.637879	2.121598	29	15	105	193.551
0.000000	1.617114	-1.572037	121	122	115	193.474
-3.141593	1.872854	1.543456	31	40	111	193.468
1.570796	2.984978	1.954446	19	31	104	193.462
-2.617994	2.587733	0.232235	125	118	111	193.459
-1.308997	2.187132	-0.479875	142	128	106	193.398
-0.261799	1.574060	2.783565	42	30	9	193.359
0.523599	1.025536	1.576859	45	139	136	193.355
-1.308997	1.367556	0.358405	135	113	116	193.290
-0.261799	1.050534	3.042579	139	122	115	193.224
0.000000	1.696674	-1.253233	125	124	110	193.181
-0.261799	1.134497	-1.109631	124	118	115	193.166
1.832596	2.108018	1.311430	48	13	131	193.163
-2.879793	1.325504	-1.671296	15	49	12	193.157
-2.617994	1.824694	1.850876	14	41	109	193.150
-0.523599	1.256302	0.062705	138	114	113	193.139
-1.308997	1.909857	-0.381669	134	125	106	193.085
-1.308997	0.960688	-0.577532	117	125	115	193.030
-0.785398	2.455966	-0.641220	41	37	27	193.010
2.356194	2.115563	0.685730	47	22	134	193.001
-3.141593	1.374601	-2.456031	20	46	16	192.998
-1.832596	1.184361	0.625864	121	117	120	192.965
1.570796	1.134497	-1.109631	5	120	113	192.952
-2.356194	1.413430	2.550734	135	104	115	192.815
-0.785398	1.836682	-0.676006	135	129	105	192.713
-1.832596	1.977582	0.969896	37	139	40	192.700
-1.047198	1.413347	-1.339188	120	136	113	192.682
2.617994	2.299159	2.264663	33	35	3	192.657
2.879793	2.251330	-2.330739	27	51	121	192.619
-0.785398	0.700570	1.559208	48	21	2	192.565
2.617994	2.478122	2.609777	29	36	16	192.554
0.523599	1.367556	0.358405	31	26	20	192.544
0.261799	0.914445	2.687814	40	123	25	192.541
1.308997	2.393226	1.857173	39	23	106	192.495
-1.832596	0.910508	1.903534	47	21	9	192.477
-2.617994	0.960688	-0.577532	23	48	13	192.402
2.879793	2.407836	1.410646	31	27	104	192.388
-2.094395	0.733948	3.021411	11	34	26	192.382
0.523599	1.433411	-1.035986	136	117	110	192.351
1.308997	2.984978	1.954446	25	28	105	192.346
-0.523599	2.637879	2.121598	47	11	126	192.334
0.785398	2.984978	1.954446	26	29	104	192.326
-2.879793	1.569311	-3.003978	27	31	26	192.323
-1.570796	1.683268	0.374177	128	114	113	192.286
2.094395	1.809167	1.213774	50	13	138	192.234
-1.308997	2.724429	-0.348782	36	32	29	192.216
2.879793	1.440580	2.260026	29	51	141	192.181
0.523599	1.014500	0.906702	36	119	18	192.135
1.308997	1.721184	-0.153948	51	3	143	192.112
1.047198	1.504028	0.636812	47	140	0	192.043
-2.617994	1.909857	-0.381669	131	130	104	192.036
-2.094395	1.696674	-1.253233	26	18	38	192.033
-1.047198	1.599406	1.426070	43	19	33	192.027
1.570796	1.194549	-0.801900	51	11	19	192.023
0.000000	1.134497	-1.109631	127	116	115	191.930
-2.879793	1.904882	-1.478089	3	139	110	191.894
-2.356194	1.025536	1.576859	2	110	106	191.830
1.308997	1.909857	-0.381669	52	3	142	191.823
-2.879793	0.961715	0.014085	40	47	7	191.781
-0.261799	1.732874	-0.951685	128	127	106	191.723
2.617994	1.599406	1.426070	43	47	129	191.644
-1.570796	0.290380	-0.796960	134	114	102	191.624
-2.617994	0.831641	0.616218	26	55	3	191.589
-1.570796	1.875281	0.107086	131	118	108	191.473
0.000000	0.203748	0.590255	124	119	104	191.467
-2.356194	0.866395	-2.492918	143	115	106	191.458
-2.617994	0.496451	0.593859	18	36	40	191.424
0.523599	2.760637	2.781135	48	26	130	191.412
2.879793	1.599406	1.426070	38	41	114	191.358
-1.308997	2.089241	-0.114193	141	121	107	191.330
-2.356194	1.247695	1.809890	45	127	17	191.325
-2.617994	0.458961	-0.107937	113	15	133	191.298
-2.617994	2.704512	1.488683	35	20	106	191.280
-0.785398	1.301460	-0.509251	130	120	110	191.233
1.047198	2.704512	1.488683	32	19	105	191.198
-0.523599	1.606104	-0.451151	136	123	106	191.171
-2.094395	1.301460	-0.509251	122	136	109	191.151
-1.308997	1.135834	-1.431087	119	140	117	191.140
-0.785398	1.413430	2.550734	22	1	34	191.094
2.879793	1.135813	-2.658866	26	50	8	191.026
1.308997	1.135834	-1.431087	143	114	116	191.016
0.261799	1.134497	-1.109631	131	115	113	190.995
0.523599	0.640596	-2.797608	41	143	38	190.993
1.308997	1.194549	-0.801900	7	123	111	190.910
-2.617994	2.979456	-1.009304	25	33	106	190.871
-0.785398	1.214854	-1.966664	141	128	107	190.856
-2.879793	1.168678	2.108595	29	18	26	190.849
-2.094395	2.033014	2.977192	110	135	108	190.822
-2.094395	2.724429	-0.348782	125	125	107	190.775
0.523599	2.719179	-1.780644	45	9	122	190.774
0.261799	1.440580	2.260026	50	1	132	190.728
-1.047198	2.637879	2.121598	46	138	0	190.711
-0.523599	0.831641	0.616218	130	109	124	190.709
0.785398	1.982574	-1.115518	128	125	107	190.705
0.523599	1.256302	0.062705	32	25	16	190.527
1.047198	0.290380	-0.796960	27	36	4	190.486
0.523599	1.510910	-0.740472	139	121	108	190.471
-1.308997	0.618092	2.539118	119	107	114	190.470
0.000000	1.433411	-1.035986	128	120	110	190.440
-0.261799	2.349581	-2.702517	121	141	116	190.429
-0.523599	2.104282	-0.813972	132	133	104	190.419
-2.356194	1.872854	1.543456	16	41	109	190.354
1.570796	2.295480	1.008277	45	5	127	190.286
-3.141593	2.863997	0.549740	42	23	109	190.279
0.261799	1.741644	-2.695914	50	5	132	190.258
-3.141593	0.080730	-2.622036	40	4	121	190.238
-2.094395	0.914445	2.687814	9	35	26	190.236
2.617994	0.571433	-1.188419	132	110	103	190.195
0.261799	0.762244	-0.273349	3	114	118	190.150
1.047198	0.709924	0.218797	15	40	9	190.113
-1.832596	2.637879	2.121598	28	19	104	190.075
-2.094395	1.721184	-0.153948	126	127	107	190.070
-1.308997	1.413430	2.550734	41	38	17	190.045
-1.832596	0.992645	-1.723759	122	132	113	190.040
0.523599	1.391910	3.030322	55	14	12	190.011
2.617994	0.685216	-1.712745	28	16	44	189.954
-1.832596	0.618092	2.539118	11	30	30	189.899
2.879793	2.295480	1.008277	42	26	111	189.893
-1.832596	1.194549	-0.801900	121	138	111	189.886
2.617994	0.496451	0.593859	40	32	29	189.758
-2.094395	1.045978	0.343692	116	124	119	189.749
2.094395	2.724429	-0.348782	48	19	116	189.727
-2.617994	0.203748	0.590255	23	30	43	189.719
-2.356194	1.335669	0.897240	141	133	111	189.627
-1.047198	1.683268	0.374177	136	114	112	189.612
-2.879793	1.721184	-0.153948	26	54	135	189.606
-0.523599	1.732874	-0.951685	129	129	106	189.604
0.000000	2.251330	-2.330739	125	136	113	189.600
-1.047198	2.984978	1.954446	36	34	110	189.489
-1.832596	0.906588	1.252948	0	114	108	189.467
0.785398	2.592629	0.909713	134	119	99	189.465
1.570796	2.115563	0.685730	49	5	133	189.433
-1.832596	0.960688	-0.577532	118	134	116	189.374
-1.832596	0.866395	-2.492918	25	8	35	189.362
-1.570796	1.135834	-1.431087	120	143	118	189.346
0.261799	1.699788	2.452890	52	7	137	189.297
0.785398	1.184361	0.625864	42	122	15	189.264
-2.356194	2.637879	2.121598	26	15	104	189.248
-2.356194	1.194549	-0.801900	126	143	112	189.238
-0.785398	1.325504	-1.671296	121	134	117	189.204
1.047198	2.299159	2.264663	39	25	9	189.172
1.308997	2.588535	-2.976617	41	42	117	189.162
-3.141593	1.050534	3.042579	31	135	24	189.150
-1.832596	1.440580	2.260026	3	110	112	189.118
0.000000	1.846342	-1.796954	120	124	116	189.115
-2.094395	2.863997	0.549740	35	39	110	189.058
1.047198	2.979456	-1.009304	111	141	120	189.045
0.261799	1.194549	-0.801900	136	115	111	189.008
-2.356194	2.979456	-1.009304	22	33	106	189.001
-1.832596	0.290380	-0.796960	132	115	101	188.979
-2.617994	2.592629	0.909713	39	30	107	188.972
2.879793	2.724429	-0.348782	127	118	111	188.893
0.261799	2.180315	-1.357379	26	24	33	188.860
1.308997	2.379497	0.561089	26	24	32	188.825
-2.617994	0.618092	2.539118	137	110	103	188.807
0.523599	0.619654	-2.216909	40	0	35	188.616
0.261799	1.168678	2.108595	49	143	137	188.599
0.523599	1.699788	2.452890	52	13	133	188.570
-3.141593	2.041297	-2.664597	2	13	33	188.535
-0.261799	2.456751	-1.503343	29	24	38	188.510
2.879793	2.979456	-1.009304	136	114	113	188.504
0.000000	2.881233	-2.582574	109	130	124	188.439
-2.094395	0.850607	-1.335383	44	12	13	188.382
-2.617994	1.756530	-2.105156	20	7	35	188.319
-2.356194	1.606104	-0.451151	128	135	106	188.299
1.308997	2.349581	-2.702517	17	35	35	188.299
-2.094395	1.662363	0.915448	38	131	33	188.288
2.356194	1.869911	2.701025	41	44	126	188.266
-1.047198	2.592629	0.909713	38	30	31	188.235
2.356194	1.809167	1.213774	48	19	138	188.226
0.785398	1.488617	1.159546	39	136	23	188.223
-2.617994	1.872854	1.543456	20	43	109	188.220
0.000000	1.510910	-0.740472	134	121	107	188.204
-2.094395	1.214854	-1.966664	21	17	34	188.147
-1.832596	0.640596	-2.797608	27	2	35	188.130
0.000000	2.164094	-2.991358	120	132	119	188.111
-2.879793	2.041297	-2.664597	30	36	16	188.078
-1.832596	1.135834	-1.431087	125	127	114	188.064
2.356194	2.478122	2.609777	33	33	16	188.040
1.308997	0.850607	-1.335383	3	114	118	188.037
-3.141593	1.870545	-2.976234	30	32	23	188.026
-1.047198	1.836682	-0.676006	131	131	105	187.995
0.523599	0.591903	2.010408	42	128	28	187.983
1.047198	2.247462	0.191623	25	33	27	187.975
0.261799	0.571433	-1.188419	129	111	122	187.961
0.000000	1.168678	2.108595	44	139	136	187.901
2.617994	0.419640	2.974122	109	6	119	187.854
0.261799	0.419640	2.974122	50	27	11	187.726
0.261799	0.496451	0.593859	29	33	13	187.721
-2.094395	2.664082	-1.071402	5	131	110	187.693
0.000000	2.396274	-1.959260	111	1	125	187.679
-2.879793	1.374601	-2.456031	8	48	12	187.609
-1.832596	1.128190	-2.288622	21	13	34	187.592
0.785398	0.080730	-2.622036	25	27	44	187.557
1.570796	2.579248	-2.364801	45	30	112	187.505
-2.617994	2.478122	2.609777	36	27	17	187.503
-1.570796	0.685216	-1.712745	16	35	28	187.500
0.000000	1.555207	1.708892	37	142	123	187.488
2.094395	2.138223	1.678323	45	33	118	187.479
0.000000	1.194549	-0.801900	132	116	111	187.469
-1.832596	1.247695	1.809890	46	20	18	187.468
-3.141593	1.448123	-2.163292	18	50	10	187.428
0.261799	2.979456	-1.009304	115	8	119	187.406
0.000000	1.904882	-1.478089	122	126	111	187.353
-0.523599	1.417623	-0.202254	135	117	109	187.192
-1.570796	2.153910	-1.714959	45	11	35	187.147
1.047198	1.256302	0.062705	26	32	15	187.141
0.000000	2.393226	1.857173	125	127	102	187.133
-0.261799	1.510910	-0.740472	131	122	107	187.111
0.785398	2.033014	2.977192	50	13	122	187.089
1.047198	2.637879	2.121598	35	25	105	187.066
2.879793	1.218453	2.777284	27	49	5	187.057
0.261799	0.700570	1.559208	132	106	109	186.994
-2.617994	1.658653	-2.409879	17	4	33	186.984
-1.832596	1.870545	-2.976234	107	129	114	186.948
-3.141593	1.545873	-1.877082	20	52	7	186.897
-0.785398	1.732874	-0.951685	129	130	107	186.881
1.047198	2.108018	1.311430	12	23	42	186.865
-1.047198	1.617114	-1.572037	123	139	114	186.860
2.617994	1.699788	2.452890	35	49	133	186.851
2.356194	0.379747	-1.713059	127	115	100	186.835
-0.785398	0.370812	-2.547742	28	28	25	186.818
-1.308997	1.875281	0.107086	135	117	109	186.755
0.785398	1.256302	0.062705	30	30	16	186.674
0.523599	2.153910	-1.714959	47	2	137	186.624
1.832596	0.203748	0.590255	49	8	11	186.596
0.523599	0.850607	-1.335383	133	111	119	186.583
1.308997	0.203748	0.590255	35	139	39	186.570
-2.356194	2.138223	1.678323	19	35	105	186.544
-0.261799	2.063651	-2.044600	117	129	117	186.496
0.261799	1.450119	-2.739050	123	123	118	186.464
-2.879793	0.297065	2.160177	38	12	11	186.453
-1.047198	2.588535	-2.976617	109	4	129	186.451
-1.047198	0.850607	-1.335383	35	34	23	186.415
-2.879793	1.135813	-2.658866	21	42	15	186.323
0.261799	1.014500	0.906702	115	113	114	186.318
0.523599	2.089241	-0.114193	110	136	129	186.290
0.523599	1.242974	-2.977882	47	128	23	186.283
0.000000	1.741644	-2.695914	124	129	119	186.252
-1.570796	1.909857	-0.381669	134	127	104	186.204
-1.832596	1.809167	1.213774	41	141	38	186.163
0.523599	1.982574	-1.115518	130	124	107	186.162
1.308997	2.138223	1.678323	46	4	129	186.120
-1.308997	2.115563	0.685730	46	28	19	185.956
-0.785398	2.089241	-0.114193	1	124	107	185.913
0.785398	1.510910	-0.740472	139	124	106	185.862
1.047198	0.762244	-0.273349	22	39	4	185.848
1.047198	2.187132	-0.479875	135	118	108	185.787
0.000000	0.910508	1.903534	40	135	138	185.736
1.832596	0.418037	1.360082	47	7	32	185.711
-1.047198	1.721184	-0.153948	133	121	107	185.701
-2.356194	0.419640	2.974122	19	32	31	185.662
-2.094395	2.979456	-1.009304	18	34	106	185.606
-0.785398	0.899350	-2.069907	133	125	106	185.552
-3.141593	0.290380	-0.796960	46	10	16	185.420
2.094395	0.899350	-2.069907	41	28	22	185.406
-2.617994	1.741644	-2.695914	143	46	143	185.391
2.617994	0.615174	-0.666022	35	24	35	185.369
0.523599	0.370812	-2.547742	30	18	44	185.349
2.879793	2.299159	2.264663	28	38	4	185.326
-1.570796	1.617114	-1.572037	127	3	114	185.325
-0.523599	0.618092	2.539118	31	14	31	185.314
2.879793	1.766067	2.153843	23	41	110	185.309
-2.879793	0.929350	-2.910676	21	41	21	185.264
-1.308997	1.574060	2.783565	39	39	19	185.257
1.047198	1.301460	-0.509251	29	30	8	185.238
-2.879793	2.587733	0.232235	37	44	116	185.132
2.879793	0.370812	-2.547742	38	14	13	185.106
-0.523599	1.510910	-0.740472	130	123	107	185.094
-2.356194	1.510910	-0.740472	37	18	33	185.069
1.047198	2.478122	2.609777	40	19	11	185.061
-0.261799	1.982574	-1.115518	136	116	111	185.040
-2.879793	1.391910	3.030322	24	27	30	185.010
-0.261799	1.194549	-0.801900	129	118	111	184.995
2.879793	1.242974	-2.977882	23	51	9	184.956
-2.617994	2.379497	0.561089	32	46	115	184.940
-2.356194	1.721184	-0.153948	125	129	107	184.855
0.000000	0.961715	0.014085	37	16	19	184.833
-2.879793	1.134796	2.434290	31	20	23	184.810
2.094395	0.080730	-2.622036	38	16	6	184.797
0.523599	1.301460	-0.509251	1	119	109	184.731
-3.141593	2.295480	1.008277	34	37	109	184.729
-1.308997	0.709924	0.218797	122	114	121	184.727
2.617994	2.704512	1.488683	26	33	15	184.702
0.261799	1.050534	3.042579	41	124	25	184.700
-0.523599	2.073035	2.027405	34	129	4	184.680
-0.785398	1.721184	-0.153948	136	122	106	184.668
-0.261799	2.164094	-2.991358	120	135	119	184.631
-0.785398	1.256302	0.062705	134	114	113	184.591
1.308997	0.899350	-2.069907	40	31	18	184.585
0.261799	0.618092	2.539118	54	1	11	184.559
-0.523599	0.615174	-0.666022	123	113	121	184.558
0.785398	2.180315	-1.357379	123	123	110	184.554
-1.308997	1.904882	-1.478089	127	0	110	184.518
2.879793	2.138223	1.678323	29	33	105	184.495
-1.570796	1.135813	-2.658866	20	6	35	184.446
0.523599	1.113094	-0.272241	5	120	112	184.442
0.785398	2.251330	-2.330739	52	20	127	184.424
0.000000	1.113094	-0.272241	140	116	112	184.325
-2.879793	2.138223	1.678323	21	39	108	184.267
1.047198	0.961715	0.014085	26	32	15	184.246
0.523599	1.247695	1.809890	44	123	9	184.182
1.047198	1.510910	-0.740472	141	124	106	184.138
-2.094395	0.866395	-2.492918	3	118	106	184.118
-2.879793	2.089241	-0.114193	32	54	130	184.065
2.617994	0.379747	-1.713059	25	7	44	184.002
-2.617994	1.545873	-1.877082	25	5	33	183.991
1.570796	2.724429	-0.348782	45	5	121	183.905
-2.879793	0.910508	1.903534	14	53	143	183.902
2.356194	2.984978	1.954446	33	19	38	183.880
-1.570796	2.108018	1.311430	35	5	44	183.733
-2.094395	0.418037	1.360082	126	134	102	183.710
-2.356194	1.256302	0.062705	117	131	114	183.680
-1.570796	0.961715	0.014085	118	119	117	183.605
0.785398	0.709924	0.218797	20	40	8	183.598
-1.047198	2.115563	0.685730	42	35	20	183.555
-2.094395	1.977582	0.969896	35	135	41	183.545
1.832596	2.295480	1.008277	46	9	129	183.481
-0.261799	0.899350	-2.069907	136	125	106	183.366
-0.523599	1.184361	0.625864	133	111	118	183.361
-0.785398	2.295480	1.008277	39	37	24	183.318
2.094395	2.637879	2.121598	36	137	14	183.273
0.523599	0.674054	1.013609	123	104	115	183.272
-0.523599	0.640596	-2.797608	26	26	26	183.271
1.047198	1.014500	0.906702	42	138	132	183.270
0.785398	0.762244	-0.273349	31	128	38	183.267
2.094395	0.379747	-1.713059	26	6	45	183.245
-2.617994	1.247695	1.809890	40	121	18	183.208
-2.094395	1.413430	2.550734	142	104	115	183.174
0.261799	2.379497	0.561089	129	112	104	183.131
-1.308997	2.379497	0.561089	42	28	26	183.068
1.047198	0.379747	-1.713059	26	33	29	182.994
-2.356194	1.413347	-1.339188	118	140	120	182.876
-0.785398	2.587733	0.232235	29	40	32	182.703
-1.308997	0.910508	1.903534	52	13	10	182.701
2.617994	2.393226	1.857173	34	36	108	182.662
-2.094395	1.448123	-2.163292	21	7	33	182.626
0.000000	2.407836	1.410646	121	125	102	182.609
0.261799	1.510910	-0.740472	135	121	106	182.590
-0.523599	0.685216	-1.712745	37	37	16	182.558
1.308997	0.615174	-0.666022	117	126	101	182.545
-0.785398	2.704512	1.488683	40	31	26	182.488
1.308997	0.571433	-1.188419	35	5	40	182.482
-2.879793	1.574060	2.783565	20	29	30	182.419
2.879793	2.033014	2.977192	31	28	26	182.407
2.617994	1.569311	-3.003978	28	50	9	182.397
-1.570796	1.335669	0.897240	126	111	124	182.396
0.000000	1.732874	-0.951685	130	125	106	182.337
2.879793	2.478122	2.609777	26	35	20	182.312
-1.570796	0.080730	-2.622036	30	140	41	182.297
0.785398	2.356369	3.005869	23	40	27	182.277
-0.261799	0.992645	-1.723759	28	41	24	182.271
0.523599	0.297065	2.160177	36	1	37	182.269
2.094395	2.407836	1.410646	36	30	5	182.207
0.785398	2.587733	0.232235	37	20	18	182.173
2.617994	0.458961	-0.107937	38	12	39	182.060
-2.094395	0.619654	-2.216909	141	120	104	182.038
1.047198	2.881233	-2.582574	54	18	136	182.028
-0.261799	1.184361	0.625864	33	17	28	182.012
-2.879793	2.174483	2.653697	39	19	13	182.005
2.879793	0.458961	-0.107937	34	29	35	181.991
0.261799	1.134796	2.434290	53	3	1	181.963
-0.523599	1.846342	-1.796954	118	133	116	181.951
-1.832596	2.979456	-1.009304	16	31	106	181.925
0.261799	1.413430	2.550734	54	5	142	181.904
-1.047198	2.455966	-0.641220	143	135	105	181.881
-1.047198	1.875281	0.107086	137	119	108	181.836
0.000000	2.719179	-1.780644	112	7	124	181.823
-3.141593	2.760637	2.781135	23	38	12	181.823
0.785398	0.960688	-0.577532	6	118	114	181.818
-0.261799	1.256302	0.062705	143	116	112	181.731
-2.617994	0.733948	3.021411	20	36	27	181.708
-0.785398	1.904882	-1.478089	121	136	110	181.702
-0.785398	0.674054	1.013609	37	22	18	181.699
-0.523599	2.001437	0.381215	40	2	26	181.662
-3.141593	2.881233	-2.582574	16	39	107	181.645
-0.785398	1.948085	-2.363031	109	6	132	181.629
1.308997	2.979456	-1.009304	38	15	109	181.563
-1.832596	1.134497	-1.109631	122	143	114	181.557
0.523599	1.662363	0.915448	37	134	19	181.545
