168	1.2	0
-2.617994	2.164094	-2.991358
0.000000	0.000000	0.000000
receptor_blocked.pdb	58.998	35.500	-117.139
ligand_blocked.pdb	7.940	5.703	14.799
2.617994	1.869911	2.701025	131	7	47	551.582
2.356194	2.174483	2.653697	132	145	28	503.389
1.047198	1.846342	-1.796954	127	118	23	494.137
1.047198	1.696674	-1.253233	122	119	7	491.417
2.094395	1.869911	2.701025	132	146	31	478.656
2.617994	1.741644	-2.695914	149	160	51	476.452
2.356194	2.033014	2.977192	138	140	35	474.734
0.785398	1.135834	-1.431087	121	163	20	471.883
1.570796	1.391910	3.030322	131	142	34	470.868
2.356194	2.393226	1.857173	122	147	17	469.523
2.094395	2.704512	1.488683	125	16	31	464.665
1.308997	1.134497	-1.109631	132	150	14	463.077
1.047198	1.904882	-1.478089	124	116	16	460.024
1.308997	1.696674	-1.253233	127	113	8	457.891
1.308997	1.904882	-1.478089	129	112	16	455.931
2.879793	1.448123	-2.163292	159	151	40	453.796
2.094395	1.569311	-3.003978	133	130	32	447.337
2.356194	2.637879	2.121598	128	153	21	446.523
1.308997	1.433411	-1.035986	130	150	16	443.500
2.356194	1.870545	-2.976234	141	133	36	443.115
0.785398	1.545873	-1.877082	122	127	23	443.002
1.570796	1.696674	-1.253233	133	108	9	442.502
2.356194	1.869911	2.701025	128	143	28	441.750
2.617994	1.736875	3.023612	137	166	49	439.983
1.047198	1.413347	-1.339188	122	119	5	439.734
1.832596	1.218453	2.777284	124	144	28	438.035
2.094395	1.574060	2.783565	127	142	29	437.722
1.832596	1.391910	3.030322	129	138	34	435.752
0.785398	2.455966	-0.641220	120	132	10	434.656
2.094395	2.073035	2.027405	125	153	17	433.298
2.356194	1.756530	-2.105156	154	152	44	433.001
1.832596	1.569311	-3.003978	135	132	37	432.317
0.785398	1.413347	-1.339188	121	162	22	429.748
0.785398	2.343981	-1.040456	118	124	11	429.656
0.785398	1.732874	-0.951685	121	163	16	428.350
0.785398	1.696674	-1.253233	120	161	23	428.094
2.094395	1.699788	2.452890	125	149	21	427.938
1.570796	1.325504	-1.671296	135	144	29	427.617
1.570796	1.413347	-1.339188	135	147	23	427.163
2.356194	1.699788	2.452890	126	11	41	427.105
1.047198	1.658653	-2.409879	132	121	33	426.347
1.047198	1.433411	-1.035986	126	155	15	425.980
2.617994	2.033014	2.977192	137	137	35	424.528
1.308997	1.617114	-1.572037	127	114	14	424.153
1.308997	1.982574	-1.115518	126	113	8	423.823
2.094395	1.450119	-2.739050	134	123	31	422.695
0.785398	1.982574	-1.115518	120	162	23	422.531
1.047198	2.104282	-0.813972	120	120	4	422.527
1.047198	1.135834	-1.431087	124	157	21	422.123
1.308997	1.846342	-1.796954	131	114	22	422.024
2.879793	1.569311	-3.003978	143	157	49	421.289
1.570796	1.756530	-2.105156	137	118	28	421.272
2.617994	1.870545	-2.976234	142	167	49	420.859
2.094395	1.766067	2.153843	123	152	16	420.489
2.356194	1.998705	2.370472	129	16	41	419.769
1.570796	1.732874	-0.951685	133	108	3	417.662
2.094395	1.736875	3.023612	134	138	34	416.718
1.047198	1.732874	-0.951685	124	156	16	416.482
2.617994	1.569311	-3.003978	140	160	50	415.292
1.047198	1.617114	-1.572037	122	118	14	414.864
2.617994	2.637879	2.121598	127	15	38	414.857
0.785398	1.617114	-1.572037	122	163	31	414.362
2.879793	1.736875	3.023612	138	163	49	414.336
0.785398	1.325504	-1.671296	121	166	29	414.318
1.832596	2.863997	0.549740	121	1	29	413.790
0.523599	1.433411	-1.035986	120	0	14	412.653
1.832596	1.448123	-2.163292	137	112	26	412.255
1.308997	1.135834	-1.431087	126	115	5	412.175
1.047198	1.134497	-1.109631	127	155	14	411.816
1.047198	1.545873	-1.877082	123	121	21	411.577
2.879793	2.033014	2.977192	137	2	47	411.307
0.785398	1.433411	-1.035986	122	161	15	411.178
1.570796	1.982574	-1.115518	133	108	10	410.222
2.094395	1.756530	-2.105156	149	151	44	410.018
0.785398	1.846342	-1.796954	121	120	19	409.617
2.356194	2.704512	1.488683	122	10	31	408.990
2.879793	1.869911	2.701025	130	2	47	408.901
0.785398	2.104282	-0.813972	120	0	19	408.756
2.356194	1.741644	-2.695914	146	161	51	408.354
2.617994	1.450119	-2.739050	144	154	48	407.892
1.047198	1.450119	-2.739050	132	131	37	407.356
2.617994	1.658653	-2.409879	154	154	48	407.257
2.879793	1.391910	3.030322	136	155	45	406.033
1.047198	2.343981	-1.040456	122	116	11	405.856
2.879793	2.174483	2.653697	131	8	46	404.896
1.047198	2.404280	-0.174044	119	5	13	404.093
0.785398	1.569311	-3.003978	140	138	38	403.804
1.047198	2.455966	-0.641220	120	125	10	403.377
2.094395	1.658653	-2.409879	145	156	48	403.099
0.785398	1.242974	-2.977882	133	144	36	403.047
0.523599	2.724429	-0.348782	121	148	11	402.750
1.047198	1.214854	-1.966664	121	128	17	402.144
2.356194	1.168678	2.108595	118	143	15	401.996
2.617994	2.174483	2.653697	133	13	46	401.817
0.523599	2.664082	-1.071402	116	131	13	401.150
1.047198	1.325504	-1.671296	124	159	29	398.590
1.308997	1.756530	-2.105156	133	121	28	398.449
1.047198	0.850607	-1.335383	124	119	166	398.034
2.879793	1.450119	-2.739050	148	153	47	397.922
1.047198	1.135813	-2.658866	123	138	28	397.205
0.261799	2.455966	-0.641220	121	149	8	397.185
2.879793	1.998705	2.370472	125	3	41	396.366
2.879793	2.637879	2.121598	125	9	38	395.699
1.832596	2.592629	0.909713	122	10	24	395.590
1.832596	2.704512	1.488683	127	154	15	395.188
1.308997	1.448123	-2.163292	127	123	26	394.918
2.356194	1.736875	3.023612	134	133	35	394.438
1.047198	0.899350	-2.069907	120	166	26	394.422
1.047198	1.982574	-1.115518	123	155	23	393.297
1.308997	1.545873	-1.877082	127	117	21	392.728
1.570796	1.741644	-2.695914	139	129	37	392.712
2.617994	2.478122	2.609777	132	145	26	392.494
1.308997	1.732874	-0.951685	127	112	3	392.253
2.617994	1.574060	2.783565	130	166	45	392.157
0.785398	2.863997	0.549740	131	158	13	392.054
1.308997	1.450119	-2.739050	131	134	34	391.772
2.356194	1.134796	2.434290	119	136	22	391.249
2.356194	1.658653	-2.409879	146	118	31	390.418
1.047198	2.063651	-2.044600	134	112	28	390.245
-2.879793	2.760637	2.781135	130	12	43	390.228
2.879793	1.741644	-2.695914	152	160	51	389.804
1.047198	2.180315	-1.357379	127	153	32	389.007
2.094395	1.741644	-2.695914	141	125	35	388.895
2.879793	1.658653	-2.409879	155	156	46	388.797
1.570796	1.450119	-2.739050	132	130	34	388.498
1.570796	1.658653	-2.409879	136	124	33	387.785
2.094395	2.407836	1.410646	121	10	21	387.272
0.785398	1.904882	-1.478089	120	121	16	385.799
2.356194	1.325504	-1.671296	156	141	29	385.084
1.308997	1.658653	-2.409879	133	128	31	384.474
0.785398	1.741644	-2.695914	136	129	37	384.403
2.617994	2.984978	1.954446	128	15	37	384.321
1.308997	1.413347	-1.339188	127	114	6	384.056
1.308997	2.104282	-0.813972	124	114	4	383.940
0.523599	1.696674	-1.253233	115	131	4	383.882
2.617994	1.998705	2.370472	126	10	41	383.623
-3.141593	1.870545	-2.976234	145	164	49	383.506
0.000000	2.664082	-1.071402	121	145	17	383.371
1.308997	1.836682	-0.676006	126	114	166	383.328
2.094395	2.863997	0.549740	122	162	29	383.298
1.832596	1.756530	-2.105156	145	152	45	382.387
1.832596	1.450119	-2.739050	133	126	34	382.294
1.832596	1.214854	-1.966664	137	146	34	381.574
2.356194	2.299159	2.264663	127	145	22	381.524
2.879793	2.356369	3.005869	137	141	31	381.495
2.879793	2.164094	-2.991358	145	5	49	381.338
1.047198	1.741644	-2.695914	138	126	38	379.972
0.785398	1.450119	-2.739050	131	135	36	379.956
1.570796	1.846342	-1.796954	140	145	38	379.338
2.094395	2.299159	2.264663	130	151	21	379.222
2.094395	1.050534	3.042579	124	2	36	378.959
0.523599	2.180315	-1.357379	118	126	16	378.666
2.094395	2.393226	1.857173	126	153	17	378.533
0.785398	2.180315	-1.357379	123	160	32	378.499
2.356194	1.450119	-2.739050	141	155	48	378.438
1.308997	0.850607	-1.335383	128	114	167	378.032
2.879793	1.870545	-2.976234	146	165	52	378.016
1.308997	2.587733	0.232235	116	137	2	377.809
1.308997	1.325504	-1.671296	127	153	28	377.763
2.617994	1.756530	-2.105156	158	154	44	377.639
-0.523599	2.033014	2.977192	127	2	6	377.547
1.832596	1.736875	3.023612	142	8	54	376.759
2.879793	2.478122	2.609777	132	14	45	376.061
1.308997	1.135813	-2.658866	122	135	22	375.966
2.617994	1.134796	2.434290	122	165	37	374.604
1.832596	1.658653	-2.409879	141	157	47	374.240
1.570796	1.617114	-1.572037	133	109	15	373.710
2.617994	1.214854	-1.966664	156	145	34	373.289
-2.879793	2.478122	2.609777	128	3	44	373.192
1.570796	1.569311	-3.003978	135	136	36	372.874
2.094395	1.391910	3.030322	128	134	33	372.862
2.879793	1.574060	2.783565	131	161	45	372.745
2.617994	2.393226	1.857173	122	7	33	372.136
-2.879793	2.637879	2.121598	120	125	19	371.904
0.785398	1.214854	-1.966664	121	1	31	371.740
0.523599	1.982574	-1.115518	116	131	8	371.718
1.832596	1.904882	-1.478089	145	146	34	371.434
0.523599	2.455966	-0.641220	119	141	9	370.939
1.308997	1.128190	-2.288622	121	127	19	370.897
0.785398	0.685216	-1.712745	118	131	2	370.129
2.356194	1.374601	-2.456031	141	114	28	370.100
1.570796	2.863997	0.549740	116	143	9	369.250
2.617994	1.374601	-2.456031	150	149	45	369.129
0.785398	0.992645	-1.723759	119	166	22	369.124
2.617994	1.168678	2.108595	116	135	15	369.062
2.879793	2.299159	2.264663	122	139	24	368.911
1.047198	1.374601	-2.456031	126	126	32	368.640
1.832596	1.545873	-1.877082	143	144	37	368.328
0.785398	1.134497	-1.109631	123	161	14	368.220
1.308997	1.242974	-2.977882	128	139	34	368.201
1.832596	2.063651	-2.044600	151	153	46	367.943
2.356194	2.073035	2.027405	122	147	19	367.833
-3.141593	2.164094	-2.991358	145	3	49	367.674
1.308997	0.899350	-2.069907	123	161	25	367.500
0.523599	1.325504	-1.671296	115	131	10	367.227
0.523599	0.290380	-0.796960	129	150	10	366.760
1.570796	0.992645	-1.723759	129	113	8	366.686
-0.523599	2.881233	-2.582574	124	119	24	366.617
2.094395	2.138223	1.678323	122	152	11	366.487
2.879793	2.041297	-2.664597	152	0	51	366.328
2.617994	2.299159	2.264663	127	12	40	365.208
2.094395	1.998705	2.370472	128	150	21	365.206
1.570796	1.545873	-1.877082	136	146	37	364.585
1.308997	2.724429	-0.348782	119	162	23	364.564
-0.261799	0.619654	-2.216909	124	158	11	364.426
1.308997	2.153910	-1.714959	138	148	40	364.380
2.356194	1.448123	-2.163292	149	148	41	364.185
1.047198	2.153910	-1.714959	132	151	39	364.043
1.832596	1.617114	-1.572037	140	109	17	363.746
2.879793	2.407836	1.410646	120	159	22	363.672
1.308997	1.374601	-2.456031	127	125	31	362.537
1.047198	1.448123	-2.163292	124	126	26	362.528
0.523599	1.732874	-0.951685	119	2	16	362.470
1.047198	1.756530	-2.105156	129	122	28	361.723
1.047198	2.664082	-1.071402	121	115	13	361.344
0.523599	0.929350	-2.910676	129	152	29	360.809
1.832596	1.846342	-1.796954	147	144	39	360.758
1.047198	2.863997	0.549740	126	153	13	360.660
1.570796	1.448123	-2.163292	132	114	27	360.305
2.356194	1.569311	-3.003978	138	162	50	360.226
2.094395	2.063651	-2.044600	155	154	46	360.009
0.785398	2.664082	-1.071402	114	121	8	359.232
1.308997	0.685216	-1.712745	124	118	2	359.095
2.879793	2.704512	1.488683	123	162	31	358.526
1.832596	1.374601	-2.456031	135	157	44	358.499
0.785398	2.579248	-2.364801	144	108	28	358.020
0.785398	1.836682	-0.676006	121	165	11	357.958
1.308997	2.455966	-0.641220	123	154	21	357.891
1.570796	2.187132	-0.479875	126	113	167	357.829
2.094395	1.374601	-2.456031	138	153	44	357.608
2.094395	1.846342	-1.796954	152	147	40	357.550
0.261799	2.180315	-1.357379	117	134	16	357.283
1.047198	1.128190	-2.288622	122	1	34	357.272
1.570796	2.063651	-2.044600	146	153	46	357.149
1.308997	2.863997	0.549740	121	147	13	356.643
2.356194	1.218453	2.777284	126	166	44	356.527
1.308997	1.050534	3.042579	125	146	29	356.493
2.356194	1.766067	2.153843	123	15	35	356.315
0.785398	1.510910	-0.740472	124	164	9	355.980
1.047198	1.242974	-2.977882	130	140	35	355.844
0.785398	2.456751	-1.503343	124	154	33	355.747
1.308997	1.948085	-2.363031	142	115	33	355.601
0.523599	1.756530	-2.105156	122	128	26	354.743
1.570796	2.592629	0.909713	120	146	5	354.510
-3.141593	2.478122	2.609777	129	9	44	354.503
1.047198	2.724429	-0.348782	115	130	7	353.884
0.523599	1.510910	-0.740472	122	1	9	353.883
1.570796	0.866395	-2.492918	123	164	28	353.536
1.047198	1.948085	-2.363031	137	117	34	353.491
1.832596	2.404280	-0.174044	125	113	0	353.425
1.570796	2.724429	-0.348782	121	155	23	353.038
2.617994	2.704512	1.488683	122	1	31	352.954
2.094395	2.153910	-1.714959	157	149	41	352.854
1.047198	2.719179	-1.780644	137	105	20	352.797
0.785398	1.128190	-2.288622	122	7	34	352.623
-1.047198	2.979456	-1.009304	140	29	30	352.393
1.570796	2.587733	0.232235	120	0	21	352.044
2.356194	2.592629	0.909713	121	162	23	351.863
-3.141593	1.998705	2.370472	126	164	41	351.809
2.094395	1.870545	-2.976234	141	134	36	351.621
0.523599	0.866955	-0.931351	125	140	163	351.088
0.785398	1.050534	3.042579	134	152	31	350.485
1.047198	1.050534	3.042579	130	150	31	350.112
1.047198	0.866395	-2.492918	120	6	30	349.841
1.832596	1.242974	-2.977882	128	129	34	349.740
2.617994	1.391910	3.030322	133	159	46	349.613
0.785398	2.063651	-2.044600	130	122	29	349.384
1.047198	2.115563	0.685730	128	151	157	349.284
0.523599	2.063651	-2.044600	128	127	29	348.822
0.523599	2.343981	-1.040456	116	132	10	348.486
1.570796	1.128190	-2.288622	126	118	23	348.387
-3.141593	1.736875	3.023612	138	160	46	348.102
2.879793	2.984978	1.954446	125	9	37	348.073
2.356194	0.992645	-1.723759	151	146	26	347.908
1.570796	1.374601	-2.456031	130	122	31	347.525
2.879793	1.242974	-2.977882	141	150	45	347.414
2.356194	1.050534	3.042579	128	158	43	347.317
1.832596	2.407836	1.410646	121	150	4	347.255
1.570796	2.404280	-0.174044	121	119	167	347.200
-3.141593	2.041297	-2.664597	154	0	51	347.010
1.832596	2.180315	-1.357379	146	101	14	346.643
0.523599	1.904882	-1.478089	118	165	28	346.625
-2.879793	2.588535	-2.976617	139	144	30	346.311
1.308997	0.992645	-1.723759	124	118	8	345.941
1.047198	2.456751	-1.503343	127	111	17	345.825
1.570796	1.050534	3.042579	124	141	31	345.680
-0.785398	2.760637	2.781135	140	107	26	345.599
2.356194	1.846342	-1.796954	157	149	40	345.421
2.617994	1.948085	-2.363031	155	162	49	344.945
0.523599	2.579248	-2.364801	138	109	28	344.711
0.785398	2.187132	-0.479875	119	5	5	344.557
2.094395	1.448123	-2.163292	144	149	41	344.113
1.832596	1.732874	-0.951685	140	105	3	343.869
0.785398	2.587733	0.232235	125	152	5	343.542
1.047198	1.870545	-2.976234	149	167	55	343.383
0.523599	2.456751	-1.503343	119	122	18	343.375
0.523599	2.719179	-1.780644	125	115	21	343.129
2.617994	0.370812	-2.547742	137	147	21	343.116
-3.141593	1.869911	2.701025	131	165	47	342.912
0.785398	1.870545	-2.976234	148	0	55	342.488
1.308997	2.089241	-0.114193	121	126	160	341.893
0.523599	2.187132	-0.479875	121	143	2	341.756
1.570796	1.135834	-1.431087	134	148	22	341.655
0.523599	2.104282	-0.813972	120	137	7	341.576
1.308997	2.187132	-0.479875	122	118	0	341.474
1.832596	1.050534	3.042579	124	8	36	341.208
0.523599	1.836682	-0.676006	120	3	3	341.196
2.617994	2.138223	1.678323	119	1	22	341.174
-3.141593	2.174483	2.653697	130	4	46	341.047
2.094395	1.545873	-1.877082	145	111	24	340.775
2.879793	2.073035	2.027405	123	166	33	340.709
2.879793	2.393226	1.857173	120	1	32	340.673
2.094395	0.929350	-2.910676	129	153	41	340.641
1.832596	2.153910	-1.714959	151	148	41	340.520
2.356194	1.413430	2.550734	123	9	34	340.221
2.094395	1.325504	-1.671296	148	141	29	339.949
2.094395	1.824694	1.850876	121	151	11	339.912
2.879793	1.948085	-2.363031	157	164	48	339.816
1.570796	2.104282	-0.813972	131	110	7	339.735
1.308997	1.569311	-3.003978	137	138	38	339.682
1.308997	2.404280	-0.174044	120	1	17	339.535
0.523599	1.846342	-1.796954	118	128	19	339.508
1.570796	1.904882	-1.478089	135	109	16	339.505
0.785398	2.396274	-1.959260	132	150	40	339.125
2.356194	1.214854	-1.966664	150	143	34	338.891
-3.141593	1.050534	3.042579	139	146	40	338.151
1.308997	2.379497	0.561089	120	144	165	337.956
1.832596	1.741644	-2.695914	141	127	38	337.880
0.261799	2.579248	-2.364801	132	112	28	337.603
1.308997	2.592629	0.909713	124	152	5	337.350
2.356194	2.407836	1.410646	119	4	21	337.228
2.094395	1.904882	-1.478089	153	145	35	336.712
0.523599	1.569311	-3.003978	141	138	39	336.665
0.523599	2.979456	-1.009304	117	131	17	336.402
-2.356194	2.984978	1.954446	125	153	35	336.363
2.356194	1.545873	-1.877082	154	146	38	336.325
-2.356194	2.592629	0.909713	126	165	161	336.283
-2.879793	1.998705	2.370472	128	158	41	335.567
2.356194	2.984978	1.954446	131	21	37	335.448
1.832596	1.948085	-2.363031	149	159	50	335.180
1.570796	1.242974	-2.977882	128	133	35	335.028
2.356194	1.574060	2.783565	129	5	45	335.022
0.785398	1.658653	-2.409879	129	126	33	334.999
0.785398	2.404280	-0.174044	121	11	13	334.664
0.785398	1.756530	-2.105156	124	123	25	334.604
1.047198	1.569311	-3.003978	139	136	39	334.490
1.832596	2.587733	0.232235	119	121	2	334.415
1.570796	1.948085	-2.363031	145	159	50	334.129
0.523599	1.134497	-1.109631	120	167	14	333.839
0.523599	1.450119	-2.739050	132	139	36	333.821
2.094395	2.592629	0.909713	118	5	23	333.692
-3.141593	2.073035	2.027405	121	160	30	333.573
2.356194	2.863997	0.549740	121	156	26	333.566
0.785398	0.850607	-1.335383	120	125	166	333.172
2.617994	1.846342	-1.796954	162	152	40	332.923
1.832596	0.929350	-2.910676	123	166	37	332.716
1.832596	1.135813	-2.658866	128	160	41	332.702
0.785398	1.948085	-2.363031	135	120	36	332.613
-3.141593	2.704512	1.488683	125	155	31	332.498
0.785398	0.929350	-2.910676	128	19	42	332.241
2.617994	1.699788	2.452890	124	3	31	332.211
2.617994	1.766067	2.153843	121	3	27	331.642
2.879793	2.138223	1.678323	120	162	22	331.273
0.523599	1.909857	-0.381669	123	9	6	331.203
2.617994	2.407836	1.410646	114	136	8	331.020
-3.141593	2.393226	1.857173	121	120	13	330.845
1.308997	2.063651	-2.044600	137	115	29	330.763
1.047198	0.992645	-1.723759	122	160	22	330.748
2.356194	1.948085	-2.363031	153	161	49	330.635
1.570796	0.619654	-2.216909	123	157	20	330.629
1.832596	0.866395	-2.492918	126	158	28	330.547
2.356194	1.134497	-1.109631	156	109	3	330.078
-0.261799	2.664082	-1.071402	125	151	17	330.041
2.879793	1.824694	1.850876	122	163	27	329.952
0.785398	1.374601	-2.456031	125	129	33	329.425
2.617994	2.164094	-2.991358	145	6	49	329.319
2.617994	2.073035	2.027405	119	141	20	329.196
0.785398	2.979456	-1.009304	117	124	15	329.036
0.000000	0.458961	-0.107937	133	151	3	328.986
2.356194	1.391910	3.030322	132	164	49	328.782
2.617994	1.448123	-2.163292	154	149	41	328.688
1.570796	1.214854	-1.966664	130	111	20	328.526
1.047198	0.685216	-1.712745	120	124	2	328.372
1.570796	2.664082	-1.071402	133	104	11	327.728
0.523599	1.214854	-1.966664	116	136	16	327.564
2.094395	1.872854	1.543456	120	150	5	327.500
-3.141593	2.760637	2.781135	133	17	43	327.496
1.308997	1.741644	-2.695914	139	129	38	327.252
-2.879793	2.299159	2.264663	124	120	19	327.117
-2.617994	2.984978	1.954446	122	159	35	326.827
0.523599	1.135813	-2.658866	129	16	44	326.615
0.523599	1.741644	-2.695914	135	132	37	326.302
1.570796	0.379747	-1.713059	132	145	12	326.280
1.832596	2.115563	0.685730	119	135	157	326.166
-0.785398	2.881233	-2.582574	121	126	24	325.606
1.570796	0.685216	-1.712745	129	113	2	325.578
0.261799	1.741644	-2.695914	135	130	38	325.138
2.617994	1.135813	-2.658866	143	147	42	325.129
2.094395	2.724429	-0.348782	130	104	6	325.118
2.094395	1.948085	-2.363031	152	158	50	324.881
1.047198	2.979456	-1.009304	124	152	32	324.670
2.617994	1.413430	2.550734	123	131	28	324.378
1.047198	2.247462	0.191623	120	142	161	324.081
0.785398	2.153910	-1.714959	128	157	40	324.012
0.523599	1.545873	-1.877082	121	133	24	323.683
1.832596	1.433411	-1.035986	142	106	4	323.650
0.523599	2.349581	-2.702517	145	114	34	323.237
1.047198	2.187132	-0.479875	119	128	1	323.033
2.879793	1.756530	-2.105156	162	156	44	322.995
1.308997	2.180315	-1.357379	131	111	17	322.910
-0.785398	2.251330	-2.330739	126	10	43	322.558
1.832596	1.413347	-1.339188	139	107	9	322.530
0.523599	2.396274	-1.959260	128	155	40	322.429
-3.141593	2.356369	3.005869	136	138	31	322.283
-0.261799	2.881233	-2.582574	128	114	24	322.117
1.308997	0.866395	-2.492918	121	2	29	322.084
1.832596	1.325504	-1.671296	141	142	29	321.918
-0.785398	0.619654	-2.216909	126	19	2	321.863
0.785398	2.719179	-1.780644	128	107	17	321.806
1.308997	2.247462	0.191623	118	136	160	321.767
2.617994	2.587733	0.232235	130	105	0	321.724
0.000000	2.455966	-0.641220	127	153	10	321.465
1.047198	2.041297	-2.664597	148	157	53	320.969
0.261799	2.664082	-1.071402	117	139	14	320.933
2.879793	1.699788	2.452890	125	165	41	320.863
0.261799	2.251330	-2.330739	133	128	33	320.771
1.047198	2.587733	0.232235	122	17	19	320.549
0.523599	0.992645	-1.723759	114	133	8	320.423
0.261799	2.587733	0.232235	135	29	15	320.282
-3.141593	1.574060	2.783565	131	157	36	320.084
2.094395	1.413430	2.550734	122	145	23	320.012
2.094395	1.214854	-1.966664	144	143	34	319.921
0.000000	2.724429	-0.348782	130	157	12	319.897
-0.261799	2.588535	-2.976617	139	112	31	319.694
0.785398	2.089241	-0.114193	122	144	157	319.693
2.356194	0.080730	-2.622036	129	148	15	319.659
-0.523599	0.866395	-2.492918	125	167	14	319.294
2.094395	1.218453	2.777284	127	4	45	319.262
2.879793	2.760637	2.781135	135	153	27	319.175
1.047198	1.836682	-0.676006	121	121	165	319.160
-3.141593	1.741644	-2.695914	151	161	47	318.872
-3.141593	2.299159	2.264663	124	0	39	318.789
-2.617994	2.637879	2.121598	123	118	19	318.532
2.617994	1.135834	-1.431087	159	110	9	318.357
2.356194	2.138223	1.678323	120	15	27	318.023
2.617994	1.242974	-2.977882	136	152	39	317.871
2.617994	2.356369	3.005869	141	13	47	317.805
1.570796	0.899350	-2.069907	127	155	25	317.658
0.261799	2.456751	-1.503343	119	129	20	317.626
2.356194	2.478122	2.609777	140	21	45	317.621
1.570796	2.153910	-1.714959	145	145	40	317.129
2.617994	2.041297	-2.664597	154	167	53	317.054
2.356194	1.413347	-1.339188	154	108	11	316.639
-3.141593	2.247462	0.191623	128	6	151	316.636
1.832596	1.982574	-1.115518	139	105	9	316.618
1.570796	2.180315	-1.357379	138	102	14	316.568
0.261799	2.719179	-1.780644	121	122	21	316.394
-3.141593	2.637879	2.121598	119	131	19	316.388
2.356194	1.247695	1.809890	118	148	9	316.230
2.094395	2.033014	2.977192	139	144	35	316.221
1.570796	0.929350	-2.910676	120	131	29	316.217
2.094395	0.914445	2.687814	121	4	37	316.107
2.356194	0.733948	3.021411	125	154	36	316.101
1.832596	2.104282	-0.813972	138	105	6	316.070
1.832596	2.295480	1.008277	118	142	164	315.991
2.879793	0.419640	2.974122	127	155	20	315.776
-3.141593	2.984978	1.954446	121	5	36	315.774
0.785398	0.733948	3.021411	130	157	24	315.556
0.785398	1.448123	-2.163292	123	132	26	315.424
0.523599	1.617114	-1.572037	115	130	10	315.394
1.570796	1.433411	-1.035986	134	109	1	315.304
0.000000	2.979456	-1.009304	120	146	18	315.196
-0.261799	2.033014	2.977192	127	164	6	314.948
0.785398	2.724429	-0.348782	118	141	11	314.911
1.308997	1.214854	-1.966664	123	121	16	314.834
0.000000	0.960688	-0.577532	125	157	167	314.736
1.308997	1.391910	3.030322	135	144	37	314.518
0.523599	2.404280	-0.174044	124	149	3	314.033
2.617994	1.545873	-1.877082	160	148	38	313.896
0.523599	1.606104	-0.451151	124	138	152	313.597
1.832596	1.128190	-2.288622	132	152	37	313.587
1.832596	2.455966	-0.641220	131	106	5	313.544
-0.261799	0.640596	-2.797608	127	0	19	313.528
2.094395	1.433411	-1.035986	149	106	4	313.145
1.570796	2.455966	-0.641220	126	111	6	313.118
2.094395	1.413347	-1.339188	147	106	11	313.116
0.261799	0.640596	-2.797608	127	157	18	312.941
2.879793	1.135813	-2.658866	149	146	42	312.918
-0.523599	0.370812	-2.547742	128	4	14	312.760
0.261799	2.724429	-0.348782	125	152	12	312.724
2.094395	1.440580	2.260026	121	147	18	312.678
0.523599	0.733948	3.021411	131	159	24	312.559
2.094395	1.134497	-1.109631	149	107	3	312.477
-2.094395	2.984978	1.954446	130	148	35	312.330
2.356194	0.619654	-2.216909	138	143	21	312.159
0.261799	2.343981	-1.040456	120	139	15	312.046
-0.785398	0.203748	0.590255	132	149	8	312.032
2.617994	1.599406	1.426070	115	142	167	311.980
-1.047198	2.760637	2.781135	133	110	25	311.936
-2.879793	2.033014	2.977192	136	0	51	311.441
0.261799	1.982574	-1.115518	118	143	7	311.367
2.879793	1.374601	-2.456031	155	150	45	311.367
0.000000	2.063651	-2.044600	119	133	22	311.201
-2.879793	2.073035	2.027405	124	114	13	311.056
2.094395	1.168678	2.108595	119	148	11	311.015
0.261799	1.948085	-2.363031	129	126	36	310.925
1.308997	2.979456	-1.009304	126	111	16	310.728
2.094395	0.866395	-2.492918	130	152	28	310.415
0.785398	2.251330	-2.330739	139	111	32	310.250
2.094395	1.128190	-2.288622	137	148	37	310.070
-3.141593	2.033014	2.977192	134	126	26	309.871
1.570796	1.135813	-2.658866	131	156	44	309.835
-0.523599	1.374601	-2.456031	134	150	33	309.792
1.570796	2.379497	0.561089	120	6	13	309.612
-3.141593	1.448123	-2.163292	163	154	40	309.483
-0.261799	1.374601	-2.456031	130	147	33	309.436
-2.879793	2.379497	0.561089	125	5	156	309.399
-0.261799	0.929350	-2.910676	127	166	21	308.709
1.832596	1.870545	-2.976234	144	6	53	308.515
0.523599	2.251330	-2.330739	135	125	33	307.935
-2.617994	1.869911	2.701025	133	156	45	307.934
-0.523599	2.349581	-2.702517	131	162	47	307.887
2.879793	1.214854	-1.966664	162	147	34	307.886
-2.617994	0.961715	0.014085	125	165	2	307.608
0.261799	0.290380	-0.796960	125	155	10	307.422
2.879793	2.587733	0.232235	127	8	153	307.341
-2.879793	0.961715	0.014085	127	3	2	307.238
1.308997	2.456751	-1.503343	142	147	39	307.148
-1.832596	2.407836	1.410646	127	164	1	306.639
0.261799	2.881233	-2.582574	140	105	23	306.630
0.523599	0.615174	-0.666022	128	135	157	306.606
2.356194	1.135834	-1.431087	152	108	8	306.465
-3.141593	1.824694	1.850876	124	156	27	306.197
-3.141593	1.658653	-2.409879	160	158	48	306.092
-0.785398	0.685216	-1.712745	125	162	7	305.799
2.094395	2.295480	1.008277	119	17	8	305.782
-0.523599	2.719179	-1.780644	121	142	24	305.647
1.308997	2.251330	-2.330739	151	149	47	305.594
1.308997	2.041297	-2.664597	151	157	53	305.563
0.523599	1.194549	-0.801900	123	166	7	305.534
0.000000	2.180315	-1.357379	118	142	16	305.321
-0.785398	2.579248	-2.364801	122	5	39	305.248
1.047198	2.251330	-2.330739	144	110	31	305.201
0.785398	1.135813	-2.658866	124	140	31	305.001
0.785398	1.194549	-0.801900	124	124	158	304.870
0.261799	2.063651	-2.044600	120	127	22	304.642
1.047198	2.349581	-2.702517	157	151	48	304.554
2.094395	1.617114	-1.572037	147	109	18	304.107
-1.047198	2.719179	-1.780644	129	154	24	304.015
0.261799	2.104282	-0.813972	117	143	2	303.799
-2.617994	2.478122	2.609777	128	166	44	303.381
1.832596	0.914445	2.687814	122	15	30	303.309
2.879793	1.599406	1.426070	113	135	166	303.099
2.356194	0.370812	-2.547742	131	147	16	302.880
0.523599	1.242974	-2.977882	135	146	35	302.778
2.094395	1.134796	2.434290	123	11	38	302.323
-2.879793	2.393226	1.857173	124	154	30	302.251
0.261799	1.450119	-2.739050	134	139	37	302.111
-2.617994	2.033014	2.977192	136	164	50	302.110
2.617994	2.863997	0.549740	124	150	26	301.895
-1.570796	2.393226	1.857173	128	152	15	301.880
0.000000	1.741644	-2.695914	134	134	37	301.820
2.094395	1.135813	-2.658866	132	156	40	301.678
2.094395	1.982574	-1.115518	151	101	8	301.529
2.617994	0.419640	2.974122	122	159	21	301.511
0.523599	1.448123	-2.163292	120	134	23	301.120
-0.261799	1.134497	-1.109631	119	7	6	301.081
1.047198	0.618092	2.539118	133	161	25	301.058
1.308997	2.115563	0.685730	124	147	157	300.994
2.094395	2.984978	1.954446	133	157	20	300.895
-2.879793	2.984978	1.954446	120	166	35	300.340
0.785398	2.041297	-2.664597	143	119	37	300.309
-3.141593	1.506530	1.988858	120	158	30	300.125
2.356194	1.617114	-1.572037	159	142	30	300.123
2.879793	1.766067	2.153843	123	164	33	300.022
2.094395	0.733948	3.021411	121	161	35	300.007
-3.141593	1.569311	-3.003978	146	156	49	299.799
2.094395	2.637879	2.121598	133	158	21	299.790
-2.617994	2.299159	2.264663	128	155	39	299.705
2.617994	1.506530	1.988858	117	139	16	299.704
-0.261799	2.979456	-1.009304	129	17	36	299.546
2.356194	1.440580	2.260026	121	143	22	299.510
-2.617994	2.174483	2.653697	132	161	46	299.318
1.570796	2.295480	1.008277	121	148	164	299.011
0.261799	2.979456	-1.009304	120	5	33	298.951
0.785398	2.881233	-2.582574	155	104	22	298.877
1.832596	1.413430	2.550734	125	150	22	298.849
-1.308997	0.571433	-1.188419	125	163	4	298.657
1.308997	2.664082	-1.071402	127	148	29	298.630
2.094395	1.242974	-2.977882	126	128	28	298.603
2.879793	1.168678	2.108595	117	126	16	298.417
-1.308997	2.637879	2.121598	127	151	13	298.328
-3.141593	1.699788	2.452890	127	159	41	298.120
2.617994	2.063651	-2.044600	161	160	46	297.803
2.356194	2.041297	-2.664597	149	2	51	297.642
-0.523599	2.478122	2.609777	154	110	29	297.469
2.094395	0.992645	-1.723759	144	140	22	297.453
0.523599	0.619654	-2.216909	114	140	17	297.443
0.523599	1.948085	-2.363031	132	121	36	296.893
0.523599	1.135834	-1.431087	118	2	22	296.811
-2.879793	1.736875	3.023612	138	161	50	296.795
-1.832596	0.733948	3.021411	123	10	159	296.758
-2.879793	2.704512	1.488683	124	152	30	296.624
1.570796	2.456751	-1.503343	143	102	17	296.381
-3.141593	2.588535	-2.976617	149	19	50	296.260
1.308997	0.640596	-2.797608	117	142	13	296.243
0.261799	1.732874	-0.951685	119	144	167	296.038
-1.308997	2.881233	-2.582574	123	140	27	295.688
1.832596	2.664082	-1.071402	141	101	12	295.633
-1.832596	2.299159	2.264663	133	111	26	295.546
-3.141593	1.450119	-2.739050	150	153	45	295.495
0.000000	2.456751	-1.503343	118	137	20	295.359
1.308997	2.343981	-1.040456	126	110	10	295.294
2.094395	0.899350	-2.069907	135	110	11	295.113
-2.879793	2.108018	1.311430	118	115	166	295.083
0.785398	1.909857	-0.381669	120	136	158	295.078
1.308997	2.719179	-1.780644	145	103	20	294.717
0.000000	2.343981	-1.040456	121	13	26	294.671
-1.308997	0.685216	-1.712745	127	4	4	294.621
1.832596	0.733948	3.021411	115	136	22	294.488
-0.261799	2.456751	-1.503343	120	144	20	294.465
-3.141593	1.367556	0.358405	26	147	161	294.365
1.047198	2.396274	-1.959260	144	151	45	294.256
1.832596	1.574060	2.783565	136	13	51	294.208
2.356194	1.824694	1.850876	120	15	27	294.204
2.617994	1.872854	1.543456	114	142	6	294.198
0.261799	0.615174	-0.666022	127	149	5	294.167
-2.879793	1.870545	-2.976234	142	163	43	294.095
-0.261799	2.719179	-1.780644	119	135	23	294.063
-2.879793	1.766067	2.153843	122	125	25	293.738
-0.785398	1.135834	-1.431087	124	159	5	293.408
0.523599	1.413347	-1.339188	117	134	5	293.391
1.047198	0.914445	2.687814	137	66	9	293.284
2.617994	0.619654	-2.216909	145	146	25	293.279
-3.141593	2.863997	0.549740	133	101	7	293.254
1.308997	0.619654	-2.216909	119	162	21	293.219
2.094395	2.089241	-0.114193	129	110	155	292.959
1.832596	0.619654	-2.216909	128	152	20	292.719
-3.141593	1.809167	1.213774	118	163	7	292.713
-2.356194	2.637879	2.121598	126	155	39	292.707
-1.308997	2.063651	-2.044600	137	160	30	292.298
2.617994	1.128190	-2.288622	149	144	34	292.218
2.094395	2.041297	-2.664597	152	0	53	292.207
0.523599	2.153910	-1.714959	125	165	39	291.862
0.000000	2.881233	-2.582574	132	107	22	291.836
0.000000	2.719179	-1.780644	119	128	22	291.544
2.617994	1.247695	1.809890	115	140	8	291.263
0.261799	1.433411	-1.035986	117	138	163	291.153
-0.261799	0.080730	-2.622036	125	18	2	291.114
1.570796	0.914445	2.687814	125	149	27	291.112
-1.570796	2.637879	2.121598	137	105	21	290.968
2.356194	0.910508	1.903534	119	16	24	290.892
-1.308997	2.760637	2.781135	127	115	25	290.848
-2.094395	2.760637	2.781135	121	134	26	290.740
-0.261799	2.063651	-2.044600	120	140	22	290.711
0.261799	2.404280	-0.174044	128	155	3	290.639
-2.879793	1.450119	-2.739050	151	154	42	290.541
-1.832596	2.984978	1.954446	132	142	31	290.513
-3.141593	1.948085	-2.363031	160	165	49	290.497
0.261799	1.756530	-2.105156	119	130	22	290.410
-2.617994	1.998705	2.370472	129	112	20	290.293
2.617994	1.824694	1.850876	118	8	28	290.173
0.261799	1.904882	-1.478089	117	136	16	290.121
-2.094395	2.407836	1.410646	124	0	167	290.099
-0.261799	1.214854	-1.966664	120	150	21	289.916
2.356194	0.864993	2.278281	118	7	30	289.799
2.879793	2.063651	-2.044600	165	162	46	289.765
2.356194	0.866395	-2.492918	135	149	28	289.746
0.000000	1.569311	-3.003978	128	148	158	289.694
-2.094395	2.637879	2.121598	126	114	22	289.616
0.523599	1.374601	-2.456031	125	134	33	289.547
1.047198	2.089241	-0.114193	119	134	158	289.444
0.261799	1.846342	-1.796954	116	128	23	289.376
0.261799	1.545873	-1.877082	117	138	17	289.354
0.523599	0.899350	-2.069907	118	0	31	289.245
2.617994	0.640596	-2.797608	133	147	23	289.153
0.785398	0.899350	-2.069907	118	3	26	288.839
0.523599	2.587733	0.232235	130	157	5	288.778
2.617994	1.617114	-1.572037	162	148	34	288.697
2.094395	2.455966	-0.641220	139	100	2	288.462
-1.570796	0.571433	-1.188419	126	3	4	288.392
2.356194	0.914445	2.687814	122	164	37	288.388
-0.523599	0.914445	2.687814	15	156	135	288.325
1.832596	1.875281	0.107086	126	122	149	288.299
-2.094395	2.704512	1.488683	124	155	6	288.296
-2.879793	0.709924	0.218797	124	12	158	287.979
2.879793	1.218453	2.777284	130	155	44	287.903
-2.094395	2.478122	2.609777	129	117	26	287.846
0.261799	1.214854	-1.966664	117	143	16	287.707
-2.617994	2.592629	0.909713	124	155	3	287.526
-2.094395	0.290380	-0.796960	125	18	163	287.403
-2.617994	2.115563	0.685730	123	2	160	287.364
-2.879793	2.041297	-2.664597	150	138	38	287.330
1.832596	1.134796	2.434290	121	151	17	286.885
0.261799	2.153910	-1.714959	124	131	27	286.845
-1.832596	0.290380	-0.796960	123	12	164	286.724
-2.879793	2.174483	2.653697	131	166	46	286.536
0.261799	1.510910	-0.740472	121	44	155	286.446
-1.832596	2.637879	2.121598	131	109	21	286.236
-0.261799	2.251330	-2.330739	126	167	44	286.232
1.570796	0.640596	-2.797608	116	126	22	286.168
-3.141593	1.766067	2.153843	125	157	34	286.058
2.879793	1.545873	-1.877082	164	151	37	285.763
0.523599	0.866395	-2.492918	123	17	37	285.584
2.617994	1.218453	2.777284	125	161	31	285.582
-1.570796	2.881233	-2.582574	125	146	27	285.543
1.832596	1.696674	-1.253233	142	106	13	285.494
0.000000	2.588535	-2.976617	144	111	31	285.369
1.570796	2.115563	0.685730	121	141	156	285.333
-1.570796	2.299159	2.264663	140	108	26	285.281
0.000000	0.733948	3.021411	131	0	26	285.281
-0.523599	0.992645	-1.723759	122	156	13	285.257
2.617994	1.325504	-1.671296	162	144	29	285.177
-0.785398	2.478122	2.609777	126	163	3	285.062
1.308997	0.929350	-2.910676	121	145	20	284.868
-1.832596	2.881233	-2.582574	129	151	27	284.743
0.523599	1.128190	-2.288622	118	136	27	284.600
1.047198	0.733948	3.021411	126	153	24	284.444
0.261799	1.374601	-2.456031	125	139	33	284.388
-2.879793	1.869911	2.701025	129	120	27	284.366
-0.261799	0.850607	-1.335383	113	143	2	284.330
-2.879793	1.367556	0.358405	126	164	5	284.329
1.047198	0.929350	-2.910676	123	142	30	283.838
2.879793	2.108018	1.311430	113	129	167	283.790
1.308997	1.909857	-0.381669	124	119	161	283.760
-3.141593	2.379497	0.561089	125	10	157	283.521
-1.047198	0.866955	-0.931351	123	155	160	283.492
0.261799	2.041297	-2.664597	139	126	40	283.458
1.832596	0.640596	-2.797608	120	163	24	283.312
0.523599	0.850607	-1.335383	118	132	167	283.121
2.617994	1.555207	1.708892	118	10	24	283.098
0.261799	0.370812	-2.547742	124	156	18	282.889
0.000000	1.374601	-2.456031	127	143	33	282.775
-0.261799	1.450119	-2.739050	138	143	38	282.626
-1.047198	2.579248	-2.364801	121	11	38	282.455
-1.832596	2.719179	-1.780644	144	27	36	282.371
2.356194	0.640596	-2.797608	128	108	22	282.371
-0.785398	2.456751	-1.503343	130	157	21	282.336
1.832596	1.134497	-1.109631	142	106	2	282.327
0.000000	0.370812	-2.547742	125	159	18	282.303
0.261799	2.396274	-1.959260	130	164	45	282.217
-1.570796	1.948085	-2.363031	142	156	36	282.090
2.356194	0.591903	2.010408	118	14	23	282.024
0.785398	1.736875	3.023612	151	8	55	281.795
0.261799	2.588535	-2.976617	150	111	31	281.287
0.785398	2.349581	-2.702517	152	153	51	281.261
-3.141593	1.413430	2.550734	128	155	41	281.247
-1.308997	2.299159	2.264663	128	154	22	281.118
2.356194	1.904882	-1.478089	158	105	16	281.035
-0.523599	1.696674	-1.253233	130	156	16	280.964
0.000000	2.041297	-2.664597	29	19	7	280.694
-1.308997	1.135813	-2.658866	27	134	147	280.454
-2.617994	2.760637	2.781135	128	7	44	280.256
1.308997	2.396274	-1.959260	149	150	45	279.988
-0.261799	2.349581	-2.702517	133	158	47	279.846
0.785398	0.866955	-0.931351	124	135	163	279.770
0.000000	1.194549	-0.801900	126	48	153	279.346
-3.141593	0.419640	2.974122	132	149	21	279.331
-1.832596	2.138223	1.678323	127	167	7	279.180
0.261799	1.836682	-0.676006	121	11	11	278.854
1.570796	2.979456	-1.009304	131	103	12	278.821
-2.617994	2.588535	-2.976617	139	15	49	278.804
-2.617994	1.545873	-1.877082	163	128	23	278.673
-1.570796	2.760637	2.781135	125	120	26	278.610
1.047198	0.571433	-1.188419	126	130	162	278.540
-2.879793	1.683268	0.374177	128	15	17	278.478
0.261799	1.617114	-1.572037	115	139	11	278.439
-3.141593	1.391910	3.030322	138	116	34	278.419
-3.141593	1.440580	2.260026	123	156	35	278.397
1.047198	0.619654	-2.216909	117	135	6	278.165
2.094395	1.135834	-1.431087	146	106	9	278.069
0.261799	1.113094	-0.272241	130	147	159	277.948
2.356194	1.506530	1.988858	119	13	28	277.847
0.000000	2.251330	-2.330739	124	126	27	277.782
0.523599	1.658653	-2.409879	129	129	37	277.727
1.832596	2.379497	0.561089	119	128	165	277.632
-1.832596	2.393226	1.857173	125	4	1	277.629
-1.308997	2.478122	2.609777	137	112	30	277.557
0.261799	0.685216	-1.712745	111	135	9	277.353
1.832596	2.041297	-2.664597	153	163	54	277.347
0.000000	1.417623	-0.202254	134	150	166	277.255
-1.047198	2.478122	2.609777	125	1	2	277.240
-1.047198	0.899350	-2.069907	127	22	166	276.993
2.356194	1.242974	-2.977882	135	155	48	276.988
0.523599	0.685216	-1.712745	116	138	3	276.899
2.094395	2.343981	-1.040456	149	100	9	276.789
-0.785398	2.033014	2.977192	126	8	6	276.781
2.356194	2.063651	-2.044600	158	158	46	276.764
2.094395	1.194549	-0.801900	151	108	164	276.488
1.570796	0.733948	3.021411	117	142	23	276.460
-2.617994	2.579248	-2.364801	148	22	42	276.401
-2.356194	2.108018	1.311430	124	4	1	276.282
-0.785398	0.850607	-1.335383	122	158	2	276.053
-0.523599	0.685216	-1.712745	122	158	10	275.985
1.308997	1.683268	0.374177	130	137	146	275.843
-0.785398	1.325504	-1.671296	126	160	13	275.683
2.879793	1.050534	3.042579	134	149	41	275.501
1.832596	2.984978	1.954446	137	28	30	275.315
1.570796	1.736875	3.023612	146	8	55	275.102
-2.617994	2.863997	0.549740	124	26	158	275.074
-2.879793	0.419640	2.974122	137	147	20	275.054
-2.879793	2.138223	1.678323	126	150	26	275.043
-2.879793	2.001437	0.381215	127	10	12	274.725
0.261799	1.128190	-2.288622	120	142	27	274.668
2.617994	0.864993	2.278281	119	166	30	274.649
-1.832596	0.203748	0.590255	116	165	11	274.621
0.523599	0.419640	2.974122	129	163	20	274.489
2.879793	1.504028	0.636812	26	145	158	274.083
-0.523599	1.214854	-1.966664	125	156	21	273.969
0.000000	1.325504	-1.671296	115	143	17	273.948
0.261799	1.606104	-0.451151	125	9	4	273.637
2.356194	2.724429	-0.348782	138	99	5	273.571
2.879793	1.413430	2.550734	124	124	28	273.512
2.879793	0.929350	-2.910676	142	143	38	273.500
-2.617994	2.704512	1.488683	129	146	31	273.474
-2.094395	1.741644	-2.695914	150	132	37	273.370
2.356194	2.108018	1.311430	118	17	12	273.191
-0.785398	0.379747	-1.713059	124	160	10	273.059
-2.617994	2.349581	-2.702517	145	139	33	272.990
2.094395	0.080730	-2.622036	124	154	15	272.980
-2.356194	2.478122	2.609777	127	123	28	272.889
1.047198	2.579248	-2.364801	151	107	28	272.885
-0.785398	0.866395	-2.492918	127	20	4	272.854
0.000000	1.846342	-1.796954	116	139	15	272.837
1.047198	1.875281	0.107086	125	137	148	272.836
2.617994	1.050534	3.042579	131	153	43	272.783
2.617994	0.914445	2.687814	124	157	37	272.702
1.570796	2.343981	-1.040456	133	106	10	272.657
-2.879793	0.418037	1.360082	116	0	13	272.640
-0.261799	2.760637	2.781135	153	106	25	272.573
2.356194	0.929350	-2.910676	133	148	40	272.468
-2.356194	2.295480	1.008277	124	0	164	272.366
-2.356194	2.089241	-0.114193	23	12	28	272.267
1.308997	0.733948	3.021411	120	149	18	272.257
2.617994	1.440580	2.260026	119	136	22	272.239
0.261799	0.899350	-2.069907	115	141	20	272.207
0.261799	0.850607	-1.335383	120	43	161	272.148
-2.617994	2.073035	2.027405	122	120	21	272.122
1.570796	1.510910	-0.740472	135	109	165	272.016
-1.570796	2.588535	-2.976617	125	136	32	271.900
2.094395	2.404280	-0.174044	127	107	164	271.747
-2.094395	2.108018	1.311430	127	149	11	271.722
2.356194	2.153910	-1.714959	163	151	41	271.605
-3.141593	1.335669	0.897240	29	148	155	271.514
1.570796	2.637879	2.121598	43	160	9	271.281
-2.356194	2.760637	2.781135	127	5	45	271.140
0.261799	1.325504	-1.671296	113	133	17	271.090
-3.141593	1.504028	0.636812	27	149	158	271.028
2.879793	1.555207	1.708892	112	136	7	270.908
-2.617994	1.683268	0.374177	127	157	3	270.545
0.261799	1.135813	-2.658866	129	147	33	270.493
0.261799	0.960688	-0.577532	126	167	3	270.458
-2.879793	1.824694	1.850876	114	121	12	270.432
0.785398	1.875281	0.107086	127	143	150	270.351
1.832596	2.343981	-1.040456	141	100	8	270.178
-0.261799	1.135813	-2.658866	125	162	14	270.118
0.523599	2.089241	-0.114193	126	16	5	270.062
0.523599	2.881233	-2.582574	147	103	22	269.923
0.000000	1.128190	-2.288622	123	148	27	269.914
2.617994	0.733948	3.021411	123	114	24	269.884
2.094395	0.640596	-2.797608	123	156	24	269.878
2.094395	2.164094	-2.991358	151	9	53	269.617
-0.261799	2.724429	-0.348782	135	29	22	269.583
2.094395	2.180315	-1.357379	155	102	15	269.416
1.308997	1.875281	0.107086	124	132	149	269.297
1.047198	2.379497	0.561089	126	22	13	269.274
2.356194	2.164094	-2.991358	147	10	52	269.192
0.261799	1.135834	-1.431087	114	137	2	269.143
1.308997	1.870545	-2.976234	150	167	56	269.134
-0.523599	2.579248	-2.364801	122	166	39	269.115
-2.356194	0.297065	2.160177	131	147	14	268.925
0.261799	1.658653	-2.409879	125	133	29	268.920
-0.523599	0.080730	-2.622036	125	143	13	268.898
1.832596	1.194549	-0.801900	145	108	165	268.652
-3.141593	1.184361	0.625864	27	148	155	268.583
2.617994	0.899350	-2.069907	149	147	31	268.569
-0.523599	2.115563	0.685730	33	123	161	268.548
2.617994	1.809167	1.213774	117	8	9	268.359
0.261799	1.696674	-1.253233	115	140	3	268.341
-2.617994	0.618092	2.539118	133	147	18	268.048
-3.141593	1.683268	0.374177	130	20	16	268.034
0.000000	2.153910	-1.714959	114	133	20	267.980
-1.047198	0.685216	-1.712745	125	167	5	267.979
-0.523599	0.899350	-2.069907	124	163	7	267.637
1.570796	1.875281	0.107086	125	126	149	267.341
-1.570796	2.719179	-1.780644	137	25	36	267.312
1.832596	0.992645	-1.723759	137	148	26	267.233
0.000000	1.134497	-1.109631	121	48	159	267.192
-2.617994	2.379497	0.561089	125	167	156	266.811
0.785398	0.619654	-2.216909	113	132	17	266.802
-2.879793	1.448123	-2.163292	166	158	40	266.765
0.785398	0.866395	-2.492918	118	143	20	266.736
0.261799	0.992645	-1.723759	111	135	12	266.670
0.000000	2.349581	-2.702517	137	155	47	266.638
-0.523599	2.588535	-2.976617	133	115	31	266.630
2.094395	0.619654	-2.216909	132	146	21	266.618
0.523599	2.588535	-2.976617	156	111	30	266.422
2.879793	1.134796	2.434290	124	158	38	266.401
-2.094395	2.719179	-1.780644	148	27	36	266.384
0.523599	0.960688	-0.577532	126	139	161	266.166
0.261799	1.909857	-0.381669	126	15	6	266.140
-2.879793	2.356369	3.005869	134	131	28	265.810
-0.523599	2.760637	2.781135	146	105	25	265.771
-1.308997	2.979456	-1.009304	144	30	30	265.748
0.261799	1.050534	3.042579	132	159	25	265.551
1.308997	2.001437	0.381215	123	139	152	265.535
-0.261799	2.579248	-2.364801	125	159	39	265.512
-2.617994	0.615174	-0.666022	131	21	151	265.479
-0.261799	2.041297	-2.664597	32	17	7	265.270
2.879793	1.335669	0.897240	26	145	153	265.162
-0.261799	0.458961	-0.107937	130	155	3	265.002
0.261799	2.349581	-2.702517	140	113	34	264.990
0.523599	1.721184	-0.153948	128	143	150	264.969
2.879793	1.506530	1.988858	122	161	26	264.877
-2.356194	2.138223	1.678323	129	144	28	264.839
0.000000	0.929350	-2.910676	129	162	19	264.771
-2.617994	2.041297	-2.664597	148	139	38	264.738
-0.523599	1.904882	-1.478089	129	154	21	264.731
-2.094395	2.881233	-2.582574	136	19	44	264.701
0.000000	0.850607	-1.335383	116	0	15	264.648
-2.879793	2.349581	-2.702517	146	146	35	264.630
1.047198	1.194549	-0.801900	129	155	9	264.626
-1.570796	2.478122	2.609777	131	116	30	264.564
0.000000	1.135813	-2.658866	133	150	33	264.508
-3.141593	0.914445	2.687814	131	146	36	264.437
-3.141593	2.138223	1.678323	121	156	24	264.287
-0.261799	1.569311	-3.003978	125	153	159	264.189
-0.523599	1.977582	0.969896	31	120	166	264.143
-0.261799	1.325504	-1.671296	117	149	17	264.088
-2.356194	2.407836	1.410646	134	100	6	264.080
2.356194	2.404280	-0.174044	135	102	163	264.077
2.879793	0.914445	2.687814	127	151	36	264.030
1.570796	2.089241	-0.114193	123	120	160	264.003
0.261799	0.379747	-1.713059	111	136	6	263.925
0.000000	2.396274	-1.959260	129	1	45	263.858
-0.523599	1.812176	0.656819	126	158	20	263.803
-0.523599	1.569311	-3.003978	148	139	42	263.497
2.094395	2.478122	2.609777	143	23	44	263.446
1.047198	0.866955	-0.931351	131	147	11	263.438
2.879793	0.864993	2.278281	121	158	30	263.404
1.570796	0.297065	2.160177	128	160	16	263.356
-0.785398	1.982574	-1.115518	132	162	8	263.340
1.832596	1.606104	-0.451151	137	109	150	263.177
-1.832596	1.869911	2.701025	140	119	37	263.159
2.879793	2.863997	0.549740	127	104	8	263.148
-1.832596	2.588535	-2.976617	133	7	50	263.135
0.261799	0.733948	3.021411	130	164	25	263.090
-0.785398	1.948085	-2.363031	130	14	47	262.969
1.832596	2.001437	0.381215	122	127	152	262.919
-1.570796	0.850607	-1.335383	128	4	0	262.755
-0.785398	2.719179	-1.780644	125	148	24	262.714
0.000000	1.606104	-0.451151	133	152	4	262.611
1.570796	1.870545	-2.976234	148	3	56	262.488
-0.261799	1.448123	-2.163292	123	146	28	262.487
2.617994	2.251330	-2.330739	159	2	50	262.292
-0.261799	1.741644	-2.695914	134	135	38	262.266
-0.261799	2.343981	-1.040456	126	156	13	262.233
-0.785398	1.448123	-2.163292	135	157	32	262.169
0.785398	1.721184	-0.153948	125	131	156	261.996
1.047198	1.391910	3.030322	141	13	53	261.667
-0.523599	0.619654	-2.216909	124	164	11	261.657
-0.785398	2.455966	-0.641220	141	31	21	261.527
2.094395	0.864993	2.278281	116	143	9	261.486
-1.308997	2.251330	-2.330739	130	20	43	261.474
2.356194	2.115563	0.685730	120	121	158	261.426
1.047198	1.812176	0.656819	132	148	151	261.425
-1.047198	0.379747	-1.713059	125	166	9	261.331
-2.617994	2.138223	1.678323	118	113	8	261.244
2.356194	0.618092	2.539118	116	0	20	261.207
-0.523599	2.456751	-1.503343	126	150	22	261.175
0.785398	0.419640	2.974122	128	158	21	261.130
-2.094395	2.588535	-2.976617	136	7	49	261.059
-2.617994	0.418037	1.360082	117	160	12	261.038
-2.879793	2.579248	-2.364801	151	21	42	260.939
-0.261799	2.153910	-1.714959	126	143	27	260.866
1.570796	2.001437	0.381215	122	133	152	260.836
1.832596	0.899350	-2.069907	129	114	11	260.720
1.308997	1.812176	0.656819	129	144	150	260.684
2.356194	1.872854	1.543456	116	146	4	260.663
0.785398	1.113094	-0.272241	132	121	154	260.617
2.879793	1.325504	-1.671296	167	148	31	260.567
1.570796	2.396274	-1.959260	154	143	41	260.566
0.000000	0.640596	-2.797608	126	163	19	260.550
-2.879793	2.164094	-2.991358	139	129	29	260.284
-0.523599	2.396274	-1.959260	124	142	28	260.179
2.356194	1.128190	-2.288622	143	146	37	260.155
2.094395	2.104282	-0.813972	145	103	6	260.086
-2.094395	0.615174	-0.666022	125	16	154	260.009
0.261799	0.866395	-2.492918	126	22	38	260.006
1.570796	2.407836	1.410646	129	55	0	259.911
1.832596	2.251330	-2.330739	159	157	50	259.785
2.879793	0.618092	2.539118	117	117	17	259.745
2.094395	2.379497	0.561089	116	124	162	259.676
1.832596	2.979456	-1.009304	139	100	13	259.626
-2.356194	2.073035	2.027405	125	151	32	259.591
1.047198	1.301460	-0.509251	129	118	159	259.539
2.617994	2.108018	1.311430	117	3	18	259.462
0.000000	1.982574	-1.115518	118	146	8	259.386
2.617994	2.592629	0.909713	115	123	3	259.326
0.000000	2.404280	-0.174044	132	158	3	259.096
-0.785398	1.367556	0.358405	26	119	160	259.086
0.261799	0.866955	-0.931351	123	38	154	259.032
1.308997	0.379747	-1.713059	126	149	12	258.913
-2.356194	1.846342	-1.796954	123	160	156	258.862
0.523599	2.863997	0.549740	136	27	28	258.722
0.000000	1.214854	-1.966664	116	143	21	258.675
-0.261799	2.455966	-0.641220	130	25	20	258.633
1.832596	0.685216	-1.712745	137	142	22	258.546
-0.523599	2.104282	-0.813972	130	24	21	258.407
-2.617994	1.870545	-2.976234	140	129	37	258.261
-1.047198	2.299159	2.264663	130	149	22	258.224
-2.879793	2.115563	0.685730	124	6	160	258.181
-2.094395	2.174483	2.653697	130	124	34	258.086
0.523599	1.301460	-0.509251	126	167	3	258.034
-3.141593	1.242974	-2.977882	146	148	44	257.982
1.047198	1.554776	0.100351	132	133	144	257.909
-3.141593	2.407836	1.410646	125	153	27	257.897
-3.141593	1.218453	2.777284	133	150	41	257.714
-2.356194	1.872854	1.543456	128	145	17	257.694
-0.523599	2.174483	2.653697	131	150	17	257.617
-0.261799	1.242974	-2.977882	127	12	9	257.550
2.617994	1.812176	0.656819	133	30	21	257.478
-2.356194	0.961715	0.014085	125	158	1	257.472
1.047198	1.736875	3.023612	150	8	55	257.433
-0.261799	1.870545	-2.976234	125	1	2	257.388
-2.617994	2.164094	-2.991358	136	137	36	257.357
2.617994	0.700570	1.559208	119	17	16	257.328
-2.879793	1.872854	1.543456	115	118	3	257.293
0.000000	1.413347	-1.339188	116	4	13	257.209
2.617994	0.910508	1.903534	117	7	23	257.198
0.000000	0.866955	-0.931351	122	43	154	257.128
1.570796	2.704512	1.488683	128	156	10	257.050
2.094395	1.696674	-1.253233	149	106	13	256.924
0.785398	0.640596	-2.797608	119	148	22	256.809
1.832596	2.724429	-0.348782	124	108	6	256.770
-0.261799	2.180315	-1.357379	118	18	21	256.666
0.523599	1.870545	-2.976234	147	132	42	256.577
-2.356194	1.824694	1.850876	126	147	26	256.502
-2.356194	1.977582	0.969896	124	0	166	256.448
-0.523599	2.979456	-1.009304	128	162	15	256.410
0.261799	1.413347	-1.339188	115	138	3	256.240
0.000000	1.658653	-2.409879	126	135	34	256.222
0.000000	0.615174	-0.666022	122	154	6	256.037
2.879793	2.247462	0.191623	128	11	151	255.955
0.523599	2.164094	-2.991358	154	155	52	255.768
-2.356194	2.174483	2.653697	129	129	34	255.714
0.000000	1.904882	-1.478089	118	143	17	255.684
-2.094395	0.203748	0.590255	116	2	12	255.612
-2.879793	2.247462	0.191623	126	0	150	255.564
-1.308997	0.379747	-1.713059	127	6	10	255.560
-0.523599	1.218453	2.777284	20	160	139	255.407
-0.523599	0.571433	-1.188419	118	11	13	255.163
-0.785398	2.063651	-2.044600	122	148	26	255.020
-0.523599	0.850607	-1.335383	117	151	2	255.015
-1.570796	0.203748	0.590255	119	157	11	254.847
1.570796	0.370812	-2.547742	115	118	13	254.612
-3.141593	2.587733	0.232235	127	3	148	254.601
-0.785398	1.736875	3.023612	151	130	41	254.463
2.879793	1.310100	1.488307	116	5	14	254.330
-2.879793	1.699788	2.452890	128	126	32	254.292
2.094395	0.618092	2.539118	118	7	30	254.142
0.261799	2.164094	-2.991358	150	155	52	254.110
-1.047198	2.153910	-1.714959	135	20	40	254.058
-1.832596	2.356369	3.005869	127	0	46	254.018
-0.523599	1.325504	-1.671296	122	156	17	253.852
-2.617994	2.407836	1.410646	128	142	21	253.771
2.094395	2.001437	0.381215	123	122	152	253.650
2.094395	2.587733	0.232235	116	120	163	253.607
-0.261799	2.396274	-1.959260	123	136	28	253.607
-2.094395	1.998705	2.370472	130	152	41	253.594
-2.879793	2.863997	0.549740	141	98	7	253.582
2.879793	1.872854	1.543456	112	134	3	253.507
2.094395	2.251330	-2.330739	162	159	50	253.490
-0.261799	0.370812	-2.547742	125	13	3	253.488
1.570796	2.041297	-2.664597	151	162	54	253.487
-0.523599	2.455966	-0.641220	134	29	21	253.458
-2.094395	1.699788	2.452890	138	114	32	253.430
-2.094395	2.138223	1.678323	126	4	5	253.347
0.523599	0.379747	-1.713059	112	126	6	253.146
-3.141593	0.640596	-2.797608	142	107	8	253.095
-2.356194	2.588535	-2.976617	138	11	49	253.007
-2.356194	1.214854	-1.966664	2	136	25	252.952
-1.308997	2.579248	-2.364801	129	146	31	252.940
0.785398	1.606104	-0.451151	123	35	151	252.850
0.000000	1.948085	-2.363031	125	132	30	252.797
0.785398	0.571433	-1.188419	125	153	13	252.740
0.000000	1.721184	-0.153948	133	15	7	252.628
-1.832596	2.760637	2.781135	122	127	26	252.619
-0.785398	0.866955	-0.931351	119	149	160	252.593
2.617994	0.929350	-2.910676	137	145	39	252.551
-1.308997	2.588535	-2.976617	126	130	32	252.463
-1.570796	2.063651	-2.044600	142	162	30	252.388
0.261799	0.419640	2.974122	130	1	24	252.319
-3.141593	1.014500	0.906702	29	148	152	252.249
0.785398	0.914445	2.687814	135	159	30	252.209
-1.047198	1.134497	-1.109631	127	161	164	252.114
-0.785398	2.349581	-2.702517	129	167	47	252.066
-1.047198	2.881233	-2.582574	122	132	27	252.041
2.617994	2.724429	-0.348782	146	98	5	252.023
-1.047198	2.456751	-1.503343	131	153	21	251.981
-0.261799	1.756530	-2.105156	124	13	41	251.893
0.000000	1.135834	-1.431087	117	4	14	251.886
2.356194	0.297065	2.160177	116	9	21	251.877
-0.261799	1.135834	-1.431087	118	12	15	251.870
-3.141593	1.310100	1.488307	115	166	14	251.806
0.261799	1.870545	-2.976234	128	147	0	251.781
1.832596	2.393226	1.857173	130	55	7	251.597
-0.523599	2.664082	-1.071402	129	159	15	251.572
1.308997	1.736875	3.023612	146	12	54	251.504
-0.785398	1.741644	-2.695914	139	142	41	251.489
2.879793	1.440580	2.260026	118	1	39	251.484
-1.570796	1.025536	1.576859	37	165	18	251.466
-1.047198	1.948085	-2.363031	133	18	47	251.408
-0.261799	1.948085	-2.363031	125	137	29	251.195
-1.832596	2.579248	-2.364801	143	17	48	251.116
-2.094395	1.766067	2.153843	133	146	35	251.070
1.308997	1.301460	-0.509251	133	114	159	250.996
0.000000	0.419640	2.974122	132	7	25	250.852
2.094395	2.174483	2.653697	137	20	44	250.800
0.785398	0.762244	-0.273349	134	128	161	250.765
-0.523599	1.846342	-1.796954	130	151	28	250.757
2.617994	0.618092	2.539118	114	124	17	250.735
-0.261799	0.615174	-0.666022	119	161	6	250.725
-2.094395	1.756530	-2.105156	128	146	163	250.714
1.308997	0.370812	-2.547742	112	129	13	250.650
0.523599	2.041297	-2.664597	141	123	40	250.646
1.832596	0.370812	-2.547742	121	162	21	250.625
0.523599	0.640596	-2.797608	124	154	22	250.597
0.000000	1.301460	-0.509251	126	5	6	250.546
-0.261799	0.866955	-0.931351	119	0	5	250.424
2.879793	1.128190	-2.288622	155	145	37	250.346
-0.523599	1.450119	-2.739050	141	144	38	250.230
-2.094395	2.356369	3.005869	136	1	52	250.154
1.570796	1.721184	-0.153948	128	119	148	250.148
0.261799	2.187132	-0.479875	124	151	1	250.148
1.047198	0.379747	-1.713059	121	155	12	250.074
0.523599	0.370812	-2.547742	117	151	13	249.909
-0.261799	0.899350	-2.069907	123	155	20	249.899
2.094395	2.396274	-1.959260	163	155	45	249.837
0.261799	1.134497	-1.109631	118	5	14	249.817
-0.261799	1.846342	-1.796954	116	141	22	249.648
-2.094395	2.393226	1.857173	133	143	33	249.640
-0.523599	2.164094	-2.991358	139	123	40	249.591
-2.879793	1.218453	2.777284	137	147	42	249.546
-2.617994	1.824694	1.850876	118	113	12	249.528
-2.879793	1.569311	-3.003978	145	155	43	249.500
0.261799	0.458961	-0.107937	134	131	155	249.472
0.000000	1.732874	-0.951685	121	52	162	249.442
1.570796	2.247462	0.191623	118	128	158	249.420
1.832596	2.187132	-0.479875	131	108	166	249.406
-0.785398	1.569311	-3.003978	148	138	42	249.289
-2.617994	1.440580	2.260026	130	115	28	249.265
-0.523599	0.379747	-1.713059	123	156	11	249.189
0.785398	0.906588	1.252948	28	22	27	249.134
-0.523599	2.153910	-1.714959	128	148	27	249.109
-2.356194	2.704512	1.488683	132	101	11	249.102
-0.523599	1.242974	-2.977882	127	12	6	249.093
0.261799	1.256302	0.062705	134	133	150	249.092
-2.356194	1.569311	-3.003978	138	167	30	248.971
-2.879793	1.045978	0.343692	29	149	156	248.838
1.570796	1.836682	-0.676006	131	110	166	248.733
-3.141593	2.108018	1.311430	115	122	0	248.702
0.000000	1.617114	-1.572037	114	139	16	248.666
-1.832596	2.478122	2.609777	127	121	30	248.594
0.785398	1.301460	-0.509251	128	161	3	248.469
2.879793	2.592629	0.909713	116	117	166	248.145
-2.617994	2.356369	3.005869	135	132	31	248.063
-2.094395	2.073035	2.027405	130	146	32	248.059
-0.523599	2.343981	-1.040456	128	22	27	248.058
-1.308997	1.948085	-2.363031	138	153	36	248.016
1.308997	0.914445	2.687814	130	63	9	247.900
0.261799	1.194549	-0.801900	121	4	9	247.764
-0.523599	2.251330	-2.330739	125	5	44	247.745
1.047198	2.001437	0.381215	126	146	153	247.693
-0.261799	1.417623	-0.202254	133	146	157	247.536
-0.785398	0.899350	-2.069907	125	167	9	247.526
-3.141593	1.374601	-2.456031	157	151	41	247.382
2.879793	1.809167	1.213774	117	1	8	247.262
-0.785398	1.554776	0.100351	136	1	142	247.250
2.356194	2.979456	-1.009304	14	39	21	247.141
-2.617994	2.295480	1.008277	123	6	164	247.040
1.047198	2.592629	0.909713	130	23	20	247.040
-0.785398	1.904882	-1.478089	134	158	22	246.863
-1.047198	2.033014	2.977192	127	14	5	246.784
-1.308997	2.174483	2.653697	141	114	35	246.779
-2.617994	2.393226	1.857173	120	156	27	246.775
2.617994	0.591903	2.010408	112	139	8	246.770
-2.356194	2.299159	2.264663	124	122	26	246.710
-0.523599	1.135813	-2.658866	125	166	15	246.654
-2.617994	1.256302	0.062705	125	11	165	246.615
-1.047198	1.756530	-2.105156	133	159	24	246.551
0.523599	0.571433	-1.188419	121	128	162	246.508
-2.094395	1.374601	-2.456031	162	133	33	246.484
-0.785398	1.335669	0.897240	126	17	12	246.418
-0.785398	1.195355	1.200319	126	9	20	246.355
-2.617994	0.458961	-0.107937	123	14	159	246.327
-1.047198	0.203748	0.590255	128	154	8	246.285
-3.141593	2.343981	-1.040456	12	30	22	246.227
-0.523599	1.135834	-1.431087	118	153	5	246.223
2.879793	1.247695	1.809890	114	132	9	246.166
-2.094395	1.977582	0.969896	128	146	6	246.049
0.000000	1.696674	-1.253233	117	6	11	246.046
2.879793	0.591903	2.010408	115	165	23	246.020
-1.308997	2.984978	1.954446	147	101	17	245.976
1.832596	0.379747	-1.713059	134	109	165	245.944
0.000000	1.756530	-2.105156	119	133	29	245.853
-2.617994	0.297065	2.160177	127	155	13	245.748
-1.308997	2.396274	-1.959260	137	156	28	245.716
1.832596	0.419640	2.974122	112	135	15	245.624
0.785398	0.370812	-2.547742	114	142	14	245.585
1.047198	1.606104	-0.451151	125	120	160	245.330
1.570796	1.134497	-1.109631	134	109	167	245.276
1.570796	0.618092	2.539118	122	154	18	245.251
-3.141593	0.618092	2.539118	126	113	21	245.233
-0.261799	0.571433	-1.188419	112	138	167	245.086
0.523599	1.417623	-0.202254	127	131	153	245.082
-0.261799	0.290380	-0.796960	114	123	165	244.952
1.832596	1.909857	-0.381669	130	110	154	244.883
2.094395	2.108018	1.311430	118	149	2	244.838
2.617994	0.850607	-1.335383	160	110	4	244.785
0.000000	2.579248	-2.364801	127	116	29	244.762
-1.832596	2.704512	1.488683	145	99	11	244.757
1.308997	1.510910	-0.740472	128	113	164	244.737
2.094395	0.419640	2.974122	113	126	15	244.716
-2.617994	0.762244	-0.273349	128	17	157	244.701
2.617994	2.760637	2.781135	136	148	20	244.673
-3.141593	0.418037	1.360082	116	13	12	244.649
1.570796	1.554776	0.100351	132	126	144	244.535
-0.523599	1.448123	-2.163292	127	151	28	244.433
-1.047198	2.984978	1.954446	155	102	16	244.357
-2.617994	0.591903	2.010408	122	108	8	244.331
0.261799	0.619654	-2.216909	116	148	17	244.198
-2.879793	2.587733	0.232235	127	165	148	244.133
-0.261799	1.606104	-0.451151	130	151	162	244.110
1.308997	0.960688	-0.577532	138	112	159	244.058
1.570796	0.960688	-0.577532	144	111	159	243.969
0.523599	1.875281	0.107086	131	149	151	243.955
0.000000	0.762244	-0.273349	130	150	163	243.873
-2.879793	2.592629	0.909713	127	106	166	243.817
-0.261799	1.617114	-1.572037	116	147	16	243.801
1.570796	1.699788	2.452890	134	59	16	243.739
-2.356194	1.699788	2.452890	133	118	32	243.685
-1.832596	0.864993	2.278281	25	5	35	243.647
0.261799	0.571433	-1.188419	114	121	167	243.626
0.000000	0.961715	0.014085	135	152	159	243.512
2.879793	0.733948	3.021411	132	144	33	243.452
0.523599	1.113094	-0.272241	132	164	167	243.419
1.832596	1.683268	0.374177	129	128	146	243.412
-0.785398	2.979456	-1.009304	134	158	20	243.388
0.000000	1.113094	-0.272241	130	136	157	243.297
-1.308997	2.089241	-0.114193	127	159	20	243.269
2.094395	2.115563	0.685730	119	128	156	243.214
1.570796	0.419640	2.974122	118	8	29	243.182
0.261799	0.762244	-0.273349	131	138	156	243.152
-2.879793	0.297065	2.160177	119	111	6	243.121
2.879793	2.251330	-2.330739	160	3	50	243.108
-1.047198	2.063651	-2.044600	126	153	26	243.085
-0.785398	1.617114	-1.572037	124	159	11	243.057
-1.832596	2.174483	2.653697	143	116	33	243.033
0.785398	0.615174	-0.666022	133	148	8	243.022
0.785398	0.379747	-1.713059	118	131	166	243.018
0.000000	1.545873	-1.877082	115	138	21	243.006
-1.832596	1.574060	2.783565	33	34	4	242.924
2.094395	0.370812	-2.547742	125	152	16	242.880
0.261799	0.910508	1.903534	4	159	133	242.777
-2.356194	1.870545	-2.976234	142	128	37	242.748
1.570796	1.194549	-0.801900	29	157	133	242.650
-2.879793	1.134796	2.434290	130	146	34	242.614
-0.785398	2.174483	2.653697	130	154	19	242.597
-0.523599	1.184361	0.625864	33	122	0	242.505
0.000000	0.992645	-1.723759	113	142	13	242.474
-2.094395	1.809167	1.213774	128	148	13	242.413
-1.047198	1.982574	-1.115518	134	165	166	242.328
1.308997	1.554776	0.100351	132	129	144	242.296
2.356194	2.356369	3.005869	144	17	48	242.284
2.094395	0.591903	2.010408	122	23	25	242.198
1.832596	2.247462	0.191623	119	121	157	242.123
-0.523599	1.948085	-2.363031	128	141	36	242.100
-0.261799	2.187132	-0.479875	131	25	14	242.061
0.000000	1.599406	1.426070	120	152	12	241.970
-1.047198	0.571433	-1.188419	124	157	4	241.909
-2.617994	1.367556	0.358405	126	160	6	241.849
2.879793	1.683268	0.374177	130	25	15	241.827
1.570796	1.218453	2.777284	126	148	28	241.807
0.000000	1.909857	-0.381669	129	17	13	241.635
-1.570796	2.579248	-2.364801	124	152	25	241.466
1.832596	2.456751	-1.503343	151	103	19	241.417
-3.141593	2.349581	-2.702517	152	9	50	241.383
-1.570796	0.899350	-2.069907	25	124	159	241.140
-0.261799	1.696674	-1.253233	126	151	15	241.115
-0.785398	1.846342	-1.796954	134	154	28	241.111
-0.785398	1.658653	-2.409879	136	150	38	241.082
-1.570796	2.104282	-0.813972	20	155	129	240.998
-0.523599	2.356369	3.005869	126	156	19	240.850
1.047198	1.721184	-0.153948	124	129	153	240.840
-0.261799	0.960688	-0.577532	122	164	0	240.825
2.879793	1.846342	-1.796954	167	155	40	240.810
-1.308997	2.456751	-1.503343	139	26	35	240.591
-1.570796	2.153910	-1.714959	35	5	145	240.555
-2.617994	1.569311	-3.003978	147	158	51	240.508
-3.141593	1.045978	0.343692	125	15	158	240.419
1.308997	0.571433	-1.188419	129	123	164	240.333
-2.356194	0.615174	-0.666022	126	17	152	240.307
-0.261799	0.992645	-1.723759	116	150	13	240.210
-3.141593	2.063651	-2.044600	166	167	46	240.173
-0.523599	2.180315	-1.357379	118	154	8	240.142
-0.261799	0.685216	-1.712745	117	151	10	240.137
-3.141593	1.128190	-2.288622	147	114	14	240.133
1.047198	1.413430	2.550734	142	63	18	240.090
-1.832596	0.866955	-0.931351	127	14	150	239.881
-0.261799	2.478122	2.609777	160	112	29	239.770
-2.879793	1.599406	1.426070	118	156	14	239.741
-2.879793	0.618092	2.539118	128	151	19	239.740
0.261799	1.448123	-2.163292	121	141	23	239.721
-2.356194	0.203748	0.590255	117	10	12	239.674
-2.617994	1.699788	2.452890	129	122	32	239.674
-0.785398	1.545873	-1.877082	129	160	24	239.652
-3.141593	2.295480	1.008277	119	115	162	239.596
1.047198	2.164094	-2.991358	158	160	52	239.536
1.570796	1.977582	0.969896	122	0	19	239.392
1.308997	1.194549	-0.801900	131	113	163	239.353
-1.047198	1.846342	-1.796954	23	135	129	239.348
-2.879793	1.413430	2.550734	131	150	40	239.272
0.261799	1.875281	0.107086	135	56	151	239.251
0.000000	1.448123	-2.163292	120	140	28	239.233
-1.308997	2.104282	-0.813972	18	159	128	239.192
0.000000	2.164094	-2.991358	145	158	52	239.179
-1.047198	2.396274	-1.959260	132	152	29	239.133
1.047198	0.370812	-2.547742	112	136	14	239.131
2.094395	2.979456	-1.009304	126	24	155	239.123
-2.617994	1.218453	2.777284	143	115	35	239.057
-3.141593	1.134796	2.434290	119	120	24	238.992
2.356194	1.696674	-1.253233	157	103	8	238.795
-1.570796	2.073035	2.027405	149	140	38	238.757
-1.047198	2.251330	-2.330739	123	144	30	238.749
1.047198	1.510910	-0.740472	123	119	164	238.705
2.356194	1.135813	-2.658866	136	150	37	238.704
-0.261799	1.836682	-0.676006	129	20	18	238.701
-0.523599	1.870545	-2.976234	124	7	1	238.525
0.000000	1.256302	0.062705	137	18	1	238.347
1.832596	1.135834	-1.431087	139	106	9	238.296
-2.094395	0.864993	2.278281	27	145	135	238.265
-3.141593	2.115563	0.685730	130	107	153	238.217
-1.047198	2.174483	2.653697	147	113	35	238.209
-2.094395	0.914445	2.687814	27	12	35	238.184
-2.094395	1.242974	-2.977882	146	161	33	238.054
-1.047198	2.104282	-0.813972	32	25	25	238.007
-0.261799	0.961715	0.014085	133	155	160	237.970
-2.356194	0.762244	-0.273349	126	11	157	237.954
-2.617994	1.658653	-2.409879	159	133	36	237.938
1.570796	2.299159	2.264663	38	10	25	237.934
0.785398	0.961715	0.014085	131	20	162	237.827
0.261799	1.301460	-0.509251	125	4	2	237.809
-0.785398	2.396274	-1.959260	127	148	28	237.766
-2.356194	1.741644	-2.695914	150	131	38	237.765
2.356194	0.899350	-2.069907	142	145	26	237.759
-2.879793	1.025536	1.576859	116	159	16	237.726
0.000000	2.104282	-0.813972	120	18	7	237.704
-2.617994	1.128190	-2.288622	122	9	156	237.698
0.000000	0.571433	-1.188419	115	137	163	237.469
-0.785398	1.413347	-1.339188	124	159	3	237.408
-1.570796	2.174483	2.653697	137	117	35	237.240
0.785398	1.134796	2.434290	134	132	17	237.093
-2.356194	1.998705	2.370472	129	120	30	237.067
-0.785398	1.050534	3.042579	22	155	137	237.056
-1.570796	2.664082	-1.071402	152	30	29	236.912
2.356194	2.587733	0.232235	124	110	0	236.882
2.356194	2.295480	1.008277	115	127	162	236.818
-1.308997	2.073035	2.027405	132	151	25	236.694
-1.308997	1.417623	-0.202254	32	132	161	236.650
-1.570796	2.251330	-2.330739	131	153	30	236.620
1.570796	0.418037	1.360082	9	128	145	236.561
-2.094395	0.929350	-2.910676	124	8	154	236.507
-1.047198	2.343981	-1.040456	140	30	27	236.507
0.261799	0.080730	-2.622036	125	156	14	236.460
0.785398	0.960688	-0.577532	128	131	164	236.458
2.617994	2.295480	1.008277	117	119	162	236.401
1.308997	1.606104	-0.451151	129	115	160	236.377
-2.617994	1.741644	-2.695914	151	155	40	236.349
1.308997	2.579248	-2.364801	158	108	27	236.316
-2.879793	1.658653	-2.409879	160	161	45	236.308
1.047198	1.113094	-0.272241	135	118	154	236.209
-0.261799	1.545873	-1.877082	122	55	13	236.202
-0.785398	2.153910	-1.714959	132	154	26	236.164
-2.617994	1.448123	-2.163292	164	131	31	236.139
1.047198	0.640596	-2.797608	115	143	21	236.121
-2.879793	2.295480	1.008277	124	109	162	236.082
-0.261799	0.866395	-2.492918	125	163	14	236.027
-0.785398	1.135813	-2.658866	128	18	0	235.972
-2.356194	2.881233	-2.582574	137	164	24	235.856
-2.094395	1.736875	3.023612	146	155	49	235.806
-2.094395	1.569311	-3.003978	150	122	35	235.676
-2.617994	1.045978	0.343692	31	154	156	235.617
-0.261799	1.413347	-1.339188	115	147	7	235.509
-0.523599	1.741644	-2.695914	138	140	41	235.499
1.308997	2.407836	1.410646	135	65	4	235.381
-2.094395	1.025536	1.576859	32	35	31	235.379
1.832596	1.869911	2.701025	134	52	22	235.379
-2.356194	1.448123	-2.163292	164	136	31	235.241
1.047198	1.683268	0.374177	132	140	145	235.220
-3.141593	0.961715	0.014085	126	5	156	235.194
2.617994	0.866395	-2.492918	139	146	28	235.183
-0.785398	1.756530	-2.105156	130	154	31	235.171
-1.047198	0.615174	-0.666022	121	17	3	235.160
1.047198	1.218453	2.777284	139	63	15	235.120
0.785398	2.164094	-2.991358	155	162	54	235.091
-0.261799	2.587733	0.232235	147	62	166	235.031
1.308997	1.721184	-0.153948	126	124	148	235.014
1.832596	2.396274	-1.959260	158	154	45	235.009
-0.523599	1.658653	-2.409879	129	144	34	234.975
-0.261799	1.904882	-1.478089	118	17	23	234.938
0.000000	0.866395	-2.492918	129	152	28	234.910
-2.879793	1.574060	2.783565	131	158	38	234.881
-0.261799	1.736875	3.023612	128	153	12	234.861
0.785398	2.115563	0.685730	134	59	156	234.859
-2.356194	2.579248	-2.364801	142	21	42	234.838
-2.879793	1.812176	0.656819	123	10	163	234.836
0.785398	2.379497	0.561089	129	154	166	234.800
2.617994	2.115563	0.685730	123	115	158	234.766
-3.141593	1.872854	1.543456	117	116	167	234.714
1.047198	1.134796	2.434290	144	67	7	234.710
-2.617994	1.766067	2.153843	125	119	25	234.681
-2.356194	2.356369	3.005869	130	131	33	234.679
-1.308997	0.615174	-0.666022	29	143	138	234.617
0.000000	2.187132	-0.479875	123	150	0	234.603
-2.356194	0.591903	2.010408	128	147	10	234.550
2.356194	2.760637	2.781135	142	57	18	234.528
-0.261799	1.433411	-1.035986	126	57	160	234.485
-1.047198	1.836682	-0.676006	13	155	126	234.325
2.356194	2.089241	-0.114193	136	105	155	234.211
2.356194	2.251330	-2.330739	159	0	50	234.180
-0.785398	1.256302	0.062705	131	165	144	234.108
-0.785398	2.664082	-1.071402	132	26	29	234.105
2.879793	0.700570	1.559208	116	8	15	234.104
1.047198	1.574060	2.783565	151	18	54	233.988
-2.617994	1.872854	1.543456	122	150	17	233.964
0.000000	1.450119	-2.739050	136	141	38	233.951
1.047198	0.080730	-2.622036	115	5	19	233.943
-2.879793	1.741644	-2.695914	151	130	38	233.741
-0.261799	1.909857	-0.381669	131	20	10	233.592
-0.523599	2.063651	-2.044600	131	144	33	233.552
-1.832596	2.349581	-2.702517	128	147	32	233.527
-2.879793	1.554776	0.100351	126	12	160	233.318
-0.523599	1.736875	3.023612	152	129	41	233.261
-1.570796	2.349581	-2.702517	129	14	46	233.251
1.308997	0.080730	-2.622036	116	163	17	233.250
0.261799	1.721184	-0.153948	130	147	150	233.195
-0.523599	2.041297	-2.664597	34	14	7	233.128
-2.879793	2.063651	-2.044600	153	127	29	233.125
1.570796	1.506530	1.988858	135	67	0	233.087
-1.570796	1.135834	-1.431087	31	135	8	233.023
-0.261799	1.982574	-1.115518	120	21	13	232.997
-0.785398	0.571433	-1.188419	118	153	167	232.976
2.094395	1.909857	-0.381669	136	106	154	232.888
0.785398	2.247462	0.191623	123	147	164	232.879
-1.570796	1.134796	2.434290	162	146	44	232.842
-3.141593	1.599406	1.426070	113	127	166	232.810
-1.308997	1.869911	2.701025	148	117	38	232.793
-1.570796	2.984978	1.954446	138	101	15	232.773
-2.617994	1.506530	1.988858	120	112	15	232.626
1.047198	1.909857	-0.381669	121	125	162	232.610
-0.785398	0.615174	-0.666022	118	10	5	232.589
-1.570796	1.617114	-1.572037	29	4	136	232.581
-1.570796	0.864993	2.278281	27	12	33	232.544
-0.785398	2.343981	-1.040456	132	157	12	232.528
1.047198	0.960688	-0.577532	132	117	157	232.473
1.832596	0.850607	-1.335383	35	154	141	232.429
-0.261799	2.164094	-2.991358	142	121	40	232.413
-2.094395	2.579248	-2.364801	134	148	28	232.348
1.308997	0.866955	-0.931351	124	125	162	232.234
-1.047198	1.909857	-0.381669	18	150	128	232.208
0.261799	2.089241	-0.114193	129	154	157	232.185
-0.785398	2.588535	-2.976617	130	121	32	232.136
-2.094395	1.658653	-2.409879	156	138	36	232.080
-0.523599	1.732874	-0.951685	130	157	8	231.976
-1.308997	2.033014	2.977192	140	124	40	231.932
-1.832596	0.914445	2.687814	128	16	157	231.919
-2.094395	1.448123	-2.163292	164	141	31	231.879
2.879793	0.619654	-2.216909	151	146	25	231.848
1.832596	0.618092	2.539118	120	14	31	231.846
-0.523599	1.134497	-1.109631	125	59	157	231.837
-2.094395	1.450119	-2.739050	156	127	35	231.758
-2.617994	1.450119	-2.739050	151	160	45	231.716
2.094395	2.247462	0.191623	123	114	157	231.670
2.094395	1.875281	0.107086	129	116	149	231.623
-3.141593	1.555207	1.708892	119	159	23	231.603
0.000000	1.554776	0.100351	135	142	151	231.536
0.000000	0.685216	-1.712745	117	9	22	231.372
0.000000	1.433411	-1.035986	121	51	160	231.305
2.356194	1.977582	0.969896	118	129	155	231.245
-0.523599	1.756530	-2.105156	126	18	41	231.240
-1.047198	2.588535	-2.976617	132	160	49	231.227
0.000000	1.510910	-0.740472	123	50	155	231.082
-3.141593	0.929350	-2.910676	140	151	27	231.044
0.785398	0.297065	2.160177	10	130	143	230.996
-1.308997	2.719179	-1.780644	137	153	27	230.996
-2.356194	1.756530	-2.105156	124	151	163	230.832
-2.094395	1.050534	3.042579	129	13	152	230.694
-1.047198	1.869911	2.701025	131	161	28	230.655
1.832596	1.699788	2.452890	129	55	16	230.646
1.832596	1.506530	1.988858	126	59	3	230.629
2.879793	0.370812	-2.547742	141	106	1	230.579
-2.094395	1.195355	1.200319	42	9	156	230.494
2.356194	2.001437	0.381215	126	116	152	230.470
0.785398	1.417623	-0.202254	128	126	154	230.459
-0.523599	1.982574	-1.115518	124	27	13	230.456
2.879793	0.640596	-2.797608	135	107	14	230.434
0.785398	0.080730	-2.622036	117	17	18	230.354
-0.785398	1.869911	2.701025	132	157	28	230.324
-2.094395	0.866955	-0.931351	129	20	148	230.319
-2.356194	2.349581	-2.702517	149	11	52	230.259
-0.523599	1.413347	-1.339188	118	147	0	230.246
1.832596	1.721184	-0.153948	131	116	148	230.122
1.308997	1.218453	2.777284	133	60	18	230.094
-0.785398	2.164094	-2.991358	136	126	39	230.043
-1.047198	0.960688	-0.577532	123	147	151	229.892
-3.141593	0.864993	2.278281	116	118	17	229.868
0.785398	2.033014	2.977192	159	4	55	229.863
-3.141593	1.214854	-1.966664	151	115	14	229.861
0.785398	2.592629	0.909713	137	60	167	229.853
-3.141593	1.617114	-1.572037	119	16	163	229.793
-2.617994	2.108018	1.311430	123	108	167	229.715
-3.141593	0.203748	0.590255	125	165	18	229.678
1.570796	0.571433	-1.188419	137	107	0	229.677
-2.094395	0.762244	-0.273349	125	156	1	229.671
1.308997	1.440580	2.260026	139	66	11	229.632
1.570796	2.251330	-2.330739	154	159	50	229.599
-2.094395	2.041297	-2.664597	145	138	38	229.513
-1.570796	0.961715	0.014085	128	137	140	229.484
-1.570796	2.456751	-1.503343	145	28	35	229.469
-1.832596	1.948085	-2.363031	146	155	36	229.445
0.000000	2.356369	3.005869	155	150	49	229.423
-0.785398	2.001437	0.381215	126	161	21	229.360
0.523599	1.050534	3.042579	139	149	36	229.329
1.308997	2.295480	1.008277	127	55	162	229.324
1.308997	0.419640	2.974122	120	22	28	229.225
-2.356194	2.164094	-2.991358	135	132	35	229.169
-2.617994	0.674054	1.013609	118	3	4	229.168
2.094395	1.732874	-0.951685	148	105	6	229.164
1.308997	1.699788	2.452890	19	150	129	229.112
2.356194	1.982574	-1.115518	158	102	8	229.094
-3.141593	0.700570	1.559208	115	1	15	229.080
-0.261799	1.113094	-0.272241	129	8	167	228.944
-1.308997	1.736875	3.023612	148	128	42	228.937
-2.879793	1.310100	1.488307	119	155	12	228.884
1.047198	2.299159	2.264663	40	6	161	228.808
-0.785398	2.299159	2.264663	134	149	25	228.797
-2.094395	1.247695	1.809890	136	139	27	228.782
1.047198	1.555207	1.708892	150	69	166	228.777
2.356194	2.349581	-2.702517	155	10	51	228.751
-1.570796	2.041297	-2.664597	134	144	36	228.751
1.570796	0.850607	-1.335383	133	110	167	228.728
-2.879793	1.948085	-2.363031	151	129	30	228.702
-0.261799	2.104282	-0.813972	126	18	21	228.701
-3.141593	0.496451	0.593859	125	166	16	228.684
-1.047198	1.699788	2.452890	160	115	33	228.660
-0.261799	1.510910	-0.740472	130	57	154	228.652
2.879793	2.295480	1.008277	116	122	163	228.539
-2.094395	1.134796	2.434290	30	143	140	228.463
-2.617994	2.089241	-0.114193	24	10	28	228.446
-2.879793	1.374601	-2.456031	149	116	19	228.355
1.570796	0.866955	-0.931351	140	108	167	228.219
1.570796	1.812176	0.656819	126	140	150	228.208
1.047198	1.417623	-0.202254	130	125	147	228.196
-2.879793	1.242974	-2.977882	144	153	41	228.040
-0.523599	2.379497	0.561089	33	125	162	227.973
-1.047198	1.128190	-2.288622	127	22	166	227.965
2.879793	0.203748	0.590255	127	1	18	227.923
-0.785398	2.180315	-1.357379	124	160	8	227.905
-2.356194	2.033014	2.977192	141	123	34	227.902
1.570796	2.719179	-1.780644	11	39	20	227.738
2.617994	1.977582	0.969896	118	4	3	227.730
-0.785398	2.587733	0.232235	33	127	159	227.688
-1.308997	2.041297	-2.664597	131	141	36	227.615
-2.879793	2.881233	-2.582574	143	22	39	227.392
-2.094395	2.299159	2.264663	126	152	35	227.357
0.000000	2.587733	0.232235	141	61	166	227.341
1.047198	1.506530	1.988858	149	68	4	227.336
-2.617994	1.184361	0.625864	32	153	155	227.309
2.879793	0.866395	-2.492918	148	142	34	227.228
-1.047198	1.195355	1.200319	127	24	5	227.088
-1.047198	0.850607	-1.335383	125	161	0	227.064
-3.141593	1.977582	0.969896	123	112	155	227.061
2.094395	2.187132	-0.479875	137	102	162	227.040
-1.047198	2.001437	0.381215	126	164	22	227.018
2.094395	1.506530	1.988858	121	53	3	226.970
-2.879793	1.128190	-2.288622	152	115	14	226.881
-2.879793	1.617114	-1.572037	117	8	163	226.877
-2.617994	2.719179	-1.780644	34	136	152	226.787
-1.832596	1.998705	2.370472	138	112	30	226.771
0.261799	2.356369	3.005869	160	154	50	226.715
-0.523599	1.545873	-1.877082	124	23	35	226.704
2.094395	2.664082	-1.071402	151	97	8	226.688
1.047198	0.290380	-0.796960	138	111	157	226.642
-2.094395	1.488617	1.159546	36	14	155	226.380
2.094395	0.379747	-1.713059	141	107	165	226.361
-2.356194	0.618092	2.539118	21	143	132	226.354
2.617994	2.379497	0.561089	124	111	164	226.334
-2.094395	2.033014	2.977192	133	165	53	226.287
2.879793	1.025536	1.576859	115	6	16	226.285
-2.617994	1.736875	3.023612	141	159	50	226.264
0.785398	2.001437	0.381215	132	32	159	226.254
-0.785398	1.812176	0.656819	126	166	21	226.217
0.523599	1.025536	1.576859	166	158	134	226.184
-1.047198	2.187132	-0.479875	23	155	130	226.101
-3.141593	1.247695	1.809890	114	163	24	226.065
-2.879793	1.506530	1.988858	115	119	15	226.037
-1.047198	2.349581	-2.702517	127	135	36	226.025
-1.047198	2.356369	3.005869	136	119	36	225.961
1.832596	2.089241	-0.114193	124	115	154	225.845
1.570796	1.683268	0.374177	129	133	146	225.767
-2.356194	1.488617	1.159546	34	12	155	225.706
-1.832596	1.367556	0.358405	33	32	5	225.619
1.308997	1.413430	2.550734	138	63	17	225.555
-2.617994	1.948085	-2.363031	152	131	30	225.525
-2.356194	1.809167	1.213774	125	2	3	225.453
-1.308997	0.960688	-0.577532	126	16	155	225.444
-2.356194	0.418037	1.360082	118	156	12	225.410
-3.141593	0.733948	3.021411	139	141	32	225.383
0.785398	0.290380	-0.796960	132	128	157	225.339
-0.523599	0.640596	-2.797608	129	21	10	225.323
2.617994	2.404280	-0.174044	142	100	163	225.304
-1.308997	2.356369	3.005869	128	120	32	225.158
-0.785398	1.134497	-1.109631	122	154	165	225.149
-2.356194	1.662363	0.915448	37	8	159	225.147
-0.785398	2.379497	0.561089	31	120	161	225.143
-1.308997	2.164094	-2.991358	130	130	36	225.089
0.523599	0.080730	-2.622036	119	153	5	225.064
1.832596	2.108018	1.311430	122	56	162	225.022
2.356194	0.419640	2.974122	117	126	7	224.998
2.356194	2.247462	0.191623	127	110	158	224.951
-2.356194	2.115563	0.685730	126	150	1	224.870
0.261799	1.417623	-0.202254	130	44	145	224.826
-0.523599	1.617114	-1.572037	118	153	12	224.692
2.356194	1.433411	-1.035986	157	106	4	224.660
-0.261799	2.108018	1.311430	32	122	5	224.636
0.261799	2.863997	0.549740	142	61	5	224.597
-2.617994	1.413430	2.550734	135	146	38	224.589
-1.832596	1.374601	-2.456031	42	147	14	224.512
-2.617994	0.700570	1.559208	116	117	0	224.435
-1.308997	1.301460	-0.509251	30	130	154	224.349
0.000000	1.184361	0.625864	147	35	142	224.295
-3.141593	0.297065	2.160177	119	153	20	224.215
-2.094395	2.001437	0.381215	31	28	18	224.144
-1.832596	0.615174	-0.666022	123	9	155	224.110
0.000000	0.080730	-2.622036	125	165	18	224.096
-2.356194	0.960688	-0.577532	129	17	148	224.080
-1.308997	1.699788	2.452890	154	112	33	224.068
-2.094395	2.063651	-2.044600	26	116	5	224.062
1.308997	1.574060	2.783565	138	57	24	224.046
-0.785398	0.290380	-0.796960	113	140	165	223.869
-1.832596	0.379747	-1.713059	31	151	7	223.859
-1.832596	1.391910	3.030322	155	125	40	223.799
1.308997	0.864993	2.278281	138	159	32	223.783
1.308997	1.977582	0.969896	123	1	10	223.701
-0.261799	1.599406	1.426070	118	159	12	223.692
-1.047198	2.164094	-2.991358	134	129	39	223.686
2.356194	1.555207	1.708892	116	146	6	223.496
-2.094395	1.869911	2.701025	137	121	37	223.411
-1.308997	1.721184	-0.153948	139	11	141	223.316
-1.308997	2.349581	-2.702517	127	140	36	223.287
1.832596	0.866955	-0.931351	146	107	165	223.268
-2.617994	1.374601	-2.456031	160	126	33	223.257
-0.261799	1.869911	2.701025	161	124	37	223.231
-2.356194	1.812176	0.656819	127	151	8	223.191
-2.617994	1.617114	-1.572037	117	1	163	223.136
1.832596	2.033014	2.977192	145	15	51	223.113
-1.047198	1.732874	-0.951685	129	20	158	223.084
-1.832596	1.247695	1.809890	27	146	139	223.026
-0.785398	1.417623	-0.202254	130	4	146	223.012
-1.308997	1.696674	-1.253233	33	22	22	222.990
-1.832596	2.001437	0.381215	31	33	18	222.895
-0.523599	0.733948	3.021411	15	153	133	222.777
-3.141593	1.756530	-2.105156	150	120	25	222.765
-2.879793	1.440580	2.260026	126	120	28	222.764
-2.879793	2.407836	1.410646	121	149	22	222.684
-2.879793	1.756530	-2.105156	155	130	26	222.653
0.523599	2.247462	0.191623	129	154	157	222.631
1.047198	1.440580	2.260026	147	67	11	222.628
-0.785398	0.960688	-0.577532	123	11	163	222.626
-0.261799	1.554776	0.100351	35	145	159	222.619
1.308997	1.599406	1.426070	29	23	27	222.471
-0.523599	0.866955	-0.931351	116	142	160	222.471
-0.785398	2.104282	-0.813972	135	69	156	222.470
2.356194	2.379497	0.561089	120	115	160	222.454
-2.094395	2.664082	-1.071402	31	131	147	222.426
2.879793	2.349581	-2.702517	153	9	51	222.407
1.570796	2.033014	2.977192	155	11	55	222.306
2.879793	1.135834	-1.431087	165	113	10	222.233
-1.832596	0.762244	-0.273349	127	150	3	222.210
0.000000	2.863997	0.549740	148	62	5	222.125
2.879793	1.617114	-1.572037	1	151	34	222.085
-2.879793	0.910508	1.903534	118	153	24	222.039
-0.261799	1.367556	0.358405	38	145	167	222.007
-0.523599	1.417623	-0.202254	129	0	145	221.941
1.047198	2.138223	1.678323	147	67	4	221.922
-0.261799	1.128190	-2.288622	130	155	31	221.905
-3.141593	2.251330	-2.330739	148	131	31	221.891
-2.356194	1.310100	1.488307	125	147	13	221.890
-0.261799	0.762244	-0.273349	127	156	167	221.808
-1.308997	2.295480	1.008277	123	24	164	221.741
-1.308997	2.153910	-1.714959	140	23	40	221.704
-1.570796	2.033014	2.977192	138	126	40	221.573
-2.879793	2.251330	-2.330739	159	7	49	221.559
0.000000	0.619654	-2.216909	122	152	20	221.470
-1.832596	1.699788	2.452890	139	110	28	221.446
-3.141593	1.168678	2.108595	114	124	17	221.441
0.523599	1.413430	2.550734	11	29	135	221.343
-2.356194	2.393226	1.857173	126	148	33	221.316
0.785398	1.554776	0.100351	130	135	147	221.309
-2.879793	2.979456	-1.009304	151	109	165	221.225
2.879793	2.588535	-2.976617	151	20	49	221.224
-0.261799	1.977582	0.969896	35	125	0	221.186
2.617994	1.025536	1.576859	118	15	17	221.167
-2.356194	2.041297	-2.664597	144	138	37	221.166
1.570796	1.824694	1.850876	133	60	167	221.148
1.308997	2.164094	-2.991358	157	2	55	221.098
-0.523599	0.615174	-0.666022	118	1	5	221.069
1.832596	2.138223	1.678323	126	59	6	220.959
-2.617994	1.195355	1.200319	121	155	7	220.922
-1.570796	0.906588	1.252948	42	16	15	220.836
1.570796	1.574060	2.783565	132	53	21	220.726
2.879793	1.977582	0.969896	132	27	25	220.574
-3.141593	0.910508	1.903534	112	125	9	220.557
-2.356194	1.736875	3.023612	142	156	49	220.547
-1.570796	1.391910	3.030322	157	128	40	220.447
-2.879793	1.135813	-2.658866	149	115	25	220.054
-1.832596	0.899350	-2.069907	125	142	5	220.000
-1.308997	0.866395	-2.492918	24	126	153	219.999
-1.570796	1.869911	2.701025	144	118	38	219.912
1.047198	1.310100	1.488307	27	21	29	219.629
-2.094395	1.128190	-2.288622	167	133	28	219.602
1.832596	0.960688	-0.577532	131	115	161	219.586
-0.261799	0.914445	2.687814	14	157	135	219.535
-0.785398	1.696674	-1.253233	125	159	2	219.434
-1.570796	1.128190	-2.288622	30	129	150	219.432
-0.523599	1.836682	-0.676006	133	158	2	219.423
2.356194	2.455966	-0.641220	148	99	3	219.393
0.000000	0.709924	0.218797	136	137	153	219.294
-1.047198	2.664082	-1.071402	139	29	29	219.273
-0.785398	1.433411	-1.035986	127	65	156	219.244
-2.617994	1.812176	0.656819	124	4	164	219.176
-2.879793	2.719179	-1.780644	34	130	152	219.155
-1.047198	1.335669	0.897240	130	22	11	219.103
-1.832596	1.450119	-2.739050	157	129	35	219.085
-1.832596	1.050534	3.042579	164	123	35	219.067
-1.308997	0.290380	-0.796960	23	141	135	219.051
1.570796	1.909857	-0.381669	125	114	154	219.049
-1.047198	1.998705	2.370472	155	111	30	219.039
-2.617994	2.063651	-2.044600	156	135	29	218.924
2.879793	1.367556	0.358405	128	20	8	218.866
2.879793	0.910508	1.903534	111	135	9	218.853
-0.523599	1.128190	-2.288622	133	156	28	218.766
-3.141593	0.906588	1.252948	30	153	145	218.727
1.308997	0.700570	1.559208	17	154	136	218.697
1.832596	1.510910	-0.740472	141	107	164	218.600
-2.094395	1.335669	0.897240	27	31	148	218.564
-1.832596	1.812176	0.656819	33	32	14	218.540
-1.570796	0.618092	2.539118	123	17	164	218.401
-0.261799	0.379747	-1.713059	119	22	20	218.360
-0.785398	2.041297	-2.664597	131	4	51	218.346
-1.570796	1.413430	2.550734	155	146	45	218.042
0.785398	1.218453	2.777284	142	63	18	218.024
-2.094395	0.960688	-0.577532	127	12	148	217.988
-2.617994	1.756530	-2.105156	158	129	27	217.973
-2.879793	0.458961	-0.107937	125	19	159	217.917
2.879793	0.297065	2.160177	116	161	20	217.873
0.261799	1.683268	0.374177	134	12	4	217.854
1.308997	1.809167	1.213774	32	25	22	217.836
-3.141593	2.592629	0.909713	128	106	5	217.707
-1.832596	0.496451	0.593859	120	161	4	217.634
2.879793	0.992645	-1.723759	160	111	13	217.633
1.047198	1.869911	2.701025	159	15	53	217.577
0.785398	1.391910	3.030322	142	146	38	217.521
-1.308997	0.458961	-0.107937	28	166	135	217.520
0.261799	1.569311	-3.003978	142	137	40	217.498
0.261799	0.591903	2.010408	10	135	142	217.469
-3.141593	0.866395	-2.492918	148	109	14	217.431
-0.785398	1.014500	0.906702	128	22	11	217.263
-0.785398	2.356369	3.005869	125	159	17	217.194
-2.617994	0.709924	0.218797	124	161	9	217.181
1.308997	0.297065	2.160177	129	0	24	217.171
-2.356194	1.128190	-2.288622	166	128	28	217.161
-1.308997	2.393226	1.857173	32	32	22	217.157
-1.308997	1.574060	2.783565	155	121	39	217.123
-2.617994	2.404280	-0.174044	23	31	20	217.121
2.879793	2.724429	-0.348782	154	98	2	217.094
-2.617994	1.134796	2.434290	132	145	40	217.076
-2.094395	1.014500	0.906702	33	16	147	217.058
0.000000	2.033014	2.977192	130	163	21	216.982
-0.261799	2.356369	3.005869	148	113	34	216.979
1.047198	2.704512	1.488683	142	62	6	216.966
-2.879793	1.168678	2.108595	117	117	16	216.937
-2.617994	1.113094	-0.272241	127	12	165	216.798
-2.356194	0.700570	1.559208	121	110	0	216.688
0.000000	0.899350	-2.069907	118	149	20	216.635
0.000000	1.836682	-0.676006	123	17	7	216.577
-1.308997	0.619654	-2.216909	23	153	132	216.446
-2.094395	2.456751	-1.503343	156	22	36	216.416
-0.785398	1.374601	-2.456031	139	153	33	216.366
-1.832596	1.335669	0.897240	34	34	167	216.365
-0.261799	1.335669	0.897240	154	37	143	216.293
-1.570796	2.164094	-2.991358	133	136	40	216.075
-1.570796	1.574060	2.783565	152	120	39	215.971
1.047198	2.393226	1.857173	42	155	12	215.812
1.832596	0.080730	-2.622036	121	159	15	215.791
1.308997	2.138223	1.678323	36	16	25	215.782
-2.356194	1.242974	-2.977882	144	162	33	215.762
-1.047198	2.180315	-1.357379	137	28	32	215.743
1.570796	0.080730	-2.622036	114	121	5	215.698
-2.879793	1.391910	3.030322	137	155	40	215.571
-2.356194	1.658653	-2.409879	156	134	36	215.500
1.047198	1.977582	0.969896	124	8	9	215.490
-2.356194	1.766067	2.153843	124	111	21	215.486
2.617994	2.153910	-1.714959	1	153	40	215.456
-1.047198	1.875281	0.107086	143	7	140	215.332
0.000000	0.910508	1.903534	8	139	144	215.287
-0.523599	1.574060	2.783565	161	129	39	215.284
-0.523599	1.113094	-0.272241	126	165	148	215.198
-2.356194	1.025536	1.576859	37	30	31	215.193
-1.047198	2.637879	2.121598	122	25	5	215.094
1.570796	1.998705	2.370472	33	7	32	215.040
1.570796	1.256302	0.062705	21	32	36	214.893
-2.879793	0.700570	1.559208	116	161	15	214.849
1.832596	1.836682	-0.676006	138	107	0	214.660
-2.356194	1.545873	-1.877082	164	132	23	214.650
0.261799	1.554776	0.100351	133	140	151	214.551
-1.570796	1.998705	2.370472	143	110	31	214.545
2.094395	1.662363	0.915448	125	134	149	214.453
-2.879793	2.187132	-0.479875	17	10	30	214.428
-1.308997	2.664082	-1.071402	145	30	29	214.394
1.570796	1.413430	2.550734	130	57	14	214.374
1.570796	1.134796	2.434290	128	60	16	214.357
-1.832596	0.961715	0.014085	125	117	167	214.357
2.356194	2.180315	-1.357379	160	107	18	214.285
2.094395	0.685216	-1.712745	142	142	24	214.222
-1.308997	1.606104	-0.451151	135	15	147	214.155
1.832596	1.310100	1.488307	130	64	160	214.054
1.832596	0.418037	1.360082	8	149	131	213.974
-1.570796	1.545873	-1.877082	31	125	162	213.970
0.523599	0.762244	-0.273349	129	135	156	213.957
-2.879793	1.504028	0.636812	30	151	159	213.949
0.000000	2.760637	2.781135	160	108	25	213.930
-0.523599	0.290380	-0.796960	116	165	12	213.896
2.356194	1.875281	0.107086	137	110	151	213.877
-0.785398	0.370812	-2.547742	17	152	132	213.834
0.523599	2.033014	2.977192	159	0	55	213.825
-1.832596	1.756530	-2.105156	31	6	135	213.718
-1.047198	1.510910	-0.740472	38	9	146	213.659
-1.832596	2.164094	-2.991358	130	141	34	213.658
-2.094395	0.910508	1.903534	133	161	4	213.657
-2.617994	1.242974	-2.977882	146	114	27	213.643
1.308997	2.393226	1.857173	41	161	12	213.639
0.000000	1.870545	-2.976234	143	128	40	213.552
-1.570796	2.187132	-0.479875	125	156	15	213.535
2.617994	0.297065	2.160177	115	1	20	213.334
-1.308997	0.866955	-0.931351	30	143	138	213.307
0.785398	1.824694	1.850876	38	155	19	213.268
1.308997	0.615174	-0.666022	141	110	155	213.233
-0.523599	2.724429	-0.348782	144	30	29	213.203
-0.785398	1.836682	-0.676006	37	14	155	212.885
-2.356194	0.458961	-0.107937	126	160	3	212.799
-0.785398	1.732874	-0.951685	8	158	128	212.730
-2.879793	1.014500	0.906702	31	152	152	212.714
-0.523599	1.869911	2.701025	129	154	11	212.701
0.523599	2.379497	0.561089	137	63	163	212.659
1.047198	1.599406	1.426070	150	68	159	212.590
-1.570796	2.396274	-1.959260	136	1	18	212.513
2.879793	2.379497	0.561089	129	106	164	212.476
-1.832596	2.073035	2.027405	138	141	36	212.474
1.832596	0.571433	-1.188419	144	107	0	212.458
2.617994	1.310100	1.488307	118	17	13	212.443
2.879793	2.343981	-1.040456	10	9	35	212.433
0.000000	0.864993	2.278281	9	157	134	212.415
-0.523599	1.662363	0.915448	124	162	16	212.410
1.047198	0.615174	-0.666022	131	125	161	212.352
1.570796	1.766067	2.153843	27	11	35	212.233
-1.832596	2.251330	-2.330739	140	159	33	212.194
-2.094395	2.592629	0.909713	25	13	32	212.120
-1.832596	2.108018	1.311430	125	5	166	212.100
-0.785398	1.214854	-1.966664	125	166	3	212.075
-2.879793	1.662363	0.915448	122	11	166	212.003
-0.261799	1.732874	-0.951685	10	155	129	211.993
0.000000	1.242974	-2.977882	126	153	162	211.933
-2.356194	1.050534	3.042579	29	19	33	211.897
-2.617994	1.168678	2.108595	122	110	16	211.875
-2.094395	1.870545	-2.976234	143	127	37	211.857
-2.356194	0.864993	2.278281	131	148	15	211.852
-0.261799	1.194549	-0.801900	126	52	152	211.802
-1.308997	1.413430	2.550734	160	116	34	211.774
2.617994	0.992645	-1.723759	154	143	25	211.763
-2.617994	0.203748	0.590255	128	148	18	211.763
2.356194	0.685216	-1.712745	138	113	2	211.743
2.617994	2.349581	-2.702517	154	9	51	211.663
-3.141593	2.001437	0.381215	125	11	154	211.626
-3.141593	0.709924	0.218797	126	18	159	211.591
-0.261799	0.864993	2.278281	13	137	145	211.581
2.094395	1.836682	-0.676006	142	102	159	211.519
2.879793	2.455966	-0.641220	134	151	141	211.509
-2.617994	1.391910	3.030322	141	112	32	211.507
-1.570796	1.756530	-2.105156	33	127	165	211.484
-1.570796	1.184361	0.625864	34	37	165	211.331
-2.094395	0.591903	2.010408	137	100	8	211.313
-2.356194	1.113094	-0.272241	34	151	16	211.258
-1.832596	1.736875	3.023612	34	33	5	211.232
-1.047198	1.721184	-0.153948	136	9	141	211.177
-1.308997	0.496451	0.593859	133	145	16	211.149
-3.141593	1.135813	-2.658866	144	110	18	211.124
-2.879793	2.455966	-0.641220	16	32	21	211.121
-2.094395	1.846342	-1.796954	167	137	28	211.109
-3.141593	1.545873	-1.877082	152	118	20	211.039
2.094395	0.850607	-1.335383	147	107	5	211.000
-1.308997	1.875281	0.107086	143	8	139	210.992
-1.047198	1.904882	-1.478089	25	129	135	210.932
-2.356194	1.440580	2.260026	133	111	27	210.898
-2.094395	0.961715	0.014085	122	122	167	210.846
2.356194	0.850607	-1.335383	154	104	163	210.842
0.523599	0.961715	0.014085	136	125	149	210.808
2.094395	0.418037	1.360082	130	2	24	210.773
-1.047198	1.696674	-1.253233	131	166	2	210.749
-1.308997	0.850607	-1.335383	126	0	167	210.699
1.832596	1.812176	0.656819	124	135	149	210.696
1.308997	1.134796	2.434290	136	66	8	210.685
-1.047198	0.640596	-2.797608	22	128	151	210.537
-2.356194	1.869911	2.701025	141	115	31	210.531
-3.141593	1.417623	-0.202254	131	21	157	210.529
-2.356194	1.617114	-1.572037	119	161	163	210.475
-2.356194	1.450119	-2.739050	152	123	31	210.428
-3.141593	0.591903	2.010408	116	158	24	210.300
-0.261799	1.134796	2.434290	12	159	137	210.187
1.308997	2.704512	1.488683	131	150	167	210.086
2.617994	0.080730	-2.622036	134	146	16	210.016
-2.094395	0.496451	0.593859	119	0	4	209.970
-3.141593	1.488617	1.159546	118	167	5	209.966
-2.617994	0.914445	2.687814	137	101	21	209.890
-2.617994	2.881233	-2.582574	143	24	43	209.879
-2.094395	1.506530	1.988858	135	142	30	209.850
-1.308997	1.809167	1.213774	27	161	35	209.814
-1.570796	2.356369	3.005869	125	125	32	209.807
0.000000	1.875281	0.107086	142	60	150	209.698
2.879793	1.488617	1.159546	118	6	5	209.659
-1.832596	1.440580	2.260026	143	105	24	209.631
-2.617994	1.214854	-1.966664	1	130	25	209.573
-0.785398	1.766067	2.153843	142	149	32	209.524
-1.832596	1.741644	-2.695914	146	143	39	209.520
-0.261799	1.574060	2.783565	132	3	30	209.512
2.617994	1.504028	0.636812	1	158	123	209.479
-1.308997	1.977582	0.969896	127	24	5	209.358
0.785398	1.195355	1.200319	32	20	25	209.322
-2.617994	2.001437	0.381215	126	155	163	209.280
-1.047198	0.929350	-2.910676	24	138	142	209.276
2.879793	2.396274	-1.959260	167	4	47	209.247
-2.356194	2.001437	0.381215	36	155	19	209.065
-0.261799	1.301460	-0.509251	132	52	149	208.969
-0.523599	1.301460	-0.509251	128	148	158	208.900
2.617994	1.909857	-0.381669	18	139	28	208.730
0.000000	0.290380	-0.796960	117	116	165	208.679
-0.785398	1.998705	2.370472	161	114	31	208.658
-1.570796	1.310100	1.488307	36	163	25	208.650
-2.094395	2.164094	-2.991358	135	130	35	208.632
-2.094395	1.824694	1.850876	134	10	41	208.629
-2.879793	1.247695	1.809890	122	151	23	208.552
2.617994	2.180315	-1.357379	5	9	34	208.540
2.617994	2.247462	0.191623	132	106	158	208.473
-1.570796	0.379747	-1.713059	32	154	6	208.463
2.879793	0.961715	0.014085	129	10	156	208.417
-2.356194	1.391910	3.030322	148	150	46	208.399
-3.141593	1.875281	0.107086	26	140	24	208.288
0.000000	2.089241	-0.114193	130	152	161	208.238
-2.094395	2.295480	1.008277	124	21	7	208.238
-0.785398	1.870545	-2.976234	143	133	42	208.144
-1.047198	1.741644	-2.695914	138	147	37	208.092
-0.261799	2.174483	2.653697	135	146	18	208.083
2.094395	1.510910	-0.740472	146	104	157	208.042
-0.785398	1.128190	-2.288622	124	2	7	208.039
-2.879793	0.640596	-2.797608	162	110	26	207.920
0.000000	2.174483	2.653697	164	120	34	207.679
2.879793	1.662363	0.915448	27	144	153	207.640
-0.523599	1.909857	-0.381669	133	16	155	207.579
1.308997	1.766067	2.153843	143	68	7	207.566
-2.356194	1.256302	0.062705	35	159	15	207.546
-1.570796	1.569311	-3.003978	152	135	42	207.545
-0.785398	2.247462	0.191623	31	124	155	207.443
-2.617994	2.251330	-2.330739	151	147	35	207.376
0.261799	1.367556	0.358405	133	14	0	207.294
-1.047198	1.736875	3.023612	34	7	146	207.250
-1.570796	1.325504	-1.671296	24	5	130	207.249
-2.094395	1.574060	2.783565	140	117	36	207.237
0.261799	0.929350	-2.910676	24	36	155	207.227
1.570796	2.073035	2.027405	137	67	6	207.135
-3.141593	0.899350	-2.069907	153	148	25	207.130
1.308997	0.290380	-0.796960	138	120	161	207.069
-2.094395	1.617114	-1.572037	122	154	162	206.942
2.356194	1.301460	-0.509251	30	126	160	206.837
-2.617994	1.417623	-0.202254	129	11	159	206.824
-1.308997	2.180315	-1.357379	31	7	141	206.823
-2.356194	1.554776	0.100351	125	155	145	206.805
-1.832596	2.033014	2.977192	135	165	51	206.793
-2.617994	1.977582	0.969896	124	7	163	206.697
-1.832596	1.218453	2.777284	157	117	35	206.671
