#Coordinates  RecID  LigID  Luciferin  Neighbor's number  Vision Range  Scoring
(28.2205904, -15.1237610, 25.6989194,  0.6031498,  0.4048533,  0.5937219,  0.3461190)    0    0   3.18213342  7 0.440   3.28238413
(16.6643884, -18.2305216, 21.5175341, -0.2698012,  0.5219706,  0.4951803,  0.6399613)    0    0  -9.88820139  2 5.000  -5.61591466
(22.6930385, -10.0573898, 29.1679351, -0.2935626, -0.7264958, -0.5841226,  0.2117208)    0    0  13.05579079  4 0.680   9.08637297
(24.8083949, -8.7776619, 24.8704917,  0.4751011, -0.2952041, -0.1164764, -0.8207111)    0    0   6.38778876  4 0.400   3.05428283
(28.2498801, -15.3306872, 26.0296098,  0.6294787,  0.3547606,  0.6057696,  0.3330835)    0    0  -5.06208056  0 0.400  -3.33717252
(31.9916902, -12.9278183, 22.3798843,  0.3692020,  0.5167143, -0.4400436, -0.6348684)    0    0  -0.43905638  1 5.000  -0.22512678
(21.8221789, -10.4557348, 29.8089045, -0.2935664, -0.7264924, -0.5841161,  0.2117452)    0    0  14.83320176  0 2.880   9.96661966
(19.8386780, -16.0443041, 27.5245104, -0.0327742,  0.5032058, -0.5839278, -0.6361904)    0    0   7.93582857  9 3.000   4.56121616
(24.7713367, -17.7323613, 29.6195159, -0.8146911,  0.3377197, -0.3097205,  0.3553830)    0    0  10.43914481  1 5.000   6.16150305
(28.0465339, -14.9937450, 25.9620599,  0.6032834,  0.4050099,  0.5935725,  0.3459592)    0    0   4.68139734  0 0.400   3.71031379
(32.1689682, -12.6663256, 22.4924171,  0.3692024,  0.5167137, -0.4400501, -0.6348642)    0    0  -1.80682766  0 0.640  -0.47045843
(27.0722219, -5.7742902, 28.3709412, -0.0891864,  0.7451525, -0.3934232, -0.5310478)    0    0  14.71773168  0 3.480  10.25657101
(28.1255154, -15.3372512, 25.6980219,  0.6033105,  0.4050403,  0.5935433,  0.3459264)    0    0   5.25953257  6 0.280   3.54129769
(26.7263484, -19.5112484, 26.1053817, -0.4681065, -0.2206173, -0.7711948, -0.3707598)    0    0   5.07522519  3 1.640   3.40803861
(26.5118034, -19.2198850, 26.1534373, -0.4681052, -0.2206156, -0.7711963, -0.3707596)    0    0   5.18492586  2 1.240   4.02378122
(30.0067937, -9.2614114, 27.5089134,  0.6433489, -0.0861972, -0.6493848,  0.3961963)    0    0  12.29700840  4 4.760   8.19566779
(26.5937551, -19.6096017, 26.3396305, -0.4681059, -0.2206162, -0.7711956, -0.3707595)    0    0   4.51125052  8 1.880   4.07653246
(27.1658611, -5.6795755, 28.1322263, -0.0891867,  0.7451523, -0.3934234, -0.5310479)    0    0  13.76945275  3 5.000   9.97837335
(22.2223638, -10.2652239, 29.4284709, -0.2935643, -0.7264944, -0.5841232,  0.2117217)    0    0  14.61146324  1 1.640   9.89150178
(27.1996732, -5.9542892, 28.2205171, -0.0890770,  0.7451163, -0.3934396, -0.5311048)    0    0  11.58734865  8 0.520   8.97555536
(25.3900258, -3.7686942, 20.2818981, -0.2912489, -0.4729381,  0.1038759,  0.8250533)    0    0 -15.79018208  0 5.000 -10.52671517
(25.3084877, -8.1042951, 15.4755539, -0.7206675, -0.1666310, -0.3194424,  0.5923082)    0    0 -15.00466106 13 0.160 -10.07743682
(31.7965166, -12.9136855, 22.2450524,  0.3692022,  0.5167140, -0.4400468, -0.6348663)    0    0  -0.86070579  3 0.840  -0.50257949
(19.3966807, -16.2561001, 27.6512321, -0.0327741,  0.5032060, -0.5839274, -0.6361906)    0    0   7.87494589 10 0.440   4.50214538
(31.5650135, -12.9148260, 22.0910538,  0.3692020,  0.5167143, -0.4400436, -0.6348684)    0    0  -0.46115066  2 5.000  -0.35346272
(24.5459128, -9.1171376, 24.6669065,  0.4750852, -0.2952095, -0.1164793, -0.8207180)    0    0   7.57418458  8 0.400   5.16617803
(24.7109198, -9.1996992, 24.3856889,  0.4750900, -0.2952076, -0.1164787, -0.8207159)    0    0   7.53089328  0 0.480   5.18782979
(24.9255271, -8.2197792, 15.7504743, -0.7206963, -0.1665623, -0.3192816,  0.5923792)    0    0 -15.86330340 26 0.000 -11.50230602
(24.5886897, -8.9853866, 24.8058096,  0.4751097, -0.2952010, -0.1164753, -0.8207074)    0    0   7.55430097  2 0.480   5.45632680
(28.3341755, -15.1786566, 25.3110738,  0.6030345,  0.4047228,  0.5938576,  0.3462398)    0    0   3.54732335  0 0.600   3.24196328
(27.5904906, -11.4184921, 29.2493246, -0.9719324,  0.1171918, -0.2034383,  0.0150469)    0    0  10.51512540  4 5.000   7.92283507
(24.1947096, -17.9916122, 16.5714968,  0.9116701,  0.3213451, -0.0845326, -0.2417627)    0    0 -14.04224873  2 5.000  -9.38941178
(25.4384166, -8.0301678, 15.3026539, -0.7206766, -0.1666104, -0.3193993,  0.5923261)    0    0  -7.64512190  5 0.400  -3.88551312
(25.2121392, -8.3660487, 15.6691896, -0.7206926, -0.1665735, -0.3193204,  0.5923596)    0    0  -8.19637860  0 0.480  -5.60897964
(24.3737264, -9.2109289, 24.4189920,  0.4750986, -0.2952065, -0.1164804, -0.8207111)    0    0   6.16456498  0 0.400   5.27468208
(29.6433172, -8.9063681, 27.5745598,  0.6433489, -0.0861976, -0.6493846,  0.3961968)    0    0  12.38843958  3 5.000   8.38303229
(26.5906942, -19.6158150, 26.3577355, -0.4681060, -0.2206166, -0.7711953, -0.3707600)    0    0   4.12994114 11 2.120   3.80326605
(25.3892584, -7.9381373, 15.8524796, -0.7206741, -0.1666170, -0.3194109,  0.5923211)    0    0  -8.46403694 11 0.480  -6.23248627
(25.4340408, -7.7260027, 15.8502917, -0.7206736, -0.1666177, -0.3194165,  0.5923184)    0    0  -7.99804556  2 0.640  -5.37819712
(29.6414031, -8.9009594, 27.5752068,  0.6433489, -0.0861976, -0.6493845,  0.3961969)    0    0  12.41397652  1 5.000   8.39957181
(22.4122828, -10.1874317, 29.4708620, -0.2935662, -0.7264941, -0.5841186,  0.2117326)    0    0  14.23004472  8 2.280   9.41350703
(25.9919803, -7.8499253, 15.5056629, -0.7206721, -0.1666204, -0.3194333,  0.5923105)    0    0  -8.96812665  6 0.560  -6.40147967
(28.2147164, -15.2490173, 25.9260819,  0.6033170,  0.4050476,  0.5935368,  0.3459178)    0    0   5.20066858  8 0.280   3.33275434
(21.4589373, -16.1282378, 13.9799659,  0.0843604,  0.9594320,  0.1999929,  0.1799344)    0    0 -30.03217762  0 5.000 -20.02145178
(28.1656298, -15.1630345, 25.6796618,  0.6033038,  0.4050333,  0.5935519,  0.3459317)    0    0   5.29717546  5 0.680   3.59865801
(25.6005347, -8.1687355, 15.7707557, -0.7206816, -0.1665982, -0.3193843,  0.5923316)    0    0 -10.04367981  0 0.400  -3.62522845
(28.1895478, -15.0796437, 25.7657301,  0.6032049,  0.4049193,  0.5936618,  0.3460489)    0    0   4.57082641  0 0.400   3.60417127
(28.1490117, -15.0378263, 25.8880933,  0.6033146,  0.4050425,  0.5935321,  0.3459359)    0    0   4.76372646  0 0.400   3.54513398
(25.5330204, -7.9500603, 15.7978579, -0.7206686, -0.1666289, -0.3194468,  0.5923051)    0    0  -7.18883285  3 1.000  -4.42077797
(20.2725487, -15.9809040, 27.3847584, -0.0327739,  0.5032061, -0.5839267, -0.6361911)    0    0   9.26272345  4 0.760   6.68697622
(26.6487403, -19.6272084, 26.3522279, -0.4681068, -0.2206172, -0.7711947, -0.3707599)    0    0   3.13056173 12 2.120   1.07529482
(31.3934482, -12.8610374, 21.9772274,  0.3692020,  0.5167143, -0.4400439, -0.6348682)    0    0  -1.29152904  7 0.200  -0.22829308
(25.3900426, -8.1383503, 15.9385057, -0.7206912, -0.1665766, -0.3193250,  0.5923580)    0    0  -8.04413561  1 0.720  -5.38278089
(27.1422377, -5.8678860, 28.2565950, -0.0881562,  0.7447780, -0.3936059, -0.5316083)    0    0   6.78195455  7 0.520   7.90342027
(24.8087545, -9.2333031, 25.0689826,  0.4751119, -0.2952000, -0.1164737, -0.8207067)    0    0   7.56025255  1 0.720   5.19725632
(31.6915488, -12.9006520, 22.1761405,  0.3692020,  0.5167143, -0.4400436, -0.6348684)    0    0  -0.24241441  0 4.360  -0.15382441
(22.5380273, -10.1088926, 29.0878831, -0.2935633, -0.7264961, -0.5841267,  0.2117074)    0    0  14.49057727  1 1.280  10.48773752
(24.3645602, -9.2364919, 24.4309183,  0.4750848, -0.2952097, -0.1164797, -0.8207181)    0    0   7.66565706  9 1.120   4.98241183
(21.6264487, -10.6091609, 30.1243236, -0.2935670, -0.7264927, -0.5841162,  0.2117429)    0    0  14.59154903  5 1.480   9.78397893
(19.5488359, -16.2513797, 27.6964804, -0.0327741,  0.5032059, -0.5839273, -0.6361906)    0    0   8.39294565  6 0.680   6.61625117
(19.9824813, -15.9871433, 27.4229768, -0.0327742,  0.5032058, -0.5839278, -0.6361903)    0    0   8.32556590  7 4.280   4.01815173
(26.0632014, -7.8857814, 15.8443079, -0.7206723, -0.1666212, -0.3194234,  0.5923154)    0    0 -10.46224943  1 0.480  -4.11241267
(28.4498763, -15.6871640, 25.3816194,  0.6031726,  0.4048791,  0.5936960,  0.3460936)    0    0   3.95673771  2 0.800   3.13353369
(27.5412353, -6.4841485, 28.3156288, -0.0885553,  0.7449299, -0.3935297, -0.5313866)    0    0  10.02135737  1 0.680   8.47820385
(30.0097085, -9.2654552, 27.5082722,  0.6433490, -0.0861968, -0.6493851,  0.3961958)    0    0  12.08981804  8 0.520   8.17057287
(24.4638262, -9.2489594, 24.4459119,  0.4750954, -0.2952061, -0.1164783, -0.8207134)    0    0   7.61163968  6 0.760   4.85891100
(26.4840490, -19.0395068, 25.9170008, -0.4681055, -0.2206159, -0.7711958, -0.3707600)    0    0   2.89367535 14 0.920   1.30285354
(26.4666596, -19.1064627, 26.2174747, -0.4681061, -0.2206167, -0.7711953, -0.3707598)    0    0   4.20116628  9 0.360   3.80462914
(22.2184891, -9.9601536, 29.3440906, -0.2935628, -0.7264955, -0.5841198,  0.2117291)    0    0  11.95298317  6 0.440   6.79887215
(31.7693257, -12.9480889, 22.1128471,  0.3692026,  0.5167140, -0.4400475, -0.6348656)    0    0  -1.22851612  4 0.520  -0.13157985
(29.6073448, -5.0273079, 24.6817516,  0.2519113,  0.5604234, -0.4197850, -0.6680168)    0    0   0.99449877  0 5.000   0.73850061
(28.3151950, -15.1854765, 25.6842771,  0.6032501,  0.4049701,  0.5936088,  0.3460017)    0    0   4.22250281 16 0.080   3.37624962
(25.7790362, -7.9219615, 15.4614196, -0.7206887, -0.1665801, -0.3193464,  0.5923484)    0    0 -11.27490197  0 0.400  -8.83852716
(24.3800644, -9.2240960, 24.4540621,  0.4750831, -0.2952104, -0.1164800, -0.8207186)    0    0   8.12449198  0 5.000   5.41737295
(19.6196787, -16.1576441, 27.5122145, -0.0327742,  0.5032059, -0.5839276, -0.6361904)    0    0   9.86295461  2 3.160   7.00625029
(22.6979745, -10.0723160, 29.1262294, -0.2935654, -0.7264955, -0.5841245,  0.2117125)    0    0  12.78651855  4 0.880   6.94192992
(26.8846079, -5.4361367, 28.6272272, -0.0891864,  0.7451526, -0.3934231, -0.5310478)    0    0  13.80941866  1 5.000  10.25965716
(26.5088688, -19.1875126, 26.1094187, -0.4681049, -0.2206154, -0.7711965, -0.3707594)    0    0   5.44553058  0 5.000   3.63379626
(24.1751212, -18.0346514, 16.5847952,  0.9116701,  0.3213452, -0.0845326, -0.2417627)    0    0 -17.43881131  7 4.200 -14.34002216
(27.5529847, -11.7751223, 29.2711594, -0.9719324,  0.1171917, -0.2034382,  0.0150470)    0    0  10.53137399  3 5.000   5.68428104
(24.8654360, -9.2612340, 24.6657136,  0.4750911, -0.2952078, -0.1164783, -0.8207153)    0    0   7.81047155  1 0.720   5.53990496
(32.1016138, -12.8754857, 22.4484968,  0.3692021,  0.5167143, -0.4400441, -0.6348680)    0    0  -1.25705870  8 2.120  -0.13975470
(31.8965163, -12.7283993, 22.3065353,  0.3692020,  0.5167143, -0.4400438, -0.6348683)    0    0  -0.54790694  3 1.080  -0.16859785
(29.6778375, -8.9379959, 27.5685036,  0.6433489, -0.0861975, -0.6493846,  0.3961967)    0    0  12.40416036  2 5.000   8.36164462
(27.5807429, -11.2367078, 29.2252141, -0.9719324,  0.1171917, -0.2034382,  0.0150469)    0    0  11.05898656  2 5.000   7.94520744
(31.6118679, -12.9103399, 22.1223814,  0.3692027,  0.5167144, -0.4400455, -0.6348666)    0    0  -1.31228951  7 0.280  -0.37583704
(27.9576997, -14.7289111, 25.6769632,  0.6033128,  0.4050428,  0.5935404,  0.3459244)    0    0   5.35312816  4 4.120   3.65623781
(25.7052704, -8.3031473, 15.7995575, -0.7207049, -0.1665443, -0.3192603,  0.5923852)    0    0  -9.05612807  0 0.400  -3.71321398
(22.2130749, -9.9386430, 29.3988246, -0.2935623, -0.7264958, -0.5841214,  0.2117245)    0    0  12.63118435  6 0.720   6.68931118
(25.3001123, -8.2398362, 15.6722227, -0.7206872, -0.1665868, -0.3193535,  0.5923447)    0    0 -11.13535316  4 0.480  -7.83615878
(31.5085668, -13.0407438, 22.0563297,  0.3692019,  0.5167143, -0.4400441, -0.6348681)    0    0  -1.81168153  8 0.120  -0.27548544
(27.7970436, -14.8752826, 26.3631813,  0.6033159,  0.4050456,  0.5935355,  0.3459243)    0    0   5.05979243  1 0.440   3.26040447
(24.1792723, -18.0254447, 16.5819017,  0.9116701,  0.3213451, -0.0845325, -0.2417627)    0    0 -13.92400148  0 5.000  -9.28216726
(26.5120648, -19.1490230, 26.1866859, -0.4681051, -0.2206157, -0.7711962, -0.3707596)    0    0   4.31860632  5 0.440   3.38321377
(32.1523162, -12.8854303, 22.4856649,  0.3692020,  0.5167143, -0.4400437, -0.6348683)    0    0  -1.05000607  6 3.400  -0.17938774
(26.4944663, -19.4511909, 26.6188148, -0.4681067, -0.2206170, -0.7711947, -0.3707599)    0    0   4.94357312  2 0.680   3.91768938
(25.6946296, -8.1890316, 15.0184223, -0.7206599, -0.1666498, -0.3194874,  0.5922878)    0    0  -6.84799034  2 3.240  -3.86459805
(30.2953490, -9.4877005, 27.4613788,  0.6433488, -0.0861979, -0.6493843,  0.3961972)    0    0  12.14643723  6 3.880   8.06986297
(16.2439276, -18.2867288, 21.4766494, -0.2698010,  0.5219707,  0.4951802,  0.6399614)    0    0 -11.08635245  6 4.120  -7.93587949
(28.1765417, -15.0321266, 25.7795369,  0.6033172,  0.4050472,  0.5935344,  0.3459221)    0    0   5.27696936  2 0.640   3.55182029
(24.4617419, -17.9325234, 16.8784101,  0.9116701,  0.3213451, -0.0845326, -0.2417627)    0    0 -14.05274800  3 3.080  -9.15960096
(19.9346116, -16.0049952, 27.4988500, -0.0327743,  0.5032058, -0.5839278, -0.6361903)    0    0  10.38148488  0 5.000   6.92437400
(24.2041921, -9.6600742, 23.9107043,  0.4750963, -0.2952058, -0.1164783, -0.8207130)    0    0   7.57688963  1 0.560   5.06726445
(23.9951862, -18.4288904, 16.7059782,  0.9116701,  0.3213451, -0.0845325, -0.2417627)    0    0 -13.99406665  1 5.000  -9.28873546
(16.5573084, -18.2442974, 21.5076072, -0.2698012,  0.5219706,  0.4951803,  0.6399613)    0    0  -9.89906740  3 5.000  -6.38234164
(16.2062268, -18.3006730, 21.4647815, -0.2698012,  0.5219706,  0.4951803,  0.6399613)    0    0 -10.87253223  5 5.000  -8.13632474
(28.3168718, -15.4123767, 25.9541102,  0.6032645,  0.4049874,  0.5935948,  0.3459802)    0    0   4.79470020  0 0.400   3.56062707
(27.9896026, -14.7812673, 25.8973394,  0.6033194,  0.4050503,  0.5935343,  0.3459147)    0    0   5.51486599  1 2.200   3.67585793
(27.4420718, -6.8729840, 28.2653494, -0.0887614,  0.7450040, -0.3934937, -0.5312749)    0    0  11.10685738  0 0.920   8.77215369
(28.1511396, -15.1164650, 25.9107360,  0.6033196,  0.4050506,  0.5935344,  0.3459139)    0    0   5.74442248  0 3.400   3.84102082
(24.3879484, -9.1255307, 24.6541295,  0.4750946, -0.2952073, -0.1164791, -0.8207133)    0    0   7.18789686  0 0.400   4.55052800
(20.1657595, -15.9409960, 27.4247748, -0.0327742,  0.5032060, -0.5839275, -0.6361905)    0    0   8.31201537  8 3.480   6.10151284
(27.9009644, -14.6985923, 25.9616276,  0.6033180,  0.4050475,  0.5935313,  0.3459256)    0    0   5.15557795  7 0.440   3.26932690
(25.4262763, -7.9483388, 15.7704519, -0.7206733, -0.1666183, -0.3194175,  0.5923181)    0    0 -10.54927448 19 0.000 -11.04091067
(25.4573745, -7.9440619, 15.7826540, -0.7206709, -0.1666236, -0.3194363,  0.5923094)    0    0 -10.85665105  0 0.400  -3.62241662
(28.3157641, -15.4893663, 25.8377899,  0.6033119,  0.4050422,  0.5935428,  0.3459226)    0    0   5.42163525  3 1.160   3.70226512
(16.5531195, -18.2448484, 21.5072079, -0.2697983,  0.5219649,  0.4951749,  0.6399543)    0    0  -8.62864047  0 5.000  -5.75233486
(27.1174195, -6.0835980, 28.4580680, -0.0891869,  0.7451515, -0.3934241, -0.5310484)    0    0  11.79185478  9 4.280   6.11469380
(23.8608891, -18.8296594, 16.8953325,  0.9116701,  0.3213452, -0.0845327, -0.2417626)    0    0 -14.91811725  5 4.920  -9.38505587
(24.7731888, -9.1310849, 24.5188136,  0.4750854, -0.2952095, -0.1164797, -0.8207178)    0    0   7.74407611  5 1.240   5.08461095
(16.5871617, -18.2967799, 21.4602965, -0.2698008,  0.5219708,  0.4951802,  0.6399614)    0    0 -11.68637898  7 2.520  -7.85181201
(24.6896329, -9.1805251, 24.4104147,  0.4750869, -0.2952090, -0.1164796, -0.8207171)    0    0   7.78015792  4 5.000   5.05038647
(24.8045767, -8.9151085, 25.0379591,  0.4751085, -0.2951985, -0.1164722, -0.8207094)    0    0   6.77049328  0 0.400   5.31038402
(26.4831589, -19.1522413, 26.3230911, -0.4681066, -0.2206174, -0.7711946, -0.3707601)    0    0   1.72387289  4 0.760   0.56494999
(21.6653363, -10.3597402, 29.8605136, -0.2935693, -0.7264936, -0.5841159,  0.2117375)    0    0  11.94170417 14 0.120   7.20890557
(27.0748703, -5.8347712, 28.4002978, -0.0891867,  0.7451516, -0.3934240, -0.5310484)    0    0  13.80301110  2 5.000   9.10325650
(21.8753538, -10.4138730, 29.7258793, -0.2935667, -0.7264924, -0.5841158,  0.2117452)    0    0  14.75528551  2 5.000  10.00848958
(25.9301680, -7.9899189, 16.0690734, -0.7206990, -0.1665548, -0.3193003,  0.5923679)    0    0  -8.92480745  0 0.800  -5.96118859
(24.2294256, -8.8249690, 24.4479926,  0.4751084, -0.2952067, -0.1164842, -0.8207048)    0    0   6.30926179  9 0.080   4.86616311
(26.9827965, -5.9475293, 28.7103694, -0.0891052,  0.7451232, -0.3934374, -0.5310919)    0    0  12.85001635  5 0.360  10.20816750
(22.6949079, -10.0706440, 29.1536196, -0.2935629, -0.7264959, -0.5841250,  0.2117135)    0    0  13.35036020  3 0.880   8.85929662
(28.2366162, -15.2934519, 25.9172472,  0.6033182,  0.4050490,  0.5935353,  0.3459166)    0    0   5.48746253  2 2.920   3.73702826
(25.5563807, -8.0815729, 15.3799445, -0.7206599, -0.1666498, -0.3194874,  0.5922878)    0    0  -6.63522444  1 2.400  -3.33491876
(32.0087673, -12.7639917, 22.0970786,  0.3692025,  0.5167134, -0.4400535, -0.6348620)    0    0  -3.64083117  0 0.600  -2.64726798
(22.2655236, -10.1737499, 29.0052803, -0.2935630, -0.7264962, -0.5841287,  0.2117020)    0    0  14.46639671  2 1.080  10.14743573
(24.7371920, -8.6455705, 24.5927146,  0.4750914, -0.2952072, -0.1164778, -0.8207154)    0    0   7.72227181  6 0.480   5.33639361
(28.1184311, -15.0238282, 26.0344564,  0.6032855,  0.4050099,  0.5935675,  0.3459642)    0    0   4.59748737 20 0.000   3.28004450
(28.4943456, -15.2596761, 25.8882023,  0.6032388,  0.4049586,  0.5936247,  0.3460075)    0    0   4.91070631  0 0.400   3.58490655
(27.2703601, -6.0904309, 28.0604670, -0.0887531,  0.7449953, -0.3935000, -0.5312836)    0    0  10.90819567  0 0.680   7.98698954
(21.8306886, -10.4490852, 29.7952270, -0.2935674, -0.7264931, -0.5841166,  0.2117397)    0    0  14.76611193  1 3.480  10.22644410
(16.7111261, -18.2262272, 21.5202829, -0.2698011,  0.5219707,  0.4951803,  0.6399613)    0    0 -10.42827994  4 3.160  -5.89338256
(28.2108658, -15.2022690, 26.1877489,  0.6033024,  0.4050319,  0.5935540,  0.3459321)    0    0   5.17202444  4 0.320   3.44603754
(25.5256945, -8.0553895, 15.4665483, -0.7206321, -0.1666501, -0.3194910,  0.5922608)    0    0  -5.80363791  0 5.000  -3.86902597
(31.6177433, -12.8534803, 22.1310883,  0.3692021,  0.5167143, -0.4400446, -0.6348676)    0    0  -2.08248448 14 0.040  -0.34231501
(19.6193600, -16.1370003, 27.7085713, -0.0327743,  0.5032058, -0.5839278, -0.6361903)    0    0   9.94518720  1 5.000   6.88112008
(24.9930380, -3.7898605, 20.3358904, -0.2912491, -0.4729382,  0.1038760,  0.8250535)    0    0 -15.91294654  1 5.000 -10.42490913
(30.0011639, -9.2520670, 27.5102577,  0.6433489, -0.0861976, -0.6493846,  0.3961967)    0    0  12.24329590  5 4.840   8.22888162
(24.7215158, -17.7759690, 29.5647720, -0.8146911,  0.3377197, -0.3097205,  0.3553830)    0    0  12.41872102  0 5.000   8.28049912
(23.9901314, -9.1606277, 24.4096588,  0.4750929, -0.2952071, -0.1164788, -0.8207144)    0    0   7.74365025  6 0.680   5.55073994
(28.0079052, -15.4134084, 26.0689185,  0.5962403,  0.3943513,  0.6063124,  0.3483818)    0    0   3.87108211  0 0.400   3.13824738
(25.5876302, -8.0016725, 15.4742238, -0.7206926, -0.1665753, -0.3193163,  0.5923613)    0    0 -10.71558577  0 0.400  -6.27725012
(21.6230715, -10.6112775, 30.1291447, -0.2935678, -0.7264933, -0.5841169,  0.2117376)    0    0  14.59510684  4 5.000   9.80084916
(31.9907899, -12.8371384, 22.3767498,  0.3692021,  0.5167143, -0.4400440, -0.6348680)    0    0  -1.86141914 14 0.200  -2.54230919
(24.6558160, -9.0235716, 24.8621931,  0.4751004, -0.2952077, -0.1164808, -0.8207096)    0    0   6.45239302 14 0.000   5.25895587
(26.0217608, -8.2313474, 15.7651628, -0.7206731, -0.1666180, -0.3194280,  0.5923128)    0    0  -8.89462904  2 0.480  -3.83974132
(23.8351148, -18.7749030, 16.8108547,  0.9116701,  0.3213452, -0.0845328, -0.2417626)    0    0 -15.37058166  6 2.920  -9.31055068
(21.6067664, -10.6228130, 30.1445792, -0.2935694, -0.7264924, -0.5841135,  0.2117479)    0    0  13.44787881  6 0.600   9.77564418
(27.5854138, -11.4587920, 29.2514153, -0.9719324,  0.1171916, -0.2034381,  0.0150470)    0    0  11.94970526  0 5.000   7.96647064
(24.7369848, -9.2245423, 24.4978584,  0.4750980, -0.2952044, -0.1164766, -0.8207127)    0    0   7.56790669 12 0.320   4.80224992
(17.0455862, -18.1807601, 21.5535289, -0.2698013,  0.5219706,  0.4951803,  0.6399613)    0    0  -8.96281455  1 5.000  -5.73669252
(25.3822797, -8.0257881, 15.3817716, -0.7206593, -0.1666513, -0.3194930,  0.5922852)    0    0  -7.32353412  4 0.600  -4.28479881
(24.8463406, -17.6640037, 29.7047397, -0.8146911,  0.3377197, -0.3097205,  0.3553830)    0    0  10.34417450  2 5.000   6.10988958
(25.2299126, -7.9185843, 15.9161771, -0.7206635, -0.1666416, -0.3194717,  0.5922943)    0    0  -7.93921666  6 0.320  -4.01459054
(28.1113056, -14.8346993, 25.8797676,  0.6032909,  0.4050180,  0.5935656,  0.3459485)    0    0   5.03693040  2 0.560   3.45044149
(24.3188899, -9.2130766, 24.4641405,  0.4750849, -0.2952099, -0.1164798, -0.8207179)    0    0   7.70499737  8 3.640   5.12371853
(27.4829966, -11.9268303, 29.2561475, -0.9719324,  0.1171916, -0.2034381,  0.0150470)    0    0  11.92253086  1 5.000   7.93969087
(24.3619902, -9.2302999, 24.4480747,  0.4750868, -0.2952091, -0.1164796, -0.8207171)    0    0   7.87704194  1 0.840   5.35271764
(25.4849668, -3.7636311, 20.2689822, -0.2912494, -0.4729380,  0.1038763,  0.8250534)    0    0 -16.14801264  2 5.000 -10.89203009
(20.0373328, -15.9597456, 27.4516271, -0.0327742,  0.5032059, -0.5839277, -0.6361904)    0    0   9.75619933  3 5.000   6.20931143
(22.2131567, -10.1621177, 29.0503868, -0.2935671, -0.7264952, -0.5841196,  0.2117247)    0    0  11.96700739  8 0.360   8.87540393
(24.5204064, -9.2101600, 24.3079503,  0.4750976, -0.2952056, -0.1164771, -0.8207125)    0    0   6.76146202  9 0.200   4.48622533
(25.5449706, -8.1145713, 15.5026662, -0.7206646, -0.1666385, -0.3194659,  0.5922969)    0    0 -12.57901844  9 0.160  -8.82209784
(26.5337219, -19.4743280, 26.5036011, -0.4681058, -0.2206161, -0.7711957, -0.3707595)    0    0   5.00364120  4 0.920   3.59587073
(26.5515076, -19.2557198, 26.1156856, -0.4681065, -0.2206173, -0.7711949, -0.3707597)    0    0   5.19452596  1 0.920   4.09023433
(25.2958179, -8.2117585, 15.8110645, -0.7206887, -0.1665812, -0.3193434,  0.5923498)    0    0  -8.77255804 12 3.320  -6.29095731
(29.8265021, -9.0832899, 27.5416468,  0.6433489, -0.0861976, -0.6493846,  0.3961968)    0    0  12.46642004  0 5.000   8.52595682
(31.6985373, -12.8666218, 22.1797849,  0.3692020,  0.5167143, -0.4400436, -0.6348684)    0    0  -1.69835840 11 4.040  -2.28445517
(28.0606459, -14.9180499, 25.8915386,  0.6033149,  0.4050454,  0.5935392,  0.3459198)    0    0   5.22687268  9 1.000   3.41175625
(20.3162634, -15.8313164, 27.3422179, -0.0327742,  0.5032058, -0.5839277, -0.6361904)    0    0   8.90056776  5 3.880   6.63077116
(29.6872299, -4.7609191, 24.5322398,  0.2517763,  0.5605217, -0.4197890, -0.6679830)    0    0   0.99098632  1 5.000   0.75272354
(28.1796676, -15.1842013, 25.9385389,  0.6033089,  0.4050388,  0.5935462,  0.3459262)    0    0   5.21240094  8 0.400   3.58573070
(24.2294530, -9.3441161, 24.2286291,  0.4751004, -0.2952075, -0.1164821, -0.8207095)    0    0   7.06322880 13 0.000   4.58417082
(25.9137939, -8.2221200, 15.5889313, -0.7206854, -0.1665888, -0.3193632,  0.5923411)    0    0  -9.76777028  4 0.280  -6.29296033
(26.9956993, -5.9632542, 28.6212767, -0.0891869,  0.7451518, -0.3934238, -0.5310482)    0    0  13.56689866  5 5.000   8.40925287
(26.7378530, -19.5658447, 25.9777347, -0.4681058, -0.2206164, -0.7711956, -0.3707595)    0    0   4.96984636  5 0.720   3.54032790
(25.5709331, -8.2458442, 15.6085365, -0.7206757, -0.1666126, -0.3194048,  0.5923237)    0    0 -11.36692726  8 0.160 -11.06962354
(28.1802936, -15.2107853, 26.1633483,  0.6032784,  0.4050048,  0.5935788,  0.3459631)    0    0   5.26913415  2 0.840   3.72062815
(27.0430532, -5.6825146, 28.3782832, -0.0891701,  0.7451468, -0.3934259, -0.5310565)    0    0  13.28904509  6 0.680   9.81978063
(30.3687824, -9.5491366, 27.4493728,  0.6433489, -0.0861975, -0.6493846,  0.3961967)    0    0  12.11795902  2 0.760   8.16393468
(27.1569874, -5.6430669, 28.1352071, -0.0891864,  0.7451527, -0.3934230, -0.5310477)    0    0  13.15388931  7 2.520   9.96055553
(31.5401804, -12.9328354, 22.0670573,  0.3692021,  0.5167143, -0.4400441, -0.6348680)    0    0  -0.83963227  4 3.560  -0.33645553
(25.9700950, -8.0933812, 15.7068787, -0.7206717, -0.1666214, -0.3194355,  0.5923095)    0    0 -11.46652788  2 0.800  -7.12906341
(26.7581384, -19.6766068, 26.2617083, -0.4681080, -0.2206192, -0.7711928, -0.3707609)    0    0   2.93088069  2 0.680   2.11880779
(24.1954587, -17.9899703, 16.5709919,  0.9116701,  0.3213452, -0.0845326, -0.2417627)    0    0 -14.06546116  4 5.000  -9.38553731
(26.8888163, -19.9971157, 26.2358279, -0.4681068, -0.2206172, -0.7711947, -0.3707599)    0    0   4.85615259  7 0.520   3.81732078
(27.0906593, -5.5396221, 28.1642928, -0.0891865,  0.7451523, -0.3934233, -0.5310479)    0    0  13.60122136  4 5.000   9.95986338
(22.7011008, -10.0328968, 29.2295421, -0.2935654, -0.7264955, -0.5841240,  0.2117138)    0    0  12.07118702  6 0.680   7.05398366
(25.5740270, -8.0216177, 15.3943604, -0.7206783, -0.1666061, -0.3193956,  0.5923273)    0    0  -8.09752027  7 0.320  -5.57383827
(24.5364649, -9.1096766, 24.6687485,  0.4750904, -0.2952071, -0.1164778, -0.8207160)    0    0   7.80285477  3 0.960   5.30836284
(25.4263813, -3.8264732, 20.4615544, -0.2912493, -0.4729381,  0.1038763,  0.8250534)    0    0 -16.27604060  3 5.000 -11.01397063
