#Coordinates  RecID  LigID  Luciferin  Neighbor's number  Vision Range  Scoring
(19.5627941, -13.1801005, 20.1574008, -0.4651387,  0.6554976, -0.0088184, -0.5948875)    0    0   5.00000000  0 0.200   0.00000000
(15.8957421, -14.9252028, 21.4945668,  0.3356761, -0.0786608,  0.7151119,  0.6080699)    0    0   5.00000000  0 0.200   0.00000000
(17.7812512, -11.1206170, 27.7979964, -0.3631471, -0.1585499,  0.8937628,  0.2101766)    0    0   5.00000000  0 0.200   0.00000000
(28.3836864, -9.9669988, 24.3075725,  0.4812879,  0.0444864,  0.6987539, -0.5273764)    0    0   5.00000000  0 0.200   0.00000000
(29.6123934, -17.0765946, 22.2575729,  0.1112709,  0.6068019,  0.6076451, -0.5001777)    0    0   5.00000000  0 0.200   0.00000000
(32.3400148, -11.9623033, 22.3732995,  0.9424047, -0.0545852,  0.3225749,  0.0695645)    0    0   5.00000000  0 0.200   0.00000000
(17.7655302, -12.6248413, 26.2834222,  0.0174584,  0.7592141,  0.6505826, -0.0055980)    0    0   5.00000000  0 0.200   0.00000000
(16.9790780, -12.8366624, 24.8094780, -0.2817995, -0.5556114,  0.6650891,  0.4117542)    0    0   5.00000000  0 0.200   0.00000000
(23.6350217, -18.7614851, 28.3351104,  0.1522942, -0.9440135, -0.2477960, -0.1556988)    0    0   5.00000000  0 0.200   0.00000000
(28.2590253, -20.8478103, 22.1454562, -0.1102884,  0.2597518, -0.0495888, -0.9580743)    0    0   5.00000000  0 0.200   0.00000000
(30.4106055, -8.1406183, 20.2366359, -0.4426172, -0.1655330,  0.7120982, -0.5192350)    0    0   5.00000000  0 0.200   0.00000000
(27.2978913, -8.0700819, 22.5331195, -0.6096113, -0.4595413,  0.3629486, -0.5342885)    0    0   5.00000000  0 0.200   0.00000000
(25.0627055, -16.3699736, 24.1350667, -0.8397593, -0.2675974,  0.0076012, -0.4723750)    0    0   5.00000000  0 0.200   0.00000000
(18.6066502, -17.5221989, 23.9652373, -0.6481884, -0.2816562,  0.4087311, -0.5774603)    0    0   5.00000000  0 0.200   0.00000000
(23.0582094, -20.2749377, 27.7491777,  0.3955012,  0.3530084, -0.7541957, -0.3874953)    0    0   5.00000000  0 0.200   0.00000000
(29.5806380, -14.8844049, 27.4647594,  0.8905279,  0.1021880,  0.1758506, -0.4069327)    0    0   5.00000000  0 0.200   0.00000000
(24.9913433, -18.5735652, 25.6385541,  0.5424242,  0.1692603, -0.6105441, -0.5516908)    0    0   5.00000000  0 0.200   0.00000000
(27.1788410, -5.6795419, 27.7400680, -0.0008504, -0.7115792, -0.5369913, -0.4530945)    0    0   5.00000000  0 0.200   0.00000000
(17.4357107, -9.4363213, 26.1934368,  0.1055793, -0.4151871,  0.8962611, -0.1148423)    0    0   5.00000000  0 0.200   0.00000000
(29.8991220, -4.9718902, 24.2091123, -0.5627960, -0.2618976,  0.3718007,  0.6902423)    0    0   5.00000000  0 0.200   0.00000000
(23.2386457, -2.5310573, 21.0278900, -0.5625027, -0.6718467,  0.0163280,  0.4816078)    0    0   5.00000000  0 0.200   0.00000000
(14.3730979, -11.6616083, 19.9681685, -0.7944498,  0.1868200,  0.5216290,  0.2486987)    0    0   5.00000000  0 0.200   0.00000000
(29.6658120, -12.8167848, 14.5702130, -0.0938259, -0.4991767, -0.8428950,  0.1776154)    0    0   5.00000000  0 0.200   0.00000000
(16.6746230, -13.5235596, 23.9531483, -0.6623420, -0.2085916, -0.6456888,  0.3176139)    0    0   5.00000000  0 0.200   0.00000000
(32.0332949, -13.6227350, 21.8426391,  0.2413369,  0.0942021,  0.3842103, -0.8861517)    0    0   5.00000000  0 0.200   0.00000000
(26.6088150, -10.6821909, 22.9859653,  0.6020026,  0.0776844,  0.7723796, -0.1870502)    0    0   5.00000000  0 0.200   0.00000000
(23.5428117, -6.3287577, 20.2575139,  0.5623982,  0.3955218,  0.3872075,  0.6142810)    0    0   5.00000000  0 0.200   0.00000000
(14.5937289, -10.0719391, 19.8247163,  0.2380280, -0.2318780,  0.4085545, -0.8500932)    0    0   5.00000000  0 0.200   0.00000000
(24.9374357, -13.8682790, 24.5409064,  0.0359882,  0.4668802,  0.4382915, -0.7672211)    0    0   5.00000000  0 0.200   0.00000000
(20.2971722, -10.7353847, 21.0889463,  0.2623186,  0.5651790, -0.5157465, -0.5880198)    0    0   5.00000000  0 0.200   0.00000000
(27.7670823, -14.9180820, 30.1260357, -0.6097118,  0.3910085, -0.6026422,  0.3349422)    0    0   5.00000000  0 0.200   0.00000000
(25.3221794, -16.0001283, 16.5237613, -0.7966544, -0.5004080, -0.1296490,  0.3132488)    0    0   5.00000000  0 0.200   0.00000000
(28.3941936, -9.4708972, 15.4786506, -0.0267133, -0.9261256, -0.3538133,  0.1280388)    0    0   5.00000000  0 0.200   0.00000000
(21.8310903, -8.5793152, 13.7527324, -0.8133558,  0.2003402,  0.2536165, -0.4837301)    0    0   5.00000000  0 0.200   0.00000000
(28.8758443, -9.9823056, 21.9830495,  0.2686041,  0.2869158,  0.8138138, -0.4280634)    0    0   5.00000000  0 0.200   0.00000000
(28.8045741, -13.2735758, 27.8324083,  0.2947436,  0.4245020, -0.6715424, -0.5309944)    0    0   5.00000000  0 0.200   0.00000000
(24.9682164, -20.5837278, 25.8530780,  0.5776660, -0.2922310, -0.2959531, -0.7023637)    0    0   5.00000000  0 0.200   0.00000000
(17.5252923, -11.4211825, 14.9489906, -0.7116444,  0.3115398, -0.4571507, -0.4330340)    0    0   5.00000000  0 0.200   0.00000000
(28.9189050, -5.9208227, 16.7966175, -0.7951626, -0.5753488,  0.1897067,  0.0264870)    0    0   5.00000000  0 0.200   0.00000000
(31.9895219, -12.9291699, 27.0101098, -0.2396887,  0.8877434,  0.3929750,  0.0056203)    0    0   5.00000000  0 0.200   0.00000000
(20.9328981, -11.5567760, 31.0171890,  0.5263583,  0.6429681, -0.0342368, -0.5553078)    0    0   5.00000000  0 0.200   0.00000000
(22.4303487, -10.3310990, 19.4706373,  0.1559791, -0.4670071,  0.0383339,  0.8695432)    0    0   5.00000000  0 0.200   0.00000000
(25.1690458, -19.3286558, 22.9415969,  0.8190648,  0.4746690, -0.1346276, -0.2927415)    0    0   5.00000000  0 0.200   0.00000000
(21.4589373, -16.1282378, 13.9799659,  0.0843604,  0.9594320,  0.1999929,  0.1799344)    0    0   5.00000000  0 0.200   0.00000000
(30.9232511, -16.8704212, 21.0414440, -0.0166951, -0.3317222, -0.7451165,  0.5783451)    0    0   5.00000000  0 0.200   0.00000000
(25.2626156, -8.2175547, 17.3396840,  0.4342304,  0.2608586, -0.3716100, -0.7780120)    0    0   5.00000000  0 0.200   0.00000000
(26.6978710, -11.5178198, 19.1218399,  0.7094269,  0.1303780, -0.5112194, -0.4673006)    0    0   5.00000000  0 0.200   0.00000000
(25.8951150, -21.4401901, 20.9234934,  0.3623762,  0.8373065, -0.3152314,  0.2612096)    0    0   5.00000000  0 0.200   0.00000000
(20.7155757, -8.4109293, 15.1066982,  0.2772833, -0.3654376, -0.3518459,  0.8159497)    0    0   5.00000000  0 0.200   0.00000000
(17.6945865, -12.7698716, 22.0621415, -0.3778970,  0.3153335,  0.8434187, -0.2154147)    0    0   5.00000000  0 0.200   0.00000000
(27.1588661, -20.2010188, 24.2618784, -0.9618247, -0.1409733, -0.1699584,  0.1616596)    0    0   5.00000000  0 0.200   0.00000000
(31.8364409, -15.6707228, 19.5791186, -0.6788798, -0.5832445,  0.3368664,  0.2923510)    0    0   5.00000000  0 0.200   0.00000000
(19.9565024, -11.8484658, 13.6760761, -0.7516056, -0.0793281,  0.1318256,  0.6414188)    0    0   5.00000000  0 0.200   0.00000000
(31.7185610, -7.6956688, 21.1527358, -0.5595071,  0.4885430, -0.6199628,  0.2528311)    0    0   5.00000000  0 0.200   0.00000000
(26.8015797, -12.2124197, 21.9375982,  0.0757538,  0.1297530, -0.8994739,  0.4103319)    0    0   5.00000000  0 0.200   0.00000000
(31.5401844, -10.0865409, 17.8348387,  0.0762268, -0.9825754, -0.0842254, -0.1471094)    0    0   5.00000000  0 0.200   0.00000000
(19.8777790, -4.4973961, 26.6441796, -0.5013841, -0.8420642, -0.1148546,  0.1623277)    0    0   5.00000000  0 0.200   0.00000000
(18.6799269, -8.7252174, 22.9902428, -0.4204343, -0.8322262,  0.3521122,  0.0815578)    0    0   5.00000000  0 0.200   0.00000000
(16.5815262, -13.6827153, 27.1414395, -0.3412698,  0.6888273,  0.2277114, -0.5976615)    0    0   5.00000000  0 0.200   0.00000000
(17.8348329, -13.2591008, 22.5779597,  0.4324408, -0.4081697,  0.6799824,  0.4289712)    0    0   5.00000000  0 0.200   0.00000000
(19.2371270, -16.3352896, 27.7174026, -0.0674339,  0.5221747, -0.6838328, -0.5051326)    0    0   5.00000000  0 0.200   0.00000000
(15.7195951, -11.4853489, 16.9526077, -0.5292143, -0.4418363, -0.6675555, -0.2812163)    0    0   5.00000000  0 0.200   0.00000000
(21.0506483, -10.6122210, 18.7270122,  0.3633122,  0.4471428,  0.7101873,  0.4046006)    0    0   5.00000000  0 0.200   0.00000000
(29.1690159, -7.0418147, 21.2695169, -0.4899694, -0.0179105, -0.8504125,  0.1908081)    0    0   5.00000000  0 0.200   0.00000000
(30.9235365, -15.0474863, 28.3513375,  0.6268661, -0.5332911, -0.0298502,  0.5672288)    0    0   5.00000000  0 0.200   0.00000000
(22.3052146, -6.6155645, 25.1026406, -0.0616102,  0.4516847,  0.0234006, -0.8897401)    0    0   5.00000000  0 0.200   0.00000000
(26.4045476, -19.5173301, 25.2711425, -0.4681970, -0.2206847, -0.7711570, -0.3706841)    0    0   5.00000000  0 0.200   0.00000000
(27.1627463, -18.6061114, 23.6230222, -0.2509844, -0.0719091, -0.9573017,  0.1241344)    0    0   5.00000000  0 0.200   0.00000000
(21.4534778, -12.3493996, 30.1769571,  0.1308452, -0.4208347, -0.1573511,  0.8837524)    0    0   5.00000000  0 0.200   0.00000000
(27.3228497, -10.2627211, 14.4915487,  0.0759100, -0.2332522,  0.9365874,  0.2502699)    0    0   5.00000000  0 0.200   0.00000000
(31.2195882, -6.5408004, 21.4914054, -0.1264051,  0.3366898, -0.5987662, -0.7156401)    0    0   5.00000000  0 0.200   0.00000000
(25.5835359, -10.7997402, 17.8962364, -0.4245385, -0.0403828,  0.8988082,  0.1013913)    0    0   5.00000000  0 0.200   0.00000000
(15.2288912, -10.6470991, 18.4548211,  0.7544026,  0.5832122,  0.0166572, -0.3007702)    0    0   5.00000000  0 0.200   0.00000000
(22.9240944, -7.6186328, 19.4943880,  0.4932895, -0.6998291,  0.3401583, -0.3888406)    0    0   5.00000000  0 0.200   0.00000000
(20.6005050, -15.8380494, 27.6242924,  0.0730486,  0.4554634,  0.0046562, -0.8872403)    0    0   5.00000000  0 0.200   0.00000000
(19.3022596, -3.8890354, 25.7420762, -0.3586543, -0.9233442, -0.1071916, -0.0855137)    0    0   5.00000000  0 0.200   0.00000000
(29.5811970, -6.3238060, 27.4881259, -0.9449759, -0.2710387, -0.1748146,  0.0547576)    0    0   5.00000000  0 0.200   0.00000000
(26.5214578, -19.0061198, 23.3866153,  0.9589823, -0.0696206,  0.0933783, -0.2584306)    0    0   5.00000000  0 0.200   0.00000000
(24.9829763, -18.3565444, 17.2847308,  0.9358386,  0.0523857,  0.0848262, -0.3380331)    0    0   5.00000000  0 0.200   0.00000000
(25.1215911, -13.8899368, 27.1870227, -0.1708969,  0.9187151, -0.0145105, -0.3557334)    0    0   5.00000000  0 0.200   0.00000000
(20.5918009, -7.1818740, 23.1566371, -0.3639110, -0.6237395, -0.5859975,  0.3675933)    0    0   5.00000000  0 0.200   0.00000000
(28.3688590, -12.1368621, 20.3322342,  0.3018151,  0.5442769, -0.7656717,  0.1625334)    0    0   5.00000000  0 0.200   0.00000000
(32.9570720, -10.0254893, 19.4423578, -0.7811559,  0.0888837,  0.0937814, -0.6108192)    0    0   5.00000000  0 0.200   0.00000000
(29.0881058, -12.1095004, 26.1045488, -0.3074713, -0.8159343,  0.2822093,  0.4000882)    0    0   5.00000000  0 0.200   0.00000000
(27.5640511, -11.6881718, 29.2667675, -0.9770897,  0.0649252, -0.2023598, -0.0114452)    0    0   5.00000000  0 0.200   0.00000000
(28.8985270, -13.6128059, 13.7885110,  0.9697631,  0.1068197, -0.0446176,  0.2148450)    0    0   5.00000000  0 0.200   0.00000000
(28.4919832, -16.7815122, 21.3639308, -0.0497251, -0.9423448,  0.1865076,  0.2733653)    0    0   5.00000000  0 0.200   0.00000000
(14.7945215, -10.7147063, 18.6539823,  0.7730723, -0.1224513, -0.0862816,  0.6163768)    0    0   5.00000000  0 0.200   0.00000000
(24.0713864, -11.3753262, 28.7968565,  0.1325928, -0.3271508, -0.7868554,  0.5062115)    0    0   5.00000000  0 0.200   0.00000000
(17.4618064, -9.2832317, 16.9602778, -0.0676361,  0.6313567,  0.5298580, -0.5621962)    0    0   5.00000000  0 0.200   0.00000000
(31.3210856, -15.5461447, 16.9676492, -0.6367791, -0.1562646,  0.2634401, -0.7075967)    0    0   5.00000000  0 0.200   0.00000000
(25.4602477, -14.4384498, 24.3974279, -0.2979552,  0.2319954,  0.0241113, -0.9256454)    0    0   5.00000000  0 0.200   0.00000000
(23.9054316, -17.6451968, 15.9673106, -0.9859054, -0.1553882, -0.0347909,  0.0513285)    0    0   5.00000000  0 0.200   0.00000000
(23.0440344, -17.5024755, 22.5414441,  0.7326396, -0.1800574, -0.6292933,  0.1865704)    0    0   5.00000000  0 0.200   0.00000000
(28.6188010, -13.1639404, 18.6856193, -0.3959641,  0.7013519, -0.4559481, -0.3787204)    0    0   5.00000000  0 0.200   0.00000000
(26.9224422, -19.1731399, 24.5140736, -0.8930295, -0.0196922,  0.2993619,  0.3353997)    0    0   5.00000000  0 0.200   0.00000000
(23.1782887, -8.4405377, 16.6524956,  0.1516453,  0.6666277,  0.6535280, -0.3248268)    0    0   5.00000000  0 0.200   0.00000000
(29.0618340, -11.3009985, 24.1875667,  0.0653893,  0.0122162, -0.9435618,  0.3244474)    0    0   5.00000000  0 0.200   0.00000000
(19.0988314, -17.3404490, 23.2406869, -0.5179453, -0.6723257, -0.4867994,  0.2067297)    0    0   5.00000000  0 0.200   0.00000000
(28.5045957, -17.5730002, 23.9496635,  0.4839614,  0.4990894,  0.1371865,  0.7055997)    0    0   5.00000000  0 0.200   0.00000000
(25.9777528, -16.3516529, 15.0587239,  0.1267401, -0.7507492, -0.4297932,  0.4853766)    0    0   5.00000000  0 0.200   0.00000000
(17.2020220, -14.7281928, 23.1917208, -0.1868007,  0.3668841, -0.0214989, -0.9110649)    0    0   5.00000000  0 0.200   0.00000000
(17.0874677, -7.8313607, 18.4197385,  0.3535731, -0.0687149, -0.9129823, -0.1916447)    0    0   5.00000000  0 0.200   0.00000000
(25.9699581, -17.2991221, 16.1723703, -0.8404130, -0.4261070,  0.0125819, -0.3346350)    0    0   5.00000000  0 0.200   0.00000000
(16.7511124, -15.6537808, 23.0325208, -0.2259161,  0.0655221,  0.4523321,  0.8602700)    0    0   5.00000000  0 0.200   0.00000000
(14.3795021, -13.6773470, 23.6380880,  0.8559785, -0.1533744, -0.4708853,  0.1484723)    0    0   5.00000000  0 0.200   0.00000000
(20.1218713, -14.1631294, 19.4088125, -0.2958482,  0.8899296, -0.1686706,  0.3033965)    0    0   5.00000000  0 0.200   0.00000000
(28.4064697, -15.6341295, 25.2082852,  0.6183544,  0.4153035,  0.5760341,  0.3366683)    0    0   5.00000000  0 0.200   0.00000000
(28.9830886, -4.1018263, 24.9023404, -0.1130570,  0.3428590, -0.6320752, -0.6856724)    0    0   5.00000000  0 0.200   0.00000000
(22.9298968, -15.3928574, 21.7085985, -0.5525652,  0.5256153,  0.6272506, -0.1579775)    0    0   5.00000000  0 0.200   0.00000000
(23.8869320, -6.9099925, 21.0617349,  0.5393803,  0.0456832, -0.7592267, -0.3613264)    0    0   5.00000000  0 0.200   0.00000000
(19.1575696, -12.7547507, 26.6127562, -0.4349566,  0.3142678,  0.8008011,  0.2660188)    0    0   5.00000000  0 0.200   0.00000000
(25.6073970, -14.7931237, 23.9410053,  0.3309469, -0.5880453, -0.7376187, -0.0244064)    0    0   5.00000000  0 0.200   0.00000000
(21.1937360, -11.7971303, 17.3598767, -0.4173004,  0.7034426, -0.4445125,  0.3652911)    0    0   5.00000000  0 0.200   0.00000000
(24.1641676, -10.6949552, 17.5792867,  0.4073282, -0.3688330, -0.0404154,  0.8345134)    0    0   5.00000000  0 0.200   0.00000000
(28.2006731, -18.6517306, 20.0506892, -0.2921127, -0.1254218,  0.9004216,  0.2969521)    0    0   5.00000000  0 0.200   0.00000000
(19.1207241, -19.9933231, 19.7080368, -0.7133431,  0.5140267,  0.3379770,  0.3356929)    0    0   5.00000000  0 0.200   0.00000000
(26.8562486, -7.6573058, 30.5135276, -0.0435874,  0.7268816, -0.3558519, -0.5857582)    0    0   5.00000000  0 0.200   0.00000000
(23.1079121, -16.9680110, 13.6319235, -0.7340636,  0.3885245, -0.5356865,  0.1524447)    0    0   5.00000000  0 0.200   0.00000000
(24.4798386, -9.5168267, 23.7387769,  0.4693148, -0.2997395, -0.1154023, -0.8225461)    0    0   5.00000000  0 0.200   0.00000000
(19.2212889, -16.9942918, 24.1946529, -0.9881630,  0.0185429,  0.1190379, -0.0949738)    0    0   5.00000000  0 0.200   0.00000000
(25.9094830, -7.8667694, 23.2080371,  0.6415766, -0.7112149, -0.1474685, -0.2465883)    0    0   5.00000000  0 0.200   0.00000000
(24.1210508, -6.2208910, 24.9637952,  0.1674088, -0.0206772,  0.0528019, -0.9842554)    0    0   5.00000000  0 0.200   0.00000000
(22.5395007, -21.5380470, 22.7178273, -0.0471319,  0.1999821, -0.8485547,  0.4875866)    0    0   5.00000000  0 0.200   0.00000000
(17.1028313, -8.2861694, 25.9695012,  0.9360634, -0.0127563, -0.2614730,  0.2350625)    0    0   5.00000000  0 0.200   0.00000000
(27.9048441, -5.7565925, 26.2939370,  0.3747401, -0.7278921,  0.5698664,  0.0706774)    0    0   5.00000000  0 0.200   0.00000000
(19.1109585, -7.8510799, 28.8536239, -0.7128334,  0.0915821,  0.1474119, -0.6795226)    0    0   5.00000000  0 0.200   0.00000000
(20.7962479, -8.2505261, 17.3347639,  0.4668864, -0.3729472, -0.1325324,  0.7907987)    0    0   5.00000000  0 0.200   0.00000000
(14.8282414, -9.0827896, 21.7849162,  0.8957712, -0.1900089,  0.2827589, -0.2855485)    0    0   5.00000000  0 0.200   0.00000000
(26.0479186, -6.8708823, 22.8037326,  0.3051789,  0.0070706,  0.1436625,  0.9413697)    0    0   5.00000000  0 0.200   0.00000000
(16.4437332, -10.6631146, 24.7829120, -0.7655053, -0.0248253,  0.5746987,  0.2882824)    0    0   5.00000000  0 0.200   0.00000000
(32.7545813, -14.3012292, 23.8035863, -0.2378695, -0.2421711, -0.8972280, -0.2824061)    0    0   5.00000000  0 0.200   0.00000000
(21.6442168, -5.6551315, 15.0608778, -0.2161765, -0.8361448, -0.4803424,  0.1529734)    0    0   5.00000000  0 0.200   0.00000000
(28.9156755, -11.8909474, 17.5903675, -0.3890133, -0.3069831, -0.4563186,  0.7390557)    0    0   5.00000000  0 0.200   0.00000000
(18.4224552, -9.9422387, 26.2236155,  0.0979115,  0.0664492, -0.9752577, -0.1867359)    0    0   5.00000000  0 0.200   0.00000000
(23.4846942, -7.4456613, 24.9778569,  0.3326351,  0.0592273, -0.9410917,  0.0138745)    0    0   5.00000000  0 0.200   0.00000000
(20.7718715, -13.5879630, 19.8531899, -0.7961555,  0.1019378, -0.5067273, -0.3145990)    0    0   5.00000000  0 0.200   0.00000000
(20.3253002, -15.0790378, 20.9501180,  0.0261164,  0.4880575,  0.2344500,  0.8403279)    0    0   5.00000000  0 0.200   0.00000000
(30.6545910, -5.1800371, 21.5801748,  0.4026612, -0.0187047, -0.8968915, -0.1819332)    0    0   5.00000000  0 0.200   0.00000000
(22.3185481, -7.0693423, 27.6182213,  0.2980049,  0.4258885,  0.3186346, -0.7926437)    0    0   5.00000000  0 0.200   0.00000000
(14.0927333, -13.8699079, 23.9211261, -0.7039691,  0.3243451, -0.3133823,  0.5486522)    0    0   5.00000000  0 0.200   0.00000000
(28.9169949, -18.4662909, 20.3450511,  0.1337562, -0.7898788, -0.4703258, -0.3701275)    0    0   5.00000000  0 0.200   0.00000000
(22.3776506, -6.3561020, 15.0190815, -0.7599187, -0.4046286,  0.3812478, -0.3368226)    0    0   5.00000000  0 0.200   0.00000000
(26.8870975, -14.7019656, 13.2280533, -0.8938985, -0.2854004,  0.0274757, -0.3445825)    0    0   5.00000000  0 0.200   0.00000000
(18.5292311, -14.4243835, 29.1092810,  0.5191106, -0.2376792,  0.2254311,  0.7894388)    0    0   5.00000000  0 0.200   0.00000000
(25.2006171, -3.5419415, 19.9206189,  0.0164336, -0.5929064, -0.2291379,  0.7718081)    0    0   5.00000000  0 0.200   0.00000000
(31.0613080, -11.6303142, 27.2058191,  0.6433067, -0.0864304, -0.6492139,  0.3964941)    0    0   5.00000000  0 0.200   0.00000000
(25.5393458, -19.7919441, 28.1677507, -0.3341633,  0.5651019,  0.1454564, -0.7401602)    0    0   5.00000000  0 0.200   0.00000000
(23.7657398, -6.8383595, 23.8110942,  0.7772507,  0.5427499, -0.2197589, -0.2302390)    0    0   5.00000000  0 0.200   0.00000000
(28.4856487, -13.5319433, 23.0781127,  0.3872919,  0.4393054, -0.7569822, -0.2898168)    0    0   5.00000000  0 0.200   0.00000000
(19.6002281, -4.6434990, 17.7244292, -0.3527547, -0.0549585,  0.8078200,  0.4690102)    0    0   5.00000000  0 0.200   0.00000000
(20.2747172, -7.2068732, 28.7614350, -0.7794815, -0.2289614, -0.5370392,  0.2270993)    0    0   5.00000000  0 0.200   0.00000000
(29.5964625, -15.1143496, 18.0970359,  0.9084194,  0.2685513, -0.1123455,  0.3000549)    0    0   5.00000000  0 0.200   0.00000000
(20.1517901, -10.0361594, 20.0839213, -0.1623128, -0.3585623, -0.9084243,  0.1409005)    0    0   5.00000000  0 0.200   0.00000000
(20.7713095, -8.4333190, 17.8261481,  0.7293958,  0.1440966,  0.5032291,  0.4404297)    0    0   5.00000000  0 0.200   0.00000000
(20.8113923, -20.6756612, 19.4421907,  0.2289418,  0.8324390, -0.4983910,  0.0789773)    0    0   5.00000000  0 0.200   0.00000000
(18.0780073, -13.8986008, 30.1760554, -0.6008369,  0.5425912, -0.3714982, -0.4545094)    0    0   5.00000000  0 0.200   0.00000000
(27.6316768, -10.9620482, 29.2181684,  0.8440839, -0.4618222,  0.1913677, -0.1939616)    0    0   5.00000000  0 0.200   0.00000000
(22.1066753, -5.5813167, 22.0054925,  0.8456394, -0.3950389, -0.0626508,  0.3534304)    0    0   5.00000000  0 0.200   0.00000000
(16.3220515, -17.9755304, 21.7345192, -0.2724428,  0.5178732,  0.4903018,  0.6458997)    0    0   5.00000000  0 0.200   0.00000000
(24.5793589, -7.8942502, 14.5918781, -0.7543085,  0.0349400, -0.3443437,  0.5578757)    0    0   5.00000000  0 0.200   0.00000000
(25.1320823, -17.4076994, 30.0251455, -0.8146898,  0.3377170, -0.3097219,  0.3553874)    0    0   5.00000000  0 0.200   0.00000000
(18.4513900, -9.2970152, 15.9480204, -0.8825161, -0.4241464,  0.1253539,  0.1598483)    0    0   5.00000000  0 0.200   0.00000000
(19.8288407, -15.6888065, 17.6288845,  0.0464864, -0.4252293, -0.6532492,  0.6247276)    0    0   5.00000000  0 0.200   0.00000000
(23.7191808, -11.0494253, 25.9840951,  0.1771585,  0.9482562,  0.2184492,  0.1473260)    0    0   5.00000000  0 0.200   0.00000000
(21.9623163, -14.5743081, 26.8990338, -0.3491749,  0.7515149, -0.1790482, -0.5303244)    0    0   5.00000000  0 0.200   0.00000000
(25.1839400, -10.0536364, 25.7746428, -0.7734716, -0.5018376, -0.3234072,  0.2128581)    0    0   5.00000000  0 0.200   0.00000000
(25.3668891, -3.8617054, 16.6654769, -0.4513845,  0.7683513,  0.4119738,  0.1901734)    0    0   5.00000000  0 0.200   0.00000000
(19.3853274, -17.3409344, 28.9360727,  0.3072802,  0.4210065,  0.8013826,  0.2934592)    0    0   5.00000000  0 0.200   0.00000000
(16.6701098, -7.8835155, 26.2368808,  0.4860978, -0.5560430, -0.6720206,  0.0539758)    0    0   5.00000000  0 0.200   0.00000000
(21.4964854, -8.0624144, 20.9490507, -0.6831832, -0.4766510, -0.5526639, -0.0250430)    0    0   5.00000000  0 0.200   0.00000000
(17.2865008, -9.6136827, 18.4789146,  0.4127804, -0.2568718,  0.3997016,  0.7770893)    0    0   5.00000000  0 0.200   0.00000000
(24.4647344, -19.3230870, 25.5644612,  0.8441131,  0.0261151,  0.5001657,  0.1913773)    0    0   5.00000000  0 0.200   0.00000000
(24.9787939, -20.4128720, 16.9880762, -0.6930246,  0.4265387, -0.5786834, -0.0539179)    0    0   5.00000000  0 0.200   0.00000000
(27.3436790, -7.8648069, 13.8654483, -0.6053378, -0.2512082, -0.7280675,  0.2009436)    0    0   5.00000000  0 0.200   0.00000000
(27.9779454, -13.0525938, 24.7707941,  0.2053886, -0.7520279,  0.1709125,  0.6025433)    0    0   5.00000000  0 0.200   0.00000000
(33.4274487, -11.0953684, 22.6131021, -0.3214008,  0.1394314, -0.8413011, -0.4116709)    0    0   5.00000000  0 0.200   0.00000000
(26.9695139, -13.6834600, 25.2618431, -0.6735931,  0.1518034,  0.0036755, -0.7233357)    0    0   5.00000000  0 0.200   0.00000000
(16.9776030, -14.1893112, 26.9667877, -0.1081047, -0.7627450,  0.1919738,  0.6080127)    0    0   5.00000000  0 0.200   0.00000000
(32.5426278, -9.4624037, 20.7415262,  0.0842726, -0.9115027, -0.2498051,  0.3156870)    0    0   5.00000000  0 0.200   0.00000000
(26.2350421, -17.1588782, 21.8375129,  0.0758768,  0.7967824, -0.2382136, -0.5501225)    0    0   5.00000000  0 0.200   0.00000000
(24.9753417, -8.2047878, 21.1332197, -0.1304627,  0.5645878,  0.5807112,  0.5718345)    0    0   5.00000000  0 0.200   0.00000000
(29.1597497, -7.1499280, 17.3268390, -0.8689613, -0.4173448, -0.1738008,  0.2013029)    0    0   5.00000000  0 0.200   0.00000000
(26.9165624, -6.5734449, 25.5693298,  0.6071081, -0.6837976, -0.4017138,  0.0496650)    0    0   5.00000000  0 0.200   0.00000000
(27.2759867, -20.0270629, 22.0392551, -0.7920606,  0.1712523, -0.4748823, -0.3432192)    0    0   5.00000000  0 0.200   0.00000000
(19.5106410, -9.9875256, 15.7595324, -0.9319663, -0.2606203, -0.2495303,  0.0353620)    0    0   5.00000000  0 0.200   0.00000000
(25.1632113, -12.4092808, 22.2952803,  0.9656716, -0.0383317,  0.2429570, -0.0835516)    0    0   5.00000000  0 0.200   0.00000000
(28.7407714, -4.1689131, 23.5700039,  0.2425271, -0.4161604,  0.8656001, -0.1368487)    0    0   5.00000000  0 0.200   0.00000000
(27.2408564, -15.6531252, 28.6174464, -0.1391867, -0.6126922,  0.1616177, -0.7609961)    0    0   5.00000000  0 0.200   0.00000000
(25.9446778, -10.4049623, 28.0434713,  0.0632672, -0.5103961, -0.2582481, -0.8178026)    0    0   5.00000000  0 0.200   0.00000000
(27.9701606, -13.2425256, 20.4750558, -0.8618955, -0.2933001, -0.3567094,  0.2094506)    0    0   5.00000000  0 0.200   0.00000000
(27.6893123, -6.9217147, 15.2269216, -0.5543063, -0.0336012, -0.8246609,  0.1074703)    0    0   5.00000000  0 0.200   0.00000000
(28.9956441, -19.8593997, 19.0507669, -0.4199614,  0.1548001, -0.8942127, -0.0072776)    0    0   5.00000000  0 0.200   0.00000000
(24.4084513, -18.0709601, 18.3032929,  0.7125315,  0.4112335, -0.5145796, -0.2416479)    0    0   5.00000000  0 0.200   0.00000000
(28.6614927, -19.8979543, 25.4937863, -0.9236651, -0.0544173,  0.1945608, -0.3256188)    0    0   5.00000000  0 0.200   0.00000000
(26.2797603, -7.9139362, 29.7637371,  0.0281573,  0.3865393,  0.1133785,  0.9148442)    0    0   5.00000000  0 0.200   0.00000000
(19.1534934, -8.8261914, 26.2683772, -0.6259010, -0.5044794, -0.5462052,  0.2353898)    0    0   5.00000000  0 0.200   0.00000000
(26.7025087, -5.3449980, 15.8146996, -0.6490167, -0.4097770, -0.2678663, -0.5823296)    0    0   5.00000000  0 0.200   0.00000000
(26.4792445, -9.0397865, 22.7832768,  0.6449291,  0.2695377, -0.3044851, -0.6470739)    0    0   5.00000000  0 0.200   0.00000000
(22.3647388, -2.8730315, 20.8572836, -0.4748055,  0.0685274,  0.5216137, -0.7055373)    0    0   5.00000000  0 0.200   0.00000000
