#Coordinates  RecID  LigID  Luciferin  Neighbor's number  Vision Range  Scoring
(27.9587610, -14.6258013, 29.6520752,  0.6032820,  0.4049935,  0.5936029,  0.3459286)    0    0  13.26589024  0 0.400   9.08876983
(17.0770255, -18.4800750, 21.2867177, -0.2698013,  0.5219706,  0.4951803,  0.6399613)    0    0 -10.67604025  4 5.000  -8.19873028
(23.1399717, -11.1158739, 30.2480766, -0.2935662, -0.7264947, -0.5841150,  0.2117406)    0    0  16.06494113 15 0.000  11.28414521
(24.6444204, -10.0359786, 25.5193850,  0.4751126, -0.2951329, -0.1164181, -0.8207384)    0    0  14.00308946  6 0.400   9.77340199
(28.2455561, -13.9887025, 29.6747742,  0.6032820,  0.4049935,  0.5936029,  0.3459286)    0    0  13.40528912  1 0.800   9.16056224
(30.6999791, -12.1029377, 22.6061657,  0.3692020,  0.5167143, -0.4400436, -0.6348684)    0    0  -1.68775756  0 0.600  -2.04137391
(22.2864806, -11.1758561, 30.7597520, -0.2935661, -0.7264950, -0.5841145,  0.2117411)    0    0  14.80981754  0 0.400  10.65012311
(22.6905101, -11.0864719, 30.3998982, -0.2935663, -0.7264940, -0.5841160,  0.2117397)    0    0  16.34986377  4 0.400  10.87080334
(24.7713367, -17.7323613, 29.6195159, -0.8146911,  0.3377197, -0.3097205,  0.3553830)    0    0  10.42968346  1 5.000   6.16150305
(28.5194809, -13.8237639, 29.6124502,  0.6037010,  0.4048936,  0.5931010,  0.3461747)    0    0  12.87253570 12 0.000   8.91027566
(30.9975863, -11.9341721, 22.8665322,  0.3692020,  0.5167143, -0.4400436, -0.6348684)    0    0  -0.55181929  0 0.480   0.10136939
(25.9473268, -4.4382643, 28.5153742, -0.0891862,  0.7451524, -0.3934232, -0.5310479)    0    0  17.14297214  3 5.000  11.64217493
(28.4332337, -13.8881239, 29.7517182,  0.6032820,  0.4049935,  0.5936029,  0.3459286)    0    0  13.03350117  0 0.400   8.61371639
(27.0103173, -19.8149589, 26.3267649, -0.4681068, -0.2206172, -0.7711947, -0.3707599)    0    0   7.23685120  5 0.960   4.79354362
(27.0581370, -19.7455279, 26.3516417, -0.4681068, -0.2206172, -0.7711947, -0.3707599)    0    0   7.32294985  1 5.000   4.88248867
(26.2621016, -4.1811236, 28.1448881, -0.0891862,  0.7451524, -0.3934232, -0.5310479)    0    0  16.19540254  9 0.480  11.21792613
(26.9321884, -19.9127515, 26.4611991, -0.4681068, -0.2206172, -0.7711947, -0.3707599)    0    0   5.06611452  5 0.520   2.97950239
(26.2705672, -4.6936059, 28.0730372, -0.0891862,  0.7451524, -0.3934232, -0.5310479)    0    0  15.74459594  3 0.560  11.29579523
(23.1241835, -11.1519003, 30.1684520, -0.2935661, -0.7264949, -0.5841149,  0.2117404)    0    0  16.09012134  1 0.480  10.79988207
(26.2257644, -4.7038223, 28.2783670, -0.0891862,  0.7451524, -0.3934232, -0.5310479)    0    0  11.90702006 10 0.200   6.64224191
(24.8985708, -3.8025782, 20.3724823, -0.2912490, -0.4729383,  0.1038759,  0.8250535)    0    0 -15.89948373  1 5.000 -10.47489389
(25.2691080, -7.4759290, 15.4806804, -0.7206573, -0.1666559, -0.3195021,  0.5922815)    0    0 -13.29843664  0 0.560 -10.71909182
(31.2232288, -12.5873965, 22.2416821,  0.3692020,  0.5167143, -0.4400436, -0.6348684)    0    0   0.16051110  1 1.440   0.18464605
(22.5088912, -11.2468993, 30.8311882, -0.2933084, -0.7277968, -0.5818798,  0.2137455)    0    0  13.29461455 19 0.000   8.99922324
(30.5995741, -12.0248569, 22.6831579,  0.3692020,  0.5167143, -0.4400436, -0.6348684)    0    0  -0.35662497  5 0.320   0.10241956
(24.8010151, -10.2025879, 25.1975116,  0.4751124, -0.2951334, -0.1164185, -0.8207382)    0    0  14.76548276  4 4.080   9.81431591
(25.3742175, -9.8148436, 25.2127053,  0.4760526, -0.2926397, -0.1144272, -0.8213620)    0    0  12.98161335  0 0.720   9.68534443
(25.2658811, -7.9753609, 16.2975543, -0.7206573, -0.1666559, -0.3195021,  0.5922815)    0    0 -10.68076512 13 0.000  -3.16587044
(24.3624054, -10.1045818, 25.2609732,  0.4751125, -0.2951331, -0.1164182, -0.8207383)    0    0  14.59143900  6 0.720   9.71142689
(27.9156296, -14.2243380, 29.6870451,  0.6032820,  0.4049935,  0.5936029,  0.3459286)    0    0  10.77417393  8 0.160   6.47066949
(28.2476811, -9.6223744, 27.7212940,  0.6650494, -0.0894906, -0.6308946,  0.3894519)    0    0  15.24544026  0 0.520  10.21388002
(24.1947096, -17.9916122, 16.5714968,  0.9116701,  0.3213451, -0.0845325, -0.2417627)    0    0 -14.02838757  3 5.000  -9.38941178
(25.5372799, -8.3301939, 15.4949998, -0.7206573, -0.1666559, -0.3195021,  0.5922815)    0    0  -5.47663566  3 1.040  -3.10623649
(25.3809004, -7.6830773, 15.7257051, -0.7206573, -0.1666559, -0.3195021,  0.5922815)    0    0  -8.44368692 13 0.000  -5.39810618
(24.9338914, -9.9604422, 25.9934441,  0.4751125, -0.2951331, -0.1164183, -0.8207383)    0    0  14.10958146  0 0.800   9.56222771
(28.3366036, -9.3306935, 27.8977671,  0.6650494, -0.0894906, -0.6308946,  0.3894519)    0    0  15.46023425  7 1.400  10.32176823
(26.7762808, -19.9917711, 26.0280400, -0.4681068, -0.2206172, -0.7711947, -0.3707599)    0    0   5.38348482  4 0.400   2.25956045
(25.9889677, -8.2768462, 15.6741616, -0.7206573, -0.1666559, -0.3195021,  0.5922815)    0    0  -8.48369971  3 0.400  -3.72938161
(25.0935853, -7.7110337, 15.8652663, -0.7206573, -0.1666559, -0.3195021,  0.5922815)    0    0  -8.78085212 16 0.000  -5.53214158
(28.2039871, -9.4913322, 27.8446268,  0.6650494, -0.0894906, -0.6308946,  0.3894519)    0    0  15.50157343  5 5.000  10.31045456
(22.5769315, -11.4220431, 30.7375008, -0.2935663, -0.7264939, -0.5841163,  0.2117395)    0    0  16.69969119  3 1.160  11.16664548
(25.4805566, -8.5446313, 15.7535070, -0.7206573, -0.1666559, -0.3195021,  0.5922815)    0    0  -8.94572366  2 0.480  -6.49762625
(29.0424324, -14.0422046, 29.2576958,  0.6032820,  0.4049935,  0.5936029,  0.3459286)    0    0  12.52247811  0 1.040   8.39113845
(21.4589373, -16.1282378, 13.9799659,  0.0843604,  0.9594320,  0.1999929,  0.1799344)    0    0 -30.03217767  0 5.000 -20.02145178
(27.5764223, -14.4171611, 29.6241107,  0.6032820,  0.4049935,  0.5936029,  0.3459286)    0    0  13.28256173  2 0.400   8.98985149
(25.5221005, -8.3088917, 15.5796587, -0.7206573, -0.1666559, -0.3195021,  0.5922815)    0    0  -7.20585496  6 0.560  -5.34122070
(27.8347407, -14.2214158, 29.6724124,  0.6032820,  0.4049935,  0.5936029,  0.3459286)    0    0  13.39020143  2 1.040   8.96893774
(27.9304172, -14.3144911, 29.5545492,  0.6032820,  0.4049935,  0.5936029,  0.3459286)    0    0  13.26224640 10 0.720   8.73168974
(25.2335418, -8.3555534, 15.4598899, -0.7206573, -0.1666559, -0.3195021,  0.5922815)    0    0  -7.21186082  2 0.640  -4.04022957
(22.3670922, -11.3773591, 30.5542746, -0.2930822, -0.7289015, -0.5799521,  0.2154620)    0    0  13.20000137  7 0.520   8.61983587
(27.1358888, -19.6510428, 26.4703503, -0.4681068, -0.2206172, -0.7711947, -0.3707599)    0    0   5.09090474  0 0.440   2.64442812
(31.0238615, -11.9359146, 22.8671884,  0.3692020,  0.5167143, -0.4400436, -0.6348684)    0    0   0.12222126  4 0.800   0.17430025
(25.3748800, -8.2125261, 15.4766700, -0.7206573, -0.1666559, -0.3195021,  0.5922815)    0    0  -7.24494544  5 0.400  -5.32512766
(26.2255802, -4.7099747, 28.2711639, -0.0891862,  0.7451524, -0.3934232, -0.5310479)    0    0  17.44241416  0 5.000  11.63289966
(24.3358986, -10.0497738, 25.2913980,  0.4751125, -0.2951332, -0.1164183, -0.8207383)    0    0  14.85781700  1 3.760   9.91405677
(31.0462635, -12.1543009, 22.5772434,  0.3692020,  0.5167143, -0.4400436, -0.6348684)    0    0   0.02574263  5 0.520  -0.00608558
(22.8732733, -11.3351477, 30.5040626, -0.2935663, -0.7264938, -0.5841164,  0.2117394)    0    0  16.74340227  1 1.440  11.18922486
(24.9336704, -9.7756845, 25.4550103,  0.4751126, -0.2951329, -0.1164181, -0.8207383)    0    0  12.44387029 11 0.000   7.78393466
(22.5627181, -11.0545198, 30.4267733, -0.2935659, -0.7264958, -0.5841131,  0.2117424)    0    0  15.88633290  0 0.400  10.65162694
(22.8273205, -11.2431081, 30.4522699, -0.2935663, -0.7264939, -0.5841163,  0.2117395)    0    0  16.71247233  2 2.480  11.06193859
(22.3494245, -11.7057193, 30.2513360, -0.2922237, -0.7330866, -0.5726428,  0.2219677)    0    0  13.28339685  0 0.840   8.97503849
(25.0854562, -8.0653149, 15.5664060, -0.7206573, -0.1666559, -0.3195021,  0.5922815)    0    0  -7.91795356  0 0.560  -5.35679421
(28.2674467, -14.3657486, 29.3904727,  0.6032820,  0.4049935,  0.5936029,  0.3459286)    0    0  13.09722283 14 0.880   8.52366316
(25.9288469, -4.8774891, 28.3105925, -0.0891862,  0.7451524, -0.3934232, -0.5310479)    0    0  15.68711041  0 0.440  10.80406259
(28.1904639, -9.3921673, 27.9258646,  0.6650494, -0.0894906, -0.6308946,  0.3894519)    0    0  15.59555526  0 5.000  10.39717209
(25.1320420, -9.9114157, 25.3913249,  0.4752700, -0.2947174, -0.1160862, -0.8208434)    0    0   9.56392421 10 0.000   5.29132591
(27.0899938, -20.1194218, 26.3271686, -0.4681068, -0.2206172, -0.7711947, -0.3707599)    0    0   6.14145677  1 0.400   4.39206001
(26.8517545, -20.0061310, 26.1910212, -0.4681068, -0.2206172, -0.7711947, -0.3707599)    0    0   4.05216561  7 0.480   2.27074425
(22.5133602, -11.3245201, 30.6947145, -0.2935663, -0.7264941, -0.5841160,  0.2117398)    0    0  16.54041063  3 0.480  11.12240966
(30.9157037, -12.4385704, 22.2097143,  0.3692020,  0.5167143, -0.4400436, -0.6348684)    0    0   0.13139069  3 5.000   0.15320651
(26.1164376, -4.6872135, 28.3692768, -0.0891862,  0.7451524, -0.3934232, -0.5310479)    0    0  12.34534149  3 0.560   7.00456651
(28.0657973, -14.5130540, 29.6497825,  0.6032820,  0.4049935,  0.5936029,  0.3459286)    0    0  13.24313799  0 0.400   9.02834577
(25.2098085, -7.7822251, 15.9079498, -0.7206573, -0.1666559, -0.3195021,  0.5922815)    0    0 -12.18647064  0 0.400  -9.96196869
(25.0259404, -9.6754979, 25.7172750,  0.4753221, -0.2945794, -0.1159760, -0.8208781)    0    0  11.41895970 16 0.000   7.58096507
(23.0185995, -11.3840843, 30.5184000, -0.2935662, -0.7264946, -0.5841151,  0.2117406)    0    0  16.46006874  7 0.200  10.96707424
(22.8640564, -11.2184774, 30.4120390, -0.2935663, -0.7264939, -0.5841163,  0.2117395)    0    0  16.60222531  5 1.600  10.93168146
(26.2211148, -4.7057188, 28.2594594, -0.0891862,  0.7451524, -0.3934232, -0.5310479)    0    0  17.11218872  4 4.680  11.52823494
(26.8332543, -20.2608978, 26.9919722, -0.4681068, -0.2206172, -0.7711947, -0.3707599)    0    0   3.69575671  0 0.920   2.29550205
(24.0530076, -18.3021682, 16.6670057,  0.9116701,  0.3213451, -0.0845325, -0.2417627)    0    0 -16.43162845  6 3.160 -11.94546349
(28.4832357, -9.3052236, 27.7360575,  0.6650494, -0.0894906, -0.6308945,  0.3894519)    0    0  15.23614657 11 0.000  10.26836200
(25.0434573, -10.1533077, 25.4333637,  0.4751127, -0.2951325, -0.1164178, -0.8207384)    0    0  12.65366655  9 0.080   7.58302072
(30.9703716, -12.1487236, 22.5831223,  0.3692020,  0.5167143, -0.4400436, -0.6348684)    0    0   0.13805231  2 1.520   0.08933011
(31.3849044, -11.9609405, 22.9077280,  0.3692020,  0.5167143, -0.4400436, -0.6348684)    0    0  -0.74068512  0 0.560   0.02417756
(28.1993700, -9.4570029, 27.8727204,  0.6650494, -0.0894906, -0.6308946,  0.3894519)    0    0  15.53844230  2 1.640  10.36921578
(28.1887454, -9.4227494, 27.9281135,  0.6650494, -0.0894906, -0.6308946,  0.3894519)    0    0  15.36885001  1 0.760  10.30346729
(30.7334562, -12.0115965, 22.5531106,  0.3692020,  0.5167143, -0.4400436, -0.6348684)    0    0  -0.54761184 10 0.000   0.09783620
(28.4266108, -9.5104605, 27.9088156,  0.6650494, -0.0894906, -0.6308945,  0.3894519)    0    0  14.93353034  2 0.680   9.88672981
(25.3495846, -8.5846529, 15.8455319, -0.7206573, -0.1666559, -0.3195021,  0.5922815)    0    0  -8.61817069 10 0.000  -5.50290107
(23.4282404, -11.3070725, 30.2643296, -0.2935661, -0.7264951, -0.5841143,  0.2117413)    0    0  15.74749665  4 0.240  11.00325580
(25.4417244, -8.3164524, 15.6928774, -0.7206573, -0.1666559, -0.3195021,  0.5922815)    0    0  -8.03459119  7 0.240  -5.27859991
(30.9558968, -12.2478401, 22.4555016,  0.3692020,  0.5167143, -0.4400436, -0.6348684)    0    0   0.26904756  0 5.000   0.17943878
(28.0847487, -14.1764958, 29.1411544,  0.6032820,  0.4049935,  0.5936029,  0.3459286)    0    0  13.02909362  7 0.240   8.87599463
(24.1792723, -18.0254447, 16.5819017,  0.9116701,  0.3213451, -0.0845325, -0.2417627)    0    0 -13.92325089  0 5.000  -9.28216726
(27.1353810, -20.1400028, 26.4889171, -0.4681068, -0.2206172, -0.7711947, -0.3707599)    0    0   5.42287841  0 0.760   3.21669947
(30.9636293, -12.2381872, 22.4676348,  0.3692020,  0.5167143, -0.4400436, -0.6348684)    0    0   0.07562706  5 4.720  -0.02798206
(27.0067120, -19.8221970, 26.3161693, -0.4681068, -0.2206172, -0.7711947, -0.3707599)    0    0   7.32934978  0 2.000   4.97269590
(25.5309951, -8.3181262, 15.5092836, -0.7206573, -0.1666559, -0.3195021,  0.5922815)    0    0  -5.40391325  2 1.600  -3.08048614
(28.1456012, -9.0659433, 28.1932862,  0.6650494, -0.0894906, -0.6308946,  0.3894519)    0    0  15.56460159  1 5.000  10.37980367
(16.4834762, -18.6695628, 21.1310903, -0.2698013,  0.5219706,  0.4951803,  0.6399613)    0    0  -9.29288577  3 3.960  -5.48278218
(27.9334427, -14.0846457, 29.5385703,  0.6032820,  0.4049935,  0.5936029,  0.3459286)    0    0  13.36347004  4 0.480   9.03968826
(24.1576354, -18.0737463, 16.5973143,  0.9116701,  0.3213451, -0.0845325, -0.2417627)    0    0 -17.02603437  5 0.600 -11.80562291
(22.4394303, -11.3207428, 30.7556662, -0.2935662, -0.7264945, -0.5841152,  0.2117404)    0    0  15.68341479  2 0.640  10.71662786
(24.4951349, -10.0901903, 25.2648364,  0.4751125, -0.2951330, -0.1164182, -0.8207383)    0    0  14.88609397  0 1.440  10.04950654
(23.9951862, -18.4288904, 16.7059782,  0.9116701,  0.3213451, -0.0845325, -0.2417627)    0    0 -13.98848743  1 5.000  -9.28873546
(16.5023942, -18.3899241, 21.3793137, -0.2698013,  0.5219706,  0.4951803,  0.6399613)    0    0  -7.76147706  1 5.000  -5.06011649
(16.5867196, -18.4080443, 21.3613771, -0.2698013,  0.5219706,  0.4951803,  0.6399613)    0    0 -12.38055618  5 3.080  -9.77263547
(28.0005802, -14.0631325, 29.5426403,  0.6032820,  0.4049935,  0.5936029,  0.3459286)    0    0  13.33397950  6 1.760   9.12392210
(27.9755607, -14.2626285, 29.5771362,  0.6032820,  0.4049935,  0.5936029,  0.3459286)    0    0  13.38499931  2 0.760   9.04578016
(26.1586942, -4.2149365, 28.3423611, -0.0891862,  0.7451524, -0.3934232, -0.5310479)    0    0  14.96602138 11 0.000  11.05770269
(27.7613615, -14.4176467, 29.6021706,  0.6032820,  0.4049935,  0.5936029,  0.3459286)    0    0  13.36255717  0 0.560   9.11363050
(24.5937602, -9.9883385, 25.3116743,  0.4751125, -0.2951331, -0.1164182, -0.8207383)    0    0  14.59801728  2 0.720   9.86065507
(23.0685239, -11.4440197, 30.4516138, -0.2935661, -0.7264951, -0.5841142,  0.2117414)    0    0  15.89309670 14 0.000  11.07537020
(27.7094775, -14.3195898, 29.5710292,  0.6041194,  0.4047933,  0.5925985,  0.3464204)    0    0  12.94175595  0 0.400   8.72377171
(25.3612169, -8.3314327, 15.8605718, -0.7206573, -0.1666559, -0.3195021,  0.5922815)    0    0  -8.64434856 13 0.160  -5.32351473
(25.3346262, -8.1429581, 15.3309663, -0.7206573, -0.1666559, -0.3195021,  0.5922815)    0    0  -7.41441932  3 0.400  -3.82568059
(27.8248075, -14.4805550, 29.4569619,  0.6032820,  0.4049935,  0.5936029,  0.3459286)    0    0  13.08747237  6 0.320   8.85657573
(16.9322469, -18.4843399, 21.2860602, -0.2698013,  0.5219706,  0.4951803,  0.6399613)    0    0  -7.62601360  0 5.000  -5.08400898
(26.2378629, -4.6846660, 28.2520453, -0.0891862,  0.7451524, -0.3934232, -0.5310479)    0    0  16.69561871  3 0.920  11.11718579
(24.0638235, -18.2780253, 16.6593032,  0.9116701,  0.3213451, -0.0845325, -0.2417627)    0    0 -16.38797628  5 4.520 -11.93598221
(24.8085089, -10.1828058, 25.1470697,  0.4751126, -0.2951328, -0.1164181, -0.8207384)    0    0  14.27794381  8 0.480   9.72970909
(16.9626779, -18.4909787, 21.2794986, -0.2698013,  0.5219706,  0.4951803,  0.6399613)    0    0  -7.99319934  2 5.000  -5.51120989
(25.1872744, -9.7335164, 25.8786851,  0.4755310, -0.2940258, -0.1155339, -0.8210169)    0    0  13.31316620  0 0.400   9.53855251
(24.3450213, -10.0434308, 25.2412646,  0.4751650, -0.2949945, -0.1163075, -0.8207734)    0    0  14.27689395  7 0.240   9.73673580
(27.0399676, -19.7725915, 26.3391406, -0.4681068, -0.2206172, -0.7711947, -0.3707599)    0    0   7.27081319  2 5.000   4.85063487
(22.8109844, -11.2032925, 30.4327436, -0.2935663, -0.7264941, -0.5841159,  0.2117399)    0    0  16.59044014  6 0.760  11.10468440
(26.0371608, -4.6073650, 28.4581368, -0.0891862,  0.7451524, -0.3934232, -0.5310479)    0    0  15.18417564  0 0.480  11.19816563
(22.8428068, -11.2492849, 30.0004595, -0.2935661, -0.7264948, -0.5841148,  0.2117407)    0    0  15.23373789 13 0.000  11.08743702
(25.3535158, -8.0655940, 15.8381695, -0.7206573, -0.1666559, -0.3195021,  0.5922815)    0    0  -4.75742458  0 4.400  -3.16170224
(24.9776378, -9.9060442, 25.3230501,  0.4751128, -0.2951323, -0.1164177, -0.8207385)    0    0  13.27202722  0 0.480   9.76537397
(26.2567803, -4.8205759, 28.2610707, -0.0891862,  0.7451524, -0.3934232, -0.5310479)    0    0  17.22218650  1 5.000  11.49722977
(22.1964185, -11.1198133, 30.6907388, -0.2935663, -0.7264942, -0.5841158,  0.2117399)    0    0  16.50498152  9 0.320  11.10749715
(27.9755675, -14.2631238, 29.5774254,  0.6032820,  0.4049935,  0.5936029,  0.3459286)    0    0  13.56061552  0 1.760   9.12789610
(25.3136327, -8.0421276, 15.8747788, -0.7206573, -0.1666559, -0.3195021,  0.5922815)    0    0  -6.78674709  5 0.640  -4.04876929
(31.4885106, -12.1921149, 22.7203978,  0.3692020,  0.5167143, -0.4400436, -0.6348684)    0    0  -0.28549079  0 0.560  -0.05163886
(22.7895244, -11.3175330, 30.5361356, -0.2935663, -0.7264938, -0.5841164,  0.2117394)    0    0  16.96865068  0 3.800  11.32686011
(24.5260930, -10.0732308, 25.2710574,  0.4751125, -0.2951332, -0.1164183, -0.8207383)    0    0  14.79275014  3 3.440   9.84999648
(27.7044436, -14.5294336, 29.6186471,  0.6032820,  0.4049935,  0.5936029,  0.3459286)    0    0  13.18423493 12 1.760   8.74565114
(27.9434626, -14.2062879, 29.2520497,  0.6032820,  0.4049935,  0.5936029,  0.3459286)    0    0  12.92657071  5 0.400   8.77361636
(26.3563007, -5.1770125, 28.2249186, -0.0891862,  0.7451524, -0.3934232, -0.5310479)    0    0  17.20385486  2 2.440  11.62998425
(23.0237268, -11.3503600, 30.4810700, -0.2935661, -0.7264947, -0.5841153,  0.2117399)    0    0  13.55435761  7 0.240   8.33413624
(17.0915909, -18.3743534, 21.3804019, -0.2698013,  0.5219706,  0.4951803,  0.6399613)    0    0 -13.21523778  6 3.960  -7.97350708
(29.3265679, -14.0266130, 29.0446600,  0.6032820,  0.4049935,  0.5936029,  0.3459286)    0    0  12.51182139  1 0.720   8.47663945
(25.6461811, -8.2096319, 15.6677312, -0.7206573, -0.1666559, -0.3195021,  0.5922815)    0    0  -9.63624867 24 1.160  -7.67676253
(30.4008676, -12.5001350, 22.0181478,  0.3692020,  0.5167143, -0.4400436, -0.6348684)    0    0   0.01209526  7 0.880  -0.04787807
(22.7146755, -11.7787003, 30.9753213, -0.2935663, -0.7264942, -0.5841157,  0.2117400)    0    0  16.55083739  7 0.400  11.10306971
(25.0049576, -3.7964639, 20.3566466, -0.2912490, -0.4729383,  0.1038759,  0.8250535)    0    0 -15.90417496  2 5.000 -10.44221706
(27.9666053, -9.4101980, 28.0275626,  0.6650494, -0.0894906, -0.6308946,  0.3894519)    0    0  15.46709572  3 0.680  10.45323985
(24.7215158, -17.7759690, 29.5647720, -0.8146911,  0.3377197, -0.3097205,  0.3553830)    0    0  12.42074867  0 5.000   8.28049912
(24.7636835, -10.1844132, 26.1735149,  0.4751125, -0.2951331, -0.1164182, -0.8207383)    0    0  14.03727266  1 0.640   9.58082937
(27.7602561, -14.3217087, 29.5635460,  0.6032820,  0.4049935,  0.5936029,  0.3459286)    0    0  13.33194648  7 2.240   8.90450212
(25.7148640, -8.4997766, 15.8223364, -0.7206573, -0.1666559, -0.3195021,  0.5922815)    0    0  -8.79266192  7 0.320  -6.10939478
(22.7692051, -11.3382199, 30.6996269, -0.2935661, -0.7264948, -0.5841150,  0.2117403)    0    0  13.61985403 10 0.040   8.69253895
(30.9300428, -12.1955747, 22.5193715,  0.3692020,  0.5167143, -0.4400436, -0.6348684)    0    0  -0.03058147  2 0.760   0.14377744
(25.1729101, -10.5192000, 25.2702462,  0.4751126, -0.2951328, -0.1164180, -0.8207384)    0    0  13.50092419  0 0.640   9.66085502
(25.3262758, -8.0268394, 15.8886482, -0.7206573, -0.1666559, -0.3195021,  0.5922815)    0    0  -5.20425436  1 2.240  -3.59679877
(23.8916960, -18.6552147, 16.7752748,  0.9116701,  0.3213451, -0.0845325, -0.2417627)    0    0 -15.41473335  4 1.240  -9.23929780
(23.0323210, -11.1949042, 30.3058660, -0.2935662, -0.7264943, -0.5841155,  0.2117402)    0    0  16.50104882 10 0.080  11.04624723
(28.3308789, -9.3103301, 27.9148061,  0.6650494, -0.0894906, -0.6308946,  0.3894519)    0    0  15.27371511  9 0.440  10.08753732
(24.4421314, -10.1202326, 25.2746881,  0.4751125, -0.2951331, -0.1164183, -0.8207383)    0    0  13.01350516 13 0.000   7.53660883
(17.1077387, -18.5033726, 21.2653383, -0.2698013,  0.5219706,  0.4951803,  0.6399613)    0    0 -13.27988593  7 4.040  -8.23728617
(25.2041090, -8.2119054, 15.6007056, -0.7206573, -0.1666559, -0.3195021,  0.5922815)    0    0  -9.81514085  0 0.400  -5.53228222
(24.2524776, -18.1622822, 29.0745201, -0.8146911,  0.3377197, -0.3097205,  0.3553830)    0    0  10.34051985  2 5.000   6.11449368
(25.6661331, -8.3092358, 15.6397300, -0.7206573, -0.1666559, -0.3195021,  0.5922815)    0    0  -7.68563849  1 0.640  -5.79713587
(28.2427887, -14.2521021, 29.5057021,  0.6032820,  0.4049935,  0.5936029,  0.3459286)    0    0  12.93815412  4 0.480   8.61463672
(25.0891506, -9.6981425, 25.3325832,  0.4751125, -0.2951330, -0.1164182, -0.8207383)    0    0  14.36379744  6 0.400   9.93729999
(27.8626613, -9.5494712, 27.9767194,  0.6650494, -0.0894906, -0.6308946,  0.3894519)    0    0  15.51915669  3 3.080  10.34709851
(24.7192798, -10.1140986, 25.3529735,  0.4751125, -0.2951330, -0.1164182, -0.8207383)    0    0  13.37643789 10 0.400   7.72970645
(25.4860617, -3.7688177, 20.2850466, -0.2912490, -0.4729383,  0.1038759,  0.8250535)    0    0 -16.03335508  3 5.000 -10.84859158
(22.1475264, -11.8263885, 30.1167995, -0.2921593, -0.7333582, -0.5721324,  0.2224073)    0    0  12.77727663  2 1.000   8.16506603
(23.1078362, -11.1875536, 29.9038817, -0.2935659, -0.7264952, -0.5841148,  0.2117398)    0    0  14.38500983 22 1.640   8.99740350
(24.8219635, -10.0639923, 25.2324778,  0.4751650, -0.2949945, -0.1163076, -0.8207734)    0    0  13.00698823 12 0.080   7.54438707
(25.0761682, -7.7443605, 15.7212836, -0.7206573, -0.1666559, -0.3195021,  0.5922815)    0    0  -8.72633030 11 0.000  -7.67124985
(26.9764260, -19.8655060, 26.2978031, -0.4681068, -0.2206172, -0.7711947, -0.3707599)    0    0   6.60700685  7 1.440   4.48473454
(26.7902431, -20.1450018, 26.1667718, -0.4681068, -0.2206172, -0.7711947, -0.3707599)    0    0   7.24982098  4 1.200   4.82793431
(25.6261642, -8.4653703, 15.6037168, -0.7206573, -0.1666559, -0.3195021,  0.5922815)    0    0  -9.28974727  6 0.320  -6.04654385
(26.4680070, -5.1854434, 28.2206533, -0.0891862,  0.7451524, -0.3934232, -0.5310479)    0    0  15.86563840  2 0.640  10.79098691
(31.1274246, -12.0618522, 22.9326543,  0.3692020,  0.5167143, -0.4400436, -0.6348684)    0    0  -1.15161894  0 0.440   0.00892633
(27.8779645, -14.2726007, 29.6756378,  0.6032820,  0.4049935,  0.5936029,  0.3459286)    0    0  13.15804803  4 0.480   8.84785462
(22.4715455, -11.1165290, 30.4191865, -0.2935662, -0.7264943, -0.5841156,  0.2117402)    0    0  16.42609642  2 0.320  11.12378949
(26.2314608, -4.7354847, 28.2711084, -0.0891862,  0.7451524, -0.3934232, -0.5310479)    0    0  16.66975661  4 0.640  10.97761893
(27.9792485, -14.2632553, 29.5769779,  0.6032820,  0.4049935,  0.5936029,  0.3459286)    0    0  12.83891327 20 0.000   8.73209135
(25.0435273, -9.6522272, 25.4327807,  0.4751125, -0.2951331, -0.1164183, -0.8207383)    0    0  14.51679832  7 0.480   9.76083056
(25.5096440, -8.2886085, 15.5487776, -0.7206573, -0.1666559, -0.3195021,  0.5922815)    0    0  -8.53918531 15 0.000  -7.61100017
(26.1453138, -4.2306983, 28.2621139, -0.0891862,  0.7451524, -0.3934232, -0.5310479)    0    0  16.26366319  2 0.680  10.75370977
(26.9618860, -19.8887695, 26.4248676, -0.4681068, -0.2206172, -0.7711947, -0.3707599)    0    0   6.22074352  4 0.560   4.79064481
(25.1506941, -7.7806552, 16.1979852, -0.7206573, -0.1666559, -0.3195021,  0.5922815)    0    0  -5.72329145  4 0.800  -3.15896665
(28.0819328, -14.3500790, 29.4752429,  0.6032820,  0.4049935,  0.5936029,  0.3459286)    0    0  12.88351571 12 0.000   8.45532431
(26.1391587, -4.6452909, 28.3645286, -0.0891862,  0.7451524, -0.3934232, -0.5310479)    0    0  16.32379185  3 0.440  11.55321914
(28.2038120, -9.4900025, 27.8457180,  0.6650494, -0.0894906, -0.6308946,  0.3894519)    0    0  15.50487734  4 3.560  10.30914440
(26.1271999, -4.1767933, 28.2698185, -0.0891862,  0.7451524, -0.3934232, -0.5310479)    0    0  16.65972070  2 0.680  11.14041951
(31.1064890, -11.8880983, 22.9388013,  0.3692020,  0.5167143, -0.4400436, -0.6348684)    0    0  -0.00591488  8 2.240   0.16335111
(25.7201705, -8.0709532, 16.1472740, -0.7206573, -0.1666559, -0.3195021,  0.5922815)    0    0  -7.37267012  7 0.280  -3.12512967
(26.7776509, -20.1638949, 26.1579211, -0.4681068, -0.2206172, -0.7711947, -0.3707599)    0    0   7.26127358  3 5.000   4.83440931
(24.1954587, -17.9899703, 16.5709919,  0.9116701,  0.3213451, -0.0845325, -0.2417627)    0    0 -14.02276714  2 5.000  -9.38553731
(26.7960072, -20.1363466, 26.1708316, -0.4681068, -0.2206172, -0.7711947, -0.3707599)    0    0   6.96783384  6 1.400   4.86770930
(26.1126651, -4.5974826, 28.3876688, -0.0891862,  0.7451524, -0.3934232, -0.5310479)    0    0  16.32778007  1 0.480  11.44536002
(22.7013729, -11.4697441, 30.7084777, -0.2935663, -0.7264940, -0.5841161,  0.2117397)    0    0  16.65251140  4 1.400  11.10687771
(25.1660778, -7.7419095, 16.1120811, -0.7206573, -0.1666559, -0.3195021,  0.5922815)    0    0 -11.93368764 16 0.000  -5.50417914
(24.4978214, -10.0955431, 25.2620192,  0.4751125, -0.2951331, -0.1164183, -0.8207383)    0    0  14.84198240  2 1.520  10.11100130
(25.3187808, -3.7784303, 20.3099421, -0.2912490, -0.4729383,  0.1038759,  0.8250535)    0    0 -15.76397526  0 5.000 -10.50931684
