#Coordinates  RecID  LigID  Luciferin  Neighbor's number  Vision Range  Scoring
(19.8468005,  5.8187224, 37.7677941, -0.4958219, -0.4127197, -0.7072622,  0.2891424)    0    0   5.00000000  0 0.200   0.00000000
(18.9414246,  4.6311347, 38.5537441,  0.5464144,  0.0229446, -0.3516516, -0.7597670)    0    0   5.00000000  0 0.200   0.00000000
(26.5912892,  7.4490041, 32.7287317,  0.4801587, -0.0996317,  0.8073884,  0.3280932)    0    0   5.00000000  0 0.200   0.00000000
(13.4332329, -1.4705991, 33.0566240,  0.1305211,  0.6192199, -0.2453123, -0.7344065)    0    0   5.00000000  0 0.200   0.00000000
(17.4017135,  1.5382969, 31.5777540, -0.2950885,  0.0407806,  0.8438571, -0.4462790)    0    0   5.00000000  0 0.200   0.00000000
(22.5671408, -0.0972521, 32.5567404, -0.3562183,  0.8053577, -0.0638580,  0.4694994)    0    0   5.00000000  0 0.200   0.00000000
(21.2893340, -2.9915484, 25.5754582, -0.4465050, -0.0130991, -0.5048316, -0.7386520)    0    0   5.00000000  0 0.200   0.00000000
(16.8438918,  4.5493614, 23.4969620,  0.8696125, -0.1685250, -0.0624038,  0.4598687)    0    0   5.00000000  0 0.200   0.00000000
(23.4557157,  0.1201707, 39.2774956, -0.3681189, -0.7953865, -0.4690293, -0.1089045)    0    0   5.00000000  0 0.200   0.00000000
(28.7366492,  0.0660670, 36.5846614,  0.5218469, -0.3744765, -0.0118499,  0.7663568)    0    0   5.00000000  0 0.200   0.00000000
(26.5915086,  7.1650825, 30.7144628, -0.9102701,  0.4038747,  0.0225810,  0.0882247)    0    0   5.00000000  0 0.200   0.00000000
(19.8219307, -4.6116178, 24.7233233, -0.0115330,  0.1748627,  0.4503715, -0.8754745)    0    0   5.00000000  0 0.200   0.00000000
(26.8808503,  3.8904399, 24.8785652,  0.8803993, -0.4085199, -0.1243108, -0.2062893)    0    0   5.00000000  0 0.200   0.00000000
(17.9001911, -7.4033851, 31.2000958,  0.8605101,  0.1539601, -0.2662203, -0.4061348)    0    0   5.00000000  0 0.200   0.00000000
(25.3020257, -1.0529113, 37.5883984, -0.3781461,  0.8804187, -0.1593063,  0.2376763)    0    0   5.00000000  0 0.200   0.00000000
(22.1355001,  5.5675938, 35.5939467, -0.3078836, -0.4612181, -0.0382015,  0.8312799)    0    0   5.00000000  0 0.200   0.00000000
(25.4774708, -3.0519307, 22.5824330,  0.3058347,  0.5428440, -0.5861344, -0.5179112)    0    0   5.00000000  0 0.200   0.00000000
(19.4346159, -2.2228611, 25.9490772, -0.5212877,  0.5838964,  0.4553550,  0.4242357)    0    0   5.00000000  0 0.200   0.00000000
(19.3368673, 11.0014276, 31.2299868,  0.3400941,  0.1667157, -0.3868808, -0.8407527)    0    0   5.00000000  0 0.200   0.00000000
(16.6075186,  4.0296059, 31.3449393,  0.7824065, -0.1204569,  0.5035164, -0.3461235)    0    0   5.00000000  0 0.200   0.00000000
(27.5487653, -3.6650080, 24.4284084, -0.5113339, -0.8434041,  0.0970219,  0.1333941)    0    0   5.00000000  0 0.200   0.00000000
(14.8593929, -0.1709932, 26.8918226, -0.4840649, -0.1658624,  0.2434222,  0.8239639)    0    0   5.00000000  0 0.200   0.00000000
(21.5467310,  1.5523162, 31.7024831, -0.3757871, -0.6160742,  0.1439786, -0.6771313)    0    0   5.00000000  0 0.200   0.00000000
(25.8174768,  6.1243021, 38.4009597, -0.4513451,  0.8785544, -0.1381923, -0.0730250)    0    0   5.00000000  0 0.200   0.00000000
(22.3185777, -1.8604407, 27.7261313, -0.3809405, -0.6231472,  0.2467471,  0.6369362)    0    0   5.00000000  0 0.200   0.00000000
(17.2129696,  6.2910610, 26.5800754, -0.0429434, -0.8269370, -0.1559728,  0.5385198)    0    0   5.00000000  0 0.200   0.00000000
(20.8553131, -4.3253516, 28.1962374,  0.0115110,  0.3041957, -0.0633490,  0.9504312)    0    0   5.00000000  0 0.200   0.00000000
(15.9045417, -4.4933555, 34.4537961, -0.8934987,  0.2769247,  0.2438050,  0.2559919)    0    0   5.00000000  0 0.200   0.00000000
(20.7291190,  9.9832474, 27.9894231, -0.2323620,  0.2924207, -0.7543144,  0.5399147)    0    0   5.00000000  0 0.200   0.00000000
(19.4953792,  3.7689057, 22.1106826,  0.8084253, -0.5836126, -0.0055155, -0.0762528)    0    0   5.00000000  0 0.200   0.00000000
(22.0900191, -0.5310799, 23.0315074,  0.7546195,  0.6382430,  0.1473026,  0.0386942)    0    0   5.00000000  0 0.200   0.00000000
(19.0480614, -5.9564298, 35.1052748, -0.4522885, -0.4104017,  0.7423976, -0.2754113)    0    0   5.00000000  0 0.200   0.00000000
(27.9926505, -3.1571452, 36.0813020,  0.4254357,  0.6947192,  0.0919295, -0.5726418)    0    0   5.00000000  0 0.200   0.00000000
(27.5823571, -4.3138314, 36.0782884, -0.8654880, -0.4139253, -0.0178736,  0.2815617)    0    0   5.00000000  0 0.200   0.00000000
(21.1737929, -2.5986650, 38.4923704,  0.9245376, -0.3536748,  0.1415529,  0.0103537)    0    0   5.00000000  0 0.200   0.00000000
(24.8603026, -5.1070868, 31.7877878,  0.5946512, -0.5899725, -0.1048070, -0.5360391)    0    0   5.00000000  0 0.200   0.00000000
(27.3070134,  0.6991809, 34.9859009, -0.2044052,  0.7575776, -0.6120017, -0.0987349)    0    0   5.00000000  0 0.200   0.00000000
(26.2200562,  5.4930213, 25.4943602,  0.9490063, -0.1330313, -0.1968731,  0.2071974)    0    0   5.00000000  0 0.200   0.00000000
(16.5893911,  8.9085849, 33.0721861, -0.5032796, -0.8241869, -0.2573650,  0.0344796)    0    0   5.00000000  0 0.200   0.00000000
(18.7097205,  1.0344316, 30.3463792, -0.4579841, -0.2874103,  0.7298785, -0.4182383)    0    0   5.00000000  0 0.200   0.00000000
(28.5284210,  8.1973756, 30.2589449,  0.4411967,  0.2096537,  0.3512942,  0.7987385)    0    0   5.00000000  0 0.200   0.00000000
(20.1025314,  2.7796261, 36.1410537,  0.6351808, -0.0717391, -0.4435220,  0.6282413)    0    0   5.00000000  0 0.200   0.00000000
(14.4305419,  1.6138075, 29.7238788, -0.5720759,  0.1691966, -0.6661824, -0.4475519)    0    0   5.00000000  0 0.200   0.00000000
(19.9388270,  2.6685419, 22.0781681, -0.6975502,  0.0477241,  0.7018131, -0.1363981)    0    0   5.00000000  0 0.200   0.00000000
(27.2599662,  9.3439840, 29.7744450,  0.4741571,  0.7222204, -0.4890515,  0.1200059)    0    0   5.00000000  0 0.200   0.00000000
(24.5198123,  3.3732230, 39.0336916,  0.2515865,  0.6992130,  0.6422239,  0.1880265)    0    0   5.00000000  0 0.200   0.00000000
(16.8992987,  1.2974554, 35.8502392,  0.0237404, -0.2435007, -0.9127338, -0.3272016)    0    0   5.00000000  0 0.200   0.00000000
(20.8220842,  4.3354333, 29.7889433, -0.1418092, -0.1340555, -0.6168664, -0.7624927)    0    0   5.00000000  0 0.200   0.00000000
(20.6723667,  1.5974270, 29.3640923,  0.6364103, -0.3923105, -0.4388654,  0.4984692)    0    0   5.00000000  0 0.200   0.00000000
(29.4464627, -2.8892092, 28.7298538,  0.5293548, -0.0698610,  0.8443340,  0.0447549)    0    0   5.00000000  0 0.200   0.00000000
(15.9072762,  2.1772974, 24.6275818,  0.6154365,  0.7549682,  0.1146741, -0.1952198)    0    0   5.00000000  0 0.200   0.00000000
(22.6280220, -4.0837924, 32.5664720,  0.4161056, -0.1935089,  0.6106218,  0.6454080)    0    0   5.00000000  0 0.200   0.00000000
(18.5783442, -4.9860671, 31.3050332,  0.8300340,  0.5409134, -0.1266489,  0.0491564)    0    0   5.00000000  0 0.200   0.00000000
(17.7833442, -1.6302325, 31.9964123, -0.0611174, -0.5490817, -0.7794797,  0.2952717)    0    0   5.00000000  0 0.200   0.00000000
(25.7960876,  7.7855772, 32.0169051,  0.8566867, -0.1588628,  0.3417589,  0.3522091)    0    0   5.00000000  0 0.200   0.00000000
(20.7118995, -1.4382774, 32.5563788, -0.2522250,  0.1571722, -0.7422871,  0.6005742)    0    0   5.00000000  0 0.200   0.00000000
(16.8222420,  7.0057766, 26.5345748, -0.3551929, -0.3146444, -0.6872655,  0.5500028)    0    0   5.00000000  0 0.200   0.00000000
(26.9597385,  0.5323834, 34.4031638, -0.5236614, -0.0913708, -0.2993552,  0.7923488)    0    0   5.00000000  0 0.200   0.00000000
(27.0219197,  6.4779249, 36.3167343,  0.1725061,  0.6507133, -0.5232727,  0.5224936)    0    0   5.00000000  0 0.200   0.00000000
(22.7054434,  6.8087740, 25.6508603, -0.3244048, -0.7471283,  0.0437370,  0.5784876)    0    0   5.00000000  0 0.200   0.00000000
(25.2219833,  7.1170823, 32.0056861,  0.5063126, -0.6558154,  0.3926646,  0.3992095)    0    0   5.00000000  0 0.200   0.00000000
(21.5990594,  0.4765508, 25.2364344,  0.0261331,  0.6572724,  0.7512363,  0.0543505)    0    0   5.00000000  0 0.200   0.00000000
(23.5082475,  4.8746108, 25.1573232, -0.0423067, -0.2196483,  0.9722253,  0.0688672)    0    0   5.00000000  0 0.200   0.00000000
(18.7292004,  7.3556390, 29.4704979,  0.8434717, -0.4014333,  0.1744595,  0.3114012)    0    0   5.00000000  0 0.200   0.00000000
(25.3714803, -0.0727199, 23.2401327,  0.6596617,  0.3467580,  0.6367257, -0.1979537)    0    0   5.00000000  0 0.200   0.00000000
(22.8197339,  3.8614272, 21.2555548, -0.2630911,  0.3219104,  0.8768428,  0.2414611)    0    0   5.00000000  0 0.200   0.00000000
(22.0618857, -2.7351472, 27.1044234,  0.3019033,  0.0792495, -0.0364942, -0.9493377)    0    0   5.00000000  0 0.200   0.00000000
(24.8483896, -5.9390487, 32.5923664,  0.4809333,  0.8264567,  0.0622376, -0.2860050)    0    0   5.00000000  0 0.200   0.00000000
(20.0079416,  0.4423985, 34.2742364,  0.5944116, -0.4070647,  0.5880115, -0.3677169)    0    0   5.00000000  0 0.200   0.00000000
(21.0480438, -3.6906346, 35.0029358, -0.2033328, -0.4075924,  0.8595438, -0.2317511)    0    0   5.00000000  0 0.200   0.00000000
(17.1825668,  9.7597118, 27.7947839, -0.1211671,  0.0606502, -0.9898076, -0.0438296)    0    0   5.00000000  0 0.200   0.00000000
(23.6447415, -2.0772218, 27.5170425, -0.5489801, -0.5890508,  0.1697120,  0.5681882)    0    0   5.00000000  0 0.200   0.00000000
(18.8968004,  6.4906466, 35.9857247,  0.4795089,  0.5255702, -0.6750620, -0.1952910)    0    0   5.00000000  0 0.200   0.00000000
(26.6685020,  1.4622908, 25.9811649,  0.3558647,  0.2001241,  0.2315345,  0.8830076)    0    0   5.00000000  0 0.200   0.00000000
(27.9032714, -2.5532171, 36.1038567, -0.0380912, -0.8243369,  0.5612312,  0.0635399)    0    0   5.00000000  0 0.200   0.00000000
(24.5989726,  0.9082762, 38.9500544,  0.5540270, -0.3076895, -0.5964500,  0.4925735)    0    0   5.00000000  0 0.200   0.00000000
(23.4356563, -1.5149405, 30.5108397, -0.2734560,  0.9014773, -0.0845558,  0.3246702)    0    0   5.00000000  0 0.200   0.00000000
(22.4108871,  6.2260527, 35.6278091,  0.5874128, -0.6638289, -0.4329570, -0.1637854)    0    0   5.00000000  0 0.200   0.00000000
(24.7548443, -7.2693558, 32.8803858, -0.3899132, -0.4649416,  0.7113530, -0.3546461)    0    0   5.00000000  0 0.200   0.00000000
(25.6114717,  3.3463197, 37.2370034,  0.0799403, -0.1324103,  0.9628189,  0.2214879)    0    0   5.00000000  0 0.200   0.00000000
(13.9518992,  5.8617594, 34.8304809, -0.0315777, -0.4851890,  0.7959082, -0.3607279)    0    0   5.00000000  0 0.200   0.00000000
(25.8049683,  6.2510592, 29.0057554, -0.6891971, -0.1496324, -0.6646541, -0.2466828)    0    0   5.00000000  0 0.200   0.00000000
(25.7438523, -0.8705507, 31.7186562,  0.3082818,  0.4438094,  0.6750795,  0.5022581)    0    0   5.00000000  0 0.200   0.00000000
(20.1615807,  2.6481976, 35.9803283, -0.3407516,  0.5596075,  0.7317794, -0.1876879)    0    0   5.00000000  0 0.200   0.00000000
(25.0064065,  2.2450101, 29.1653631, -0.2931941, -0.4970299, -0.7399679, -0.3456097)    0    0   5.00000000  0 0.200   0.00000000
(29.8600083,  3.2515540, 26.6471294, -0.6687282, -0.6408740,  0.3709504, -0.0669250)    0    0   5.00000000  0 0.200   0.00000000
(25.0599546,  8.0627669, 34.3512038,  0.3643133, -0.2885689,  0.2303934, -0.8549402)    0    0   5.00000000  0 0.200   0.00000000
(18.4154880, -1.2155357, 27.2400573, -0.0363204,  0.3915174, -0.9069041, -0.1513934)    0    0   5.00000000  0 0.200   0.00000000
(17.6405054,  6.9510754, 36.1129803,  0.1611892,  0.3321548,  0.9213601, -0.1216009)    0    0   5.00000000  0 0.200   0.00000000
(20.1585268, 11.1890156, 30.6129602,  0.9220837,  0.2814075, -0.0402351, -0.2625882)    0    0   5.00000000  0 0.200   0.00000000
(18.5918430, -2.1939279, 35.3607141,  0.1170731, -0.3985005, -0.0518723, -0.9081853)    0    0   5.00000000  0 0.200   0.00000000
(15.3778220, -1.6396937, 27.6695775, -0.4861334,  0.4545516, -0.2705240,  0.6956104)    0    0   5.00000000  0 0.200   0.00000000
(17.4197763, -1.4132081, 35.3091353, -0.1028900, -0.1473880, -0.9831183, -0.0341891)    0    0   5.00000000  0 0.200   0.00000000
(21.1962880, -3.2466956, 22.8805696, -0.7135652,  0.2037214, -0.1076187,  0.6616196)    0    0   5.00000000  0 0.200   0.00000000
(16.9258514,  8.6719599, 30.3524922,  0.5190534, -0.5897653,  0.2967919,  0.5428398)    0    0   5.00000000  0 0.200   0.00000000
(16.5452891,  7.0065106, 32.1782355, -0.0689239,  0.9535173,  0.2507199,  0.1522951)    0    0   5.00000000  0 0.200   0.00000000
(20.1969954, -0.4301760, 22.0055795, -0.3753946,  0.2637366, -0.1433028,  0.8769186)    0    0   5.00000000  0 0.200   0.00000000
(18.2371404,  2.5089836, 31.6637340, -0.6385380,  0.2320856,  0.7290745,  0.0828005)    0    0   5.00000000  0 0.200   0.00000000
(26.5985562,  4.4670252, 30.2338739, -0.6543136, -0.0277310, -0.5367870,  0.5319440)    0    0   5.00000000  0 0.200   0.00000000
(19.0452880,  3.9145760, 34.8195800,  0.7553310, -0.2959392, -0.4133696,  0.4135465)    0    0   5.00000000  0 0.200   0.00000000
(25.3277318,  5.7985418, 32.3086522,  0.4864595,  0.8631780, -0.1184832, -0.0651355)    0    0   5.00000000  0 0.200   0.00000000
(20.4179794,  6.5921430, 24.7695215, -0.5104077, -0.7421149,  0.4161807, -0.1246717)    0    0   5.00000000  0 0.200   0.00000000
(24.6034447, -0.7078680, 24.9869251, -0.9028234,  0.0967480,  0.1712635,  0.3823854)    0    0   5.00000000  0 0.200   0.00000000
(19.3403011,  2.6670638, 21.9406973, -0.9312737, -0.1811392,  0.1228096, -0.2912657)    0    0   5.00000000  0 0.200   0.00000000
(28.1800726,  0.3520866, 34.1031548,  0.2053119,  0.3432346,  0.3942284, -0.8274183)    0    0   5.00000000  0 0.200   0.00000000
(23.7957537, -5.8662883, 27.0387235,  0.5528805, -0.6675693, -0.4974494,  0.0349060)    0    0   5.00000000  0 0.200   0.00000000
(19.4837949, -3.3518399, 37.8504869,  0.6814396, -0.4485995, -0.5373392, -0.2136942)    0    0   5.00000000  0 0.200   0.00000000
(25.7211910,  2.9863424, 22.6622699, -0.3986019,  0.0744118, -0.6592869,  0.6331826)    0    0   5.00000000  0 0.200   0.00000000
(23.6731059, -1.6388545, 22.4682377, -0.3151581,  0.4459721, -0.0159863,  0.8375731)    0    0   5.00000000  0 0.200   0.00000000
(25.8813609,  9.7338269, 30.6772874,  0.5119990,  0.2427824, -0.8231615, -0.0363154)    0    0   5.00000000  0 0.200   0.00000000
(23.0157373,  8.0960982, 31.7906172, -0.2691800,  0.4081652, -0.3711630,  0.7894183)    0    0   5.00000000  0 0.200   0.00000000
(29.2667569,  0.3053247, 26.2734473,  0.0855360,  0.0642777, -0.8323104,  0.5438854)    0    0   5.00000000  0 0.200   0.00000000
(19.1559289, -2.3310759, 35.9917494, -0.4111869, -0.3624596,  0.4231189,  0.7214698)    0    0   5.00000000  0 0.200   0.00000000
(28.0566320,  1.4393220, 37.7568818,  0.4452219,  0.3566301,  0.3775921,  0.7293947)    0    0   5.00000000  0 0.200   0.00000000
(27.7072854,  0.1445566, 32.3095478, -0.3471118,  0.8222405,  0.1962983,  0.4060800)    0    0   5.00000000  0 0.200   0.00000000
(16.3917854, -2.0913585, 32.1404466,  0.5575587, -0.1086910,  0.8006232,  0.1905705)    0    0   5.00000000  0 0.200   0.00000000
(18.6698598,  2.5537626, 31.7882758, -0.0495913,  0.2089803,  0.6521766,  0.7270032)    0    0   5.00000000  0 0.200   0.00000000
(21.3716857,  4.5283176, 26.0514129, -0.4374483, -0.6929901,  0.3219521, -0.4740786)    0    0   5.00000000  0 0.200   0.00000000
(18.2466380, -1.4750583, 23.2118375, -0.3703289,  0.8293810, -0.3531986,  0.2241305)    0    0   5.00000000  0 0.200   0.00000000
(18.5819534,  1.3283140, 36.8891932, -0.4992290,  0.3548321, -0.6514201,  0.4477905)    0    0   5.00000000  0 0.200   0.00000000
(30.9909964,  1.4143495, 30.3187405,  0.7848942, -0.3412241, -0.3845647,  0.3458572)    0    0   5.00000000  0 0.200   0.00000000
(19.8626972, -1.2237418, 21.6491243,  0.2007956,  0.3420693,  0.8371836, -0.3765544)    0    0   5.00000000  0 0.200   0.00000000
(15.2948955,  0.2613769, 23.4197819, -0.0028668,  0.3576880,  0.9264816,  0.1169745)    0    0   5.00000000  0 0.200   0.00000000
(28.5744580,  2.7810019, 28.8296205,  0.4060164, -0.5994883, -0.0220545, -0.6894041)    0    0   5.00000000  0 0.200   0.00000000
(29.3658445, -1.1812232, 32.0133442,  0.8806682,  0.4452448,  0.1355987,  0.0882807)    0    0   5.00000000  0 0.200   0.00000000
(18.5556699,  4.3242176, 33.7674883,  0.7637328,  0.5769531, -0.0717914, -0.2805054)    0    0   5.00000000  0 0.200   0.00000000
(22.6980010,  4.0495329, 22.2717953, -0.4611741, -0.1980143,  0.7948426, -0.3410779)    0    0   5.00000000  0 0.200   0.00000000
(19.6875645,  2.4042108, 37.4852754, -0.4797724,  0.5277735,  0.0639574, -0.6979849)    0    0   5.00000000  0 0.200   0.00000000
(25.7517977,  6.8816360, 23.2650618,  0.5423182, -0.3080963, -0.5364612,  0.5684866)    0    0   5.00000000  0 0.200   0.00000000
(17.8631605, -1.7079349, 34.6983533,  0.0965351,  0.6502012,  0.3727300,  0.6549745)    0    0   5.00000000  0 0.200   0.00000000
(29.3103638,  5.2818438, 26.9949652,  0.9680502,  0.2031067, -0.1460688, -0.0170393)    0    0   5.00000000  0 0.200   0.00000000
(27.0441852,  4.8583526, 24.6384662,  0.5726023, -0.0535471,  0.8132767, -0.0885459)    0    0   5.00000000  0 0.200   0.00000000
(22.8470031,  0.8921330, 39.3863979,  0.9209212,  0.0629522,  0.3590560, -0.1379127)    0    0   5.00000000  0 0.200   0.00000000
(25.1540554,  4.8976391, 33.4522830, -0.0450782,  0.2983077,  0.3745742,  0.8767409)    0    0   5.00000000  0 0.200   0.00000000
(29.0624501, -3.3256097, 30.7998756, -0.9965023, -0.0516291,  0.0629453, -0.0188533)    0    0   5.00000000  0 0.200   0.00000000
(28.9256196, -1.4002162, 24.2455642,  0.1142656, -0.4441323,  0.0947052,  0.8835841)    0    0   5.00000000  0 0.200   0.00000000
(18.1208631, -2.6783628, 30.4002317, -0.2496958, -0.1036728,  0.3328378, -0.9033952)    0    0   5.00000000  0 0.200   0.00000000
(20.9011679,  2.1549309, 21.2530151, -0.4219132,  0.8448169, -0.2286927, -0.2365868)    0    0   5.00000000  0 0.200   0.00000000
(17.4796382,  9.4191467, 34.4861512, -0.2792219,  0.3206240,  0.0611346,  0.9030492)    0    0   5.00000000  0 0.200   0.00000000
(27.5530656,  5.0064563, 32.4887782,  0.0740526,  0.1721543,  0.4082221,  0.8934393)    0    0   5.00000000  0 0.200   0.00000000
(22.9433880,  0.0555979, 37.1296140, -0.1221389, -0.9319146,  0.0488200, -0.3379850)    0    0   5.00000000  0 0.200   0.00000000
(28.4772864,  2.9593274, 28.9631241, -0.1957950,  0.4078496,  0.1194380, -0.8837746)    0    0   5.00000000  0 0.200   0.00000000
(29.1600097, -4.8128040, 29.9799254,  0.1735031, -0.3146540, -0.6313658,  0.6872167)    0    0   5.00000000  0 0.200   0.00000000
(21.9352175,  4.5350539, 26.9825120,  0.3754671, -0.5516402,  0.7405216, -0.0796577)    0    0   5.00000000  0 0.200   0.00000000
(23.6230475,  7.2757131, 36.6960177,  0.5073249,  0.7550653,  0.3894624,  0.1442806)    0    0   5.00000000  0 0.200   0.00000000
(21.1488420, 10.3755246, 34.5156291, -0.4144486, -0.7272758, -0.5318685,  0.1281337)    0    0   5.00000000  0 0.200   0.00000000
(15.0803606, -1.7470409, 27.2760332,  0.7383365,  0.1419472, -0.3520374,  0.5574763)    0    0   5.00000000  0 0.200   0.00000000
(26.7133219, -4.7093340, 28.0084563,  0.1949814, -0.9174738,  0.3118256, -0.1516207)    0    0   5.00000000  0 0.200   0.00000000
(16.9900733,  1.4869831, 29.8765996, -0.4732851,  0.0790727, -0.6283822,  0.6122782)    0    0   5.00000000  0 0.200   0.00000000
(17.9577595,  4.6159467, 27.9658477, -0.4049475,  0.9038796,  0.0510492, -0.1281136)    0    0   5.00000000  0 0.200   0.00000000
(17.3200714, -4.6942477, 25.4393909, -0.1760860,  0.1024077,  0.4189702,  0.8848561)    0    0   5.00000000  0 0.200   0.00000000
(19.7110598,  4.7689656, 22.4726139,  0.2730729, -0.8061111, -0.5062125, -0.1391585)    0    0   5.00000000  0 0.200   0.00000000
(22.9621900,  3.9022699, 39.6954425,  0.3973528, -0.1154244, -0.8334473, -0.3662698)    0    0   5.00000000  0 0.200   0.00000000
(18.6651424,  7.4878910, 32.7632360, -0.4943576,  0.1221590, -0.5328035, -0.6758758)    0    0   5.00000000  0 0.200   0.00000000
(24.7885602,  6.8138395, 34.2029998, -0.1575641,  0.4048456,  0.6132310,  0.6597130)    0    0   5.00000000  0 0.200   0.00000000
(20.5131282,  2.7848102, 29.7438428,  0.4592685, -0.1991885, -0.6406270,  0.5822314)    0    0   5.00000000  0 0.200   0.00000000
(28.8390502, -2.1287403, 29.5320498, -0.6294897,  0.0365047,  0.5808799,  0.5147705)    0    0   5.00000000  0 0.200   0.00000000
(25.1293507,  3.9127325, 35.0105984, -0.2799042,  0.9075232, -0.3130784,  0.0061037)    0    0   5.00000000  0 0.200   0.00000000
(19.1994683,  0.7119093, 34.9636752,  0.3506093, -0.8678951, -0.3508686, -0.0268767)    0    0   5.00000000  0 0.200   0.00000000
(15.5775494,  3.0977897, 26.3784751, -0.1192946, -0.2916703,  0.9313962, -0.1822041)    0    0   5.00000000  0 0.200   0.00000000
(17.3925895,  1.1920110, 29.4571178,  0.8155159,  0.1162464, -0.5017053, -0.2640311)    0    0   5.00000000  0 0.200   0.00000000
(22.3498593,  1.8989417, 36.2431333, -0.6066608, -0.7457660, -0.2342609,  0.1446291)    0    0   5.00000000  0 0.200   0.00000000
(27.1906396, -2.2351686, 31.3073045,  0.5252961,  0.7010157,  0.4725920,  0.0964253)    0    0   5.00000000  0 0.200   0.00000000
(17.2742018,  5.6278411, 26.4585303,  0.4453478, -0.5139328, -0.6945960, -0.2346802)    0    0   5.00000000  0 0.200   0.00000000
(18.9149651,  0.7858665, 26.4054163, -0.0889128, -0.1487460, -0.9131336, -0.3689934)    0    0   5.00000000  0 0.200   0.00000000
(20.2444626, -2.7738867, 30.2445771, -0.5510463, -0.1195459, -0.0324814,  0.8252283)    0    0   5.00000000  0 0.200   0.00000000
(19.8875313,  4.4628316, 39.3037437,  0.6523798, -0.5221210, -0.4591309,  0.3016439)    0    0   5.00000000  0 0.200   0.00000000
(19.1854458, -4.7615283, 37.4627770,  0.8580352, -0.4987615, -0.1109178, -0.0520553)    0    0   5.00000000  0 0.200   0.00000000
(23.5681482,  3.3129214, 30.0593720,  0.1414344, -0.8188801,  0.4081500, -0.3779487)    0    0   5.00000000  0 0.200   0.00000000
(21.0392242,  2.5206163, 28.3322759,  0.0176431, -0.6769656,  0.7305518,  0.0877521)    0    0   5.00000000  0 0.200   0.00000000
(16.2871349, -3.3672945, 28.3205406,  0.7256329,  0.5073467,  0.4305307,  0.1752129)    0    0   5.00000000  0 0.200   0.00000000
(26.2584242, -4.9936901, 34.4587780,  0.2327278, -0.4808660, -0.3529484,  0.7681361)    0    0   5.00000000  0 0.200   0.00000000
(29.1784334,  3.3192449, 29.5801613,  0.6276184,  0.1011799,  0.6623213, -0.3964697)    0    0   5.00000000  0 0.200   0.00000000
(29.2688433, -1.4271095, 27.2470980,  0.1422117,  0.4417368, -0.7675927, -0.4420927)    0    0   5.00000000  0 0.200   0.00000000
(28.5063295,  2.7592205, 30.4179502, -0.1422958,  0.0854145, -0.5263506,  0.8339133)    0    0   5.00000000  0 0.200   0.00000000
(19.4440992,  3.0635880, 38.9013638,  0.1588183,  0.0753022,  0.9604545, -0.2159480)    0    0   5.00000000  0 0.200   0.00000000
(15.4937476,  4.0000808, 26.4784803,  0.6376742, -0.3916289, -0.2947810,  0.5942243)    0    0   5.00000000  0 0.200   0.00000000
(28.3699301,  4.9016472, 26.9018106,  0.9540508, -0.0244711,  0.2334813, -0.1862117)    0    0   5.00000000  0 0.200   0.00000000
(24.6167561,  3.6391301, 27.4183173, -0.2026033,  0.0845979, -0.9726582,  0.0757036)    0    0   5.00000000  0 0.200   0.00000000
(20.4792294,  6.8509900, 30.9254452,  0.4365638,  0.1942643, -0.3573313, -0.8024885)    0    0   5.00000000  0 0.200   0.00000000
(22.1858814, -0.3400858, 25.1486113, -0.5546035, -0.3778566, -0.6214848, -0.4042227)    0    0   5.00000000  0 0.200   0.00000000
(14.2783701, -2.3651176, 29.7724073, -0.7618319, -0.0244239, -0.3811171,  0.5232260)    0    0   5.00000000  0 0.200   0.00000000
(25.9770038,  0.1297769, 33.7425537, -0.5001883,  0.7716220, -0.1085675,  0.3776562)    0    0   5.00000000  0 0.200   0.00000000
(17.6716812,  7.2348112, 25.4339382,  0.2160576, -0.8535914, -0.4113289, -0.2356041)    0    0   5.00000000  0 0.200   0.00000000
(20.4951223, -5.1824749, 34.3042699,  0.3028692, -0.6788903,  0.0908145, -0.6626695)    0    0   5.00000000  0 0.200   0.00000000
(19.1605195,  7.2596169, 29.0472586,  0.5259296, -0.1625150,  0.6049024, -0.5753955)    0    0   5.00000000  0 0.200   0.00000000
(19.2729418, -1.1643902, 28.0301437, -0.4922344, -0.1910110, -0.3201419, -0.7865935)    0    0   5.00000000  0 0.200   0.00000000
(20.5530497,  2.2012649, 32.5728055, -0.0535046, -0.0425015, -0.8019305,  0.5934968)    0    0   5.00000000  0 0.200   0.00000000
(13.2398379,  5.7199924, 28.2320761, -0.7712726, -0.2156587, -0.4129315, -0.4337252)    0    0   5.00000000  0 0.200   0.00000000
(19.7913581, -6.3908685, 33.3250182,  0.5810142, -0.0410563,  0.3297307, -0.7429769)    0    0   5.00000000  0 0.200   0.00000000
(18.7464292,  8.8281306, 27.1988129,  0.8573821, -0.2995794, -0.3552715, -0.2212018)    0    0   5.00000000  0 0.200   0.00000000
(19.2230456,  9.8801994, 31.6801709,  0.7007329,  0.2885728, -0.4903105,  0.4304587)    0    0   5.00000000  0 0.200   0.00000000
(17.6514608,  0.5105387, 36.0691252, -0.3177331, -0.8281172, -0.4592812,  0.0482527)    0    0   5.00000000  0 0.200   0.00000000
(16.4081717,  4.0716858, 36.1870723, -0.5072321, -0.1108839, -0.8460696, -0.1207747)    0    0   5.00000000  0 0.200   0.00000000
(14.2320124,  6.0409092, 33.0102865, -0.2357751,  0.3175630,  0.1036670,  0.9125881)    0    0   5.00000000  0 0.200   0.00000000
(21.5769888,  5.4979686, 24.1160829, -0.2530388,  0.5830947, -0.4211647, -0.6469871)    0    0   5.00000000  0 0.200   0.00000000
(13.4932943,  3.3104650, 32.8328269,  0.5804427, -0.7314376, -0.3426924, -0.1031852)    0    0   5.00000000  0 0.200   0.00000000
(28.2950041, -0.9084514, 24.7270105,  0.1148714, -0.1304165, -0.0418644,  0.9838920)    0    0   5.00000000  0 0.200   0.00000000
(16.7457047,  5.3532300, 29.4510655,  0.0580978, -0.5752204,  0.7133983, -0.3959911)    0    0   5.00000000  0 0.200   0.00000000
(29.3663686,  3.3173467, 36.8949928,  0.0029589,  0.5990230,  0.4846378, -0.6374079)    0    0   5.00000000  0 0.200   0.00000000
