#Coordinates  RecID  LigID  Luciferin  Neighbor's number  Vision Range  Scoring
(16.7088876,  6.9133424, 32.4237824, -0.0692722,  0.9557744,  0.2376229,  0.1581847)    0    0  23.30121125 15 0.600  15.96083540
(17.3243819,  6.0487985, 33.0365127, -0.0704929,  0.9627881,  0.1894090,  0.1790112)    0    0  22.32375467  5 1.000  14.72711035
(21.8906387,  7.6968738, 30.2689971,  0.5064484, -0.6556455,  0.3931333,  0.3988549)    0    0  17.73729941 11 3.880  11.93698077
(20.0508926,  3.1852784, 30.7120377, -0.3758158, -0.4857356, -0.7579984, -0.2196857)    0    0  16.78482434  9 0.000  11.20040037
(20.4040467, -2.9606428, 34.7699042, -0.4110386, -0.3607308,  0.4247488,  0.7214631)    0    0  16.71624538 16 0.000  10.74889181
(20.2648675, -2.8502260, 35.2473854, -0.4110219, -0.3607107,  0.4247749,  0.7214673)    0    0  16.75126283  0 0.560  10.94356119
(22.7132149,  2.0137888, 24.4111492, -0.3432886, -0.5098614, -0.7698706, -0.1717368)    0    0  16.16543097  4 1.160  11.71912327
(19.9736792,  2.6757748, 30.3239300, -0.3758144, -0.4857339, -0.7579999, -0.2196868)    0    0  16.62400977  3 0.560  10.68707456
(19.2468610,  3.0455263, 39.0065077,  0.1509017,  0.0868714,  0.9606058, -0.2166071)    0    0  12.66490224  2 5.000   8.38244228
(25.6266929, -5.5499351, 33.7457357,  0.2326032, -0.4809453, -0.3529253,  0.7681349)    0    0  14.47696944  0 5.000   9.65149630
(21.8581525,  7.4565328, 30.4727980,  0.5064484, -0.6556453,  0.3931333,  0.3988552)    0    0  17.51113521  7 0.200  11.40650381
(22.5758516,  1.4150419, 24.7616792, -0.3432943, -0.5098622, -0.7698725, -0.1717144)    0    0  10.06368147 19 0.000   5.24434891
(27.2338686,  2.7667767, 26.2468716,  0.3974290,  0.1964628,  0.2409230,  0.8633705)    0    0   8.41649362  7 3.400   3.40006289
(20.5718286, -2.8389126, 35.0015678, -0.4110429, -0.3607351,  0.4247431,  0.7214618)    0    0  16.96827574  3 0.560  11.43301868
(24.6292080,  0.7361359, 38.8376944,  0.5645083, -0.7367934, -0.1653725,  0.3333434)    0    0  10.84617690  2 5.000   7.21325881
(22.4130795,  7.3100090, 30.5833781,  0.5064484, -0.6556456,  0.3931333,  0.3988547)    0    0  17.88330080  4 1.680  11.94620534
(24.8960433,  2.0641679, 27.0822749, -0.3145821, -0.5024987, -0.7552839, -0.2794269)    0    0  12.92564778 24 0.280   7.86374398
(22.3958179,  1.1176731, 24.3746791, -0.3404655, -0.5093585, -0.7687492, -0.1830938)    0    0  10.52000497  0 0.400   6.93564783
(16.7411678, 10.4120721, 27.9186464, -0.0489082,  0.0250723, -0.9970499, -0.0535788)    0    0  19.09981914  0 3.320  12.74496898
(19.8938922,  2.8681358, 31.0232612, -0.3758178, -0.4857364, -0.7579976, -0.2196834)    0    0  16.70749814  0 0.400  11.06586512
(25.4320769,  1.3613596, 27.9809770, -0.2954231, -0.4950151, -0.7419131, -0.3424181)    0    0  14.29060503  4 0.600  10.09303668
(20.0103458,  2.9307443, 31.2237853, -0.3758050, -0.4857281, -0.7580056, -0.2196960)    0    0  16.72471084 13 0.000  11.10571122
(19.3722697,  2.9907714, 30.6950783, -0.3758171, -0.4857354, -0.7579983, -0.2196842)    0    0  16.78074245  0 0.640  10.97651081
(21.9560404,  7.5458147, 30.0169173,  0.5064485, -0.6556448,  0.3931333,  0.3988558)    0    0  17.49556470  7 0.240  11.39265035
(22.5002210,  1.5505324, 24.8797029, -0.3432876, -0.5098613, -0.7698702, -0.1717411)    0    0  13.47489269 10 0.000   7.50397149
(16.5334149, 10.4272205, 27.6135315, -0.0489102,  0.0250956, -0.9970495, -0.0535754)    0    0  18.92936321  3 2.280  12.65505196
(22.6757096,  1.5453343, 24.5916801, -0.3432875, -0.5098613, -0.7698702, -0.1717413)    0    0  15.69138603  7 2.000   9.83576044
(20.3257599, -2.9941651, 35.0068972, -0.4110432, -0.3607354,  0.4247428,  0.7214617)    0    0  16.74154077 11 0.000  11.18295609
(16.6367184, 10.4438068, 27.8583727, -0.0489057,  0.0250409, -0.9970507, -0.0535833)    0    0  18.57530857  9 0.240  12.41171878
(22.7180125,  1.4975913, 24.6733789, -0.3432952, -0.5098623, -0.7698728, -0.1717108)    0    0  13.03431124 18 0.000   9.72459702
(22.7048351,  0.8730757, 24.8987309, -0.3433010, -0.5098632, -0.7698749, -0.1716875)    0    0  13.12541162  2 0.800   9.61858292
(20.4025839, -2.8212741, 35.1844234, -0.4110439, -0.3607380,  0.4247400,  0.7214617)    0    0  17.23765039  1 5.000  11.54071547
(25.6646524, -5.3124799, 33.7360385,  0.2326032, -0.4809453, -0.3529253,  0.7681349)    0    0  14.36178679  5 3.960   9.58344256
(25.6352988, -5.4690462, 33.7365572,  0.2326032, -0.4809453, -0.3529253,  0.7681349)    0    0  14.20950386  6 4.920   9.26379768
(21.1105387, -2.6400088, 38.4474443,  0.9479843, -0.1435751,  0.2799204, -0.0485452)    0    0  13.04024842  2 5.000   8.73367607
(25.6490172, -5.1253485, 33.6664926,  0.2326032, -0.4809453, -0.3529253,  0.7681349)    0    0  14.45573029  2 5.000   9.63861046
(25.6291654, -5.7246263, 33.7941887,  0.2326032, -0.4809453, -0.3529253,  0.7681349)    0    0  14.40538958  3 3.400   9.63118556
(26.3951215,  2.6340946, 26.7758731, -0.3432398, -0.4447387, -0.6516443, -0.5096603)    0    0   9.57316419 33 2.760   4.11040019
(16.5345618,  7.2953731, 32.2899715, -0.0689126,  0.9534986,  0.2507097,  0.1524338)    0    0  24.90136232  7 4.120  16.80058930
(19.8061078,  2.8807601, 30.6621386, -0.3758189, -0.4857369, -0.7579969, -0.2196825)    0    0  17.35139541  1 3.160  11.60146975
(21.8517394,  7.2567481, 30.8357792,  0.5064484, -0.6556452,  0.3931333,  0.3988553)    0    0  17.49188430  0 0.400  11.63566262
(16.8178320,  6.8088375, 32.5423299, -0.0693163,  0.9561073,  0.2363034,  0.1587918)    0    0  23.23835143 16 0.520  15.90602455
(19.7360564,  2.8939457, 30.6987122, -0.3758195, -0.4857374, -0.7579965, -0.2196819)    0    0  17.33677331  2 2.760  11.63403017
(22.7145538,  1.4451524, 24.6851037, -0.3432869, -0.5098612, -0.7698701, -0.1717431)    0    0  17.79246298  0 2.320  12.08054142
(22.2607325,  7.2621279, 30.7339167,  0.5064486, -0.6556453,  0.3931334,  0.3988549)    0    0  17.12833014 13 0.160  11.40861023
(16.5871477,  7.0917480, 32.3222129, -0.0692028,  0.9553527,  0.2402396,  0.1570436)    0    0  23.39600589 13 0.280  16.11946996
(20.3370997, -2.8513365, 35.0352816, -0.4110437, -0.3607373,  0.4247407,  0.7214617)    0    0  17.10485817  5 0.760  11.37452886
(25.1319192,  2.0588258, 27.5167316, -0.2954258, -0.4950158, -0.7419192, -0.3424017)    0    0  13.98464963  3 0.480  10.00695992
(20.1832800,  2.8100295, 30.4661983, -0.3758196, -0.4857375, -0.7579965, -0.2196819)    0    0  17.18836753  4 2.040  11.45082244
(25.1736754,  2.4453632, 27.5156970, -0.2954457, -0.4950357, -0.7419018, -0.3423935)    0    0  13.11867836 10 0.160   7.90647134
(20.3709182,  2.8195904, 30.5056865, -0.3758150, -0.4857345, -0.7579993, -0.2196862)    0    0  16.83076212 10 0.160  11.43893176
(25.1759834,  2.4476230, 27.5170145, -0.2954576, -0.4950477, -0.7418875, -0.3423968)    0    0  13.46878672  0 0.480   9.82772854
(20.4089262, -2.4612086, 34.7658788, -0.4110438, -0.3607380,  0.4247400,  0.7214617)    0    0  17.00197572  6 0.320  11.46516999
(20.4375405, -2.6964405, 34.6750940, -0.4110438, -0.3607374,  0.4247406,  0.7214617)    0    0  17.17299630  2 1.240  11.43119581
(21.9715141,  7.3810558, 30.5365477,  0.5064484, -0.6556452,  0.3931333,  0.3988552)    0    0  17.85702536  8 1.080  11.83156139
(20.5631152, -2.5942503, 34.6739989, -0.4110332, -0.3607249,  0.4247560,  0.7214649)    0    0  16.55782009 18 0.000  10.96384568
(16.4563816, 10.4939615, 28.1186144, -0.0489124,  0.0251198, -0.9970490, -0.0535718)    0    0  18.91609339  5 0.760  12.58039091
(16.9685948,  6.5322558, 32.6829095, -0.0700807,  0.9606483,  0.2069080,  0.1715592)    0    0  22.95066774  4 1.080  15.76852892
(22.2227978,  7.3574531, 30.5194872,  0.5064488, -0.6556445,  0.3931334,  0.3988560)    0    0  16.85627190 22 0.000  11.43770839
(23.4371834,  7.6849749, 26.4822591,  0.6269605,  0.6596901, -0.3216578, -0.2612773)    0    0  10.93361495  2 5.000   7.17339021
(21.8941161,  7.4075448, 30.4891686,  0.5064484, -0.6556457,  0.3931333,  0.3988545)    0    0  17.76633982  4 0.480  11.82606248
(25.2577174,  2.1825199, 27.5385485, -0.2954205, -0.4950133, -0.7419146, -0.3424198)    0    0  14.00103667  5 0.400   9.96941024
(25.3429740,  2.3863013, 27.2718565, -0.2954169, -0.4950102, -0.7419179, -0.3424200)    0    0  13.52608832  3 0.480  10.11932716
(16.8080184, 10.3138882, 27.7826659, -0.0489134,  0.0251309, -0.9970487, -0.0535701)    0    0  18.67177945  4 0.440  12.51546798
(22.4930014,  1.0993871, 24.5458587, -0.3432880, -0.5098614, -0.7698704, -0.1717389)    0    0  16.18779088  3 1.120  11.87256781
(22.8209080,  1.8585910, 24.6204756, -0.3432901, -0.5098616, -0.7698711, -0.1717307)    0    0  14.42976712  9 0.440   9.50675357
(22.7615750,  1.6800213, 24.5863123, -0.3432912, -0.5098618, -0.7698714, -0.1717269)    0    0  14.33004366  9 0.240   9.45991288
(25.0329200,  2.7281399, 27.2787320, -0.2954475, -0.4950428, -0.7418876, -0.3424124)    0    0  14.09943764  3 0.800   9.78799376
(20.3705264, -2.9622478, 35.2689574, -0.4110438, -0.3607380,  0.4247401,  0.7214617)    0    0  17.10621564  4 0.680  11.56203793
(20.4074318, -2.6133283, 35.2366737, -0.4110437, -0.3607379,  0.4247401,  0.7214618)    0    0  16.57096675  0 0.560  10.99248801
(17.0599567, 10.3240278, 28.0767432, -0.0489094,  0.0250858, -0.9970497, -0.0535768)    0    0  18.92855494  4 0.440  12.76951426
(22.9697743,  1.6345297, 24.8560847, -0.3432907, -0.5098617, -0.7698712, -0.1717290)    0    0  14.18938315 10 0.080   9.27277097
(17.0742212,  6.4758724, 32.8620823, -0.0696883,  0.9583884,  0.2223772,  0.1648746)    0    0  23.01486268  4 1.560  15.61791216
(27.3049736,  2.5901227, 26.3434879,  0.3974290,  0.1964628,  0.2409230,  0.8633705)    0    0  11.73674940  1 4.840   7.93049666
(25.6320499, -5.5302564, 33.7479443,  0.2326032, -0.4809453, -0.3529253,  0.7681349)    0    0  14.38299433  4 4.040   9.59289148
(24.6063556,  0.7062054, 38.8867354,  0.5645083, -0.7367934, -0.1653725,  0.3333434)    0    0  10.84717760  1 5.000   7.21553883
(20.0276370,  2.8645485, 30.5969632, -0.3758159, -0.4857354, -0.7579986, -0.2196854)    0    0  16.96494092  6 0.680  11.24396433
(21.8742549,  7.4866410, 30.1315818,  0.5064485, -0.6556444,  0.3931333,  0.3988565)    0    0  17.88870787  0 0.560  12.06056535
(25.5960559, -5.9169163, 33.7988073,  0.2326032, -0.4809453, -0.3529253,  0.7681349)    0    0  14.45745759  1 5.000   9.64508910
(24.6829544,  0.8065547, 38.7223614,  0.5645081, -0.7367932, -0.1653724,  0.3333433)    0    0  10.87667657  0 5.000   7.25111806
(16.5119936,  7.1486876, 32.2186779, -0.0689126,  0.9534986,  0.2507097,  0.1524338)    0    0  25.27714134  0 5.000  16.85143699
(21.9132657,  7.4264066, 30.3711903,  0.5064484, -0.6556450,  0.3931333,  0.3988556)    0    0  17.85895918  0 0.400  12.28680500
(25.1835874,  1.8682352, 27.6470314, -0.2954156, -0.4950066, -0.7419234, -0.3424145)    0    0  15.14001095  0 3.320  10.13189469
(16.4737761,  6.8493657, 31.9678587, -0.0689336,  0.9536374,  0.2499754,  0.1527594)    0    0  24.41679604  9 0.280  16.60024213
(25.1962955,  3.0646629, 27.2003802, -0.2954612, -0.4950542, -0.7418756, -0.3424100)    0    0  13.82327366  1 0.400   9.79522980
(27.0719908,  2.6804952, 25.8551858,  0.3974290,  0.1964628,  0.2409230,  0.8633705)    0    0  11.72118652  2 2.760   7.94058085
(21.7329508,  7.5140948, 30.5390621,  0.5064486, -0.6556452,  0.3931334,  0.3988550)    0    0  17.52122270  0 0.400  11.66397391
(22.7069690,  2.0098560, 24.4023840, -0.3432871, -0.5098612, -0.7698701, -0.1717426)    0    0  16.12964117  5 0.480  11.76394959
(17.3006990,  6.0866403, 33.0222033, -0.0707157,  0.9638634,  0.1795134,  0.1831899)    0    0  22.59399922  3 1.000  15.42237759
(16.5693900, 10.4647663, 28.0318917, -0.0489098,  0.0250907, -0.9970496, -0.0535761)    0    0  18.83977109  9 3.560  12.51851064
(20.4975294, -2.4905854, 34.5382388, -0.4110400, -0.3607334,  0.4247456,  0.7214629)    0    0  16.94119770 12 0.000  11.51035630
(20.2839182,  2.8000534, 30.4476569, -0.3758184, -0.4857365, -0.7579973, -0.2196830)    0    0  17.32045368  3 1.680  11.57588415
(20.3693921, -2.5694252, 34.8134545, -0.4110426, -0.3607367,  0.4247416,  0.7214622)    0    0  16.77760466  4 0.480  11.24860915
(22.7284533,  1.5268888, 24.6555670, -0.3432905, -0.5098617, -0.7698712, -0.1717298)    0    0  15.77437704  6 3.520   9.84581126
(16.6732220, 10.4278475, 27.9587569, -0.0488847,  0.0247897, -0.9970560, -0.0536200)    0    0  18.70406269  7 0.360  12.44991494
(16.5296722,  7.4445312, 32.4472692, -0.0689126,  0.9534986,  0.2507097,  0.1524338)    0    0  25.05208005  2 5.000  16.55891107
(22.8092776,  1.8091310, 24.6200615, -0.3432896, -0.5098616, -0.7698710, -0.1717327)    0    0  13.99336455 10 0.000   9.52585201
(19.7630743,  2.6053291, 30.8758713, -0.3758176, -0.4857360, -0.7579978, -0.2196837)    0    0  16.79448269  5 0.240  11.33762596
(22.1605805,  7.3492131, 30.8231563,  0.5064493, -0.6556459,  0.3931335,  0.3988528)    0    0  17.19852842  0 0.400  11.82038531
(16.5453209,  7.3652237, 32.5353643, -0.0689129,  0.9535006,  0.2506994,  0.1524383)    0    0  24.94504237  5 0.760  16.66679064
(22.1964986,  7.4537788, 30.4272322,  0.5064487, -0.6556451,  0.3931334,  0.3988550)    0    0  17.45595374  1 0.440  11.43969867
(23.4468081,  8.1901402, 26.6404247,  0.6269605,  0.6596901, -0.3216578, -0.2612773)    0    0  10.96848529  1 5.000   7.44791381
(25.1093037,  2.0422779, 27.5568626, -0.2954157, -0.4950066, -0.7419235, -0.3424144)    0    0  15.08041229  1 3.640  10.03001944
(23.0940177,  1.6802033, 24.5259124, -0.3405903, -0.5093833, -0.7688024, -0.1826011)    0    0  11.47807582 12 0.000   9.64176247
(16.5247230,  7.1506214, 32.1414865, -0.0689748,  0.9539073,  0.2485271,  0.1534005)    0    0  24.37657751  6 0.280  16.64544220
(24.9329589,  2.6944128, 27.3647770, -0.2954461, -0.4950397, -0.7418893, -0.3424144)    0    0  13.39370627 14 0.000   9.91949705
(21.2430440, -2.5085700, 38.5100277,  0.9479843, -0.1435751,  0.2799204, -0.0485452)    0    0  13.54284474  0 5.000   9.02856318
(25.2797100,  2.1045634, 27.5025040, -0.2954344, -0.4950252, -0.7419047, -0.3424120)    0    0  13.28429684 15 0.000   9.82626413
(22.6667284,  0.1749506, 24.9897659, -0.3433046, -0.5098637, -0.7698762, -0.1716732)    0    0  13.79304580  1 1.600   9.08091217
(22.5659917,  6.9467446, 30.7866013,  0.5064485, -0.6556453,  0.3931333,  0.3988551)    0    0  17.30359059 13 0.000  11.86971583
(21.8403525,  7.4009280, 30.5522000,  0.5064490, -0.6556452,  0.3931335,  0.3988544)    0    0  17.60920607  0 0.400  11.89911836
(25.4640215,  1.6826997, 27.6499197, -0.2954214, -0.4950122, -0.7419169, -0.3424156)    0    0  15.07372364  2 1.440  10.19616190
(20.4382294, -2.7344946, 34.6254785, -0.4110410, -0.3607344,  0.4247443,  0.7214625)    0    0  16.99804108  9 0.240  11.28634000
(21.7736784,  7.3504385, 30.6620859,  0.5064488, -0.6556457,  0.3931334,  0.3988539)    0    0  17.46875272 12 0.000  11.89530973
(21.6926968,  7.2840093, 30.8093383,  0.5064486, -0.6556454,  0.3931334,  0.3988546)    0    0  17.56193954  1 0.400  11.94024433
(20.5921139, -2.5576634, 35.3802903, -0.4110430, -0.3607360,  0.4247421,  0.7214619)    0    0  16.43838995 22 0.000  11.36978595
(25.2159555,  1.7828837, 27.7069094, -0.2954212, -0.4950130, -0.7419157, -0.3424173)    0    0  14.91714580  3 1.120  10.04602693
(23.4414506,  7.8225245, 26.5259056,  0.6269605,  0.6596901, -0.3216578, -0.2612773)    0    0  10.70549529  3 5.000   7.06030268
(22.7291545,  1.3974670, 24.3169718, -0.3432864, -0.5098611, -0.7698698, -0.1717456)    0    0  16.28594773  1 0.800  11.91461140
(19.2966422,  3.0650544, 38.9859759,  0.1509011,  0.0868711,  0.9606021, -0.2166062)    0    0  12.82742958  0 5.000   8.55161984
(29.5867764, -1.0964988, 31.1695089,  0.6675759, -0.2608140, -0.5014481,  0.4846321)    0    0  10.28280637  0 5.000   6.85520431
(22.7144699,  1.4376531, 24.6886473, -0.3432865, -0.5098611, -0.7698699, -0.1717448)    0    0  17.09623226  1 1.600  11.42110199
(20.0597370,  2.5993067, 30.6345004, -0.3758097, -0.4857313, -0.7580026, -0.2196913)    0    0  16.79481010  3 0.560  11.18312780
(22.0941424,  7.3374911, 30.6030085,  0.5064483, -0.6556460,  0.3931333,  0.3988541)    0    0  17.97020216  0 5.000  11.99576946
(29.7951729, -0.7238705, 31.0432486,  0.6675759, -0.2608140, -0.5014481,  0.4846321)    0    0  10.16185002  1 5.000   6.86242545
(20.3768171, -3.1471082, 35.0427682, -0.4110432, -0.3607364,  0.4247417,  0.7214618)    0    0  16.96140065 11 0.720  11.39157317
(22.5124073,  1.2006820, 24.6199288, -0.3432943, -0.5098622, -0.7698725, -0.1717146)    0    0  13.79966290 13 0.000   9.86015911
(17.3213206,  6.0436433, 33.0703378, -0.0707215,  0.9638883,  0.1792356,  0.1833058)    0    0  22.51594742  4 0.840  15.32818579
(27.2678048,  2.6448900, 26.2962446,  0.3974290,  0.1964628,  0.2409230,  0.8633705)    0    0  11.20733156  3 2.680   7.85476688
(20.3431495, -2.7837870, 34.9976159, -0.4110434, -0.3607378,  0.4247402,  0.7214620)    0    0  16.83567910  6 0.320  11.26837481
(27.1608533,  2.7221185, 26.0681977,  0.3974290,  0.1964628,  0.2409230,  0.8633705)    0    0  11.88666402  0 5.000   7.92483671
(26.3998059,  2.5427855, 26.6553886, -0.3432212, -0.4447203, -0.6516642, -0.5096635)    0    0   9.67946742 32 2.840   4.08717537
(16.4365267,  7.3755508, 32.2405829, -0.0690142,  0.9541645,  0.2471313,  0.1540178)    0    0  23.93704161 13 0.000  16.30471939
(22.3095147,  7.2592177, 30.7267984,  0.5064483, -0.6556458,  0.3931333,  0.3988544)    0    0  17.91438155  2 3.880  12.05780628
(25.0684569,  1.9459817, 27.6673722, -0.2954317, -0.4950245, -0.7419012, -0.3424229)    0    0  13.11211802  7 0.320   7.81345058
(25.1875103,  1.7776365, 27.6829437, -0.2954192, -0.4950119, -0.7419162, -0.3424193)    0    0  14.65910654  3 1.080  10.03912575
(19.9457168,  2.7990355, 30.2629937, -0.3758173, -0.4857357, -0.7579981, -0.2196840)    0    0  17.10036022  3 0.440  11.55135212
(22.6912692,  1.4229732, 24.7893174, -0.3432917, -0.5098618, -0.7698716, -0.1717250)    0    0  13.29341763 11 0.080   9.58131014
(16.5066900,  7.0599338, 32.1501000, -0.0689126,  0.9534986,  0.2507097,  0.1524338)    0    0  25.21824778  1 5.000  16.90829707
(21.6717463,  7.4954881, 30.5967860,  0.5064484, -0.6556449,  0.3931333,  0.3988558)    0    0  17.68671681 10 0.000  11.99284581
(16.8058203,  7.3754442, 32.5763681, -0.0689730,  0.9538959,  0.2485890,  0.1533732)    0    0  24.02126437 10 0.040  16.38117592
(22.0966197,  7.3328451, 30.6074144,  0.5064483, -0.6556458,  0.3931333,  0.3988545)    0    0  17.93427528  1 4.520  12.06229038
(25.0635152,  2.2704628, 27.5145639, -0.2954315, -0.4950247, -0.7419012, -0.3424228)    0    0  13.91667396  2 0.640   9.81978357
(25.1431059,  1.9349306, 27.6564608, -0.2954265, -0.4950179, -0.7419098, -0.3424183)    0    0  13.28502772  7 0.480   7.73522916
(21.8095569,  7.0838564, 30.5018244,  0.5064487, -0.6556448,  0.3931334,  0.3988555)    0    0  16.97464948  0 0.480  10.92104533
(16.4912781,  6.8020246, 31.9508201, -0.0689126,  0.9534986,  0.2507097,  0.1524338)    0    0  25.04481164  3 5.000  16.74818925
(19.8140862,  2.6838957, 30.3996903, -0.3758148, -0.4857348, -0.7579992, -0.2196864)    0    0  16.70915574  7 0.480  10.91192301
(24.9592558,  2.6746784, 27.3627596, -0.2954623, -0.4950559, -0.7418763, -0.3424050)    0    0  14.32922906  0 0.800   9.77900495
(19.8624927,  2.9608029, 30.7736772, -0.3758057, -0.4857282, -0.7580054, -0.2196952)    0    0  16.95242576  0 0.400  11.38340558
(19.9622417,  2.9236954, 30.6990667, -0.3758167, -0.4857354, -0.7579984, -0.2196846)    0    0  16.90551236  6 0.440  11.08165870
(22.4370944,  1.3187023, 24.4786949, -0.3432893, -0.5098615, -0.7698708, -0.1717345)    0    0  14.54810080  2 0.640   9.86899687
(22.6664728,  1.1120686, 24.7448460, -0.3432972, -0.5098626, -0.7698736, -0.1717025)    0    0  13.94022285  9 0.560   9.76436924
(17.3021402,  6.0660939, 33.0437628, -0.0707265,  0.9639720,  0.1793351,  0.1832886)    0    0  22.59429444  2 1.240  15.40821225
(16.5332819, 10.4680460, 27.8245274, -0.0489102,  0.0250958, -0.9970495, -0.0535753)    0    0  18.83736071 10 1.000  12.44197508
(21.6600369,  7.1810335, 30.8483342,  0.5064484, -0.6556463,  0.3931333,  0.3988535)    0    0  16.96647486  0 0.400  10.80132992
(24.7769789,  2.2307553, 27.4715544, -0.2986962, -0.4963916, -0.7443284, -0.3320002)    0    0  10.07478185  0 0.400   7.54160970
(25.0473961,  2.1111429, 27.8332265, -0.2954207, -0.4950152, -0.7419115, -0.3424236)    0    0  14.00366613  2 0.640   9.90109552
(22.1004146,  7.3353663, 30.6023626,  0.5064488, -0.6556439,  0.3931334,  0.3988568)    0    0  17.31999657  0 0.400  12.00209953
(20.2449010, -2.8656441, 34.6616370, -0.4110434, -0.3607371,  0.4247409,  0.7214618)    0    0  16.83636359 12 0.000  11.32131997
(19.8556960,  2.7272409, 30.3755149, -0.3758151, -0.4857350, -0.7579991, -0.2196861)    0    0  16.79112985  4 0.720  11.17462161
(19.9840248,  2.8969162, 31.1946625, -0.3758076, -0.4857291, -0.7580045, -0.2196933)    0    0  16.98889148  0 0.840  11.43034306
(16.3680301,  7.0127459, 31.7996279, -0.0690226,  0.9542177,  0.2468266,  0.1541517)    0    0  23.97452113  9 0.120  16.41982880
(25.2969204,  1.6245397, 27.8277364, -0.2954246, -0.4950204, -0.7419049, -0.3424271)    0    0   9.80265915  2 0.640   5.65747991
(16.6194735, 10.4454829, 27.8579828, -0.0489084,  0.0250748, -0.9970499, -0.0535785)    0    0  18.89887297  8 2.040  12.50835029
(22.2383728,  1.0344748, 24.6344525, -0.3432927, -0.5098620, -0.7698720, -0.1717206)    0    0  13.19357953 18 0.080   7.49287186
(20.4221255, -3.2188846, 35.1102673, -0.4110433, -0.3607365,  0.4247416,  0.7214618)    0    0  17.00138681  8 0.160  11.62884459
(19.4894458,  3.1406838, 38.9064525,  0.1509017,  0.0868714,  0.9606058, -0.2166071)    0    0  12.81668620  1 5.000   8.59241335
(21.3800236, -2.3706083, 38.5751272,  0.9479843, -0.1435751,  0.2799204, -0.0485452)    0    0  13.09085906  1 5.000   8.50698542
(22.1663522,  7.2885711, 30.7756435,  0.5064485, -0.6556446,  0.3931334,  0.3988562)    0    0  16.79490583  1 0.720  11.15451027
(24.9623183,  2.6802263, 27.3613243, -0.2954480, -0.4950415, -0.7418872, -0.3424145)    0    0  13.64415435  0 0.400   9.77449956
(20.3105711,  2.8172981, 30.4714995, -0.3758166, -0.4857359, -0.7579981, -0.2196848)    0    0  17.17597547  5 0.640  11.51585577
(25.5157727, -5.6214764, 33.6136462,  0.2326032, -0.4809453, -0.3529253,  0.7681349)    0    0  14.17845750  7 4.040   9.49724931
(21.7707085,  7.4612901, 30.3862667,  0.5064484, -0.6556456,  0.3931333,  0.3988547)    0    0  17.86638560  5 0.640  11.90631628
(25.3227373,  2.3739195, 27.3417152, -0.2954301, -0.4950295, -0.7418919, -0.3424372)    0    0  11.85212556  3 0.720   9.74488047
(22.6708347,  7.3050722, 30.7741529,  0.5064484, -0.6556456,  0.3931333,  0.3988547)    0    0  17.83541586  9 4.040  11.86300198
(16.5280566,  7.6585087, 32.6689245, -0.0689196,  0.9535453,  0.2504637,  0.1525429)    0    0  24.50938265  8 1.000  16.64630169
(19.8081837,  2.8804094, 30.6612063, -0.3758195, -0.4857374, -0.7579966, -0.2196820)    0    0  17.37843898  0 5.000  11.58685863
(26.2948264,  2.7211955, 26.5099455, -0.3432294, -0.4447315, -0.6516507, -0.5096655)    0    0   9.51541570 34 2.680   3.96358304
(25.0606238,  2.0205981, 27.6402789, -0.2954343, -0.4950247, -0.7419084, -0.3424047)    0    0  14.04292912  5 0.640   9.79075712
(16.0884691, 10.6988567, 28.1298407, -0.0489102,  0.0250958, -0.9970495, -0.0535753)    0    0  18.91063945  3 0.360  12.67626762
(22.4960381,  0.7809542, 24.7935479, -0.3433028, -0.5098634, -0.7698754, -0.1716810)    0    0  13.28809053  0 0.400  10.05285480
(19.9617061,  2.7992926, 30.6935118, -0.3758133, -0.4857324, -0.7580011, -0.2196877)    0    0  16.75443466  0 0.400  11.40941641
(16.5121142,  7.1507054, 32.2202370, -0.0689126,  0.9534988,  0.2507087,  0.1524342)    0    0  24.92806116  6 2.200  16.73842419
(16.2062603, 10.5591752, 27.9282338, -0.0489107,  0.0251007, -0.9970494, -0.0535746)    0    0  18.90942342  6 0.360  12.70909304
(20.4227104, -2.7538291, 34.8996749, -0.4110439, -0.3607380,  0.4247400,  0.7214617)    0    0  17.51099580  0 5.000  11.67526303
(17.1828222, 10.3452491, 27.4102371, -0.0489137,  0.0251352, -0.9970486, -0.0535695)    0    0  18.19326394  0 0.400  11.92481150
(25.1419099,  2.6464770, 27.3286892, -0.2954392, -0.4950351, -0.7418933, -0.3424183)    0    0  14.07261390  2 1.120   9.73196750
(20.4291008, -2.6514016, 34.7504555, -0.4110438, -0.3607374,  0.4247407,  0.7214617)    0    0  17.02658215  6 2.360  11.33735509
(13.6995246,  5.7846040, 28.0462982, -0.4252813, -0.2971297, -0.8350035, -0.1833545)    0    0  10.88224747  0 5.000   7.25483168
(20.4240588, -2.5492259, 34.7987269, -0.4110435, -0.3607371,  0.4247410,  0.7214618)    0    0  17.11475731  2 0.560  11.54335629
(16.3144463, 10.5267922, 27.6786750, -0.0489095,  0.0250875, -0.9970497, -0.0535766)    0    0  18.94280199  2 2.280  12.62812273
(16.9147485, 10.3645873, 27.9641611, -0.0489088,  0.0250800, -0.9970498, -0.0535777)    0    0  19.00793534  1 1.480  12.76171926
(20.6678968, -2.6597789, 35.0883619, -0.4110431, -0.3607366,  0.4247415,  0.7214619)    0    0  16.70829600  4 0.280  11.08917006
(20.4736455, -2.5031113, 34.7081752, -0.4110425, -0.3607342,  0.4247441,  0.7214619)    0    0  16.42485260  0 0.400  10.98484296
(16.4604242,  6.8279814, 32.0710018, -0.0689126,  0.9534986,  0.2507097,  0.1524338)    0    0  24.99688656  4 5.000  16.71867973
(23.4405261,  7.8605282, 26.5372235,  0.6269605,  0.6596901, -0.3216578, -0.2612773)    0    0  11.30171662  0 5.000   7.54055729
(19.9750200,  2.7331803, 30.8549967, -0.3758188, -0.4857348, -0.7579985, -0.2196822)    0    0  16.88196550  0 0.400  11.53830550
(24.9478582,  1.9368123, 27.5900610, -0.2954346, -0.4950276, -0.7418981, -0.3424225)    0    0  13.92202098  3 0.360  10.04772286
(19.8037479,  2.7662087, 30.3970183, -0.3758144, -0.4857341, -0.7579998, -0.2196868)    0    0  16.40298029 18 0.000  10.73840290
(22.3144452,  7.2590264, 30.7218479,  0.5064484, -0.6556455,  0.3931333,  0.3988548)    0    0  17.87665849  3 0.480  12.04663602
