#Coordinates  RecID  LigID  Luciferin  Neighbor's number  Vision Range  Scoring
(-30.5351633,  5.0679999, 17.0243956,  0.7244115,  0.5274720,  0.3826509, -0.2248991)    0    0 -30.62490011  0 3.560 -13.84348939
(-23.5114203, -4.2689451, 20.4774913,  0.6768120, -0.2649960, -0.4938100, -0.4773408)    0    0 -51.76001368  0 3.720 -29.77526004
(-21.8990670,  6.9724060, 15.6317626,  0.5259173, -0.4465108,  0.5347508,  0.4879353)    0    0 -45.17100726  4 3.720 -24.76158880
(-24.2518816,  6.7606380, 13.8763724,  0.6890054, -0.1426867,  0.6056229,  0.3716624)    0    0 -61.39484152  9 3.400 -66.95091436
(-19.1281260,  0.8630935, 17.2128072, -0.7885282,  0.1824819,  0.4006270, -0.4294434)    0    0 -83.08442198  2 3.640 -53.57289137
(-26.7305596,  1.4800565, 10.8949607,  0.8354252, -0.2278394,  0.4930545,  0.0839707)    0    0 -47.04573859  3 3.160 -24.77573069
(-20.7063318,  4.1710032, 14.5163102,  0.6078292, -0.4892476,  0.5409913,  0.3138612)    0    0 -54.34190728  2 3.240 -25.95139050
(-23.1733664, -1.5162533, 12.3811315,  0.3757385,  0.7537591, -0.5151765,  0.1589371)    0    0 -61.63518148  6 3.640 -56.38742372
(-28.1565653,  0.8568174, 16.1574766, -0.8978428,  0.3525547,  0.2499778, -0.0842294)    0    0 -43.89895201  6 3.720 -29.46428265
(-33.3550619, -1.8786513, 16.8727524, -0.8283793,  0.4178841, -0.3721329, -0.0260316)    0    0 -33.78249025  5 3.240 -22.32303404
(-22.3337172,  8.1721282, 23.5992531, -0.3602170, -0.7442868,  0.1112644,  0.5512723)    0    0 -35.48838446  0 4.120 -20.28590459
(-26.8366690, -3.7421120, 16.6375074, -0.5274354, -0.6577806,  0.2175486, -0.4917410)    0    0 -41.52162381  1 4.120 -27.86975569
(-23.3904631, -5.5267374, 15.5767294,  0.6358241,  0.0744442, -0.7383710, -0.2121181)    0    0 -96.08578872  3 3.320 -45.84849446
(-18.6376066,  5.7465848, 20.6402327, -0.0905819,  0.3430041,  0.4711554, -0.8075616)    0    0 -63.82004448  1 4.040 -45.10039047
(-30.3986958, -1.7065434, 16.1738309, -0.9178173,  0.2759453, -0.2553926, -0.1274369)    0    0 -19.63734013  0 4.120 -11.21483569
(-30.6767729, -4.4659093, 20.9440716,  0.6063618, -0.6215369, -0.4859090,  0.0995473)    0    0 -19.44067361  0 3.800  -7.14353719
(-33.4277410,  3.8457833, 22.5418872,  0.0627228, -0.5323885, -0.2824986, -0.7955017)    0    0 -23.54997048  6 3.000 -15.01925154
(-27.6374037,  5.9537190, 18.4014956,  0.7956731,  0.4542972,  0.3538455, -0.1879141)    0    0 -41.29545678  2 3.320 -26.68999339
(-29.1726253,  9.4293485, 15.5987527, -0.1485313, -0.6349211, -0.4750410, -0.5908889)    0    0 -24.60770819  2 3.720 -14.54488361
(-32.2259029, -2.8678717, 15.5351357, -0.8819412,  0.3647854, -0.2657786, -0.1351970)    0    0 -24.21611629  2 3.400 -16.09332925
(-28.0521353, -1.6557223, 17.9563548, -0.6684394, -0.0755245, -0.7366987, -0.0689916)    0    0 -34.34493965  5 3.720 -25.63738072
(-29.5845854,  4.0606452, 25.0631976,  0.2971602,  0.6779239,  0.4761047, -0.4748046)    0    0  -6.63687537  1 4.040  -3.19045677
(-19.1643273,  3.1329358, 14.3419884, -0.1031093,  0.5639415, -0.6581551, -0.4880269)    0    0 -140.99955283  4 3.560 -70.94188071
(-30.2959630,  3.3817822, 12.2922371, -0.1051137,  0.5001907,  0.6965934,  0.5035057)    0    0 -31.51933771  1 3.880 -18.33645702
(-20.8767855,  7.0611339, 16.7801054, -0.6468795,  0.3584559, -0.5962979, -0.3122261)    0    0 -36.54699319  3 3.480 -15.06569948
(-18.5617619,  1.1371502, 17.5700937, -0.8163122,  0.1621861,  0.3635740, -0.4185021)    0    0 -89.47019600  3 3.480 -55.95678722
(-25.7098398,  5.8233817, 11.1607541, -0.3631516, -0.5238978, -0.5377918, -0.5517535)    0    0 -33.23782490  0 4.200 -22.31362730
(-23.2627188, -0.0202101, 25.4056362,  0.5646850, -0.3946511,  0.5098176,  0.5152352)    0    0 -26.42130466  1 3.560  -9.60902960
(-28.3470300, -0.0875261, 26.4149129, -0.3889436,  0.2148938, -0.1854036,  0.8764526)    0    0 -24.91616680  3 3.240 -12.51578495
(-28.6609692,  7.3948371, 21.5906844, -0.6499831, -0.6527040, -0.2598580,  0.2897813)    0    0 -14.05457470  1 4.120  -9.44699422
(-32.0133780,  6.2768321, 18.1861708,  0.4221331,  0.8454296,  0.0717680,  0.3192205)    0    0 -31.31322941  3 3.640 -20.58756105
(-22.1166801,  6.8721290, 25.6545469,  0.2165638, -0.8670989, -0.3602369, -0.2673369)    0    0  -0.20719565  0 4.200  -0.15924874
(-22.5929376,  7.6534435, 16.1933204,  0.7030565, -0.3331986,  0.5820656,  0.2364102)    0    0 -35.78820144  2 3.560 -12.87664551
(-27.2292829,  6.9146872, 22.1795656,  0.6034332, -0.7789394, -0.1706394, -0.0020130)    0    0 -22.53509741  1 4.040 -14.70443717
(-26.8800014, -1.1679452, 24.6748383, -0.2124767, -0.3947606,  0.6028656,  0.6599779)    0    0 -27.47626144  0 3.160 -13.73676080
(-27.6539162,  0.6956465, 16.0974110, -0.6666450, -0.2769703,  0.6236604, -0.2998659)    0    0 -42.44395060  3 3.640 -26.96840785
(-24.3549805, -3.4415951, 20.0603551,  0.5798270, -0.4569954, -0.6735697, -0.0354922)    0    0 -59.96468000  2 3.960 -54.62175243
(-27.9951609, -1.2708445, 11.2555506,  0.9360664,  0.1010520,  0.3360554,  0.0251970)    0    0 -48.38981656  3 3.720 -34.46305484
(-29.7884737,  8.7706589, 19.3837542,  0.1409181,  0.7919650,  0.0701843,  0.5899004)    0    0 -16.43514261  1 3.480 -10.79456539
(-21.7909131, -1.7357646, 12.1198689,  0.5790588,  0.5928722, -0.4313256,  0.3565833)    0    0 -46.82912148  2 3.320 -19.34570119
(-24.4922049,  0.3754847, 25.3945406, -0.1978712, -0.3109339,  0.6605274,  0.6541183)    0    0 -48.38180469  6 2.840 -27.67866271
(-20.6408698, -5.6841225, 21.0022427,  0.3601832, -0.7795902,  0.2770619,  0.4309802)    0    0 -106.80611109  1 4.120 -71.65751504
(-32.6499573, -3.2520223, 16.5259664, -0.8308830,  0.4534307, -0.3020047, -0.1132572)    0    0 -33.17497271  5 3.000 -21.84492579
(-21.5146411,  0.2438462, 21.3790356,  0.6008247, -0.4180157,  0.5378853,  0.4182725)    0    0 -46.28051713  2 3.880 -19.03055070
(-18.1778279, -1.4957905, 22.6971899, -0.1866365,  0.5616052, -0.7711123, -0.2348451)    0    0 -122.63705878  2 3.800 -82.71560238
(-32.9149637,  2.8392250, 23.3379997,  0.0458717, -0.4851707, -0.3592016, -0.7959142)    0    0 -16.45978900  4 2.360 -10.00917767
(-18.2417228, -1.6007049, 22.6971797, -0.3078263,  0.5424564, -0.7535407, -0.2077508)    0    0 -103.24054948  2 3.960 -67.71921662
(-31.1060911,  0.7991410, 25.1502436,  0.7382996,  0.3446616,  0.5220219,  0.2522204)    0    0  -7.94801664  0 3.880  -3.25264218
(-26.7403196, -0.2045164, 20.8755096,  0.1353691,  0.2449112,  0.0439220, -0.9590436)    0    0 -43.63949035  1 3.080 -24.65804746
(-23.2456069, -1.9406959, 14.4681986,  0.3216934, -0.7549700,  0.3775114,  0.4289742)    0    0 -113.10755989  3 3.320 -78.52959594
(-27.4952751,  4.8276520, 14.4988800, -0.5223350, -0.0723316, -0.5630394, -0.6363339)    0    0 -20.07380743  1 4.120 -13.48422764
(-24.9544592, -4.0342893, 12.4510896,  0.8377600,  0.2481453,  0.3300910,  0.3572423)    0    0 -62.24689706  1 3.960 -22.90314428
(-27.0532573, 10.1815729, 16.0266658, -0.1460750, -0.6302397, -0.5090927, -0.5676841)    0    0 -16.44336907  1 4.120 -11.04921180
(-20.8668343, -2.3353763, 12.7727964,  0.5673186,  0.6192814, -0.4974180,  0.2172910)    0    0 -113.95755063  4 3.160 -75.02053348
(-32.7266812,  1.1373474, 20.4881916,  0.7748007,  0.1673496,  0.6075516,  0.0505871)    0    0 -25.42034115  0 3.960 -15.85030026
(-27.2012626, -0.8340739, 24.6472104, -0.1632096, -0.3793423,  0.6833068,  0.6021245)    0    0 -36.49641000  3 3.320 -22.33613070
(-20.5325592,  4.0998383, 14.4374943,  0.5539668, -0.5470511,  0.5247681,  0.3442009)    0    0 -92.06701986  2 2.840 -55.75741479
(-21.8340510, -1.6188152, 12.0635131,  0.5631692,  0.6112724, -0.4417100,  0.3377555)    0    0 -46.71381901  1 3.720 -26.14663467
(-21.0185699, -4.2594182, 24.9161492,  0.3065345, -0.7591107,  0.3868548,  0.4243570)    0    0 -100.22366268  1 3.480 -58.84217107
(-28.3178578,  2.9661350, 24.5389419, -0.0904322, -0.3399401,  0.7808449,  0.5162789)    0    0 -12.34799432  2 3.960  -7.62428909
(-30.7679370, -4.2341411, 21.1976271,  0.6265765, -0.6281438, -0.4532609,  0.0859758)    0    0 -42.85358066  3 3.240 -22.58575366
(-32.4883417, -3.2667327, 15.9866215, -0.8533078,  0.4189482, -0.2910541, -0.1078687)    0    0 -32.15501259  5 2.840 -19.45092077
(-32.3536793,  7.0616193, 16.9605804,  0.6101914,  0.7414051, -0.1178948, -0.2531517)    0    0 -48.83465554  5 3.400 -27.68150029
(-21.9060320, -1.5729067, 19.7160501, -0.2086925,  0.7714336,  0.5725861,  0.1829831)    0    0 -73.58537167  1 3.480 -45.58721013
(-29.0408419, -0.6113178, 21.0877003, -0.0509111, -0.4186538,  0.3937695,  0.8167513)    0    0 -23.42353721  2 3.960 -14.42866782
(-28.3380720,  3.8555940, 25.0830173, -0.0004299,  0.6815537,  0.4617878, -0.5676586)    0    0 -14.91689331  1 3.800  -7.55686093
(-31.3217463,  0.7692632, 26.8951082, -0.6233550,  0.5257424,  0.0461600,  0.5769686)    0    0 -12.47609934  1 4.040 -14.53694046
(-26.6394615, -6.7147915, 18.5669391,  0.6281823,  0.2266837,  0.6035490,  0.4355802)    0    0 -55.42466523  3 3.960 -37.19483515
(-26.1675869,  2.4445052, 26.9989765,  0.5297166, -0.2630859,  0.6702095,  0.4483362)    0    0 -20.63127205  4 3.720 -15.77892249
(-32.5019061, -2.7950773, 15.4592974, -0.8833996,  0.3716136, -0.2481203, -0.1412258)    0    0 -24.27571440  3 3.080  -9.52318903
(-22.1491393,  8.1782537, 23.0000198, -0.3593374, -0.7320582,  0.0916019,  0.5714687)    0    0 -46.15113334  1 3.880 -28.59622695
(-33.0158193,  5.2421242, 13.8596529,  0.1396324,  0.5991019,  0.5039858,  0.6062821)    0    0 -39.43441024  1 4.120 -26.46981507
(-28.7102084,  4.6854497, 13.0404520,  0.0299650,  0.4425452,  0.6965983,  0.5639208)    0    0 -25.64227913  1 3.880 -13.35076008
(-25.0068316,  4.8288228, 23.6927557, -0.2481804, -0.2546814,  0.7907745,  0.4982164)    0    0 -29.20036989  3 3.720 -21.14500447
(-34.2339773, -0.0988900, 14.6112405,  0.9750832,  0.1030372,  0.0200262,  0.1954355)    0    0 -34.37127337  0 4.200 -23.07385643
(-29.0588733, -0.3182210, 21.0708997,  0.0730828,  0.3284591,  0.1655049, -0.9270284)    0    0 -37.69295316  2 3.720 -27.36970397
(-30.9191925,  0.5008864, 25.8283613,  0.4089170,  0.3396834,  0.1869298,  0.8261110)    0    0 -10.27126034  2 3.960  -5.68508678
(-17.3680408, -1.0319089, 19.0167008, -0.6553391, -0.3679663,  0.6022515, -0.2691181)    0    0 -138.70080551  2 3.640 -85.32448070
(-30.3575213,  0.4733154, 24.2910728,  0.7208835,  0.3708294,  0.5215805,  0.2660195)    0    0 -19.22544092  2 3.480  -8.75760154
(-24.3203549,  6.2681561, 13.8141498, -0.7940231,  0.3339436, -0.4246370, -0.2787337)    0    0 -35.61601333  5 3.000 -16.07485529
(-31.2276394,  3.0526098, 16.3429192,  0.7560043, -0.1354168,  0.6386907, -0.0468401)    0    0 -30.07188799  1 3.880 -16.26187121
(-28.9341355,  2.8242924, 15.1125208,  0.5322483,  0.3653207,  0.6692000,  0.3679998)    0    0 -31.68308488  3 3.960 -21.27082854
(-29.5961729, -6.3262743, 13.6880195, -0.0863253, -0.6079657,  0.7801732,  0.1193963)    0    0 -36.43773213  0 4.200 -24.45987633
(-32.4446460,  2.9954005, 23.4778503,  0.0522269, -0.4778044, -0.3452676, -0.8060804)    0    0 -13.21422886  1 3.240  -5.42509205
(-29.0908912, -6.5826499, 13.9559088, -0.1028907, -0.6139703,  0.7722015,  0.1271171)    0    0 -45.55492720  1 3.720 -28.11260457
(-21.5900750,  1.7276210, 25.4645497,  0.7435235, -0.2653399,  0.3003460,  0.5353128)    0    0 -47.16870871  3 3.800 -25.53996119
(-27.9678812,  0.9779766, 15.8319968, -0.6449180,  0.3415182,  0.6831194, -0.0257726)    0    0 -47.42265502  3 3.160 -27.11721007
(-21.0821300, -3.7436064, 24.7429113,  0.4592280, -0.5822112,  0.4786864,  0.4701054)    0    0 -84.15058798  2 3.960 -51.88151145
(-29.6408429,  8.4107025, 19.8117777,  0.3803416,  0.8315860,  0.3456337,  0.2105763)    0    0 -15.95503177  1 4.120 -10.72167309
(-24.0025556,  1.1669442, 28.3367814, -0.9128697,  0.0000031, -0.4077275, -0.0206683)    0    0 -18.69667895  0 4.040 -11.39384343
(-26.7792841,  9.3034532, 17.4988604,  0.0249654,  0.7418886, -0.6252345,  0.2409561)    0    0 -32.02705064  0 4.040 -18.39780564
(-32.6236180,  2.7051154, 23.8035914,  0.0881259, -0.4500607, -0.3424280, -0.8199717)    0    0 -14.90386527  3 3.800  -9.96505110
(-24.1225426,  6.9273989, 19.5274348,  0.7742966,  0.3872003,  0.4165462, -0.2775427)    0    0 -21.45118331  1 3.240  -8.54406722
(-26.6995501,  9.1055395, 17.4208446,  0.0354428,  0.7908269, -0.5870139,  0.1695620)    0    0 -32.75090055  1 4.120 -21.98703629
(-21.8924122,  4.9060579, 20.8985959, -0.5319498, -0.0146311,  0.8038249,  0.2658588)    0    0 -38.07603925  1 4.040 -27.86612584
(-27.7111936, -6.7651211, 14.5112855, -0.0882617, -0.5934139,  0.7858826,  0.1498608)    0    0 -67.20356616  2 3.640 -25.83163012
(-32.3184352,  7.2022304, 18.9844032,  0.2846293,  0.9023732,  0.2564347,  0.1973574)    0    0 -27.50653694  1 3.960 -18.25275547
(-32.4674300,  2.9876960, 23.4712690,  0.0833622, -0.4526910, -0.3478116, -0.8167917)    0    0 -12.91662054  0 3.720  -7.58511675
(-24.5106233,  7.4212513, 16.4718912,  0.8666904,  0.0230061,  0.4728629, -0.1572230)    0    0 -38.22005723  5 2.680 -10.76881150
(-20.3047986, -0.6688843, 16.8056726,  0.5154097,  0.3874447, -0.5974196,  0.4767906)    0    0 -82.53647021  2 3.960 -54.10767880
(-23.2288995, -1.4617943, 14.7617130,  0.5121461, -0.5323923,  0.4738700,  0.4792828)    0    0 -53.15500041  1 3.720 -22.76844300
(-21.7970951, -1.7481875, 12.1225055,  0.5632625,  0.6183944, -0.4266671,  0.3439169)    0    0 -36.79281141  0 4.200 -24.69803591
(-26.7312539, -0.6817889, 15.8533066, -0.7317587, -0.0858916,  0.5718004, -0.3608272)    0    0 -46.72450949  3 3.000 -23.89502719
(-26.9801489, 10.2652710, 15.9804641, -0.1451899, -0.6283723, -0.5075824, -0.5712710)    0    0 -16.35464702  0 3.720  -8.87020275
(-21.6731004, -4.4372971, 14.9691322,  0.7513962, -0.0616405, -0.6472860, -0.1112951)    0    0 -80.92083490  1 3.800 -54.83824859
(-26.7084760,  2.7452374, 10.0769038,  0.8338997, -0.3012180,  0.4576746,  0.0664304)    0    0 -20.16266644  1 4.120 -13.54382737
(-24.2798737,  2.9426312, 10.3859108,  0.0175996, -0.7041357, -0.1276873,  0.6982687)    0    0 -48.43611780  1 3.320 -24.61579756
(-24.8587879,  5.1753211, 19.1097508,  0.7456525,  0.4042080,  0.4421690, -0.2917274)    0    0 -32.01736057  5 2.520 -16.31354061
(-22.3880313,  6.7762075, 13.0891733,  0.8247872, -0.2385346,  0.5051512,  0.0874618)    0    0 -29.30753326  1 3.640 -10.93975748
(-25.8342938,  6.2326671, 18.9828142,  0.6778543,  0.3042200,  0.6005058, -0.2955613)    0    0 -43.76122777  6 2.600 -19.67701461
(-27.4022726, -2.8531119, 22.7962653,  0.9161479, -0.3692831,  0.1158304, -0.1043374)    0    0 -36.60782491  2 3.960 -21.26759676
(-28.6193644, -3.4035935, 13.6740546,  0.8554563,  0.5091429,  0.0520832, -0.0790907)    0    0 -44.99039039  0 4.200 -30.19633467
(-22.6733202, -4.3269020, 23.9655840, -0.3619870, -0.0742421, -0.9261676,  0.0752799)    0    0 -65.11499399  0 4.120 -63.28536106
(-19.2875512,  1.2590210, 22.4436394,  0.5620196, -0.3198626,  0.6737233,  0.3576575)    0    0 -83.45309676  2 3.480 -38.37762843
(-22.8001713, -3.8058548, 17.7530982,  0.7727103, -0.2963761, -0.1198728, -0.5483708)    0    0 -114.38607832  4 3.080 -58.15045772
(-29.9596106, -4.2379700, 26.5642411, -0.0913168,  0.1580206, -0.1992202,  0.9628094)    0    0  -0.21659343  0 4.200  -0.16555204
(-27.2558089, -2.2958860, 23.7738451,  0.3423264,  0.0945381, -0.7225659, -0.5931051)    0    0 -56.28599359  4 2.920 -31.16020431
(-26.2276971,  4.5001904, 23.9848092,  0.4167497, -0.3520165,  0.4651442,  0.6971692)    0    0 -28.01518264  3 3.320  -9.89580384
(-23.5768180,  1.1396516, 25.4435769,  0.0677248, -0.3509571,  0.7082147,  0.6088303)    0    0 -28.17300333  4 3.720 -25.85857126
(-29.3049667, -3.6266227, 26.1862915, -0.1437298,  0.1502741, -0.2447378,  0.9470284)    0    0 -18.04323828  1 3.800  -3.41587603
(-32.6106315,  3.3858555, 17.1106578,  0.7645615, -0.1178629,  0.6271849, -0.0905159)    0    0 -30.33798373  3 3.560 -17.99916296
(-22.6648236,  7.6253412, 16.2866145, -0.2314850,  0.6155516, -0.4572549, -0.5986893)    0    0 -70.00202511  3 3.480 -40.83178921
(-27.3930495, -1.6838654, 18.1039433, -0.2017590,  0.4743516,  0.8537762, -0.0731444)    0    0 -35.79549047  1 3.480 -23.29452586
(-29.8070787,  8.5643412, 19.0481689,  0.1191799,  0.8061994,  0.0708342,  0.5751705)    0    0 -26.72732933  4 2.760 -13.36905972
(-31.9411215, -2.6495618, 15.6387766, -0.8994126,  0.3271637, -0.2588411, -0.1304693)    0    0 -20.65998432  1 3.880  -9.21956905
(-32.7162899,  2.9625686, 23.3734221, -0.0065772, -0.5251900, -0.3977918, -0.7522592)    0    0 -21.14425662  5 2.440  -9.01359207
(-25.4171894,  2.9672172, 26.7365418, -0.0927777, -0.2794166,  0.7499773,  0.5923283)    0    0  10.76955243  0 4.120  13.48823070
(-24.7447726,  1.4390778, 10.7174552, -0.4442556,  0.5927016, -0.0607486, -0.6690676)    0    0 -34.77583960  1 3.560 -21.37715339
(-34.1769678, -0.2314306, 14.7184395,  0.9704797,  0.1196587,  0.0271349,  0.2076408)    0    0 -35.32153666  1 3.800 -22.49994066
(-27.3207261,  5.2376851, 14.4093193, -0.7852758,  0.2978454, -0.3056603, -0.4485552)    0    0 -25.28417617  1 3.640  -6.33107085
(-30.5791229, -4.7191008, 20.5855295,  0.6116457, -0.6293491, -0.4712280,  0.0880529)    0    0 -26.50893812  1 4.040 -15.98094286
(-24.0364792,  0.6551624, 25.6879043,  0.1935415, -0.3747777,  0.6494845,  0.6326558)    0    0 -30.61573620  5 3.000  -6.19061470
(-24.1929504,  6.7247831, 19.5551101,  0.7742071,  0.3801753,  0.4070014, -0.3006333)    0    0 -21.84500544  2 3.240 -12.05710666
(-22.0557667, -1.7562793, 19.4500063, -0.8611781, -0.2189745,  0.4215282, -0.1809323)    0    0 -87.27178253  4 3.800 -81.66160972
(-24.2999072,  4.2451932, 11.1073502,  0.1124910, -0.3768909,  0.0491189,  0.9180884)    0    0 -53.97578668  3 3.800 -49.02807687
(-29.7360694,  4.6093897, 25.4194669,  0.4474082,  0.6565622,  0.4602515, -0.3961320)    0    0   2.59590298  0 4.200   1.72085193
(-27.1694869, -0.9016219, 24.6586566, -0.1768527, -0.4081776,  0.7125247,  0.5426074)    0    0 -27.70326431  2 3.880 -21.78093690
(-25.8699652, -2.7636057, 26.4147069, -0.7010869, -0.3210936, -0.3728328,  0.5161122)    0    0 -47.66708808  2 3.080 -37.81400449
(-20.6171124,  7.5917091, 16.0082573,  0.8370204, -0.1330879,  0.5257432,  0.0726534)    0    0 -26.48982287  0 4.200 -17.78759207
(-19.8451440,  6.9481919, 17.4470914,  0.7571935, -0.2111315,  0.5530990,  0.2759762)    0    0 -47.47624169  3 3.720 -20.10546860
(-24.9307678, -4.6488875, 13.0905422,  0.7606547,  0.2152320,  0.4389022,  0.4271352)    0    0 -64.35185674  2 3.800 -36.18762234
(-25.3436825,  2.7108541, 26.7119900, -0.1123346, -0.2939195,  0.7421254,  0.5918126)    0    0  -2.33139947  1 3.640  11.27814863
(-29.9717491, -0.2651355, 21.9033012,  0.7295698,  0.3010195,  0.5825813,  0.1942017)    0    0 -25.89329806  3 3.880 -17.04203338
(-27.1695968, -6.8062269, 21.8741011,  0.8514025, -0.2701174,  0.3599533, -0.2694141)    0    0 -43.58371363  0 4.040 -26.62398306
(-21.9452902, -3.1871158, 15.0930025,  0.7914225, -0.3055479,  0.1974795,  0.4912156)    0    0 -120.13877290  3 3.400 -76.38907373
(-27.5410845,  8.5504133, 24.0662756, -0.7264147, -0.6024997,  0.0297285,  0.3292902)    0    0 -10.15684351  0 4.200  -6.83269912
(-33.0567628, -1.6837993, 16.1853945, -0.8004658,  0.5333250, -0.2731639, -0.0141556)    0    0 -43.27654737  5 2.680 -25.58130240
(-20.8816292,  2.7955185, 14.2601558,  0.4654745, -0.5182519,  0.7042992,  0.1367884)    0    0 -80.29318767  2 3.560 -52.73648441
(-22.9300494,  5.4671687, 25.6258181,  0.2102917, -0.8672730, -0.3418492, -0.2945404)    0    0 -15.07334193  2 3.480  -3.84599031
(-21.7506017, -5.8077010, 22.4448926, -0.3320408, -0.1543337, -0.9105418,  0.1919469)    0    0 -73.98742734  1 3.960 -44.78161437
(-23.1538292, -4.2213508, 19.5478399,  0.7014320, -0.2599448, -0.3738476, -0.5483246)    0    0 -86.22552890  3 3.000 -48.70368956
(-21.5458205, -1.4272488, 12.1270284,  0.5842130,  0.5815737, -0.4717838,  0.3128694)    0    0 -80.05023780  3 2.920 -37.16408561
(-26.8593705,  2.6554113,  9.8171414,  0.8218030, -0.2934097,  0.4810591,  0.0831716)    0    0 -24.12812970  2 3.560 -13.97827200
(-32.3151587,  2.9821611, 23.5671760,  0.0575020, -0.4679818, -0.3404125, -0.8135145)    0    0 -14.79974829  2 3.480  -9.94021787
(-33.9428263, -1.0074390, 16.6435916,  0.7901206, -0.4665810,  0.3867530, -0.0918354)    0    0 -40.84591680  2 3.560 -24.61055422
(-27.5618694,  5.6278225, 14.5780722, -0.7982793,  0.2913129, -0.2547988, -0.4614807)    0    0 -16.65664902  0 4.200 -11.19226341
(-22.6297469, -4.4349508, 16.9580221,  0.2965427, -0.7415127,  0.5861554,  0.1365403)    0    0 -80.61220254  1 4.120 -54.08867730
(-26.7315102,  2.4009340, 18.1622622,  0.4919554,  0.3053563,  0.3096684, -0.7542167)    0    0 -49.37276145  4 3.320 -36.31751240
(-22.2391731,  6.9171584, 25.7003857,  0.2055195, -0.8844803, -0.3335981, -0.2533153)    0    0 -15.12536373  2 3.720  -4.19957604
(-26.1183259, -2.3594301, 26.5503223, -0.8630699, -0.0490285, -0.3857439,  0.3223480)    0    0 -41.09755028  5 3.560 -31.57687642
(-19.1568936,  6.2411192, 21.2791986, -0.1099487,  0.3344681,  0.4734901, -0.8073720)    0    0 -56.97117006  0 3.960 -35.04530624
(-27.3106753,  5.5215127, 14.4555512, -0.8018568,  0.2869128, -0.2404723, -0.4657036)    0    0 -28.09943371  2 3.640 -16.29730501
(-25.1540237,  6.4150855, 18.9779803,  0.7649287,  0.3138630,  0.4781177, -0.2962728)    0    0 -26.17125669  4 3.480 -14.61911173
(-23.7589877, -3.9758046, 17.7768902,  0.6456665, -0.2727338, -0.6259112, -0.3420032)    0    0 -69.64490749  2 3.560 -38.91129423
(-22.4947095,  0.6177941, 13.4298765,  0.0477332,  0.8015476, -0.5934697, -0.0551059)    0    0 -52.37999672  2 3.640 -23.26889557
(-33.1859019,  4.1211289, 16.2400746,  0.5332285,  0.6645301,  0.5075571,  0.1282687)    0    0 -32.33864118  2 3.960 -14.80243658
(-24.1820277,  6.7899111, 19.5861302,  0.7768830,  0.3782222,  0.4076555, -0.2953265)    0    0 -14.24442805  0 4.200  -9.57433309
(-27.9754218, -0.2680879, 20.2685865,  0.5076494, -0.3156937, -0.8007641, -0.0375012)    0    0 -41.59757030  2 2.840 -23.54194889
(-29.6092083, -1.3524887, 21.4926968,  0.4438440,  0.3721066,  0.8134139,  0.0538227)    0    0 -34.49664228  3 3.080 -19.76116419
(-23.8031162, -3.9156644, 17.2795438,  0.6660988, -0.3727909, -0.5713736, -0.3014490)    0    0 -100.05183692  3 2.920 -67.15931945
(-27.6291892, -3.6644287, 14.9139671, -0.3942068, -0.7644322,  0.2743561, -0.4300851)    0    0 -34.67682733  0 3.560  -3.21169000
(-31.7982074,  6.6370815, 18.4710143,  0.2808599,  0.8712206,  0.0337327,  0.4011913)    0    0 -27.43073780  4 3.720 -17.86626967
(-23.0852933,  4.8869751, 18.5572302,  0.7438783,  0.4132681,  0.4833233, -0.2055558)    0    0 -72.64365994  5 2.920 -40.41109634
(-24.3668877,  6.3525705, 13.8289238, -0.7947845,  0.3375427, -0.4186047, -0.2813409)    0    0 -39.72011276  5 2.440 -15.88638388
(-25.1705783,  8.5718347, 14.4775753,  0.7514922, -0.3146304,  0.5181046,  0.2604512)    0    0 -29.52813684  2 4.040 -19.82545691
(-32.8839021,  1.7314740, 20.5423223,  0.2449102, -0.5479209, -0.2246586, -0.7676785)    0    0 -43.24005365  6 2.920 -40.76114228
(-21.8817437,  7.7135570, 15.5992124,  0.7997672, -0.2024078,  0.5609036,  0.0692137)    0    0 -31.89607129  2 3.080 -15.54468325
(-22.8463726,  0.5278736, 24.9635101,  0.5868640, -0.3674696,  0.5339967,  0.4851848)    0    0 -13.13019496  0 3.880  -4.48387946
(-24.2724318,  6.7606102, 19.4187451,  0.7919389,  0.3395916,  0.4177191, -0.2881337)    0    0 -22.01413720  3 3.000 -10.09600285
(-23.4118229,  1.9094140, 10.4937770, -0.0076323, -0.7428542, -0.2283589,  0.6292548)    0    0 -65.03868707  6 2.760 -42.79956094
(-29.7460155,  8.8043759, 19.1874968,  0.1296023,  0.8132087,  0.0798682,  0.5617080)    0    0 -23.37031667  3 3.320  -8.57951016
(-29.3641457, -5.5649384, 15.2215886,  0.4377389, -0.3970546,  0.7351027,  0.3321992)    0    0 -52.80716182  2 3.320 -22.79371124
(-32.6855675,  6.0289120, 18.8846732, -0.2912628, -0.8963934, -0.2653368, -0.2030792)    0    0 -34.66880342  3 3.240 -23.02522077
(-20.4187247,  2.2992074, 16.9143662,  0.5920599, -0.3446367,  0.5811163,  0.4393113)    0    0 -81.84661707  3 3.400 -45.79158842
(-22.1248016, -4.6568349, 14.9807584, -0.4824094, -0.2930519,  0.8084152,  0.1669328)    0    0 -76.33379528  1 4.040 -49.37345829
(-33.8046107,  4.9713095, 17.3340502,  0.7746726, -0.1303688,  0.6171105,  0.0453972)    0    0 -28.17116764  0 4.200 -18.91530745
(-26.7501871,  2.7677795,  9.9121451,  0.8515279, -0.2961146,  0.4298741,  0.0492414)    0    0 -18.79554120  0 3.720  -8.53146360
(-32.5072820, -3.0331482, 16.2432340, -0.8408023,  0.4463077, -0.2670140, -0.1502148)    0    0 -31.82361359  4 3.000 -21.47473939
(-28.5504586,  6.5955765, 15.9892140,  0.3901217,  0.4930714,  0.5659362,  0.5332934)    0    0 -52.29083818  3 3.640 -29.48779368
(-21.7849637, -2.0523490, 19.6230204,  0.5783529,  0.8072170, -0.1152723, -0.0249181)    0    0 -107.22664708  4 3.320 -86.64394569
(-30.1166586,  4.6159598, 25.0108611,  0.3429146,  0.6724612,  0.4583867, -0.4691345)    0    0 -16.09752465  2 3.640  -9.84006739
(-32.1104534,  3.9555183, 24.1246082,  0.3094742,  0.7342549,  0.4187690, -0.4355778)    0    0 -20.93820744  8 3.240 -13.17279854
(-29.8113141,  8.6365958, 19.3453483,  0.2575011,  0.8008584,  0.0135270,  0.5404961)    0    0 -21.74926692  2 3.640 -12.37384139
(-24.5685894,  1.9031101, 10.8633640,  0.7031946, -0.5017799,  0.2474664,  0.4387422)    0    0 -36.47587386  2 3.960 -27.18905311
(-21.1227025,  0.1503225, 20.8750737,  0.4626169, -0.4959428,  0.5989025,  0.4258429)    0    0 -81.83129108  2 3.560 -42.17773179
(-26.5224091,  8.6652396, 17.2468577,  0.0399701,  0.7936869, -0.5863752,  0.1569319)    0    0 -36.80813489  2 3.560 -16.24081512
(-23.9975899, -1.3529437, 27.0122120, -0.8928567,  0.0484351, -0.4414335,  0.0748162)    0    0 -38.53386193  1 3.960 -26.04367863
(-21.7528723,  6.6024123, 15.7943654, -0.0755695,  0.4832810, -0.2883908, -0.8231400)    0    0 -51.32473115  1 3.240 -31.16917740
(-24.9214242,  1.9262303, 20.8434127,  0.3782516,  0.1582155, -0.1647581, -0.8970777)    0    0 -58.10692486  2 3.480 -34.75365056
(-29.5184381,  2.2151022, 27.5584499, -0.7336419,  0.2637628, -0.1489820,  0.6082789)    0    0  -1.56799356  0 4.120   0.18912771
