#Coordinates  RecID  LigID  Luciferin  Neighbor's number  Vision Range  Scoring
(11.2783516, -19.4686056, 37.2982659,  0.5188114, -0.1749674,  0.7325812, -0.4044082)    0    0  23.16573969  4 0.480  15.49321529
(11.6042568, -19.2132896, 37.4152436,  0.5188114, -0.1749674,  0.7325812, -0.4044082)    0    0  22.97517925  0 0.720  15.07756910
(14.9396344, -10.6658721, 38.7492472, -0.6624987,  0.7434061, -0.0140712,  0.0908008)    0    0  22.73141319 10 0.240  15.08944772
(11.2719354, -19.2662851, 37.1797567,  0.5188114, -0.1749674,  0.7325812, -0.4044081)    0    0  23.19253790  3 0.640  15.44130432
(11.3061352, -19.0079513, 37.1313290,  0.5188114, -0.1749674,  0.7325812, -0.4044081)    0    0  23.07163552  8 0.240  15.17550026
( 2.8228156, -22.9451126, 34.4500869, -0.1780641, -0.9694880, -0.1640936,  0.0382037)    0    0  21.91713206 18 0.000  14.87495831
(11.3968588, -18.7082444, 37.2967915,  0.5188114, -0.1749674,  0.7325812, -0.4044082)    0    0  23.13672687  7 0.480  15.42367745
(14.8985353, -10.5224726, 38.6937339, -0.6624987,  0.7434061, -0.0140711,  0.0908010)    0    0  22.77110000 17 0.000  15.18984539
( 2.6783688, -22.6593491, 34.8099232, -0.1780625, -0.9694883, -0.1640934,  0.0382035)    0    0  22.44653587  3 0.560  15.11486300
(13.4681461, -15.6402656, 34.8958753,  0.2099059,  0.8566303,  0.4302000,  0.1924889)    0    0  21.79478268  6 0.320  14.58599977
( 6.1490266, -20.5584408, 39.0961847, -0.8210193, -0.0837106, -0.4430695,  0.3501561)    0    0  21.42327734  0 3.560  14.29416790
( 9.1562280, -15.0728224, 41.1365487,  0.2224383, -0.2131911, -0.3886771, -0.8683322)    0    0  20.07507938  7 0.240  13.51796785
( 2.4373216, -22.6545225, 34.7603992, -0.1780616, -0.9694885, -0.1640933,  0.0382034)    0    0  22.48964240  2 1.240  15.02043337
(11.3438092, -19.5623528, 37.1422131,  0.5188114, -0.1749674,  0.7325812, -0.4044081)    0    0  23.11406134  4 0.400  15.28543656
(13.5536844, -15.5548952, 34.6603847,  0.2099059,  0.8566303,  0.4302000,  0.1924888)    0    0  22.03290005  3 1.280  14.74129346
( 9.5444020, -15.4293794, 41.1339284,  0.2224383, -0.2131911, -0.3886771, -0.8683322)    0    0  19.98926600  7 0.320  13.27356651
( 2.5852924, -22.6800254, 34.4042717, -0.1780623, -0.9694884, -0.1640934,  0.0382035)    0    0  22.41484662  5 0.560  14.99860337
( 2.6536170, -22.7853598, 34.8914982, -0.1780616, -0.9694885, -0.1640933,  0.0382034)    0    0  22.35048357 11 0.080  14.86791704
(14.7055596, -10.5601040, 38.9628289, -0.6624987,  0.7434061, -0.0140712,  0.0908009)    0    0  23.03833407  0 0.560  15.30413665
(13.4085489, -15.7101405, 34.5316312,  0.2099059,  0.8566303,  0.4302000,  0.1924888)    0    0  21.45937034  0 0.400  14.45054701
(13.2101865, -15.7357528, 34.9322564,  0.2099059,  0.8566303,  0.4302000,  0.1924888)    0    0  21.49668154  0 0.400  14.03250015
(13.6162499, -15.6406568, 34.9430147,  0.2099059,  0.8566303,  0.4302000,  0.1924889)    0    0  21.83025994  0 0.400  14.68947218
(14.8958085, -10.6269082, 38.6806198, -0.6624987,  0.7434061, -0.0140711,  0.0908009)    0    0  22.86371009  5 0.400  15.27067890
(16.0246344, -22.0753789, 35.3188316,  0.9291898,  0.3665831, -0.0096801,  0.0461448)    0    0  11.75076268  1 5.000   7.77373409
( 6.2082947, -20.4653370, 39.0505114, -0.8210196, -0.0837127, -0.4430677,  0.3501571)    0    0  21.24023217  5 1.080  14.14398498
( 2.5572427, -22.8224541, 34.5999878, -0.1780616, -0.9694885, -0.1640933,  0.0382034)    0    0  22.07067116  0 0.400  14.85308055
( 9.5841254, -15.6106440, 41.4282930,  0.2224383, -0.2131911, -0.3886772, -0.8683322)    0    0  19.83010311  3 0.400  13.22032264
(15.6796640, -11.1747373, 38.5328481, -0.6624987,  0.7434061, -0.0140712,  0.0908009)    0    0  22.83136786 13 0.000  15.24784104
(15.0929725, -11.1219546, 38.2529787, -0.6624987,  0.7434061, -0.0140712,  0.0908009)    0    0  22.80578136  0 0.560  14.87253311
( 9.5258771, -15.8501827, 41.4274324,  0.2224383, -0.2131911, -0.3886771, -0.8683322)    0    0  19.75239403 20 0.000  13.08754434
(13.2940663, -20.7613631, 30.5186840,  0.0381248,  0.0442184, -0.4641135, -0.8838495)    0    0  17.61864239  1 5.000  11.95391327
( 6.0051943, -20.6999507, 39.1440065, -0.8209555, -0.0844738, -0.4430868,  0.3500996)    0    0  20.30296324  8 0.280  14.25910883
(15.2879215, -10.9700501, 38.6918682, -0.6624987,  0.7434061, -0.0140712,  0.0908009)    0    0  22.47775926 11 0.120  14.80919148
( 2.1683243, -22.4360442, 34.7101422, -0.1780692, -0.9694864, -0.1640969,  0.0382065)    0    0  21.68725385 14 0.160  14.21176006
( 9.9470176, -15.2222620, 41.1768482,  0.2224383, -0.2131911, -0.3886772, -0.8683322)    0    0  19.79261611  3 0.400  13.40371417
(13.3287592, -15.6798406, 35.1980907,  0.2099059,  0.8566303,  0.4302000,  0.1924888)    0    0  21.82313267  6 0.240  14.66780232
(11.6053399, -19.4863006, 36.9960574,  0.5188114, -0.1749674,  0.7325812, -0.4044082)    0    0  22.49507753 13 0.160  14.81079202
(11.5632504, -19.2535454, 36.8499278,  0.5188114, -0.1749674,  0.7325812, -0.4044082)    0    0  21.97436816  4 0.480  14.79270950
(11.5272979, -19.1738000, 37.3045545,  0.5188114, -0.1749674,  0.7325812, -0.4044082)    0    0  22.85237712  0 0.400  15.24537763
(13.5932219, -15.6186164, 34.6169649,  0.2099059,  0.8566303,  0.4302000,  0.1924888)    0    0  21.46888238 34 0.000  13.71395110
( 9.3436277, -15.5069724, 41.1985955,  0.2224383, -0.2131911, -0.3886771, -0.8683322)    0    0  19.98755402 15 0.000  13.31075940
(13.8035986, -15.7167939, 35.0057864,  0.2099059,  0.8566303,  0.4302000,  0.1924888)    0    0  21.76091547 11 0.000  14.36781659
( 1.9823569, -22.7478571, 34.4202604, -0.1780679, -0.9694872, -0.1640941,  0.0382041)    0    0  22.27360841  0 0.400  14.88150734
( 9.5390589, -15.7153428, 41.1311809,  0.2224383, -0.2131911, -0.3886771, -0.8683322)    0    0  19.90409192  0 0.400  13.28224687
(11.6845682, -19.4144079, 36.8590158,  0.5188114, -0.1749674,  0.7325812, -0.4044082)    0    0  23.00832120  0 0.400  15.32372373
(11.3657444, -19.4174849, 37.0348329,  0.5188114, -0.1749674,  0.7325812, -0.4044081)    0    0  23.14961975  3 0.560  15.48212769
( 9.1181694, -15.4124020, 41.3948032,  0.2224383, -0.2131911, -0.3886771, -0.8683322)    0    0  19.51832851 15 0.000  12.90091125
(13.1752911, -16.1523707, 34.7383119,  0.2099059,  0.8566303,  0.4302000,  0.1924889)    0    0  21.38865436  2 0.400  14.50451869
(13.5390374, -15.6127058, 34.8362331,  0.2099059,  0.8566303,  0.4302000,  0.1924889)    0    0  21.84430215  1 0.720  14.57763704
(13.4726493, -15.5015538, 34.8146032,  0.2099059,  0.8566303,  0.4302000,  0.1924889)    0    0  21.76199452  0 0.400  14.64372156
(11.6131873, -19.2707334, 37.0121352,  0.5188114, -0.1749674,  0.7325812, -0.4044082)    0    0  23.07976780  3 0.400  15.29860637
(13.1333657, -15.5618033, 35.0870520,  0.2099059,  0.8566303,  0.4302000,  0.1924888)    0    0  21.50699215 23 0.000  14.54045201
(13.5186001, -15.6473349, 35.2580131,  0.2099059,  0.8566303,  0.4302000,  0.1924888)    0    0  21.83706526  0 0.400  14.65407164
(15.3112772, -11.1328456, 38.8844019, -0.6624987,  0.7434061, -0.0140712,  0.0908008)    0    0  22.93264159  0 0.400  15.28563189
(15.2202530, -10.9574784, 38.7149495, -0.6624987,  0.7434061, -0.0140712,  0.0908009)    0    0  23.21133376  3 0.800  15.43122543
( 9.3372670, -15.4571649, 41.2168105,  0.2224383, -0.2131911, -0.3886771, -0.8683322)    0    0  20.39572719  0 5.000  13.59717679
( 9.5794942, -15.7413876, 41.2307898,  0.2224383, -0.2131911, -0.3886771, -0.8683322)    0    0  19.86206836  0 0.400  13.48889103
(15.0645951, -10.8861844, 38.5475459, -0.6624987,  0.7434061, -0.0140711,  0.0908010)    0    0  23.00272511  2 0.640  15.38628577
(13.5157178, -15.6511477, 34.9846483,  0.2099059,  0.8566303,  0.4302000,  0.1924888)    0    0  21.45000619  0 0.400  14.78193037
( 9.5028522, -15.2799785, 41.4227378,  0.2224383, -0.2131911, -0.3886772, -0.8683322)    0    0  19.74278085  0 0.400  13.39646590
(11.5795829, -19.5370946, 37.3692035,  0.5188114, -0.1749674,  0.7325812, -0.4044082)    0    0  22.46308725 20 0.000  15.37449199
( 9.1267619, -15.2709146, 41.1518983,  0.2224383, -0.2131911, -0.3886772, -0.8683322)    0    0  20.03206789 12 0.000  13.43118593
(13.5149371, -15.6366030, 35.5408853,  0.2099059,  0.8566303,  0.4302000,  0.1924889)    0    0  21.50549959  4 0.480  14.31866873
(13.6528481, -15.7870934, 35.0155098,  0.2099059,  0.8566303,  0.4302000,  0.1924888)    0    0  21.48319204 16 0.000  14.22582948
( 9.4070966, -15.9412155, 41.4741937,  0.2224383, -0.2131911, -0.3886771, -0.8683322)    0    0  19.88598960  0 0.400  13.14342735
(14.7495563, -11.0520561, 38.9483471, -0.6624987,  0.7434061, -0.0140712,  0.0908008)    0    0  22.87677824  0 0.480  15.25667259
(16.0822786, -15.7448499, 34.5236866, -0.1471918,  0.7907737, -0.0540173, -0.5916871)    0    0  18.68982735  3 5.000  12.43598723
(13.3900802, -15.6110746, 34.8431138,  0.2099059,  0.8566303,  0.4302000,  0.1924889)    0    0  21.65226672  0 0.400  14.38928414
(16.1738545, -15.9861848, 34.3505528, -0.1471918,  0.7907737, -0.0540173, -0.5916871)    0    0  18.25012049  5 5.000  12.08832267
( 2.3046445, -22.5790164, 35.4519855, -0.1780705, -0.9694861, -0.1640970,  0.0382066)    0    0  22.00818900  0 0.480  14.52569756
(11.1243514, -19.1234083, 37.0697384,  0.5188114, -0.1749674,  0.7325812, -0.4044082)    0    0  22.95332705 12 0.000  15.25517868
(13.9006827, -15.6109560, 35.1735760,  0.2099059,  0.8566303,  0.4302000,  0.1924889)    0    0  21.72627940  0 0.400  14.55152971
(11.2302127, -19.1420462, 37.0630226,  0.5188114, -0.1749674,  0.7325812, -0.4044082)    0    0  23.00972521  0 0.400  15.42732264
(11.1642602, -18.7962364, 37.3681777,  0.5188114, -0.1749674,  0.7325812, -0.4044082)    0    0  22.90536469  2 0.640  15.28221035
(13.7554311, -15.6687080, 34.9421878,  0.2099059,  0.8566303,  0.4302000,  0.1924888)    0    0  21.67948620 11 0.000  14.32444121
( 9.5096370, -15.5732068, 41.2571437,  0.2224383, -0.2131911, -0.3886772, -0.8683322)    0    0  20.02970599  0 0.400  13.53700059
(15.2092745, -10.6252994, 38.6433878, -0.6624987,  0.7434061, -0.0140712,  0.0908009)    0    0  22.86692219 18 0.000  15.30651874
( 2.3004907, -22.5794794, 34.8035692, -0.1780616, -0.9694885, -0.1640933,  0.0382034)    0    0  22.21792402 15 2.600  14.70122429
(13.0138104, -20.8183131, 30.5845168,  0.0381248,  0.0442184, -0.4641133, -0.8838491)    0    0  17.93014002  0 5.000  11.95342668
( 6.1696465, -20.5267084, 39.0807305, -0.8210194, -0.0837112, -0.4430687,  0.3501566)    0    0  21.25028625  4 2.920  14.32105088
(13.2421474, -15.6123464, 34.7633041,  0.2099059,  0.8566303,  0.4302000,  0.1924889)    0    0  21.19749227  0 0.400  13.89347101
(13.5610317, -15.5372784, 34.5929335,  0.2099059,  0.8566303,  0.4302000,  0.1924888)    0    0  22.12846699  1 5.000  14.81085752
( 9.8651044, -15.8853744, 41.2826283,  0.2224383, -0.2131911, -0.3886772, -0.8683322)    0    0  19.98346750 17 0.000  13.28813204
( 9.4474952, -15.4401921, 40.8239228,  0.2224383, -0.2131911, -0.3886772, -0.8683322)    0    0  19.78332020  0 0.400  13.04528601
(10.9714002, -19.2317820, 37.3663365,  0.5188114, -0.1749674,  0.7325812, -0.4044082)    0    0  22.84964226 20 0.000  15.28919480
(12.9419231, -20.8329922, 30.6013150,  0.0381248,  0.0442184, -0.4641135, -0.8838495)    0    0  17.02725001  3 5.000  10.91198867
( 2.2750821, -22.7226444, 34.6615952, -0.1780851, -0.9694817, -0.1641054,  0.0382138)    0    0  22.01994559 16 0.000  14.40405853
( 2.1754763, -22.7608864, 34.7645494, -0.1781101, -0.9694747, -0.1641176,  0.0382243)    0    0  22.04988263  9 0.160  14.61255573
(11.2935417, -18.8168421, 37.2382233,  0.5188114, -0.1749674,  0.7325812, -0.4044082)    0    0  23.18527941  0 0.800  15.50774303
(11.5042092, -19.4326931, 36.8822467,  0.5188114, -0.1749674,  0.7325812, -0.4044082)    0    0  23.06258848  0 0.400  15.34570982
( 9.4368904, -15.3488438, 41.2469138,  0.2224383, -0.2131911, -0.3886771, -0.8683322)    0    0  19.78798494 13 0.000  13.13108152
(15.3730343, -11.1860820, 38.7924015, -0.6624987,  0.7434061, -0.0140712,  0.0908009)    0    0  23.18665610  5 0.640  15.44540061
( 6.4017573, -20.1824100, 38.9158408, -0.8210193, -0.0837110, -0.4430693,  0.3501562)    0    0  21.39615284  2 4.840  14.28061223
( 2.2572398, -22.5338873, 34.8383837, -0.1780616, -0.9694885, -0.1640933,  0.0382034)    0    0  22.36062994  5 0.480  14.83449278
(13.3366623, -15.3090646, 34.8218623,  0.2099059,  0.8566303,  0.4302000,  0.1924889)    0    0  21.75066917  8 0.160  14.51441999
(15.0200743, -10.7388348, 38.7694493, -0.6624987,  0.7434061, -0.0140712,  0.0908008)    0    0  23.23316165  3 1.520  15.45381168
(15.6727889, -11.1419555, 38.9872656, -0.6624987,  0.7434061, -0.0140712,  0.0908009)    0    0  22.57223653 12 0.000  14.89335798
( 6.3087477, -20.3051483, 38.9713231, -0.8210198, -0.0837129, -0.4430671,  0.3501574)    0    0  21.02930149  7 1.480  13.91488005
(15.2786259, -10.9597401, 38.6894098, -0.6624987,  0.7434061, -0.0140712,  0.0908008)    0    0  23.36036185  0 5.000  15.57432166
(13.6044021, -15.5627176, 35.1222015,  0.2099059,  0.8566303,  0.4302000,  0.1924888)    0    0  21.56120805 13 0.000  14.29395750
(13.7100759, -15.4595990, 34.4779120,  0.2099059,  0.8566303,  0.4302000,  0.1924888)    0    0  21.67359057  0 0.560  14.34954951
( 9.3858571, -15.4605171, 41.2142966,  0.2224383, -0.2131911, -0.3886771, -0.8683322)    0    0  20.16392637  4 0.720  13.43108982
( 9.3106826, -15.4455898, 41.2170731,  0.2224383, -0.2131911, -0.3886771, -0.8683322)    0    0  20.32401928  1 5.000  13.49545754
(13.7591479, -15.5766174, 35.0846932,  0.2099059,  0.8566303,  0.4302000,  0.1924889)    0    0  21.81674735  0 0.560  14.61534487
(11.2520129, -19.2097342, 37.3394076,  0.5188114, -0.1749674,  0.7325812, -0.4044081)    0    0  23.10147615  7 0.320  15.38870370
( 9.6940554, -15.5023261, 41.2311801,  0.2224383, -0.2131911, -0.3886771, -0.8683322)    0    0  20.17804551  4 0.640  13.47476279
(11.5654083, -19.2393195, 36.9340857,  0.5188114, -0.1749673,  0.7325812, -0.4044081)    0    0  23.30403222  1 4.240  15.40467166
( 2.5153413, -22.3887439, 34.4961308, -0.1780616, -0.9694885, -0.1640933,  0.0382034)    0    0  22.18964935  2 0.720  14.96561670
( 9.5614298, -15.2722662, 41.3562260,  0.2224383, -0.2131911, -0.3886772, -0.8683322)    0    0  19.96170157  0 0.400  13.35653324
(15.4076291, -10.7102094, 38.5600047, -0.6624987,  0.7434061, -0.0140712,  0.0908009)    0    0  22.95465158  6 0.560  15.09743170
( 9.7429818, -15.6338170, 41.2128033,  0.2224383, -0.2131911, -0.3886771, -0.8683322)    0    0  20.29564182  2 3.840  13.51870464
(13.9340551, -15.7665987, 34.9034291,  0.2099059,  0.8566303,  0.4302000,  0.1924889)    0    0  21.80342184  0 0.480  14.51386271
( 9.3693570, -14.8429361, 41.1887809,  0.2224383, -0.2131912, -0.3886771, -0.8683322)    0    0  19.21447890  0 0.800  12.56345541
(15.3099932, -10.9932567, 38.6831833, -0.6624987,  0.7434061, -0.0140712,  0.0908008)    0    0  23.33324981  2 2.360  15.56905797
(13.6224514, -15.7212010, 34.4275720,  0.2099059,  0.8566303,  0.4302000,  0.1924888)    0    0  21.60464859 18 0.000  14.45001597
( 2.6938563, -22.5492872, 35.0470810, -0.1780771, -0.9694852, -0.1640952,  0.0382052)    0    0  22.20496081 15 0.000  15.06206901
(11.2413009, -19.2387522, 37.0413112,  0.5188114, -0.1749674,  0.7325812, -0.4044082)    0    0  22.91419126  6 0.320  15.19842739
( 2.4624600, -22.6412711, 34.9681240, -0.1780858, -0.9694816, -0.1641054,  0.0382138)    0    0  22.31006755  7 0.240  14.91280170
(14.9407739, -10.7257159, 38.8720916, -0.6624987,  0.7434061, -0.0140712,  0.0908008)    0    0  23.18514552  0 0.480  15.56408028
(13.6053227, -15.5864579, 34.9480295,  0.2099059,  0.8566303,  0.4302000,  0.1924888)    0    0  21.73339036  1 0.560  14.36533756
( 2.8375679, -22.8386878, 34.7803705, -0.1780623, -0.9694884, -0.1640934,  0.0382035)    0    0  21.84495320  0 0.400  14.16578338
(13.5373337, -15.6499915, 34.9745131,  0.2099059,  0.8566303,  0.4302000,  0.1924888)    0    0  21.69203530  8 0.240  14.20561225
( 9.4357076, -15.4911690, 41.1272675,  0.2224383, -0.2131911, -0.3886771, -0.8683322)    0    0  19.92145878  0 0.480  13.26359575
(13.4753377, -15.5662734, 34.6365020,  0.2099059,  0.8566303,  0.4302000,  0.1924888)    0    0  21.96937181  4 0.560  14.72777918
(11.2753219, -19.2788250, 37.1822516,  0.5188114, -0.1749674,  0.7325812, -0.4044082)    0    0  22.94623652  0 0.400  15.34397630
(13.5983056, -15.6065954, 34.6412224,  0.2099059,  0.8566303,  0.4302000,  0.1924888)    0    0  21.90611483  4 0.480  14.77199013
(14.7736922, -10.6953707, 38.8617290, -0.6624987,  0.7434061, -0.0140712,  0.0908008)    0    0  23.07317120  8 0.320  15.43031451
(11.4016191, -19.3746800, 37.0643680,  0.5188114, -0.1749674,  0.7325812, -0.4044082)    0    0  23.11957393  8 0.480  15.22940173
(16.1809283, -16.0006905, 34.3498935, -0.1471918,  0.7907737, -0.0540173, -0.5916871)    0    0  18.89182037  1 5.000  12.69517282
( 9.4432023, -15.5569097, 41.1723281,  0.2224383, -0.2131911, -0.3886771, -0.8683322)    0    0  19.73358689  7 0.240  13.04991341
( 9.1519530, -15.3836557, 41.2192528,  0.2224383, -0.2131911, -0.3886771, -0.8683322)    0    0  20.21544070  3 0.560  13.55846350
( 2.0208317, -22.5315909, 35.0038130, -0.1780616, -0.9694885, -0.1640933,  0.0382034)    0    0  22.48782600  3 1.280  14.97593378
(13.5147753, -15.6396833, 34.9864482,  0.2099059,  0.8566303,  0.4302000,  0.1924888)    0    0  22.18159045  0 5.000  14.78772700
(16.1352904, -15.7643220, 34.7955424, -0.1471918,  0.7907737, -0.0540173, -0.5916871)    0    0  18.81895588  2 5.000  12.66878886
(13.4707698, -15.5209780, 34.8368631,  0.2099059,  0.8566303,  0.4302000,  0.1924889)    0    0  21.79244737 13 0.000  14.53086813
(14.9169862, -10.3346441, 38.6725885, -0.6624987,  0.7434061, -0.0140712,  0.0908008)    0    0  23.11157208  2 0.520  15.44864103
( 9.6239355, -15.7391893, 40.8964151,  0.2224383, -0.2131911, -0.3886772, -0.8683322)    0    0  20.05874942 11 0.000  13.48189742
(15.6672298, -11.1379012, 38.4545435, -0.6624987,  0.7434061, -0.0140712,  0.0908008)    0    0  22.78907578 10 0.240  14.79320503
( 6.0500920, -20.5662940, 38.8404145, -0.8180849, -0.1140331, -0.4436718,  0.3476909)    0    0   7.12430408  9 1.080  11.06273805
(13.4942004, -15.6852101, 35.1614570,  0.2099059,  0.8566303,  0.4302000,  0.1924888)    0    0  22.08339906  2 5.000  14.72258856
( 2.5946440, -22.7362519, 34.7424021, -0.1780616, -0.9694885, -0.1640933,  0.0382034)    0    0  22.56325514  1 5.000  15.14544240
( 2.4141818, -22.6765905, 34.8690655, -0.1780620, -0.9694884, -0.1640934,  0.0382034)    0    0  22.40987002  4 0.560  14.91876438
( 6.0350221, -20.6094250, 39.0936080, -0.8210194, -0.0837115, -0.4430686,  0.3501566)    0    0  21.17762344  6 2.280  14.38153832
( 9.2849491, -15.7698605, 41.4485401,  0.2224383, -0.2131911, -0.3886771, -0.8683322)    0    0  19.37566428 15 0.000  13.10014449
(11.3786084, -19.4106415, 37.0942865,  0.5188114, -0.1749674,  0.7325812, -0.4044081)    0    0  23.12297389  3 0.640  15.27863460
( 9.6897676, -15.5565481, 41.2356048,  0.2224383, -0.2131911, -0.3886772, -0.8683322)    0    0  20.07572906  7 0.320  13.39572345
( 9.1626358, -15.2921094, 41.1962568,  0.2224383, -0.2131911, -0.3886772, -0.8683322)    0    0  19.93338151 13 0.000  13.30985332
(15.4758455, -11.1686199, 38.5269081, -0.6624987,  0.7434061, -0.0140712,  0.0908008)    0    0  22.91511394  0 0.520  15.10459359
(11.4132711, -19.3015109, 37.2585760,  0.5188114, -0.1749674,  0.7325812, -0.4044082)    0    0  22.88791144  0 0.400  15.38908875
(13.2746756, -16.0222670, 35.3384492,  0.2099059,  0.8566303,  0.4302000,  0.1924889)    0    0  21.33239518  0 0.400  14.36782414
(13.4795929, -20.7233257, 30.4755189,  0.0381248,  0.0442184, -0.4641135, -0.8838495)    0    0  17.37494045  2 5.000  11.95376404
( 9.4076976, -15.3616981, 41.1267054,  0.2224383, -0.2131911, -0.3886771, -0.8683322)    0    0  19.97350051  4 0.400  13.25545049
(15.5863229, -11.0361618, 38.5055013, -0.6624987,  0.7434061, -0.0140711,  0.0908009)    0    0  22.97972433  5 0.320  15.31278188
(15.5217249, -10.3744424, 38.9569158, -0.6624987,  0.7434061, -0.0140711,  0.0908010)    0    0  22.99987178  1 0.480  15.42217629
( 8.9672696, -15.5378469, 41.2529869,  0.2224383, -0.2131911, -0.3886771, -0.8683322)    0    0  19.59523676  0 0.400  13.03443026
(14.8263810, -10.8515879, 38.8644679, -0.6624987,  0.7434061, -0.0140712,  0.0908008)    0    0  23.34835884  1 5.000  15.57888645
( 5.9148155, -20.4931870, 38.6908842, -0.7897645, -0.2726820, -0.4399327,  0.3292048)    0    0 -11.09017233  1 1.720 -10.06824364
(13.3305980, -11.9811219, 40.1319317, -0.6625019,  0.7434041, -0.0140693,  0.0907940)    0    0  22.73351358  2 1.960  15.33122445
(11.6176032, -19.5098975, 36.8512080,  0.5188114, -0.1749674,  0.7325812, -0.4044082)    0    0  22.94078913  0 0.400  15.18006877
( 9.6858481, -15.6017220, 41.2126973,  0.2224383, -0.2131911, -0.3886771, -0.8683322)    0    0  20.08978595  7 0.800  13.29685168
( 9.7426470, -15.7562923, 40.9209105,  0.2224383, -0.2131911, -0.3886771, -0.8683322)    0    0  20.03847741 11 0.000  13.40982189
(14.6230913, -10.3967664, 39.0342624, -0.6624987,  0.7434061, -0.0140711,  0.0908009)    0    0  22.86127725 18 0.000  15.45461566
( 2.3466753, -22.5781131, 34.6772905, -0.1780693, -0.9694864, -0.1640969,  0.0382065)    0    0  22.21004935  4 0.480  14.79694258
(13.5707093, -15.6080625, 35.0988594,  0.2099059,  0.8566303,  0.4302000,  0.1924888)    0    0  21.63605415  0 0.400  14.61571924
( 9.0386153, -15.4574955, 41.1423684,  0.2224383, -0.2131911, -0.3886771, -0.8683322)    0    0  19.79739874  0 0.400  12.97724743
(13.5709426, -11.7779967, 39.9303078, -0.6624999,  0.7434054, -0.0140705,  0.0907982)    0    0  22.82330344 24 1.640  15.18795241
( 5.8199254, -20.7221159, 38.7683476, -0.6164308, -0.6498147, -0.3746165,  0.2396171)    0    0  21.38106740  3 4.840  14.26874812
( 9.9968108, -15.4260259, 41.2375201,  0.2224383, -0.2131911, -0.3886771, -0.8683322)    0    0  20.08502977  8 0.320  13.44470046
(11.1913834, -19.1221682, 37.2679289,  0.5188114, -0.1749674,  0.7325812, -0.4044082)    0    0  22.82856121 10 0.000  15.29264150
(13.0083900, -12.2362140, 40.4186829, -0.6625035,  0.7434032, -0.0140685,  0.0907907)    0    0  22.88066887  0 2.920  15.30767628
(14.7315985, -10.7181167, 38.9279268, -0.6624987,  0.7434061, -0.0140712,  0.0908009)    0    0  22.94578322  0 0.400  15.34306947
(13.4999651, -15.6640185, 35.0940715,  0.2099059,  0.8566303,  0.4302000,  0.1924888)    0    0  21.92782495  5 0.640  14.46688865
(16.0680791, -15.7100296, 34.5424967, -0.1471918,  0.7907737, -0.0540173, -0.5916871)    0    0  18.89714872  0 5.000  12.74918371
(11.3874421, -19.8133648, 36.9251690,  0.5188114, -0.1749674,  0.7325812, -0.4044082)    0    0  22.53285397  0 0.400  14.61949865
(11.2910746, -19.2459337, 37.1736955,  0.5188114, -0.1749674,  0.7325812, -0.4044082)    0    0  23.04050603  0 0.400  15.50948817
( 1.8916390, -22.4009213, 34.8526859, -0.1780624, -0.9694883, -0.1640934,  0.0382035)    0    0  22.31314479  8 0.160  14.91319955
( 9.6485821, -15.9022463, 41.4286175,  0.2224383, -0.2131911, -0.3886771, -0.8683322)    0    0  19.87220426  0 0.400  13.16022189
( 2.5214054, -22.6419597, 34.4919900, -0.1780626, -0.9694883, -0.1640934,  0.0382035)    0    0  22.37004884  8 0.480  14.94304304
(11.1129529, -19.1968288, 37.3304343,  0.5188114, -0.1749674,  0.7325812, -0.4044081)    0    0  23.27856790  1 0.560  15.62146559
( 9.3437628, -15.8413558, 41.1978767,  0.2224383, -0.2131911, -0.3886771, -0.8683322)    0    0  19.83096644  1 0.480  13.12284201
(16.0763196, -15.7394697, 34.5030315, -0.1471918,  0.7907737, -0.0540173, -0.5916871)    0    0  18.61163975  4 5.000  12.59417123
(13.5205962, -15.7696810, 35.2789705,  0.2099059,  0.8566303,  0.4302000,  0.1924889)    0    0  21.79774531 11 0.000  14.58200119
(15.0731537, -10.9689417, 38.9199452, -0.6624987,  0.7434061, -0.0140712,  0.0908008)    0    0  23.08202140  4 0.560  15.41178277
( 9.7108843, -15.9304111, 40.9691644,  0.2224383, -0.2131911, -0.3886771, -0.8683322)    0    0  19.99571341  1 0.400  13.42820843
(13.4477506, -15.6157280, 34.8204403,  0.2099059,  0.8566303,  0.4302000,  0.1924888)    0    0  21.61477388 18 0.000  14.47129739
( 4.9145536, -21.3415169, 37.8524557, -0.3845558, -0.8738402, -0.2671795,  0.1309012)    0    0   6.70582900  0 2.120   6.33979934
( 2.4356023, -22.5681155, 35.1188867, -0.1780693, -0.9694864, -0.1640969,  0.0382065)    0    0  22.05151232  3 0.320  14.66003793
( 2.1543290, -22.5697498, 34.9238121, -0.1780616, -0.9694885, -0.1640933,  0.0382034)    0    0  22.44093047  5 1.440  14.91338259
( 6.4213869, -20.1389081, 38.8915316, -0.8137340, -0.1489895, -0.4438542,  0.3444309)    0    0  -6.22698624 10 1.080   2.33809722
( 2.4356620, -22.6761454, 34.8077094, -0.1780616, -0.9694885, -0.1640933,  0.0382034)    0    0  22.59239093  0 5.000  15.06185612
(13.6209800, -15.6675276, 34.8907300,  0.2099059,  0.8566303,  0.4302000,  0.1924889)    0    0  21.85034365  0 0.400  14.68958149
(11.3157700, -19.3148866, 37.0991391,  0.5188113, -0.1749674,  0.7325811, -0.4044083)    0    0  22.90980450  0 0.400  15.57228319
( 2.2166027, -22.5499448, 34.8065134, -0.1780616, -0.9694885, -0.1640933,  0.0382034)    0    0  22.35533390 10 2.640  14.76646297
(11.6229593, -18.8926114, 37.3440098,  0.5188114, -0.1749674,  0.7325812, -0.4044082)    0    0  23.05578044  0 0.480  15.45723963
(11.3474354, -19.2940263, 37.1238492,  0.5188114, -0.1749673,  0.7325812, -0.4044081)    0    0  23.55138621  0 5.000  15.70092852
( 9.6775523, -15.6053466, 41.2133361,  0.2224383, -0.2131911, -0.3886771, -0.8683322)    0    0  20.28196952  3 5.000  13.47509012
( 6.1054285, -20.6232904, 39.1272823, -0.8210194, -0.0837115, -0.4430688,  0.3501565)    0    0  21.33031515  3 2.920  14.25383583
(11.2502672, -18.9178910, 37.3309896,  0.5188114, -0.1749674,  0.7325812, -0.4044082)    0    0  23.26517967  3 1.200  15.45848301
(15.5952591, -10.6853429, 38.8967698, -0.6624987,  0.7434061, -0.0140712,  0.0908009)    0    0  22.67433531  0 0.400  15.05570968
(16.0768648, -22.0434049, 35.3605096,  0.9291898,  0.3665831, -0.0096801,  0.0461448)    0    0  11.86486269  0 5.000   7.90990846
