#Coordinates  RecID  LigID  Luciferin  Neighbor's number  Vision Range  Scoring
(11.3050090, -19.3462786, 36.9658905,  0.5188114, -0.1749673,  0.7325812, -0.4044081)    0    0  22.91564618  9 0.080  15.26192810
(11.2038676, -19.0215171, 36.8179930,  0.5188114, -0.1749673,  0.7325812, -0.4044081)    0    0  23.05663796 11 0.000  15.50733000
(14.7993636, -10.9120488, 38.5858457, -0.6624987,  0.7434061, -0.0140712,  0.0908008)    0    0  23.16145594  2 0.480  15.57691887
(11.5445602, -19.1379930, 36.9678164,  0.5188114, -0.1749673,  0.7325812, -0.4044081)    0    0  23.05328246  7 0.240  15.28760921
(11.3713484, -19.5716845, 37.1343700,  0.5188114, -0.1749673,  0.7325812, -0.4044081)    0    0  23.21389851  6 0.720  15.51142840
( 2.3720289, -22.6590102, 34.7885302, -0.1780623, -0.9694883, -0.1640936,  0.0382037)    0    0  22.01945033 17 0.000  14.58474456
(11.0017212, -19.4371748, 37.0011895,  0.5188114, -0.1749673,  0.7325812, -0.4044081)    0    0  22.90748348  1 0.480  15.05871059
(15.4005314, -11.1263698, 38.4550729, -0.6624987,  0.7434061, -0.0140712,  0.0908008)    0    0  22.92210378  2 0.480  15.17792489
( 1.8546819, -22.2441519, 34.9066582, -0.1780616, -0.9694885, -0.1640933,  0.0382034)    0    0  22.00171022  0 0.640  14.39988412
(13.6561395, -15.5336823, 35.6286580,  0.2099059,  0.8566303,  0.4302000,  0.1924888)    0    0  21.79642404  3 0.560  14.61045170
( 6.4822529, -20.0322628, 38.8368418, -0.8182097, -0.1128819, -0.4436587,  0.3477894)    0    0   8.75552566 10 1.000  10.88737757
( 9.1621656, -15.6530557, 41.1678585,  0.2224383, -0.2131911, -0.3886771, -0.8683322)    0    0  19.96575635  7 0.240  13.27532388
( 2.1197892, -22.6336702, 34.5861594, -0.1780630, -0.9694881, -0.1640940,  0.0382039)    0    0  21.70604361 25 0.000  14.59059347
(11.1379143, -18.7628048, 37.1140497,  0.5188114, -0.1749673,  0.7325812, -0.4044081)    0    0  23.16598294  6 0.400  15.43250133
(13.4945622, -15.5403574, 35.0662925,  0.2099059,  0.8566303,  0.4302000,  0.1924888)    0    0  21.60500116 15 0.000  14.20463172
( 9.3574194, -15.2660455, 41.2767728,  0.2224383, -0.2131911, -0.3886771, -0.8683322)    0    0  19.96727227  0 0.400  13.51194298
( 2.4050189, -22.6711052, 34.8878250, -0.1780616, -0.9694885, -0.1640933,  0.0382034)    0    0  22.33101867  0 0.400  14.98850073
( 2.7460331, -22.7811454, 34.6248322, -0.1780621, -0.9694884, -0.1640935,  0.0382036)    0    0  22.21946990 12 0.000  14.93828379
(14.8043960, -10.8372562, 38.8469134, -0.6624987,  0.7434061, -0.0140712,  0.0908008)    0    0  22.74946877 10 0.000  15.09155001
(13.6566154, -15.2382969, 35.1333793,  0.2099059,  0.8566303,  0.4302000,  0.1924888)    0    0  21.70525161  1 0.400  14.58381398
(13.3988178, -15.5637537, 35.1926099,  0.2099059,  0.8566303,  0.4302000,  0.1924888)    0    0  21.84024344 11 0.160  14.64809544
(13.6512065, -16.0518137, 34.7189833,  0.2099059,  0.8566303,  0.4302000,  0.1924888)    0    0  21.74110610  0 0.400  14.49238383
(14.6985568, -10.7817513, 38.6535031, -0.6624987,  0.7434061, -0.0140712,  0.0908008)    0    0  22.79842797  0 0.560  15.15876076
(16.0246344, -22.0753789, 35.3188316,  0.9291898,  0.3665831, -0.0096801,  0.0461448)    0    0  11.75076268  1 5.000   7.77373409
( 6.1996538, -20.3485229, 38.9658548, -0.8210192, -0.0837115, -0.4430694,  0.3501562)    0    0  21.12333273  4 1.160  14.17512455
( 2.3376576, -22.5903410, 34.7624529, -0.1780628, -0.9694882, -0.1640939,  0.0382039)    0    0  22.33298461  0 0.400  15.01151452
(10.1973822, -15.1912070, 41.1413360,  0.2224383, -0.2131911, -0.3886771, -0.8683322)    0    0  19.91415429  2 0.720  13.08104319
(15.0529819, -11.0492776, 38.7051625, -0.6624987,  0.7434061, -0.0140712,  0.0908008)    0    0  23.13721820  7 0.240  15.50552015
(15.1891574, -10.5635596, 38.5705939, -0.6624987,  0.7434061, -0.0140712,  0.0908008)    0    0  23.16392061  5 0.560  15.50230487
( 9.7318602, -15.4943537, 41.4552161,  0.2224383, -0.2131911, -0.3886771, -0.8683322)    0    0  19.81559057  0 0.400  13.24050400
(13.2940663, -20.7613631, 30.5186840,  0.0381248,  0.0442184, -0.4641135, -0.8838495)    0    0  17.61893615  1 5.000  11.95391327
( 6.6397152, -20.3404233, 39.1027564, -0.8210192, -0.0837115, -0.4430694,  0.3501562)    0    0  21.18129929  2 1.880  14.13088966
(15.2374054, -11.0972029, 38.8481915, -0.6624987,  0.7434061, -0.0140712,  0.0908008)    0    0  23.15564682  4 0.480  15.56563290
( 2.0858277, -22.8522016, 34.6945355, -0.1780626, -0.9694882, -0.1640938,  0.0382038)    0    0  21.79976297 21 0.000  14.72366643
( 9.2262019, -15.4800686, 41.2006860,  0.2224383, -0.2131911, -0.3886771, -0.8683322)    0    0  19.99953399  0 0.400  13.26364378
(13.1792571, -15.6287659, 35.4258873,  0.2099059,  0.8566303,  0.4302000,  0.1924888)    0    0  21.92787219  3 0.480  14.73525706
(11.3681164, -19.2931875, 37.1177215,  0.5188114, -0.1749673,  0.7325812, -0.4044081)    0    0  22.98679303  8 0.320  15.33700270
(11.3354836, -19.3447407, 37.6010689,  0.5188114, -0.1749673,  0.7325812, -0.4044081)    0    0  23.03631389  8 0.240  15.50563085
(11.6118962, -19.2642356, 36.8929726,  0.5188114, -0.1749673,  0.7325812, -0.4044081)    0    0  23.36253645  1 1.520  15.51611383
(13.3987623, -15.3194074, 34.9677814,  0.2099059,  0.8566303,  0.4302000,  0.1924888)    0    0  21.69978311 20 0.000  14.59459474
(10.0662696, -15.1449752, 41.2763162,  0.2224383, -0.2131911, -0.3886771, -0.8683322)    0    0  20.06417049  4 0.480  13.33499581
(13.4558335, -15.5848503, 34.8823459,  0.2099059,  0.8566303,  0.4302000,  0.1924888)    0    0  21.70395710 16 0.000  14.46915529
( 1.9925488, -22.7123136, 35.0233959, -0.1780618, -0.9694884, -0.1640934,  0.0382034)    0    0  22.24548102  0 0.560  14.78418303
(10.2554890, -15.4101466, 41.1515875,  0.2224383, -0.2131911, -0.3886771, -0.8683322)    0    0  19.92213557  0 0.400  13.40303834
(11.3410580, -19.2475545, 37.0465946,  0.5188114, -0.1749673,  0.7325812, -0.4044081)    0    0  22.91175848 22 0.000  14.96012784
(11.3418308, -19.0775306, 37.1048512,  0.5188114, -0.1749673,  0.7325812, -0.4044081)    0    0  23.16253831  9 0.480  15.39057584
( 9.0922272, -15.6177629, 41.1270128,  0.2224383, -0.2131911, -0.3886771, -0.8683322)    0    0  19.86287239 10 0.000  13.24642048
(13.9349425, -15.5897571, 35.6122935,  0.2099059,  0.8566303,  0.4302000,  0.1924888)    0    0  21.72301676 10 0.000  14.54841626
(13.8638950, -15.4892540, 35.5295504,  0.2099059,  0.8566303,  0.4302000,  0.1924888)    0    0  21.43618694 17 0.000  14.22828443
(13.4019120, -15.4003995, 35.1469673,  0.2099059,  0.8566303,  0.4302000,  0.1924888)    0    0  21.70716118 13 0.000  14.51444327
(11.4263482, -19.0679534, 37.1571730,  0.5188114, -0.1749673,  0.7325812, -0.4044081)    0    0  22.63786442 10 0.000  15.00161171
(13.3915956, -15.9817072, 34.7649479,  0.2099059,  0.8566303,  0.4302000,  0.1924888)    0    0  21.85518104  1 0.480  14.67454747
(13.5250008, -15.5142873, 34.9725624,  0.2099059,  0.8566303,  0.4302000,  0.1924888)    0    0  21.46546695  3 0.400  14.54875970
(15.1233913, -10.5950549, 38.5524093, -0.6624987,  0.7434061, -0.0140712,  0.0908008)    0    0  23.01137942  9 0.160  15.46449326
(15.2103160, -11.2787015, 38.5357512, -0.6624987,  0.7434061, -0.0140712,  0.0908008)    0    0  22.88819888  6 0.240  15.36608289
( 9.3372670, -15.4571649, 41.2168105,  0.2224383, -0.2131911, -0.3886771, -0.8683322)    0    0  20.39576496  0 5.000  13.59717679
( 9.7916052, -15.2242112, 41.1406023,  0.2224383, -0.2131911, -0.3886771, -0.8683322)    0    0  20.16465902  2 0.480  13.55515007
(15.1665887, -10.2945153, 38.5865983, -0.6624987,  0.7434061, -0.0140712,  0.0908008)    0    0  23.19361299  6 0.400  15.54314761
(13.2561955, -15.5093518, 35.2522225,  0.2099059,  0.8566303,  0.4302000,  0.1924888)    0    0  21.62318398  0 0.400  14.31315951
( 9.7682778, -15.1108586, 41.1315233,  0.2224383, -0.2131911, -0.3886771, -0.8683322)    0    0  19.89691905 11 0.000  13.36424810
(11.2360633, -19.0093123, 37.0387480,  0.5188114, -0.1749673,  0.7325812, -0.4044081)    0    0  22.95011569 15 0.000  15.25333594
( 9.5790689, -15.3731038, 41.2338673,  0.2224383, -0.2131911, -0.3886771, -0.8683322)    0    0  19.96889146  6 0.320  13.29141543
(13.4431795, -15.5664640, 35.3658014,  0.2099059,  0.8566303,  0.4302000,  0.1924888)    0    0  21.87039942  8 0.160  14.67283489
(13.7707370, -15.5378565, 35.4816862,  0.2099059,  0.8566303,  0.4302000,  0.1924888)    0    0  21.93405561  0 0.800  14.69862437
( 9.1725994, -15.3403996, 41.2914246,  0.2224383, -0.2131911, -0.3886771, -0.8683322)    0    0  20.02979150  7 0.240  13.39611545
(15.1601175, -11.0732931, 39.0434164, -0.6624987,  0.7434061, -0.0140712,  0.0908008)    0    0  23.05608750 12 0.000  15.46030550
(16.3080854, -15.9934082, 35.1690878, -0.1471918,  0.7907737, -0.0540173, -0.5916871)    0    0  18.78488360  5 5.000  12.72903476
(13.2433501, -15.4213793, 35.3057774,  0.2099059,  0.8566303,  0.4302000,  0.1924888)    0    0  21.79425023  6 0.160  14.72062443
(16.0159777, -15.6674336, 34.3479147, -0.1471918,  0.7907737, -0.0540173, -0.5916871)    0    0  19.02416748  2 5.000  12.72352043
( 2.3445817, -22.6208102, 34.3802084, -0.1780621, -0.9694883, -0.1640936,  0.0382036)    0    0  22.27774516  9 0.320  14.84075299
(11.5703176, -19.5046049, 36.9876377,  0.5188114, -0.1749673,  0.7325812, -0.4044081)    0    0  23.07215543  7 0.240  15.46810480
(13.4990014, -15.5530606, 35.1800585,  0.2099059,  0.8566303,  0.4302000,  0.1924888)    0    0  21.72676166 11 0.000  14.46990778
(11.4353617, -18.9504883, 36.8517365,  0.5188114, -0.1749673,  0.7325812, -0.4044081)    0    0  22.89483212  5 0.400  15.18690255
(11.9393501, -19.3961053, 37.1929095,  0.5188114, -0.1749673,  0.7325812, -0.4044081)    0    0  23.11457403  7 0.240  15.48813588
(13.4223786, -15.8538611, 35.0486264,  0.2099059,  0.8566303,  0.4302000,  0.1924888)    0    0  21.59742778 16 0.000  14.39938005
( 9.1043943, -15.3865252, 41.1454355,  0.2224383, -0.2131911, -0.3886771, -0.8683322)    0    0  19.83923813  0 0.400  13.23524931
(15.2934969, -10.9833439, 38.6895000, -0.6624987,  0.7434061, -0.0140712,  0.0908008)    0    0  23.24623679  5 0.560  15.67928166
( 2.7637734, -22.7106069, 34.6498787, -0.1780624, -0.9694883, -0.1640937,  0.0382037)    0    0  22.13356895  0 0.480  14.62286293
(13.0138104, -20.8183131, 30.5845168,  0.0381248,  0.0442184, -0.4641133, -0.8838491)    0    0  17.93014002  0 5.000  11.95342668
( 6.2411697, -20.4136772, 39.0250092, -0.8210193, -0.0837108, -0.4430694,  0.3501562)    0    0  21.03171016  5 4.280  13.88072571
(13.4838268, -15.6939677, 35.1438947,  0.2099059,  0.8566303,  0.4302000,  0.1924888)    0    0  21.53529581  0 0.400  14.68405114
(13.5610446, -15.5373337, 34.5929206,  0.2099059,  0.8566303,  0.4302000,  0.1924888)    0    0  22.12883586  1 5.000  14.81085752
( 9.4436355, -15.3127647, 41.1315760,  0.2224383, -0.2131911, -0.3886771, -0.8683322)    0    0  19.92586265  7 0.240  13.24237389
( 9.9494902, -15.4756720, 41.3854442,  0.2224383, -0.2131911, -0.3886771, -0.8683322)    0    0  20.03845933  4 0.480  13.42974383
(11.2658051, -19.4109020, 36.8791819,  0.5188114, -0.1749673,  0.7325812, -0.4044081)    0    0  22.95230296 14 0.000  15.33186708
(12.9419292, -20.8329146, 30.6014084,  0.0381248,  0.0442184, -0.4641135, -0.8838495)    0    0  16.91187704  3 5.000  10.91353323
( 2.3750160, -22.4686208, 34.9674678, -0.1780625, -0.9694883, -0.1640937,  0.0382037)    0    0  21.79049303  8 0.160  14.50274765
( 2.6248431, -22.4097296, 34.9933009, -0.1780624, -0.9694883, -0.1640937,  0.0382037)    0    0  22.00535970  0 0.400  14.52989730
(11.3968057, -19.2163921, 36.9155664,  0.5188114, -0.1749673,  0.7325812, -0.4044081)    0    0  22.87510201 15 0.000  15.26708199
(11.3175106, -19.0378956, 37.0378694,  0.5188114, -0.1749673,  0.7325812, -0.4044081)    0    0  22.86726906  6 0.160  15.10447547
( 9.8921469, -15.7730625, 41.1042645,  0.2224383, -0.2131911, -0.3886771, -0.8683322)    0    0  19.93947129  0 0.400  13.16575217
(15.3768271, -10.7559756, 38.5058367, -0.6624987,  0.7434061, -0.0140712,  0.0908008)    0    0  22.99504240 11 0.160  15.20856268
( 6.2655073, -20.3464862, 38.9481979, -0.8153268, -0.1371246, -0.4438568,  0.3455866)    0    0   0.92814524 11 0.760   4.46681691
( 2.5575524, -22.5923860, 34.7319178, -0.1780625, -0.9694883, -0.1640937,  0.0382037)    0    0  22.13127555  9 0.000  14.75178910
(13.5663824, -15.6849419, 35.0623917,  0.2099059,  0.8566303,  0.4302000,  0.1924888)    0    0  21.83917379 13 0.080  14.56310710
(14.9787788, -10.6201886, 38.7432421, -0.6624987,  0.7434061, -0.0140712,  0.0908008)    0    0  23.38022717  2 3.360  15.52338401
(15.2462730, -10.9164502, 38.9066759, -0.6624987,  0.7434061, -0.0140712,  0.0908008)    0    0  22.76780652  0 0.400  15.28982654
( 6.1821005, -20.2795616, 38.9119916, -0.8210192, -0.0837115, -0.4430694,  0.3501562)    0    0  21.13358291  3 3.880  13.92530788
(15.3352514, -10.9016104, 38.6393735, -0.6624987,  0.7434061, -0.0140712,  0.0908008)    0    0  22.97024744 18 3.960  14.95804127
(13.6082814, -15.7968138, 34.6056732,  0.2099059,  0.8566303,  0.4302000,  0.1924888)    0    0  21.67772965 23 0.000  14.37196043
(13.2645027, -15.8073816, 35.2010608,  0.2099059,  0.8566303,  0.4302000,  0.1924888)    0    0  21.67599162  0 0.560  14.52809312
( 9.4442044, -15.2223481, 41.2207745,  0.2224383, -0.2131911, -0.3886771, -0.8683322)    0    0  20.00842879 12 0.880  13.11793722
( 9.0587557, -15.5049983, 41.6653334,  0.2274940, -0.2145535, -0.3797958, -0.8705499)    0    0  16.16485291 14 0.000  13.05118048
(13.8829305, -15.4024020, 34.5070728,  0.2099059,  0.8566303,  0.4302000,  0.1924888)    0    0  21.80078102  2 0.480  14.57984331
(11.3518908, -19.4949914, 37.1562986,  0.5188114, -0.1749673,  0.7325812, -0.4044081)    0    0  22.92221000  0 0.480  15.18903148
( 9.2158404, -15.4182817, 40.8865830,  0.2224383, -0.2131911, -0.3886771, -0.8683322)    0    0  19.74854590 13 0.000  13.22685052
(11.2144226, -19.5338325, 37.2037055,  0.5188114, -0.1749673,  0.7325812, -0.4044081)    0    0  23.18390598  7 4.120  15.54329562
( 2.4785842, -22.5700321, 34.7226785, -0.1780638, -0.9694879, -0.1640943,  0.0382042)    0    0  22.22882624  8 0.160  14.92392967
( 9.1783806, -15.3989455, 41.2192836,  0.2224383, -0.2131911, -0.3886771, -0.8683322)    0    0  20.27617003  2 1.440  13.66548931
(14.9704529, -10.5965051, 38.7409291, -0.6624987,  0.7434061, -0.0140712,  0.0908008)    0    0  23.06282185  9 0.160  15.36699919
( 9.7867089, -15.4719546, 41.3035824,  0.3001866, -0.2322378, -0.2424074, -0.8928562)    0    0   6.06561724  0 0.400   5.67988728
(13.7942829, -15.5036994, 34.4887679,  0.2099059,  0.8566303,  0.4302000,  0.1924888)    0    0  21.54518215  0 0.400  14.36244732
( 9.2943757, -15.5701456, 40.7283813,  0.2224383, -0.2131911, -0.3886771, -0.8683322)    0    0  19.65486883  0 0.400  12.97042524
(15.3119110, -10.9912706, 38.6819905, -0.6624987,  0.7434061, -0.0140712,  0.0908008)    0    0  23.46064200  1 4.920  15.70779671
(13.4959227, -15.3441526, 34.7330564,  0.2099059,  0.8566303,  0.4302000,  0.1924888)    0    0  21.83971251  5 0.400  14.61681831
( 2.7291779, -22.8405929, 34.8048998, -0.1780632, -0.9694881, -0.1640939,  0.0382039)    0    0  22.09666312  0 0.400  14.57179470
(11.3406747, -18.9568935, 37.3470459,  0.5188114, -0.1749674,  0.7325812, -0.4044081)    0    0  22.86107498  8 0.320  15.23341572
( 2.0210186, -22.5286735, 35.3381104, -0.1780619, -0.9694884, -0.1640934,  0.0382035)    0    0  22.41916841  4 0.640  15.03956657
(14.9819671, -10.6237437, 38.7426565, -0.6624987,  0.7434061, -0.0140712,  0.0908008)    0    0  23.55311258  0 3.280  15.71254764
(13.6294421, -15.7909910, 34.9119888,  0.2099059,  0.8566303,  0.4302000,  0.1924888)    0    0  21.61508598  0 0.400  14.55785529
( 2.5692929, -22.8251372, 34.1661721, -0.1780623, -0.9694883, -0.1640936,  0.0382037)    0    0  22.27154549  4 0.480  14.97523770
(13.5821372, -15.6355365, 34.5297742,  0.2099059,  0.8566303,  0.4302000,  0.1924888)    0    0  21.88601538  6 0.400  14.61966201
( 9.2884574, -15.1035212, 41.1301476,  0.2224383, -0.2131911, -0.3886771, -0.8683322)    0    0  19.67037381 15 0.000  13.23231989
(13.5552096, -15.5502333, 34.6424672,  0.2099059,  0.8566303,  0.4302000,  0.1924888)    0    0  22.04388531  3 1.520  14.76813860
(11.2365251, -19.0445776, 37.3660280,  0.5188114, -0.1749673,  0.7325812, -0.4044081)    0    0  22.81588348  3 0.560  15.13677517
(13.4909496, -15.6533491, 35.1415687,  0.2099059,  0.8566303,  0.4302000,  0.1924888)    0    0  22.00238353  4 1.280  14.62099622
(14.9814630, -10.8481091, 38.7750441, -0.6624987,  0.7434061, -0.0140712,  0.0908008)    0    0  22.87434794 11 0.000  15.22147150
(11.0539287, -19.2368675, 37.3920784,  0.5188114, -0.1749673,  0.7325812, -0.4044081)    0    0  23.26365989  3 0.400  15.66096079
(16.0130970, -15.6721962, 34.3151373, -0.1471918,  0.7907737, -0.0540173, -0.5916871)    0    0  18.99043029  3 5.000  12.69710742
( 9.8304121, -15.7342170, 41.0271604,  0.2224383, -0.2131911, -0.3886771, -0.8683322)    0    0  19.88495287  0 0.400  13.20519743
( 9.6190083, -15.4817314, 41.3124866,  0.2224383, -0.2131911, -0.3886771, -0.8683322)    0    0  19.66120772 12 0.000  13.08619680
( 2.4360016, -22.6761411, 34.8106573, -0.1780617, -0.9694885, -0.1640933,  0.0382034)    0    0  22.47809623  1 0.880  15.06984546
(13.5147753, -15.6396833, 34.9864482,  0.2099059,  0.8566303,  0.4302000,  0.1924888)    0    0  22.18159050  0 5.000  14.78772700
(16.1352904, -15.7643220, 34.7955424, -0.1471918,  0.7907737, -0.0540173, -0.5916871)    0    0  19.04976505  1 5.000  12.66878886
(13.4681036, -15.6986736, 34.7600740,  0.2099059,  0.8566303,  0.4302000,  0.1924888)    0    0  21.00226233  7 0.400  13.12357807
(14.7985510, -10.6327905, 38.8620760, -0.6624987,  0.7434061, -0.0140712,  0.0908008)    0    0  22.88970891  0 0.400  15.42120783
( 9.2276322, -15.4418172, 41.4212014,  0.2224383, -0.2131911, -0.3886771, -0.8683322)    0    0  19.63927683  0 0.400  13.13912185
(15.6470147, -11.5240721, 38.7264874, -0.6624987,  0.7434061, -0.0140712,  0.0908008)    0    0  22.82627390  4 0.480  15.19801229
( 5.9016177, -20.6291999, 39.0957257, -0.8210167, -0.0837412, -0.4430702,  0.3501539)    0    0  21.23391427  1 1.160  14.36377134
(13.4941981, -15.6852002, 35.1614593,  0.2099059,  0.8566303,  0.4302000,  0.1924888)    0    0  22.08234976  2 5.000  14.72258856
( 2.5945438, -22.7362319, 34.7421409, -0.1780616, -0.9694885, -0.1640933,  0.0382034)    0    0  22.57038221  1 5.000  15.15246429
( 1.9857982, -22.7566562, 35.0076878, -0.1780621, -0.9694884, -0.1640936,  0.0382036)    0    0  22.02063226 11 0.080  14.32033652
( 6.2687643, -20.3457803, 38.9863271, -0.8210193, -0.0837108, -0.4430694,  0.3501562)    0    0  21.42908261  0 4.440  14.34917406
( 9.0237378, -15.1280948, 41.1635989,  0.2224383, -0.2131911, -0.3886771, -0.8683322)    0    0  19.85990086 11 0.000  13.34119762
(11.1867063, -19.3095340, 37.2642141,  0.5188114, -0.1749673,  0.7325812, -0.4044081)    0    0  23.31841070  4 2.000  15.61011545
( 9.1124452, -15.5665544, 41.5323632,  0.2224383, -0.2131911, -0.3886771, -0.8683322)    0    0  20.08118881  4 0.400  13.36053354
( 9.9304648, -15.7813897, 41.2495781,  0.2224383, -0.2131911, -0.3886771, -0.8683322)    0    0  20.19668791  4 0.880  13.52709973
(14.6658065, -10.6831542, 38.6702382, -0.6624987,  0.7434061, -0.0140712,  0.0908008)    0    0  22.54002348  0 0.480  14.79954045
(11.2393153, -19.4268748, 37.1956069,  0.5188114, -0.1749673,  0.7325812, -0.4044081)    0    0  23.31921692  1 0.720  15.67855474
(13.3580096, -15.6105491, 34.8304365,  0.2099059,  0.8566303,  0.4302000,  0.1924888)    0    0  21.71927725 12 0.000  14.46175442
(13.4795024, -20.7244761, 30.4741446,  0.0381248,  0.0442184, -0.4641135, -0.8838495)    0    0  17.32033507  2 5.000  11.95376404
( 9.5349745, -15.7382301, 40.9494741,  0.2224383, -0.2131911, -0.3886771, -0.8683322)    0    0  19.79523126  0 0.480  13.44552477
(15.5812112, -10.8576223, 38.4940455, -0.6624987,  0.7434061, -0.0140712,  0.0908008)    0    0  22.85759583  0 0.640  15.25926318
(14.8672090, -10.6667573, 38.9953417, -0.6624987,  0.7434061, -0.0140712,  0.0908008)    0    0  22.84106130 15 0.000  15.10987258
( 9.3425102, -15.4181096, 41.2007328,  0.2224383, -0.2131911, -0.3886771, -0.8683322)    0    0  19.96271069 17 0.000  13.21308944
(15.6258207, -11.3160208, 38.6177023, -0.6624987,  0.7434061, -0.0140712,  0.0908008)    0    0  23.33724233  3 5.000  15.57888645
( 6.1610347, -20.3159696, 38.9489486, -0.8208835, -0.0853009, -0.4431107,  0.3500347)    0    0  19.57179484  4 0.600  14.13685497
(15.2543489, -10.3176299, 38.5752049, -0.6624988,  0.7434061, -0.0140712,  0.0908007)    0    0  23.06746293  8 0.160  15.54804487
(11.1899879, -19.3478792, 37.2168194,  0.5188114, -0.1749673,  0.7325812, -0.4044081)    0    0  23.33076008  1 0.720  15.76354346
( 9.6915063, -15.5873407, 41.2110773,  0.2224383, -0.2131911, -0.3886771, -0.8683322)    0    0  20.30060308  1 2.880  13.48141009
( 9.2294404, -15.1227315, 41.2332189,  0.2224383, -0.2131911, -0.3886771, -0.8683322)    0    0  19.94458905  0 0.400  13.35347887
(15.1531713, -11.0225985, 38.7754157, -0.6624987,  0.7434061, -0.0140712,  0.0908008)    0    0  23.00981208 10 0.000  15.35417603
( 2.6199269, -22.7451981, 34.7407848, -0.1780617, -0.9694885, -0.1640934,  0.0382034)    0    0  22.28753970  7 0.320  15.12257055
(13.6701519, -15.6689621, 35.3481707,  0.2099059,  0.8566303,  0.4302000,  0.1924888)    0    0  21.73872519  0 0.400  14.50156053
(10.0773838, -15.2646521, 41.1895443,  0.2224383, -0.2131911, -0.3886771, -0.8683322)    0    0  20.00048591  7 0.240  13.40344023
(14.2267641, -11.2469843, 39.3979384, -0.6624989,  0.7434060, -0.0140711,  0.0908004)    0    0  22.76654182  0 1.000  15.22969570
( 6.2729568, -20.2664051, 38.9280872, -0.8207480, -0.0868427, -0.4431488,  0.3499152)    0    0  18.47750380  8 0.600  14.08901663
( 9.5219519, -15.6496643, 41.1928617,  0.2224383, -0.2131911, -0.3886771, -0.8683322)    0    0  20.20045723  1 0.800  13.53998668
(11.3683436, -19.0473274, 37.3555978,  0.5188114, -0.1749673,  0.7325812, -0.4044081)    0    0  22.83320388  1 0.720  15.19844521
(15.4625901, -10.8542275, 38.5699287, -0.6624988,  0.7434061, -0.0140712,  0.0908008)    0    0  22.84104049  0 0.400  15.40944380
(14.7956033, -10.8439253, 38.8547440, -0.6624987,  0.7434061, -0.0140712,  0.0908008)    0    0  23.31192182  4 0.720  15.63444520
(13.8582614, -15.4602110, 35.5658367,  0.2099059,  0.8566303,  0.4302000,  0.1924888)    0    0  21.69184999  0 0.400  14.45927461
(16.0680791, -15.7100296, 34.5424967, -0.1471918,  0.7907737, -0.0540173, -0.5916871)    0    0  19.12240524  0 5.000  12.74918371
(11.3425195, -19.0608533, 36.8011498,  0.5188114, -0.1749673,  0.7325812, -0.4044081)    0    0  22.70811321  0 0.480  15.07397429
(11.4677607, -18.9330243, 37.0725441,  0.5188114, -0.1749673,  0.7325812, -0.4044081)    0    0  23.01066079  2 0.480  15.23631800
( 2.3953143, -22.6561054, 34.7918644, -0.1780621, -0.9694884, -0.1640935,  0.0382036)    0    0  22.25902622 12 0.400  14.67198834
( 9.9325057, -15.3386005, 41.2545274,  0.2224383, -0.2131911, -0.3886771, -0.8683322)    0    0  20.03593941  5 0.560  13.20683703
( 2.1390864, -22.7113901, 34.7819093, -0.1780619, -0.9694884, -0.1640934,  0.0382035)    0    0  22.22244017  5 0.400  14.67034899
(11.4269231, -19.5487814, 37.2705590,  0.5188114, -0.1749673,  0.7325812, -0.4044081)    0    0  22.89211868 16 0.000  15.19069223
( 9.2616468, -15.5119656, 41.2153676,  0.2224383, -0.2131911, -0.3886771, -0.8683322)    0    0  20.09574411  5 0.480  13.38020584
(16.0573480, -15.6980012, 34.5124840, -0.1471918,  0.7907737, -0.0540173, -0.5916871)    0    0  18.90531739  4 5.000  12.51642811
(13.6539080, -15.8813240, 34.4900859,  0.2099059,  0.8566303,  0.4302000,  0.1924888)    0    0  21.70337145 10 0.560  14.55096238
(15.0343740, -10.5093999, 38.8411184, -0.6624987,  0.7434061, -0.0140712,  0.0908008)    0    0  22.88458365 12 0.000  15.20155429
( 9.8371016, -15.4369310, 41.3532458,  0.2224383, -0.2131911, -0.3886771, -0.8683322)    0    0  19.94643190  1 0.720  13.27606103
(13.3347001, -15.6610041, 34.9014917,  0.2099059,  0.8566303,  0.4302000,  0.1924888)    0    0  21.83975836  9 0.240  14.60684178
( 6.3271518, -20.3092777, 38.9728819, -0.8207057, -0.0873152, -0.4431599,  0.3498783)    0    0  18.30614774  7 0.600  14.55231644
( 2.1500061, -22.3265330, 35.1904217, -0.1780622, -0.9694883, -0.1640936,  0.0382036)    0    0  22.46172643  1 0.560  15.18103150
( 2.1543289, -22.5697498, 34.9238121, -0.1780616, -0.9694885, -0.1640933,  0.0382034)    0    0  22.47326852  3 4.000  14.87676613
( 6.1040374, -20.7069349, 39.1787027, -0.8210112, -0.0838067, -0.4430719,  0.3501490)    0    0  20.76636798  2 0.840  13.88329288
( 2.4356620, -22.6761454, 34.8077094, -0.1780616, -0.9694885, -0.1640933,  0.0382034)    0    0  22.59278180  0 5.000  15.06185612
(13.4378898, -15.4149994, 34.7837049,  0.2099059,  0.8566303,  0.4302000,  0.1924888)    0    0  21.89427168  2 0.640  14.62476906
(11.6614687, -19.5673007, 37.2365163,  0.5188114, -0.1749673,  0.7325812, -0.4044081)    0    0  22.54941419  0 0.400  14.75013618
( 2.1613900, -22.6634352, 34.8211294, -0.1780623, -0.9694883, -0.1640936,  0.0382037)    0    0  22.27416861 10 1.920  14.70342376
(11.5928778, -19.1546264, 37.0169567,  0.5188114, -0.1749673,  0.7325812, -0.4044081)    0    0  22.99295733  1 0.560  15.18797446
(11.3474354, -19.2940263, 37.1238492,  0.5188114, -0.1749673,  0.7325812, -0.4044081)    0    0  23.55139274  0 5.000  15.70092852
( 8.8058384, -15.2915830, 40.9971613,  0.2325496, -0.2159159, -0.3709145, -0.8727677)    0    0  16.46662337  3 0.560  12.71457161
( 5.7265627, -20.7331808, 38.7893364, -0.6928046, -0.5271082, -0.4065054,  0.2773664)    0    0   9.96053973  6 2.760   4.95924032
(10.7788243, -18.9258312, 37.0371741,  0.5188114, -0.1749673,  0.7325812, -0.4044081)    0    0  23.11507043  0 0.800  15.43246073
(14.9108390, -10.5845235, 38.8555518, -0.6624987,  0.7434061, -0.0140712,  0.0908008)    0    0  23.17279582  7 0.480  15.49364706
(16.0768648, -22.0434049, 35.3605096,  0.9291898,  0.3665831, -0.0096801,  0.0461448)    0    0  11.86486269  0 5.000   7.90990846
