#Coordinates  RecID  LigID  Luciferin  Neighbor's number  Vision Range  Scoring
(13.9974997, -19.9395302, 40.0421712,  0.5003119, -0.1536411,  0.7514826, -0.4016918)    0    0  15.93829433  7 3.400  10.95362216
(12.2484664, -19.2380961, 39.3411493,  0.5134451, -0.1720355,  0.7351844, -0.4076971)    0    0  18.26946743  4 5.000  12.83309200
(15.9019834, -13.9022736, 39.9408861, -0.6633866,  0.7424663, -0.0102160,  0.0924575)    0    0  14.77820871  6 3.240  11.00978679
( 9.0916594, -19.6978374, 40.4253672,  0.4931119, -0.2580167,  0.6915849, -0.4604111)    0    0  10.10626045 10 2.440  10.02836513
( 8.3643901, -20.0148452, 43.8231481,  0.6198301, -0.4196959,  0.5697342, -0.3392182)    0    0  12.40871890  4 4.600   9.14977878
( 3.6762053, -21.9793966, 35.0396615, -0.6051095, -0.6641558, -0.3703414,  0.2357686)    0    0  18.12787179  2 5.000  12.40436036
(11.4152114, -19.3836397, 38.7416567,  0.5193674, -0.1743639,  0.7327181, -0.4034196)    0    0  20.04849551  0 5.000  14.09562704
(15.0367611, -14.7009025, 41.8733376, -0.6041164,  0.7598290, -0.0137338,  0.2398220)    0    0   7.74265658  5 2.120  10.19029570
( 2.3318022, -20.3027012, 36.0528249, -0.1720490, -0.9714682, -0.1591996,  0.0361134)    0    0  10.15782217  3 2.840  11.92742000
(12.1750298, -15.6059477, 35.3243901,  0.2108544,  0.8563618,  0.4304554,  0.1920752)    0    0  18.74593530  4 5.000  12.40269006
( 5.2876305, -23.3189376, 40.6275456,  0.6385478, -0.5242049,  0.5221604, -0.2116862)    0    0  14.71560265  8 2.120  10.04743287
( 3.2875145, -12.5893266, 41.6947041,  0.2016078, -0.1139172, -0.5007276, -0.8340549)    0    0   4.90396869  3 3.720   5.35296454
( 3.9504438, -21.9415065, 37.1325077, -0.7483535, -0.4164643, -0.4188670,  0.3017861)    0    0   5.61108792 10 3.400  -1.89010751
(13.5092614, -20.3482400, 38.7600056,  0.5119461, -0.1599051,  0.7457955, -0.3951337)    0    0  16.70791743  9 3.800  11.39668965
(12.2383301, -15.8041913, 35.1679935,  0.2102616,  0.8562417,  0.4298535,  0.1943288)    0    0  17.02496383 11 1.000  12.25522486
( 3.3451440, -12.1558603, 41.7104941,  0.1995377, -0.1146384, -0.5036208, -0.8327011)    0    0   3.67284857  8 1.480   4.69373968
( 4.3211951, -21.4504400, 38.3168165, -0.8226343, -0.0846104, -0.4404007,  0.3494935)    0    0  18.10820762  3 5.000  12.48885890
( 3.9980974, -21.8744887, 37.4274349, -0.8138428, -0.1646467, -0.4400325,  0.3419397)    0    0   5.01684035  6 3.400   9.69340889
(12.1618037, -12.4202392, 43.1412972, -0.6122560,  0.7760918, -0.1048296,  0.1087883)    0    0  16.47107541  2 5.000  11.75199303
(12.3679073, -15.3845331, 35.6633818,  0.2102245,  0.8579849,  0.4288325,  0.1891246)    0    0  18.18552209  7 3.640  12.69361305
(12.9835167, -13.5995891, 35.5759876,  0.2181607,  0.8631436,  0.4198517,  0.1763901)    0    0   2.40200596 10 2.440   8.67246306
(11.9484696, -15.6344037, 35.4631325,  0.2102969,  0.8589781,  0.4278708,  0.1864584)    0    0  18.81086026  2 3.560  13.20628005
(15.6643162, -14.8764668, 40.2236976, -0.3564784,  0.5056501,  0.3354214,  0.7104461)    0    0  -5.11927603  7 2.040   4.62513483
(16.0246344, -22.0753789, 35.3188316,  0.9292367,  0.3664624, -0.0094424,  0.0462073)    0    0  11.70799014  1 5.000   7.77053978
( 3.5649338, -22.0479665, 34.8338867, -0.1454440, -0.9779535, -0.1477148,  0.0251448)    0    0  17.19707129  1 3.800  11.65581304
( 3.7893170, -23.1786296, 40.5171475,  0.6394612, -0.5243755,  0.5200931, -0.2135950)    0    0  16.01552726  1 5.000  11.07171333
( 8.4994544, -14.1017182, 43.3055648,  0.2226892, -0.2104989, -0.3893813, -0.8685965)    0    0  15.55689955  9 1.960  11.08581269
(14.8957338, -15.8894235, 41.0113379, -0.3355232,  0.4898255,  0.3445980,  0.7270440)    0    0   7.52136969  4 2.600   6.93711330
( 9.6477935, -12.8288354, 44.9886822, -0.5317350,  0.8038669, -0.2584409,  0.0653009)    0    0  15.03725461  3 5.000  10.38360222
( 5.5936059, -15.3633985, 38.1393016, -0.1256505, -0.8769008, -0.3272274, -0.3289060)    0    0 -16.15835249  2 3.320 -12.31804800
(13.4564884, -20.6881950, 30.5293468,  0.0377080,  0.0439801, -0.4640652, -0.8839045)    0    0  15.02797147  1 5.000  10.17532547
( 4.2569780, -21.6774128, 38.2413771, -0.8233793, -0.0957968, -0.4380827,  0.3476464)    0    0  15.39755748  3 3.720  13.36788640
(15.3025201, -12.9309942, 40.2092028, -0.6570201,  0.7474882, -0.0251917,  0.0934235)    0    0  17.49223137  3 5.000  12.44466045
( 1.6810570, -17.7523331, 37.0761487, -0.2255938, -0.9480635, -0.0242554,  0.2229233)    0    0 -16.14220433  9 3.480 -13.31673576
( 3.2342208, -12.7157021, 41.7139845,  0.2003132, -0.1144060, -0.5029668, -0.8329466)    0    0   4.97665492  2 2.280   4.87788744
(12.3084229, -15.4323549, 35.2654857,  0.2108269,  0.8566355,  0.4302075,  0.1914366)    0    0  18.62517769  5 5.000  12.24276941
( 7.9315068, -20.1101300, 41.1910765,  0.5221027, -0.4608494,  0.5616792, -0.4467025)    0    0   6.73447226 12 3.080   5.99828234
(11.7058922, -20.4884257, 36.8246761,  0.5179816, -0.1754601,  0.7444375, -0.3830426)    0    0  17.36619404  6 4.600  12.15343322
( 8.8555557, -22.8853178, 33.8571958,  0.5333618, -0.4566333,  0.6775599, -0.2189149)    0    0  11.13538249  3 4.760   8.26277875
(12.4886677, -14.8990010, 34.9497671,  0.2199756,  0.8570418,  0.4240607,  0.1927165)    0    0   7.50207953 16 0.840  11.95362791
( 8.6272328, -14.5507513, 43.3597704,  0.2218133, -0.2062416, -0.3890911, -0.8699484)    0    0  16.02902117  7 1.160  11.71084366
( 8.9837197, -13.0685558, 34.4890987,  0.1888316,  0.8389445,  0.4298772,  0.2751732)    0    0 -33.82989371 16 3.720 -18.51925321
( 6.0582847, -21.8389186, 32.4270941,  0.9663230,  0.1633502,  0.1664152, -0.1086348)    0    0   8.37843709  2 5.000   8.90941209
( 8.4698624, -13.8902729, 43.3132425,  0.2217217, -0.2065875, -0.3895296, -0.8696958)    0    0  15.21918626 11 2.840  11.10044559
( 8.8796792, -20.0152444, 42.9022061,  0.5463671, -0.2427048,  0.6970493, -0.3958531)    0    0  12.90172538  9 4.440   8.15262674
(11.2490897, -19.3456761, 39.3300421,  0.5146566, -0.1864426,  0.7258459, -0.4165518)    0    0  17.04007833  7 2.840  12.67516842
( 8.5787631, -14.2298891, 43.4017983,  0.2216392, -0.1950726, -0.3899163, -0.8722316)    0    0  14.89160941 13 0.840  10.79080266
( 9.2332630, -16.3960771, 33.9425518,  0.1955232,  0.8438079,  0.4380022,  0.2406511)    0    0 -14.13478925 15 3.240   2.57753460
(12.3997629, -15.1831784, 34.9550965,  0.2131153,  0.8537662,  0.4302184,  0.2013290)    0    0  13.16156120 15 0.840  12.46483147
(12.4703796, -15.2882516, 35.8071362,  0.2101474,  0.8578931,  0.4284758,  0.1904206)    0    0  16.39184672 13 0.680  12.96515898
(11.4077494, -19.3787062, 38.8042688,  0.5176489, -0.1758356,  0.7321616, -0.4062602)    0    0  18.87452790  3 4.280  13.75661767
( 7.9808962, -12.0304787, 33.0806274,  0.5040760, -0.0339836,  0.0348439, -0.8622365)    0    0 -54.49090499  5 2.840 -29.69778990
( 8.7165456, -12.4229772, 33.9701931, -0.0291436,  0.7281414,  0.3673813,  0.5779202)    0    0 -55.24662144  7 4.200 -53.46962873
(14.8399791, -14.8911093, 41.0783605, -0.5893379,  0.7267856,  0.0852726,  0.3423335)    0    0  -1.88166713  6 1.720   1.17020725
(14.9791372, -14.4402801, 40.9647410, -0.6268332,  0.7528528,  0.0014708,  0.2007252)    0    0   5.44069085  9 2.360   9.45473326
( 8.5913724, -13.8294441, 42.4334107,  0.2201018, -0.1961443, -0.3907987, -0.8719857)    0    0  14.81456391 13 1.080  11.32517153
( 3.4711829, -12.2325513, 41.6726569,  0.1959502, -0.1238431, -0.5058602, -0.8308437)    0    0   3.58149378  9 3.320   3.16299005
(14.7151911, -16.0040666, 40.9630150, -0.4547681,  0.5966668,  0.2700010,  0.6035513)    0    0  -2.17614386 23 2.280 -13.69770681
(12.2015104, -15.5395301, 35.4764224,  0.2102843,  0.8574573,  0.4293276,  0.1903089)    0    0  18.80642456  3 4.280  12.86331470
( 8.5795098, -14.7168574, 43.6984405,  0.2223699, -0.2144477, -0.3883983, -0.8681648)    0    0  17.28232801  2 5.000  11.91356315
( 9.9752860, -22.5927505, 34.2953269,  0.5319406, -0.2858107,  0.7380573, -0.3010363)    0    0  11.60598935  2 4.920   6.35631623
( 4.0317412, -11.6173916, 41.6090397,  0.1960898, -0.1371202, -0.4951931, -0.8350455)    0    0   2.96791290 10 2.680   2.46224716
(12.1039020, -15.5301777, 35.4368585,  0.2092637,  0.8558291,  0.4310134,  0.1948700)    0    0  19.16816876  0 4.920  13.17093253
( 7.6138631, -12.3705958, 32.6563925,  0.3905854, -0.2113743, -0.1122659, -0.8889096)    0    0 -78.93769809 14 1.800 -59.11409594
( 7.4515544, -11.3091074, 42.9001476,  0.2096494, -0.1748964, -0.4047672, -0.8727095)    0    0   6.08738381  6 2.920   5.30601307
(15.0530257, -12.8695645, 40.4633405, -0.6506815,  0.7519605, -0.0339171,  0.1000931)    0    0  16.80875786  4 4.280  12.32103114
(16.2726789, -18.7563414, 33.2452242, -0.0289815,  0.8534296, -0.1603997, -0.4950657)    0    0 -21.48373351  4 5.000  -9.52490868
( 8.2470832, -11.5798116, 33.7249560,  0.3943233, -0.2766177, -0.1073531, -0.8697512)    0    0 -55.46403406  8 4.280 -54.08354684
(16.0638491, -18.8706571, 32.8145472,  0.0271094,  0.8716517, -0.2083225, -0.4428206)    0    0 -29.77314863  5 5.000 -12.01170931
( 5.8349015, -22.0542328, 32.9111410,  0.9663839,  0.1673605,  0.1655308, -0.1024782)    0    0   5.32644209  3 5.000   8.55522877
(10.9034427, -19.4318114, 39.6960628,  0.5046356, -0.1970933,  0.7195691, -0.4344161)    0    0  15.27576264  8 2.280  11.59797176
(12.0769050, -15.2017286, 35.6328713,  0.2100673,  0.8560295,  0.4307991,  0.1936364)    0    0  19.10711038  1 5.000  12.78748986
(10.6185701, -19.4178047, 40.0491531,  0.4987604, -0.2143380,  0.7100306, -0.4485018)    0    0  13.37407625  8 2.120  10.58843558
(10.0734636, -19.5245371, 40.2069112,  0.4903270, -0.2393973,  0.6949496, -0.4683092)    0    0  12.80747934  8 1.880  10.51906251
( 8.3674037, -12.0877216, 33.9497617, -0.2267702,  0.5262153,  0.2531115,  0.7794916)    0    0 -42.27273107  1 1.960 -22.77221440
( 4.3483377, -10.7938686, 41.0225878,  0.1985792, -0.1387360, -0.4898522, -0.8374744)    0    0  -6.96511149  6 2.040  -0.96523317
(15.1897205, -14.4341374, 41.3213528, -0.6364335,  0.7546361, -0.0180701,  0.1585884)    0    0  10.14397836  4 2.520   9.87957644
( 1.9358568, -17.3291825, 36.5034609, -0.1994011, -0.9691616, -0.1406699,  0.0343068)    0    0  -9.87856184  4 3.080  -1.49719132
(13.9664379, -20.5383035, 30.4657929,  0.0405896,  0.0456478, -0.4643771, -0.8835238)    0    0  14.25070859  3 5.000  11.01091459
( 3.3408048, -23.3463304, 40.7597017,  0.6388775, -0.5243785,  0.5209032, -0.2133561)    0    0  15.78256925  3 1.960  10.97417852
(11.5877781, -15.9142380, 35.5947336,  0.2099475,  0.8579600,  0.4290660,  0.1889891)    0    0  12.95001151 14 0.920  10.30557289
( 9.4586036, -16.9373335, 33.8511630,  0.1968887,  0.8558246,  0.4250115,  0.2194638)    0    0  -0.47918911 12 3.320   4.83347489
( 8.5821570, -14.2500938, 43.1343551,  0.2196678, -0.2170125, -0.3892400, -0.8678285)    0    0  15.59595733  7 1.000  11.70331766
( 4.2674242, -10.4585796, 40.6075138,  0.1854206, -0.1403713, -0.5073846, -0.8296849)    0    0  -9.54426564  6 2.280  -2.35503009
( 8.6307492, -19.7970547, 40.5402727,  0.4654770, -0.3323422,  0.6495470, -0.5009676)    0    0   4.03893689 12 2.440   7.79842803
(13.8938339, -20.5598719, 30.4744848,  0.0399124,  0.0453032, -0.4642407, -0.8836435)    0    0  14.55986922  2 5.000  11.04070039
( 3.9238203, -23.6536840, 41.0673807,  0.6400853, -0.5239752,  0.5199306, -0.2130985)    0    0  15.75151220  5 3.400  10.87652497
( 5.4472641, -20.8477326, 41.3222728, -0.6260865, -0.6412594, -0.4426282, -0.0297041)    0    0  12.36784400  3 5.000   8.64602377
( 8.3891664, -22.8284536, 33.7150219, -0.5246510,  0.4645925, -0.6780279,  0.2217505)    0    0  10.16776813  6 4.920   5.00266113
(11.1631458, -19.2189765, 40.2476821,  0.5085857, -0.1910038,  0.7224342, -0.4277229)    0    0  17.08072591  6 3.880  12.49493219
( 3.4017530, -12.4361982, 41.6177918,  0.1990197, -0.1150810, -0.5042945, -0.8323607)    0    0   4.33939336  5 2.280   4.32966382
(16.3977462, -13.1148428, 38.7272087, -0.6632515,  0.7428318, -0.0124476,  0.0902404)    0    0  18.36443077  1 5.000  12.53753248
( 6.3668124, -22.9668303, 40.5392735,  0.6412416, -0.5234946,  0.5199112, -0.2108330)    0    0  14.48231225 11 3.080   9.61928079
( 2.4085848, -17.7508414, 36.7323105, -0.1503125, -0.9546362, -0.2287001, -0.1173550)    0    0 -10.83827303  7 3.560  -3.23491846
( 7.0075909, -12.8013601, 32.1037717, -0.3675513,  0.2727468,  0.1334843,  0.8790319)    0    0 -70.52375328 12 2.760 -44.69870830
(14.9529898, -15.8428793, 41.2937837, -0.3401626,  0.4831288,  0.3452370,  0.7291136)    0    0  10.00583346  3 1.800   8.20202963
(15.6523546, -13.4939211, 40.1012133, -0.6507893,  0.7488560, -0.0136005,  0.1245111)    0    0   9.78296626  9 1.560  10.10422607
( 3.3547207, -23.3335814, 40.7439302,  0.6393519, -0.5243027,  0.5203136, -0.2135633)    0    0  15.85279891  2 5.000  10.69708565
(14.9591476, -13.3973230, 40.8935100, -0.6105688,  0.7599644, -0.0165757,  0.2222274)    0    0   4.25158713  9 1.880   9.40697872
( 7.9035423, -12.7011171, 33.1413888, -0.1304195,  0.5912188,  0.3265834,  0.7258060)    0    0 -78.36689774 13 1.800 -58.80273812
( 8.7475505, -11.7275031, 33.0823410,  0.4617977, -0.1036699, -0.0258950, -0.8805253)    0    0 -69.74782494 11 3.080 -48.35585041
( 4.1801459, -10.5913017, 40.8625816,  0.1915031, -0.1324824, -0.5066727, -0.8300937)    0    0  -8.62174189  7 2.040  -0.86641411
( 4.5423960, -10.0302361, 40.2946265,  0.1816013, -0.1462647, -0.5065076, -0.8301070)    0    0 -14.04341067  6 2.760  -3.77058802
( 8.4841575, -11.8441138, 33.0242607,  0.4924382, -0.0371278,  0.0193265, -0.8693384)    0    0 -51.27361565  3 2.600 -28.55948030
( 8.8144281, -19.6385190, 43.4444531,  0.5688220, -0.3044665,  0.6513795, -0.3993075)    0    0  11.88252466 10 4.280   8.13769435
( 4.7519308, -9.8221308, 39.9978610,  0.1758112, -0.1604257, -0.4889645, -0.8392066)    0    0 -20.20236671  5 2.520  -6.50291049
( 8.5055628, -22.8089316, 34.2311530,  0.5237514, -0.2942308,  0.7392988, -0.3042202)    0    0  11.10109460  4 5.000   4.49574333
( 4.3122203, -21.4884215, 38.3014653, -0.8211501, -0.0833809, -0.4427056,  0.3503873)    0    0  18.33759351  1 5.000  12.31384038
( 3.2847338, -12.7595998, 41.8345692,  0.1931407, -0.1383105, -0.5064537, -0.8288978)    0    0  -0.90779788 11 2.680   2.09658996
(12.1269267, -13.2726532, 43.6205456, -0.5076983,  0.8093549, -0.2684728,  0.1229207)    0    0  12.93098092  8 3.720  10.20197344
( 3.9414925, -12.1154927, 41.6569354,  0.2011368, -0.1271398, -0.4918388, -0.8375405)    0    0   3.92824426  7 2.760   4.09373639
(11.8406258, -15.9939850, 35.2812989,  0.2104211,  0.8560269,  0.4303957,  0.1941172)    0    0  16.64221320 12 0.520  13.11533294
( 3.9998667, -11.0285220, 41.0373923,  0.1943408, -0.1224230, -0.5059857, -0.8313131)    0    0  -3.06506115  9 2.040   0.52050677
(16.1446683, -13.1072525, 39.1574458, -0.6634661,  0.7426479, -0.0122472,  0.0902042)    0    0  18.52048105  0 5.000  12.55912002
(12.2457001, -15.4629254, 35.3330404,  0.2086716,  0.8590386,  0.4271122,  0.1895505)    0    0  16.13202769 12 0.280  12.40427791
( 5.9303756, -21.9684685, 32.7119850,  0.9661752,  0.1599512,  0.1670988, -0.1140132)    0    0  13.78627860  0 5.000   9.21612427
(13.0730207, -19.7156714, 39.9364322,  0.5148880, -0.1733190,  0.7340932, -0.4073324)    0    0  15.59360342 12 3.800  10.73242865
( 2.1297748, -20.0114901, 35.8196961, -0.1585592, -0.9752686, -0.1502469,  0.0306655)    0    0   6.35277137  5 4.040   9.39765937
(11.7776516, -12.3636530, 43.4840719, -0.5539485,  0.8001890, -0.2074099,  0.0990949)    0    0  15.15982393  1 3.480  11.22740746
(10.8107272, -16.3186679, 34.6872605,  0.2059081,  0.8529482,  0.4316156,  0.2092589)    0    0   8.61525794 12 1.800   9.02209457
( 1.4998873, -17.6304821, 36.5518831, -0.1852066, -0.9721344, -0.1419928,  0.0221644)    0    0  -6.58688524  5 3.880  -0.44054183
(12.3338605, -15.3127729, 35.3326791,  0.2088895,  0.8560971,  0.4305629,  0.1949283)    0    0  17.88668335  9 0.920  12.40538725
( 3.6248456, -12.6102680, 41.8411294,  0.2002144, -0.1317150, -0.4603274, -0.8547889)    0    0   5.99133321  1 5.000   4.36258555
( 8.0599094, -11.7074394, 34.1328121,  0.3729038, -0.2822629, -0.1337121, -0.8737228)    0    0 -63.48105736  7 1.480 -45.29062748
( 9.1122315, -22.7963897, 34.0748454,  0.5267940, -0.3904818,  0.7028600, -0.2756808)    0    0  12.51438002  1 4.200   9.83701161
( 8.5991885, -12.1468715, 33.6200399, -0.3196667,  0.3828237,  0.1843392,  0.8469228)    0    0 -68.89150953 10 2.280 -54.37795914
(15.0331351, -15.7718092, 41.3567260, -0.3452602,  0.4831389,  0.3446111,  0.7269915)    0    0   3.40506270  5 0.760   7.71500876
(13.5756590, -19.8995093, 40.3338182,  0.5080432, -0.1681430,  0.7384211, -0.4101078)    0    0  15.08815265 13 2.840   9.96728589
(16.2700899, -18.7583211, 33.2371852, -0.0819319,  0.8294445, -0.1136028, -0.5407434)    0    0  -7.70979102  3 5.000   9.13276338
( 3.8464623, -12.2544552, 41.7550111,  0.1995344, -0.1322948, -0.4608527, -0.8545753)    0    0   5.80589111  2 4.680   4.08059818
( 8.5910720, -13.9110713, 42.7285276,  0.2116315, -0.2218822, -0.3972216, -0.8649829)    0    0  14.10790845 15 0.520  11.75720363
( 2.0378125, -18.9735110, 36.2895449, -0.1675823, -0.9741811, -0.1481135,  0.0297576)    0    0   3.16144418  5 3.880   4.96194356
(11.9999032, -15.3404431, 35.6352500,  0.2098939,  0.8572481,  0.4297085,  0.1907880)    0    0  18.50525552  6 4.280  12.94789449
(16.4892633, -18.6406108, 33.6781392, -0.1041370,  0.8175052, -0.0935917, -0.5586424)    0    0   0.13938201  1 5.000  10.70513055
( 8.2867230, -11.6759725, 33.6476919,  0.4590009, -0.1085194, -0.0333357, -0.8811529)    0    0 -68.47537428  9 3.800 -52.13200381
(15.0768230, -13.8571727, 41.0604325, -0.6366145,  0.7587084, -0.0410557,  0.1319011)    0    0  12.39944073  7 2.760  10.09130046
( 8.5845706, -14.3641901, 43.2662756,  0.2215099, -0.2098208, -0.3889232, -0.8692608)    0    0  16.81629332  4 4.120  11.54170868
(16.1279016, -13.1071302, 39.1866417, -0.6616105,  0.7436226, -0.0099848,  0.0956991)    0    0  14.18972078  7 2.680  12.08594463
( 3.9424853, -22.9008423, 40.0212306, -0.7749311,  0.2320275, -0.5070984,  0.2974832)    0    0  16.05922022  3 5.000  11.11075841
(12.1029842, -15.6750404, 35.3920139,  0.2099462,  0.8583023,  0.4284869,  0.1887703)    0    0  17.85138995 10 0.920  13.11927370
( 2.0793645, -18.6567035, 36.0888302, -0.1794330, -0.9724514, -0.1445489,  0.0353220)    0    0  -1.00412644  4 3.320   4.71539091
( 2.4847109, -20.5042166, 35.5282372, -0.1465011, -0.9778266, -0.1474777,  0.0253227)    0    0  12.88425001  2 5.000  11.42388973
( 4.0807006, -23.4106847, 40.6578553,  0.6412303, -0.5237254,  0.5189243, -0.2127273)    0    0  15.49778533  7 3.800  10.44249664
( 8.7373044, -13.7085203, 41.9705678,  0.2135089, -0.1979249, -0.3949632, -0.8713459)    0    0  13.85826095  9 1.640  11.65180842
( 6.7566213, -20.3225472, 40.9892346,  0.1345040,  0.8758815,  0.2350648,  0.3993125)    0    0  14.13697227  0 4.920   9.80987011
( 8.5856951, -14.2331889, 43.1326892,  0.2213353, -0.1968734, -0.3903152, -0.8717256)    0    0  16.21756528  6 2.120  11.61609208
( 3.2506221, -12.7053433, 41.7048483,  0.2007456, -0.1134755, -0.5023467, -0.8333476)    0    0   4.19659312  6 1.560   5.05969563
(10.2598362, -12.5337068, 44.6020293, -0.5456105,  0.7999813, -0.2332337,  0.0891134)    0    0  14.89673377  5 5.000   9.87344208
(11.1786082, -19.2599557, 39.5824932,  0.5152377, -0.1787596,  0.7298868, -0.4120974)    0    0  18.94157874  2 5.000  13.15640227
( 8.5832276, -12.0995391, 33.5222777, -0.2148419,  0.5246910,  0.2642159,  0.7802130)    0    0 -45.85207772  2 3.640 -26.00652934
(13.4782262, -20.6818055, 30.5266377,  0.0373030,  0.0437418, -0.4640241, -0.8839552)    0    0  16.14096958  0 5.000  10.76091795
( 8.5855719, -14.4132778, 43.3206133,  0.2224913, -0.2150330, -0.3883779, -0.8679500)    0    0  17.71472907  0 5.000  11.89146367
(16.1440244, -13.0476539, 39.1288621, -0.6573916,  0.7465514, -0.0203024,  0.1004248)    0    0  16.68530282  5 3.800  12.88419170
(14.8914902, -15.8937366, 41.1874205, -0.3460594,  0.4805030,  0.3459551,  0.7277481)    0    0   5.26196965  5 1.000   7.11358915
( 8.5858964, -14.4063759, 43.3119479,  0.2209083, -0.2104731, -0.3889508, -0.8692546)    0    0  16.30229217  5 2.520  11.48862341
(10.2047557, -12.5932285, 44.6080526, -0.5452795,  0.8001562, -0.2334394,  0.0890301)    0    0  15.02926378  4 5.000   9.96494242
( 4.6508010, -23.3387366, 40.5104987,  0.6399215, -0.5250788,  0.5188953, -0.2133924)    0    0  14.51850658  8 0.840  10.22553305
(14.9897063, -14.9713999, 41.0738697, -0.5774326,  0.7131536,  0.1131723,  0.3810191)    0    0   0.40580166 21 2.600 -11.47178905
(13.4582686, -19.8399303, 40.1798899,  0.5107324, -0.1668863,  0.7390137, -0.4063989)    0    0  15.62713278 11 3.080  10.62192850
( 8.8038130, -13.8074969, 43.2309298,  0.2228418, -0.1995147, -0.3888071, -0.8714130)    0    0  15.55355100 10 3.640  10.95299348
( 8.3236561, -13.2736727, 43.3577418,  0.2235178, -0.1529783, -0.3964175, -0.8772062)    0    0  13.48666009 12 0.920  10.31374971
(16.0146638, -13.0454319, 39.2765898, -0.6652043,  0.7413659, -0.0095593,  0.0881307)    0    0  18.24053318  2 5.000  12.28058343
( 3.5755923, -22.0073587, 34.9561345, -0.2589664, -0.9416612, -0.2016621,  0.0744508)    0    0   3.12767124  9 3.240   3.80323746
(11.9010608, -15.4383611, 35.7274120,  0.2099900,  0.8558138,  0.4309809,  0.1942718)    0    0  17.91525921  8 2.200  13.07799080
( 8.6888436, -13.5533687, 42.5738366,  0.2178280, -0.1965541, -0.3937051, -0.8711565)    0    0  15.03994447 10 0.520  11.92433558
(15.0618668, -15.7112004, 41.2436678, -0.3437737,  0.4781858,  0.3461409,  0.7302953)    0    0  11.88410040  2 2.600  10.11289005
( 3.9429344, -23.0400443, 40.3572670,  0.6399810, -0.5242439,  0.5196239, -0.2135008)    0    0  15.77602935  4 4.200  10.88412202
( 5.4397916, -15.1432693, 38.5869424,  0.0717716, -0.5448609, -0.4768521, -0.6859938)    0    0 -16.49442038 16 2.520  -8.63901749
( 8.2737164, -22.6005136, 34.0676546,  0.5239949, -0.2937794,  0.7393912, -0.3040127)    0    0  10.60943778  5 5.000   3.82813392
(15.0020143, -15.7993844, 41.3372882, -0.3429410,  0.4753233,  0.3467308,  0.7322630)    0    0  12.66496067  0 3.160  10.13289105
( 9.9959416, -12.8160557, 44.6313823, -0.5499485,  0.8002674, -0.2202645,  0.0928026)    0    0  15.11040843  2 4.520  10.18347900
(12.8359764, -13.5746830, 35.6015000,  0.2126268,  0.8585910,  0.4280150,  0.1854336)    0    0   8.94555871 12 2.280   8.06916065
(16.4259863, -18.4926738, 33.6300535, -0.1095784,  0.8143918, -0.0886000, -0.5629463)    0    0  -1.11630072  2 5.000  10.13602341
( 8.3993688, -20.0583945, 43.7618346,  0.6676497, -0.4426193,  0.5366019, -0.2653119)    0    0  12.11813483  5 4.520   9.51660287
(11.3057841, -19.3262196, 39.1294851,  0.5175050, -0.1752350,  0.7322271, -0.4065837)    0    0  19.50167221  1 5.000  13.49138140
( 5.6606225, -22.0038274, 33.0405330,  0.9662155,  0.1606450,  0.1669744, -0.1128648)    0    0  12.70580464  1 5.000   9.31988678
( 8.5851551, -14.4007784, 43.3048834,  0.2224465, -0.2151785, -0.3883196, -0.8679998)    0    0  17.07538576  3 5.000  11.28293268
( 1.8321338, -17.3021867, 36.3858374, -0.2243057, -0.9638117, -0.1306976,  0.0605973)    0    0 -11.69984995  6 3.160  -3.53533115
(13.0908382, -19.5357078, 40.1381655,  0.5100168, -0.1712928,  0.7355529, -0.4114761)    0    0  15.86756191 10 3.320  11.18167988
( 8.5951339, -14.7045316, 43.6817515,  0.2224724, -0.2144665, -0.3884380, -0.8681162)    0    0  17.32402700  1 5.000  11.94296185
(16.9468446, -18.3960563, 34.5930011, -0.1480076,  0.7902223, -0.0532579, -0.5922889)    0    0  13.72361543  0 5.000   9.14928959
(12.7021340, -14.3634722, 35.3059484,  0.2174438,  0.8619758,  0.4206015,  0.1811360)    0    0   8.16789453 13 1.480  10.74928831
(14.7397042, -16.0163788, 41.3568309, -0.3412915,  0.4772345,  0.3464207,  0.7319518)    0    0  12.23290488  1 2.440  10.09846444
( 8.3684754, -13.6763719, 43.2534324,  0.2233633, -0.1864162, -0.3921747, -0.8726722)    0    0  14.17438879 11 0.680  10.49165487
(10.1839296, -16.1055675, 34.2494596,  0.2000388,  0.8509189,  0.4301059,  0.2256776)    0    0  -1.48144604 14 2.360   5.59794687
( 3.7587923, -23.3600734, 40.6941944,  0.6406751, -0.5239605,  0.5191170, -0.2133498)    0    0  15.42085314  8 3.080  10.52682835
( 3.7286407, -21.6733473, 34.5738798, -0.1421125, -0.9783279, -0.1491074,  0.0198261)    0    0  11.25406259  3 3.560  10.58622353
( 4.2402123, -21.6571422, 38.2399180, -0.8207768, -0.0830654, -0.4432896,  0.3505995)    0    0  18.52524690  0 5.000  12.35049428
( 4.1257169, -21.9233174, 38.1422444, -0.8128984, -0.1637352, -0.4413378,  0.3429402)    0    0  -0.67052367  6 2.840   5.38751948
( 2.9344345, -21.1728376, 35.7701596, -0.2448630, -0.9472472, -0.1954049,  0.0676889)    0    0   3.84760544  8 3.400   6.25284496
( 8.2295718, -11.5945467, 33.8346796,  0.4930253, -0.0440292,  0.0163891, -0.8687456)    0    0 -51.93973511  4 3.320 -26.08388223
(13.4245520, -19.8070270, 40.2914038,  0.5099575, -0.1754285,  0.7331622, -0.4142301)    0    0  15.00500476 15 2.680   9.94113042
( 3.2828893, -21.7110252, 35.0884587, -0.2886243, -0.9280391, -0.2185006,  0.0877323)    0    0  -0.73752843 11 3.480  -1.04671711
( 5.6010574, -20.7938341, 41.8022557,  0.1394029,  0.8782854,  0.2413002,  0.3882853)    0    0  11.21727767  4 5.000   8.08629501
(11.3021044, -19.3107540, 39.4716985,  0.5138748, -0.1815875,  0.7283932, -0.4151300)    0    0  17.92950239  5 3.400  12.96709910
( 3.7083688, -12.4635269, 41.8180636,  0.1978582, -0.1337179, -0.4624951, -0.8538559)    0    0   4.75477376  5 4.840   3.42233127
( 3.7952709, -23.3940330, 40.7142092,  0.6383089, -0.5244524,  0.5216078, -0.2131585)    0    0  15.63478500  6 4.920  10.35209550
( 9.0294935, -19.6681140, 43.0508680,  0.5210277, -0.2411225,  0.6931125, -0.4358729)    0    0  12.89375398  9 4.520   9.14372528
(14.8978353, -14.5280616, 41.7300393, -0.5770573,  0.7384307,  0.0499358,  0.3452989)    0    0  -4.04075895  7 1.560   3.72456697
(16.0768648, -22.0434049, 35.3605096,  0.9291898,  0.3665831, -0.0096801,  0.0461448)    0    0  11.86461170  0 5.000   7.90990846
