#Coordinates  RecID  LigID  Luciferin  Neighbor's number  Vision Range  Scoring
( 0.2794015, -1.9447924, 48.5097180, -0.1720229, -0.5210942, -0.5217938,  0.6531464)    0    0  17.53583877  2 5.000  11.80193740
( 1.0008928,  9.1461113, 45.6811431,  0.2921235,  0.0357637,  0.3715571, -0.8805283)    0    0  14.28640935  0 5.000   9.52427290
(-1.4829544, -1.8922727, 43.1318173, -0.8965883, -0.3223240,  0.2715032,  0.1358741)    0    0  25.24559603  7 0.280  16.63078185
(-0.9915613,  0.8127512, 42.3083074, -0.9431713, -0.2047286,  0.2075947,  0.1594320)    0    0  28.03976422  0 0.400  18.79838209
( 0.4093339,  6.8210693, 36.0730010, -0.7721137, -0.0986797,  0.5577585,  0.2881114)    0    0  29.70507197  1 0.560  19.56439760
( 5.8850980,  2.6561171, 39.3068774, -0.5512429, -0.1869416, -0.7903426, -0.1911614)    0    0  29.32876144  7 0.480  19.64202968
( 6.5880779, -3.4781829, 44.9122910,  0.2278608,  0.2660652,  0.9176523,  0.1876247)    0    0  17.62587019  0 5.000  11.75058013
(-0.8726126,  0.8118342, 41.8594940, -0.9431713, -0.2047286,  0.2075948,  0.1594320)    0    0  28.41996784  4 0.720  19.04993919
(-0.7972519,  0.7888216, 41.8211247, -0.9431713, -0.2047286,  0.2075946,  0.1594320)    0    0  27.88948826  0 0.400  18.94032530
(-2.7293176,  4.7042261, 41.4029379,  0.2006680,  0.9510296, -0.1544755,  0.1772352)    0    0  22.27408895  4 4.200  15.04576968
(-2.3817158,  4.8627947, 41.2444246,  0.2006680,  0.9510296, -0.1544755,  0.1772352)    0    0  22.07456189 16 2.920  14.62462923
( 6.6058508, -3.5164651, 44.8583870,  0.2278608,  0.2660652,  0.9176523,  0.1876247)    0    0  17.52866872  2 4.600  11.67436798
( 0.0303139, -6.4203050, 47.0573430,  0.1937771,  0.2526464,  0.9477519,  0.0196606)    0    0  16.77662498  2 5.000  11.19059699
( 5.6902937,  2.6123178, 39.3978421, -0.5512409, -0.1869423, -0.7903420, -0.1911687)    0    0  29.77779820  0 5.000  19.85223315
(-0.9921939,  1.0802233, 41.8200658, -0.9431713, -0.2047286,  0.2075947,  0.1594320)    0    0  28.17685613  6 0.320  18.86069207
(-0.8355770,  0.8164623, 41.8517758, -0.9431713, -0.2047286,  0.2075948,  0.1594320)    0    0  28.67226184  0 3.440  19.12537516
(-0.4806911, -2.0662024, 43.6138845, -0.8965600, -0.3223742,  0.2715297,  0.1358624)    0    0  25.72898198  2 0.440  17.26039716
( 0.1497365,  6.4263644, 36.2137497, -0.7721137, -0.0986797,  0.5577585,  0.2881114)    0    0  29.39305546  2 0.640  19.42981158
( 8.4120029, -3.0007640, 44.7897433,  0.7495687, -0.3655603, -0.1617798,  0.5275791)    0    0  17.28596660  7 4.520  11.52098872
( 0.7245203,  6.3534994, 35.8701168, -0.7721137, -0.0986797,  0.5577585,  0.2881114)    0    0  29.73797506  8 0.400  19.69028824
( 7.0774428,  7.3176286, 41.2739866,  0.3668194,  0.1012015, -0.4363867,  0.8153334)    0    0  15.82048369  5 5.000  10.66842352
( 0.8813701,  8.9855455, 45.5056777,  0.2921235,  0.0357637,  0.3715571, -0.8805283)    0    0  14.11250871  1 5.000   9.42309149
(-0.8430199, -1.1680870, 43.0417922, -0.9327066, -0.2363808,  0.2249915,  0.1534969)    0    0  25.70855249 49 0.000  16.38691781
( 5.8386165,  2.7759420, 39.0105692, -0.5512435, -0.1869414, -0.7903428, -0.1911588)    0    0  29.20245782 11 0.000  19.74945783
( 0.9534536,  6.2491470, 35.6965070, -0.7721137, -0.0986797,  0.5577585,  0.2881114)    0    0  30.00841300  2 0.320  20.20676310
(-0.8356780,  0.8175942, 41.8461502, -0.9431713, -0.2047286,  0.2075948,  0.1594320)    0    0  28.39230183  7 0.560  18.95931683
( 5.6646536,  2.6399504, 39.3949229, -0.5512415, -0.1869421, -0.7903422, -0.1911664)    0    0  28.97729630  0 0.400  19.58776609
( 6.5669156, -3.5952243, 45.4353978,  0.2278608,  0.2660652,  0.9176523,  0.1876247)    0    0  17.12595225  9 0.280  11.67329762
( 0.0427624, -6.4496095, 46.9521427,  0.1937771,  0.2526464,  0.9477519,  0.0196606)    0    0  16.57121948  4 5.000  10.97088082
(-2.3195067,  4.8107988, 41.3525514,  0.2006680,  0.9510296, -0.1544755,  0.1772352)    0    0  22.00376296 19 0.000  14.65705550
( 5.4633159,  2.8048689, 39.2867071, -0.5512454, -0.1869408, -0.7903434, -0.1911519)    0    0  29.18483735 12 0.000  19.53186480
( 5.7201091,  2.3120724, 39.7239719, -0.5512488, -0.1869397, -0.7903444, -0.1911388)    0    0  29.14993827  0 0.480  19.47441086
(-0.7442121,  1.0379717, 41.6104844, -0.9431713, -0.2047286,  0.2075947,  0.1594320)    0    0  28.10976474 17 0.000  18.82059395
( 5.5699826,  2.3299615, 39.7578835, -0.5512416, -0.1869421, -0.7903422, -0.1911663)    0    0  29.55832242  2 1.440  19.74344350
(-0.7997556,  0.8105428, 41.7761459, -0.9431713, -0.2047286,  0.2075945,  0.1594320)    0    0  28.13163546  0 0.400  18.83247855
(-1.0110004,  0.9407597, 41.9937851, -0.9431713, -0.2047286,  0.2075946,  0.1594320)    0    0  27.61255709 21 0.000  18.52631218
( 6.8121639,  7.5292466, 40.8711263,  0.3668194,  0.1012015, -0.4363867,  0.8153334)    0    0  16.14945020  1 5.000  10.82183025
( 5.8906931,  2.1364641, 40.0516701, -0.5512512, -0.1869389, -0.7903451, -0.1911295)    0    0  28.84646450  6 0.320  19.14176546
(-2.6374390,  4.6065294, 41.4668979,  0.2006680,  0.9510296, -0.1544754,  0.1772352)    0    0  22.12105963  4 0.320  14.81011781
(-1.0696428,  1.1576489, 41.9998641, -0.9431713, -0.2047286,  0.2075946,  0.1594320)    0    0  27.96057249  0 0.480  18.75608583
( 0.5599455,  6.7104547, 35.9713539, -0.7721137, -0.0986797,  0.5577585,  0.2881114)    0    0  30.08297010  5 0.400  20.18651878
(-2.5619338,  4.6071228, 41.2426309,  0.2006680,  0.9510296, -0.1544754,  0.1772352)    0    0  22.07339801  0 0.400  14.74696353
( 5.4777422,  1.9655744, 40.0346797, -0.5512482, -0.1869399, -0.7903442, -0.1911411)    0    0  28.57104259  0 0.400  18.74273847
( 5.6204707,  2.9010002, 39.1933134, -0.5512500, -0.1869393, -0.7903448, -0.1911343)    0    0  28.89092782  0 0.400  19.12287407
( 5.8750631,  2.4480513, 39.5343392, -0.5512470, -0.1869403, -0.7903439, -0.1911457)    0    0  28.99032874  0 0.400  19.51840791
(-2.8921409,  4.7856795, 41.7892649,  0.2006680,  0.9510296, -0.1544754,  0.1772352)    0    0  22.17131901 11 0.000  14.70939263
( 0.5645123,  6.8186758, 36.0601836, -0.7721137, -0.0986797,  0.5577585,  0.2881114)    0    0  29.54342714  0 0.480  19.60039907
( 5.5308831,  2.4030103, 39.1470400, -0.5512482, -0.1869399, -0.7903442, -0.1911409)    0    0  28.92461755  0 0.400  19.14197945
(-0.9438769,  0.8777624, 41.7175869, -0.9431713, -0.2047286,  0.2075946,  0.1594320)    0    0  28.33845206  8 0.240  18.99865546
(-2.3689800,  5.1270530, 41.0049808,  0.2006680,  0.9510296, -0.1544755,  0.1772352)    0    0  21.90820801  0 0.400  14.74617058
(-1.2897091, -1.9653669, 43.2112445, -0.8933130, -0.3290204,  0.2750839,  0.1344108)    0    0  26.29055023  1 1.800  17.49098642
( 9.0236818, -2.4529031, 44.6526527,  0.7495687, -0.3655603, -0.1617798,  0.5275791)    0    0  17.46576448  2 3.320  11.63542514
( 5.5076222,  2.7824798, 39.5532409, -0.5512451, -0.1869409, -0.7903433, -0.1911527)    0    0  29.16052089  3 0.400  19.46422484
(-0.8149465,  0.7006139, 41.9523656, -0.9431713, -0.2047286,  0.2075944,  0.1594321)    0    0  28.23015163  4 0.480  18.97554116
(-1.1232439, -2.0219850, 43.3057415, -0.8932799, -0.3290868,  0.2751193,  0.1343962)    0    0  26.33085104  0 2.520  17.76672532
(-0.8410814,  0.8203342, 41.8368326, -0.9431713, -0.2047286,  0.2075948,  0.1594320)    0    0  28.41092158  4 0.640  19.04577603
( 6.4869626, -3.2603849, 45.2189650,  0.2278608,  0.2660652,  0.9176523,  0.1876247)    0    0  17.33803854  4 3.000  11.47720754
(-2.7820035,  4.5176602, 41.4739567,  0.2006680,  0.9510296, -0.1544754,  0.1772352)    0    0  22.24656399  4 0.560  14.99443568
(-2.7451355,  4.7652453, 41.2306708,  0.2006681,  0.9510297, -0.1544752,  0.1772352)    0    0  21.74753062  8 0.160  14.49206280
( 5.4977889,  2.8145270, 39.5410906, -0.5512454, -0.1869408, -0.7903434, -0.1911517)    0    0  28.98949470  0 0.400  19.44020560
( 5.4372883,  2.3429955, 39.7765961, -0.5512459, -0.1869406, -0.7903435, -0.1911499)    0    0  29.27333142  3 0.640  19.54876130
(-0.4717607,  0.8215755, 42.3385651, -0.9431713, -0.2047286,  0.2075947,  0.1594320)    0    0  28.10935432 20 2.680  18.79348321
(-1.0577473,  0.9114803, 41.7109449, -0.9431713, -0.2047286,  0.2075945,  0.1594321)    0    0  27.97128811 15 0.000  18.61547505
( 6.6207806, -3.4984800, 44.6887631,  0.2278608,  0.2660652,  0.9176523,  0.1876247)    0    0  17.28376359  7 1.240  11.68867511
(-2.2098456,  4.6827772, 41.1359073,  0.2006680,  0.9510296, -0.1544755,  0.1772352)    0    0  22.15956217  2 0.320  15.00208678
( 0.5898941,  6.4544523, 35.9369768, -0.7721137, -0.0986797,  0.5577585,  0.2881114)    0    0  30.01565835  9 0.640  19.73880055
(-0.8203357,  0.7085338, 41.8043679, -0.9431713, -0.2047286,  0.2075946,  0.1594320)    0    0  27.62541960  2 0.640  17.91476179
( 5.8869111,  2.4806386, 39.6131906, -0.5512486, -0.1869397, -0.7903444, -0.1911394)    0    0  28.77964573  0 0.400  19.49015450
(-1.1308515,  1.1025604, 41.9080666, -0.9431713, -0.2047286,  0.2075948,  0.1594320)    0    0  27.88796695 16 0.000  18.91461074
(-1.0408004,  1.1687483, 41.9250101, -0.9431713, -0.2047286,  0.2075948,  0.1594320)    0    0  27.82470193  0 0.400  18.48694148
( 8.9244814, -2.5587050, 44.7065992,  0.7495687, -0.3655603, -0.1617798,  0.5275791)    0    0  17.45206886  3 4.040  11.64948370
( 5.5253889,  2.5664202, 39.0702500, -0.5512463, -0.1869405, -0.7903437, -0.1911481)    0    0  28.77166027  0 0.400  18.88045790
( 7.0613631,  7.3303621, 41.2492951,  0.3668194,  0.1012015, -0.4363867,  0.8153334)    0    0  16.10026520  2 5.000  10.68016172
( 6.7267966, -3.5883018, 44.9631662,  0.2278608,  0.2660652,  0.9176523,  0.1876247)    0    0  16.51677616 10 0.360  10.78060199
( 6.6048468, -3.5142817, 44.8613764,  0.2278608,  0.2660652,  0.9176523,  0.1876247)    0    0  17.51818279  3 5.000  11.66588443
(-2.3813424,  4.6635645, 41.5868871,  0.2006680,  0.9510296, -0.1544754,  0.1772352)    0    0  22.23707452  6 0.480  15.14326359
(-1.1058346,  0.7578273, 42.3562824, -0.9430142, -0.2048431,  0.2083144,  0.1592735)    0    0  27.54812393  3 0.560  18.68913922
( 6.0047556,  2.3146721, 39.8162766, -0.5512478, -0.1869400, -0.7903441, -0.1911425)    0    0  29.00594812 26 0.000  19.40271930
(-1.4136844, -1.9916910, 43.1979301, -0.8934073, -0.3288315,  0.2749830,  0.1344524)    0    0  25.85622104  7 0.840  17.16878455
( 5.9269384,  2.5881963, 39.3684016, -0.5512417, -0.1869420, -0.7903423, -0.1911657)    0    0  29.31670228  8 0.320  19.53000905
( 5.3198868,  2.2819438, 39.8332498, -0.5512442, -0.1869412, -0.7903430, -0.1911563)    0    0  29.09828625  2 0.320  19.49644628
( 0.6943118,  6.4391655, 35.9053040, -0.7721137, -0.0986797,  0.5577585,  0.2881114)    0    0  29.93877902  3 0.560  19.80986785
(-0.6976763,  0.8546815, 41.3923001, -0.9431713, -0.2047286,  0.2075948,  0.1594320)    0    0  28.45862683  2 0.800  19.12809096
(-2.7273356,  5.0850789, 41.1955704,  0.2006681,  0.9510296, -0.1544754,  0.1772352)    0    0  22.29571464  1 0.720  14.93345977
(-0.8450566,  0.7255623, 41.8473502, -0.9431713, -0.2047286,  0.2075947,  0.1594320)    0    0  27.96866904  0 0.400  18.91721893
( 5.6771587,  2.5665177, 39.5607557, -0.5512430, -0.1869416, -0.7903427, -0.1911610)    0    0  29.20961873  0 0.560  19.53952364
( 0.5019079,  6.4748352, 35.9644348, -0.7721137, -0.0986797,  0.5577585,  0.2881114)    0    0  29.75827805 10 0.000  20.02404241
( 8.8052278, -2.6878314, 44.7750372,  0.7495687, -0.3655603, -0.1617798,  0.5275791)    0    0  17.36513197  6 2.600  11.54775674
(-0.6805017,  0.9131129, 42.5658887, -0.9431713, -0.2047286,  0.2075945,  0.1594320)    0    0  28.01910393  2 0.400  18.91364692
(-0.9333709,  0.7190824, 42.3567136, -0.9431713, -0.2047286,  0.2075944,  0.1594321)    0    0  28.08040950  0 0.400  18.90747656
( 5.5862219,  2.8141099, 39.6092624, -0.5512522, -0.1869385, -0.7903454, -0.1911258)    0    0  28.97821950  0 0.400  19.45969268
( 0.5440974,  6.5224505, 36.0427148, -0.7721137, -0.0986797,  0.5577585,  0.2881114)    0    0  30.14368963  5 0.400  20.14999335
(-1.0893794, -2.0479267, 43.4097170, -0.8934334, -0.3287792,  0.2749551,  0.1344640)    0    0  26.11914282  2 0.920  17.40164610
( 5.7015401,  2.6248345, 39.3801826, -0.5512451, -0.1869409, -0.7903433, -0.1911529)    0    0  29.40558278  5 0.720  19.75942538
( 5.4122296,  2.4225759, 39.2487971, -0.5512445, -0.1869411, -0.7903431, -0.1911553)    0    0  29.19798432  5 0.160  19.60892790
( 6.6245718, -3.5651186, 44.7923468,  0.2278608,  0.2660652,  0.9176523,  0.1876247)    0    0  17.27319445  8 0.360  11.58623569
( 6.4725845, -3.2294152, 45.2625743,  0.2278608,  0.2660652,  0.9176523,  0.1876247)    0    0  17.55546661  1 5.000  11.70977707
(-1.7538969,  8.7685791, 37.0706252,  0.2140933,  0.9353050,  0.0212890,  0.2809187)    0    0  25.23170094  0 5.000  16.82113396
( 5.9016117,  2.3268559, 39.5529048, -0.5512459, -0.1869406, -0.7903435, -0.1911499)    0    0  29.35029406  4 0.320  19.62173825
(-0.8183261, -2.0973641, 43.4766594, -0.8948467, -0.3259183,  0.2734267,  0.1350919)    0    0  25.95366536  5 0.760  17.44833023
( 0.8080792,  6.4375576, 35.8382318, -0.7721137, -0.0986797,  0.5577585,  0.2881114)    0    0  29.65614231  3 0.560  19.62372022
( 0.4167784, -1.8155529, 48.5813099, -0.1720229, -0.5210942, -0.5217938,  0.6531464)    0    0  17.41641520  3 5.000  11.82884052
(-2.4328680,  4.8039484, 41.3261929,  0.2006680,  0.9510296, -0.1544754,  0.1772352)    0    0  22.18589992  0 0.400  14.93163013
( 0.7157786,  6.4496861, 35.8975765, -0.7721137, -0.0986797,  0.5577585,  0.2881114)    0    0  29.61702164  8 0.240  19.57557384
( 5.9072805,  2.4106897, 39.4164114, -0.5512443, -0.1869412, -0.7903431, -0.1911558)    0    0  29.01645021  1 0.640  19.31626774
( 0.6311030,  6.4040732, 36.0014714, -0.7721137, -0.0986797,  0.5577585,  0.2881114)    0    0  29.66409586  9 0.240  19.71381715
(-0.8972229,  0.8045503, 41.7729684, -0.9431713, -0.2047286,  0.2075947,  0.1594320)    0    0  28.13159224 13 0.000  18.88572112
( 5.3997309,  2.1577674, 39.7361417, -0.5512425, -0.1869418, -0.7903425, -0.1911629)    0    0  29.23387062  4 0.400  19.48866664
(-0.7281839,  0.9348007, 42.4861895, -0.9431713, -0.2047286,  0.2075945,  0.1594320)    0    0  28.07398951  2 0.480  18.77244181
( 6.7455556,  7.5822340, 40.7695439,  0.3668194,  0.1012015, -0.4363867,  0.8153334)    0    0  15.89534874  4 5.000  10.63432001
( 8.9518334, -2.5295491, 44.6917564,  0.7495687, -0.3655603, -0.1617798,  0.5275791)    0    0  17.49249046  0 5.000  11.66166031
(-1.6435042,  8.7882219, 37.3985464,  0.2140933,  0.9353050,  0.0212890,  0.2809187)    0    0  24.52538779  2 5.000  16.66793122
(-0.5536375,  0.7125634, 41.9186826, -0.9431713, -0.2047286,  0.2075944,  0.1594321)    0    0  28.17930003  6 0.320  18.99321384
(-2.5628354,  4.9577570, 40.9822883,  0.2006680,  0.9510296, -0.1544755,  0.1772352)    0    0  22.19325153  8 0.480  14.72429820
(-0.7939488,  0.7313022, 42.0574367, -0.9431713, -0.2047286,  0.2075946,  0.1594320)    0    0  28.10725744  5 0.480  18.73091532
( 5.7537967,  2.2369205, 39.5843558, -0.5512491, -0.1869396, -0.7903445, -0.1911376)    0    0  28.54126239  6 0.320  18.90787378
( 5.8359922,  2.5119119, 39.4289757, -0.5512434, -0.1869415, -0.7903428, -0.1911593)    0    0  28.84965411 20 0.000  19.13868134
(-0.7837286,  0.7149403, 41.7148236, -0.9431712, -0.2047287,  0.2075949,  0.1594319)    0    0  28.11814275  8 0.160  18.81639305
(-2.6747465,  4.6498368, 41.4588745,  0.2006680,  0.9510296, -0.1544754,  0.1772352)    0    0  21.94786515 19 0.000  14.56091737
( 1.0194127,  6.5530157, 35.7230307, -0.7721137, -0.0986797,  0.5577585,  0.2881114)    0    0  30.26368931  3 0.880  20.26842086
( 0.7128894,  5.9601221, 35.6264842, -0.7721137, -0.0986797,  0.5577585,  0.2881114)    0    0  29.38907490  6 0.480  19.37812801
(-2.7334682,  5.0233867, 41.1649662,  0.2006681,  0.9510296, -0.1544754,  0.1772352)    0    0  21.98150710  4 0.240  14.50034183
( 5.6977941,  2.6299252, 39.3753909, -0.5512409, -0.1869423, -0.7903420, -0.1911687)    0    0  29.65209541  1 5.000  19.78839934
(-0.9456780, -2.0396820, 43.3710254, -0.8934148, -0.3288164,  0.2749750,  0.1344558)    0    0  26.24038303  2 1.320  17.56890860
(-2.6603186,  4.8447125, 40.9280831,  0.2006681,  0.9510296, -0.1544754,  0.1772352)    0    0  22.06619405 18 3.320  14.50375339
( 1.0386618,  6.7793647, 35.5139558, -0.7721137, -0.0986797,  0.5577585,  0.2881114)    0    0  29.67270698  0 0.560  19.51791176
( 8.8930509, -2.5818449, 44.7042440,  0.7495687, -0.3655603, -0.1617798,  0.5275791)    0    0  17.36609074  5 0.680  11.62117158
( 6.8335747,  7.5121587, 40.9036181,  0.3668194,  0.1012015, -0.4363867,  0.8153334)    0    0  16.18352591  0 5.000  10.78901727
( 5.9282112,  2.5312082, 39.6297742, -0.5512455, -0.1869408, -0.7903434, -0.1911513)    0    0  28.96721399 22 0.000  19.45440045
( 0.6435158, -1.9149702, 48.1797148, -0.1720229, -0.5210942, -0.5217938,  0.6531464)    0    0  17.71987922  0 5.000  11.81491323
(-0.5468849,  0.9400711, 41.7811160, -0.9431713, -0.2047286,  0.2075948,  0.1594320)    0    0  27.84448990  0 0.400  18.52022503
(-0.6207103,  0.9137312, 42.1922316, -0.9431713, -0.2047286,  0.2075947,  0.1594320)    0    0  28.09230442  0 0.400  18.90134348
(-2.6894626,  4.6484056, 41.3987505,  0.2006680,  0.9510296, -0.1544754,  0.1772352)    0    0  22.32574128  1 3.960  14.96238479
(-0.6899224,  0.4040747, 42.0564494, -0.9431713, -0.2047286,  0.2075947,  0.1594320)    0    0  27.75681322  1 0.480  18.19732441
( 5.7488578,  2.4855001, 39.3981117, -0.5512480, -0.1869399, -0.7903442, -0.1911419)    0    0  28.96764089  0 0.400  19.54160197
( 6.6162799, -3.5389290, 44.8267562,  0.2278608,  0.2660652,  0.9176523,  0.1876247)    0    0  17.32943666  5 1.000  11.68722361
(-0.5134885,  0.8506394, 42.1009882, -0.9431713, -0.2047286,  0.2075947,  0.1594320)    0    0  28.02546556 11 0.000  18.81951819
(-0.5855537,  0.5257377, 42.2305426, -0.9431713, -0.2047286,  0.2075948,  0.1594320)    0    0  28.03749359 23 0.000  18.73350788
(-0.8798970, -1.9975475, 43.3776533, -0.8933241, -0.3289982,  0.2750721,  0.1344157)    0    0  25.64336070 10 0.760  16.68268794
( 5.6699853,  2.3662506, 39.5374316, -0.5512475, -0.1869401, -0.7903440, -0.1911436)    0    0  28.89728616  3 0.560  19.24969067
(-0.8204395,  0.8210306, 41.8973569, -0.9431713, -0.2047286,  0.2075948,  0.1594320)    0    0  28.15232625  0 0.400  19.07234928
(-2.5951536,  4.9987649, 40.9888553,  0.2006681,  0.9510297, -0.1544753,  0.1772352)    0    0  22.04769552  0 0.400  14.90478747
( 5.5058341,  2.7050576, 39.2347032, -0.5512469, -0.1869403, -0.7903439, -0.1911458)    0    0  29.29326226  5 0.400  19.67429725
(-0.6886860,  0.7722551, 42.4642025, -0.9431713, -0.2047286,  0.2075946,  0.1594320)    0    0  28.21871269  7 0.240  18.92129523
( 5.6120615,  2.4449206, 39.4643284, -0.5512498, -0.1869393, -0.7903447, -0.1911350)    0    0  28.55537606  3 0.560  18.97246646
( 5.4913475,  2.7875963, 39.0188306, -0.5512506, -0.1869391, -0.7903450, -0.1911319)    0    0  29.18385171  4 0.400  19.41944549
(-2.7666904,  4.6445476, 41.3149245,  0.2006681,  0.9510296, -0.1544754,  0.1772352)    0    0  21.87000661  2 0.640  14.54086988
( 5.5644758,  2.3178681, 39.7736389, -0.5512414, -0.1869421, -0.7903422, -0.1911668)    0    0  29.55276723  3 0.960  19.73721473
(-0.7214792,  0.6461158, 41.8190233, -0.9431713, -0.2047286,  0.2075948,  0.1594320)    0    0  28.08127801  0 0.400  18.78659047
( 1.0482399,  6.5314283, 35.7307378, -0.7721137, -0.0986797,  0.5577585,  0.2881114)    0    0  30.57543946  1 5.000  20.50942226
( 9.1363646, -2.4776972, 44.8517584,  0.7495687, -0.3655603, -0.1617798,  0.5275791)    0    0  17.17871684  3 0.520  11.35903755
( 5.3072894,  2.3580376, 39.9092544, -0.5512496, -0.1869394, -0.7903447, -0.1911356)    0    0  28.76476066  2 0.800  18.90691518
( 0.2400233,  6.5121142, 35.9893236, -0.7721137, -0.0986797,  0.5577585,  0.2881114)    0    0  30.16974976  4 0.800  20.20859850
(-1.0180842,  1.2731549, 41.6771289, -0.9431712, -0.2047287,  0.2075950,  0.1594319)    0    0  27.52914065  0 0.400  17.93857027
( 5.8113542,  2.6374787, 39.3393357, -0.5512427, -0.1869417, -0.7903426, -0.1911621)    0    0  29.18482318 16 0.000  19.29363161
( 0.9119752,  6.5452429, 35.7862026, -0.7721137, -0.0986797,  0.5577585,  0.2881114)    0    0  30.02310629  8 2.840  19.99873584
(-2.6181796,  4.7444571, 41.1975748,  0.2006680,  0.9510296, -0.1544755,  0.1772352)    0    0  22.28628715  3 2.000  14.70542315
( 8.3350931, -3.0873761, 44.9371147,  0.7495687, -0.3655603, -0.1617798,  0.5275791)    0    0  17.18077465  8 0.440  11.46544737
(-1.0887928, -2.2536025, 43.0091655, -0.8956185, -0.3243649,  0.2725972,  0.1354337)    0    0  25.61411567  9 0.200  16.97643162
( 8.6923745, -2.8063244, 44.8329517,  0.7495687, -0.3655603, -0.1617798,  0.5275791)    0    0  17.48330854  1 5.000  11.65334655
( 0.0890785, -6.4448686, 46.8105306,  0.1937771,  0.2526464,  0.9477519,  0.0196606)    0    0  16.96337825  0 5.000  11.30891884
( 9.1657510, -2.3180092, 44.6066474,  0.7495687, -0.3655603, -0.1617798,  0.5275791)    0    0  17.37627907  4 4.120  11.65717316
(-0.3773919,  0.8241215, 41.9407918, -0.9431713, -0.2047286,  0.2075948,  0.1594320)    0    0  28.42537876  3 1.200  19.04050118
( 5.7885573,  2.6055162, 39.4914703, -0.5512453, -0.1869408, -0.7903434, -0.1911520)    0    0  29.31204448  7 0.240  19.61229840
(-2.6852949,  4.6280809, 41.3817252,  0.2006680,  0.9510296, -0.1544755,  0.1772352)    0    0  22.17452422  6 0.320  14.92353615
(-0.6528021,  0.7249214, 41.8273725, -0.9431713, -0.2047286,  0.2075947,  0.1594320)    0    0  28.02324520  4 0.480  18.68070325
( 0.1526642, -6.4713752, 46.5436281,  0.1937771,  0.2526464,  0.9477519,  0.0196606)    0    0  16.79399748  1 5.000  11.20618138
( 6.9021333,  7.4726355, 41.0519269,  0.3668194,  0.1012015, -0.4363867,  0.8153334)    0    0  15.93142824  3 5.000  10.71412318
( 5.6053793,  2.7893276, 39.4820913, -0.5512463, -0.1869405, -0.7903437, -0.1911481)    0    0  29.10934994  2 0.480  19.34882371
( 0.5957015,  6.4529407, 35.9347224, -0.7721137, -0.0986797,  0.5577585,  0.2881114)    0    0  30.30831980  2 2.040  20.05363110
(-2.5358071,  4.5809369, 41.5310456,  0.2006680,  0.9510296, -0.1544755,  0.1772352)    0    0  21.99825547 11 0.000  14.74310329
( 5.7711807,  2.8338232, 39.4170080, -0.5512501, -0.1869392, -0.7903448, -0.1911339)    0    0  29.03739720 20 0.000  19.70227440
( 1.1390331,  6.2296022, 35.7487706, -0.7721137, -0.0986797,  0.5577585,  0.2881114)    0    0  29.87968604  4 0.480  20.05374226
( 5.6717712,  2.5936146, 39.4458688, -0.5512452, -0.1869409, -0.7903433, -0.1911524)    0    0  28.88981076 31 0.000  18.68874118
(-0.7921999,  0.4789359, 42.3008635, -0.9431713, -0.2047286,  0.2075948,  0.1594320)    0    0  27.99534414 12 0.000  18.77083021
( 5.4679499,  2.3747708, 39.8037834, -0.5512502, -0.1869392, -0.7903448, -0.1911333)    0    0  28.49721071  0 0.400  19.58892552
(-1.1135855,  0.8847517, 41.8002682, -0.9431713, -0.2047286,  0.2075948,  0.1594320)    0    0  28.39243709  6 0.560  19.04782287
(-0.9969669,  0.9351727, 41.9454110, -0.9431713, -0.2047286,  0.2075948,  0.1594320)    0    0  28.13566099  0 0.400  18.86747965
(-1.0046160, -2.2251545, 43.3336196, -0.8933504, -0.3289455,  0.2750439,  0.1344273)    0    0  25.95330637  5 0.600  17.15839483
(-1.8580775,  9.0566737, 37.3980034,  0.2140933,  0.9353050,  0.0212890,  0.2809187)    0    0  24.64521193  1 5.000  16.88326941
(-2.6323749,  4.6406174, 41.4796802,  0.2006681,  0.9510297, -0.1544753,  0.1772352)    0    0  22.12264918  0 0.520  14.78045597
( 0.4279961,  6.3892754, 36.0281513, -0.7721137, -0.0986797,  0.5577585,  0.2881114)    0    0  30.07559283  7 1.040  20.04016541
( 0.6568947, -1.9126339, 48.1696511, -0.1720229, -0.5210942, -0.5217938,  0.6531464)    0    0  17.20918436  4 5.000  11.31197800
( 0.9549815, -1.9353500, 47.8211579, -0.1720229, -0.5210942, -0.5217938,  0.6531464)    0    0  17.66281391  1 5.000  11.74666481
( 5.3595931,  2.5104388, 39.7423525, -0.5512432, -0.1869415, -0.7903427, -0.1911600)    0    0  29.48590160  4 0.800  19.73762456
(-1.0362254,  0.9507683, 41.4215055, -0.9431712, -0.2047287,  0.2075949,  0.1594320)    0    0  28.46516370  1 1.040  19.12517372
(-2.4162325,  4.7018956, 41.0564363,  0.2006680,  0.9510296, -0.1544755,  0.1772352)    0    0  22.10265343  0 0.560  14.73031786
( 0.6069292,  6.4559015, 35.9294047, -0.7721137, -0.0986797,  0.5577585,  0.2881114)    0    0  30.72459443  0 5.000  20.48306318
( 5.7821091,  2.3555663, 39.4870366, -0.5512473, -0.1869402, -0.7903440, -0.1911446)    0    0  29.03551233  8 0.240  19.61709986
(-0.8860763,  1.3839425, 42.1800031, -0.9431712, -0.2047287,  0.2075949,  0.1594319)    0    0  27.67069374  0 0.720  18.42193110
( 5.8668732,  2.0885499, 39.7763035, -0.5512443, -0.1869412, -0.7903430, -0.1911560)    0    0  29.05813933  0 0.480  19.23720320
(-2.6539569,  4.7452399, 41.2712878,  0.2006680,  0.9510296, -0.1544755,  0.1772352)    0    0  22.93632799  0 3.840  15.29875539
(-2.6028100,  4.9543391, 40.9823933,  0.2006680,  0.9510296, -0.1544754,  0.1772352)    0    0  22.19931993  7 0.800  14.67673510
(-0.7647302,  0.7669187, 42.1561898, -0.9431713, -0.2047286,  0.2075944,  0.1594321)    0    0  27.78716003 26 0.000  18.68876979
(-1.3208616, -1.8994428, 43.1892536, -0.8934387, -0.3287685,  0.2749495,  0.1344663)    0    0  25.97923549  3 0.520  17.66615465
( 6.4581574, -3.1653414, 45.2175106,  0.2278608,  0.2660652,  0.9176523,  0.1876247)    0    0  17.32234528  6 1.400  11.56667699
( 0.2753911, -6.2910288, 46.5367756,  0.1937771,  0.2526464,  0.9477519,  0.0196606)    0    0  16.62048041  3 5.000  11.26113594
(-0.5886391,  0.7570350, 41.7941661, -0.9431713, -0.2047286,  0.2075948,  0.1594320)    0    0  28.30871740  9 0.320  18.88500532
(-0.6346157,  0.5688093, 41.9792920, -0.9431713, -0.2047286,  0.2075945,  0.1594321)    0    0  27.88497355 16 0.000  18.95277382
( 5.2780463,  2.7048934, 39.5444384, -0.5512455, -0.1869408, -0.7903434, -0.1911514)    0    0  28.98509184  0 0.400  19.19627099
