#Coordinates  RecID  LigID  Luciferin  Neighbor's number  Vision Range  Scoring
(-0.5553787, -1.4589872, 50.1873503, -0.1720229, -0.5210942, -0.5217938,  0.6531464)    0    0  15.54434357  4 5.000  10.21674242
( 1.0008928,  9.1461113, 45.6811431,  0.2921235,  0.0357637,  0.3715571, -0.8805283)    0    0  14.28640935  0 5.000   9.52427290
(-2.7625212, -3.2436260, 43.8339730, -0.8506059, -0.4045439,  0.3149235,  0.1167777)    0    0  20.01180162  6 2.440  13.17148494
(-2.8505258,  1.7013491, 41.5715139, -0.9431918, -0.2047103,  0.2075290,  0.1594199)    0    0  25.61373026  3 0.560  17.09006710
( 0.8966582,  6.6462580, 35.8959330, -0.7721136, -0.0986797,  0.5577586,  0.2881115)    0    0  29.92677465  3 0.560  20.18697608
( 5.6759530,  2.4729318, 40.3450110, -0.5537686, -0.1860607, -0.7910419, -0.1812826)    0    0  26.44022367  8 0.160  17.72987740
( 6.5880779, -3.4781829, 44.9122910,  0.2278608,  0.2660652,  0.9176523,  0.1876247)    0    0  17.40278368  0 4.520  11.75058013
(-2.8560455,  1.7636303, 41.6223537, -0.9431825, -0.2047175,  0.2075587,  0.1594267)    0    0  25.56240730  0 0.400  17.25161283
(-2.7391815,  1.8533424, 42.2036145, -0.9431592, -0.2047396,  0.2076329,  0.1594395)    0    0  25.36176137  0 0.480  16.77489763
(-2.5997998,  5.2438199, 40.8950579,  0.2006722,  0.9510316, -0.1544606,  0.1772326)    0    0  21.48075040  3 5.000  14.38897549
(-2.5791974,  5.3227306, 40.8764007,  0.2006702,  0.9510306, -0.1544679,  0.1772339)    0    0  21.29374673  3 0.440  14.38245296
( 6.6496391, -3.5670578, 44.9789614,  0.2278760,  0.2660626,  0.9176483,  0.1876296)    0    0  17.00735048  4 3.720  11.33941806
( 0.0384339, -6.4074760, 47.0578791,  0.1937771,  0.2526464,  0.9477519,  0.0196606)    0    0  16.72131483  1 5.000  11.20124916
( 6.0289816,  2.6823130, 40.4630169, -0.5511561, -0.1869745, -0.7903082, -0.1915210)    0    0  27.25853451 18 0.000  18.67069398
(-2.7442045,  1.9041328, 41.9375709, -0.9431843, -0.2047167,  0.2075530,  0.1594248)    0    0  25.34100014 29 0.000  16.93561417
(-2.6486892,  1.9036466, 41.6427184, -0.9431825, -0.2047176,  0.2075586,  0.1594268)    0    0  24.99094371  0 0.400  16.77105731
(-3.0996566, -2.9223487, 43.7509246, -0.8507209, -0.4043631,  0.3148283,  0.1168220)    0    0  20.31454014  1 1.320  13.75508017
( 0.8683258,  6.7454681, 35.8972643, -0.7721136, -0.0986797,  0.5577586,  0.2881115)    0    0  29.93243613  4 1.800  20.12873578
( 9.0252550, -2.4469724, 44.6431294,  0.7495687, -0.3655603, -0.1617798,  0.5275791)    0    0  17.40180543  2 3.880  11.56347727
( 1.0746519,  6.7934750, 35.7501297, -0.7721137, -0.0986797,  0.5577585,  0.2881114)    0    0  30.11161242  1 0.720  20.37977917
( 6.8800180,  7.6070713, 41.3586868,  0.3668194,  0.1012015, -0.4363867,  0.8153334)    0    0  15.85649998  4 5.000  10.53748247
( 0.8813701,  8.9855455, 45.5056777,  0.2921023,  0.0356780,  0.3715666, -0.8805348)    0    0  14.05888017  1 5.000   9.41899582
(-2.8633117, -3.5791554, 43.7558340, -0.8510306, -0.4038744,  0.3145739,  0.1169426)    0    0  20.19022138  3 0.680  13.58618210
( 4.9948466,  5.1134836, 40.0579880, -0.6062014, -0.1319076, -0.7447772,  0.2458194)    0    0  25.91920349  5 2.200  17.35263612
( 0.7632128,  6.5535706, 35.9668348, -0.7721137, -0.0986797,  0.5577585,  0.2881115)    0    0  29.73919095  7 0.320  19.69654935
(-3.3263957,  1.8956626, 41.5698640, -0.9431964, -0.2047066,  0.2075141,  0.1594165)    0    0  25.88638122  2 0.880  17.31031881
( 5.9275896,  2.6628393, 40.0704799, -0.5515634, -0.1868385, -0.7904296, -0.1899649)    0    0  27.24776865 16 0.000  18.84962713
( 6.4544391, -3.0941942, 44.9460332,  0.2278734,  0.2660631,  0.9176490,  0.1876287)    0    0  16.89276090  7 4.840  10.97526587
( 0.1024715, -6.5936447, 46.4613246,  0.1937771,  0.2526464,  0.9477519,  0.0196606)    0    0  16.59578427  2 5.000  11.11227773
(-1.7902537,  5.2496831, 41.5127567,  0.2007476,  0.9510676, -0.1541933,  0.1771867)    0    0  20.61529155 17 0.120  14.00039005
( 5.8574127,  2.4161873, 39.7373398, -0.5511439, -0.1869705, -0.7903204, -0.1915100)    0    0  27.54078254  3 0.520  18.60619475
( 5.6141201,  2.6026588, 40.1670323, -0.5511565, -0.1869678, -0.7903212, -0.1914728)    0    0  27.30549904 13 0.000  18.56504508
(-2.9353692,  1.7155283, 41.6682124, -0.9431881, -0.2047137,  0.2075409,  0.1594219)    0    0  25.48132992  0 0.400  16.84704143
( 5.9628660,  2.3919166, 40.1747075, -0.5519969, -0.1866901, -0.7905597, -0.1882848)    0    0  27.36253540 12 0.000  18.73131732
(-2.2334061,  1.4136930, 42.2143446, -0.9431737, -0.2047269,  0.2075867,  0.1594305)    0    0  25.89507882  2 0.960  17.44365639
(-2.4449879,  1.5542498, 41.8471071, -0.9431837, -0.2047180,  0.2075546,  0.1594242)    0    0  25.51549318 10 0.080  17.04400254
( 6.8426660,  7.5049061, 40.9174234,  0.3668194,  0.1012015, -0.4363867,  0.8153334)    0    0  16.04875007  1 5.000  10.81557836
( 6.0727094,  2.2904621, 40.4320547, -0.5512594, -0.1869362, -0.7903480, -0.1910969)    0    0  26.18755268  0 0.400  18.59632397
(-3.6944982,  5.5000981, 41.0627610, -0.1963635,  0.1523625, -0.9464053,  0.2062620)    0    0  19.94436533  1 3.320  13.37323763
(-2.8831945,  1.6655056, 41.7469276, -0.9431601, -0.2047361,  0.2076303,  0.1594423)    0    0  25.28460340  0 0.480  17.01156373
( 0.7256986,  6.4477941, 36.0031613, -0.7721141, -0.0986797,  0.5577580,  0.2881112)    0    0  29.50778960  0 0.400  19.74602396
(-1.9376898,  5.1096562, 41.0743875,  0.2007176,  0.9510533, -0.1542996,  0.1772050)    0    0  21.19695070  0 0.720  14.32345121
( 5.8858893,  2.4554051, 40.1315208, -0.5511357, -0.1869741, -0.7903162, -0.1915473)    0    0  27.69826983  6 0.840  18.47201123
( 5.8739111,  2.5311940, 39.8461264, -0.5510711, -0.1870035, -0.7902809, -0.1918498)    0    0  27.49286309 12 0.000  18.70203571
( 5.8442739,  2.3328554, 40.4883809, -0.5512687, -0.1869358, -0.7903458, -0.1910791)    0    0  24.99690012 28 0.000  17.71207174
(-1.8357439,  5.2852256, 41.4607249,  0.2007235,  0.9510562, -0.1542787,  0.1772014)    0    0  21.07253572  3 0.640  13.92533854
( 1.0205256,  6.8627807, 35.5678407, -0.7721137, -0.0986797,  0.5577585,  0.2881115)    0    0  29.35751574  6 0.320  19.62336834
( 5.8017064,  2.3037775, 40.9421953, -0.5557629, -0.1853781, -0.7916004, -0.1735656)    0    0  25.85431679  1 0.560  18.06465888
(-2.1772787,  1.8821945, 41.8740625, -0.9431846, -0.2047165,  0.2075520,  0.1594245)    0    0  25.71520256 10 0.080  17.13873316
(-3.8497635,  5.7400580, 41.0329757, -0.1963636,  0.1523624, -0.9464053,  0.2062620)    0    0  20.27363803  0 3.720  13.54799939
(-2.4829083, -3.8174512, 43.9172446, -0.8514779, -0.4031773,  0.3141953,  0.1171103)    0    0  19.73505811  0 0.760  13.07368532
( 8.8157620, -2.6840488, 44.7853425,  0.7495687, -0.3655603, -0.1617798,  0.5275791)    0    0  17.32432391  3 0.840  11.57683311
( 5.1814609,  5.2140234, 40.0281875, -0.6062011, -0.1319077, -0.7447773,  0.2458197)    0    0  25.95779990  4 1.080  17.43734435
(-3.0879798,  3.3432559, 41.3237516, -0.9186481, -0.2184258,  0.2986797,  0.1384426)    0    0   2.33944288 43 0.000   4.89584401
(-3.0320399, -3.5458404, 43.8521273, -0.8508563, -0.4041506,  0.3147157,  0.1168739)    0    0  20.09323668  4 3.160  13.33484095
(-2.5820505,  1.9160797, 41.9719044, -0.9431793, -0.2047216,  0.2075688,  0.1594274)    0    0  25.61963252  2 0.480  17.02163760
( 6.4285099, -3.2409053, 45.0133577,  0.2278861,  0.2660609,  0.9176454,  0.1876339)    0    0  16.79782940  8 3.400  11.19201994
(-2.4643248,  5.5882663, 40.6504011,  0.2006887,  0.9510395, -0.1544023,  0.1772226)    0    0  21.62860873  2 0.800  14.82592661
(-2.4347247,  5.2920216, 41.0201839,  0.2006645,  0.9510279, -0.1544881,  0.1772374)    0    0  20.85887009 17 3.240  13.84466504
( 5.8784987,  2.7018779, 40.6362863, -0.5545420, -0.1857831, -0.7912154, -0.1782105)    0    0  26.34770039 25 0.000  18.06691593
( 5.6627676,  2.5561511, 40.2929633, -0.5511463, -0.1869731, -0.7903144, -0.1915249)    0    0  27.27400869 12 0.000  18.67366324
(-2.0431189,  1.8751316, 42.3244252, -0.9431808, -0.2047196,  0.2075642,  0.1594271)    0    0  25.75460910  7 0.400  17.34728318
(-2.3566093,  1.2496888, 41.9151803, -0.9431397, -0.2047567,  0.2076952,  0.1594517)    0    0  25.33379707  0 0.400  16.68130174
( 6.3752002, -3.2591020, 44.7342795,  0.2278785,  0.2660622,  0.9176474,  0.1876312)    0    0  17.00361652  5 1.720  11.65587613
(-3.9696291,  5.9451497, 41.2872275, -0.1936586,  0.1618153, -0.9450757,  0.2074708)    0    0  18.70568570  3 2.280  13.23541760
( 0.8754381,  6.5810149, 36.0947420, -0.7721137, -0.0986797,  0.5577586,  0.2881115)    0    0  29.53556034  0 0.400  19.73344568
(-2.2456352,  1.8341653, 41.8729542, -0.9431755, -0.2047234,  0.2075810,  0.1594315)    0    0  25.57925141 16 0.000  16.87350546
( 5.7500526,  2.4113416, 40.2033776, -0.5528519, -0.1863934, -0.7907970, -0.1849488)    0    0  27.03831957  6 0.320  18.40905705
(-2.2241018,  1.4378343, 42.1922101, -0.9431628, -0.2047369,  0.2076213,  0.1594368)    0    0  26.03947565  0 0.960  17.59587145
(-2.3649302,  1.8945803, 41.5578066, -0.9431842, -0.2047170,  0.2075531,  0.1594245)    0    0  25.43816422 14 0.000  16.92246689
( 8.9892049, -2.5440624, 44.7796909,  0.7495687, -0.3655603, -0.1617798,  0.5275791)    0    0  17.08186649  9 3.160  11.26876497
( 6.0312662,  2.3923028, 39.6846889, -0.5511022, -0.1869887, -0.7902992, -0.1916995)    0    0  27.72168409  3 0.520  19.00713933
( 7.0943511,  7.3041456, 41.2996756,  0.3668194,  0.1012015, -0.4363867,  0.8153334)    0    0  15.93237145  3 5.000  10.66648977
( 6.1805356, -3.6286223, 44.9606411,  0.2281271,  0.2660174,  0.9175928,  0.1876598)    0    0  16.78194793  5 0.200  11.65137176
( 6.3996016, -3.1758624, 44.7656564,  0.2278862,  0.2660609,  0.9176456,  0.1876328)    0    0  17.10903341  3 3.400  11.68209526
(-2.9565093,  5.4270282, 41.1189117,  0.1071173,  0.8629412, -0.4425194,  0.2191689)    0    0  17.42432546 25 2.520   8.94055919
(-3.7965847,  5.6490603, 40.9195483, -0.1963632,  0.1523636, -0.9464052,  0.2062621)    0    0  19.68724966  2 1.720  12.99726310
( 5.7665863,  2.9024327, 40.2977553, -0.5562964, -0.1851910, -0.7917303, -0.1714694)    0    0  26.21485195  5 0.840  18.06111418
(-2.6966766, -3.1532161, 43.8159763, -0.8507987, -0.4042404,  0.3147641,  0.1168522)    0    0  20.26510574  2 3.400  13.75736939
( 5.9009660,  2.4525757, 39.9989942, -0.5511413, -0.1869724, -0.7903176, -0.1915273)    0    0  27.63439950  7 1.560  18.68024687
( 5.5832590,  2.7268348, 40.6097203, -0.5512640, -0.1869333, -0.7903518, -0.1910704)    0    0  26.08272121  9 0.200  17.99077857
( 0.6978788,  6.4483012, 35.8636546, -0.7721137, -0.0986797,  0.5577585,  0.2881114)    0    0  29.75856478 11 2.520  19.67621562
(-2.6072341,  1.7470219, 41.9793844, -0.9431759, -0.2047248,  0.2075797,  0.1594293)    0    0  25.56824846  6 0.240  16.95966377
(-2.3460300,  5.2011720, 41.2624883,  0.2006580,  0.9510248, -0.1545110,  0.1772413)    0    0  21.16001947  0 0.400  14.59042207
(-2.4335857,  1.5514016, 42.0011772, -0.9431826, -0.2047193,  0.2075583,  0.1594246)    0    0  25.97093478  1 5.000  17.31405457
( 5.9510888,  2.5388309, 40.4377868, -0.5512228, -0.1869461, -0.7903404, -0.1912232)    0    0  26.69363310  0 0.400  18.68688469
( 0.5695188,  6.1631554, 35.9107737, -0.7721136, -0.0986797,  0.5577586,  0.2881115)    0    0  29.93186335  0 0.520  20.11901248
( 8.8119721, -2.7050881, 44.8215862,  0.7495687, -0.3655603, -0.1617798,  0.5275791)    0    0  17.31259172  5 5.000  11.53183419
(-2.5961813,  1.8442637, 41.4434870, -0.9431856, -0.2047161,  0.2075486,  0.1594232)    0    0  25.63261984  7 0.240  17.10461506
(-2.4429458,  1.6055202, 41.8247839, -0.9431660, -0.2047337,  0.2076114,  0.1594353)    0    0  25.71720444  5 0.240  17.15471398
( 5.7864246,  2.3770628, 40.3231376, -0.5511374, -0.1869757, -0.7903124, -0.1915564)    0    0  27.33113804 17 0.000  18.11561457
( 0.7655578,  6.4910770, 35.5888316, -0.7721136, -0.0986797,  0.5577586,  0.2881115)    0    0  29.61139358 16 0.760  19.43304911
(-2.6854652, -2.9778173, 43.7600448, -0.8653726, -0.3803993,  0.3023027,  0.1226364)    0    0  19.76692830 10 3.320  13.56257512
( 5.9031918,  2.4588378, 39.7790928, -0.5511132, -0.1869855, -0.7903017, -0.1916607)    0    0  27.53321324 10 0.840  18.74707974
( 5.9651651,  2.3526335, 40.3254542, -0.5511619, -0.1869664, -0.7903222, -0.1914548)    0    0  27.00407614  2 0.640  18.25646246
( 6.3835746, -3.3635556, 44.5518565,  0.2278677,  0.2660641,  0.9176504,  0.1876275)    0    0  17.19048681  2 4.600  11.65486117
( 6.6331739, -3.5866446, 44.9933582,  0.2278777,  0.2660623,  0.9176479,  0.1876297)    0    0  16.90023145  6 1.400  11.00266489
(-1.7538969,  8.7685791, 37.0706252,  0.2140933,  0.9353050,  0.0212890,  0.2809187)    0    0  25.23169735  0 5.000  16.82113396
( 5.7895911,  2.3591974, 40.6179991, -0.5512427, -0.1869488, -0.7903303, -0.1912055)    0    0  24.83280716 24 0.000  17.48385384
(-2.7103708, -3.2198825, 43.7774633, -0.8509922, -0.4039379,  0.3146026,  0.1169258)    0    0  20.00556893  7 1.240  13.54060085
( 0.9332018,  6.3837101, 35.7365776, -0.7721136, -0.0986797,  0.5577586,  0.2881115)    0    0  29.90557614  0 0.440  20.11999361
(-0.5092039, -1.4428766, 50.1659921, -0.1720229, -0.5210942, -0.5217938,  0.6531464)    0    0  15.63885418  3 5.000  10.38768493
(-2.1524189,  5.1951057, 41.0601800,  0.2007085,  0.9510490, -0.1543322,  0.1772106)    0    0  21.28348868  3 0.640  14.40781103
( 0.9826956,  6.7155787, 35.7026567, -0.7721136, -0.0986797,  0.5577586,  0.2881115)    0    0  29.66222523 15 2.520  19.70239022
( 6.1609934,  2.3735539, 40.4843760, -0.5511476, -0.1869725, -0.7903151, -0.1915191)    0    0  26.01450285 10 0.280  17.09315984
( 0.8967561,  6.2576004, 35.4976436, -0.7721136, -0.0986797,  0.5577586,  0.2881115)    0    0  29.82419916  9 0.760  19.85269181
(-2.6762527,  1.9925113, 41.7176273, -0.9431590, -0.2047387,  0.2076336,  0.1594407)    0    0  25.51279274  0 0.560  16.85127303
( 5.8093325,  2.4076075, 40.7659653, -0.5511116, -0.1869846, -0.7903041, -0.1916566)    0    0  27.42958101 15 1.560  18.63902029
(-2.7914592,  1.6470801, 41.4024663, -0.9431807, -0.2047188,  0.2075643,  0.1594282)    0    0  25.52934040 12 0.000  17.18693667
( 7.2363913,  7.1895544, 41.5116413,  0.3668194,  0.1012015, -0.4363867,  0.8153334)    0    0  15.98547418  2 5.000  10.65698571
( 8.9518334, -2.5295491, 44.6917564,  0.7495687, -0.3655603, -0.1617798,  0.5275791)    0    0  17.49193222  0 5.000  11.66166031
(-1.6435042,  8.7882219, 37.3985464,  0.2140933,  0.9353050,  0.0212890,  0.2809187)    0    0  24.52538419  1 5.000  16.66793122
(-2.9071092,  1.7459698, 41.5055256, -0.9431617, -0.2047346,  0.2076250,  0.1594415)    0    0  25.55399066 14 0.000  17.12190399
(-2.4844682,  5.5014724, 41.3323569,  0.1558921,  0.9186991, -0.3023045,  0.2007525)    0    0  13.97126500 23 1.000   5.72565895
(-2.3482569,  1.6762212, 41.4825110, -0.9431867, -0.2047138,  0.2075450,  0.1594242)    0    0  25.61265876  9 0.080  17.14144619
( 5.5670112,  5.5768621, 40.2088393, -0.6062015, -0.1319076, -0.7447772,  0.2458192)    0    0  26.00686826  3 1.560  17.38884497
( 5.3927399,  2.1624839, 40.7890607, -0.5511432, -0.1869716, -0.7903185, -0.1915187)    0    0  27.12466684  1 0.480  17.97877577
(-1.9373384,  1.9883080, 41.9377784, -0.9431798, -0.2047198,  0.2075671,  0.1594288)    0    0  25.55177734 12 0.000  17.11545421
(-1.2728266,  5.7351236, 41.6419443,  0.2006505,  0.9510212, -0.1545377,  0.1772459)    0    0  20.68268429  0 0.840  13.61435189
( 0.8145180,  6.2096183, 35.6046357, -0.7721137, -0.0986797,  0.5577586,  0.2881115)    0    0  30.07759120  2 1.960  20.20465186
( 0.7868533,  6.4451804, 36.1405379, -0.7721144, -0.0986797,  0.5577577,  0.2881112)    0    0  29.32220265  0 0.400  19.50389567
(-1.6660311,  5.1313908, 41.0453614,  0.2006946,  0.9510423, -0.1543813,  0.1772190)    0    0  21.09737480  2 0.640  14.19552449
( 5.8711237,  2.7215003, 40.2276738, -0.5545412, -0.1857820, -0.7912122, -0.1782053)    0    0  26.99751628  0 0.400  18.69488916
(-2.8054327, -2.8832918, 43.6729674, -0.9038522, -0.3071170,  0.2633680,  0.1391674)    0    0  20.44920671  2 4.520  13.64969785
(-2.0810301,  5.2262435, 41.2914644,  0.2006766,  0.9510337, -0.1544452,  0.1772300)    0    0  20.96278890 12 0.240  13.97757195
( 0.7999796,  6.1929574, 35.8404029, -0.7721136, -0.0986797,  0.5577586,  0.2881115)    0    0  29.72669958 13 3.800  19.70700599
( 8.9648485, -2.5302912, 44.7144777,  0.7495687, -0.3655603, -0.1617798,  0.5275791)    0    0  17.23943344  8 2.680  11.45287079
( 6.8335747,  7.5121587, 40.9036181,  0.3668194,  0.1012015, -0.4363867,  0.8153334)    0    0  16.06291259  0 5.000  10.78901727
( 5.9293652,  2.4450324, 39.8600778, -0.5511188, -0.1869814, -0.7903077, -0.1916241)    0    0  27.99282877  0 0.760  19.31694826
(-0.4596674, -1.6613336, 49.7512716, -0.1720229, -0.5210942, -0.5217938,  0.6531464)    0    0  15.76738486  0 5.000  10.54447811
(-2.5030134,  1.5797024, 41.9648375, -0.9431820, -0.2047198,  0.2075601,  0.1594250)    0    0  25.92464988  2 2.800  17.32531082
(-2.7404537,  1.6618199, 41.7582752, -0.9431623, -0.2047349,  0.2076233,  0.1594401)    0    0  24.90711911 19 0.000  16.49650105
(-2.6282558,  5.3392165, 40.8730317,  0.2006718,  0.9510314, -0.1544622,  0.1772329)    0    0  21.38636545  5 0.600  14.45575029
(-2.8030176,  1.7286753, 41.6777682, -0.9431993, -0.2047043,  0.2075050,  0.1594144)    0    0  25.78322515  9 0.800  17.06686852
( 6.0955800,  2.5620720, 40.3832256, -0.5511376, -0.1869806, -0.7903030, -0.1915897)    0    0  26.52559862  0 0.400  18.50037893
( 6.8420977, -3.3004045, 44.5329109,  0.2278702,  0.2660636,  0.9176498,  0.1876276)    0    0  17.28985508  1 1.320  11.73591651
(-2.8907476,  1.7030036, 41.4449624, -0.9431646, -0.2047342,  0.2076158,  0.1594368)    0    0  25.51133408 12 0.000  17.14371873
(-2.5871603,  1.4042400, 41.6574131, -0.9431448, -0.2047496,  0.2076790,  0.1594520)    0    0  25.31455985  0 0.400  16.71888926
(-2.9004706, -3.4684187, 43.9020459, -0.8509624, -0.4039846,  0.3146275,  0.1169144)    0    0  19.91884636  9 3.240  13.01865593
( 5.9015517,  2.4541621, 40.0017877, -0.5511570, -0.1869648, -0.7903270, -0.1914506)    0    0  27.91774879  1 1.880  18.78514489
(-2.2748843,  1.6029579, 41.5798727, -0.9431781, -0.2047217,  0.2075729,  0.1594291)    0    0  25.38776183  0 0.400  16.81001658
(-2.5876776,  5.2448529, 40.9042452,  0.2006681,  0.9510297, -0.1544751,  0.1772351)    0    0  21.75036434  0 5.000  14.87091235
( 5.8236455,  2.5361939, 40.8116861, -0.5511580, -0.1869668, -0.7903228, -0.1914632)    0    0  27.46135950 12 0.000  18.71660532
(-2.1472148,  1.8647076, 41.9965988, -0.9431864, -0.2047156,  0.2075461,  0.1594226)    0    0  25.80082134  6 0.480  17.21081079
( 5.8264269,  2.5382153, 40.8331616, -0.5511628, -0.1869631, -0.7903283, -0.1914302)    0    0  27.42847487 16 0.360  18.63885275
( 5.9564668,  2.4292705, 39.8393276, -0.5511039, -0.1869887, -0.7902986, -0.1916973)    0    0  27.80677385  2 2.840  18.87622372
(-2.2414754,  5.2781239, 41.1772961,  0.2006990,  0.9510444, -0.1543657,  0.1772163)    0    0  21.43851061  1 1.160  14.41789650
( 5.4743972,  2.3046285, 40.8601733, -0.5528115, -0.1864106, -0.7907792, -0.1851287)    0    0  26.78569043  7 0.240  18.10188236
(-2.2315456,  1.5804843, 41.7852903, -0.9431861, -0.2047161,  0.2075471,  0.1594225)    0    0  25.77968641 10 0.640  17.08116136
( 0.8763443,  6.6492940, 35.8183242, -0.7721138, -0.0986797,  0.5577584,  0.2881114)    0    0  29.83129690  8 0.680  19.83687246
( 8.9777183, -2.5005210, 44.6747851,  0.7495687, -0.3655603, -0.1617798,  0.5275791)    0    0  17.37632485  3 1.720  11.61138288
( 5.4702727,  5.4214587, 40.0610644, -0.6062364, -0.1324571, -0.7457360,  0.2424830)    0    0  25.53076583  6 1.320  17.11444373
( 0.9971553,  6.2878118, 36.1228853, -0.7721140, -0.0986797,  0.5577582,  0.2881113)    0    0  29.71455401 14 0.000  20.09461283
(-2.4162273,  1.5852940, 41.9600992, -0.9431658, -0.2047299,  0.2076121,  0.1594401)    0    0  25.44743018  0 0.400  17.14332525
( 5.0000880,  5.0190027, 39.9594381, -0.6062014, -0.1319076, -0.7447772,  0.2458194)    0    0  26.03903201  1 1.560  17.44151959
( 0.5306423,  6.3356646, 36.2538809, -0.7721137, -0.0986797,  0.5577585,  0.2881115)    0    0  29.40616439  0 0.560  19.30119742
(-1.7871662,  5.3050568, 41.3904041,  0.2006642,  0.9510278, -0.1544889,  0.1772375)    0    0  21.09890570  3 0.800  14.11537356
( 8.6065019, -2.8595011, 44.7352873,  0.7495687, -0.3655603, -0.1617798,  0.5275791)    0    0  17.27766454  7 1.480  11.61482292
(-2.8488381, -3.4717196, 43.8544550, -0.8506639, -0.4044531,  0.3148752,  0.1167998)    0    0  20.06531124  5 1.160  13.23656933
( 8.7045163, -2.8065601, 44.8532027,  0.7495687, -0.3655603, -0.1617798,  0.5275791)    0    0  17.44966433  1 5.000  11.65997090
( 0.0890785, -6.4448686, 46.8105306,  0.1937771,  0.2526464,  0.9477519,  0.0196606)    0    0  16.96302357  0 5.000  11.30891884
( 8.5503317, -2.9546498, 44.9090507,  0.7495687, -0.3655603, -0.1617798,  0.5275791)    0    0  17.29958630  6 4.200  11.54359196
(-2.2112361,  1.7478885, 41.7548194, -0.9431647, -0.2047333,  0.2076154,  0.1594378)    0    0  25.32441809 20 0.000  17.06287570
( 5.8280501,  2.3383533, 40.9837568, -0.5513860, -0.1869078, -0.7903630, -0.1906968)    0    0  23.91175314  7 0.680  16.87744906
(-1.8170148,  5.2932037, 41.3716221,  0.2007003,  0.9510450, -0.1543611,  0.1772155)    0    0  21.08323614  4 0.720  13.90480037
(-2.5875356,  1.7152868, 41.3621547, -0.9431339, -0.2047630,  0.2077121,  0.1594561)    0    0  25.14844745  0 0.400  16.93170907
( 0.0816683, -6.4901008, 46.6460071,  0.1937771,  0.2526464,  0.9477519,  0.0196606)    0    0  16.39384032  4 5.000  10.80115011
( 6.8474663,  7.5286899, 41.0051746,  0.3668194,  0.1012015, -0.4363867,  0.8153334)    0    0  15.78237986  5 5.000  10.42196907
( 5.8424809,  2.5098286, 40.3806531, -0.5511818, -0.1869551, -0.7903374, -0.1913459)    0    0  26.87474458  6 0.320  18.06852663
( 0.8481171,  6.5821629, 35.8155236, -0.7721137, -0.0986797,  0.5577585,  0.2881114)    0    0  30.29722482  0 4.120  20.21824389
(-1.9698415,  5.1962812, 41.0925560,  0.1789082,  0.9378953, -0.2289285,  0.1895677)    0    0  16.63760596  0 0.400  12.83733083
( 5.7838586,  2.4397677, 39.7850824, -0.5510855, -0.1869971, -0.7902885, -0.1917835)    0    0  27.50364070  7 0.160  18.77318818
( 0.9902823,  6.7550548, 35.6192923, -0.7721138, -0.0986797,  0.5577584,  0.2881114)    0    0  29.99028224  3 0.520  20.33505592
( 5.3752967,  5.3780504, 40.0959821, -0.6062015, -0.1319076, -0.7447772,  0.2458192)    0    0  26.02996318  2 1.960  17.46463204
(-2.6225013,  1.7082661, 41.8257594, -0.9431684, -0.2047311,  0.2076038,  0.1594343)    0    0  25.55092661 11 0.080  16.99648838
( 5.4384558,  2.4381222, 40.3822022, -0.5511512, -0.1869733, -0.7903124, -0.1915191)    0    0  27.56450472  0 0.520  18.75661030
(-3.1337160,  1.7655238, 41.1553575, -0.9431601, -0.2047366,  0.2076302,  0.1594415)    0    0  24.73030020  0 0.720  16.10075915
(-2.6533233,  1.7392337, 42.1421137, -0.9431806, -0.2047199,  0.2075647,  0.1594272)    0    0  25.35592437 16 0.000  16.93357691
(-3.1895046, -3.3138127, 44.0365676, -0.8656213, -0.3799772,  0.3020807,  0.1227367)    0    0  19.65045423  9 0.120  13.11864306
(-1.6132114,  8.8044845, 37.5111123,  0.2140933,  0.9353050,  0.0212890,  0.2809187)    0    0  24.49348944  2 5.000  16.84142488
(-2.5536346,  4.8373381, 40.9330554,  0.2006702,  0.9510307, -0.1544678,  0.1772339)    0    0  21.68095994  1 4.400  14.75374384
( 0.8052403,  6.3668784, 35.8502025, -0.7721138, -0.0986797,  0.5577583,  0.2881114)    0    0  29.80574370  5 0.440  19.82542144
(-0.4564869, -1.6672662, 49.7380960, -0.1720229, -0.5210942, -0.5217938,  0.6531464)    0    0  15.75576533  1 5.000  10.51782966
(-0.5726169, -1.4509871, 50.2186167, -0.1720229, -0.5210942, -0.5217938,  0.6531464)    0    0  15.72276482  2 5.000  10.51704904
( 5.5426435,  2.7192513, 39.9523178, -0.5511422, -0.1869759, -0.7903104, -0.1915509)    0    0  27.78502007  2 0.680  18.91655814
(-2.8568765,  1.7611859, 41.6723971, -0.9431952, -0.2047077,  0.2075181,  0.1594172)    0    0  25.88182633  5 2.240  17.23197627
(-2.1697435,  5.2050034, 41.2226508,  0.2007215,  0.9510552, -0.1542858,  0.1772026)    0    0  20.93028660 13 0.120  14.00684684
( 0.6870140,  6.7606348, 35.8375589, -0.7721143, -0.0986797,  0.5577579,  0.2881111)    0    0  29.06582208 22 0.000  19.43141371
( 5.6431463,  2.5079145, 40.4674141, -0.5511367, -0.1869783, -0.7903076, -0.1915759)    0    0  27.70800671  5 0.760  18.84489840
(-2.3097415,  1.5275332, 41.8600494, -0.9431792, -0.2047197,  0.2075692,  0.1594299)    0    0  25.57003447  0 0.400  17.26442929
( 5.2941441,  5.3225161, 40.0891274, -0.6062017, -0.1319076, -0.7447771,  0.2458190)    0    0  26.14143755  0 2.680  17.46916569
(-1.7258771,  5.6904208, 41.5689557,  0.2006734,  0.9510322, -0.1544565,  0.1772319)    0    0  20.62137836  0 0.480  13.65485043
(-2.6193443,  5.3374865, 40.8796504,  0.2006841,  0.9510373, -0.1544186,  0.1772254)    0    0  21.30127650  6 1.640  14.41192097
(-2.5005126,  1.6427330, 41.9716651, -0.9431818, -0.2047188,  0.2075608,  0.1594265)    0    0  25.79026742  4 0.480  17.36827299
(-3.0509815, -3.4174275, 44.0222777, -0.8509873, -0.4039419,  0.3146105,  0.1169264)    0    0  19.98103495  8 0.760  13.46800632
( 6.6319737, -3.4981641, 44.9823605,  0.2278747,  0.2660629,  0.9176485,  0.1876298)    0    0  16.38224280 10 1.720  10.30756831
( 0.1447507, -6.4891144, 46.5306553,  0.1937771,  0.2526464,  0.9477519,  0.0196606)    0    0  16.46103357  3 5.000  11.09517102
(-2.1853749,  1.8466472, 41.9511277, -0.9431858, -0.2047157,  0.2075481,  0.1594234)    0    0  25.85046120  0 0.400  17.42427482
(-2.3659727,  1.4634040, 41.8830897, -0.9431616, -0.2047343,  0.2076253,  0.1594422)    0    0  25.16430710  8 0.160  16.77587633
( 5.8495032,  2.5030967, 40.7379157, -0.5511855, -0.1869553, -0.7903356, -0.1913423)    0    0  27.43088082 12 0.000  18.55927159
