#Coordinates  RecID  LigID  Luciferin  Neighbor's number  Vision Range  Scoring
(-16.2435696, 28.0510290, 23.8724039, -0.6235365, -0.6281831,  0.2142881,  0.4131208)    0    0  -5.93026187  6 4.520  -3.28395364
(-16.8576737, 15.2500971, 29.3461466,  0.5310416, -0.0374042, -0.2250930,  0.8160446)    0    0  18.43168106  5 5.000  12.41646133
(-21.4335238, 12.9507693, 20.6615223,  0.0080125,  0.4000800,  0.5793673,  0.7100739)    0    0 -10.47438473  0 5.000  -6.98217717
(-19.8850071, 17.6733875, 28.8304201, -0.4777122, -0.6616477, -0.4493173, -0.3634931)    0    0   1.33228036  7 1.160   3.47643359
(-12.2068130, 13.8887158, 25.6636287, -0.6758698,  0.0205171,  0.4261894,  0.6009506)    0    0  16.72197874  5 0.440  11.28413283
(-16.8226267, 18.6425002, 18.0689356, -0.6058826,  0.0060936, -0.6644381, -0.4374828)    0    0  -5.79702901 10 1.240  -1.15283296
(-14.6332091, 22.1990907, 26.9763944,  0.8340599, -0.1070093, -0.4041105,  0.3599830)    0    0  -1.26427973 19 1.960  -2.88905185
(-16.6969720, 15.3994115, 29.2410767,  0.5310421, -0.0374067, -0.2250970,  0.8160431)    0    0  18.53434179  4 2.360  12.63359046
(-13.7430447, 23.4586434, 26.4401603,  0.7392537, -0.1337269, -0.3931034, -0.5301796)    0    0   4.02381601  3 3.000   3.27095142
(-12.3942937, 13.7384992, 25.7533217, -0.6757424,  0.0214430,  0.4257635,  0.6013621)    0    0  16.45966369  9 0.360  13.36829360
(-15.7995676, 13.9597523, 20.2940230,  0.9534094,  0.0688999,  0.2543235,  0.1469112)    0    0 -40.68189709  9 3.960 -42.71095826
(-16.9443521, 18.9358160, 18.1659282, -0.6060681,  0.0063753, -0.6641482, -0.4376618)    0    0 -15.10489191 17 0.200 -10.23658498
(-13.7365174, 23.4619927, 26.4411802,  0.7392334, -0.1339219, -0.3929878, -0.5302442)    0    0   3.80953366  6 0.760   3.36432759
(-22.5378866, 18.4659888, 23.1243281, -0.5024099, -0.6620800, -0.4253164, -0.3581805)    0    0 -12.42815542  4 5.000  -3.44561780
(-16.9283712, 19.1721396, 18.4901746, -0.6058533,  0.0062779, -0.6643736, -0.4376185)    0    0  -7.30699544 11 0.040  -3.47909690
(-21.3064941, 13.2170075, 20.8834770,  0.0080166,  0.4000731,  0.5793684,  0.7100772)    0    0 -12.49425276  8 2.840  -6.78267048
(-14.9145972, 23.8110805, 13.9475269, -0.8855132, -0.0235090, -0.3014928, -0.3527263)    0    0 -29.26779444  1 5.000 -19.50238638
(-16.8735799, 19.0082116, 18.2932477, -0.6061025,  0.0062601, -0.6641808, -0.4375663)    0    0 -11.27911178  0 0.400  -3.60657566
(-22.2336906, 23.5220602, 26.8569051,  0.3843399,  0.6508005, -0.5158010, -0.4033420)    0    0   1.37847325 10 0.040   1.36374119
(-20.4264954, 12.1994777, 25.2912965,  0.5092910,  0.6737115, -0.4774224, -0.2424940)    0    0  -2.68763709 13 3.720  -4.56281948
(-16.7381821, 15.4810743, 29.2966206,  0.5310411, -0.0374064, -0.2250899,  0.8160458)    0    0  18.59359042  3 5.000  12.68275793
(-22.3560991, 18.3427391, 23.6075883, -0.4908850, -0.6621249, -0.4364249, -0.3605309)    0    0 -10.97249757  5 4.920  -3.90242323
(-16.7610162, 18.7794060, 18.2175879, -0.6058855,  0.0060696, -0.6644498, -0.4374613)    0    0  -2.55182690  1 5.000  -1.41546761
(-16.4017853, 27.6267661, 23.6185815, -0.6233265, -0.6280021,  0.2145278,  0.4135874)    0    0  -7.36236643 10 0.920  -3.43157414
(-10.4499473, 15.8550414, 20.4248998, -0.2193207,  0.1364486, -0.7431230, -0.6172911)    0    0  -4.72658529  2 4.760  -1.61118872
(-16.1377977, 20.6879519, 27.9377759,  0.5492083, -0.0435652, -0.2524905,  0.7954375)    0    0   5.00980197  7 4.840   2.05753027
(-17.0119104, 14.6840987, 29.5307940,  0.5310424, -0.0374049, -0.2250989,  0.8160425)    0    0  18.36352927  7 2.440  12.61829905
(-10.8399014, 14.7190310, 25.0216223, -0.6718495,  0.0480488,  0.4130287,  0.6129536)    0    0  12.58467483  2 1.480   9.25481882
(-22.6571060, 23.5541529, 26.3984492,  0.3840505,  0.6494683, -0.5171148, -0.4040891)    0    0   5.66226783  2 2.360   3.92881967
(-15.6533583, 21.2006926, 27.5123252,  0.5780423, -0.0492693, -0.2655888,  0.7700014)    0    0   6.40303275  1 3.720   4.80164398
(-21.3624332, 12.7314519, 20.3566242,  0.0080130,  0.4000792,  0.5793675,  0.7100745)    0    0 -11.00011346  1 4.280  -7.21210766
(-20.1922014, 17.9188415, 29.7995304, -0.4772786, -0.6615725, -0.4497659, -0.3636448)    0    0   7.91049685 10 0.200   6.44900458
(-22.5823417, 23.7472185, 26.6846414,  0.3870781,  0.6533122, -0.5123568, -0.4009944)    0    0   3.75541936  8 0.160   3.83277548
(-20.2299445, 17.9578406, 29.7595624, -0.4771140, -0.6615235, -0.4499573, -0.3637132)    0    0   8.79293721  9 0.600   6.66019851
(-14.1089222, 23.3135050, 26.4727583,  0.7389566, -0.1315458, -0.3938036, -0.5306117)    0    0   3.88896297  2 1.000   3.42139482
(-21.3725798, 12.7348045, 20.3668917,  0.0080145,  0.4000781,  0.5793680,  0.7100747)    0    0 -11.00381477  2 1.720  -7.23771157
(-12.3260942, 23.7891230, 24.6212209,  0.1033550, -0.1236276, -0.3830957, -0.9095448)    0    0  -4.14207212  2 4.280  -2.71916983
(-12.1944780, 23.5768030, 23.9146670,  0.1044024, -0.1233184, -0.3832176, -0.9094152)    0    0  -5.48047883  7 1.560  -2.79968987
(-20.3920450, 12.1612229, 25.4079810,  0.4550592,  0.7433439, -0.4585535, -0.1734231)    0    0   4.35481019 11 0.840   4.63453511
(-22.3557489, 18.4059518, 23.5500407, -0.5008662, -0.6620366, -0.4270997, -0.3583663)    0    0 -12.11607878  4 4.760  -4.24776035
(-12.3027231, 23.7557864, 24.3890155,  0.1040260, -0.1236075, -0.3831679, -0.9094402)    0    0  -4.67174155  3 3.240  -2.80104931
(-12.2574653, 23.9736847, 24.5868356,  0.1049250, -0.1235770, -0.3832489, -0.9093073)    0    0  -4.84492832  4 2.360  -2.72130040
(-14.2946834, 22.9611972, 26.3951767,  0.7344728, -0.1324272, -0.3940787, -0.5363372)    0    0  -2.73281242  7 0.680  -1.45087141
(-16.9924708, 15.1864314, 29.3798616,  0.5310406, -0.0373917, -0.2250897,  0.8160468)    0    0  17.75321861 10 0.360  12.22561738
(-14.0641203, 23.4385203, 26.4291287,  0.7387884, -0.1315390, -0.3937712, -0.5308715)    0    0   1.91097215  6 0.520   0.87969086
(-10.3841112, 15.8515484, 20.6110299, -0.2171449,  0.1361185, -0.7432192, -0.6180134)    0    0 -11.43052782  8 1.240  -7.38119437
(-16.7436465, 18.8138047, 18.2559089, -0.6058841,  0.0060727, -0.6644526, -0.4374590)    0    0  -1.62001348  0 5.000  -1.05814026
(-16.5088972, 27.6732014, 23.8034430, -0.6235345, -0.6281814,  0.2142915,  0.4131247)    0    0  -6.85540360  7 1.640  -5.71923921
(-19.9184848, 12.1098947, 25.6246306,  0.4531093,  0.7455092, -0.4578803, -0.1710369)    0    0   9.92509813  4 1.480   7.08610719
(-10.3296635, 15.5005494, 20.6660203, -0.2196583,  0.1364321, -0.7430523, -0.6172599)    0    0  -4.15469012  1 4.520  -2.12582291
(-16.6262506, 19.0459051, 18.5145538, -0.6058854,  0.0060634, -0.6644507, -0.4374602)    0    0  -5.65338731  9 4.680  -5.44111752
(-20.3450730, 18.0666928, 30.1287708, -0.4771547, -0.6615336, -0.4499109, -0.3636990)    0    0  10.98170831  4 3.000   7.21479200
(-12.3187375, 23.7400182, 24.4307931,  0.1035486, -0.1236101, -0.3831153, -0.9095168)    0    0  -4.11799253  1 3.160  -2.59481783
(-17.0502278, 15.0627870, 29.3681167,  0.5310436, -0.0373852, -0.2250544,  0.8160549)    0    0  18.38351015  6 0.760  12.49446073
(-16.9109734, 18.4500041, 28.8213940,  0.5340379, -0.0386248, -0.2302974,  0.8125418)    0    0  11.20819084  6 3.400   8.48279506
(-15.5945365, 14.0734720, 20.3580283,  0.8890535,  0.0528494,  0.3648781,  0.2713941)    0    0  -8.41269697  1 4.520  -5.23984517
(-20.3345660, 17.7883187, 28.2008129, -0.4781294, -0.6616920, -0.4488719, -0.3634128)    0    0  -3.06565805  8 1.560   0.13009833
(-12.3455531, 13.7441640, 25.8140899, -0.6759133,  0.0204518,  0.4262015,  0.6008954)    0    0  19.83483594  1 5.000  13.74908025
(-16.5146991, 18.8814456, 18.5112188, -0.6059055,  0.0063490, -0.6643003, -0.4376565)    0    0 -11.08649109  6 0.200  -3.31256349
(-21.4570470, 13.0251254, 20.7632777,  0.0080130,  0.4000792,  0.5793675,  0.7100745)    0    0 -11.21191626  5 5.000  -7.75789494
(-22.4212892, 23.8258797, 26.6790595,  0.3839769,  0.6490542, -0.5175145, -0.4043132)    0    0   5.88050922  0 5.000   3.92033961
(-12.8487245, 23.5944990, 24.8487453,  0.6062171, -0.1389911, -0.4128530, -0.6653831)    0    0  -7.53565779 25 3.400  -8.55840099
(-16.4805920, 19.0932279, 18.6486871, -0.6059052,  0.0063673, -0.6642837, -0.4376817)    0    0  -7.44359333  0 0.520  -1.46556429
(-20.5117511, 12.0318777, 26.0527437,  0.4531254,  0.7455123, -0.4579087, -0.1709045)    0    0  10.41980984  1 3.880   7.13467285
(-16.6489832, 18.8604558, 18.3593464, -0.6059658,  0.0062263, -0.6642960, -0.4375814)    0    0 -11.94046092 14 0.040  -5.48821876
(-16.4411089, 27.6603779, 23.5936154, -0.6229161, -0.6277078,  0.2150944,  0.4143558)    0    0 -13.33992052 11 0.520  -7.65533281
(-16.5088300, 19.2216019, 18.7248960, -0.6058844,  0.0060766, -0.6644453, -0.4374696)    0    0  -5.33167632  6 1.880  -1.09403814
(-17.0288083, 14.9528035, 29.3933075,  0.5310440, -0.0374013, -0.2251079,  0.8160391)    0    0  18.31276225  8 0.760  12.46543974
(-22.1818352, 24.0652058, 26.9503146,  0.3839773,  0.6490539, -0.5175145, -0.4043132)    0    0   5.57655864  5 5.000   3.55382370
(-20.0640918, 17.8245906, 29.3431815, -0.4771658, -0.6615374, -0.4498973, -0.3636942)    0    0  10.64806162  7 4.760   7.53389103
(-13.6619226, 13.3726010, 25.6730088, -0.6768723,  0.0046527,  0.4304703,  0.5970909)    0    0   6.16590446 12 1.640   4.97961946
(-15.8696174, 13.9614844, 20.6439548,  0.8890739,  0.0529479,  0.3648146,  0.2713932)    0    0  -8.38161907  0 3.640  -5.23766365
(-16.2886663, 27.8659123, 23.6204121, -0.6235766, -0.6282182,  0.2142319,  0.4130359)    0    0  -3.11475908  2 2.920  -1.10564133
(-16.9366311, 18.5361769, 17.9348629, -0.6058847,  0.0060667, -0.6644528, -0.4374579)    0    0  -3.72611433  2 5.000  -1.04934045
(-16.4015253, 27.8091149, 23.8180736, -0.6236285, -0.6282583,  0.2141651,  0.4129313)    0    0  -3.85263733  3 5.000  -3.46907142
(-17.2142276, 18.8533825, 17.8594859, -0.6062709,  0.0069739, -0.6637019, -0.4380467)    0    0 -14.64492280  7 0.920  -8.56249572
(-16.5804411, 26.7764955, 26.3358927,  0.0402068,  0.3295290, -0.4407311,  0.8339965)    0    0  -2.50984463  0 5.000  -1.67323086
(-22.3619266, 23.4640031, 26.5593879,  0.3840497,  0.6494690, -0.5171147, -0.4040889)    0    0   5.64561498  3 2.920   4.02476067
(-20.0069716, 17.8100625, 29.3404975, -0.4773037, -0.6615885, -0.4497303, -0.3636269)    0    0   8.19971087  2 1.080   6.43930362
(-13.4328786, 23.3974399, 26.4420051,  0.7386793, -0.1305035, -0.3943782, -0.5308280)    0    0   3.18537092  7 2.200   1.70882901
(-10.1515322, 14.7669203, 25.0779926, -0.6723196,  0.0443138,  0.4148490,  0.6114567)    0    0  11.39070435  5 0.760   9.16044849
(-15.7795955, 20.8548593, 27.6591445,  0.5574826, -0.0451717, -0.2528549,  0.7894536)    0    0   5.47564954  3 4.280   2.21835684
(-14.8688049, 24.0865168, 14.1030434, -0.8855130, -0.0235087, -0.3014930, -0.3527266)    0    0 -25.61457981  0 5.000 -17.04995647
(-20.3913572, 12.1220399, 25.5416789,  0.4529966,  0.7456622, -0.4578055, -0.1708685)    0    0   9.29014176  7 0.600   7.00843675
(-10.5263466, 14.7057138, 25.0739808, -0.6719126,  0.0473738,  0.4133956,  0.6126919)    0    0  12.68146138  1 1.480   9.58265378
(-10.4151170, 15.8578731, 20.4760012, -0.2195296,  0.1364526, -0.7430833, -0.6172637)    0    0  -3.71134846  0 3.960  -1.70404734
(-21.3800376, 12.8278074, 20.4571829,  0.0080131,  0.4000779,  0.5793675,  0.7100752)    0    0 -11.38839255  6 4.120  -7.04834233
(-19.8258190, 17.5163000, 28.7408636, -0.4775629, -0.6616406, -0.4494494, -0.3635390)    0    0   4.99821405  9 0.440   5.90407671
(-16.0895523, 28.2523957, 23.9349809, -0.6235540, -0.6281996,  0.2142627,  0.4130824)    0    0  -7.05996526  9 2.280  -5.61578235
(-16.0603357, 13.7580917, 20.9397257,  0.8895962,  0.0535357,  0.3639585,  0.2707016)    0    0  -9.92131019  5 3.080  -6.08119814
(-22.0949076, 23.7657516, 26.4837161,  0.3842733,  0.6499421, -0.5166103, -0.4037605)    0    0   3.51918077  0 0.680   1.37162679
(-20.3451979, 17.8412512, 27.9793482, -0.4785387, -0.6616599, -0.4485534, -0.3633225)    0    0  -4.52159187  7 1.720  -1.23161970
(-21.4874963, 13.1248281, 20.9057612,  0.0065826,  0.3997208,  0.5792718,  0.7103674)    0    0 -12.51404089  9 1.080  -6.71111094
(-16.6317664, 19.0376307, 18.5044391, -0.6058841,  0.0060706, -0.6644485, -0.4374652)    0    0  -5.64608431  8 4.760  -5.44097546
(-10.7973328, 14.8450607, 24.9251816, -0.6718836,  0.0473050,  0.4134812,  0.6126715)    0    0  11.43974082  4 1.240   9.03892869
(-21.3503642, 12.8183149, 20.4325382,  0.0080156,  0.4000736,  0.5793680,  0.7100772)    0    0 -13.27241661  7 0.360  -9.56623486
(-13.7366243, 23.4619604, 26.4411653,  0.7391283, -0.1332614, -0.3933590, -0.5302815)    0    0   5.64059629  0 2.920   4.02277089
(-20.2147974, 12.1626619, 25.6445178,  0.4537845,  0.7448529, -0.4579619, -0.1718799)    0    0   9.51509868  4 0.680   6.99398808
(-20.2046706, 17.9818661, 29.8343251, -0.4771546, -0.6615335, -0.4499109, -0.3636992)    0    0  11.12386259  3 4.360   8.15918194
(-17.1361479, 14.6625065, 29.4430535,  0.5310408, -0.0374061, -0.2250879,  0.8160465)    0    0  18.67027673  1 1.560  12.65909181
(-22.0460446, 23.5405682, 26.6252706,  0.3840849,  0.6496473, -0.5169379, -0.4039953)    0    0   5.26703256  9 2.360   3.92313191
(-17.0348218, 15.0106311, 29.3787041,  0.5310419, -0.0373937, -0.2250689,  0.8160516)    0    0  18.67927124  0 5.000  12.73226022
(-22.4203694, 23.8218950, 26.6777468,  0.3840725,  0.6495871, -0.5169997, -0.4040248)    0    0   5.60867291  4 2.120   3.70664789
(-11.2123991, 14.3227343, 25.3625762, -0.6748383,  0.0283197,  0.4226072,  0.6042443)    0    0  11.82913718 13 1.240   6.65704525
(-20.5404796, 17.7375999, 27.6804502, -0.4795760, -0.6617772, -0.4474623, -0.3630731)    0    0  -4.87672363 10 1.880  -2.32264754
(-22.5505763, 24.2598760, 26.8143558,  0.3843504,  0.6492888, -0.5170339, -0.4041960)    0    0   5.29428630  8 0.760   3.60909926
(-20.7656403, 12.0405641, 25.4844430,  0.4538342,  0.7447876, -0.4579186, -0.1721489)    0    0   8.89618138  1 0.600   6.76311012
(-12.2825793, 23.6622054, 24.0684044,  0.1075670, -0.1237512, -0.3837237, -0.9087648)    0    0  -4.99706180  5 2.760  -2.81007059
(-17.3402471, 18.9928561, 17.8779515, -0.6067268,  0.0064355, -0.6635488, -0.4376561)    0    0 -15.79422973  5 1.080  -8.59680604
(-15.8830312, 13.9587557, 20.6557930,  0.8889915,  0.0525657,  0.3650790,  0.2713822)    0    0  -9.48373923  4 3.480  -5.58061510
(-22.3916989, 23.7370133, 26.6222940,  0.3851369,  0.6508503, -0.5152210, -0.4032446)    0    0   4.58228021 10 0.120   3.69721807
(-16.7150498, 15.4640484, 29.2856433,  0.5310414, -0.0374077, -0.2250919,  0.8160449)    0    0  18.62284894  2 5.000  12.66136915
(-15.8561200, 14.0435908, 20.5711843,  0.8888431,  0.0523756,  0.3652979,  0.2716096)    0    0  -8.77075870  2 2.360  -5.21827346
(-22.1704611, 24.1736771, 27.0061267,  0.3840757,  0.6495889, -0.5169960, -0.4040236)    0    0   5.55717298  6 3.000   3.93908952
(-16.5554814, 19.2700188, 18.7470149, -0.6058762,  0.0061485, -0.6644140, -0.4375274)    0    0  -3.94058629  3 0.920  -1.05610995
(-21.7698658, 18.0823991, 24.8959046, -0.4881500, -0.6621087, -0.4390406, -0.3610978)    0    0  -4.62166931  2 3.960  -0.74231640
(-15.9825125, 16.2292241, 29.1487924,  0.5308518, -0.0380844, -0.2249869,  0.8161656)    0    0  16.28143350 11 1.640  11.61554233
(-16.6384610, 19.0290518, 18.4942422, -0.6058844,  0.0060675, -0.6644529, -0.4374581)    0    0  -5.59980701  7 4.840  -5.42323639
(-22.4206775, 23.8234853, 26.6781575,  0.3840035,  0.6492339, -0.5173388, -0.4042242)    0    0   5.43833167  7 3.880   3.48788656
(-20.3451017, 12.1543019, 25.3776895,  0.4530755,  0.7456335, -0.4577816, -0.1708487)    0    0  10.28608935  3 0.840   7.05795754
(-12.5024642, 13.5715281, 25.4267391, -0.6758902,  0.0204705,  0.4262091,  0.6009153)    0    0  18.28877871  7 2.200  13.58248786
(-20.2404650, 18.0161878, 29.9441254, -0.4771495, -0.6615316, -0.4499174, -0.3637013)    0    0  11.60776433  0 5.000   8.12203949
(-17.1881448, 15.0954835, 29.3170720,  0.5310415, -0.0373926, -0.2250651,  0.8160529)    0    0  18.23761271  9 3.800  12.35567393
(-17.0476507, 15.4343772, 29.2496355,  0.5310360, -0.0374470, -0.2251345,  0.8160349)    0    0  17.90166513  2 0.760  11.87012251
(-20.5576084, 12.0124775, 25.9738696,  0.4531599,  0.7455390, -0.4578466, -0.1708627)    0    0  10.34656258  2 2.760   7.03921897
(-25.4489608, 16.7548783, 25.2141419, -0.1367778, -0.7403760, -0.6520409, -0.0893186)    0    0 -11.15416645  0 5.000  -7.44550039
(-16.6489795, 27.6405837, 24.2404522, -0.6233066, -0.6279880,  0.2145337,  0.4136360)    0    0  -7.49923131 11 0.120  -3.42290174
(-16.4392355, 27.7541511, 23.8079549, -0.6235691, -0.6282125,  0.2142417,  0.4130509)    0    0  -4.85491460  4 3.400  -3.46862476
(-10.4751222, 15.8658688, 20.3773335, -0.1895516,  0.1317132, -0.7433445, -0.6278223)    0    0 -17.50337670 10 3.160  -5.00485833
(-10.3611875, 14.5431065, 25.4805482, -0.6724352,  0.0438496,  0.4152386,  0.6111097)    0    0   9.85954201  6 0.760   7.57130036
(-22.7700381, 24.2175880, 26.6492626,  0.3840801,  0.6495865, -0.5169923, -0.4040280)    0    0   3.60665051  1 0.840   0.97632784
(-12.0714190, 13.9193519, 25.4312594, -0.6758686,  0.0203483,  0.4262580,  0.6009090)    0    0  19.06077591  2 5.000  12.62889749
(-15.9206744, 16.5589107, 29.0415250,  0.5308647, -0.0380187, -0.2249419,  0.8161728)    0    0  15.68453441  9 2.040  11.27577872
(-12.2530543, 13.8034579, 25.6855781, -0.6759204,  0.0204919,  0.4261759,  0.6008839)    0    0  19.85529628  0 5.000  13.30305739
(-16.3828077, 27.8342587, 23.8216803, -0.6236291, -0.6282582,  0.2141614,  0.4129249)    0    0  -1.60352572  0 5.000  -1.05877922
(-14.9821470, 22.9352205, 26.3374428,  0.7391879, -0.1354699, -0.3919940, -0.5306503)    0    0  -2.80469475  5 0.600   0.43418568
(-16.3603285, 27.7415931, 24.0423111, -0.6235468, -0.6281925,  0.2142737,  0.4130985)    0    0  -6.94949070  8 3.240  -5.58795168
(-16.1654549, 28.1463872, 23.8823015, -0.6236281, -0.6282580,  0.2141658,  0.4129321)    0    0  -2.97988482  1 5.000  -1.02257093
(-14.0611702, 23.1050547, 26.3979900,  0.7380205, -0.1311018, -0.3943109, -0.5316431)    0    0   1.64104909  1 0.440   1.62566443
(-20.4266464, 12.0824391, 25.7866986,  0.4531338,  0.7455023, -0.4579170, -0.1709038)    0    0  10.46903428  0 4.680   7.03406880
(-16.7435209, 15.7326106, 29.3736826,  0.5310110, -0.0375579, -0.2251070,  0.8160536)    0    0  17.25272408  4 0.920  11.49464759
(-21.4520185, 13.0173117, 20.7521279,  0.0080144,  0.4000780,  0.5793679,  0.7100748)    0    0 -11.09700460  3 5.000  -7.52092941
(-20.2754320, 18.0967689, 30.1815113, -0.4771550, -0.6615336, -0.4499106, -0.3636989)    0    0  11.12669367  2 5.000   7.51132741
(-10.3280085, 15.9723321, 20.5905226, -0.2189957,  0.1363651, -0.7431196, -0.6174285)    0    0  -6.36904919  5 1.880  -4.53734544
(-12.0641635, 13.8338135, 25.4908060, -0.6758052,  0.0211105,  0.4260153,  0.6011255)    0    0  16.80384902  1 0.680  14.02533015
(-22.5395715, 23.9987107, 27.2064297,  0.3840868,  0.6496533, -0.5169323, -0.4039909)    0    0   5.00566811  1 0.600   3.83065934
(-12.3125764, 23.7184144, 24.3483892,  0.1032220, -0.1236302, -0.3830815, -0.9095655)    0    0  -4.06174194  0 4.840  -2.76723586
(-12.2363210, 13.8189643, 25.6807311, -0.6758120,  0.0208760,  0.4261177,  0.6010539)    0    0  17.51991387  9 1.000  12.13549007
(-20.1607932, 17.9443600, 29.7137493, -0.4771426, -0.6615308, -0.4499245, -0.3637030)    0    0  10.73747591  5 2.520   8.13361940
(-20.0966963, 17.7426901, 28.7098063, -0.4777703, -0.6616539, -0.4492474, -0.3634910)    0    0   0.27518680  8 1.240   3.24108262
(-16.7112155, 18.8794810, 18.3288718, -0.6058846,  0.0060787, -0.6644456, -0.4374687)    0    0  -4.46908981  4 1.720  -1.70502650
(-10.0940341, 15.8418149, 20.9954685, -0.2178289,  0.1362577, -0.7431738, -0.6177987)    0    0  -7.64777565  6 2.280  -1.91671803
(-20.1295624, 12.1276234, 25.6138135,  0.4532398,  0.7454355, -0.4578388, -0.1711226)    0    0   9.81567910  5 0.920   7.01968484
(-15.8812564, 13.9671532, 20.6478404,  0.8890334,  0.0539153,  0.3649010,  0.2712169)    0    0  -9.30343063  3 3.800  -5.74725888
(-20.5304418, 12.0824281, 25.3525493,  0.5637295,  0.5825730, -0.4913305, -0.3184526)    0    0  -5.70303358 13 2.440  -8.05174024
(-22.6013677, 23.9406278, 26.6314352,  0.3839856,  0.6491137, -0.5174573, -0.4042825)    0    0   5.74944200  1 5.000   3.89185890
(-16.0455888, 13.8788033, 20.8362051,  0.8930785,  0.0545788,  0.3594832,  0.2648006)    0    0 -17.82317968  6 3.080  -6.63930747
(-17.0705573, 14.9994134, 29.3839291,  0.5310385, -0.0374525, -0.2250933,  0.8160444)    0    0  18.13729406  8 0.200  12.45685084
(-13.6736850, 23.4856515, 26.4415532,  0.7390696, -0.1338102, -0.3931193, -0.5304035)    0    0   4.14900964  2 2.280   3.40039257
(-16.2783059, 14.0112073, 20.8798634,  0.8975474,  0.0545757,  0.3533861,  0.2579699)    0    0 -22.70565698  8 2.680  -7.51058402
(-14.1241998, 23.2315884, 26.3783698,  0.7391826, -0.1336615, -0.3931469, -0.5302632)    0    0   3.93995462  4 3.080   4.02344240
(-20.3274750, 18.1158344, 30.2552511, -0.4771492, -0.6615316, -0.4499176, -0.3637013)    0    0  11.16327039  1 5.000   7.59385985
(-16.0643139, 28.2602186, 23.8809240, -0.6235528, -0.6281904,  0.2142700,  0.4130945)    0    0  -5.83876940  5 0.680  -3.38020667
(-20.2801462, 18.0555585, 29.9521272, -0.4771431, -0.6615296, -0.4499248, -0.3637042)    0    0  10.56439710  8 2.360   7.23345024
(-12.0696041, 13.9212044, 25.4305636, -0.6758981,  0.0205669,  0.4261712,  0.6009300)    0    0  18.95303067  3 3.560  12.67117912
(-20.1660674, 17.9501880, 29.7496303, -0.4771657, -0.6615403, -0.4498962, -0.3636905)    0    0   9.33192754  8 0.520   6.59475508
(-17.0051221, 18.9798877, 18.2164449, -0.6059214,  0.0062356, -0.6643416, -0.4375735)    0    0  -7.78351717  0 0.680  -3.59292973
(-12.2070861, 13.8508504, 25.6525996, -0.6758242,  0.0204463,  0.4262494,  0.6009618)    0    0  17.64732670  8 1.720  12.59839070
(-23.0064843, 18.7214923, 21.8517479, -0.5252120, -0.6601850, -0.4032846, -0.3543760)    0    0 -25.96713040  4 4.040 -14.04255561
(-12.2467184, 23.6667010, 24.0849121,  0.1054866, -0.1236554, -0.3834097, -0.9091609)    0    0  -5.01257692  6 1.400  -2.54648672
(-13.9843430, 23.4275633, 26.4902299,  0.7390041, -0.1334872, -0.3933049, -0.5304389)    0    0   2.47125362  8 1.080  -0.49735336
(-16.6282341, 19.0511492, 18.5184297, -0.6058797,  0.0061526, -0.6644086, -0.4375308)    0    0  -7.35182698  0 0.400  -1.26047959
(-20.3973327, 17.7488714, 27.8412711, -0.4794427, -0.6618721, -0.4474925, -0.3630451)    0    0  -5.04923227  7 1.800  -2.08937908
(-16.8141593, 18.6727165, 18.0992608, -0.6058824,  0.0060749, -0.6644514, -0.4374631)    0    0  -4.55818156  5 2.840  -1.19694703
(-20.4349482, 12.1693872, 25.6757130,  0.4530385,  0.7455846, -0.4578753, -0.1709089)    0    0   8.51979315 10 2.040   3.98041644
(-10.2862279, 16.0285781, 20.6331708, -0.2196109,  0.1364299, -0.7430644, -0.6172627)    0    0  -5.58616136  3 4.680  -4.26073011
(-17.6675586, 19.1078560, 17.6267299, -0.6072015,  0.0065875, -0.6630831, -0.4376990)    0    0 -16.57742068  5 1.480  -8.74816821
(-10.2463623, 15.9743758, 20.6043334, -0.2188099,  0.1363697, -0.7431121, -0.6175025)    0    0  -8.65213938  7 2.680  -6.96644966
(-14.1097030, 23.3340167, 26.4495044,  0.7377127, -0.1284691, -0.3950489, -0.5321357)    0    0   2.35695205  5 0.600   3.29818268
(-16.2820111, 13.8222271, 21.0506133,  0.9033484,  0.0722993,  0.3400618,  0.2511822)    0    0 -19.86688694  7 3.320  -7.33246806
(-21.4360973, 12.9633924, 20.6748343,  0.0080129,  0.4000789,  0.5793675,  0.7100747)    0    0 -12.10684236  7 1.400  -8.22071399
(-14.3503468, 23.4163676, 26.2162280,  0.7388745, -0.1314521, -0.3939067, -0.5306734)    0    0   2.34155906  9 0.440   1.52110368
(-20.4877351, 17.8273928, 29.9488758, -0.4771339, -0.6615278, -0.4499349, -0.3637070)    0    0   9.75213254  9 0.520   7.06647696
(-21.4703722, 12.9132341, 20.8624252,  0.0080162,  0.4000754,  0.5793683,  0.7100759)    0    0 -11.16919985  3 0.520  -6.35910730
(-12.5246416, 13.6211678, 26.0319602, -0.6758271,  0.0203229,  0.4262861,  0.6009366)    0    0  18.88579252  4 4.920  13.22562434
(-14.0980044, 23.4320144, 26.3989875,  0.7391123, -0.1333377, -0.3933348, -0.5303035)    0    0   5.30056245  1 2.200   4.03870125
(-14.7401004, 22.8401055, 26.2580230,  0.7391186, -0.1352751, -0.3922395, -0.5306144)    0    0   2.50750364  0 0.760   2.34033652
(-20.4273609, 18.1429918, 30.3247948, -0.4771433, -0.6615296, -0.4499245, -0.3637043)    0    0  10.70917479  6 3.880   8.20224278
(-10.9753816, 14.5090679, 25.1958989, -0.6740001,  0.0338264,  0.4199738,  0.6066101)    0    0  13.08335309  1 1.880   8.75088672
(-20.3699787, 12.1263819, 25.5516660,  0.4531327,  0.7455548, -0.4578476, -0.1708635)    0    0   8.70853247  9 2.680   4.25109151
(-21.8596813, 23.4629266, 25.2193894,  0.3872287,  0.6515812, -0.5136656, -0.4020030)    0    0 -15.59898450 13 1.720  -8.60640680
(-15.3061315, 21.8977270, 27.1562471,  0.6722113, -0.0701439, -0.3394599,  0.6542008)    0    0   4.94203932  3 2.520   7.72031943
(-12.0609794, 13.8428500, 25.1131784, -0.6758910,  0.0203923,  0.4262321,  0.6009007)    0    0  18.86456795  5 5.000  13.13887436
(-10.2804544, 15.8607168, 20.6720434, -0.2154250,  0.1358039, -0.7432092, -0.6186842)    0    0 -13.01298868  9 0.680  -6.47035140
(-20.7481448, 17.9225914, 26.8936107, -0.4808887, -0.6618613, -0.4462215, -0.3627177)    0    0  -5.17456431  9 2.680  -3.47149234
(-19.7483899, 18.1382211, 29.5895729, -0.4774591, -0.6616182, -0.4495558, -0.3635846)    0    0   7.94422440  0 0.760   6.56661686
(-20.1960777, 17.9375690, 29.7432731, -0.4771952, -0.6615458, -0.4498630, -0.3636828)    0    0   7.25231332  9 0.280   4.55409541
(-12.2872687, 13.8774651, 25.6148780, -0.6759065,  0.0204169,  0.4262163,  0.6008937)    0    0  18.58051023  6 4.920  11.84503635
(-16.4721614, 27.8639931, 23.9112581, -0.6230734, -0.6278139,  0.2148303,  0.4140953)    0    0  -8.47069271  8 0.280  -3.22221342
(-10.3446013, 15.3296560, 20.6887840, -0.2183267,  0.1362039, -0.7430904, -0.6177341)    0    0  -5.63369815  0 0.840  -0.77878662
