#Coordinates  RecID  LigID  Luciferin  Neighbor's number  Vision Range  Scoring
(-3.8317041,  6.7492832, 23.5776841,  0.1132543,  0.0334705,  0.9679453, -0.2216643)    0    0   5.00000000  0 0.200   0.00000000
( 0.8191703, 11.6858985, 19.3671478,  0.8452555, -0.4212894, -0.1923630, -0.2665612)    0    0   5.00000000  0 0.200   0.00000000
(-8.9657084, 14.4532883, 17.1782087, -0.4397511, -0.3697939,  0.0258234, -0.8180493)    0    0   5.00000000  0 0.200   0.00000000
(-0.1568195,  4.2340747, 26.8573159, -0.1754117,  0.4489713, -0.7939315, -0.3705783)    0    0   5.00000000  0 0.200   0.00000000
(-8.5118465, 12.8688385, 20.6570343, -0.8880645,  0.1895222, -0.2968014, -0.2955194)    0    0   5.00000000  0 0.200   0.00000000
(-4.4563515,  6.1588568, 27.0134837, -0.6792887,  0.3443636, -0.0242115, -0.6476067)    0    0   5.00000000  0 0.200   0.00000000
(-8.9550194, 14.1995735, 19.0906387,  0.5072036, -0.2868707,  0.7873194, -0.2014397)    0    0   5.00000000  0 0.200   0.00000000
( 2.1849621, 17.9074647, 24.0450991,  0.4570925, -0.5213892,  0.4450913,  0.5666687)    0    0   5.00000000  0 0.200   0.00000000
(-5.9556964, 11.4522260, 30.8637223,  0.5575025,  0.6637135,  0.1808191,  0.4647363)    0    0   5.00000000  0 0.200   0.00000000
(-6.5187705,  5.2597379, 31.5846920, -0.2606100,  0.3889109,  0.2448752, -0.8490388)    0    0   5.00000000  0 0.200   0.00000000
(-0.8665602, 12.1209050, 24.8235733, -0.7811922, -0.0784899, -0.0834039, -0.6136953)    0    0   5.00000000  0 0.200   0.00000000
(-2.9163354,  6.2758577, 25.7309788, -0.2976690, -0.2798037, -0.5107346,  0.7564741)    0    0   5.00000000  0 0.200   0.00000000
( 1.4068171,  9.4437454, 24.6655205, -0.1086703, -0.5981498,  0.4248042,  0.6707824)    0    0   5.00000000  0 0.200   0.00000000
( 3.0912414, 15.8858507, 28.7866831,  0.1633800, -0.6171580,  0.2359964,  0.7326177)    0    0   5.00000000  0 0.200   0.00000000
( 3.3891492, 13.0000253, 21.6711050, -0.9589611, -0.1364247, -0.2373709,  0.0737363)    0    0   5.00000000  0 0.200   0.00000000
(-5.5676002, 16.6775444, 21.3738940, -0.4148355, -0.2512631, -0.3217134, -0.8131905)    0    0   5.00000000  0 0.200   0.00000000
( 1.3112344, 11.0092319, 26.1876045, -0.7815287,  0.5459777, -0.1655832,  0.2523954)    0    0   5.00000000  0 0.200   0.00000000
(-11.0199144, 10.8168089, 23.3262503,  0.8067977, -0.2532930,  0.4730720,  0.2472307)    0    0   5.00000000  0 0.200   0.00000000
(-0.1704328, 12.8021912, 27.1232074,  0.6336115, -0.5866152, -0.5043641,  0.0059968)    0    0   5.00000000  0 0.200   0.00000000
(-11.1964209,  9.9128802, 20.0495065, -0.4133306, -0.5812598, -0.1601935,  0.6823730)    0    0   5.00000000  0 0.200   0.00000000
( 0.2218419,  9.9955137, 27.1651808, -0.8851361, -0.0297902,  0.2023645, -0.4179656)    0    0   5.00000000  0 0.200   0.00000000
( 2.7718281, 11.7893056, 24.0085834,  0.6297392, -0.1362829, -0.3999588, -0.6518347)    0    0   5.00000000  0 0.200   0.00000000
(-0.7688345, 16.6185670, 18.4510084,  0.2364254, -0.4427512, -0.5571337,  0.6615712)    0    0   5.00000000  0 0.200   0.00000000
(-5.6685537, 20.0085650, 25.1427987,  0.6025971,  0.1495184, -0.5938247, -0.5117551)    0    0   5.00000000  0 0.200   0.00000000
( 0.3415477, 14.3975923, 17.3582238, -0.0801318, -0.8295875, -0.4654177, -0.2979091)    0    0   5.00000000  0 0.200   0.00000000
(-2.0721749,  9.6866048, 22.7052297, -0.6480800, -0.0029933,  0.2453162, -0.7209739)    0    0   5.00000000  0 0.200   0.00000000
(-3.6569589, 20.5495347, 23.1249748,  0.1239643, -0.9154037, -0.1534985, -0.3508661)    0    0   5.00000000  0 0.200   0.00000000
( 2.6268705, 10.0756251, 19.5555940, -0.3229132, -0.7402629,  0.1367523, -0.5736172)    0    0   5.00000000  0 0.200   0.00000000
(-8.2754515,  6.6141367, 18.8394807,  0.4335726, -0.8479318, -0.2344156, -0.1951304)    0    0   5.00000000  0 0.200   0.00000000
(-8.0248624, 16.3400308, 18.0310055, -0.3099297, -0.2936000,  0.8997600,  0.0904139)    0    0   5.00000000  0 0.200   0.00000000
(-7.2009169, 14.5456148, 27.4789571,  0.3646025, -0.6622015, -0.6462795,  0.1042930)    0    0   5.00000000  0 0.200   0.00000000
(-7.6850565, 15.4422749, 28.5973381, -0.4940327,  0.6196982,  0.5330194,  0.2963043)    0    0   5.00000000  0 0.200   0.00000000
(-9.4890839,  4.6400463, 21.0053712, -0.9913703,  0.0310497,  0.0939731, -0.0859639)    0    0   5.00000000  0 0.200   0.00000000
(-5.1368904, 17.8560207, 24.1811970, -0.5749230, -0.1101758,  0.4429871,  0.6790341)    0    0   5.00000000  0 0.200   0.00000000
(-6.6187649,  8.0874837, 21.5430002,  0.1862024,  0.7792362,  0.4841914,  0.3516792)    0    0   5.00000000  0 0.200   0.00000000
( 2.6406052, 12.2971327, 20.3237240,  0.9706373, -0.0336462,  0.1049642, -0.2138074)    0    0   5.00000000  0 0.200   0.00000000
(-12.6953615, 16.7840087, 24.8406363,  0.3962930,  0.2570892, -0.1578093,  0.8671524)    0    0   5.00000000  0 0.200   0.00000000
(-8.2563125, 14.5783854, 23.5063916,  0.8825386, -0.2108515, -0.1695593, -0.3845997)    0    0   5.00000000  0 0.200   0.00000000
(-2.6664529, 10.1195805, 20.9423424, -0.2172837, -0.0665708, -0.3667746,  0.9021267)    0    0   5.00000000  0 0.200   0.00000000
(-8.2697164, 10.8977228, 28.8597614, -0.8078883,  0.3176301,  0.4949483, -0.0381274)    0    0   5.00000000  0 0.200   0.00000000
(-5.0354331, 11.6709963, 25.1022414,  0.7614319,  0.0529068,  0.2433976, -0.5984813)    0    0   5.00000000  0 0.200   0.00000000
(-9.7985696, 16.0728670, 26.2968726, -0.1056314, -0.8936463, -0.0066802,  0.4361121)    0    0   5.00000000  0 0.200   0.00000000
(-4.0393619,  9.3491466, 22.0940654, -0.6159648,  0.4703915,  0.4947005,  0.3931803)    0    0   5.00000000  0 0.200   0.00000000
(-5.6295043, 16.6624985, 29.2648979,  0.2378125, -0.6947639,  0.2437861,  0.6334955)    0    0   5.00000000  0 0.200   0.00000000
(-6.5912585, 12.2208094, 20.8725676,  0.9923246,  0.0771945, -0.0760523,  0.0595738)    0    0   5.00000000  0 0.200   0.00000000
(-4.7586169, 10.1683611, 17.7375439,  0.3520820,  0.8969414, -0.2496382, -0.0959959)    0    0   5.00000000  0 0.200   0.00000000
(-4.8195966,  2.4882595, 27.5849370,  0.1433658,  0.5113657, -0.8462739, -0.0420945)    0    0   5.00000000  0 0.200   0.00000000
( 2.4020086, 11.6855508, 19.1977284, -0.0260009, -0.1556472, -0.9696052, -0.1869859)    0    0   5.00000000  0 0.200   0.00000000
(-12.8864141, 14.7618068, 22.6054922, -0.4279587, -0.2623923, -0.4014403, -0.7660596)    0    0   5.00000000  0 0.200   0.00000000
(-10.0104051,  9.5701657, 31.1778015,  0.7173587,  0.1836207,  0.0216914,  0.6717213)    0    0   5.00000000  0 0.200   0.00000000
( 0.0423613,  3.1700937, 27.3258917, -0.5398425,  0.1826356, -0.2302416,  0.7887985)    0    0   5.00000000  0 0.200   0.00000000
( 0.2325805, 15.6893821, 26.0850995, -0.9666763, -0.2227712,  0.1259083,  0.0075469)    0    0   5.00000000  0 0.200   0.00000000
(-9.8654561, 11.2907055, 20.1378209, -0.4255318, -0.8073531, -0.2387537,  0.3318136)    0    0   5.00000000  0 0.200   0.00000000
( 1.0969630, 17.1142045, 23.4133557, -0.3050079, -0.0106344, -0.3927085,  0.8675466)    0    0   5.00000000  0 0.200   0.00000000
(-6.2419044, 16.3693569, 25.6897013, -0.0608032, -0.0798899, -0.6357262, -0.7653579)    0    0   5.00000000  0 0.200   0.00000000
( 0.5951462,  9.0450412, 19.8533144,  0.1654106,  0.8788714, -0.2501801,  0.3709909)    0    0   5.00000000  0 0.200   0.00000000
(-3.1593203,  7.5116846, 20.6401523, -0.7742479,  0.0684518, -0.1583377, -0.6089201)    0    0   5.00000000  0 0.200   0.00000000
( 1.4054410, 10.7756345, 28.1912753,  0.1474539, -0.1758642,  0.9611339, -0.1534626)    0    0   5.00000000  0 0.200   0.00000000
(-12.6714249,  8.9005876, 27.3003715, -0.6850584,  0.6891842,  0.2332996, -0.0359362)    0    0   5.00000000  0 0.200   0.00000000
( 3.9703565, 10.4747562, 20.3436419,  0.7678895,  0.2552645, -0.0510856, -0.5852999)    0    0   5.00000000  0 0.200   0.00000000
(-12.3056685,  9.3342779, 22.8148323, -0.3211139, -0.7010134,  0.0356549, -0.6357632)    0    0   5.00000000  0 0.200   0.00000000
(-3.0626750, 20.5982293, 27.5341863,  0.5757995,  0.7410681,  0.3453148, -0.0055488)    0    0   5.00000000  0 0.200   0.00000000
( 0.6846100, 14.6276916, 20.0972235, -0.4844649,  0.6225548, -0.6074569, -0.0933565)    0    0   5.00000000  0 0.200   0.00000000
(-7.2834462, 14.5444230, 32.7799544,  0.2123906, -0.6925420,  0.2608713, -0.6381395)    0    0   5.00000000  0 0.200   0.00000000
(-11.8676940,  8.4246343, 24.2233912, -0.4068701, -0.7548650, -0.5075307, -0.0839529)    0    0   5.00000000  0 0.200   0.00000000
(-2.3972924, 11.3369930, 31.5613893,  0.1953095, -0.0373627,  0.8967905,  0.3952531)    0    0   5.00000000  0 0.200   0.00000000
(-4.8040454, 12.4443917, 30.0951918,  0.3247245, -0.3554396, -0.2944968,  0.8255231)    0    0   5.00000000  0 0.200   0.00000000
(-2.5511364, 13.5494051, 27.1042914, -0.7891441, -0.2181995,  0.5568142, -0.1399944)    0    0   5.00000000  0 0.200   0.00000000
(-9.1695924,  4.2343575, 23.7839846,  0.0384633, -0.3867129, -0.2296613, -0.8923169)    0    0   5.00000000  0 0.200   0.00000000
(-8.3036346,  9.4001132, 24.5542170, -0.8597400,  0.2384393,  0.1082395,  0.4384951)    0    0   5.00000000  0 0.200   0.00000000
(-7.6236037, 10.9932125, 32.9622835,  0.8182854,  0.2617766,  0.3839754, -0.3382970)    0    0   5.00000000  0 0.200   0.00000000
(-2.1999778, 12.2628176, 19.0450769,  0.4526036, -0.2047483,  0.5127661,  0.7002136)    0    0   5.00000000  0 0.200   0.00000000
( 0.4005294, 13.1440277, 29.7571636, -0.5716780, -0.3564809,  0.0252529,  0.7385580)    0    0   5.00000000  0 0.200   0.00000000
(-2.0253099,  7.8332862, 21.1556915,  0.5898772,  0.7039949, -0.0106768, -0.3953760)    0    0   5.00000000  0 0.200   0.00000000
(-10.7330791,  4.6696417, 22.8649766,  0.5399289,  0.2073186, -0.7744135, -0.2564753)    0    0   5.00000000  0 0.200   0.00000000
(-2.4411661, 17.3979005, 30.4824675, -0.8084460, -0.3590277,  0.4554215, -0.1005254)    0    0   5.00000000  0 0.200   0.00000000
(-3.9939837, 18.2382147, 18.8451547, -0.8381965, -0.4581474, -0.2841513, -0.0823746)    0    0   5.00000000  0 0.200   0.00000000
(-9.8706919, 18.4912761, 26.0922303, -0.2331089, -0.0335058, -0.8025724, -0.5481014)    0    0   5.00000000  0 0.200   0.00000000
(-8.6909660, 12.0605242, 32.4779394,  0.6924566,  0.5677529,  0.0383576,  0.4434965)    0    0   5.00000000  0 0.200   0.00000000
(-1.4504937, 13.0177950, 16.2943579,  0.7163153, -0.3118367,  0.6212474, -0.0608433)    0    0   5.00000000  0 0.200   0.00000000
( 1.3184090,  9.3077222, 29.0249798,  0.1590528, -0.3189519,  0.0011868,  0.9343289)    0    0   5.00000000  0 0.200   0.00000000
(-4.4616359,  8.4728083, 33.8448059, -0.4237754,  0.3809250, -0.2733219, -0.7749875)    0    0   5.00000000  0 0.200   0.00000000
(-1.7488777,  8.7854629, 23.0929705, -0.7635777,  0.3843464, -0.5043513, -0.1218885)    0    0   5.00000000  0 0.200   0.00000000
(-10.8435047,  7.2452100, 21.3365641, -0.4941851, -0.7313683, -0.1244194, -0.4532123)    0    0   5.00000000  0 0.200   0.00000000
(-9.7219049, 12.6121361, 29.7315010, -0.0920988,  0.0011184, -0.3682915,  0.9251367)    0    0   5.00000000  0 0.200   0.00000000
(-10.2469638, 15.7668571, 28.5265029, -0.1250583,  0.4640108,  0.4983214, -0.7216164)    0    0   5.00000000  0 0.200   0.00000000
(-10.9315690, 11.2468326, 24.6505061,  0.4308522, -0.0947009, -0.8472909, -0.2957978)    0    0   5.00000000  0 0.200   0.00000000
(-2.0729971, 10.4741441, 23.7586348,  0.9244973,  0.1768980,  0.2089379,  0.2652487)    0    0   5.00000000  0 0.200   0.00000000
(-9.0639171,  9.7623600, 26.5715124, -0.5321987, -0.0043832,  0.2739249, -0.8010684)    0    0   5.00000000  0 0.200   0.00000000
(-5.3074220,  7.9137123, 19.7660848,  0.1175281, -0.1867432,  0.3807863, -0.8979509)    0    0   5.00000000  0 0.200   0.00000000
(-7.8656214, 14.1310898, 17.2177940,  0.8160116, -0.1586660,  0.0607187, -0.5525065)    0    0   5.00000000  0 0.200   0.00000000
(-7.4363236, 20.4645846, 23.9097063,  0.8031867,  0.4791552,  0.3442585, -0.0823862)    0    0   5.00000000  0 0.200   0.00000000
(-2.3176376, 12.9836028, 24.4973709, -0.1167757,  0.1785285, -0.7893073,  0.5757473)    0    0   5.00000000  0 0.200   0.00000000
(-4.6406295, 20.1098940, 27.8644210,  0.7567394,  0.3689318,  0.0698675,  0.5351199)    0    0   5.00000000  0 0.200   0.00000000
(-5.8543898, 10.4748032, 28.0942769,  0.4771579,  0.3876705,  0.6350204,  0.4677403)    0    0   5.00000000  0 0.200   0.00000000
(-9.3953164,  6.8366624, 27.7676036, -0.0006566, -0.1005251,  0.1143969, -0.9883358)    0    0   5.00000000  0 0.200   0.00000000
(-4.0401453, 14.3073165, 17.1531016,  0.5769502, -0.7284464,  0.0840778, -0.3597573)    0    0   5.00000000  0 0.200   0.00000000
( 0.9049761, 13.7915270, 29.5952075, -0.5600346, -0.5430524, -0.4311898, -0.4533549)    0    0   5.00000000  0 0.200   0.00000000
( 1.4996359, 15.7262353, 29.0221606,  0.1555328,  0.6218481, -0.4776257,  0.6008230)    0    0   5.00000000  0 0.200   0.00000000
( 1.2923523,  7.0483784, 29.0293600, -0.7272411,  0.0163421,  0.2762109,  0.6281407)    0    0   5.00000000  0 0.200   0.00000000
(-4.0808516, 20.4327725, 28.9640719, -0.6714169, -0.2283262, -0.6765116,  0.1984905)    0    0   5.00000000  0 0.200   0.00000000
( 2.7910675, 14.7921920, 26.7852710, -0.1500808,  0.1563560, -0.9720513, -0.0902484)    0    0   5.00000000  0 0.200   0.00000000
(-8.4623473, 13.6410177, 19.0124065,  0.0110037, -0.2426024, -0.5506382, -0.7986367)    0    0   5.00000000  0 0.200   0.00000000
(-10.4532641,  9.7186494, 23.7656818, -0.3270298, -0.8283310,  0.2747854, -0.3625084)    0    0   5.00000000  0 0.200   0.00000000
(-7.4452604,  3.6740638, 21.6577137,  0.0380561, -0.7792238, -0.6251289, -0.0239973)    0    0   5.00000000  0 0.200   0.00000000
(-5.3683973, 18.6310823, 22.6696707,  0.1135062,  0.7079168, -0.5166059,  0.4680689)    0    0   5.00000000  0 0.200   0.00000000
( 1.3973177, 14.6133912, 25.0720247,  0.4290991,  0.7789152, -0.4509383, -0.0762865)    0    0   5.00000000  0 0.200   0.00000000
(-0.4146306, 19.6731764, 25.4541631, -0.4117393,  0.8924084, -0.1592693,  0.0933342)    0    0   5.00000000  0 0.200   0.00000000
( 3.8489190,  7.7338291, 21.2197502, -0.3188916,  0.6113637, -0.4791949, -0.5430606)    0    0   5.00000000  0 0.200   0.00000000
(-2.8323135, 19.1251156, 26.4974924, -0.7443847, -0.5722988, -0.2715297, -0.2112750)    0    0   5.00000000  0 0.200   0.00000000
(-1.7431152, 15.9565233, 28.8839892, -0.5561822, -0.0303005,  0.5828489,  0.5916337)    0    0   5.00000000  0 0.200   0.00000000
(-9.0685466, 15.4790964, 19.8097089, -0.4523115,  0.8723096,  0.1673487,  0.0805277)    0    0   5.00000000  0 0.200   0.00000000
(-0.2202957, 13.1529439, 29.5251059, -0.8627160,  0.3481179, -0.0277300,  0.3657405)    0    0   5.00000000  0 0.200   0.00000000
( 2.2036113,  9.5457332, 29.1246032,  0.8309124,  0.0138523, -0.4948192, -0.2540604)    0    0   5.00000000  0 0.200   0.00000000
( 2.2197559,  5.9743842, 29.3019076,  0.8400616, -0.2718519,  0.2022567,  0.4236571)    0    0   5.00000000  0 0.200   0.00000000
( 1.9628353, 13.6156669, 20.1227975, -0.8650441, -0.0629188, -0.4636384,  0.1810510)    0    0   5.00000000  0 0.200   0.00000000
(-10.5643039,  6.0387332, 24.2719507, -0.4997398,  0.1255337,  0.7623432,  0.3915792)    0    0   5.00000000  0 0.200   0.00000000
(-8.7743351,  5.6946012, 29.7869092, -0.7200676,  0.3266206,  0.5251368, -0.3147267)    0    0   5.00000000  0 0.200   0.00000000
(-13.1730054, 10.9957473, 24.8509425,  0.3297858, -0.6840077,  0.1093638, -0.6414158)    0    0   5.00000000  0 0.200   0.00000000
( 4.1246025,  7.2400324, 26.8555931, -0.3994986,  0.3694056, -0.7780814, -0.3138944)    0    0   5.00000000  0 0.200   0.00000000
(-9.8803387, 15.3148159, 21.8225262,  0.5015088,  0.3814620, -0.3736240,  0.6807208)    0    0   5.00000000  0 0.200   0.00000000
(-0.3100430,  8.8814289, 29.1926998,  0.2742357, -0.2467741, -0.9095686, -0.1912648)    0    0   5.00000000  0 0.200   0.00000000
(-3.2475698, 17.1192173, 31.1523020,  0.1195123,  0.8312317,  0.1092369, -0.5318252)    0    0   5.00000000  0 0.200   0.00000000
(-2.3506834,  5.6095537, 31.2347385, -0.3304647, -0.7618811,  0.3298977,  0.4488851)    0    0   5.00000000  0 0.200   0.00000000
(-9.3914478, 12.5352027, 32.8573662,  0.7558410, -0.2169885,  0.4127525,  0.4596257)    0    0   5.00000000  0 0.200   0.00000000
( 2.0587744, 10.4155726, 30.2220058,  0.1696122, -0.9457719, -0.1692747,  0.2193017)    0    0   5.00000000  0 0.200   0.00000000
(-6.0174574, 12.3899903, 22.7148898, -0.2315156,  0.7620394,  0.5283693, -0.2941467)    0    0   5.00000000  0 0.200   0.00000000
( 4.2890120, 15.2110744, 25.1210994, -0.9109095, -0.3556387, -0.2085990,  0.0158576)    0    0   5.00000000  0 0.200   0.00000000
(-5.8199934, 12.5984653, 23.5922954,  0.5889720, -0.1805402,  0.5628402, -0.5511154)    0    0   5.00000000  0 0.200   0.00000000
(-0.9150638, 21.2421462, 24.9571446,  0.4801656,  0.2932674, -0.6554825, -0.5037637)    0    0   5.00000000  0 0.200   0.00000000
(-1.3407952,  7.8735834, 24.2788693,  0.5589845, -0.3423784,  0.7149141, -0.2433334)    0    0   5.00000000  0 0.200   0.00000000
(-2.7379964,  9.8897993, 15.0307288, -0.8974763,  0.0926204, -0.3451959, -0.2584521)    0    0   5.00000000  0 0.200   0.00000000
( 3.5542966, 15.5927986, 23.8075855,  0.3083746, -0.9392625, -0.0150620,  0.1498804)    0    0   5.00000000  0 0.200   0.00000000
(-12.1034389, 14.4775522, 23.0731621, -0.1851083, -0.5337732,  0.1385766, -0.8133988)    0    0   5.00000000  0 0.200   0.00000000
(-6.8827883, 18.0996033, 30.2505726, -0.5065363, -0.0086709,  0.6538160, -0.5620235)    0    0   5.00000000  0 0.200   0.00000000
(-9.8867907,  7.1934252, 23.5261133,  0.8879220,  0.2824508, -0.1362512, -0.3365288)    0    0   5.00000000  0 0.200   0.00000000
( 0.8990049,  6.6860363, 18.5645945,  0.9304626,  0.0490873,  0.1039742,  0.3478782)    0    0   5.00000000  0 0.200   0.00000000
(-3.8164757, 10.8204596, 18.8681480,  0.5674463,  0.6572291, -0.1121477,  0.4831952)    0    0   5.00000000  0 0.200   0.00000000
( 0.5932577, 10.4892224, 29.6586211, -0.7528572,  0.4046972, -0.3507857,  0.3825907)    0    0   5.00000000  0 0.200   0.00000000
(-0.2567778,  3.9623650, 27.0217980, -0.2542387,  0.1937991,  0.8689723,  0.3777457)    0    0   5.00000000  0 0.200   0.00000000
(-9.5323129, 11.5692944, 23.4712632,  0.4714249,  0.3162817,  0.8229662, -0.0212389)    0    0   5.00000000  0 0.200   0.00000000
(-2.1086561, 15.9106090, 33.0831147, -0.7422365,  0.2455183,  0.2054931,  0.5887090)    0    0   5.00000000  0 0.200   0.00000000
(-4.8624244,  7.2404711, 24.4739947, -0.6584579, -0.4211237, -0.3518592, -0.5150564)    0    0   5.00000000  0 0.200   0.00000000
( 2.1396488, 15.3398842, 18.5675924,  0.0692371, -0.2658740, -0.5278866,  0.8036498)    0    0   5.00000000  0 0.200   0.00000000
( 0.5121018, 16.8416934, 28.8688121, -0.1713928, -0.5505089, -0.7362956, -0.3541656)    0    0   5.00000000  0 0.200   0.00000000
(-6.8200437,  5.2489222, 27.2122408,  0.1038644,  0.4346967,  0.2770512, -0.8505843)    0    0   5.00000000  0 0.200   0.00000000
(-3.8197965, 16.4551157, 21.6011773,  0.0546717, -0.9937988,  0.0556740,  0.0792172)    0    0   5.00000000  0 0.200   0.00000000
(-2.9487783,  4.5613314, 27.5294734, -0.5314413, -0.5969368,  0.5984048,  0.0561095)    0    0   5.00000000  0 0.200   0.00000000
(-8.2192080,  4.0532954, 21.4586665,  0.5066663, -0.2093574, -0.7721830,  0.3212355)    0    0   5.00000000  0 0.200   0.00000000
(-3.6995858, 12.8891199, 21.0695779,  0.2863089,  0.8016743, -0.1052877,  0.5140623)    0    0   5.00000000  0 0.200   0.00000000
(-2.5520091, 14.6417199, 15.7879320, -0.8600729,  0.0350551, -0.3745477,  0.3446155)    0    0   5.00000000  0 0.200   0.00000000
(-8.3487971,  6.9913266, 27.5393572, -0.1003690,  0.4496418, -0.0075004,  0.8875202)    0    0   5.00000000  0 0.200   0.00000000
(-9.0345011,  5.2165197, 27.4058248, -0.4123221,  0.1800835, -0.8492522, -0.2762807)    0    0   5.00000000  0 0.200   0.00000000
(-1.8092628,  3.4321961, 24.3622063,  0.4880192, -0.6982209, -0.5232826,  0.0223648)    0    0   5.00000000  0 0.200   0.00000000
(-2.6697143,  4.3360898, 27.3237315,  0.2948325, -0.8609620, -0.0875456, -0.4051592)    0    0   5.00000000  0 0.200   0.00000000
(-1.6055069, 13.9063447, 32.6776517, -0.4158539,  0.1289897, -0.8988565,  0.0498426)    0    0   5.00000000  0 0.200   0.00000000
(-12.0529942, 14.8274851, 29.5364210,  0.2047068,  0.1137243, -0.5735736,  0.7849683)    0    0   5.00000000  0 0.200   0.00000000
( 3.8239448,  8.7440328, 23.8566477,  0.0789482, -0.9115931, -0.1219329, -0.3845746)    0    0   5.00000000  0 0.200   0.00000000
(-2.1453668, 16.1496652, 32.5677673, -0.6082985, -0.2250931,  0.7237414, -0.2355937)    0    0   5.00000000  0 0.200   0.00000000
(-8.0186379, 16.0421986, 29.1065332, -0.5374687,  0.0785888, -0.6950355, -0.4710380)    0    0   5.00000000  0 0.200   0.00000000
(-5.3912681,  7.1327528, 18.9447601,  0.0009375,  0.2784325, -0.0002332, -0.9604553)    0    0   5.00000000  0 0.200   0.00000000
(-10.2665951, 14.0143180, 30.4342707, -0.3093789,  0.0866758, -0.8755545, -0.3607996)    0    0   5.00000000  0 0.200   0.00000000
(-6.7334631,  6.8671775, 32.3199376,  0.5998043, -0.0673257, -0.7609099, -0.2381558)    0    0   5.00000000  0 0.200   0.00000000
(-6.0812955,  5.2174726, 25.0841790, -0.6247457, -0.6639648,  0.2744752,  0.3057891)    0    0   5.00000000  0 0.200   0.00000000
(-1.7098785, 18.1682662, 17.4946569,  0.1914413, -0.8558900,  0.4661111,  0.1163744)    0    0   5.00000000  0 0.200   0.00000000
(-10.9725148,  5.9829800, 21.8919783, -0.7037193, -0.2512871,  0.6222045, -0.2334428)    0    0   5.00000000  0 0.200   0.00000000
(-9.5261227,  9.9971178, 22.6807889, -0.8682518, -0.0592946,  0.3143142, -0.3792487)    0    0   5.00000000  0 0.200   0.00000000
(-9.0789135,  9.5680827, 20.5071515, -0.7898372,  0.5202299,  0.3128667, -0.0873647)    0    0   5.00000000  0 0.200   0.00000000
(-6.6477787, 14.1340466, 30.9559527, -0.1979919, -0.2544676,  0.8123783,  0.4858879)    0    0   5.00000000  0 0.200   0.00000000
(-1.3476093, 16.2878745, 24.7799525,  0.4800536,  0.1442946, -0.3796725,  0.7775451)    0    0   5.00000000  0 0.200   0.00000000
( 1.6805811,  8.4530582, 27.1964530,  0.0278883,  0.8875269, -0.0560997, -0.4564768)    0    0   5.00000000  0 0.200   0.00000000
( 1.1451333,  8.6530230, 16.8684710, -0.1177673,  0.9433248,  0.0081116,  0.3101667)    0    0   5.00000000  0 0.200   0.00000000
(-11.5322290, 16.8036370, 24.6249454,  0.4654778,  0.7990831,  0.3301315, -0.1892347)    0    0   5.00000000  0 0.200   0.00000000
(-3.3914813,  9.9946743, 30.2551963, -0.0074652, -0.0031020,  0.3311287, -0.9435510)    0    0   5.00000000  0 0.200   0.00000000
(-11.5452288,  6.7883101, 26.5104242,  0.4260257, -0.0099316, -0.9036147, -0.0434048)    0    0   5.00000000  0 0.200   0.00000000
(-5.7426332, 10.4330354, 15.6655490,  0.4179463, -0.3118241, -0.6792626, -0.5164194)    0    0   5.00000000  0 0.200   0.00000000
(-8.1308905, 15.8133906, 22.1001421, -0.0128768,  0.5487784,  0.4853575,  0.6805179)    0    0   5.00000000  0 0.200   0.00000000
( 0.9813365, 15.0668277, 30.6741606, -0.4387106, -0.1936047, -0.4774691, -0.7362564)    0    0   5.00000000  0 0.200   0.00000000
(-9.3487633, 10.5447664, 26.7652102,  0.0473967,  0.7189934, -0.5910563, -0.3625665)    0    0   5.00000000  0 0.200   0.00000000
(-2.5879569,  4.4634906, 27.9983320,  0.4826293,  0.5800336,  0.4853004, -0.4417166)    0    0   5.00000000  0 0.200   0.00000000
(-3.8048386, 13.3253088, 18.7524533,  0.1227658,  0.3983474,  0.8567292,  0.3037481)    0    0   5.00000000  0 0.200   0.00000000
( 4.0590346, 11.1628972, 23.0778328, -0.6120294,  0.7278055,  0.2774346,  0.1369275)    0    0   5.00000000  0 0.200   0.00000000
(-5.7735293, 13.8638092, 30.5744905,  0.6041653, -0.7127192,  0.0516586, -0.3526287)    0    0   5.00000000  0 0.200   0.00000000
(-6.8026392,  8.0799211, 17.8662635, -0.5626693,  0.6743660,  0.3285761, -0.3473780)    0    0   5.00000000  0 0.200   0.00000000
(-4.5649642, 15.2604828, 30.0740611, -0.3283149,  0.0445115, -0.8296407,  0.4493599)    0    0   5.00000000  0 0.200   0.00000000
(-12.0964950,  6.3382838, 23.8241604,  0.4909685, -0.3269883, -0.5193478,  0.6183093)    0    0   5.00000000  0 0.200   0.00000000
( 2.4125874, 15.3479985, 25.2233470,  0.8269326, -0.2771360, -0.3162516,  0.3733135)    0    0   5.00000000  0 0.200   0.00000000
(-7.8850577, 17.9146495, 29.4251941,  0.7039086, -0.0596475, -0.4291819, -0.5628123)    0    0   5.00000000  0 0.200   0.00000000
(-5.6400762, 15.7102891, 28.2233780, -0.3782012, -0.2575739, -0.8322758, -0.3129480)    0    0   5.00000000  0 0.200   0.00000000
( 2.2788729,  6.1890285, 20.6310650, -0.1459532,  0.4014098, -0.6494635, -0.6290986)    0    0   5.00000000  0 0.200   0.00000000
(-7.5621885, 15.8725573, 27.4489861, -0.2431839,  0.8407903, -0.3598576, -0.3231652)    0    0   5.00000000  0 0.200   0.00000000
( 2.9228457,  9.6360276, 24.9914296, -0.2018117, -0.1703928, -0.1151780, -0.9575867)    0    0   5.00000000  0 0.200   0.00000000
(-7.0631041, 10.7973014, 27.4319884,  0.6657315, -0.6532203,  0.3594953,  0.0294600)    0    0   5.00000000  0 0.200   0.00000000
(-9.2107149, 16.5999260, 27.9754872, -0.8025842,  0.0990306, -0.0244838,  0.5877517)    0    0   5.00000000  0 0.200   0.00000000
(-9.3481795, 11.7638840, 31.8777246, -0.9027728,  0.4226131,  0.0696218,  0.0393995)    0    0   5.00000000  0 0.200   0.00000000
(-9.9704889, 16.8193519, 23.0396423, -0.4727405,  0.6761610,  0.4792894, -0.2993398)    0    0   5.00000000  0 0.200   0.00000000
( 0.9442515,  6.0117862, 26.0583422,  0.1418076,  0.1786448, -0.1455923,  0.9626939)    0    0   5.00000000  0 0.200   0.00000000
(-4.5237813, 14.2102274, 30.8475406,  0.8242211,  0.2564202, -0.3811410,  0.3311189)    0    0   5.00000000  0 0.200   0.00000000
(-1.3292540, 15.9188913, 24.6215794, -0.8797192,  0.2770082,  0.3327328, -0.1965946)    0    0   5.00000000  0 0.200   0.00000000
(-3.2641968,  8.1869915, 31.1555514, -0.8642878,  0.1523552, -0.3696708, -0.3051851)    0    0   5.00000000  0 0.200   0.00000000
