#Coordinates  RecID  LigID  Luciferin  Neighbor's number  Vision Range  Scoring
(12.2539678, -25.2546793, 19.9080674,  0.7266687,  0.5088824, -0.3975682,  0.2343734)    0    0   6.87406915  4 0.560   4.82550624
(15.1711102, -22.6018699, 27.2578676, -0.7468814, -0.2977706,  0.3281097, -0.4958274)    0    0  10.04916848  5 4.840   6.53184715
( 1.4217080, -26.0224064, 22.0040526, -0.3587075,  0.0949715, -0.6442763, -0.6687431)    0    0   1.14758471  6 0.360   2.45254610
( 9.7602721, -22.5140920, 31.8498733, -0.0416502,  0.3294651, -0.2272919, -0.9154542)    0    0  17.55075692 13 0.000  12.18036721
( 9.7112404, -22.3572615, 31.5066116, -0.0416500,  0.3294649, -0.2272921, -0.9154543)    0    0  17.26691507 25 0.000  10.20814437
( 2.7877965, -23.6628041, 24.9558398,  0.3263752, -0.0554466,  0.5377015,  0.7754237)    0    0  10.20883506  0 0.400   7.55172515
( 1.9229805, -23.5959593, 25.3551109,  0.4000247,  0.0033468,  0.5200297,  0.7546775)    0    0 -19.87401162 13 0.000  -4.95673542
( 9.7327549, -22.2553714, 31.4556474, -0.0416518,  0.3294663, -0.2272909, -0.9154539)    0    0  16.73538728  0 0.400  10.27436672
( 9.6138211, -22.1490846, 32.1681600, -0.0416736,  0.3294440, -0.2271240, -0.9155024)    0    0  16.34664557  0 0.400  10.27876221
(10.1459395, -21.7960914, 31.6443493, -0.0416531,  0.3294673, -0.2272902, -0.9154537)    0    0  17.81641603  0 0.400  12.27257373
( 4.1776318, -26.9109811, 30.1424936,  0.8006716,  0.2468184, -0.5042859,  0.2090488)    0    0  14.12198354  2 2.120   9.45765886
( 3.1959696, -19.6261506, 21.0690852, -0.1853245, -0.7745502, -0.1097554, -0.5947104)    0    0 -41.42490167  2 5.000 -27.54606186
( 1.1547058, -26.7593993, 21.5973869, -0.3589633,  0.0947757, -0.6442915, -0.6686188)    0    0  -0.28710008 12 0.760   0.33128997
( 3.0476012, -25.2322410, 30.4527708,  0.8311241,  0.5504741,  0.0207785,  0.0760211)    0    0  18.87597229 12 2.280  12.77018847
( 2.4994821, -23.5773547, 25.1886911,  0.3263792, -0.0554438,  0.5377011,  0.7754226)    0    0   9.55875662  3 0.640   5.41288145
( 3.3536544, -19.8598685, 20.8783780, -0.1853245, -0.7745502, -0.1097554, -0.5947104)    0    0 -38.85224151  0 5.000 -25.90145956
( 3.2653099, -25.2555177, 30.6938104,  0.8311218,  0.5504777,  0.0207882,  0.0760183)    0    0  19.17958730  4 4.280  12.87279885
(12.6058390, -25.2209642, 20.3105213,  0.7266687,  0.5088823, -0.3975683,  0.2343731)    0    0   2.71083352  5 0.160   2.77074637
( 3.4546282, -24.8729889, 30.1764085,  0.8311237,  0.5504747,  0.0207803,  0.0760206)    0    0  18.91564150 10 0.880  12.27270761
(10.0665248, -21.9618864, 31.3189779, -0.0416505,  0.3294653, -0.2272917, -0.9154542)    0    0  18.17165240  2 0.560  12.47958602
(15.2199290, -22.7780349, 27.0220091, -0.7468814, -0.2977706,  0.3281097, -0.4958274)    0    0  10.16969996  3 5.000   6.70250588
( 1.0519730, -26.4157506, 21.6413183, -0.3585002,  0.0951297, -0.6442632, -0.6688444)    0    0   3.63668498  4 1.240   2.26642097
(15.2750830, -22.3934556, 27.4081634, -0.7468814, -0.2977706,  0.3281097, -0.4958274)    0    0  10.32598547  1 5.000   6.96503831
(15.2694713, -22.8843690, 26.8643436, -0.7468814, -0.2977706,  0.3281097, -0.4958274)    0    0  10.23597011  2 5.000   6.83145383
( 1.3548430, -26.0593360, 22.0767144,  0.3435265, -0.0755277,  0.5928617,  0.7244309)    0    0   4.25141897 22 3.640   2.84877565
( 8.2539195, -23.5797716, 17.2094187,  0.2185443,  0.6559406,  0.0449526, -0.7210822)    0    0  -0.34957655  9 3.640  -1.08108303
(12.0703917, -25.2345534, 19.6297083,  0.7266687,  0.5088824, -0.3975681,  0.2343734)    0    0   7.42772226  3 1.520   4.69839219
( 2.4909833, -23.5821773, 25.2655527,  0.3263779, -0.0554448,  0.5377015,  0.7754227)    0    0   9.27616121  0 0.400   6.27523687
( 8.1108251, -23.5407058, 16.7497427,  0.2185443,  0.6559406,  0.0449526, -0.7210822)    0    0  -1.36591759  0 0.600  -0.53081748
(11.9853940, -24.9575438, 19.7763717,  0.7266687,  0.5088824, -0.3975682,  0.2343733)    0    0   5.81130738 13 0.000   4.89226258
(12.0475492, -25.3698278, 19.6189741,  0.7266688,  0.5088821, -0.3975688,  0.2343726)    0    0   5.26925796  0 0.400   4.89479812
( 8.0297930, -23.3745095, 16.9688523,  0.2185443,  0.6559406,  0.0449526, -0.7210822)    0    0   0.99142343  4 4.600   1.21549078
( 3.3685576, -25.1785505, 30.4629784,  0.8311232,  0.5504756,  0.0207825,  0.0760199)    0    0  19.10477695  7 2.000  12.67544344
( 2.9565439, -22.1181921, 30.3168663,  0.1219630,  0.9315436,  0.2482114,  0.2360989)    0    0  10.94935423  3 5.000   7.65781787
( 2.7709872, -23.6156513, 25.0540428,  0.3263797, -0.0554434,  0.5377010,  0.7754224)    0    0   8.33660802  5 0.160   3.73654125
( 9.5993541, -22.3401257, 31.9862112, -0.0416500,  0.3294649, -0.2272920, -0.9154542)    0    0  17.68399938 17 0.000  12.29696340
( 9.5999343, -22.0316149, 32.1173474, -0.0416728,  0.3294434, -0.2271245, -0.9155025)    0    0  17.16316313  0 0.400  10.40269690
( 9.5418233, -21.7649492, 31.9388901, -0.0416499,  0.3294648, -0.2272921, -0.9154543)    0    0  16.64781102  0 0.480  10.24666312
( 0.8714835, -26.3996830, 21.6286642, -0.3586176,  0.0950409, -0.6442719, -0.6687857)    0    0   1.01871299  5 0.760   0.61505609
( 9.6379018, -25.9986012, 19.6114182,  0.6278288, -0.0354799, -0.7097947, -0.3174329)    0    0   3.00449909  2 5.000   2.65983701
( 1.4162311, -26.3181033, 21.7857725, -0.3567358,  0.0927037, -0.6380240, -0.6759969)    0    0  -1.95970569 16 1.000  -1.96457319
(12.1626930, -25.5607192, 19.6797510,  0.7266687,  0.5088823, -0.3975682,  0.2343733)    0    0   6.46691045  9 0.200   5.22396878
( 9.4773476, -22.3388155, 31.6490269, -0.0416512,  0.3294658, -0.2272913, -0.9154540)    0    0  16.84628790  0 0.480  10.18449813
( 3.5172548, -24.9934825, 30.7361948,  0.8332211,  0.5471192,  0.0120575,  0.0784855)    0    0  17.77483057 11 0.000  12.45668580
( 4.6933686, -26.6727189, 29.6902116,  0.8006717,  0.2468184, -0.5042858,  0.2090487)    0    0  14.12179756  3 2.360   9.46196797
( 8.0603651, -23.4429478, 17.0344546,  0.2185443,  0.6559406,  0.0449526, -0.7210822)    0    0   1.40020021  3 0.760   1.73425307
(-3.3607292, -21.8918384, 26.4286495, -0.2069100, -0.3743956, -0.2785958, -0.8598840)    0    0 -13.33506778  4 5.000  -9.07050142
(14.8854341, -22.7284692, 27.4760296, -0.7468814, -0.2977706,  0.3281097, -0.4958274)    0    0  10.16700051  4 5.000   6.70178220
( 0.8904701, -26.4897474, 21.5789862, -0.3585009,  0.0951291, -0.6442632, -0.6688442)    0    0   3.77535922  3 1.880   2.46879346
( 2.0690762, -23.3809093, 25.1570706,  0.3263808, -0.0554426,  0.5377009,  0.7754221)    0    0  10.11799802  1 0.560   8.31106765
( 7.5727763, -23.6298735, 17.0521187,  0.2185443,  0.6559406,  0.0449526, -0.7210822)    0    0   0.09375846  6 0.360   1.79548905
( 3.5491984, -20.0128758, 20.6878442, -0.1853245, -0.7745502, -0.1097554, -0.5947104)    0    0 -41.60175582  3 5.000 -26.89904434
(12.1394396, -25.0545337, 19.9474481,  0.7266687,  0.5088824, -0.3975681,  0.2343734)    0    0   7.87252197  0 5.000   5.24844868
( 9.8749667, -22.5707301, 31.4626332, -0.0416506,  0.3294654, -0.2272917, -0.9154541)    0    0  17.42692005  0 0.480  11.98290843
( 1.8441303, -26.2303679, 21.5781985, -0.3585097,  0.0951232, -0.6442651, -0.6688385)    0    0   1.32536595  0 0.840  -0.39722839
( 2.6207002, -23.4207268, 24.9543627,  0.3263850, -0.0554394,  0.5377002,  0.7754210)    0    0   8.37789024 20 0.000   3.56393632
(12.5642340, -25.0502506, 20.3247576,  0.7266687,  0.5088823, -0.3975684,  0.2343731)    0    0   6.34772843  0 0.640   5.10767217
( 2.8848975, -22.0742670, 30.3065493,  0.1219630,  0.9315436,  0.2482114,  0.2360989)    0    0  12.63105894  0 5.000   8.56311825
( 9.6539612, -22.2892554, 32.1672153, -0.0416509,  0.3294656, -0.2272915, -0.9154541)    0    0  17.05301213  0 0.400  12.24412226
( 2.7531904, -23.5119737, 24.9363414,  0.3265581, -0.0553058,  0.5376675,  0.7753804)    0    0   9.96561891  2 0.640   7.44425356
( 6.9388532, -21.3414665, 26.2237463, -0.1842318, -0.9365798, -0.1673599,  0.2467135)    0    0  -3.99607417  0 5.000  -0.67668405
( 2.5638519, -21.8774214, 30.2602814,  0.1219630,  0.9315436,  0.2482114,  0.2360989)    0    0  10.59184663  4 5.000   6.83131239
(12.2592655, -25.4539235, 19.9832971,  0.7266687,  0.5088823, -0.3975682,  0.2343733)    0    0   6.16944652  0 0.400   4.73430446
( 7.8104823, -23.4621312, 17.0313650,  0.2185443,  0.6559406,  0.0449526, -0.7210822)    0    0  -0.20293475  7 0.600   0.35817349
( 9.5541589, -22.1075791, 32.0648356, -0.0416499,  0.3294648, -0.2272921, -0.9154543)    0    0  18.01134561 10 0.000  12.54777894
(11.8117583, -24.8728801, 28.2705275, -0.1330357, -0.0810723,  0.9120261, -0.3793905)    0    0  20.54864625  2 5.000  13.76005054
( 9.5791356, -25.9421815, 19.6628254,  0.6278288, -0.0354799, -0.7097947, -0.3174329)    0    0   4.52843272  0 5.000   3.01895519
(12.1008341, -24.8749719, 28.5261475, -0.1330357, -0.0810723,  0.9120261, -0.3793905)    0    0  20.62505911  1 5.000  13.85562959
(15.3133471, -22.3151398, 27.4650885, -0.7468814, -0.2977706,  0.3281097, -0.4958274)    0    0  10.02688977  6 4.440   6.64190349
( 6.9537040, -21.5168346, 26.2364893, -0.1842318, -0.9365798, -0.1673599,  0.2467135)    0    0  -4.69920683  3 5.000  -2.17508346
( 8.0766090, -23.7915103, 17.3802928,  0.2185443,  0.6559406,  0.0449526, -0.7210822)    0    0   1.81428216  2 1.880   1.72845405
( 1.0201875, -26.3284412, 21.7710441, -0.3567817,  0.0926679, -0.6380150, -0.6759861)    0    0   0.30693570 12 1.960   0.73965647
( 9.6992035, -22.1672408, 31.8836530, -0.0416497,  0.3294647, -0.2272922, -0.9154543)    0    0  18.51044886  7 0.480  12.36596827
(-3.7268171, -21.9468518, 26.6084223, -0.2069100, -0.3743956, -0.2785958, -0.8598840)    0    0 -12.95259119  3 5.000  -8.62927567
( 2.6496314, -23.6868334, 25.4873122,  0.3263799, -0.0554435,  0.5377014,  0.7754221)    0    0   8.59352331  8 0.400   3.45194398
( 3.4589493, -25.4595599, 30.3794350,  0.8311209,  0.5504790,  0.0207918,  0.0760172)    0    0  19.17414516  5 0.560  12.85723591
( 3.5194167, -24.4939401, 30.2417387,  0.8311267,  0.5504703,  0.0207685,  0.0760239)    0    0  17.93989561  2 0.720  11.92113867
( 1.1680682, -26.3329618, 21.7249621, -0.3601270,  0.0938829, -0.6443569, -0.6680523)    0    0  -0.90707098  5 0.520   0.15966422
( 2.8703124, -23.6844000, 25.0247596,  0.3263775, -0.0554456,  0.5377025,  0.7754221)    0    0   8.67182062  0 0.400   7.61939171
( 3.1236834, -25.1409944, 30.4612838,  0.8311247,  0.5504732,  0.0207762,  0.0760218)    0    0  19.52088986  0 1.400  13.34346848
(12.3324774, -24.8448111, 28.1871741, -0.1330357, -0.0810723,  0.9120261, -0.3793905)    0    0  20.20338910  5 4.920  13.68526611
( 7.0150737, -21.6174634, 26.2311600, -0.1842318, -0.9365798, -0.1673599,  0.2467135)    0    0  -4.21342596  1 5.000  -1.26269692
( 2.8784690, -25.0950689, 30.4573237,  0.8311238,  0.5504746,  0.0207800,  0.0760207)    0    0  19.14170562  6 4.600  12.90252628
( 9.8683667, -22.3377199, 31.5608517, -0.0416741,  0.3294445, -0.2271237, -0.9155023)    0    0  17.13990426  0 0.400  12.37574318
( 3.6365668, -24.6044184, 30.2523752,  0.8311249,  0.5504729,  0.0207752,  0.0760221)    0    0  18.69286182  0 0.600  12.38521689
( 9.7105780, -22.1541247, 31.9055774, -0.0416495,  0.3294645, -0.2272924, -0.9154543)    0    0  18.71992172  3 3.240  12.49675919
( 2.3164304, -23.6808448, 25.0449469,  0.3263790, -0.0554439,  0.5377009,  0.7754228)    0    0   6.05961553  9 0.080   3.60423771
( 2.1146522, -23.4349717, 25.5607812,  0.3263924, -0.0554334,  0.5376984,  0.7754196)    0    0   6.63664264 16 0.000   3.57655405
( 9.8057660, -21.8487645, 31.6699778, -0.0416510,  0.3294657, -0.2272914, -0.9154541)    0    0  16.82362568  0 0.400  10.14656707
(12.0485757, -24.9652595, 20.2027773,  0.7266687,  0.5088823, -0.3975683,  0.2343732)    0    0   5.61326998 15 0.000   2.83043576
(11.9786702, -25.0548255, 28.3602457, -0.1330357, -0.0810723,  0.9120261, -0.3793905)    0    0  18.49941440  8 1.160  10.92718058
( 2.2604007, -23.9479912, 25.3828559,  0.3263758, -0.0554465,  0.5377021,  0.7754231)    0    0   8.55259157  9 0.160   3.75936947
(15.2285815, -22.7119315, 27.0893613, -0.7468814, -0.2977706,  0.3281097, -0.4958274)    0    0  10.45418351  0 5.000   6.96945594
( 3.5660439, -25.3590529, 30.4174393,  0.8363095,  0.5420642, -0.0009975,  0.0821697)    0    0  16.29925419 10 0.120  12.20205093
( 2.6959208, -23.4195250, 25.0136534,  0.3263775, -0.0554452,  0.5377017,  0.7754227)    0    0   9.64027577  3 0.640   5.69088482
(10.2462512, -22.4628154, 31.2562229, -0.0416526,  0.3294669, -0.2272904, -0.9154538)    0    0  17.38174474  0 0.800  11.77996627
(12.1591831, -25.0304469, 20.0166266,  0.7266687,  0.5088824, -0.3975681,  0.2343734)    0    0   7.72926821  1 2.920   5.20234516
( 2.5343976, -23.6029674, 25.2719602,  0.3263975, -0.0554302,  0.5376984,  0.7754177)    0    0   8.39041286  7 0.240   5.31198427
( 9.8382966, -22.2786419, 31.3524396, -0.0416494,  0.3294644, -0.2272924, -0.9154544)    0    0  18.79177406  2 4.720  12.52789027
( 9.6748500, -22.1953352, 31.8655252, -0.0416504,  0.3294652, -0.2272918, -0.9154542)    0    0  17.64253319 16 0.000  12.12324794
( 9.6474735, -22.1634268, 31.9504077, -0.0416502,  0.3294651, -0.2272919, -0.9154542)    0    0  17.84989976 10 0.000  12.35424424
( 2.3849565, -23.9472427, 25.3219143,  0.3263760, -0.0554464,  0.5377021,  0.7754230)    0    0   8.73101404 11 0.080   3.84132402
(12.3043712, -25.1494278, 20.1438370,  0.7266687,  0.5088824, -0.3975681,  0.2343734)    0    0   6.80651569  6 0.440   4.84734069
( 2.4162588, -23.5505988, 25.2372589,  0.3263950, -0.0554317,  0.5376983,  0.7754187)    0    0  10.19409301  6 0.480   7.43282923
( 9.7715052, -22.2641561, 31.4312653, -0.0416510,  0.3294657, -0.2272914, -0.9154541)    0    0  17.30308012  5 0.400  11.94828407
( 6.9436687, -21.2300968, 26.2122458, -0.1842318, -0.9365798, -0.1673599,  0.2467135)    0    0  -4.67471274  2 5.000  -0.99915748
( 1.1967826, -26.3488789, 21.7300436, -0.3585000,  0.0951297, -0.6442631, -0.6688447)    0    0   3.96686972  1 2.200   2.71574638
( 2.6467600, -23.4899256, 24.9854687,  0.3263804, -0.0554433,  0.5377016,  0.7754217)    0    0  10.25939361  5 1.920   6.14298904
(12.0353303, -25.1816285, 19.5792292,  0.7266687,  0.5088824, -0.3975681,  0.2343734)    0    0   7.70394831  2 5.000   5.08958486
( 6.8807100, -21.1430514, 26.2192174, -0.1842318, -0.9365798, -0.1673599,  0.2467135)    0    0  -5.47537537  4 5.000  -1.85207032
(12.3246709, -25.3242001, 20.1285356,  0.7266687,  0.5088823, -0.3975682,  0.2343733)    0    0   6.69044863  1 0.480   5.23376362
( 2.1945679, -23.5303086, 24.8391432,  0.3264080, -0.0554230,  0.5376981,  0.7754140)    0    0   7.13439423  6 0.320   3.60381482
(10.0531062, -22.1560853, 31.7243213, -0.0420171,  0.3291203, -0.2246078, -0.9162192)    0    0  17.03303760  0 0.400  12.05135067
( 9.6325195, -22.1283207, 32.0558224, -0.0416499,  0.3294648, -0.2272921, -0.9154543)    0    0  17.73231674 14 0.000  12.51078149
( 4.2576583, -26.8461874, 30.0917402,  0.8006717,  0.2468184, -0.5042858,  0.2090486)    0    0  13.61549845  2 0.800   9.43862901
( 9.8489689, -22.5231486, 31.8187017, -0.0416504,  0.3294652, -0.2272918, -0.9154542)    0    0  16.01875921 28 0.000  10.20444337
(11.7638584, -24.8707776, 28.2058429, -0.1330357, -0.0810723,  0.9120261, -0.3793905)    0    0  20.46136418  4 5.000  13.60434718
( 0.6190622, -26.6064820, 21.3989793, -0.3585022,  0.0951284, -0.6442638, -0.6688430)    0    0   3.48676988  7 0.440   3.00061515
( 9.8455679, -22.5242278, 31.2126744, -0.0416507,  0.3294654, -0.2272916, -0.9154541)    0    0  18.19186355  0 0.640  12.14525383
( 4.5242418, -26.6221822, 29.7750967,  0.8006717,  0.2468184, -0.5042858,  0.2090487)    0    0  12.99175643  8 0.440   9.19213427
( 2.3565689, -23.5628691, 25.2621948,  0.3263803, -0.0554432,  0.5377013,  0.7754220)    0    0  10.69896999  1 0.720   7.48191160
( 2.1865472, -23.5296631, 25.2558426,  0.3263787, -0.0554443,  0.5377016,  0.7754224)    0    0   8.02440605  0 0.480   3.62414265
( 2.9018757, -25.0498247, 30.4034137,  0.8311225,  0.5504765,  0.0207851,  0.0760192)    0    0  19.37567576  1 1.000  13.10243470
( 9.3800961, -25.7510887, 19.8369416,  0.6278288, -0.0354799, -0.7097947, -0.3174329)    0    0   2.25745913  3 5.000   0.96917888
( 3.4727862, -25.2913288, 30.3221117,  0.8311401,  0.5504500,  0.0207149,  0.0760391)    0    0  18.51381915  6 0.320  11.99953583
(12.2315922, -24.8827668, 19.8727394,  0.7266688,  0.5088822, -0.3975685,  0.2343729)    0    0   1.22411589 12 0.000   0.48808508
( 0.9923016, -26.4394843, 21.6126748, -0.3585023,  0.0951281, -0.6442635, -0.6688432)    0    0   3.48872276  6 0.840   2.28672260
( 9.7524434, -22.3146538, 31.7548983, -0.0416517,  0.3294663, -0.2272910, -0.9154539)    0    0  16.42522103 21 0.000  10.27214948
(11.8291377, -24.8721897, 28.2677576, -0.1330357, -0.0810723,  0.9120261, -0.3793905)    0    0  20.74351898  0 5.000  13.82904629
( 3.1798031, -25.2024682, 30.6639971,  0.8311202,  0.5504801,  0.0207946,  0.0760164)    0    0  19.09079664  8 0.480  12.67930129
( 3.1718161, -25.3103549, 30.6720762,  0.8311212,  0.5504785,  0.0207906,  0.0760175)    0    0  18.84572781  0 0.400  13.04046894
(12.1560126, -25.5410481, 20.1351875,  0.7266687,  0.5088823, -0.3975684,  0.2343730)    0    0   6.12595376  0 0.400   4.65180122
(12.0381296, -25.3140343, 19.7441659,  0.7266687,  0.5088823, -0.3975683,  0.2343732)    0    0   5.22155851  6 0.200   2.44685228
( 3.3253478, -25.0504327, 29.9229517,  0.8311243,  0.5504738,  0.0207778,  0.0760213)    0    0  18.75225092  2 0.360  12.82466501
(10.2023436, -22.0285552, 31.6894925, -0.0416505,  0.3294653, -0.2272917, -0.9154542)    0    0  16.98675324  1 0.480  10.20508331
( 2.4450191, -23.5341902, 25.1614018,  0.3263807, -0.0554426,  0.5377005,  0.7754224)    0    0  12.61617072  0 3.280   8.42980735
(-3.7896735, -21.8257718, 26.4932108, -0.2069100, -0.3743956, -0.2785958, -0.8598840)    0    0 -11.35101097  1 5.000  -6.34393871
( 8.0812252, -23.4564200, 17.0515544,  0.2185443,  0.6559406,  0.0449526, -0.7210822)    0    0   2.43333266  0 3.080   1.91757578
( 2.7467927, -23.4234448, 24.8751241,  0.3263921, -0.0554342,  0.5376994,  0.7754190)    0    0  10.35573570  0 0.400   7.64473164
(11.9406070, -25.1936953, 19.3497216,  0.7266687,  0.5088824, -0.3975682,  0.2343733)    0    0   6.97731091  5 0.560   5.11706342
( 9.4295840, -22.2947819, 31.8446107, -0.0416498,  0.3294648, -0.2272921, -0.9154543)    0    0  18.53411049  5 0.320  12.48411995
( 9.6894279, -22.4070525, 31.6483313, -0.0416495,  0.3294645, -0.2272924, -0.9154543)    0    0  18.57373191  5 0.560  12.46134285
(12.2916823, -24.8752937, 28.2015031, -0.1330357, -0.0810723,  0.9120261, -0.3793905)    0    0  20.04024406  7 2.920  13.62085164
( 1.2683479, -26.3038531, 21.7919888, -0.3585104,  0.0951220, -0.6442642, -0.6688391)    0    0   2.79269152  6 0.520   2.63920158
(12.0133749, -25.1004516, 19.7577003,  0.7266688,  0.5088823, -0.3975684,  0.2343730)    0    0   4.07566445 10 0.000   2.57877698
(11.7344928, -24.8701336, 28.1780221, -0.1330357, -0.0810723,  0.9120261, -0.3793905)    0    0  20.48251945  3 1.480  13.58103452
( 9.6423003, -21.9688906, 32.0346220, -0.0416496,  0.3294646, -0.2272923, -0.9154543)    0    0  18.01422600  8 0.160  12.24968701
(-3.3664134, -21.8743386, 26.4108008, -0.2069100, -0.3743956, -0.2785958, -0.8598840)    0    0  -9.52534088  0 5.000  -6.10531913
(10.1154352, -21.8084244, 31.3790996, -0.0416505,  0.3294653, -0.2272918, -0.9154542)    0    0  18.29170364  0 0.400  12.57125067
( 3.0231334, -22.1592700, 30.3269699,  0.1219630,  0.9315436,  0.2482114,  0.2360989)    0    0  11.53962983  1 5.000   8.19784871
( 4.7115919, -26.6865389, 29.7106270,  0.8006716,  0.2468184, -0.5042859,  0.2090488)    0    0  14.14462441  1 2.200   9.49267947
(-3.0437746, -21.8798018, 26.3124804, -0.2069100, -0.3743956, -0.2785958, -0.8598840)    0    0 -12.50152101  2 5.000  -7.96747194
(11.8932253, -24.7589738, 19.9146383,  0.7266687,  0.5088823, -0.3975684,  0.2343730)    0    0   4.24732792 10 0.000   2.75190234
( 8.2186446, -23.3609422, 17.0029040,  0.2185443,  0.6559406,  0.0449526, -0.7210822)    0    0   0.89280481  5 4.360   2.01589274
( 9.8116538, -26.1912331, 19.4320151,  0.6278288, -0.0354799, -0.7097947, -0.3174329)    0    0   3.41650531  1 5.000   2.87989975
( 8.2862931, -23.5342089, 17.1530962,  0.2185443,  0.6559406,  0.0449526, -0.7210822)    0    0  -0.27247592  8 4.760  -1.05998511
( 2.0857271, -23.3165139, 25.3531739,  0.3263813, -0.0554423,  0.5377008,  0.7754220)    0    0   8.44157267  0 0.640   3.66198684
(12.3434614, -24.8494171, 28.1072045, -0.1330357, -0.0810723,  0.9120261, -0.3793905)    0    0  20.04311707  6 4.520  13.58639189
( 9.7425940, -22.1854963, 31.7662506, -0.0416494,  0.3294644, -0.2272924, -0.9154544)    0    0  18.98430423  0 5.000  12.65624775
( 4.0036369, -26.9218488, 29.6783234,  0.8006716,  0.2468184, -0.5042859,  0.2090488)    0    0  13.64752347  5 0.680   9.36318091
( 3.3312745, -24.3833417, 30.3196225,  0.8311313,  0.5504632,  0.0207500,  0.0760291)    0    0  18.59889164 13 0.000  12.50666578
( 3.4642962, -19.9723771, 20.7657223, -0.1853245, -0.7745502, -0.1097554, -0.5947104)    0    0 -41.16753652  1 5.000 -27.21738391
( 3.4034527, -24.3906823, 30.0779434,  0.8311249,  0.5504729,  0.0207754,  0.0760220)    0    0  19.20399641  3 2.760  12.85812967
(12.2336358, -25.0631927, 19.9850505,  0.7266687,  0.5088823, -0.3975683,  0.2343732)    0    0   4.62567538 15 0.000   2.64716743
( 9.9297394, -22.4114260, 31.9246372, -0.0416745,  0.3294448, -0.2271235, -0.9155022)    0    0  17.14320191  0 0.400  11.96252273
( 3.3800012, -19.9109624, 20.8413774, -0.1853245, -0.7745502, -0.1097554, -0.5947104)    0    0 -42.23709541  5 3.560 -27.81407160
( 8.0816004, -23.4291685, 17.0248195,  0.2185443,  0.6559406,  0.0449526, -0.7210822)    0    0   2.18469275  1 5.000   2.65213022
( 2.3660609, -23.5635048, 25.1362978,  0.3263787, -0.0554441,  0.5377011,  0.7754227)    0    0   9.63734456  1 0.640   5.64413956
( 9.9609941, -22.1668713, 31.6777994, -0.0416503,  0.3294652, -0.2272918, -0.9154542)    0    0  17.14124016 10 0.000  10.17092237
( 4.3725406, -26.9935853, 30.0003608,  0.8006716,  0.2468184, -0.5042859,  0.2090488)    0    0  11.42232194 10 3.080   4.90418723
( 2.7395911, -23.4862873, 24.9983452,  0.3263755, -0.0554475,  0.5377035,  0.7754222)    0    0  10.46478067  0 0.400   8.03595778
( 1.9188854, -23.3086514, 25.1353844,  0.3563081, -0.0319188,  0.5312328,  0.7679957)    0    0  -5.24332078  0 0.400   1.22738228
( 9.9614756, -21.9881100, 31.7702232, -0.0416514,  0.3294660, -0.2272912, -0.9154540)    0    0  16.05794059 17 0.000  10.20016294
( 2.8033576, -23.6867139, 25.1191279,  0.3263768, -0.0554460,  0.5377024,  0.7754225)    0    0  10.30867374  0 0.400   7.67575689
( 3.0623622, -22.6847464, 30.3501002,  0.5266994,  0.8189890,  0.1486360,  0.1724879)    0    0  11.24195467  3 5.000   7.44552354
( 4.4071126, -26.4606851, 30.0009766,  0.8006717,  0.2468184, -0.5042858,  0.2090487)    0    0  13.09444462  6 0.360   9.31641217
( 3.2647946, -19.7694693, 20.9686255, -0.1853245, -0.7745502, -0.1097554, -0.5947104)    0    0 -42.55248324  6 4.840 -29.30829474
( 3.7854697, -26.8838846, 30.6298644,  0.8006716,  0.2468184, -0.5042858,  0.2090487)    0    0  12.25644980  3 0.520   7.28210097
( 9.8344228, -22.2726846, 31.4240035, -0.0416495,  0.3294645, -0.2272923, -0.9154543)    0    0  18.63322866  4 0.800  12.47447629
( 0.9549711, -26.4595132, 21.5718920, -0.3585003,  0.0951296, -0.6442633, -0.6688443)    0    0   3.82267095  2 4.440   2.66144567
( 3.4689607, -24.3039703, 29.8599990,  0.8311236,  0.5504748,  0.0207806,  0.0760205)    0    0  18.90433089  1 0.640  12.69623321
( 1.2249497, -26.3358633, 21.7414212, -0.3585049,  0.0951263, -0.6442638, -0.6688418)    0    0   3.51423000  5 1.720   2.68438817
(12.2971523, -25.4883519, 20.0039286,  0.7266687,  0.5088824, -0.3975682,  0.2343733)    0    0   7.33490012  4 0.880   5.15984450
(12.1287152, -25.0612050, 19.9185617,  0.7266687,  0.5088824, -0.3975682,  0.2343734)    0    0   6.23396916 11 0.640   2.78485328
( 9.8922793, -22.4454821, 31.6112872, -0.0416733,  0.3294438, -0.2271242, -0.9155024)    0    0  17.27271477  0 0.400  12.13411524
( 4.5213941, -26.7306175, 29.7724827,  0.8006715,  0.2468184, -0.5042859,  0.2090489)    0    0  13.85391519  4 1.000   9.48484193
(12.0956579, -25.1367696, 20.0090444,  0.7266687,  0.5088824, -0.3975682,  0.2343733)    0    0   5.28497348  1 0.560   2.75775815
( 9.7113454, -22.2941896, 31.9604679, -0.0416736,  0.3294440, -0.2271240, -0.9155024)    0    0  17.10374995  0 0.400  12.32488729
( 3.0859127, -25.1880657, 30.4857966,  0.8311254,  0.5504722,  0.0207734,  0.0760226)    0    0  19.32959999  2 3.800  12.89707438
( 2.2863524, -23.4369458, 25.2160414,  0.3263757, -0.0554462,  0.5377013,  0.7754237)    0    0   7.51973542  7 0.320   4.96489837
(10.0740049, -22.0376094, 31.3941391, -0.0416506,  0.3294654, -0.2272917, -0.9154541)    0    0  17.85002537  9 0.160  12.54573859
( 3.5282028, -24.6035468, 30.1454601,  0.8311235,  0.5504751,  0.0207812,  0.0760203)    0    0  18.92713605  9 0.920  12.80002206
( 9.8632829, -22.1961159, 31.5738762, -0.0416495,  0.3294645, -0.2272924, -0.9154543)    0    0  17.30283202 11 0.000  10.38402769
( 9.8919531, -22.2814125, 31.3294963, -0.0416495,  0.3294645, -0.2272924, -0.9154543)    0    0  18.89098927  1 2.080  12.65521211
( 3.1024505, -19.6230066, 21.1265203, -0.1853245, -0.7745502, -0.1097554, -0.5947104)    0    0 -41.84422907  4 5.000 -27.73906245
( 4.4625042, -26.7613463, 29.8614960,  0.8006716,  0.2468184, -0.5042858,  0.2090488)    0    0  14.15842885  0 1.800   9.45357087
( 8.0715248, -23.7906562, 17.3789309,  0.2185443,  0.6559406,  0.0449526, -0.7210822)    0    0  -0.61646669  7 0.360   1.01676496
( 9.8057352, -22.2547401, 31.5605865, -0.0416506,  0.3294654, -0.2272917, -0.9154541)    0    0  15.89260342 17 0.000  10.10219323
( 9.5771140, -22.3972907, 31.7928739, -0.0416513,  0.3294660, -0.2272913, -0.9154540)    0    0  17.96180373  0 0.400  12.43229502
( 0.8963120, -26.4855105, 21.5068270, -0.3593147,  0.0945064, -0.6443117, -0.6684480)    0    0  -0.67232052 10 0.360   0.19823791
