#Coordinates  RecID  LigID  Luciferin  Neighbor's number  Vision Range  Scoring
(-29.3234057, -13.5878549, 32.6268647,  0.2461688, -0.0973237,  0.2752221,  0.9242196)    0    0  16.13031205  4 4.360  10.71584030
(-21.7071343, -20.6300518, 26.4523389,  0.2284309,  0.9001251, -0.2135098, -0.3033278)    0    0  13.76833544 14 1.800   8.46318264
(-29.0029536, -13.6653634, 32.9984872,  0.2474848, -0.0971914,  0.2744398,  0.9241146)    0    0  15.77576841  0 0.400  10.51854618
(-26.1645351, -8.4042604, 26.0626025,  0.5403995,  0.4962358, -0.0661252,  0.6762735)    0    0  -9.98529231  9 2.120  -5.20712284
(-26.2637010, -20.5792553, 32.4812963,  0.7821767,  0.5983226, -0.0002989, -0.1737866)    0    0  16.92101618  1 0.800  11.51310218
(-26.5244043, -19.8265678, 31.9231990,  0.7814812,  0.5997888, -0.0011924, -0.1718694)    0    0  17.36690398  5 0.440  11.74115468
(-22.1028502, -19.5093486, 26.4959553,  0.2313979,  0.8988982, -0.2230919, -0.2976714)    0    0  11.27979393  7 0.440   8.82331405
(-21.6302227, -20.2986718, 26.4456669,  0.2288344,  0.8999078, -0.2147738, -0.3027719)    0    0  13.76302616  9 0.360   9.67989615
(-21.8616013, -19.6885249, 26.4739634,  0.2294122,  0.8996886, -0.2166388, -0.3016361)    0    0  12.86673032  9 0.840   9.17482857
(-26.0540340, -8.1379790, 25.9776615,  0.5480167,  0.5034292, -0.0721334,  0.6640897)    0    0  -5.03165222  2 5.000  -1.93720356
(-27.2928355, -10.2119303, 26.7297147, -0.5109221, -0.1430605,  0.2517641,  0.8093867)    0    0  -8.59775639  8 0.920  -3.02437266
(-21.9594625, -20.1140269, 26.5042378,  0.2293683,  0.8996618, -0.2164466, -0.3019098)    0    0  12.69446806 12 0.360   8.99688466
(-29.5136185, -13.2929860, 32.9697945,  0.2472906, -0.0971202,  0.2746042,  0.9241243)    0    0  15.92718176  0 0.400  10.61305423
(-27.4160205, -10.3435221, 27.1365571, -0.5112659, -0.1429727,  0.2517166,  0.8092000)    0    0  -2.06154216  1 5.000  -0.58854162
(-21.5237540, -20.3949488, 26.4291422,  0.2284372,  0.9000866, -0.2135367, -0.3034182)    0    0  15.17993423  0 1.640  10.28677942
(-26.5012891, -11.2522129, 34.7487035, -0.4430366,  0.8510531, -0.2641599, -0.0982183)    0    0  16.65578091  0 5.000  11.10561657
(-20.6759243, -17.4126070, 33.4191150, -0.6088340,  0.7468767, -0.2481359, -0.0992127)    0    0  12.63129682 10 0.120  12.01398263
(-31.8838909, -14.4004557, 26.0889745, -0.2608922,  0.1357758,  0.2966261,  0.9085775)    0    0  -1.38840525  3 4.600  -1.07964672
(-27.4742869, -10.4946218, 26.5714722, -0.5113340, -0.1429293,  0.2517363,  0.8091585)    0    0  -3.48036857  4 5.000  -1.33823972
(-21.9915511, -19.9862084, 26.5018994,  0.2299090,  0.8994593, -0.2182123, -0.3008173)    0    0  12.49383669  7 0.600   8.95325121
(-29.3708027, -13.4798672, 32.4911968,  0.2462270, -0.0973121,  0.2751967,  0.9242128)    0    0  15.96154190  4 0.480  10.66218625
(-21.8999120, -16.8412827, 25.9579943,  0.2485260,  0.8924604, -0.2835472, -0.2476900)    0    0 -10.74083499  7 1.560  -6.56012134
(-21.0195546, -14.8661700, 25.9993306,  0.2565526,  0.8878867, -0.3111704, -0.2213844)    0    0 -31.25591353  6 2.280 -18.29192816
(-26.5286211, -11.2622289, 34.7495621, -0.4430360,  0.8510538, -0.2641580, -0.0982198)    0    0  14.55269464  1 5.000   8.87380471
(-26.6169244, -16.2711517, 21.6423529,  0.1449366,  0.0326621, -0.9374719, -0.3146810)    0    0  -9.26346001 10 3.000  -5.23119743
(-26.2167162, -5.7751748, 31.9541707,  0.7790529, -0.1337292, -0.3658362,  0.4912810)    0    0  19.23754503  7 1.560  13.07006017
(-20.5012008, -17.3296694, 33.2491143, -0.6120967,  0.7444066, -0.2470062, -0.1008170)    0    0  14.86637886 11 0.440  11.98433377
(-26.2951064, -20.3832965, 32.3904527,  0.7814794,  0.5998193, -0.0012632, -0.1717704)    0    0  17.16314189  6 0.680  11.23556280
(-31.4700187, -14.5185090, 25.9988477, -0.2609278,  0.1357333,  0.2965990,  0.9085825)    0    0  -2.58607101  5 4.680  -2.30080070
(-29.3206776, -13.4912240, 32.7566632,  0.2478863, -0.0972052,  0.2741039,  0.9241033)    0    0  15.67651739  0 0.400  10.79349140
(-21.5181056, -20.2559242, 26.4327765,  0.2284342,  0.9001064, -0.2135235, -0.3033711)    0    0  14.86583455  2 5.000   9.79303245
(-22.5737004, -22.2557073, 28.2730840, -0.0311229,  0.2705446, -0.9548958,  0.1183681)    0    0  11.25841303  1 5.000   7.70498373
(-25.9580837, -8.0619847, 25.9504820,  0.5480230,  0.5034258, -0.0721319,  0.6640872)    0    0  -5.79755721  5 3.640  -2.12252320
(-21.8571771, -20.2941192, 26.4829433,  0.2284765,  0.9000737, -0.2136478, -0.3033486)    0    0  14.13782524  8 1.720   9.79978631
(-20.5789400, -17.4527210, 33.6220904, -0.6153115,  0.7419247, -0.2458744, -0.1023980)    0    0  17.49444996  9 2.200  11.64709110
(-21.3994866, -20.1845140, 26.3998918,  0.2284368,  0.9001040, -0.2135298, -0.3033719)    0    0  14.23673096  5 4.440   9.84158422
(-20.8551129, -17.4102403, 33.4492232, -0.6153101,  0.7419273, -0.2458679, -0.1024028)    0    0  17.60620230  7 4.760  11.64761854
(-29.3044854, -13.4147545, 32.8311711,  0.2461661, -0.0973237,  0.2752231,  0.9242200)    0    0  16.15879707  2 5.000  10.78738923
(-26.4801439, -20.4380791, 32.4369136,  0.7818096,  0.5991156, -0.0008095, -0.1727197)    0    0  17.06603145  9 0.240  11.41974676
(-29.3926860, -13.5610650, 32.3865257,  0.2462423, -0.0973217,  0.2751783,  0.9242133)    0    0  15.92269653 19 0.520  10.50065201
(-31.2540726, -16.2850003, 21.5797842,  0.3261315, -0.2561546, -0.5882465, -0.6942543)    0    0 -10.32626747  1 5.000  -7.01365403
(-18.4359616, -20.2566921, 29.3651687,  0.6710230, -0.6761054,  0.0911251,  0.2903546)    0    0   7.81394337  0 5.000   5.24800588
(-26.1546671, -5.4343303, 31.5846667,  0.7790920, -0.1337654, -0.3658713,  0.4911829)    0    0  18.85140993  6 0.360  13.09780269
(-22.0772456, -17.0087177, 26.1685836,  0.2459310,  0.8934652, -0.2736764, -0.2575304)    0    0  -6.04325561  5 1.320   0.91455205
(-21.5320295, -20.1241311, 26.4487017,  0.2284336,  0.9001097, -0.2135182, -0.3033655)    0    0  14.66095350  4 4.200   9.98435318
(-29.0929459, -13.3865646, 32.8786080,  0.2465214, -0.0972563,  0.2750534,  0.9241828)    0    0  15.96062366  4 0.400  10.56978498
(-26.2019213, -6.1825707, 31.7770855,  0.7788635, -0.1334231, -0.3653877,  0.4919976)    0    0  15.38070170  9 0.680  12.35922327
(-29.5052204, -13.7829982, 32.8661803,  0.2482903, -0.0971616,  0.2736854,  0.9241217)    0    0  15.40458579 13 0.000  10.85445890
(-29.3194894, -13.1001000, 32.9972799,  0.2464580, -0.0973227,  0.2750538,  0.9241927)    0    0  15.82630623  0 0.400  10.42356184
(-20.5296065, -17.4084149, 33.5060016, -0.6153304,  0.7419056, -0.2458924, -0.1023792)    0    0  17.50662969  3 0.520  11.83982528
(-27.6167317, -10.7301276, 26.6228953, -0.5108361, -0.1429144,  0.2518709,  0.8094337)    0    0  -4.85524334  6 2.120  -0.68833400
(-22.2763098, -17.8077797, 26.3958156,  0.2403252,  0.8956969, -0.2537912, -0.2745553)    0    0   0.46519455  5 1.320   2.86329431
(-29.4892144, -13.3433130, 32.8298834,  0.2467949, -0.0973822,  0.2746116,  0.9242276)    0    0  15.81360391  8 0.160  10.75832754
(-20.8552498, -17.4042479, 33.3213811, -0.6120917,  0.7444092, -0.2470267, -0.1007773)    0    0  14.64218179 12 0.360  11.79873786
(-31.1933459, -16.4551182, 21.7040824,  0.3261290, -0.2561558, -0.5882471, -0.6942546)    0    0 -10.00156369  0 5.000  -6.51504800
(-29.3438089, -13.7455178, 32.4302825,  0.2461568, -0.0973210,  0.2752295,  0.9242208)    0    0  16.12806350  5 0.600  10.82285391
(-26.0305681, -5.9832541, 31.8853757,  0.7790216, -0.1336869, -0.3657710,  0.4913906)    0    0  19.28047663  4 0.440  13.30077769
(-22.1729766, -19.3103807, 26.5079933,  0.2324485,  0.8985411, -0.2266222, -0.2952680)    0    0  11.44614387  6 0.760   8.69685398
(-26.6829587, -17.3121285, 21.9883840,  0.1468185,  0.0393162, -0.9373061, -0.3136172)    0    0  -6.74854818  0 5.000  -4.39763136
(-29.3141689, -13.4669966, 32.7528354,  0.2461422, -0.0973220,  0.2752400,  0.9242208)    0    0  16.23217089  0 5.000  10.82967994
(-19.5537832, -17.3481038, 33.8706524, -0.5069362,  0.8139428, -0.2790252, -0.0515542)    0    0   1.96165724 15 2.360   1.60374517
(-26.1235849, -5.8448769, 31.8706362,  0.7790556, -0.1337224, -0.3658245,  0.4912872)    0    0  19.36986522  5 4.200  13.17224494
(-22.1801965, -17.2348351, 26.3358827,  0.2424891,  0.8949544, -0.2613127, -0.2682747)    0    0  -3.64128277  5 1.480   1.81908925
(-18.4149611, -20.3250453, 28.9979711,  0.6710232, -0.6761052,  0.0911246,  0.2903549)    0    0   6.80937935  1 5.000   5.23077922
(-26.9073176, -20.1058559, 32.1129897,  0.7814892,  0.5998053, -0.0012630, -0.1717750)    0    0  17.41530241  4 2.040  11.68815047
(-26.5203050, -20.1767677, 32.3057363,  0.7814830,  0.5998143, -0.0012606, -0.1717718)    0    0  17.34892035  7 4.600  11.55557419
(-20.6056838, -17.4367244, 33.5637121, -0.6153105,  0.7419273, -0.2458670, -0.1024028)    0    0  18.16440673  0 5.000  12.11687566
(-26.5092951, -20.3469979, 32.3529865,  0.7816062,  0.5994884, -0.0008398, -0.1723482)    0    0  16.90647158  8 0.280  11.40780255
(-21.5628878, -20.7358231, 26.4074554,  0.2284302,  0.9001276, -0.2135050, -0.3033243)    0    0  13.35105513 19 2.760   8.13715542
(-26.5128459, -17.0386023, 21.9635222,  0.1468178,  0.0393338, -0.9373208, -0.3135717)    0    0  -7.24773293  5 2.440  -4.68922269
(-26.7056837, -20.0687146, 32.2158621,  0.7815020,  0.5997892, -0.0012725, -0.1717728)    0    0  17.52776684  1 5.000  11.71399763
(-27.4394755, -10.4290382, 26.7423667, -0.5108240, -0.1428635,  0.2518561,  0.8094545)    0    0  -4.44982611  5 4.280  -3.38855594
(-21.5156026, -20.3998244, 26.4277656,  0.2284577,  0.9000759, -0.2135954, -0.3033934)    0    0  14.70352918  2 0.840   9.86622911
(-27.4483149, -10.4450340, 26.7013054, -0.5114489, -0.1429999,  0.2516832,  0.8090869)    0    0  -1.13231114  0 5.000  -0.45870053
(-26.2700207, -19.9687456, 31.9744309,  0.7816977,  0.5993599, -0.0009744, -0.1723798)    0    0  17.24881042  7 0.280  11.62945451
(-29.3563659, -13.6906527, 32.4180346,  0.2483172, -0.0973663,  0.2734313,  0.9241677)    0    0  14.71876554 15 0.000  10.46917355
(-26.4535355, -20.2884568, 32.3398320,  0.7814765,  0.5998289, -0.0012684, -0.1717504)    0    0  17.36091166  6 4.600  11.58850845
(-20.6164457, -17.4128721, 33.8655260, -0.6157250,  0.7416441, -0.2453283, -0.1032451)    0    0  15.90891331 10 1.240  12.09618851
(-26.1087622, -5.3835620, 31.4762849,  0.7789938, -0.1336827, -0.3657688,  0.4914374)    0    0  18.96074664  3 0.440  13.12441502
(-26.1172376, -20.5936785, 32.4264953,  0.7820333,  0.5986112,  0.0002094, -0.1734415)    0    0  16.52546725  0 0.520  11.58027845
(-22.2533163, -18.3421556, 26.4158650,  0.2382477,  0.8965466, -0.2463562, -0.2806030)    0    0   4.09485988  6 1.080   6.76081716
(-20.4380056, -17.4116594, 33.5352973, -0.6153099,  0.7419266, -0.2458699, -0.1024043)    0    0  17.63217193  6 2.680  11.86362521
(-29.3731205, -13.2114334, 32.8677119,  0.2464690, -0.0972787,  0.2750711,  0.9241892)    0    0  15.91053192  0 0.400  10.58575191
(-25.8073396, -20.6444498, 32.5489463,  0.7826454,  0.5973408,  0.0014716, -0.1750126)    0    0  16.10484643  0 0.440  11.08301947
(-26.3483098, -20.3529242, 32.3751064,  0.7815104,  0.5997751, -0.0012735, -0.1717815)    0    0  17.56479990  0 5.000  11.71236645
(-29.2915550, -13.2440034, 33.0132612,  0.2461866, -0.0973220,  0.2752138,  0.9242175)    0    0  16.15503796  3 5.000  10.83583097
(-29.3315533, -13.6760682, 32.5291195,  0.2461896, -0.0973260,  0.2752026,  0.9242196)    0    0  16.06247283  6 0.440  10.66970115
(-21.5897988, -14.4786641, 26.5365925,  0.2495953,  0.8919196, -0.2866326, -0.2449965)    0    0 -25.07474550  8 2.760 -13.49005957
(-17.9935192, -17.0228630, 33.9443601, -0.4004666, -0.8079782,  0.3294803, -0.2796950)    0    0   8.44319896  3 2.920   7.42084002
(-29.4067695, -13.7266223, 32.5214880,  0.2474989, -0.0974164,  0.2739595,  0.9242279)    0    0  14.41647644  5 0.400  10.41367642
(-20.5750458, -17.4401318, 33.5833702, -0.6153131,  0.7419229, -0.2458712, -0.1024084)    0    0  17.78014547  2 2.360  11.92773957
(-31.1338126, -16.6011344, 21.7951836,  0.2874509, -0.2680716, -0.5943545, -0.7016069)    0    0 -21.22600211  2 5.000 -10.39732573
(-22.3758070, -18.5132336, 26.7031986,  0.2371169,  0.8967485, -0.2425225, -0.2839558)    0    0  10.67382198  2 1.240   8.62433617
(-18.4394863, -20.2362195, 29.4463381,  0.6710228, -0.6761056,  0.0911256,  0.2903544)    0    0   6.46511553  2 5.000   3.74224413
(-28.8302239, -13.2195697, 33.1242309,  0.2472330, -0.0972113,  0.2745800,  0.9241382)    0    0  16.06849519  0 0.400  10.82774718
(-21.7604182, -14.8958940, 26.3594807,  0.2503151,  0.8914136, -0.2889791, -0.2433417)    0    0 -22.24481367  7 3.000 -11.43420236
(-25.3490616, -7.9424767, 25.7936247,  0.5489748,  0.5043201, -0.0728417,  0.6625537)    0    0  -7.81592400  8 2.520  -2.68980984
(-22.1127213, -19.5583059, 26.4970416,  0.2314205,  0.8988707, -0.2231715, -0.2976752)    0    0  12.23671683  4 0.760   9.37009092
(-29.3024802, -13.3313591, 32.8997896,  0.2461617, -0.0973233,  0.2752268,  0.9242201)    0    0  16.17581703  1 5.000  10.79777038
(-29.2425904, -13.6861012, 32.5811557,  0.2473690, -0.0967369,  0.2751863,  0.9239705)    0    0  15.94994030  0 0.400  10.79727723
(-31.3864976, -14.5449484, 26.0016659, -0.2607993,  0.1358869,  0.2966898,  0.9085668)    0    0  -0.88092550  1 5.000  -0.14641902
(-18.1019264, -17.3740018, 34.3347604, -0.4033415, -0.8064770,  0.3290246, -0.2804517)    0    0   9.16104196  2 3.400   6.62545449
(-26.1797825, -5.7554083, 31.8559244,  0.7790513, -0.1337092, -0.3658087,  0.4913082)    0    0  19.76600542  0 5.000  13.24745355
(-29.3106478, -13.6103104, 32.3322600,  0.2465881, -0.0973048,  0.2749609,  0.9241874)    0    0  15.90659691 14 0.000  10.77319674
(-26.5794207, -20.4764479, 32.4844782,  0.7817437,  0.5992978, -0.0008972, -0.1723864)    0    0  17.11001261  0 0.520  11.43801173
(-26.6522113, -17.2515294, 22.0084370,  0.1468142,  0.0393336, -0.9373248, -0.3135612)    0    0  -7.33703449  6 1.000  -4.66661971
(-22.0128940, -17.3810833, 26.1327460,  0.2416346,  0.8953562, -0.2583931, -0.2705237)    0    0  -3.53677173  6 1.560   1.82098760
(-25.9027860, -6.2072340, 31.8939153,  0.7789208, -0.1335002, -0.3654984,  0.4918038)    0    0  17.79238980  0 0.400  12.32420849
(-21.4061025, -20.1215217, 26.4059865,  0.2284574,  0.9000829, -0.2135943, -0.3033736)    0    0  14.11251694  9 0.360   9.70950261
(-29.4340707, -13.8019614, 32.3344011,  0.2462978, -0.0973178,  0.2751480,  0.9242079)    0    0  15.78716126  1 0.760  10.30646234
(-20.8284628, -17.3985054, 33.3824804, -0.6153129,  0.7419227, -0.2458722, -0.1024090)    0    0  17.69517246  5 4.920  11.79604367
(-21.0314075, -13.8581533, 26.4538426,  0.2602295,  0.8859187, -0.3213409, -0.2101637)    0    0 -36.93383946  6 2.760 -21.64565285
(-26.6985037, -17.3394235, 21.9856088,  0.1468183,  0.0393213, -0.9373098, -0.3136056)    0    0  -8.87598484  8 2.040  -7.92265379
(-20.4046542, -17.5522797, 33.9902789, -0.6153103,  0.7419270, -0.2458679, -0.1024034)    0    0  17.91450568  1 5.000  12.15045965
(-33.2997243, -19.4823029, 27.0853379,  0.8193054,  0.3446904,  0.2949143,  0.3506461)    0    0  -1.20987279  2 5.000  -0.77465420
(-22.5170126, -22.3127111, 27.8330823, -0.0310501,  0.2705442, -0.9549071,  0.1182969)    0    0  11.53446888  0 5.000   7.69047430
(-26.3992423, -5.4784962, 31.8639000,  0.7790559, -0.1337218, -0.3658269,  0.4912850)    0    0  19.45629304  3 5.000  13.04370706
(-29.2462836, -13.5050903, 32.4433104,  0.2464394, -0.0972993,  0.2750536,  0.9242001)    0    0  16.04818473  6 0.320  10.77810347
(-26.7973814, -20.1767921, 32.2139604,  0.7817510,  0.5991259, -0.0006478, -0.1729474)    0    0  17.21025229  0 0.520  11.56631096
(-26.1582242, -5.8328193, 31.8964802,  0.7790108, -0.1336816, -0.3657693,  0.4914104)    0    0  19.46425596  2 1.640  13.22621637
(-25.9081901, -6.1228883, 31.8684247,  0.7790519, -0.1337165, -0.3658192,  0.4912986)    0    0  19.73700576  1 5.000  13.30483823
(-22.2705289, -18.7446679, 26.4773828,  0.2356350,  0.8973254, -0.2373463, -0.2878333)    0    0   8.92956884  5 0.840   9.39259556
(-22.2574276, -20.2922509, 26.5346782,  0.2286305,  0.8999698, -0.2141382, -0.3031946)    0    0  13.81095214  3 0.520   9.92450190
(-26.7258447, -17.3306246, 22.1078198,  0.1468141,  0.0393460, -0.9373328, -0.3135358)    0    0  -7.48682741  4 0.520  -4.73079784
(-26.4196131, -5.4188284, 31.8356771,  0.7790541, -0.1337225, -0.3658290,  0.4912863)    0    0  19.38051411  4 5.000  12.92026106
(-26.0341229, -8.1390330, 25.9503255,  0.5480216,  0.5034306, -0.0721336,  0.6640845)    0    0  -4.79497479  1 5.000  -1.09421642
(-29.1277829, -13.6906958, 32.8626658,  0.2465753, -0.0973044,  0.2749584,  0.9241917)    0    0  15.93474949 11 0.000  10.67415028
(-26.6707052, -17.2868023, 21.9997242,  0.1468185,  0.0393195, -0.9373097, -0.3136061)    0    0  -7.10946063  2 5.000  -4.76221227
(-21.4026982, -20.8277387, 26.4002001,  0.2284359,  0.9000957, -0.2135303, -0.3033967)    0    0  14.91401566  1 1.640  10.21576446
(-21.5111137, -15.7279566, 26.0068710,  0.2505539,  0.8912116, -0.2902619, -0.2420092)    0    0 -23.35369971  7 1.960 -11.71785927
(-21.8605182, -20.1970308, 26.4848463,  0.2284527,  0.9001054, -0.2135748, -0.3033241)    0    0  13.56865938 18 3.240   8.00558772
(-26.4157765, -15.5070774, 21.4265773,  0.1411937,  0.0193549, -0.9377001, -0.3168728)    0    0 -10.80279285 13 2.440  -7.09397971
(-29.2569726, -13.6991172, 32.8044459,  0.2461883, -0.0973281,  0.2751969,  0.9242214)    0    0  16.01626814  3 0.440  10.63005220
(-21.8268518, -19.8678765, 26.4716376,  0.2297384,  0.8995359, -0.2177046, -0.3010729)    0    0  12.13958436  9 0.360   8.98611912
(-27.5899038, -10.6970217, 26.3899280, -0.5115036, -0.1429699,  0.2516972,  0.8090563)    0    0  -2.58146459  2 4.920  -0.47439146
(-21.5240849, -20.6722775, 26.4067373,  0.2285864,  0.9000328, -0.2139789, -0.3031535)    0    0  14.07699950  7 0.360  10.11621725
(-21.5268137, -20.3980213, 26.4297537,  0.2284325,  0.9001137, -0.2135171, -0.3033552)    0    0  14.20837791  6 3.960   9.27448095
(-20.3557184, -17.4874607, 33.7824061, -0.6153158,  0.7419204, -0.2458781, -0.1023940)    0    0  17.72273365  3 1.400  11.94894961
(-18.1782300, -17.3586674, 34.2557717, -0.4033412, -0.8064799,  0.3290223, -0.2804467)    0    0   9.19308121  1 2.520   6.41861302
(-22.3267824, -17.7148228, 26.5308079,  0.2425330,  0.8947513, -0.2616502, -0.2682973)    0    0  -2.70185695  6 1.240   3.07238370
(-21.6227040, -20.5857906, 26.4431326,  0.2284356,  0.9001113, -0.2135276, -0.3033525)    0    0  13.64224975  6 0.280   8.45082378
(-26.2252986, -5.7132139, 31.8712723,  0.7790649, -0.1337321, -0.3658420,  0.4912567)    0    0  19.17635172  8 4.600  12.35283676
(-27.9675035, -10.0631587, 26.3317673, -0.5089260, -0.1399653,  0.2490029,  0.8120193)    0    0 -11.28427317  9 3.000  -3.60384982
(-19.8755591, -22.5353784, 25.6607301, -0.9572412, -0.0659557,  0.1477617, -0.2398033)    0    0 -26.46175991  1 5.000 -17.96154396
(-33.5983020, -19.1577740, 26.7138208,  0.8193077,  0.3446915,  0.2949117,  0.3506418)    0    0  -1.30696775  4 5.000  -0.68757867
(-26.8679442, -17.5877395, 22.0730200,  0.1468195,  0.0393291, -0.9373162, -0.3135850)    0    0  -7.18984111  3 4.200  -4.70770748
(-19.8692162, -22.4882613, 25.6424215, -0.9572412, -0.0659557,  0.1477611, -0.2398036)    0    0 -25.71330731  0 5.000 -17.14220940
(-18.4509609, -20.2230087, 29.6448167,  0.6710230, -0.6761054,  0.0911251,  0.2903546)    0    0   5.80348668  3 5.000   3.27821319
(-31.7964030, -14.4106868, 25.9622829, -0.2608056,  0.1358821,  0.2966856,  0.9085671)    0    0  -1.27034638  2 5.000  -1.21860794
(-26.3439485, -20.3679479, 32.3870585,  0.7814861,  0.5998012, -0.0012441, -0.1718036)    0    0  17.45353594  3 0.840  11.81578682
(-20.9403547, -17.4087938, 33.2833596, -0.6153103,  0.7419273, -0.2458673, -0.1024028)    0    0  17.71395202  4 5.000  11.80366554
(-27.5331282, -10.6085865, 26.4585640, -0.5072063, -0.1413909,  0.2518332,  0.8119765)    0    0  -6.47199755  7 1.640  -0.75123069
(-26.8698069, -17.7053195, 21.7986421,  0.1468180,  0.0393247, -0.9373137, -0.3135937)    0    0  -7.06163033  1 4.760  -4.56092423
(-31.9629485, -14.3672079, 25.9548536, -0.2608544,  0.1358297,  0.2966475,  0.9085734)    0    0  -2.19592670  4 5.000  -0.92406741
(-26.1856047, -20.4796491, 32.4456101,  0.7814985,  0.5997948, -0.0012722, -0.1717695)    0    0  17.50218593  2 5.000  11.68805657
(-20.6175689, -17.5559104, 34.0508035, -0.6120891,  0.7444117, -0.2470131, -0.1008084)    0    0  14.33738332 13 0.000  11.75665095
(-26.0136099, -5.9244342, 31.8327999,  0.7789446, -0.1335907, -0.3656240,  0.4916480)    0    0  18.77427851  0 0.600  12.36487900
(-22.1504816, -16.9387244, 26.2373627,  0.2456298,  0.8935489, -0.2728359, -0.2581549)    0    0  -5.36495317  5 1.400   0.45065992
(-22.1268203, -20.2619517, 26.5363955,  0.2286140,  0.8999844, -0.2140778, -0.3032067)    0    0  13.89920162  2 0.600   9.99292756
(-29.6910811, -13.2541661, 32.8518734,  0.2465113, -0.0973088,  0.2749888,  0.9241993)    0    0  16.00483918  2 0.400  10.83307477
(-33.4085603, -19.3655171, 26.9580467,  0.8193038,  0.3446897,  0.2949160,  0.3506491)    0    0  -1.20809860  1 5.000  -0.84251165
(-21.3566147, -15.2944249, 25.9193400,  0.2547764,  0.8887471, -0.3061730, -0.2264918)    0    0 -25.21686843  9 2.040 -13.94443656
(-26.6755850, -15.9840197, 36.2878375, -0.8191006,  0.5675629,  0.0682358, -0.0478588)    0    0  13.76810795  0 5.000   9.17882922
(-26.6697943, -20.3301914, 32.1721356,  0.7814760,  0.5998276, -0.0012624, -0.1717569)    0    0  17.25959587  9 1.160  11.40793384
(-26.6807069, -17.3342073, 21.9308917,  0.1468152,  0.0393386, -0.9373266, -0.3135549)    0    0  -8.91947866  9 4.680  -7.90991991
(-19.6401456, -17.3842622, 33.6454221, -0.5064651,  0.8141112, -0.2795515, -0.0506655)    0    0   0.91940799 20 2.440  -0.68247529
(-21.6958221, -15.7071687, 26.0816816,  0.2507933,  0.8910234, -0.2910955, -0.2413967)    0    0 -22.95851354  5 1.640 -10.51801800
(-21.7956756, -20.1219272, 26.4770951,  0.2284574,  0.9000828, -0.2135909, -0.3033763)    0    0  13.90890741 10 0.440   8.45046185
(-21.5393402, -20.0931325, 26.3504749,  0.2284899,  0.9000844, -0.2136890, -0.3032777)    0    0  13.33080568  7 0.120   8.05351516
(-31.5709660, -14.4844481, 25.9838855, -0.2607743,  0.1359049,  0.2967064,  0.9085659)    0    0  -0.75166196  0 5.000  -0.49566261
(-33.5735975, -19.1863989, 26.7537259,  0.8193052,  0.3446902,  0.2949145,  0.3506467)    0    0  -1.34356488  5 4.040  -0.78076352
(-25.5509822, -7.5201015, 25.8614245,  0.5489713,  0.5043292, -0.0728453,  0.6625493)    0    0  -6.57942541  6 4.760  -2.80773083
(-27.4472545, -10.4176676, 26.8906902, -0.5113900, -0.1429398,  0.2517384,  0.8091207)    0    0  -2.83410475  3 3.480  -0.64553199
(-26.5948497, -17.1489179, 22.0246150,  0.1468185,  0.0393298, -0.9373177, -0.3135811)    0    0  -7.19283688  4 3.960  -4.68678609
(-29.3834501, -13.5160214, 32.4518432,  0.2461935, -0.0973268,  0.2751980,  0.9242198)    0    0  15.92192067  6 0.360  10.55596128
(-26.1955869, -5.4555387, 31.6117800,  0.7790305, -0.1336904, -0.3657767,  0.4913713)    0    0  18.59177233  6 0.360  13.09052371
(-22.2163868, -18.7822391, 26.4668120,  0.2358064,  0.8973815, -0.2379714, -0.2870850)    0    0   7.38512806  6 0.760   9.34882452
(-33.3520242, -19.4254781, 27.0203736,  0.8193036,  0.3446896,  0.2949163,  0.3506495)    0    0  -1.07171212  0 5.000  -0.70786533
(-28.4509833, -9.6556171, 26.2982458, -0.5130533, -0.1381628,  0.2437561,  0.8112775)    0    0 -12.70905025 10 3.320  -5.69401064
(-29.3890505, -13.7153109, 32.3394049,  0.2463540, -0.0973339,  0.2750621,  0.9242167)    0    0  16.07066523  6 2.680  10.86550213
(-29.3607108, -13.4913016, 32.5611460,  0.2461823, -0.0973220,  0.2752155,  0.9242181)    0    0  15.99244752 13 2.120  10.51879450
(-26.5371012, -16.1941873, 21.6538550,  0.1449355,  0.0326891, -0.9374929, -0.3146163)    0    0  -9.50786622 11 2.280  -5.24200176
(-22.8611706, -22.4999422, 27.7143247, -0.0310503,  0.2705449, -0.9549069,  0.1182965)    0    0  11.25061570  2 5.000   7.94500129
(-21.7872425, -19.9672780, 26.4574935,  0.2291869,  0.8997464, -0.2159335, -0.3021497)    0    0  12.75805604 12 0.440   9.11066845
(-26.0106502, -20.3667014, 32.4240773,  0.7814670,  0.5998383, -0.0012601, -0.1717607)    0    0  17.27461762  8 4.040  11.64292819
(-25.9939900, -8.1233475, 25.9558262,  0.5461199,  0.5016271, -0.0707053,  0.6671762)    0    0  -4.35048329  0 3.640  -1.89346645
(-25.9495647, -7.9688430, 25.9667645,  0.5480130,  0.5034278, -0.0721322,  0.6640939)    0    0  -6.89843099  7 4.680  -3.36248545
(-22.2463845, -18.8293624, 26.4563067,  0.2358173,  0.8972529, -0.2379870, -0.2873502)    0    0   9.80213435  4 0.840   9.64024816
(-21.3633143, -20.2919921, 26.4130642,  0.2286137,  0.8999871, -0.2140803, -0.3031967)    0    0  14.16371084  7 0.360   9.75133677
(-26.2829618, -20.7049213, 32.5255106,  0.7813677,  0.5999947, -0.0011826, -0.1716664)    0    0  17.03684571  0 0.560  11.31686474
(-21.5950233, -20.5217336, 26.3972205,  0.2284682,  0.9000906, -0.2136171, -0.3033265)    0    0  13.58799298  6 0.360   9.57923554
(-26.0066877, -8.1283385, 25.9607739,  0.5480148,  0.5034287, -0.0721328,  0.6640916)    0    0  -5.30233851  4 5.000  -2.01636513
(-26.5485805, -20.1588928, 32.2436365,  0.7826284,  0.5973629,  0.0001841, -0.1750157)    0    0  17.14314866  5 0.400  11.67469493
(-29.3175781, -13.5600592, 32.6309869,  0.2469183, -0.0974247,  0.2744241,  0.9242456)    0    0  15.61208562 11 0.000  10.65808641
(-26.2368718, -20.4994954, 32.5322765,  0.7826974,  0.5972727,  0.0006753, -0.1750051)    0    0  16.47892403  0 0.400  11.54689695
(-18.1170687, -17.3225116, 33.9581599, -0.4033339, -0.8065121,  0.3289846, -0.2804069)    0    0  10.36200670  0 4.200   7.03857136
(-26.3139720, -15.6044954, 21.3853508,  0.1430528,  0.0260337, -0.9376588, -0.3156805)    0    0  -9.72577354 12 2.520  -5.60926428
(-29.3216757, -13.5562652, 32.6069082,  0.2462474, -0.0973221,  0.2751743,  0.9242130)    0    0  16.06221324  1 0.600  10.70680095
(-26.2167199, -8.4671710, 26.0933939,  0.0238715,  0.2359860,  0.1175531,  0.9643247)    0    0  -5.19907815  9 4.680  -2.39987270
(-33.4274441, -19.3418877, 26.9177776,  0.8193048,  0.3446902,  0.2949150,  0.3506472)    0    0  -1.25997105  3 5.000  -0.86519491
