#Coordinates  RecID  LigID  Luciferin  Neighbor's number  Vision Range  Scoring
(-11.2257068, -25.3284221, 31.0322728, -0.4201560, -0.1956456,  0.3944256, -0.7934861)    0    0  21.41577442  9 0.080  14.19459804
(-2.9779110, -25.3375764, 33.7209916, -0.7115685,  0.5702922,  0.2166241, -0.3485843)    0    0  21.34168059  6 0.320  15.53821811
(-2.8434652, -25.8658407, 33.7974070, -0.7115733,  0.5702838,  0.2166157, -0.3485934)    0    0  23.59347347  3 0.560  15.76202597
(-15.4367056, -21.6628092, 38.7412529,  0.0969322,  0.3171378,  0.8118964, -0.4804705)    0    0  23.55628541 14 0.000  15.57608879
(-7.0668595, -24.6568097, 27.0876884, -0.1475629, -0.2250997, -0.4448383, -0.8542097)    0    0  21.85632734 10 0.000  14.55306792
(-9.4769510, -25.9366104, 35.8031187,  0.1763600,  0.3364114,  0.8017237, -0.4614799)    0    0  20.94582682  1 3.240  13.89051715
(-2.9723639, -25.2254352, 33.2822287, -0.7115730,  0.5702844,  0.2166163, -0.3485927)    0    0  21.41721205  0 0.400  13.04631417
(-9.3434218, -25.6689689, 35.5766466,  0.1763600,  0.3364114,  0.8017237, -0.4614799)    0    0  20.46397159  9 2.200  13.63899728
(-2.7779925, -25.8876280, 33.7868106, -0.7115728,  0.5702847,  0.2166166, -0.3485924)    0    0  23.67086012  4 0.640  15.87005045
(-2.8327145, -25.4804553, 33.7566228, -0.7115709,  0.5702882,  0.2166201, -0.3485885)    0    0  21.80366427  5 0.400  13.07472682
(-15.0839560, -21.7966238, 38.9327210,  0.0969358,  0.3171413,  0.8118966, -0.4804673)    0    0  24.27991222  6 1.000  16.18872191
(-9.4647373, -25.9594489, 35.9438248,  0.1763600,  0.3364114,  0.8017237, -0.4614799)    0    0  20.34582709 11 0.680  13.31637971
(-2.6637883, -25.5731141, 33.7355255, -0.7115730,  0.5702843,  0.2166161, -0.3485931)    0    0  21.87860021  0 0.400  15.47255957
(-11.4711099, -25.9066482, 31.0628507, -0.4201560, -0.1956456,  0.3944256, -0.7934861)    0    0  21.20977393  0 0.400  14.22935094
(-15.0686801, -22.0721941, 38.4176709,  0.0969385,  0.3171439,  0.8118967, -0.4804648)    0    0  24.20932856  0 0.800  16.25352401
(-15.3772517, -21.6653362, 38.9064589,  0.0969232,  0.3171294,  0.8118961, -0.4804786)    0    0  23.31508463  0 0.400  16.17276074
(-7.2116016, -24.7658816, 27.2639316, -0.1475628, -0.2250997, -0.4448385, -0.8542096)    0    0  22.27157799  5 0.560  14.96674044
(-6.0372426, -19.7292948, 42.2453558, -0.2716529, -0.5505167,  0.0081306, -0.7893478)    0    0  20.87098119 18 2.280  13.91570916
(-2.6210153, -25.5157655, 33.6813572, -0.7115702,  0.5702895,  0.2166216, -0.3485868)    0    0  22.04110100 11 0.000  13.53728480
(-3.0581584, -25.7114635, 33.4391374, -0.7115682,  0.5702937,  0.2166261, -0.3485815)    0    0  22.25684684  0 0.400  15.86477009
(-11.3578341, -25.5909287, 31.0612343, -0.4201560, -0.1956456,  0.3944256, -0.7934861)    0    0  21.64824268  0 0.400  14.59303618
(-11.1904774, -25.5160049, 30.9132179, -0.4201560, -0.1956456,  0.3944256, -0.7934861)    0    0  21.78106934  5 0.840  14.31107999
(-6.2654569, -20.5722113, 42.1399389, -0.2716528, -0.5505169,  0.0081304, -0.7893477)    0    0  20.66498612  0 0.400  13.66019436
(-11.1134852, -25.8548730, 31.0402026, -0.4201560, -0.1956456,  0.3944256, -0.7934861)    0    0  21.64513577  9 0.080  14.54281847
(-7.0074842, -25.0071306, 26.7641971, -0.1475628, -0.2250997, -0.4448385, -0.8542096)    0    0  22.08293028  8 0.480  14.77589377
(-7.0230764, -24.8184510, 26.7554182, -0.1475630, -0.2250997, -0.4448382, -0.8542097)    0    0  21.87744108 10 0.000  14.74643136
(-6.1818870, -19.9096372, 42.2148150, -0.2716528, -0.5505169,  0.0081304, -0.7893477)    0    0  20.91261766  8 0.240  13.83739581
(-7.1928784, -24.8344022, 27.1854650, -0.1475627, -0.2250997, -0.4448386, -0.8542096)    0    0  22.42309406  1 4.640  14.96633727
(-15.3038692, -21.5478938, 38.6889343,  0.0969382,  0.3171436,  0.8118967, -0.4804651)    0    0  24.33075830  4 5.000  16.26382128
(-6.0792219, -28.0001312, 28.3834095, -0.8950295,  0.2999935,  0.1808880,  0.2760536)    0    0  15.65775166  1 5.000  10.55288749
(-7.0676791, -24.8035474, 26.8303527, -0.1475630, -0.2250997, -0.4448382, -0.8542097)    0    0  22.04949720  5 0.400  14.88670334
(-7.1839715, -25.0421581, 26.5908172, -0.1475629, -0.2250997, -0.4448383, -0.8542097)    0    0  22.04543371 12 0.000  14.72972538
(-7.4826884, -25.1611001, 27.0008148, -0.1475631, -0.2250997, -0.4448380, -0.8542098)    0    0  21.84892420  0 0.400  14.78314356
(-9.7098937, -25.6529151, 36.2656796,  0.1763600,  0.3364114,  0.8017237, -0.4614799)    0    0  20.87337438  2 1.160  13.97837332
(-14.8983362, -21.9439953, 38.5339728,  0.0969385,  0.3171438,  0.8118967, -0.4804649)    0    0  24.20188238  2 0.400  16.22787419
(-2.7666503, -25.8609861, 34.0212199, -0.7115699,  0.5702901,  0.2166222, -0.3485860)    0    0  22.90080315  0 0.400  15.51414098
(-6.2210753, -19.8597270, 42.2222078, -0.2716529, -0.5505168,  0.0081305, -0.7893478)    0    0  20.97876226  6 0.480  14.11711781
(-11.0902958, -25.5306760, 31.1050304, -0.4201560, -0.1956456,  0.3944256, -0.7934861)    0    0  21.80493281  6 0.680  14.64632999
(-7.2518964, -24.9880492, 26.6908146, -0.1475627, -0.2250997, -0.4448385, -0.8542096)    0    0  22.40973264  2 1.760  14.93171420
(-11.2191221, -25.3211346, 30.7366106, -0.4201560, -0.1956456,  0.3944256, -0.7934861)    0    0  21.39529364 13 0.000  14.24028429
(-9.5120089, -25.9171853, 36.0021668,  0.1763600,  0.3364114,  0.8017237, -0.4614799)    0    0  21.02517889  0 5.000  14.01789780
(-11.0017392, -25.5803633, 30.8367257, -0.4201560, -0.1956456,  0.3944256, -0.7934861)    0    0  21.44784960 16 0.000  14.31892546
(-7.2499066, -24.9846342, 26.7044242, -0.1475627, -0.2250997, -0.4448385, -0.8542096)    0    0  22.39355880  3 4.920  14.92655656
(-15.1446123, -21.6585463, 38.7399807,  0.0969365,  0.3171419,  0.8118966, -0.4804667)    0    0  24.17959870 10 2.200  15.92894503
(-2.8706711, -25.3956065, 33.4614789, -0.7115729,  0.5702845,  0.2166162, -0.3485929)    0    0  23.52264297  9 0.320  15.85902124
(-6.9150142, -25.1729690, 26.3881534, -0.1475631, -0.2250997, -0.4448380, -0.8542098)    0    0  21.93173923  9 0.080  14.71008596
(-7.3215912, -24.9422811, 27.2236237, -0.1475628, -0.2250997, -0.4448385, -0.8542096)    0    0  22.04248273 12 0.000  14.60289333
(-15.2693484, -21.1938255, 38.8691516,  0.0969350,  0.3171406,  0.8118965, -0.4804680)    0    0  24.03527964  0 0.560  16.01810661
(-6.9913771, -24.8518128, 27.2151289, -0.1475628, -0.2250997, -0.4448384, -0.8542097)    0    0  21.92267107  9 0.160  14.44011134
(-9.6145694, -25.7838408, 36.6382237,  0.1763600,  0.3364114,  0.8017237, -0.4614799)    0    0  20.85540352  4 2.600  13.97088771
(-17.2922133, -20.4597505, 36.1111434, -0.5343074, -0.4101642, -0.3370779,  0.6577591)    0    0  11.89005219  0 5.000   7.92670146
(-7.2362375, -24.9662919, 26.8190114, -0.1475629, -0.2250997, -0.4448382, -0.8542097)    0    0  21.96655173  8 0.160  14.63300901
(-7.2630836, -25.0170996, 26.5970506, -0.1475627, -0.2250997, -0.4448385, -0.8542096)    0    0  22.30080421  4 0.720  14.92046664
(-11.2365411, -25.5179034, 30.9845157, -0.4201560, -0.1956456,  0.3944256, -0.7934861)    0    0  21.60762483  0 0.400  14.68513616
(-2.6239146, -25.7398740, 33.7488319, -0.7115707,  0.5702887,  0.2166207, -0.3485877)    0    0  23.19972696  5 0.400  15.54349362
(-11.2952356, -25.6059057, 31.0689140, -0.4201560, -0.1956456,  0.3944256, -0.7934861)    0    0  21.37400149  9 0.160  14.13562249
(-2.9168997, -25.5040633, 33.5007656, -0.7115734,  0.5702837,  0.2166155, -0.3485936)    0    0  23.74226871  3 5.000  15.71181799
(-6.6643605, -19.6437765, 42.5431016, -0.2716529, -0.5505167,  0.0081306, -0.7893478)    0    0  20.57166514  0 0.400  13.54898976
(-7.2917329, -25.0281736, 27.0356242, -0.1475628, -0.2250997, -0.4448384, -0.8542097)    0    0  22.06320619  3 0.560  14.77120632
(-11.1268617, -25.5346845, 30.8827593, -0.4201560, -0.1956456,  0.3944256, -0.7934861)    0    0  21.98799090  2 4.480  14.60718490
(-5.8829572, -20.1246330, 42.3389933, -0.2716525, -0.5505175,  0.0081298, -0.7893474)    0    0  20.78160971  0 0.400  14.12885033
(-6.4141163, -20.2991858, 42.4654553, -0.2716528, -0.5505169,  0.0081304, -0.7893477)    0    0  20.54662372 16 0.000  13.84259643
(-11.1686138, -25.2424707, 31.0219337, -0.4201560, -0.1956456,  0.3944256, -0.7934861)    0    0  21.42543224  0 0.400  14.28170204
(-3.0037770, -25.2651356, 33.2020017, -0.7115723,  0.5702857,  0.2166175, -0.3485914)    0    0  23.32266582 10 0.160  15.73605039
(-6.4308829, -19.6862004, 42.1510825, -0.2716530, -0.5505165,  0.0081308, -0.7893479)    0    0  20.78771258 15 0.000  13.95168603
(-7.1661082, -24.8619692, 27.0573559, -0.1475628, -0.2250997, -0.4448384, -0.8542096)    0    0  22.20230348  0 0.400  15.09908417
(-11.3326761, -25.5898731, 31.2216030, -0.4201560, -0.1956456,  0.3944256, -0.7934861)    0    0  21.40926753  2 0.560  14.11992022
(-11.0241197, -14.6511078, 32.8333483, -0.2663933, -0.6913061,  0.3133956,  0.5940653)    0    0 -20.70903996  4 5.000 -12.98831369
(-15.0059025, -21.9569714, 39.1300754,  0.0969356,  0.3171411,  0.8118966, -0.4804674)    0    0  23.65304096 17 0.000  15.62190759
(-17.5297925, -20.5101745, 35.8055752, -0.5343107, -0.4101667, -0.3370800,  0.6577632)    0    0  11.85754804  1 5.000   7.94877615
(-11.0192605, -25.5411748, 30.6442672, -0.4201560, -0.1956456,  0.3944256, -0.7934861)    0    0  21.78856509  5 0.240  14.73143711
(-3.1321406, -25.1632647, 33.7493896, -0.7115731,  0.5702843,  0.2166161, -0.3485929)    0    0  23.59298649  4 0.400  16.08443433
(-17.4558137, -20.4954490, 35.8983019, -0.5343107, -0.4101667, -0.3370800,  0.6577632)    0    0  11.12726298  3 5.000   7.23800429
(-2.9178153, -25.5012915, 33.4978069, -0.7115734,  0.5702837,  0.2166155, -0.3485936)    0    0  23.77617067  1 3.360  15.74601490
(-6.4435029, -20.2157161, 42.3032354, -0.2716527, -0.5505170,  0.0081302, -0.7893476)    0    0  20.90930708 10 0.000  13.96736098
(-11.1767863, -25.5476883, 30.9239707, -0.4201560, -0.1956456,  0.3944256, -0.7934861)    0    0  22.18846494  0 5.000  14.79230996
(-10.8789683, -25.5516199, 30.7067706, -0.4201560, -0.1956456,  0.3944256, -0.7934861)    0    0  21.54633177  0 0.560  14.15315399
(-9.3861132, -25.8050655, 36.1538828,  0.1763600,  0.3364114,  0.8017237, -0.4614799)    0    0  20.37637229  4 0.280  13.69293459
(-11.4531869, -25.5918018, 31.2231972, -0.4201560, -0.1956456,  0.3944256, -0.7934861)    0    0  21.48636314 21 3.720  13.88920157
(-6.2296706, -19.4954567, 42.1055666, -0.2716527, -0.5505171,  0.0081302, -0.7893476)    0    0  21.03326405  4 0.640  14.19168549
(-7.0280249, -24.8937536, 27.0911464, -0.1475631, -0.2250997, -0.4448380, -0.8542098)    0    0  21.69543110  0 0.400  14.90338105
(-7.2499646, -24.9303799, 27.2035237, -0.1475629, -0.2250997, -0.4448383, -0.8542097)    0    0  21.66408378 22 0.000  14.25145708
(-6.0192460, -19.8502508, 42.1352974, -0.2716528, -0.5505169,  0.0081304, -0.7893477)    0    0  21.25348101  1 3.080  14.18164321
(-3.0032631, -25.6515342, 33.7549643, -0.7115698,  0.5702903,  0.2166224, -0.3485859)    0    0  21.81354218  2 0.480  13.36332138
(-11.4844266, -25.5862188, 31.2733438, -0.4201560, -0.1956456,  0.3944256, -0.7934861)    0    0  21.39488961 25 0.000  14.15088502
(-2.9632871, -25.7238170, 33.5566037, -0.7115679,  0.5702934,  0.2166253, -0.3485829)    0    0  22.27750091  0 0.400  15.94585169
(-2.7145963, -25.9143294, 33.8685923, -0.7115729,  0.5702846,  0.2166165, -0.3485926)    0    0  23.17580043  7 0.240  15.87178779
(-11.1480540, -14.6614426, 32.8816519, -0.2663933, -0.6913061,  0.3133956,  0.5940653)    0    0 -19.31294501  0 5.000 -12.87033314
(-11.7701248, -25.2797897, 31.1740416, -0.4201560, -0.1956456,  0.3944256, -0.7934861)    0    0  21.84821603  3 0.480  14.60800942
(-11.4218617, -25.4646514, 31.1062141, -0.4201560, -0.1956456,  0.3944256, -0.7934861)    0    0  21.56869521  0 0.400  14.36779604
(-2.8634954, -25.9023403, 33.7524781, -0.7115729,  0.5702846,  0.2166165, -0.3485924)    0    0  22.81620758  0 0.400  15.84519732
(-2.8144815, -25.2152017, 33.4519652, -0.7115711,  0.5702876,  0.2166194, -0.3485894)    0    0  23.06543527 14 0.000  16.05043786
(-7.3920018, -24.8842943, 26.6214672, -0.1475631, -0.2250997, -0.4448380, -0.8542098)    0    0  22.06005006  0 0.400  14.86976065
(-11.3969650, -25.5944676, 30.8162788, -0.4201560, -0.1956456,  0.3944256, -0.7934861)    0    0  21.37918660  0 0.400  14.15572833
(-11.1411903, -14.6578300, 32.8719071, -0.2663933, -0.6913061,  0.3133956,  0.5940653)    0    0 -20.26802150  2 5.000 -13.91278398
(-7.3609827, -24.9106662, 26.5528472, -0.1475633, -0.2250998, -0.4448377, -0.8542099)    0    0  21.17007213 17 0.000  14.33508934
(-6.0021713, -27.8195881, 28.1574784, -0.8950295,  0.2999935,  0.1808880,  0.2760536)    0    0  15.96946635  0 5.000  10.64631090
(-15.4256242, -21.4523982, 38.8062809,  0.0969374,  0.3171428,  0.8118966, -0.4804658)    0    0  24.38560324  1 1.160  16.37177318
(-2.8903081, -25.5016682, 33.3313907, -0.7115696,  0.5702907,  0.2166227, -0.3485855)    0    0  23.27047778  3 0.560  15.99480080
(-7.1827709, -24.7063715, 26.7738555, -0.1475629, -0.2250997, -0.4448383, -0.8542097)    0    0  20.83131294  2 0.400  12.57744708
(-14.9044245, -21.7426581, 38.6886242,  0.0969328,  0.3171385,  0.8118964, -0.4804699)    0    0  23.83528473  0 0.400  15.68291554
(-11.5430233, -25.7028183, 31.2218985, -0.4201560, -0.1956456,  0.3944256, -0.7934861)    0    0  21.67658787  8 0.160  14.57102219
(-3.0281743, -25.7610964, 33.6148003, -0.7115716,  0.5702870,  0.2166189, -0.3485898)    0    0  22.10810741  0 0.400  15.88807029
(-6.2105268, -19.8860138, 42.2168141, -0.2716528, -0.5505168,  0.0081305, -0.7893477)    0    0  20.90179468 16 0.640  13.76035118
(-7.2687956, -25.0402852, 26.6957393, -0.1475631, -0.2250997, -0.4448380, -0.8542098)    0    0  21.80162020  2 0.400  14.38527166
(-7.2833337, -24.8315185, 27.1465212, -0.1475628, -0.2250997, -0.4448385, -0.8542096)    0    0  22.06873526  6 0.720  14.47244120
(-2.9163238, -25.5152046, 33.6511799, -0.7115713,  0.5702876,  0.2166196, -0.3485890)    0    0  20.69143522 26 0.000  13.27684292
(-11.2828982, -14.5536432, 32.6551758, -0.2663933, -0.6913061,  0.3133956,  0.5940653)    0    0 -20.81293159  5 5.000 -14.11327044
(-7.1433782, -25.0477967, 27.0539866, -0.1475627, -0.2250997, -0.4448385, -0.8542096)    0    0  22.10398491  1 0.560  14.84203752
(-2.6734405, -25.5020361, 33.4737851, -0.7115712,  0.5702876,  0.2166195, -0.3485893)    0    0  21.03890536 17 0.000  13.52317930
(-15.4182384, -21.9523241, 38.7848371,  0.0969394,  0.3171447,  0.8118967, -0.4804641)    0    0  23.73844506 20 0.000  16.20614819
(-17.2433307, -20.4493756, 36.1740149, -0.5343107, -0.4101667, -0.3370800,  0.6577632)    0    0  11.73029891  2 5.000   7.72201129
(-11.3673668, -25.6913837, 31.5087899, -0.4201560, -0.1956456,  0.3944256, -0.7934861)    0    0  21.43815462  0 0.480  14.46245190
(-7.2100854, -24.8797320, 27.0403209, -0.1475627, -0.2250997, -0.4448386, -0.8542096)    0    0  22.66837270  0 5.000  15.11225063
(-6.9428442, -25.2720140, 26.9227075, -0.1475629, -0.2250997, -0.4448383, -0.8542097)    0    0  21.91903121  1 0.400  14.55469765
(-7.1253553, -25.0058046, 27.3278189, -0.1475632, -0.2250998, -0.4448378, -0.8542099)    0    0  21.59663175  0 0.400  14.45929331
(-15.4726393, -21.9786688, 38.8013942,  0.0969429,  0.3171480,  0.8118969, -0.4804609)    0    0  23.88902036  0 0.800  15.92905498
(-6.5081411, -20.2526604, 42.2906436, -0.2716528, -0.5505168,  0.0081304, -0.7893477)    0    0  21.06940496  3 0.960  14.06523098
(-6.6201941, -20.0856411, 42.3540681, -0.2716530, -0.5505166,  0.0081307, -0.7893479)    0    0  20.94600751  5 0.400  14.00811561
(-6.5531389, -19.7908510, 42.3628225, -0.2716529, -0.5505168,  0.0081305, -0.7893478)    0    0  20.63041851 18 0.000  13.64697335
(-2.7532689, -25.1730226, 33.7985863, -0.7115707,  0.5702887,  0.2166207, -0.3485877)    0    0  21.97026365  0 0.400  15.43433701
(-6.1943179, -19.7993883, 42.1536740, -0.2716529, -0.5505167,  0.0081306, -0.7893478)    0    0  21.01823410  6 0.560  14.05772453
(-11.4241776, -25.5538531, 31.2834875, -0.4201560, -0.1956456,  0.3944256, -0.7934861)    0    0  21.43241842 13 0.000  14.33837508
(-9.5988813, -25.8688569, 36.4955600,  0.1763600,  0.3364114,  0.8017237, -0.4614799)    0    0  20.87163734  3 5.000  14.00823965
(-11.1391875, -25.3480559, 31.2643884, -0.4201560, -0.1956456,  0.3944256, -0.7934861)    0    0  21.28234617  0 0.560  13.75146155
(-10.8905883, -25.2038851, 30.8211109, -0.4201560, -0.1956456,  0.3944256, -0.7934861)    0    0  21.90206473  4 0.720  14.72378785
(-15.0538530, -21.7578391, 38.7845326,  0.0969393,  0.3171446,  0.8118967, -0.4804642)    0    0  24.17030570  6 0.480  16.03523522
(-6.5323278, -20.1524307, 42.2665392, -0.2716529, -0.5505167,  0.0081306, -0.7893478)    0    0  20.76783406 11 0.000  13.69834200
(-11.2042647, -25.6475290, 30.9472169, -0.4201560, -0.1956456,  0.3944256, -0.7934861)    0    0  21.30024614 26 0.000  14.05007377
(-9.5358677, -25.8810556, 36.2033219,  0.1763600,  0.3364114,  0.8017237, -0.4614799)    0    0  20.54634526  5 0.360  13.67795993
(-15.1335860, -21.5525014, 38.7182797,  0.0969360,  0.3171415,  0.8118966, -0.4804671)    0    0  24.17034556 11 0.840  16.17797215
(-6.2830822, -19.7910531, 42.2339794, -0.2716530, -0.5505166,  0.0081307, -0.7893478)    0    0  20.97636138  7 0.480  14.00850122
(-7.3956746, -24.9345644, 26.6218876, -0.1475630, -0.2250997, -0.4448381, -0.8542098)    0    0  21.84563273 12 0.000  14.22594469
(-6.2711675, -19.8392912, 42.0591820, -0.2716527, -0.5505171,  0.0081302, -0.7893476)    0    0  20.89191547  4 0.400  14.03561448
(-7.6239928, -24.9737106, 26.4141552, -0.1475630, -0.2250997, -0.4448381, -0.8542098)    0    0  19.50880535  0 0.480  10.41574563
(-7.1550403, -24.8948354, 26.6435163, -0.1475632, -0.2250998, -0.4448378, -0.8542099)    0    0  21.51514183 17 0.000  14.51923111
(-11.0565024, -25.5196746, 30.8267969, -0.4201560, -0.1956456,  0.3944256, -0.7934861)    0    0  21.93037795  3 1.440  14.60116637
(-15.1289373, -21.7034703, 38.7924577,  0.0969355,  0.3171410,  0.8118966, -0.4804676)    0    0  24.56827379  0 1.600  16.45033728
(-2.8232520, -25.7224167, 33.7461115, -0.7115708,  0.5702883,  0.2166202, -0.3485885)    0    0  21.06305974 17 0.000  13.29968625
(-11.3644779, -25.6451476, 31.0177458, -0.4201560, -0.1956456,  0.3944256, -0.7934861)    0    0  21.25209068  8 0.160  14.18270853
(-14.9448371, -21.8719891, 38.8967181,  0.0969388,  0.3171441,  0.8118967, -0.4804646)    0    0  24.04024846 12 0.080  16.09922151
(-6.4694587, -19.8301536, 42.3570455, -0.2716528, -0.5505169,  0.0081303, -0.7893477)    0    0  20.77448141  6 0.400  13.72204828
(-11.0319647, -25.5561673, 30.6171019, -0.4201560, -0.1956456,  0.3944256, -0.7934861)    0    0  21.55445426  0 0.480  14.20150512
(-6.6348426, -19.5562362, 42.6563965, -0.2716528, -0.5505169,  0.0081304, -0.7893477)    0    0  20.47377259  0 0.400  13.39816024
(-15.1169209, -21.6067607, 38.5118280,  0.0969381,  0.3171435,  0.8118967, -0.4804652)    0    0  24.29248543  5 0.640  16.23863876
(-14.8966367, -21.9517904, 38.8449104,  0.0969357,  0.3171412,  0.8118966, -0.4804674)    0    0  24.38458940  2 0.640  16.38916629
(-6.5070289, -19.9381771, 42.3007399, -0.2716527, -0.5505171,  0.0081301, -0.7893476)    0    0  20.91356293  0 0.400  14.12450535
(-3.0471803, -26.2020581, 33.8944662, -0.7115712,  0.5702877,  0.2166197, -0.3485890)    0    0  22.31097879 18 0.000  15.74862741
(-2.6897936, -25.6912987, 33.8983862, -0.7115728,  0.5702848,  0.2166167, -0.3485922)    0    0  23.66550693  2 0.720  16.02390906
(-11.3894945, -14.7949947, 33.2395668, -0.2663933, -0.6913061,  0.3133956,  0.5940653)    0    0 -19.54302266  1 5.000 -13.24076595
(-2.5830086, -25.9089029, 33.8603348, -0.7115717,  0.5702866,  0.2166184, -0.3485905)    0    0  23.05575105 12 0.000  15.67249270
(-11.3977637, -25.5290237, 30.6780895, -0.4201560, -0.1956456,  0.3944256, -0.7934861)    0    0  21.49338219 13 0.000  14.40711404
(-6.0720857, -20.2550625, 42.3052396, -0.2716522, -0.5505182,  0.0081290, -0.7893470)    0    0  20.78565988 20 0.000  13.98643590
(-6.4241054, -20.1099587, 42.2486529, -0.2716529, -0.5505168,  0.0081305, -0.7893478)    0    0  20.93311621  4 0.480  13.98815618
(-15.4128418, -21.5037790, 38.6307462,  0.0969259,  0.3171319,  0.8118962, -0.4804762)    0    0  23.92719756  0 0.400  16.26672550
(-11.0735120, -25.7913462, 30.8445406, -0.4201560, -0.1956456,  0.3944256, -0.7934861)    0    0  21.52472989  0 0.480  14.21335815
(-17.4096491, -20.4839044, 35.9620025, -0.5343107, -0.4101667, -0.3370800,  0.6577632)    0    0  11.10847547  4 5.000   7.20785508
(-6.5821096, -19.9780219, 42.3701901, -0.2716530, -0.5505166,  0.0081307, -0.7893478)    0    0  20.82075959 11 0.000  13.89701790
(-11.7816819, -25.4617469, 31.2442555, -0.4201560, -0.1956456,  0.3944256, -0.7934861)    0    0  21.55880767 13 0.000  14.54330924
(-7.3671423, -25.4827179, 26.6492685, -0.1475629, -0.2250997, -0.4448383, -0.8542097)    0    0  21.21672445  0 0.400  14.56306877
(-7.3102769, -24.8941556, 26.5997614, -0.1475629, -0.2250997, -0.4448382, -0.8542097)    0    0  21.87754953  6 0.400  14.31403804
(-11.2382781, -25.5344764, 31.0871262, -0.4201560, -0.1956456,  0.3944256, -0.7934861)    0    0  21.24108812 22 0.000  13.97071405
(-7.1730951, -25.0225014, 26.5022490, -0.1475632, -0.2250998, -0.4448378, -0.8542099)    0    0  22.00427100  0 0.400  14.73250755
(-9.5391281, -25.8899357, 36.1634981,  0.1763600,  0.3364114,  0.8017237, -0.4614799)    0    0  20.72579917  6 1.880  13.71341722
(-2.9155047, -25.5058529, 33.5022308, -0.7115734,  0.5702837,  0.2166155, -0.3485936)    0    0  23.75247745  2 5.000  15.72042088
(-3.2517077, -26.0439205, 33.8125812, -0.7115716,  0.5702870,  0.2166190, -0.3485897)    0    0  23.64910124  3 0.640  15.70980501
(-2.8242890, -25.4441598, 33.2360170, -0.7115713,  0.5702876,  0.2166195, -0.3485891)    0    0  21.66997398  0 0.400  13.37692164
(-7.2200951, -25.4177957, 26.6119807, -0.1475632, -0.2250998, -0.4448378, -0.8542099)    0    0  19.38568241  0 0.400  14.51278624
(-11.1119237, -14.6403181, 32.8254436, -0.2663933, -0.6913061,  0.3133956,  0.5940653)    0    0 -20.45244046  3 5.000 -12.94151723
(-6.3108883, -19.8512266, 42.1048450, -0.2716530, -0.5505166,  0.0081307, -0.7893478)    0    0  20.85091614 10 0.000  13.94927300
(-11.2776856, -25.8277151, 31.0660730, -0.4201560, -0.1956456,  0.3944256, -0.7934861)    0    0  21.75847399  7 0.320  14.44653948
(-10.9094329, -25.4891819, 30.9518043, -0.4201560, -0.1956456,  0.3944256, -0.7934861)    0    0  21.32404145  0 0.400  14.28180186
(-15.0781299, -21.8043777, 38.7313550,  0.0969402,  0.3171455,  0.8118968, -0.4804633)    0    0  24.01916302  6 0.520  15.86610933
(-6.2058094, -20.1807425, 42.3370020, -0.2716522, -0.5505181,  0.0081291, -0.7893471)    0    0  20.90245721  0 0.480  14.02497506
(-6.0298501, -19.8673560, 42.1397018, -0.2716529, -0.5505167,  0.0081306, -0.7893478)    0    0  21.19411486  2 1.120  14.19910914
(-6.4012680, -19.8726141, 42.2898621, -0.2716529, -0.5505167,  0.0081306, -0.7893478)    0    0  20.86084177 19 1.520  13.74257467
(-9.5199736, -25.8340182, 36.1035306,  0.1763600,  0.3364114,  0.8017237, -0.4614799)    0    0  20.52646423  8 2.600  13.47338214
(-17.7695111, -20.5612215, 35.4968378, -0.5343107, -0.4101667, -0.3370800,  0.6577632)    0    0  10.61280694  5 5.000   7.64665302
(-14.9694354, -22.0953233, 38.5897740,  0.0969386,  0.3171439,  0.8118967, -0.4804648)    0    0  24.34385808  3 0.880  16.36314590
(-6.8779860, -24.9210248, 26.3806207, -0.1475632, -0.2250998, -0.4448378, -0.8542099)    0    0  20.43272356 10 0.000  14.46119580
(-7.4401157, -25.1782496, 26.4624563, -0.1475632, -0.2250998, -0.4448378, -0.8542099)    0    0  19.21312103  0 0.400  10.31147486
(-7.1312522, -24.8970636, 26.7698284, -0.1475628, -0.2250997, -0.4448385, -0.8542096)    0    0  21.93641608  0 0.480  14.60337227
(-9.3436178, -25.9253368, 36.3412219,  0.1763600,  0.3364114,  0.8017237, -0.4614799)    0    0  20.82788693  5 2.520  14.04297667
(-2.7855332, -25.8647089, 33.7703987, -0.7115734,  0.5702837,  0.2166155, -0.3485936)    0    0  22.33159125 21 0.000  13.48408139
(-11.3117355, -25.4933168, 31.3166462, -0.4201560, -0.1956456,  0.3944256, -0.7934861)    0    0  21.19778083  2 0.640  13.96022727
(-6.2335507, -19.8856767, 42.2233328, -0.2716528, -0.5505169,  0.0081304, -0.7893477)    0    0  21.27000964  0 3.080  14.27311618
(-6.6786543, -19.7452717, 42.2800275, -0.2716528, -0.5505170,  0.0081303, -0.7893477)    0    0  20.35066880  7 0.240  13.49141264
(-11.5225489, -25.6373469, 31.2090231, -0.4201560, -0.1956456,  0.3944256, -0.7934861)    0    0  22.06948821  1 5.000  14.74490487
(-3.2303696, -25.8025248, 33.1667524, -0.7115712,  0.5702879,  0.2166199, -0.3485886)    0    0  22.95231036 12 0.000  15.99633074
(-2.9144784, -25.5107288, 33.5057456, -0.7115728,  0.5702832,  0.2166153, -0.3485933)    0    0  24.19199451  0 5.000  16.12800026
(-14.9592037, -21.6789081, 38.9256558,  0.0969360,  0.3171415,  0.8118966, -0.4804671)    0    0  23.74068285  5 0.400  15.82003599
(-2.8594266, -25.9013583, 33.7845298, -0.7115706,  0.5702888,  0.2166208, -0.3485876)    0    0  23.19958418 13 0.160  15.72985508
(-14.8484206, -21.8346031, 39.1669154,  0.0969380,  0.3171434,  0.8118967, -0.4804653)    0    0  24.22684924  3 0.320  16.38363675
(-11.5756633, -25.6326637, 31.2134061, -0.4201560, -0.1956456,  0.3944256, -0.7934861)    0    0  21.14865051 37 0.000  14.16463909
(-6.4329440, -19.3103354, 42.4406835, -0.2716528, -0.5505170,  0.0081303, -0.7893477)    0    0  20.55401581  1 0.720  13.62456315
(-11.6568456, -25.6508211, 31.2899170, -0.4201560, -0.1956456,  0.3944256, -0.7934861)    0    0  21.68121727  9 0.240  14.53721133
(-2.9820626, -25.8136833, 33.4698423, -0.7115717,  0.5702866,  0.2166184, -0.3485905)    0    0  23.18489288  6 0.400  15.80624744
(-6.1711351, -20.2435416, 42.2450683, -0.2716526, -0.5505174,  0.0081298, -0.7893474)    0    0  21.01911665  0 0.400  14.17401777
(-6.6889056, -19.5272058, 42.3896489, -0.2716529, -0.5505166,  0.0081307, -0.7893478)    0    0  20.92744344 11 0.480  14.11441472
(-11.3931107, -25.4520282, 30.7865108, -0.4201560, -0.1956456,  0.3944256, -0.7934861)    0    0  21.36152731 14 0.000  14.26671408
