#Coordinates  RecID  LigID  Luciferin  Neighbor's number  Vision Range  Scoring
(-10.8957081, -26.1256869, 31.4767394, -0.4201287, -0.1956760,  0.3944810, -0.7934655)    0    0  21.56286080  1 1.160  14.53763270
(-1.9969297, -25.6900673, 34.4907144, -0.7043787,  0.5892064,  0.2422549, -0.3130479)    0    0  20.42310180  0 1.000  13.85259415
(-3.0337364, -27.9099016, 33.7598733, -0.5521283, -0.0211718, -0.3067406, -0.7749944)    0    0  13.72609917  2 3.560   9.22772760
(-12.0984868, -18.3319972, 40.6009832, -0.0992624, -0.1727834, -0.7058725,  0.6797330)    0    0 -10.15480166 11 4.040  -4.56040228
(-6.3959535, -24.5875680, 28.2063000, -0.1524145, -0.2253029, -0.4386465, -0.8564308)    0    0  20.50479911  1 0.440  14.62089753
(-9.6833050, -26.7633978, 37.7693966,  0.1769076,  0.3364711,  0.8016943, -0.4612739)    0    0  16.71614476  8 1.560  11.38839432
(-2.5720833, -26.2145993, 34.3306686, -0.7041716,  0.5895797,  0.2421743, -0.3128732)    0    0  20.10265038  5 0.440  13.65081839
(-9.4023450, -26.3893144, 38.1070143,  0.1859287,  0.3378475,  0.8001861, -0.4593377)    0    0  17.07039834  3 1.480  11.64298915
(-2.6834215, -26.5552212, 33.7995505, -0.7043691,  0.5892243,  0.2422536, -0.3130370)    0    0  20.51780996 10 1.240  13.85048728
(-2.4425016, -24.8502749, 35.8831957, -0.7034713,  0.5907068,  0.2420159, -0.3124393)    0    0  12.23020733 12 1.720  11.21176747
(-12.8826003, -19.9981714, 40.7831088,  0.0941191, -0.1257694, -0.7653403,  0.6241617)    0    0  15.25429402  2 5.000  10.18488662
(-9.1445985, -26.8165305, 37.9978293,  0.1812495,  0.3371850,  0.8009020, -0.4604284)    0    0  17.25851980  1 1.320  11.75308087
(-2.6904357, -26.4703244, 34.7260030, -0.7043060,  0.5893402,  0.2422274, -0.3129808)    0    0  20.61078443  7 0.520  14.05556291
(-11.2803372, -26.0376146, 31.0459560, -0.4200675, -0.1957111,  0.3944987, -0.7934804)    0    0  21.33206638  7 4.840  14.12893923
(-13.6728173, -23.6349771, 37.4174286,  0.1031276,  0.3229551,  0.8121120, -0.4749093)    0    0  18.33901566  2 5.000  12.14734701
(-12.7321461, -20.1440867, 41.2355191,  0.0941232, -0.1257746, -0.7653394,  0.6241612)    0    0  15.17936892  4 5.000  10.16918897
(-6.1278008, -25.1108063, 27.7360600, -0.1513502, -0.2252601, -0.4401740, -0.8558710)    0    0  20.40887125  0 0.400  14.01366114
(-5.2071055, -19.3042022, 39.7225803, -0.2709146, -0.5518044,  0.0066936, -0.7887156)    0    0  11.18337549  2 3.480   8.08146250
(-3.0177569, -27.9244022, 33.8136836, -0.5521182, -0.0210668, -0.3066880, -0.7750253)    0    0  13.67480290  9 4.680   9.00521846
(-2.5020813, -26.3489112, 34.0114927, -0.7043567,  0.5892476,  0.2422499, -0.3130238)    0    0  20.58783416  9 3.720  13.92910618
(-11.1969615, -25.9031261, 30.8175986, -0.4200114, -0.1957400,  0.3945101, -0.7934974)    0    0  21.36612741  2 1.000  14.33301371
(-11.3136314, -25.8904139, 30.7297277, -0.4200722, -0.1957087,  0.3944925, -0.7934816)    0    0  21.36262093  5 1.720  14.19469478
(-5.8128673, -19.0683357, 39.0631633, -0.2721259, -0.5458330,  0.0109021, -0.7923636)    0    0   9.42021347  0 0.680   7.43206199
(-11.0240356, -25.9565363, 30.9776911, -0.4203206, -0.1955618,  0.3943556, -0.7934543)    0    0  20.95644620  6 0.320  14.10940612
(-6.2504563, -25.0002708, 27.4979762, -0.1475293, -0.2255786, -0.4441423, -0.8544437)    0    0  20.56620307  8 0.360  14.08695473
(-7.4774657, -23.4895774, 28.4143372, -0.2040788, -0.2269610, -0.3661918, -0.8790587)    0    0   7.64948856  4 1.320   9.08188808
(-5.0916057, -18.9197800, 39.4104292, -0.2726648, -0.5485417,  0.0104066, -0.7903292)    0    0   9.68210704  5 1.800   7.13390953
(-6.1217686, -24.9893806, 27.8384808, -0.1458740, -0.2250682, -0.4469527, -0.8534040)    0    0  20.95651983  1 0.760  14.08213425
(-13.0343283, -20.1991599, 41.2196908,  0.0941192, -0.1257691, -0.7653401,  0.6241620)    0    0  15.32632666  1 5.000  10.29487794
(-6.0792219, -28.0001312, 28.3834095, -0.8950295,  0.2999932,  0.1808882,  0.2760539)    0    0  15.67891709  1 5.000  10.55288749
(-6.3202356, -24.8561544, 27.8483641, -0.1457972, -0.2250197, -0.4470239, -0.8533926)    0    0  21.51475799  2 3.080  14.60174824
(-6.4285231, -25.2421599, 27.5577099, -0.1060525, -0.2355122, -0.4490851, -0.8553417)    0    0   6.62779414  1 0.680  10.85504450
(-7.3381947, -24.4091064, 28.1185030, -0.1797666, -0.2262484, -0.4023018, -0.8687053)    0    0  14.77331568  4 0.920  12.96434989
(-9.7061140, -26.6105825, 37.8261120,  0.1738358,  0.3359935,  0.8021500, -0.4619861)    0    0  16.65029916  9 0.760  11.27225380
(-13.0292113, -20.0344997, 40.8000702,  0.0941191, -0.1257710, -0.7653409,  0.6241607)    0    0  14.89139778  5 5.000   9.78359050
(-2.0139849, -25.9397149, 34.3284611, -0.6986555,  0.5923915,  0.2380196, -0.3227190)    0    0  18.55218747  5 0.440  14.22161604
(-5.3012205, -19.1389043, 39.1765878, -0.2859454, -0.5197428,  0.0393576, -0.8040856)    0    0  10.15719324  4 4.920   7.57084697
(-11.1024142, -25.9924421, 31.0646811, -0.4201761, -0.1956542,  0.3944831, -0.7934447)    0    0  21.62146904  0 1.200  14.50206053
(-6.6823719, -24.2853945, 28.0124595, -0.1802581, -0.2264757, -0.4004593, -0.8693953)    0    0  14.60942017  8 0.840  12.72566729
(-11.7880368, -25.9882458, 30.9723132, -0.4214517, -0.1959406,  0.3927172, -0.7935735)    0    0  19.96637336  1 0.760  13.86170471
(-10.8781446, -25.8749914, 37.5518422,  0.1226666,  0.3266753,  0.8098543, -0.4715636)    0    0  16.93585629 11 2.760  11.05767775
(-10.1331011, -25.4023688, 32.3026631, -0.4199097, -0.1953157,  0.3934348, -0.7941894)    0    0  11.58218468  3 1.880  10.52756797
(-6.2501311, -25.0180870, 27.4469180, -0.1457620, -0.2249775, -0.4470448, -0.8533988)    0    0  21.56515007  1 5.000  14.41578692
(-12.5490038, -19.2048078, 40.7084659,  0.0555077, -0.1357220, -0.7562131,  0.6376835)    0    0  -1.60276080  6 4.280   3.52535388
(-2.8240676, -27.4588890, 34.1697211, -0.7313495,  0.4243592,  0.0588197, -0.5306481)    0    0  14.71423258 23 3.320  10.79363786
(-6.3579468, -24.6440155, 28.0379797, -0.1458500, -0.2250413, -0.4469747, -0.8534037)    0    0  21.10071742  6 0.520  14.29918741
(-6.2798628, -24.9178143, 27.6518920, -0.1456380, -0.2252567, -0.4467450, -0.8535032)    0    0  20.79383530  6 0.520  14.44318598
(-13.7556486, -23.5546013, 37.4565993,  0.1031200,  0.3229590,  0.8121106, -0.4749106)    0    0  18.26079497  5 4.600  12.28122132
(-6.2549326, -25.0000389, 27.4817310, -0.1457566, -0.2249781, -0.4470455, -0.8533992)    0    0  21.59165948  0 5.000  14.40773507
(-9.5015721, -26.5964798, 37.9441192,  0.1773030,  0.3365131,  0.8015881, -0.4612070)    0    0  16.78724623  7 1.560  11.39225644
(-17.2922133, -20.4597505, 36.1111434, -0.5343074, -0.4101642, -0.3370779,  0.6577591)    0    0  11.88996858  0 5.000   7.92670146
(-6.2853629, -25.0183384, 27.3359496, -0.1490768, -0.2253707, -0.4434593, -0.8545867)    0    0  20.23568758  0 0.400  13.93641670
(-7.1552875, -23.9460167, 28.2109964, -0.2058832, -0.2267924, -0.3636336, -0.8797431)    0    0  11.63275039  6 1.000  10.11451385
(-11.5263886, -26.1770913, 30.9483660, -0.4204757, -0.1954743,  0.3944513, -0.7933459)    0    0  21.22860172 12 0.000  14.35999802
(-2.7598703, -26.3222098, 34.6876806, -0.7043254,  0.5893007,  0.2422380, -0.3130034)    0    0  20.38098533  9 0.040  13.78600511
(-11.0559618, -26.0201208, 31.1435345, -0.4200852, -0.1956948,  0.3944725, -0.7934881)    0    0  21.35382204  6 0.680  14.30596026
(-2.6415695, -26.2881041, 34.7495490, -0.7043892,  0.5891878,  0.2422620, -0.3130539)    0    0  20.59259481  8 4.040  13.92095594
(-5.9902517, -18.4779062, 38.4747178, -0.2738249, -0.5507280,  0.0091253, -0.7884112)    0    0  -8.49723647  4 1.320  -0.21978417
(-7.2106208, -23.7246386, 28.2912703, -0.2079703, -0.2269594, -0.3601731, -0.8806322)    0    0   9.86256954  6 1.000   9.62978956
(-11.5204048, -25.8470961, 30.8000385, -0.4201503, -0.1956405,  0.3944699, -0.7934683)    0    0  20.90477024  0 0.400  14.10514143
(-5.1217520, -19.3498236, 38.2995231, -0.2748130, -0.5449339,  0.0144864, -0.7919456)    0    0   6.76262092 13 0.440   5.87043347
(-5.0126450, -18.8816918, 39.5454419, -0.2726824, -0.5479085,  0.0106013, -0.7907530)    0    0   9.73793940  3 0.760   7.28129165
(-10.8007744, -25.8036151, 31.6145823, -0.4203154, -0.1953911,  0.3940286, -0.7936613)    0    0  16.35153690 13 0.600  12.95376771
(-2.6074925, -25.1533521, 35.6360497, -0.7039247,  0.5899798,  0.2421148, -0.3127207)    0    0  16.33291395 14 1.480  12.53046408
(-5.5834887, -19.8352989, 38.2293389, -0.2778307, -0.5374670,  0.0215998, -0.7959100)    0    0   9.30652486  1 1.000   6.26494953
(-6.3591914, -24.8911444, 27.8150519, -0.1524934, -0.2253470, -0.4385746, -0.8564433)    0    0  20.38828376  1 0.680  13.70213993
(-11.2156022, -25.9551465, 30.7809618, -0.4200236, -0.1957042,  0.3944173, -0.7935459)    0    0  21.01724645  7 0.240  14.17096111
(-11.3254887, -14.2021166, 31.8053902, -0.2663672, -0.6912715,  0.3134137,  0.5941079)    0    0 -27.02413219  1 5.000 -17.11686282
(-12.1479902, -18.4471498, 40.7866806, -0.0606790, -0.1639590, -0.7204902,  0.6710659)    0    0  -8.56716184 10 4.280  -5.25643629
(-17.5297934, -20.5101737, 35.8055757, -0.5343103, -0.4101668, -0.3370797,  0.6577636)    0    0  11.84659739  1 5.000   7.94877615
(-11.2659496, -25.8740482, 30.2236228, -0.4202649, -0.1954721,  0.3940297, -0.7936675)    0    0  20.93732144  0 0.480  13.69709921
(-1.8902757, -26.1563926, 34.5172051, -0.6874265,  0.5979392,  0.2296560, -0.3423033)    0    0  15.44617071 22 0.360  12.60191258
(-17.4534060, -20.5032925, 35.8807609, -0.5343078, -0.4101670, -0.3370786,  0.6577661)    0    0  11.31863448  4 5.000   7.45666417
(-3.0138330, -28.0024681, 33.8709623, -0.5517974, -0.0210014, -0.3067029, -0.7752496)    0    0  13.59226320  5 3.720   8.84198114
(-7.5322989, -21.2076556, 36.4438907, -0.2970900, -0.4932707,  0.0647709, -0.8150008)    0    0  15.04532074  0 5.000  10.64080170
(-11.2536911, -25.7573404, 30.6618024, -0.4202471, -0.1955436,  0.3942457, -0.7935523)    0    0  21.17208714  0 0.400  14.12505181
(-10.9164022, -25.9428475, 31.3006044, -0.4200752, -0.1957070,  0.3944880, -0.7934827)    0    0  21.31242865 10 1.560  14.29031036
(-9.4046998, -26.7188647, 37.9270069,  0.1773675,  0.3366147,  0.8015143, -0.4613077)    0    0  17.44604301  0 3.480  11.82570615
(-11.1409007, -25.9604070, 30.9632750, -0.4200721, -0.1957088,  0.3944926, -0.7934816)    0    0  21.24002268 15 3.080  14.18610626
(-4.9226267, -19.2662370, 38.3137157, -0.2752526, -0.5458204,  0.0146143, -0.7912581)    0    0   7.51684164  4 1.240   6.11375502
(-6.2371221, -25.1554391, 27.1463510, -0.1458248, -0.2250237, -0.4469828, -0.8534084)    0    0  21.20050535  6 0.520  14.52523579
(-6.2990800, -24.8287069, 27.8160349, -0.1458031, -0.2250403, -0.4470185, -0.8533890)    0    0  21.42950164  3 3.720  14.47940320
(-6.1635662, -18.6115104, 38.3486794, -0.2773221, -0.5420661,  0.0179960, -0.7930529)    0    0  -8.23467671 17 0.760   0.17873890
(-2.5116943, -24.8649917, 35.8114071, -0.7035683,  0.5905704,  0.2420162, -0.3124793)    0    0  13.85538881 17 1.640  11.39158799
(-11.5609099, -25.8557125, 30.8649202, -0.4207550, -0.1957639,  0.3936466, -0.7935257)    0    0  20.30801992  7 0.640  13.80464120
(-2.4210563, -26.2374456, 34.4463932, -0.6987709,  0.5921763,  0.2380819, -0.3228158)    0    0  18.23754591  9 0.440  13.87513507
(-2.5973648, -26.3706362, 34.3933745, -0.7043754,  0.5892134,  0.2422581, -0.3130397)    0    0  20.88206270  0 5.000  14.03796977
(-11.3873691, -14.1824471, 31.7691430, -0.2679893, -0.6936033,  0.3125325,  0.5911016)    0    0 -30.55789313  4 3.480 -18.00039102
(-10.4955729, -25.8174075, 31.3877337, -0.4200151, -0.1955392,  0.3939571, -0.7938193)    0    0  17.49695643  2 1.320  12.70277269
(-11.6532182, -25.5610610, 30.1749243, -0.4199632, -0.1957621,  0.3945091, -0.7935179)    0    0  21.27177239  2 0.520  14.20402623
(-3.0936684, -28.2149795, 33.1373010,  0.3467721,  0.2623609,  0.4255078,  0.7936365)    0    0  11.51513950  6 3.640   7.85617975
(-2.5937117, -26.3211934, 34.6130055, -0.7043854,  0.5891947,  0.2422604, -0.3130507)    0    0  20.62564122  4 4.760  13.91444429
(-6.3575650, -25.3222077, 27.6010467, -0.1460167, -0.2251079, -0.4468501, -0.8534228)    0    0  19.07307546  0 0.600  11.75503981
(-11.4849485, -25.5767345, 29.9779226, -0.4199524, -0.1957721,  0.3945251, -0.7935132)    0    0  21.31124203 11 1.640  14.21695822
(-10.8094316, -14.3015837, 31.9823392, -0.2667891, -0.6918291,  0.3131932,  0.5933845)    0    0 -30.89626313  5 4.360 -18.30660855
(-7.1142779, -23.9025739, 28.1882782, -0.2059296, -0.2269133, -0.3636294, -0.8797028)    0    0  11.85167663  6 1.160  10.37882386
(-6.0021713, -27.8195881, 28.1574784, -0.8950295,  0.2999935,  0.1808880,  0.2760536)    0    0  15.95329184  0 5.000  10.64631090
(-12.9247570, -20.0540637, 40.9045358,  0.0941165, -0.1257656, -0.7653407,  0.6241624)    0    0  15.44820367  0 5.000  10.31393970
(-2.3369328, -25.9223142, 34.6158128, -0.6984181,  0.5928168,  0.2379250, -0.3225186)    0    0  17.74552004 14 0.120  13.40206161
(-6.2828429, -24.9679277, 27.8854837, -0.1545570, -0.2255788, -0.4352073, -0.8576626)    0    0  19.58553556  7 0.360  14.76719988
(-13.1414126, -24.1122802, 37.2185945,  0.1031862,  0.3229320,  0.8121360, -0.4748712)    0    0  17.65606947  4 0.600  11.86183643
(-11.2257781, -25.7557895, 30.2672999, -0.4201142, -0.1956742,  0.3945222, -0.7934531)    0    0  20.96336176  0 0.400  13.77641775
(-2.3187502, -26.0841754, 34.6531975, -0.6931460,  0.5951807,  0.2338939, -0.3325691)    0    0  18.04059956 18 0.000  13.63235604
(-5.8042423, -19.5367325, 38.4463910, -0.2939465, -0.5009850,  0.0575251, -0.8118921)    0    0   7.86924368 14 4.200   3.78054914
(-6.3880952, -24.8742297, 27.7560939, -0.1474474, -0.2252469, -0.4453333, -0.8539295)    0    0  20.35866853 10 0.120  13.72657036
(-6.3382336, -25.0941461, 26.8091414, -0.1469879, -0.2251077, -0.4457615, -0.8538235)    0    0  17.99470058 11 0.000  11.19573734
(-2.6474739, -26.4128668, 34.5093541, -0.6987562,  0.5922044,  0.2380736, -0.3228024)    0    0  18.62672279 15 0.120  14.14519716
(-10.9276537, -14.2795658, 31.9429341, -0.2663493, -0.6912425,  0.3134191,  0.5941466)    0    0 -26.15163287  0 5.000 -17.33859305
(-6.2759908, -24.8691772, 27.8479760, -0.1551726, -0.2254957, -0.4354595, -0.8574450)    0    0  20.40782185  0 0.400  14.52116978
(-2.5698937, -26.2962297, 34.5670085, -0.7043703,  0.5892226,  0.2422556, -0.3130360)    0    0  20.65946159  2 2.680  13.89517599
(-13.7895497, -23.5168887, 37.4707736,  0.1031001,  0.3229676,  0.8121043, -0.4749199)    0    0  18.97199136  0 1.400  12.99643926
(-17.2433331, -20.4493733, 36.1740164, -0.5343068, -0.4101666, -0.3370781,  0.6577674)    0    0  11.67349120  2 4.920   7.72178388
(-11.2108234, -25.8217583, 30.8131867, -0.4205236, -0.1953954,  0.3941065, -0.7935115)    0    0  21.04119498  0 0.400  14.23305886
(-6.3732656, -24.8184184, 27.6686192, -0.1588594, -0.2255375, -0.4305310, -0.8593833)    0    0  20.23148575  0 0.400  14.29723939
(-6.2812938, -24.9168416, 27.6603462, -0.1458486, -0.2251034, -0.4469558, -0.8533974)    0    0  20.70891329 11 2.360  13.92745721
(-6.7808551, -24.3238393, 28.0560744, -0.1838561, -0.2263256, -0.3964938, -0.8704774)    0    0  14.64744692  7 1.000  12.57573086
(-13.5848311, -23.7558605, 37.3926753,  0.1031759,  0.3229343,  0.8121242, -0.4748921)    0    0  18.32037285  3 5.000  12.30840936
(-5.7713322, -19.5622910, 38.4874596, -0.2810084, -0.5307258,  0.0283352, -0.7991004)    0    0   9.05494541 10 3.880   5.66826140
(-6.0812639, -18.7446712, 38.5151005, -0.2755754, -0.5406511,  0.0170557, -0.7945956)    0    0  -6.20514852  5 1.160   2.25129387
(-5.2692458, -19.1131422, 39.5805088, -0.2709177, -0.5520170,  0.0065669, -0.7885669)    0    0  11.23038124  1 0.760   8.93431163
(-2.5408748, -25.9138326, 34.9531148, -0.7041715,  0.5895685,  0.2421816, -0.3128888)    0    0  18.44970893 12 0.680  13.19452762
(-5.8784310, -19.5700435, 38.4005201, -0.2782113, -0.5353160,  0.0225791, -0.7971985)    0    0   8.14640502  0 0.480   6.31532311
(-10.9788447, -25.8222674, 30.9317055, -0.4212617, -0.1950641,  0.3943533, -0.7930788)    0    0  20.89998441  0 0.400  14.18392140
(-9.5789730, -26.6618069, 37.8762182,  0.1778773,  0.3366891,  0.8014475, -0.4611744)    0    0  17.21517714  2 3.160  11.66203225
(-11.3514501, -26.0978186, 30.7017685, -0.4200883, -0.1956301,  0.3943099, -0.7935832)    0    0  20.78668151  0 0.480  13.76668130
(-11.2040023, -25.6283093, 30.5843579, -0.4203585, -0.1955261,  0.3943946, -0.7934237)    0    0  21.19938315  9 0.080  14.22949837
(-12.3752816, -18.8798805, 40.7332518,  0.0168121, -0.1454064, -0.7456736,  0.6500348)    0    0  -5.79037337  8 3.960  -0.30735905
(-5.4415632, -19.1561949, 38.5214402, -0.2794206, -0.5336925,  0.0251643, -0.7977639)    0    0   9.02401476  3 0.760   5.93796658
(-10.7181016, -25.9643821, 31.2921972, -0.4201069, -0.1956684,  0.3944778, -0.7934805)    0    0  21.23475518  9 0.080  14.50840742
(-10.5502127, -26.1897298, 37.5859348,  0.1499196,  0.3318243,  0.8059927, -0.4666824)    0    0  16.16233325  9 1.160  10.77187950
(-13.0347904, -20.2066843, 41.2387440,  0.0941191, -0.1257702, -0.7653405,  0.6241613)    0    0  15.23816200  3 5.000  10.26631987
(-5.1226668, -19.1247950, 39.6524459, -0.2709409, -0.5518579,  0.0067749, -0.7886684)    0    0  11.36447435  0 4.360   9.10285547
(-7.4187783, -23.4560234, 28.3774435, -0.2164050, -0.2270240, -0.3472251, -0.8837727)    0    0   5.63839383  5 1.240   8.57991557
(-5.8292540, -19.1502998, 38.4449062, -0.2771697, -0.5378373,  0.0202893, -0.7958180)    0    0  -0.54183758  6 0.760   4.24082045
(-6.8346687, -24.2765180, 28.0766192, -0.1668612, -0.2258839, -0.4191775, -0.8633794)    0    0  14.70423647 12 0.840  12.45489134
(-6.4528773, -24.6320794, 27.8961242, -0.1628928, -0.2259855, -0.4244269, -0.8614295)    0    0  17.92489303 10 0.520  14.63885791
(-11.2381037, -25.8147359, 30.7204158, -0.4200280, -0.1956977,  0.3943906, -0.7935584)    0    0  21.23055149  0 0.400  14.34681252
(-12.5238081, -19.1085583, 40.6125699,  0.0555114, -0.1357254, -0.7562120,  0.6376836)    0    0  -2.68403473  7 3.800   2.74410869
(-2.7794626, -27.4587591, 33.9753292, -0.7237933,  0.4264884,  0.0542048, -0.5397155)    0    0  14.44009799 24 3.480  10.03992650
(-11.5668079, -25.7810896, 30.6098528, -0.4203003, -0.1956526,  0.3944233, -0.7934090)    0    0  21.31251916  0 0.400  14.34180285
(-13.8315182, -23.4645370, 37.4854028,  0.1031222,  0.3229572,  0.8121144, -0.4749048)    0    0  18.28401152  4 3.560  12.31403421
(-4.5214879, -19.2118328, 37.8638460, -0.2746997, -0.5553514,  0.0093513, -0.7848495)    0    0   6.05737442  6 1.240   6.15916990
(-11.0295827, -26.0196561, 31.1474132, -0.4201044, -0.1956993,  0.3944481, -0.7934890)    0    0  21.24999670  8 0.160  14.32727281
(-4.6821433, -19.3973095, 38.0976292, -0.2757376, -0.5494590,  0.0133934, -0.7885955)    0    0   7.09841684  2 0.760   5.70041491
(-13.3685098, -23.9811243, 37.2870081,  0.1031441,  0.3229481,  0.8121192, -0.4748981)    0    0  18.05958650  9 2.680  12.26428970
(-13.4360682, -23.9042445, 37.3264894,  0.1031475,  0.3229454,  0.8121234, -0.4748920)    0    0  18.16847561  7 1.480  12.37676997
(-6.9654912, -16.6549117, 35.9963524, -0.2895258, -0.5765121,  0.0232021, -0.7637213)    0    0 -48.41345871  6 3.640 -27.29322196
(-1.4379821, -26.3800743, 34.2649983, -0.6577088,  0.6095896,  0.2081798, -0.3904878)    0    0  13.28295817 23 1.000   6.94667509
(-1.5979625, -26.3407918, 34.2475147, -0.6320809,  0.6173555,  0.1903345, -0.4279237)    0    0  15.84076147 21 1.800  12.38465926
(-10.9204375, -14.2810796, 31.9455893, -0.2663423, -0.6912375,  0.3134240,  0.5941531)    0    0 -27.03827562  2 5.000 -18.45874065
(-2.6226973, -26.4512834, 34.3082674, -0.7043734,  0.5892170,  0.2422568, -0.3130386)    0    0  20.62466456  5 3.000  13.83661329
(-10.8177706, -25.9394176, 31.1362497, -0.4204859, -0.1955185,  0.3944223, -0.7933441)    0    0  20.85605997  4 0.480  13.94627387
(-7.5221558, -16.1371878, 35.5531314, -0.3004400, -0.6096198,  0.0262950, -0.7330812)    0    0 -56.78369652  5 4.120 -39.81825187
(-5.7840523, -19.1615099, 38.8777112, -0.2822045, -0.5250719,  0.0325472, -0.8022473)    0    0   5.60432796  1 0.520   6.70570479
(-12.9382146, -24.2807809, 37.3315959,  0.1031885,  0.3229280,  0.8121379, -0.4748701)    0    0  18.14487266  8 0.600  12.27790793
(-11.3675870, -25.7759576, 30.4865008, -0.4201889, -0.1955643,  0.3943130, -0.7935446)    0    0  21.15418803  0 0.400  14.23379233
(-17.4134357, -20.4846566, 35.9574073, -0.5343051, -0.4101668, -0.3370772,  0.6577691)    0    0  11.06411840  5 5.000   7.19309992
(-5.9396442, -18.7822159, 38.8153298, -0.2721901, -0.5501479,  0.0083759, -0.7893959)    0    0  -3.51609215  5 1.160   3.04816926
(-11.2025802, -25.9194611, 29.9998819, -0.4200763, -0.1957182,  0.3944487, -0.7934989)    0    0  21.24699667  5 0.400  14.24290868
(-6.2245361, -25.0127260, 27.4262890, -0.1471297, -0.2251298, -0.4455609, -0.8538973)    0    0  20.93453660  6 0.360  14.60038779
(-6.2773625, -24.9571404, 27.5326711, -0.1457742, -0.2249976, -0.4470365, -0.8533958)    0    0  21.31303814  4 4.680  14.08430311
(-10.3328284, -25.5104731, 32.3197979, -0.4202240, -0.1954080,  0.3939609, -0.7937392)    0    0  10.92317919 20 1.080  10.33775265
(-6.3211707, -24.8178132, 27.8682808, -0.1679502, -0.2259331, -0.4184912, -0.8634883)    0    0  18.63291527 10 0.360  14.68257870
(-9.9816913, -26.4328393, 37.7582056,  0.1603165,  0.3336085,  0.8044259, -0.4646536)    0    0  17.01296940  9 3.000  11.14936972
(-1.0308309, -26.4470629, 34.1393576, -0.5833433,  0.6276349,  0.1580365, -0.4907235)    0    0  14.30004671 12 2.760   9.61952401
(-2.8126542, -26.4124898, 34.7093412, -0.7043324,  0.5892916,  0.2422352, -0.3130070)    0    0  20.26759964  0 0.600  13.71836756
(-2.2102154, -24.7076235, 35.8778055, -0.6922860,  0.5965785,  0.2336791, -0.3320019)    0    0  13.10433603 12 2.040  11.89111300
(-6.3615215, -24.7585571, 27.6399405, -0.1461501, -0.2250691, -0.4466970, -0.8534902)    0    0  20.67765623  4 0.280  13.89978150
(-11.0655417, -14.2402371, 31.8676126, -0.2665880, -0.6915401,  0.3133141,  0.5937485)    0    0 -28.80146081  3 5.000 -19.35996314
(-4.4716090, -19.3773329, 38.0801076, -0.2742930, -0.5532759,  0.0100444, -0.7863856)    0    0   7.15344094 13 1.320   6.49233877
(-12.3862299, -25.0141699, 30.6674229, -0.4213777, -0.1967118,  0.3915943, -0.7939695)    0    0  17.97812418 22 0.680  13.44023080
(-11.1293488, -25.9718530, 30.9024138, -0.4210897, -0.1952485,  0.3940910, -0.7932540)    0    0  20.85952877  0 0.400  14.26754055
(-13.4684320, -23.8606118, 37.3401533,  0.1031704,  0.3229364,  0.8121280, -0.4748854)    0    0  18.17210929  6 4.120  12.44133253
(-6.9482328, -17.8548493, 37.7988115, -0.2850168, -0.5365907,  0.0273810, -0.7937796)    0    0 -22.33822307 11 2.280 -10.52672160
(-5.5030157, -19.4995589, 38.3745514, -0.2763227, -0.5401953,  0.0185534, -0.7946492)    0    0   7.59888662 11 0.520   5.57491062
(-6.5048456, -18.0169355, 38.2543785, -0.2778612, -0.5509040,  0.0125143, -0.7868095)    0    0 -14.84143322  5 1.880  -5.15375004
(-10.2520592, -26.2675295, 37.6962311,  0.1581812,  0.3332177,  0.8048016, -0.4650152)    0    0  16.25063891  9 1.240  11.01469871
(-17.1950990, -20.4387301, 36.2370667, -0.5343097, -0.4101668, -0.3370794,  0.6577642)    0    0  11.61328925  3 5.000   7.75492816
(-11.9312072, -18.0306351, 40.7381691, -0.2136872, -0.1972871, -0.6542911,  0.6980822)    0    0  -7.87626604  9 4.680  -5.88469488
(-7.0653559, -24.1073298, 28.1282258, -0.1658389, -0.2257357, -0.4220205, -0.8622232)    0    0  20.31651483  0 1.000  14.18415172
(-5.9152448, -24.6243648, 27.7179364, -0.1458540, -0.2250622, -0.4469580, -0.8534062)    0    0  20.19487107 22 2.440  14.03908697
(-6.1990072, -25.1434541, 27.1720318, -0.1458092, -0.2250396, -0.4470155, -0.8533897)    0    0  21.22206947  5 5.000  14.28878270
(-9.7441084, -26.7806084, 37.7449980,  0.1785436,  0.3367832,  0.8013616, -0.4609976)    0    0  16.94899631  5 2.760  11.28100636
(-2.6402240, -26.4894103, 34.1119848, -0.7043720,  0.5892196,  0.2422567, -0.3130369)    0    0  20.73123873  1 2.600  13.90851497
(-11.0280483, -26.1519050, 31.0329730, -0.4201820, -0.1955796,  0.3942325, -0.7935845)    0    0  21.20703396 11 0.000  14.26373844
(-5.2621960, -19.1363602, 39.3047976, -0.2777225, -0.5378157,  0.0213463, -0.7957191)    0    0   8.87534461 12 4.280   5.52065156
(-5.6659900, -19.6622179, 38.2968053, -0.2779230, -0.5373846,  0.0218833, -0.7959257)    0    0   9.51667600  0 0.920   6.90404749
(-11.2809576, -25.9830799, 30.9309477, -0.4200673, -0.1957112,  0.3944988, -0.7934805)    0    0  21.41236325  2 5.000  14.24277976
(-2.5525584, -24.8011480, 35.9684721, -0.7032115,  0.5911727,  0.2419051, -0.3122291)    0    0  13.44594113 16 1.800  11.24192493
(-2.7065409, -26.3509245, 34.8687541, -0.7043881,  0.5891894,  0.2422610, -0.3130540)    0    0  20.63159164  3 5.000  13.95892800
(-13.8994912, -23.3886729, 37.5126184,  0.1031214,  0.3229589,  0.8121090, -0.4749131)    0    0  18.42946154  1 5.000  12.37127034
(-2.9742927, -27.8836127, 33.8906698, -0.6787412,  0.2131353, -0.1311454, -0.6904235)    0    0  13.85577891  4 5.000   9.19399280
(-13.1540095, -24.1756182, 37.1608575,  0.1031526,  0.3229433,  0.8121217, -0.4748952)    0    0  17.99189078 10 1.160  11.87301867
(-11.2689523, -26.1159258, 31.1772851, -0.4200848, -0.1956482,  0.3943053, -0.7935829)    0    0  21.31323561  0 0.560  14.26977889
(-5.2201196, -19.0228648, 39.2114775, -0.2793470, -0.5341201,  0.0248444, -0.7975360)    0    0   7.50575445 18 3.160   4.18025895
(-10.6984510, -25.6307258, 31.9272193, -0.4203952, -0.1953346,  0.3938404, -0.7937266)    0    0  15.16653720 23 0.440  12.44122441
(-2.6106803, -26.4003638, 34.3233263, -0.7043805,  0.5892039,  0.2422594, -0.3130452)    0    0  20.61968022  6 4.920  13.70609635
(-4.4776535, -19.3984045, 37.8469886, -0.2732983, -0.5548998,  0.0079412, -0.7856434)    0    0   6.61428046  5 0.840   5.39668040
(-5.5343789, -19.0814969, 39.1031822, -0.2744760, -0.5444707,  0.0144173, -0.7923845)    0    0   7.71228882  6 0.680   5.58156391
(-10.8623506, -25.9888427, 31.2105038, -0.4200547, -0.1957231,  0.3945170, -0.7934751)    0    0  21.39967465  3 5.000  14.27637292
