#Coordinates  RecID  LigID  Luciferin  Neighbor's number  Vision Range  Scoring
(-14.7746125, -13.4142836, 29.6896674, -0.8590455,  0.1098150,  0.4905568,  0.0966206)    0    0   5.00000000  0 0.200   0.00000000
(-7.8215567, -14.5316846, 26.1752896,  0.7611303, -0.4473399,  0.2508354,  0.3970508)    0    0   5.00000000  0 0.200   0.00000000
(-11.4741106, -20.6286176, 25.0325377, -0.6271983, -0.0099597, -0.6862274,  0.3682595)    0    0   5.00000000  0 0.200   0.00000000
(-13.9512313, -12.0909961, 25.0892520,  0.4242758, -0.6413387, -0.4305180, -0.4725771)    0    0   5.00000000  0 0.200   0.00000000
(-13.9270311, -28.3522631, 23.0001289,  0.4412101,  0.5960943,  0.6708051, -0.0050731)    0    0   5.00000000  0 0.200   0.00000000
(-9.3558474, -14.5014456, 21.8653399, -0.6352317, -0.6512170, -0.3890628, -0.1450076)    0    0   5.00000000  0 0.200   0.00000000
(-3.7312246, -24.6550157, 27.4169058, -0.4868741,  0.3595490,  0.7256912, -0.3271855)    0    0   5.00000000  0 0.200   0.00000000
(-19.2440247, -18.9261375, 30.7068933,  0.4492126,  0.7823746,  0.3863108,  0.1919948)    0    0   5.00000000  0 0.200   0.00000000
(-12.5935767, -16.0015774, 26.0068211, -0.6003944,  0.1153530, -0.7913208,  0.0056212)    0    0   5.00000000  0 0.200   0.00000000
(-14.3276068, -26.1974238, 23.7172066,  0.9141247, -0.0180055,  0.2731092,  0.2991040)    0    0   5.00000000  0 0.200   0.00000000
(-13.8098776, -14.9558820, 23.3531738,  0.2205672, -0.5997344,  0.3039436, -0.7066025)    0    0   5.00000000  0 0.200   0.00000000
(-9.3495729, -21.9734996, 24.3850833, -0.6548671,  0.5680621, -0.0090157,  0.4983707)    0    0   5.00000000  0 0.200   0.00000000
(-5.2935614, -21.0105012, 23.0183528,  0.5816534, -0.5129378,  0.4259640, -0.4659708)    0    0   5.00000000  0 0.200   0.00000000
(-10.0547203, -22.8371876, 33.1206794, -0.6361368, -0.2093437,  0.2155928, -0.7106510)    0    0   5.00000000  0 0.200   0.00000000
(-6.2234654, -25.6349102, 26.3940241,  0.7814524, -0.3233632, -0.4423585, -0.2984750)    0    0   5.00000000  0 0.200   0.00000000
(-6.8707256, -21.2156721, 32.6992537,  0.3399082, -0.6756802,  0.0025705,  0.6541499)    0    0   5.00000000  0 0.200   0.00000000
(-19.0185137, -20.2884813, 29.0451353,  0.9172316,  0.3228793,  0.0474001,  0.2284479)    0    0   5.00000000  0 0.200   0.00000000
(-13.0480905, -19.8621497, 19.6541311,  0.3066636, -0.7891135,  0.0716127, -0.5273793)    0    0   5.00000000  0 0.200   0.00000000
(-7.4739627, -27.6635170, 28.1238936,  0.2662682,  0.1076537,  0.5831502,  0.7598999)    0    0   5.00000000  0 0.200   0.00000000
(-6.1031536, -18.9940188, 26.2266195, -0.3783079,  0.7168069, -0.2695973, -0.5199887)    0    0   5.00000000  0 0.200   0.00000000
(-13.6233854, -24.2647899, 22.7788959,  0.4344706,  0.8434237, -0.0915126,  0.3024849)    0    0   5.00000000  0 0.200   0.00000000
(-14.2640154, -30.2162437, 27.8795057, -0.5971209, -0.1258479,  0.0816632, -0.7879975)    0    0   5.00000000  0 0.200   0.00000000
(-22.0705465, -25.6602327, 28.0063994,  0.2183908,  0.0797933,  0.8938565,  0.3833525)    0    0   5.00000000  0 0.200   0.00000000
(-18.6801581, -23.9180689, 23.4123836,  0.8010066,  0.5191781, -0.0232485, -0.2971566)    0    0   5.00000000  0 0.200   0.00000000
(-8.4996338, -21.7003329, 19.3211781,  0.4220442, -0.3601804, -0.7075994, -0.4375522)    0    0   5.00000000  0 0.200   0.00000000
(-5.9418568, -17.8503521, 21.3145060,  0.9162387,  0.1866926,  0.3220456,  0.1481184)    0    0   5.00000000  0 0.200   0.00000000
(-16.0629360, -22.0824779, 30.8234982,  0.2592508, -0.8700776,  0.4191240, -0.0094357)    0    0   5.00000000  0 0.200   0.00000000
(-10.7131255, -27.6656231, 33.5931485,  0.5295122,  0.3492828, -0.0631693,  0.7704726)    0    0   5.00000000  0 0.200   0.00000000
(-10.0986396, -17.2426064, 22.3206827,  0.2566664,  0.0656342, -0.6442836, -0.7174351)    0    0   5.00000000  0 0.200   0.00000000
(-12.6924749, -29.5251748, 27.8304571,  0.3336526, -0.9272054, -0.1401930, -0.0964989)    0    0   5.00000000  0 0.200   0.00000000
(-11.3798965, -20.6642624, 27.1151720,  0.2970146,  0.6481418, -0.2853797,  0.6405099)    0    0   5.00000000  0 0.200   0.00000000
(-9.9951792, -26.1200891, 32.6428105, -0.5143300, -0.7259671, -0.4035532, -0.2134976)    0    0   5.00000000  0 0.200   0.00000000
(-6.3709795, -22.3677089, 26.8558393,  0.1614849,  0.8997365, -0.4050518, -0.0181606)    0    0   5.00000000  0 0.200   0.00000000
(-17.2550228, -18.8641016, 32.3243170,  0.9035540,  0.1318670, -0.2198002, -0.3433499)    0    0   5.00000000  0 0.200   0.00000000
(-13.9425795, -27.3689576, 24.7994264,  0.6161249,  0.4213154, -0.6502183, -0.1417728)    0    0   5.00000000  0 0.200   0.00000000
(-20.0832582, -22.7222336, 25.9956310,  0.3911629,  0.5712006, -0.3300039,  0.6417311)    0    0   5.00000000  0 0.200   0.00000000
(-7.0506972, -26.2079011, 21.3662322, -0.8206302,  0.2767099,  0.4764293, -0.1517000)    0    0   5.00000000  0 0.200   0.00000000
(-6.3426059, -20.0715512, 28.7578567,  0.1892611, -0.0584305,  0.9751896, -0.0988503)    0    0   5.00000000  0 0.200   0.00000000
(-13.9616808, -12.8732252, 30.7539365,  0.0284414,  0.6102640,  0.5417875, -0.5772654)    0    0   5.00000000  0 0.200   0.00000000
(-10.3111890, -23.5726916, 23.7686833,  0.4167107,  0.4730629,  0.3500148,  0.6928588)    0    0   5.00000000  0 0.200   0.00000000
(-20.5957718, -27.3392823, 23.2266012,  0.5747129,  0.3911433, -0.3763592,  0.6124261)    0    0   5.00000000  0 0.200   0.00000000
(-11.7258266, -16.6056179, 23.3419845, -0.3172849, -0.7085035,  0.5438572,  0.3187041)    0    0   5.00000000  0 0.200   0.00000000
(-8.1760123, -25.1311243, 25.0749102,  0.7360036, -0.1126756, -0.4573177,  0.4862751)    0    0   5.00000000  0 0.200   0.00000000
(-15.9845983, -13.8445506, 21.1719957, -0.7080285,  0.0085436,  0.3560659, -0.6097866)    0    0   5.00000000  0 0.200   0.00000000
(-14.2864119, -22.8681255, 27.7488418, -0.6175021, -0.1903291, -0.7272392, -0.2314933)    0    0   5.00000000  0 0.200   0.00000000
(-9.3443730, -24.0433075, 32.3508673, -0.1038588,  0.9381651, -0.3274898, -0.0425435)    0    0   5.00000000  0 0.200   0.00000000
(-14.7199363, -19.2722677, 35.3250855,  0.7628343, -0.0488233,  0.4204675, -0.4887814)    0    0   5.00000000  0 0.200   0.00000000
(-10.4814655, -13.2899449, 30.2432657,  0.5832735,  0.0437253,  0.2737713, -0.7634982)    0    0   5.00000000  0 0.200   0.00000000
(-15.1506705, -29.2075578, 25.9840587, -0.6895160,  0.4320434, -0.0124492, -0.5811636)    0    0   5.00000000  0 0.200   0.00000000
(-6.9307562, -20.6240500, 20.6823394,  0.3046790, -0.2156611, -0.8717561, -0.3173364)    0    0   5.00000000  0 0.200   0.00000000
(-16.2716924, -20.0890198, 18.7918872, -0.2983529, -0.5223389,  0.6146236, -0.5102798)    0    0   5.00000000  0 0.200   0.00000000
(-21.1764348, -22.8322942, 30.9299672,  0.9045210,  0.0142967,  0.0070551,  0.4261309)    0    0   5.00000000  0 0.200   0.00000000
(-9.1276962, -22.2137085, 17.8900356, -0.8410073,  0.2627417,  0.1589995,  0.4454129)    0    0   5.00000000  0 0.200   0.00000000
(-12.3920903, -16.2280043, 32.0049026, -0.7856427, -0.6070517, -0.0829887, -0.0858293)    0    0   5.00000000  0 0.200   0.00000000
(-15.2182731, -30.2304122, 24.5100092, -0.3114621, -0.0472636,  0.1753580,  0.9327417)    0    0   5.00000000  0 0.200   0.00000000
(-11.7462094, -26.5828468, 28.4979718,  0.5995509, -0.4518036,  0.0572530, -0.6581294)    0    0   5.00000000  0 0.200   0.00000000
(-20.0813393, -20.9165188, 24.4001168,  0.2887488,  0.3735293,  0.2634875, -0.8412338)    0    0   5.00000000  0 0.200   0.00000000
(-11.0032014, -14.9524848, 27.1562716, -0.4280133,  0.4615345, -0.7541633, -0.1871581)    0    0   5.00000000  0 0.200   0.00000000
(-9.6715326, -28.5606902, 20.6402520,  0.1414405,  0.4140218,  0.5698579,  0.6955879)    0    0   5.00000000  0 0.200   0.00000000
(-17.2632036, -20.2305883, 33.8636533,  0.1913473, -0.2926175,  0.5340426, -0.7697790)    0    0   5.00000000  0 0.200   0.00000000
(-8.1624505, -19.3941059, 27.5661377, -0.6921730, -0.7173542, -0.0084725,  0.0789163)    0    0   5.00000000  0 0.200   0.00000000
(-18.5279458, -24.9576945, 29.9193155,  0.3828904,  0.8940532,  0.0361936,  0.2296819)    0    0   5.00000000  0 0.200   0.00000000
(-13.0229285, -12.9178616, 26.4893690, -0.9421678,  0.2349727, -0.0338711,  0.2365596)    0    0   5.00000000  0 0.200   0.00000000
(-17.1448698, -20.2145399, 20.6208133, -0.2023371,  0.3071332, -0.9282881, -0.0548645)    0    0   5.00000000  0 0.200   0.00000000
(-9.4966882, -21.6530352, 28.6250143, -0.5817500,  0.6700672, -0.2025978,  0.4141631)    0    0   5.00000000  0 0.200   0.00000000
(-8.3022796, -26.9380272, 29.5736679,  0.1510415, -0.7927118,  0.0681243,  0.5866460)    0    0   5.00000000  0 0.200   0.00000000
(-18.8652613, -22.8935790, 33.9921548, -0.3962374, -0.1591496, -0.5460709, -0.7207454)    0    0   5.00000000  0 0.200   0.00000000
(-9.8752969, -17.0502051, 26.6207603, -0.6564544,  0.3281774, -0.6054852,  0.3078227)    0    0   5.00000000  0 0.200   0.00000000
(-13.6837177, -25.5425051, 32.6040069,  0.2644900, -0.1185335, -0.4946747,  0.8193240)    0    0   5.00000000  0 0.200   0.00000000
(-7.1914427, -18.4092976, 32.2636449,  0.0165959,  0.4799801,  0.7648502, -0.4293575)    0    0   5.00000000  0 0.200   0.00000000
(-10.4094595, -27.4873301, 23.0701376, -0.3859697,  0.6663731, -0.5192786,  0.3705725)    0    0   5.00000000  0 0.200   0.00000000
(-18.1717080, -23.8429010, 28.4989421,  0.1390129, -0.6709639, -0.3418957,  0.6431098)    0    0   5.00000000  0 0.200   0.00000000
(-13.9000914, -21.0583232, 18.1134400,  0.4138048,  0.5102188, -0.7423540, -0.1317303)    0    0   5.00000000  0 0.200   0.00000000
(-12.7882277, -30.1404054, 27.0516938,  0.4317929, -0.5985944,  0.3107917, -0.5988724)    0    0   5.00000000  0 0.200   0.00000000
(-16.1392484, -16.6229768, 24.0023562, -0.1323468, -0.8382903, -0.5002395, -0.1717967)    0    0   5.00000000  0 0.200   0.00000000
(-6.6590817, -16.5428070, 24.2164613,  0.4605240, -0.7653583, -0.0725992,  0.4437044)    0    0   5.00000000  0 0.200   0.00000000
(-19.3523894, -19.5215223, 27.4880684, -0.3894453, -0.2220604,  0.5247632, -0.7236333)    0    0   5.00000000  0 0.200   0.00000000
(-20.5896172, -17.4281817, 21.8210465,  0.4742394,  0.2331385,  0.7243931, -0.4427167)    0    0   5.00000000  0 0.200   0.00000000
(-10.3907450, -28.9683249, 28.0848022,  0.1039828,  0.2092440, -0.3772051, -0.8961701)    0    0   5.00000000  0 0.200   0.00000000
(-9.4481195, -19.7979389, 22.3044374,  0.8062893,  0.5300244, -0.0933669, -0.2454677)    0    0   5.00000000  0 0.200   0.00000000
(-15.0776495, -19.4940488, 20.3506633, -0.4986860,  0.3167077, -0.6674619, -0.4533246)    0    0   5.00000000  0 0.200   0.00000000
(-17.8392814, -20.5751033, 34.3788657,  0.0583292, -0.0650408, -0.8813508,  0.4643148)    0    0   5.00000000  0 0.200   0.00000000
(-8.1049606, -28.1583687, 21.8740910, -0.1174074, -0.4113468,  0.8714762, -0.2398720)    0    0   5.00000000  0 0.200   0.00000000
(-7.5452744, -15.5626128, 24.5441069,  0.4285043, -0.1651358, -0.8282102,  0.3212195)    0    0   5.00000000  0 0.200   0.00000000
(-7.5602189, -25.3958819, 32.4556259, -0.5993806,  0.6457116,  0.3201125, -0.3483208)    0    0   5.00000000  0 0.200   0.00000000
(-9.5093423, -16.8307531, 22.5341770, -0.1268814,  0.9541075, -0.0508704,  0.2664435)    0    0   5.00000000  0 0.200   0.00000000
(-11.1237008, -13.7856944, 23.4617434,  0.4295321,  0.2868229,  0.5964449,  0.6144007)    0    0   5.00000000  0 0.200   0.00000000
(-10.0798488, -29.9363499, 25.8824383, -0.2156982,  0.0170084,  0.1389611,  0.9663720)    0    0   5.00000000  0 0.200   0.00000000
(-15.0170335, -14.0324147, 24.8661732,  0.5057232, -0.1048698,  0.1169129, -0.8482793)    0    0   5.00000000  0 0.200   0.00000000
(-10.1910029, -18.6383066, 26.4940206, -0.1915835, -0.3447220,  0.6085655, -0.6885569)    0    0   5.00000000  0 0.200   0.00000000
(-9.3952859, -27.1805675, 25.1809611,  0.0575715, -0.8706226,  0.2428801, -0.4239234)    0    0   5.00000000  0 0.200   0.00000000
(-16.0723811, -25.3021952, 33.8649964,  0.3903279,  0.3469283,  0.7942241,  0.3106331)    0    0   5.00000000  0 0.200   0.00000000
(-8.3803154, -21.9989708, 24.5883797, -0.4976690,  0.1490738, -0.5727867, -0.6340489)    0    0   5.00000000  0 0.200   0.00000000
(-17.1248085, -17.5493974, 20.1819371,  0.4590564, -0.1653076,  0.3970007, -0.7773873)    0    0   5.00000000  0 0.200   0.00000000
(-11.8414320, -24.6329149, 32.1801809,  0.2805238, -0.3510363,  0.3218742,  0.8333528)    0    0   5.00000000  0 0.200   0.00000000
(-13.0410491, -22.3304787, 27.4422369,  0.6787482,  0.0415832,  0.0057809, -0.7331701)    0    0   5.00000000  0 0.200   0.00000000
(-12.9267930, -21.6242532, 25.6248053,  0.2881368, -0.7068026,  0.1474332, -0.6290236)    0    0   5.00000000  0 0.200   0.00000000
(-5.8032684, -22.5908861, 29.0698038, -0.4745784, -0.8003129, -0.3327784,  0.1534050)    0    0   5.00000000  0 0.200   0.00000000
(-14.2708821, -27.2877814, 25.9319439, -0.0962558, -0.4209348,  0.8978064, -0.0865584)    0    0   5.00000000  0 0.200   0.00000000
(-22.7837047, -20.9061514, 26.5482876, -0.6494662, -0.2675807, -0.2119547, -0.6794626)    0    0   5.00000000  0 0.200   0.00000000
(-14.2204024, -24.2747518, 19.9616965, -0.1316339,  0.7806218, -0.2438932,  0.5601948)    0    0   5.00000000  0 0.200   0.00000000
(-9.5424551, -17.9639347, 26.5842422, -0.2639148, -0.6944734,  0.4038864, -0.5337897)    0    0   5.00000000  0 0.200   0.00000000
(-10.2338123, -21.1898915, 26.1705331, -0.1091441, -0.5755630, -0.4007874, -0.7044035)    0    0   5.00000000  0 0.200   0.00000000
(-15.5388523, -24.4392966, 23.6789685, -0.0382837,  0.3241368,  0.7281758,  0.6026854)    0    0   5.00000000  0 0.200   0.00000000
(-10.9926880, -13.0979358, 26.9916289, -0.3601821,  0.2594485, -0.8943231,  0.0560489)    0    0   5.00000000  0 0.200   0.00000000
(-9.1768498, -19.6081157, 21.4104669,  0.5305457, -0.6626632,  0.3255282,  0.4164494)    0    0   5.00000000  0 0.200   0.00000000
(-19.0195356, -19.7630781, 30.6886490,  0.8024874,  0.2633997,  0.2947826,  0.4469204)    0    0   5.00000000  0 0.200   0.00000000
(-13.4030604, -27.5467783, 19.4367807,  0.3816608,  0.4718005,  0.6723839, -0.4238386)    0    0   5.00000000  0 0.200   0.00000000
(-15.7731330, -23.3044056, 26.7711446, -0.3143492, -0.3663653,  0.4433571,  0.7552453)    0    0   5.00000000  0 0.200   0.00000000
(-13.4320691, -21.9850655, 21.3862442, -0.4406226, -0.4092064, -0.3869898, -0.6990284)    0    0   5.00000000  0 0.200   0.00000000
(-7.3535971, -27.7514224, 25.5645679, -0.6115359, -0.1702496, -0.0753262,  0.7690025)    0    0   5.00000000  0 0.200   0.00000000
(-11.7327559, -25.4067189, 28.9013416,  0.7545031,  0.5222301,  0.0800635, -0.3893465)    0    0   5.00000000  0 0.200   0.00000000
(-12.0302516, -30.7099343, 25.4924789, -0.5021290, -0.4270981,  0.3893610,  0.6433130)    0    0   5.00000000  0 0.200   0.00000000
(-14.6069361, -20.2188232, 26.8080540,  0.2115236,  0.0756553,  0.6022124, -0.7660772)    0    0   5.00000000  0 0.200   0.00000000
(-5.2508911, -25.0395840, 26.8335420, -0.5462565,  0.5311998, -0.5166269,  0.3905474)    0    0   5.00000000  0 0.200   0.00000000
(-20.8927143, -22.2787414, 30.9208084,  0.9169979,  0.1163087,  0.3164632,  0.2131623)    0    0   5.00000000  0 0.200   0.00000000
(-14.9931002, -21.6051789, 27.6459557, -0.1430060, -0.0217620,  0.5177543,  0.8432118)    0    0   5.00000000  0 0.200   0.00000000
(-14.2278405, -30.4910961, 28.9792500,  0.4265046,  0.0304653,  0.8905726,  0.1550684)    0    0   5.00000000  0 0.200   0.00000000
(-20.3889526, -15.1467892, 25.5612435, -0.0757385, -0.7824965,  0.4577560, -0.4152377)    0    0   5.00000000  0 0.200   0.00000000
(-9.6219410, -20.9959153, 29.0430343,  0.2286162, -0.8411574,  0.3980932, -0.2858508)    0    0   5.00000000  0 0.200   0.00000000
(-15.7244325, -28.1293577, 25.1477198, -0.0089522, -0.4804399,  0.5991525,  0.6404011)    0    0   5.00000000  0 0.200   0.00000000
(-7.6392222, -13.8854568, 28.9472213,  0.6038710, -0.3744398,  0.1553316, -0.6862993)    0    0   5.00000000  0 0.200   0.00000000
(-11.9482464, -15.7874339, 29.2719351, -0.0337598, -0.6092320,  0.7322456,  0.3025113)    0    0   5.00000000  0 0.200   0.00000000
(-20.6484118, -22.2129986, 30.1577975,  0.1796083, -0.6792777,  0.6883194,  0.1803858)    0    0   5.00000000  0 0.200   0.00000000
(-12.2392925, -18.8654457, 33.9478120,  0.4387690,  0.1812163,  0.5907635,  0.6524116)    0    0   5.00000000  0 0.200   0.00000000
(-7.9285970, -28.3798279, 30.9120285, -0.7723192, -0.3608004, -0.5016703, -0.1472177)    0    0   5.00000000  0 0.200   0.00000000
(-5.7742736, -19.5439231, 25.5606348,  0.2363424,  0.8911487,  0.0530211, -0.3836470)    0    0   5.00000000  0 0.200   0.00000000
(-9.9106461, -13.8531628, 21.4511240,  0.2591436,  0.2755013, -0.0340208,  0.9250871)    0    0   5.00000000  0 0.200   0.00000000
(-12.3759123, -28.3292735, 24.2127491,  0.7058832,  0.3843911, -0.5929361, -0.0489814)    0    0   5.00000000  0 0.200   0.00000000
(-12.0313916, -16.7922212, 28.3674190,  0.6885879,  0.2813798,  0.1989662,  0.6380318)    0    0   5.00000000  0 0.200   0.00000000
(-11.9211792, -21.4501164, 22.9471608,  0.1976888,  0.8217707, -0.4880656,  0.2177248)    0    0   5.00000000  0 0.200   0.00000000
(-20.8805782, -24.1734727, 22.5093777, -0.3444856, -0.0896982,  0.9125200, -0.2014723)    0    0   5.00000000  0 0.200   0.00000000
(-6.6048992, -22.4258305, 19.8793615,  0.1936012,  0.4930796, -0.8265354,  0.1903424)    0    0   5.00000000  0 0.200   0.00000000
(-7.0543665, -22.7223177, 19.8129775, -0.0479093,  0.3467736,  0.9333726,  0.0791733)    0    0   5.00000000  0 0.200   0.00000000
(-11.8773518, -21.6600657, 19.2112643, -0.5466481,  0.2728732, -0.4952208, -0.6176345)    0    0   5.00000000  0 0.200   0.00000000
(-9.2813597, -23.1570387, 29.0150468,  0.6338334, -0.4093293, -0.3093336, -0.5788069)    0    0   5.00000000  0 0.200   0.00000000
(-6.4637742, -15.8763091, 26.8631524, -0.5979933, -0.1127446, -0.4063823,  0.6815762)    0    0   5.00000000  0 0.200   0.00000000
(-6.4634358, -24.0588594, 20.2544405, -0.5667287, -0.1173153, -0.6264421, -0.5221360)    0    0   5.00000000  0 0.200   0.00000000
(-7.8810051, -19.3652312, 22.9286676,  0.8048725, -0.2876477,  0.0983787, -0.5096673)    0    0   5.00000000  0 0.200   0.00000000
(-15.0536724, -15.1749459, 19.9373121, -0.1141659, -0.3401108,  0.2376830,  0.9026614)    0    0   5.00000000  0 0.200   0.00000000
(-7.1428589, -19.1032550, 26.2951117,  0.0341478,  0.4489559, -0.3364971, -0.8270685)    0    0   5.00000000  0 0.200   0.00000000
(-8.2862366, -24.7642126, 18.8003158, -0.2986523, -0.1706080, -0.2110985, -0.9149520)    0    0   5.00000000  0 0.200   0.00000000
(-22.1174949, -19.4672140, 26.4926821, -0.7853248,  0.3283928, -0.1746573, -0.4948918)    0    0   5.00000000  0 0.200   0.00000000
(-21.2998529, -20.3228515, 31.5060188,  0.8821427,  0.4097646, -0.1254502, -0.1953956)    0    0   5.00000000  0 0.200   0.00000000
(-16.2837510, -18.0189265, 35.1845806,  0.1702137, -0.4582441,  0.8230230, -0.2892627)    0    0   5.00000000  0 0.200   0.00000000
(-9.3278695, -28.6358339, 20.9114129,  0.8554254, -0.4745568,  0.1963735,  0.0669371)    0    0   5.00000000  0 0.200   0.00000000
(-13.6004650, -25.8484828, 21.4982977,  0.5398867,  0.7250988,  0.3572687, -0.2347620)    0    0   5.00000000  0 0.200   0.00000000
(-18.6210163, -14.3691824, 29.1469512, -0.2805083, -0.1674662, -0.4829656,  0.8124127)    0    0   5.00000000  0 0.200   0.00000000
(-9.9411358, -20.0990844, 31.1744586,  0.2303469,  0.5967012, -0.1707106, -0.7494971)    0    0   5.00000000  0 0.200   0.00000000
(-18.6644266, -21.2076941, 20.3052720,  0.0827451, -0.6166612, -0.2233154,  0.7503416)    0    0   5.00000000  0 0.200   0.00000000
(-10.4475637, -27.3680604, 23.8909214, -0.0828308, -0.2946411,  0.8339412, -0.4592034)    0    0   5.00000000  0 0.200   0.00000000
(-16.7876165, -15.7248559, 19.9456980, -0.6423086, -0.0623373,  0.3638351,  0.6716977)    0    0   5.00000000  0 0.200   0.00000000
(-20.8680543, -27.0837064, 27.7680766, -0.3035277,  0.0033744, -0.6794800,  0.6679569)    0    0   5.00000000  0 0.200   0.00000000
(-11.4867490, -22.1632426, 35.2312305,  0.1865929, -0.4562439, -0.7700683, -0.4049931)    0    0   5.00000000  0 0.200   0.00000000
(-16.0644419, -21.1867781, 19.9681681, -0.6981587,  0.0307344, -0.7036012, -0.1287444)    0    0   5.00000000  0 0.200   0.00000000
(-6.0502520, -20.4302869, 22.9524331,  0.0892550,  0.0082160, -0.7103938, -0.6980736)    0    0   5.00000000  0 0.200   0.00000000
(-15.0611795, -30.4157904, 24.2966808,  0.9105093, -0.3264298, -0.1312919, -0.2172069)    0    0   5.00000000  0 0.200   0.00000000
(-20.2202954, -21.4261300, 23.6424351,  0.5351798,  0.1111600, -0.6242887,  0.5581126)    0    0   5.00000000  0 0.200   0.00000000
(-13.7762913, -22.8742459, 33.0304586,  0.0495287,  0.8947156, -0.0313402,  0.4427738)    0    0   5.00000000  0 0.200   0.00000000
(-10.2800186, -16.6950244, 27.4422095,  0.6794729, -0.0119897, -0.6216477,  0.3895215)    0    0   5.00000000  0 0.200   0.00000000
(-14.6871498, -15.3045864, 19.9642289,  0.3108082,  0.1062044, -0.0383043,  0.9437434)    0    0   5.00000000  0 0.200   0.00000000
(-6.0068441, -18.5038296, 22.6780957,  0.4486162,  0.5048310,  0.7101179,  0.1990521)    0    0   5.00000000  0 0.200   0.00000000
(-19.1323883, -18.5983909, 28.5069192,  0.2699938,  0.6877541, -0.4090361, -0.5355251)    0    0   5.00000000  0 0.200   0.00000000
(-15.5828219, -15.4524988, 32.6882111,  0.1897160,  0.5111078,  0.2668109,  0.7947255)    0    0   5.00000000  0 0.200   0.00000000
(-15.6604697, -24.8854367, 25.4667765,  0.7842713, -0.3145409,  0.5274835,  0.0879991)    0    0   5.00000000  0 0.200   0.00000000
(-11.1876744, -24.3176497, 22.3186967,  0.2078046, -0.3271075, -0.7914064, -0.4727514)    0    0   5.00000000  0 0.200   0.00000000
(-13.8523069, -30.8705890, 27.4005443,  0.0376825, -0.6308918,  0.7494609, -0.1971394)    0    0   5.00000000  0 0.200   0.00000000
(-6.1168675, -14.9885057, 26.1055172,  0.2609468,  0.3748742,  0.8274654, -0.3266146)    0    0   5.00000000  0 0.200   0.00000000
(-8.4789122, -15.3696908, 27.2904714, -0.8686149, -0.1403332,  0.0020371,  0.4751953)    0    0   5.00000000  0 0.200   0.00000000
(-12.2473419, -17.9064742, 33.6137211,  0.1457179, -0.4770447,  0.8259076,  0.2628143)    0    0   5.00000000  0 0.200   0.00000000
(-14.3239314, -22.1731619, 16.9153822, -0.0223272,  0.0082538,  0.7345456,  0.6781417)    0    0   5.00000000  0 0.200   0.00000000
(-11.6249374, -30.0595012, 27.7952692, -0.4660180,  0.3388957,  0.0469663, -0.8159479)    0    0   5.00000000  0 0.200   0.00000000
(-16.0683997, -26.3544752, 22.8628604, -0.0214761,  0.2381551,  0.9697407,  0.0492332)    0    0   5.00000000  0 0.200   0.00000000
(-13.7913504, -24.6928569, 19.8735502,  0.0004441, -0.6374228,  0.7578873,  0.1389201)    0    0   5.00000000  0 0.200   0.00000000
(-16.7480125, -23.7615882, 26.6297147, -0.0475669, -0.9791176,  0.1929254, -0.0429647)    0    0   5.00000000  0 0.200   0.00000000
(-5.7892139, -25.8667685, 23.7900106, -0.2308222,  0.6590370, -0.1703136,  0.6952587)    0    0   5.00000000  0 0.200   0.00000000
(-11.8085632, -18.0826510, 17.6421151, -0.3973718, -0.5919369,  0.3225277, -0.6226413)    0    0   5.00000000  0 0.200   0.00000000
(-10.7773865, -27.6368045, 28.9084605,  0.1483589, -0.2043953, -0.4312690,  0.8661520)    0    0   5.00000000  0 0.200   0.00000000
(-18.8015359, -16.8748711, 31.3667489, -0.8202682, -0.1006269, -0.5381740,  0.1655388)    0    0   5.00000000  0 0.200   0.00000000
(-18.9944962, -17.0405549, 30.9770409, -0.0936907,  0.7734087,  0.5898747, -0.2123883)    0    0   5.00000000  0 0.200   0.00000000
(-11.8177750, -29.3357119, 30.0194520, -0.6506455, -0.0517014,  0.7570416, -0.0295877)    0    0   5.00000000  0 0.200   0.00000000
(-16.8902981, -18.4183542, 31.0505945,  0.8610741, -0.1883439,  0.4078928,  0.2381207)    0    0   5.00000000  0 0.200   0.00000000
(-12.2999442, -16.2308440, 29.2634811,  0.3078534,  0.1282282, -0.8918717, -0.3055301)    0    0   5.00000000  0 0.200   0.00000000
(-5.4885617, -20.5980907, 31.3341462,  0.6606866, -0.4130581,  0.3629589,  0.5110157)    0    0   5.00000000  0 0.200   0.00000000
(-12.1652385, -29.4204145, 23.4365346,  0.7869219, -0.0075018,  0.5528196, -0.2740222)    0    0   5.00000000  0 0.200   0.00000000
(-8.6905883, -22.1756045, 25.0461633, -0.2937413,  0.7612805, -0.5479174, -0.1842677)    0    0   5.00000000  0 0.200   0.00000000
(-6.2327899, -25.7142249, 26.6195264, -0.0081255,  0.3821995,  0.5836157,  0.7164148)    0    0   5.00000000  0 0.200   0.00000000
(-5.5237847, -22.1239631, 25.9590910, -0.1715772,  0.2338165,  0.3591255,  0.8870851)    0    0   5.00000000  0 0.200   0.00000000
(-16.7197320, -18.5399427, 18.8970899, -0.7942290, -0.2178763,  0.0121135, -0.5670833)    0    0   5.00000000  0 0.200   0.00000000
(-13.0654162, -15.7094278, 31.7734903,  0.1160688, -0.5795111, -0.5728428, -0.5679313)    0    0   5.00000000  0 0.200   0.00000000
(-5.2439543, -24.7938015, 25.1143464,  0.3637735, -0.9221388,  0.0643267, -0.1148518)    0    0   5.00000000  0 0.200   0.00000000
(-18.0713002, -20.4825365, 21.2650614, -0.3388164,  0.7983975, -0.4681473,  0.1691241)    0    0   5.00000000  0 0.200   0.00000000
(-13.0478710, -15.7557437, 18.8442665, -0.3361408,  0.4948269,  0.5407522,  0.5913905)    0    0   5.00000000  0 0.200   0.00000000
(-14.7433834, -18.5674609, 25.1019049,  0.7883483,  0.2058837, -0.5162242,  0.2638776)    0    0   5.00000000  0 0.200   0.00000000
(-9.9189597, -22.2349544, 35.5493295, -0.0300447,  0.1368531,  0.7105085, -0.6895985)    0    0   5.00000000  0 0.200   0.00000000
(-13.2201606, -25.9036137, 24.7067669,  0.2301736, -0.5903453,  0.6866131,  0.3564758)    0    0   5.00000000  0 0.200   0.00000000
(-15.4058985, -22.1565612, 19.7762698, -0.0588384, -0.5119387, -0.3818010,  0.7672580)    0    0   5.00000000  0 0.200   0.00000000
(-20.6964399, -21.8193287, 24.5503511, -0.2375426, -0.4419452, -0.7283452, -0.4666596)    0    0   5.00000000  0 0.200   0.00000000
(-8.5204219, -28.0421684, 21.6030925, -0.0977459,  0.3035972,  0.9470235,  0.0376958)    0    0   5.00000000  0 0.200   0.00000000
(-12.9318579, -24.7411790, 35.2042345, -0.2406832,  0.3832106,  0.5722343,  0.6839365)    0    0   5.00000000  0 0.200   0.00000000
