112	1.2	0
-2.879793	1.569311	-3.003978
0.000000	0.000000	0.000000
receptor_blocked.pdb	-2.793	8.862	0.611
ligand_surface.pdb	-8.040	0.205	-2.274
2.879793	1.875281	0.107086	90	1	2	1255.209
-0.261799	2.379497	0.561089	94	90	4	1149.449
-1.832596	2.187132	-0.479875	91	98	6	1124.018
-1.832596	0.866395	-2.492918	84	1	102	1121.347
-1.570796	1.736875	3.023612	95	94	6	1119.852
0.523599	1.374601	-2.456031	103	100	94	1101.624
-1.047198	1.374601	-2.456031	91	100	93	1084.491
-0.523599	2.164094	-2.991358	90	111	93	1078.191
-2.879793	1.504028	0.636812	98	91	5	1077.470
2.356194	1.696674	-1.253233	95	11	101	1075.589
0.523599	1.998705	2.370472	97	102	11	1073.477
-0.785398	1.872854	1.543456	86	2	99	1067.274
-1.570796	0.866395	-2.492918	91	96	6	1067.224
-1.308997	2.760637	2.781135	95	8	95	1057.686
2.356194	1.732874	-0.951685	95	11	103	1049.021
2.094395	1.982574	-1.115518	93	5	102	1046.848
2.617994	1.909857	-0.381669	89	4	111	1043.922
2.094395	1.696674	-1.253233	98	11	101	1041.636
-1.832596	0.203748	0.590255	84	2	98	1038.307
-2.094395	0.866395	-2.492918	85	4	102	1037.440
-1.047198	1.488617	1.159546	94	3	96	1037.134
-0.261799	2.115563	0.685730	93	92	6	1030.283
0.523599	1.448123	-2.163292	105	102	94	1027.707
-1.570796	2.979456	-1.009304	97	106	91	1025.772
-2.617994	2.863997	0.549740	89	1	93	1023.219
-1.308997	1.417623	-0.202254	98	81	1	1019.206
2.617994	2.637879	2.121598	11	97	3	1011.060
2.094395	1.732874	-0.951685	98	11	103	1009.139
1.047198	1.809167	1.213774	104	83	4	1007.636
0.261799	2.164094	-2.991358	98	98	12	1004.785
-0.523599	2.588535	-2.976617	93	3	93	1003.721
2.617994	1.135834	-1.431087	94	13	105	1001.774
-0.785398	2.164094	-2.991358	90	0	93	1000.686
-1.047198	1.683268	0.374177	96	84	2	1000.458
-1.047198	1.554776	0.100351	98	82	2	997.747
-1.047198	1.256302	0.062705	100	83	4	995.640
2.356194	0.619654	-2.216909	92	96	9	993.217
-1.047198	1.870545	-2.976234	92	3	96	992.693
2.094395	0.674054	1.013609	100	105	15	987.739
-2.879793	1.909857	-0.381669	95	100	8	985.117
2.617994	1.184361	0.625864	93	109	10	984.876
0.000000	1.732874	-0.951685	98	10	97	984.203
-2.356194	1.606104	-0.451151	99	91	8	982.219
-0.785398	1.374601	-2.456031	93	98	93	978.833
1.308997	1.836682	-0.676006	91	5	98	978.401
2.879793	1.168678	2.108595	95	93	6	974.176
-2.879793	1.599406	1.426070	100	88	6	970.917
2.617994	1.134497	-1.109631	92	12	107	970.209
1.308997	1.433411	-1.035986	99	109	92	969.042
-3.141593	2.393226	1.857173	96	109	94	969.018
-0.785398	2.356369	3.005869	89	3	94	968.810
-0.785398	2.588535	-2.976617	95	4	93	968.127
-1.832596	1.113094	-0.272241	100	9	97	967.173
2.617994	2.299159	2.264663	105	0	90	966.340
2.094395	0.914445	2.687814	95	93	6	963.823
-2.617994	2.089241	-0.114193	95	101	7	963.818
0.785398	1.809167	1.213774	101	83	4	963.109
-1.308997	0.458961	-0.107937	87	5	98	962.173
-0.785398	1.242974	-2.977882	86	109	99	961.190
2.356194	1.433411	-1.035986	95	11	105	960.677
-0.523599	2.247462	0.191623	95	89	6	960.302
-1.047198	2.033014	2.977192	88	3	96	960.276
2.879793	1.194549	-0.801900	91	108	93	960.142
-1.308997	1.683268	0.374177	94	86	2	959.494
0.523599	2.164094	-2.991358	99	96	12	959.335
0.523599	1.325504	-1.671296	10	90	100	959.016
2.094395	1.617114	-1.572037	99	11	98	957.818
-2.617994	2.033014	2.977192	7	101	95	956.812
-1.832596	0.458961	-0.107937	89	5	100	954.227
2.094395	1.256302	0.062705	95	6	7	953.651
1.570796	1.391910	3.030322	93	95	7	953.635
1.047198	1.948085	-2.363031	100	2	90	952.989
0.261799	2.041297	-2.664597	97	98	11	952.915
-2.356194	2.187132	-0.479875	91	101	6	952.361
-1.832596	1.732874	-0.951685	93	94	7	948.646
-3.141593	1.872854	1.543456	97	0	93	948.482
-0.261799	1.617114	-1.572037	89	107	95	947.385
0.523599	1.948085	-2.363031	98	106	92	947.189
2.617994	1.658653	-2.409879	92	102	12	947.069
2.617994	0.700570	1.559208	92	2	92	947.001
0.000000	2.164094	-2.991358	95	99	10	946.037
-1.832596	0.640596	-2.797608	90	109	96	945.706
0.523599	0.571433	-1.188419	92	100	7	944.932
2.617994	1.374601	-2.456031	90	98	10	942.965
0.785398	1.875281	0.107086	88	103	93	941.645
-3.141593	0.906588	1.252948	93	111	90	941.453
-0.785398	0.496451	0.593859	87	2	100	940.451
-2.356194	0.619654	-2.216909	84	4	105	940.325
0.000000	1.448123	-2.163292	84	106	99	938.908
-1.308997	1.554776	0.100351	97	83	3	937.667
-1.308997	1.135813	-2.658866	86	103	94	937.456
-0.785398	0.961715	0.014085	98	96	13	937.208
2.879793	2.089241	-0.114193	88	3	111	936.574
2.879793	2.033014	2.977192	89	5	104	936.550
2.617994	1.168678	2.108595	93	94	6	936.202
0.000000	2.115563	0.685730	97	90	7	935.810
2.356194	1.869911	2.701025	95	92	9	935.357
2.879793	1.909857	-0.381669	86	1	111	935.027
2.879793	0.640596	-2.797608	92	110	96	934.248
1.308997	1.948085	-2.363031	98	2	90	933.300
-2.617994	0.864993	2.278281	95	99	8	932.835
-2.879793	1.506530	1.988858	100	90	9	932.824
-2.879793	0.864993	2.278281	95	100	9	932.182
2.094395	1.699788	2.452890	92	94	8	931.127
2.617994	0.419640	2.974122	11	96	108	931.019
-1.832596	0.615174	-0.666022	99	12	104	930.787
0.000000	1.433411	-1.035986	97	7	94	929.927
2.094395	1.869911	2.701025	94	93	9	929.614
-2.879793	0.640596	-2.797608	94	9	99	929.206
0.785398	1.756530	-2.105156	102	106	93	928.929
-1.308997	1.504028	0.636812	96	92	10	928.291
-2.879793	0.674054	1.013609	94	1	91	928.226
2.356194	2.979456	-1.009304	91	111	90	927.683
-3.141593	1.134497	-1.109631	96	99	9	927.286
0.785398	1.683268	0.374177	96	107	91	926.896
2.879793	0.700570	1.559208	91	2	92	925.123
2.617994	1.214854	-1.966664	90	106	95	924.838
-3.141593	1.506530	1.988858	98	92	9	924.410
2.879793	1.555207	1.708892	95	94	8	923.635
-0.785398	2.251330	-2.330739	102	108	89	923.495
0.785398	1.448123	-2.163292	104	103	94	923.028
-1.047198	1.113094	-0.272241	97	90	12	922.613
-1.570796	1.510910	-0.740472	91	94	9	921.787
0.523599	1.741644	-2.695914	97	98	10	920.773
2.617994	2.356369	3.005869	94	9	103	920.082
1.832596	1.440580	2.260026	93	95	7	919.951
-1.047198	1.569311	-3.003978	89	1	97	919.710
0.261799	2.073035	2.027405	97	100	10	919.009
2.879793	0.685216	-1.712745	91	12	107	918.805
0.000000	2.349581	-2.702517	91	109	92	918.200
2.094395	2.664082	-1.071402	88	3	101	917.181
-3.141593	2.089241	-0.114193	86	1	111	916.991
-0.261799	2.349581	-2.702517	92	111	92	916.522
-2.617994	1.417623	-0.202254	101	93	10	916.497
0.000000	2.041297	-2.664597	96	100	10	916.417
1.570796	2.187132	-0.479875	96	1	93	916.127
1.570796	1.050534	3.042579	94	97	7	916.097
-1.047198	2.089241	-0.114193	92	92	7	915.555
2.094395	1.413347	-1.339188	99	12	102	914.494
-1.047198	1.721184	-0.153948	99	80	0	913.729
-3.141593	1.683268	0.374177	90	110	5	913.202
-2.879793	1.824694	1.850876	90	1	97	912.819
0.000000	1.904882	-1.478089	88	108	96	911.935
2.879793	2.724429	-0.348782	91	3	92	910.720
2.094395	1.904882	-1.478089	97	10	97	910.482
0.785398	2.063651	-2.044600	100	110	93	910.455
-2.879793	1.194549	-0.801900	93	106	92	910.235
1.308997	1.809167	1.213774	100	93	7	909.512
-1.047198	2.356369	3.005869	90	4	94	909.470
2.879793	1.135834	-1.431087	90	11	105	909.390
-2.356194	2.104282	-0.813972	91	6	100	908.932
0.523599	2.041297	-2.664597	95	97	10	907.969
0.523599	1.658653	-2.409879	100	103	93	907.471
2.617994	1.545873	-1.877082	94	10	96	906.500
-2.356194	1.909857	-0.381669	90	6	102	904.892
-3.141593	1.194549	-0.801900	91	107	93	904.676
-0.261799	1.875281	0.107086	97	3	94	903.672
1.832596	1.025536	1.576859	99	1	91	903.492
1.832596	2.089241	-0.114193	96	4	95	902.587
-1.047198	2.164094	-2.991358	95	5	96	901.830
-0.785398	1.113094	-0.272241	100	89	12	899.676
-2.356194	2.164094	-2.991358	5	98	94	899.409
2.356194	1.699788	2.452890	93	92	8	898.707
2.356194	1.194549	-0.801900	94	10	109	898.555
2.356194	1.982574	-1.115518	94	10	100	898.042
1.047198	1.488617	1.159546	102	85	7	897.783
-0.523599	2.349581	-2.702517	95	1	92	897.228
-1.047198	2.760637	2.781135	92	7	96	896.964
2.879793	1.699788	2.452890	96	91	8	896.856
-2.879793	1.135813	-2.658866	108	106	94	896.828
0.523599	2.588535	-2.976617	98	94	11	896.778
-0.523599	0.762244	-0.273349	82	110	100	896.734
-1.308997	2.104282	-0.813972	13	102	102	896.370
1.832596	1.168678	2.108595	87	4	96	895.278
-2.094395	0.992645	-1.723759	99	5	95	894.989
-0.261799	2.089241	-0.114193	92	6	97	894.558
-0.785398	2.724429	-0.348782	96	103	92	894.458
0.785398	0.992645	-1.723759	93	102	11	894.177
2.094395	0.929350	-2.910676	97	109	94	893.851
-2.356194	1.554776	0.100351	107	85	2	892.873
-2.879793	0.297065	2.160177	11	96	111	892.251
-2.879793	1.662363	0.915448	91	109	8	892.248
-1.047198	1.736875	3.023612	92	6	102	892.116
1.047198	2.138223	1.678323	101	93	8	891.962
2.617994	0.866955	-0.931351	94	4	97	891.502
2.617994	0.685216	-1.712745	95	14	107	890.796
-3.141593	2.356369	3.005869	88	3	102	890.640
1.308997	2.063651	-2.044600	99	6	92	889.675
0.000000	2.247462	0.191623	96	87	5	889.650
-3.141593	1.606104	-0.451151	95	101	8	889.263
-0.785398	1.846342	-1.796954	97	11	100	888.951
-3.141593	0.370812	-2.547742	94	10	102	888.944
-3.141593	1.488617	1.159546	98	87	5	888.208
1.832596	0.379747	-1.713059	95	86	5	887.800
2.617994	1.413430	2.550734	94	90	7	887.458
0.785398	1.998705	2.370472	100	95	9	887.370
-2.617994	0.619654	-2.216909	89	9	105	886.221
-1.308997	1.836682	-0.676006	93	92	7	886.137
-1.047198	2.587733	0.232235	91	93	3	885.983
2.879793	1.374601	-2.456031	90	96	10	885.533
-2.617994	1.606104	-0.451151	97	94	8	885.277
1.832596	1.846342	-1.796954	100	8	94	885.130
-1.308997	2.637879	2.121598	90	10	103	884.623
0.261799	1.948085	-2.363031	99	106	92	884.049
-1.308997	1.569311	-3.003978	89	3	97	883.919
-1.308997	1.909857	-0.381669	91	92	7	883.795
1.832596	1.135834	-1.431087	106	96	92	883.573
-1.832596	0.961715	0.014085	92	4	97	883.448
1.832596	1.510910	-0.740472	88	111	95	883.447
1.308997	1.846342	-1.796954	91	0	97	882.282
2.617994	1.194549	-0.801900	92	109	93	882.213
-0.523599	1.824694	1.850876	87	111	96	882.013
0.523599	1.756530	-2.105156	102	105	93	881.710
-2.094395	2.187132	-0.479875	89	4	100	881.547
-2.879793	0.571433	-1.188419	95	95	11	881.203
-1.047198	1.836682	-0.676006	96	89	7	880.777
-1.832596	2.393226	1.857173	99	96	11	880.336
-3.141593	2.164094	-2.991358	91	8	107	880.124
-2.094395	2.001437	0.381215	88	91	0	880.077
-2.617994	1.599406	1.426070	103	86	6	879.852
2.617994	1.325504	-1.671296	94	12	101	877.393
-2.617994	1.998705	2.370472	99	93	10	877.368
0.261799	2.251330	-2.330739	96	109	92	877.047
-1.570796	2.664082	-1.071402	94	106	91	876.198
0.785398	1.554776	0.100351	103	90	9	876.005
-0.785398	1.909857	-0.381669	99	88	8	875.782
-1.047198	1.574060	2.783565	89	6	104	875.510
-0.785398	1.574060	2.783565	88	3	104	875.503
1.047198	2.041297	-2.664597	87	4	106	875.467
1.308997	1.555207	1.708892	94	95	6	875.074
-3.141593	1.875281	0.107086	88	0	2	875.017
0.000000	2.251330	-2.330739	95	103	12	874.379
-1.308997	1.736875	3.023612	97	96	8	874.169
-0.261799	2.187132	-0.479875	85	6	104	873.899
1.308997	0.458961	-0.107937	89	8	5	873.642
-1.832596	1.135813	-2.658866	85	3	98	873.631
-0.261799	2.724429	-0.348782	86	8	105	873.507
1.047198	2.063651	-2.044600	101	5	92	873.337
2.356194	1.014500	0.906702	102	106	16	872.763
-2.617994	0.640596	-2.797608	92	8	99	872.729
2.617994	0.640596	-2.797608	96	108	93	872.170
-0.523599	1.846342	-1.796954	94	11	100	872.148
0.523599	1.135813	-2.658866	104	110	93	871.715
-1.570796	1.574060	2.783565	94	95	6	871.697
0.523599	1.134497	-1.109631	105	103	90	871.676
-2.879793	1.756530	-2.105156	106	89	9	871.631
-1.832596	1.128190	-2.288622	86	104	95	871.615
1.308997	1.510910	-0.740472	96	4	95	871.084
-2.094395	0.850607	-1.335383	88	91	7	870.979
1.308997	2.187132	-0.479875	97	2	93	870.217
0.523599	0.379747	-1.713059	92	11	108	869.643
2.879793	0.591903	2.010408	84	2	96	869.424
-1.308997	1.045978	0.343692	94	99	14	869.402
-1.308997	1.113094	-0.272241	93	9	98	869.181
-0.523599	1.977582	0.969896	94	110	91	869.074
0.523599	2.115563	0.685730	98	93	8	869.063
1.832596	0.850607	-1.335383	109	97	91	868.917
-2.356194	1.872854	1.543456	101	89	8	868.430
1.832596	1.699788	2.452890	90	96	8	868.341
-2.879793	2.187132	-0.479875	94	108	9	868.003
-0.785398	0.370812	-2.547742	94	95	10	866.751
-0.523599	1.256302	0.062705	96	92	12	866.413
-0.261799	0.571433	-1.188419	9	99	102	866.277
1.832596	0.290380	-0.796960	90	10	1	866.266
-2.617994	1.506530	1.988858	99	90	8	865.156
-1.570796	1.135813	-2.658866	85	0	99	864.876
-0.523599	2.587733	0.232235	96	87	4	864.778
2.617994	1.128190	-2.288622	93	106	94	864.407
2.356194	0.290380	-0.796960	94	99	11	864.386
-1.047198	1.135813	-2.658866	88	100	94	864.278
2.094395	0.619654	-2.216909	95	89	7	864.089
2.356194	1.113094	-0.272241	90	7	5	863.618
2.617994	1.699788	2.452890	95	91	8	863.562
2.879793	2.356369	3.005869	87	4	102	863.200
-1.047198	1.417623	-0.202254	100	81	1	863.033
2.879793	1.872854	1.543456	98	2	94	862.592
1.308997	0.910508	1.903534	108	85	8	861.637
2.879793	1.128190	-2.288622	92	105	94	861.444
-0.523599	1.045978	0.343692	90	8	101	861.121
-0.523599	2.379497	0.561089	91	92	3	860.524
-0.523599	1.325504	-1.671296	94	9	6	860.479
0.785398	1.977582	0.969896	94	107	10	860.441
-0.261799	2.041297	-2.664597	91	108	92	860.098
2.879793	1.301460	-0.509251	88	107	94	860.033
-2.094395	0.899350	-2.069907	79	110	102	859.714
-0.785398	0.850607	-1.335383	91	10	111	859.315
1.308997	0.379747	-1.713059	91	102	8	859.148
0.785398	1.699788	2.452890	97	97	9	858.979
-2.617994	0.899350	-2.069907	85	6	102	858.633
2.617994	0.619654	-2.216909	93	94	9	858.602
2.356194	1.545873	-1.877082	98	11	96	858.571
2.879793	2.174483	2.653697	102	3	90	858.334
1.570796	1.014500	0.906702	102	93	12	858.044
2.879793	1.658653	-2.409879	92	100	12	858.032
2.356194	0.960688	-0.577532	92	1	93	857.890
-0.785398	1.869911	2.701025	89	5	105	857.883
-2.356194	2.592629	0.909713	104	107	92	857.425
0.523599	2.587733	0.232235	86	5	102	857.272
0.523599	1.809167	1.213774	98	84	4	857.218
-1.047198	2.343981	-1.040456	99	1	94	857.131
0.523599	1.488617	1.159546	96	88	7	857.120
-1.832596	1.766067	2.153843	100	91	8	857.083
1.832596	1.506530	1.988858	108	82	110	856.168
-2.879793	1.721184	-0.153948	97	99	10	856.028
-2.617994	1.836682	-0.676006	92	95	5	856.026
0.523599	2.579248	-2.364801	95	5	92	855.967
0.261799	1.374601	-2.456031	102	98	94	855.752
2.356194	0.899350	-2.069907	94	8	99	855.730
1.832596	1.134796	2.434290	93	92	6	855.626
1.047198	2.187132	-0.479875	97	90	7	855.479
-3.141593	0.080730	-2.622036	94	103	10	855.250
-2.879793	1.872854	1.543456	95	111	93	854.898
2.879793	1.025536	1.576859	91	111	91	854.791
-0.261799	1.741644	-2.695914	94	102	91	854.514
1.047198	2.456751	-1.503343	94	96	10	853.910
2.617994	0.910508	1.903534	87	0	94	853.867
-2.879793	1.413347	-1.339188	78	111	105	853.753
-2.617994	1.450119	-2.739050	110	103	94	853.725
0.785398	0.685216	-1.712745	92	101	8	853.690
-3.141593	2.063651	-2.044600	96	7	91	853.508
1.832596	1.545873	-1.877082	103	8	95	853.499
-2.356194	0.290380	-0.796960	99	94	14	853.425
-0.261799	2.404280	-0.174044	91	8	100	853.383
2.879793	0.619654	-2.216909	93	9	100	853.275
-1.047198	1.909857	-0.381669	95	91	8	853.144
-3.141593	1.699788	2.452890	97	90	9	852.994
0.261799	2.138223	1.678323	105	90	7	852.840
2.879793	0.910508	1.903534	86	111	94	852.769
2.094395	2.104282	-0.813972	95	11	103	852.108
0.261799	2.881233	-2.582574	92	7	96	851.991
1.047198	1.756530	-2.105156	104	3	92	851.945
-0.785398	1.617114	-1.572037	98	9	96	851.915
0.785398	2.587733	0.232235	83	2	102	851.414
1.570796	2.108018	1.311430	95	4	92	851.241
1.047198	0.458961	-0.107937	92	9	5	851.234
-1.308997	2.115563	0.685730	87	98	4	850.521
1.832596	1.870545	-2.976234	83	104	102	850.462
-0.785398	2.033014	2.977192	87	1	95	850.408
1.570796	0.458961	-0.107937	87	6	5	850.296
2.094395	2.979456	-1.009304	93	0	90	849.652
-2.617994	1.909857	-0.381669	94	97	6	849.524
1.832596	1.417623	-0.202254	88	4	97	849.378
-1.047198	1.045978	0.343692	94	99	13	849.151
1.047198	0.370812	-2.547742	101	87	6	849.059
-0.261799	0.203748	0.590255	95	100	12	848.836
-1.570796	1.569311	-3.003978	100	94	10	848.322
-1.308997	0.762244	-0.273349	91	9	98	848.131
-1.308997	1.741644	-2.695914	101	93	10	848.000
2.617994	1.301460	-0.509251	88	109	94	847.882
-1.308997	0.640596	-2.797608	93	94	8	847.776
0.000000	2.356369	3.005869	98	96	11	847.707
1.047198	1.846342	-1.796954	92	2	97	847.374
-1.570796	0.762244	-0.273349	90	6	99	846.825
1.570796	1.025536	1.576859	98	3	90	846.571
2.356194	1.766067	2.153843	95	91	9	846.495
2.879793	0.831641	0.616218	111	97	19	846.325
-2.356194	1.128190	-2.288622	88	2	95	845.831
-1.570796	0.370812	-2.547742	80	107	110	845.487
-1.570796	1.374601	-2.456031	85	109	95	845.089
-1.308997	1.301460	-0.509251	94	11	101	844.933
-0.261799	2.592629	0.909713	95	0	94	844.856
1.047198	2.180315	-1.357379	93	4	99	844.778
2.617994	1.448123	-2.163292	94	96	12	844.595
0.261799	2.478122	2.609777	102	94	12	844.373
2.356194	1.168678	2.108595	85	1	95	844.279
2.094395	0.961715	0.014085	92	4	8	844.227
0.785398	2.108018	1.311430	101	80	0	844.124
-1.047198	1.448123	-2.163292	93	99	93	844.004
-2.094395	0.203748	0.590255	87	5	98	843.912
-0.785398	1.135813	-2.658866	88	97	95	843.897
1.570796	1.569311	-3.003978	93	95	8	843.673
-1.308997	0.203748	0.590255	88	6	100	843.499
-2.617994	1.050534	3.042579	93	93	7	843.460
0.785398	2.073035	2.027405	108	89	7	843.028
-2.356194	1.875281	0.107086	104	87	4	842.842
-1.570796	1.184361	0.625864	107	110	89	842.600
1.832596	0.910508	1.903534	96	4	93	842.455
-1.570796	1.134497	-1.109631	93	94	9	842.057
0.000000	1.374601	-2.456031	101	93	10	841.731
-2.879793	0.899350	-2.069907	92	13	105	841.499
-1.047198	1.301460	-0.509251	98	87	11	841.443
1.047198	1.195355	1.200319	99	86	8	841.433
-1.047198	1.367556	0.358405	98	85	4	841.405
0.785398	2.393226	1.857173	95	4	95	841.390
2.356194	1.904882	-1.478089	93	9	97	841.380
-0.261799	2.295480	1.008277	90	97	4	841.244
-2.094395	1.683268	0.374177	91	91	3	841.204
1.570796	0.866955	-0.931351	88	5	104	841.104
2.617994	2.760637	2.781135	88	4	100	840.931
1.832596	1.448123	-2.163292	101	7	94	840.382
-1.047198	1.872854	1.543456	86	4	99	840.300
-2.094395	0.419640	2.974122	99	2	94	840.192
-1.047198	0.929350	-2.910676	84	101	96	840.147
2.879793	0.866395	-2.492918	89	108	97	840.133
-0.785398	1.736875	3.023612	91	3	102	840.017
0.523599	2.349581	-2.702517	86	6	109	839.713
-0.261799	2.108018	1.311430	97	111	91	839.687
-1.570796	0.929350	-2.910676	85	3	101	839.564
1.308997	2.456751	-1.503343	100	10	96	839.554
0.261799	2.349581	-2.702517	89	9	109	839.538
-0.785398	0.203748	0.590255	86	1	101	839.390
-1.832596	0.929350	-2.910676	85	6	101	838.986
-0.523599	2.174483	2.653697	97	99	11	838.827
-2.094395	1.367556	0.358405	88	99	8	838.675
-2.094395	0.640596	-2.797608	91	110	96	837.957
-0.261799	0.591903	2.010408	88	109	98	837.914
-2.617994	0.914445	2.687814	13	93	4	837.771
2.356194	0.910508	1.903534	89	2	93	837.639
0.261799	1.242974	-2.977882	94	101	93	837.437
-0.785398	2.404280	-0.174044	82	107	102	837.302
0.000000	1.741644	-2.695914	96	102	91	837.144
1.047198	2.251330	-2.330739	96	4	91	836.949
2.879793	1.184361	0.625864	92	108	10	836.870
2.879793	0.929350	-2.910676	91	98	9	836.869
0.785398	0.571433	-1.188419	91	101	8	836.712
2.617994	2.478122	2.609777	102	110	88	836.437
-2.617994	0.831641	0.616218	90	3	96	836.307
-2.879793	1.488617	1.159546	100	87	5	836.264
0.000000	2.407836	1.410646	97	3	93	836.029
1.047198	1.741644	-2.695914	98	109	90	835.819
-0.261799	2.247462	0.191623	96	89	5	835.708
-1.308997	2.041297	-2.664597	98	111	90	835.499
-3.141593	0.899350	-2.069907	95	11	101	834.925
2.094395	2.089241	-0.114193	93	5	96	834.897
-0.523599	0.899350	-2.069907	85	0	98	834.607
-2.356194	1.506530	1.988858	100	90	8	834.552
-2.094395	0.496451	0.593859	90	5	94	834.493
-0.523599	1.374601	-2.456031	99	97	11	834.443
-2.356194	1.391910	3.030322	95	93	7	834.189
2.094395	1.134796	2.434290	94	90	6	834.065
2.879793	1.683268	0.374177	90	1	5	833.875
-3.141593	1.374601	-2.456031	92	92	11	833.817
2.094395	1.545873	-1.877082	101	10	96	833.711
-1.570796	2.299159	2.264663	100	96	12	833.361
1.047198	2.001437	0.381215	84	99	94	833.248
1.832596	1.909857	-0.381669	96	4	95	832.974
-1.047198	0.640596	-2.797608	91	93	7	832.558
-3.141593	0.619654	-2.216909	90	8	100	832.239
2.617994	1.904882	-1.478089	88	6	97	831.817
-1.570796	2.251330	-2.330739	4	94	94	831.677
-2.094395	0.458961	-0.107937	91	6	99	831.653
2.879793	1.014500	0.906702	95	3	93	831.610
2.617994	0.960688	-0.577532	91	0	93	831.491
1.308997	2.089241	-0.114193	90	101	6	831.413
1.047198	0.571433	-1.188419	91	88	4	831.358
0.785398	1.869911	2.701025	94	98	9	831.290
1.308997	0.370812	-2.547742	4	97	97	831.249
-1.047198	2.187132	-0.479875	89	12	103	831.195
2.094395	1.168678	2.108595	86	3	96	831.111
-1.308997	1.875281	0.107086	94	83	0	830.901
-2.617994	1.214854	-1.966664	9	97	16	830.847
2.879793	2.187132	-0.479875	85	3	108	830.826
-3.141593	1.413347	-1.339188	84	107	101	830.718
2.094395	0.899350	-2.069907	95	111	94	830.440
1.832596	1.391910	3.030322	94	92	7	830.342
2.356194	0.640596	-2.797608	95	2	96	829.834
1.832596	0.418037	1.360082	99	100	15	829.814
-0.523599	1.113094	-0.272241	101	92	13	829.809
-0.523599	1.741644	-2.695914	100	89	8	829.448
1.308997	0.297065	2.160177	101	86	9	829.407
1.832596	1.904882	-1.478089	96	5	98	829.248
-3.141593	1.135834	-1.431087	86	10	105	829.160
-2.094395	1.982574	-1.115518	91	96	5	828.791
1.570796	2.089241	-0.114193	98	5	95	828.407
0.785398	2.455966	-0.641220	91	103	9	828.371
2.356194	1.836682	-0.676006	94	11	105	828.370
2.094395	0.418037	1.360082	102	90	10	828.058
2.879793	2.478122	2.609777	101	111	88	828.017
-1.047198	2.724429	-0.348782	95	104	92	827.972
-0.785398	2.247462	0.191623	94	90	6	827.523
-2.356194	0.899350	-2.069907	85	5	102	827.097
-2.879793	1.683268	0.374177	88	109	5	826.490
0.523599	2.478122	2.609777	93	3	94	826.220
-2.617994	1.488617	1.159546	99	91	6	826.191
-1.570796	0.850607	-1.335383	89	110	96	824.893
2.617994	0.850607	-1.335383	97	3	96	824.829
1.308997	2.299159	2.264663	93	6	97	824.759
0.523599	2.356369	3.005869	99	96	11	824.720
-1.047198	2.138223	1.678323	90	6	97	824.438
-1.832596	0.496451	0.593859	87	1	94	824.375
2.617994	0.831641	0.616218	110	97	20	824.360
-1.570796	2.455966	-0.641220	89	103	93	824.220
-1.832596	0.762244	-0.273349	92	5	99	823.869
1.570796	1.606104	-0.451151	91	5	97	823.815
-2.356194	2.579248	-2.364801	3	89	96	823.792
-2.356194	0.866395	-2.492918	89	8	102	823.763
-2.617994	2.356369	3.005869	9	98	96	823.287
0.785398	2.251330	-2.330739	98	4	91	822.596
0.261799	2.979456	-1.009304	96	93	11	821.928
1.832596	0.961715	0.014085	91	6	97	821.689
-2.356194	2.089241	-0.114193	95	99	8	821.610
2.356194	1.574060	2.783565	94	90	7	821.607
-2.617994	2.588535	-2.976617	8	92	97	821.390
2.879793	1.506530	1.988858	93	94	8	821.354
0.000000	1.510910	-0.740472	100	8	94	821.063
1.047198	1.683268	0.374177	95	105	91	821.045
2.617994	1.732874	-0.951685	86	101	97	821.018
2.879793	0.906588	1.252948	95	0	90	821.016
-2.879793	0.290380	-0.796960	82	104	3	820.950
1.047198	0.685216	-1.712745	93	99	10	820.930
0.523599	1.413347	-1.339188	103	108	92	820.864
-2.356194	0.929350	-2.910676	95	92	7	820.707
2.617994	0.615174	-0.666022	98	1	90	820.587
1.570796	1.696674	-1.253233	94	111	94	820.581
1.308997	1.904882	-1.478089	92	2	97	820.444
1.308997	1.247695	1.809890	97	5	92	820.159
1.832596	1.982574	-1.115518	96	7	101	819.806
0.785398	1.450119	-2.739050	96	96	9	819.705
2.617994	1.696674	-1.253233	91	10	101	819.416
-1.047198	1.242974	-2.977882	86	111	99	819.387
0.785398	1.569311	-3.003978	91	4	98	819.318
-3.141593	0.929350	-2.910676	94	94	9	819.248
-2.617994	0.992645	-1.723759	92	107	94	819.211
-2.094395	0.571433	-1.188419	93	95	12	819.189
-1.832596	2.979456	-1.009304	94	2	96	819.042
-2.879793	1.998705	2.370472	97	93	10	818.961
-0.261799	1.736875	3.023612	96	109	90	818.944
-2.356194	2.073035	2.027405	103	89	11	818.786
-1.308997	0.929350	-2.910676	89	4	101	818.512
-2.356194	0.419640	2.974122	93	10	102	818.278
-1.308997	1.870545	-2.976234	94	5	95	818.161
1.570796	1.555207	1.708892	90	8	97	818.050
2.617994	0.992645	-1.723759	96	14	103	818.008
-0.261799	0.290380	-0.796960	91	10	103	817.698
-1.308997	2.343981	-1.040456	102	0	93	817.477
-0.523599	0.733948	3.021411	93	91	7	817.413
-2.356194	1.168678	2.108595	103	88	7	817.205
-1.832596	1.134796	2.434290	99	91	7	817.132
-1.308997	0.961715	0.014085	90	3	94	817.022
-1.047198	1.450119	-2.739050	89	102	91	816.967
-2.617994	2.247462	0.191623	83	110	111	816.952
-1.047198	0.733948	3.021411	87	100	7	816.808
-0.785398	0.297065	2.160177	88	99	9	816.771
-2.879793	1.367556	0.358405	102	4	92	816.598
1.047198	1.025536	1.576859	104	98	17	816.575
-1.832596	0.674054	1.013609	99	98	14	816.500
-0.261799	0.458961	-0.107937	85	3	103	816.387
-2.617994	2.587733	0.232235	104	109	93	816.099
-0.523599	0.640596	-2.797608	93	93	7	816.061
-2.094395	2.295480	1.008277	105	108	92	816.001
-0.261799	1.510910	-0.740472	103	8	94	815.949
-1.308997	2.704512	1.488683	93	6	92	815.777
-2.094395	1.134796	2.434290	88	6	98	815.747
2.094395	1.325504	-1.671296	101	12	99	815.604
-2.617994	1.504028	0.636812	97	91	5	815.477
-1.047198	1.391910	3.030322	89	4	103	815.463
-0.785398	2.073035	2.027405	90	4	3	815.224
-2.879793	1.554776	0.100351	86	107	5	815.212
0.000000	1.809167	1.213774	88	88	4	815.117
0.261799	0.685216	-1.712745	98	98	9	815.110
-0.261799	0.850607	-1.335383	8	100	101	815.098
0.523599	2.393226	1.857173	97	4	95	814.940
0.785398	2.104282	-0.813972	85	108	97	814.935
-3.141593	1.134796	2.434290	97	89	6	814.767
-1.047198	0.674054	1.013609	89	1	97	814.621
2.879793	1.413347	-1.339188	89	12	102	814.543
0.785398	1.662363	0.915448	102	86	8	814.495
-2.617994	1.128190	-2.288622	90	4	95	814.455
-3.141593	0.674054	1.013609	97	3	91	814.417
-2.356194	2.456751	-1.503343	90	109	90	814.026
0.523599	0.203748	0.590255	87	8	4	813.946
-1.308997	2.719179	-1.780644	9	91	99	813.781
2.617994	1.998705	2.370472	94	3	95	813.738
-2.356194	0.370812	-2.547742	88	111	98	813.652
-0.785398	2.063651	-2.044600	96	12	104	813.636
-2.356194	2.863997	0.549740	87	0	93	813.525
1.047198	1.599406	1.426070	101	81	2	813.269
-1.308997	2.979456	-1.009304	98	104	90	813.198
2.356194	1.325504	-1.671296	97	13	100	813.100
-3.141593	2.138223	1.678323	97	111	94	813.003
0.261799	1.875281	0.107086	82	107	95	812.845
-1.047198	0.203748	0.590255	86	3	101	812.824
0.785398	2.153910	-1.714959	93	3	98	812.575
0.523599	1.732874	-0.951685	94	4	94	812.425
-0.261799	1.977582	0.969896	90	94	6	812.358
-1.570796	0.203748	0.590255	92	8	99	812.250
0.261799	2.719179	-1.780644	95	100	12	812.134
2.879793	2.299159	2.264663	104	2	90	811.462
-0.523599	1.050534	3.042579	93	91	6	811.318
1.570796	1.904882	-1.478089	91	0	98	811.134
-1.047198	1.658653	-2.409879	94	101	90	810.998
2.356194	0.700570	1.559208	92	3	92	810.981
0.261799	2.664082	-1.071402	91	100	10	810.949
-1.832596	2.404280	-0.174044	90	2	98	810.794
-2.356194	0.379747	-1.713059	80	109	110	810.766
1.570796	1.662363	0.915448	107	87	7	810.695
-0.785398	1.699788	2.452890	87	5	108	810.527
-3.141593	1.824694	1.850876	94	3	97	810.144
-0.785398	1.301460	-0.509251	100	90	11	809.998
0.000000	2.396274	-1.959260	95	103	14	809.949
-2.879793	0.866395	-2.492918	94	88	8	809.668
0.523599	0.992645	-1.723759	10	89	103	809.351
2.879793	1.948085	-2.363031	94	104	12	809.333
1.570796	2.592629	0.909713	85	106	95	809.043
1.047198	2.393226	1.857173	92	3	95	808.757
-0.523599	0.992645	-1.723759	87	111	95	808.685
1.570796	1.658653	-2.409879	93	6	12	808.414
-1.832596	2.138223	1.678323	100	93	8	808.206
2.617994	1.413347	-1.339188	94	12	103	808.078
0.261799	2.115563	0.685730	100	89	7	807.775
0.261799	1.599406	1.426070	93	85	4	807.528
2.356194	0.419640	2.974122	10	93	108	806.801
0.785398	2.041297	-2.664597	96	111	89	806.782
-1.308997	1.721184	-0.153948	95	81	0	806.759
-2.094395	2.456751	-1.503343	92	108	90	806.734
1.308997	1.168678	2.108595	98	7	94	806.619
-3.141593	0.850607	-1.335383	83	111	105	806.581
0.261799	1.741644	-2.695914	96	102	91	806.558
1.047198	2.104282	-0.813972	91	6	100	806.494
-1.832596	0.370812	-2.547742	80	0	109	806.179
-2.617994	1.242974	-2.977882	95	95	10	806.100
-0.785398	1.569311	-3.003978	91	1	100	805.501
-2.879793	2.863997	0.549740	91	3	92	805.327
-1.832596	1.374601	-2.456031	86	0	95	805.274
2.356194	0.370812	-2.547742	93	92	6	805.223
-0.785398	0.733948	3.021411	91	95	7	805.190
-1.308997	1.374601	-2.456031	90	103	93	805.140
1.832596	1.741644	-2.695914	83	106	101	805.131
2.356194	1.374601	-2.456031	90	99	10	804.858
1.047198	2.108018	1.311430	104	81	1	804.648
1.832596	2.104282	-0.813972	99	12	103	804.549
1.570796	1.168678	2.108595	95	6	95	804.225
-2.879793	2.138223	1.678323	93	0	95	803.943
-1.047198	1.510910	-0.740472	97	84	7	803.857
0.785398	0.899350	-2.069907	10	89	103	803.691
2.879793	2.379497	0.561089	100	10	97	803.633
-1.047198	1.741644	-2.695914	93	104	88	803.632
2.094395	0.640596	-2.797608	92	107	11	803.631
-3.141593	0.640596	-2.797608	98	10	98	803.519
1.308997	1.545873	-1.877082	93	111	94	803.424
2.617994	1.506530	1.988858	93	97	9	803.295
1.832596	1.555207	1.708892	108	83	0	803.262
1.047198	0.960688	-0.577532	93	9	0	803.073
2.356194	1.413347	-1.339188	92	105	93	802.996
-3.141593	1.417623	-0.202254	98	99	11	802.904
-1.570796	0.419640	2.974122	91	102	9	802.872
2.094395	0.379747	-1.713059	95	85	5	802.766
-0.261799	1.025536	1.576859	98	101	90	802.534
-0.785398	0.929350	-2.910676	85	98	97	802.529
1.570796	1.766067	2.153843	87	1	98	802.517
0.785398	1.658653	-2.409879	101	104	92	802.447
-1.308997	0.379747	-1.713059	91	87	8	802.395
1.832596	1.135813	-2.658866	95	111	95	802.084
1.832596	0.866395	-2.492918	97	0	94	802.053
1.832596	1.301460	-0.509251	90	2	94	801.952
2.617994	2.174483	2.653697	104	2	89	801.942
-1.832596	0.618092	2.539118	95	102	9	801.610
1.832596	1.050534	3.042579	93	94	6	801.187
-2.879793	2.073035	2.027405	95	92	9	801.154
-0.785398	2.138223	1.678323	88	3	97	801.049
0.000000	1.617114	-1.572037	87	105	95	800.817
-3.141593	1.128190	-2.288622	86	0	96	800.731
1.047198	0.700570	1.559208	95	103	13	800.715
1.308997	1.256302	0.062705	92	9	97	800.701
-3.141593	1.025536	1.576859	89	109	91	800.471
-2.879793	1.658653	-2.409879	93	97	12	800.469
-1.832596	0.700570	1.559208	93	106	91	800.419
-0.523599	0.961715	0.014085	99	94	13	800.350
2.879793	1.325504	-1.671296	89	9	101	800.238
-2.879793	1.440580	2.260026	97	92	7	800.101
1.047198	1.450119	-2.739050	97	93	9	800.014
-2.094395	0.080730	-2.622036	94	97	11	799.842
0.523599	2.073035	2.027405	105	89	8	799.763
-1.570796	2.704512	1.488683	97	9	93	799.440
-1.308997	1.574060	2.783565	93	5	93	799.363
2.094395	2.033014	2.977192	96	91	10	799.335
-3.141593	0.685216	-1.712745	93	5	100	799.244
-1.832596	1.450119	-2.739050	92	1	91	799.184
-0.261799	1.214854	-1.966664	91	6	7	799.113
2.617994	1.683268	0.374177	93	4	8	799.040
-3.141593	0.831641	0.616218	92	102	11	798.721
0.785398	0.379747	-1.713059	93	101	7	798.647
-0.261799	0.960688	-0.577532	80	109	102	798.509
0.785398	1.948085	-2.363031	99	107	92	798.262
-2.356194	0.080730	-2.622036	82	5	2	798.152
-2.879793	2.108018	1.311430	97	108	92	798.116
2.617994	2.108018	1.311430	88	102	90	798.029
-2.094395	1.374601	-2.456031	86	3	95	797.903
2.879793	0.379747	-1.713059	94	100	10	797.882
-3.141593	1.766067	2.153843	94	91	9	797.792
1.570796	1.045978	0.343692	109	101	91	797.537
-1.832596	2.299159	2.264663	93	9	91	797.521
-0.261799	1.218453	2.777284	83	104	97	797.499
-0.785398	1.948085	-2.363031	98	106	90	797.396
2.356194	1.617114	-1.572037	96	11	98	797.171
1.308997	0.700570	1.559208	106	101	90	797.144
-0.261799	2.073035	2.027405	88	111	95	796.990
-3.141593	0.419640	2.974122	90	9	106	796.821
1.570796	1.417623	-0.202254	89	6	97	796.816
2.879793	2.164094	-2.991358	88	6	105	796.764
0.785398	0.709924	0.218797	97	104	16	796.746
1.308997	1.506530	1.988858	93	11	100	796.589
0.523599	2.033014	2.977192	97	97	11	796.423
-1.570796	0.640596	-2.797608	83	1	105	796.265
-1.308997	1.218453	2.777284	89	4	95	796.113
2.879793	1.134497	-1.109631	88	10	107	796.009
-0.261799	1.113094	-0.272241	103	91	12	795.966
2.879793	0.370812	-2.547742	93	88	5	795.933
1.047198	1.440580	2.260026	96	7	97	795.891
-3.141593	1.662363	0.915448	97	88	6	795.753
-2.356194	1.413347	-1.339188	2	101	92	795.503
-1.047198	1.194549	-0.801900	97	92	10	795.339
-2.356194	2.295480	1.008277	105	106	91	795.255
1.832596	1.732874	-0.951685	87	109	96	795.246
1.832596	1.247695	1.809890	93	5	92	795.204
2.094395	2.073035	2.027405	91	10	110	794.972
-1.047198	2.588535	-2.976617	97	6	92	794.810
2.617994	1.875281	0.107086	91	4	2	794.783
-3.141593	2.073035	2.027405	95	1	95	794.783
-0.261799	1.374601	-2.456031	98	95	9	794.729
-3.141593	1.658653	-2.409879	102	90	10	794.717
-2.617994	1.440580	2.260026	102	90	9	794.618
-1.308997	1.242974	-2.977882	86	1	99	794.599
2.094395	2.115563	0.685730	93	7	102	794.533
2.879793	1.440580	2.260026	93	93	7	794.441
1.570796	0.290380	-0.796960	87	3	103	794.356
0.261799	1.128190	-2.288622	95	99	9	794.164
0.523599	2.089241	-0.114193	84	109	98	794.090
-3.141593	1.367556	0.358405	94	97	9	793.927
-0.523599	2.455966	-0.641220	86	8	106	793.866
2.617994	2.033014	2.977192	92	7	103	793.863
2.617994	1.766067	2.153843	95	92	9	793.854
1.832596	1.128190	-2.288622	96	109	94	793.758
-1.570796	1.128190	-2.288622	85	102	95	793.738
-0.785398	1.417623	-0.202254	95	90	9	793.703
1.308997	1.756530	-2.105156	103	5	92	793.668
-2.617994	1.824694	1.850876	97	91	9	793.575
-0.523599	2.041297	-2.664597	94	1	95	793.572
0.785398	2.863997	0.549740	12	94	1	793.520
1.570796	0.615174	-0.666022	93	11	3	793.515
-1.308997	2.407836	1.410646	91	8	97	793.414
-2.094395	2.349581	-2.702517	5	95	94	793.401
-2.617994	0.419640	2.974122	94	90	5	793.265
-3.141593	2.478122	2.609777	100	0	88	793.212
2.094395	1.113094	-0.272241	89	3	95	793.119
2.879793	1.214854	-1.966664	89	105	95	793.105
1.308997	1.982574	-1.115518	93	5	99	793.080
0.261799	1.809167	1.213774	94	91	6	793.061
2.617994	2.187132	-0.479875	88	4	108	792.884
-1.832596	2.637879	2.121598	98	97	12	792.883
-2.879793	2.404280	-0.174044	82	111	108	792.607
1.832596	0.831641	0.616218	94	110	13	792.449
-0.785398	0.290380	-0.796960	9	97	102	792.373
2.094395	2.247462	0.191623	89	6	2	792.370
-0.523599	1.872854	1.543456	85	0	99	791.886
0.261799	1.417623	-0.202254	80	103	99	791.856
1.308997	1.135834	-1.431087	104	102	91	791.551
-0.785398	2.187132	-0.479875	86	10	103	791.546
-0.523599	2.073035	2.027405	89	1	95	791.478
-1.047198	1.732874	-0.951685	101	75	105	791.407
2.094395	1.135834	-1.431087	104	94	91	791.354
-2.879793	1.256302	0.062705	89	10	8	791.125
1.308997	0.619654	-2.216909	93	103	10	790.982
-2.879793	1.135834	-1.431087	82	108	103	790.282
2.617994	0.929350	-2.910676	93	93	7	790.167
-0.261799	1.904882	-1.478089	100	8	97	790.159
-0.523599	2.760637	2.781135	94	11	100	790.108
-0.523599	1.168678	2.108595	93	5	99	790.091
1.832596	0.080730	-2.622036	87	6	102	790.036
1.308997	2.153910	-1.714959	100	8	94	789.980
2.879793	1.569311	-3.003978	94	0	91	789.865
2.617994	1.247695	1.809890	91	96	6	789.719
1.832596	1.617114	-1.572037	83	1	107	789.686
1.570796	2.456751	-1.503343	12	93	111	789.651
-0.785398	2.760637	2.781135	90	7	96	789.593
1.832596	1.488617	1.159546	107	86	6	789.581
2.356194	0.496451	0.593859	96	93	12	789.536
2.617994	1.617114	-1.572037	91	99	95	789.485
-2.879793	1.545873	-1.877082	81	0	97	789.344
2.879793	1.256302	0.062705	103	99	15	789.339
-1.832596	2.455966	-0.641220	88	107	93	789.297
2.356194	0.906588	1.252948	95	6	94	789.236
-2.094395	2.073035	2.027405	93	13	95	789.231
-2.879793	0.418037	1.360082	88	4	95	789.176
1.570796	2.180315	-1.357379	98	7	97	788.847
-1.570796	2.174483	2.653697	90	4	89	788.659
0.261799	1.977582	0.969896	97	90	7	788.397
-1.047198	0.458961	-0.107937	84	3	99	788.384
2.879793	0.960688	-0.577532	84	4	4	788.353
-1.308997	2.478122	2.609777	100	98	13	788.226
2.356194	1.135813	-2.658866	90	111	97	788.180
-1.308997	1.194549	-0.801900	95	11	104	788.169
-2.094395	1.135813	-2.658866	101	95	12	788.090
0.523599	0.866395	-2.492918	95	99	8	787.950
0.261799	1.310100	1.488307	93	111	9	787.837
-0.785398	1.545873	-1.877082	98	102	12	787.692
-2.356194	1.824694	1.850876	95	99	10	787.653
-2.617994	1.662363	0.915448	96	94	6	787.430
-2.356194	2.588535	-2.976617	85	109	101	787.420
-3.141593	1.440580	2.260026	96	91	8	787.109
0.261799	1.909857	-0.381669	106	104	93	787.071
-0.261799	2.704512	1.488683	82	108	94	786.542
2.879793	0.203748	0.590255	98	90	11	786.488
1.832596	1.367556	0.358405	86	7	101	786.072
-0.523599	1.617114	-1.572037	94	9	96	785.885
1.832596	0.899350	-2.069907	92	101	12	785.880
-0.261799	2.033014	2.977192	97	2	91	785.810
-2.879793	0.370812	-2.547742	91	9	102	785.786
-1.570796	2.724429	-0.348782	96	107	92	785.682
-1.308997	0.709924	0.218797	87	1	95	785.650
-0.523599	2.138223	1.678323	86	1	97	785.574
-2.879793	1.417623	-0.202254	99	96	11	785.568
-3.141593	2.404280	-0.174044	85	1	108	785.553
0.261799	2.299159	2.264663	91	0	93	785.255
0.000000	0.290380	-0.796960	87	6	103	785.186
1.832596	1.869911	2.701025	93	93	9	785.018
-2.617994	0.866955	-0.931351	92	108	92	784.961
-0.785398	1.606104	-0.451151	91	5	97	784.756
-1.047198	2.001437	0.381215	94	83	0	784.501
2.356194	2.164094	-2.991358	97	2	88	784.455
-2.094395	0.619654	-2.216909	93	99	11	784.406
-1.570796	2.760637	2.781135	98	9	94	784.207
-2.879793	2.407836	1.410646	93	4	96	784.136
0.523599	2.247462	0.191623	89	4	99	783.745
-2.094395	0.733948	3.021411	102	0	94	783.707
1.570796	1.824694	1.850876	106	80	109	783.660
-3.141593	2.001437	0.381215	89	0	3	783.658
-2.617994	2.108018	1.311430	90	5	99	783.642
1.570796	1.506530	1.988858	106	81	109	783.590
1.308997	0.203748	0.590255	83	1	3	783.511
1.308997	2.104282	-0.813972	89	4	100	783.446
0.261799	1.732874	-0.951685	95	10	97	783.411
-3.141593	2.863997	0.549740	94	6	92	783.391
1.047198	1.870545	-2.976234	91	102	11	783.197
-3.141593	1.335669	0.897240	92	100	8	783.117
1.308997	1.450119	-2.739050	94	97	8	783.001
-0.523599	0.458961	-0.107937	80	107	99	782.879
-2.356194	1.194549	-0.801900	110	97	90	782.808
-1.570796	0.899350	-2.069907	94	6	98	782.761
-2.356194	1.998705	2.370472	95	92	9	782.648
-0.261799	2.180315	-1.357379	90	1	96	782.529
0.000000	0.619654	-2.216909	89	7	3	782.437
-2.617994	2.138223	1.678323	94	107	93	782.383
2.356194	1.135834	-1.431087	98	14	104	782.367
0.000000	0.685216	-1.712745	7	99	99	782.068
-2.879793	1.696674	-1.253233	78	110	103	782.010
0.261799	1.135834	-1.431087	91	105	10	781.574
2.094395	0.866395	-2.492918	95	93	9	781.536
-2.617994	1.875281	0.107086	102	88	6	781.333
-0.261799	2.478122	2.609777	90	6	2	781.297
0.523599	2.863997	0.549740	100	103	91	781.194
-2.094395	1.766067	2.153843	93	9	94	781.110
1.832596	0.370812	-2.547742	10	94	107	781.100
-2.094395	2.089241	-0.114193	89	3	99	780.848
2.617994	2.073035	2.027405	95	0	93	780.813
2.617994	0.866395	-2.492918	94	96	11	780.778
0.000000	1.982574	-1.115518	97	12	100	780.684
-0.261799	1.846342	-1.796954	91	9	100	780.608
-1.047198	2.247462	0.191623	96	12	96	780.565
0.000000	1.391910	3.030322	87	102	94	780.387
1.308997	2.404280	-0.174044	99	88	6	780.376
2.356194	2.174483	2.653697	96	94	11	780.099
-2.094395	1.128190	-2.288622	86	4	99	780.057
-2.356194	1.417623	-0.202254	102	92	10	780.036
0.261799	1.545873	-1.877082	97	109	18	780.034
-3.141593	2.174483	2.653697	100	4	89	780.000
1.047198	1.904882	-1.478089	95	3	97	779.875
-1.570796	2.247462	0.191623	98	92	6	779.861
0.000000	2.138223	1.678323	100	0	92	779.839
2.356194	1.998705	2.370472	95	94	11	779.656
-3.141593	0.992645	-1.723759	93	105	94	779.352
-0.261799	0.379747	-1.713059	90	11	108	779.255
2.094395	1.045978	0.343692	95	2	10	779.227
-1.047198	2.637879	2.121598	87	9	104	779.145
-1.832596	2.115563	0.685730	88	91	1	779.014
0.000000	1.662363	0.915448	111	102	91	778.958
-1.047198	2.041297	-2.664597	97	110	89	778.935
-1.570796	2.396274	-1.959260	5	91	97	778.802
1.308997	2.704512	1.488683	90	6	95	778.607
-0.523599	2.881233	-2.582574	87	6	3	778.479
2.094395	1.440580	2.260026	83	2	98	778.471
1.570796	1.194549	-0.801900	99	111	91	778.425
2.094395	1.014500	0.906702	103	106	16	778.424
-1.047198	1.014500	0.906702	96	3	92	778.341
-0.523599	1.948085	-2.363031	99	105	90	778.226
-2.094395	0.929350	-2.910676	89	7	97	778.060
0.261799	1.870545	-2.976234	87	97	97	777.917
-0.785398	2.180315	-1.357379	93	2	96	777.839
-3.141593	1.741644	-2.695914	88	99	10	777.827
-0.785398	2.393226	1.857173	90	4	3	777.795
1.047198	1.824694	1.850876	111	90	10	777.671
-0.523599	1.014500	0.906702	96	110	90	777.621
-3.141593	1.555207	1.708892	95	92	8	777.491
-1.308997	2.299159	2.264663	101	95	12	777.427
-0.523599	1.756530	-2.105156	100	96	90	777.384
-2.094395	2.356369	3.005869	93	10	2	777.283
0.261799	0.899350	-2.069907	5	101	97	777.216
2.617994	1.982574	-1.115518	86	102	98	777.114
-0.523599	1.909857	-0.381669	99	88	8	777.003
-2.094395	1.135834	-1.431087	99	2	92	776.956
-0.261799	0.992645	-1.723759	95	103	9	776.758
1.308997	1.741644	-2.695914	98	109	90	776.704
0.785398	0.640596	-2.797608	99	91	7	776.535
0.000000	1.696674	-1.253233	95	9	97	776.499
-1.308997	1.184361	0.625864	92	101	12	776.498
0.261799	1.025536	1.576859	92	1	7	776.479
1.308997	2.396274	-1.959260	89	6	111	776.462
0.785398	2.343981	-1.040456	94	94	9	776.132
-1.832596	0.709924	0.218797	87	2	97	776.038
-2.879793	2.587733	0.232235	104	110	93	776.037
-1.832596	0.379747	-1.713059	92	88	9	775.943
0.785398	2.247462	0.191623	84	0	99	775.642
-2.094395	2.592629	0.909713	107	106	92	775.632
-1.308997	1.413430	2.550734	91	7	96	775.493
-0.261799	2.153910	-1.714959	98	9	100	775.488
-1.570796	2.404280	-0.174044	91	98	6	775.426
2.879793	0.709924	0.218797	105	97	19	775.074
1.047198	2.396274	-1.959260	98	7	94	775.028
2.094395	0.458961	-0.107937	97	5	91	774.991
1.308997	2.247462	0.191623	91	101	8	774.911
2.094395	0.709924	0.218797	9	96	95	774.863
-1.832596	0.850607	-1.335383	89	89	6	774.857
1.047198	1.050534	3.042579	100	105	93	774.759
-2.356194	0.685216	-1.712745	79	109	107	774.745
-1.308997	2.001437	0.381215	92	85	111	774.632
-0.261799	1.696674	-1.253233	92	106	93	774.421
-2.617994	1.134796	2.434290	95	97	8	774.291
-0.261799	0.733948	3.021411	85	5	108	774.266
0.000000	2.063651	-2.044600	86	7	104	774.257
2.356194	0.615174	-0.666022	96	7	17	774.065
1.832596	2.984978	1.954446	103	105	89	774.065
-1.047198	1.606104	-0.451151	95	87	8	773.903
-3.141593	2.984978	1.954446	93	93	10	773.796
-1.570796	0.619654	-2.216909	91	5	100	773.763
1.570796	2.984978	1.954446	5	85	104	773.596
-1.308997	2.396274	-1.959260	7	91	97	773.561
-3.141593	1.325504	-1.671296	86	7	101	773.263
-1.308997	1.982574	-1.115518	93	93	7	773.242
0.785398	0.297065	2.160177	97	93	12	773.167
0.000000	1.134497	-1.109631	102	97	90	773.152
1.570796	1.488617	1.159546	105	85	5	773.038
2.617994	1.391910	3.030322	92	106	13	772.917
-2.356194	1.050534	3.042579	96	91	7	772.868
-1.570796	0.297065	2.160177	96	101	11	772.861
2.879793	0.992645	-1.723759	92	13	104	772.739
-2.094395	0.709924	0.218797	90	4	96	772.718
2.879793	1.545873	-1.877082	90	8	96	772.671
1.308997	1.413430	2.550734	93	7	99	772.424
1.570796	0.619654	-2.216909	90	104	9	772.358
1.308997	2.478122	2.609777	93	106	89	772.261
2.617994	1.014500	0.906702	97	3	93	772.240
0.000000	2.404280	-0.174044	89	5	100	772.189
-0.523599	0.709924	0.218797	87	5	101	772.096
1.047198	1.875281	0.107086	91	103	93	772.073
2.879793	2.138223	1.678323	97	0	94	771.786
-2.617994	2.592629	0.909713	89	4	96	771.695
-1.570796	1.045978	0.343692	90	8	109	771.664
1.570796	1.242974	-2.977882	94	93	6	771.625
-1.570796	0.496451	0.593859	85	111	95	771.396
-2.617994	1.134497	-1.109631	15	103	14	771.384
0.785398	1.413347	-1.339188	16	96	103	771.354
-0.261799	2.164094	-2.991358	87	107	93	771.231
-0.261799	0.864993	2.278281	89	110	98	771.149
1.308997	0.571433	-1.188419	95	86	5	771.094
-0.785398	0.864993	2.278281	12	90	111	771.030
0.000000	1.948085	-2.363031	94	110	95	770.941
1.308997	1.335669	0.897240	102	88	9	770.921
-0.261799	1.134796	2.434290	81	102	109	770.780
-0.523599	0.591903	2.010408	12	90	109	770.646
-1.308997	1.256302	0.062705	93	94	12	770.643
0.261799	2.089241	-0.114193	88	3	98	770.349
-2.879793	0.080730	-2.622036	87	107	99	770.219
-1.570796	0.733948	3.021411	91	0	96	770.210
-0.523599	2.180315	-1.357379	90	1	96	770.208
-0.523599	1.134796	2.434290	93	2	97	770.132
-0.261799	1.504028	0.636812	108	93	19	770.105
-2.879793	2.349581	-2.702517	2	92	95	770.094
-1.047198	1.413347	-1.339188	100	7	93	770.092
1.308997	2.979456	-1.009304	95	98	12	770.088
-2.879793	1.809167	1.213774	96	111	92	770.027
2.094395	0.960688	-0.577532	93	3	93	770.022
1.308997	1.736875	3.023612	93	98	9	769.962
-1.047198	0.961715	0.014085	97	96	13	769.747
0.523599	2.063651	-2.044600	100	108	91	769.732
2.094395	0.370812	-2.547742	91	103	9	769.641
1.832596	1.256302	0.062705	88	6	98	769.526
-1.832596	1.218453	2.777284	84	0	95	769.435
-1.832596	2.664082	-1.071402	93	105	90	769.434
0.261799	2.863997	0.549740	101	102	91	769.378
2.356194	1.367556	0.358405	94	3	8	769.376
2.094395	1.367556	0.358405	89	94	1	769.300
-0.261799	0.419640	2.974122	92	95	9	769.036
0.000000	2.073035	2.027405	89	110	94	769.033
1.832596	2.664082	-1.071402	89	4	102	768.990
-2.356194	1.836682	-0.676006	96	92	7	768.957
-0.785398	1.904882	-1.478089	95	102	13	768.955
-0.785398	1.870545	-2.976234	89	110	95	768.840
2.879793	1.721184	-0.153948	88	0	2	768.727
-1.570796	1.242974	-2.977882	90	0	93	768.637
1.832596	0.458961	-0.107937	85	4	5	768.569
2.094395	1.741644	-2.695914	85	102	100	768.523
-1.308997	1.756530	-2.105156	99	97	14	768.519
1.047198	2.247462	0.191623	86	102	95	768.495
1.308997	1.184361	0.625864	103	95	15	768.488
1.570796	1.433411	-1.035986	99	110	92	768.425
-0.261799	2.396274	-1.959260	95	96	11	768.317
2.617994	2.979456	-1.009304	89	110	90	768.290
0.000000	0.419640	2.974122	95	90	9	768.285
2.617994	1.504028	0.636812	91	111	94	768.255
1.570796	0.831641	0.616218	100	95	14	768.034
2.879793	1.050534	3.042579	94	10	99	767.997
0.523599	2.760637	2.781135	96	1	89	767.941
2.356194	1.510910	-0.740472	87	108	95	767.939
-0.261799	2.760637	2.781135	92	6	2	767.625
-2.617994	1.367556	0.358405	101	5	92	767.515
-0.523599	1.417623	-0.202254	98	88	10	767.458
-1.570796	2.407836	1.410646	94	10	97	767.399
2.617994	2.455966	-0.641220	87	3	105	767.353
-0.261799	2.063651	-2.044600	90	6	100	767.056
0.785398	1.488617	1.159546	98	84	7	766.984
-2.094395	1.998705	2.370472	92	10	93	766.965
-1.308997	1.658653	-2.409879	92	103	90	766.927
1.570796	2.063651	-2.044600	82	111	105	766.866
1.832596	1.606104	-0.451151	90	4	99	766.833
-1.832596	2.760637	2.781135	96	98	12	766.828
-1.570796	2.187132	-0.479875	97	14	103	766.736
-1.570796	0.458961	-0.107937	91	8	97	766.357
2.356194	1.721184	-0.153948	97	12	4	766.349
2.879793	1.504028	0.636812	93	1	9	766.239
1.047198	2.455966	-0.641220	92	100	9	766.167
1.308997	1.134497	-1.109631	104	106	90	766.009
-0.261799	1.870545	-2.976234	103	87	6	765.994
-0.523599	2.984978	1.954446	93	4	6	765.928
-2.617994	0.960688	-0.577532	106	96	89	765.820
-1.308997	1.335669	0.897240	95	96	11	765.812
-1.832596	1.413430	2.550734	86	2	94	765.750
-0.785398	2.719179	-1.780644	88	88	6	765.629
1.570796	1.510910	-0.740472	98	1	92	765.453
2.094395	1.510910	-0.740472	88	110	95	765.424
0.523599	1.870545	-2.976234	92	6	101	765.380
0.261799	0.571433	-1.188419	93	3	91	765.205
0.261799	0.290380	-0.796960	85	4	104	765.085
-2.879793	0.866955	-0.931351	93	110	92	765.053
-0.785398	2.089241	-0.114193	93	91	6	765.045
2.879793	2.637879	2.121598	13	100	3	764.996
0.000000	1.846342	-1.796954	87	7	100	764.918
2.617994	1.869911	2.701025	97	90	10	764.896
-1.832596	1.256302	0.062705	94	4	95	764.888
-3.141593	1.195355	1.200319	99	4	88	764.798
-2.617994	1.413347	-1.339188	1	98	92	764.770
-1.570796	1.658653	-2.409879	93	106	90	764.750
-0.785398	2.407836	1.410646	13	103	98	764.741
2.617994	1.025536	1.576859	93	1	91	764.603
0.261799	2.404280	-0.174044	83	2	102	764.513
-0.785398	1.325504	-1.671296	96	8	94	764.386
1.308997	1.766067	2.153843	102	79	106	764.384
-1.308997	1.948085	-2.363031	98	107	90	764.230
2.356194	1.413430	2.550734	80	0	102	763.966
-2.356194	2.379497	0.561089	87	14	103	763.926
2.879793	1.242974	-2.977882	91	101	11	763.853
-2.879793	0.379747	-1.713059	93	99	9	763.829
-0.785398	1.721184	-0.153948	97	1	93	763.748
0.261799	2.247462	0.191623	90	7	98	763.676
1.047198	1.658653	-2.409879	103	0	90	763.662
2.094395	1.247695	1.809890	108	83	1	763.590
-1.570796	0.960688	-0.577532	97	10	100	763.583
-1.570796	1.417623	-0.202254	96	82	1	763.513
-2.617994	0.370812	-2.547742	95	0	94	763.483
1.308997	1.599406	1.426070	100	94	8	763.475
-0.261799	2.393226	1.857173	89	2	96	763.219
-0.785398	1.450119	-2.739050	90	2	99	763.180
1.570796	0.080730	-2.622036	90	8	101	763.125
1.047198	2.719179	-1.780644	98	1	89	762.970
-3.141593	1.184361	0.625864	96	102	12	762.955
-1.308997	1.555207	1.708892	94	3	94	762.954
-1.308997	0.418037	1.360082	87	110	98	762.934
-0.523599	1.242974	-2.977882	92	106	93	762.882
-0.523599	0.080730	-2.622036	97	93	12	762.882
-1.832596	0.685216	-1.712745	88	89	6	762.799
-3.141593	1.450119	-2.739050	87	96	8	762.526
1.570796	1.247695	1.809890	95	5	92	762.461
2.094395	1.450119	-2.739050	91	99	10	762.388
1.047198	1.045978	0.343692	100	100	16	762.357
1.047198	2.153910	-1.714959	91	2	98	762.018
2.356194	1.506530	1.988858	93	94	7	762.010
1.832596	1.374601	-2.456031	92	96	12	761.972
-1.308997	0.496451	0.593859	100	96	13	761.941
-1.308997	0.992645	-1.723759	89	0	96	761.890
0.785398	0.203748	0.590255	85	5	4	761.754
-3.141593	1.977582	0.969896	100	110	91	761.691
-3.141593	0.914445	2.687814	82	2	111	761.684
-0.261799	1.184361	0.625864	94	93	11	761.627
-0.785398	0.618092	2.539118	90	110	97	761.510
-0.523599	0.864993	2.278281	15	93	111	761.392
-0.523599	1.135834	-1.431087	98	10	95	761.353
-0.785398	1.741644	-2.695914	90	104	91	761.318
1.570796	1.846342	-1.796954	100	8	94	761.152
2.617994	2.089241	-0.114193	90	4	111	761.098
0.000000	1.875281	0.107086	82	110	95	760.997
1.308997	1.448123	-2.163292	93	109	94	760.901
-2.879793	1.904882	-1.478089	80	8	100	760.822
-2.094395	1.909857	-0.381669	99	92	9	760.821
-2.879793	1.374601	-2.456031	93	89	11	760.751
1.832596	0.640596	-2.797608	10	92	104	760.616
-0.785398	1.256302	0.062705	94	0	92	760.571
1.047198	1.413347	-1.339188	97	105	91	760.536
1.308997	0.615174	-0.666022	88	5	105	760.492
0.261799	1.617114	-1.572037	100	108	93	760.413
-2.617994	2.073035	2.027405	98	90	9	760.404
1.047198	1.335669	0.897240	102	88	10	760.371
0.261799	1.448123	-2.163292	90	2	10	760.305
2.094395	0.910508	1.903534	107	83	1	760.291
-2.617994	0.080730	-2.622036	88	2	100	760.175
1.308997	2.073035	2.027405	2	89	6	759.985
1.047198	1.247695	1.809890	99	4	92	759.958
-2.356194	2.115563	0.685730	105	111	91	759.887
1.570796	1.736875	3.023612	93	96	9	759.748
1.308997	1.909857	-0.381669	91	7	99	759.743
1.832596	1.113094	-0.272241	91	4	95	759.728
-2.617994	0.961715	0.014085	100	6	96	759.722
0.000000	2.180315	-1.357379	90	89	8	759.678
1.570796	2.033014	2.977192	100	109	88	759.628
-1.832596	1.736875	3.023612	95	92	7	759.624
-0.785398	1.977582	0.969896	96	102	14	759.611
0.000000	2.478122	2.609777	89	5	2	759.557
2.094395	2.180315	-1.357379	92	3	99	759.488
2.094395	1.025536	1.576859	106	83	3	759.473
2.094395	1.433411	-1.035986	86	3	106	759.388
-1.047198	1.875281	0.107086	93	10	95	759.305
2.094395	1.836682	-0.676006	95	10	106	759.256
1.308997	2.984978	1.954446	101	105	90	759.222
-1.832596	2.704512	1.488683	90	12	106	759.077
-2.617994	1.194549	-0.801900	110	96	90	759.010
-2.879793	1.606104	-0.451151	96	98	9	758.991
1.832596	0.674054	1.013609	100	91	12	758.878
1.308997	1.310100	1.488307	92	98	5	758.871
-1.308997	2.664082	-1.071402	94	104	91	758.799
-1.570796	1.113094	-0.272241	92	91	11	758.750
-1.047198	1.134497	-1.109631	96	92	9	758.695
1.308997	2.592629	0.909713	84	4	101	758.686
-0.261799	2.588535	-2.976617	93	4	93	758.581
-1.570796	1.325504	-1.671296	93	90	5	758.337
1.570796	1.599406	1.426070	93	7	96	758.331
1.570796	1.809167	1.213774	107	85	4	758.307
-1.570796	2.379497	0.561089	96	1	94	758.048
2.094395	1.194549	-0.801900	97	11	109	758.045
0.785398	2.001437	0.381215	83	102	94	758.018
-2.879793	1.875281	0.107086	85	111	2	757.825
-3.141593	1.599406	1.426070	96	86	6	757.816
0.785398	1.433411	-1.035986	16	97	106	757.794
1.832596	2.180315	-1.357379	97	8	96	757.701
-2.356194	0.640596	-2.797608	91	11	104	757.562
-2.879793	1.045978	0.343692	99	4	94	757.274
2.356194	1.875281	0.107086	94	3	96	757.244
2.094395	2.001437	0.381215	94	6	99	757.221
0.523599	2.174483	2.653697	96	100	12	757.158
2.879793	2.104282	-0.813972	96	88	6	757.094
-1.308997	1.014500	0.906702	98	3	91	757.078
2.356194	2.187132	-0.479875	90	8	107	757.069
1.047198	0.850607	-1.335383	94	88	6	757.038
-0.785398	1.662363	0.915448	95	89	8	756.908
2.094395	1.128190	-2.288622	102	11	97	756.890
-2.879793	2.704512	1.488683	93	4	12	756.877
-1.308997	1.448123	-2.163292	91	100	93	756.870
1.308997	1.606104	-0.451151	95	7	96	756.755
2.356194	0.618092	2.539118	83	4	101	756.751
0.523599	0.762244	-0.273349	90	6	108	756.719
2.879793	1.135813	-2.658866	87	95	7	756.704
0.523599	2.251330	-2.330739	96	109	92	756.689
-2.094395	1.184361	0.625864	111	83	0	756.627
-1.832596	2.407836	1.410646	93	12	97	756.601
2.356194	0.929350	-2.910676	96	110	95	756.511
1.308997	1.696674	-1.253233	89	106	93	756.055
0.000000	2.637879	2.121598	91	4	95	756.039
-2.094395	2.299159	2.264663	97	10	91	755.990
1.570796	1.909857	-0.381669	99	2	93	755.966
-2.356194	1.135813	-2.658866	91	5	94	755.939
0.261799	2.001437	0.381215	83	108	93	755.909
-3.141593	1.256302	0.062705	101	97	12	755.867
1.308997	1.662363	0.915448	105	86	6	755.733
2.879793	0.290380	-0.796960	96	94	12	755.648
-1.570796	0.080730	-2.622036	81	110	0	755.643
2.879793	1.448123	-2.163292	95	95	12	755.547
-3.141593	1.301460	-0.509251	95	98	10	755.525
-2.879793	2.396274	-1.959260	94	1	88	755.455
-0.785398	2.349581	-2.702517	96	2	91	755.311
1.308997	1.658653	-2.409879	102	2	91	755.267
2.356194	1.025536	1.576859	108	85	3	755.247
-0.523599	1.662363	0.915448	87	91	5	755.075
-2.094395	2.164094	-2.991358	89	1	88	755.029
-1.570796	1.367556	0.358405	91	100	12	754.854
0.785398	2.579248	-2.364801	93	6	93	754.809
-0.785398	2.455966	-0.641220	89	11	106	754.765
1.570796	1.836682	-0.676006	90	4	98	754.745
-0.785398	2.396274	-1.959260	92	88	9	754.616
1.832596	1.554776	0.100351	101	94	91	754.496
1.832596	1.736875	3.023612	95	93	9	754.417
-0.261799	1.909857	-0.381669	87	5	100	754.410
-1.308997	2.295480	1.008277	92	107	9	754.386
2.094395	1.301460	-0.509251	89	1	94	754.381
-3.141593	2.033014	2.977192	86	2	104	754.368
2.094395	1.374601	-2.456031	3	107	92	754.232
-0.523599	1.195355	1.200319	91	89	8	754.176
-2.617994	1.869911	2.701025	95	10	91	754.057
-0.785398	1.824694	1.850876	88	2	96	753.959
2.094395	0.700570	1.559208	96	6	92	753.916
-1.047198	1.824694	1.850876	91	5	96	753.909
1.308997	2.455966	-0.641220	92	98	9	753.753
-1.832596	1.741644	-2.695914	95	88	10	753.615
-1.047198	1.617114	-1.572037	95	104	11	753.561
-0.523599	2.356369	3.005869	99	96	12	753.516
1.570796	2.153910	-1.714959	100	6	92	753.442
0.523599	1.214854	-1.966664	8	88	98	753.265
1.047198	0.899350	-2.069907	92	104	11	753.231
-2.617994	0.379747	-1.713059	80	1	110	753.179
1.832596	1.574060	2.783565	91	110	96	753.036
0.785398	1.870545	-2.976234	93	6	101	752.948
2.617994	0.379747	-1.713059	94	14	111	752.909
-1.832596	0.571433	-1.188419	104	5	91	752.891
-2.094395	1.741644	-2.695914	94	90	10	752.884
2.617994	1.113094	-0.272241	87	5	5	752.695
2.879793	0.297065	2.160177	83	3	98	752.421
2.094395	1.214854	-1.966664	94	107	93	752.170
-2.356194	2.455966	-0.641220	96	1	93	752.144
1.832596	0.866955	-0.931351	86	3	105	752.086
0.785398	1.812176	0.656819	86	104	90	752.060
1.570796	0.379747	-1.713059	93	89	5	751.989
-2.094395	1.554776	0.100351	108	86	2	751.940
1.047198	2.704512	1.488683	86	1	97	751.900
0.523599	2.637879	2.121598	86	106	91	751.710
1.570796	1.450119	-2.739050	96	93	8	751.635
2.356194	1.218453	2.777284	92	89	5	751.628
-2.617994	2.115563	0.685730	105	110	91	751.613
0.000000	2.724429	-0.348782	84	5	105	751.569
-0.523599	1.506530	1.988858	86	111	5	751.503
-2.617994	1.218453	2.777284	89	4	95	751.491
0.523599	2.984978	1.954446	85	102	90	751.481
0.523599	1.242974	-2.977882	95	101	94	751.461
-1.570796	1.696674	-1.253233	108	99	92	751.455
2.879793	1.846342	-1.796954	89	5	94	751.437
1.570796	1.310100	1.488307	103	83	4	751.248
2.617994	0.290380	-0.796960	95	98	12	751.194
-0.261799	1.135834	-1.431087	90	3	93	751.130
2.356194	1.134497	-1.109631	95	110	92	751.014
-1.832596	1.214854	-1.966664	95	104	94	750.894
0.523599	1.683268	0.374177	96	109	91	750.884
-2.356194	0.850607	-1.335383	87	95	7	750.839
1.832596	1.413430	2.550734	89	5	99	750.830
-1.308997	0.674054	1.013609	90	3	97	750.657
0.261799	0.203748	0.590255	12	98	99	750.570
0.000000	1.977582	0.969896	95	91	6	750.569
-2.879793	1.014500	0.906702	89	0	94	750.475
2.617994	1.870545	-2.976234	89	6	107	750.411
-1.308997	0.960688	-0.577532	94	11	101	750.406
-0.785398	1.812176	0.656819	90	111	91	750.401
1.308997	2.379497	0.561089	86	104	94	750.379
-3.141593	1.504028	0.636812	90	107	7	750.356
-0.261799	1.391910	3.030322	86	103	94	750.315
1.570796	2.299159	2.264663	90	3	98	750.296
1.047198	0.709924	0.218797	98	102	16	750.155
0.000000	1.256302	0.062705	82	105	95	750.102
-0.523599	0.685216	-1.712745	93	11	0	750.081
0.785398	1.741644	-2.695914	91	5	99	750.012
1.047198	1.184361	0.625864	94	13	101	749.995
0.000000	2.187132	-0.479875	82	2	103	749.874
1.570796	0.640596	-2.797608	2	97	96	749.754
1.832596	2.164094	-2.991358	105	0	87	749.743
-0.261799	1.413347	-1.339188	99	92	7	749.613
-1.570796	1.301460	-0.509251	98	11	101	749.330
0.785398	1.135813	-2.658866	99	99	93	749.181
-0.523599	1.809167	1.213774	97	109	89	748.952
-1.832596	1.683268	0.374177	91	88	4	748.885
1.570796	2.295480	1.008277	88	108	91	748.796
-0.261799	0.615174	-0.666022	80	110	103	748.752
-0.785398	2.704512	1.488683	17	103	103	748.684
0.523599	2.138223	1.678323	108	90	7	748.676
0.523599	2.979456	-1.009304	92	97	11	748.675
1.832596	2.356369	3.005869	96	96	12	748.641
-2.356194	0.418037	1.360082	84	109	95	748.465
-3.141593	2.588535	-2.976617	87	4	102	748.036
-0.523599	2.063651	-2.044600	93	11	104	748.010
0.261799	1.846342	-1.796954	96	91	12	748.001
0.000000	2.379497	0.561089	88	110	94	747.956
1.308997	1.683268	0.374177	94	103	91	747.936
0.261799	1.982574	-1.115518	93	10	100	747.630
0.261799	2.588535	-2.976617	11	100	15	747.557
1.047198	1.836682	-0.676006	93	7	98	747.489
-0.261799	2.664082	-1.071402	85	91	4	747.482
2.879793	2.073035	2.027405	94	0	94	747.385
0.000000	2.588535	-2.976617	97	94	11	747.375
0.000000	0.080730	-2.622036	98	86	9	747.348
-1.308997	1.134497	-1.109631	100	4	91	747.271
-2.094395	1.256302	0.062705	96	4	94	747.236
0.523599	1.982574	-1.115518	96	7	97	747.150
1.832596	0.929350	-2.910676	97	110	94	746.911
1.570796	0.910508	1.903534	98	7	93	746.784
-0.523599	1.214854	-1.966664	97	98	11	746.774
-3.141593	2.760637	2.781135	87	0	99	746.762
-2.617994	0.866395	-2.492918	96	88	8	746.688
2.094395	0.906588	1.252948	3	93	17	746.639
2.094395	2.579248	-2.364801	99	4	88	746.592
-0.261799	1.574060	2.783565	92	6	8	746.477
-1.570796	0.674054	1.013609	96	110	90	746.386
-0.785398	1.194549	-0.801900	101	85	9	746.367
0.523599	0.685216	-1.712745	87	9	111	746.312
1.308997	1.242974	-2.977882	98	108	93	746.260
-2.094395	1.872854	1.543456	104	88	8	746.216
-3.141593	1.218453	2.777284	80	105	103	746.176
1.832596	1.569311	-3.003978	98	7	97	745.940
-0.785398	2.592629	0.909713	97	103	92	745.937
2.094395	2.349581	-2.702517	101	3	87	745.878
-1.308997	1.606104	-0.451151	96	11	101	745.740
1.047198	0.203748	0.590255	84	3	4	745.487
1.308997	0.914445	2.687814	100	100	93	745.447
0.785398	2.592629	0.909713	90	3	93	745.396
-2.617994	0.929350	-2.910676	94	90	7	745.371
-2.617994	2.579248	-2.364801	100	99	12	745.356
0.785398	2.138223	1.678323	111	89	8	745.197
-0.785398	1.014500	0.906702	94	111	90	745.167
-0.261799	1.809167	1.213774	87	90	4	745.150
-2.094395	2.396274	-1.959260	95	111	89	745.103
-2.879793	2.089241	-0.114193	88	15	108	745.022
-0.523599	1.510910	-0.740472	83	7	106	745.005
0.000000	1.683268	0.374177	96	86	9	744.991
-0.523599	1.606104	-0.451151	83	5	103	744.874
-1.570796	2.295480	1.008277	105	111	92	744.820
0.785398	2.719179	-1.780644	89	8	111	744.657
1.308997	1.824694	1.850876	103	79	109	744.617
2.356194	2.637879	2.121598	10	95	3	744.584
2.617994	1.335669	0.897240	94	111	92	744.548
-1.047198	1.869911	2.701025	91	7	104	744.542
-2.617994	2.153910	-1.714959	90	3	91	744.517
1.308997	2.033014	2.977192	100	109	88	744.442
-3.141593	1.545873	-1.877082	83	2	97	744.427
-0.523599	1.869911	2.701025	88	3	105	744.336
2.094395	1.504028	0.636812	95	0	93	744.330
-0.785398	2.001437	0.381215	93	92	9	744.183
-0.785398	1.045978	0.343692	95	98	14	744.139
1.308997	1.569311	-3.003978	92	3	99	744.030
-3.141593	1.433411	-1.035986	84	106	104	744.014
1.570796	1.756530	-2.105156	101	5	92	743.779
-1.047198	2.455966	-0.641220	93	102	92	743.316
-1.047198	0.899350	-2.069907	92	8	97	743.129
1.832596	2.247462	0.191623	92	5	98	743.018
-1.047198	1.904882	-1.478089	95	103	13	742.987
0.000000	2.089241	-0.114193	91	4	98	742.987
2.356194	1.301460	-0.509251	90	3	98	742.971
-2.879793	0.914445	2.687814	82	111	111	742.783
-2.094395	1.194549	-0.801900	92	97	11	742.695
-0.261799	1.128190	-2.288622	100	96	11	742.644
0.000000	1.134796	2.434290	83	99	109	742.548
-2.356194	1.135834	-1.431087	13	103	17	742.377
-1.832596	1.050534	3.042579	91	8	97	742.365
-2.094395	1.606104	-0.451151	87	3	12	742.359
0.000000	0.866955	-0.931351	95	7	92	742.228
-0.523599	2.001437	0.381215	97	89	9	742.169
2.356194	0.458961	-0.107937	12	95	98	742.060
-1.570796	2.587733	0.232235	95	106	93	741.885
-0.261799	1.335669	0.897240	91	91	9	741.885
-0.523599	1.658653	-2.409879	96	103	91	741.831
-0.523599	2.115563	0.685730	85	89	3	741.763
-2.356194	2.299159	2.264663	98	92	10	741.637
-2.356194	1.982574	-1.115518	90	7	101	741.615
-2.356194	1.766067	2.153843	95	14	97	741.579
0.261799	1.574060	2.783565	94	3	97	741.543
1.047198	1.242974	-2.977882	95	93	6	741.459
-2.356194	2.247462	0.191623	83	11	106	741.427
-2.356194	1.488617	1.159546	101	89	6	741.366
0.000000	0.914445	2.687814	91	9	3	741.334
2.356194	1.256302	0.062705	92	5	7	741.201
-2.356194	1.721184	-0.153948	88	111	97	741.187
-2.356194	0.961715	0.014085	98	7	96	741.154
0.785398	2.396274	-1.959260	90	3	100	741.109
-0.523599	2.404280	-0.174044	93	10	100	741.088
2.356194	1.214854	-1.966664	94	104	92	740.997
0.000000	1.756530	-2.105156	85	110	98	740.861
1.047198	0.379747	-1.713059	92	101	7	740.854
1.047198	2.863997	0.549740	84	4	106	740.713
-1.308997	1.662363	0.915448	93	95	9	740.626
-2.356194	1.504028	0.636812	97	2	90	740.585
1.308997	0.831641	0.616218	100	96	14	740.564
0.523599	1.617114	-1.572037	94	105	16	740.531
-0.261799	1.256302	0.062705	98	93	12	740.427
-0.261799	2.343981	-1.040456	85	93	5	740.423
-0.523599	2.251330	-2.330739	91	11	107	740.318
-2.356194	1.367556	0.358405	99	6	92	740.140
1.570796	1.683268	0.374177	95	101	91	740.118
-0.261799	1.325504	-1.671296	96	100	11	740.021
1.308997	2.108018	1.311430	97	6	92	739.825
0.261799	1.135813	-2.658866	106	110	93	739.655
2.617994	1.242974	-2.977882	94	94	7	739.497
-0.785398	2.295480	1.008277	98	1	92	739.343
1.047198	2.579248	-2.364801	9	101	17	739.147
1.570796	2.664082	-1.071402	96	93	10	739.119
-1.047198	2.396274	-1.959260	92	90	10	739.029
2.356194	1.448123	-2.163292	93	96	12	738.958
-2.879793	1.134497	-1.109631	79	1	110	738.677
0.523599	1.836682	-0.676006	16	92	106	738.650
-2.617994	0.418037	1.360082	85	1	95	738.646
-0.523599	0.290380	-0.796960	94	13	103	738.566
-3.141593	1.242974	-2.977882	93	97	10	738.495
1.832596	1.218453	2.777284	95	93	8	738.441
-0.523599	2.089241	-0.114193	97	89	7	738.433
2.617994	0.297065	2.160177	86	6	98	738.388
-1.308997	1.904882	-1.478089	94	107	12	738.073
1.570796	1.440580	2.260026	106	81	107	737.973
1.570796	0.418037	1.360082	96	101	15	737.953
-0.785398	1.809167	1.213774	97	108	89	737.866
-2.094395	2.343981	-1.040456	88	109	92	737.849
0.523599	1.599406	1.426070	95	85	4	737.846
-2.356194	2.001437	0.381215	86	13	110	737.772
-1.308997	1.367556	0.358405	91	96	11	737.713
2.879793	0.850607	-1.335383	90	11	109	737.705
1.570796	0.762244	-0.273349	92	8	108	737.670
2.617994	1.050534	3.042579	91	105	11	737.610
-1.832596	2.180315	-1.357379	92	101	10	737.604
-1.570796	1.683268	0.374177	96	7	92	737.436
-2.879793	0.619654	-2.216909	93	11	104	737.406
0.261799	2.579248	-2.364801	90	9	110	737.388
2.094395	1.846342	-1.796954	94	8	95	737.204
-1.308997	0.733948	3.021411	97	0	93	737.057
1.047198	1.982574	-1.115518	95	5	98	737.005
-2.356194	0.866955	-0.931351	90	95	9	736.967
2.356194	2.863997	0.549740	86	4	7	736.937
2.356194	2.760637	2.781135	94	8	100	736.907
2.094395	2.984978	1.954446	87	9	109	736.906
-1.832596	2.174483	2.653697	92	6	89	736.859
-1.570796	0.618092	2.539118	100	3	96	736.806
-1.308997	2.089241	-0.114193	94	12	99	736.792
-0.523599	2.478122	2.609777	93	7	2	736.593
2.356194	0.762244	-0.273349	91	4	95	736.582
-1.570796	2.073035	2.027405	99	91	9	736.482
-2.356194	2.719179	-1.780644	95	110	91	736.430
-2.094395	2.393226	1.857173	99	95	11	736.419
0.785398	1.506530	1.988858	99	7	94	736.337
-3.141593	1.617114	-1.572037	84	5	100	736.299
2.879793	1.617114	-1.572037	87	7	100	736.224
1.832596	2.396274	-1.959260	95	111	89	736.149
1.308997	2.637879	2.121598	90	6	99	735.899
-2.356194	1.699788	2.452890	97	93	9	735.871
-2.879793	1.846342	-1.796954	91	8	94	735.778
0.000000	0.864993	2.278281	83	100	1	735.757
1.570796	1.545873	-1.877082	93	109	94	735.734
-2.879793	2.379497	0.561089	90	7	98	735.668
-2.356194	1.977582	0.969896	98	107	90	735.487
-0.785398	0.762244	-0.273349	84	3	99	735.462
-1.570796	1.875281	0.107086	102	11	94	735.416
1.832596	0.762244	-0.273349	92	7	111	735.385
0.523599	1.545873	-1.877082	7	90	95	735.361
-0.785398	1.683268	0.374177	86	0	93	735.262
0.261799	1.872854	1.543456	88	99	5	735.260
-3.141593	1.998705	2.370472	93	6	101	735.145
-1.570796	0.379747	-1.713059	88	88	8	735.101
2.094395	0.762244	-0.273349	94	1	90	735.057
-1.308997	2.592629	0.909713	15	104	101	735.034
-1.570796	1.168678	2.108595	91	111	94	734.967
2.094395	2.343981	-1.040456	91	4	101	734.932
-1.047198	1.809167	1.213774	96	108	15	734.829
-1.047198	0.850607	-1.335383	87	110	94	734.780
-2.356194	2.349581	-2.702517	4	94	95	734.555
1.570796	1.134796	2.434290	93	7	97	734.531
-2.356194	0.496451	0.593859	87	3	96	734.491
-1.570796	1.982574	-1.115518	95	0	93	734.470
-1.570796	0.709924	0.218797	89	4	94	734.461
-0.785398	2.379497	0.561089	91	94	4	734.320
-2.617994	2.393226	1.857173	96	92	9	734.313
-3.141593	2.187132	-0.479875	83	0	108	734.258
-1.832596	2.295480	1.008277	85	7	2	734.251
-0.261799	2.979456	-1.009304	96	100	12	734.187
-2.094395	1.113094	-0.272241	98	7	97	734.182
1.832596	1.872854	1.543456	88	7	99	734.143
1.832596	1.335669	0.897240	104	88	8	734.070
2.356194	0.674054	1.013609	0	93	18	734.056
1.308997	0.709924	0.218797	89	3	9	734.037
2.879793	2.760637	2.781135	86	1	99	733.889
-0.523599	2.456751	-1.503343	90	3	98	733.866
-1.832596	1.510910	-0.740472	7	100	94	733.836
2.879793	2.592629	0.909713	91	4	9	733.835
1.570796	2.247462	0.191623	97	7	97	733.817
1.047198	2.073035	2.027405	111	88	7	733.810
-2.879793	0.496451	0.593859	96	11	98	733.795
2.356194	0.992645	-1.723759	96	13	103	733.760
-0.261799	1.732874	-0.951685	101	10	97	733.735
-0.261799	1.824694	1.850876	85	106	2	733.692
1.047198	1.134497	-1.109631	102	105	89	733.557
2.094395	2.187132	-0.479875	93	9	107	733.528
0.000000	0.960688	-0.577532	96	8	93	733.486
-2.094395	2.719179	-1.780644	99	108	89	733.457
0.523599	1.310100	1.488307	93	109	9	733.294
1.832596	2.404280	-0.174044	93	3	95	733.260
1.832596	1.184361	0.625864	103	92	11	733.136
-0.785398	0.571433	-1.188419	90	11	108	733.074
2.617994	2.587733	0.232235	90	6	1	733.030
-0.523599	1.721184	-0.153948	94	1	93	732.972
0.261799	1.554776	0.100351	83	104	95	732.968
0.000000	1.194549	-0.801900	100	4	92	732.965
0.000000	0.370812	-2.547742	99	84	7	732.899
0.000000	0.615174	-0.666022	95	4	91	732.852
2.879793	0.866955	-0.931351	98	109	91	732.806
-0.261799	1.448123	-2.163292	85	111	98	732.666
2.094395	1.555207	1.708892	106	83	2	732.662
2.356194	1.504028	0.636812	93	111	93	732.637
-0.785398	1.875281	0.107086	89	9	95	732.294
0.523599	2.001437	0.381215	95	0	92	732.234
2.617994	1.218453	2.777284	5	101	94	732.113
-0.523599	2.299159	2.264663	91	8	0	731.977
2.617994	1.741644	-2.695914	89	104	10	731.935
0.000000	0.992645	-1.723759	7	84	104	731.921
2.879793	1.869911	2.701025	102	7	92	731.908
-2.094395	2.724429	-0.348782	96	108	91	731.822
-0.523599	0.618092	2.539118	90	108	97	731.811
-0.785398	0.419640	2.974122	87	91	7	731.789
-2.879793	2.153910	-1.714959	98	102	12	731.746
0.261799	0.379747	-1.713059	97	99	10	731.744
0.523599	2.396274	-1.959260	95	100	12	731.708
0.785398	1.617114	-1.572037	95	103	16	731.617
-0.785398	2.343981	-1.040456	96	2	95	731.585
-0.523599	1.545873	-1.877082	91	9	99	731.559
-0.785398	2.863997	0.549740	89	93	0	731.516
-1.832596	0.899350	-2.069907	99	7	98	731.412
-2.094395	1.699788	2.452890	92	4	92	731.393
-1.047198	2.251330	-2.330739	102	108	89	731.338
1.308997	2.393226	1.857173	89	2	96	731.313
-2.094395	1.045978	0.343692	91	2	94	731.250
0.000000	0.850607	-1.335383	93	6	93	731.218
1.308997	2.579248	-2.364801	90	6	0	731.208
2.879793	1.998705	2.370472	89	3	98	731.071
-2.879793	0.419640	2.974122	92	92	5	730.976
2.617994	0.864993	2.278281	82	2	98	730.904
2.879793	1.824694	1.850876	93	5	97	730.856
2.356194	1.391910	3.030322	13	103	96	730.818
1.832596	1.450119	-2.739050	94	93	8	730.801
1.832596	0.571433	-1.188419	1	100	91	730.800
-2.356194	0.571433	-1.188419	16	99	108	730.699
-1.570796	1.218453	2.777284	94	6	95	730.631
-2.879793	2.356369	3.005869	9	95	97	730.596
0.000000	1.545873	-1.877082	85	107	97	730.579
-3.141593	1.836682	-0.676006	92	100	6	730.533
-0.785398	1.310100	1.488307	87	91	6	730.520
-2.879793	2.478122	2.609777	100	1	88	730.405
-1.570796	2.041297	-2.664597	92	10	111	730.363
-1.308997	1.450119	-2.739050	89	108	91	730.361
-2.617994	1.555207	1.708892	96	89	7	730.327
-2.617994	1.374601	-2.456031	95	90	11	730.318
2.617994	2.104282	-0.813972	86	3	105	730.310
0.261799	2.356369	3.005869	100	97	13	730.239
-2.617994	1.658653	-2.409879	108	99	94	730.187
2.356194	1.128190	-2.288622	90	107	95	730.162
0.523599	2.704512	1.488683	109	88	7	730.073
-1.832596	1.440580	2.260026	88	4	96	730.027
-0.523599	1.310100	1.488307	101	95	15	729.925
-1.832596	0.960688	-0.577532	100	10	100	729.863
-1.047198	1.982574	-1.115518	93	109	93	729.818
-1.308997	1.846342	-1.796954	98	104	16	729.776
-2.356194	1.256302	0.062705	108	85	0	729.749
-1.047198	2.979456	-1.009304	7	86	103	729.748
0.000000	2.719179	-1.780644	94	102	12	729.661
1.832596	2.073035	2.027405	108	82	105	729.639
-2.617994	2.299159	2.264663	99	94	12	729.527
-2.879793	1.448123	-2.163292	97	91	12	729.478
-1.832596	2.104282	-0.813972	91	94	5	729.375
1.832596	0.419640	2.974122	83	6	103	729.367
-2.094395	1.875281	0.107086	107	87	5	729.319
-1.570796	1.812176	0.656819	87	104	10	729.288
0.000000	1.214854	-1.966664	89	5	7	729.248
2.094395	2.295480	1.008277	84	102	92	729.234
1.570796	1.870545	-2.976234	83	106	102	729.216
1.570796	1.721184	-0.153948	91	7	100	729.108
-2.094395	0.762244	-0.273349	99	9	98	729.040
-1.832596	1.721184	-0.153948	90	101	11	728.963
1.570796	2.356369	3.005869	95	110	88	728.831
-0.785398	1.128190	-2.288622	89	110	97	728.791
2.617994	1.440580	2.260026	91	92	6	728.778
-1.047198	1.948085	-2.363031	98	106	90	728.775
0.000000	2.343981	-1.040456	91	2	96	728.454
0.261799	1.683268	0.374177	85	106	92	728.428
0.523599	0.866955	-0.931351	89	0	91	728.380
0.523599	1.195355	1.200319	9	97	96	728.245
0.261799	0.910508	1.903534	83	107	102	728.214
-3.141593	1.113094	-0.272241	86	98	93	727.970
-1.047198	0.496451	0.593859	88	5	99	727.892
-0.523599	0.906588	1.252948	97	10	106	727.869
-0.785398	2.664082	-1.071402	9	87	103	727.845
-2.617994	2.187132	-0.479875	94	104	9	727.820
2.617994	2.724429	-0.348782	95	14	107	727.737
-2.617994	2.164094	-2.991358	91	3	88	727.677
-1.047198	2.456751	-1.503343	7	88	99	727.635
-2.879793	1.617114	-1.572037	79	111	100	727.596
2.879793	1.450119	-2.739050	84	1	0	727.501
-1.832596	1.658653	-2.409879	100	98	15	727.433
1.832596	1.756530	-2.105156	83	108	101	727.363
-2.879793	2.174483	2.653697	98	6	89	727.345
-1.308997	1.391910	3.030322	91	2	93	727.292
-2.617994	2.404280	-0.174044	94	103	9	727.246
2.879793	0.496451	0.593859	109	93	19	727.172
-1.832596	0.619654	-2.216909	79	108	105	727.076
0.523599	1.256302	0.062705	99	92	12	726.900
0.785398	2.115563	0.685730	100	92	7	726.884
-0.785398	2.637879	2.121598	89	5	0	726.836
-2.094395	2.455966	-0.641220	93	108	92	726.620
2.617994	2.349581	-2.702517	93	2	88	726.578
-2.356194	1.045978	0.343692	92	2	94	726.547
1.308997	2.138223	1.678323	4	90	7	726.453
-2.879793	2.063651	-2.044600	94	6	91	726.434
-3.141593	2.379497	0.561089	96	11	97	726.427
-1.570796	2.984978	1.954446	90	9	99	726.403
0.523599	0.899350	-2.069907	8	86	102	726.389
2.094395	1.824694	1.850876	86	8	102	726.368
-3.141593	0.591903	2.010408	94	2	94	726.362
0.000000	1.184361	0.625864	93	111	91	726.274
-1.570796	1.554776	0.100351	102	111	91	726.260
-1.570796	2.478122	2.609777	93	9	96	726.167
-2.356194	1.113094	-0.272241	100	7	97	726.113
2.879793	0.961715	0.014085	81	106	99	726.092
1.832596	0.615174	-0.666022	90	10	3	726.057
-0.785398	2.115563	0.685730	93	1	92	726.045
1.047198	1.433411	-1.035986	17	102	12	725.936
0.261799	0.709924	0.218797	90	6	107	725.817
2.356194	1.870545	-2.976234	101	6	90	725.790
2.094395	2.356369	3.005869	95	96	12	725.708
-1.570796	0.961715	0.014085	91	7	1	725.684
-1.570796	1.050534	3.042579	88	2	95	725.606
2.356194	2.407836	1.410646	82	103	94	725.579
-0.261799	0.418037	1.360082	90	97	10	725.571
-2.094395	1.214854	-1.966664	80	109	99	725.534
1.832596	0.864993	2.278281	92	6	97	725.502
2.617994	2.592629	0.909713	92	6	9	725.396
2.879793	2.349581	-2.702517	92	1	88	725.298
-3.141593	1.050534	3.042579	80	103	106	725.268
2.356194	2.579248	-2.364801	96	3	88	725.040
1.047198	1.555207	1.708892	95	10	97	724.913
-0.261799	2.251330	-2.330739	87	8	108	724.852
-0.523599	2.592629	0.909713	90	95	2	724.784
-0.785398	0.685216	-1.712745	99	14	3	724.783
-0.261799	0.899350	-2.069907	1	80	101	724.756
1.832596	1.242974	-2.977882	92	95	7	724.719
-0.785398	0.992645	-1.723759	88	1	96	724.650
-2.356194	2.637879	2.121598	102	8	90	724.546
2.094395	0.992645	-1.723759	92	0	95	724.514
-0.785398	2.041297	-2.664597	92	111	91	724.420
2.879793	1.836682	-0.676006	83	0	108	724.366
-1.308997	0.080730	-2.622036	81	105	1	724.292
-2.879793	0.733948	3.021411	93	108	94	724.251
0.785398	2.164094	-2.991358	99	95	11	724.226
-2.617994	1.045978	0.343692	89	6	11	724.144
0.261799	2.295480	1.008277	93	92	5	724.135
-0.261799	1.545873	-1.877082	86	107	97	724.020
-0.523599	1.904882	-1.478089	98	10	98	723.993
1.047198	1.545873	-1.877082	93	101	94	723.927
-1.570796	1.256302	0.062705	91	7	110	723.861
-2.356194	2.984978	1.954446	100	11	95	723.677
2.356194	2.984978	1.954446	85	5	109	723.673
-0.523599	2.396274	-1.959260	86	2	100	723.638
2.356194	1.184361	0.625864	94	2	93	723.631
-0.523599	1.335669	0.897240	94	86	9	723.613
0.261799	2.187132	-0.479875	79	109	103	723.557
0.261799	0.850607	-1.335383	87	8	0	723.525
-2.617994	0.203748	0.590255	91	9	98	723.507
-1.308997	2.063651	-2.044600	97	101	15	723.393
-0.785398	0.914445	2.687814	94	1	95	723.346
2.356194	0.961715	0.014085	85	107	93	723.219
-2.356194	1.812176	0.656819	100	111	90	723.166
2.879793	0.615174	-0.666022	97	1	90	723.072
0.785398	0.910508	1.903534	96	6	11	723.029
-2.879793	1.836682	-0.676006	93	98	6	722.630
1.308997	0.080730	-2.622036	7	96	99	722.496
-0.785398	2.979456	-1.009304	9	88	103	722.486
-2.356194	0.615174	-0.666022	103	1	89	722.429
1.832596	0.914445	2.687814	92	12	100	722.375
-0.523599	2.704512	1.488683	93	4	9	722.343
-1.570796	1.214854	-1.966664	93	89	4	722.199
-2.879793	1.325504	-1.671296	87	10	100	722.197
-1.570796	1.506530	1.988858	100	92	7	722.175
-2.356194	2.343981	-1.040456	92	5	97	722.156
1.308997	1.045978	0.343692	101	98	16	722.139
0.523599	1.555207	1.708892	102	8	95	722.132
0.785398	2.588535	-2.976617	86	3	0	722.058
-2.617994	1.872854	1.543456	94	90	7	722.054
0.785398	2.349581	-2.702517	92	2	91	722.046
1.308997	2.251330	-2.330739	94	3	91	721.999
0.000000	1.574060	2.783565	92	94	7	721.977
-1.308997	2.247462	0.191623	99	12	96	721.926
-2.356194	0.203748	0.590255	91	9	97	721.869
-0.523599	1.025536	1.576859	103	102	89	721.808
-1.308997	1.732874	-0.951685	94	108	93	721.692
0.785398	1.504028	0.636812	107	94	90	721.683
-2.879793	2.033014	2.977192	96	6	89	721.679
1.308997	1.977582	0.969896	92	7	98	721.664
1.047198	1.977582	0.969896	98	2	90	721.568
0.000000	2.592629	0.909713	92	111	95	721.393
-2.094395	2.174483	2.653697	94	7	89	721.274
2.617994	2.588535	-2.976617	92	108	88	721.070
-1.832596	1.391910	3.030322	94	8	94	720.948
-0.261799	1.417623	-0.202254	102	87	10	720.672
-0.261799	1.310100	1.488307	104	108	88	720.661
-3.141593	2.153910	-1.714959	99	101	12	720.650
-2.356194	0.709924	0.218797	91	3	11	720.538
-3.141593	2.247462	0.191623	100	11	11	720.460
1.832596	1.194549	-0.801900	96	109	90	720.440
-2.356194	1.325504	-1.671296	79	111	100	720.300
-0.261799	1.766067	2.153843	88	109	94	720.129
1.570796	2.979456	-1.009304	95	7	93	720.069
2.617994	0.203748	0.590255	95	90	11	720.063
-1.308997	0.419640	2.974122	91	100	10	720.005
2.356194	0.914445	2.687814	88	6	100	719.983
0.523599	0.929350	-2.910676	105	107	93	719.967
1.308997	1.872854	1.543456	104	81	1	719.934
-1.308997	2.180315	-1.357379	98	2	94	719.805
-0.785398	1.756530	-2.105156	95	12	102	719.628
-1.308997	0.831641	0.616218	96	6	93	719.589
-3.141593	0.379747	-1.713059	95	98	10	719.559
-0.785398	1.025536	1.576859	88	93	8	719.359
-1.832596	0.992645	-1.723759	98	6	94	719.345
2.617994	1.812176	0.656819	88	108	95	719.339
-1.570796	0.290380	-0.796960	96	13	104	719.293
-2.879793	0.960688	-0.577532	90	107	93	719.216
1.047198	1.135813	-2.658866	99	100	93	719.207
0.261799	1.662363	0.915448	94	6	94	719.105
-1.047198	1.846342	-1.796954	96	102	14	718.953
1.832596	1.045978	0.343692	87	7	100	718.947
2.356194	2.478122	2.609777	94	6	99	718.889
0.523599	0.709924	0.218797	10	100	98	718.887
1.047198	0.496451	0.593859	86	2	6	718.752
1.308997	1.504028	0.636812	109	92	90	718.576
-0.523599	1.736875	3.023612	89	3	102	718.550
-2.879793	2.115563	0.685730	105	109	91	718.546
-1.832596	1.134497	-1.109631	95	2	92	718.534
-2.879793	1.510910	-0.740472	79	104	109	718.493
1.047198	2.295480	1.008277	92	4	91	718.442
2.356194	2.343981	-1.040456	88	2	102	718.419
1.832596	1.214854	-1.966664	94	110	94	718.379
2.356194	1.909857	-0.381669	85	104	95	718.372
-1.047198	2.393226	1.857173	93	5	8	718.264
1.308997	1.617114	-1.572037	94	1	95	718.258
-2.356194	1.214854	-1.966664	80	1	99	718.127
0.000000	1.736875	3.023612	88	105	92	718.001
-2.356194	1.184361	0.625864	109	83	0	717.957
2.617994	0.906588	1.252948	97	0	90	717.920
2.879793	2.108018	1.311430	88	99	91	717.852
-1.308997	2.174483	2.653697	88	2	89	717.786
-1.570796	1.450119	-2.739050	93	109	91	717.753
-0.523599	1.569311	-3.003978	5	97	96	717.712
2.094395	1.391910	3.030322	95	89	7	717.542
2.617994	0.899350	-2.069907	91	8	99	717.493
-0.523599	2.664082	-1.071402	84	94	4	717.371
-2.094395	2.664082	-1.071402	92	108	90	717.175
-1.570796	1.606104	-0.451151	92	94	11	717.049
2.356194	2.295480	1.008277	89	99	91	716.870
-2.617994	1.977582	0.969896	104	108	89	716.832
-1.308997	0.866395	-2.492918	90	95	5	716.795
0.261799	1.045978	0.343692	91	7	110	716.638
0.000000	2.104282	-0.813972	84	95	3	716.545
-2.617994	1.168678	2.108595	102	88	7	716.541
-0.785398	0.458961	-0.107937	82	111	99	716.511
-2.094395	1.134497	-1.109631	98	1	91	716.464
-0.785398	2.299159	2.264663	16	95	4	716.399
1.832596	0.960688	-0.577532	101	97	12	716.392
2.617994	1.846342	-1.796954	84	4	97	716.318
2.094395	0.866955	-0.931351	93	6	102	716.293
-1.308997	1.510910	-0.740472	96	12	104	716.166
-2.617994	1.741644	-2.695914	90	93	10	716.138
-0.261799	1.301460	-0.509251	80	1	103	716.051
-3.141593	0.960688	-0.577532	90	109	93	716.004
0.785398	1.545873	-1.877082	103	105	93	715.879
1.047198	0.591903	2.010408	103	89	12	715.832
0.261799	2.343981	-1.040456	90	1	96	715.778
-1.047198	0.960688	-0.577532	90	10	101	715.664
-2.356194	1.870545	-2.976234	88	5	90	715.517
-0.785398	2.478122	2.609777	102	92	11	715.399
-2.094395	0.961715	0.014085	98	7	95	715.389
2.617994	0.370812	-2.547742	90	89	4	715.348
-2.879793	2.579248	-2.364801	100	100	12	715.192
1.308997	0.290380	-0.796960	88	3	103	715.031
-2.356194	1.134796	2.434290	96	95	8	715.011
-2.094395	2.251330	-2.330739	86	106	89	714.996
2.879793	1.904882	-1.478089	87	7	97	714.887
2.879793	1.413430	2.550734	96	93	8	714.686
-0.261799	0.910508	1.903534	88	0	99	714.661
-0.523599	1.870545	-2.976234	87	108	93	714.626
-0.785398	0.831641	0.616218	91	0	92	714.585
2.617994	1.554776	0.100351	6	100	93	714.543
-1.047198	2.349581	-2.702517	101	1	90	714.464
0.000000	1.367556	0.358405	3	94	20	714.395
2.356194	1.242974	-2.977882	96	9	99	714.315
2.879793	2.579248	-2.364801	87	0	90	714.290
1.570796	0.685216	-1.712745	91	98	9	714.264
-2.879793	1.741644	-2.695914	100	87	8	714.005
-2.879793	0.992645	-1.723759	86	3	99	713.928
0.785398	2.089241	-0.114193	82	105	98	713.889
2.356194	1.812176	0.656819	92	7	103	713.784
2.356194	2.089241	-0.114193	91	6	111	713.773
-1.047198	0.906588	1.252948	96	107	91	713.579
0.523599	1.736875	3.023612	95	100	10	713.557
2.879793	1.599406	1.426070	95	91	6	713.544
1.047198	1.909857	-0.381669	94	12	103	713.500
1.832596	2.108018	1.311430	90	7	101	713.437
1.047198	1.510910	-0.740472	96	90	9	713.427
0.785398	1.391910	3.030322	89	6	98	713.422
0.785398	1.134497	-1.109631	104	106	90	713.406
-1.047198	1.433411	-1.035986	93	11	108	713.399
-2.879793	2.881233	-2.582574	4	87	100	713.395
1.308997	1.391910	3.030322	91	94	7	713.302
-2.879793	0.850607	-1.335383	90	106	94	713.232
-3.141593	0.866955	-0.931351	93	110	92	713.188
2.094395	1.662363	0.915448	89	5	6	713.179
1.570796	1.113094	-0.272241	92	6	93	713.118
1.570796	1.554776	0.100351	88	8	100	713.084
-1.047198	0.864993	2.278281	97	4	96	712.968
2.879793	0.419640	2.974122	96	93	6	712.955
-1.308997	2.108018	1.311430	90	8	100	712.907
1.308997	0.496451	0.593859	86	0	6	712.887
-1.832596	2.719179	-1.780644	95	106	89	712.575
-0.785398	0.700570	1.559208	97	9	103	712.540
1.832596	2.592629	0.909713	81	102	96	712.531
-2.094395	0.370812	-2.547742	91	98	9	712.469
-1.570796	2.115563	0.685730	90	88	1	712.445
-1.308997	1.812176	0.656819	93	93	7	712.324
0.261799	1.413347	-1.339188	102	104	91	712.035
-1.832596	1.574060	2.783565	93	95	5	711.994
-3.141593	0.297065	2.160177	10	93	111	711.976
2.879793	1.335669	0.897240	92	101	9	711.956
0.523599	2.592629	0.909713	91	5	93	711.944
-1.308997	0.700570	1.559208	15	97	3	711.919
0.523599	1.391910	3.030322	91	101	94	711.830
2.356194	1.195355	1.200319	106	87	7	711.820
-1.570796	1.872854	1.543456	5	95	91	711.712
-0.785398	1.218453	2.777284	87	106	93	711.678
0.785398	1.335669	0.897240	0	95	90	711.587
2.094395	1.736875	3.023612	104	3	91	711.539
1.308997	1.732874	-0.951685	96	111	93	711.490
0.785398	2.456751	-1.503343	94	6	101	711.423
2.879793	1.113094	-0.272241	83	106	98	711.350
2.356194	2.104282	-0.813972	92	10	103	711.350
0.261799	0.992645	-1.723759	9	86	104	711.228
-1.832596	1.194549	-0.801900	97	8	100	711.223
0.261799	1.134497	-1.109631	108	101	91	711.206
2.879793	0.571433	-1.188419	95	5	98	711.147
-1.047198	1.555207	1.708892	85	3	99	711.090
0.000000	1.417623	-0.202254	80	107	99	711.043
-2.879793	1.732874	-0.951685	78	111	106	710.955
-3.141593	1.721184	-0.153948	85	111	2	710.882
1.570796	2.760637	2.781135	89	106	90	710.863
-0.785398	0.910508	1.903534	96	7	99	710.801
-0.261799	1.721184	-0.153948	91	4	95	710.746
1.832596	1.599406	1.426070	108	84	3	710.701
2.879793	2.719179	-1.780644	84	3	92	710.677
2.879793	1.247695	1.809890	86	108	92	710.641
1.047198	0.615174	-0.666022	88	4	106	710.598
2.356194	1.569311	-3.003978	95	92	9	710.572
1.570796	1.256302	0.062705	90	8	98	710.318
0.000000	2.863997	0.549740	99	103	92	710.261
-2.094395	2.478122	2.609777	97	5	88	710.250
1.308997	1.113094	-0.272241	94	7	6	710.212
0.785398	1.214854	-1.966664	110	99	93	710.182
0.785398	1.766067	2.153843	97	101	11	710.175
0.785398	1.732874	-0.951685	98	3	94	710.153
0.523599	1.699788	2.452890	95	104	11	709.995
0.785398	2.407836	1.410646	90	1	94	709.932
2.879793	1.310100	1.488307	84	101	95	709.930
2.879793	1.045978	0.343692	102	96	14	709.890
1.570796	1.413430	2.550734	90	4	98	709.824
2.879793	1.433411	-1.035986	85	108	104	709.789
0.000000	1.909857	-0.381669	106	102	92	709.721
-0.261799	1.440580	2.260026	93	7	101	709.677
1.832596	2.704512	1.488683	86	7	105	709.619
0.785398	1.555207	1.708892	99	9	96	709.585
-3.141593	2.396274	-1.959260	95	3	88	709.521
-0.261799	1.242974	-2.977882	88	101	94	709.513
-0.785398	2.456751	-1.503343	88	93	7	709.508
-1.832596	2.356369	3.005869	6	101	92	709.503
-1.308997	2.251330	-2.330739	95	87	11	709.437
-1.047198	1.599406	1.426070	97	104	88	709.423
-1.308997	2.349581	-2.702517	101	0	89	709.416
1.570796	1.214854	-1.966664	103	96	92	709.412
-1.047198	2.984978	1.954446	88	110	90	709.338
-2.356194	1.741644	-2.695914	92	91	10	709.317
1.570796	2.138223	1.678323	96	9	94	709.290
0.523599	1.875281	0.107086	92	107	92	709.280
-0.523599	2.187132	-0.479875	88	9	103	709.276
-0.261799	1.606104	-0.451151	81	1	103	709.195
0.261799	0.831641	0.616218	98	93	14	709.167
-0.261799	1.662363	0.915448	91	91	8	709.059
2.356194	0.080730	-2.622036	91	92	3	708.992
2.879793	0.674054	1.013609	95	9	95	708.991
2.356194	0.866395	-2.492918	92	100	11	708.985
1.832596	1.325504	-1.671296	93	2	98	708.946
-0.785398	1.134796	2.434290	14	91	2	708.847
-0.785398	0.709924	0.218797	88	1	93	708.808
1.308997	0.640596	-2.797608	104	87	6	708.667
-2.356194	0.914445	2.687814	108	108	93	708.662
2.879793	2.863997	0.549740	95	95	13	708.484
-1.047198	1.128190	-2.288622	89	1	97	708.411
0.785398	0.458961	-0.107937	9	97	96	708.358
2.356194	1.050534	3.042579	92	109	11	708.284
2.094395	1.242974	-2.977882	98	9	99	708.072
-2.094395	0.379747	-1.713059	100	9	96	708.048
-2.879793	1.391910	3.030322	89	99	8	708.016
-1.570796	1.504028	0.636812	87	101	9	707.977
0.523599	1.977582	0.969896	100	89	8	707.966
-1.570796	1.194549	-0.801900	94	95	11	707.943
-0.261799	2.984978	1.954446	92	3	8	707.843
-2.094395	0.685216	-1.712745	79	105	107	707.833
1.570796	0.571433	-1.188419	98	84	6	707.822
1.047198	0.992645	-1.723759	93	100	12	707.800
-1.308997	0.618092	2.539118	84	8	109	707.790
-2.356194	2.138223	1.678323	99	11	94	707.630
1.832596	1.504028	0.636812	85	8	105	707.623
1.047198	1.569311	-3.003978	89	1	97	707.614
-0.261799	2.299159	2.264663	92	111	90	707.597
-1.832596	1.045978	0.343692	89	0	94	707.584
-2.356194	2.478122	2.609777	99	5	88	707.487
0.785398	1.696674	-1.253233	16	97	101	707.484
1.570796	1.448123	-2.163292	92	97	12	707.426
1.308997	0.674054	1.013609	90	6	4	707.355
0.523599	0.910508	1.903534	95	98	13	707.311
-2.879793	1.168678	2.108595	97	90	7	707.287
-0.523599	2.579248	-2.364801	97	103	14	707.266
-1.308997	0.297065	2.160177	97	4	96	707.232
0.261799	1.812176	0.656819	88	110	89	707.059
0.785398	1.014500	0.906702	95	11	97	706.978
0.000000	2.881233	-2.582574	94	7	95	706.873
-3.141593	0.733948	3.021411	99	107	93	706.856
-2.094395	1.413430	2.550734	90	3	94	706.809
0.785398	0.290380	-0.796960	94	88	3	706.795
0.523599	0.419640	2.974122	100	84	7	706.755
-1.047198	1.135834	-1.431087	91	1	94	706.731
1.832596	1.658653	-2.409879	84	106	99	706.602
-1.832596	2.001437	0.381215	90	89	0	706.587
-2.356194	0.864993	2.278281	94	4	96	706.512
-0.523599	1.448123	-2.163292	89	9	101	706.452
0.785398	1.982574	-1.115518	93	97	11	706.391
1.047198	1.662363	0.915448	104	87	8	706.381
2.094395	1.488617	1.159546	88	3	7	706.368
-1.832596	0.297065	2.160177	96	1	96	706.340
-1.570796	1.741644	-2.695914	101	94	12	706.278
0.000000	1.872854	1.543456	86	102	5	706.162
1.570796	2.104282	-0.813972	93	6	101	706.160
-0.261799	0.297065	2.160177	91	98	12	706.130
-3.141593	1.869911	2.701025	100	8	92	706.092
-1.570796	1.391910	3.030322	94	3	92	705.956
-0.785398	0.674054	1.013609	91	106	92	705.945
0.261799	0.458961	-0.107937	99	96	13	705.827
1.308997	2.041297	-2.664597	86	2	105	705.792
1.832596	1.696674	-1.253233	92	110	94	705.740
-2.094395	1.824694	1.850876	94	11	96	705.714
-1.570796	2.001437	0.381215	89	96	6	705.705
1.047198	2.587733	0.232235	98	7	98	705.681
1.047198	1.391910	3.030322	94	105	93	705.639
-1.047198	2.704512	1.488683	106	87	8	705.544
1.047198	0.080730	-2.622036	87	8	101	705.538
2.356194	0.379747	-1.713059	96	87	6	705.526
1.570796	0.850607	-1.335383	93	96	9	705.512
0.523599	2.104282	-0.813972	94	7	96	705.510
2.356194	0.685216	-1.712745	96	14	106	705.497
1.308997	1.488617	1.159546	103	84	5	705.484
2.879793	2.881233	-2.582574	99	110	89	705.268
-0.523599	1.218453	2.777284	88	104	93	705.263
1.047198	0.297065	2.160177	99	88	10	705.233
0.000000	1.554776	0.100351	82	108	94	705.050
-1.308997	1.325504	-1.671296	94	92	9	704.900
1.570796	1.195355	1.200319	84	97	0	704.898
2.094395	2.164094	-2.991358	9	101	92	704.897
-0.785398	0.615174	-0.666022	103	88	11	704.886
0.785398	1.836682	-0.676006	17	95	107	704.773
1.047198	2.760637	2.781135	87	109	90	704.766
2.094395	0.571433	-1.188419	86	1	103	704.741
2.879793	1.606104	-0.451151	102	0	93	704.668
-2.617994	1.812176	0.656819	100	111	90	704.595
2.356194	2.033014	2.977192	105	4	90	704.589
0.785398	2.174483	2.653697	95	1	93	704.574
0.523599	0.290380	-0.796960	11	94	105	704.556
-0.523599	1.413347	-1.339188	94	6	93	704.554
-2.094395	1.869911	2.701025	89	8	91	704.479
0.523599	1.904882	-1.478089	94	101	15	704.465
0.261799	1.301460	-0.509251	79	104	103	704.433
-1.047198	1.756530	-2.105156	98	101	15	704.381
0.000000	1.218453	2.777284	95	11	9	704.332
0.000000	2.153910	-1.714959	86	110	98	704.316
0.523599	0.458961	-0.107937	89	5	105	704.302
-0.785398	1.658653	-2.409879	95	99	90	704.225
2.094395	1.135813	-2.658866	94	111	95	704.212
-1.832596	2.343981	-1.040456	88	106	92	704.206
-1.308997	2.984978	1.954446	89	10	104	704.159
-2.094395	2.863997	0.549740	84	111	93	704.096
-1.047198	0.914445	2.687814	93	0	96	704.009
-3.141593	1.413430	2.550734	92	105	10	704.007
-1.047198	1.699788	2.452890	89	8	108	703.954
1.308997	2.180315	-1.357379	96	5	99	703.860
1.832596	1.134497	-1.109631	86	3	105	703.661
-2.094395	2.579248	-2.364801	4	90	96	703.655
-1.832596	0.591903	2.010408	14	95	3	703.650
1.047198	2.299159	2.264663	97	6	97	703.614
-0.523599	1.766067	2.153843	88	111	94	703.545
1.570796	2.349581	-2.702517	105	2	87	703.525
0.000000	2.001437	0.381215	84	111	93	703.491
0.000000	1.113094	-0.272241	80	105	100	703.328
1.832596	2.637879	2.121598	91	9	97	703.295
0.000000	1.870545	-2.976234	87	102	93	703.289
0.261799	0.960688	-0.577532	79	103	103	703.246
0.000000	2.455966	-0.641220	80	0	106	703.204
1.308997	2.349581	-2.702517	111	90	91	703.172
2.617994	2.295480	1.008277	85	0	6	703.149
1.570796	0.370812	-2.547742	10	92	107	703.110
-2.617994	2.704512	1.488683	88	111	9	702.995
-2.879793	1.301460	-0.509251	97	96	11	702.993
1.570796	2.073035	2.027405	91	11	106	702.989
0.000000	0.571433	-1.188419	94	4	90	702.839
-2.879793	0.685216	-1.712745	91	3	100	702.794
2.879793	1.809167	1.213774	100	1	92	702.690
-1.832596	2.724429	-0.348782	96	106	91	702.689
