#Coordinates  RecID  LigID  Luciferin  Neighbor's number  Vision Range  Scoring
( 2.9534155, 19.1499117, 15.5947362,  0.7757093,  0.0107750,  0.5724319,  0.2654784)    0    0  -1.63181909  5 0.680  -0.89186829
( 2.2526432, 13.6758832, 26.9799173, -0.8977244, -0.3686220, -0.1929601,  0.1448283)    0    0  23.18737130  0 0.400  15.76495769
( 4.6586984, 12.2224223, 28.4924575, -0.9326810, -0.2719838, -0.2128422,  0.1035833)    0    0  24.96991765  0 4.200  16.80070734
( 9.7628839, 13.9227582, 15.8366686, -0.9611385, -0.2274954, -0.0517009,  0.1475994)    0    0 -13.48406262  2 3.800  -8.76643911
( 8.9082902, 17.8682461, 29.1893771,  0.2998326,  0.7547753,  0.5744399,  0.1021446)    0    0  22.37507762  1 1.040  15.00791317
( 8.6860388, 17.8664855, 29.0996982,  0.2998903,  0.7547708,  0.5744201,  0.1021200)    0    0  20.59467531 39 0.000  14.07604624
( 8.9971297, 18.0163793, 29.1384839,  0.2998298,  0.7547760,  0.5744402,  0.1021454)    0    0  21.83835672 13 0.000  14.65952617
( 9.2806884, 17.8085662, 29.4946333,  0.2998248,  0.7547760,  0.5744423,  0.1021484)    0    0  21.45799533  0 0.400  14.44548955
( 1.9199518, 13.8787227, 26.6106493, -0.8977373, -0.3685891, -0.1929695,  0.1448193)    0    0  24.32252382  8 0.160  16.27516915
( 9.7733976, 14.1139347, 15.6740705, -0.9611385, -0.2274954, -0.0517009,  0.1475994)    0    0 -17.77082555  8 1.880 -13.05198566
( 8.6323948, 17.6611865, 29.1851080,  0.2998366,  0.7547768,  0.5744365,  0.1021407)    0    0  21.78613012  0 0.400  14.38372023
(15.1377470, 17.7935022, 24.3225182,  0.8215288, -0.3116669, -0.3981390,  0.2635138)    0    0  20.13255909  2 5.000  13.93984688
(15.1598631, 17.9127471, 24.3855956,  0.8215288, -0.3116669, -0.3981390,  0.2635138)    0    0  19.62806341  5 4.680  13.71868368
( 4.6248784, 12.2513853, 28.4763419, -0.9326601, -0.2722253, -0.2128095,  0.1036853)    0    0  24.78658375  1 3.400  16.83044964
(15.1774909, 18.0343215, 24.4637416,  0.8215288, -0.3116669, -0.3981390,  0.2635138)    0    0  21.76579419  0 5.000  14.51104503
(14.4944308, 11.2404400, 25.2289126,  0.6943801,  0.2262774, -0.2092643,  0.6502640)    0    0 -12.93645805 11 3.000 -13.93696873
( 9.0229667, 17.9463072, 29.3876705,  0.2998311,  0.7547757,  0.5744400,  0.1021450)    0    0  21.64657959  0 0.400  14.73746362
(11.7998747, 19.2529765, 20.6256352, -0.4946540, -0.4867613,  0.3959623,  0.6013274)    0    0  -3.68330511  2 2.840  -1.56575919
( 8.6997740, 17.8917133, 29.1602102,  0.2998288,  0.7547760,  0.5744407,  0.1021461)    0    0  21.75360147  0 0.400  14.53530970
( 9.8161468, 14.1928352, 15.4263878, -0.9611385, -0.2274954, -0.0517009,  0.1475994)    0    0 -18.12058728  4 0.600 -14.27617887
( 2.0527251, 14.1526779, 26.7900874, -0.8977334, -0.3686017, -0.1929613,  0.1448217)    0    0  24.24320565 15 0.000  16.62440151
( 1.8219255, 14.0174697, 26.4938086, -0.8977205, -0.3686263, -0.1929658,  0.1448336)    0    0  24.52235818  6 0.320  16.51954699
(14.9120177, 11.0319163, 25.0998743,  0.6433910,  0.3015965, -0.1700081,  0.6827772)    0    0  11.35132113  2 3.960   8.56607951
(11.7374619, 19.4256365, 21.0926786, -0.4438619, -0.4652253,  0.4970571,  0.5826545)    0    0  -2.21312226  4 4.440  -1.11684468
(14.3121531, 11.3788261, 25.2972843,  0.6449920,  0.2994210, -0.1711913,  0.6819218)    0    0   7.07282913  7 1.160   6.21381835
( 2.4168691, 13.4117939, 26.6775312, -0.8977486, -0.3685643, -0.1929714,  0.1448098)    0    0  24.28993428 14 0.000  16.12768190
( 3.2666753, 18.9761807, 16.1817028,  0.7754593,  0.0103646,  0.5726250,  0.2658110)    0    0  -0.95970669  1 2.760  -0.34518003
( 1.7964115, 13.6179066, 30.0833086,  0.5318266, -0.3477379,  0.5863815, -0.5023899)    0    0  21.28671697  1 5.000  14.42467252
( 5.0361863, 11.9285487, 28.6897855, -0.9297073, -0.2817963, -0.2109684,  0.1077625)    0    0  22.71284912  3 1.640  17.07192876
(11.6715636, 20.4867731, 24.8664136, -0.3868507, -0.4372813,  0.5916556,  0.5559453)    0    0  14.15072635  2 5.000   9.38716486
( 8.2893623, 17.5639996, 28.7944930,  0.2998267,  0.7547766,  0.5744409,  0.1021468)    0    0  21.45087326  0 0.400  14.03295219
(11.9909559, 20.4421526, 25.2360464, -0.3868510, -0.4372857,  0.5916555,  0.5559418)    0    0  14.27318455  1 2.440   9.57707121
( 8.9792570, 17.8065274, 29.1880863,  0.2998374,  0.7547778,  0.5744350,  0.1021394)    0    0  21.74100980  0 0.400  14.85647312
(14.6322423, 13.9820032, 19.6713135, -0.4583661, -0.5429960,  0.6989976,  0.0803624)    0    0  -8.62481648  0 5.000  -5.74987739
( 9.9238098, 14.3579515, 15.2267354, -0.9611385, -0.2274954, -0.0517009,  0.1475994)    0    0 -19.59991012  0 0.440 -13.35084201
(11.7339691, 19.2399330, 20.6649307, -0.4944816, -0.4866952,  0.3963392,  0.6012740)    0    0  -7.16831369  6 1.400  -4.01403598
(11.6500167, 20.0883560, 25.2273637, -0.3868504, -0.4372758,  0.5916557,  0.5559498)    0    0  13.56199317  6 0.480   9.49615895
( 2.1747651, 13.3754475, 26.6365554, -0.8977471, -0.3685702, -0.1929664,  0.1448104)    0    0  23.75857162  0 0.400  16.21893626
(15.1524185, 17.8803054, 24.3689172,  0.8215288, -0.3116669, -0.3981390,  0.2635138)    0    0  19.84314681  3 5.000  13.77383896
(14.7059177, 10.9919751, 25.0291442,  0.6705889,  0.2631240, -0.1905050,  0.6669214)    0    0 -10.81165576 10 3.000  -2.83808863
( 9.0823494, 17.8183413, 29.6737773,  0.2998320,  0.7547752,  0.5744402,  0.1021450)    0    0  22.33423088  3 4.400  14.97104663
( 8.5449204, 17.9144757, 29.3348482,  0.2998344,  0.7547760,  0.5744384,  0.1021428)    0    0  22.06291174 11 3.560  14.85851513
(11.4646511, 19.2307190, 20.2659231, -0.4947747, -0.4868077,  0.3956982,  0.6013645)    0    0  -4.47774402  4 4.040  -3.52959823
( 2.0601289, 13.4978962, 26.7742409, -0.8977403, -0.3685818, -0.1929712,  0.1448170)    0    0  24.43971009  5 0.320  16.35279432
(11.7336857, 20.4170536, 25.0943640, -0.3868508, -0.4372832,  0.5916556,  0.5559438)    0    0  13.47605239  8 2.280   9.26674736
( 1.9772921, 13.6143189, 26.6195004, -0.8977439, -0.3685783, -0.1929638,  0.1448131)    0    0  24.49584070  2 0.640  16.42517804
( 2.9054488, 19.1896552, 16.0029562,  0.7763037,  0.0117525,  0.5719713,  0.2646863)    0    0  -1.59708786  4 0.760  -0.73717281
(14.4344895, 11.0932647, 25.1733411,  0.6502715,  0.2920874, -0.1751353,  0.6789612)    0    0   0.54982599  9 2.120   2.51137526
( 2.9255189, 18.7722232, 16.2766622,  0.7781482,  0.0148016,  0.5705272,  0.2622110)    0    0  -3.25586179  0 0.680  -1.15902125
( 2.2966217, 13.9337441, 26.4947294, -0.8977394, -0.3685847, -0.1929694,  0.1448176)    0    0  24.30124959  5 0.240  16.12849228
( 9.7589215, 13.9138738, 15.8518882, -0.9611385, -0.2274954, -0.0517009,  0.1475994)    0    0 -13.55889417  3 5.000  -8.86514085
( 2.3960423, 13.3613592, 26.7389824, -0.8977447, -0.3685739, -0.1929689,  0.1448130)    0    0  24.33264599 11 0.080  16.29696705
(14.3901720, 11.2196546, 25.2333853,  0.6438127,  0.3010258, -0.1703191,  0.6825539)    0    0  10.31939318  4 1.240   8.12736584
( 8.9142747, 17.8303833, 29.2972650,  0.2998310,  0.7547762,  0.5744395,  0.1021446)    0    0  21.69889822 14 0.000  14.03917358
( 8.8472656, 17.8620010, 29.1488693,  0.2998311,  0.7547753,  0.5744405,  0.1021455)    0    0  22.10051399  7 0.840  14.82043811
(12.0547404, 20.4422814, 25.3180534, -0.3868503, -0.4372754,  0.5916558,  0.5559500)    0    0  13.18349320  9 0.200   9.53493300
( 9.1565405, 17.7052143, 29.1543770,  0.2998485,  0.7547796,  0.5744282,  0.1021320)    0    0  21.62910352  0 0.400  14.70675893
( 9.9725778, 12.8575258, 31.0260742,  0.5894816, -0.1605118,  0.5985364,  0.5181713)    0    0  19.95045104  3 5.000  13.13340325
( 1.7307511, 13.5081667, 26.4277311, -0.8977352, -0.3685932, -0.1929699,  0.1448210)    0    0  24.14171250 17 0.000  16.19983750
( 9.8727330, 14.1690602, 15.4147352, -0.9611385, -0.2274954, -0.0517009,  0.1475994)    0    0 -13.35465180  1 5.000  -8.98336239
( 9.8920867, 14.1844316, 15.2750340, -0.9611385, -0.2274954, -0.0517009,  0.1475994)    0    0 -18.85672750  0 0.440 -14.18355009
( 2.5034462, 19.4369387, 15.7312910,  0.7752859,  0.0100805,  0.5727584,  0.2660411)    0    0  -1.08381717  2 1.600  -0.36687210
(14.5847827, 14.0701089, 19.8623638, -0.4583661, -0.5429960,  0.6989976,  0.0803624)    0    0  -9.67901883  1 5.000  -5.37847251
( 5.4379568, 18.0122910, 18.9288784,  0.7924147,  0.0393159,  0.5584943,  0.2421102)    0    0  -1.93418104  2 3.160  -1.84324801
( 5.1986463, 18.1906752, 18.5138373,  0.7924412,  0.0393632,  0.5584703,  0.2420711)    0    0  -0.38271412  1 5.000   0.51054976
( 2.1667579, 13.4010915, 26.6441112, -0.8977434, -0.3685781, -0.1929670,  0.1448126)    0    0  21.73095588  5 0.560  14.39596605
( 9.8596303, 14.1396814, 15.4650632, -0.9611385, -0.2274954, -0.0517009,  0.1475994)    0    0 -12.90878909  0 5.000  -8.60585537
( 8.6203536, 17.5940905, 29.1113436,  0.2998317,  0.7547753,  0.5744402,  0.1021450)    0    0  22.03696421  8 0.000  14.85951588
(14.4757852, 11.1456433, 25.1943791,  0.6434603,  0.3015029, -0.1700592,  0.6827406)    0    0  12.01822016  0 4.280   8.58539148
( 2.9585495, 19.0827270, 16.5518462,  0.7765702,  0.0121890,  0.5717661,  0.2643324)    0    0  -2.01000914  2 0.640  -1.17967230
( 2.3460153, 13.3432389, 26.7447291, -0.8977396, -0.3685835, -0.1929709,  0.1448176)    0    0  24.58395577  3 0.880  16.53588448
( 2.1999370, 13.4735708, 26.7089625, -0.8977372, -0.3685888, -0.1929701,  0.1448198)    0    0  24.57265180  4 1.680  16.36190762
(14.6950188, 13.8654628, 19.4186048, -0.4583661, -0.5429960,  0.6989976,  0.0803625)    0    0 -10.74703778  3 5.000  -8.23755993
( 8.9287192, 17.7038079, 29.7211202,  0.2998300,  0.7547757,  0.5744405,  0.1021457)    0    0  21.94564932  2 0.640  14.63508266
( 9.1987135, 17.8647387, 29.1617069,  0.2998318,  0.7547751,  0.5744405,  0.1021454)    0    0  21.69858534 20 0.000  14.40401904
( 8.5112708, 17.8340281, 29.1569570,  0.2998294,  0.7547757,  0.5744408,  0.1021461)    0    0  21.94376522  8 0.000  14.81254845
( 5.2470899, 18.1544366, 18.6239108,  0.7924413,  0.0393633,  0.5584702,  0.2420710)    0    0   1.27473278  0 5.000   0.84985495
( 1.9750340, 13.6050958, 26.8087457, -0.8977441, -0.3685812, -0.1929583,  0.1448120)    0    0  23.97671967 21 0.000  16.07034617
( 5.1187803, 18.2532560, 18.7990113,  0.7923881,  0.0392685,  0.5585183,  0.2421494)    0    0  -2.37712695  3 3.000  -1.78725945
( 1.7286699, 13.3840895, 26.7727518, -0.8977152, -0.3686295, -0.1929806,  0.1448389)    0    0  23.83058118  0 0.400  15.91032113
(10.2522964, 12.9903005, 31.0003053,  0.5894816, -0.1605118,  0.5985364,  0.5181713)    0    0  18.62829495  5 5.000  12.36270895
( 8.7560591, 17.7451490, 29.5087348,  0.2998262,  0.7547767,  0.5744410,  0.1021469)    0    0  21.49298587 11 0.000  14.35553658
( 2.2208537, 13.1363623, 26.4490256, -0.8976977, -0.3686784, -0.1929597,  0.1448505)    0    0  21.91924371  1 0.720  14.43727990
( 8.5392163, 17.7179476, 29.6418730,  0.2998303,  0.7547759,  0.5744402,  0.1021453)    0    0  21.91983971  0 0.400  14.78017872
( 8.6322421, 18.0778095, 29.0282205,  0.2998310,  0.7547754,  0.5744404,  0.1021454)    0    0  21.92361669 12 0.000  14.85515305
( 2.9110520, 19.2312268, 16.1630330,  0.7760314,  0.0113030,  0.5721839,  0.2650508)    0    0  -2.26047789 12 0.120  -0.96035467
( 9.5960499, 12.8093325, 31.1615297,  0.5894816, -0.1605118,  0.5985364,  0.5181713)    0    0  20.09150258  2 5.000  13.55673345
(11.6888269, 20.9188284, 24.3449210, -0.3868501, -0.4372720,  0.5916559,  0.5559528)    0    0   7.99802086  1 0.840   3.89060367
( 9.9137430, 14.3924800, 15.2633766, -0.9611385, -0.2274954, -0.0517009,  0.1475994)    0    0 -15.96160303  6 0.440  -8.91615271
( 8.7329754, 17.9585233, 29.1292932,  0.2998374,  0.7547746,  0.5744386,  0.1021431)    0    0  21.65939150  0 0.400  14.38866124
(11.9295665, 20.4508261, 25.1656828, -0.3868512, -0.4372893,  0.5916554,  0.5559390)    0    0  14.34505978  0 2.240   9.62846586
(12.1880148, 19.5716454, 20.7022351, -0.4902475, -0.4850342,  0.4054326,  0.5999193)    0    0  -9.34204219  7 2.120  -3.59649460
( 8.9627794, 17.9112127, 29.6043384,  0.2998287,  0.7547768,  0.5744398,  0.1021454)    0    0  21.93750420  2 0.720  14.49257460
( 2.5585246, 19.4993774, 15.7957226,  0.7758037,  0.0109303,  0.5723587,  0.2653526)    0    0  -1.42418672  3 0.800  -0.46972268
( 8.7413687, 17.7162068, 29.3032433,  0.2998317,  0.7547756,  0.5744399,  0.1021448)    0    0  21.81039189  0 0.400  14.72840925
( 9.2903421, 17.8341727, 29.3910330,  0.2998347,  0.7547755,  0.5744388,  0.1021433)    0    0  22.21853718  3 0.480  15.05022339
( 1.9742198, 13.5920463, 26.3713956, -0.8977124, -0.3686465, -0.1929606,  0.1448391)    0    0  23.94312634 25 0.000  15.94671852
( 1.8472474, 13.9688110, 26.4967774, -0.8977369, -0.3685954, -0.1929599,  0.1448187)    0    0  24.32820433  9 0.080  16.29597393
( 2.1930450, 13.4491785, 26.4034962, -0.8977444, -0.3685753, -0.1929677,  0.1448130)    0    0  24.00939337 21 0.000  16.39832681
( 1.9788045, 13.7457237, 26.9153987, -0.8976980, -0.3686694, -0.1929744,  0.1448520)    0    0  23.35276037 18 0.000  16.19601758
( 8.5857229, 17.7349814, 28.9010000,  0.2998294,  0.7547759,  0.5744405,  0.1021458)    0    0  21.33221919  9 0.080  14.20527494
(12.1767213, 20.4772600, 25.2984683, -0.3868504, -0.4372762,  0.5916558,  0.5559495)    0    0  13.98972342  4 1.000   9.44972983
( 8.9799561, 17.7884356, 29.2818867,  0.2998577,  0.7547741,  0.5744303,  0.1021330)    0    0  20.83409753 13 0.000  14.01300279
( 5.3819212, 18.0747095, 18.8502651,  0.7901172,  0.0352685,  0.5605245,  0.2454496)    0    0  -4.83721075  5 1.960  -4.26579258
( 2.3662662, 13.4787547, 26.8040222, -0.8977197, -0.3686344, -0.1929546,  0.1448327)    0    0  22.31579267  2 0.560  14.20249402
( 3.0741402, 19.1017239, 16.2366805,  0.7753923,  0.0102577,  0.5726740,  0.2658969)    0    0  -3.86508957  8 0.160  -3.12373408
(15.2113201, 18.2420658, 24.5916869,  0.8215288, -0.3116669, -0.3981390,  0.2635138)    0    0  19.65639741  4 5.000  12.66888039
(11.7258089, 19.2515164, 20.5588005, -0.4764544, -0.4794888,  0.4343898,  0.5953044)    0    0 -18.58528926  8 2.520  -9.92288071
( 9.9072076, 14.4382224, 15.2898586, -0.9611385, -0.2274954, -0.0517009,  0.1475994)    0    0 -18.35525460 10 1.000 -10.90152122
( 2.9084920, 19.2046325, 15.9600660,  0.7755522,  0.0105172,  0.5725532,  0.2656875)    0    0  -1.84980777  7 0.560  -1.23177592
( 9.8889834, 14.2056618, 15.3523945, -0.9611385, -0.2274954, -0.0517009,  0.1475994)    0    0 -15.09254892  5 0.600  -9.00918323
( 2.1162616, 13.4845858, 26.6418723, -0.8977155, -0.3686428, -0.1929553,  0.1448365)    0    0  23.41580388  4 0.560  16.08354168
( 9.0308215, 17.8053742, 29.0895664,  0.2998342,  0.7547751,  0.5744393,  0.1021438)    0    0  21.79664628 18 0.000  14.52084108
(14.7226892, 13.8140944, 19.3072179, -0.4583661, -0.5429960,  0.6989976,  0.0803624)    0    0 -10.60367021  2 5.000  -7.94016506
( 3.3884827, 19.2335099, 15.9281606,  0.7762549,  0.0116696,  0.5720115,  0.2647538)    0    0  -2.22766527  3 0.560  -1.26118893
(11.2731746, 20.6690799, 25.1099392, -0.3868503, -0.4372747,  0.5916558,  0.5559506)    0    0  11.25773475  6 0.600   8.87783175
( 2.0167815, 13.6168393, 26.5957189, -0.8977419, -0.3685845, -0.1929605,  0.1448144)    0    0  24.14134213  0 0.400  16.44157783
(12.1944962, 20.5123307, 24.8330993, -0.3868507, -0.4372821,  0.5916556,  0.5559447)    0    0  13.95070546  5 1.000   9.30078261
( 2.0224472, 13.5975524, 26.7123458, -0.8977334, -0.3685977, -0.1929687,  0.1448227)    0    0  23.89952919 17 0.000  15.92422929
( 9.9125402, 12.8345122, 31.0148424,  0.5894753, -0.1605101,  0.5985301,  0.5181658)    0    0  20.56996141  0 5.000  13.71330768
( 1.6817522, 13.9044292, 29.9862434,  0.5318266, -0.3477379,  0.5863815, -0.5023899)    0    0  21.45874143  0 5.000  14.30582762
(11.6456936, 20.4483093, 24.9492137, -0.3868510, -0.4372860,  0.5916555,  0.5559416)    0    0  14.12256389  3 1.360   9.60815771
( 1.9038215, 13.8329368, 26.5549967, -0.8977415, -0.3685806, -0.1929688,  0.1448160)    0    0  24.63991480  1 3.040  16.44035105
( 2.8688360, 19.2271978, 16.0996188,  0.7765018,  0.0120756,  0.5718202,  0.2644250)    0    0  -1.91555341  6 0.720  -1.22905460
( 1.8973659, 13.8316793, 26.5324398, -0.8977430, -0.3685787, -0.1929666,  0.1448142)    0    0  24.12022271  0 0.400  16.46550191
( 1.9091361, 13.6390951, 26.4672331, -0.8977045, -0.3686472, -0.1929900,  0.1448475)    0    0  23.64394063  0 0.400  16.01501200
(11.8422840, 20.4215665, 25.1847201, -0.3868504, -0.4372769,  0.5916557,  0.5559488)    0    0  13.49027019  7 0.840   9.18515786
( 2.7396615, 19.1446117, 16.0413229,  0.7764957,  0.0120671,  0.5718233,  0.2644312)    0    0  -2.05556134  9 0.280  -1.35064676
(15.1534067, 18.2938174, 24.7231285,  0.8215288, -0.3116669, -0.3981390,  0.2635138)    0    0  18.94705868  6 4.760  12.34997676
( 2.1652449, 13.5124556, 26.4363082, -0.8977220, -0.3686229, -0.1929662,  0.1448322)    0    0  24.24405871  6 0.200  16.06562008
( 2.1779202, 13.4946452, 26.7596657, -0.8977282, -0.3686194, -0.1929498,  0.1448250)    0    0  22.74479511  9 0.240  14.60733033
( 2.8573732, 19.2719684, 16.0418777,  0.7754092,  0.0102822,  0.5726639,  0.2658777)    0    0  -2.08301347  6 0.320  -1.25730741
( 9.2100030, 17.8926479, 29.6554618,  0.2998301,  0.7547761,  0.5744400,  0.1021452)    0    0  22.07854748  9 0.320  14.67130129
( 3.0435579, 19.2422706, 15.9078786,  0.7758034,  0.0109283,  0.5723604,  0.2653546)    0    0  -4.19919779 20 1.000  -5.84241402
( 9.0292702, 17.4088717, 29.0022811,  0.2998632,  0.7547725,  0.5744298,  0.1021320)    0    0  21.41110490  0 0.400  13.97691299
( 8.6181341, 17.8082668, 29.4015055,  0.2998273,  0.7547756,  0.5744417,  0.1021473)    0    0  21.84822196  7 0.000  14.41912626
( 2.1531104, 13.7418957, 26.7431275, -0.8977151, -0.3686204, -0.1929982,  0.1448390)    0    0  24.20743634  0 0.480  16.20713764
( 9.8653836, 14.1525812, 15.4429647, -0.9611385, -0.2274954, -0.0517009,  0.1475994)    0    0 -14.15183325  4 3.960  -9.30150919
( 8.4844754, 17.3868204, 28.8986147,  0.2998315,  0.7547753,  0.5744403,  0.1021455)    0    0  21.55311330  0 0.400  14.16833233
( 2.3082543, 13.5782747, 26.8336465, -0.9166848, -0.3207967, -0.2032323,  0.1243991)    0    0  24.91134648  1 4.640  16.61062689
( 8.9658543, 17.5954654, 29.1053290,  0.2998320,  0.7547754,  0.5744398,  0.1021455)    0    0  21.55686810  0 0.400  14.35007206
(14.8812377, 10.9267038, 25.0584972,  0.6435029,  0.3014452, -0.1700906,  0.6827181)    0    0  11.13679103  3 1.880   8.52096280
(11.5537379, 19.2278385, 20.4815527, -0.4938863, -0.4864653,  0.3976362,  0.6010892)    0    0  -6.04279320  5 2.600  -3.44557572
( 8.9114303, 17.6914097, 29.0972791,  0.2998319,  0.7547759,  0.5744394,  0.1021446)    0    0  21.90993322 12 0.000  14.72297708
(11.5156028, 20.3717481, 24.8888700, -0.3868503, -0.4372751,  0.5916558,  0.5559503)    0    0  12.59487921  7 0.680   8.92507523
( 9.7900072, 12.8163487, 31.0476477,  0.5894816, -0.1605118,  0.5985364,  0.5181713)    0    0  19.53653308  4 5.000  13.30315212
(14.2084541, 11.3843385, 25.3021688,  0.6482404,  0.2949376, -0.1736103,  0.6801255)    0    0   6.81944269  8 1.800   7.44458877
( 9.8188909, 14.4500203, 15.4072352, -0.9611385, -0.2274954, -0.0517009,  0.1475994)    0    0 -20.59365978  0 0.440 -14.55218605
(14.5096521, 11.2055570, 25.2122478,  0.6437455,  0.3011169, -0.1702695,  0.6825896)    0    0   9.30160533  6 1.800   5.99680769
( 9.0762934, 17.7994659, 28.9280968,  0.2998310,  0.7547762,  0.5744394,  0.1021448)    0    0  21.62865531 21 0.000  14.44888555
( 9.2558950, 17.8917026, 29.1881687,  0.2998320,  0.7547758,  0.5744395,  0.1021446)    0    0  21.73636767 19 0.000  14.49523459
( 1.5990676, 13.7346618, 26.4055712, -0.8977183, -0.3686217, -0.1929835,  0.1448354)    0    0  23.85395945  0 0.400  15.75936266
( 2.6772520, 19.2201235, 16.0841964,  0.7758629,  0.0110265,  0.5723139,  0.2652751)    0    0  -2.13430831 10 0.080  -0.72055647
(11.8503093, 19.2557664, 20.6854440, -0.4947858, -0.4868119,  0.3956738,  0.6013679)    0    0  -3.92594288  3 2.360  -1.61440991
( 2.0249833, 13.8902151, 26.5540736, -0.8977207, -0.3686145, -0.1929870,  0.1448345)    0    0  24.13403430  0 0.400  16.29367048
( 8.8709799, 17.8527365, 29.2228530,  0.2998260,  0.7547763,  0.5744415,  0.1021475)    0    0  22.05205092 11 0.400  14.68363178
( 2.9158637, 19.1871285, 15.9795573,  0.7781607,  0.0148449,  0.5704964,  0.2621711)    0    0  -3.35214280 18 1.160  -2.91443029
( 1.7915231, 13.9777047, 26.5003470, -0.8977216, -0.3686182, -0.1929767,  0.1448328)    0    0  24.36357122  9 0.080  16.45898160
( 2.5149420, 13.3661882, 26.8812523, -0.8977395, -0.3685956, -0.1929498,  0.1448152)    0    0  22.92193821  0 0.400  16.06123484
( 9.8627699, 14.0554332, 15.3841193, -0.9611385, -0.2274954, -0.0517009,  0.1475994)    0    0 -19.15672717  1 0.680 -15.12220778
( 8.7665457, 18.0740925, 29.8821832,  0.2998309,  0.7547758,  0.5744400,  0.1021451)    0    0  22.10244604  1 0.560  14.87593914
( 8.7815093, 17.8364421, 29.3699393,  0.2998319,  0.7547752,  0.5744402,  0.1021452)    0    0  21.57681930  4 0.560  14.44257452
( 8.9094435, 17.8644977, 29.2448367,  0.2998326,  0.7547752,  0.5744400,  0.1021447)    0    0  22.44135250  0 2.640  14.98629328
( 2.2837814, 13.3859914, 26.7584122, -0.8977436, -0.3685819, -0.1929588,  0.1448127)    0    0  24.21869908 11 0.000  16.05106452
( 9.9624430, 14.2749813, 15.3146890, -0.9611385, -0.2274954, -0.0517009,  0.1475994)    0    0 -16.98303455  7 0.480 -11.84810226
(14.1767861, 11.3142204, 25.2966582,  0.6434979,  0.3014520, -0.1700869,  0.6827208)    0    0  11.72584681  1 4.280   8.45418623
( 8.9192955, 17.8334243, 29.7007881,  0.2998317,  0.7547754,  0.5744401,  0.1021450)    0    0  22.27311307  4 0.720  14.97411058
( 5.2211564, 18.1743074, 18.4562539,  0.7921045,  0.0387634,  0.5587740,  0.2425674)    0    0  -3.25306128  4 2.200  -1.84065244
( 1.5297162, 13.8795167, 26.6760089, -0.8977371, -0.3685908, -0.1929671,  0.1448192)    0    0  23.95010323  0 0.400  15.86080752
( 3.2250605, 19.0519980, 16.3298771,  0.7842940,  0.0251398,  0.5655497,  0.2537802)    0    0  -0.65850393  1 3.880  -0.34278435
(10.3150627, 12.7753181, 30.8119780,  0.5894816, -0.1605118,  0.5985364,  0.5181713)    0    0  20.16407804  1 5.000  13.60246813
( 9.1596326, 17.8472099, 29.0801470,  0.2998314,  0.7547760,  0.5744394,  0.1021451)    0    0  21.44690441  0 0.400  14.04682387
( 2.0198543, 13.6136525, 26.6759542, -0.8977436, -0.3685749, -0.1929711,  0.1448141)    0    0  23.96077068 17 0.000  15.81938038
( 8.8920849, 17.6716596, 29.1731481,  0.2998316,  0.7547754,  0.5744402,  0.1021451)    0    0  21.86662401 14 0.000  14.36722781
(11.3504634, 20.3867642, 24.9312807, -0.3868503, -0.4372752,  0.5916558,  0.5559503)    0    0  12.62450943  3 0.920   9.01391717
( 2.3497635, 13.3520105, 26.7028804, -0.8977429, -0.3685830, -0.1929595,  0.1448134)    0    0  23.90245694 28 0.000  15.84662998
( 1.8708379, 13.8925509, 26.5487973, -0.8977421, -0.3685796, -0.1929683,  0.1448153)    0    0  24.62404916  2 1.760  16.57394705
( 8.6674085, 17.7411329, 29.1117039,  0.2998290,  0.7547762,  0.5744403,  0.1021457)    0    0  21.24895799  4 0.480  14.02038424
( 2.8303686, 19.1188840, 16.0624925,  0.7757786,  0.0108876,  0.5723796,  0.2653877)    0    0  -2.23418550  0 0.440  -0.64476828
( 2.1165752, 13.5573472, 26.7318204, -0.9075012, -0.3449956, -0.1981576,  0.1347340)    0    0  21.63199213 47 0.000  12.05651923
( 2.7175457, 19.2247419, 15.9491424,  0.7756099,  0.0106111,  0.5725093,  0.2656116)    0    0  -2.39506313 14 0.000  -1.00174395
( 1.8772134, 13.9695048, 26.6075410, -0.8977400, -0.3685867, -0.1929639,  0.1448163)    0    0  22.31650255  0 0.400  16.02765188
(15.1805291, 17.7448512, 24.2106387,  0.8215288, -0.3116669, -0.3981390,  0.2635138)    0    0  20.44762668  1 5.000  14.18412393
( 2.0184330, 13.7142856, 26.5539794, -0.8977340, -0.3685971, -0.1929673,  0.1448219)    0    0  24.13537594  9 0.160  15.75713944
( 8.9399570, 17.8762007, 29.2659072,  0.2998326,  0.7547752,  0.5744400,  0.1021447)    0    0  22.37455418  2 2.560  14.91896604
( 2.3234286, 13.8990126, 26.6105472, -0.8977087, -0.3686420, -0.1929833,  0.1448434)    0    0  23.99143630 17 0.000  15.99369823
(11.5863716, 20.5030958, 24.9296382, -0.3868504, -0.4372759,  0.5916558,  0.5559496)    0    0  12.89464088  4 0.760   8.91562378
( 8.9609828, 17.8750815, 29.5166136,  0.2998327,  0.7547768,  0.5744381,  0.1021433)    0    0  21.62243001  6 0.240  14.56925734
( 9.0430168, 17.9264123, 29.3262981,  0.2998302,  0.7547759,  0.5744402,  0.1021453)    0    0  22.08308403  0 0.400  14.93077802
( 1.5550702, 13.9257763, 26.5330374, -0.8977366, -0.3685942, -0.1929629,  0.1448193)    0    0  24.14826519 17 0.000  16.44428053
( 2.0836749, 13.4911004, 26.7490413, -0.8977395, -0.3685840, -0.1929701,  0.1448175)    0    0  24.46290543  8 1.120  16.16191866
( 4.2574867, 12.5875672, 28.2966543, -0.9166365, -0.3209308, -0.2032036,  0.1244559)    0    0  24.52468763  4 3.880  16.24428812
( 8.6022518, 18.0366779, 29.3019706,  0.2998323,  0.7547752,  0.5744400,  0.1021448)    0    0  22.06374428  6 0.320  14.74703120
( 1.8298436, 13.5764783, 26.8988847, -0.8977425, -0.3685786, -0.1929685,  0.1448149)    0    0  24.53944781  3 0.560  16.55365287
( 2.9945817, 19.1205955, 16.3298080,  0.7760589,  0.0113476,  0.5721631,  0.2650149)    0    0  -1.75780595  5 0.240  -0.79008153
(11.7036572, 20.5078670, 25.1381670, -0.3868510, -0.4372858,  0.5916555,  0.5559417)    0    0  12.06115862  9 0.440   8.96633419
(14.6334969, 11.1330667, 25.1715108,  0.6442362,  0.3004508, -0.1706319,  0.6823281)    0    0   9.55732698  5 0.760   7.22633480
(11.4958872, 20.7714040, 24.3234756, -0.3868506, -0.4372800,  0.5916557,  0.5559464)    0    0   9.78189336  0 0.920   4.31356577
( 4.8967615, 11.8244319, 28.5072382, -0.9268358, -0.2910932, -0.2091835,  0.1117245)    0    0  21.24708590  4 2.120  14.71990550
(11.7009899, 19.4352413, 21.0118079, -0.4438624, -0.4652333,  0.4970567,  0.5826481)    0    0  -1.74422608  2 4.440  -0.98120466
