#Coordinates  RecID  LigID  Luciferin  Neighbor's number  Vision Range  Scoring
(-1.3406287, 17.1416833, 25.1891996,  0.4846430,  0.7186316, -0.3069712, -0.3930120)    0    0  20.63052061  5 0.480  14.08041594
(-1.2340400, 17.9779460, 25.6669991,  0.4846430,  0.7186316, -0.3069712, -0.3930120)    0    0  19.90494425  5 0.400  13.99189816
(-0.0240036, 19.7722818, 19.9220593,  0.6809749,  0.1789798,  0.5958564,  0.3862571)    0    0  -1.42048459  3 0.400  -0.40173949
(-0.5823659, 19.6251565, 19.6984933,  0.6809800,  0.1789887,  0.5958516,  0.3862515)    0    0  -4.33136560  0 0.720  -4.54977345
(-0.1676423, 19.7936121, 19.9495702,  0.6899098,  0.1947836,  0.5870380,  0.3761252)    0    0  -4.75347450  0 0.480  -2.44129611
(-0.2520077, 19.6389481, 20.1034093,  0.6809718,  0.1789744,  0.5958594,  0.3862605)    0    0  -2.21025725 17 0.000  -2.51247652
(-4.7428215, 15.3047604, 23.6439918,  0.3320289, -0.1018422,  0.7064258,  0.6167232)    0    0   8.91452060  7 0.240   5.52518645
( 5.3069930, 12.1554467, 28.1326980, -0.4552551,  0.1568018,  0.0997367, -0.8707517)    0    0  24.65841791  1 0.840  17.09702870
(-0.5594791, 12.8371254, 25.6034059,  0.1381770, -0.7267798, -0.5629430,  0.3685017)    0    0   3.19935742  0 1.720   0.89661029
(-0.2837519, 19.7053038, 19.8116827,  0.6809668,  0.1789657,  0.5958642,  0.3862660)    0    0  -0.46295877  2 1.200  -0.13373774
(-1.2718325, 14.5161410, 27.2512181, -0.0510898, -0.6664795, -0.6294783,  0.3961717)    0    0  26.39282042  1 0.480  17.45551005
(-0.2269205, 19.7209454, 19.8513291,  0.6811083,  0.1792120,  0.5957294,  0.3861100)    0    0  -0.89572033 11 0.160  -0.30998485
(-0.8128595, 17.6378225, 25.1920051,  0.4846430,  0.7186316, -0.3069712, -0.3930120)    0    0  17.63850004 18 0.000  13.85587980
(-1.2418818, 17.9715233, 25.6506922,  0.4846430,  0.7186316, -0.3069713, -0.3930120)    0    0  20.78454422  3 1.160  14.22834979
(-1.5805020, 15.2217595, 27.4267222, -0.0510897, -0.6664795, -0.6294783,  0.3961717)    0    0  26.53226781  5 0.640  17.42408125
(-6.7341971, 23.3929033, 25.9005298, -0.6252275,  0.0350308,  0.1644782,  0.7621092)    0    0   5.60656604  2 5.000   3.61878313
( 5.1834397, 13.1941425, 19.7398025, -0.1880259,  0.0632204,  0.8977421,  0.3933300)    0    0 -10.45823034  2 2.760  -6.51625718
(-1.5304937, 15.4782194, 27.5702902, -0.0510897, -0.6664795, -0.6294783,  0.3961717)    0    0  26.47083239  5 0.240  17.80291193
(-1.1037520, 17.2566968, 25.0586774,  0.4846430,  0.7186316, -0.3069712, -0.3930120)    0    0  19.99535814  0 0.400  13.60929615
(-1.3648039, 15.2182719, 27.4435140, -0.0510897, -0.6664795, -0.6294783,  0.3961717)    0    0  26.44046232  5 0.400  17.67223450
( 4.5834383, 18.0284253, 23.8069059,  0.6067547,  0.7187983, -0.1406733, -0.3088507)    0    0   9.47472587  1 2.360   6.57315942
(-1.6014004, 15.4166121, 27.1878070, -0.0509075, -0.6665523, -0.6294274,  0.3961534)    0    0  25.97100674 11 0.000  17.13688519
(-9.0543802, 16.5761757, 28.6029475, -0.2271091,  0.1880058, -0.1236849,  0.9475111)    0    0  23.00747335  2 0.760  15.16043760
(-1.5490843, 15.1858249, 27.4608421, -0.0510898, -0.6664795, -0.6294783,  0.3961717)    0    0  26.00120320  3 0.560  17.21528818
(-7.0802917, 23.5330272, 26.2263752, -0.6252275,  0.0350308,  0.1644782,  0.7621092)    0    0   5.71116382  1 5.000   3.91763337
(-4.8118375, 15.3086920, 23.6168124,  0.3320289, -0.1018422,  0.7064258,  0.6167232)    0    0  11.55843391  0 5.000   7.70563352
(-0.0502417, 19.3038989, 20.0446337,  0.6811167,  0.1792266,  0.5957214,  0.3861008)    0    0  -2.56880498  9 0.160  -3.07579691
(-1.4701512, 15.5729092, 26.7650558, -0.0510502, -0.6664954, -0.6294672,  0.3961677)    0    0  26.33993605 11 0.000  17.70799019
(-1.4216763, 15.0509378, 27.3819153, -0.0510501, -0.6664954, -0.6294672,  0.3961677)    0    0  26.45202377  6 0.320  17.77537735
(-1.1675977, 17.6936120, 25.5026159,  0.4846430,  0.7186316, -0.3069712, -0.3930120)    0    0  17.88034827 10 0.000   9.40776147
(-1.6262521, 14.9788124, 27.2235709, -0.0510897, -0.6664795, -0.6294783,  0.3961717)    0    0  25.80496600  0 0.400  17.52822703
(-0.2029934, 19.9532515, 20.3634172,  0.6812529,  0.1794641,  0.5955913,  0.3859503)    0    0  -0.84641787  1 0.720  -0.34701080
( 5.1284113, 13.2448005, 19.7197631, -0.1880259,  0.0632204,  0.8977421,  0.3933300)    0    0 -13.02871508 11 0.840 -10.10857222
(-0.2397789, 19.5629251, 19.8064839,  0.6809678,  0.1789675,  0.5958632,  0.3862649)    0    0  -2.16070475  6 0.320  -0.85981337
(-0.8601609, 17.8365265, 25.5796481,  0.4846430,  0.7186316, -0.3069713, -0.3930120)    0    0  20.74264042  5 0.560  14.00762686
(-1.4165428, 15.2069632, 27.4187480, -0.0510897, -0.6664795, -0.6294783,  0.3961717)    0    0  26.32126150  5 0.400  17.52373816
(-8.7869560, 16.6612205, 28.7245406, -0.2271091,  0.1880058, -0.1236849,  0.9475111)    0    0  23.16652359  6 0.480  15.44921863
(-7.0793340, 15.7711597, 16.1556412,  0.6334395,  0.0933666,  0.7676766, -0.0266399)    0    0 -31.73989771  2 5.000 -20.66604401
(-0.0278970, 19.8911507, 20.1730446,  0.6809798,  0.1789885,  0.5958517,  0.3862516)    0    0  -2.20763616  0 0.400  -0.00907277
( 4.4181112, 17.8169739, 24.6601759,  0.6065933,  0.7188248, -0.1409292, -0.3089891)    0    0   7.43399230  3 1.080   6.53546657
(-0.8551689, 17.7834763, 25.4306839,  0.4846430,  0.7186316, -0.3069712, -0.3930120)    0    0  20.58392943  3 0.720  13.72035447
( 5.0189123, 12.0526186, 27.7535839, -0.4552551,  0.1568018,  0.0997367, -0.8707517)    0    0  26.62377488  2 0.840  17.94914242
( 4.7962333, 18.2539030, 24.0026334,  0.6067481,  0.7187994, -0.1406837, -0.3088564)    0    0   7.37556411  4 2.280   4.39676024
(-4.9285268, 15.4343767, 23.6449007,  0.3320289, -0.1018422,  0.7064258,  0.6167232)    0    0   9.87379650  6 0.600   6.47910673
(-0.1463219, 19.4292622, 19.8068899,  0.6809585,  0.1789512,  0.5958720,  0.3862752)    0    0  -0.58803654  3 1.520  -0.43835333
( 5.3647064, 12.3709686, 28.1020685, -0.4552551,  0.1568018,  0.0997367, -0.8707517)    0    0  25.48778707  5 0.520  17.20356455
(-7.3483662, 15.4849220, 15.9525432,  0.6334395,  0.0933666,  0.7676766, -0.0266399)    0    0 -31.61228719  1 5.000 -20.35219183
(-0.3909692, 11.8730225, 24.6293665,  0.5216567, -0.7435136, -0.3336939,  0.2524089)    0    0   6.32851787  1 3.240   4.68115235
(-4.8986739, 15.6224334, 23.4931450,  0.3320289, -0.1018422,  0.7064258,  0.6167232)    0    0  10.61997645  3 0.560   7.32874627
( 0.1640295, 19.4284333, 20.0601709,  0.6809710,  0.1789730,  0.5958602,  0.3862614)    0    0  -2.44340016 16 0.000  -2.41374549
( 5.0921557, 12.8641564, 19.5602714, -0.1880259,  0.0632204,  0.8977421,  0.3933300)    0    0 -11.99767511  6 0.520  -8.90612766
(-1.9841980, 15.3491226, 27.4987080, -0.0509077, -0.6665523, -0.6294274,  0.3961535)    0    0  26.03330623 12 0.000  17.27800642
( 4.9912550, 13.1841122, 19.5917753, -0.1880259,  0.0632204,  0.8977421,  0.3933300)    0    0 -11.91299853  6 0.360  -7.80974393
(-0.1021237, 19.4762115, 20.2938013,  0.6809659,  0.1789642,  0.5958650,  0.3862670)    0    0  -1.67325421  4 0.480  -0.47039243
(-1.5564027, 15.3010574, 27.1492832, -0.0503155, -0.6667885, -0.6292617,  0.3960939)    0    0  25.64670170 15 0.000  16.93229739
(-8.9885306, 16.5923570, 28.6550109, -0.2271091,  0.1880058, -0.1236849,  0.9475111)    0    0  22.96168592  7 0.320  15.32211469
(-9.3815661, 16.3845163, 28.6674289, -0.2271091,  0.1880058, -0.1236849,  0.9475111)    0    0  22.86246260  9 0.160  15.16709172
( 5.1756410, 12.4053565, 28.0813827, -0.4552551,  0.1568018,  0.0997367, -0.8707517)    0    0  25.28758452 12 0.840  15.83557621
(-1.0794688, 17.5874232, 25.2575571,  0.4846430,  0.7186316, -0.3069712, -0.3930120)    0    0  20.25791434  2 0.400  13.82178090
(-0.8398195, 18.0131504, 25.5384281,  0.4846431,  0.7186316, -0.3069712, -0.3930120)    0    0  18.81618718  0 0.480  11.50010087
( 5.1481894, 12.4024736, 27.9169007, -0.4552551,  0.1568018,  0.0997367, -0.8707517)    0    0  26.03202690  6 0.480  17.61750555
( 4.6586405, 18.1102368, 24.0681973,  0.6018941,  0.7195202, -0.1482740, -0.3129385)    0    0   4.06527428  7 1.560   3.35412484
(-7.3272592, 15.0006187, 16.4542151,  0.6334395,  0.0933666,  0.7676766, -0.0266399)    0    0 -32.96877648  5 5.000 -20.94357260
( 5.1109234, 12.7170752, 19.5105564, -0.1880259,  0.0632204,  0.8977421,  0.3933300)    0    0 -10.78720856  3 2.280  -7.51426331
(-0.1584864, 19.8818539, 19.7665341,  0.6809804,  0.1789895,  0.5958512,  0.3862510)    0    0  -3.59986658  4 0.480  -2.40124041
(-1.4939156, 15.4388121, 27.0203935, -0.0510898, -0.6664795, -0.6294783,  0.3961717)    0    0  26.19532692 14 0.000  17.42851307
(-0.2540066, 19.7227613, 19.8522810,  0.6811091,  0.1792135,  0.5957286,  0.3861091)    0    0  -0.63096455  4 0.960  -0.40062283
( 0.1172911, 20.2950064, 20.1040806,  0.6812529,  0.1794638,  0.5955916,  0.3859506)    0    0  -2.22931378  3 0.320  -0.18820674
(-1.5946005, 15.1871397, 27.5970587, -0.0510897, -0.6664795, -0.6294783,  0.3961717)    0    0  26.66190877  4 1.640  17.68876756
(-1.7416077, 15.2023444, 27.6508380, -0.0510896, -0.6664795, -0.6294783,  0.3961717)    0    0  26.48194783  4 0.320  17.57833801
(-0.9237855, 13.8887554, 26.5636422,  0.0044636, -0.6873613, -0.6127988,  0.3898617)    0    0  15.60747487  0 0.800  12.60125765
(-1.2235004, 17.7912146, 25.3497657,  0.4846431,  0.7186316, -0.3069712, -0.3930120)    0    0  17.29591202 11 0.000  11.21546657
( 5.2003283, 12.6886366, 27.9892853, -0.4552551,  0.1568018,  0.0997367, -0.8707517)    0    0  25.81386912  4 0.520  17.68407422
( 4.6055807, 18.0285058, 24.2610954,  0.6067578,  0.7187978, -0.1406685, -0.3088481)    0    0   9.83625118  0 4.360   6.59210010
(-1.4484809, 15.0800521, 27.5155740, -0.0510897, -0.6664795, -0.6294783,  0.3961717)    0    0  25.82300199 19 0.000  17.44220169
(-0.0648940, 19.7230012, 19.8437855,  0.6809930,  0.1790114,  0.5958392,  0.3862371)    0    0  -3.76554794  0 0.400  -2.56808273
(-1.3232714, 17.7802038, 25.3529589,  0.4846430,  0.7186316, -0.3069712, -0.3930120)    0    0  20.78054537  3 0.720  14.10505987
(-1.1734246, 17.6465547, 25.6301507,  0.4846431,  0.7186316, -0.3069712, -0.3930120)    0    0  19.85974681 13 0.240  13.56033322
(-1.6716235, 15.3785655, 27.7732383, -0.0506006, -0.6666750, -0.6293415,  0.3961227)    0    0  25.84930024  1 0.720  17.19318481
( 0.1169311, 20.1695427, 20.1040600,  0.6809800,  0.1789888,  0.5958515,  0.3862514)    0    0  -1.87497586  0 0.400  -0.83629290
(-0.2010741, 19.5570087, 20.1596816,  0.6809615,  0.1789565,  0.5958692,  0.3862718)    0    0  -2.20418027  3 0.320  -2.40447842
(-0.6834860, 17.7964171, 25.6586636,  0.4846430,  0.7186316, -0.3069712, -0.3930120)    0    0  20.18052972  2 0.560  13.53549792
(-6.6419145, 23.3555487, 25.8137478, -0.6252275,  0.0350308,  0.1644782,  0.7621092)    0    0   5.59665140  3 5.000   3.56879160
(-1.8392794, 15.1157965, 27.6981865, -0.0458721, -0.6685415, -0.6280016,  0.3956363)    0    0  25.07223468  0 0.400  17.32023032
( 0.0342824, 19.7956021, 19.8964305,  0.6809628,  0.1789587,  0.5958680,  0.3862704)    0    0  -1.42030096  5 0.400  -0.32126661
(-0.0723848, 19.7037043, 20.0065100,  0.6809605,  0.1789547,  0.5958702,  0.3862730)    0    0  -1.45833449  6 0.320  -0.62153635
(-0.8946013, 17.7790243, 25.5097554,  0.4846430,  0.7186316, -0.3069713, -0.3930120)    0    0  21.15909412  0 5.000  14.10713138
( 5.1497299, 12.7317868, 19.5404925, -0.1880259,  0.0632204,  0.8977421,  0.3933300)    0    0 -12.78896749  4 0.360  -8.05027801
( 5.1280183, 12.1506534, 27.8950980, -0.4552551,  0.1568018,  0.0997367, -0.8707517)    0    0  26.60859228  3 5.000  17.66484624
(-1.5643740, 15.2074368, 27.3187845, -0.0510896, -0.6664795, -0.6294783,  0.3961717)    0    0  26.81798666  1 5.000  17.70968939
(-4.7780048, 15.1775361, 23.6682750,  0.3320289, -0.1018422,  0.7064258,  0.6167232)    0    0  10.90651884  2 5.000   7.15022885
(-0.8720330, 17.8168270, 25.5556252,  0.4846430,  0.7186316, -0.3069713, -0.3930120)    0    0  20.94553629  1 4.880  13.95624759
(-0.3794957, 12.2712372, 25.1035296,  0.5154358, -0.7446407, -0.3386654,  0.2550883)    0    0   6.29495620  2 2.760   4.35864597
(-4.3630613, 14.9419119, 23.6908717,  0.3320289, -0.1018422,  0.7064258,  0.6167232)    0    0  10.00959461 10 0.240   6.81462383
(-9.3307872, 16.5019385, 28.8917146, -0.2271091,  0.1880058, -0.1236849,  0.9475111)    0    0  22.90837444 10 0.400  15.13512591
(-1.5944302, 15.1240577, 27.9192482, -0.0510898, -0.6664795, -0.6294783,  0.3961717)    0    0  26.29969495 11 0.000  17.49947036
(-9.2185309, 16.6591305, 28.5213709, -0.2271091,  0.1880058, -0.1236849,  0.9475111)    0    0  22.82245651  0 0.400  15.38637783
(-1.1333033, 17.4866240, 25.2363831,  0.4846430,  0.7186316, -0.3069712, -0.3930120)    0    0  19.78093459  0 0.400  13.79376162
( 5.1640772, 12.3381578, 27.9363611, -0.4552551,  0.1568018,  0.0997367, -0.8707517)    0    0  26.95132493  0 5.000  17.96888455
(-9.3476706, 16.3738717, 28.5582334, -0.2271091,  0.1880058, -0.1236849,  0.9475111)    0    0  23.15330157  6 0.400  15.43052915
( 5.1148528, 12.1557143, 27.8801664, -0.4552551,  0.1568018,  0.0997367, -0.8707517)    0    0  26.59510322  4 5.000  17.64797196
(-1.0828652, 17.8484671, 25.5350733,  0.4846430,  0.7186316, -0.3069712, -0.3930120)    0    0  17.68652779  0 0.400  13.78260161
(-1.5510504, 15.2598261, 27.8001262, -0.0510897, -0.6664795, -0.6294783,  0.3961717)    0    0  26.67579054  2 0.640  17.94461629
(-1.4876586, 14.9293479, 27.2111355, -0.0510898, -0.6664795, -0.6294783,  0.3961717)    0    0  26.05489584  0 0.400  17.36479523
(-9.1768167, 16.4940439, 28.6132757, -0.2271091,  0.1880058, -0.1236849,  0.9475111)    0    0  22.81405823 16 2.360  15.16683287
(-8.8159318, 16.6544872, 28.7123450, -0.2271091,  0.1880058, -0.1236849,  0.9475111)    0    0  23.18973133  4 1.560  15.45253552
(-0.3907895, 19.8730716, 19.8037209,  0.6809602,  0.1789543,  0.5958704,  0.3862732)    0    0  -0.64200408  5 0.960  -0.50043035
(-5.2205449, 15.6456113, 23.3539274,  0.3320289, -0.1018422,  0.7064258,  0.6167232)    0    0  10.01139464  3 0.320   7.02524199
( 0.2861913, 19.0490843, 19.8646776,  0.6809691,  0.1789698,  0.5958619,  0.3862634)    0    0  -2.25616927  3 0.320  -0.44351790
(-1.6320378, 15.1994077, 27.7844005, -0.0510896, -0.6664795, -0.6294783,  0.3961717)    0    0  26.71893667  2 2.800  17.83481437
(-0.2988480, 11.9992262, 24.8431877,  0.5216558, -0.7435138, -0.3336946,  0.2524092)    0    0   6.60523533  0 3.160   4.19801933
(-4.7611189, 15.1231912, 23.6921960,  0.3320289, -0.1018422,  0.7064258,  0.6167232)    0    0  10.55763739  4 0.520   7.19700857
(-1.7033278, 15.3621167, 27.5262093, -0.0510898, -0.6664795, -0.6294783,  0.3961717)    0    0  26.17173142  0 0.400  17.74141578
( 5.6300448, 12.2855398, 28.2534333, -0.4552551,  0.1568018,  0.0997367, -0.8707517)    0    0  25.78146107  1 0.440  17.89080326
(-9.4055572, 16.8280516, 28.4679639, -0.2271091,  0.1880058, -0.1236849,  0.9475111)    0    0  23.17592806  2 0.400  15.51107027
(-4.8534502, 15.5538702, 23.5274861,  0.3320289, -0.1018422,  0.7064258,  0.6167232)    0    0  10.75616069  4 5.000   7.05029440
( 4.8981937, 11.8178602, 27.6336435, -0.4552551,  0.1568018,  0.0997367, -0.8707517)    0    0  26.49682722  5 0.720  17.77084997
(-1.5784192, 15.2059379, 27.4205752, -0.0510896, -0.6664795, -0.6294783,  0.3961717)    0    0  27.24679045  0 5.000  18.16456223
( 4.5621683, 17.9774515, 24.3023709,  0.6067493,  0.7187992, -0.1406819, -0.3088554)    0    0   6.82431328  6 2.600   2.00109449
(-9.2707959, 16.4307688, 28.5517549, -0.2271091,  0.1880058, -0.1236849,  0.9475111)    0    0  22.82416057 14 2.360  14.83549785
(-6.7415823, 23.3958927, 25.9074751, -0.6252273,  0.0350308,  0.1644781,  0.7621089)    0    0   5.87355966  0 5.000   3.91570644
(-0.0601433, 19.8127242, 20.5747927,  0.6811203,  0.1792331,  0.5957179,  0.3860967)    0    0  -1.26123349  2 0.400  -0.33909255
(-1.4354972, 14.8597814, 27.5464230, -0.0510899, -0.6664795, -0.6294783,  0.3961717)    0    0  26.31890629 11 0.000  17.78580512
(-1.0377396, 17.5392518, 25.2188224,  0.4846430,  0.7186316, -0.3069713, -0.3930120)    0    0  20.92816741  2 2.000  13.92622395
(-7.1920325, 15.4606916, 16.2532192,  0.6334395,  0.0933666,  0.7676766, -0.0266399)    0    0 -32.32544977  4 5.000 -21.26692928
(-0.3451841, 19.8621012, 19.7363754,  0.6812490,  0.1794572,  0.5955951,  0.3859546)    0    0  -1.29617263  5 0.400  -0.44065149
(-0.2535470, 19.4454731, 19.9548871,  0.6809667,  0.1789655,  0.5958643,  0.3862661)    0    0  -3.81339590 11 0.000  -2.69135224
(-0.1302627, 19.3846741, 19.8104936,  0.6809605,  0.1789547,  0.5958702,  0.3862730)    0    0  -0.77906633  6 0.400  -0.30085575
(-1.1173179, 17.6978685, 25.5570990,  0.4846431,  0.7186316, -0.3069711, -0.3930119)    0    0  19.35993103  0 0.560  14.04806341
(-1.0124055, 17.5817413, 25.5756585,  0.4846431,  0.7186316, -0.3069712, -0.3930120)    0    0  19.30912873  0 0.480  14.20300274
(-1.3979472, 14.9736188, 27.8928146, -0.0510102, -0.6665113, -0.6294560,  0.3961637)    0    0  26.39952521  1 0.720  17.58201238
(-0.2896566, 19.4545693, 20.1706052,  0.6809664,  0.1789651,  0.5958645,  0.3862664)    0    0  -1.50271188  3 0.400  -0.61549496
( 5.1366037, 12.3788321, 27.9099939, -0.4552551,  0.1568018,  0.0997367, -0.8707517)    0    0  25.92950481  2 0.600  17.04678024
(-1.7478299, 15.2917752, 27.2669917, -0.0510897, -0.6664795, -0.6294783,  0.3961717)    0    0  26.10858033  0 0.400  17.52478333
( 5.0552960, 12.7520453, 19.4789920, -0.1880259,  0.0632204,  0.8977421,  0.3933300)    0    0 -11.62146037  5 1.960  -8.10106683
(-0.3009636, 19.8653398, 19.9167742,  0.6809658,  0.1789640,  0.5958651,  0.3862671)    0    0  -0.74059698  7 0.560  -0.36261827
(-8.8877647, 16.6255270, 28.6923364, -0.2271091,  0.1880058, -0.1236849,  0.9475111)    0    0  23.23255762  3 5.000  15.46660002
(-4.8181198, 15.1820400, 23.5957335,  0.3320289, -0.1018422,  0.7064258,  0.6167232)    0    0   8.58849974  9 0.320   5.41833400
( 5.3106306, 12.9648152, 19.7317415, -0.1880259,  0.0632204,  0.8977421,  0.3933300)    0    0 -11.39324384  4 0.960  -6.93484053
(-9.2051130, 16.7085957, 28.9480570, -0.2271091,  0.1880058, -0.1236849,  0.9475111)    0    0  22.77677126  8 0.360  15.09459095
( 0.0273850, 19.1591625, 19.9322401,  0.6811132,  0.1792205,  0.5957247,  0.3861046)    0    0  -0.86824592  6 0.320  -0.21590326
(-0.1666214, 19.1720033, 20.0729196,  0.6811125,  0.1792194,  0.5957253,  0.3861053)    0    0  -1.16478977  5 0.400  -0.52019102
(-0.9219087, 17.7744976, 25.5449267,  0.4846430,  0.7186316, -0.3069712, -0.3930120)    0    0  18.24618779 22 0.000   9.67104207
(-1.7241845, 15.4048592, 27.5377016, -0.0510899, -0.6664795, -0.6294783,  0.3961717)    0    0  26.10449021  6 0.480  16.80034833
(-1.5036156, 14.9364457, 27.2698613, -0.0508620, -0.6665705, -0.6294147,  0.3961489)    0    0  26.22273468 13 0.000  17.40677847
(-8.9053279, 16.4975302, 28.4620696, -0.2271091,  0.1880058, -0.1236849,  0.9475111)    0    0  23.14225253  6 0.200  15.41347496
( 5.2346436, 12.6034377, 28.0169332, -0.4552551,  0.1568018,  0.0997367, -0.8707517)    0    0  26.71781480  1 2.320  17.92789193
(-1.8161691, 15.2752475, 27.9239930, -0.0508735, -0.6665659, -0.6294179,  0.3961500)    0    0  25.66337130  8 0.160  17.32381126
(-7.1186569, 15.4923929, 16.3530559,  0.6334395,  0.0933666,  0.7676766, -0.0266399)    0    0 -30.82322168  0 5.000 -20.54881026
( 5.4183785, 13.0525329, 19.8756553, -0.1880259,  0.0632204,  0.8977421,  0.3933300)    0    0 -11.65874265  6 4.200  -6.91154287
(-1.2043308, 14.9971291, 27.8783292, -0.0410043, -0.6704229, -0.6265867,  0.3951129)    0    0  25.23776155  0 0.720  17.22893538
( 5.2097670, 13.1594423, 19.7491715, -0.1880259,  0.0632204,  0.8977421,  0.3933300)    0    0 -10.45763028  1 5.000  -6.28332551
(-9.1233600, 16.5129877, 28.6279345, -0.2271091,  0.1880058, -0.1236849,  0.9475111)    0    0  23.43471450  0 5.000  15.62318818
( 0.1635518, 20.0636835, 20.1840825,  0.6809886,  0.1790039,  0.5958434,  0.3862419)    0    0  -1.84834908  0 0.400  -0.58608889
(-0.3007211, 19.8722350, 19.8643221,  0.6809740,  0.1789783,  0.5958573,  0.3862581)    0    0  -2.81269873 20 0.000  -2.46880870
(-0.0642935, 19.2808729, 19.7598186,  0.6809574,  0.1789492,  0.5958731,  0.3862764)    0    0  -0.29100439  1 5.000   0.03532314
( 4.9863838, 12.1639133, 27.9688728, -0.4552551,  0.1568018,  0.0997367, -0.8707517)    0    0  24.07201377  0 0.400  15.39111709
(-0.0401533, 19.2599128, 20.0404028,  0.6811106,  0.1792160,  0.5957272,  0.3861075)    0    0  -2.40190966 23 0.000  -2.06808304
( 5.1176583, 12.8167212, 19.5532413, -0.1880259,  0.0632204,  0.8977421,  0.3933300)    0    0 -12.31780061  4 0.440  -8.29950774
(-1.5417290, 15.5553091, 27.4901481, -0.0508166, -0.6665886, -0.6294020,  0.3961443)    0    0  25.80382496  0 0.400  17.03131522
( 4.6840983, 18.0991077, 24.7685108,  0.6067506,  0.7187990, -0.1406799, -0.3088543)    0    0   8.12858928  2 2.120   6.58158703
( 0.0033214, 19.1758187, 20.1344077,  0.6811161,  0.1792257,  0.5957219,  0.3861014)    0    0  -0.66544522  6 0.640  -0.22261524
(-7.0768118, 15.4028888, 16.5131108,  0.6334395,  0.0933666,  0.7676766, -0.0266399)    0    0 -32.13208810  3 5.000 -21.73638625
(-4.7984664, 15.2900753, 23.6298885,  0.3320289, -0.1018422,  0.7064258,  0.6167232)    0    0   9.54869762  7 0.400   5.36966669
(-1.1083762, 17.5373730, 25.2126122,  0.4846431,  0.7186316, -0.3069711, -0.3930120)    0    0  18.78059219  1 0.480  13.90901169
(-1.4967887, 15.1560492, 27.7228666, -0.0510898, -0.6664795, -0.6294783,  0.3961717)    0    0  26.09903611  0 0.400  17.44478409
(-1.3459705, 17.4149039, 25.1477972,  0.4846430,  0.7186316, -0.3069712, -0.3930120)    0    0  18.88190476 18 0.000  11.53000335
(-1.3413837, 15.0135987, 27.2082922, -0.0510896, -0.6664795, -0.6294783,  0.3961717)    0    0  26.18476841  7 0.080  17.35455393
(-9.2000023, 16.4774125, 28.6061487, -0.2271091,  0.1880058, -0.1236849,  0.9475111)    0    0  23.27112655  1 4.080  15.39516467
(-1.3710581, 15.2990660, 27.2768064, -0.0507369, -0.6666205, -0.6293797,  0.3961363)    0    0  25.94221038 19 0.000  17.32117323
(-0.2540184, 19.7227873, 19.8522703,  0.6809574,  0.1789493,  0.5958731,  0.3862763)    0    0   0.04255061  0 5.000   0.03582373
(-4.8537255, 15.4845453, 23.5489252,  0.3320289, -0.1018422,  0.7064258,  0.6167232)    0    0  10.40030195  8 3.480   6.82048368
(-1.1105499, 17.8153535, 25.4846760,  0.4846431,  0.7186316, -0.3069712, -0.3930120)    0    0  19.06316850  0 0.480  13.65990900
(-4.6134978, 15.5293958, 23.7597550,  0.3320289, -0.1018422,  0.7064258,  0.6167232)    0    0  10.54008677  3 0.440   7.36136397
(-1.6162898, 15.3350150, 26.7723073, -0.0510898, -0.6664795, -0.6294783,  0.3961717)    0    0  26.48103767  6 0.320  17.55725598
( 4.8255835, 12.3556364, 27.4624879, -0.4552551,  0.1568018,  0.0997367, -0.8707517)    0    0  26.22700816  0 0.640  17.68202796
( 0.0404360, 19.6643180, 19.6101745,  0.6809779,  0.1789851,  0.5958536,  0.3862538)    0    0  -2.45142897  0 0.400  -2.80933837
(-4.9112192, 15.6320371, 23.4816692,  0.3320289, -0.1018422,  0.7064258,  0.6167232)    0    0  10.97918262  1 3.000   7.44192836
(-4.8718177, 15.5580619, 23.5038939,  0.3320289, -0.1018422,  0.7064258,  0.6167232)    0    0   9.90124496 11 0.160   6.51188910
(-0.3458318, 19.1879269, 19.6621883,  0.6809870,  0.1790009,  0.5958449,  0.3862437)    0    0  -2.37769570 11 0.000  -0.60613959
(-1.5789911, 15.2034158, 27.4389170, -0.0510898, -0.6664795, -0.6294783,  0.3961717)    0    0  26.65605156  4 0.640  17.84189798
(-0.9285994, 17.5076084, 25.4874903,  0.4846431,  0.7186316, -0.3069712, -0.3930120)    0    0  19.25761083  0 0.400  14.19509167
(-0.0530896, 19.7123111, 20.4476836,  0.6812596,  0.1794759,  0.5955849,  0.3859428)    0    0  -1.85774688  0 0.400  -0.53043618
( 4.6092059, 18.0273800, 24.3621365,  0.6067553,  0.7187982, -0.1406723, -0.3088502)    0    0   6.90108903  5 1.480   2.02780323
(-8.7814744, 16.5749512, 28.8422655, -0.2271091,  0.1880058, -0.1236849,  0.9475111)    0    0  23.26254936  1 0.640  15.66871625
( 5.1279839, 12.1652881, 27.8977520, -0.4552551,  0.1568018,  0.0997367, -0.8707517)    0    0  25.20246517 12 0.160  15.56717470
(-0.6454898, 17.4954664, 25.1575906,  0.4846430,  0.7186316, -0.3069712, -0.3930120)    0    0  19.99898373  3 0.280  13.86697623
(-8.7997315, 16.7551497, 28.8341442, -0.2271091,  0.1880058, -0.1236849,  0.9475111)    0    0  22.86064011  0 0.400  15.32486062
(-0.8732941, 18.0749037, 25.5856536,  0.4846431,  0.7186316, -0.3069711, -0.3930120)    0    0  17.88873753  0 0.400  11.34206700
(-0.1984681, 19.7526218, 20.3659113,  0.6809812,  0.1789910,  0.5958504,  0.3862500)    0    0  -1.21440205  2 0.640  -0.56922979
(-1.6805260, 15.0690031, 27.0009955, -0.0510901, -0.6664795, -0.6294783,  0.3961717)    0    0  25.71672462 15 0.000  17.47137202
(-4.7757676, 15.0972743, 23.6938982,  0.3320289, -0.1018422,  0.7064258,  0.6167232)    0    0  10.86335849  3 5.000   7.23126085
(-1.7604916, 14.8504310, 27.2555392, -0.0418052, -0.6701161, -0.6268220,  0.3952006)    0    0  24.45199773  0 0.400  16.71486082
( 4.6340863, 18.0363530, 23.8641328,  0.5965018,  0.7203119, -0.1566936, -0.3174641)    0    0   0.95205914  9 2.600  -0.73242547
( 5.1563531, 13.0119005, 19.6529241, -0.1880259,  0.0632204,  0.8977421,  0.3933300)    0    0  -9.03466972  0 5.000  -6.02311307
(-5.0266474, 15.2843064, 23.4439190,  0.3320289, -0.1018422,  0.7064258,  0.6167232)    0    0   9.80958678  5 0.200   6.41230767
( 4.1343440, 18.0071968, 24.3837179,  0.5641945,  0.7229567, -0.2043128, -0.3424536)    0    0   1.76265813  8 3.640  -1.45214522
(-1.7700997, 15.2299752, 27.9494949, -0.0509304, -0.6665432, -0.6294338,  0.3961557)    0    0  25.83487967 12 0.000  17.33643867
(-0.0970232, 19.7858192, 20.1311262,  0.6809782,  0.1789857,  0.5958533,  0.3862534)    0    0  -4.13047034  2 0.400  -4.86227399
(-0.1678736, 19.5311478, 19.2763647,  0.6809747,  0.1789795,  0.5958566,  0.3862573)    0    0  -3.55992794  0 0.400  -2.53917644
