#Coordinates  RecID  LigID  Luciferin  Neighbor's number  Vision Range  Scoring
( 0.0967267, 17.4050282, 24.8941157,  0.4849437,  0.7186868, -0.3066793, -0.3927676)    0    0  11.25323176  8 0.200   7.51044409
( 0.0723176, 17.4166932, 24.8543908,  0.4846479,  0.7186298, -0.3069654, -0.3930138)    0    0  16.85572494  3 1.560  12.16515712
(-0.5757139, 19.2293654, 19.7623563,  0.6807422,  0.1790005,  0.5962139,  0.3861058)    0    0  -4.70079988 15 0.000  -2.92030886
( 0.0958102, 19.3710200, 19.9211761,  0.6809620,  0.1791103,  0.5960002,  0.3859966)    0    0  -4.98454016  0 0.400  -0.76412405
(-0.7383259, 18.4345911, 19.5813904,  0.6805629,  0.1788285,  0.5962630,  0.3864255)    0    0 -19.46918780 22 0.120  -7.05660851
(-1.0500815, 18.3537501, 19.0914074,  0.6805675,  0.1789907,  0.5962018,  0.3864368)    0    0 -27.14232264 16 0.920 -12.21358702
(-4.2882772, 15.5369956, 23.5345692,  0.3320247, -0.1018478,  0.7064305,  0.6167192)    0    0   9.13873778  5 2.760   6.31409883
( 4.8243719, 14.0466103, 27.5625442, -0.4552314,  0.1567401,  0.0996892, -0.8707807)    0    0  22.89788746  1 4.120  15.84816330
(-0.8203485, 11.9896558, 25.1284299,  0.6305436, -0.7114859, -0.2378142,  0.1990197)    0    0  -5.89038978  8 2.680  -3.25683275
(-0.0882919, 18.9021053, 19.5086996,  0.6807866,  0.1788009,  0.5959850,  0.3864734)    0    0  -3.00917201 18 0.000  -2.75803418
(-1.6633833, 15.6442222, 27.4007161, -0.0510985, -0.6664512, -0.6295136,  0.3961620)    0    0  25.82601662  0 0.480  17.10037632
(-0.1598083, 19.3424716, 19.6981738,  0.6809207,  0.1788910,  0.5959074,  0.3863153)    0    0  -0.87377993  3 3.560   0.02537245
( 0.1210401, 17.3440302, 24.7816418,  0.4846686,  0.7186220, -0.3069430, -0.3930201)    0    0  15.23128671  9 4.440   9.76860287
(-0.0337608, 17.4626418, 24.9333529,  0.4846424,  0.7186316, -0.3069720, -0.3930123)    0    0  18.36501854  0 5.000  12.24343047
(-1.8324881, 15.1886777, 27.5766095, -0.0434052, -0.6674039, -0.6295716,  0.3953064)    0    0  23.80054971  0 0.400  17.02258908
(-6.7341963, 23.3929031, 25.9005308, -0.6252356,  0.0350035,  0.1644716,  0.7621052)    0    0   5.57938036  2 5.000   3.62153457
( 5.0801154, 12.4185967, 19.2842755, -0.1880875,  0.0632681,  0.8978103,  0.3931373)    0    0 -13.69312080 10 2.200  -8.64008394
(-1.4064521, 15.2500415, 27.3707773, -0.0510671, -0.6664213, -0.6295527,  0.3961543)    0    0  25.92179096  4 0.520  17.22202773
(-0.9605066, 20.3816872, 25.3270484,  0.4982757,  0.7208110, -0.2923772, -0.3829497)    0    0   5.15388469  7 2.520   3.25407236
(-1.4754673, 14.5999523, 27.6333301, -0.0507860, -0.6664448, -0.6295677,  0.3961269)    0    0  26.05022108 10 0.000  17.77652649
( 4.7975231, 18.3252456, 24.7440484,  0.5925431,  0.7207787, -0.1617443, -0.3212401)    0    0  -0.81476129  9 2.600  -1.03310797
(-0.5145648, 11.9264508, 24.4917663,  0.6556964, -0.6950403, -0.2161496,  0.2006505)    0    0 -20.07235348 13 1.080  -6.18117044
(-8.6730146, 16.7972960, 28.9437006, -0.2270775,  0.1879929, -0.1236711,  0.9475231)    0    0  22.31230126  1 0.520  14.87671191
(-1.4749207, 14.6323721, 27.7812897, -0.0511031, -0.6664703, -0.6294881,  0.3961698)    0    0  26.40606841  4 0.440  17.94997265
(-7.0805051, 23.5330781, 26.2261264, -0.6252612,  0.0349245,  0.1644469,  0.7620931)    0    0   5.42367506  3 5.000   3.91266300
(-4.3282893, 15.4350923, 23.6393628,  0.3320450, -0.1018384,  0.7064180,  0.6167241)    0    0   8.58257374 10 1.480   6.18566098
(-0.2239025, 19.5901392, 19.8815065,  0.6808933,  0.1790237,  0.5959083,  0.3863006)    0    0  -3.03955469  0 0.400  -0.15465077
(-1.7276585, 15.3986223, 27.5004059, -0.0511092, -0.6664786, -0.6294765,  0.3961735)    0    0  26.47721145  3 5.000  17.67880066
(-1.7531531, 15.4799764, 27.3507204, -0.0510975, -0.6664493, -0.6295130,  0.3961663)    0    0  25.87037949  3 0.560  17.61615389
( 0.3104507, 17.5905306, 25.0736373,  0.4846649,  0.7186239, -0.3069465, -0.3930184)    0    0  15.64008297  8 4.760   9.53363675
(-1.8530829, 15.2279411, 26.9120054, -0.0510946, -0.6664585, -0.6294990,  0.3961735)    0    0  26.17647000  5 0.360  17.44641706
(-0.2213088, 19.6284779, 20.0232458,  0.6809032,  0.1789171,  0.5959497,  0.3862686)    0    0  -2.21689605  7 0.640  -0.62634675
( 4.9112474, 12.8889393, 19.4419478, -0.1881141,  0.0632741,  0.8978278,  0.3930837)    0    0 -16.30582843 11 3.160 -12.52497027
(-0.3291447, 20.1278788, 20.1336857,  0.6808980,  0.1788384,  0.5959367,  0.3863344)    0    0  -2.43517732 10 0.320  -2.04949147
( 0.5146398, 17.4812016, 24.8734674,  0.4846448,  0.7186309, -0.3069702, -0.3930120)    0    0  17.01658879  2 3.720  12.25821454
(-1.5279234, 14.6558783, 27.6926178, -0.0510773, -0.6663955, -0.6295679,  0.3961721)    0    0  25.59665384  0 0.600  16.59289832
(-8.4964216, 16.5411315, 29.1579140, -0.2272030,  0.1880646, -0.1237055,  0.9474742)    0    0  22.47614207  8 4.440  14.91906190
(-7.4354182, 15.3759906, 15.9025613,  0.6334395,  0.0933667,  0.7676766, -0.0266399)    0    0 -34.44711296  0 5.000 -22.62624503
(-0.3524128, 19.8490589, 19.9166250,  0.6807912,  0.1788174,  0.5959810,  0.3864638)    0    0  -4.55381652 16 0.000  -2.64385172
( 4.8592149, 18.3656880, 24.7432517,  0.6110070,  0.7180620, -0.1337512, -0.3052346)    0    0   3.10281368  3 0.680   6.69562089
(-0.0517642, 17.6934538, 25.0077617,  0.4850818,  0.7186960, -0.3065463, -0.3926837)    0    0  10.03367714 18 0.120   4.74503086
( 4.2306233, 14.2723887, 27.8740057, -0.4550027,  0.1567085,  0.0992626, -0.8709546)    0    0  20.78732332  2 0.440  14.50530286
( 4.8300475, 18.3247853, 24.6999385,  0.6032727,  0.7193527, -0.1462729, -0.3117657)    0    0   4.11730692  0 3.000   5.70882510
(-4.3659393, 15.6260942, 23.6237765,  0.3320451, -0.1018375,  0.7064167,  0.6167257)    0    0   9.03404573  6 1.640   6.47793056
(-0.0847100, 18.8396692, 19.6650731,  0.6806116,  0.1789652,  0.5961019,  0.3865254)    0    0  -7.50791077  6 0.440  -3.68336754
( 4.9391070, 13.6441008, 27.8509010, -0.4552595,  0.1568074,  0.0997452, -0.8707475)    0    0  22.58110299  6 4.920  15.61527164
(-7.4413722, 15.3392290, 15.9272257,  0.6334294,  0.0933349,  0.7676862, -0.0267153)    0    0 -35.39542437  2 5.000 -24.06980412
(-0.4923023, 11.7143371, 25.2355152,  0.6270356, -0.7138930, -0.2391954,  0.1999153)    0    0  -4.20049262  6 3.400  -1.36778604
(-4.2436645, 15.5397382, 23.5322672,  0.3320616, -0.1018446,  0.7064416,  0.6166871)    0    0   7.94253283  9 0.400   5.25929961
( 0.0356878, 19.6666654, 20.1804998,  0.6809192,  0.1788845,  0.5959132,  0.3863119)    0    0  -2.80904962  3 0.280  -2.31163614
( 5.1231696, 12.4807171, 19.3427669, -0.1881133,  0.0632580,  0.8978115,  0.3931237)    0    0 -12.54168874  6 3.560  -6.40633964
(-1.4814014, 15.9472318, 28.0562285, -0.0502612, -0.6657871, -0.6302919,  0.3961457)    0    0  20.99027787  0 0.600  15.98094100
( 5.2053896, 12.6323127, 19.4579863, -0.1880644,  0.0632468,  0.8977822,  0.3932160)    0    0 -13.09339612  6 0.360  -8.03769945
(-0.0597779, 19.1199009, 19.2382785,  0.6807381,  0.1788970,  0.5959698,  0.3865379)    0    0  -3.19276771  2 0.560  -1.42479004
(-0.5431268, 11.7865691, 24.9501757,  0.6402862, -0.7050055, -0.2325770,  0.1966838)    0    0 -10.82985105 11 1.960  -3.60997781
(-8.8382833, 16.3259646, 29.0544375, -0.2269897,  0.1879768, -0.1236247,  0.9475533)    0    0  22.03423754  7 0.360  14.50161783
(-9.3703819, 16.3418146, 28.8547494, -0.2269405,  0.1880180, -0.1235655,  0.9475646)    0    0  22.40252240  7 0.440  15.30354290
( 4.7793772, 13.6059785, 27.8632121, -0.4552485,  0.1567612,  0.0997220, -0.8707641)    0    0  22.82486773  3 5.000  15.65259751
( 3.0624364, 17.8719174, 24.4392328,  0.4892679,  0.7192007, -0.3013721, -0.3904909)    0    0   1.39080026 16 2.840   1.65073953
(-0.3572622, 18.3342605, 25.3757314,  0.4862639,  0.7188990, -0.3051541, -0.3919263)    0    0  11.23971255  6 1.160   8.21156489
( 4.6885444, 13.5430559, 28.0462827, -0.4552643,  0.1568540,  0.0997554, -0.8707354)    0    0  22.53078181  7 2.600  16.03629752
( 4.8433035, 18.3510648, 24.7335680,  0.6086064,  0.7184819, -0.1389934, -0.3065177)    0    0   3.19996604  1 1.560   6.51146999
(-7.4262584, 15.4203010, 15.8763663,  0.6334381,  0.0933656,  0.7676773, -0.0266569)    0    0 -36.07176266  3 5.000 -24.54422352
( 5.2515342, 12.7164786, 19.6818332, -0.1880695,  0.0632311,  0.8977688,  0.3932465)    0    0 -12.06922465  3 4.600  -7.82372477
(-0.1135109, 18.7509182, 19.5949445,  0.6807745,  0.1789726,  0.5960163,  0.3863670)    0    0 -14.66044599 10 0.440  -3.54012882
(-1.6009614, 14.9709338, 27.7351372, -0.0510725, -0.6664284, -0.6295435,  0.3961562)    0    0  26.31313431  6 2.040  17.60719373
(-0.3499021, 19.2018807, 19.6749395,  0.6809449,  0.1789228,  0.5959521,  0.3861888)    0    0  -3.91064790 15 0.120  -1.48360677
(-0.2164706, 19.2181430, 19.3714647,  0.6807075,  0.1789785,  0.5960248,  0.3864691)    0    0  -3.20740019 13 0.000  -0.40082910
(-1.7709970, 15.3008768, 27.3112644, -0.0511083, -0.6664777, -0.6294780,  0.3961727)    0    0  26.52893314  1 4.520  17.73009607
(-1.5860079, 15.0203849, 27.6876242, -0.0511091, -0.6664786, -0.6294766,  0.3961735)    0    0  26.51743058  2 5.000  17.65408895
(-0.4843821, 11.6200201, 25.3118070,  0.6344266, -0.7087854, -0.2361769,  0.1980422)    0    0  -8.87385320 10 2.440  -2.03414329
( 1.0371077, 17.3916744, 24.6922203,  0.4861989,  0.7188308, -0.3051060, -0.3921691)    0    0   0.45153181 18 1.240   0.76534863
( 4.6089569, 13.8072212, 27.8947858, -0.4552525,  0.1568430,  0.0997331, -0.8707461)    0    0  21.74431306 11 0.280  14.85641467
( 4.6087652, 18.1628200, 24.4609849,  0.5734783,  0.7224998, -0.1904767, -0.3359097)    0    0  -1.64192073  8 0.520  -2.26034485
(-1.2613369, 14.8370016, 27.7585573, -0.0510571, -0.6663605, -0.6296094,  0.3961676)    0    0  25.34445575 10 0.000  17.20644919
(-0.0901765, 19.3668577, 19.7543363,  0.6808189,  0.1788102,  0.5959822,  0.3864166)    0    0  -2.14140760  1 0.840  -1.27203485
(-1.9719451, 22.1189531, 22.9792467,  0.5013899,  0.7213454, -0.2846963, -0.3836887)    0    0 -13.88542838  6 4.920  -2.20128433
(-0.2210715, 17.3900778, 24.8540003,  0.4846536,  0.7186276, -0.3069597, -0.3930151)    0    0  16.84460263  4 2.920  12.51541464
(-1.4893238, 15.1235321, 28.1009654, -0.0511075, -0.6664769, -0.6294796,  0.3961717)    0    0  26.41944594  4 3.800  17.76509601
( 0.0869328, 19.2093326, 19.6321188,  0.6807736,  0.1792168,  0.5959181,  0.3864068)    0    0  -5.71270265 11 0.080  -3.96591466
(-0.2573153, 19.0818426, 19.4945265,  0.6808346,  0.1788542,  0.5960525,  0.3862600)    0    0  -4.50821239  9 0.320  -1.63553736
( 2.4210258, 17.6131771, 24.4724645,  0.4885359,  0.7191289, -0.3022729, -0.3908649)    0    0   1.21203587 17 2.200   2.39744169
(-6.6419065, 23.3555468, 25.8137571, -0.6252277,  0.0350305,  0.1644781,  0.7621090)    0    0   5.59625475  1 5.000   3.56879160
(-0.4663531, 11.7989557, 24.9021756,  0.6265786, -0.7140422, -0.2399387,  0.1999286)    0    0  -3.65380898  4 5.000  -1.83629391
(-0.2769632, 18.5424919, 19.5790802,  0.6807814,  0.1790506,  0.5960885,  0.3862072)    0    0 -19.10305726 11 0.600  -7.99454710
( 0.3355046, 19.6631307, 19.6270090,  0.6807543,  0.1786738,  0.5960665,  0.3864633)    0    0  -2.74044439  4 0.480  -0.57001030
(-1.2205047, 21.7963455, 23.4981079,  0.4933417,  0.7200613, -0.2963062, -0.3876016)    0    0  -5.82134861  8 4.280  -1.04921691
( 5.0274579, 13.0281778, 19.0506554, -0.1880235,  0.0632511,  0.8977690,  0.3932649)    0    0 -13.21912477  9 1.480  -7.37282425
( 4.5421629, 14.1218680, 27.7875994, -0.4552406,  0.1567575,  0.0997076, -0.8707706)    0    0  22.86842014  2 5.000  15.78722687
(-1.6222960, 15.0754071, 27.6137960, -0.0511094, -0.6664788, -0.6294761,  0.3961737)    0    0  26.86755697  0 5.000  17.91293891
(-4.2748940, 15.2589055, 23.6084142,  0.3320677, -0.1018263,  0.7064027,  0.6167314)    0    0   9.18851844  4 4.440   6.71988977
(-0.0621896, 17.7242807, 25.0423017,  0.4850885,  0.7186890, -0.3064710, -0.3927471)    0    0  11.43572261 13 0.280   7.14281691
(-0.4680102, 11.6715418, 25.2216986,  0.6258113, -0.7146606, -0.2399300,  0.2001348)    0    0  -0.35859404  0 5.000  -0.23759823
(-4.3443810, 15.4223245, 22.9823949,  0.3320201, -0.1018511,  0.7064374,  0.6167132)    0    0   7.40007651  0 0.840   5.35671118
(-8.8766941, 16.3064799, 29.0107628, -0.2272034,  0.1880650, -0.1237045,  0.9474742)    0    0  22.50564829  2 0.440  15.15306944
(-1.5388306, 15.0427341, 27.6631404, -0.0483942, -0.6668504, -0.6294890,  0.3958592)    0    0  22.00188539  5 0.440  17.47070585
(-8.5020268, 16.6035222, 29.2138358, -0.2271423,  0.1880120, -0.1237018,  0.9474997)    0    0  22.52522763  4 2.040  14.95436158
(-0.4230339, 17.5220067, 24.9398544,  0.4846939,  0.7186236, -0.3068944, -0.3930238)    0    0  15.93842017  2 0.600  12.01849702
( 4.6266101, 13.8825899, 27.7894379, -0.4552358,  0.1568243,  0.0997024, -0.8707617)    0    0  21.18814471 12 0.440  15.34487529
(-8.5046084, 16.3117986, 28.9416882, -0.2271679,  0.1880303, -0.1237055,  0.9474895)    0    0  22.37073334  7 0.520  14.90418204
( 4.9279689, 13.9901985, 27.6377739, -0.4552247,  0.1567478,  0.0996767, -0.8707842)    0    0  22.81378563  4 5.000  15.88018653
(-0.2188486, 17.3911399, 25.2924624,  0.4848657,  0.7186362, -0.3067454, -0.3929051)    0    0  14.18629258  0 0.600  12.05435598
(-1.5265638, 14.9063759, 27.6889159, -0.0499624, -0.6662491, -0.6298611,  0.3960928)    0    0  24.87435667 15 0.000  17.43684402
(-1.7781049, 15.3908433, 27.4133309, -0.0494002, -0.6662072, -0.6299745,  0.3960549)    0    0  23.49778428 26 0.000  17.15754870
(-8.8895312, 16.4817374, 29.1185429, -0.2271405,  0.1880256, -0.1236913,  0.9474988)    0    0  22.73575126  1 5.000  15.26268101
(-8.6671003, 16.4908165, 29.1160094, -0.2271091,  0.1880057, -0.1236850,  0.9475111)    0    0  22.76162088  0 1.800  15.30239252
( 0.1725884, 18.8748689, 19.6359002,  0.6809632,  0.1789964,  0.5959996,  0.3860491)    0    0  -4.81409353  5 0.560  -4.13753374
(-4.2317313, 15.4259785, 23.4858134,  0.3320252, -0.1018441,  0.7064285,  0.6167219)    0    0   9.01229058  7 3.320   6.09458213
(-0.2351768, 19.6171248, 19.9015307,  0.6809060,  0.1789198,  0.5958985,  0.3863415)    0    0  -1.05520514  5 2.360  -0.60816501
(-1.7734563, 15.3916233, 27.4244911, -0.0493850, -0.6665834, -0.6296203,  0.3959836)    0    0  25.57929295  0 0.480  17.44219309
(-0.5798818, 11.8231895, 24.7321924,  0.6472563, -0.7011128, -0.2173948,  0.2055228)    0    0 -17.70421514 12 1.080  -3.28719439
(-5.0712543, 15.3896335, 24.8342257,  0.3321788, -0.1018335,  0.7063983,  0.6166755)    0    0   4.83936267  1 0.600   5.22565189
(-1.6712546, 15.0594432, 27.4976346, -0.0505039, -0.6661481, -0.6298818,  0.3961625)    0    0  24.97343571  0 0.400  18.04517728
( 5.0870631, 13.8211336, 27.5750248, -0.4552283,  0.1568151,  0.0996868, -0.8707691)    0    0  21.77110106  1 0.600  15.43005511
(-9.0094293, 16.3520467, 29.1088423, -0.2270949,  0.1879882, -0.1236840,  0.9475181)    0    0  22.30297096  7 0.280  14.97822862
(-4.3280055, 15.4494605, 23.6327398,  0.3320288, -0.1018422,  0.7064258,  0.6167234)    0    0  10.27887813  0 5.000   6.99088201
( 4.1571794, 14.0239892, 28.2103297, -0.4550042,  0.1567761,  0.0992775, -0.8709395)    0    0  21.89747830  0 1.080  14.85811516
(-1.5783340, 15.0652590, 27.6116820, -0.0453583, -0.6671651, -0.6295870,  0.3955260)    0    0  24.73162968  0 0.400  18.14990663
( 4.8646365, 18.5112640, 25.0299977,  0.6018555,  0.7195570, -0.1485142, -0.3129580)    0    0   3.14007424  2 3.880   5.66665159
(-8.3918939, 16.5046085, 29.1152131, -0.2271674,  0.1880345, -0.1237023,  0.9474892)    0    0  22.49749687  7 1.400  15.05946176
(-6.7415823, 23.3958927, 25.9074751, -0.6252273,  0.0350308,  0.1644781,  0.7621089)    0    0   5.87114863  0 5.000   3.91570644
(-0.4774808, 18.4839070, 19.4391416,  0.6807218,  0.1790675,  0.5961527,  0.3862053)    0    0 -22.16612624 14 0.520  -7.61841670
(-1.7451032, 15.1801326, 27.3973330, -0.0511005, -0.6664666, -0.6294931,  0.3961686)    0    0  26.24315800  7 1.000  17.25404040
(-0.3027537, 18.9452658, 25.5420320,  0.4886056,  0.7192601, -0.3027239, -0.3902352)    0    0  10.69628119  5 1.400   7.50656909
(-7.3567367, 15.8721013, 15.5667206,  0.6334143,  0.0933288,  0.7676966, -0.0267946)    0    0 -36.30869223  4 5.000 -23.38376166
(-0.3468820, 19.7524253, 19.8471543,  0.6809015,  0.1789118,  0.5959035,  0.3863454)    0    0  -2.74331560 14 2.040  -2.91971640
(-0.1112783, 19.4732006, 19.7932953,  0.6808210,  0.1788659,  0.5959482,  0.3864396)    0    0  -3.09583767 21 0.360  -0.85787538
(-0.2551435, 19.7600154, 19.9250979,  0.6808303,  0.1789401,  0.5959149,  0.3864401)    0    0  -2.39698218  8 0.360  -0.45085481
(-0.0383474, 17.9589326, 25.0879176,  0.4848545,  0.7186406, -0.3066626, -0.3929755)    0    0  12.19898854 12 0.520   9.25349303
(-0.0255611, 18.4749910, 25.3857883,  0.4860375,  0.7188374, -0.3055381, -0.3920229)    0    0  12.64048715  6 1.480  10.14692748
(-1.7184875, 14.8772578, 27.8585955, -0.0499900, -0.6665672, -0.6295504,  0.3960482)    0    0  25.70468931 16 0.000  17.77052062
(-0.2471856, 18.8084560, 19.6699015,  0.6808214,  0.1785858,  0.5960767,  0.3863700)    0    0  -6.67382920  7 0.640  -4.63925628
( 4.8356259, 13.8667611, 27.7341070, -0.4552176,  0.1567243,  0.0996625, -0.8707938)    0    0  23.09692543  0 3.080  15.91831776
(-1.9653234, 14.9657327, 27.2347406, -0.0510040, -0.6662435, -0.6297351,  0.3961715)    0    0  25.74988069  0 0.400  17.38482467
( 5.0880095, 13.0136715, 19.6392776, -0.1880489,  0.0632309,  0.8977613,  0.3932737)    0    0 -11.87433951  2 5.000  -8.41101315
(-0.1420440, 19.2064374, 19.7676663,  0.6809233,  0.1789014,  0.5959014,  0.3863151)    0    0  -0.83628657  2 0.840   0.11711397
(-8.5977733, 16.2885148, 28.9499553, -0.2261563,  0.1877495, -0.1231775,  0.9478559)    0    0  21.28491578  0 0.400  15.04673224
(-4.2720784, 15.1475815, 23.6435457,  0.3320264, -0.1018451,  0.7064305,  0.6167187)    0    0   7.27639520 14 3.560   3.77759599
( 5.1358864, 12.6067555, 19.4905428, -0.1880078,  0.0632362,  0.8977493,  0.3933197)    0    0 -12.48745636  5 0.520  -7.22970401
(-8.5534956, 16.5331806, 29.1506591, -0.2271737,  0.1880317, -0.1237084,  0.9474874)    0    0  22.46114970  9 4.360  15.05831899
(-0.0909975, 19.2621206, 19.7090929,  0.6808876,  0.1788363,  0.5959958,  0.3862625)    0    0  -2.90461263  6 0.520  -1.49032518
(-0.1702567, 19.2852675, 19.5011753,  0.6807833,  0.1791933,  0.5963375,  0.3857520)    0    0  -7.21637322 12 0.200  -2.65428030
(-0.4817583, 19.4904620, 25.6066670,  0.4943603,  0.7200957, -0.2971704, -0.3855477)    0    0   8.18073245  6 1.640   7.98165861
(-1.9281936, 15.1249194, 27.9806176, -0.0510977, -0.6664630, -0.6294960,  0.3961703)    0    0  26.21925972  8 0.520  17.81321364
(-0.3453058, 12.0140156, 24.5859181,  0.6258296, -0.7146560, -0.2398705,  0.2001655)    0    0  -1.33330089  2 5.000  -0.91971386
(-8.0551734, 16.4206091, 29.0127108, -0.2271718,  0.1880451, -0.1236982,  0.9474865)    0    0  22.51240808  5 5.000  15.01686308
( 4.5978979, 13.9371567, 27.6633667, -0.4553033,  0.1569619,  0.0998315, -0.8706868)    0    0  17.25867069 15 0.200  14.76271297
(-2.5802894, 13.9004875, 27.6878506, -0.0339018, -0.6710964, -0.6269903,  0.3941617)    0    0  11.40491619  0 1.240  13.12851504
(-7.5044971, 14.9723496, 16.1668292,  0.6334391,  0.0933664,  0.7676768, -0.0266444)    0    0 -34.98229514  1 5.000 -22.68129730
( 5.1110226, 12.6758318, 19.4517974, -0.1880063,  0.0632108,  0.8977258,  0.3933782)    0    0 -10.91286583  0 5.000  -7.26747601
(-0.4112305, 11.8485188, 24.8787159,  0.6274127, -0.7136433, -0.2390533,  0.1997890)    0    0  -4.43007794  7 4.280  -1.64753080
( 5.0297859, 12.3023765, 18.9185102, -0.1880844,  0.0632422,  0.8977854,  0.3931997)    0    0 -12.40134866  4 1.480  -8.16468372
(-8.9443804, 16.2856924, 28.9384006, -0.2271736,  0.1880316, -0.1237087,  0.9474874)    0    0  22.60512988  2 5.000  15.17296189
(-0.2359835, 19.6380805, 19.8887447,  0.6809112,  0.1789044,  0.5959038,  0.3863312)    0    0  -0.99458193  4 3.960  -0.72648139
(-0.4131992, 19.2563107, 19.6589219,  0.7145008,  0.2416230,  0.5588847,  0.3446083)    0    0 -12.54236573 20 0.000  -6.83181541
( 0.0665332, 19.1236296, 19.8360541,  0.6809237,  0.1793040,  0.5959017,  0.3861263)    0    0  -4.05323037  0 0.400  -0.62807673
( 5.1640076, 14.1437457, 27.4583741, -0.4552801,  0.1568378,  0.0997845, -0.8707267)    0    0  22.67642981  5 4.520  15.79299781
(-0.3152454, 20.2309200, 19.9911549,  0.6808646,  0.1788316,  0.5959630,  0.3863556)    0    0  -2.56911680  7 0.280  -2.26355568
( 4.8103296, 13.0616880, 19.3878732, -0.1880378,  0.0632210,  0.8977469,  0.3933133)    0    0 -11.32585273  1 3.160  -7.25914570
(-0.4904159, 11.6080119, 25.3404366,  0.6258119, -0.7146606, -0.2399273,  0.2001364)    0    0  -0.78099432  1 5.000  -0.59135999
( 4.3285450, 18.2063615, 24.6336503,  0.5419814,  0.7231534, -0.2336817, -0.3587454)    0    0   3.09320200  7 3.880   3.51011576
(-0.2568763, 19.7127552, 19.9256548,  0.6808635,  0.1788524,  0.5959461,  0.3863740)    0    0  -1.16582695  6 0.840  -0.66692194
(-7.4180922, 15.5573292, 15.7594013,  0.6334421,  0.0933749,  0.7676730, -0.0266531)    0    0 -37.50334520  5 5.000 -23.72948725
(-4.4449981, 14.9510001, 24.0135944,  0.3342103, -0.1016355,  0.7059328,  0.6161389)    0    0  -3.28960883  7 0.920   3.58404984
( 0.5883494, 17.4149806, 25.1981217,  0.4847063,  0.7186169, -0.3068808, -0.3930315)    0    0  13.21255384  7 0.360   7.36904846
(-1.6092860, 15.0741687, 27.6005379, -0.0510972, -0.6664625, -0.6294969,  0.3961697)    0    0  25.75930477 16 3.880  16.56557376
(-0.2668398, 18.0605899, 25.2506701,  0.4862166,  0.7188629, -0.3051243, -0.3920739)    0    0  12.07347486  9 0.920   8.66066413
(-1.5436503, 14.8878536, 27.7333313, -0.0511986, -0.6663863, -0.6295780,  0.3961558)    0    0  24.72827576  0 0.400  17.25714758
(-8.8677674, 16.5100745, 29.1390307, -0.2271941,  0.1880428, -0.1237085,  0.9474803)    0    0  22.36299017  8 0.360  15.04124373
(-0.4393888, 11.7391549, 25.1041926,  0.6258234, -0.7146577, -0.2398909,  0.2001547)    0    0  -1.49131769  3 5.000  -1.27868015
(-0.0048613, 19.5617840, 20.0635546,  0.6807212,  0.1785977,  0.5960987,  0.3865072)    0    0  -2.76637687  0 0.400  -0.24547063
(-4.1434307, 15.3518462, 23.3679702,  0.3320281, -0.1018412,  0.7064293,  0.6167198)    0    0   9.24333729  1 0.600   7.15365008
(-0.4325722, 17.4617326, 24.9849057,  0.4846423,  0.7186316, -0.3069723, -0.3930121)    0    0  17.07788544  1 5.000  12.29787786
(-4.4819314, 15.8808655, 23.7177246,  0.3320276, -0.1018433,  0.7064267,  0.6167227)    0    0  10.04471849  1 3.000   7.06797871
(-1.8405605, 14.7306193, 27.4824919, -0.0510886, -0.6664509, -0.6295129,  0.3961649)    0    0  26.13013404  1 0.400  17.58704716
( 5.0508851, 14.1573667, 27.3030783, -0.4552565,  0.1567967,  0.0997387, -0.8707517)    0    0  22.40460430  8 1.000  15.54797944
(-0.3738046, 19.9905929, 19.8757817,  0.6807875,  0.1790358,  0.5959728,  0.3863818)    0    0  -3.14430284  8 0.080  -0.20814847
(-4.4075023, 15.2381441, 23.8405956,  0.3320268, -0.1018442,  0.7064279,  0.6167216)    0    0   9.38115047  2 4.360   6.46718319
(-4.5526667, 15.5637168, 23.9415212,  0.3320666, -0.1018281,  0.7064030,  0.6167314)    0    0   8.96929475  8 0.480   5.75012793
(-0.1302761, 19.2908348, 19.8502430,  0.6807308,  0.1791529,  0.5960216,  0.3863522)    0    0  -9.87744253 14 0.000  -1.28068210
(-1.5236599, 15.3279781, 27.3959702, -0.0510443, -0.6663892, -0.6295951,  0.3961438)    0    0  26.00790464  3 0.680  16.96209855
( 0.2013500, 17.3554663, 24.7041640,  0.4846474,  0.7186302, -0.3069680, -0.3930117)    0    0  16.71318958  5 1.960  12.05469295
(-0.6160341, 19.8680396, 19.9687039,  0.6807996,  0.1787150,  0.5960481,  0.3863929)    0    0  -2.82913676  0 0.440  -2.25110097
( 3.9649973, 17.9396162, 24.4340197,  0.5535606,  0.7231873, -0.2190550, -0.3501224)    0    0  -0.75087896  9 2.840  -0.59093273
(-8.9769087, 16.4345181, 29.0325668, -0.2268572,  0.1879426, -0.1235450,  0.9476021)    0    0  21.78143012  6 0.440  14.32739359
( 4.0409624, 13.6798631, 28.3547277, -0.4549621,  0.1566831,  0.0991867, -0.8709890)    0    0  20.95947912  2 0.640  14.64201749
( 0.0720459, 17.6752981, 25.2169109,  0.4846517,  0.7186277, -0.3069621, -0.3930155)    0    0  15.71582589  7 3.880   9.61892742
(-8.7837650, 16.4179516, 29.0532834, -0.2271723,  0.1880427, -0.1236998,  0.9474867)    0    0  22.55372035  3 4.680  15.02236482
(-0.4924133, 18.9430285, 25.4459758,  0.4878251,  0.7191511, -0.3033497, -0.3908975)    0    0  10.21254896  8 1.640   7.02806171
(-0.0778825, 19.2629483, 19.6968977,  0.6809106,  0.1789145,  0.5958991,  0.3863349)    0    0  -0.61220215  1 1.960   0.08908760
(-1.4966708, 18.2949857, 28.3049849, -0.0511474, -0.6664037, -0.6296532,  0.3960137)    0    0  13.80593793 22 2.520   9.52789373
(-4.3199503, 15.5181924, 23.5985899,  0.3320294, -0.1018410,  0.7064277,  0.6167209)    0    0   8.99964288  7 0.840   5.60070309
(-0.4934955, 11.9367434, 24.6282125,  0.6335754, -0.7092968, -0.2367738,  0.1983699)    0    0  -6.79119227  9 2.280  -0.96634680
( 4.9445265, 18.1694730, 24.4198915,  0.5919189,  0.7208621, -0.1626387, -0.3217741)    0    0  -2.43706712  8 0.680  -1.23313555
( 5.0867595, 12.5521169, 19.3389827, -0.1881281,  0.0632755,  0.8978338,  0.3930628)    0    0 -12.88009957  7 2.520  -8.38794213
(-4.5967281, 15.4341848, 24.0630741,  0.3320218, -0.1018463,  0.7064370,  0.6167136)    0    0   7.76082901  7 0.840   5.32696752
( 4.7860758, 18.1507643, 24.5805056,  0.5755050,  0.7223739, -0.1888249, -0.3336392)    0    0  -2.31309034 10 1.720  -2.61469047
(-0.5792669, 11.4648367, 25.5280477,  0.6278135, -0.7133883, -0.2388205,  0.1997124)    0    0  -3.96800956  5 4.040  -1.03981432
(-0.2134269, 19.6351267, 19.8853407,  0.6808240,  0.1788381,  0.5959545,  0.3864373)    0    0  -1.64063743  4 0.680  -0.50503419
(-0.2295713, 19.6438907, 19.8908379,  0.6809424,  0.1789191,  0.5958885,  0.3862928)    0    0  -0.04631573  0 3.320   0.10727469
