#Coordinates  RecID  LigID  Luciferin  Neighbor's number  Vision Range  Scoring
(-0.7455278, 17.5707894, 25.1196024,  0.4846430,  0.7186316, -0.3069713, -0.3930120)    0    0  18.92103920 13 0.800  11.57532924
(-1.0394681, 17.6196298, 25.1283299,  0.4846430,  0.7186316, -0.3069713, -0.3930120)    0    0  17.69586887  0 0.560  11.58043830
(-0.3365051, 20.2575722, 19.6867107,  0.6809682,  0.1789681,  0.5958628,  0.3862645)    0    0  -1.17905955 10 0.240  -0.31869892
(-0.2159297, 19.8081088, 20.0706493,  0.6809656,  0.1789635,  0.5958653,  0.3862674)    0    0  -1.18187477  4 0.560  -0.91498539
(-0.1302357, 19.3091063, 19.7322389,  0.6809611,  0.1789557,  0.5958696,  0.3862723)    0    0  -0.45616636  4 1.520  -0.20574845
(-0.1437302, 19.9319787, 20.4319362,  0.6809628,  0.1789587,  0.5958679,  0.3862704)    0    0  -0.83915272  7 1.040  -0.87911106
(-4.4912501, 15.1514095, 23.7975486,  0.3320289, -0.1018422,  0.7064258,  0.6167232)    0    0  10.11022420  0 0.640   6.40279133
( 4.9783096, 12.2608699, 27.7080492, -0.4552551,  0.1568018,  0.0997367, -0.8707517)    0    0  26.54332979  5 0.720  17.99197647
(-1.4692853, 15.3129588, 26.7136439, -0.0510291, -0.6665037, -0.6294614,  0.3961656)    0    0  26.23666873  8 0.080  17.36338111
(-0.0004900, 19.5489012, 20.1420950,  0.6809613,  0.1789561,  0.5958694,  0.3862721)    0    0  -2.42616032 22 0.000  -0.51235921
(-1.5128310, 15.3448262, 27.2186970, -0.0510777, -0.6664842, -0.6294750,  0.3961705)    0    0  25.04992473 10 0.080  15.31174683
(-0.0016203, 20.1540734, 20.3265424,  0.6809632,  0.1789593,  0.5958676,  0.3862700)    0    0  -1.63740506  0 0.400  -0.67218570
(-1.0456418, 17.6280148, 25.3439622,  0.4846430,  0.7186316, -0.3069713, -0.3930120)    0    0  18.81805654  6 0.240  11.69222983
(-1.0483259, 17.7897498, 25.0495163,  0.4846430,  0.7186316, -0.3069713, -0.3930120)    0    0  15.72364476 13 0.000   9.84023652
(-1.2668867, 15.1813884, 27.5317571, -0.0510707, -0.6664870, -0.6294730,  0.3961698)    0    0  25.78857070 15 0.000  17.76823425
(-6.7330583, 23.3926319, 25.9018545, -0.6252275,  0.0350308,  0.1644782,  0.7621092)    0    0   5.60810863  2 5.000   3.62060490
( 5.1585403, 13.0097421, 19.6538154, -0.1880259,  0.0632204,  0.8977421,  0.3933300)    0    0  -9.49851902  2 5.000  -6.46947927
(-1.7259928, 15.3161522, 27.3576628, -0.0509558, -0.6665329, -0.6294410,  0.3961583)    0    0  25.98948693 10 0.000  17.37122944
(-0.9680372, 17.8252788, 25.8183732,  0.4846430,  0.7186316, -0.3069713, -0.3930120)    0    0  17.31467862 13 0.000   9.44483429
(-1.8908197, 15.2051943, 27.7805739, -0.0510794, -0.6664836, -0.6294755,  0.3961707)    0    0  26.08552698  0 0.400  17.37848757
( 4.4232260, 18.0607350, 24.5681502,  0.5856717,  0.7215405, -0.1731173, -0.3261875)    0    0   0.02565481  9 3.400  -0.03994959
(-1.3988256, 15.2186422, 26.5609482, -0.0510850, -0.6664813, -0.6294770,  0.3961712)    0    0  26.63769152  4 0.880  17.78077894
(-8.9555406, 16.6783823, 28.5888421, -0.2271091,  0.1880058, -0.1236849,  0.9475111)    0    0  23.21848611  2 0.880  15.47267579
(-1.8619269, 14.8907636, 27.3972710, -0.0510691, -0.6664877, -0.6294726,  0.3961696)    0    0  25.47832180  2 0.480  17.33609523
(-7.1145069, 23.5407697, 26.1813801, -0.6252275,  0.0350308,  0.1644782,  0.7621092)    0    0   5.74238704  1 5.000   3.91418797
(-4.8118375, 15.3086920, 23.6168124,  0.3320289, -0.1018422,  0.7064258,  0.6167232)    0    0  11.55845027  0 5.000   7.70563352
( 0.0613600, 19.1142848, 19.8746844,  0.6809590,  0.1789521,  0.5958715,  0.3862746)    0    0  -1.26415587  0 0.480  -0.53710066
(-1.3503877, 15.3003101, 26.8640872, -0.0510882, -0.6664801, -0.6294779,  0.3961715)    0    0  26.55136547  5 0.480  17.70982615
(-1.2516302, 15.6759748, 26.9490515, -0.0510818, -0.6664826, -0.6294761,  0.3961709)    0    0  25.66112155  0 0.400  16.99181920
(-0.8338048, 17.7307213, 25.4425684,  0.4846430,  0.7186316, -0.3069713, -0.3930120)    0    0  18.24435940 14 0.080   9.49234793
(-1.6470963, 14.9221718, 27.1036940, -0.0510795, -0.6664835, -0.6294755,  0.3961707)    0    0  26.38732896  7 0.400  17.89925801
(-0.2794061, 19.6025048, 19.8846668,  0.6809645,  0.1789617,  0.5958663,  0.3862685)    0    0  -1.48033459  7 0.240  -0.43629072
( 4.8127379, 13.3510028, 19.5128990, -0.1880259,  0.0632204,  0.8977421,  0.3933300)    0    0  -9.94669135  3 0.840  -6.07206696
(-0.2147962, 19.7314402, 20.0012917,  0.6809691,  0.1789696,  0.5958620,  0.3862635)    0    0  -2.93023086 11 0.080  -2.26202391
(-1.1413244, 17.5113427, 25.5873984,  0.4846430,  0.7186316, -0.3069713, -0.3930120)    0    0  18.86418983  0 0.400  13.91819732
(-1.6482994, 15.0925162, 27.3780898, -0.0510717, -0.6664866, -0.6294733,  0.3961699)    0    0  26.31264644  3 0.720  17.28385502
(-8.8365208, 16.6906346, 28.6485451, -0.2271091,  0.1880058, -0.1236849,  0.9475111)    0    0  23.19178714  3 0.720  15.47488613
(-6.9797756, 15.3242573, 16.7606942,  0.6334395,  0.0933666,  0.7676766, -0.0266399)    0    0 -31.29023771  3 5.000 -20.67147267
(-0.2579898, 19.7033347, 19.8998268,  0.6809664,  0.1789650,  0.5958645,  0.3862664)    0    0  -1.32609370  9 0.160  -0.40038875
( 4.8704132, 18.1799047, 25.1286069,  0.6064191,  0.7188534, -0.1412051, -0.3091383)    0    0   6.50685361  6 2.920   6.40833286
(-0.3571274, 17.9041309, 25.1028741,  0.4846430,  0.7186316, -0.3069713, -0.3930120)    0    0  20.90827509  3 1.200  14.03798979
( 4.9466047, 12.1240011, 27.7388833, -0.4552551,  0.1568018,  0.0997367, -0.8707517)    0    0  26.21595736  6 0.320  17.87015130
( 4.6898217, 18.1057226, 24.7437600,  0.6067105,  0.7188056, -0.1407435, -0.3088887)    0    0   9.55265889  0 3.800   6.36037964
(-4.8692729, 15.4831820, 23.5991036,  0.3320289, -0.1018422,  0.7064258,  0.6167232)    0    0  10.26248773  7 0.360   6.92204141
(-0.3210095, 19.8637402, 19.9830710,  0.6809596,  0.1789532,  0.5958710,  0.3862739)    0    0  -0.43043410  1 5.000  -0.28534115
( 4.8167741, 12.4815112, 27.6344487, -0.4552551,  0.1568018,  0.0997367, -0.8707517)    0    0  25.31124654  0 0.400  17.47638772
(-7.0706076, 15.4812066, 16.4490529,  0.6334395,  0.0933666,  0.7676766, -0.0266399)    0    0 -32.48214215  4 5.000 -21.66027294
(-1.7934623, 14.9661075, 27.2625447, -0.0505961, -0.6666765, -0.6293405,  0.3961222)    0    0  26.20969273  0 0.400  17.66241348
(-5.0128725, 15.2617894, 23.5406763,  0.3320289, -0.1018422,  0.7064258,  0.6167232)    0    0  10.30589168  9 0.320   6.75322983
(-0.1210093, 19.6697794, 20.3086549,  0.6809595,  0.1789529,  0.5958711,  0.3862741)    0    0  -1.01430510  6 0.320  -0.29519587
( 5.3481133, 12.9998159, 19.7435697, -0.1880259,  0.0632204,  0.8977421,  0.3933300)    0    0 -11.80309368  0 0.520  -7.98443329
(-1.4822084, 15.0197180, 27.4403690, -0.0510770, -0.6664845, -0.6294748,  0.3961704)    0    0  26.00060632  0 0.400  17.13385320
( 5.2477357, 12.9116747, 19.6690796, -0.1880259,  0.0632204,  0.8977421,  0.3933300)    0    0 -10.98789793  6 0.440  -6.40433981
(-0.1899075, 18.8646327, 19.5619158,  0.6809640,  0.1789607,  0.5958668,  0.3862692)    0    0  -2.69279894  9 0.000  -2.95672732
(-1.5766829, 15.1818025, 26.8867718, -0.0510786, -0.6664839, -0.6294753,  0.3961706)    0    0  24.89088256  0 0.400  15.46241286
(-8.8909177, 16.7580672, 28.4707132, -0.2271091,  0.1880058, -0.1236849,  0.9475111)    0    0  23.13295332  8 0.560  15.38216253
(-8.9291212, 16.2979846, 28.7689036, -0.2271091,  0.1880058, -0.1236849,  0.9475111)    0    0  22.78479611  5 0.240  15.27473837
( 5.2519186, 12.3626417, 28.0439688, -0.4552551,  0.1568018,  0.0997367, -0.8707517)    0    0  26.85431887  2 3.880  17.89405258
(-0.8015828, 17.8354557, 25.6457250,  0.4846430,  0.7186316, -0.3069713, -0.3930120)    0    0  19.47716332  0 0.400  13.83056739
(-0.8501496, 17.7922698, 25.5797946,  0.4846430,  0.7186316, -0.3069713, -0.3930120)    0    0  18.22274740  6 0.320   9.71616640
( 5.0359990, 12.2426404, 27.8257782, -0.4552551,  0.1568018,  0.0997367, -0.8707517)    0    0  26.40716139  5 0.560  17.76073778
( 4.7141382, 18.1441031, 25.0377478,  0.6066030,  0.7188233, -0.1409138, -0.3089808)    0    0   8.63041191  2 2.200   6.32710338
(-6.9602223, 15.3262193, 16.7935156,  0.6334395,  0.0933666,  0.7676766, -0.0266399)    0    0 -31.16400221  2 5.000 -20.58739104
( 4.9921174, 13.0830902, 19.5429358, -0.1880259,  0.0632204,  0.8977421,  0.3933300)    0    0 -11.82772903  9 2.120  -9.13526193
(-0.0996261, 19.5718651, 19.8618257,  0.6809605,  0.1789546,  0.5958702,  0.3862730)    0    0  -2.05331299 24 0.000  -2.79590000
(-1.5116646, 15.1602108, 26.9705481, -0.0510830, -0.6664821, -0.6294765,  0.3961710)    0    0  26.65167897  3 1.200  17.68206359
(-0.0232150, 18.9849463, 19.8168190,  0.6809604,  0.1789545,  0.5958702,  0.3862731)    0    0  -2.13781781  0 0.400  -1.04054203
(-0.3272609, 19.8750076, 19.9859741,  0.6809622,  0.1789576,  0.5958685,  0.3862711)    0    0  -0.45473083  3 2.720  -0.32532527
(-1.8248353, 14.8074080, 27.5593301, -0.0508389, -0.6665796, -0.6294083,  0.3961466)    0    0  25.45076499 17 0.000  17.39305758
(-1.6158627, 15.1729945, 27.8312209, -0.0510750, -0.6664853, -0.6294742,  0.3961702)    0    0  25.61128704  7 0.640  16.86723345
(-1.3724907, 15.3090466, 26.9587544, -0.0509558, -0.6665329, -0.6294410,  0.3961583)    0    0  26.35839978  8 0.160  17.84840551
(-1.0659279, 17.7295866, 25.6849898,  0.4846430,  0.7186316, -0.3069713, -0.3930120)    0    0  21.05818011  1 1.440  14.16096587
( 4.6025866, 12.2939906, 27.3284113, -0.4552551,  0.1568018,  0.0997367, -0.8707517)    0    0  26.54936627  2 0.720  18.00732270
( 4.7231902, 18.1058717, 24.6782678,  0.6065493,  0.7188321, -0.1409990, -0.3090269)    0    0   8.15565973  4 1.320   5.83145902
(-1.8328048, 14.7053576, 27.3513058, -0.0510768, -0.6664846, -0.6294748,  0.3961704)    0    0  25.25471370  0 0.400  17.31430104
( 0.1796672, 19.1460548, 20.0808183,  0.6809641,  0.1789609,  0.5958667,  0.3862690)    0    0  -1.40394268  6 0.320  -0.72440326
(-0.7936359, 17.7842280, 25.1706501,  0.4846430,  0.7186316, -0.3069713, -0.3930120)    0    0  17.54915907  0 0.400  11.49621294
(-0.7978376, 17.6982915, 25.2753379,  0.4846430,  0.7186316, -0.3069713, -0.3930120)    0    0  18.16881358  8 0.480  11.24752948
(-1.6159082, 14.9438110, 26.8869458, -0.0510806, -0.6664831, -0.6294758,  0.3961708)    0    0  26.26196664  5 0.400  17.39208813
(-0.1436823, 19.4228674, 19.8020517,  0.6809653,  0.1789630,  0.5958656,  0.3862677)    0    0  -2.33244418  0 0.400  -0.39640579
(-0.2623407, 19.6256677, 19.8602187,  0.6809639,  0.1789606,  0.5958669,  0.3862692)    0    0  -1.16827920  4 0.480  -0.46361137
(-0.7232388, 17.8284724, 25.3344842,  0.4846430,  0.7186316, -0.3069713, -0.3930120)    0    0  21.04555074  2 4.400  13.95228984
(-6.6406303, 23.3552428, 25.8152429, -0.6252275,  0.0350308,  0.1644782,  0.7621092)    0    0   5.60172554  3 5.000   3.56764521
(-1.5659829, 14.8462004, 27.1589438, -0.0510837, -0.6664818, -0.6294767,  0.3961711)    0    0  26.75631453  1 0.480  18.38226401
(-0.1043999, 19.2771257, 19.8193103,  0.6809644,  0.1789615,  0.5958664,  0.3862687)    0    0  -1.90885258 17 0.000  -2.28783226
(-0.3131245, 19.8145844, 20.3651963,  0.6809598,  0.1789535,  0.5958708,  0.3862737)    0    0  -0.83007123  5 0.400  -0.31412291
(-0.8946013, 17.7790243, 25.5097554,  0.4846430,  0.7186316, -0.3069713, -0.3930120)    0    0  21.16069702  0 5.000  14.10713138
( 5.2900066, 12.8785165, 19.6779655, -0.1880259,  0.0632204,  0.8977421,  0.3933300)    0    0 -10.59617389  4 0.760  -6.54353855
( 4.9420229, 12.6340847, 27.6754255, -0.4552551,  0.1568018,  0.0997367, -0.8707517)    0    0  25.40556414  0 0.600  17.32431628
(-1.7614632, 15.2828569, 27.5152925, -0.0510728, -0.6664862, -0.6294736,  0.3961700)    0    0  26.13388371  2 0.640  17.17210116
(-4.7725413, 15.1798634, 23.6705014,  0.3320289, -0.1018422,  0.7064258,  0.6167232)    0    0  10.95294308  2 5.000   7.21636701
(-0.9175275, 17.7638407, 25.5142690,  0.4846430,  0.7186316, -0.3069713, -0.3930120)    0    0  18.35847702 17 4.040   9.64563021
(-1.6153465, 15.3750861, 27.6202218, -0.0506265, -0.6666644, -0.6293490,  0.3961252)    0    0  25.28070310 23 0.000  17.43325228
(-4.8396442, 15.3321687, 23.5889954,  0.3320289, -0.1018422,  0.7064258,  0.6167232)    0    0   9.55451309  7 0.240   5.99057300
(-8.7481318, 16.5720666, 28.8678686, -0.2271091,  0.1880058, -0.1236849,  0.9475111)    0    0  23.13999973  3 0.640  15.46505502
(-1.8928428, 14.9468465, 27.3621369, -0.0508346, -0.6665813, -0.6294071,  0.3961461)    0    0  26.16811758 13 0.000  17.46080612
(-9.1270409, 16.2902567, 28.4276500, -0.2271091,  0.1880058, -0.1236849,  0.9475111)    0    0  22.81976805  0 0.480  15.12512731
(-0.8770639, 17.7460357, 25.6559215,  0.4846430,  0.7186316, -0.3069713, -0.3930120)    0    0  14.05870600 13 0.000   7.18547873
( 5.1640772, 12.3381578, 27.9363611, -0.4552551,  0.1568018,  0.0997367, -0.8707517)    0    0  26.95332675  0 5.000  17.96888455
(-9.5125060, 16.4221447, 28.4826721, -0.2271091,  0.1880058, -0.1236849,  0.9475111)    0    0  22.87720273 12 0.000  15.13684236
( 5.1532256, 12.1724672, 27.9198156, -0.4552551,  0.1568018,  0.0997367, -0.8707517)    0    0  26.19387683 10 1.400  17.49348235
(-1.1568955, 17.7222300, 25.6276667,  0.4846430,  0.7186316, -0.3069713, -0.3930120)    0    0  18.94360579  6 0.400  13.74765036
(-1.5598154, 15.0820185, 27.3244221, -0.0510807, -0.6664830, -0.6294758,  0.3961708)    0    0  24.90180534  6 0.160  16.03845447
(-1.4196950, 15.3092828, 26.8796225, -0.0510866, -0.6664807, -0.6294775,  0.3961714)    0    0  26.72544456  2 1.200  17.57204530
(-9.1041623, 16.3832710, 28.8601487, -0.2271091,  0.1880058, -0.1236849,  0.9475111)    0    0  22.76616500  2 0.640  15.00264589
(-9.1627555, 16.7463932, 28.3670717, -0.2271091,  0.1880058, -0.1236849,  0.9475111)    0    0  23.11863964  0 0.680  15.43891992
(-0.2594041, 19.7090167, 19.9208963,  0.6809618,  0.1789569,  0.5958689,  0.3862715)    0    0  -0.40426305  0 0.960   0.10790652
(-5.1061910, 14.8888183, 23.6682792,  0.3320289, -0.1018422,  0.7064258,  0.6167232)    0    0   8.14541021  0 0.640   4.33030540
(-0.0604166, 19.2920663, 19.7300013,  0.6809649,  0.1789623,  0.5958660,  0.3862682)    0    0  -2.77632998 18 0.000  -2.07772866
(-1.4064998, 15.2562534, 26.8142705, -0.0510779, -0.6664842, -0.6294750,  0.3961705)    0    0  26.43767150  6 0.320  17.70376123
(-1.8093277, 15.3263478, 27.0136499, -0.0509866, -0.6665206, -0.6294496,  0.3961614)    0    0  25.14668071  0 0.400  17.45304842
(-5.0727157, 15.7058058, 23.4094709,  0.3320289, -0.1018422,  0.7064258,  0.6167232)    0    0  10.70893859  6 0.840   7.11531327
(-1.8228740, 15.3741500, 27.3310133, -0.0510780, -0.6664841, -0.6294751,  0.3961705)    0    0  25.88818056  0 0.400  17.43759035
( 4.9570991, 12.2804671, 27.6828079, -0.4552551,  0.1568018,  0.0997367, -0.8707517)    0    0  26.87602599  1 5.000  17.85762035
(-8.6771622, 16.5950312, 28.9368077, -0.2271091,  0.1880058, -0.1236849,  0.9475111)    0    0  23.15444035  5 0.640  15.48402673
(-4.8563837, 15.5525553, 23.5267880,  0.3320289, -0.1018422,  0.7064258,  0.6167232)    0    0  10.71858887  5 5.000   7.12076761
( 5.4267391, 12.3902306, 28.2202729, -0.4552551,  0.1568018,  0.0997367, -0.8707517)    0    0  26.05155718 13 0.000  17.79949199
(-1.4720866, 15.2206635, 26.9322346, -0.0510883, -0.6664800, -0.6294780,  0.3961715)    0    0  27.32092743  0 5.000  18.21811596
( 4.4001474, 18.0209371, 24.4622486,  0.6052010,  0.7190467, -0.1431266, -0.3101752)    0    0   5.76340154  7 1.960   6.26052271
(-9.2625664, 16.3619653, 28.6742112, -0.2271091,  0.1880058, -0.1236849,  0.9475111)    0    0  23.16648060  5 2.360  15.49365406
(-6.7415823, 23.3958927, 25.9074751, -0.6252273,  0.0350308,  0.1644781,  0.7621089)    0    0   5.87355966  0 5.000   3.91570644
(-0.3056184, 19.5635263, 19.6128799,  0.6809580,  0.1789504,  0.5958725,  0.3862757)    0    0  -3.70165938  0 0.640  -4.60994452
(-1.6568624, 15.1180618, 27.6269281, -0.0510709, -0.6664869, -0.6294731,  0.3961698)    0    0  26.37519573  0 0.640  17.97279382
(-1.2198009, 17.7656381, 25.3124057,  0.4846430,  0.7186316, -0.3069713, -0.3930120)    0    0  20.64116522  4 0.800  13.99618340
(-7.1529318, 15.5283421, 16.2577688,  0.6334395,  0.0933666,  0.7676766, -0.0266399)    0    0 -30.86489241  1 5.000 -20.50856104
(-0.1486911, 20.1216016, 20.0622020,  0.6809689,  0.1789693,  0.5958622,  0.3862637)    0    0  -4.66306709 11 0.320  -3.35718378
(-0.3911929, 20.0591311, 20.1634668,  0.6809696,  0.1789705,  0.5958615,  0.3862629)    0    0  -1.47866915  5 0.400  -0.26280395
(-0.0448008, 19.6310809, 20.0105370,  0.6809597,  0.1789533,  0.5958709,  0.3862738)    0    0  -2.38164996  0 0.400  -0.43086188
(-0.6576765, 17.7184563, 25.6105875,  0.4846430,  0.7186316, -0.3069713, -0.3930120)    0    0  18.55843295  0 0.400  11.85653066
(-0.5296756, 17.6977521, 25.2624437,  0.4846430,  0.7186316, -0.3069713, -0.3930120)    0    0  19.82095219  3 0.400  13.81707449
(-1.5659678, 15.4520642, 27.5485222, -0.0510761, -0.6664849, -0.6294746,  0.3961703)    0    0  26.04590290  0 0.400  17.56747494
(-0.0342222, 19.6877546, 20.0076142,  0.6809606,  0.1789548,  0.5958701,  0.3862729)    0    0  -2.38453342  0 0.400  -0.66782115
( 5.2779211, 12.3691432, 28.0735818, -0.4552551,  0.1568018,  0.0997367, -0.8707517)    0    0  26.08290082 12 0.200  17.97803177
(-1.7685127, 15.4645086, 27.0081109, -0.0510735, -0.6664859, -0.6294738,  0.3961701)    0    0  26.37165929  0 0.480  17.63972957
( 4.8141185, 13.3449082, 19.5124510, -0.1880259,  0.0632204,  0.8977421,  0.3933300)    0    0  -9.27891953  1 5.000  -6.01695512
(-0.3343103, 19.7482720, 19.7683587,  0.6809597,  0.1789532,  0.5958709,  0.3862739)    0    0  -0.44398790  2 2.720  -0.27835503
(-8.8871648, 16.6226231, 28.6950738, -0.2271091,  0.1880058, -0.1236849,  0.9475111)    0    0  23.23887349  2 5.000  15.47241863
(-4.7733618, 15.1847738, 23.6676284,  0.3320289, -0.1018422,  0.7064258,  0.6167232)    0    0   9.65596773 11 0.160   6.37174578
( 5.2897359, 12.6876190, 19.9851297, -0.1880259,  0.0632204,  0.8977421,  0.3933300)    0    0 -10.64852235  4 0.480  -6.35392562
(-9.2655286, 16.1416920, 28.7896885, -0.2271091,  0.1880058, -0.1236849,  0.9475111)    0    0  23.08990403  7 0.240  15.47084113
(-0.1570423, 19.6957660, 19.8306463,  0.6809630,  0.1789591,  0.5958677,  0.3862702)    0    0  -1.30582620  4 0.480  -0.48890352
(-0.0823917, 19.5552339, 19.8583591,  0.6809630,  0.1789591,  0.5958677,  0.3862702)    0    0  -1.52796108  0 0.400  -0.40137077
(-0.7037952, 17.4056670, 25.3294701,  0.4846430,  0.7186316, -0.3069713, -0.3930120)    0    0  19.61989833  0 0.800  12.07017320
(-1.5053164, 15.1160017, 26.8740211, -0.0510759, -0.6664850, -0.6294745,  0.3961703)    0    0  24.93752028  0 0.400  15.34909408
(-1.6042535, 15.3762556, 27.5842933, -0.0510696, -0.6664875, -0.6294727,  0.3961697)    0    0  26.33966719  0 0.400  17.58485931
(-8.7504665, 16.8803678, 28.4309136, -0.2271091,  0.1880058, -0.1236849,  0.9475111)    0    0  23.09836382  9 0.080  15.56214963
( 5.0527123, 12.4306332, 27.8025866, -0.4552551,  0.1568018,  0.0997367, -0.8707517)    0    0  26.60638179  3 5.000  17.86065302
(-1.8293828, 15.0727539, 27.1256621, -0.0510777, -0.6664842, -0.6294750,  0.3961705)    0    0  24.63739073 22 0.000  15.27166681
(-7.1186569, 15.4923929, 16.3530559,  0.6334395,  0.0933666,  0.7676766, -0.0266399)    0    0 -30.82321538  0 5.000 -20.54881026
( 5.0205945, 13.1295370, 19.5059909, -0.1880259,  0.0632204,  0.8977421,  0.3933300)    0    0 -12.49729008 10 0.680 -10.85542672
(-1.5846871, 15.1054045, 27.3635522, -0.0510225, -0.6665063, -0.6294596,  0.3961650)    0    0  25.64298882 19 0.000  17.55789600
( 4.9085204, 13.1832099, 19.5731248, -0.1880259,  0.0632204,  0.8977421,  0.3933300)    0    0 -13.33203678 11 3.720 -10.88568143
(-9.1233600, 16.5129877, 28.6279345, -0.2271091,  0.1880058, -0.1236849,  0.9475111)    0    0  23.43478227  0 5.000  15.62318818
(-0.1796961, 19.5946760, 19.8921889,  0.6809639,  0.1789605,  0.5958669,  0.3862693)    0    0  -0.60319239  3 0.800  -0.48618491
(-0.3832791, 19.8034462, 20.5883855,  0.6809712,  0.1789733,  0.5958599,  0.3862612)    0    0  -1.20996442  0 0.400  -0.43249850
(-0.2426671, 19.8954074, 20.0324605,  0.6832249,  0.1829269,  0.5936760,  0.3837424)    0    0  -2.45471566 23 0.000  -0.60650574
( 4.7875481, 12.3378532, 27.3936238, -0.4552551,  0.1568018,  0.0997367, -0.8707517)    0    0  26.50750694  6 0.720  17.72377506
(-0.1670646, 19.5187178, 19.7227346,  0.6809607,  0.1789550,  0.5958700,  0.3862728)    0    0  -1.29995980  7 0.320  -0.51930859
( 4.9213778, 13.2548195, 19.5546366, -0.1880259,  0.0632204,  0.8977421,  0.3933300)    0    0 -11.27359825  6 0.440  -7.99932491
(-1.3857123, 15.3592087, 26.9673628, -0.0510752, -0.6664852, -0.6294743,  0.3961702)    0    0  26.36762248  7 0.240  17.69348397
( 4.6692776, 18.0721836, 24.4975255,  0.6064443,  0.7188493, -0.1411654, -0.3091168)    0    0   8.38071082  3 3.000   6.14599685
(-0.2867967, 18.9360677, 19.6925090,  0.6809581,  0.1789505,  0.5958724,  0.3862756)    0    0  -4.16815830  0 0.400  -3.14319249
(-7.0586673, 15.4360967, 16.5134823,  0.6334395,  0.0933666,  0.7676766, -0.0266399)    0    0 -32.50267755  5 5.000 -22.07124977
(-4.8474703, 15.7026272, 23.4899811,  0.3320289, -0.1018422,  0.7064258,  0.6167232)    0    0  10.83632244  3 0.800   7.53525078
(-0.6935054, 17.8555904, 25.3584945,  0.4846430,  0.7186316, -0.3069713, -0.3930120)    0    0  19.90047100  4 0.480  14.01374948
(-1.6380975, 15.3142458, 27.2510559, -0.0510784, -0.6664840, -0.6294752,  0.3961706)    0    0  25.68825229  0 0.400  17.68364298
(-0.8748041, 17.9337452, 25.6186185,  0.4846430,  0.7186316, -0.3069713, -0.3930120)    0    0  14.16427643 10 0.000   7.19291820
(-1.5959945, 15.3998803, 27.5588596, -0.0510746, -0.6664855, -0.6294741,  0.3961702)    0    0  26.05010564  6 0.400  17.13808767
(-9.2000023, 16.4774125, 28.6061487, -0.2271091,  0.1880058, -0.1236849,  0.9475111)    0    0  23.27193833  1 5.000  15.39516467
(-1.7162819, 15.3229589, 27.2058737, -0.0510754, -0.6664851, -0.6294744,  0.3961703)    0    0  26.08236446 19 0.000  17.03637343
(-0.3757467, 19.4960637, 19.8784710,  0.6812464,  0.1794526,  0.5955975,  0.3859575)    0    0  -4.51817368 21 0.000  -2.94589488
(-4.6974075, 15.1513164, 23.7325431,  0.3320289, -0.1018422,  0.7064258,  0.6167232)    0    0  10.23289788  5 0.360   6.84069288
(-1.2152668, 17.7335137, 25.9759764,  0.4846430,  0.7186316, -0.3069713, -0.3930120)    0    0  19.49556061  0 0.400  13.59656708
(-4.6592527, 15.5719534, 23.6175519,  0.3320289, -0.1018422,  0.7064258,  0.6167232)    0    0  10.24896575  9 0.160   6.85758175
(-1.5649241, 14.8501458, 27.1559788, -0.0510786, -0.6664839, -0.6294753,  0.3961706)    0    0  25.09528691  0 0.400  17.25251737
( 5.4785296, 12.3142892, 28.3343874, -0.4552551,  0.1568018,  0.0997367, -0.8707517)    0    0  26.10125208 10 0.160  17.91895620
(-0.1924852, 19.5697417, 19.9137616,  0.6809647,  0.1789620,  0.5958662,  0.3862684)    0    0  -1.32949599  0 0.400  -0.16568636
(-4.9112192, 15.6320371, 23.4816692,  0.3320289, -0.1018422,  0.7064258,  0.6167232)    0    0  11.03568239  1 5.000   7.44192836
(-4.7577225, 15.1105154, 23.6969315,  0.3320289, -0.1018422,  0.7064258,  0.6167232)    0    0  10.69148531  7 0.800   7.21586731
( 0.3854075, 19.0084483, 19.9332820,  0.6809607,  0.1789550,  0.5958700,  0.3862728)    0    0  -1.61073506  2 0.400  -0.49101044
(-1.6367165, 15.0892522, 27.2224362, -0.0510780, -0.6664841, -0.6294751,  0.3961705)    0    0  26.19785281  0 0.400  17.69059130
(-1.0582314, 18.0337621, 25.5462741,  0.4846430,  0.7186316, -0.3069713, -0.3930120)    0    0  20.18835038  3 0.640  14.12108225
(-0.1018245, 19.4973646, 19.7795672,  0.6809650,  0.1789626,  0.5958658,  0.3862680)    0    0  -2.02584654  7 0.240  -2.69011320
( 4.3067359, 18.0696656, 24.7192117,  0.6032551,  0.7193358, -0.1461696, -0.3118119)    0    0   3.14462992  8 3.560   3.67344716
(-9.0522777, 16.8755537, 28.2860535, -0.2271091,  0.1880058, -0.1236849,  0.9475111)    0    0  23.09599408  0 0.560  15.44226443
( 5.0535726, 12.3848804, 27.7644405, -0.4552551,  0.1568018,  0.0997367, -0.8707517)    0    0  26.21231003  7 0.800  17.74712610
(-0.8060604, 17.8322791, 25.5692663,  0.4846430,  0.7186316, -0.3069713, -0.3930120)    0    0  19.16638655  2 0.640  13.90719143
(-9.4205168, 16.2277869, 28.5636098, -0.2271091,  0.1880058, -0.1236849,  0.9475111)    0    0  22.90225811  5 0.320  15.14270613
(-0.4701189, 17.8352945, 25.7833746,  0.4846430,  0.7186316, -0.3069713, -0.3930120)    0    0  13.26538257 17 0.000   7.32830504
(-0.1231241, 19.6712632, 20.3243563,  0.6809575,  0.1789495,  0.5958730,  0.3862763)    0    0  -1.47283114 19 0.960  -0.36584800
(-1.6124119, 14.9036304, 27.2846245, -0.0510719, -0.6664866, -0.6294734,  0.3961699)    0    0  26.23733957  0 0.400  17.61630939
(-4.9280703, 15.5130401, 23.5336141,  0.3320289, -0.1018422,  0.7064258,  0.6167232)    0    0  10.39903765  6 0.440   6.87117985
(-1.4944547, 15.0565940, 26.6052032, -0.0510821, -0.6664825, -0.6294762,  0.3961709)    0    0  26.60589489  5 0.960  17.68983786
( 4.6995737, 18.1187286, 24.8401837,  0.6065230,  0.7188364, -0.1410406, -0.3090493)    0    0   7.91476217  4 0.760   6.51371997
( 5.1563531, 13.0119005, 19.6529241, -0.1880259,  0.0632204,  0.8977421,  0.3933300)    0    0  -9.03466960  0 5.000  -6.02311307
(-4.6701062, 14.8794395, 23.7855173,  0.3320289, -0.1018422,  0.7064258,  0.6167232)    0    0  10.78978673  3 0.480   7.54271083
( 4.6430623, 18.0447281, 24.2930085,  0.6066568,  0.7188144, -0.1408286, -0.3089347)    0    0   9.25038772  1 2.680   6.32994125
(-1.8941126, 15.3516242, 27.6163006, -0.0510707, -0.6664870, -0.6294731,  0.3961698)    0    0  26.17454542  0 0.560  17.28264484
( 0.0243170, 19.9412512, 20.0638334,  0.6809656,  0.1789635,  0.5958653,  0.3862674)    0    0  -2.70330294 21 0.000  -2.23503048
( 0.0572972, 19.7513588, 20.1251789,  0.6809597,  0.1789532,  0.5958709,  0.3862739)    0    0  -1.50345960 17 0.000  -0.85670638
