#Coordinates  RecID  LigID  Luciferin  Neighbor's number  Vision Range  Scoring
( 5.6328259, 16.4716391, 17.6651355, -0.4997792,  0.1298381,  0.7251478,  0.4555474)    0    0   7.78646376 17 0.000   6.25471373
( 6.8908616, 22.5840891, 24.1708376, -0.6877341, -0.4445697,  0.1510731,  0.5536740)    0    0  10.47266667  1 0.840   7.14009038
(12.7071140, 21.3505288, 23.0981263,  0.2139389, -0.3479736,  0.6889835,  0.5987039)    0    0   7.33277768  5 3.640   5.01390759
( 1.7846518, 13.9619816, 27.1074606, -0.4686550, -0.8452600,  0.0231907,  0.2556559)    0    0  24.18960201  4 0.760  16.43881614
(-1.3273637, 18.4956766, 18.9704762, -0.6386483,  0.0109017,  0.7567261,  0.1391942)    0    0  -7.68279639  3 0.520  -3.59112411
(10.0393955, 18.0187537, 25.9958183, -0.3373683,  0.5041070, -0.3587223,  0.7094907)    0    0  18.54983560  6 4.360  12.82954960
( 6.8150004, 22.3385800, 24.3158740, -0.6879752, -0.4446418,  0.1501428,  0.5535703)    0    0   8.81444949  0 0.400   5.03021815
( 6.9641640, 22.5827019, 24.0272409, -0.6881544, -0.4447152,  0.1494218,  0.5534765)    0    0  10.37790348  4 0.640   7.08154605
(12.4797074, 21.8020077, 22.9664512,  0.2139409, -0.3479717,  0.6889826,  0.5987052)    0    0   7.08007452  5 0.440   4.55103817
( 7.6832704, 18.0450680, 21.9117062, -0.6903008,  0.0262797,  0.4326318,  0.5793295)    0    0   7.56914402  7 0.680   6.84585060
(12.6516427, 21.6016050, 23.0371023,  0.2139395, -0.3479730,  0.6889832,  0.5987043)    0    0   7.16917575  9 3.080   4.83284794
(-1.3885931, 19.0707581, 18.8318367, -0.6376672,  0.0114573,  0.7575138,  0.1393593)    0    0 -11.13614801  0 0.440  -6.64322115
( 6.7799322, 22.6141401, 24.5468232, -0.6874129, -0.4445016,  0.1522765,  0.5537993)    0    0  10.53234066  1 3.320   7.11707656
( 6.6231471, 22.3213736, 24.2845714, -0.6879615, -0.4446855,  0.1501167,  0.5535571)    0    0   8.52801898  0 0.400   5.14574366
( 2.3636048, 23.5514136, 19.7047764,  0.2911836,  0.0531492,  0.7418048,  0.6017582)    0    0  -5.47974460  1 5.000  -3.45193052
(-1.0333172, 13.6597029, 24.5856940,  0.9339942,  0.2063478, -0.2770168, -0.0913072)    0    0  15.98373629  0 5.000  10.65695185
(-1.2917153, 18.6417511, 18.5195361, -0.6387286,  0.0108561,  0.7566615,  0.1391807)    0    0  -8.81006367  2 0.680  -5.78229653
(12.8858248, 21.6783528, 23.0303829,  0.2139486, -0.3479642,  0.6889792,  0.5987108)    0    0   6.93009011  8 0.160   4.72527954
( 6.9605663, 22.7657583, 24.4968943, -0.6879543, -0.4446680,  0.1501933,  0.5535610)    0    0   9.03041589  5 0.240   4.96360559
( 6.5702016, 22.8044393, 24.6359977, -0.6884651, -0.4447979,  0.1487903,  0.5532017)    0    0   9.20462498  5 0.400   6.41759840
( 6.3846656, 22.5831867, 23.8791815, -0.6883349, -0.4447314,  0.1487208,  0.5534352)    0    0   9.06508663  2 0.560   4.87439693
(-1.3543155, 18.9130179, 18.7164186, -0.6386478,  0.0109020,  0.7567266,  0.1391943)    0    0  -9.00219912  7 4.840  -6.49063279
( 5.4315356, 16.2167683, 17.5439171, -0.5015868,  0.1290897,  0.7232224,  0.4568216)    0    0   6.06992588  4 0.560   4.59263740
(12.3398248, 21.9622804, 22.7578138,  0.2139405, -0.3479720,  0.6889828,  0.5987050)    0    0   7.22304810  5 0.360   4.88532579
( 5.0620797, 16.0885445, 18.0254994, -0.4997876,  0.1298204,  0.7251464,  0.4555456)    0    0   8.95757225  9 2.520   5.76800220
( 1.9476922, 14.5573761, 27.1438731, -0.4692252, -0.8451603,  0.0218010,  0.2550618)    0    0  23.64883542  0 0.440  16.19769807
(-3.3091943, 19.0223894, 23.6377270,  0.0505466,  0.6583001,  0.2846535,  0.6950240)    0    0   4.41617052  1 2.840   3.26486482
( 1.7874900, 14.2319388, 27.3780694, -0.4692252, -0.8451620,  0.0217897,  0.2550571)    0    0  23.74179449 14 3.960  16.00979291
( 6.4314629, 22.6470634, 24.5979218, -0.6877702, -0.4445835,  0.1509482,  0.5536535)    0    0  10.22233205  0 0.400   7.04911698
( 4.8808817, 16.1295227, 17.8604014, -0.4997864,  0.1298257,  0.7251459,  0.4555461)    0    0   8.96265115  6 0.320   6.22537613
(-1.4318260, 13.6920614, 24.3359626,  0.9339942,  0.2063478, -0.2770168, -0.0913072)    0    0  15.65705528  1 4.920  10.41450600
( 5.1024592, 16.1047491, 17.8490473, -0.4998568,  0.1298676,  0.7250818,  0.4555591)    0    0   9.06765763  6 0.320   6.42863781
( 9.9168435, 17.9767859, 26.0453297, -0.3373683,  0.5041070, -0.3587223,  0.7094907)    0    0  18.75685075  5 5.000  12.42846556
( 2.3547326, 23.3766137, 20.0139669,  0.2910186,  0.0531768,  0.7419175,  0.6016966)    0    0  -5.81396897  3 2.520  -3.52081085
( 6.6821137, 22.4511935, 24.5428776, -0.6878307, -0.4446254,  0.1506444,  0.5536257)    0    0   8.36078063  0 0.400   4.89280911
( 7.3187700, 22.6879337, 23.9217014, -0.6877445, -0.4445882,  0.1510227,  0.5536614)    0    0  10.03244535 12 0.000   7.02823742
(-1.0254931, 23.3486017, 14.7773202, -0.1971821,  0.2109398,  0.9402800,  0.1802694)    0    0   2.11254214  4 5.000  -0.37609759
( 5.4104664, 15.9030933, 17.6902133, -0.4998198,  0.1298345,  0.7251068,  0.4555693)    0    0   5.60360571  0 0.640   3.42328429
( 2.4406993, 14.7398502, 27.4479747, -0.4479250, -0.8472750,  0.0721835,  0.2761844)    0    0  20.59454534  2 0.680  14.08709432
(-1.0835241, 13.5855265, 24.4998643,  0.9339943,  0.2063481, -0.2770168, -0.0913063)    0    0  15.07396601  3 0.760  10.06276003
( 2.3604353, 23.4791177, 19.8301428,  0.2911847,  0.0531499,  0.7418048,  0.6017576)    0    0  -5.41170831  0 5.000  -3.36929650
(-1.1385737, 18.2774866, 18.4125060, -0.6387296,  0.0108556,  0.7566608,  0.1391805)    0    0  -9.29988434 10 2.360  -5.99503850
( 1.7628481, 14.2571049, 27.0784451, -0.4653995, -0.8457714,  0.0311327,  0.2590368)    0    0  23.23506981  2 0.480  15.74380755
(-0.8190118, 13.7777633, 24.8034644,  0.9339942,  0.2063479, -0.2770169, -0.0913069)    0    0  15.49391132  2 0.600  10.83722896
( 1.8127890, 14.4890728, 27.2519673, -0.4688450, -0.8452269,  0.0227254,  0.2554569)    0    0  24.26273634  2 0.800  16.83907473
( 5.5180771, 16.2581892, 17.4906746, -0.4997820,  0.1298441,  0.7251463,  0.4555450)    0    0   6.55644007  0 0.400   4.51699457
( 6.4931882, 22.4618572, 24.5306556, -0.6882147, -0.4448193,  0.1502852,  0.5530910)    0    0   9.62858099  4 0.480   6.70455017
(-1.1821484, 13.5820936, 24.4583891,  0.9339942,  0.2063478, -0.2770168, -0.0913071)    0    0  15.32188845  3 5.000  10.03557244
( 5.3625982, 16.4530801, 17.7022275, -0.4997812,  0.1298253,  0.7251495,  0.4555463)    0    0   8.27411781  0 0.400   6.19864479
( 4.1534036, 20.1279824, 11.6286148, -0.5348204, -0.7680666,  0.2823501, -0.2105215)    0    0 -31.17926704  1 5.000 -22.54067309
( 5.1041788, 16.4456234, 17.5548000, -0.4999564,  0.1298883,  0.7249848,  0.4555981)    0    0   7.31210503  5 0.400   4.48247001
(-1.5538176, 18.9687376, 18.9942018, -0.6387233,  0.0108587,  0.7566658,  0.1391816)    0    0 -10.34808367  0 0.520  -7.43904008
( 8.4411301, 18.4785638, 21.8438053, -0.6907236,  0.0259622,  0.4316501,  0.5795732)    0    0   9.08270281  4 3.400   7.06407809
( 6.7273848, 22.6416535, 24.5099739, -0.6882646, -0.4447433,  0.1491214,  0.5534057)    0    0   9.85642839  6 0.560   6.50607495
(-3.2141899, 18.7993259, 23.1891541,  0.0505859,  0.6583091,  0.2846634,  0.6950085)    0    0   3.36600611  5 3.480   2.69619609
( 6.7806594, 22.2100912, 24.2163888, -0.6876250, -0.4445627,  0.1514654,  0.5537088)    0    0   9.70927050 14 0.000   6.91578236
(-0.9546796, 13.7152663, 24.6736058,  0.9339942,  0.2063479, -0.2770169, -0.0913070)    0    0  14.90892234 12 3.640   9.73842284
(-3.2371144, 18.8339436, 23.2159701,  0.0505662,  0.6583044,  0.2846586,  0.6950164)    0    0   3.76717216  3 1.120   2.36921780
(-0.5891930, 22.9994888, 14.9469338, -0.1971823,  0.2109398,  0.9402800,  0.1802694)    0    0   2.73102373  3 5.000   2.75387342
(-0.9968487, 23.3218119, 14.7892734, -0.1971820,  0.2109399,  0.9402801,  0.1802694)    0    0   1.52278433  5 4.920   0.30386695
( 6.5688978, 22.5389484, 24.2227914, -0.6876808, -0.4445613,  0.1512849,  0.5536896)    0    0  10.40708205  6 0.640   6.91198337
(-0.3774110, 22.1437627, 27.2885014,  0.1858987, -0.7823610, -0.5227779,  0.2829422)    0    0   7.00361266  3 5.000   4.78958957
( 1.7904002, 14.2124493, 27.3914853, -0.4692252, -0.8451612,  0.0217948,  0.2550591)    0    0  23.71014718  3 0.760  16.02417381
( 1.9587966, 17.3763801, 30.1634917, -0.5368645,  0.7121748, -0.3188556,  0.3208032)    0    0  13.30024870  2 5.000   8.97634688
( 5.3331226, 16.3510572, 17.7374956, -0.4998048,  0.1298311,  0.7251326,  0.4555456)    0    0   8.57820083  1 0.800   5.18143582
( 5.1786791, 16.3616445, 17.4254100, -0.4997993,  0.1298279,  0.7251363,  0.4555466)    0    0   9.29189759  2 0.640   6.41288872
(-0.5441440, 21.7991044, 27.2971785,  0.1858988, -0.7823610, -0.5227778,  0.2829421)    0    0   7.12404230  0 5.000   4.77477404
(10.3823681, 18.2133541, 25.9069350, -0.3373683,  0.5041070, -0.3587223,  0.7094907)    0    0  18.86079833  3 5.000  12.72961732
(-0.3291506, 22.2452192, 27.2856159,  0.1858988, -0.7823610, -0.5227778,  0.2829421)    0    0   7.08280063  1 5.000   4.77853468
( 8.5316308, 18.4816579, 21.6815349, -0.6907154,  0.0259685,  0.4316696,  0.5795681)    0    0  10.04895568  3 1.960   7.19620802
( 6.7224663, 22.4895562, 24.3104689, -0.6885208, -0.4448086,  0.1479988,  0.5533284)    0    0  10.22041333  3 0.640   6.73281848
( 1.7335385, 14.2747408, 27.2696554, -0.4692252, -0.8451622,  0.0217883,  0.2550565)    0    0  23.68734415 16 1.080  15.85278483
( 6.3417101, 22.5510339, 24.0990768, -0.6885160, -0.4447956,  0.1480208,  0.5533465)    0    0  10.49773425  0 0.800   7.25273776
(-3.1364022, 18.6189816, 23.1736084,  0.0505924,  0.6583112,  0.2846645,  0.6950057)    0    0   2.27442107 13 2.680   2.59021159
( 1.7017985, 14.4385904, 27.0826553, -0.4692252, -0.8451628,  0.0217837,  0.2550548)    0    0  23.96180513  1 0.920  17.04076552
( 1.8252251, 14.4735447, 27.3673596, -0.4676975, -0.8454126,  0.0255130,  0.2566451)    0    0  23.15267737  1 0.680  15.29359784
( 5.0243530, 16.2290388, 17.4967397, -0.4998392,  0.1298588,  0.7251016,  0.4555493)    0    0   8.89431363  9 0.160   5.76118924
(-3.2525443, 18.8709954, 23.3862877,  0.0505440,  0.6582994,  0.2846529,  0.6950250)    0    0   4.43848230  0 5.000   2.97760649
(-3.2031748, 18.7076500, 23.5731585,  0.0505531,  0.6583014,  0.2846553,  0.6950215)    0    0   4.36991354  2 1.400   3.27475586
(-3.2626414, 18.8960275, 23.4483194,  0.0505674,  0.6583050,  0.2846586,  0.6950158)    0    0   2.86396594  9 0.600   1.21168525
( 6.6366486, 22.3710793, 24.4124665, -0.6892273, -0.4450407,  0.1451913,  0.5530136)    0    0   9.93310230 11 0.000   6.79576417
(-3.1718639, 18.6479607, 22.9611759,  0.0505620,  0.6583036,  0.2846574,  0.6950180)    0    0   2.99153904  8 2.680   2.74157729
(-1.0386894, 23.3591527, 14.7721918, -0.1971822,  0.2109398,  0.9402800,  0.1802694)    0    0   4.04236663  1 5.000   2.70734809
(-3.2713081, 18.8741695, 23.2935601,  0.0505713,  0.6583058,  0.2846597,  0.6950143)    0    0   3.59023268  4 2.360   2.75736470
( 6.3764042, 22.6800733, 24.2999088, -0.6884715, -0.4447984,  0.1484120,  0.5532947)    0    0   9.71198541 13 0.160   6.64264336
( 8.0792735, 18.2506364, 21.8028106, -0.6907146,  0.0259695,  0.4316708,  0.5795681)    0    0   8.36908525  6 4.120   4.43720915
(12.4644915, 21.6858462, 22.8791233,  0.2139388, -0.3479737,  0.6889835,  0.5987037)    0    0   7.33357672  4 3.000   4.81869360
( 5.4330214, 16.5077375, 17.5225250, -0.4998339,  0.1298512,  0.7251068,  0.4555490)    0    0   9.24354782  5 4.680   6.32081294
( 4.9959713, 16.2847125, 17.4571574, -0.4997748,  0.1298395,  0.7251452,  0.4555561)    0    0   6.82394128 16 0.000   4.56126228
( 1.4759813, 17.7161421, 29.7714687, -0.5368645,  0.7121748, -0.3188556,  0.3208032)    0    0  13.31859591  1 5.000   8.77394628
( 5.1666694, 16.4248281, 17.3649677, -0.4998332,  0.1298504,  0.7251075,  0.4555490)    0    0   9.17524756  6 2.360   6.18856084
( 5.2948367, 16.1007561, 17.2400885, -0.4998166,  0.1298351,  0.7251191,  0.4555529)    0    0   7.12763864  4 0.240   4.23868811
(-1.5152826, 13.6869847, 24.3932601,  0.9339943,  0.2063484, -0.2770168, -0.0913055)    0    0  14.12566428 13 2.760   8.43705047
( 9.7734369, 18.1908522, 26.2727157, -0.3373683,  0.5041070, -0.3587223,  0.7094907)    0    0  18.79666748  4 5.000  12.62996101
(12.7481385, 21.2060403, 23.1403160,  0.2139399, -0.3479726,  0.6889830,  0.5987046)    0    0   8.93047607  0 4.520   7.58114327
(-1.0388103, 13.6584040, 24.5823002,  0.9339943,  0.2063482, -0.2770168, -0.0913061)    0    0  15.02742884  5 0.520   9.83296472
( 4.9798565, 16.2272829, 17.6913461, -0.4998342,  0.1298307,  0.7250979,  0.4555687)    0    0   7.40646954 21 0.000   5.34045921
( 5.4373802, 16.0016152, 17.7479509, -0.4998452,  0.1298613,  0.7250855,  0.4555676)    0    0   9.42455043  2 0.960   6.77255855
(10.0723131, 18.0639690, 26.0043752, -0.3373683,  0.5041070, -0.3587223,  0.7094907)    0    0  19.07991935  0 5.000  12.79988513
( 6.1172355, 22.7796216, 24.5430823, -0.6890149, -0.4450811,  0.1478059,  0.5525498)    0    0   9.38394659  4 0.480   6.47075117
( 2.1758052, 23.3003835, 19.8309315,  0.1884555,  0.0929691,  0.8222746,  0.5288721)    0    0  -8.00027820  8 3.960  -6.83741850
( 5.4265681, 16.3509846, 17.7213263, -0.4998502,  0.1298335,  0.7250953,  0.4555545)    0    0   7.67946140  4 0.480   5.19080921
(-0.6114926, 21.6597077, 27.3007228,  0.1858988, -0.7823610, -0.5227779,  0.2829421)    0    0   7.08066028  2 5.000   4.72866078
( 2.2316204, 23.2877243, 20.1846764,  0.2911586,  0.0531484,  0.7418174,  0.6017549)    0    0  -7.11458841  5 3.640  -5.78170339
( 6.8794657, 22.6181353, 24.2809091, -0.6881097, -0.4446803,  0.1496462,  0.5535006)    0    0  10.41468119  4 0.480   7.24071889
(-0.6762361, 23.0694987, 14.9130186, -0.1971823,  0.2109398,  0.9402800,  0.1802694)    0    0   3.12785113  2 5.000   2.69912467
( 8.3845217, 18.4154187, 21.7414949, -0.6907258,  0.0259598,  0.4316465,  0.5795734)    0    0  10.43410681  2 5.000   6.91618760
( 7.1722837, 22.6155463, 24.2544859, -0.6878878, -0.4446137,  0.1505074,  0.5536001)    0    0  10.13823372  0 0.440   6.82738684
(-3.1938809, 18.5510130, 23.2808634,  0.0505710,  0.6583059,  0.2846595,  0.6950143)    0    0   3.17164431  7 0.280   2.59198606
(-1.3182492, 18.6326416, 18.5837390, -0.6387309,  0.0108549,  0.7566597,  0.1391803)    0    0  -5.88295516  0 5.000  -3.89624224
( 7.9301692, 18.2039548, 21.9371222, -0.6907260,  0.0259596,  0.4316459,  0.5795735)    0    0  10.58092937  1 5.000   7.29236275
( 1.6611270, 14.2215315, 27.1374367, -0.4680811, -0.8453516,  0.0245915,  0.2562524)    0    0  23.47109736  6 0.320  15.88175408
(12.7462786, 21.2196710, 23.1379914,  0.2139392, -0.3479732,  0.6889833,  0.5987041)    0    0   7.36829115  3 5.000   4.96320355
(-3.2836322, 19.0814527, 23.2544662,  0.0506130,  0.6583157,  0.2846699,  0.6949977)    0    0   1.84173133 14 0.040   1.25637699
(-1.2862904, 13.5205528, 24.3673519,  0.9339942,  0.2063478, -0.2770169, -0.0913071)    0    0  15.22327971  5 4.680  10.24000320
(-1.5207963, 13.6095606, 24.2855439,  0.9339944,  0.2063492, -0.2770166, -0.0913033)    0    0  14.93614622 11 1.960  10.25166565
( 5.2038406, 16.3380158, 17.5457626, -0.4998421,  0.1298614,  0.7250986,  0.4555501)    0    0  10.05932295  0 2.800   6.74789555
(-1.2854643, 18.7059495, 18.3065875, -0.6387275,  0.0108567,  0.7566624,  0.1391808)    0    0  -9.23444975  9 0.120  -6.18029978
( 5.1511713, 16.3508358, 17.4232967, -0.4998021,  0.1298244,  0.7251251,  0.4555624)    0    0   8.16338275  0 0.400   6.35684149
( 7.2943005, 22.3997656, 24.4017449, -0.6887776, -0.4448521,  0.1470506,  0.5532226)    0    0   8.89250440 12 0.000   6.70037590
( 5.0524491, 16.2465599, 17.3798254, -0.4998157,  0.1298429,  0.7251132,  0.4555610)    0    0   6.94767899  0 0.400   5.62449925
( 5.0580316, 16.3286581, 17.3481818, -0.4998434,  0.1298543,  0.7250958,  0.4555552)    0    0   8.57546984  8 0.160   5.87034925
( 2.0140814, 14.5003817, 27.4560178, -0.4692252, -0.8451610,  0.0217960,  0.2550597)    0    0  24.22288016  3 0.760  16.79632910
( 2.3491526, 23.2321811, 20.2591071,  0.2911157,  0.0531647,  0.7418549,  0.6017279)    0    0  -5.50142901  2 4.680  -3.37034466
( 2.5135602, 23.2242352, 20.1456436,  0.2908876,  0.0532106,  0.7420178,  0.6016334)    0    0  -7.04499731  4 3.240  -5.73125982
( 1.5745155, 14.3824015, 26.9608995, -0.4692252, -0.8451618,  0.0217907,  0.2550575)    0    0  24.14355919  7 1.560  16.42388102
( 5.2218830, 16.1831867, 17.7512148, -0.4999225,  0.1298915,  0.7250080,  0.4555975)    0    0   8.27786415 11 0.000   6.10246637
(-0.7850953, 13.6287711, 24.6860111,  0.9339944,  0.2063490, -0.2770166, -0.0913041)    0    0  15.13727256  4 0.600  10.21163515
( 6.8769315, 22.7116354, 24.5260802, -0.6879013, -0.4446703,  0.1503390,  0.5535831)    0    0  10.45324155  3 0.560   7.21170628
( 8.0671826, 18.2513609, 21.8329858, -0.6907263,  0.0259595,  0.4316450,  0.5795739)    0    0   8.46466666  6 4.840   4.70837298
( 1.7163554, 17.5446603, 29.9659347, -0.5368372,  0.7121386, -0.3188394,  0.3207869)    0    0  13.58548080  0 5.000   9.05699285
(-1.6407948, 18.7169538, 18.9480086, -0.6387277,  0.0108565,  0.7566622,  0.1391808)    0    0  -9.14397787  2 0.680  -6.27096493
(-1.3197327, 18.5398229, 18.8863933, -0.6387295,  0.0108556,  0.7566608,  0.1391805)    0    0  -7.46118230  2 1.160  -3.59789033
(10.4630476, 18.2798694, 25.8993777, -0.3373683,  0.5041070, -0.3587223,  0.7094907)    0    0  18.93268918  2 5.000  12.79462547
( 5.1833961, 16.4352194, 17.3970659, -0.4998262,  0.1298332,  0.7251103,  0.4555570)    0    0   8.21330242  0 0.400   6.10101681
( 5.4106731, 16.3312558, 17.9788349, -0.4998424,  0.1298590,  0.7250991,  0.4555497)    0    0   9.56089545  1 2.080   6.60714283
( 2.4207223, 23.3896448, 20.0369339,  0.1913832, -0.0062110,  0.7343108,  0.6512462)    0    0 -23.29022139  7 1.400 -12.63346523
(-1.2997967, 18.4632000, 18.9807147, -0.6387303,  0.0108552,  0.7566602,  0.1391804)    0    0  -7.15472843  1 1.800  -3.62213770
(-3.1357696, 18.6358696, 22.9820537,  0.0505870,  0.6583094,  0.2846636,  0.6950081)    0    0   3.35292681  6 0.600   2.96268910
( 6.8338151, 22.6777308, 24.9020121, -0.6883235, -0.4447505,  0.1487253,  0.5534292)    0    0   8.81959695 22 0.000   6.78970017
( 6.9610105, 22.4799139, 24.0885124, -0.6881176, -0.4446935,  0.1495916,  0.5535018)    0    0   9.00668463 31 0.000   5.02458230
( 5.0724706, 16.4289209, 17.5783333, -0.4998133,  0.1298129,  0.7251292,  0.4555468)    0    0   6.97818290  0 0.400   4.29622547
( 5.2135250, 16.2061895, 17.8860745, -0.4998394,  0.1298522,  0.7251031,  0.4555487)    0    0   9.36064518  3 3.640   6.21757911
(12.6531125, 21.4473782, 23.0481224,  0.2139385, -0.3479740,  0.6889837,  0.5987035)    0    0   7.56343749  1 4.200   5.05430113
( 9.6647304, 17.9651488, 26.1952723, -0.3373683,  0.5041070, -0.3587223,  0.7094907)    0    0  19.02260533  1 5.000  12.73742784
( 1.6396667, 14.0283463, 27.3767537, -0.4669271, -0.8455221,  0.0274003,  0.2574452)    0    0  23.97870982  8 0.160  16.46207113
( 6.4688364, 22.7659596, 24.5153944, -0.6883147, -0.4447732,  0.1486291,  0.5534512)    0    0  10.10721953  0 0.400   6.87245551
(-3.2307884, 18.8246637, 23.1023145,  0.0506122,  0.6583158,  0.2846695,  0.6949978)    0    0   2.60571002 11 0.200   2.10393622
( 7.1613377, 22.4964486, 24.0629026, -0.6880523, -0.4446961,  0.1498113,  0.5535155)    0    0  10.30065803  0 0.440   7.06667816
( 6.6316617, 22.1276067, 24.5779841, -0.6882723, -0.4447491,  0.1490598,  0.5534081)    0    0  10.20750326  7 0.240   7.03378270
( 6.3526101, 23.0039685, 23.9907111, -0.6883149, -0.4447268,  0.1488504,  0.5534288)    0    0   8.40907726  6 0.320   5.01704953
( 5.1655415, 16.6322967, 17.1956425, -0.4998488,  0.1298689,  0.7250658,  0.4555928)    0    0   8.22454952  0 0.560   5.51813646
( 4.2202147, 19.8783725, 11.6611554, -0.5348204, -0.7680666,  0.2823501, -0.2105215)    0    0 -26.78827125  0 5.000 -17.85884753
(-1.0922936, 13.6498639, 24.5495661,  0.9339943,  0.2063484, -0.2770167, -0.0913055)    0    0  15.17693217  3 0.760  10.12474480
(-1.3207282, 18.6580092, 18.5226492, -0.6387294,  0.0108556,  0.7566608,  0.1391805)    0    0  -8.38871575  5 1.880  -5.67241018
(-0.8253112, 23.1007718, 14.8743441, -0.1971821,  0.2109398,  0.9402800,  0.1802694)    0    0   1.47366932  6 1.560   0.11006639
( 6.6592738, 22.5013747, 24.2950565, -0.6878050, -0.4445923,  0.1508281,  0.5536360)    0    0   8.69234950  0 0.400   4.91818174
( 1.4388120, 14.3306538, 26.7783057, -0.4692252, -0.8451621,  0.0217889,  0.2550568)    0    0  24.30152989  1 2.440  16.83541130
( 5.2006921, 16.3619020, 17.4237491, -0.4998703,  0.1298593,  0.7250737,  0.4555594)    0    0   6.07381171 11 0.000   4.38068423
( 2.5195629, 23.3817945, 20.0014562,  0.2906410,  0.0530613,  0.7420146,  0.6017693)    0    0  -7.85601503  6 2.600  -5.66007261
( 1.9285855, 14.7065140, 27.2619596, -0.4603463, -0.8464185,  0.0432728,  0.2641674)    0    0  21.97752779  8 0.760  15.49698767
(12.2459294, 22.1051978, 22.1933653,  0.2139529, -0.3479600,  0.6889773,  0.5987138)    0    0   6.81836271  0 0.760   4.36722396
( 1.5756967, 14.3390987, 26.6370135, -0.4692251, -0.8451626,  0.0217856,  0.2550558)    0    0  23.80912674  1 0.760  16.35282743
( 5.2488778, 16.3882817, 17.6839740, -0.4997762,  0.1298392,  0.7251405,  0.4555620)    0    0   7.36872260 15 0.000   4.85641500
( 5.6626209, 16.6044905, 17.8072775, -0.4997710,  0.1298337,  0.7251585,  0.4555406)    0    0   8.45662296 11 0.000   6.31309557
(-1.1817189, 13.4960151, 24.4000734,  0.9339943,  0.2063480, -0.2770168, -0.0913067)    0    0  15.24762537  4 0.760   9.93983519
( 6.8812266, 22.5922229, 24.2536165, -0.6874122, -0.4445009,  0.1522791,  0.5538000)    0    0  10.55516766  0 4.720   7.06838233
( 5.2074979, 16.3290355, 17.5715095, -0.4998415,  0.1298586,  0.7250995,  0.4555501)    0    0   8.77544753 11 0.600   5.17275530
( 8.1791461, 18.3098568, 21.8018063, -0.6907254,  0.0259599,  0.4316476,  0.5795730)    0    0  10.71281190  0 5.000   7.14332024
(12.2787858, 22.2392460, 22.6959491,  0.2139427, -0.3479699,  0.6889818,  0.5987066)    0    0   6.97093889  5 0.520   4.51133189
( 5.2318378, 16.2228540, 17.6203510, -0.4997877,  0.1298082,  0.7251476,  0.4555470)    0    0   6.00983824  8 0.240   3.75489036
( 6.5241196, 22.8056427, 24.4961504, -0.6886447, -0.4449433,  0.1489119,  0.5528281)    0    0   9.24873460  4 0.480   6.38206584
( 6.7207999, 22.4027769, 24.1009155, -0.6880983, -0.4447232,  0.1495854,  0.5535022)    0    0  10.27142445  7 0.160   6.90831034
( 5.3004713, 16.1849680, 17.9461121, -0.4998455,  0.1298501,  0.7250854,  0.4555706)    0    0   8.08417169 15 0.000   6.50343134
(12.6078333, 21.5288460, 23.0061898,  0.2139391, -0.3479734,  0.6889834,  0.5987040)    0    0   7.32285087  6 4.600   4.83801100
( 4.9363797, 16.4512461, 17.3830724, -0.4998316,  0.1298521,  0.7251075,  0.4555502)    0    0   7.96440507 14 0.000   5.06683587
( 6.8273663, 22.6222888, 24.3146967, -0.6882464, -0.4447670,  0.1490372,  0.5534273)    0    0  10.12243522  0 0.480   6.99263939
( 6.8804689, 22.6221881, 24.3439118, -0.6877974, -0.4446119,  0.1507989,  0.5536355)    0    0   9.95316464  9 0.320   6.57359104
( 1.5605818, 14.1290356, 27.0968284, -0.4688450, -0.8452273,  0.0227229,  0.2554559)    0    0  23.95179369 12 3.320  16.22623543
(-3.4214871, 19.2031127, 23.1861855,  0.0505718,  0.6583057,  0.2846600,  0.6950142)    0    0   2.45607242 12 0.840   1.04758268
( 1.5301792, 14.3794097, 26.8928257, -0.4692252, -0.8451619,  0.0217898,  0.2550572)    0    0  24.12367174  8 4.600  16.56541734
(-1.0218906, 23.3457216, 14.7787202, -0.1971822,  0.2109398,  0.9402800,  0.1802694)    0    0   4.10526866  0 5.000   2.79422078
( 5.2896277, 16.3302683, 18.2283228, -0.4997800,  0.1298364,  0.7251530,  0.4555389)    0    0   6.18332354  0 0.720   1.94930249
( 6.6798349, 22.3392093, 24.4073304, -0.6880777, -0.4446619,  0.1497156,  0.5535432)    0    0   8.74831848  0 0.400   5.03809337
( 1.3591966, 14.0024157, 27.0348886, -0.4686549, -0.8452607,  0.0231857,  0.2556539)    0    0  24.16836147  5 3.880  16.87383097
( 1.8828627, 14.4024846, 27.3904927, -0.4641961, -0.8458536,  0.0339256,  0.2601978)    0    0  23.65761180  0 0.480  16.19466213
( 1.8272377, 14.0791980, 27.5274022, -0.4692252, -0.8451624,  0.0217869,  0.2550560)    0    0  24.09781600  9 0.520  16.63994096
( 5.4297541, 16.5292324, 17.8072021, -0.4997829,  0.1298206,  0.7251496,  0.4555454)    0    0   8.64585291  1 0.480   5.66662866
(-3.3151670, 19.1708437, 23.2469126,  0.0505915,  0.6583103,  0.2846648,  0.6950065)    0    0   2.75145808  0 0.480   2.34282919
( 7.1144060, 22.7323099, 24.1123926, -0.6883225, -0.4447698,  0.1487387,  0.5534033)    0    0  10.27547539  4 0.480   7.12824026
( 6.7476733, 22.6098782, 23.9937392, -0.6887040, -0.4448853,  0.1472423,  0.5532441)    0    0  10.23179871  2 0.640   7.15526004
( 0.2960296, 12.4121363, 26.7363152,  0.6449735, -0.3038135,  0.4074114, -0.5707210)    0    0  -9.74634490  0 5.000  -6.49756328
(-1.0052886, 13.6715919, 24.6079249,  0.9339942,  0.2063479, -0.2770169, -0.0913070)    0    0  15.14761963  7 4.360   9.96096060
( 1.5106201, 13.8802090, 27.1351083, -0.4692252, -0.8451627,  0.0217847,  0.2550552)    0    0  24.14518338  6 2.520  16.71380169
( 6.6619145, 22.4215088, 24.3515613, -0.6879828, -0.4446398,  0.1500884,  0.5535776)    0    0   8.84499160  0 0.400   4.97412496
( 1.6817832, 14.2975330, 27.1759786, -0.4692252, -0.8451619,  0.0217898,  0.2550572)    0    0  24.53638453  0 2.520  16.85558250
(12.6435593, 21.4842074, 23.0381362,  0.2139391, -0.3479733,  0.6889834,  0.5987040)    0    0   7.43042397  2 5.000   4.99936761
(-1.3193901, 18.6835183, 18.4072832, -0.5273124,  0.0599445,  0.8301051,  0.1710960)    0    0  -8.11855141  4 5.000  -6.69179786
( 6.6774598, 22.5939930, 24.2459215, -0.6874826, -0.4445165,  0.1520161,  0.5537723)    0    0  10.46787622  4 0.880   7.06449944
(12.7086225, 21.3192769, 23.1011721,  0.2139397, -0.3479728,  0.6889831,  0.5987044)    0    0   7.32275856  7 2.680   4.99293579
