#Coordinates  RecID  LigID  Luciferin  Neighbor's number  Vision Range  Scoring
( 5.2801466, 16.2841907, 17.6091962, -0.4998422,  0.1298614,  0.7250985,  0.4555501)    0    0   8.75314275  8 0.560   5.16731260
( 5.6624118, 22.4269753, 23.5870293, -0.6884262, -0.4447715,  0.1483760,  0.5533825)    0    0  10.55542736  1 0.640   7.19198971
(12.9180500, 20.9196872, 23.2966492,  0.2139399, -0.3479726,  0.6889830,  0.5987046)    0    0  11.22366395  2 5.000   7.52970224
( 2.5579601, 13.9718484, 26.7903936, -0.4680449, -0.8453624,  0.0246873,  0.2562947)    0    0  25.26390509  0 0.400  17.43144532
(-1.3184544, 18.8700807, 18.5936865, -0.6386459,  0.0107872,  0.7567205,  0.1392446)    0    0 -11.72388711 10 0.120  -9.53305105
(10.2314419, 16.8549347, 25.1266044, -0.3373683,  0.5041070, -0.3587223,  0.7094907)    0    0  21.35566866  4 5.000  13.91805738
( 5.3978356, 22.3527922, 24.0220613, -0.6884262, -0.4447715,  0.1483760,  0.5533825)    0    0  10.58940764  5 0.400   7.32488661
( 5.5913067, 22.4321856, 23.7885325, -0.6884262, -0.4447715,  0.1483760,  0.5533825)    0    0  11.16251958  2 1.360   7.49673905
(12.9963157, 20.6521821, 23.1480308,  0.2139399, -0.3479726,  0.6889830,  0.5987046)    0    0   8.94945794  1 0.440   7.22863709
( 8.1116654, 18.2801143, 21.8339739, -0.6907254,  0.0259599,  0.4316476,  0.5795730)    0    0   8.49929940  4 0.600   4.91489774
(12.6374457, 21.2222335, 23.0588907,  0.2139399, -0.3479726,  0.6889830,  0.5987046)    0    0  10.72582478  3 0.520   7.39711466
(-1.4680992, 18.2960516, 18.7025544, -0.6387286,  0.0108531,  0.7566613,  0.1391820)    0    0  -8.33452673  6 0.440  -5.32042258
( 5.9056185, 22.4755961, 24.2859723, -0.6884262, -0.4447715,  0.1483760,  0.5533825)    0    0   8.98565365  0 0.400   4.85201654
( 5.4323345, 22.4956298, 23.7234983, -0.6884262, -0.4447715,  0.1483760,  0.5533825)    0    0   8.03603981 21 0.000   5.14410556
( 2.5538247, 23.3337572, 21.2611858, -0.1327168, -0.1866164,  0.6367326,  0.7362963)    0    0 -27.59453250  4 1.480 -27.17749289
(-0.8803977, 14.1887153, 24.8033388,  0.9338689,  0.2070257, -0.2768710, -0.0914953)    0    0  15.52720985  4 0.760   9.92566668
(-1.2903309, 18.8371144, 18.6698316, -0.6387269,  0.0108518,  0.7566625,  0.1391833)    0    0  -9.56970150  5 0.360  -5.97102559
(12.6224376, 21.3968849, 23.0271231,  0.2139399, -0.3479726,  0.6889830,  0.5987046)    0    0   9.71660968  9 0.320   7.40848157
( 5.6777504, 22.4485189, 23.8203514, -0.6884262, -0.4447715,  0.1483760,  0.5533825)    0    0  10.29514541  0 0.400   7.30268059
( 5.9892964, 22.4776207, 23.5544122, -0.6884262, -0.4447715,  0.1483760,  0.5533825)    0    0   8.02407778 29 0.000   7.47653496
( 5.4526330, 22.4082210, 23.3885918, -0.6884262, -0.4447715,  0.1483760,  0.5533825)    0    0  10.38919705 11 1.960   7.50355066
(-1.0258831, 18.6340034, 19.2735173, -0.6387289,  0.0108533,  0.7566611,  0.1391818)    0    0  -8.14029426  0 0.840  -5.07303225
( 5.1884413, 16.1148932, 17.2941314, -0.4998424,  0.1298613,  0.7250983,  0.4555503)    0    0   6.57229009  0 0.400   4.58748112
(12.6772550, 21.3280847, 23.0743812,  0.2139399, -0.3479726,  0.6889830,  0.5987046)    0    0  10.86082270  7 0.400   7.44120781
( 5.2956574, 16.3098384, 17.6875273, -0.4998430,  0.1298610,  0.7250977,  0.4555507)    0    0   5.57648860  2 0.640   3.25159463
( 2.1578263, 14.0920610, 26.0427012, -0.4680448, -0.8453624,  0.0246873,  0.2562947)    0    0  25.75396458  0 0.400  17.76141015
(-3.1664881, 18.7073538, 23.1889396,  0.0505455,  0.6582998,  0.2846532,  0.6950245)    0    0   3.75786149  7 0.320   2.93845935
( 2.3577917, 14.0572471, 26.0831817, -0.4680448, -0.8453624,  0.0246873,  0.2562947)    0    0  25.24625637 13 0.000  15.49488196
( 6.1006073, 22.5163409, 23.5114915, -0.6884262, -0.4447715,  0.1483760,  0.5533825)    0    0   9.53200389 10 0.000   7.50323933
( 5.1348257, 16.2581354, 17.1853142, -0.4998423,  0.1298613,  0.7250984,  0.4555502)    0    0   9.04270990  6 0.320   6.68740541
(-0.9224653, 14.3281031, 25.2579761,  0.9339775,  0.2064385, -0.2769972, -0.0913325)    0    0  14.70040233  9 0.680   8.35000700
( 5.1416392, 16.5008180, 17.4961036, -0.4998431,  0.1298610,  0.7250976,  0.4555507)    0    0   7.56051938  9 0.080   4.96442660
(10.2955928, 17.0143687, 25.1891915, -0.3373683,  0.5041070, -0.3587223,  0.7094907)    0    0  22.10254788  0 5.000  14.73503193
( 2.3346580, 23.5532787, 21.0717453,  0.1629432, -0.0218114,  0.7310337,  0.6622413)    0    0 -24.02361503  5 1.560 -14.15720627
( 5.7540055, 22.4796649, 23.8663878, -0.6884262, -0.4447715,  0.1483760,  0.5533825)    0    0  11.31303721  1 1.280   7.68112509
( 5.8201478, 22.3119141, 23.4845511, -0.6884262, -0.4447715,  0.1483760,  0.5533825)    0    0   9.36040672  0 0.400   5.42059088
(-0.2096048, 22.8458052, 15.0627368, -0.1971822,  0.2109398,  0.9402800,  0.1802694)    0    0   4.05032863  3 5.000   2.80116968
( 5.5270873, 16.3904896, 17.2645695, -0.4998422,  0.1298614,  0.7250985,  0.4555501)    0    0   6.13762903 22 0.000   4.07353758
( 2.4357828, 13.9344573, 26.2139386, -0.4680448, -0.8453624,  0.0246873,  0.2562947)    0    0  26.80294195  3 3.200  17.84000873
(-1.0454269, 14.2844056, 25.1288880,  0.9338699,  0.2070198, -0.2768722, -0.0914936)    0    0  13.87886600 10 1.080   5.96760333
( 2.4193494, 23.4731807, 20.9789201, -0.3275299, -0.2867546,  0.5236334,  0.7323279)    0    0 -36.57600856  3 1.160 -29.49091830
(-1.0979713, 18.5754247, 19.1197416, -0.6387269,  0.0108518,  0.7566625,  0.1391833)    0    0  -9.00124675  8 0.280  -6.22985166
( 2.7287180, 14.0290809, 25.4689884, -0.4680449, -0.8453624,  0.0246873,  0.2562947)    0    0  25.10019662  3 0.560  16.80324387
(-1.1297985, 14.2952946, 24.9791857,  0.9339815,  0.2064170, -0.2770018, -0.0913265)    0    0  18.96850710  0 4.200  12.66624155
( 2.6223683, 14.0786945, 25.7756384, -0.4680448, -0.8453624,  0.0246873,  0.2562947)    0    0  26.83909448  2 1.280  17.99354789
( 5.1749334, 16.5246552, 17.6547201, -0.4998423,  0.1298613,  0.7250984,  0.4555502)    0    0   7.02281174  0 0.400   4.12578181
( 5.4372198, 22.6176986, 23.7532410, -0.6884262, -0.4447715,  0.1483760,  0.5533825)    0    0  10.04425356  0 0.400   7.23645373
( 2.5888638, 13.7257180, 26.3916428, -0.4680449, -0.8453624,  0.0246873,  0.2562947)    0    0  26.07011801  9 0.080  18.20534399
( 4.7768887, 15.8122421, 17.6429194, -0.4998427,  0.1298612,  0.7250980,  0.4555505)    0    0   5.67387151  0 0.400   2.38512891
( 4.1534036, 20.1279824, 11.6286148, -0.5348204, -0.7680666,  0.2823501, -0.2105215)    0    0 -31.17924804  1 5.000 -22.54067309
( 5.4743653, 16.0637603, 18.0224884, -0.4998422,  0.1298614,  0.7250986,  0.4555501)    0    0   6.77729510  9 0.080   4.80595392
(-1.3182641, 18.6326456, 18.5837017, -0.6387283,  0.0108528,  0.7566616,  0.1391823)    0    0  -8.30267900  6 0.880  -5.85788138
( 8.2314448, 18.3321018, 21.7733827, -0.6907254,  0.0259599,  0.4316476,  0.5795730)    0    0  10.16547151  3 4.600   6.59024286
( 5.8475435, 22.5133791, 23.3549930, -0.6884262, -0.4447715,  0.1483760,  0.5533825)    0    0   6.36247953 20 0.000   5.09913941
(-3.7373183, 18.7854422, 22.9934512,  0.0505455,  0.6582998,  0.2846532,  0.6950245)    0    0   3.58927381 11 4.520   1.11547497
( 5.6098962, 22.2848881, 23.8007514, -0.6884262, -0.4447715,  0.1483760,  0.5533825)    0    0  10.04935677  8 0.160   7.20142301
( 2.3886080, 13.6586034, 26.5118757, -0.4680448, -0.8453624,  0.0246873,  0.2562947)    0    0  25.80099543  9 0.080  17.83288236
(-3.1663655, 18.7800296, 23.3469166,  0.0505455,  0.6582998,  0.2846532,  0.6950245)    0    0   4.07345554  5 0.400   3.51452101
(-0.4182604, 22.9346697, 14.9981524, -0.1971822,  0.2109398,  0.9402800,  0.1802694)    0    0   3.93068876  4 3.240   2.91292031
(-0.6013648, 23.0854278, 14.9260716, -0.1971822,  0.2109398,  0.9402800,  0.1802694)    0    0   4.24325001  1 5.000   2.83950878
( 5.5128952, 22.4433774, 23.2338013, -0.6884262, -0.4447715,  0.1483760,  0.5533825)    0    0   8.26971798  0 0.400   5.35332257
(-0.6385199, 21.6257683, 27.2972940,  0.1858988, -0.7823610, -0.5227779,  0.2829421)    0    0   6.87050905  3 5.000   4.73903888
( 2.3687638, 14.1062722, 26.1335117, -0.4680449, -0.8453624,  0.0246873,  0.2562947)    0    0  25.18582774 12 0.000  15.64957876
( 1.9577882, 17.3724233, 30.1612572, -0.5368645,  0.7121748, -0.3188556,  0.3208032)    0    0  13.16814332  2 5.000   8.95990211
( 5.1185900, 16.3339269, 17.3558550, -0.4998425,  0.1298612,  0.7250982,  0.4555503)    0    0   8.13005048 13 0.000   5.65274976
( 5.0344468, 16.5290858, 17.2965071, -0.4998423,  0.1298613,  0.7250984,  0.4555502)    0    0   6.87159612  0 0.400   3.91196108
(-0.7616021, 21.3490144, 27.3086225,  0.1858988, -0.7823610, -0.5227779,  0.2829421)    0    0   7.55787389  0 5.000   5.03858259
(10.1933097, 16.6552080, 25.0218283, -0.3373683,  0.5041070, -0.3587223,  0.7094907)    0    0  21.50785169  3 4.920  14.51129031
(-0.7636233, 21.3448309, 27.3087289,  0.1858988, -0.7823610, -0.5227779,  0.2829421)    0    0   7.31807290  1 5.000   4.77853468
( 7.7714933, 18.1347238, 22.0192306, -0.6907254,  0.0259599,  0.4316476,  0.5795730)    0    0  10.01376084  4 1.080   7.08139720
( 5.7866845, 22.3987090, 24.1088968, -0.6884262, -0.4447715,  0.1483760,  0.5533825)    0    0   9.31512297  0 0.640   4.78113468
( 2.4402420, 13.9419633, 26.1900173, -0.4680448, -0.8453624,  0.0246873,  0.2562947)    0    0  26.98827617  0 5.000  17.99222999
( 5.6649105, 22.4514646, 23.8030206, -0.6884262, -0.4447715,  0.1483760,  0.5533825)    0    0   9.88205082 18 1.040   5.36914509
(-3.3196712, 18.8268674, 23.5530150,  0.0505455,  0.6582998,  0.2846532,  0.6950245)    0    0   3.63692561  6 0.520   2.91156877
( 2.4459317, 13.9336938, 26.2179610, -0.4680448, -0.8453624,  0.0246873,  0.2562947)    0    0  26.32116849  6 3.840  17.18000061
( 2.4148909, 14.0325385, 26.3048075, -0.4680448, -0.8453624,  0.0246873,  0.2562947)    0    0  24.72114762  6 0.320  15.34421531
( 5.0052065, 16.5091871, 17.3488209, -0.4998422,  0.1298614,  0.7250986,  0.4555501)    0    0   8.26615960 14 0.000   5.79241073
(-3.5559336, 18.8316672, 23.1473743,  0.0505455,  0.6582998,  0.2846532,  0.6950245)    0    0   4.60537194  3 0.840   2.87644254
(-3.7519902, 18.8508903, 22.9668748,  0.0505455,  0.6582998,  0.2846532,  0.6950245)    0    0   5.03842613  1 5.000   3.40624620
(-3.2988071, 18.7774770, 23.1678303,  0.0505455,  0.6582998,  0.2846532,  0.6950245)    0    0   4.98922116  2 3.720   3.27134191
( 5.7069445, 22.3971541, 23.7451870, -0.6884262, -0.4447715,  0.1483760,  0.5533825)    0    0   8.50612422 13 0.000   5.18605922
(-3.2697921, 19.1261084, 23.4473597,  0.0505455,  0.6582998,  0.2846532,  0.6950245)    0    0   2.37973785  8 0.160   1.06864563
(-1.1618457, 23.4102816, 14.7343516, -0.1971822,  0.2109398,  0.9402800,  0.1802694)    0    0   2.78227072  5 4.680   2.94991578
(-2.9845350, 18.7503492, 23.5593111,  0.0505455,  0.6582998,  0.2846532,  0.6950245)    0    0   4.48458441  6 0.720   3.39866741
( 5.6612606, 22.4613430, 23.6424023, -0.6884262, -0.4447715,  0.1483760,  0.5533825)    0    0  11.37057982  0 5.000   7.58038655
( 8.0482920, 18.2315986, 21.8147083, -0.6907254,  0.0259599,  0.4316476,  0.5795730)    0    0   7.65590350  7 4.600   4.81312762
(12.9257255, 20.9067522, 23.3037112,  0.2139399, -0.3479726,  0.6889830,  0.5987046)    0    0  11.24930841  1 5.000   7.54957496
( 5.5217516, 16.5720539, 17.3528124, -0.4998428,  0.1298611,  0.7250980,  0.4555505)    0    0   7.66874023  9 0.080   5.31816646
( 5.2003685, 16.2897637, 17.2508438, -0.4998426,  0.1298612,  0.7250981,  0.4555504)    0    0   7.31924879  0 0.400   5.08068267
( 1.4759813, 17.7161421, 29.7714687, -0.5368645,  0.7121748, -0.3188556,  0.3208032)    0    0  13.32137094  1 5.000   8.77394628
( 4.9717333, 16.2512474, 17.3710989, -0.4998428,  0.1298611,  0.7250979,  0.4555505)    0    0   7.94277340 18 0.000   5.36344821
( 5.2774005, 16.2929558, 18.0689398, -0.4998423,  0.1298613,  0.7250984,  0.4555502)    0    0   7.51951032  0 0.560   3.81971438
(-0.9902647, 14.2920218, 25.2916626,  0.9339783,  0.2064346, -0.2769980, -0.0913314)    0    0  15.15210008  8 0.840   8.38057539
(10.0974823, 16.4963553, 24.9793962, -0.3373683,  0.5041070, -0.3587223,  0.7094907)    0    0  21.98896214  2 5.000  14.67950444
(12.7481385, 21.2060403, 23.1403160,  0.2139399, -0.3479726,  0.6889830,  0.5987046)    0    0  11.37171491  0 5.000   7.58114327
( 1.5560143, 14.0906699, 25.9153709, -0.5014862, -0.8266984,  0.0386132,  0.2521713)    0    0  10.78408416  1 1.240   8.53020225
( 5.3596832, 16.5908208, 17.9506255, -0.4998424,  0.1298613,  0.7250984,  0.4555502)    0    0   8.68237179  5 0.160   6.80494866
( 5.2121659, 16.2197667, 17.9265626, -0.4998422,  0.1298614,  0.7250986,  0.4555501)    0    0   9.29007480  3 0.800   6.27265297
(10.3505008, 17.0701705, 25.1908299, -0.3373683,  0.5041070, -0.3587223,  0.7094907)    0    0  21.08712249  5 4.920  14.49400322
( 5.3784927, 22.3612600, 23.8310130, -0.6884262, -0.4447715,  0.1483760,  0.5533825)    0    0  10.71815399  0 0.560   7.30935863
( 2.3392627, 23.6347433, 21.0858519,  0.0160042, -0.1055779,  0.6953849,  0.7106595)    0    0 -27.81619985  7 1.240 -16.98709060
( 5.1168556, 15.9668594, 17.5062049, -0.4998427,  0.1298612,  0.7250980,  0.4555504)    0    0   8.72350569  2 0.320   6.28857427
(-0.8289508, 21.2096177, 27.3121668,  0.1858988, -0.7823610, -0.5227779,  0.2829421)    0    0   7.20535632  2 5.000   4.87129340
( 2.1398048, 23.9138659, 21.1385884,  0.2675580,  0.0401792,  0.7422341,  0.6130884)    0    0 -12.18963209  1 2.600  -6.18290062
( 5.6714093, 22.5885235, 23.4544605, -0.6884262, -0.4447715,  0.1483760,  0.5533825)    0    0   9.06021731  5 0.400   5.61362629
(-0.6449867, 23.1124274, 14.9107868, -0.1971822,  0.2109398,  0.9402800,  0.1802694)    0    0   4.36853898  0 5.000   2.91235932
( 8.3775829, 18.3942638, 21.6939649, -0.6907254,  0.0259599,  0.4316476,  0.5795730)    0    0  10.39078844  2 5.000   6.77951868
( 5.4848710, 22.4090669, 23.4471174, -0.6884262, -0.4447715,  0.1483760,  0.5533825)    0    0   8.78094355 14 0.000   5.18674164
(-2.9182642, 18.4783197, 23.0904970,  0.0505455,  0.6582998,  0.2846532,  0.6950245)    0    0   3.90569565  3 0.400   3.36765116
(-1.3182492, 18.6326416, 18.5837390, -0.6387309,  0.0108549,  0.7566597,  0.1391803)    0    0  -5.84436336  0 5.000  -3.89624224
( 7.9301670, 18.2039510, 21.9371151, -0.6907254,  0.0259599,  0.4316476,  0.5795730)    0    0  10.67191299  1 5.000   7.29080567
( 2.5225492, 14.0824284, 25.7421590, -0.4680448, -0.8453624,  0.0246873,  0.2562947)    0    0  26.89771491  1 2.880  18.01547964
(12.6064600, 21.5979865, 22.9705666,  0.2139399, -0.3479726,  0.6889830,  0.5987046)    0    0   8.84559538  0 0.520   4.96498005
(-3.6870171, 18.8804499, 22.9372354,  0.0505455,  0.6582998,  0.2846532,  0.6950245)    0    0   3.06974275  0 0.400   3.27626163
( 1.6828840, 14.1038245, 25.9503463, -0.4792374, -0.8392189,  0.0293323,  0.2549439)    0    0  16.55542411  0 0.600  14.41370101
(-1.2052870, 14.2993425, 24.8564758,  0.9339787,  0.2064322, -0.2769986, -0.0913307)    0    0  16.83409485  1 1.320  11.72841210
( 5.2038406, 16.3380158, 17.5457626, -0.4998421,  0.1298614,  0.7250986,  0.4555501)    0    0  10.12184333  0 5.000   6.74789555
(-1.2430709, 18.6135471, 18.7705612, -0.6387309,  0.0108549,  0.7566597,  0.1391803)    0    0  -7.15169966  3 2.840  -4.44067592
( 4.9001721, 16.2143627, 17.4435724, -0.4998422,  0.1298614,  0.7250986,  0.4555501)    0    0   8.34013371 12 0.000   5.67137732
( 5.5582012, 22.4417994, 23.3816048, -0.6884262, -0.4447715,  0.1483760,  0.5533825)    0    0  11.13723065  3 3.360   7.26722133
( 5.1944322, 16.2159551, 17.9115067, -0.4998422,  0.1298614,  0.7250986,  0.4555501)    0    0   9.57411319  2 2.640   6.30932030
( 5.4811191, 16.3577814, 17.6194772, -0.4998428,  0.1298611,  0.7250979,  0.4555505)    0    0   7.48077267 13 0.000   5.23673298
( 2.3673819, 14.1042396, 26.1916532, -0.4680449, -0.8453624,  0.0246873,  0.2562947)    0    0  24.12614085  4 0.480  15.70284342
( 2.1918759, 23.6545600, 21.0667006,  0.2699604,  0.0416273,  0.7423433,  0.6118063)    0    0  -8.99218500  0 3.240  -4.22362486
( 1.8924434, 23.7695058, 21.0141796,  0.2451717,  0.0267386,  0.7408945,  0.6247009)    0    0 -15.93904516  2 2.360  -9.28639922
( 2.6803363, 13.8119144, 26.2717864, -0.4680449, -0.8453624,  0.0246873,  0.2562947)    0    0  26.12602823  1 0.480  18.06646357
( 5.4387218, 16.4109004, 17.0126834, -0.4998422,  0.1298614,  0.7250985,  0.4555501)    0    0   8.90205313  6 0.320   6.28999815
(-1.2007428, 14.3030763, 24.8441355,  0.9338710,  0.2070139, -0.2768735, -0.0914920)    0    0  15.23630410  7 0.920  11.84808450
( 5.1346430, 22.3214675, 23.6811560, -0.6884262, -0.4447715,  0.1483760,  0.5533825)    0    0   8.47851225 13 0.000   5.02590006
( 8.5647380, 18.4695764, 21.5893855, -0.6907254,  0.0259599,  0.4316476,  0.5795730)    0    0   9.56993711  5 4.200   7.13163129
( 1.7163554, 17.5446603, 29.9659347, -0.5368372,  0.7121386, -0.3188394,  0.3207869)    0    0  13.58548928  0 5.000   9.05699285
(-1.4145758, 18.6615574, 18.3418589, -0.6387306,  0.0108547,  0.7566599,  0.1391805)    0    0  -8.87960787  8 2.920  -5.62092668
(-1.4069406, 18.6745431, 18.3569975, -0.6387306,  0.0108547,  0.7566599,  0.1391805)    0    0  -8.02278869  4 0.920  -5.45900021
(10.1476177, 16.8743066, 25.1914214, -0.3373683,  0.5041070, -0.3587223,  0.7094907)    0    0  20.06287686  6 4.920  11.96514105
( 5.0496137, 16.0655069, 17.0945149, -0.4998422,  0.1298614,  0.7250985,  0.4555501)    0    0   7.63546733  0 0.480   4.40909091
( 5.0637840, 16.2303283, 17.5814879, -0.4998423,  0.1298613,  0.7250984,  0.4555502)    0    0   8.63706942  1 0.640   5.50490827
( 2.2420315, 23.4077397, 20.9785987,  0.2529597,  0.0314177,  0.7413412,  0.6206411)    0    0 -19.32265822  3 1.400 -12.86446455
(-1.6610227, 18.7178111, 18.8026610, -0.6387283,  0.0108528,  0.7566616,  0.1391823)    0    0  -6.39645751  1 5.000  -3.72039244
(-3.3830785, 18.8266735, 23.1242517,  0.0505455,  0.6582998,  0.2846532,  0.6950245)    0    0   4.59484040  5 3.400   3.14879815
( 5.3956779, 22.3939823, 23.4500846, -0.6884262, -0.4447715,  0.1483760,  0.5533825)    0    0  10.77562688  4 0.480   7.49530128
( 5.9859907, 22.5812109, 23.4203360, -0.6884262, -0.4447715,  0.1483760,  0.5533825)    0    0   7.05548550  7 0.080   5.34245911
( 5.1876843, 16.3229420, 17.4519105, -0.4998422,  0.1298614,  0.7250985,  0.4555501)    0    0   7.97555247  9 0.160   4.15926748
( 5.1929633, 16.2997807, 17.6434301, -0.4998427,  0.1298612,  0.7250981,  0.4555504)    0    0   8.14966500 10 0.000   5.22355533
(12.8858725, 21.1606785, 23.1928917,  0.2139399, -0.3479726,  0.6889830,  0.5987046)    0    0   9.25517554 11 0.600   5.00392377
(10.3028553, 17.0332904, 25.1968386, -0.3373683,  0.5041070, -0.3587223,  0.7094907)    0    0  22.08804668  1 5.000  14.72713376
( 2.3364271, 13.8723693, 26.4329189, -0.4680449, -0.8453624,  0.0246873,  0.2562947)    0    0  26.30867083  0 0.640  17.68009790
( 5.4254536, 22.7471960, 23.9043956, -0.6884262, -0.4447715,  0.1483760,  0.5533825)    0    0   9.07802543  3 0.320   5.01278340
(-3.6841188, 18.8396828, 22.9951187,  0.0505455,  0.6582998,  0.2846532,  0.6950245)    0    0   4.96932140  3 2.160   3.23621513
( 6.2172241, 22.4921157, 23.2386793, -0.6884262, -0.4447715,  0.1483760,  0.5533825)    0    0   7.48168817  9 0.080   3.18754823
( 5.3603520, 22.3452478, 23.1824334, -0.6884262, -0.4447715,  0.1483760,  0.5533825)    0    0  10.89734559  5 0.640   7.60686507
( 5.8118791, 22.5615432, 23.0278793, -0.6884262, -0.4447715,  0.1483760,  0.5533825)    0    0   9.27728431  6 0.160   5.04432407
( 4.8786267, 16.0822749, 17.6510710, -0.4998431,  0.1298610,  0.7250976,  0.4555507)    0    0   6.74560519  0 0.560   5.73262902
( 4.2202147, 19.8783725, 11.6611554, -0.5348204, -0.7680666,  0.2823501, -0.2105215)    0    0 -26.78827129  0 5.000 -17.85884753
(-1.2603971, 14.3059233, 24.7843944,  0.9339775,  0.2064385, -0.2769972, -0.0913325)    0    0  15.74314333  4 0.920  11.93457817
(-1.1868851, 18.5978248, 18.9098752, -0.6387309,  0.0108549,  0.7566597,  0.1391803)    0    0  -6.59281110  2 5.000  -3.73037467
(-0.7631296, 23.2116116, 14.8638740, -0.1971822,  0.2109398,  0.9402800,  0.1802694)    0    0   1.78462427  6 4.840  -0.14915488
( 5.6548739, 22.5156936, 23.2736043, -0.6884262, -0.4447715,  0.1483760,  0.5533825)    0    0   9.02591026  0 0.400   5.34145407
( 2.6008473, 14.1203128, 25.4669246, -0.4680449, -0.8453624,  0.0246873,  0.2562947)    0    0  24.63060844  0 0.400  16.37140640
( 5.2470380, 16.4663721, 17.6483941, -0.4998425,  0.1298612,  0.7250982,  0.4555503)    0    0   8.08828651  4 0.400   4.72609871
( 2.9971267, 23.1194447, 21.4822462, -0.5037518, -0.3700517,  0.3774103,  0.6832696)    0    0 -17.74466872 17 2.040 -22.01822777
( 2.2341913, 13.8217874, 26.3121663, -0.4680448, -0.8453624,  0.0246873,  0.2562947)    0    0  26.32518511  3 0.480  17.82577258
(12.9095834, 20.9481902, 23.2848766,  0.2139399, -0.3479726,  0.6889830,  0.5987046)    0    0  11.15240630  6 0.520   7.52421308
( 2.4018745, 14.3765927, 26.3097127, -0.4680449, -0.8453624,  0.0246873,  0.2562947)    0    0  25.55496953  0 0.400  17.77391697
( 5.1155316, 16.0615445, 17.4993954, -0.5143112,  0.1237830,  0.7095337,  0.4655360)    0    0   3.69866448  0 0.400   2.02366840
( 5.1814085, 16.1862679, 17.9652021, -0.4998422,  0.1298614,  0.7250986,  0.4555501)    0    0   9.17517348  5 3.040   6.47014645
(-1.2571382, 14.2922235, 24.6095644,  0.9339793,  0.2064288, -0.2769993, -0.0913298)    0    0  15.97150381  3 1.480  12.36527785
( 5.6717721, 22.9390929, 23.3852892, -0.6884262, -0.4447715,  0.1483759,  0.5533825)    0    0   8.39877644 14 0.000   5.44262744
( 5.1813794, 16.1768347, 17.4953607, -0.4998423,  0.1298613,  0.7250984,  0.4555502)    0    0   7.23575112  0 0.480   6.01751210
( 8.1791461, 18.3098568, 21.8018063, -0.6907254,  0.0259599,  0.4316476,  0.5795730)    0    0  10.71498036  0 5.000   7.14332024
(13.4073454, 20.9570051, 23.5099316,  0.2139399, -0.3479726,  0.6889830,  0.5987046)    0    0   9.38021611  0 0.760   7.27467683
( 5.1239283, 16.2677035, 17.4626057, -0.4998428,  0.1298611,  0.7250979,  0.4555505)    0    0   8.52630047  0 0.400   6.69875744
( 5.4117364, 22.6244660, 23.8339036, -0.6884262, -0.4447715,  0.1483760,  0.5533825)    0    0   9.56301437  1 0.560   4.93677786
( 5.3543992, 22.0865620, 23.7463948, -0.6884262, -0.4447715,  0.1483760,  0.5533825)    0    0  10.00038479  7 0.240   7.09643025
( 5.2728116, 16.2846613, 17.8311589, -0.4998426,  0.1298612,  0.7250981,  0.4555504)    0    0   8.26726478  0 0.400   6.57524117
(12.6940014, 21.2972777, 23.0905053,  0.2139399, -0.3479726,  0.6889830,  0.5987046)    0    0  11.19879801  4 5.000   7.41625730
( 5.1637231, 16.2072211, 17.8442895, -0.4998422,  0.1298614,  0.7250986,  0.4555501)    0    0   9.21843872  4 0.800   6.02302476
( 5.2454307, 22.3531722, 23.2696532, -0.6884262, -0.4447715,  0.1483760,  0.5533825)    0    0  10.66122079  5 0.400   7.60962636
( 5.6257904, 22.7808551, 23.3542975, -0.6884262, -0.4447715,  0.1483759,  0.5533825)    0    0   9.73013951  0 0.400   7.26295320
( 2.5359420, 13.6025971, 26.3660291, -0.4680449, -0.8453624,  0.0246873,  0.2562947)    0    0  26.15811410  8 0.400  18.01855686
(-3.6629590, 18.8364677, 23.0063546,  0.0505455,  0.6582998,  0.2846532,  0.6950245)    0    0   5.15080218  0 5.000   3.43386814
( 2.5023365, 14.0620188, 25.5587902, -0.4680448, -0.8453624,  0.0246873,  0.2562947)    0    0  25.53967785  0 0.480  16.63072499
(-1.0218954, 23.3457141, 14.7787207, -0.1971822,  0.2109398,  0.9402800,  0.1802694)    0    0   4.21067134  2 5.000   2.81485030
( 5.0022578, 16.2740491, 17.7165778, -0.4998425,  0.1298612,  0.7250982,  0.4555503)    0    0   8.06828278 16 0.000   5.72690362
( 5.5804550, 22.4530835, 23.3504489, -0.6884262, -0.4447715,  0.1483760,  0.5533825)    0    0  10.20943204 10 0.000   7.25057954
( 2.6183702, 13.8837617, 26.3979639, -0.4680448, -0.8453624,  0.0246873,  0.2562947)    0    0  26.39217612  4 0.640  17.66835056
( 2.4142039, 14.3611140, 25.9522356, -0.4680449, -0.8453624,  0.0246873,  0.2562947)    0    0  25.70205132 11 0.000  17.72728592
( 2.5695058, 14.0081539, 26.0182920, -0.4680449, -0.8453624,  0.0246873,  0.2562947)    0    0  25.86125181  1 0.800  17.48810831
( 5.2083045, 16.3958173, 17.3725885, -0.4998422,  0.1298614,  0.7250986,  0.4555501)    0    0   9.86182226  1 5.000   6.83280653
(-3.5835266, 18.8249842, 23.0512519,  0.0505455,  0.6582998,  0.2846532,  0.6950245)    0    0   2.64762612  4 0.640   0.46226065
( 5.5240530, 22.4568757, 23.6003293, -0.6884262, -0.4447715,  0.1483760,  0.5533825)    0    0   9.47633680 10 0.000   5.16191882
( 5.6167391, 22.1733914, 23.1300516, -0.6884262, -0.4447715,  0.1483760,  0.5533825)    0    0  10.24054245 10 0.000   7.41353594
(-0.9514050, 14.3166049, 25.2321856,  0.9339786,  0.2064327, -0.2769985, -0.0913308)    0    0  16.29044204  2 1.320  11.44514102
(-1.2751519, 14.3238388, 24.7741540,  0.9338689,  0.2070257, -0.2768710, -0.0914953)    0    0  15.52366036  6 0.600  12.19908332
( 2.6413345, 14.2250642, 25.4900932, -0.4680449, -0.8453624,  0.0246873,  0.2562947)    0    0  25.62868067  0 0.640  16.55483776
( 5.7799279, 22.5078079, 23.4377192, -0.6884262, -0.4447715,  0.1483760,  0.5533825)    0    0  11.12225115  4 4.320   7.39115439
( 2.3600236, 13.9184718, 26.2449086, -0.4680448, -0.8453624,  0.0246873,  0.2562947)    0    0  24.93586678 13 0.000  15.55536385
(12.6917453, 21.3010817, 23.0884292,  0.2139399, -0.3479726,  0.6889830,  0.5987046)    0    0  11.18770337  5 5.000   7.40643433
(-1.0387331, 18.2447089, 18.6546375, -0.6387217,  0.0108476,  0.7566663,  0.1391872)    0    0 -10.89923718  0 0.720  -9.19154833
( 5.6336818, 22.4724134, 23.6810427, -0.6884262, -0.4447715,  0.1483760,  0.5533825)    0    0   9.79851591  0 0.400   7.41012865
(12.9155320, 20.9239313, 23.2943324,  0.2139399, -0.3479726,  0.6889830,  0.5987046)    0    0  11.20862947  3 0.960   7.52304748
