#Coordinates  RecID  LigID  Luciferin  Neighbor's number  Vision Range  Scoring
( 5.1009715, 15.9774177, 17.9814094, -0.4998421,  0.1298613,  0.7250986,  0.4555501)    0    0   8.12363682 24 0.000   6.03750304
( 5.8408158, 22.5292232, 23.6121093, -0.6884265, -0.4447716,  0.1483750,  0.5533824)    0    0   9.58480800  0 0.400   7.36823266
(12.9050034, 20.4842600, 23.3396161,  0.2139399, -0.3479726,  0.6889830,  0.5987046)    0    0  11.15874372  3 5.000   7.38735889
( 1.9990536, 13.7132732, 26.7893806, -0.4680333, -0.8453641,  0.0247174,  0.2563074)    0    0  25.14755357  0 0.400  17.48428590
(-1.2101183, 18.4590064, 18.8417858, -0.6387309,  0.0108549,  0.7566597,  0.1391803)    0    0  -6.66887436  1 2.120  -3.72247789
(10.2414697, 16.8545327, 25.1200836, -0.3373683,  0.5041070, -0.3587223,  0.7094907)    0    0  21.30538731  2 5.000  13.92490260
( 5.4319599, 22.4324362, 23.7108137, -0.6884293, -0.4447724,  0.1483640,  0.5533813)    0    0   9.28355757  0 0.400   7.51046353
( 5.7889281, 23.1967786, 23.8241834, -0.6884323, -0.4447732,  0.1483523,  0.5533800)    0    0   9.06169406  4 0.480   7.19874815
(12.9038445, 21.2430854, 23.0574666,  0.2139399, -0.3479726,  0.6889830,  0.5987046)    0    0   7.89074200  3 0.520   5.01737886
( 8.4202098, 18.4123646, 21.6707189, -0.6907254,  0.0259599,  0.4316476,  0.5795730)    0    0   9.03252814  5 0.440   6.70188966
(12.8862059, 20.9762688, 23.2670006,  0.2139399, -0.3479726,  0.6889830,  0.5987046)    0    0   9.69839050  7 0.680   5.21168003
(-1.1958236, 18.5601123, 18.8853288, -0.6387309,  0.0108549,  0.7566597,  0.1391803)    0    0  -6.68036298  2 3.320  -3.71335704
( 6.0543977, 22.5745617, 23.6294846, -0.6884314, -0.4447730,  0.1483555,  0.5533803)    0    0   9.93285940  0 0.400   7.31959547
( 5.6518273, 22.3778457, 23.5788710, -0.6884282, -0.4447721,  0.1483680,  0.5533817)    0    0   8.34004176  0 0.400   5.21878128
( 2.1861290, 23.4646356, 20.8603068,  0.2862705,  0.0514897,  0.7428984,  0.6029096)    0    0  -9.09896175  1 3.400  -5.89317803
(-1.1142143, 14.3276905, 25.0766935,  0.9339849,  0.2063994, -0.2770051, -0.0913222)    0    0  15.64991893  9 0.520   7.98073523
(-1.2877795, 18.6969609, 18.5465030, -0.5939644, -0.0235583,  0.7856448,  0.1715036)    0    0  -8.71024997  9 3.640  -2.00544098
(13.2893760, 20.9577417, 23.5617924,  0.2139399, -0.3479726,  0.6889830,  0.5987046)    0    0  10.12149136  0 0.800   7.39927164
( 5.2728571, 22.4300895, 23.7519895, -0.6884269, -0.4447717,  0.1483732,  0.5533823)    0    0   8.40905445 20 0.000   5.30514169
( 5.3376320, 22.2864185, 23.6828343, -0.6884310, -0.4447729,  0.1483573,  0.5533805)    0    0   9.73996042  3 0.480   7.13251940
( 5.5484078, 22.4081667, 23.8905920, -0.6884262, -0.4447715,  0.1483759,  0.5533825)    0    0  11.21084304  1 3.600   7.54667296
(-1.4588566, 18.7950643, 18.5904156, -0.6387309,  0.0108549,  0.7566597,  0.1391803)    0    0  -8.88683611 10 0.360  -6.40366201
( 4.8235658, 16.2244061, 17.8047687, -0.4998422,  0.1298614,  0.7250986,  0.4555501)    0    0   7.58999921 21 0.000   5.37658249
(12.8198587, 21.2593261, 23.4213864,  0.2139399, -0.3479726,  0.6889830,  0.5987046)    0    0   7.88641708  5 0.320   5.25861070
( 5.2783446, 16.4269551, 17.3034944, -0.4998421,  0.1298614,  0.7250986,  0.4555501)    0    0   9.60389301  1 0.720   6.71457984
( 1.8286011, 13.5076157, 26.9799612, -0.4680369, -0.8453637,  0.0247064,  0.2563029)    0    0  24.94374047  1 0.800  16.59781912
(-3.1616337, 18.7513702, 23.4221106,  0.0505455,  0.6582998,  0.2846532,  0.6950245)    0    0   3.53945333  0 0.600   3.12845214
( 2.0346662, 13.9107591, 26.6436830, -0.4680446, -0.8453625,  0.0246877,  0.2562949)    0    0  26.10027971  1 5.000  17.66069718
( 5.5083688, 22.4485412, 23.1134058, -0.6884290, -0.4447723,  0.1483650,  0.5533814)    0    0  10.52084418  7 0.240   7.46209621
( 5.4753839, 16.3574133, 17.6006262, -0.4998421,  0.1298613,  0.7250986,  0.4555501)    0    0   6.44552484 11 0.000   4.08017387
(-0.7352561, 14.1966133, 25.1808798,  0.9339843,  0.2064022, -0.2770048, -0.0913226)    0    0  18.46856159  1 1.640  12.55797721
( 5.0286282, 16.3805377, 17.3442462, -0.4998422,  0.1298614,  0.7250986,  0.4555501)    0    0   9.00316781 12 0.560   5.78423794
(10.2955928, 17.0143687, 25.1891915, -0.3373683,  0.5041070, -0.3587223,  0.7094907)    0    0  22.00579195  0 5.000  14.73503193
( 2.2709601, 22.9829488, 20.6848022,  0.2203474,  0.0119487,  0.7387193,  0.6368659)    0    0 -22.16002372  6 2.920 -16.17378990
( 6.1459993, 22.3610295, 24.1904256, -0.6884289, -0.4447723,  0.1483652,  0.5533814)    0    0   9.30902865  0 0.720   5.10325803
( 6.0642491, 22.8458241, 23.5714182, -0.6884282, -0.4447721,  0.1483681,  0.5533817)    0    0   9.92877899  0 0.400   7.09459211
(-1.0258525, 23.3481563, 14.7773356, -0.1971822,  0.2109398,  0.9402800,  0.1802694)    0    0   4.18420199  2 5.000   2.80116968
( 5.0915172, 16.4570937, 17.3761363, -0.4998421,  0.1298614,  0.7250986,  0.4555501)    0    0   7.70936853  2 0.640   4.92500153
( 2.2077908, 13.7951140, 26.9054874, -0.4680248, -0.8453657,  0.0247362,  0.2563156)    0    0  24.99719033  0 0.400  17.17327122
(-0.9837434, 14.2826124, 25.0055482,  0.9339875,  0.2063875, -0.2770054, -0.0913211)    0    0  16.42518509  6 0.360  10.00759121
( 2.2422316, 23.2356946, 20.7780786,  0.2601675,  0.0357307,  0.7418594,  0.6169933)    0    0 -20.30772473  4 2.040 -12.84275423
(-1.5656998, 18.8920850, 18.5563881, -0.6387309,  0.0108549,  0.7566597,  0.1391803)    0    0 -10.14277440  0 0.440  -6.06968903
( 2.1191843, 13.8955761, 26.8717823, -0.4680441, -0.8453625,  0.0246888,  0.2562954)    0    0  25.48969823  8 0.320  16.92728371
(-1.2181119, 14.2910767, 24.9814194,  0.9339879,  0.2063848, -0.2770067, -0.0913196)    0    0  16.83518263  2 0.600  11.88288844
( 1.8148346, 13.7219102, 27.3190989, -0.4680413, -0.8453630,  0.0246957,  0.2562983)    0    0  24.34966727  0 0.400  16.66792175
( 5.2349675, 16.6657925, 17.1490328, -0.4998421,  0.1298614,  0.7250986,  0.4555501)    0    0   8.40491578  1 0.400   6.52287009
( 5.7527731, 22.7540448, 23.2738172, -0.6884294, -0.4447724,  0.1483635,  0.5533812)    0    0   7.75034839 18 0.000   5.18590227
( 2.1976993, 13.9874786, 26.8422664, -0.4680418, -0.8453628,  0.0246955,  0.2562981)    0    0  26.02725467  3 1.040  17.74908950
( 5.0269641, 16.3967792, 17.3265366, -0.4998422,  0.1298614,  0.7250986,  0.4555501)    0    0   9.13013958  7 0.240   6.03584752
( 4.1534036, 20.1279824, 11.6286148, -0.5348204, -0.7680666,  0.2823501, -0.2105215)    0    0 -31.17924804  1 5.000 -22.54067309
( 5.4858951, 16.2770195, 17.9244181, -0.4998421,  0.1298614,  0.7250986,  0.4555501)    0    0   9.02678567 10 0.000   6.19898282
(-1.1065332, 18.6208868, 18.5896864, -0.6387309,  0.0108549,  0.7566597,  0.1391803)    0    0  -9.42718928  4 0.520  -5.46091881
( 8.1620303, 18.3112958, 21.8312968, -0.6907254,  0.0259599,  0.4316476,  0.5795730)    0    0   8.53653014  6 3.240   4.22472932
( 5.4166125, 22.3600019, 23.4650893, -0.6884298, -0.4447725,  0.1483618,  0.5533810)    0    0   9.36221447 15 0.000   7.37041570
(-3.2117993, 18.7633744, 23.2043362,  0.0505455,  0.6582998,  0.2846532,  0.6950245)    0    0   5.03511504  1 5.000   3.42804167
( 5.6760804, 22.2025494, 23.6038252, -0.6884304, -0.4447727,  0.1483596,  0.5533808)    0    0  10.29517641  5 0.400   7.26446430
( 2.0877607, 13.6723493, 26.9665557, -0.4708435, -0.8438580,  0.0258935,  0.2559842)    0    0  22.57956490  0 0.400  14.89208652
(-3.1911093, 18.8721463, 23.2926272,  0.0505455,  0.6582998,  0.2846532,  0.6950245)    0    0   2.71522593  1 0.720   1.04095454
(-0.3485039, 22.9288975, 15.0146770, -0.1971822,  0.2109398,  0.9402800,  0.1802694)    0    0   2.84168307  5 3.640   2.99034265
(-0.6013648, 23.0854278, 14.9260716, -0.1971822,  0.2109398,  0.9402800,  0.1802694)    0    0   4.04471411  3 5.000   2.83950878
( 5.8723689, 22.5274457, 23.7167715, -0.6884272, -0.4447718,  0.1483722,  0.5533821)    0    0  11.00178743  4 3.080   7.56217726
(-0.8125636, 21.2425114, 27.3115302,  0.1858988, -0.7823610, -0.5227779,  0.2829421)    0    0   7.12550608  3 5.000   4.79060233
( 2.0157408, 13.6993183, 26.8136428, -0.4680424, -0.8453628,  0.0246930,  0.2562972)    0    0  25.21833492  0 0.400  17.67017687
( 1.9577868, 17.3724176, 30.1612540, -0.5368645,  0.7121748, -0.3188556,  0.3208032)    0    0  13.16812941  2 5.000   8.95990211
( 4.9955302, 16.1669967, 17.5762622, -0.4998421,  0.1298614,  0.7250986,  0.4555501)    0    0   9.05128704  0 0.400   6.16658968
( 5.0632304, 16.4769822, 17.3350287, -0.4998421,  0.1298614,  0.7250986,  0.4555501)    0    0   8.60745984 13 0.000   5.68471275
(-0.7616021, 21.3490144, 27.3086225,  0.1858988, -0.7823610, -0.5227779,  0.2829421)    0    0   7.55787374  0 5.000   5.03858259
(10.5441173, 17.5384103, 25.3713863, -0.3373683,  0.5041070, -0.3587223,  0.7094907)    0    0  21.15091964  3 4.600  14.45853463
(-0.7636233, 21.3448309, 27.3087289,  0.1858988, -0.7823610, -0.5227779,  0.2829421)    0    0   7.31807276  1 5.000   4.77853468
( 8.4517229, 18.4258062, 21.6536890, -0.6907254,  0.0259599,  0.4316476,  0.5795730)    0    0   9.19419946  4 2.600   6.96167683
( 5.7347377, 22.4872357, 23.6254611, -0.6884273, -0.4447718,  0.1483717,  0.5533821)    0    0  10.83287719  5 0.480   7.37046954
( 2.3336437, 13.8510548, 26.6329704, -0.4680281, -0.8453652,  0.0247280,  0.2563121)    0    0  24.69411781 17 0.000  17.16181536
( 5.7764283, 22.4599086, 24.0100749, -0.6884262, -0.4447715,  0.1483759,  0.5533825)    0    0  11.19846234  2 1.760   7.61562399
(-3.7151805, 18.8449117, 22.9857381,  0.0505455,  0.6582998,  0.2846532,  0.6950245)    0    0   4.80153486  5 3.800   3.28967784
( 2.0730081, 13.9896935, 26.6297864, -0.4680357, -0.8453639,  0.0247095,  0.2563042)    0    0  24.15306846  0 0.400  17.09053166
( 1.5657377, 13.5504058, 26.7505335, -0.4680365, -0.8453638,  0.0247075,  0.2563034)    0    0  25.52022128  8 0.160  17.38600921
( 5.2963095, 16.4935541, 17.3724136, -0.4998421,  0.1298614,  0.7250986,  0.4555501)    0    0   8.70862603  0 0.480   6.11779056
(-3.7445557, 18.7763717, 23.0340969,  0.0505455,  0.6582998,  0.2846532,  0.6950245)    0    0   3.08490697  9 0.440   2.93438814
(-3.7616991, 18.8480065, 22.9936379,  0.0505455,  0.6582998,  0.2846532,  0.6950245)    0    0   4.87065156  2 2.120   3.31609461
(-3.2502013, 18.7691434, 23.2596421,  0.0505455,  0.6582998,  0.2846532,  0.6950245)    0    0   3.11646460  8 0.440   1.02461704
( 5.6623915, 22.6002178, 22.9931496, -0.6884311, -0.4447729,  0.1483568,  0.5533805)    0    0   8.39576113  0 0.400   5.31160886
(-3.8033426, 19.0636657, 22.9192317,  0.0505455,  0.6582998,  0.2846532,  0.6950245)    0    0   2.98475216  4 0.480   1.16076589
(-1.1549852, 23.4280990, 14.7320850, -0.1971822,  0.2109398,  0.9402800,  0.1802694)    0    0   2.85174658  4 5.000   2.98954006
(-2.9964837, 18.9525617, 22.9989417,  0.0505455,  0.6582998,  0.2846532,  0.6950245)    0    0   2.49490235  1 0.480   1.13862557
( 5.6612606, 22.4613430, 23.6424023, -0.6884262, -0.4447715,  0.1483760,  0.5533825)    0    0  11.37049597  0 5.000   7.58038655
( 8.1585528, 18.3014938, 21.8140183, -0.6907254,  0.0259599,  0.4316476,  0.5795730)    0    0   8.51380351  7 4.440   4.72742818
(12.9257296, 20.9067560, 23.3037137,  0.2139399, -0.3479726,  0.6889830,  0.5987046)    0    0  11.24810370  1 5.000   7.54930999
( 5.3537195, 16.3514004, 17.5094211, -0.4998421,  0.1298613,  0.7250986,  0.4555501)    0    0   8.11260362  0 0.400   6.26947419
( 5.3334011, 16.1990199, 17.6881980, -0.4998421,  0.1298614,  0.7250986,  0.4555501)    0    0   8.38862719  4 0.480   5.76577935
( 1.4759813, 17.7161421, 29.7714687, -0.5368645,  0.7121748, -0.3188556,  0.3208032)    0    0  13.32137094  1 5.000   8.77394628
( 5.4109616, 16.3191586, 17.8586702, -0.4998422,  0.1298614,  0.7250986,  0.4555501)    0    0   9.44356240  1 0.520   6.60755733
( 5.2718588, 16.3775727, 17.4607657, -0.4998421,  0.1298614,  0.7250986,  0.4555501)    0    0   7.23348219  0 0.400   6.45438993
(-0.4564770, 14.0673044, 25.2341467,  0.9339867,  0.2063916, -0.2770045, -0.0913222)    0    0  17.42752734  0 0.840  12.37280130
(10.4800501, 17.3278045, 25.2758015, -0.3373683,  0.5041070, -0.3587223,  0.7094907)    0    0  20.23473466  5 4.920  14.60519628
(12.7481385, 21.2060403, 23.1403160,  0.2139399, -0.3479726,  0.6889830,  0.5987046)    0    0  11.37171437  0 5.000   7.58114327
(-0.8250366, 14.4406848, 25.3484781,  0.9339848,  0.2064000, -0.2770049, -0.0913223)    0    0  18.29856488  2 1.640  12.56784779
( 5.1873466, 16.6477045, 17.2358321, -0.4998421,  0.1298614,  0.7250986,  0.4555501)    0    0   8.72504893  1 0.560   5.49333530
( 4.9007502, 16.0819454, 17.4603098, -0.4998421,  0.1298613,  0.7250986,  0.4555501)    0    0   7.69358777  0 0.400   5.01363571
(10.3546928, 17.3892972, 25.3936725, -0.3373683,  0.5041070, -0.3587223,  0.7094907)    0    0  21.14750974  4 5.000  14.58530873
( 5.7611504, 22.3810599, 23.4747308, -0.6884270, -0.4447717,  0.1483728,  0.5533822)    0    0  10.33528651  7 0.240   7.23749298
( 2.3241744, 22.7347264, 20.5634992,  0.1915682, -0.0050525,  0.7353216,  0.6500602)    0    0 -22.89362468  7 1.640 -12.07435159
( 5.2908234, 16.2897249, 17.7152502, -0.4998422,  0.1298614,  0.7250986,  0.4555501)    0    0   9.28051244  4 0.640   6.24465420
(-0.8289510, 21.2096178, 27.3121667,  0.1858988, -0.7823610, -0.5227779,  0.2829421)    0    0   7.22574825  2 5.000   4.87129340
( 2.3619597, 22.3938361, 20.4789977,  0.2594299,  0.0352874,  0.7418186,  0.6173784)    0    0 -21.49250195  5 1.560 -12.85036067
( 5.6749799, 22.9474372, 23.5849230, -0.6884322, -0.4447732,  0.1483526,  0.5533800)    0    0   9.55915675  1 0.800   6.72490432
(-0.6449867, 23.1124274, 14.9107868, -0.1971822,  0.2109398,  0.9402800,  0.1802694)    0    0   4.36465754  0 5.000   2.91235932
( 8.3775829, 18.3942638, 21.6939649, -0.6907254,  0.0259599,  0.4316476,  0.5795730)    0    0  10.39078793  2 5.000   6.77951868
( 6.0467791, 22.4747731, 23.1419428, -0.6884272, -0.4447718,  0.1483722,  0.5533821)    0    0  10.49557653 10 0.000   7.54715559
(-3.2052571, 18.7780999, 23.0984554,  0.0505455,  0.6582998,  0.2846532,  0.6950245)    0    0   3.44796414  8 0.960   0.92313802
(-1.3182492, 18.6326416, 18.5837390, -0.6387309,  0.0108549,  0.7566597,  0.1391803)    0    0  -5.84436337  0 5.000  -3.89624224
( 7.9301670, 18.2039510, 21.9371151, -0.6907254,  0.0259599,  0.4316476,  0.5795730)    0    0  10.67191297  1 5.000   7.29080567
( 1.6505580, 13.6514965, 26.9052231, -0.4680380, -0.8453634,  0.0247047,  0.2563020)    0    0  25.47414962 11 0.080  17.27538878
(12.6526689, 21.3118139, 23.0587480,  0.2139399, -0.3479726,  0.6889830,  0.5987046)    0    0  10.64660506  5 0.760   7.33465447
(-3.2800188, 18.7872832, 22.7569573,  0.0505455,  0.6582998,  0.2846532,  0.6950245)    0    0  -0.41424380 14 0.120  -0.65159039
(-0.9089591, 14.0223145, 24.9374015,  0.9321715,  0.2156923, -0.2749827, -0.0939012)    0    0  11.54373220 10 0.200   8.77569884
(-1.1171942, 14.3045645, 25.0583170,  0.9339843,  0.2064019, -0.2770049, -0.0913225)    0    0  16.74616128  8 1.560  10.43088107
( 5.2038406, 16.3380158, 17.5457626, -0.4998421,  0.1298614,  0.7250986,  0.4555501)    0    0  10.12184331  0 5.000   6.74789555
(-1.2216649, 18.5423295, 18.7824633, -0.6387309,  0.0108549,  0.7566597,  0.1391803)    0    0  -8.68079769  8 1.960  -7.42944989
( 4.9479322, 16.0865238, 17.7588890, -0.4998421,  0.1298614,  0.7250986,  0.4555501)    0    0   8.79394080 10 0.000   6.37077696
( 5.5060266, 22.4149098, 23.9012148, -0.6884278, -0.4447720,  0.1483697,  0.5533819)    0    0   9.51236276 18 0.000   5.28013789
( 4.9865290, 16.3285303, 17.5783861, -0.4998421,  0.1298614,  0.7250986,  0.4555501)    0    0   8.53745548  3 0.480   5.07911086
( 5.5142050, 16.2517506, 17.9563501, -0.4998421,  0.1298614,  0.7250986,  0.4555501)    0    0   7.13379623  0 0.400   5.06803649
( 1.6957424, 13.3119191, 27.2364820, -0.4680396, -0.8453633,  0.0246999,  0.2563001)    0    0  25.58533754  5 0.400  17.46290642
( 2.2639472, 23.1930381, 20.7862386,  0.2818849,  0.0488342,  0.7427694,  0.6053233)    0    0 -15.88697422  3 1.880  -7.93932986
( 2.2945012, 22.9901902, 20.7114315,  0.2846661,  0.0505174,  0.7428572,  0.6037984)    0    0 -14.40188815  2 3.320 -10.51688151
( 2.1290461, 14.1097213, 26.5024258, -0.4680316, -0.8453645,  0.0247205,  0.2563088)    0    0  25.36141551 11 0.000  17.25032225
( 5.3368325, 16.0557395, 18.1197943, -0.4998421,  0.1298614,  0.7250986,  0.4555501)    0    0   7.17343934 23 0.000   4.58063022
(-1.0555979, 14.3137487, 25.1159611,  0.9232361,  0.2568246, -0.2657012, -0.1052578)    0    0  11.55381920 10 0.760   8.18961828
( 5.3673498, 22.3654117, 23.6189470, -0.6884284, -0.4447721,  0.1483675,  0.5533816)    0    0  10.92164784  7 0.560   7.45918207
( 7.6953544, 18.0958454, 22.0435832, -0.6907254,  0.0259599,  0.4316476,  0.5795730)    0    0   9.33662141  3 4.840   7.18287387
( 1.7163554, 17.5446603, 29.9659347, -0.5368372,  0.7121386, -0.3188394,  0.3207869)    0    0  13.58548928  0 5.000   9.05699285
(-1.4045443, 18.6864956, 18.3718808, -0.6387309,  0.0108549,  0.7566597,  0.1391803)    0    0  -7.35779050  4 1.160  -5.39725269
(-1.2217359, 18.5580897, 18.8161183, -0.6387309,  0.0108549,  0.7566597,  0.1391803)    0    0  -6.96528151  3 3.720  -4.14320947
(10.1585009, 17.0815480, 25.3180515, -0.3373683,  0.5041070, -0.3587223,  0.7094907)    0    0  19.80909051  6 4.920  13.32527174
( 5.0803733, 16.1323167, 17.6036018, -0.4998421,  0.1298614,  0.7250986,  0.4555501)    0    0   8.62075000  0 0.400   5.66521805
( 5.4463060, 16.3773967, 17.7970329, -0.5012099,  0.1292944,  0.7236555,  0.4564965)    0    0   8.48011052  0 0.400   5.67346726
( 2.2358795, 23.2461264, 20.7925629,  0.2861893,  0.0514405,  0.7428965,  0.6029546)    0    0  -8.57059524  0 3.320  -3.63742055
(-1.4462558, 18.3845474, 19.2410528, -0.6387309,  0.0108549,  0.7566597,  0.1391803)    0    0  -8.45002899  3 0.600  -5.68163193
(-3.2551890, 18.7705432, 23.1427508,  0.0505455,  0.6582998,  0.2846532,  0.6950245)    0    0   4.84986437  3 5.000   3.31514471
( 6.0439196, 22.5955999, 23.4312190, -0.6884285, -0.4447722,  0.1483669,  0.5533816)    0    0  10.96676471  5 0.720   7.51781861
( 5.6518773, 22.4758446, 23.4569624, -0.6884262, -0.4447715,  0.1483758,  0.5533825)    0    0   9.72669545 23 1.600   5.04492354
( 5.3261276, 16.4592864, 17.4219182, -0.4998422,  0.1298614,  0.7250986,  0.4555501)    0    0   9.23186935  6 0.400   6.25333795
( 5.1167263, 16.3521168, 17.4670107, -0.4998422,  0.1298614,  0.7250986,  0.4555501)    0    0   9.19035084  8 0.840   6.03830443
(13.0126227, 21.2337857, 23.3269522,  0.2139399, -0.3479726,  0.6889830,  0.5987046)    0    0   9.35285753  8 0.360   5.06822452
(10.3028553, 17.0332904, 25.1968386, -0.3373683,  0.5041070, -0.3587223,  0.7094907)    0    0  21.83566474  1 5.000  14.72713376
( 1.6218231, 13.4691309, 27.0699602, -0.4680402, -0.8453632,  0.0246983,  0.2562994)    0    0  25.74017712  6 0.400  17.46573853
( 5.6896696, 22.4214562, 23.4689277, -0.6884268, -0.4447717,  0.1483736,  0.5533823)    0    0   9.03152446  0 0.400   5.35953751
(-3.7506394, 18.8534919, 22.9931749,  0.0505455,  0.6582998,  0.2846532,  0.6950245)    0    0   4.15403554  6 0.480   3.28526067
( 5.9644190, 22.6197212, 23.4264763, -0.6884266, -0.4447716,  0.1483742,  0.5533824)    0    0   8.54011143 21 0.000   4.99525993
( 5.6557277, 23.0212643, 23.7066277, -0.6884329, -0.4447734,  0.1483498,  0.5533797)    0    0  10.06567607  0 0.800   6.95599512
( 6.0679482, 22.9513423, 23.4495874, -0.6884379, -0.4447748,  0.1483301,  0.5533776)    0    0   9.98394034  0 0.800   7.01717192
( 5.3283618, 16.1894838, 17.5100004, -0.4998421,  0.1298614,  0.7250986,  0.4555501)    0    0   6.89395669 13 0.000   3.82030794
( 4.2202147, 19.8783725, 11.6611554, -0.5348204, -0.7680666,  0.2823501, -0.2105215)    0    0 -26.78827129  0 5.000 -17.85884753
(-1.5445014, 14.3162254, 24.8257110,  0.9339863,  0.2063919, -0.2770063, -0.0913205)    0    0  17.92204963  3 3.480  12.49018888
(-1.3576576, 18.6969080, 18.4878882, -0.6387309,  0.0108549,  0.7566597,  0.1391803)    0    0  -8.21753854  6 0.840  -5.96818688
(-0.7473500, 23.1757699, 14.8749226, -0.1971822,  0.2109398,  0.9402800,  0.1802694)    0    0   2.27380495  6 4.600  -0.00320951
( 5.6701584, 22.4699155, 23.9064730, -0.6884299, -0.4447726,  0.1483614,  0.5533810)    0    0   9.45220280  0 0.400   7.17703869
( 1.9616881, 13.7023547, 26.9617119, -0.4680417, -0.8453629,  0.0246947,  0.2562979)    0    0  25.96537390  5 0.880  17.39700685
( 5.2040652, 16.1339689, 18.0141207, -0.4998421,  0.1298614,  0.7250986,  0.4555501)    0    0   8.73939738  0 0.400   6.03398339
( 2.1683590, 23.1952162, 20.6848863,  0.1357597, -0.0375910,  0.7261380,  0.6729634)    0    0 -32.02570920  8 1.400 -17.11359170
( 2.2481480, 13.9775741, 27.0481424, -0.4680448, -0.8453624,  0.0246873,  0.2562947)    0    0  26.00895338  4 2.400  17.22482989
(12.7613747, 21.1545239, 23.1560483,  0.2139399, -0.3479726,  0.6889830,  0.5987046)    0    0   8.93073319  1 0.600   4.99812725
( 2.1537980, 13.7347985, 26.9884994, -0.4680313, -0.8453647,  0.0247201,  0.2563087)    0    0  25.25386191  0 0.480  17.08786693
( 5.0525364, 16.2868084, 17.5151320, -0.4998421,  0.1298614,  0.7250986,  0.4555501)    0    0   8.73898379  0 0.400   6.75225500
( 5.4219413, 16.2404559, 17.7191790, -0.4998421,  0.1298614,  0.7250986,  0.4555501)    0    0   7.01232712 29 0.000   4.16995914
(-1.4076377, 14.4336043, 25.0062296,  0.9339870,  0.2063887, -0.2770066, -0.0913200)    0    0  17.09553429  4 0.600  12.59618293
( 5.5811532, 22.3454544, 23.4899605, -0.6884298, -0.4447725,  0.1483619,  0.5533810)    0    0  10.55588487  1 0.720   7.29733388
( 5.3126233, 16.3103118, 17.6736207, -0.4998422,  0.1298614,  0.7250986,  0.4555501)    0    0   9.46670585  2 4.240   6.22361098
( 8.1791461, 18.3098568, 21.8018063, -0.6907254,  0.0259599,  0.4316476,  0.5795730)    0    0  10.71498036  0 5.000   7.14332024
(12.8918242, 21.1298361, 23.3450715,  0.2139399, -0.3479726,  0.6889830,  0.5987046)    0    0   9.46565021  3 0.600   5.36431255
( 5.1719885, 16.0679472, 18.1665875, -0.5558698,  0.1051255,  0.6603724,  0.4938276)    0    0   2.50639788 45 1.800  -5.38882313
( 5.4265127, 22.4383471, 23.5152643, -0.6884298, -0.4447725,  0.1483618,  0.5533810)    0    0  10.85350029  3 0.400   7.51877122
( 5.2593957, 22.3514642, 23.4260336, -0.6884299, -0.4447725,  0.1483616,  0.5533810)    0    0  10.91329075  6 0.320   7.54032434
( 5.3201231, 16.3094251, 17.7718638, -0.4998421,  0.1298614,  0.7250986,  0.4555501)    0    0   7.90608452  2 0.640   3.97215909
(12.6940016, 21.2972779, 23.0905054,  0.2139399, -0.3479726,  0.6889830,  0.5987046)    0    0  11.19866072  2 5.000   7.41625730
( 5.3810758, 16.4369467, 17.5536102, -0.4998421,  0.1298613,  0.7250986,  0.4555501)    0    0   8.68656130  0 0.400   6.16834517
( 5.8438338, 22.8013620, 23.3325517, -0.6884292, -0.4447723,  0.1483644,  0.5533813)    0    0   9.39127590 20 0.000   5.32162906
( 5.8030464, 22.5597315, 23.3385639, -0.6884271, -0.4447717,  0.1483726,  0.5533822)    0    0  10.09219736  0 0.400   7.45860359
( 1.6199256, 13.6652491, 26.8811683, -0.4680336, -0.8453643,  0.0247146,  0.2563064)    0    0  24.46850988  0 0.400  16.58030658
(-3.6629590, 18.8364677, 23.0063546,  0.0505455,  0.6582998,  0.2846532,  0.6950245)    0    0   5.05265610  0 2.200   3.43386814
( 2.2205317, 14.0257938, 26.8434343, -0.4680416, -0.8453628,  0.0246960,  0.2562983)    0    0  25.62725757  6 0.480  17.66094551
(-1.0218906, 23.3457216, 14.7787202, -0.1971822,  0.2109398,  0.9402800,  0.1802694)    0    0   4.21034648  1 5.000   2.81485030
( 5.0839064, 16.3318592, 17.2557300, -0.4998421,  0.1298614,  0.7250986,  0.4555501)    0    0   9.28006724  3 0.480   6.53622059
( 5.1420077, 22.2598816, 23.6568362, -0.6884303, -0.4447727,  0.1483598,  0.5533808)    0    0   9.77459542 12 0.000   7.33682677
( 2.3241265, 13.9955304, 27.0458195, -0.4680370, -0.8453636,  0.0247073,  0.2563032)    0    0  25.53076395  9 0.400  17.00599472
( 1.3881060, 13.6717376, 27.2865824, -0.4680377, -0.8453634,  0.0247066,  0.2563028)    0    0  24.48130981  0 0.400  16.57257975
( 1.8949726, 13.6409055, 26.9293121, -0.4680455, -0.8453614,  0.0246842,  0.2562932)    0    0  26.27248002  0 5.000  17.51500127
( 5.1073870, 16.3527311, 17.3717792, -0.4998421,  0.1298614,  0.7250986,  0.4555501)    0    0   9.25839543  6 0.560   6.13466350
(-3.2650181, 18.7591883, 23.0661435,  0.0505455,  0.6582998,  0.2846532,  0.6950245)    0    0   4.83185442  4 0.960   3.26814764
( 5.4705339, 22.4608845, 23.3830090, -0.6884285, -0.4447722,  0.1483668,  0.5533816)    0    0   8.61157791  0 0.400   5.25801564
( 5.6217935, 22.4622795, 23.5052338, -0.6884263, -0.4447715,  0.1483757,  0.5533825)    0    0  10.93961375  6 1.040   7.11582104
(-1.5567804, 14.3339802, 24.8309205,  0.9339847,  0.2064002, -0.2770053, -0.0913220)    0    0  17.05130247  6 1.080  12.53604832
(-1.1893491, 14.3287021, 25.0349188,  0.9339839,  0.2064036, -0.2770049, -0.0913226)    0    0  18.77866388  0 4.600  12.56214843
( 1.8450610, 13.5839894, 26.9430764, -0.4680452, -0.8453624,  0.0246862,  0.2562943)    0    0  26.07863367  2 1.680  17.33299404
( 5.6554257, 22.4813176, 23.4020384, -0.6884267, -0.4447716,  0.1483742,  0.5533824)    0    0  11.08303340  3 1.040   7.36926989
( 1.7936881, 13.5164135, 26.9550066, -0.4680348, -0.8453640,  0.0247127,  0.2563055)    0    0  25.38227286  8 0.080  17.15064427
(12.6033005, 21.1934874, 23.0377924,  0.2139399, -0.3479726,  0.6889830,  0.5987046)    0    0  10.96308616  4 1.320   7.61986571
(-1.4339899, 18.3720181, 18.6504620, -0.6387309,  0.0108549,  0.7566597,  0.1391803)    0    0  -7.51554454  4 0.560  -3.81788335
( 5.5603576, 22.4471597, 24.0080187, -0.6884293, -0.4447724,  0.1483637,  0.5533812)    0    0   9.41661127  0 0.400   7.22455399
(12.5384227, 21.5854519, 22.9445083,  0.2139399, -0.3479726,  0.6889830,  0.5987046)    0    0   9.73893277  6 0.360   7.46149341
