160	1.2	1
-3.141593	0.458961	-0.107937
0.000000	0.000000	0.000000
ligand_surface.pdb	-74.435	15.198	8.939
receptor_surface.pdb	4.829	-0.386	-36.828
0.000000	1.168678	2.108595	7	33	23	2945.219
-1.832596	0.203748	0.590255	5	32	21	2802.855
-0.523599	0.290380	-0.796960	6	30	24	2718.395
2.879793	1.732874	-0.951685	25	22	27	2612.352
0.261799	1.247695	1.809890	6	34	21	2520.760
2.094395	1.025536	1.576859	4	38	29	2430.854
0.000000	1.506530	1.988858	7	31	26	2407.117
0.000000	1.247695	1.809890	8	33	24	2391.049
0.000000	1.555207	1.708892	9	31	26	2390.352
1.308997	0.080730	-2.622036	6	32	24	2385.910
0.261799	0.379747	-1.713059	8	30	27	2367.076
-1.832596	0.496451	0.593859	4	34	21	2341.793
-2.617994	2.760637	2.781135	22	22	30	2338.160
-2.094395	2.588535	-2.976617	22	24	26	2301.992
-1.308997	2.251330	-2.330739	23	33	12	2294.246
2.356194	1.696674	-1.253233	15	18	36	2286.648
1.308997	2.863997	0.549740	8	30	37	2279.781
2.617994	2.984978	1.954446	14	23	37	2269.219
-3.141593	1.617114	-1.572037	6	27	40	2262.832
-0.261799	1.450119	-2.739050	21	129	4	2258.770
-1.308997	1.948085	-2.363031	22	33	8	2225.770
-1.570796	0.297065	2.160177	6	35	31	2219.371
0.523599	0.866395	-2.492918	12	28	36	2208.980
1.047198	2.379497	0.561089	3	32	39	2175.595
-1.570796	2.760637	2.781135	2	38	32	2159.438
-2.356194	2.588535	-2.976617	20	20	30	2156.621
-0.261799	1.506530	1.988858	11	29	27	2150.080
-1.832596	1.440580	2.260026	28	1	26	2147.966
1.047198	2.587733	0.232235	5	34	37	2147.852
-2.356194	0.419640	2.974122	6	39	26	2145.832
-2.879793	2.760637	2.781135	17	17	36	2133.824
2.879793	2.153910	-1.714959	9	38	33	2125.797
-2.879793	1.617114	-1.572037	4	30	40	2112.574
2.356194	0.906588	1.252948	0	39	28	2112.141
2.879793	2.379497	0.561089	35	11	9	2112.034
-1.570796	2.588535	-2.976617	25	33	21	2106.996
-1.832596	1.574060	2.783565	42	22	11	2101.086
-2.879793	1.836682	-0.676006	27	32	18	2098.246
-3.141593	0.297065	2.160177	3	37	12	2096.727
0.785398	1.310100	1.488307	0	39	16	2095.164
-2.094395	2.664082	-1.071402	38	2	12	2078.185
-3.141593	1.256302	0.062705	42	20	8	2073.547
0.785398	2.724429	-0.348782	8	38	34	2070.727
2.879793	1.836682	-0.676006	23	23	24	2065.750
2.879793	2.704512	1.488683	5	25	40	2063.778
-0.261799	1.569311	-3.003978	142	31	139	2061.953
2.094395	1.569311	-3.003978	153	44	21	2052.729
-1.570796	1.574060	2.783565	28	9	27	2052.642
0.261799	1.809167	1.213774	153	32	39	2047.860
1.047198	0.080730	-2.622036	8	34	24	2046.795
2.356194	2.984978	1.954446	12	23	37	2041.232
0.261799	1.184361	0.625864	10	42	19	2040.352
0.523599	2.456751	-1.503343	35	159	9	2039.777
-1.832596	1.256302	0.062705	147	43	16	2036.955
2.356194	1.846342	-1.796954	7	31	38	2024.359
0.523599	1.025536	1.576859	3	38	12	2022.785
-0.785398	1.736875	3.023612	150	43	20	2011.608
0.261799	1.025536	1.576859	7	39	12	2010.496
2.094395	1.736875	3.023612	153	45	15	2010.371
0.785398	2.108018	1.311430	150	20	43	2010.055
-2.879793	2.637879	2.121598	22	20	34	2005.461
-3.141593	1.736875	3.023612	124	14	156	1985.008
1.047198	0.619654	-2.216909	148	34	37	1984.863
-2.094395	0.203748	0.590255	7	33	23	1984.107
-0.261799	1.168678	2.108595	22	32	17	1981.754
1.047198	2.115563	0.685730	155	37	35	1978.344
2.617994	1.846342	-1.796954	8	29	40	1974.738
2.617994	1.696674	-1.253233	16	19	37	1973.369
-0.261799	0.290380	-0.796960	3	31	25	1969.852
2.356194	1.195355	1.200319	2	42	23	1968.812
1.570796	0.080730	-2.622036	3	36	19	1968.387
0.785398	1.134796	2.434290	22	45	11	1966.834
-2.879793	0.458961	-0.107937	29	2	24	1965.637
2.356194	1.982574	-1.115518	18	24	29	1961.141
0.000000	2.719179	-1.780644	156	42	28	1960.015
1.832596	2.704512	1.488683	8	24	37	1957.428
-1.308997	2.760637	2.781135	159	42	32	1957.003
2.879793	2.984978	1.954446	15	23	39	1952.926
-1.570796	1.683268	0.374177	20	126	2	1950.396
-1.832596	2.174483	2.653697	36	23	27	1948.953
2.094395	2.041297	-2.664597	5	43	31	1946.004
-2.094395	2.760637	2.781135	26	29	27	1945.812
-0.523599	2.579248	-2.364801	159	43	24	1942.043
1.047198	1.417623	-0.202254	151	44	12	1941.781
2.094395	1.617114	-1.572037	8	24	37	1936.730
-2.617994	1.741644	-2.695914	40	157	156	1935.349
-0.523599	2.349581	-2.702517	156	46	20	1930.484
-0.785398	2.033014	2.977192	150	43	24	1930.205
-2.094395	0.615174	-0.666022	36	39	10	1929.418
-0.523599	1.417623	-0.202254	42	19	2	1926.201
-1.832596	1.998705	2.370472	41	29	15	1924.113
1.047198	2.108018	1.311430	150	21	43	1923.140
-2.356194	2.104282	-0.813972	3	43	25	1921.514
0.261799	0.910508	1.903534	4	37	16	1920.816
-2.617994	0.762244	-0.273349	38	30	11	1920.301
-1.047198	2.251330	-2.330739	22	39	5	1918.898
-0.785398	0.290380	-0.796960	9	30	25	1917.875
1.832596	2.592629	0.909713	159	27	41	1917.540
0.785398	2.455966	-0.641220	4	43	31	1911.918
-2.879793	2.153910	-1.714959	1	113	150	1909.568
0.000000	0.379747	-1.713059	151	40	33	1908.543
2.094395	1.870545	-2.976234	155	45	21	1905.969
-0.785398	2.588535	-2.976617	157	44	26	1901.941
2.617994	1.433411	-1.035986	20	10	35	1896.771
1.047198	1.872854	1.543456	3	136	128	1894.208
0.785398	1.256302	0.062705	155	45	13	1893.238
2.879793	1.617114	-1.572037	7	25	40	1893.129
2.617994	1.904882	-1.478089	12	29	36	1889.840
-3.141593	1.732874	-0.951685	27	26	26	1887.602
2.094395	1.545873	-1.877082	2	28	39	1887.355
-2.356194	2.343981	-1.040456	155	44	25	1887.244
-2.356194	2.760637	2.781135	23	25	30	1887.070
0.785398	1.554776	0.100351	155	45	19	1885.191
-2.094395	2.881233	-2.582574	18	25	30	1885.156
-1.832596	1.417623	-0.202254	148	43	19	1882.566
2.356194	0.640596	-2.797608	153	37	11	1881.164
1.832596	1.218453	2.777284	1	46	10	1876.951
-3.141593	2.187132	-0.479875	1	33	25	1875.555
-1.570796	1.113094	-0.272241	144	43	21	1874.269
2.879793	1.696674	-1.253233	21	21	37	1873.486
-2.356194	1.732874	-0.951685	2	42	28	1873.092
0.785398	1.812176	0.656819	155	41	30	1871.941
-1.832596	1.658653	-2.409879	37	21	152	1871.484
1.308997	0.866395	-2.492918	0	145	119	1870.600
-1.570796	0.203748	0.590255	4	34	21	1870.545
-1.047198	1.846342	-1.796954	19	34	158	1870.297
-2.094395	0.591903	2.010408	37	146	155	1868.210
-0.261799	0.709924	0.218797	138	28	24	1868.117
-2.356194	1.433411	-1.035986	3	35	36	1867.605
-3.141593	2.704512	1.488683	7	137	127	1864.006
-2.356194	0.906588	1.252948	20	121	8	1863.477
-3.141593	0.961715	0.014085	42	19	9	1862.748
1.047198	1.440580	2.260026	139	31	28	1862.156
1.308997	2.404280	-0.174044	158	115	146	1862.145
0.261799	1.599406	1.426070	148	35	36	1859.320
-1.570796	2.881233	-2.582574	33	30	19	1859.020
2.094395	1.448123	-2.163292	158	31	40	1857.059
-1.570796	1.699788	2.452890	38	30	14	1855.484
-3.141593	0.496451	0.593859	32	38	157	1854.303
-3.141593	0.831641	0.616218	32	33	152	1851.532
0.261799	1.506530	1.988858	4	32	27	1851.100
-2.879793	2.089241	-0.114193	27	30	11	1848.609
1.308997	1.218453	2.777284	11	47	17	1848.524
2.356194	2.592629	0.909713	0	25	43	1848.396
2.356194	0.080730	-2.622036	142	31	26	1847.688
-2.094395	0.914445	2.687814	42	14	159	1847.659
-3.141593	2.063651	-2.044600	0	114	146	1847.156
-0.523599	1.736875	3.023612	145	43	19	1846.982
1.832596	1.128190	-2.288622	153	36	35	1846.703
2.356194	1.732874	-0.951685	18	16	32	1846.301
-2.879793	2.404280	-0.174044	25	31	7	1844.602
2.356194	1.545873	-1.877082	6	29	39	1842.906
2.879793	1.909857	-0.381669	6	26	30	1842.500
0.261799	1.766067	2.153843	1	27	33	1842.271
2.617994	2.704512	1.488683	6	23	41	1842.046
0.000000	2.881233	-2.582574	16	44	16	1840.557
1.308997	0.370812	-2.547742	148	38	31	1837.344
-1.308997	1.683268	0.374177	141	25	131	1836.654
-1.570796	2.251330	-2.330739	2	34	25	1836.180
-0.785398	1.869911	2.701025	150	43	26	1835.915
2.356194	2.379497	0.561089	0	124	129	1835.891
-0.785398	1.812176	0.656819	40	9	26	1833.830
-2.094395	1.391910	3.030322	41	21	155	1833.178
1.308997	1.732874	-0.951685	135	37	5	1830.812
-1.570796	1.184361	0.625864	137	24	129	1828.414
-1.570796	1.367556	0.358405	141	29	135	1827.504
1.570796	1.218453	2.777284	4	47	17	1827.023
-1.832596	2.478122	2.609777	6	33	35	1823.920
-1.047198	1.736875	3.023612	9	45	2	1823.738
2.356194	1.617114	-1.572037	9	24	38	1823.600
0.261799	1.310100	1.488307	7	35	24	1823.125
0.000000	2.180315	-1.357379	137	31	11	1821.742
0.523599	1.134796	2.434290	27	41	12	1821.027
1.308997	2.592629	0.909713	3	28	40	1820.738
2.617994	1.948085	-2.363031	155	115	145	1819.629
2.356194	0.419640	2.974122	2	37	12	1819.039
-0.523599	1.824694	1.850876	151	37	36	1818.779
-2.094395	2.251330	-2.330739	30	20	20	1817.867
-0.785398	0.496451	0.593859	19	44	6	1816.723
-2.617994	0.864993	2.278281	140	21	136	1816.617
1.570796	0.685216	-1.712745	3	135	128	1816.038
2.879793	2.299159	2.264663	25	129	28	1811.562
-2.356194	2.089241	-0.114193	19	39	4	1810.719
2.879793	2.637879	2.121598	15	13	38	1810.029
-2.094395	1.569311	-3.003978	44	15	9	1809.287
-0.523599	1.869911	2.701025	144	43	24	1808.308
-2.617994	0.960688	-0.577532	42	30	11	1808.197
-2.094395	1.194549	-0.801900	32	41	11	1807.527
1.047198	1.242974	-2.977882	12	37	33	1804.951
-2.879793	0.961715	0.014085	39	28	6	1802.953
-1.308997	0.458961	-0.107937	6	29	26	1800.492
-2.879793	1.606104	-0.451151	154	21	36	1800.297
-2.879793	1.433411	-1.035986	2	25	39	1799.074
-2.617994	1.025536	1.576859	9	33	142	1798.016
-2.879793	1.301460	-0.509251	38	21	22	1796.850
-1.047198	0.866955	-0.931351	147	36	35	1796.801
0.000000	0.831641	0.616218	7	47	13	1796.746
0.000000	1.809167	1.213774	19	23	32	1796.609
2.617994	2.073035	2.027405	16	127	31	1795.607
0.523599	1.367556	0.358405	158	46	20	1794.902
1.832596	1.374601	-2.456031	156	33	40	1794.040
1.832596	1.417623	-0.202254	124	18	157	1793.352
-0.261799	1.242974	-2.977882	141	28	133	1791.668
0.785398	2.979456	-1.009304	155	40	33	1788.387
0.785398	0.864993	2.278281	24	43	8	1787.817
2.094395	0.929350	-2.910676	132	35	33	1786.222
-2.094395	1.836682	-0.676006	0	45	23	1785.928
2.094395	0.709924	0.218797	33	128	7	1785.453
0.000000	1.128190	-2.288622	21	147	35	1784.994
-0.523599	2.073035	2.027405	148	34	38	1783.477
-3.141593	1.606104	-0.451151	38	20	23	1782.039
-0.785398	2.164094	-2.991358	150	42	26	1780.463
1.570796	0.929350	-2.910676	25	29	155	1780.312
-3.141593	2.760637	2.781135	17	15	36	1779.934
-2.879793	1.732874	-0.951685	25	32	25	1778.344
-2.617994	0.496451	0.593859	11	40	19	1777.676
0.785398	0.685216	-1.712745	147	28	39	1777.184
1.570796	1.050534	3.042579	11	42	20	1776.474
2.094395	1.982574	-1.115518	17	20	34	1774.779
2.617994	1.617114	-1.572037	9	21	41	1774.750
-2.617994	1.113094	-0.272241	37	34	4	1774.697
2.879793	2.396274	-1.959260	6	43	31	1774.053
2.356194	1.904882	-1.478089	14	27	35	1773.891
-1.570796	2.356369	3.005869	28	34	19	1773.727
-1.832596	2.588535	-2.976617	28	27	27	1773.590
2.094395	2.349581	-2.702517	7	46	27	1773.490
-2.094395	1.909857	-0.381669	1	45	16	1772.934
1.832596	2.153910	-1.714959	14	34	25	1770.039
0.785398	2.089241	-0.114193	2	43	30	1769.633
-1.570796	1.904882	-1.478089	16	43	24	1769.594
1.832596	1.391910	3.030322	157	45	18	1769.568
0.261799	1.504028	0.636812	26	29	152	1769.156
0.261799	0.619654	-2.216909	15	30	31	1768.955
-0.785398	0.709924	0.218797	25	42	12	1768.861
-2.094395	0.906588	1.252948	4	121	149	1768.836
-2.617994	0.914445	2.687814	139	17	138	1768.824
-2.617994	1.836682	-0.676006	26	40	8	1768.562
-0.785398	2.579248	-2.364801	27	39	9	1768.258
-0.785398	2.349581	-2.702517	1	43	21	1768.252
-1.832596	2.299159	2.264663	4	33	36	1767.724
0.785398	1.824694	1.850876	4	34	29	1765.492
2.879793	0.496451	0.593859	39	28	3	1763.934
2.356194	1.756530	-2.105156	5	36	35	1763.926
-2.879793	1.977582	0.969896	156	129	121	1763.804
-3.141593	1.554776	0.100351	36	21	139	1763.068
0.261799	1.391910	3.030322	45	7	16	1763.043
1.832596	1.433411	-1.035986	157	24	33	1762.854
2.617994	1.732874	-0.951685	21	19	30	1761.984
2.879793	2.033014	2.977192	123	21	159	1761.691
2.879793	2.187132	-0.479875	3	31	25	1760.961
-0.523599	1.699788	2.452890	15	124	139	1760.916
-1.308997	1.168678	2.108595	33	39	1	1760.416
-2.094395	2.349581	-2.702517	6	28	31	1760.188
-0.523599	1.809167	1.213774	9	26	37	1759.307
-1.308997	1.766067	2.153843	35	40	13	1758.971
-1.832596	1.510910	-0.740472	155	48	24	1756.969
2.879793	1.982574	-1.115518	34	29	18	1756.762
1.832596	1.335669	0.897240	122	156	26	1756.184
0.785398	1.504028	0.636812	153	43	24	1754.639
1.308997	1.128190	-2.288622	0	28	40	1753.854
-1.832596	1.301460	-0.509251	150	42	27	1752.793
-2.617994	1.732874	-0.951685	4	35	34	1752.727
-0.261799	1.247695	1.809890	11	32	27	1752.464
-1.570796	0.762244	-0.273349	10	26	30	1751.918
0.523599	1.504028	0.636812	156	43	29	1751.892
0.785398	1.977582	0.969896	153	27	42	1750.322
1.308997	1.135813	-2.658866	19	26	34	1750.212
-0.523599	0.961715	0.014085	142	24	30	1749.980
2.356194	1.310100	1.488307	3	43	22	1749.449
-1.047198	2.588535	-2.976617	26	39	13	1748.727
-3.141593	1.413430	2.550734	25	122	12	1748.270
-1.832596	1.184361	0.625864	140	29	138	1748.195
1.308997	2.108018	1.311430	148	24	42	1747.894
-0.785398	2.356369	3.005869	154	47	23	1746.336
2.617994	0.370812	-2.547742	125	155	27	1745.149
-3.141593	2.637879	2.121598	20	14	37	1743.785
2.094395	1.658653	-2.409879	2	36	38	1743.519
0.785398	2.404280	-0.174044	5	41	32	1743.336
2.094395	1.391910	3.030322	153	44	16	1742.744
2.356194	1.662363	0.915448	27	137	3	1741.442
-2.879793	1.113094	-0.272241	41	23	14	1740.799
2.356194	2.104282	-0.813972	19	24	27	1740.562
1.570796	1.448123	-2.163292	2	18	46	1740.430
1.047198	1.413430	2.550734	138	30	27	1739.750
-1.047198	1.977582	0.969896	20	147	35	1739.533
2.356194	2.033014	2.977192	145	39	5	1739.172
-2.617994	2.108018	1.311430	151	131	123	1738.192
-0.523599	1.554776	0.100351	41	18	4	1738.136
-0.785398	0.571433	-1.188419	156	37	36	1737.669
2.617994	1.128190	-2.288622	20	27	33	1737.410
1.832596	0.370812	-2.547742	8	36	15	1737.242
-2.617994	2.089241	-0.114193	21	35	8	1735.750
-1.308997	2.588535	-2.976617	25	37	16	1735.391
-2.094395	1.045978	0.343692	13	118	153	1735.199
-0.261799	0.831641	0.616218	12	45	16	1735.050
-2.879793	1.413347	-1.339188	156	126	130	1734.796
-2.879793	2.187132	-0.479875	24	37	5	1734.656
1.832596	0.080730	-2.622036	0	37	18	1733.469
-1.308997	1.998705	2.370472	4	45	26	1733.128
1.047198	1.599406	1.426070	151	41	15	1732.703
2.094395	1.741644	-2.695914	156	44	22	1732.354
0.261799	1.488617	1.159546	153	37	35	1732.158
2.094395	2.704512	1.488683	7	19	41	1730.665
1.308997	2.089241	-0.114193	154	115	142	1730.461
2.094395	1.128190	-2.288622	147	29	41	1729.307
1.308997	2.724429	-0.348782	156	114	148	1728.961
-2.356194	1.836682	-0.676006	4	42	23	1728.910
-2.356194	1.510910	-0.740472	5	40	29	1728.426
0.523599	1.875281	0.107086	19	40	14	1728.375
-1.047198	1.870545	-2.976234	7	116	16	1726.941
-1.832596	1.869911	2.701025	39	23	18	1726.777
1.047198	0.899350	-2.069907	150	27	42	1726.750
0.785398	1.413430	2.550734	143	26	31	1726.727
1.047198	1.836682	-0.676006	155	41	153	1725.797
1.047198	2.592629	0.909713	3	31	36	1725.070
0.261799	0.866395	-2.492918	11	29	38	1724.463
-0.523599	0.297065	2.160177	16	38	144	1723.492
2.617994	0.419640	2.974122	159	36	12	1723.188
-1.832596	1.014500	0.906702	138	26	138	1722.930
-1.570796	2.478122	2.609777	3	36	35	1722.636
-0.523599	0.906588	1.252948	22	45	7	1722.609
2.356194	1.948085	-2.363031	156	43	26	1722.180
1.832596	1.135813	-2.658866	152	37	36	1720.894
-2.356194	0.866955	-0.931351	40	26	22	1720.702
-0.261799	1.555207	1.708892	151	40	32	1719.670
-1.832596	1.113094	-0.272241	150	44	23	1719.641
0.785398	1.683268	0.374177	155	43	25	1719.036
-2.094395	2.063651	-2.044600	34	18	18	1718.836
0.785398	2.295480	1.008277	159	17	45	1718.331
0.523599	1.374601	-2.456031	35	10	30	1717.912
2.617994	2.356369	3.005869	130	32	4	1717.773
-2.879793	1.904882	-1.478089	0	37	35	1716.379
-2.356194	1.606104	-0.451151	6	41	22	1713.789
0.785398	0.929350	-2.910676	14	37	31	1713.434
-2.879793	1.658653	-2.409879	5	125	127	1712.962
0.785398	2.001437	0.381215	159	36	38	1712.284
2.617994	2.478122	2.609777	158	23	35	1712.038
-1.570796	2.299159	2.264663	8	136	128	1710.950
-1.832596	1.194549	-0.801900	153	39	33	1708.909
2.356194	2.704512	1.488683	10	17	42	1708.717
-1.308997	2.349581	-2.702517	25	35	16	1708.602
-1.832596	2.033014	2.977192	38	23	22	1708.570
-0.523599	0.850607	-1.335383	147	34	39	1708.410
2.617994	1.836682	-0.676006	22	18	27	1708.355
-0.785398	2.138223	1.678323	151	29	41	1707.821
-2.617994	2.637879	2.121598	157	23	42	1707.027
-1.047198	0.615174	-0.666022	15	128	132	1706.498
2.879793	1.736875	3.023612	130	23	155	1705.609
-2.879793	1.662363	0.915448	26	24	137	1705.297
-0.261799	1.721184	-0.153948	39	27	10	1705.173
0.785398	0.910508	1.903534	24	40	2	1703.625
-1.570796	2.379497	0.561089	3	133	37	1702.801
2.617994	2.299159	2.264663	20	126	28	1702.484
-2.094395	0.992645	-1.723759	152	130	124	1702.357
0.523599	1.247695	1.809890	27	142	132	1701.518
1.570796	1.606104	-0.451151	130	29	4	1700.875
-0.785398	0.850607	-1.335383	150	33	38	1700.203
0.785398	1.367556	0.358405	154	45	18	1699.827
2.094395	1.732874	-0.951685	1	21	36	1699.480
1.308997	0.709924	0.218797	139	30	140	1698.734
-0.523599	1.574060	2.783565	145	43	20	1698.473
-0.261799	0.458961	-0.107937	19	45	6	1698.014
2.617994	2.637879	2.121598	149	29	33	1697.320
-1.570796	0.591903	2.010408	39	153	155	1696.836
0.261799	2.719179	-1.780644	15	119	156	1696.697
2.617994	1.413430	2.550734	136	30	142	1696.297
-2.356194	1.134497	-1.109631	6	32	37	1696.001
-2.879793	0.762244	-0.273349	43	22	13	1695.527
-1.832596	2.760637	2.781135	3	33	36	1694.154
0.523599	0.685216	-1.712745	150	30	39	1693.807
2.094395	1.374601	-2.456031	153	38	33	1692.396
0.000000	1.440580	2.260026	0	32	31	1691.136
-1.832596	1.736875	3.023612	41	23	13	1691.068
-2.356194	0.418037	1.360082	3	36	15	1691.062
-2.356194	1.736875	3.023612	43	7	148	1690.670
1.832596	0.992645	-1.723759	148	21	42	1689.392
0.261799	1.812176	0.656819	22	26	32	1688.779
-0.261799	0.379747	-1.713059	3	36	33	1688.517
1.832596	0.619654	-2.216909	4	130	129	1686.645
1.570796	0.700570	1.559208	37	152	154	1686.502
-2.356194	0.762244	-0.273349	34	39	4	1686.273
-2.617994	2.588535	-2.976617	6	24	35	1683.895
-3.141593	2.984978	1.954446	16	25	39	1681.734
-1.832596	1.413430	2.550734	43	21	9	1681.296
2.879793	2.760637	2.781135	0	25	36	1680.607
1.832596	1.948085	-2.363031	25	34	22	1679.332
-2.094395	1.736875	3.023612	43	16	13	1678.893
-2.094395	1.510910	-0.740472	27	41	12	1678.656
-0.261799	0.762244	-0.273349	144	24	31	1678.473
-3.141593	1.569311	-3.003978	125	14	2	1678.090
1.308997	0.992645	-1.723759	149	16	43	1677.734
-1.047198	2.138223	1.678323	156	28	42	1677.090
1.047198	2.863997	0.549740	9	29	38	1676.273
1.570796	1.433411	-1.035986	0	26	32	1676.129
0.523599	0.379747	-1.713059	15	139	126	1675.138
0.785398	0.960688	-0.577532	124	126	7	1675.085
-1.832596	1.134497	-1.109631	154	14	37	1672.980
-0.523599	1.875281	0.107086	41	13	24	1672.936
1.832596	0.618092	2.539118	14	46	6	1672.680
1.832596	1.569311	-3.003978	158	45	24	1671.869
0.523599	0.906588	1.252948	5	39	6	1671.680
0.523599	1.872854	1.543456	149	29	39	1671.413
2.356194	1.335669	0.897240	122	149	23	1670.382
2.094395	2.863997	0.549740	2	32	41	1669.963
2.356194	0.866955	-0.931351	22	126	26	1668.572
-2.879793	1.325504	-1.671296	12	141	125	1668.420
1.047198	1.812176	0.656819	146	36	37	1668.038
1.832596	1.242974	-2.977882	156	43	25	1667.583
-0.261799	0.618092	2.539118	22	122	7	1667.274
2.094395	2.984978	1.954446	11	22	37	1666.902
1.570796	0.961715	0.014085	131	26	145	1666.836
1.570796	1.113094	-0.272241	131	28	147	1666.820
-0.523599	2.881233	-2.582574	24	41	17	1666.438
2.879793	2.063651	-2.044600	157	115	146	1666.367
0.261799	2.115563	0.685730	5	27	42	1666.344
0.000000	0.290380	-0.796960	158	33	26	1666.144
0.785398	2.115563	0.685730	159	30	41	1666.090
1.570796	2.001437	0.381215	0	123	129	1665.611
-2.617994	0.458961	-0.107937	36	37	3	1665.387
2.356194	1.134497	-1.109631	23	128	29	1665.308
-1.308997	0.615174	-0.666022	4	123	132	1665.146
0.785398	1.168678	2.108595	22	43	5	1664.854
-1.832596	2.073035	2.027405	38	27	25	1664.486
-2.094395	2.478122	2.609777	3	26	39	1663.835
1.832596	0.929350	-2.910676	142	38	35	1663.688
0.785398	1.195355	1.200319	6	38	11	1663.496
2.879793	0.297065	2.160177	7	39	10	1663.266
-2.094395	1.134497	-1.109631	36	34	22	1662.992
0.785398	0.674054	1.013609	139	40	10	1662.855
-0.523599	1.555207	1.708892	4	37	33	1662.660
-1.570796	0.458961	-0.107937	21	30	21	1662.355
-0.261799	1.504028	0.636812	11	36	33	1662.189
2.617994	1.869911	2.701025	129	27	148	1661.938
0.785398	1.135813	-2.658866	10	34	37	1661.876
-2.617994	2.704512	1.488683	10	128	131	1661.107
2.094395	0.700570	1.559208	36	29	1	1660.744
-0.523599	0.615174	-0.666022	0	28	31	1660.266
2.094395	2.393226	1.857173	0	11	42	1660.108
-1.832596	0.961715	0.014085	15	119	149	1660.041
2.617994	2.104282	-0.813972	23	23	25	1659.336
-2.879793	0.418037	1.360082	7	37	20	1659.215
-0.785398	2.719179	-1.780644	1	118	158	1658.695
2.617994	2.404280	-0.174044	33	17	18	1658.379
-2.617994	2.247462	0.191623	24	32	4	1657.551
-0.785398	1.242974	-2.977882	156	37	150	1657.422
1.047198	2.247462	0.191623	158	39	34	1657.398
0.785398	1.721184	-0.153948	1	45	24	1657.313
2.094395	1.218453	2.777284	158	45	6	1656.885
1.570796	1.417623	-0.202254	133	29	159	1656.875
1.308997	0.619654	-2.216909	9	142	123	1656.832
-1.832596	1.606104	-0.451151	148	43	25	1656.019
-1.047198	2.760637	2.781135	24	43	16	1655.498
-2.617994	2.104282	-0.813972	3	40	26	1655.172
-0.523599	1.218453	2.777284	16	121	151	1655.039
0.261799	1.555207	1.708892	17	141	126	1653.356
2.617994	1.545873	-1.877082	159	27	42	1651.090
-1.570796	1.869911	2.701025	36	34	11	1650.525
-3.141593	2.251330	-2.330739	28	135	17	1650.501
-2.879793	2.104282	-0.813972	34	34	10	1650.470
-0.523599	1.184361	0.625864	17	40	26	1649.443
2.356194	1.875281	0.107086	38	156	154	1649.024
-2.617994	2.984978	1.954446	159	33	39	1648.369
-1.047198	2.174483	2.653697	153	39	32	1648.254
-2.094395	1.606104	-0.451151	152	42	26	1648.212
-1.047198	1.948085	-2.363031	20	38	2	1647.906
-2.879793	2.456751	-1.503343	155	43	28	1647.893
1.308997	2.587733	0.232235	159	35	38	1647.109
-2.617994	0.929350	-2.910676	124	149	25	1646.973
-1.308997	0.850607	-1.335383	28	46	15	1646.185
0.523599	2.001437	0.381215	23	30	26	1646.057
-2.617994	1.696674	-1.253233	3	36	35	1645.621
-1.570796	1.301460	-0.509251	145	43	25	1645.389
-2.879793	1.417623	-0.202254	39	26	13	1645.320
0.261799	1.662363	0.915448	158	147	118	1645.197
0.261799	1.195355	1.200319	141	41	29	1644.525
-2.356194	2.637879	2.121598	3	28	40	1644.406
-0.261799	1.545873	-1.877082	3	135	37	1644.000
-1.570796	0.571433	-1.188419	36	40	16	1643.643
-0.261799	1.599406	1.426070	154	39	35	1643.240
2.094395	1.450119	-2.739050	153	42	26	1643.153
0.261799	1.256302	0.062705	7	48	21	1642.562
0.261799	1.977582	0.969896	1	30	39	1641.164
-2.094395	0.419640	2.974122	130	132	21	1640.741
2.094395	0.914445	2.687814	2	46	3	1640.551
1.308997	1.824694	1.850876	150	132	133	1639.652
2.617994	2.579248	-2.364801	5	47	25	1639.045
0.261799	1.440580	2.260026	158	31	31	1638.855
1.570796	0.640596	-2.797608	141	39	33	1638.413
-1.832596	2.356369	3.005869	149	20	38	1638.094
0.785398	1.875281	0.107086	159	41	34	1637.284
1.047198	0.297065	2.160177	44	155	4	1637.181
0.523599	2.664082	-1.071402	3	115	156	1635.924
1.832596	1.025536	1.576859	9	39	30	1635.922
-0.261799	2.001437	0.381215	37	15	27	1635.815
-2.617994	1.045978	0.343692	9	44	5	1635.359
-1.570796	0.864993	2.278281	37	28	1	1632.256
0.261799	1.045978	0.343692	8	45	17	1630.385
0.000000	1.599406	1.426070	11	30	29	1630.320
0.523599	1.310100	1.488307	14	38	15	1630.250
1.047198	2.404280	-0.174044	152	116	147	1630.168
-1.047198	0.458961	-0.107937	158	32	29	1629.368
2.094395	1.113094	-0.272241	124	15	149	1629.121
1.047198	1.218453	2.777284	17	44	22	1628.820
1.570796	1.391910	3.030322	3	47	23	1628.578
-1.570796	1.766067	2.153843	37	35	13	1628.529
-1.570796	0.709924	0.218797	12	125	138	1627.958
0.523599	2.108018	1.311430	157	25	42	1627.802
1.308997	2.393226	1.857173	143	147	129	1627.701
-0.785398	1.218453	2.777284	6	116	151	1627.535
2.094395	1.325504	-1.671296	5	23	40	1627.396
0.261799	1.872854	1.543456	151	30	39	1626.742
-1.308997	1.310100	1.488307	35	147	19	1626.716
0.000000	1.450119	-2.739050	138	24	132	1625.389
-1.047198	2.881233	-2.582574	3	37	32	1625.223
0.000000	1.025536	1.576859	15	40	13	1625.168
-2.356194	2.984978	1.954446	1	117	140	1625.061
2.356194	2.041297	-2.664597	153	44	22	1624.947
0.785398	2.164094	-2.991358	43	20	11	1624.489
-0.785398	2.881233	-2.582574	158	39	31	1624.234
1.570796	2.138223	1.678323	2	145	125	1624.047
1.308997	1.506530	1.988858	144	29	31	1623.783
-2.356194	2.393226	1.857173	158	128	129	1623.480
-2.356194	1.721184	-0.153948	23	40	2	1623.398
-1.308997	1.699788	2.452890	35	39	8	1623.086
-0.261799	1.367556	0.358405	15	37	30	1622.957
2.356194	0.733948	3.021411	2	36	10	1622.797
-2.356194	1.982574	-1.115518	9	117	147	1622.777
-2.094395	2.153910	-1.714959	123	16	16	1622.646
1.308997	2.456751	-1.503343	33	128	10	1622.289
1.047198	2.881233	-2.582574	118	13	19	1622.254
0.523599	2.089241	-0.114193	12	31	42	1622.251
-2.094395	1.367556	0.358405	157	39	151	1621.469
1.832596	0.640596	-2.797608	145	38	31	1621.051
-2.356194	2.881233	-2.582574	18	21	34	1620.266
-2.094395	1.214854	-1.966664	158	125	125	1620.040
-0.261799	0.910508	1.903534	10	37	21	1619.223
-2.617994	1.433411	-1.035986	6	33	35	1618.961
1.047198	1.168678	2.108595	17	46	4	1618.564
-1.047198	2.041297	-2.664597	24	40	6	1618.477
1.570796	0.866395	-2.492918	148	34	38	1618.103
-3.141593	1.113094	-0.272241	42	15	18	1617.901
2.617994	2.033014	2.977192	132	31	0	1617.312
2.879793	1.488617	1.159546	127	141	19	1616.460
-2.356194	2.247462	0.191623	21	36	0	1615.750
-1.047198	2.299159	2.264663	150	37	37	1615.644
-0.785398	2.174483	2.653697	148	41	30	1615.383
-0.261799	0.615174	-0.666022	159	27	31	1615.209
0.000000	0.910508	1.903534	8	36	21	1615.137
1.308997	0.929350	-2.910676	9	39	27	1614.930
-0.261799	1.391910	3.030322	133	27	147	1614.859
1.047198	1.554776	0.100351	150	44	13	1614.842
0.785398	0.914445	2.687814	20	42	22	1614.620
0.523599	0.899350	-2.069907	2	27	40	1614.181
1.308997	0.733948	3.021411	9	43	23	1613.606
-1.832596	0.591903	2.010408	38	149	155	1613.542
0.261799	2.247462	0.191623	28	27	25	1612.569
0.785398	1.736875	3.023612	40	23	1	1612.278
-0.523599	2.455966	-0.641220	41	14	23	1612.151
-3.141593	2.407836	1.410646	149	130	126	1612.114
-1.832596	1.909857	-0.381669	155	47	15	1611.766
-1.832596	1.134796	2.434290	28	133	15	1611.481
-1.570796	2.579248	-2.364801	22	28	24	1611.273
-2.879793	0.733948	3.021411	140	20	142	1610.289
0.785398	1.555207	1.708892	159	39	22	1609.809
-1.832596	2.153910	-1.714959	13	40	27	1609.766
2.356194	1.869911	2.701025	5	124	26	1609.150
2.617994	2.041297	-2.664597	155	114	146	1609.121
2.356194	2.588535	-2.976617	158	42	152	1609.062
2.094395	2.174483	2.653697	6	123	27	1608.626
0.000000	0.762244	-0.273349	143	26	30	1608.494
1.047198	0.864993	2.278281	18	47	6	1608.056
0.785398	1.045978	0.343692	157	45	6	1607.627
2.879793	2.588535	-2.976617	24	134	27	1607.483
1.308997	0.571433	-1.188419	146	28	29	1607.172
0.523599	1.809167	1.213774	153	32	37	1606.877
-2.617994	1.135834	-1.431087	149	131	126	1606.532
2.617994	2.153910	-1.714959	11	40	26	1606.484
-1.832596	1.982574	-1.115518	18	48	10	1606.234
0.523599	2.247462	0.191623	24	32	24	1605.664
-2.617994	2.356369	3.005869	0	23	35	1605.441
1.832596	1.554776	0.100351	126	18	0	1605.137
0.000000	1.014500	0.906702	10	45	14	1604.652
-1.308997	1.448123	-2.163292	19	34	157	1604.547
-2.617994	2.343981	-1.040456	3	115	155	1604.455
-2.617994	1.982574	-1.115518	1	39	31	1604.430
1.570796	0.850607	-1.335383	146	0	39	1604.196
-0.785398	1.569311	-3.003978	13	119	3	1603.941
-1.832596	0.709924	0.218797	14	121	144	1603.619
2.617994	0.496451	0.593859	25	133	12	1603.402
1.570796	2.704512	1.488683	4	23	40	1602.621
-0.261799	2.108018	1.311430	147	28	43	1602.340
2.879793	0.733948	3.021411	25	129	141	1602.324
0.261799	2.979456	-1.009304	10	37	32	1602.320
0.523599	1.904882	-1.478089	13	128	30	1600.734
2.356194	0.418037	1.360082	31	39	157	1600.563
2.356194	0.914445	2.687814	1	40	7	1599.000
0.000000	0.458961	-0.107937	138	29	26	1597.977
-2.094395	1.574060	2.783565	43	13	15	1597.845
-2.617994	1.606104	-0.451151	27	36	12	1597.641
0.785398	1.014500	0.906702	140	41	20	1597.447
2.879793	2.104282	-0.813972	22	28	25	1597.270
1.832596	1.014500	0.906702	142	23	138	1596.688
1.308997	1.374601	-2.456031	29	28	22	1595.869
1.308997	2.180315	-1.357379	28	134	23	1594.560
-1.308997	0.203748	0.590255	13	129	136	1594.145
-1.308997	1.506530	1.988858	35	40	9	1594.124
-1.047198	2.356369	3.005869	152	40	31	1594.109
-2.879793	1.909857	-0.381669	26	33	12	1593.508
2.356194	2.863997	0.549740	159	34	40	1592.525
-0.261799	1.025536	1.576859	19	40	13	1592.297
2.617994	2.881233	-2.582574	4	120	25	1592.102
-0.785398	1.391910	3.030322	14	119	159	1591.996
-1.308997	2.041297	-2.664597	21	36	13	1591.312
0.523599	1.599406	1.426070	15	145	122	1591.195
1.832596	2.587733	0.232235	155	31	44	1591.162
-1.832596	0.831641	0.616218	33	30	14	1589.934
-1.047198	1.391910	3.030322	10	115	1	1589.578
-3.141593	0.203748	0.590255	32	41	2	1589.106
0.785398	0.379747	-1.713059	11	140	126	1587.971
-0.785398	1.574060	2.783565	14	117	152	1586.975
1.832596	0.831641	0.616218	31	130	1	1586.947
1.047198	1.113094	-0.272241	153	44	7	1586.781
-2.356194	1.904882	-1.478089	12	117	144	1586.617
-1.308997	1.367556	0.358405	136	24	130	1586.160
2.094395	1.335669	0.897240	122	153	26	1586.125
2.094395	0.370812	-2.547742	22	144	127	1585.989
-1.047198	2.164094	-2.991358	4	43	22	1585.977
-1.570796	1.134497	-1.109631	152	36	37	1585.701
-0.785398	0.458961	-0.107937	156	32	28	1585.655
-2.617994	1.510910	-0.740472	9	35	31	1585.598
-2.094395	1.732874	-0.951685	26	44	13	1585.443
-3.141593	1.836682	-0.676006	30	26	25	1585.367
0.000000	1.741644	-2.695914	138	28	138	1585.359
0.523599	1.555207	1.708892	14	142	127	1585.293
-0.785398	0.297065	2.160177	20	37	144	1585.227
2.879793	1.574060	2.783565	128	22	149	1584.742
2.617994	2.247462	0.191623	35	11	14	1584.457
-1.570796	1.736875	3.023612	37	32	2	1584.340
-1.570796	2.138223	1.678323	33	39	20	1584.277
2.356194	2.393226	1.857173	4	8	42	1584.245
1.832596	1.045978	0.343692	34	134	153	1584.045
-2.617994	1.413430	2.550734	37	152	21	1583.832
-0.523599	1.766067	2.153843	9	126	132	1583.506
1.308997	1.766067	2.153843	152	137	130	1583.438
-2.617994	1.569311	-3.003978	41	158	155	1583.337
-1.308997	0.929350	-2.910676	13	31	133	1583.031
1.832596	1.756530	-2.105156	24	27	27	1581.997
-1.570796	2.637879	2.121598	28	39	23	1581.906
1.047198	2.089241	-0.114193	153	116	146	1581.852
0.523599	1.195355	1.200319	7	38	19	1581.840
1.047198	1.606104	-0.451151	149	44	8	1581.820
-2.356194	1.301460	-0.509251	33	39	7	1581.789
0.785398	0.080730	-2.622036	6	40	26	1581.254
-2.879793	1.134796	2.434290	31	127	7	1581.216
2.879793	1.846342	-1.796954	9	28	43	1581.199
2.094395	1.256302	0.062705	41	147	6	1580.759
-1.832596	1.504028	0.636812	16	125	4	1580.732
0.785398	2.349581	-2.702517	45	10	15	1580.497
-1.832596	1.696674	-1.253233	22	43	20	1580.340
-2.617994	2.407836	1.410646	158	124	128	1580.211
1.308997	0.685216	-1.712745	2	135	127	1580.123
1.570796	1.214854	-1.966664	156	20	44	1579.927
-0.261799	1.574060	2.783565	141	41	20	1579.373
-1.308997	1.554776	0.100351	139	30	139	1579.051
-0.785398	0.685216	-1.712745	158	39	39	1579.008
-0.261799	0.297065	2.160177	13	38	143	1578.773
-3.141593	1.545873	-1.877082	0	25	45	1578.256
1.047198	0.640596	-2.797608	9	38	28	1578.215
2.879793	1.948085	-2.363031	157	115	141	1578.195
-2.094395	1.554776	0.100351	4	41	150	1578.156
0.000000	0.864993	2.278281	31	33	6	1577.936
-2.094395	0.866955	-0.931351	38	32	22	1577.763
-2.879793	2.588535	-2.976617	35	135	17	1577.625
2.617994	2.863997	0.549740	3	117	139	1577.514
-2.879793	1.504028	0.636812	36	26	0	1576.836
1.832596	1.256302	0.062705	126	17	153	1576.703
-3.141593	0.709924	0.218797	40	26	5	1576.664
-1.832596	2.164094	-2.991358	38	23	24	1576.559
0.000000	1.335669	0.897240	12	40	24	1576.383
1.308997	1.555207	1.708892	145	32	29	1575.939
1.308997	0.700570	1.559208	37	145	154	1575.072
-0.261799	1.872854	1.543456	151	35	39	1574.595
0.000000	2.979456	-1.009304	12	35	31	1574.219
2.617994	1.699788	2.452890	132	28	143	1574.188
-0.785398	2.104282	-0.813972	46	5	13	1574.057
1.832596	1.732874	-0.951685	1	22	37	1573.508
-0.523599	0.618092	2.539118	17	42	151	1573.283
-3.141593	1.413347	-1.339188	10	23	39	1572.611
-1.570796	1.812176	0.656819	23	141	36	1571.613
-0.523599	0.899350	-2.069907	25	135	13	1571.484
-0.523599	0.864993	2.278281	1	44	14	1571.223
-0.523599	0.733948	3.021411	27	126	15	1570.745
-2.879793	0.929350	-2.910676	123	152	27	1570.465
1.570796	0.618092	2.539118	21	46	6	1570.094
-2.879793	2.863997	0.549740	19	38	27	1569.945
-2.879793	2.704512	1.488683	9	135	127	1569.859
-1.308997	2.299159	2.264663	154	15	38	1569.492
1.570796	0.914445	2.687814	7	47	15	1569.234
2.356194	0.992645	-1.723759	155	0	43	1568.479
0.523599	2.984978	1.954446	34	3	24	1568.308
-1.308997	0.910508	1.903534	33	38	159	1568.125
-1.832596	0.458961	-0.107937	16	117	144	1567.867
1.570796	0.379747	-1.713059	8	43	155	1567.809
2.879793	0.864993	2.278281	139	39	8	1567.801
0.261799	1.569311	-3.003978	127	16	138	1567.380
2.094395	0.866955	-0.931351	15	124	28	1566.878
0.000000	0.080730	-2.622036	35	151	16	1565.923
-0.523599	0.591903	2.010408	18	43	149	1565.312
1.047198	2.001437	0.381215	153	41	31	1565.152
2.617994	1.440580	2.260026	8	118	19	1564.733
-1.308997	2.356369	3.005869	3	40	28	1564.473
-1.570796	1.948085	-2.363031	28	29	10	1564.281
-0.261799	0.571433	-1.188419	143	31	38	1563.869
-1.308997	2.153910	-1.714959	34	32	19	1563.068
1.832596	0.960688	-0.577532	12	124	26	1562.809
0.523599	1.554776	0.100351	1	46	23	1562.270
2.617994	1.982574	-1.115518	17	26	32	1562.227
-2.356194	1.045978	0.343692	7	115	159	1561.707
0.523599	1.982574	-1.115518	159	122	24	1561.699
2.356194	1.325504	-1.671296	1	17	42	1561.624
1.308997	1.050534	3.042579	10	43	23	1561.072
-0.523599	2.587733	0.232235	128	12	144	1560.964
-1.047198	1.014500	0.906702	21	38	25	1560.859
-1.308997	1.247695	1.809890	35	39	7	1560.761
0.523599	1.488617	1.159546	148	38	33	1560.526
2.879793	1.433411	-1.035986	25	13	34	1560.398
-0.523599	1.168678	2.108595	11	35	24	1559.740
-2.094395	1.696674	-1.253233	27	39	25	1559.223
0.523599	1.812176	0.656819	147	27	46	1557.849
1.570796	0.899350	-2.069907	147	23	43	1557.574
-2.879793	1.982574	-1.115518	5	36	32	1556.945
2.617994	1.510910	-0.740472	159	22	34	1556.795
0.785398	1.440580	2.260026	22	45	10	1556.111
2.617994	1.488617	1.159546	156	45	12	1556.047
-1.570796	1.824694	1.850876	38	35	17	1555.862
-0.261799	0.914445	2.687814	34	32	14	1555.736
1.832596	1.696674	-1.253233	10	18	36	1555.566
0.523599	1.741644	-2.695914	41	8	26	1554.668
-3.141593	1.846342	-1.796954	157	34	39	1554.625
-2.356194	1.440580	2.260026	6	128	27	1554.198
-0.785398	0.864993	2.278281	15	43	14	1553.572
-1.570796	1.194549	-0.801900	149	41	32	1553.553
1.832596	1.721184	-0.153948	125	18	5	1553.398
1.832596	1.113094	-0.272241	127	20	148	1553.355
-2.356194	0.914445	2.687814	43	10	159	1553.349
-0.261799	0.961715	0.014085	143	23	31	1553.168
-0.785398	1.824694	1.850876	159	34	38	1553.102
2.617994	0.080730	-2.622036	127	5	27	1552.941
-2.879793	1.256302	0.062705	37	30	158	1552.938
-0.261799	1.045978	0.343692	17	41	23	1552.623
-2.356194	1.335669	0.897240	23	32	3	1552.441
2.094395	1.135813	-2.658866	145	35	38	1552.240
-0.261799	1.134796	2.434290	35	28	14	1551.988
-1.832596	0.762244	-0.273349	25	26	25	1551.938
1.832596	1.545873	-1.877082	3	32	35	1551.762
-2.879793	2.881233	-2.582574	29	140	28	1551.193
-0.523599	1.506530	1.988858	157	41	31	1551.125
2.356194	1.413347	-1.339188	10	12	39	1550.292
0.785398	1.184361	0.625864	152	43	17	1550.257
-2.356194	1.696674	-1.253233	2	42	33	1550.104
-2.356194	2.587733	0.232235	15	34	155	1550.031
-1.832596	1.699788	2.452890	43	22	16	1549.813
-2.094395	2.637879	2.121598	2	31	40	1549.705
1.308997	1.904882	-1.478089	25	140	31	1549.652
0.000000	1.488617	1.159546	10	39	27	1549.541
-1.570796	1.134796	2.434290	39	29	4	1549.105
1.308997	0.379747	-1.713059	14	136	129	1548.975
-1.308997	1.662363	0.915448	28	147	31	1548.185
2.879793	0.571433	-1.188419	8	41	25	1547.980
-3.141593	0.615174	-0.666022	26	150	31	1547.968
0.785398	0.866395	-2.492918	9	30	36	1547.859
-1.832596	0.864993	2.278281	43	151	0	1547.769
2.094395	0.992645	-1.723759	147	31	27	1546.656
0.261799	1.168678	2.108595	4	39	20	1546.414
0.785398	1.662363	0.915448	144	33	39	1546.289
-1.832596	1.391910	3.030322	42	22	5	1545.578
0.785398	1.909857	-0.381669	0	46	24	1545.569
-2.617994	2.404280	-0.174044	22	34	7	1545.531
-2.094395	0.571433	-1.188419	47	22	21	1545.393
0.785398	0.619654	-2.216909	17	25	29	1545.193
-3.141593	1.417623	-0.202254	42	18	18	1544.812
1.570796	2.404280	-0.174044	159	114	143	1544.742
-0.523599	0.709924	0.218797	139	31	24	1543.789
2.356194	1.050534	3.042579	139	40	23	1543.524
-3.141593	1.683268	0.374177	34	15	18	1543.371
1.570796	2.863997	0.549740	6	30	39	1543.324
-1.832596	1.662363	0.915448	15	126	7	1543.301
-2.094395	1.440580	2.260026	31	2	28	1543.284
-1.832596	1.812176	0.656819	14	125	9	1543.195
-1.832596	1.732874	-0.951685	20	45	11	1542.797
-0.261799	1.812176	0.656819	10	31	38	1542.766
1.047198	0.370812	-2.547742	152	40	31	1542.357
-2.094395	0.864993	2.278281	44	11	3	1541.875
0.523599	0.864993	2.278281	29	40	9	1541.790
-3.141593	1.242974	-2.977882	129	20	5	1541.430
-2.356194	2.187132	-0.479875	3	43	18	1540.535
1.308997	1.736875	3.023612	11	48	24	1540.432
2.094395	1.242974	-2.977882	152	42	21	1540.025
-2.617994	2.187132	-0.479875	20	39	6	1539.969
2.356194	2.881233	-2.582574	1	122	25	1539.793
0.261799	1.875281	0.107086	30	26	30	1539.524
1.570796	2.979456	-1.009304	28	128	148	1539.493
0.523599	2.138223	1.678323	154	23	41	1538.605
0.000000	0.618092	2.539118	4	124	148	1538.436
0.785398	1.574060	2.783565	142	23	32	1538.090
2.617994	0.618092	2.539118	140	42	14	1537.735
2.356194	2.637879	2.121598	8	14	40	1537.366
1.832596	1.301460	-0.509251	128	24	148	1537.266
1.047198	0.379747	-1.713059	7	132	129	1536.807
1.832596	1.510910	-0.740472	27	129	23	1536.780
0.261799	1.824694	1.850876	150	31	37	1536.214
-2.879793	1.846342	-1.796954	159	34	42	1536.078
-1.308997	1.488617	1.159546	33	145	24	1535.826
0.000000	2.579248	-2.364801	26	128	154	1535.770
-1.047198	0.290380	-0.796960	19	33	23	1535.701
0.523599	1.335669	0.897240	144	38	36	1535.438
-1.832596	0.618092	2.539118	1	38	30	1535.027
1.832596	1.050534	3.042579	158	46	17	1534.404
2.094395	1.756530	-2.105156	30	27	23	1534.109
-0.523599	2.138223	1.678323	149	29	42	1533.794
0.261799	1.545873	-1.877082	35	3	18	1533.724
0.523599	1.506530	1.988858	0	33	28	1533.536
1.832596	1.904882	-1.478089	13	30	28	1533.426
0.523599	0.290380	-0.796960	14	44	1	1533.139
-1.570796	2.295480	1.008277	15	126	16	1532.934
1.570796	2.724429	-0.348782	2	112	148	1532.887
1.047198	1.391910	3.030322	35	26	156	1532.862
1.570796	2.396274	-1.959260	42	12	23	1532.815
-0.261799	1.050534	3.042579	134	26	140	1532.520
-2.356194	1.417623	-0.202254	14	45	2	1532.094
-1.308997	2.478122	2.609777	28	40	16	1531.945
0.785398	1.374601	-2.456031	35	12	29	1531.828
1.047198	1.050534	3.042579	12	41	28	1531.705
-2.094395	0.899350	-2.069907	10	140	40	1531.160
-0.261799	1.256302	0.062705	119	152	12	1530.891
-1.308997	0.674054	1.013609	24	42	9	1530.312
-2.617994	1.617114	-1.572037	1	119	135	1529.900
-0.523599	0.866395	-2.492918	25	146	34	1529.543
0.523599	1.184361	0.625864	157	45	17	1529.190
-2.356194	1.113094	-0.272241	33	39	4	1528.969
-1.832596	0.866395	-2.492918	26	25	138	1528.961
-1.308997	2.579248	-2.364801	23	34	17	1528.762
-2.356194	1.135834	-1.431087	159	132	126	1528.297
-1.832596	0.700570	1.559208	41	149	159	1527.930
0.000000	2.456751	-1.503343	137	32	14	1527.852
-1.832596	2.104282	-0.813972	29	130	152	1527.708
2.617994	1.977582	0.969896	15	147	120	1527.349
0.785398	0.458961	-0.107937	139	123	19	1527.092
1.570796	1.982574	-1.115518	28	138	27	1527.002
-2.356194	2.478122	2.609777	144	18	36	1526.807
-3.141593	0.640596	-2.797608	124	153	28	1526.478
1.570796	1.256302	0.062705	132	25	153	1525.625
0.523599	1.045978	0.343692	5	46	12	1525.500
-2.879793	2.180315	-1.357379	159	39	32	1525.379
2.617994	1.134497	-1.109631	29	130	28	1525.190
0.523599	2.979456	-1.009304	159	38	33	1525.031
-0.785398	1.135813	-2.658866	13	125	8	1524.950
1.047198	1.721184	-0.153948	150	45	14	1524.748
2.094395	0.674054	1.013609	43	12	0	1524.733
-1.308997	1.218453	2.777284	12	44	10	1524.617
-2.094395	1.014500	0.906702	25	124	12	1524.584
1.570796	2.299159	2.264663	144	149	130	1524.219
-1.047198	0.831641	0.616218	26	40	17	1524.102
-0.523599	0.571433	-1.188419	146	38	34	1523.527
0.785398	2.379497	0.561089	2	39	32	1523.102
-1.308997	1.440580	2.260026	35	40	5	1522.676
-2.094395	0.640596	-2.797608	149	45	15	1522.447
-2.879793	1.510910	-0.740472	2	30	34	1522.381
0.523599	2.587733	0.232235	26	27	27	1522.270
0.785398	2.247462	0.191623	28	31	21	1522.090
-1.832596	1.367556	0.358405	17	122	0	1521.094
2.094395	1.683268	0.374177	29	132	155	1520.990
2.879793	1.904882	-1.478089	15	29	38	1520.957
1.832596	2.108018	1.311430	151	3	44	1520.799
0.000000	2.724429	-0.348782	11	37	24	1520.684
2.879793	2.115563	0.685730	5	137	118	1520.204
0.261799	0.709924	0.218797	6	46	11	1519.828
-2.879793	0.910508	1.903534	131	31	5	1519.797
-2.617994	1.721184	-0.153948	2	26	35	1519.453
-0.785398	0.866395	-2.492918	16	128	9	1519.366
2.617994	2.592629	0.909713	158	28	43	1519.315
-2.356194	0.203748	0.590255	10	35	23	1519.236
-1.832596	1.218453	2.777284	42	21	5	1519.198
-0.261799	1.809167	1.213774	149	32	41	1518.793
1.832596	0.379747	-1.713059	137	28	28	1518.062
1.308997	1.433411	-1.035986	139	154	130	1517.943
1.047198	1.247695	1.809890	143	33	27	1517.793
2.617994	2.063651	-2.044600	12	31	42	1517.578
-0.261799	1.440580	2.260026	3	30	31	1517.570
-1.570796	0.700570	1.559208	41	155	157	1517.484
-0.261799	1.909857	-0.381669	39	27	8	1517.445
1.570796	1.325504	-1.671296	2	29	35	1517.430
-2.356194	1.184361	0.625864	28	41	153	1517.391
-1.570796	0.961715	0.014085	143	42	18	1517.371
2.879793	1.045978	0.343692	40	24	154	1517.224
1.047198	1.256302	0.062705	151	43	10	1517.170
-0.261799	1.335669	0.897240	13	38	27	1516.838
-2.094395	1.683268	0.374177	0	37	149	1516.734
-2.094395	0.496451	0.593859	18	39	10	1516.676
2.879793	2.404280	-0.174044	39	17	151	1516.619
-1.308997	1.824694	1.850876	34	40	17	1516.534
-2.356194	1.504028	0.636812	12	34	136	1515.699
2.356194	1.214854	-1.966664	144	32	23	1515.246
1.570796	2.592629	0.909713	7	30	38	1514.867
-1.308997	2.164094	-2.991358	25	39	8	1514.688
-1.832596	1.904882	-1.478089	21	43	23	1513.721
2.356194	2.664082	-1.071402	31	31	25	1513.199
2.356194	2.180315	-1.357379	35	26	17	1513.184
2.356194	0.674054	1.013609	41	19	158	1512.812
2.617994	1.335669	0.897240	156	44	15	1511.420
-2.617994	1.909857	-0.381669	28	35	12	1510.504
1.570796	1.128190	-2.288622	153	25	44	1509.939
-0.785398	1.875281	0.107086	42	8	24	1509.737
0.261799	0.418037	1.360082	5	41	146	1509.672
-0.261799	1.662363	0.915448	12	28	36	1509.633
-1.570796	2.033014	2.977192	21	39	17	1509.578
-1.832596	0.615174	-0.666022	7	29	34	1509.352
-2.356194	1.756530	-2.105156	36	12	12	1509.311
2.879793	2.863997	0.549740	15	119	140	1509.194
1.047198	0.571433	-1.188419	150	131	132	1509.157
-3.141593	2.104282	-0.813972	24	33	18	1509.098
2.094395	0.640596	-2.797608	7	38	8	1508.789
-0.785398	1.683268	0.374177	42	9	22	1508.720
1.308997	0.640596	-2.797608	9	39	24	1508.672
1.308997	1.194549	-0.801900	151	16	37	1508.212
1.570796	2.247462	0.191623	0	119	136	1508.129
2.617994	1.325504	-1.671296	4	15	44	1507.690
0.261799	0.685216	-1.712745	147	28	40	1507.586
0.261799	2.724429	-0.348782	150	121	155	1507.547
-2.617994	1.756530	-2.105156	7	122	132	1507.525
-1.570796	0.850607	-1.335383	34	41	18	1507.285
2.617994	1.574060	2.783565	131	29	149	1507.250
-0.785398	1.662363	0.915448	14	27	37	1507.236
0.523599	1.977582	0.969896	153	25	44	1506.528
-0.261799	0.906588	1.252948	16	45	8	1506.246
-0.785398	1.413430	2.550734	1	42	27	1506.198
0.261799	2.063651	-2.044600	153	35	132	1506.146
-2.094395	0.960688	-0.577532	5	46	22	1505.449
-2.617994	2.456751	-1.503343	37	156	10	1505.097
1.570796	2.295480	1.008277	143	34	22	1505.094
1.832596	0.700570	1.559208	38	155	154	1505.089
-0.785398	0.831641	0.616218	21	40	22	1505.018
2.617994	1.741644	-2.695914	157	117	136	1504.812
-1.570796	1.998705	2.370472	39	35	15	1504.720
1.570796	2.180315	-1.357379	31	135	24	1503.767
2.094395	1.194549	-0.801900	24	124	23	1503.183
0.261799	1.128190	-2.288622	33	11	31	1502.490
0.785398	0.899350	-2.069907	2	26	41	1502.486
2.094395	2.592629	0.909713	157	29	41	1501.572
-2.094395	1.134796	2.434290	23	130	16	1501.363
-2.617994	1.301460	-0.509251	37	33	12	1501.100
-1.308997	0.866955	-0.931351	147	49	25	1500.777
0.523599	0.615174	-0.666022	145	27	30	1500.289
-0.523599	1.247695	1.809890	19	33	24	1500.055
-2.879793	1.134497	-1.109631	27	27	30	1499.897
-3.141593	1.045978	0.343692	39	23	7	1499.787
1.308997	2.379497	0.561089	155	34	38	1499.496
1.047198	1.214854	-1.966664	147	2	120	1498.996
1.832596	1.367556	0.358405	129	22	0	1498.961
-0.523599	2.664082	-1.071402	40	21	21	1498.757
-0.523599	0.831641	0.616218	17	45	16	1498.586
2.879793	2.343981	-1.040456	156	36	29	1498.500
-2.356194	0.864993	2.278281	38	142	1	1498.461
0.261799	2.456751	-1.503343	148	44	18	1498.422
0.261799	2.153910	-1.714959	149	34	139	1498.344
1.570796	0.762244	-0.273349	134	29	140	1498.203
0.523599	2.164094	-2.991358	46	15	11	1497.739
-2.356194	1.325504	-1.671296	155	121	130	1497.402
2.617994	1.045978	0.343692	41	138	5	1497.062
-0.523599	1.909857	-0.381669	43	18	13	1496.965
-2.617994	1.504028	0.636812	18	30	132	1496.766
-1.047198	2.349581	-2.702517	30	39	7	1496.566
1.570796	1.809167	1.213774	15	143	126	1496.452
-1.308997	2.174483	2.653697	6	43	26	1496.339
0.000000	1.736875	3.023612	131	25	142	1496.316
-2.879793	1.025536	1.576859	12	35	142	1496.195
2.356194	2.251330	-2.330739	6	43	31	1496.091
2.879793	1.569311	-3.003978	132	24	159	1495.703
1.047198	0.615174	-0.666022	139	3	34	1495.563
2.617994	0.914445	2.687814	138	39	17	1495.452
1.570796	1.869911	2.701025	124	28	32	1495.368
-0.785398	2.979456	-1.009304	11	35	25	1495.344
1.570796	2.456751	-1.503343	116	1	4	1495.209
-1.570796	1.195355	1.200319	9	39	141	1495.016
-1.832596	2.719179	-1.780644	35	136	20	1494.671
2.094395	1.050534	3.042579	152	43	19	1494.647
-2.094395	2.393226	1.857173	6	136	126	1494.612
0.261799	0.674054	1.013609	7	44	0	1494.486
1.832596	0.419640	2.974122	141	42	28	1494.426
0.785398	1.488617	1.159546	145	38	32	1493.921
2.094395	1.875281	0.107086	30	130	3	1493.866
2.094395	2.407836	1.410646	1	13	44	1493.829
-2.879793	0.709924	0.218797	35	35	158	1493.695
-1.570796	1.045978	0.343692	131	27	147	1493.578
0.000000	1.696674	-1.253233	152	131	31	1493.506
0.261799	0.640596	-2.797608	15	41	32	1493.074
1.047198	2.041297	-2.664597	40	20	21	1493.062
0.785398	1.050534	3.042579	17	41	28	1492.932
-2.879793	0.615174	-0.666022	26	154	31	1492.907
0.000000	0.709924	0.218797	11	46	11	1492.902
2.094395	0.960688	-0.577532	20	125	24	1492.865
1.832596	1.658653	-2.409879	24	29	27	1492.508
-1.570796	1.413430	2.550734	40	29	8	1492.324
-0.785398	1.977582	0.969896	22	148	34	1492.241
2.617994	2.187132	-0.479875	29	19	20	1492.078
2.094395	1.135834	-1.431087	0	11	42	1491.946
1.308997	1.870545	-2.976234	122	139	8	1491.862
-1.047198	0.496451	0.593859	25	41	8	1491.844
-2.879793	2.984978	1.954446	3	33	36	1491.516
-0.523599	2.588535	-2.976617	18	45	8	1491.492
1.308997	0.866955	-0.931351	148	24	33	1490.995
-0.523599	1.872854	1.543456	30	9	32	1490.838
0.523599	1.413430	2.550734	143	28	31	1490.643
-2.094395	1.433411	-1.035986	30	41	17	1490.406
-0.261799	2.724429	-0.348782	14	37	25	1490.070
0.261799	2.041297	-2.664597	36	140	13	1489.893
-0.523599	1.662363	0.915448	12	20	43	1489.859
1.308997	1.168678	2.108595	138	29	24	1489.586
0.523599	0.831641	0.616218	2	46	1	1489.412
2.617994	2.295480	1.008277	11	142	124	1489.249
-1.047198	2.089241	-0.114193	36	140	13	1489.148
-2.879793	2.407836	1.410646	152	122	129	1488.602
-2.094395	1.218453	2.777284	39	26	151	1488.529
2.094395	2.979456	-1.009304	10	42	22	1488.404
-2.356194	2.349581	-2.702517	27	16	28	1487.512
1.832596	1.413430	2.550734	159	46	8	1487.502
-0.261799	1.184361	0.625864	15	41	23	1487.010
-0.523599	1.134796	2.434290	39	28	10	1487.007
-1.047198	2.063651	-2.044600	18	36	4	1486.883
-1.308997	2.592629	0.909713	147	34	156	1486.672
1.570796	1.998705	2.370472	124	127	11	1486.463
0.785398	1.732874	-0.951685	1	123	26	1486.284
1.832596	2.247462	0.191623	4	120	133	1485.342
-2.094395	2.299159	2.264663	35	23	28	1485.125
-0.523599	1.977582	0.969896	8	24	40	1484.857
-0.785398	1.870545	-2.976234	8	44	158	1484.852
1.570796	2.251330	-2.330739	37	23	24	1484.803
1.308997	0.914445	2.687814	10	47	17	1484.711
0.000000	1.045978	0.343692	10	47	18	1484.180
0.523599	1.135813	-2.658866	12	27	39	1484.102
0.523599	1.113094	-0.272241	124	27	29	1483.793
-0.523599	0.914445	2.687814	35	27	14	1483.693
1.570796	1.977582	0.969896	22	26	33	1483.512
-0.261799	2.153910	-1.714959	149	42	14	1483.280
0.523599	2.588535	-2.976617	119	16	17	1483.199
2.617994	0.674054	1.013609	39	25	159	1482.880
-2.879793	1.696674	-1.253233	4	32	36	1482.811
-0.261799	2.579248	-2.364801	11	119	152	1482.770
-2.617994	1.809167	1.213774	10	136	38	1482.579
-0.261799	2.187132	-0.479875	39	23	19	1482.507
1.832596	0.418037	1.360082	42	152	159	1482.408
-3.141593	1.448123	-2.163292	26	130	156	1482.382
2.094395	1.696674	-1.253233	14	19	36	1481.994
2.617994	1.184361	0.625864	40	13	155	1481.766
1.047198	1.128190	-2.288622	4	30	40	1481.652
-0.261799	0.929350	-2.910676	31	153	35	1481.399
-0.261799	2.881233	-2.582574	20	42	16	1481.277
1.832596	1.736875	3.023612	158	47	19	1481.146
2.879793	1.413347	-1.339188	22	16	36	1481.125
-2.617994	2.295480	1.008277	150	155	46	1480.958
-1.047198	1.135834	-1.431087	147	18	41	1480.519
-1.047198	2.073035	2.027405	156	31	40	1479.980
-2.356194	1.014500	0.906702	21	120	12	1479.797
-0.261799	0.370812	-2.547742	33	147	21	1479.752
2.356194	2.089241	-0.114193	120	4	21	1479.678
0.523599	1.736875	3.023612	44	18	2	1479.468
2.617994	2.174483	2.653697	130	28	147	1479.375
-1.832596	1.025536	1.576859	37	153	20	1478.805
-2.356194	0.850607	-1.335383	149	142	123	1478.698
-2.617994	2.724429	-0.348782	21	125	7	1478.679
-0.523599	1.391910	3.030322	148	33	133	1478.678
2.094395	0.080730	-2.622036	153	40	16	1478.609
2.617994	2.407836	1.410646	13	6	43	1478.544
0.785398	0.906588	1.252948	1	38	6	1478.539
-0.261799	2.455966	-0.641220	40	19	22	1478.301
1.832596	2.760637	2.781135	11	127	29	1478.262
1.832596	1.184361	0.625864	140	22	139	1478.148
2.879793	2.073035	2.027405	23	128	29	1477.530
2.879793	0.831641	0.616218	40	22	1	1477.421
-2.617994	1.766067	2.153843	26	148	33	1477.056
-3.141593	1.696674	-1.253233	23	23	37	1477.033
1.047198	0.866395	-2.492918	159	35	37	1476.907
-0.785398	1.510910	-0.740472	119	13	19	1476.862
1.832596	0.733948	3.021411	156	126	120	1476.836
-0.523599	2.001437	0.381215	37	10	30	1476.599
-2.879793	1.683268	0.374177	135	127	21	1476.246
2.094395	1.836682	-0.676006	35	134	14	1475.979
1.047198	0.929350	-2.910676	11	38	29	1475.703
-2.356194	1.909857	-0.381669	21	41	4	1475.555
-2.094395	2.187132	-0.479875	158	46	17	1474.992
-1.832596	1.135813	-2.658866	37	24	1	1474.992
-1.047198	2.033014	2.977192	8	129	136	1474.653
0.523599	1.696674	-1.253233	30	5	23	1474.495
-2.617994	1.417623	-0.202254	35	34	4	1474.414
2.617994	0.700570	1.559208	30	34	155	1474.333
0.261799	1.696674	-1.253233	153	129	32	1474.314
1.308997	1.391910	3.030322	9	48	24	1473.957
2.094395	1.134497	-1.109631	16	124	30	1473.809
-2.356194	0.960688	-0.577532	35	38	8	1473.680
2.879793	0.700570	1.559208	18	42	148	1473.293
-0.523599	1.812176	0.656819	37	13	27	1473.034
2.356194	1.510910	-0.740472	1	18	35	1473.004
-0.523599	2.187132	-0.479875	42	14	21	1472.968
1.047198	1.488617	1.159546	153	40	13	1472.359
2.617994	1.413347	-1.339188	31	132	30	1472.254
-0.785398	1.699788	2.452890	153	42	29	1472.241
-1.832596	0.290380	-0.796960	37	21	21	1471.990
1.832596	2.863997	0.549740	3	31	40	1471.785
1.308997	1.417623	-0.202254	146	34	144	1471.367
1.832596	0.615174	-0.666022	16	36	29	1471.222
2.879793	1.510910	-0.740472	26	17	26	1471.203
0.000000	1.824694	1.850876	155	31	37	1471.195
2.879793	1.135834	-1.431087	16	3	41	1470.954
-1.047198	1.554776	0.100351	131	20	136	1470.836
0.000000	1.569311	-3.003978	136	27	137	1470.539
0.261799	1.135834	-1.431087	3	24	43	1470.424
1.570796	1.194549	-0.801900	6	130	34	1470.189
2.617994	1.998705	2.370472	12	127	30	1469.699
-1.047198	2.108018	1.311430	157	25	43	1469.033
-1.570796	2.664082	-1.071402	32	128	13	1468.617
-3.141593	1.510910	-0.740472	147	19	36	1468.598
-0.785398	1.440580	2.260026	15	115	146	1468.281
-2.617994	0.674054	1.013609	0	43	10	1468.014
-2.094395	0.458961	-0.107937	22	49	153	1467.508
-0.523599	1.440580	2.260026	150	41	28	1467.482
-3.141593	1.870545	-2.976234	126	17	159	1467.348
1.047198	1.310100	1.488307	153	40	16	1467.328
-2.094395	1.812176	0.656819	6	34	139	1467.121
-0.523599	1.335669	0.897240	39	23	18	1467.070
1.570796	0.674054	1.013609	35	135	155	1466.945
-1.047198	0.419640	2.974122	18	35	142	1466.688
0.523599	0.571433	-1.188419	158	30	31	1466.574
2.094395	1.812176	0.656819	26	134	150	1466.550
-2.094395	2.579248	-2.364801	20	26	29	1466.320
-1.308997	1.134796	2.434290	32	38	158	1466.287
-0.523599	2.979456	-1.009304	34	26	20	1466.179
1.832596	0.685216	-1.712745	140	159	39	1466.108
1.308997	1.014500	0.906702	26	127	152	1465.500
-2.356194	0.496451	0.593859	22	36	9	1464.656
1.570796	0.418037	1.360082	141	22	134	1464.648
-1.308997	2.979456	-1.009304	29	138	26	1464.390
-2.094395	1.721184	-0.153948	153	43	21	1463.903
-1.570796	1.756530	-2.105156	133	144	37	1463.853
0.523599	1.662363	0.915448	152	36	38	1463.828
-1.832596	1.554776	0.100351	147	42	13	1463.823
1.832596	2.979456	-1.009304	15	42	23	1463.715
-2.879793	1.214854	-1.966664	14	143	123	1463.601
1.570796	1.184361	0.625864	26	130	141	1463.236
1.832596	1.448123	-2.163292	0	38	32	1463.211
-1.570796	1.391910	3.030322	30	12	27	1463.030
-1.047198	1.756530	-2.105156	13	36	157	1462.781
-2.617994	1.662363	0.915448	24	26	137	1462.500
-1.832596	2.396274	-1.959260	6	38	26	1462.227
2.094395	2.343981	-1.040456	2	38	22	1461.805
-0.261799	0.733948	3.021411	138	26	137	1461.781
0.261799	1.134796	2.434290	146	35	25	1461.750
-1.047198	2.393226	1.857173	151	23	44	1461.356
-2.094395	2.456751	-1.503343	40	145	23	1461.249
-1.832596	1.756530	-2.105156	37	20	150	1461.074
2.879793	1.391910	3.030322	132	24	152	1460.875
1.047198	1.982574	-1.115518	138	41	10	1460.516
-2.879793	1.545873	-1.877082	159	124	130	1460.241
2.356194	1.135834	-1.431087	3	9	42	1460.051
2.879793	1.242974	-2.977882	130	22	158	1459.742
0.523599	0.733948	3.021411	18	40	28	1459.446
-1.047198	1.998705	2.370472	26	47	9	1459.355
0.785398	1.391910	3.030322	39	22	157	1459.175
-1.047198	1.218453	2.777284	6	115	157	1458.916
-1.308997	2.379497	0.561089	8	132	36	1458.777
2.879793	1.413430	2.550734	131	24	143	1458.672
-0.523599	1.721184	-0.153948	43	20	11	1458.403
-2.617994	1.335669	0.897240	11	31	133	1458.336
2.094395	2.180315	-1.357379	14	32	25	1458.309
2.617994	0.297065	2.160177	147	121	130	1458.217
-0.785398	1.184361	0.625864	18	36	31	1457.798
-2.617994	1.134497	-1.109631	11	27	37	1457.632
1.570796	1.736875	3.023612	4	48	24	1457.402
1.047198	1.335669	0.897240	157	119	137	1457.320
2.094395	2.001437	0.381215	27	130	159	1456.913
-1.308997	2.881233	-2.582574	20	34	28	1456.828
-3.141593	1.756530	-2.105156	153	28	46	1456.700
1.832596	0.914445	2.687814	2	46	15	1456.252
1.832596	0.496451	0.593859	135	20	135	1456.055
1.570796	1.569311	-3.003978	3	46	29	1455.948
1.570796	1.574060	2.783565	4	48	18	1455.701
0.261799	0.961715	0.014085	8	47	14	1455.650
-1.047198	0.850607	-1.335383	153	35	38	1455.484
-0.523599	0.419640	2.974122	8	119	151	1455.477
-1.570796	1.450119	-2.739050	138	127	22	1455.463
-2.356194	0.640596	-2.797608	155	44	17	1454.900
0.000000	2.073035	2.027405	153	25	40	1454.874
-1.308997	1.869911	2.701025	11	43	23	1454.676
2.879793	2.164094	-2.991358	127	26	7	1454.641
1.832596	0.709924	0.218797	27	124	7	1454.131
-1.047198	1.128190	-2.288622	16	35	143	1453.785
-1.308997	2.073035	2.027405	30	43	15	1453.704
2.356194	0.709924	0.218797	38	154	19	1453.331
-1.570796	1.554776	0.100351	142	31	142	1453.164
2.094395	2.033014	2.977192	151	45	14	1452.762
0.785398	2.587733	0.232235	7	35	37	1452.736
-0.523599	1.113094	-0.272241	123	0	25	1452.638
0.785398	0.297065	2.160177	44	148	4	1452.545
1.832596	2.456751	-1.503343	45	157	27	1452.491
1.308997	1.440580	2.260026	137	28	28	1452.461
0.261799	0.700570	1.559208	146	43	11	1452.430
2.094395	1.413347	-1.339188	9	14	40	1452.275
-0.261799	1.195355	1.200319	27	31	23	1452.250
0.785398	0.290380	-0.796960	144	28	29	1451.625
1.570796	1.413347	-1.339188	134	145	129	1451.447
-3.141593	2.153910	-1.714959	2	115	149	1450.973
-3.141593	2.247462	0.191623	38	18	150	1450.584
0.523599	1.450119	-2.739050	40	12	24	1450.524
-3.141593	2.404280	-0.174044	39	22	152	1449.871
-2.094395	1.982574	-1.115518	21	43	15	1449.797
1.570796	1.875281	0.107086	157	120	129	1449.715
-0.523599	1.504028	0.636812	15	34	34	1449.664
-0.523599	0.418037	1.360082	25	41	147	1449.418
2.879793	1.683268	0.374177	42	13	2	1449.405
0.261799	1.450119	-2.739050	130	16	134	1449.132
2.879793	1.741644	-2.695914	159	119	131	1448.742
0.785398	1.417623	-0.202254	155	47	14	1448.662
-2.356194	1.256302	0.062705	12	45	1	1448.414
1.047198	1.809167	1.213774	150	41	18	1448.359
-2.617994	1.050534	3.042579	36	134	0	1448.140
1.308997	1.977582	0.969896	146	29	40	1448.129
-2.094395	2.164094	-2.991358	4	25	35	1448.090
-0.785398	2.073035	2.027405	154	29	40	1448.063
1.570796	0.370812	-2.547742	15	136	126	1447.843
-0.785398	1.809167	1.213774	38	11	28	1447.589
-0.261799	1.488617	1.159546	14	36	28	1447.351
1.047198	1.574060	2.783565	140	25	32	1447.308
-0.523599	1.599406	1.426070	16	30	30	1447.278
-3.141593	2.455966	-0.641220	22	33	11	1447.250
2.617994	0.571433	-1.188419	15	128	32	1446.954
0.785398	2.187132	-0.479875	0	46	28	1446.949
-1.047198	1.374601	-2.456031	12	37	141	1446.938
0.261799	2.984978	1.954446	155	130	33	1446.887
1.308997	2.579248	-2.364801	43	17	13	1446.777
-2.617994	2.478122	2.609777	25	14	33	1446.391
-2.879793	1.741644	-2.695914	32	130	3	1446.236
1.570796	1.242974	-2.977882	19	35	30	1446.002
2.094395	2.115563	0.685730	24	131	156	1445.644
-1.832596	2.393226	1.857173	151	9	38	1445.578
0.785398	2.073035	2.027405	150	20	40	1445.574
1.047198	0.496451	0.593859	142	32	136	1445.570
1.047198	1.732874	-0.951685	8	121	24	1445.400
-1.570796	0.910508	1.903534	44	155	2	1444.708
1.047198	2.295480	1.008277	25	17	34	1444.690
-2.617994	1.184361	0.625864	149	114	1	1444.188
0.785398	1.982574	-1.115518	3	120	24	1444.025
-1.570796	2.153910	-1.714959	11	40	27	1443.516
2.356194	1.736875	3.023612	144	44	18	1443.162
2.356194	2.063651	-2.044600	8	38	35	1443.098
1.570796	1.510910	-0.740472	128	30	1	1442.625
-1.832596	2.984978	1.954446	27	41	22	1442.523
2.094395	0.618092	2.539118	8	46	6	1441.234
-0.785398	0.080730	-2.622036	151	25	133	1440.922
2.094395	2.153910	-1.714959	33	27	19	1440.851
2.094395	0.419640	2.974122	6	38	17	1440.586
1.308997	1.214854	-1.966664	155	19	45	1440.547
0.785398	2.104282	-0.813972	3	48	25	1440.049
-2.617994	0.906588	1.252948	15	40	149	1439.938
-1.832596	1.824694	1.850876	45	22	23	1439.759
-2.356194	0.591903	2.010408	37	141	155	1439.270
1.047198	2.251330	-2.330739	43	9	13	1439.198
1.570796	1.374601	-2.456031	159	29	44	1439.135
-0.785398	2.760637	2.781135	19	45	16	1439.031
2.879793	0.850607	-1.335383	27	131	31	1439.004
1.047198	1.875281	0.107086	151	44	23	1438.857
-1.308997	1.875281	0.107086	143	29	130	1438.229
-1.832596	2.187132	-0.479875	149	45	16	1438.189
1.570796	1.741644	-2.695914	10	34	40	1437.897
2.094395	0.418037	1.360082	43	157	0	1437.510
-2.356194	0.615174	-0.666022	39	29	17	1437.217
1.832596	0.866395	-2.492918	151	39	30	1437.154
-3.141593	1.948085	-2.363031	9	118	142	1437.111
1.047198	1.374601	-2.456031	151	23	49	1436.865
-2.094395	1.242974	-2.977882	42	17	0	1436.329
0.261799	0.203748	0.590255	141	123	17	1436.283
1.832596	1.741644	-2.695914	18	40	17	1436.180
1.047198	2.138223	1.678323	147	15	43	1435.962
0.000000	1.391910	3.030322	133	24	133	1435.855
0.261799	2.108018	1.311430	151	24	43	1435.833
1.832596	1.135834	-1.431087	154	16	42	1435.821
-1.832596	2.349581	-2.702517	1	32	29	1435.594
0.000000	2.138223	1.678323	152	21	42	1435.210
-3.141593	2.379497	0.561089	26	148	126	1435.052
-0.785398	1.545873	-1.877082	146	142	42	1435.033
-0.523599	0.496451	0.593859	13	47	5	1434.785
1.047198	1.870545	-2.976234	37	28	9	1434.469
-1.308997	1.736875	3.023612	32	38	1	1434.359
2.617994	0.762244	-0.273349	36	153	23	1434.145
-2.094395	1.948085	-2.363031	34	17	17	1434.133
-2.356194	1.194549	-0.801900	38	34	18	1434.096
-2.356194	1.050534	3.042579	42	11	157	1433.942
2.094395	1.904882	-1.478089	31	18	27	1433.709
-3.141593	1.721184	-0.153948	41	21	16	1433.191
0.785398	0.615174	-0.666022	138	22	33	1433.111
1.308997	0.618092	2.539118	25	45	7	1433.084
2.356194	1.391910	3.030322	139	41	24	1433.037
1.308997	0.591903	2.010408	40	159	156	1432.658
-0.261799	0.496451	0.593859	126	8	18	1432.640
-0.261799	1.824694	1.850876	146	37	36	1432.579
2.879793	2.456751	-1.503343	39	31	14	1432.488
2.879793	1.998705	2.370472	18	127	28	1432.368
-3.141593	1.325504	-1.671296	3	21	43	1432.326
1.570796	1.134497	-1.109631	151	20	38	1432.305
2.617994	2.180315	-1.357379	35	28	17	1432.292
2.879793	2.356369	3.005869	123	23	159	1431.941
-0.261799	1.977582	0.969896	8	26	40	1431.878
2.879793	1.134497	-1.109631	24	7	34	1431.691
0.785398	2.984978	1.954446	7	129	33	1431.655
-2.094395	1.301460	-0.509251	159	44	25	1431.257
0.000000	0.685216	-1.712745	148	32	40	1431.133
-1.570796	2.393226	1.857173	6	44	34	1430.811
-1.832596	2.089241	-0.114193	149	43	11	1430.722
2.356194	1.374601	-2.456031	147	34	37	1430.682
-1.570796	2.174483	2.653697	6	35	34	1430.646
-0.261799	2.592629	0.909713	145	48	156	1430.262
0.000000	0.571433	-1.188419	141	29	37	1430.231
1.570796	1.195355	1.200319	119	147	24	1430.044
-1.570796	2.587733	0.232235	159	130	36	1429.588
0.785398	1.741644	-2.695914	40	13	25	1429.378
2.094395	0.831641	0.616218	36	133	1	1429.374
1.570796	0.992645	-1.723759	150	16	43	1429.246
-0.523599	1.448123	-2.163292	4	137	40	1429.023
-2.356194	2.379497	0.561089	19	32	158	1428.578
-2.094395	0.733948	3.021411	158	43	21	1427.980
1.570796	2.587733	0.232235	148	117	138	1427.953
0.523599	0.203748	0.590255	134	30	134	1427.750
-1.832596	1.766067	2.153843	24	159	32	1427.688
1.047198	0.591903	2.010408	41	153	159	1427.599
-0.261799	1.741644	-2.695914	146	33	137	1427.029
-1.832596	2.637879	2.121598	11	128	132	1426.973
2.617994	1.135834	-1.431087	154	17	42	1426.321
1.047198	2.979456	-1.009304	13	119	146	1426.271
2.879793	1.658653	-2.409879	3	120	133	1426.238
1.308997	1.045978	0.343692	19	120	156	1425.771
1.047198	0.418037	1.360082	129	29	6	1425.477
-2.094395	0.831641	0.616218	8	117	150	1425.320
1.047198	0.866955	-0.931351	146	24	34	1425.110
0.785398	0.418037	1.360082	130	32	7	1424.861
-2.879793	1.875281	0.107086	24	21	29	1424.723
-1.047198	1.683268	0.374177	132	17	132	1424.209
0.785398	2.343981	-1.040456	27	143	25	1424.193
-3.141593	2.343981	-1.040456	6	118	156	1423.875
1.570796	2.187132	-0.479875	29	136	16	1423.841
-0.261799	0.591903	2.010408	6	42	14	1423.465
0.523599	0.619654	-2.216909	153	37	38	1422.783
-0.785398	0.615174	-0.666022	138	33	34	1422.746
-2.094395	0.674054	1.013609	30	33	5	1422.619
1.308997	1.617114	-1.572037	31	8	31	1422.371
0.523599	0.910508	1.903534	27	38	1	1421.879
-1.047198	1.050534	3.042579	30	41	154	1421.680
1.832596	2.396274	-1.959260	38	24	17	1421.573
-2.094395	2.001437	0.381215	6	35	138	1421.273
1.308997	0.899350	-2.069907	146	22	44	1421.054
1.047198	0.831641	0.616218	139	40	15	1420.566
-0.523599	1.836682	-0.676006	45	18	14	1420.476
-2.356194	1.617114	-1.572037	148	28	42	1420.199
2.617994	1.756530	-2.105156	145	117	137	1420.033
1.308997	0.418037	1.360082	40	143	1	1419.727
-1.308997	1.555207	1.708892	38	17	25	1419.681
-1.047198	2.396274	-1.959260	21	35	11	1419.531
-0.785398	0.866955	-0.931351	143	36	35	1419.529
-1.832596	0.733948	3.021411	152	45	20	1419.412
1.570796	1.301460	-0.509251	10	130	30	1419.155
2.356194	1.569311	-3.003978	148	42	15	1418.797
0.785398	1.606104	-0.451151	157	48	16	1418.734
0.785398	0.992645	-1.723759	157	24	41	1418.707
2.617994	1.256302	0.062705	43	5	146	1418.685
1.047198	1.025536	1.576859	144	42	9	1418.527
-1.308997	0.496451	0.593859	144	33	24	1418.117
-0.261799	0.866395	-2.492918	25	134	8	1418.070
0.261799	0.906588	1.252948	141	42	24	1418.035
1.308997	2.295480	1.008277	1	27	41	1418.013
2.617994	2.379497	0.561089	36	8	9	1417.953
1.047198	2.104282	-0.813972	24	143	25	1417.770
-1.047198	0.674054	1.013609	20	45	10	1417.719
-3.141593	1.506530	1.988858	9	33	31	1417.659
2.094395	2.299159	2.264663	5	134	37	1417.599
2.094395	0.733948	3.021411	140	40	28	1417.582
-1.047198	0.618092	2.539118	23	39	146	1417.523
-2.617994	2.180315	-1.357379	155	42	31	1417.354
0.000000	2.404280	-0.174044	35	22	26	1417.348
0.261799	0.297065	2.160177	8	36	143	1416.586
2.094395	2.637879	2.121598	12	142	40	1416.489
-0.261799	2.343981	-1.040456	156	40	10	1416.461
0.785398	1.413347	-1.339188	140	3	130	1416.452
-2.617994	0.910508	1.903534	128	28	6	1416.312
-0.261799	1.766067	2.153843	141	32	37	1416.185
-2.094395	1.869911	2.701025	42	16	21	1416.171
-2.617994	2.393226	1.857173	145	129	128	1415.745
0.000000	1.909857	-0.381669	124	132	9	1415.741
-1.832596	2.063651	-2.044600	34	22	18	1415.730
-2.879793	1.218453	2.777284	31	127	5	1414.473
-1.047198	0.379747	-1.713059	30	148	26	1414.269
0.000000	1.113094	-0.272241	143	23	33	1414.216
1.832596	1.574060	2.783565	158	47	12	1414.158
2.356194	1.488617	1.159546	123	150	27	1413.974
2.617994	1.812176	0.656819	123	141	152	1413.841
-2.879793	0.080730	-2.622036	8	39	25	1413.820
2.356194	1.998705	2.370472	4	128	33	1413.610
0.523599	2.379497	0.561089	25	25	29	1412.554
1.047198	1.555207	1.708892	16	140	130	1412.491
1.832596	1.875281	0.107086	2	118	130	1412.322
0.000000	0.591903	2.010408	12	41	154	1412.266
1.570796	0.960688	-0.577532	5	126	29	1411.957
-1.308997	1.872854	1.543456	34	16	34	1411.881
-2.617994	1.545873	-1.877082	6	125	130	1411.542
-2.356194	1.812176	0.656819	11	28	126	1411.375
-2.879793	0.831641	0.616218	148	45	26	1410.939
-0.261799	1.014500	0.906702	19	47	10	1410.906
0.261799	0.591903	2.010408	22	123	4	1410.601
-0.785398	1.504028	0.636812	42	13	22	1410.432
2.356194	2.455966	-0.641220	6	37	25	1410.078
1.308997	1.488617	1.159546	148	38	12	1409.688
-1.047198	2.115563	0.685730	18	140	36	1409.379
-0.785398	1.168678	2.108595	14	38	24	1409.344
1.047198	1.683268	0.374177	150	42	18	1409.058
1.570796	1.335669	0.897240	145	26	137	1409.031
2.617994	1.766067	2.153843	13	38	29	1408.689
-1.308997	0.591903	2.010408	36	29	3	1408.517
-3.141593	2.719179	-1.780644	146	43	14	1408.234
-2.879793	1.948085	-2.363031	5	113	140	1408.143
-1.570796	0.674054	1.013609	28	39	9	1408.020
-1.047198	1.741644	-2.695914	155	41	22	1407.781
-1.047198	1.658653	-2.409879	17	38	141	1407.688
1.047198	2.579248	-2.364801	46	2	15	1407.646
0.523599	1.168678	2.108595	26	41	6	1407.176
1.308997	1.413430	2.550734	136	27	28	1406.493
-1.570796	2.164094	-2.991358	33	33	16	1406.461
-1.570796	1.875281	0.107086	144	30	131	1406.328
-1.832596	2.881233	-2.582574	17	27	33	1406.156
-0.261799	2.719179	-1.780644	2	41	28	1405.938
-3.141593	0.458961	-0.107937	47	20	8	1405.586
2.356194	1.218453	2.777284	140	42	18	1405.513
-1.047198	2.724429	-0.348782	36	159	28	1405.499
-2.617994	1.440580	2.260026	5	129	28	1405.450
-0.523599	1.948085	-2.363031	152	43	12	1405.416
-3.141593	1.134497	-1.109631	22	17	35	1405.368
-0.523599	1.488617	1.159546	13	34	33	1405.319
-3.141593	0.419640	2.974122	133	32	18	1404.793
-0.785398	2.299159	2.264663	150	28	41	1404.515
-1.832596	2.579248	-2.364801	5	33	26	1404.492
-0.261799	1.699788	2.452890	158	25	35	1404.355
1.832596	1.977582	0.969896	18	28	32	1404.332
1.047198	1.909857	-0.381669	148	45	17	1404.311
-1.047198	0.914445	2.687814	10	44	9	1404.117
1.047198	2.153910	-1.714959	34	157	29	1403.949
0.261799	0.831641	0.616218	3	45	11	1403.494
2.356194	0.831641	0.616218	44	10	159	1403.172
1.047198	0.203748	0.590255	9	23	35	1403.131
1.832596	1.194549	-0.801900	12	132	33	1402.920
1.570796	1.872854	1.543456	12	146	126	1402.021
-1.570796	1.741644	-2.695914	25	23	30	1401.594
-1.570796	0.618092	2.539118	32	34	146	1401.587
-1.832596	1.506530	1.988858	47	22	14	1401.531
1.832596	2.455966	-0.641220	11	31	39	1401.480
-2.356194	2.724429	-0.348782	153	41	13	1401.117
2.617994	2.393226	1.857173	26	129	30	1400.979
-0.261799	1.448123	-2.163292	7	135	39	1400.969
2.879793	2.881233	-2.582574	139	42	11	1400.930
-0.261799	1.310100	1.488307	20	135	123	1400.611
1.570796	1.824694	1.850876	145	31	29	1400.547
1.570796	1.599406	1.426070	132	0	36	1400.513
-1.308997	1.335669	0.897240	35	144	20	1400.441
0.000000	1.766067	2.153843	14	23	32	1400.439
1.832596	0.458961	-0.107937	20	118	15	1400.336
-2.094395	1.025536	1.576859	6	32	142	1399.711
-1.570796	2.349581	-2.702517	159	33	30	1399.570
-0.261799	2.588535	-2.976617	13	46	9	1399.543
-1.308997	1.617114	-1.572037	140	19	40	1399.477
2.356194	1.870545	-2.976234	156	114	149	1399.434
1.570796	0.458961	-0.107937	134	27	136	1399.352
-3.141593	1.433411	-1.035986	25	20	32	1399.031
-1.570796	1.440580	2.260026	38	34	5	1399.026
1.832596	1.214854	-1.966664	155	30	39	1398.418
1.047198	1.184361	0.625864	139	41	23	1398.400
-1.570796	0.960688	-0.577532	3	120	135	1398.324
2.094395	1.184361	0.625864	118	156	20	1398.024
2.617994	0.906588	1.252948	29	34	144	1397.771
0.261799	1.554776	0.100351	124	136	3	1397.239
-2.356194	1.413347	-1.339188	10	136	126	1397.188
-1.308997	2.295480	1.008277	149	34	157	1397.078
-1.570796	2.719179	-1.780644	18	32	27	1397.059
-2.617994	1.014500	0.906702	7	36	139	1396.836
-1.308997	2.393226	1.857173	150	31	41	1396.779
0.523599	1.050534	3.042579	20	36	32	1396.703
0.000000	2.115563	0.685730	33	15	31	1396.522
-3.141593	2.478122	2.609777	159	20	38	1396.248
1.832596	2.393226	1.857173	140	133	130	1396.234
2.617994	1.242974	-2.977882	143	30	147	1396.078
-2.617994	1.977582	0.969896	159	129	120	1395.888
1.308997	1.025536	1.576859	133	33	17	1395.814
2.879793	2.180315	-1.357379	13	40	23	1395.570
-0.261799	2.115563	0.685730	37	24	15	1395.313
-2.879793	2.719179	-1.780644	151	46	22	1394.729
1.308997	1.869911	2.701025	28	37	150	1394.393
0.785398	1.335669	0.897240	140	39	30	1394.388
1.570796	1.948085	-2.363031	31	26	24	1394.244
-0.523599	1.545873	-1.877082	152	38	155	1394.203
-3.141593	0.591903	2.010408	142	41	10	1394.199
-2.356194	2.299159	2.264663	26	28	29	1394.146
0.523599	1.014500	0.906702	6	41	10	1393.445
2.617994	1.662363	0.915448	127	146	31	1393.351
-1.832596	1.214854	-1.966664	154	155	46	1393.215
-1.570796	1.168678	2.108595	33	154	23	1392.515
1.047198	1.506530	1.988858	16	47	3	1392.388
2.879793	2.455966	-0.641220	25	30	10	1392.188
2.617994	1.448123	-2.163292	13	122	153	1391.833
-1.047198	1.699788	2.452890	5	36	33	1391.809
1.308997	0.458961	-0.107937	136	31	136	1391.594
0.523599	0.929350	-2.910676	15	33	35	1391.584
-2.356194	1.506530	1.988858	0	123	20	1391.227
-1.047198	2.579248	-2.364801	31	36	8	1390.758
-0.261799	1.417623	-0.202254	39	26	2	1390.701
1.832596	2.984978	1.954446	1	33	35	1390.336
-0.523599	2.041297	-2.664597	149	44	15	1390.051
-2.879793	0.674054	1.013609	12	44	10	1389.977
1.570796	1.413430	2.550734	5	50	7	1389.914
-1.832596	0.899350	-2.069907	152	134	121	1389.820
-0.261799	1.135834	-1.431087	28	158	28	1389.717
0.785398	1.872854	1.543456	152	136	126	1389.612
-1.570796	1.510910	-0.740472	17	49	2	1389.426
2.094395	1.417623	-0.202254	122	12	152	1389.000
-0.785398	0.203748	0.590255	139	31	22	1388.633
2.094395	2.478122	2.609777	7	137	40	1388.607
-0.523599	2.456751	-1.503343	13	40	15	1388.594
0.261799	1.417623	-0.202254	9	48	23	1388.240
-3.141593	1.977582	0.969896	153	129	121	1388.238
2.879793	2.592629	0.909713	0	121	131	1388.188
-0.523599	1.756530	-2.105156	1	131	36	1388.180
-0.523599	2.863997	0.549740	17	132	32	1387.944
1.047198	1.045978	0.343692	151	126	20	1387.908
-1.832596	1.433411	-1.035986	157	50	26	1387.809
-1.570796	1.256302	0.062705	142	42	16	1387.351
0.000000	1.195355	1.200319	11	41	21	1387.199
-0.523599	2.295480	1.008277	37	4	17	1387.087
-2.879793	2.299159	2.264663	23	6	36	1386.938
-2.617994	0.418037	1.360082	4	36	20	1386.441
0.523599	1.721184	-0.153948	10	41	34	1386.084
2.094395	1.998705	2.370472	147	22	36	1386.006
0.000000	1.872854	1.543456	150	28	40	1385.987
1.308997	1.301460	-0.509251	144	40	158	1385.734
1.570796	0.619654	-2.216909	149	35	33	1385.677
-0.261799	2.174483	2.653697	137	30	35	1385.666
2.617994	2.588535	-2.976617	22	134	28	1385.324
-2.879793	0.290380	-0.796960	1	125	18	1385.124
-0.785398	1.450119	-2.739050	157	37	150	1384.992
-2.617994	1.872854	1.543456	12	141	39	1384.855
0.785398	0.496451	0.593859	2	42	147	1384.766
1.047198	1.135834	-1.431087	140	143	128	1384.578
-2.356194	2.356369	3.005869	27	17	29	1384.576
1.570796	2.407836	1.410646	3	18	43	1384.505
1.308997	2.187132	-0.479875	24	134	17	1384.391
-1.570796	1.218453	2.777284	38	27	10	1384.098
1.047198	2.349581	-2.702517	42	22	12	1383.974
-1.832596	0.914445	2.687814	41	20	0	1383.720
-2.617994	1.904882	-1.478089	3	116	142	1383.672
-3.141593	1.574060	2.783565	157	124	28	1383.245
1.308997	1.413347	-1.339188	9	148	41	1382.840
-0.261799	1.374601	-2.456031	22	130	8	1382.371
-1.570796	1.555207	1.708892	40	34	14	1382.301
-3.141593	2.456751	-1.503343	37	37	12	1382.297
-0.261799	1.846342	-1.796954	158	128	32	1382.218
-1.832596	1.569311	-3.003978	38	17	19	1382.205
1.308997	1.658653	-2.409879	32	26	23	1381.307
1.047198	1.134796	2.434290	17	47	11	1381.102
1.832596	2.063651	-2.044600	27	33	20	1381.039
-2.094395	0.910508	1.903534	42	144	1	1380.803
1.570796	1.766067	2.153843	146	26	32	1380.736
-1.832596	1.721184	-0.153948	19	119	17	1380.710
-1.570796	2.089241	-0.114193	14	139	45	1380.541
-2.356194	1.875281	0.107086	18	40	3	1380.102
-2.356194	1.555207	1.708892	39	155	27	1380.059
-1.308997	1.904882	-1.478089	36	33	15	1379.977
-1.047198	1.301460	-0.509251	133	30	31	1379.930
2.356194	0.615174	-0.666022	16	129	30	1379.911
-1.832596	1.247695	1.809890	36	156	22	1379.800
-1.047198	0.571433	-1.188419	156	37	35	1379.780
1.570796	1.450119	-2.739050	23	29	31	1379.770
1.308997	1.256302	0.062705	10	115	150	1379.543
2.617994	0.929350	-2.910676	16	125	137	1379.438
0.261799	0.618092	2.539118	144	38	15	1379.320
0.000000	1.310100	1.488307	142	42	29	1378.948
1.308997	1.872854	1.543456	3	137	128	1378.686
2.356194	2.979456	-1.009304	34	34	17	1378.322
-1.570796	0.866955	-0.931351	157	34	37	1378.124
2.094395	0.961715	0.014085	158	124	26	1378.003
-2.879793	1.450119	-2.739050	32	132	158	1377.779
-1.570796	2.724429	-0.348782	148	33	138	1377.375
-1.832596	0.674054	1.013609	154	38	18	1377.250
2.879793	1.440580	2.260026	16	118	17	1376.723
0.000000	1.184361	0.625864	11	42	22	1376.587
0.261799	1.904882	-1.478089	154	126	33	1376.567
-0.785398	1.135834	-1.431087	146	28	42	1376.192
-3.141593	2.881233	-2.582574	11	42	26	1375.811
-2.356194	2.664082	-1.071402	39	156	21	1375.565
1.832596	2.724429	-0.348782	38	0	6	1375.549
-0.261799	2.456751	-1.503343	145	117	151	1375.469
-2.356194	2.455966	-0.641220	157	45	7	1375.195
2.356194	2.164094	-2.991358	149	44	15	1375.176
-0.785398	2.001437	0.381215	39	6	30	1375.146
2.094395	0.615174	-0.666022	16	122	23	1375.140
0.261799	1.113094	-0.272241	28	36	149	1374.747
2.356194	2.108018	1.311430	15	123	35	1374.678
-0.523599	1.569311	-3.003978	17	121	158	1374.566
-3.141593	1.367556	0.358405	37	25	1	1374.320
1.570796	1.135834	-1.431087	153	19	43	1374.298
-1.308997	2.719179	-1.780644	1	36	23	1373.914
1.308997	2.033014	2.977192	122	136	13	1373.892
1.047198	0.674054	1.013609	137	39	8	1373.861
2.617994	1.218453	2.777284	19	119	159	1373.822
1.832596	2.379497	0.561089	153	25	46	1373.760
-2.356194	2.295480	1.008277	150	152	45	1373.577
1.570796	0.709924	0.218797	136	27	141	1373.570
-0.261799	2.760637	2.781135	152	43	5	1373.506
-2.356194	1.134796	2.434290	17	128	18	1373.450
-1.570796	2.404280	-0.174044	156	35	131	1373.432
0.261799	0.899350	-2.069907	5	24	40	1372.460
-0.785398	1.014500	0.906702	17	41	24	1372.441
-1.832596	0.960688	-0.577532	154	41	31	1372.416
-0.523599	0.992645	-1.723759	153	25	44	1372.383
1.570796	1.135813	-2.658866	24	30	154	1372.156
0.261799	2.404280	-0.174044	25	37	17	1371.875
-0.261799	0.864993	2.278281	20	40	4	1371.734
1.832596	2.089241	-0.114193	3	113	139	1371.658
1.308997	1.135834	-1.431087	142	142	127	1371.505
-1.570796	2.979456	-1.009304	30	143	27	1371.436
-0.785398	1.766067	2.153843	148	49	23	1371.330
-1.308997	1.809167	1.213774	25	132	12	1371.094
2.879793	1.128190	-2.288622	17	29	32	1370.711
0.261799	2.343981	-1.040456	134	30	15	1370.648
2.617994	0.831641	0.616218	40	22	153	1370.643
-1.308997	1.134497	-1.109631	151	28	41	1370.631
-0.523599	2.719179	-1.780644	10	43	19	1370.471
0.785398	1.448123	-2.163292	34	23	18	1370.437
-0.785398	2.251330	-2.330739	16	41	6	1370.312
-1.308997	2.343981	-1.040456	36	131	8	1370.298
0.523599	2.343981	-1.040456	146	44	15	1370.164
-2.879793	2.979456	-1.009304	137	31	10	1369.992
-1.570796	2.407836	1.410646	146	16	42	1369.785
-2.094395	2.356369	3.005869	152	132	134	1369.772
-2.879793	0.370812	-2.547742	5	43	20	1369.637
2.617994	1.909857	-0.381669	11	16	38	1369.398
-2.879793	1.721184	-0.153948	39	28	14	1369.387
2.356194	1.045978	0.343692	37	133	5	1369.340
-0.523599	1.683268	0.374177	122	158	10	1369.250
-3.141593	1.504028	0.636812	37	20	1	1369.051
1.308997	1.450119	-2.739050	31	31	16	1368.840
1.047198	0.992645	-1.723759	154	22	42	1368.448
1.832596	1.846342	-1.796954	28	21	28	1368.303
0.785398	1.904882	-1.478089	16	129	30	1368.204
0.523599	1.242974	-2.977882	41	13	20	1368.108
0.261799	0.850607	-1.335383	141	11	44	1367.907
-2.879793	2.343981	-1.040456	11	118	156	1367.703
-2.879793	0.850607	-1.335383	22	148	38	1367.666
-3.141593	1.741644	-2.695914	4	117	132	1367.543
1.308997	2.984978	1.954446	18	149	43	1367.489
-1.832596	0.866955	-0.931351	35	42	13	1367.430
-3.141593	1.824694	1.850876	14	136	36	1367.378
1.832596	1.870545	-2.976234	4	46	26	1367.367
1.047198	2.704512	1.488683	13	153	42	1367.310
-1.832596	2.138223	1.678323	7	33	40	1367.077
0.523599	0.674054	1.013609	144	43	11	1366.362
1.047198	0.733948	3.021411	40	20	12	1366.302
0.000000	2.251330	-2.330739	156	47	9	1366.301
-0.523599	1.050534	3.042579	13	121	5	1366.117
-1.308997	0.992645	-1.723759	32	40	23	1366.105
-2.879793	1.050534	3.042579	140	18	140	1365.594
-1.308997	1.050534	3.042579	36	32	2	1365.166
2.356194	1.168678	2.108595	130	31	136	1365.133
1.570796	0.864993	2.278281	120	5	7	1365.103
-1.570796	1.721184	-0.153948	146	44	2	1364.615
-0.785398	0.992645	-1.723759	156	26	43	1364.183
-1.308997	0.571433	-1.188419	28	49	10	1364.129
-1.308997	2.664082	-1.071402	118	4	0	1363.989
1.570796	2.089241	-0.114193	157	114	139	1363.984
1.832596	1.450119	-2.739050	157	44	29	1363.883
1.308997	1.574060	2.783565	10	49	18	1363.838
-1.832596	0.418037	1.360082	23	39	3	1363.684
-0.523599	1.014500	0.906702	128	15	16	1363.509
-2.094395	2.379497	0.561089	15	35	154	1363.484
2.879793	0.914445	2.687814	23	122	157	1363.376
-3.141593	0.762244	-0.273349	28	156	27	1363.035
0.523599	1.658653	-2.409879	36	6	32	1363.029
0.000000	2.041297	-2.664597	148	35	134	1362.691
1.308997	0.674054	1.013609	33	131	155	1362.478
-2.094395	1.050534	3.042579	41	17	158	1362.156
2.094395	0.203748	0.590255	120	149	144	1361.723
1.308997	1.113094	-0.272241	6	122	23	1361.486
2.879793	2.295480	1.008277	0	14	47	1361.392
-1.308997	2.863997	0.549740	155	129	34	1361.048
2.879793	1.545873	-1.877082	157	29	42	1360.898
1.832596	1.617114	-1.572037	158	34	26	1360.719
-1.570796	0.496451	0.593859	156	35	26	1360.662
1.832596	0.850607	-1.335383	143	26	30	1360.535
-2.617994	1.448123	-2.163292	40	3	13	1360.216
2.879793	1.812176	0.656819	39	7	8	1359.979
2.617994	2.587733	0.232235	124	9	26	1359.868
1.308997	1.721184	-0.153948	13	131	23	1359.811
-2.094395	0.290380	-0.796960	30	45	5	1359.610
-1.570796	1.242974	-2.977882	34	24	13	1359.516
0.261799	0.615174	-0.666022	143	23	34	1359.426
0.523599	1.683268	0.374177	158	38	38	1359.393
-2.617994	1.413347	-1.339188	7	29	39	1359.334
0.523599	2.719179	-1.780644	129	25	19	1358.913
-1.047198	2.478122	2.609777	149	38	35	1358.295
2.094395	2.456751	-1.503343	45	8	20	1358.075
0.785398	2.881233	-2.582574	122	13	23	1358.066
1.308997	1.134796	2.434290	12	47	11	1358.023
-1.308997	1.574060	2.783565	33	39	0	1358.000
-2.617994	1.194549	-0.801900	17	32	31	1357.931
-3.141593	0.418037	1.360082	24	38	6	1357.613
-2.879793	1.014500	0.906702	10	33	131	1357.609
-0.523599	0.458961	-0.107937	24	42	7	1357.436
2.094395	1.846342	-1.796954	29	27	23	1357.220
-0.523599	0.619654	-2.216909	29	148	28	1357.120
-2.094395	0.619654	-2.216909	9	132	36	1357.034
1.832596	1.134497	-1.109631	149	21	35	1356.924
-0.785398	2.041297	-2.664597	152	42	22	1356.907
0.000000	1.812176	0.656819	35	20	26	1356.381
-0.785398	1.982574	-1.115518	118	15	19	1356.176
-3.141593	1.391910	3.030322	126	17	156	1356.016
1.047198	1.977582	0.969896	148	30	40	1355.881
0.261799	0.290380	-0.796960	24	40	6	1355.879
2.356194	2.343981	-1.040456	5	33	26	1355.633
-1.570796	1.982574	-1.115518	30	123	158	1355.550
-2.094395	0.700570	1.559208	41	142	159	1355.469
2.356194	0.496451	0.593859	20	130	14	1355.320
1.308997	2.396274	-1.959260	23	33	3	1355.270
1.047198	1.135813	-2.658866	31	25	158	1354.684
-2.879793	1.872854	1.543456	12	138	38	1354.549
1.832596	1.413347	-1.339188	154	29	32	1354.391
0.261799	1.335669	0.897240	1	138	117	1354.097
-2.094395	2.979456	-1.009304	28	152	32	1353.858
0.785398	1.247695	1.809890	155	42	18	1353.705
-1.047198	1.872854	1.543456	1	36	40	1353.548
-2.356194	2.180315	-1.357379	19	120	151	1353.357
0.523599	0.496451	0.593859	132	114	145	1353.131
-2.617994	0.297065	2.160177	21	38	158	1352.879
-1.570796	1.025536	1.576859	122	156	146	1352.431
0.785398	2.588535	-2.976617	47	14	15	1352.285
2.356194	0.619654	-2.216909	133	159	37	1351.981
-2.879793	1.135813	-2.658866	28	135	10	1351.713
-0.523599	1.135834	-1.431087	142	29	42	1351.709
1.570796	1.658653	-2.409879	27	28	26	1351.658
-1.047198	1.367556	0.358405	45	7	18	1351.356
-2.356194	2.108018	1.311430	12	148	42	1351.123
2.356194	1.128190	-2.288622	128	22	144	1351.031
2.879793	1.025536	1.576859	18	37	143	1350.703
-2.356194	0.910508	1.903534	115	147	149	1350.576
2.356194	0.618092	2.539118	145	45	14	1350.515
0.000000	2.247462	0.191623	37	16	26	1350.250
0.785398	2.393226	1.857173	156	17	43	1350.170
1.570796	2.379497	0.561089	148	36	36	1350.090
1.047198	1.658653	-2.409879	36	14	29	1349.983
1.570796	1.168678	2.108595	7	48	2	1349.738
-1.047198	0.762244	-0.273349	156	28	32	1349.520
2.094395	2.379497	0.561089	158	19	49	1349.373
0.785398	0.203748	0.590255	129	25	134	1349.086
-3.141593	1.658653	-2.409879	5	122	130	1349.065
-1.570796	2.456751	-1.503343	117	2	9	1348.911
-2.879793	0.906588	1.252948	17	39	144	1348.438
2.879793	1.367556	0.358405	42	15	1	1348.257
0.523599	2.033014	2.977192	45	8	1	1348.008
1.308997	1.599406	1.426070	6	42	152	1347.949
-0.261799	0.080730	-2.622036	30	45	8	1347.939
2.356194	1.977582	0.969896	139	13	41	1347.750
1.308997	1.696674	-1.253233	15	145	42	1347.724
2.617994	1.599406	1.426070	128	146	28	1347.634
0.785398	1.836682	-0.676006	1	48	21	1347.559
0.523599	2.073035	2.027405	151	23	40	1347.517
-1.047198	1.450119	-2.739050	1	35	32	1347.461
1.832596	0.762244	-0.273349	16	118	19	1347.455
-2.879793	0.496451	0.593859	31	42	157	1346.931
-0.785398	2.664082	-1.071402	44	2	29	1346.719
1.570796	2.393226	1.857173	154	18	44	1346.663
1.308997	2.247462	0.191623	145	118	136	1346.414
2.356194	0.899350	-2.069907	18	148	123	1346.129
1.570796	2.073035	2.027405	148	28	34	1346.090
2.356194	1.554776	0.100351	118	156	28	1345.965
-2.617994	0.618092	2.539118	143	24	139	1345.938
-2.617994	2.863997	0.549740	132	19	36	1345.928
0.785398	2.719179	-1.780644	13	46	9	1345.879
-1.047198	2.664082	-1.071402	43	158	29	1345.455
0.785398	2.033014	2.977192	40	25	2	1345.431
2.617994	2.760637	2.781135	1	27	37	1345.426
0.000000	1.948085	-2.363031	147	32	131	1344.985
0.000000	0.297065	2.160177	9	36	143	1344.875
-1.832596	0.379747	-1.713059	20	144	35	1344.843
0.000000	0.899350	-2.069907	33	12	31	1344.570
1.308997	2.001437	0.381215	138	32	14	1344.527
-2.094395	2.033014	2.977192	40	16	24	1344.123
-0.523599	1.367556	0.358405	40	17	158	1343.917
-2.879793	2.478122	2.609777	20	11	34	1343.803
2.617994	1.875281	0.107086	128	151	39	1343.790
-2.617994	2.881233	-2.582574	31	133	22	1343.520
-1.570796	2.984978	1.954446	19	42	24	1343.445
-3.141593	2.588535	-2.976617	123	22	155	1343.074
-1.308997	1.870545	-2.976234	2	27	37	1342.648
-1.308997	1.696674	-1.253233	12	46	17	1342.577
1.570796	2.588535	-2.976617	17	47	28	1342.509
-1.308997	2.456751	-1.503343	48	158	24	1342.480
1.570796	2.104282	-0.813972	31	137	16	1342.435
-2.879793	0.914445	2.687814	31	129	0	1342.327
2.879793	1.195355	1.200319	149	46	19	1342.281
-2.879793	1.413430	2.550734	159	123	26	1342.042
-2.356194	1.599406	1.426070	36	153	30	1341.801
1.308997	1.875281	0.107086	137	32	9	1341.773
-3.141593	1.904882	-1.478089	18	29	39	1341.555
-1.047198	1.869911	2.701025	9	111	157	1341.547
-1.047198	2.719179	-1.780644	18	32	27	1341.383
-3.141593	1.195355	1.200319	20	116	20	1341.236
-3.141593	2.164094	-2.991358	124	18	157	1340.986
1.047198	1.617114	-1.572037	144	44	1	1340.867
1.308997	2.073035	2.027405	144	10	40	1340.833
0.000000	1.242974	-2.977882	136	22	129	1340.520
0.523599	1.128190	-2.288622	7	24	41	1340.516
0.000000	0.418037	1.360082	142	35	132	1340.445
2.094395	1.247695	1.809890	14	42	23	1340.373
-1.832596	1.450119	-2.739050	39	23	8	1340.201
0.000000	0.700570	1.559208	147	116	133	1340.008
-0.785398	0.914445	2.687814	25	34	9	1339.488
-0.785398	1.872854	1.543456	2	31	40	1339.208
0.000000	1.699788	2.452890	156	26	35	1339.025
2.356194	0.297065	2.160177	19	37	21	1339.012
-0.523599	2.033014	2.977192	1	47	154	1338.805
-2.094395	1.417623	-0.202254	7	114	4	1338.570
0.523599	1.256302	0.062705	1	48	17	1338.539
0.785398	1.510910	-0.740472	11	44	156	1338.471
1.832596	2.138223	1.678323	140	34	26	1338.215
-1.570796	0.418037	1.360082	12	125	145	1338.136
-2.617994	0.419640	2.974122	122	138	22	1337.994
2.879793	2.001437	0.381215	37	14	12	1337.849
1.832596	0.290380	-0.796960	0	119	24	1337.805
2.094395	2.295480	1.008277	154	18	45	1337.732
1.570796	1.756530	-2.105156	24	32	22	1337.691
-1.047198	1.555207	1.708892	34	23	25	1337.589
2.094395	1.869911	2.701025	151	45	10	1337.535
2.356194	0.700570	1.559208	34	31	155	1337.510
-0.523599	1.374601	-2.456031	17	129	30	1337.500
2.617994	2.719179	-1.780644	141	33	11	1337.250
1.570796	1.732874	-0.951685	23	9	34	1336.986
-0.261799	0.899350	-2.069907	6	24	42	1336.953
2.617994	1.014500	0.906702	40	15	156	1336.937
1.308997	2.356369	3.005869	14	49	26	1336.849
0.000000	2.664082	-1.071402	11	42	21	1336.682
2.356194	1.506530	1.988858	159	119	22	1336.600
-0.261799	2.251330	-2.330739	148	44	16	1336.400
-1.047198	0.709924	0.218797	30	37	15	1336.219
1.832596	0.899350	-2.069907	147	32	37	1335.740
-2.879793	1.448123	-2.163292	23	141	128	1335.635
-2.356194	2.138223	1.678323	28	154	40	1335.282
-1.047198	1.506530	1.988858	23	26	31	1335.183
-0.261799	1.870545	-2.976234	142	33	138	1335.119
-3.141593	2.349581	-2.702517	32	137	18	1334.984
0.261799	2.664082	-1.071402	7	45	22	1334.924
-1.047198	0.080730	-2.622036	126	145	134	1334.492
-2.617994	0.961715	0.014085	35	37	158	1333.773
-2.094395	2.404280	-0.174044	158	125	34	1333.589
2.356194	1.433411	-1.035986	147	19	40	1333.570
-0.785398	0.419640	2.974122	15	37	142	1333.297
0.261799	1.135813	-2.658866	40	10	24	1333.260
-1.832596	2.379497	0.561089	151	14	48	1333.171
-0.523599	2.164094	-2.991358	145	29	34	1333.129
0.000000	1.256302	0.062705	17	39	28	1332.873
-1.570796	2.396274	-1.959260	32	26	26	1332.844
-3.141593	0.733948	3.021411	146	24	134	1332.836
1.570796	1.836682	-0.676006	29	142	23	1332.635
-0.785398	0.733948	3.021411	22	121	15	1332.539
-0.785398	2.393226	1.857173	147	27	43	1332.514
1.308997	1.569311	-3.003978	11	48	28	1332.463
-0.261799	2.164094	-2.991358	32	136	145	1332.345
2.617994	2.724429	-0.348782	12	37	28	1332.133
-2.094395	1.335669	0.897240	24	126	22	1332.003
-1.832596	1.128190	-2.288622	0	131	121	1331.949
-1.570796	2.073035	2.027405	37	33	25	1331.927
-1.047198	0.864993	2.278281	30	41	154	1331.422
2.617994	0.850607	-1.335383	21	127	31	1331.309
-3.141593	1.875281	0.107086	40	16	145	1331.172
1.832596	1.488617	1.159546	124	155	30	1330.955
-2.879793	0.866395	-2.492918	29	135	2	1330.748
-0.523599	0.674054	1.013609	122	4	6	1330.728
1.047198	0.850607	-1.335383	144	13	41	1330.678
-2.356194	1.658653	-2.409879	37	11	18	1330.605
2.094395	1.433411	-1.035986	145	20	40	1330.512
-3.141593	2.863997	0.549740	20	120	140	1330.473
-1.308997	2.001437	0.381215	143	26	131	1330.469
-1.047198	2.979456	-1.009304	29	134	29	1330.364
0.523599	0.914445	2.687814	25	43	17	1330.318
0.261799	2.379497	0.561089	35	16	28	1330.188
2.356194	1.194549	-0.801900	136	10	126	1330.174
1.047198	2.724429	-0.348782	157	115	148	1330.104
0.523599	1.766067	2.153843	159	30	33	1329.844
2.094395	2.760637	2.781135	153	44	152	1329.617
-1.308997	0.762244	-0.273349	158	27	33	1329.592
-2.617994	2.138223	1.678323	5	15	43	1329.543
1.570796	1.662363	0.915448	19	136	131	1329.483
2.879793	0.709924	0.218797	42	27	156	1329.458
-2.617994	0.203748	0.590255	18	38	21	1329.363
-0.523599	2.104282	-0.813972	43	21	12	1329.349
-2.356194	2.396274	-1.959260	12	34	39	1329.260
2.094395	2.356369	3.005869	151	46	8	1329.246
1.308997	1.510910	-0.740472	145	39	149	1328.852
1.832596	2.295480	1.008277	156	15	46	1328.661
1.570796	1.555207	1.708892	131	3	32	1328.615
-2.094395	1.448123	-2.163292	34	18	146	1328.098
1.832596	2.073035	2.027405	148	27	33	1328.064
-1.047198	1.809167	1.213774	1	36	41	1328.018
-0.523599	1.413430	2.550734	7	119	142	1327.834
2.879793	1.325504	-1.671296	3	19	43	1327.819
1.308997	2.349581	-2.702517	39	27	16	1327.627
1.570796	2.164094	-2.991358	126	133	18	1327.494
1.570796	0.906588	1.252948	147	28	126	1327.375
-1.570796	2.704512	1.488683	143	29	43	1327.299
0.000000	1.504028	0.636812	29	28	152	1327.297
0.261799	1.014500	0.906702	4	46	11	1327.281
0.785398	2.138223	1.678323	2	44	25	1326.768
0.000000	0.961715	0.014085	137	25	28	1326.732
-1.570796	1.836682	-0.676006	26	122	158	1326.495
-2.094395	1.450119	-2.739050	130	137	31	1326.362
-3.141593	2.180315	-1.357379	136	27	31	1326.121
-2.617994	2.396274	-1.959260	37	7	14	1325.802
1.570796	1.134796	2.434290	6	48	11	1325.559
-2.094395	0.762244	-0.273349	5	37	31	1325.504
-2.356194	1.872854	1.543456	15	145	39	1325.500
-0.523599	1.256302	0.062705	44	15	9	1325.464
-2.879793	1.599406	1.426070	10	139	41	1325.326
0.523599	2.295480	1.008277	145	159	123	1325.207
-3.141593	1.050534	3.042579	121	22	22	1325.039
1.308997	0.850607	-1.335383	154	140	125	1324.950
2.879793	2.587733	0.232235	36	17	13	1324.762
2.617994	0.733948	3.021411	1	39	159	1324.727
-2.356194	2.719179	-1.780644	35	146	28	1324.540
2.879793	1.448123	-2.163292	17	123	153	1324.457
1.832596	2.041297	-2.664597	21	34	149	1324.127
2.617994	1.824694	1.850876	13	119	28	1324.109
1.832596	2.343981	-1.040456	34	134	19	1323.465
1.832596	2.404280	-0.174044	2	111	143	1323.305
0.523599	1.135834	-1.431087	159	21	43	1323.182
1.570796	1.310100	1.488307	123	159	24	1323.134
-3.141593	2.033014	2.977192	39	138	12	1323.025
-1.832596	1.870545	-2.976234	42	22	17	1322.990
1.570796	2.637879	2.121598	142	2	129	1322.955
-1.308997	2.063651	-2.044600	25	33	7	1322.531
1.570796	1.504028	0.636812	18	124	144	1322.495
-2.879793	0.700570	1.559208	10	42	149	1322.235
-1.570796	1.310100	1.488307	33	41	13	1322.187
-0.261799	2.396274	-1.959260	155	46	9	1321.977
-2.879793	2.295480	1.008277	157	123	125	1321.741
-2.094395	1.256302	0.062705	153	44	18	1321.619
-1.570796	1.504028	0.636812	143	28	134	1321.617
-0.261799	2.073035	2.027405	140	36	37	1321.471
0.000000	1.413347	-1.339188	26	155	30	1321.470
-2.094395	1.247695	1.809890	134	13	129	1321.337
-2.094395	1.875281	0.107086	12	119	21	1321.102
2.094395	0.619654	-2.216909	15	137	128	1320.853
1.832596	2.187132	-0.479875	32	134	16	1320.537
0.261799	1.374601	-2.456031	26	144	31	1320.316
2.356194	1.184361	0.625864	36	136	159	1320.208
-2.879793	2.073035	2.027405	21	146	38	1320.199
1.832596	2.637879	2.121598	134	149	131	1320.126
-2.094395	0.961715	0.014085	2	40	26	1320.078
-1.047198	2.704512	1.488683	136	18	41	1319.815
2.356194	2.187132	-0.479875	118	1	15	1319.744
-3.141593	0.864993	2.278281	138	36	7	1319.496
2.356194	1.836682	-0.676006	6	22	35	1319.434
-3.141593	0.674054	1.013609	25	37	4	1319.414
-1.047198	0.591903	2.010408	34	32	156	1319.215
0.785398	1.242974	-2.977882	39	18	2	1319.047
2.879793	1.134796	2.434290	135	28	140	1318.875
0.523599	1.194549	-0.801900	145	9	39	1318.245
-3.141593	0.992645	-1.723759	32	36	7	1318.017
-1.570796	1.662363	0.915448	21	128	5	1317.775
1.570796	1.699788	2.452890	124	29	27	1317.758
2.094395	2.587733	0.232235	153	33	43	1317.258
-3.141593	0.906588	1.252948	20	38	144	1317.219
-1.308997	1.732874	-0.951685	155	46	1	1317.152
0.523599	0.080730	-2.622036	20	33	24	1317.078
2.094395	2.104282	-0.813972	36	134	14	1317.001
1.047198	1.846342	-1.796954	123	6	145	1316.696
-1.308997	1.135834	-1.431087	30	45	24	1316.682
1.047198	1.367556	0.358405	152	125	19	1316.675
-1.308997	1.025536	1.576859	37	38	5	1316.474
-2.356194	1.310100	1.488307	19	125	23	1316.457
1.047198	2.299159	2.264663	150	13	41	1316.414
-3.141593	2.174483	2.653697	134	12	131	1316.241
-3.141593	2.295480	1.008277	159	132	122	1316.193
1.047198	1.699788	2.452890	143	26	33	1316.076
2.879793	2.174483	2.653697	26	132	26	1316.068
2.356194	2.724429	-0.348782	14	38	27	1316.062
0.261799	1.683268	0.374177	3	36	40	1316.055
0.000000	1.721184	-0.153948	120	140	8	1315.773
-2.094395	1.310100	1.488307	38	152	23	1315.610
-2.617994	2.063651	-2.044600	40	1	9	1315.300
-1.570796	1.909857	-0.381669	149	47	5	1315.035
-1.832596	0.297065	2.160177	10	36	32	1314.812
-1.308997	1.836682	-0.676006	33	129	1	1314.324
