#Coordinates  RecID  LigID  Luciferin  Neighbor's number  Vision Range  Scoring
(14.9167808, -18.3120443, 15.5440528,  0.2409080, -0.1640287,  0.3174818, -0.9023654)    0    0  -8.70046440  1 5.000  -5.56486344
(14.1898621, -22.8879646, 25.5188379,  0.3522952, -0.5587866,  0.7499488,  0.0348962)    0    0   6.65746474  4 5.000   4.85472464
(22.9501849, -23.1651321, 22.8622496, -0.2548476, -0.8022338,  0.4778760,  0.2511390)    0    0 -21.28163480  3 2.440 -10.28953718
(19.1744062, -19.6034356, 22.9978038, -0.9469537, -0.1253668,  0.2143011,  0.2040474)    0    0  -0.71109144  4 5.000  -1.28541669
(18.1366465, -18.0456508, 12.9672538, -0.5837060, -0.6800475,  0.3964738, -0.1990720)    0    0 -10.70728154  1 5.000  -6.44500338
(15.2629771, -25.3015863, 21.9636361, -0.6850099, -0.0970689, -0.7219926,  0.0060035)    0    0  -0.70327189  7 3.640   2.44106706
(19.3711953, -20.0873353, 23.0290284, -0.9468856, -0.1251359,  0.2146799,  0.2041059)    0    0  -1.86371212  7 3.320  -1.27917424
(16.4967680, -12.9478050, 27.7126047,  0.3987016,  0.1495490,  0.0440661, -0.9037313)    0    0 -26.44718358  6 4.920 -15.76202799
(19.1447259, -19.7790882, 22.7488120, -0.9472784, -0.1242800,  0.2138754,  0.2036470)    0    0   1.25055559  0 5.000   0.93823176
(14.9140417, -18.3284871, 15.5443238,  0.2409129, -0.1640592,  0.3174800, -0.9023591)    0    0  -8.30941108  0 5.000  -4.94161128
(15.3207536, -25.3068187, 21.7298510, -0.6901468, -0.0955538, -0.7172787,  0.0086449)    0    0  -1.43307800  9 1.560   2.25676811
(25.5547303, -18.9515041, 22.2680206, -0.0455622,  0.6590111, -0.6772556, -0.3239649)    0    0 -20.90205649  4 4.120 -10.41002639
(23.1319367, -13.6912286, 27.9231476, -0.0730988,  0.5882117, -0.7315034, -0.3369962)    0    0  15.60764951  3 4.840  10.64253087
(20.3358584, -21.1569444, 23.3401503, -0.9440253, -0.1348505,  0.2198075,  0.2053192)    0    0  -3.05259338  8 3.880  -0.77405310
(17.6497919, -13.2443934, 21.3727211, -0.3982559, -0.5417397, -0.2779931,  0.6860249)    0    0 -36.87057528  5 4.040 -14.56921886
(19.1269795, -19.7531900, 22.7280270, -0.9466511, -0.1264553,  0.2147396,  0.2043225)    0    0  -0.09715031  3 5.000   0.84455640
(20.0256367, -13.5373748, 16.5570878,  0.2685738, -0.1133890,  0.2498009, -0.9233691)    0    0 -48.01201850  6 4.200 -38.14057110
(16.1875608, -19.2313350, 22.8476138, -0.3955953, -0.3957930, -0.4288194,  0.7092011)    0    0  -8.42507865  3 5.000  -2.04425120
(15.1898009, -25.0447575, 22.1220930, -0.6849698, -0.0971332, -0.7220167,  0.0066035)    0    0  -0.61678749  6 1.640   2.37162509
(22.7126841, -15.0073216, 27.5755827, -0.0736030,  0.5982950, -0.7213114, -0.3410801)    0    0   4.77162697 12 1.720   7.36121313
(19.6346801, -13.3855871, 16.1121724,  0.2116139, -0.3298781,  0.1896335, -0.9002439)    0    0 -64.87532627  8 2.520 -37.89805347
(21.6503826, -22.9844100, 20.6708780, -0.9113900, -0.1699622,  0.2953050,  0.2308162)    0    0 -18.74768347  9 3.800 -12.14662518
(20.8636904, -24.5652602, 19.1995111, -0.8844076, -0.2500685, -0.3898347,  0.0576010)    0    0 -19.55217153  6 3.800 -13.91027810
(23.3705432, -13.4151791, 27.8435441, -0.0729578,  0.5884791, -0.7312805, -0.3370431)    0    0  14.61334252  4 3.640  10.84135702
(16.7792767, -20.3098278, 15.7153867,  0.5697806,  0.0828180,  0.4788191, -0.6627394)    0    0  -8.74004130  1 5.000  -5.58989676
(14.2530404, -22.9137930, 25.8278071,  0.3565313, -0.5557384,  0.7502467,  0.0333942)    0    0   4.63042116  7 1.560   4.56058596
(22.4808057, -19.0405446, 22.2683996,  0.3327640,  0.7008600,  0.1391596, -0.6153268)    0    0 -11.57111498 11 0.680  -6.12951776
(19.8613847, -20.6071875, 23.4649660, -0.9452806, -0.1308805,  0.2173545,  0.2050443)    0    0  -1.39167677  5 4.040   0.23618686
(22.9051778, -22.7568366, 22.4518644, -0.4889085, -0.6902476,  0.4623634,  0.2659827)    0    0 -21.19589653  2 3.720 -13.72759034
(18.9067284, -19.5048423, 22.4234309, -0.9469539, -0.1253536,  0.2143131,  0.2040419)    0    0   1.15021828  1 3.080   3.20693734
(22.7517657, -19.6114363, 22.6012659,  0.3320599,  0.7098808,  0.1373560, -0.6057529)    0    0  -2.72598642  1 5.000  -1.58488499
(15.7237811, -13.3000588, 27.2314657,  0.3988995,  0.0839418,  0.0034026, -0.9131339)    0    0 -22.64580023  4 3.000  -8.28621764
(16.7259946, -13.2857802, 27.7401354,  0.4375767,  0.5051910,  0.2557180, -0.6985106)    0    0 -24.80183505  5 4.680  -9.40277048
(14.8555260, -19.0102207, 22.6160819, -0.3973562, -0.3934133, -0.4263135,  0.7110491)    0    0 -35.21327946  9 3.240 -15.95200261
(14.9164599, -18.4504409, 15.5425278,  0.2398384, -0.1669849,  0.3166955, -0.9023787)    0    0 -12.53230576  5 2.840  -5.78177030
(17.1691607, -20.6143648, 15.7559051, -0.7548733, -0.3086774, -0.5192273,  0.2555142)    0    0 -11.37565145  6 4.280  -6.11194203
(18.5050197, -13.4915407, 21.4572424,  0.3718523,  0.6190439,  0.2299314, -0.6524125)    0    0 -34.09223977  3 4.680 -22.02946275
(13.2442714, -16.9735017, 21.6240809,  0.3985214,  0.3940082,  0.4044677, -0.7227338)    0    0 -67.38889330  5 4.440 -40.73707559
(20.9947088, -9.8521954, 25.2186180, -0.3377386,  0.6606864,  0.5699031, -0.3530390)    0    0  -7.11762648  0 5.000  -4.72446488
(20.0848920, -20.0626004, 29.2227797,  0.4514892,  0.7569715,  0.4326569,  0.1896302)    0    0  15.84863801  3 5.000  11.58872789
(22.9285719, -23.1702012, 22.8703323, -0.2790687, -0.7934311,  0.4787044,  0.2518530)    0    0 -22.30695190  6 3.480 -15.77554397
(23.3577187, -14.1777237, 27.4319326, -0.0731060,  0.5877764, -0.7318525, -0.3369957)    0    0  15.83216261  2 5.000  10.79523615
(14.9519725, -18.1387711, 15.5378504,  0.2406011, -0.1649191,  0.3172304, -0.9023728)    0    0 -13.16603739  6 4.680  -7.66567131
(16.7531867, -20.2943904, 16.0499956,  0.5697879,  0.0828084,  0.4788135, -0.6627384)    0    0  -9.87838124  2 5.000  -5.96900550
(20.8345173, -14.9173169, 21.0194618,  0.3776297,  0.7132218,  0.3493389, -0.4761017)    0    0 -24.58739200  2 3.640 -11.86973565
(20.4840386, -20.1937774, 22.8161370, -0.9380772, -0.1594201,  0.2105165,  0.2242303)    0    0 -12.54063448 13 1.720  -2.31598135
(14.9011260, -18.4755197, 15.5459378,  0.2409164, -0.1639245,  0.3175223, -0.9023678)    0    0 -10.90977774  4 3.720  -5.58425116
(15.4931229, -20.2654223, 17.3183613, -0.7554549, -0.3078711, -0.5210524,  0.2509757)    0    0 -24.18358513  6 1.960 -12.46517177
(22.3807367, -19.5848934, 22.2194804,  0.3315236,  0.7087827,  0.1372520, -0.6073481)    0    0  -3.27320699  3 3.960  -1.73599238
(16.7487049, -13.3224736, 27.7456607,  0.4512456,  0.4758821,  0.2369424, -0.7167789)    0    0  -8.79671014  2 5.000  -6.08064592
(19.6396439, -20.1976046, 29.2201527,  0.4513521,  0.7569972,  0.4327881,  0.1895548)    0    0  16.04226796  2 5.000  11.06173846
(14.3363562, -23.4938288, 22.2436308, -0.6768210, -0.0883582, -0.7308192,  0.0030789)    0    0 -11.34863489 13 2.280  -1.42400996
(21.1873347, -12.6942544, 16.8051029,  0.1875177, -0.2696838,  0.0675447, -0.9420963)    0    0 -48.79249642 11 4.280 -42.71742211
(22.6915551, -19.5057729, 22.5245853,  0.3321612,  0.7097340,  0.1375025, -0.6058367)    0    0  -2.92708949  2 5.000  -1.74556767
(22.6960386, -19.5071602, 22.5270331,  0.3328477,  0.7089029,  0.1379169, -0.6063364)    0    0  -1.99444683  0 3.880   0.12288230
(24.6257847, -11.2818143, 21.3433700, -0.3426205, -0.7407115, -0.5777776,  0.0114372)    0    0  -8.16956545  0 5.000  -5.44057018
(14.5205998, -18.9926340, 22.4320370, -0.3889574, -0.2956514, -0.3891849,  0.7808840)    0    0 -42.99651600 10 2.760 -20.73391031
(22.3238475, -24.0223163, 27.6433814,  0.2728005,  0.2419024, -0.4948325,  0.7887990)    0    0  10.71033878  2 5.000   8.61846964
(24.6446277, -11.3073448, 21.2215900, -0.3454570, -0.7411110, -0.5751925,  0.0213262)    0    0 -15.04626798  7 1.640  -7.93636869
(15.4421965, -25.4746745, 21.2327150, -0.6888857, -0.0963402, -0.7183896,  0.0084402)    0    0   2.11169451  2 5.000   2.48660199
(23.2770971, -14.0501481, 27.5969853, -0.0720663,  0.5896175, -0.7324092, -0.3327352)    0    0  11.45374490  5 3.160   9.89891973
(16.2238589, -13.4455238, 27.5109705,  0.4509915,  0.4761585,  0.2366198, -0.7168617)    0    0 -15.03824572  2 4.440  -4.57311916
(17.2412964, -20.5611377, 15.5930343, -0.7498588, -0.3127517, -0.5241681,  0.2551094)    0    0 -16.14412485 12 2.440  -7.77051159
(22.2956105, -18.4904711, 22.2942449,  0.3329568,  0.7004727,  0.1384020, -0.6157096)    0    0  -9.12093910 10 1.240  -3.70195420
(15.3652848, -20.4998499, 17.4294839, -0.7585291, -0.3059244, -0.5202799,  0.2456576)    0    0 -22.18829280  8 2.200 -11.75987928
(19.9458317, -13.7534719, 16.2134146,  0.2471624, -0.1980832,  0.2578792, -0.9127826)    0    0 -56.65577195  9 3.400 -33.59426988
(15.3399105, -25.3674514, 21.2966095, -0.6886988, -0.0961713, -0.7185893,  0.0085938)    0    0   1.45200637  5 4.200   2.36595783
(16.8093962, -20.3280793, 16.0411691,  0.5698218,  0.0828365,  0.4788009, -0.6627148)    0    0 -10.44409935  4 5.000  -6.13418394
(15.3674618, -25.4060701, 21.4580054, -0.6878779, -0.0941952, -0.7196319,  0.0087306)    0    0  -0.74797302  8 2.280   2.48976361
(19.3985937, -19.2914808, 29.2515088,  0.4408521,  0.7641584,  0.4357449,  0.1784313)    0    0  12.27908795  6 4.520   8.91265232
(24.8436334, -11.6064497, 21.0282233, -0.3443878, -0.7406291, -0.5764919,  0.0207611)    0    0 -16.88305267  9 1.480 -10.63244397
(21.6812575, -23.2534602, 20.1639615, -0.9079028, -0.1572118,  0.3083126,  0.2365170)    0    0 -17.33669844  4 3.880 -11.63715433
(15.5168436, -25.5422733, 21.0061003, -0.6888934, -0.0963243, -0.7183850,  0.0083827)    0    0   2.34912557  1 4.360   2.31331392
(15.5187819, -18.9691399, 22.7797281, -0.3948460, -0.3987280, -0.4277309,  0.7086318)    0    0 -28.73977491  7 3.480 -14.12996854
(21.3843207, -22.1717207, 22.4643274, -0.9314989, -0.1536142,  0.2494482,  0.2156108)    0    0 -12.52952268 13 3.240  -6.97423433
(24.6882029, -11.2994353, 21.2931736, -0.3425531, -0.7407515, -0.5777651,  0.0114924)    0    0 -11.81002291  5 4.200  -9.93560057
(17.0817306, -20.7997634, 16.0860350, -0.7527895, -0.3119574, -0.5222430,  0.2514170)    0    0 -15.34150965 11 2.120  -9.03720603
(13.7742126, -22.5171773, 24.6632402,  0.3539991, -0.5550295,  0.7518767,  0.0357596)    0    0   0.88283207  9 1.240   4.85071481
(19.1953240, -19.8332629, 22.8255911, -0.9466506, -0.1264194,  0.2147758,  0.2043088)    0    0   0.73838945  2 5.000   0.73533800
(15.9979250, -20.4776773, 16.9100308, -0.7562082, -0.3079762, -0.5193391,  0.2521330)    0    0 -14.23724852  8 2.200  -6.07808606
(13.5329340, -16.6995005, 21.3971175, -0.3829785, -0.3050263, -0.3672803,  0.7908171)    0    0 -67.58275070  7 4.440 -40.56998270
(19.4867429, -20.2790401, 21.4523763, -0.9442683, -0.1272947,  0.2218672,  0.2070380)    0    0  -9.86464574 10 2.280  -5.65183657
(15.3343996, -25.3782450, 21.5811907, -0.6878862, -0.0963127, -0.7193527,  0.0080725)    0    0   1.75841019  3 5.000   2.52576952
(24.4755395, -11.3032401, 21.3983879, -0.3425895, -0.7407764, -0.5777109,  0.0115277)    0    0  -9.15385386  4 3.400  -5.57452212
(21.8984173, -21.9541292, 22.7029788, -0.9364362, -0.1572336,  0.2328557,  0.2101026)    0    0 -11.67326102  7 3.720  -4.86997703
(22.1623772, -18.0651735, 22.3050955,  0.3343199,  0.6967062,  0.1398365, -0.6189890)    0    0 -12.21927987 10 1.400  -6.23602136
(19.6488304, -20.0124290, 29.3216513,  0.4513114,  0.7570046,  0.4328479,  0.1894856)    0    0  14.75925550  4 5.000   8.86663399
(16.0663985, -25.3198446, 21.4860337, -0.6844749, -0.0972984, -0.7224625,  0.0047430)    0    0  -9.07411684 12 1.560  -5.38226032
(18.0821907, -18.3482639, 13.2812787, -0.5828748, -0.6807669,  0.3967528, -0.1984960)    0    0 -10.07267489  0 5.000  -6.35487554
(16.7605170, -25.2162893, 20.4048570, -0.6724686, -0.1016662, -0.7331088, -0.0012141)    0    0  -8.17999521  9 2.440  -3.08574147
(22.1361765, -19.1654695, 22.2962896,  0.3316629,  0.7053212,  0.1380745, -0.6111077)    0    0  -4.32133964  7 1.720  -1.84266881
(18.0294068, -14.9110350, 15.3229124,  0.2452919, -0.2096324,  0.2690367, -0.9074720)    0    0 -48.23646480  5 3.560 -25.67238367
(22.9414197, -22.8044211, 23.2461345,  0.0971299,  0.7428607, -0.5893235, -0.3023600)    0    0 -12.78886290  4 4.120  -7.80733876
(16.4580192, -20.5419305, 16.6004596, -0.7549426, -0.3090243, -0.5195692,  0.2541871)    0    0 -12.02327255  7 3.560  -7.34599046
(22.7008917, -19.4678391, 22.5090773,  0.3343396,  0.7065224,  0.1386285, -0.6081230)    0    0  -3.48288847  4 3.720  -1.90574773
(24.3717229, -18.7015920, 24.5818917, -0.0589040,  0.6209734, -0.7083075, -0.3304888)    0    0 -12.55618276  4 4.360  -3.74818173
(14.0302820, -22.7232161, 25.0726397,  0.3515509, -0.5589768,  0.7500920,  0.0363063)    0    0   6.33911706  5 3.960   4.73475947
(15.7264114, -13.3506744, 27.2934951,  0.4238005,  0.2904152,  0.1243008, -0.8488824)    0    0 -35.66934022  9 2.600 -26.98920964
(13.9954651, -22.6914628, 25.0029321,  0.3509554, -0.5596181,  0.7498901,  0.0363704)    0    0   7.17232134  1 5.000   4.87269953
(16.4881552, -12.8490699, 27.6868978,  0.3998935,  0.0815088,  0.0043903, -0.9128728)    0    0  -1.89041730  0 5.000  -0.65739042
(19.6206758, -18.5387793, 28.6710317,  0.4353120,  0.7708807,  0.4390080,  0.1533569)    0    0  10.76667986  7 4.280   8.66293767
(17.6990943, -25.2267693, 20.2951463, -0.7088154, -0.0767375, -0.7009507,  0.0189807)    0    0 -18.04552015  6 3.240  -8.38151884
(16.1491467, -19.1692396, 22.8736193, -0.3857675, -0.3014597, -0.3943886,  0.7776650)    0    0  -8.38946412  2 4.520  -2.34367250
(27.1437354, -19.5435627, 16.7027470, -0.7996643, -0.2566580,  0.2324611, -0.4905360)    0    0 -18.38265660  0 5.000 -12.20201545
(15.4890156, -20.4159295, 17.2643724, -0.7565173, -0.3069832, -0.5196739,  0.2517143)    0    0 -20.60555521 10 2.360 -10.56902407
(14.9785622, -18.2105178, 15.5321673,  0.2404970, -0.1686954,  0.3144381, -0.9026632)    0    0 -15.45338334  8 1.960  -8.76358187
(15.1680273, -25.2068054, 22.1088087, -0.6864567, -0.0933628, -0.7210943,  0.0081676)    0    0  -1.48261723 10 1.400   2.66629145
(24.9576996, -11.5996818, 20.9733038, -0.3440530, -0.7385666, -0.5791631,  0.0236921)    0    0 -17.56350248 10 1.320 -10.53783437
(21.8264892, -23.1085230, 21.1263711, -0.8301386, -0.3595902,  0.3458470,  0.2489070)    0    0 -16.70724044  9 3.960 -10.43542693
(21.8126291, -24.0656620, 27.8390191,  0.2730351,  0.2416646, -0.4946510,  0.7889046)    0    0  12.62521067  1 5.000   8.36332765
(22.3513730, -18.7348316, 22.3196151,  0.3331015,  0.7011842,  0.1380181, -0.6149320)    0    0  -8.42455771  9 1.560  -3.71804957
(15.7889467, -13.2805781, 27.3931492,  0.3995592,  0.0821318,  0.0039915, -0.9130116)    0    0 -19.75198904  3 4.280  -8.64985301
(15.3290508, -25.3670139, 21.5677929, -0.6888512, -0.0962627, -0.7184331,  0.0084336)    0    0   1.54177374  4 4.840   2.60462929
(23.4620015, -15.2004891, 27.4357361, -0.0698093,  0.5947630, -0.7299929, -0.3292415)    0    0   8.06626493 10 1.800   5.63806191
(18.1331886, -18.0012254, 12.9253201, -0.5852782, -0.6781954,  0.3962520, -0.2011595)    0    0 -12.16162447  3 5.000  -6.49593965
(24.8846224, -11.3124557, 21.1509771, -0.3426110, -0.7407096, -0.5777855,  0.0114392)    0    0  -8.26644932  1 5.000  -5.35941677
(22.9308044, -23.1757951, 19.2973549, -0.7713367, -0.4046054,  0.4038681,  0.2796870)    0    0 -16.43378618  3 4.520  -8.99747876
(24.8090975, -11.3022159, 21.2075610, -0.3426010, -0.7407246, -0.5777720,  0.0114544)    0    0  -8.69454306  3 4.040  -5.54231652
(27.4427365, -15.7578457, 16.6346497,  0.3409567,  0.7093939,  0.1380853,  0.6010761)    0    0 -17.72908321  0 5.000 -11.81709360
(14.1647425, -22.8625595, 25.4523302,  0.3511006, -0.5594563,  0.7499422,  0.0363829)    0    0   6.69170588  3 5.000   4.78499399
(19.2773145, -19.8632241, 22.9994166, -0.9469572, -0.1252532,  0.2143757,  0.2040221)    0    0  -1.72983614  6 3.640  -1.63233079
(16.2255918, -19.2351901, 22.8833992, -0.3854964, -0.3032639, -0.3939212,  0.7773281)    0    0  -9.53142028  5 3.320  -3.82162247
(17.1421056, -20.6057479, 15.8711522, -0.7547051, -0.3091092, -0.5195422,  0.2548441)    0    0 -12.65731154  8 3.080 -10.13657425
(23.1930065, -14.3828202, 27.7310706, -0.0708577,  0.5918375, -0.7325400, -0.3286437)    0    0   9.14052485  9 2.520   7.41754447
(22.7492593, -12.8972690, 15.8147067,  0.0206865, -0.4218273, -0.0078590, -0.9064061)    0    0 -47.56590881  1 5.000 -31.06151082
(23.2042087, -13.8611690, 27.7612706, -0.0731339,  0.5873655, -0.7321861, -0.3369817)    0    0  15.92011993  1 5.000  10.70635974
(19.3830768, -19.9192970, 22.7929358, -0.9462528, -0.1250318,  0.2166932,  0.2049646)    0    0  -6.41608298  8 1.720  -1.50736370
(17.0782113, -20.5877072, 16.1736210, -0.7548159, -0.3085366, -0.5194588,  0.2553830)    0    0 -10.86327220  5 3.080  -6.00648427
(16.4549666, -12.4575022, 27.5836552,  0.3889816,  0.2500702,  0.1044663, -0.8804800)    0    0 -30.24939214  8 4.280 -20.56871001
(15.3674951, -25.4060883, 21.4578200, -0.6890829, -0.0966492, -0.7181613,  0.0082547)    0    0   3.41162441  0 5.000   2.31547492
(24.3458746, -17.3629084, 26.0218278, -0.0700734,  0.6008080, -0.7201786, -0.3395458)    0    0   1.75534993  7 3.640   2.63672424
(14.4278327, -23.4317787, 22.2022227, -0.6799263, -0.0915675, -0.7273827,  0.0036813)    0    0  -9.40313034 12 2.520  -1.36122836
(22.3697787, -22.6421656, 22.4069061, -0.8144768, -0.3796672,  0.3593298,  0.2517189)    0    0 -13.87882655  3 3.960  -4.28934732
(24.6077454, -11.2841006, 21.2585083, -0.3456236, -0.7376805, -0.5794120,  0.0254768)    0    0 -16.08700390  8 1.880  -8.22797018
(26.7876270, -19.4587393, 16.3714943, -0.7994428, -0.2564745,  0.2318926, -0.4912606)    0    0 -19.73420781  1 5.000 -12.20926337
(17.0963706, -20.7259427, 16.2746915, -0.7491137, -0.3150555, -0.5260891,  0.2503001)    0    0 -19.43434243  8 0.920  -9.27549882
(24.4337075, -11.2591249, 21.4861220, -0.3426081, -0.7407105, -0.5777860,  0.0114422)    0    0  -8.40799365  2 5.000  -5.66053051
(17.8512297, -15.1201061, 15.3483637,  0.2372964, -0.2177819,  0.2835005, -0.9032657)    0    0 -48.06104606  4 3.560 -25.28236721
(17.7704242, -18.3122760, 13.4260310, -0.5855774, -0.6786233,  0.3958426, -0.1996599)    0    0 -11.78310772  2 4.920  -6.36005853
(18.7270796, -13.8283217, 20.7115942,  0.3806976,  0.5730424,  0.2245451, -0.6901241)    0    0 -32.92918788  2 4.440 -18.18225973
(19.7939545, -19.3289762, 28.9799577,  0.4468075,  0.7614912,  0.4343316,  0.1778119)    0    0  14.10414798  5 5.000  11.03781834
(17.2388850, -16.2674408, 15.4342495,  0.2412754, -0.1725877,  0.3104909, -0.9030790)    0    0 -22.40389641  9 3.640 -12.14116340
(22.3837837, -23.3844262, 19.9992166, -0.8949526, -0.1774360,  0.3273218,  0.2458390)    0    0 -21.14511720  8 3.720 -14.47073482
(23.2134871, -23.0880787, 22.5640914, -0.2611528, -0.8000154,  0.4779988,  0.2512543)    0    0 -24.91939564  6 1.640 -13.88246790
(19.7736967, -20.1622946, 29.2179774,  0.4512503,  0.7570153,  0.4329079,  0.1894513)    0    0  17.04381479  0 5.000  11.38415214
(23.6649388, -16.0468603, 27.2234309, -0.0701806,  0.5960775, -0.7266675, -0.3340896)    0    0   5.75355889 11 2.280   5.26885770
(18.5466149, -25.2042710, 19.9812414, -0.6518951, -0.1117848, -0.7498623, -0.0156082)    0    0 -19.19280754  8 4.040 -13.57937444
(27.8279717, -15.7368076, 16.5799952,  0.3411211,  0.7093186,  0.1380961,  0.6011930)    0    0 -25.69226127  2 5.000 -14.35314984
(19.6293581, -20.5539840, 21.8815916, -0.9435257, -0.1352490,  0.2211899,  0.2059348)    0    0  -8.56861855 11 2.440  -5.72294704
(17.1776724, -20.6207655, 15.7554733, -0.7531276, -0.3101978, -0.5217752,  0.2535959)    0    0 -10.75528490  4 3.960  -2.99362994
(25.0034406, -11.2059379, 21.1418649, -0.3439689, -0.7388250, -0.5791225,  0.0193063)    0    0 -13.50496881  6 1.640  -5.74201905
(15.4099252, -17.7523233, 15.3228480,  0.2263011, -0.2008433,  0.3105980, -0.9010986)    0    0 -19.51487472  9 2.840  -8.28059643
(14.7930464, -24.0159210, 21.9754366, -0.6837309, -0.0941297, -0.7235688,  0.0049962)    0    0  -6.25925176 11 2.120   0.73012617
(22.7078420, -19.6159710, 22.5792464,  0.3337108,  0.7065829,  0.1384030, -0.6084500)    0    0  -4.15495551  6 2.520  -1.76718574
(16.2824266, -23.7910850, 25.3791908,  0.3573597, -0.5567891,  0.7491188,  0.0329370)    0    0   1.97555934  8 3.960   3.63582020
(13.9043772, -22.4071947, 25.0174295,  0.3521990, -0.5566247,  0.7514829,  0.0372481)    0    0   1.21110909  8 1.720   4.77492050
(21.8254604, -24.1837180, 27.8099310,  0.2720656,  0.2439589, -0.4942713,  0.7887686)    0    0   8.25445420  3 5.000   6.50491036
(14.8816154, -18.3775925, 15.4851781,  0.2406120, -0.1654496,  0.3165394, -0.9025143)    0    0  -9.86398594  3 4.120  -5.88526609
(20.8115368, -9.6066681, 25.1854751, -0.3377444,  0.6606974,  0.5698892, -0.3530354)    0    0  -7.56457081  1 5.000  -4.49012209
(16.7039883, -19.7304627, 23.0327029, -0.3991838, -0.4847418, -0.4569525,  0.6299776)    0    0  -8.96874120  4 5.000  -5.90835008
(19.9701785, -20.3880634, 29.0616275,  0.4528804,  0.7562788,  0.4325068,  0.1894100)    0    0  16.48190158  1 5.000  11.57956338
(16.3412438, -19.3678955, 22.9149815, -0.3860779, -0.3013633, -0.3946114,  0.7774251)    0    0  -6.35434994  0 5.000  -2.81682748
(19.0214171, -19.9592516, 22.8215065, -0.9447280, -0.1312990,  0.2187424,  0.2058050)    0    0  -4.30538748  8 1.400  -1.66364225
(14.0979320, -22.6269983, 25.5317675,  0.3518991, -0.5585038,  0.7502772,  0.0363647)    0    0   5.97104499  6 2.360   4.94229304
(14.1351264, -22.8417069, 25.3424709,  0.3511271, -0.5594343,  0.7499461,  0.0363840)    0    0   6.72190578  2 5.000   4.86127451
(19.2031121, -15.0352351, 15.8863530,  0.2699869, -0.0549619,  0.2483560, -0.9286579)    0    0 -39.38138451  4 4.840 -21.75394641
(22.7012780, -19.5400654, 22.5402491,  0.3329993,  0.7058859,  0.1381283, -0.6097021)    0    0  -4.55175799  8 3.080  -1.88587982
(24.4561072, -18.6071826, 24.6188259, -0.0589331,  0.6209433, -0.7089407, -0.3291798)    0    0 -10.98141095  3 4.200  -3.20431530
(24.7013269, -18.9635834, 24.5238663, -0.0631546,  0.6303463, -0.6944163, -0.3412639)    0    0 -10.88982731  1 4.040  -2.97285160
(22.0274308, -24.0217340, 27.7507362,  0.2730432,  0.2417189, -0.4946290,  0.7888990)    0    0  12.81714515  0 5.000   8.56495821
(21.4428716, -13.8972753, 21.7412843, -0.3696406, -0.7633488, -0.4620281,  0.2592188)    0    0 -17.78333366 12 3.320 -10.62504723
(19.1423093, -12.3325998, 20.7071932,  0.3763796,  0.4338400,  0.1704389, -0.8006696)    0    0 -35.96055745  5 4.120 -18.02470233
(23.2368676, -13.9285153, 27.6912047, -0.0731557,  0.5872723, -0.7322278, -0.3369854)    0    0  16.01512087  0 5.000  10.79828288
(14.8296735, -18.8349560, 15.5526700,  0.2409069, -0.1640320,  0.3174774, -0.9023666)    0    0  -9.72285410  2 5.000  -4.89238858
(23.3867886, -15.0549242, 27.5574864, -0.0730313,  0.5897793, -0.7299675, -0.3375938)    0    0   9.46827493  7 2.360   7.05735722
(25.0705436, -12.3599713, 20.4432247, -0.3471378, -0.7333841, -0.5825833,  0.0473268)    0    0 -19.44008867 10 1.560 -11.14241158
(15.3911215, -18.6380400, 22.6878229, -0.3853056, -0.3041178, -0.3891789,  0.7794580)    0    0 -32.70671569  8 2.840 -18.03768935
(25.3168665, -19.5781348, 22.3985974, -0.1059198, -0.7592855,  0.5716433,  0.2923877)    0    0 -19.29935518  5 4.600 -11.55814576
(15.8985165, -20.5937077, 16.8900006, -0.7508713, -0.3137900, -0.5263057,  0.2463652)    0    0 -15.00346982  9 2.120  -6.27120624
(22.3730835, -19.3587079, 22.3307519,  0.3315697,  0.7100920,  0.1373461, -0.6057776)    0    0  -3.50889905  5 4.520  -2.18412880
(18.0687224, -18.3459625, 13.2868345, -0.5909491, -0.6731119,  0.3942501, -0.2051632)    0    0 -14.92156108  4 5.000 -10.42498661
(18.6037771, -14.2736832, 15.4250571,  0.2702158, -0.0874836,  0.2086712, -0.9358346)    0    0 -49.22959922  9 3.960 -37.44768960
(22.9992868, -23.1126191, 22.7865131, -0.2682437, -0.7978499,  0.4773663,  0.2521950)    0    0 -21.80614765  4 2.280 -14.13214893
(21.0012419, -9.8604992, 25.2201954, -0.3376183,  0.6607223,  0.5699515, -0.3530087)    0    0 -11.32718878  2 5.000  -6.67184022
(16.5444448, -19.5941988, 22.9643568, -0.3861134, -0.3007782, -0.3942530,  0.7778257)    0    0  -8.38513921  1 5.000  -4.25149832
(16.6843888, -12.8427632, 26.4946594,  0.4309209,  0.2255078,  0.0906976, -0.8690382)    0    0 -30.07950068  7 2.680 -17.95247866
(24.7491004, -12.2060299, 20.7845358, -0.3482112, -0.7382792, -0.5760785,  0.0427356)    0    0 -18.27611146 10 1.240 -10.96645796
(22.8908546, -22.7625918, 22.4553016, -0.4916042, -0.6913491,  0.4584812,  0.2648711)    0    0 -22.19212754  5 2.600 -13.87423814
(20.1266437, -12.6933991, 16.4939039,  0.2937355, -0.0280258,  0.1251822, -0.9472399)    0    0 -67.61283734  6 2.680 -37.41833906
(16.4798147, -19.5647856, 22.9093988, -0.3853546, -0.3019095, -0.3949029,  0.7774338)    0    0 -13.07531237  6 3.080  -6.11209425
(13.4747245, -17.3043649, 21.4583016,  0.3995132,  0.3918924,  0.4114428, -0.7193917)    0    0 -64.43911960  4 4.200 -39.60554417
(19.4946094, -17.9624479, 28.3415345,  0.4071033,  0.7876402,  0.4472324,  0.1177837)    0    0   7.34947358  8 3.640   7.90819972
(23.3485286, -14.5756540, 27.5634016, -0.0727829,  0.5896095, -0.7303076, -0.3372137)    0    0  10.31615427  6 4.200   7.26106636
(27.4255043, -15.9517946, 16.7024175,  0.3409818,  0.7094467,  0.1380963,  0.6011208)    0    0 -23.65841505  1 5.000 -16.64030943
(19.1327290, -14.8098448, 17.0231331, -0.3762687, -0.2937120, -0.3697953,  0.7971239)    0    0 -34.50774797  5 4.280 -23.52779719
(16.8849558, -12.5879360, 23.2363724,  0.3831746,  0.2441600,  0.1065674, -0.8844244)    0    0 -54.67069902  3 3.560 -29.93941854
(17.1321405, -20.5904021, 16.1674566, -0.7550255, -0.3085793, -0.5189719,  0.2557015)    0    0  -9.93015486  2 3.960  -5.61806041
(14.0416255, -22.7381192, 25.1254788,  0.3509419, -0.5596309,  0.7498873,  0.0363595)    0    0   7.22874258  0 5.000   4.81921605
(14.9038441, -18.2448681, 15.5403934,  0.2390261, -0.1713523,  0.3150532, -0.9023214)    0    0 -13.98386047  7 1.880  -6.91328242
(23.4609312, -15.2621443, 27.4912122, -0.0726844,  0.5909258, -0.7290221, -0.3377124)    0    0   9.19345595  8 1.560   7.85348578
