#Coordinates  RecID  LigID  Luciferin  Neighbor's number  Vision Range  Scoring
(20.4990746,  1.0103836, 35.0381025,  0.6983053, -0.4558620, -0.3696636,  0.4097662)    0    0  17.58425084  4 0.320  12.11215396
(20.0546355,  1.5504263, 35.1607825,  0.6983054, -0.4558620, -0.3696635,  0.4097662)    0    0  17.43332193  0 0.400  11.49886611
(18.5934016,  9.1284502, 37.7814077, -0.4400702, -0.0378562,  0.8635057, -0.2434401)    0    0  13.77385427  1 0.680   9.10608672
(18.0147702,  1.2631985, 33.3910193, -0.0549224,  0.4646336,  0.7214396,  0.5105134)    0    0  20.04869905 10 0.000  13.45857266
(20.2900532,  1.1489821, 34.7479664,  0.6983053, -0.4558620, -0.3696636,  0.4097662)    0    0  17.81716187  4 5.000  11.76989217
(20.4588480,  1.0516770, 34.7731535,  0.6983054, -0.4558620, -0.3696634,  0.4097662)    0    0  17.48751333  0 0.400  11.64996716
(18.1423001,  0.8936639, 33.7159905, -0.0549220,  0.4646338,  0.7214398,  0.5105132)    0    0  19.81810195  0 0.400  13.18412122
( 7.2455063,  9.2200594, 33.8472981,  0.1956358, -0.1229371, -0.9330339, -0.2757914)    0    0  24.08831469  6 0.280  16.08510223
(19.0548984,  9.1303509, 37.6912871, -0.4400702, -0.0378562,  0.8635057, -0.2434401)    0    0  13.77334508 10 0.360   9.31521610
(24.5278618,  3.1223265, 29.5666718, -0.3433350, -0.5360791, -0.2931908, -0.7132877)    0    0  15.86362444  4 0.600  10.68249205
(19.9616403,  1.4256216, 34.6389834,  0.6983053, -0.4558620, -0.3696636,  0.4097662)    0    0  17.95531966  1 5.000  12.07394176
(20.4615395,  1.3043232, 34.7090920,  0.6983054, -0.4558620, -0.3696635,  0.4097662)    0    0  17.51908721  1 0.600  11.62080397
(20.4545391,  6.8428829, 30.4713889, -0.8963620,  0.2406004,  0.0067560,  0.3722915)    0    0  17.10497097  1 2.280  11.41035645
(17.5795218,  1.0923688, 34.0312460, -0.0549221,  0.4646337,  0.7214398,  0.5105132)    0    0  19.77233200  1 0.720  13.07267509
(20.4128385,  1.2593845, 34.7692695,  0.6983054, -0.4558620, -0.3696635,  0.4097662)    0    0  17.27681856  8 0.240  11.43492895
( 7.5149173,  9.1571956, 33.8855563,  0.1956358, -0.1229371, -0.9330339, -0.2757914)    0    0  24.33716280  3 3.000  16.32712124
(17.9575383,  1.1089819, 33.7242177, -0.0549223,  0.4646337,  0.7214396,  0.5105134)    0    0  20.78256659  0 5.000  13.85506463
(17.8329411,  6.2802505, 26.2353276,  0.1580721,  0.3423782,  0.8756975,  0.3015698)    0    0  10.94790535  5 0.680   7.16336601
(15.8125213, -0.1075699, 37.7696799, -0.3419512,  0.9324077,  0.0266944,  0.1138973)    0    0  17.15307506  6 2.280  11.44638945
(20.4058772,  7.0340178, 30.0230348, -0.8963618,  0.2406006,  0.0067564,  0.3722918)    0    0  16.94452633  7 0.600  11.30277039
(18.1464766,  0.9766015, 33.8426555, -0.0549214,  0.4646339,  0.7214403,  0.5105124)    0    0  19.80729361  0 0.400  13.23997690
(14.8629425,  8.7264848, 34.5719093, -0.2745293, -0.0360393,  0.9110046,  0.3056232)    0    0  13.49789162 11 2.040   7.30478587
(24.6148652,  3.2596914, 30.0304734, -0.3433350, -0.5360791, -0.2931908, -0.7132877)    0    0  16.02817155  0 5.000  10.68544772
( 7.8011055,  9.4261426, 37.1747229, -0.3490645,  0.1587717, -0.7079407,  0.5930982)    0    0  21.32627544  3 5.000  14.34948823
(19.8384001,  1.4092811, 34.8511466,  0.6983053, -0.4558620, -0.3696636,  0.4097662)    0    0  17.47647477 10 0.160  11.40878552
(16.1723696,  1.0913112, 39.3875129, -0.3086872,  0.9322072, -0.1056339,  0.1566638)    0    0   9.64425966 15 2.280   6.81852246
(13.6345958, 15.5399587, 33.4139317,  0.6618161,  0.4264141, -0.5347859,  0.3068785)    0    0  18.58574783 10 4.360  12.18051875
(16.5948936,  1.8938088, 40.5820889, -0.0468750, -0.4487622,  0.8301691, -0.3274363)    0    0  13.73174145  6 2.760  11.20695467
(18.6748353,  9.1975917, 37.8788013, -0.4400702, -0.0378562,  0.8635057, -0.2434401)    0    0  14.06587342  2 5.000   9.37469800
(12.7267691, 10.4426812, 27.5763299, -0.9234156, -0.2438204,  0.0152109,  0.2960133)    0    0  23.06325292  0 5.000  15.37550254
(19.8720870,  1.8047928, 34.3958753,  0.6983053, -0.4558620, -0.3696636,  0.4097662)    0    0  17.64728585  3 0.480  11.83403656
(13.7863515, 15.4587415, 33.2381416,  0.6618161,  0.4264141, -0.5347860,  0.3068785)    0    0  18.74198246  6 0.920  12.36912746
( 7.2441409,  9.4660100, 33.8738701,  0.1956358, -0.1229371, -0.9330339, -0.2757914)    0    0  23.97365522 10 0.880  15.66616922
(24.3822160,  5.9955532, 34.0552696,  0.3738481,  0.0242683, -0.6990177,  0.6091165)    0    0  13.26161193  2 5.000   8.78887616
(16.0252911, -0.1979879, 37.6761458, -0.3420101,  0.9323892,  0.0269558,  0.1138103)    0    0  17.42677171  2 2.520  11.90919712
(18.1632166,  1.1004460, 33.6935302, -0.0549223,  0.4646337,  0.7214396,  0.5105134)    0    0  19.94337076 13 0.000  13.21213855
(16.7817804,  1.6339192, 40.5619760, -0.0482621, -0.4459056,  0.8316042, -0.3275250)    0    0  15.87790214  5 1.720  11.31132774
( 8.2505164, 10.0546837, 37.0325203, -0.3490645,  0.1587717, -0.7079407,  0.5930982)    0    0  20.92577989  8 1.480  13.59397239
(13.3600321, 15.5215517, 33.1410187,  0.6618161,  0.4264141, -0.5347860,  0.3068785)    0    0  18.71385564  9 3.800  12.72666106
(20.0001590,  6.9353390, 30.5877042, -0.8963603,  0.2406021,  0.0067595,  0.3722946)    0    0  16.94039139  5 0.200  11.38364123
(18.1343579,  6.1291158, 25.9977609,  0.1580721,  0.3423782,  0.8756975,  0.3015698)    0    0  10.75738408  7 1.800   7.65991301
( 8.2016399,  9.6230854, 37.1796107, -0.3490645,  0.1587717, -0.7079407,  0.5930982)    0    0  21.35818966  2 3.000  14.26641694
(18.1847536,  9.2551833, 38.0456131, -0.4400702, -0.0378562,  0.8635057, -0.2434401)    0    0  14.06550998  3 1.720   9.37134560
(25.4637448, 10.6581323, 30.4792325,  0.6512189, -0.2837190,  0.0829556,  0.6989534)    0    0   8.82703341  0 5.000   5.88468894
(12.6331648, 10.3800613, 27.7227313, -0.9234156, -0.2438204,  0.0152109,  0.2960133)    0    0  22.56027130  6 2.680  14.73065397
(18.0546883,  1.3524731, 34.0321429, -0.0549223,  0.4646337,  0.7214396,  0.5105134)    0    0  20.23095510  2 0.640  13.70597496
( 7.2280116,  9.4058566, 33.8390887,  0.1956358, -0.1229371, -0.9330339, -0.2757914)    0    0  24.08790939  9 4.600  16.07204253
(15.4059173,  8.9115236, 34.3563600, -0.4704873,  0.0297419,  0.8032846,  0.3639931)    0    0  16.16046441  3 1.400  10.75532217
(20.4663036,  1.0865265, 34.8977960,  0.6983053, -0.4558620, -0.3696636,  0.4097662)    0    0  17.60834368  0 0.520  11.78782709
(15.3309707,  8.9037838, 34.5658510, -0.2047906, -0.0577836,  0.9355380,  0.2819406)    0    0  16.10318958  6 2.120  10.73630213
(15.1475170,  8.7563920, 34.5601805, -0.2048112, -0.0577773,  0.9355317,  0.2819478)    0    0  16.21779087  0 1.160  10.86736502
(15.9635476, -0.1594773, 37.7191390, -0.3420281,  0.9323836,  0.0270359,  0.1137837)    0    0  17.28515103  4 5.000  11.68993741
(15.8092118, -0.0860909, 37.7977222, -0.3420284,  0.9323835,  0.0270372,  0.1137832)    0    0  17.36190025  3 5.000  11.42426768
(12.5434556,  9.9975491, 27.2084917, -0.9234156, -0.2438204,  0.0152109,  0.2960133)    0    0  22.62807540  4 0.680  15.10807837
(16.9636766,  1.9863446, 40.8570829, -0.0486354, -0.4451344,  0.8319871, -0.3275475)    0    0  16.68438201  3 2.600  10.98601537
(12.6086913, 10.1394644, 27.3090311, -0.9234156, -0.2438204,  0.0152109,  0.2960133)    0    0  22.93098535  1 5.000  15.33983359
(13.3039774, 15.5334239, 33.1431811,  0.6618161,  0.4264141, -0.5347860,  0.3068785)    0    0  18.81965894  3 4.200  12.72754262
(17.2025591,  2.1381312, 41.0370532, -0.0486350, -0.4451352,  0.8319867, -0.3275475)    0    0  17.01782585  2 4.440  11.34454835
( 7.3275777,  9.1538561, 33.8270833,  0.1956358, -0.1229371, -0.9330339, -0.2757914)    0    0  24.24327333  4 1.960  16.13082888
(13.4392961, 15.4358326, 32.9031410,  0.6618161,  0.4264141, -0.5347859,  0.3068785)    0    0  18.73294980  8 4.360  12.68942841
(20.4494726,  7.1190146, 30.5003225, -0.8963619,  0.2406005,  0.0067563,  0.3722917)    0    0  16.95413508  6 0.680  11.17122962
(17.9632436,  6.3085104, 26.1238250,  0.1580721,  0.3423782,  0.8756975,  0.3015698)    0    0  11.19002402  2 5.000   7.46194406
( 7.3187282,  9.6940684, 33.9381565,  0.1956358, -0.1229371, -0.9330339, -0.2757914)    0    0  23.23022464  4 0.600  16.25887617
(18.1223767,  9.2693042, 38.0948189, -0.4400702, -0.0378562,  0.8635057, -0.2434401)    0    0  13.94164711  8 3.720   9.29162555
(15.6121716,  8.8588066, 34.4546475, -0.2049202, -0.0577439,  0.9354985,  0.2819858)    0    0  15.91292074  6 0.680  10.56023972
(18.2191034,  9.3136226, 38.2849892, -0.4400702, -0.0378562,  0.8635057, -0.2434401)    0    0  13.92552995  9 0.920   9.17227777
(17.9037493,  6.2756093, 26.1740470,  0.1580721,  0.3423782,  0.8756975,  0.3015698)    0    0  10.95392091  5 1.640   7.22975115
(20.2833988,  7.2170307, 30.5023529, -0.8963603,  0.2406020,  0.0067593,  0.3722944)    0    0  16.74470865  8 0.000  11.06760446
(18.3201056,  1.2044785, 33.7083520, -0.0549222,  0.4646337,  0.7214399,  0.5105131)    0    0  20.10143236  6 0.320  13.71815153
(20.4215161,  6.8855612, 30.3528647, -0.8963609,  0.2406015,  0.0067582,  0.3722934)    0    0  16.83583509  9 0.280  11.18663906
(17.8747769,  1.0084120, 33.6551346, -0.0549217,  0.4646338,  0.7214402,  0.5105126)    0    0  19.61104006  0 0.400  13.23838239
(18.2578750,  0.9367804, 33.5600571, -0.0549217,  0.4646339,  0.7214400,  0.5105128)    0    0  19.68725017  0 0.400  13.35029092
(18.1197633,  6.2605392, 26.2614250,  0.1580721,  0.3423782,  0.8756975,  0.3015698)    0    0  10.65181955  8 0.360   7.54437786
(20.4807576,  6.9106042, 30.4029105, -0.8963621,  0.2406003,  0.0067558,  0.3722913)    0    0  17.08445909  3 3.240  11.38609239
(24.4903592,  5.9212711, 33.7831100,  0.3738483,  0.0242683, -0.6990183,  0.6091156)    0    0  13.34991034  1 5.000   8.91028314
(15.1533021,  9.0441660, 34.5342906, -0.2048005, -0.0577806,  0.9355350,  0.2819440)    0    0  16.10402201  3 1.000  10.70734180
(23.2734067, 12.0275194, 28.3207106, -0.1080000, -0.0456757, -0.1928219,  0.9742019)    0    0  11.03422610  0 5.000   7.35615074
(17.8638281,  1.1044418, 33.7331188, -0.0549220,  0.4646337,  0.7214399,  0.5105131)    0    0  19.68766189 33 0.000  13.06098292
( 7.5069050,  9.3788455, 34.0781040,  0.1956358, -0.1229371, -0.9330339, -0.2757914)    0    0  24.14007762  5 0.440  16.32488674
(20.5157898,  1.0574903, 34.9223145,  0.6983053, -0.4558620, -0.3696636,  0.4097662)    0    0  17.52914492 11 3.800  11.65541546
(20.2040643,  0.9127683, 34.8345114,  0.6983054, -0.4558620, -0.3696635,  0.4097662)    0    0  17.26120570  8 0.320  11.43974016
(13.1867644, 15.5959410, 33.2360289,  0.6618161,  0.4264141, -0.5347860,  0.3068785)    0    0  18.54746916 11 1.240  12.23378429
(18.1242252,  1.0158123, 33.6803446, -0.0549220,  0.4646337,  0.7214399,  0.5105130)    0    0  19.83662727  0 0.400  13.25586626
(13.4625921, 15.1589014, 33.1378902,  0.6618161,  0.4264141, -0.5347860,  0.3068785)    0    0  18.73889486  7 0.600  12.43556513
(20.5481771,  7.0847485, 30.2348922, -0.8963617,  0.2406007,  0.0067567,  0.3722921)    0    0  16.88549792  9 0.840  11.19629494
(15.1675663,  9.1141406, 34.5163979, -0.2048465, -0.0577665,  0.9355210,  0.2819601)    0    0  16.15699533  3 1.080  10.77352717
(17.6194403,  1.0396320, 33.7235472, -0.0549222,  0.4646337,  0.7214398,  0.5105132)    0    0  19.74792553  0 0.400  13.01121723
(24.7038061,  3.5612866, 30.3003624, -0.3433350, -0.5360791, -0.2931908, -0.7132877)    0    0  15.80776971  6 0.680  10.57830006
( 8.1909816,  9.7102316, 37.1449756, -0.3490645,  0.1587717, -0.7079407,  0.5930982)    0    0  21.08969785  6 2.760  14.01913955
(13.5388070, 15.4969185, 33.1888083,  0.6618161,  0.4264141, -0.5347859,  0.3068785)    0    0  19.14268728  0 2.600  12.78549782
(17.8566702,  1.0738026, 33.9858472, -0.0549221,  0.4646337,  0.7214399,  0.5105131)    0    0  20.00286082 10 0.000  13.40466229
(12.8437997, 10.6095192, 27.5879809, -0.9234156, -0.2438204,  0.0152109,  0.2960133)    0    0  22.51120485  7 4.280  14.84803190
(18.1013034,  1.1852627, 33.2905807, -0.0549216,  0.4646338,  0.7214402,  0.5105126)    0    0  19.90810736  4 0.320  13.17226656
(18.0038479,  1.0178411, 33.5962502, -0.0549223,  0.4646337,  0.7214396,  0.5105134)    0    0  20.16309147  3 0.720  13.48465838
(18.0763214,  1.1163564, 33.6821041, -0.0549220,  0.4646338,  0.7214398,  0.5105131)    0    0  19.70300307  5 0.400  13.03304688
( 7.2777450,  9.4685652, 33.8868889,  0.1956358, -0.1229371, -0.9330339, -0.2757914)    0    0  24.74737187  0 4.280  16.52504564
(12.6629755, 10.4124599, 27.6269096, -0.9234156, -0.2438204,  0.0152109,  0.2960133)    0    0  22.26870067  4 0.520  14.58060739
(24.5774020,  3.1700253, 29.8706084, -0.3433350, -0.5360791, -0.2931908, -0.7132877)    0    0  15.84076964  5 2.680  10.50211429
(20.2100660,  1.3352159, 34.9607480,  0.6983054, -0.4558620, -0.3696635,  0.4097662)    0    0  17.53086134  2 0.480  11.60564506
(17.2393551,  6.0417904, 26.7340050,  0.1580721,  0.3423782,  0.8756975,  0.3015698)    0    0  11.03863125  3 4.920   7.49593356
(17.4870318,  6.2521053, 26.5186105,  0.1580721,  0.3423782,  0.8756975,  0.3015698)    0    0  10.48844888  7 0.280   6.85916293
(18.6508394,  9.2035069, 37.8997528, -0.4400702, -0.0378562,  0.8635057, -0.2434401)    0    0  14.01034105  6 0.600   9.40599919
(17.6932566,  1.1008888, 33.4593161, -0.0549223,  0.4646337,  0.7214396,  0.5105134)    0    0  19.95883420 16 0.000  13.32447127
(19.7893110,  1.6418561, 34.6579757,  0.6983053, -0.4558620, -0.3696636,  0.4097662)    0    0  17.59736351  7 0.320  11.70086830
(12.7433212, 10.5932530, 27.8195851, -0.9234156, -0.2438204,  0.0152109,  0.2960133)    0    0  22.62255313  5 1.240  15.14132831
(17.5115224,  6.1721412, 26.4987895,  0.1580721,  0.3423782,  0.8756975,  0.3015698)    0    0  11.00162317  4 2.520   7.44293518
(12.6541332, 10.3021617, 27.5099395, -0.9234156, -0.2438204,  0.0152109,  0.2960133)    0    0  22.15763032 10 4.440  14.24122969
(17.7888919,  1.2278620, 33.9624088, -0.0549210,  0.4646340,  0.7214404,  0.5105121)    0    0  19.79807269  0 0.400  13.36316142
(18.3126415,  1.0788607, 33.8681196, -0.0549223,  0.4646337,  0.7214396,  0.5105134)    0    0  20.13047004  6 0.560  13.44912866
( 8.3075402,  9.9494090, 37.0781301, -0.3490645,  0.1587717, -0.7079407,  0.5930982)    0    0  21.40537114  0 5.000  14.27032684
(18.4586715,  9.2252226, 37.9620194, -0.4400702, -0.0378562,  0.8635057, -0.2434401)    0    0  14.12084278  0 5.000   9.41389519
( 7.3271982,  9.3926464, 33.9773359,  0.1956358, -0.1229371, -0.9330339, -0.2757914)    0    0  24.34526614  2 1.880  16.29970649
(20.3591096,  1.0867873, 34.7712834,  0.6983053, -0.4558620, -0.3696636,  0.4097662)    0    0  17.66653871  5 0.680  11.80687070
( 8.7696081,  9.8178837, 37.2287141, -0.3490645,  0.1587717, -0.7079407,  0.5930982)    0    0  20.88628744  9 0.440  14.19490707
(17.2678947,  2.2072201, 41.0997612, -0.0291353, -0.4847861,  0.8110847, -0.3259987)    0    0   0.38456009  8 2.600   6.59903321
(24.0373013,  6.2462127, 34.9064791,  0.3738471,  0.0242681, -0.6990154,  0.6091198)    0    0  13.08715978  3 5.000   8.80085693
(17.8696134,  1.0791563, 33.3918089, -0.0549216,  0.4646338,  0.7214403,  0.5105125)    0    0  19.83379312 23 0.000  13.35295070
(18.0133769,  1.2052086, 33.4432794, -0.0549218,  0.4646337,  0.7214401,  0.5105128)    0    0  19.76267250 23 0.000  13.05741849
(15.0506828,  9.2317589, 34.4880300, -0.2742966, -0.0361132,  0.9110974,  0.3055465)    0    0  13.10697500 12 2.920   6.85634814
(17.6894220,  6.2120462, 26.3490131,  0.1580721,  0.3423782,  0.8756975,  0.3015698)    0    0  11.65010344  0 5.000   7.77475751
(18.3408181,  1.1968816, 34.1321197, -0.0549220,  0.4646338,  0.7214399,  0.5105131)    0    0  19.84991293  0 0.400  13.20820270
(16.0158366,  0.2433539, 38.2603943, -0.3381813,  0.9334248,  0.0102068,  0.1193628)    0    0  14.03804589  7 1.800  10.71573951
(17.7466515,  1.0172782, 33.9014813, -0.0549216,  0.4646339,  0.7214400,  0.5105127)    0    0  19.83360807  0 0.400  13.41151998
(17.5270838,  6.1778839, 26.4326624,  0.1580721,  0.3423782,  0.8756975,  0.3015698)    0    0  10.73427531  8 1.080   7.37433481
(17.2375200,  2.1887023, 41.0887187, -0.0486129, -0.4451809,  0.8319641, -0.3275462)    0    0  16.56452896  4 2.200  11.30765266
( 7.5266116,  9.3276897, 33.9530001,  0.1956358, -0.1229371, -0.9330339, -0.2757914)    0    0  23.65884363 11 2.920  15.71240132
( 7.2314573,  9.5431441, 33.8914540,  0.1956358, -0.1229371, -0.9330339, -0.2757914)    0    0  23.36735928  9 0.320  16.28750856
( 7.2608101,  9.6531171, 33.9293855,  0.1956358, -0.1229371, -0.9330339, -0.2757914)    0    0  24.13279684  6 1.400  16.30664264
(17.8110835,  1.0958613, 33.7709024, -0.0549215,  0.4646339,  0.7214402,  0.5105125)    0    0  19.77268871  0 0.400  13.68876884
(20.8756743,  7.2650103, 30.3479230, -0.8963616,  0.2406007,  0.0067568,  0.3722921)    0    0  16.97581668  5 0.760  11.34195885
(24.7324737,  4.0561002, 30.1273370, -0.3433350, -0.5360791, -0.2931908, -0.7132877)    0    0  15.68877513  1 0.520  10.52008558
(24.5684417,  3.1485667, 29.8323882, -0.3433350, -0.5360791, -0.2931908, -0.7132877)    0    0  15.96073774  2 5.000  10.61134064
(12.6051866, 10.3862592, 27.8385180, -0.9234156, -0.2438204,  0.0152109,  0.2960133)    0    0  22.46139548  4 0.360  14.93022635
(24.4214968,  5.9685448, 33.9567409,  0.3738481,  0.0242683, -0.6990179,  0.6091163)    0    0  13.37801992  0 5.000   9.01989928
(17.2747535,  2.1906498, 41.1000727, -0.0486189, -0.4451685,  0.8319702, -0.3275465)    0    0  16.71587367  2 1.560  11.38499701
(12.7471839, 10.4951058, 27.6225450, -0.9234156, -0.2438204,  0.0152109,  0.2960133)    0    0  22.80219002  3 5.000  15.10264402
(18.1682161,  1.1320010, 33.6779086, -0.0549221,  0.4646337,  0.7214397,  0.5105132)    0    0  19.94855591  0 0.400  13.33942159
( 7.2330862,  9.7772911, 33.9480946,  0.1956358, -0.1229371, -0.9330339, -0.2757914)    0    0  24.37810989  1 5.000  16.51654368
(17.8374567,  1.1125830, 33.7941139, -0.0549217,  0.4646338,  0.7214400,  0.5105128)    0    0  19.52551453 10 0.000  12.89989061
(20.8484599,  7.2422180, 30.3494427, -0.8963621,  0.2406003,  0.0067558,  0.3722912)    0    0  17.09452977  2 5.000  11.40218518
(18.4287567,  9.3079515, 38.2634755, -0.4400702, -0.0378562,  0.8635057, -0.2434401)    0    0  13.97553817  3 0.520   9.38404449
(20.6126930,  7.1574037, 30.0929884, -0.8963614,  0.2406010,  0.0067572,  0.3722925)    0    0  16.76412458 11 0.360  10.98109576
(15.6249472,  0.0063979, 37.8986269, -0.3420098,  0.9323893,  0.0269545,  0.1138107)    0    0  17.22996256  5 4.280  11.23026574
(18.0990881,  0.9417351, 33.6886257, -0.0549219,  0.4646338,  0.7214399,  0.5105129)    0    0  19.74185743 21 0.000  13.06677117
( 7.5234131,  9.6167616, 33.6377939,  0.1956358, -0.1229371, -0.9330339, -0.2757914)    0    0  24.11675311  7 4.120  16.12323129
(17.8290354,  1.0508857, 33.7224676, -0.0549223,  0.4646337,  0.7214396,  0.5105134)    0    0  20.15861396  5 0.960  13.38652148
( 7.9662906, 10.0136834, 36.9884305, -0.3490645,  0.1587717, -0.7079407,  0.5930982)    0    0  21.17399523  5 1.160  14.08266822
(24.6760569,  3.3673474, 30.3372170, -0.3433350, -0.5360791, -0.2931908, -0.7132877)    0    0  15.76268526  7 2.680  10.43015170
(20.2557702,  1.1787930, 34.7371239,  0.6983053, -0.4558620, -0.3696636,  0.4097662)    0    0  18.04736177  0 5.000  12.03157605
(15.3824591,  0.0883529, 37.9940397, -0.3420284,  0.9323835,  0.0270372,  0.1137832)    0    0  17.50985361  1 5.000  11.82711748
(24.6611889,  3.3705772, 30.2281306, -0.3433350, -0.5360791, -0.2931908, -0.7132877)    0    0  15.96037255  3 3.880  10.74455910
(23.2651947, 12.1561133, 28.4178564, -0.1080000, -0.0456757, -0.1928219,  0.9742019)    0    0  10.47397460  1 5.000   6.84147004
(18.1412365,  1.1350684, 33.7285561, -0.0549221,  0.4646337,  0.7214398,  0.5105131)    0    0  19.88599266  0 0.400  13.21811287
(15.3679169,  9.0795294, 34.5526485, -0.2050193, -0.0577136,  0.9354681,  0.2820205)    0    0  16.00470201  5 0.520  10.76438424
(17.8022778,  1.1452607, 33.9132251, -0.0549220,  0.4646337,  0.7214399,  0.5105130)    0    0  19.95908089  0 0.400  13.53945044
(24.6256188,  3.2296336, 30.1491622, -0.3433350, -0.5360791, -0.2931908, -0.7132877)    0    0  15.74026807  8 0.680  10.44328975
(17.9219434,  1.0589754, 33.8949318, -0.0549221,  0.4646337,  0.7214398,  0.5105131)    0    0  20.04798604  5 0.320  13.32977585
(15.2754252,  8.6880996, 34.5755621, -0.2048104, -0.0577776,  0.9355320,  0.2819475)    0    0  16.04501106  6 0.520  10.64517725
(17.8565432,  1.1177841, 33.6827362, -0.0549223,  0.4646337,  0.7214396,  0.5105134)    0    0  20.42942327  1 3.440  13.45607171
(17.6806649,  1.2099222, 33.7506369, -0.0549220,  0.4646337,  0.7214400,  0.5105130)    0    0  19.92335408  0 0.480  13.21338159
(18.2882735,  1.1150850, 33.8357603, -0.0549223,  0.4646337,  0.7214396,  0.5105134)    0    0  20.34268966  2 5.000  13.56384100
(18.0237422,  9.2808330, 38.1295275, -0.4400702, -0.0378562,  0.8635057, -0.2434401)    0    0  14.09629782  1 5.000   9.39194037
(12.9563258, 10.7017740, 27.4668054, -0.9234156, -0.2438204,  0.0152109,  0.2960133)    0    0  22.84756005  2 1.320  15.39647179
(18.5480200,  9.2136582, 37.9270623, -0.4400702, -0.0378562,  0.8635057, -0.2434401)    0    0  14.05614201  4 1.800   9.38858401
(24.6720449,  3.3965481, 30.2744741, -0.3433350, -0.5360791, -0.2931908, -0.7132877)    0    0  15.97016927  1 5.000  10.66829241
(13.9924006, 15.4087600, 33.2068100,  0.6618161,  0.4264141, -0.5347860,  0.3068785)    0    0  18.74444440  5 0.760  12.58530782
( 8.1456867, 10.1610472, 36.9748127, -0.3490645,  0.1587717, -0.7079407,  0.5930982)    0    0  20.87894790  1 0.600  13.87442083
(15.5262169,  8.9500067, 34.2943797, -0.5303622,  0.0515019,  0.7566210,  0.3789303)    0    0  14.59770234 10 3.160   9.07638330
(17.9470896,  1.1244364, 33.9335758, -0.0549216,  0.4646339,  0.7214401,  0.5105127)    0    0  20.12072057  0 0.560  13.54886882
(17.7402422,  1.1700969, 33.6935315, -0.0549220,  0.4646337,  0.7214400,  0.5105129)    0    0  19.81775623  0 0.400  13.33474892
( 8.1772856,  9.5265880, 37.2081605, -0.3490645,  0.1587717, -0.7079407,  0.5930982)    0    0  21.08951790  7 0.280  14.16577519
(17.9989275,  1.1128643, 33.9826766, -0.0549220,  0.4646337,  0.7214399,  0.5105130)    0    0  20.05542924  6 0.320  13.46526442
( 8.3799547, 10.1010974, 37.0354219, -0.3490645,  0.1587717, -0.7079407,  0.5930982)    0    0  21.39638874  1 5.000  14.31861546
(13.2955947, 15.5373257, 32.8198612,  0.6618161,  0.4264141, -0.5347860,  0.3068785)    0    0  18.83845747  1 1.880  12.74756033
(24.6560304,  3.2956019, 30.0593766, -0.3433350, -0.5360791, -0.2931908, -0.7132877)    0    0  15.43620058  7 0.440  10.17860084
(20.8685331,  6.9333223, 30.2755422, -0.8963617,  0.2406007,  0.0067566,  0.3722920)    0    0  16.98343163  2 0.520  11.44302079
(18.4552541,  1.0823923, 33.8858123, -0.0549222,  0.4646337,  0.7214398,  0.5105133)    0    0  19.99961876 14 0.000  13.39476852
(18.4831370,  0.9318611, 34.0075891, -0.0549222,  0.4646337,  0.7214398,  0.5105132)    0    0  19.86378638 20 0.000  13.21770279
(17.4916929,  6.1359496, 26.5120256,  0.1580721,  0.3423782,  0.8756975,  0.3015698)    0    0  11.29959859  1 3.320   7.68110337
(17.6068013,  1.1794106, 33.8625283, -0.0549222,  0.4646337,  0.7214397,  0.5105133)    0    0  20.06635904  8 0.160  13.44768906
(20.6315226,  7.4710892, 29.8918314, -0.8963607,  0.2406017,  0.0067586,  0.3722938)    0    0  16.71197344  0 0.600  11.04650257
(18.2049571,  1.0607734, 33.6770022, -0.0549218,  0.4646338,  0.7214400,  0.5105129)    0    0  19.66430392 26 0.000  13.03933970
( 7.9647072,  9.9987913, 36.9927899, -0.3490645,  0.1587717, -0.7079407,  0.5930982)    0    0  21.23621612  4 5.000  14.21635142
(17.5698346,  0.9214187, 33.9614525, -0.0549221,  0.4646337,  0.7214399,  0.5105131)    0    0  19.97577089  0 0.400  13.34180812
(17.1573324,  2.1074537, 41.0008413, -0.0486167, -0.4451730,  0.8319680, -0.3275464)    0    0  17.10368670  0 3.800  11.53369097
(19.9313873,  1.5966172, 34.5499335,  0.6983055, -0.4558621, -0.3696632,  0.4097662)    0    0  17.20952939  0 0.480  11.52083415
(24.5854127,  3.0800441, 30.0296788, -0.3433350, -0.5360791, -0.2931908, -0.7132877)    0    0  15.59669391  6 0.280  10.49263875
(19.9117736,  1.4637136, 34.6362165,  0.6983053, -0.4558620, -0.3696636,  0.4097662)    0    0  17.88468557  2 1.000  12.05680661
(13.4280166, 15.5873011, 33.2009245,  0.6618161,  0.4264141, -0.5347860,  0.3068785)    0    0  18.80809120  4 0.920  12.60228667
(20.4870857,  6.9163119, 30.4019901, -0.8963621,  0.2406003,  0.0067558,  0.3722912)    0    0  17.26452364  0 5.000  11.50972597
( 8.2230876, 10.0197787, 37.0744833, -0.3490645,  0.1587717, -0.7079407,  0.5930982)    0    0  20.83691922 11 2.680  14.04824648
(17.8091791,  1.0973036, 33.6654415, -0.0549221,  0.4646337,  0.7214397,  0.5105132)    0    0  20.00226678  0 0.400  13.54255125
(18.2596285,  1.0757362, 33.7587156, -0.0549219,  0.4646337,  0.7214401,  0.5105128)    0    0  19.39170765  8 0.160  12.74532525
(17.8274420,  1.3222475, 33.4351102, -0.0549220,  0.4646337,  0.7214400,  0.5105129)    0    0  19.92729612 16 0.000  13.27458085
(18.5808270,  9.2060557, 37.9014296, -0.4400702, -0.0378562,  0.8635057, -0.2434401)    0    0  14.03053665  5 4.360   9.36945615
(16.0125364,  8.5737159, 33.9658926, -0.8349424,  0.1869891,  0.3138226,  0.4116086)    0    0  16.44777813  2 5.000  10.99939932
(20.3271182,  1.1189253, 34.7609338,  0.6983053, -0.4558620, -0.3696636,  0.4097662)    0    0  17.83769578  3 3.720  11.78878214
(15.7937380, -0.0797710, 37.8048366, -0.3420284,  0.9323835,  0.0270372,  0.1137832)    0    0  17.92416293  0 5.000  11.95296778
(13.4444902, 15.5177160, 33.1670102,  0.6618161,  0.4264141, -0.5347859,  0.3068785)    0    0  18.82482148  2 0.920  12.59230120
(15.6026640,  8.7575688, 34.2882788, -0.4704792,  0.0297390,  0.8032904,  0.3639910)    0    0  16.18954618  2 1.800  10.81073002
