160	1.2	1
-3.141593	0.458961	-0.107937
0.000000	0.000000	0.000000
ligand_surface.pdb	-74.435	15.198	8.939
receptor_blocked.pdb	4.829	-0.386	-36.828
-2.356194	0.419640	2.974122	6	40	26	1875.375
2.094395	1.025536	1.576859	5	37	30	1860.619
2.356194	1.195355	1.200319	2	42	23	1596.029
2.879793	0.571433	-1.188419	8	41	25	1517.309
1.832596	1.025536	1.576859	9	39	30	1489.791
2.617994	1.766067	2.153843	13	38	29	1400.211
-1.570796	0.297065	2.160177	6	35	31	1390.246
2.356194	0.906588	1.252948	0	40	29	1317.342
-3.141593	1.824694	1.850876	5	41	26	1306.324
1.570796	0.458961	-0.107937	13	31	32	1255.381
2.356194	1.310100	1.488307	3	43	22	1245.228
-3.141593	1.417623	-0.202254	138	39	9	1232.742
-3.141593	0.992645	-1.723759	32	36	7	1216.845
-3.141593	0.080730	-2.622036	14	36	32	1215.373
2.094395	0.615174	-0.666022	13	37	28	1198.316
2.094395	1.310100	1.488307	6	40	31	1193.426
2.617994	1.824694	1.850876	7	42	25	1183.123
0.000000	2.089241	-0.114193	13	143	119	1176.789
2.356194	0.866955	-0.931351	13	42	23	1172.957
1.832596	0.615174	-0.666022	16	36	29	1172.229
2.879793	1.766067	2.153843	10	38	28	1171.213
-3.141593	1.506530	1.988858	9	33	31	1170.345
-3.141593	0.929350	-2.910676	9	30	35	1167.180
2.617994	2.073035	2.027405	13	44	23	1159.914
-2.094395	0.618092	2.539118	1	36	34	1155.520
1.832596	1.335669	0.897240	8	29	36	1153.242
-2.879793	0.850607	-1.335383	18	46	1	1120.367
2.617994	1.440580	2.260026	12	30	34	1118.949
-2.094395	0.685216	-1.712745	13	48	8	1117.555
2.617994	1.699788	2.452890	20	34	32	1107.228
2.879793	1.998705	2.370472	17	42	26	1097.509
2.094395	1.247695	1.809890	6	38	31	1097.234
2.356194	1.766067	2.153843	16	37	29	1090.068
2.356194	1.168678	2.108595	11	23	39	1085.871
-2.094395	2.349581	-2.702517	142	41	153	1085.465
-2.879793	1.417623	-0.202254	132	36	8	1076.363
-2.617994	0.850607	-1.335383	15	47	1	1076.188
2.617994	2.108018	1.311430	31	36	8	1072.437
2.094395	0.906588	1.252948	1	38	33	1066.848
1.308997	1.045978	0.343692	30	22	30	1066.162
1.047198	0.496451	0.593859	16	24	33	1063.656
-3.141593	0.370812	-2.547742	8	40	30	1063.605
-2.879793	2.637879	2.121598	129	37	7	1059.879
2.879793	1.134796	2.434290	15	26	32	1059.766
-2.094395	1.325504	-1.671296	153	42	142	1057.566
2.356194	1.506530	1.988858	15	32	37	1051.854
-2.617994	0.419640	2.974122	8	39	33	1051.311
2.617994	1.998705	2.370472	22	40	27	1050.715
1.047198	1.998705	2.370472	44	155	23	1050.598
-1.832596	2.164094	-2.991358	131	36	1	1050.102
1.308997	1.168678	2.108595	22	153	39	1049.879
0.785398	1.440580	2.260026	25	147	41	1049.416
2.879793	2.393226	1.857173	149	44	157	1047.406
-1.832596	1.736875	3.023612	135	38	14	1047.195
-2.356194	1.128190	-2.288622	27	45	14	1045.676
2.356194	0.571433	-1.188419	9	41	24	1045.648
-2.617994	1.872854	1.543456	16	47	9	1043.734
-1.832596	1.812176	0.656819	121	149	21	1042.484
2.617994	0.571433	-1.188419	7	40	25	1042.133
2.356194	1.440580	2.260026	18	26	39	1037.706
2.879793	1.168678	2.108595	16	25	34	1033.791
-2.617994	0.992645	-1.723759	24	44	7	1032.281
-0.523599	2.295480	1.008277	135	116	146	1031.830
-1.832596	1.128190	-2.288622	16	48	15	1029.207
1.570796	0.992645	-1.723759	35	129	9	1027.154
-2.879793	0.571433	-1.188419	22	48	6	1023.965
1.832596	0.290380	-0.796960	12	34	32	1023.944
-2.879793	2.073035	2.027405	159	43	18	1022.406
0.000000	1.824694	1.850876	139	112	152	1021.580
-2.617994	0.571433	-1.188419	23	46	10	1021.109
2.356194	1.824694	1.850876	9	44	22	1020.492
-1.832596	0.618092	2.539118	1	38	31	1020.059
-2.356194	0.379747	-1.713059	21	48	14	1017.660
-2.094395	0.866395	-2.492918	24	44	22	1016.963
0.000000	0.571433	-1.188419	141	110	151	1016.961
1.832596	0.992645	-1.723759	39	137	7	1015.460
-1.570796	0.992645	-1.723759	159	46	156	1015.082
1.832596	0.458961	-0.107937	14	31	30	1014.293
2.879793	1.824694	1.850876	7	43	23	1013.588
-2.879793	1.325504	-1.671296	27	40	159	1012.020
-2.617994	2.478122	2.609777	144	43	154	1009.832
0.523599	1.909857	-0.381669	14	145	117	1008.747
2.879793	1.506530	1.988858	10	35	31	1007.098
-2.094395	1.128190	-2.288622	22	48	14	1006.383
2.617994	1.506530	1.988858	8	35	31	1004.100
-2.356194	0.685216	-1.712745	20	48	8	1003.508
-2.094395	1.135834	-1.431087	144	50	11	1001.811
2.094395	1.824694	1.850876	18	40	31	1000.788
2.356194	1.555207	1.708892	8	39	30	1000.326
-2.879793	0.992645	-1.723759	27	41	6	997.090
0.261799	1.214854	-1.966664	133	116	147	996.037
2.879793	1.488617	1.159546	128	42	21	995.688
2.617994	1.218453	2.777284	26	21	32	991.168
1.832596	1.310100	1.488307	12	38	35	989.768
-3.141593	1.977582	0.969896	22	46	12	987.242
-3.141593	1.168678	2.108595	12	29	34	986.029
1.832596	1.247695	1.809890	14	35	35	984.176
1.047198	1.413430	2.550734	21	143	42	983.187
-1.832596	0.640596	-2.797608	4	38	41	982.620
-1.832596	0.297065	2.160177	10	36	32	982.007
1.570796	0.418037	1.360082	140	47	38	981.312
-2.617994	1.555207	1.708892	18	47	14	980.844
-2.356194	0.458961	-0.107937	120	23	155	978.964
0.523599	2.407836	1.410646	30	134	144	978.349
-3.141593	1.766067	2.153843	134	39	35	977.711
2.356194	0.496451	0.593859	138	50	29	976.885
-2.356194	0.992645	-1.723759	21	48	4	976.844
-2.094395	0.379747	-1.713059	14	48	13	976.098
-1.570796	0.619654	-2.216909	148	52	28	975.713
2.617994	1.135813	-2.658866	39	17	22	975.443
1.047198	0.203748	0.590255	10	23	35	974.824
1.047198	1.168678	2.108595	26	158	36	973.023
2.879793	1.184361	0.625864	136	36	139	972.885
2.879793	1.218453	2.777284	26	23	33	972.348
2.356194	0.615174	-0.666022	10	39	25	969.340
-3.141593	0.571433	-1.188419	3	44	25	967.856
2.617994	1.168678	2.108595	142	30	47	965.385
0.523599	1.606104	-0.451151	16	137	118	965.340
1.570796	0.290380	-0.796960	15	34	33	963.588
-1.047198	0.370812	-2.547742	4	47	17	963.578
2.617994	0.866395	-2.492918	32	135	33	963.252
-1.308997	0.640596	-2.797608	130	25	36	963.209
1.308997	1.683268	0.374177	40	20	19	962.684
-1.832596	0.619654	-2.216909	155	52	29	962.314
-0.261799	1.247695	1.809890	34	151	37	962.040
1.308997	1.214854	-1.966664	31	134	147	961.678
-2.617994	1.824694	1.850876	19	47	7	960.156
-2.094395	0.419640	2.974122	2	41	25	958.961
-2.094395	0.864993	2.278281	139	46	35	958.883
0.261799	2.407836	1.410646	26	130	142	958.355
-0.261799	2.089241	-0.114193	12	140	119	957.739
1.570796	2.104282	-0.813972	158	131	119	957.718
-2.617994	2.760637	2.781135	148	45	145	955.773
-3.141593	0.864993	2.278281	146	22	44	955.062
-2.356194	0.899350	-2.069907	24	42	18	954.039
-2.879793	2.108018	1.311430	21	47	6	954.023
-2.879793	0.080730	-2.622036	6	38	30	953.344
-2.617994	2.407836	1.410646	149	49	14	952.141
-0.261799	0.458961	-0.107937	24	148	39	948.255
2.879793	2.073035	2.027405	6	44	22	948.199
-3.141593	0.831641	0.616218	134	36	28	947.869
-2.879793	2.138223	1.678323	20	44	4	947.012
2.356194	1.699788	2.452890	25	28	37	946.959
2.879793	0.866395	-2.492918	36	140	31	946.903
0.785398	0.203748	0.590255	9	24	37	945.352
-2.356194	0.571433	-1.188419	148	51	21	944.683
-1.570796	2.063651	-2.044600	142	41	143	944.625
1.047198	1.555207	1.708892	25	36	31	940.892
-2.879793	2.407836	1.410646	154	47	14	940.242
0.523599	2.592629	0.909713	30	138	139	939.853
-3.141593	0.866955	-0.931351	26	41	4	939.523
2.094395	1.741644	-2.695914	39	133	24	938.800
-0.261799	0.591903	2.010408	141	20	41	938.444
2.879793	1.440580	2.260026	15	32	32	937.890
1.570796	1.045978	0.343692	29	26	30	937.710
-1.832596	0.992645	-1.723759	5	49	156	936.867
0.000000	0.850607	-1.335383	138	113	146	936.588
-2.356194	2.588535	-2.976617	151	45	147	936.272
0.785398	1.325504	-1.671296	25	132	139	935.925
-1.832596	0.866395	-2.492918	24	44	22	935.219
-1.570796	0.866395	-2.492918	151	50	33	935.109
1.047198	1.617114	-1.572037	26	137	135	934.476
2.094395	1.506530	1.988858	15	35	35	933.821
2.094395	1.555207	1.708892	33	6	31	933.731
-2.356194	2.164094	-2.991358	154	44	157	933.562
-1.832596	2.063651	-2.044600	154	42	131	933.439
2.617994	1.247695	1.809890	138	36	43	932.920
2.617994	0.379747	-1.713059	13	39	31	931.145
-1.308997	2.247462	0.191623	12	132	120	930.575
-2.617994	1.599406	1.426070	16	46	16	929.926
-3.141593	0.290380	-0.796960	27	44	14	929.838
-2.879793	1.050534	3.042579	28	33	20	929.682
1.047198	1.025536	1.576859	18	39	37	928.793
-2.617994	0.290380	-0.796960	146	51	24	928.521
-1.570796	2.579248	-2.364801	136	38	145	927.631
-3.141593	1.998705	2.370472	139	45	34	927.604
-2.356194	1.325504	-1.671296	153	50	13	927.242
-2.879793	1.812176	0.656819	16	46	18	926.992
-0.261799	0.709924	0.218797	19	144	42	926.969
-2.094395	1.998705	2.370472	120	7	35	926.334
-0.785398	1.374601	-2.456031	119	151	19	926.252
-1.047198	0.080730	-2.622036	147	50	32	925.705
-2.094395	1.214854	-1.966664	150	51	22	924.248
2.356194	0.379747	-1.713059	34	6	31	923.916
0.000000	1.872854	1.543456	139	111	152	923.641
1.308997	2.104282	-0.813972	157	132	119	923.397
0.261799	2.393226	1.857173	145	114	139	922.152
-1.832596	1.214854	-1.966664	144	52	21	922.086
-2.094395	2.407836	1.410646	117	154	149	921.278
2.617994	0.615174	-0.666022	10	41	22	921.098
2.094395	0.674054	1.013609	139	49	33	920.063
-2.879793	1.870545	-2.976234	24	42	5	920.020
1.047198	2.299159	2.264663	48	155	17	919.294
-2.094395	2.664082	-1.071402	159	139	122	918.981
-3.141593	1.135834	-1.431087	30	39	0	918.965
-1.832596	1.413347	-1.339188	120	154	143	918.920
2.356194	1.014500	0.906702	0	42	25	918.690
-0.785398	2.379497	0.561089	23	133	126	918.456
1.570796	2.073035	2.027405	29	32	32	918.225
-2.094395	0.080730	-2.622036	26	37	30	917.793
1.308997	0.674054	1.013609	157	22	45	915.430
1.570796	0.906588	1.252948	10	42	34	913.916
1.832596	2.343981	-1.040456	156	133	118	912.728
0.000000	1.875281	0.107086	21	137	122	912.188
-1.308997	0.370812	-2.547742	18	47	19	911.368
0.000000	2.138223	1.678323	139	114	146	911.295
-1.308997	2.153910	-1.714959	150	129	123	910.906
1.832596	0.709924	0.218797	14	34	25	909.959
-0.785398	1.869911	2.701025	148	136	43	909.956
-2.879793	0.961715	0.014085	133	37	19	909.924
0.000000	2.115563	0.685730	28	128	139	909.921
0.000000	2.153910	-1.714959	141	128	131	909.835
2.879793	1.391910	3.030322	32	26	29	909.197
-1.832596	2.719179	-1.780644	158	133	118	909.176
2.356194	1.488617	1.159546	0	47	18	909.043
2.879793	2.404280	-0.174044	151	41	133	908.410
1.570796	0.700570	1.559208	143	44	41	908.184
-2.094395	0.899350	-2.069907	20	48	12	907.883
-3.141593	1.214854	-1.966664	32	36	4	907.586
-2.617994	2.108018	1.311430	14	47	6	907.547
-1.047198	1.658653	-2.409879	133	6	128	906.562
2.356194	0.864993	2.278281	6	19	41	906.507
1.570796	1.247695	1.809890	18	36	34	905.958
2.356194	0.960688	-0.577532	22	41	5	905.820
2.094395	1.214854	-1.966664	25	45	13	905.335
2.879793	2.407836	1.410646	27	39	0	905.176
2.617994	0.458961	-0.107937	17	49	11	905.012
-1.047198	2.153910	-1.714959	154	127	123	904.249
-2.094395	1.450119	-2.739050	24	47	21	903.914
-0.523599	0.709924	0.218797	18	144	42	902.676
-3.141593	0.850607	-1.335383	4	45	17	902.598
-3.141593	0.619654	-2.216909	4	45	21	902.445
2.617994	1.569311	-3.003978	39	24	25	902.417
2.617994	1.391910	3.030322	33	22	30	901.475
1.308997	2.108018	1.311430	38	135	10	901.447
-1.308997	2.104282	-0.813972	147	122	133	901.175
2.879793	0.762244	-0.273349	14	47	3	901.117
-0.523599	2.379497	0.561089	26	136	127	900.071
1.832596	0.906588	1.252948	8	41	32	900.010
-2.879793	1.554776	0.100351	132	24	143	899.590
-3.141593	1.699788	2.452890	140	39	41	899.496
2.879793	0.866955	-0.931351	28	38	5	899.418
-1.308997	0.866395	-2.492918	6	48	15	898.998
1.047198	1.448123	-2.163292	26	132	134	898.542
-2.094395	0.992645	-1.723759	147	52	19	898.088
-2.879793	1.977582	0.969896	19	48	13	897.609
1.308997	1.025536	1.576859	13	38	38	896.869
2.356194	1.134796	2.434290	24	20	35	896.625
2.879793	0.685216	-1.712745	10	49	8	895.992
-2.617994	1.870545	-2.976234	153	45	39	894.783
1.047198	1.506530	1.988858	34	157	33	894.067
1.832596	1.367556	0.358405	31	34	17	893.231
-2.617994	2.704512	1.488683	157	38	136	891.980
-2.879793	1.662363	0.915448	20	48	16	891.965
-2.617994	0.866955	-0.931351	149	50	13	891.898
-1.832596	1.450119	-2.739050	17	45	25	891.117
-1.570796	2.349581	-2.702517	121	23	155	891.035
-1.832596	1.569311	-3.003978	138	39	8	890.809
1.047198	1.440580	2.260026	25	148	40	890.449
-1.308997	0.864993	2.278281	137	31	36	889.749
-2.879793	2.478122	2.609777	11	51	10	887.914
1.570796	2.664082	-1.071402	149	128	125	887.793
1.047198	1.869911	2.701025	18	116	4	887.407
-2.356194	1.599406	1.426070	10	45	16	886.896
1.308997	2.704512	1.488683	30	40	11	885.584
-1.570796	1.128190	-2.288622	9	48	14	884.203
-2.617994	0.615174	-0.666022	141	41	137	883.090
-2.094395	1.374601	-2.456031	21	48	15	882.688
-2.094395	1.134796	2.434290	135	48	27	882.408
1.570796	2.343981	-1.040456	156	129	122	882.144
-2.356194	1.135813	-2.658866	29	42	23	882.123
1.570796	2.138223	1.678323	40	138	6	882.064
-2.879793	1.134497	-1.109631	14	43	153	881.961
2.094395	0.203748	0.590255	141	52	30	881.622
-1.832596	0.685216	-1.712745	141	51	21	881.557
-3.141593	2.724429	-0.348782	151	128	122	881.544
-2.094395	2.108018	1.311430	159	46	158	881.422
-2.879793	0.899350	-2.069907	158	46	1	880.984
-2.356194	1.977582	0.969896	122	21	19	880.938
0.523599	2.456751	-1.503343	156	144	123	880.730
2.094395	1.014500	0.906702	3	45	27	880.473
-3.141593	2.637879	2.121598	146	43	144	880.004
2.617994	2.295480	1.008277	129	41	5	879.992
-2.356194	1.662363	0.915448	5	46	15	879.903
0.785398	1.506530	1.988858	34	154	34	879.827
2.356194	0.640596	-2.797608	17	124	37	879.260
1.308997	2.407836	1.410646	30	41	16	879.208
2.356194	0.961715	0.014085	9	43	16	878.699
-2.879793	0.370812	-2.547742	6	43	21	878.541
-2.879793	1.574060	2.783565	11	42	16	878.207
-2.617994	0.619654	-2.216909	13	38	33	878.062
-2.879793	1.256302	0.062705	131	28	147	878.029
2.617994	1.599406	1.426070	133	46	25	877.867
-2.617994	1.699788	2.452890	147	39	30	877.790
-2.356194	1.374601	-2.456031	26	41	23	877.648
1.832596	1.506530	1.988858	20	33	36	877.236
2.094395	1.766067	2.153843	22	34	34	877.001
1.308997	2.343981	-1.040456	154	131	121	876.843
-2.617994	1.662363	0.915448	12	48	15	876.793
-3.141593	0.615174	-0.666022	25	45	5	876.641
-1.570796	1.135813	-2.658866	14	48	19	876.578
-3.141593	2.138223	1.678323	26	41	5	876.461
-2.617994	0.640596	-2.797608	1	45	21	876.242
2.879793	0.850607	-1.335383	7	46	17	875.781
-3.141593	2.407836	1.410646	23	42	0	875.590
-2.356194	2.115563	0.685730	120	19	14	875.523
0.523599	2.180315	-1.357379	152	129	127	875.397
-1.570796	1.242974	-2.977882	125	33	17	875.240
-1.832596	2.724429	-0.348782	144	126	131	875.069
-2.617994	2.299159	2.264663	133	37	13	874.551
-1.832596	0.899350	-2.069907	12	48	11	874.109
-2.879793	0.290380	-0.796960	18	48	12	873.988
1.832596	0.929350	-2.910676	44	143	8	873.192
-2.356194	1.135834	-1.431087	150	50	12	872.953
0.523599	2.295480	1.008277	31	136	144	872.509
1.308997	0.591903	2.010408	149	40	43	872.192
-3.141593	1.218453	2.777284	30	26	33	871.904
-2.879793	1.824694	1.850876	0	44	25	871.900
-3.141593	2.174483	2.653697	21	46	21	871.661
-2.356194	0.619654	-2.216909	6	43	32	871.542
2.356194	2.979456	-1.009304	151	123	127	871.422
-0.261799	1.875281	0.107086	25	136	123	871.069
-1.570796	0.899350	-2.069907	142	51	24	871.009
2.879793	2.108018	1.311430	27	40	9	870.965
0.000000	2.299159	2.264663	9	111	158	870.895
2.879793	1.555207	1.708892	133	41	32	870.422
-0.785398	0.370812	-2.547742	136	48	30	869.655
1.832596	1.824694	1.850876	23	39	30	869.587
-2.617994	1.310100	1.488307	133	25	39	869.474
2.094395	1.367556	0.358405	27	38	13	869.120
1.308997	1.998705	2.370472	23	18	43	868.957
-3.141593	2.299159	2.264663	137	48	27	868.385
-2.094395	2.588535	-2.976617	134	37	148	868.244
-2.094395	1.168678	2.108595	136	47	31	868.125
-3.141593	1.554776	0.100351	141	40	5	868.039
-3.141593	1.555207	1.708892	130	37	32	867.687
2.356194	0.762244	-0.273349	10	40	21	867.375
1.832596	1.374601	-2.456031	43	149	22	867.302
-2.617994	2.356369	3.005869	139	49	27	867.250
-2.356194	2.719179	-1.780644	157	130	123	867.167
-2.617994	1.135813	-2.658866	36	31	29	866.736
-2.617994	0.899350	-2.069907	27	42	14	866.383
-0.523599	0.203748	0.590255	23	153	38	866.312
0.261799	0.850607	-1.335383	142	111	145	866.078
-2.094395	2.033014	2.977192	138	40	9	865.891
-1.047198	0.992645	-1.723759	115	9	15	865.463
0.261799	1.113094	-0.272241	21	117	0	865.305
2.356194	0.290380	-0.796960	9	31	33	865.225
-2.879793	1.998705	2.370472	6	45	15	864.328
-3.141593	1.606104	-0.451151	135	38	0	864.320
-2.879793	1.909857	-0.381669	120	20	156	863.391
-2.094395	0.910508	1.903534	139	45	39	863.183
2.617994	1.872854	1.543456	137	48	32	862.589
1.047198	2.073035	2.027405	47	159	22	862.399
2.879793	0.370812	-2.547742	15	38	34	862.131
2.879793	1.699788	2.452890	154	38	45	862.080
1.047198	1.699788	2.452890	28	142	40	861.442
2.879793	1.812176	0.656819	25	44	17	861.268
-3.141593	1.440580	2.260026	14	31	33	861.193
0.261799	1.982574	-1.115518	155	127	130	861.173
-2.617994	2.073035	2.027405	20	45	159	861.098
0.523599	2.579248	-2.364801	147	120	136	860.740
-0.261799	2.863997	0.549740	18	132	130	860.658
1.832596	0.960688	-0.577532	24	37	27	859.938
0.785398	1.699788	2.452890	26	139	40	859.908
-2.879793	2.393226	1.857173	155	46	9	859.711
-0.523599	2.299159	2.264663	155	108	3	859.691
-0.523599	2.247462	0.191623	22	134	124	859.627
2.617994	0.619654	-2.216909	44	143	20	859.569
0.000000	0.458961	-0.107937	27	148	37	859.393
0.523599	2.138223	1.678323	47	153	17	859.138
-2.879793	1.113094	-0.272241	140	34	127	858.991
1.308997	0.850607	-1.335383	30	127	13	858.729
-0.523599	0.418037	1.360082	0	28	41	858.549
-2.094395	0.850607	-1.335383	140	50	14	858.426
0.000000	0.762244	-0.273349	26	141	39	858.287
1.047198	1.134796	2.434290	16	150	44	858.141
-3.141593	0.458961	-0.107937	144	51	20	857.951
2.617994	1.335669	0.897240	157	45	16	857.500
2.617994	1.450119	-2.739050	41	20	20	856.901
2.879793	1.247695	1.809890	137	32	45	855.957
-1.047198	0.709924	0.218797	10	140	45	855.691
-3.141593	2.001437	0.381215	16	48	12	855.594
0.000000	1.977582	0.969896	27	125	144	855.506
0.523599	0.203748	0.590255	10	24	37	855.404
2.617994	1.809167	1.213774	158	48	9	854.680
0.523599	1.113094	-0.272241	22	123	130	854.440
0.785398	0.615174	-0.666022	37	153	25	854.429
-2.617994	1.448123	-2.163292	2	48	14	853.891
-2.356194	0.297065	2.160177	13	35	39	853.763
-3.141593	2.073035	2.027405	132	44	29	853.750
-2.094395	2.719179	-1.780644	157	135	118	853.395
2.879793	0.960688	-0.577532	5	45	13	853.172
-3.141593	1.736875	3.023612	1	37	45	852.746
-1.570796	0.914445	2.687814	136	35	31	852.599
1.308997	0.458961	-0.107937	14	30	33	852.547
2.356194	1.599406	1.426070	3	45	24	852.008
-2.617994	1.545873	-1.877082	23	43	152	851.947
-0.523599	1.875281	0.107086	17	131	122	851.425
1.570796	0.866395	-2.492918	149	109	3	851.328
-1.570796	2.180315	-1.357379	146	130	126	851.292
-2.617994	0.379747	-1.713059	130	35	30	851.209
-2.356194	0.640596	-2.797608	133	45	23	851.163
2.356194	0.203748	0.590255	148	51	28	851.112
2.879793	1.301460	-0.509251	142	40	16	851.062
1.832596	2.349581	-2.702517	11	143	117	850.990
1.832596	0.370812	-2.547742	4	122	35	850.920
-1.570796	0.685216	-1.712745	134	49	21	850.909
1.308997	1.736875	3.023612	26	126	131	850.637
-1.308997	0.619654	-2.216909	138	50	28	850.512
-2.094395	0.700570	1.559208	146	154	45	850.306
-3.141593	0.685216	-1.712745	31	39	12	850.291
-2.356194	1.872854	1.543456	9	46	8	850.273
-1.832596	1.325504	-1.671296	146	41	142	849.641
2.094395	0.290380	-0.796960	145	38	44	849.590
-1.832596	0.080730	-2.622036	142	33	35	849.496
-1.832596	0.850607	-1.335383	134	48	14	849.332
0.523599	0.866955	-0.931351	45	155	22	848.948
1.832596	2.455966	-0.641220	152	133	120	848.887
-3.141593	1.134497	-1.109631	20	42	154	848.840
0.523599	1.134497	-1.109631	47	154	14	848.729
1.047198	1.214854	-1.966664	28	132	143	848.458
-1.832596	1.658653	-2.409879	13	50	11	848.227
2.879793	2.138223	1.678323	4	48	15	848.195
-2.356194	1.488617	1.159546	9	47	17	848.031
0.261799	1.824694	1.850876	145	110	151	847.832
0.785398	0.571433	-1.188419	3	106	145	847.688
-3.141593	1.025536	1.576859	140	30	36	847.567
-2.094395	0.640596	-2.797608	129	41	22	847.402
-0.785398	1.977582	0.969896	130	120	154	847.291
0.261799	1.766067	2.153843	15	122	21	847.001
2.094395	0.080730	-2.622036	17	31	42	846.972
-1.570796	2.587733	0.232235	15	130	123	846.885
2.617994	2.187132	-0.479875	15	50	153	846.633
-2.879793	1.247695	1.809890	140	30	36	846.621
1.570796	1.870545	-2.976234	25	137	125	846.513
0.785398	1.168678	2.108595	23	152	40	846.459
2.094395	0.379747	-1.713059	18	37	32	845.913
2.879793	1.504028	0.636812	127	31	140	845.855
0.785398	1.247695	1.809890	30	155	37	845.557
-2.879793	1.736875	3.023612	158	40	44	845.238
-3.141593	2.979456	-1.009304	9	111	133	844.627
-0.261799	2.455966	-0.641220	158	12	114	844.424
-3.141593	0.733948	3.021411	5	23	39	844.415
-2.879793	1.872854	1.543456	23	47	9	844.328
-2.356194	2.407836	1.410646	147	40	141	844.031
-1.832596	2.174483	2.653697	136	42	4	843.598
2.094395	1.168678	2.108595	144	34	47	843.503
1.308997	2.295480	1.008277	25	47	11	843.346
-3.141593	1.599406	1.426070	126	38	26	843.274
-2.879793	1.766067	2.153843	6	41	23	842.941
2.879793	1.433411	-1.035986	137	37	149	842.547
2.879793	0.619654	-2.216909	34	21	25	842.127
1.832596	1.184361	0.625864	6	33	36	841.904
1.047198	1.325504	-1.671296	28	137	139	841.650
-1.308997	1.135813	-2.658866	7	47	18	841.469
0.523599	2.153910	-1.714959	157	133	124	841.332
-1.570796	1.617114	-1.572037	143	37	128	841.236
2.879793	1.599406	1.426070	129	42	25	840.896
-2.617994	0.591903	2.010408	147	153	43	840.531
2.879793	0.080730	-2.622036	15	32	38	840.459
-1.832596	1.574060	2.783565	135	39	19	839.773
-1.832596	0.379747	-1.713059	4	48	11	839.594
1.832596	1.599406	1.426070	37	138	26	839.071
2.356194	1.662363	0.915448	39	27	27	839.001
1.308997	0.685216	-1.712745	3	106	148	838.855
-2.356194	1.824694	1.850876	12	46	6	838.781
2.094395	0.458961	-0.107937	16	31	32	838.123
2.617994	0.762244	-0.273349	149	39	30	837.750
-2.617994	0.618092	2.539118	9	41	34	837.385
2.094395	0.899350	-2.069907	41	134	16	837.376
-0.261799	1.554776	0.100351	24	130	125	837.109
2.879793	1.335669	0.897240	128	43	17	837.083
0.523599	2.033014	2.977192	154	117	144	837.074
-3.141593	1.488617	1.159546	124	37	21	836.399
-1.047198	1.909857	-0.381669	148	117	141	836.381
-0.523599	1.977582	0.969896	133	115	154	836.311
0.523599	1.998705	2.370472	154	109	141	835.778
1.047198	0.591903	2.010408	154	42	43	835.455
-3.141593	1.809167	1.213774	29	40	20	835.273
2.879793	1.909857	-0.381669	139	39	154	835.203
1.308997	1.545873	-1.877082	29	137	137	835.133
-2.879793	0.866395	-2.492918	42	26	27	835.079
2.617994	0.866955	-0.931351	137	44	30	834.940
-2.356194	1.134497	-1.109631	153	41	133	834.846
2.879793	2.089241	-0.114193	156	45	148	834.836
0.523599	1.301460	-0.509251	15	122	126	834.573
-2.879793	0.203748	0.590255	119	20	3	834.311
-2.617994	1.977582	0.969896	12	47	12	834.230
-3.141593	2.664082	-1.071402	11	117	126	834.227
-3.141593	0.914445	2.687814	156	23	45	834.217
0.523599	1.335669	0.897240	45	144	9	833.220
-3.141593	2.478122	2.609777	141	50	26	832.648
-1.308997	1.128190	-2.288622	121	19	19	832.533
-2.617994	1.721184	-0.153948	137	19	133	832.322
2.617994	2.115563	0.685730	27	44	8	832.202
2.356194	2.295480	1.008277	30	37	1	832.142
-2.617994	1.325504	-1.671296	123	34	8	831.946
-2.356194	2.108018	1.311430	5	49	158	831.875
-2.879793	0.866955	-0.931351	17	46	157	831.672
1.570796	1.134796	2.434290	27	10	41	831.544
2.617994	2.138223	1.678323	159	46	0	831.516
-3.141593	1.870545	-2.976234	31	35	31	831.199
1.308997	1.812176	0.656819	41	15	17	830.946
2.094395	2.979456	-1.009304	151	129	126	830.927
-2.879793	1.214854	-1.966664	32	42	5	830.349
1.047198	1.766067	2.153843	37	149	32	829.950
2.879793	1.875281	0.107086	147	41	158	829.656
-2.617994	0.762244	-0.273349	130	31	133	829.478
-2.356194	0.733948	3.021411	2	41	26	829.188
-2.617994	0.960688	-0.577532	141	36	129	828.980
-0.785398	0.929350	-2.910676	137	21	40	828.864
2.879793	2.455966	-0.641220	3	131	119	828.771
-1.047198	0.864993	2.278281	144	19	41	828.695
-0.523599	0.700570	1.559208	156	10	45	828.348
0.261799	1.721184	-0.153948	23	138	122	828.161
1.570796	1.014500	0.906702	0	24	43	827.711
0.261799	0.992645	-1.723759	18	116	152	827.418
-1.308997	0.496451	0.593859	19	146	42	827.404
0.261799	2.592629	0.909713	28	138	135	827.315
2.617994	1.574060	2.783565	28	28	32	827.170
-2.356194	1.699788	2.452890	14	46	2	827.031
-2.617994	1.247695	1.809890	138	26	43	826.947
-0.261799	2.115563	0.685730	26	122	139	826.936
-2.094395	0.866955	-0.931351	143	38	129	826.459
-1.832596	1.870545	-2.976234	135	27	145	826.422
-1.047198	0.640596	-2.797608	148	48	37	826.082
-2.356194	0.929350	-2.910676	131	36	156	826.012
-3.141593	2.393226	1.857173	141	40	148	825.953
-1.308997	1.741644	-2.695914	127	13	139	825.916
-1.308997	0.899350	-2.069907	157	46	4	825.852
-2.094395	1.448123	-2.163292	152	51	26	825.648
0.261799	2.760637	2.781135	4	108	147	825.609
1.570796	1.977582	0.969896	42	17	13	825.559
2.617994	0.290380	-0.796960	9	34	32	825.523
2.617994	1.662363	0.915448	32	38	21	824.686
-2.094395	2.041297	-2.664597	146	42	159	824.672
-3.141593	1.310100	1.488307	131	32	41	824.619
-3.141593	1.134796	2.434290	156	28	46	824.559
1.832596	0.961715	0.014085	27	32	30	824.212
-1.832596	1.756530	-2.105156	155	46	142	823.926
1.308997	0.203748	0.590255	13	30	35	823.848
2.879793	1.977582	0.969896	29	44	12	823.353
2.879793	1.113094	-0.272241	12	45	156	823.219
2.617994	0.960688	-0.577532	9	44	14	822.805
1.570796	1.256302	0.062705	35	28	26	822.513
1.308997	2.041297	-2.664597	11	137	120	822.347
-2.356194	1.168678	2.108595	142	50	30	822.206
1.047198	2.108018	1.311430	34	130	12	822.165
1.308997	1.488617	1.159546	43	25	15	821.836
0.523599	0.297065	2.160177	148	22	40	821.806
2.094395	2.343981	-1.040456	159	131	118	821.765
0.261799	1.413430	2.550734	11	138	46	821.696
-2.617994	1.998705	2.370472	142	43	27	821.607
-2.356194	1.433411	-1.035986	146	31	121	821.542
-1.832596	1.374601	-2.456031	16	48	18	821.434
1.308997	1.128190	-2.288622	23	122	18	821.388
2.617994	1.488617	1.159546	132	47	21	821.375
2.617994	0.496451	0.593859	134	38	155	821.367
1.832596	2.041297	-2.664597	22	144	122	821.039
1.308997	1.413430	2.550734	36	159	37	820.836
-0.523599	1.433411	-1.035986	7	110	150	820.805
2.617994	2.455966	-0.641220	157	130	119	820.699
1.308997	2.138223	1.678323	37	132	7	820.686
1.047198	1.247695	1.809890	26	0	37	820.396
2.617994	1.909857	-0.381669	150	41	155	820.328
-1.832596	1.135813	-2.658866	22	39	30	820.227
1.832596	0.203748	0.590255	142	27	43	820.099
0.000000	0.992645	-1.723759	130	118	148	820.039
-1.832596	1.617114	-1.572037	149	39	128	819.682
0.000000	1.301460	-0.509251	158	115	136	819.639
0.523599	1.194549	-0.801900	46	153	17	819.610
0.261799	2.089241	-0.114193	22	146	121	819.398
-3.141593	0.709924	0.218797	141	40	140	819.152
1.570796	1.998705	2.370472	23	23	43	818.972
-1.308997	0.914445	2.687814	127	30	31	818.951
2.617994	1.732874	-0.951685	154	45	143	818.922
0.523599	2.881233	-2.582574	146	122	133	818.832
2.879793	1.413347	-1.339188	138	41	4	818.391
2.879793	1.662363	0.915448	128	42	14	817.957
-1.047198	2.379497	0.561089	16	130	124	817.894
0.000000	0.960688	-0.577532	28	129	11	817.768
0.261799	0.458961	-0.107937	31	153	29	817.662
2.879793	2.724429	-0.348782	147	129	123	817.525
-1.047198	1.574060	2.783565	124	149	35	817.385
-1.047198	0.419640	2.974122	134	25	40	817.279
-2.879793	1.391910	3.030322	25	37	21	817.013
-2.879793	1.599406	1.426070	124	32	26	816.857
2.617994	1.184361	0.625864	131	38	153	816.707
-0.523599	1.194549	-0.801900	8	112	158	816.606
-2.617994	1.134796	2.434290	150	30	42	816.590
0.261799	0.615174	-0.666022	30	144	37	816.490
-3.141593	1.413430	2.550734	158	35	45	816.228
-3.141593	0.379747	-1.713059	30	37	22	815.934
-1.570796	0.370812	-2.547742	131	27	41	815.620
2.617994	2.404280	-0.174044	158	41	132	815.430
-3.141593	1.045978	0.343692	129	31	138	815.297
1.832596	1.135813	-2.658866	155	111	7	815.219
-2.356194	1.617114	-1.572037	0	39	135	815.176
-0.261799	2.247462	0.191623	23	138	124	814.948
2.356194	1.977582	0.969896	33	36	11	814.664
2.094395	2.073035	2.027405	20	41	26	814.598
2.617994	1.875281	0.107086	5	50	28	814.418
1.570796	0.762244	-0.273349	21	32	31	814.218
1.308997	1.869911	2.701025	22	118	2	814.118
-3.141593	1.413347	-1.339188	131	37	5	814.062
-2.094395	2.393226	1.857173	142	37	142	813.852
1.308997	2.393226	1.857173	36	131	159	813.432
-2.356194	2.349581	-2.702517	152	43	154	812.564
-3.141593	1.683268	0.374177	19	47	20	812.555
0.261799	0.203748	0.590255	144	35	45	812.300
-0.523599	2.984978	1.954446	12	113	139	812.154
-2.094395	1.504028	0.636812	115	137	152	812.045
-1.308997	0.929350	-2.910676	13	46	25	811.945
-2.879793	1.335669	0.897240	124	31	27	811.590
2.879793	1.413430	2.550734	15	32	30	811.409
-1.570796	2.637879	2.121598	119	153	145	811.333
-1.308997	1.658653	-2.409879	129	12	132	810.630
-2.879793	1.809167	1.213774	122	32	19	810.545
2.617994	0.831641	0.616218	134	39	152	810.520
-2.094395	0.960688	-0.577532	116	5	6	810.404
0.000000	1.135834	-1.431087	136	116	141	810.285
-2.617994	1.113094	-0.272241	128	38	0	810.119
1.047198	1.374601	-2.456031	26	125	139	809.965
-1.832596	1.448123	-2.163292	145	52	25	809.941
-2.094395	0.297065	2.160177	11	33	38	809.653
-2.879793	0.379747	-1.713059	132	39	30	809.454
0.000000	1.256302	0.062705	27	123	133	809.452
-1.570796	0.700570	1.559208	151	38	43	809.445
-2.879793	0.419640	2.974122	12	40	34	809.399
-1.570796	1.374601	-2.456031	10	50	13	809.250
0.523599	0.290380	-0.796960	33	156	32	809.166
-2.617994	1.766067	2.153843	141	37	30	808.911
1.570796	1.195355	1.200319	30	46	11	808.859
-3.141593	1.050534	3.042579	7	30	38	808.795
-2.879793	1.699788	2.452890	7	40	21	808.656
2.617994	1.014500	0.906702	138	39	147	808.648
-0.785398	0.203748	0.590255	27	158	35	808.598
0.785398	1.836682	-0.676006	3	146	112	808.544
-1.308997	2.180315	-1.357379	150	126	126	808.214
0.261799	2.153910	-1.714959	149	129	127	807.857
1.832596	0.571433	-1.188419	21	37	31	807.818
2.617994	0.640596	-2.797608	42	24	16	807.713
0.000000	1.214854	-1.966664	129	120	148	807.561
1.308997	1.134796	2.434290	31	3	39	807.434
0.000000	0.899350	-2.069907	128	121	154	807.209
-2.617994	1.488617	1.159546	153	48	34	807.078
-2.617994	0.866395	-2.492918	38	31	27	807.051
2.617994	2.251330	-2.330739	50	15	4	806.919
-2.356194	0.866955	-0.931351	139	37	141	806.691
-2.094395	1.617114	-1.572037	154	40	135	806.617
-1.570796	1.870545	-2.976234	130	22	145	806.053
-0.785398	0.640596	-2.797608	138	24	38	806.016
0.261799	0.685216	-1.712745	135	112	152	805.896
0.261799	1.325504	-1.671296	26	123	141	805.465
0.261799	1.218453	2.777284	156	4	47	805.412
-1.832596	2.033014	2.977192	141	29	141	805.262
0.000000	1.168678	2.108595	19	145	47	805.126
-1.047198	2.187132	-0.479875	151	117	137	804.654
1.570796	1.025536	1.576859	10	38	36	804.319
-1.308997	0.618092	2.539118	131	32	37	804.198
-3.141593	1.450119	-2.739050	32	36	8	803.929
2.094395	0.992645	-1.723759	43	141	8	803.755
-2.356194	0.850607	-1.335383	151	51	18	803.014
1.308997	1.766067	2.153843	36	149	34	802.871
-0.261799	2.881233	-2.582574	120	0	134	802.841
-2.879793	2.247462	0.191623	132	144	125	802.677
-1.832596	0.370812	-2.547742	129	31	29	802.355
-3.141593	1.113094	-0.272241	139	42	14	802.344
0.261799	0.418037	1.360082	153	28	39	802.289
0.261799	2.033014	2.977192	150	116	144	802.259
0.785398	2.984978	1.954446	12	127	133	802.249
-3.141593	1.242974	-2.977882	31	33	17	802.163
-2.356194	2.356369	3.005869	139	40	2	801.984
-1.832596	2.251330	-2.330739	146	43	149	801.330
0.785398	1.872854	1.543456	46	158	20	801.086
-1.832596	1.948085	-2.363031	155	47	147	800.631
1.570796	2.588535	-2.976617	37	127	1	800.558
2.094395	0.866955	-0.931351	18	41	25	800.469
-3.141593	1.569311	-3.003978	37	23	35	800.345
1.832596	1.766067	2.153843	41	18	26	800.255
2.617994	2.299159	2.264663	21	46	20	800.245
2.617994	1.836682	-0.676006	151	43	149	800.238
0.261799	2.719179	-1.780644	127	3	125	799.737
0.000000	2.393226	1.857173	32	130	28	799.706
1.570796	1.310100	1.488307	16	45	27	799.655
-1.570796	1.135834	-1.431087	141	38	134	799.605
2.617994	1.510910	-0.740472	154	44	149	799.484
1.308997	0.379747	-1.713059	22	29	41	799.457
2.617994	0.850607	-1.335383	8	45	19	799.102
2.879793	1.869911	2.701025	27	38	28	798.873
-2.356194	1.506530	1.988858	17	47	12	798.859
-1.832596	2.349581	-2.702517	135	39	153	798.852
-0.261799	0.297065	2.160177	145	23	45	798.830
0.785398	1.194549	-0.801900	16	119	130	798.565
-1.570796	0.080730	-2.622036	136	27	43	798.488
0.261799	1.617114	-1.572037	11	121	134	798.461
-2.879793	1.545873	-1.877082	28	41	151	798.431
1.570796	2.033014	2.977192	37	137	13	798.381
1.047198	0.619654	-2.216909	159	117	28	798.072
-3.141593	2.592629	0.909713	152	48	3	797.977
1.570796	1.869911	2.701025	38	142	21	797.517
0.261799	2.138223	1.678323	45	148	17	797.398
-1.832596	1.134796	2.434290	129	44	27	797.335
0.523599	1.872854	1.543456	45	156	19	797.272
1.308997	1.982574	-1.115518	4	136	116	797.257
0.000000	2.001437	0.381215	27	130	133	797.133
-1.832596	2.393226	1.857173	117	156	153	797.100
-2.094395	0.914445	2.687814	134	47	29	796.913
-2.356194	1.948085	-2.363031	4	43	140	796.883
-2.356194	2.299159	2.264663	147	46	7	796.875
-1.832596	0.571433	-1.188419	133	34	132	796.853
-1.308997	2.724429	-0.348782	0	130	125	796.749
-1.047198	0.203748	0.590255	24	153	39	796.592
-2.879793	2.033014	2.977192	2	46	39	796.515
-0.523599	0.379747	-1.713059	110	155	19	796.253
0.000000	1.721184	-0.153948	12	132	119	796.203
-3.141593	1.184361	0.625864	125	39	21	795.773
0.523599	1.247695	1.809890	34	151	35	795.363
2.879793	0.992645	-1.723759	36	32	7	795.188
2.094395	2.881233	-2.582574	157	127	130	794.847
-3.141593	1.504028	0.636812	158	48	36	794.326
1.308997	1.440580	2.260026	32	153	30	793.926
1.047198	2.115563	0.685730	44	12	5	793.731
2.879793	0.591903	2.010408	25	150	40	793.696
1.047198	0.458961	-0.107937	16	28	37	793.155
-3.141593	1.869911	2.701025	152	44	41	792.916
-2.094395	1.135813	-2.658866	2	44	39	792.800
-2.879793	1.025536	1.576859	137	24	41	792.570
1.047198	2.295480	1.008277	30	42	12	792.517
-3.141593	0.618092	2.539118	154	15	45	792.467
-1.047198	0.866395	-2.492918	138	48	33	792.422
2.617994	1.433411	-1.035986	154	45	151	792.219
-3.141593	1.367556	0.358405	136	41	8	792.199
2.879793	1.569311	-3.003978	30	25	36	792.140
2.879793	2.984978	1.954446	150	45	140	792.109
0.523599	1.168678	2.108595	25	147	41	792.104
-2.094395	2.251330	-2.330739	154	44	142	791.927
-2.879793	0.619654	-2.216909	26	31	33	791.914
1.047198	1.135834	-1.431087	32	125	158	791.843
-2.356194	1.134796	2.434290	158	39	31	791.680
0.000000	1.554776	0.100351	27	133	125	791.676
-3.141593	0.700570	1.559208	143	20	43	791.649
-0.785398	2.592629	0.909713	22	120	135	791.572
0.000000	2.041297	-2.664597	122	128	16	791.115
-2.879793	0.615174	-0.666022	149	51	18	791.090
-1.832596	0.591903	2.010408	141	42	41	790.820
0.261799	0.290380	-0.796960	30	149	37	790.683
-2.094395	2.138223	1.678323	139	49	15	790.430
-2.879793	0.297065	2.160177	28	156	37	790.297
-2.879793	1.135834	-1.431087	141	39	144	790.273
0.261799	2.295480	1.008277	29	133	141	790.002
-2.879793	0.640596	-2.797608	35	11	36	789.893
-0.523599	1.606104	-0.451151	156	120	139	789.812
1.570796	0.419640	2.974122	39	154	35	789.647
1.570796	2.164094	-2.991358	18	137	120	789.378
-2.094395	1.732874	-0.951685	120	3	140	789.249
-0.261799	1.256302	0.062705	6	114	149	789.224
-2.094395	1.242974	-2.977882	128	31	140	789.167
2.617994	1.413430	2.550734	23	28	33	788.990
-1.570796	1.218453	2.777284	135	37	22	788.797
-1.308997	0.297065	2.160177	142	34	46	788.593
-0.785398	2.174483	2.653697	145	132	38	788.507
2.356194	1.872854	1.543456	143	50	32	788.433
0.523599	2.356369	3.005869	159	115	146	788.390
-2.879793	0.960688	-0.577532	148	48	10	788.148
-2.094395	1.809167	1.213774	1	46	8	788.111
-1.308997	0.419640	2.974122	142	29	40	788.053
-0.261799	2.984978	1.954446	7	106	145	787.953
0.523599	1.545873	-1.877082	138	112	141	787.861
1.570796	1.809167	1.213774	41	17	15	787.760
2.356194	2.881233	-2.582574	50	156	156	787.665
1.832596	2.664082	-1.071402	150	130	122	787.619
0.785398	2.063651	-2.044600	8	131	122	787.315
-1.832596	0.700570	1.559208	155	41	42	787.046
1.832596	2.637879	2.121598	31	38	18	786.969
0.261799	1.134497	-1.109631	149	112	137	786.902
2.879793	2.478122	2.609777	10	47	13	786.766
0.261799	1.909857	-0.381669	8	130	124	786.738
1.570796	0.615174	-0.666022	24	31	35	786.475
-2.094395	0.591903	2.010408	144	43	42	786.118
1.832596	0.700570	1.559208	159	32	38	785.714
1.832596	1.982574	-1.115518	6	133	117	785.659
2.094395	2.719179	-1.780644	7	113	130	785.505
-0.523599	2.104282	-0.813972	4	111	137	785.465
-2.617994	1.982574	-1.115518	156	21	117	785.459
0.523599	2.984978	1.954446	48	152	158	785.439
-3.141593	0.906588	1.252948	146	26	40	785.421
-2.879793	0.496451	0.593859	126	29	31	785.418
0.523599	1.184361	0.625864	36	151	34	785.284
2.879793	2.033014	2.977192	35	31	32	784.782
-1.308997	2.164094	-2.991358	126	17	143	784.516
2.617994	1.736875	3.023612	36	29	27	784.479
1.308997	0.906588	1.252948	16	45	31	784.404
0.523599	0.685216	-1.712745	140	111	155	784.301
2.879793	2.979456	-1.009304	8	113	133	784.212
2.879793	0.290380	-0.796960	27	48	13	784.205
-3.141593	1.128190	-2.288622	36	34	12	784.173
1.832596	0.762244	-0.273349	16	37	26	784.052
-0.261799	2.637879	2.121598	159	105	151	783.910
-3.141593	1.135813	-2.658866	38	28	24	783.665
1.047198	2.033014	2.977192	1	117	137	783.617
1.308997	1.809167	1.213774	45	24	12	783.566
-2.879793	1.721184	-0.153948	133	22	141	783.562
-2.617994	1.301460	-0.509251	143	30	121	783.170
-2.094395	1.050534	3.042579	130	34	145	783.098
-2.356194	1.045978	0.343692	126	153	35	782.616
0.785398	0.960688	-0.577532	21	119	133	782.616
0.785398	2.393226	1.857173	50	154	14	782.556
0.523599	1.812176	0.656819	35	135	0	782.504
-1.570796	1.756530	-2.105156	6	51	155	781.828
2.356194	2.247462	0.191623	9	39	137	781.812
2.617994	0.297065	2.160177	36	158	35	781.709
-2.356194	2.478122	2.609777	129	34	152	781.656
0.785398	1.025536	1.576859	18	36	41	781.493
1.308997	1.367556	0.358405	36	20	25	781.480
1.832596	1.168678	2.108595	158	35	47	780.969
-3.141593	0.866395	-2.492918	38	145	30	780.664
2.094395	0.961715	0.014085	27	35	30	780.661
-2.094395	0.733948	3.021411	156	43	24	780.576
0.785398	2.407836	1.410646	53	16	6	780.534
0.785398	2.588535	-2.976617	6	108	148	780.363
0.523599	0.992645	-1.723759	23	121	151	780.287
-1.047198	0.618092	2.539118	145	26	39	780.054
-0.523599	1.168678	2.108595	19	140	46	780.047
-2.094395	1.741644	-2.695914	149	49	35	779.721
-1.832596	0.419640	2.974122	136	38	40	779.585
-0.261799	1.741644	-2.695914	123	8	35	779.558
-2.879793	0.864993	2.278281	148	22	43	779.502
2.094395	0.571433	-1.188419	17	39	31	779.465
-2.879793	1.510910	-0.740472	146	28	130	779.215
-2.617994	1.135834	-1.431087	154	49	11	779.102
-2.879793	1.310100	1.488307	131	28	41	778.954
-3.141593	1.195355	1.200319	137	33	37	778.860
0.523599	2.760637	2.781135	20	113	148	778.833
-2.617994	1.242974	-2.977882	154	40	29	778.820
1.570796	0.619654	-2.216909	45	0	19	778.640
2.094395	1.195355	1.200319	4	42	31	778.416
2.617994	0.906588	1.252948	133	38	39	778.262
0.785398	2.153910	-1.714959	152	122	128	778.040
-2.879793	1.555207	1.708892	129	33	32	777.914
-0.785398	0.866395	-2.492918	129	24	34	777.830
-2.617994	1.809167	1.213774	16	47	15	777.672
2.617994	1.134796	2.434290	149	25	49	777.664
-1.047198	2.247462	0.191623	17	135	120	777.531
-1.570796	2.456751	-1.503343	152	130	121	777.520
2.094395	1.870545	-2.976234	39	138	27	777.054
0.785398	0.379747	-1.713059	159	118	27	777.040
-2.879793	2.295480	1.008277	150	50	20	777.039
-2.356194	0.866395	-2.492918	129	42	17	776.909
1.570796	1.599406	1.426070	40	13	22	776.861
0.000000	0.700570	1.559208	25	145	39	776.711
-1.570796	2.164094	-2.991358	145	25	130	776.666
1.832596	2.164094	-2.991358	17	140	120	776.411
-0.261799	0.419640	2.974122	145	20	41	776.340
2.356194	2.138223	1.678323	13	47	23	776.326
2.879793	0.831641	0.616218	135	37	143	776.139
-1.570796	0.591903	2.010408	155	9	45	776.128
-1.570796	2.396274	-1.959260	153	134	119	776.026
-1.570796	0.929350	-2.910676	20	46	25	775.961
-1.570796	2.478122	2.609777	142	27	122	775.954
2.879793	0.914445	2.687814	27	16	33	775.914
-2.356194	1.310100	1.488307	134	22	39	775.759
-1.308997	0.080730	-2.622036	136	25	42	775.757
-1.832596	1.135834	-1.431087	117	159	153	775.577
-1.832596	0.864993	2.278281	134	44	34	775.489
-3.141593	1.812176	0.656819	20	47	16	775.270
-2.617994	0.080730	-2.622036	144	38	44	775.238
0.000000	1.756530	-2.105156	13	132	123	775.211
2.356194	1.998705	2.370472	24	38	29	775.158
1.570796	1.184361	0.625864	34	10	39	775.096
2.356194	0.674054	1.013609	133	46	33	775.037
-2.356194	0.960688	-0.577532	129	40	1	774.836
0.523599	2.719179	-1.780644	140	141	124	774.814
1.570796	2.041297	-2.664597	21	140	123	774.750
-3.141593	2.587733	0.232235	151	39	127	774.699
-2.356194	2.001437	0.381215	131	7	128	774.612
1.832596	1.662363	0.915448	42	146	24	774.427
2.617994	1.869911	2.701025	30	36	27	774.414
2.356194	2.579248	-2.364801	49	1	158	774.404
2.617994	1.134497	-1.109631	153	44	158	774.367
2.356194	0.899350	-2.069907	44	142	15	774.367
1.308997	2.164094	-2.991358	15	139	118	774.271
2.617994	2.579248	-2.364801	51	8	159	774.184
2.094395	2.664082	-1.071402	151	127	122	774.184
1.570796	0.080730	-2.622036	159	118	32	774.090
-1.832596	1.391910	3.030322	135	32	136	773.814
-2.879793	1.134796	2.434290	152	29	40	773.379
-0.785398	0.080730	-2.622036	146	49	32	773.339
-1.570796	0.640596	-2.797608	0	47	38	772.969
-3.141593	0.674054	1.013609	142	21	40	772.892
-2.617994	1.504028	0.636812	11	45	22	772.676
-2.617994	1.812176	0.656819	118	15	3	772.627
1.570796	1.135813	-2.658866	147	110	6	772.594
0.000000	1.506530	1.988858	139	111	0	772.525
-2.879793	0.762244	-0.273349	139	39	137	771.965
0.261799	1.904882	-1.478089	150	123	132	771.825
1.308997	1.870545	-2.976234	24	130	127	771.804
1.832596	1.870545	-2.976234	47	157	27	771.623
2.094395	1.998705	2.370472	29	32	33	771.342
-1.832596	1.998705	2.370472	142	36	129	771.302
-2.094395	1.948085	-2.363031	150	52	26	771.230
-2.617994	2.138223	1.678323	16	47	1	771.156
-0.523599	2.108018	1.311430	132	118	149	771.148
-3.141593	0.591903	2.010408	140	15	44	770.870
-1.308997	0.591903	2.010408	156	12	44	770.867
2.356194	1.247695	1.809890	145	37	46	770.863
2.356194	1.128190	-2.288622	42	19	7	770.723
0.785398	2.881233	-2.582574	151	118	133	770.639
0.785398	1.413430	2.550734	20	142	43	770.523
2.879793	1.135813	-2.658866	40	23	22	770.498
-1.047198	1.135813	-2.658866	1	44	18	770.462
-2.356194	1.809167	1.213774	6	48	8	769.941
0.261799	1.128190	-2.288622	130	118	157	769.834
2.094395	0.960688	-0.577532	21	39	27	769.431
-2.094395	0.203748	0.590255	131	146	34	769.369
1.047198	1.413347	-1.339188	8	112	139	769.142
-1.047198	1.214854	-1.966664	114	2	21	769.121
1.047198	1.310100	1.488307	19	37	40	768.956
0.785398	2.637879	2.121598	47	147	9	768.896
-2.617994	0.961715	0.014085	129	33	19	768.704
2.879793	0.674054	1.013609	135	32	35	768.640
-2.094395	1.872854	1.543456	0	47	1	768.516
0.523599	2.187132	-0.479875	6	153	115	768.485
-2.356194	1.194549	-0.801900	143	34	127	768.471
-0.261799	2.592629	0.909713	141	113	139	768.172
1.570796	1.367556	0.358405	37	14	37	768.102
2.879793	1.310100	1.488307	128	40	29	767.921
-1.570796	1.699788	2.452890	129	28	133	767.531
2.879793	1.554776	0.100351	4	35	132	767.492
0.785398	1.658653	-2.409879	21	130	127	767.140
1.308997	1.554776	0.100351	40	24	22	767.023
1.308997	2.356369	3.005869	9	137	116	766.971
-2.356194	1.721184	-0.153948	124	8	142	766.969
0.785398	0.685216	-1.712745	143	111	157	766.543
-2.617994	1.256302	0.062705	124	18	133	766.537
-2.617994	2.033014	2.977192	141	45	36	766.487
0.000000	1.194549	-0.801900	148	114	138	766.259
-0.785398	1.214854	-1.966664	110	4	9	766.219
-2.617994	1.214854	-1.966664	28	46	5	766.197
2.617994	0.864993	2.278281	144	21	48	765.653
-1.570796	2.356369	3.005869	141	25	131	765.566
-3.141593	2.108018	1.311430	27	46	6	765.410
1.832596	1.683268	0.374177	39	30	20	765.312
-2.879793	1.433411	-1.035986	156	33	130	765.300
1.047198	0.674054	1.013609	153	21	45	765.264
-1.570796	2.760637	2.781135	151	26	120	765.260
1.832596	0.910508	1.903534	144	34	48	765.215
-0.523599	0.615174	-0.666022	10	121	20	765.082
-2.356194	1.413347	-1.339188	0	40	132	765.018
-1.832596	1.433411	-1.035986	125	23	144	764.954
-0.785398	0.591903	2.010408	150	24	42	764.778
-1.832596	1.846342	-1.796954	152	40	129	764.754
-2.617994	0.297065	2.160177	12	36	41	764.256
-2.879793	1.128190	-2.288622	154	47	7	764.141
1.570796	2.299159	2.264663	34	127	2	764.135
-1.047198	1.982574	-1.115518	151	120	132	763.798
-2.356194	1.247695	1.809890	20	46	15	763.663
0.523599	1.617114	-1.572037	15	126	134	763.602
-2.879793	1.135813	-2.658866	42	156	25	763.487
1.308997	1.977582	0.969896	44	14	9	763.359
-2.617994	2.719179	-1.780644	157	131	123	763.093
-1.308997	1.413430	2.550734	135	20	48	762.835
-2.094395	0.619654	-2.216909	125	33	23	762.795
-2.879793	1.450119	-2.739050	34	34	27	762.732
-0.523599	2.592629	0.909713	27	124	135	762.374
2.617994	2.588535	-2.976617	13	143	117	762.250
1.832596	2.393226	1.857173	28	42	22	762.197
-1.570796	1.574060	2.783565	131	34	19	762.025
2.617994	2.407836	1.410646	34	37	158	762.009
-2.356194	0.700570	1.559208	136	151	38	761.842
-2.094395	1.658653	-2.409879	152	50	29	761.586
-2.356194	0.080730	-2.622036	140	35	45	761.545
2.879793	2.174483	2.653697	157	47	35	761.543
1.308997	1.310100	1.488307	19	45	29	761.375
2.356194	1.741644	-2.695914	41	139	24	761.317
-1.570796	1.836682	-0.676006	136	159	123	761.075
2.356194	2.455966	-0.641220	0	143	115	760.958
-1.047198	0.591903	2.010408	30	133	36	760.828
-0.523599	0.591903	2.010408	148	23	41	760.644
-2.617994	1.875281	0.107086	131	14	136	760.619
1.570796	2.349581	-2.702517	9	145	116	760.594
2.094395	1.977582	0.969896	144	45	157	760.469
-1.832596	0.866955	-0.931351	123	26	147	760.383
1.308997	1.756530	-2.105156	27	143	128	760.245
-2.094395	2.063651	-2.044600	155	42	141	760.037
2.356194	1.683268	0.374177	30	36	26	759.908
-1.570796	1.433411	-1.035986	119	145	147	759.825
-2.879793	1.488617	1.159546	122	31	21	759.684
-2.617994	1.658653	-2.409879	3	48	17	759.391
2.617994	1.301460	-0.509251	148	41	15	759.312
-1.832596	0.914445	2.687814	130	42	29	759.147
-1.832596	2.187132	-0.479875	143	133	122	758.687
0.785398	2.174483	2.653697	158	113	135	758.363
-2.617994	1.909857	-0.381669	143	17	123	758.271
-2.617994	2.174483	2.653697	143	41	17	758.227
-1.570796	2.719179	-1.780644	0	131	118	758.165
1.832596	1.555207	1.708892	18	38	34	757.968
-2.356194	1.741644	-2.695914	4	50	31	757.848
-2.879793	0.618092	2.539118	15	44	31	757.701
2.617994	1.555207	1.708892	7	37	33	757.551
2.094395	2.349581	-2.702517	10	147	116	757.437
-1.047198	0.496451	0.593859	18	149	42	757.182
-2.094395	1.756530	-2.105156	154	42	146	757.105
2.617994	2.664082	-1.071402	4	120	124	757.043
-1.308997	2.396274	-1.959260	0	130	120	756.718
0.261799	1.448123	-2.163292	132	116	149	756.660
-2.617994	2.164094	-2.991358	156	52	27	756.580
-0.523599	2.001437	0.381215	21	127	127	756.528
0.523599	2.251330	-2.330739	148	116	140	756.391
-2.356194	2.033014	2.977192	143	40	15	756.367
1.047198	1.741644	-2.695914	24	135	125	756.308
0.261799	2.704512	1.488683	24	131	137	756.118
1.308997	0.866955	-0.931351	39	137	7	755.996
-3.141593	0.960688	-0.577532	149	48	11	755.902
-1.047198	0.619654	-2.216909	132	47	25	755.896
-1.047198	2.349581	-2.702517	144	17	124	755.852
2.094395	1.683268	0.374177	26	39	5	755.695
-3.141593	2.164094	-2.991358	37	39	20	755.386
-2.617994	1.741644	-2.695914	36	42	18	755.311
-1.308997	2.041297	-2.664597	141	18	128	754.871
0.785398	0.496451	0.593859	25	21	32	754.643
-1.570796	1.050534	3.042579	126	36	22	754.605
1.570796	2.704512	1.488683	27	45	11	754.572
-2.094395	0.370812	-2.547742	133	35	40	754.520
1.832596	0.591903	2.010408	153	24	43	754.463
1.832596	0.418037	1.360082	145	10	46	754.357
2.356194	2.349581	-2.702517	50	14	8	754.347
-2.879793	1.869911	2.701025	141	42	38	754.219
0.523599	2.478122	2.609777	19	119	148	754.199
-2.094395	1.545873	-1.877082	149	50	20	753.984
2.879793	0.709924	0.218797	132	48	21	753.844
-1.832596	1.545873	-1.877082	153	44	143	753.781
0.785398	2.108018	1.311430	52	14	8	753.724
-2.879793	2.001437	0.381215	10	53	1	753.707
-2.879793	1.741644	-2.695914	27	41	3	753.691
2.356194	2.664082	-1.071402	153	115	125	753.495
-3.141593	1.014500	0.906702	127	34	31	753.463
-2.879793	2.104282	-0.813972	159	20	119	753.204
0.523599	1.982574	-1.115518	48	156	156	753.032
-2.356194	0.370812	-2.547742	24	32	36	753.019
-1.570796	0.419640	2.974122	132	33	40	753.012
1.308997	2.033014	2.977192	25	126	37	752.965
-1.047198	2.456751	-1.503343	3	123	124	752.744
-0.785398	0.496451	0.593859	17	151	42	752.689
2.094395	1.554776	0.100351	29	42	12	752.466
1.832596	1.128190	-2.288622	34	124	19	752.452
-2.879793	0.685216	-1.712745	28	42	13	752.305
-1.570796	0.379747	-1.713059	134	49	25	752.287
-3.141593	1.574060	2.783565	2	33	48	752.129
-2.617994	2.979456	-1.009304	41	142	151	752.099
0.261799	1.367556	0.358405	37	147	30	752.007
-2.094395	1.662363	0.915448	124	13	31	751.959
-2.879793	1.194549	-0.801900	143	45	4	751.871
1.570796	2.174483	2.653697	26	15	40	751.867
-2.094395	1.247695	1.809890	137	47	33	751.614
1.570796	1.488617	1.159546	38	28	15	751.604
2.879793	2.187132	-0.479875	139	39	146	751.465
2.879793	1.836682	-0.676006	138	37	144	751.334
2.094395	1.218453	2.777284	155	145	49	751.330
-2.356194	0.591903	2.010408	150	154	44	751.325
2.617994	1.374601	-2.456031	43	25	8	751.276
2.094395	1.599406	1.426070	13	41	33	751.258
-2.879793	1.569311	-3.003978	24	39	9	751.211
2.094395	0.929350	-2.910676	21	122	36	751.183
1.570796	0.203748	0.590255	142	28	44	751.111
-0.785398	1.606104	-0.451151	151	118	139	751.109
0.261799	1.732874	-0.951685	154	123	127	751.014
-2.617994	1.450119	-2.739050	30	38	26	750.832
-2.617994	2.724429	-0.348782	13	124	125	750.813
0.523599	0.960688	-0.577532	16	116	132	750.796
0.261799	1.168678	2.108595	34	158	35	750.642
0.000000	1.904882	-1.478089	143	126	131	750.635
-0.785398	2.704512	1.488683	5	106	149	750.559
-1.308997	2.588535	-2.976617	147	20	117	750.524
-1.832596	2.881233	-2.582574	148	44	138	750.479
-3.141593	1.433411	-1.035986	135	38	150	750.062
2.617994	1.812176	0.656819	30	41	18	750.046
-0.261799	1.812176	0.656819	25	120	141	750.025
-3.141593	1.256302	0.062705	135	33	148	750.020
1.047198	1.824694	1.850876	43	0	21	749.808
-0.261799	1.417623	-0.202254	1	118	145	749.723
2.094395	0.370812	-2.547742	21	34	39	749.713
1.570796	1.812176	0.656819	42	21	18	749.239
2.617994	1.128190	-2.288622	37	139	28	749.178
1.570796	1.128190	-2.288622	29	130	17	749.158
0.523599	1.214854	-1.966664	21	119	144	748.961
-0.261799	1.413430	2.550734	153	139	49	748.897
0.261799	1.875281	0.107086	29	140	126	748.896
-2.356194	0.618092	2.539118	143	47	38	748.773
2.617994	0.929350	-2.910676	22	131	40	748.740
2.879793	0.615174	-0.666022	24	48	4	748.594
-2.356194	2.664082	-1.071402	149	133	127	748.562
-2.879793	1.448123	-2.163292	31	42	3	748.391
1.570796	0.961715	0.014085	28	30	30	748.373
-2.879793	1.045978	0.343692	133	36	18	748.316
0.523599	0.762244	-0.273349	34	145	25	748.085
-1.570796	2.251330	-2.330739	135	38	148	748.033
-0.261799	0.960688	-0.577532	153	109	140	747.929
0.261799	2.984978	1.954446	145	122	132	747.914
1.832596	1.504028	0.636812	34	31	15	747.857
0.000000	0.866955	-0.931351	152	108	140	747.765
-0.523599	0.733948	3.021411	143	20	43	747.760
-2.356194	1.242974	-2.977882	154	46	15	747.723
-1.832596	0.929350	-2.910676	7	39	44	747.610
0.785398	1.134796	2.434290	17	149	44	747.445
-0.785398	0.419640	2.974122	18	46	24	747.248
0.261799	0.379747	-1.713059	146	123	27	747.230
-2.356194	2.979456	-1.009304	155	126	129	747.204
-3.141593	2.089241	-0.114193	126	30	2	747.180
-2.879793	1.242974	-2.977882	5	39	36	747.096
2.356194	0.866395	-2.492918	28	131	33	747.075
-2.879793	2.356369	3.005869	156	51	30	746.957
1.570796	1.506530	1.988858	25	32	36	746.777
2.617994	2.033014	2.977192	23	33	39	746.567
-1.832596	1.869911	2.701025	141	34	128	746.534
-2.094395	2.478122	2.609777	152	32	131	746.513
-2.094395	2.174483	2.653697	140	44	4	746.305
1.570796	1.683268	0.374177	40	24	21	746.133
1.047198	2.984978	1.954446	52	14	0	746.098
-2.617994	1.194549	-0.801900	142	34	136	746.088
-0.523599	1.301460	-0.509251	152	116	142	746.049
0.000000	1.909857	-0.381669	13	144	115	745.991
0.523599	1.662363	0.915448	151	110	3	745.863
-2.356194	1.545873	-1.877082	7	44	143	745.684
2.356194	1.194549	-0.801900	19	46	20	745.518
0.523599	1.721184	-0.153948	24	141	122	745.274
2.879793	1.574060	2.783565	29	31	31	745.186
0.000000	2.704512	1.488683	47	148	2	745.096
-0.523599	1.413347	-1.339188	4	107	152	745.051
-1.308997	0.290380	-0.796960	109	152	15	745.008
-1.308997	0.203748	0.590255	26	147	39	744.923
1.047198	1.488617	1.159546	48	20	15	744.691
-3.141593	2.115563	0.685730	19	49	10	744.578
1.308997	0.496451	0.593859	13	28	33	744.572
-0.261799	1.756530	-2.105156	10	130	123	744.490
2.356194	1.809167	1.213774	1	48	17	744.430
-2.094395	0.929350	-2.910676	139	44	20	744.414
-3.141593	1.247695	1.809890	21	41	30	744.356
-1.570796	0.733948	3.021411	129	34	32	744.286
-1.832596	2.664082	-1.071402	152	126	127	744.083
-2.356194	1.555207	1.708892	19	44	17	743.971
-1.570796	2.299159	2.264663	114	152	159	743.885
-1.308997	1.982574	-1.115518	143	127	130	743.854
-3.141593	1.325504	-1.671296	33	38	157	743.854
2.879793	0.379747	-1.713059	139	44	36	743.846
1.570796	0.850607	-1.335383	27	36	28	743.842
-0.785398	0.700570	1.559208	143	24	45	743.680
1.832596	2.104282	-0.813972	3	134	118	743.532
1.570796	1.662363	0.915448	39	17	23	743.426
2.356194	1.417623	-0.202254	158	45	38	743.330
2.879793	1.683268	0.374177	21	45	21	743.301
-1.832596	1.050534	3.042579	134	33	142	743.163
2.879793	1.450119	-2.739050	41	26	21	743.147
0.000000	1.555207	1.708892	139	111	0	742.920
-2.617994	1.569311	-3.003978	159	41	42	742.915
-1.308997	1.766067	2.153843	115	5	14	742.896
1.047198	1.658653	-2.409879	23	134	127	742.800
-2.094395	1.194549	-0.801900	134	26	124	742.691
-1.047198	1.569311	-3.003978	119	156	29	742.544
2.879793	2.295480	1.008277	155	49	12	742.328
2.879793	2.063651	-2.044600	51	14	159	742.267
2.094395	0.640596	-2.797608	14	121	36	741.862
0.523599	1.555207	1.708892	0	120	28	741.673
-1.832596	2.456751	-1.503343	153	128	125	741.650
1.832596	1.014500	0.906702	31	28	23	741.617
2.617994	0.899350	-2.069907	40	19	18	741.444
0.000000	1.846342	-1.796954	141	123	135	741.413
2.879793	2.592629	0.909713	20	42	149	741.285
2.356194	2.073035	2.027405	20	41	28	741.234
-2.879793	2.719179	-1.780644	157	144	117	741.008
-2.617994	1.732874	-0.951685	151	24	117	740.945
-2.879793	1.374601	-2.456031	7	43	22	740.855
-3.141593	1.391910	3.030322	1	30	48	740.765
1.832596	2.979456	-1.009304	142	131	127	740.694
2.356194	2.001437	0.381215	4	46	19	740.688
0.785398	1.574060	2.783565	14	132	43	740.624
0.261799	1.256302	0.062705	31	128	133	740.606
-2.617994	2.295480	1.008277	9	50	156	740.492
-1.832596	2.073035	2.027405	133	34	145	740.375
0.261799	2.073035	2.027405	142	113	147	740.372
1.047198	0.571433	-1.188419	8	108	144	740.303
-1.308997	1.448123	-2.163292	2	43	16	740.237
-0.523599	0.297065	2.160177	136	25	44	740.232
2.617994	0.419640	2.974122	34	5	31	740.091
0.523599	0.496451	0.593859	154	22	50	740.011
0.785398	2.033014	2.977192	159	118	145	739.900
0.785398	1.310100	1.488307	22	33	41	739.864
2.879793	2.719179	-1.780644	44	144	154	739.598
-1.570796	2.153910	-1.714959	147	133	123	739.596
-0.261799	0.700570	1.559208	144	20	44	739.580
1.570796	1.741644	-2.695914	32	129	3	739.575
0.785398	2.455966	-0.641220	3	158	115	739.221
-0.523599	2.637879	2.121598	157	106	155	739.066
2.094395	2.592629	0.909713	138	44	0	738.906
1.308997	0.619654	-2.216909	146	111	4	738.730
2.879793	0.910508	1.903534	136	24	45	738.694
-3.141593	0.961715	0.014085	136	37	152	738.148
1.047198	1.846342	-1.796954	22	139	127	738.091
0.785398	2.073035	2.027405	47	156	20	737.902
-0.785398	2.247462	0.191623	18	133	122	737.898
0.523599	1.325504	-1.671296	141	111	139	737.870
0.785398	1.367556	0.358405	44	153	30	737.760
0.523599	1.809167	1.213774	50	159	15	737.752
1.047198	2.637879	2.121598	55	157	13	737.588
-2.094395	2.396274	-1.959260	152	138	119	737.562
1.308997	1.617114	-1.572037	29	140	135	737.557
-2.356194	2.041297	-2.664597	154	42	153	737.477
2.094395	1.391910	3.030322	52	15	159	737.439
-1.832596	2.396274	-1.959260	152	136	119	737.401
-0.261799	0.864993	2.278281	127	0	35	737.313
-3.141593	1.662363	0.915448	26	47	17	737.281
-3.141593	2.863997	0.549740	154	36	124	737.227
1.047198	1.836682	-0.676006	6	146	112	736.956
-1.570796	1.450119	-2.739050	153	46	38	736.928
1.832596	2.719179	-1.780644	4	115	130	736.738
-1.832596	1.699788	2.452890	134	34	133	736.709
0.000000	1.510910	-0.740472	155	118	129	736.689
1.570796	1.982574	-1.115518	3	124	121	736.648
2.356194	2.108018	1.311430	34	32	8	736.317
-0.523599	0.419640	2.974122	8	47	22	736.184
1.308997	2.299159	2.264663	29	20	36	736.105
0.000000	2.984978	1.954446	144	125	131	736.031
2.094395	0.591903	2.010408	1	11	45	736.002
2.356194	1.374601	-2.456031	42	14	15	735.969
2.617994	2.863997	0.549740	121	152	133	735.951
1.832596	0.496451	0.593859	149	29	41	735.887
0.261799	2.456751	-1.503343	146	136	125	735.865
2.879793	2.115563	0.685730	22	47	8	735.852
-2.356194	1.367556	0.358405	123	157	31	735.824
1.832596	1.448123	-2.163292	46	7	4	735.581
-2.617994	1.195355	1.200319	155	45	40	735.541
0.523599	2.073035	2.027405	149	110	144	735.432
0.785398	1.766067	2.153843	33	143	37	735.393
-0.523599	0.961715	0.014085	158	110	153	735.363
-3.141593	0.203748	0.590255	131	159	34	735.363
2.094395	1.440580	2.260026	17	28	38	735.360
1.570796	0.831641	0.616218	3	27	45	735.072
1.047198	1.335669	0.897240	49	20	10	735.051
-1.570796	0.203748	0.590255	145	111	8	735.047
0.000000	2.588535	-2.976617	135	1	125	735.007
-2.617994	2.041297	-2.664597	35	44	15	734.802
-1.047198	2.760637	2.781135	119	154	141	734.786
0.261799	1.545873	-1.877082	133	116	141	734.747
0.785398	0.458961	-0.107937	15	24	42	734.660
-1.832596	1.242974	-2.977882	128	26	137	734.452
1.308997	1.741644	-2.695914	28	135	128	734.434
1.308997	1.506530	1.988858	17	33	41	734.210
2.879793	1.417623	-0.202254	144	40	13	734.188
1.047198	0.850607	-1.335383	33	126	7	734.119
-1.047198	1.766067	2.153843	114	159	14	734.093
-2.617994	2.393226	1.857173	150	47	9	733.969
1.308997	0.762244	-0.273349	25	26	37	733.938
0.000000	2.295480	1.008277	28	127	141	733.921
0.785398	1.448123	-2.163292	25	122	139	733.913
0.523599	0.615174	-0.666022	38	150	25	733.479
1.570796	2.393226	1.857173	30	39	21	733.475
2.617994	1.504028	0.636812	153	48	13	732.922
2.094395	0.700570	1.559208	138	38	42	732.815
-0.261799	0.762244	-0.273349	24	139	39	732.690
1.570796	2.407836	1.410646	26	46	16	732.610
0.785398	0.906588	1.252948	34	7	30	732.539
1.308997	0.866395	-2.492918	142	109	4	732.463
2.356194	0.619654	-2.216909	38	132	25	732.410
2.356194	0.709924	0.218797	4	40	26	732.320
1.308997	1.599406	1.426070	23	37	36	732.315
0.000000	0.709924	0.218797	35	159	36	732.307
1.570796	1.824694	1.850876	42	13	20	732.301
-1.570796	2.724429	-0.348782	151	127	127	732.298
-0.523599	0.458961	-0.107937	23	144	41	732.286
0.000000	1.982574	-1.115518	149	129	126	732.150
1.570796	0.591903	2.010408	3	1	46	731.981
1.832596	1.809167	1.213774	39	20	19	731.954
-2.356194	1.510910	-0.740472	142	24	119	731.882
1.832596	1.440580	2.260026	16	25	43	731.711
2.094395	2.041297	-2.664597	44	139	1	731.614
2.356194	2.343981	-1.040456	4	127	120	731.601
-0.523599	2.404280	-0.174044	153	107	144	731.340
1.047198	0.700570	1.559208	14	42	36	731.298
1.570796	1.699788	2.452890	16	21	48	731.071
-1.308997	2.478122	2.609777	113	140	22	730.875
2.617994	0.685216	-1.712745	33	30	18	730.826
-2.094395	1.869911	2.701025	135	41	15	730.617
-1.570796	2.664082	-1.071402	156	124	127	730.585
2.617994	1.045978	0.343692	156	49	15	730.570
-2.879793	1.440580	2.260026	158	37	32	730.343
-1.570796	1.184361	0.625864	121	129	7	730.265
0.000000	2.379497	0.561089	26	136	131	730.169
0.785398	0.297065	2.160177	141	158	42	730.156
0.785398	1.812176	0.656819	48	6	7	730.139
0.261799	1.417623	-0.202254	23	129	125	729.915
-2.094395	1.870545	-2.976234	3	34	133	729.480
2.617994	1.554776	0.100351	158	43	4	729.438
-2.617994	1.025536	1.576859	135	20	43	729.251
-0.261799	0.615174	-0.666022	150	106	148	729.177
-2.356194	1.504028	0.636812	5	43	22	729.131
2.879793	0.618092	2.539118	33	8	30	729.032
-1.570796	0.618092	2.539118	157	42	31	728.986
2.879793	1.809167	1.213774	31	41	16	728.791
-0.523599	2.863997	0.549740	14	131	129	728.667
0.523599	1.870545	-2.976234	159	116	148	728.649
1.570796	1.325504	-1.671296	37	141	148	728.438
2.617994	1.195355	1.200319	135	43	36	728.429
0.785398	2.704512	1.488683	28	141	137	728.345
-0.261799	1.242974	-2.977882	122	130	6	728.250
1.308997	1.948085	-2.363031	13	143	121	728.118
-0.785398	2.637879	2.121598	151	107	155	728.059
-0.261799	1.325504	-1.671296	11	109	146	728.020
-2.879793	1.301460	-0.509251	146	33	139	727.938
-1.570796	1.741644	-2.695914	7	53	7	727.840
2.617994	1.741644	-2.695914	43	144	24	727.484
1.308997	2.073035	2.027405	26	27	39	727.437
-1.308997	2.063651	-2.044600	126	143	128	727.412
-3.141593	0.762244	-0.273349	143	49	17	727.355
-2.094395	2.637879	2.121598	149	33	124	727.004
2.879793	0.419640	2.974122	17	39	37	726.827
-1.570796	1.195355	1.200319	138	151	40	726.703
2.617994	1.194549	-0.801900	11	48	15	726.672
2.879793	1.195355	1.200319	131	38	36	726.655
-0.785398	2.587733	0.232235	14	131	126	726.482
-2.356194	2.592629	0.909713	124	140	136	725.836
-0.523599	2.407836	1.410646	15	109	149	725.520
-2.356194	1.391910	3.030322	156	47	13	725.391
-1.308997	2.343981	-1.040456	0	126	129	725.356
-2.879793	1.606104	-0.451151	120	16	6	725.187
1.570796	2.180315	-1.357379	0	127	120	725.175
-2.879793	1.504028	0.636812	122	32	18	724.770
-2.879793	1.195355	1.200319	130	27	37	724.701
-1.308997	0.571433	-1.188419	113	3	16	723.977
2.094395	1.113094	-0.272241	28	39	26	723.904
-2.617994	2.881233	-2.582574	6	135	118	723.895
2.879793	1.721184	-0.153948	141	42	13	723.895
2.356194	1.134497	-1.109631	45	18	144	723.766
2.617994	1.310100	1.488307	133	44	30	723.751
-1.308997	2.455966	-0.641220	154	140	120	723.687
-2.094395	2.073035	2.027405	142	38	143	723.539
-1.570796	1.214854	-1.966664	123	19	11	723.307
1.047198	1.872854	1.543456	25	126	22	723.286
2.879793	0.458961	-0.107937	146	50	25	723.100
2.617994	0.418037	1.360082	145	19	42	723.012
1.047198	1.450119	-2.739050	5	117	32	722.980
-2.879793	1.014500	0.906702	127	27	34	722.946
-2.356194	2.295480	1.008277	123	19	7	722.860
0.261799	1.247695	1.809890	146	111	8	722.699
0.785398	0.290380	-0.796960	45	137	15	722.658
2.879793	0.733948	3.021411	35	13	28	722.413
1.047198	2.104282	-0.813972	2	144	114	722.373
2.879793	2.299159	2.264663	17	47	22	722.342
-2.356194	1.113094	-0.272241	125	23	40	722.126
-2.879793	2.863997	0.549740	149	36	125	722.101
2.356194	0.370812	-2.547742	21	43	27	721.924
-0.261799	2.379497	0.561089	27	134	130	721.874
-2.094395	1.025536	1.576859	145	41	41	721.679
2.356194	2.174483	2.653697	39	33	26	721.563
-0.261799	1.135813	-2.658866	130	34	34	721.369
-0.261799	2.108018	1.311430	139	110	144	721.275
0.785398	2.299159	2.264663	47	150	17	721.268
-2.879793	0.831641	0.616218	125	30	28	721.256
1.308997	0.709924	0.218797	1	29	47	721.223
2.617994	1.721184	-0.153948	155	42	149	721.207
-1.308997	2.760637	2.781135	118	4	142	721.171
2.879793	0.906588	1.252948	130	33	38	721.165
-0.261799	1.168678	2.108595	18	142	47	721.106
-1.308997	1.699788	2.452890	123	145	36	721.076
-0.261799	1.391910	3.030322	140	10	49	720.931
1.308997	2.153910	-1.714959	156	111	133	720.803
0.523599	1.554776	0.100351	45	148	25	720.773
-2.879793	2.379497	0.561089	10	50	155	720.695
2.617994	2.719179	-1.780644	38	133	152	720.471
-2.356194	1.014500	0.906702	119	9	33	720.396
-2.356194	1.606104	-0.451151	126	14	141	720.148
0.261799	1.135834	-1.431087	142	113	141	720.129
-2.879793	2.704512	1.488683	120	32	6	720.080
1.832596	1.872854	1.543456	15	46	21	720.047
-3.141593	0.910508	1.903534	143	27	38	719.959
1.047198	2.187132	-0.479875	48	19	3	719.913
1.047198	1.948085	-2.363031	19	138	122	719.906
0.785398	1.135834	-1.431087	33	135	147	719.722
2.356194	1.242974	-2.977882	48	25	2	719.553
2.879793	1.872854	1.543456	133	46	33	719.538
-2.879793	2.592629	0.909713	154	41	140	719.523
2.094395	0.496451	0.593859	1	40	32	719.479
-2.356194	1.214854	-1.966664	154	52	13	719.477
-2.617994	1.374601	-2.456031	36	36	24	719.415
-2.617994	1.606104	-0.451151	138	22	130	719.406
0.785398	1.617114	-1.572037	159	113	140	719.366
2.356194	1.367556	0.358405	0	43	35	719.227
-2.356194	0.290380	-0.796960	134	37	138	718.878
1.570796	2.295480	1.008277	19	51	11	718.852
-0.785398	2.001437	0.381215	18	124	127	718.673
0.523599	0.961715	0.014085	50	151	8	718.666
0.261799	2.396274	-1.959260	145	134	124	718.645
-1.047198	2.396274	-1.959260	131	34	140	718.641
1.047198	2.138223	1.678323	47	158	19	718.625
0.785398	1.875281	0.107086	41	138	1	718.432
0.523599	2.704512	1.488683	27	136	137	718.406
-2.356194	0.709924	0.218797	131	145	33	718.368
-1.047198	1.448123	-2.163292	116	12	19	718.272
2.356194	0.850607	-1.335383	16	43	25	718.190
0.523599	1.510910	-0.740472	18	124	141	718.042
-2.617994	1.335669	0.897240	138	30	37	718.020
0.785398	1.488617	1.159546	15	121	33	718.019
0.000000	2.637879	2.121598	10	106	156	717.908
-2.617994	0.709924	0.218797	120	22	152	717.891
-3.141593	2.033014	2.977192	1	43	40	717.667
0.000000	1.113094	-0.272241	14	114	1	717.632
1.570796	1.413430	2.550734	34	7	40	717.474
-1.308997	1.732874	-0.951685	133	7	124	717.452
-2.879793	0.906588	1.252948	136	26	34	717.104
-0.785398	0.992645	-1.723759	111	3	14	716.864
-2.094395	1.766067	2.153843	146	49	18	716.783
2.094395	1.875281	0.107086	26	40	0	716.539
-2.356194	2.073035	2.027405	145	48	14	716.508
2.617994	2.881233	-2.582574	51	11	157	716.502
1.047198	1.809167	1.213774	32	125	22	716.472
2.094395	0.418037	1.360082	142	42	36	716.399
1.047198	0.906588	1.252948	32	12	31	716.398
1.308997	0.290380	-0.796960	20	32	35	716.279
0.523599	0.850607	-1.335383	148	108	145	716.201
-0.261799	2.704512	1.488683	21	121	138	716.159
1.832596	1.214854	-1.966664	30	40	14	716.157
-0.523599	1.732874	-0.951685	7	110	146	716.152
-0.261799	1.977582	0.969896	24	119	144	716.134
-2.879793	2.760637	2.781135	156	47	145	715.941
2.094395	2.396274	-1.959260	33	123	153	715.927
1.570796	1.113094	-0.272241	32	34	26	715.902
1.570796	0.864993	2.278281	150	25	50	715.837
1.308997	0.910508	1.903534	5	38	43	715.837
-1.570796	1.569311	-3.003978	124	32	10	715.625
0.523599	1.658653	-2.409879	18	126	127	715.513
-1.308997	0.831641	0.616218	136	117	15	715.479
-3.141593	2.295480	1.008277	153	51	10	715.477
-2.094395	2.164094	-2.991358	13	54	8	715.430
-1.047198	2.579248	-2.364801	154	130	115	715.378
-1.570796	0.709924	0.218797	115	134	8	715.159
0.785398	2.001437	0.381215	44	9	158	715.123
1.308997	2.251330	-2.330739	9	143	118	715.119
-2.879793	1.506530	1.988858	156	37	32	715.119
1.308997	1.699788	2.452890	33	141	35	715.099
1.570796	2.719179	-1.780644	152	110	132	715.000
-2.617994	1.128190	-2.288622	135	43	8	714.918
1.047198	2.396274	-1.959260	1	121	132	714.852
0.785398	1.214854	-1.966664	26	125	143	714.757
-3.141593	2.396274	-1.959260	8	2	115	714.681
-1.047198	1.128190	-2.288622	134	47	27	714.531
1.570796	0.496451	0.593859	18	25	34	714.499
1.570796	0.709924	0.218797	159	30	47	714.441
0.000000	1.025536	1.576859	39	158	34	714.281
1.047198	1.367556	0.358405	48	27	156	714.272
0.523599	0.418037	1.360082	147	23	44	714.265
-1.308997	0.700570	1.559208	141	33	45	714.248
1.308997	0.831641	0.616218	22	49	20	714.161
-1.570796	2.393226	1.857173	117	151	154	714.093
0.785398	2.251330	-2.330739	154	113	138	713.893
2.879793	1.510910	-0.740472	1	46	3	713.703
2.356194	1.413347	-1.339188	44	9	140	713.526
-2.094395	1.310100	1.488307	10	45	19	713.410
2.617994	2.174483	2.653697	31	40	23	713.385
2.094395	0.762244	-0.273349	12	39	24	713.270
-2.617994	1.506530	1.988858	137	32	42	713.264
2.879793	2.664082	-1.071402	6	118	124	713.229
-2.879793	2.164094	-2.991358	33	43	20	713.095
0.523599	0.618092	2.539118	153	14	43	713.011
-2.617994	1.440580	2.260026	2	39	29	712.967
0.000000	1.741644	-2.695914	125	3	35	712.930
2.356194	2.379497	0.561089	1	44	15	712.773
-2.094395	0.496451	0.593859	127	149	30	712.656
0.000000	2.407836	1.410646	141	113	140	712.478
0.785398	1.545873	-1.877082	29	140	130	712.404
1.047198	1.504028	0.636812	49	27	4	712.274
2.094395	2.455966	-0.641220	142	138	118	712.177
0.000000	0.496451	0.593859	47	150	23	712.128
1.832596	1.195355	1.200319	9	44	32	712.043
-2.617994	2.001437	0.381215	129	13	132	712.011
1.308997	2.579248	-2.364801	4	110	136	711.828
-3.141593	0.418037	1.360082	135	20	38	711.752
-1.570796	1.736875	3.023612	133	25	129	711.631
-0.785398	2.881233	-2.582574	155	21	118	711.544
-2.879793	2.579248	-2.364801	158	133	120	711.485
1.570796	1.214854	-1.966664	32	131	9	711.382
1.047198	2.719179	-1.780644	148	123	130	711.153
0.523599	1.440580	2.260026	23	143	43	711.042
-2.356194	1.050534	3.042579	157	45	22	711.041
-1.047198	2.478122	2.609777	116	134	22	710.859
-0.261799	0.866955	-0.931351	142	112	145	710.649
0.785398	2.478122	2.609777	154	117	131	710.545
-1.308997	1.440580	2.260026	122	24	154	710.528
1.308997	0.418037	1.360082	146	49	39	710.482
1.047198	1.812176	0.656819	37	132	23	710.082
1.047198	1.014500	0.906702	49	20	14	709.892
-1.308997	1.134796	2.434290	134	31	30	709.800
1.308997	1.569311	-3.003978	15	122	37	709.676
2.617994	0.591903	2.010408	24	143	38	709.548
-2.094395	1.413347	-1.339188	154	40	130	709.539
-2.094395	2.104282	-0.813972	124	1	131	709.529
-0.261799	2.180315	-1.357379	11	114	131	709.474
-3.141593	1.872854	1.543456	129	40	24	709.254
-0.785398	1.766067	2.153843	1	129	45	709.239
1.832596	1.045978	0.343692	156	32	45	709.111
1.308997	0.615174	-0.666022	40	18	25	709.003
0.523599	1.732874	-0.951685	157	122	127	708.970
2.879793	1.135834	-1.431087	140	51	25	708.953
-1.308997	2.637879	2.121598	118	147	147	708.905
-1.047198	2.164094	-2.991358	122	13	144	708.904
1.570796	1.134497	-1.109631	42	155	142	708.745
-1.308997	1.168678	2.108595	9	136	48	708.699
1.047198	1.756530	-2.105156	22	134	128	708.576
1.308997	1.374601	-2.456031	30	130	140	708.562
-1.570796	2.863997	0.549740	22	123	131	708.512
-1.570796	0.458961	-0.107937	111	140	11	708.461
-2.356194	1.218453	2.777284	159	43	23	708.449
-1.832596	2.299159	2.264663	138	33	139	708.410
-1.570796	1.488617	1.159546	132	150	37	708.350
-1.308997	2.863997	0.549740	143	124	133	708.203
-0.523599	1.569311	-3.003978	127	19	45	708.144
2.356194	0.700570	1.559208	28	133	36	707.846
0.785398	1.450119	-2.739050	136	113	7	707.805
-1.047198	2.455966	-0.641220	156	117	133	707.705
-2.356194	1.448123	-2.163292	23	49	6	707.695
-1.570796	1.846342	-1.796954	147	40	129	707.562
2.879793	0.418037	1.360082	140	23	40	707.519
1.308997	0.929350	-2.910676	6	126	39	707.470
-3.141593	0.899350	-2.069907	30	37	21	707.193
-2.356194	2.637879	2.121598	3	37	132	707.147
2.356194	1.335669	0.897240	136	41	157	706.969
-1.047198	1.875281	0.107086	14	126	122	706.740
2.094395	0.864993	2.278281	19	10	41	706.703
-1.308997	2.587733	0.232235	141	122	134	706.643
-2.879793	2.587733	0.232235	145	38	127	706.604
-2.094395	1.982574	-1.115518	122	1	133	706.494
-1.308997	1.870545	-2.976234	127	17	145	706.396
-0.261799	0.910508	1.903534	34	4	42	706.228
0.000000	0.203748	0.590255	9	25	42	706.188
-2.617994	0.370812	-2.547742	135	45	28	706.148
-0.261799	2.587733	0.232235	23	140	126	706.121
-2.356194	1.450119	-2.739050	28	47	18	706.119
-1.832596	2.356369	3.005869	144	27	131	706.078
-2.356194	1.440580	2.260026	130	6	40	706.040
2.356194	1.025536	1.576859	139	37	44	706.032
0.785398	0.866955	-0.931351	24	22	40	706.019
2.094395	0.709924	0.218797	19	34	29	705.979
2.617994	1.696674	-1.253233	154	45	141	705.901
0.785398	2.180315	-1.357379	154	124	128	705.890
-2.879793	0.700570	1.559208	135	20	39	705.887
1.832596	1.134796	2.434290	158	25	51	705.823
-2.094395	1.846342	-1.796954	158	39	128	705.818
1.832596	1.869911	2.701025	32	131	134	705.704
1.570796	1.766067	2.153843	18	29	46	705.668
1.308997	1.195355	1.200319	43	25	18	705.638
-2.094395	1.599406	1.426070	1	46	11	705.541
2.356194	0.419640	2.974122	42	1	23	705.477
0.523599	1.875281	0.107086	37	133	1	705.404
-2.879793	1.168678	2.108595	144	29	40	705.352
0.000000	1.134497	-1.109631	139	116	142	705.109
2.617994	2.001437	0.381215	158	50	19	705.062
-0.785398	2.404280	-0.174044	156	115	135	705.051
1.308997	1.135834	-1.431087	50	16	8	704.979
2.879793	2.104282	-0.813972	151	45	138	704.924
-1.832596	1.741644	-2.695914	13	55	5	704.781
-2.617994	0.458961	-0.107937	123	29	155	704.699
-1.570796	0.850607	-1.335383	137	37	137	704.684
2.094395	1.662363	0.915448	2	52	8	704.672
-1.047198	2.104282	-0.813972	144	143	119	704.646
-2.356194	0.615174	-0.666022	136	37	136	704.534
-1.570796	1.869911	2.701025	129	38	2	704.445
2.356194	2.588535	-2.976617	14	143	118	704.347
-1.570796	0.864993	2.278281	140	40	34	704.255
-0.523599	0.290380	-0.796960	138	111	0	704.238
2.356194	0.458961	-0.107937	145	34	43	704.166
-0.523599	0.496451	0.593859	19	147	39	704.115
1.047198	2.592629	0.909713	26	44	6	704.089
1.047198	2.153910	-1.714959	8	119	136	704.072
2.094395	1.433411	-1.035986	20	41	149	704.023
0.523599	0.379747	-1.713059	141	110	159	703.662
-0.523599	2.343981	-1.040456	4	111	133	703.520
-1.047198	0.929350	-2.910676	151	45	41	703.410
0.000000	1.247695	1.809890	34	155	37	703.383
-2.094395	1.440580	2.260026	134	48	23	703.311
-2.094395	1.699788	2.452890	141	46	17	703.223
-2.879793	2.724429	-0.348782	157	125	122	703.069
1.832596	2.174483	2.653697	28	16	39	703.057
1.832596	2.033014	2.977192	47	7	18	702.908
-2.356194	0.674054	1.013609	124	4	37	702.840
0.000000	1.766067	2.153843	9	120	21	702.334
-1.047198	1.391910	3.030322	124	154	34	702.166
2.094395	1.134497	-1.109631	45	15	142	701.815
-1.832596	0.674054	1.013609	0	16	46	701.806
-1.570796	1.440580	2.260026	127	153	39	701.678
0.261799	1.599406	1.426070	158	118	27	701.678
1.832596	1.741644	-2.695914	38	133	4	701.656
2.617994	2.979456	-1.009304	154	121	127	701.521
2.356194	2.104282	-0.813972	3	135	116	701.392
-0.523599	1.809167	1.213774	142	128	27	701.286
-3.141593	2.455966	-0.641220	3	125	120	701.080
-0.785398	1.909857	-0.381669	6	153	110	701.065
-3.141593	1.721184	-0.153948	135	26	141	701.055
-2.617994	0.929350	-2.910676	41	156	29	701.009
-2.356194	1.870545	-2.976234	156	50	34	701.008
-0.523599	1.699788	2.452890	153	136	48	701.002
1.570796	1.872854	1.543456	155	48	33	700.907
-0.785398	1.875281	0.107086	13	131	120	700.884
0.785398	0.418037	1.360082	3	25	40	700.803
-0.261799	2.295480	1.008277	23	120	141	700.768
-2.356194	2.404280	-0.174044	1	125	120	700.727
2.617994	0.203748	0.590255	139	39	35	700.691
-1.047198	1.242974	-2.977882	125	157	33	700.432
-1.570796	1.504028	0.636812	122	129	3	700.154
-2.094395	2.979456	-1.009304	50	11	154	700.134
-1.047198	2.180315	-1.357379	153	126	126	699.995
-2.094395	2.704512	1.488683	145	36	128	699.928
0.261799	2.356369	3.005869	154	114	147	699.860
0.261799	2.637879	2.121598	146	118	136	699.812
-1.047198	2.356369	3.005869	118	4	148	699.706
1.047198	1.391910	3.030322	14	138	45	699.547
1.832596	1.391910	3.030322	39	153	34	699.351
-1.570796	2.343981	-1.040456	149	125	130	699.314
2.094395	2.456751	-1.503343	2	113	128	699.299
2.617994	1.606104	-0.451151	150	52	27	699.255
-1.570796	2.174483	2.653697	141	30	126	699.019
0.523599	1.756530	-2.105156	22	136	124	698.948
2.356194	1.391910	3.030322	48	25	158	698.786
0.523599	0.709924	0.218797	48	156	18	698.700
-2.617994	2.349581	-2.702517	33	46	12	698.640
0.523599	1.904882	-1.478089	7	129	129	698.567
0.785398	1.599406	1.426070	29	36	24	698.548
-0.785398	1.721184	-0.153948	152	115	146	698.538
2.617994	0.910508	1.903534	22	157	44	698.472
-1.570796	1.998705	2.370472	130	29	142	698.457
-1.832596	2.863997	0.549740	12	116	132	698.343
0.000000	1.391910	3.030322	140	6	48	698.312
-1.832596	0.960688	-0.577532	115	159	6	698.283
-1.308997	1.824694	1.850876	115	5	17	698.265
-0.523599	2.115563	0.685730	19	121	133	698.208
-3.141593	2.247462	0.191623	11	51	158	698.172
0.000000	2.108018	1.311430	25	121	150	698.119
0.523599	1.433411	-1.035986	46	148	10	698.069
1.832596	0.080730	-2.622036	21	29	41	698.012
-0.261799	0.418037	1.360082	145	23	47	697.958
0.785398	2.115563	0.685730	33	40	6	697.723
0.785398	1.904882	-1.478089	52	159	158	697.714
-0.523599	1.982574	-1.115518	8	111	139	697.676
2.879793	2.637879	2.121598	0	50	9	697.586
-2.617994	1.413347	-1.339188	1	37	133	697.365
-2.617994	0.685216	-1.712745	130	37	23	697.344
-1.308997	0.733948	3.021411	128	28	33	696.981
-0.523599	1.417623	-0.202254	157	117	145	696.829
-0.261799	1.948085	-2.363031	112	142	20	696.651
2.094395	2.108018	1.311430	36	27	9	696.625
2.094395	1.134796	2.434290	156	21	52	696.616
-1.570796	1.696674	-1.253233	131	12	127	696.598
-2.356194	2.251330	-2.330739	21	45	152	696.537
-1.308997	2.299159	2.264663	118	133	24	696.278
-0.523599	0.864993	2.278281	7	148	47	696.241
-1.832596	1.218453	2.777284	138	36	142	696.049
-2.356194	0.831641	0.616218	109	144	12	695.999
-0.523599	1.450119	-2.739050	120	21	35	695.962
2.879793	0.899350	-2.069907	34	25	19	695.857
-2.356194	1.998705	2.370472	148	48	12	695.656
2.617994	1.977582	0.969896	129	43	8	695.502
2.356194	1.870545	-2.976234	41	142	29	695.320
0.523599	2.104282	-0.813972	48	3	157	695.206
-2.617994	1.184361	0.625864	137	27	40	695.183
0.261799	1.662363	0.915448	20	123	25	695.047
-1.047198	0.297065	2.160177	136	34	41	694.940
2.094395	1.045978	0.343692	159	37	42	694.931
-0.261799	1.658653	-2.409879	113	143	24	694.900
-0.785398	2.295480	1.008277	131	120	146	694.890
2.356194	1.045978	0.343692	3	41	22	694.453
0.523599	0.864993	2.278281	12	154	46	694.448
0.261799	0.866395	-2.492918	140	127	27	694.430
-0.523599	0.640596	-2.797608	135	45	34	694.318
-0.785398	1.367556	0.358405	37	134	3	694.285
-0.523599	1.510910	-0.740472	0	114	145	694.219
-0.785398	1.417623	-0.202254	155	113	158	694.196
2.094395	1.374601	-2.456031	44	10	5	694.076
-1.832596	1.413430	2.550734	131	33	137	693.950
1.570796	1.218453	2.777284	29	2	42	693.946
1.047198	1.696674	-1.253233	7	119	128	693.728
-2.094395	1.977582	0.969896	159	44	10	693.722
-3.141593	0.419640	2.974122	16	42	33	693.525
1.047198	2.180315	-1.357379	155	125	124	693.405
2.094395	0.619654	-2.216909	34	126	25	693.231
2.094395	1.194549	-0.801900	23	44	20	693.212
0.785398	0.700570	1.559208	18	42	35	693.098
1.308997	0.571433	-1.188419	43	7	22	693.047
1.570796	1.721184	-0.153948	39	28	153	692.982
1.832596	1.113094	-0.272241	29	37	26	692.923
-0.261799	1.134497	-1.109631	14	112	156	692.911
-1.570796	1.658653	-2.409879	139	50	29	692.854
2.879793	2.587733	0.232235	156	40	130	692.816
0.523599	2.299159	2.264663	153	112	136	692.810
-1.047198	0.418037	1.360082	147	32	48	692.579
-0.523599	2.579248	-2.364801	152	14	116	692.562
0.523599	0.831641	0.616218	38	144	26	692.424
2.617994	0.674054	1.013609	139	42	32	692.270
1.308997	1.247695	1.809890	7	38	46	692.241
2.617994	2.704512	1.488683	135	41	1	692.211
-0.261799	1.413347	-1.339188	8	109	148	692.195
-3.141593	2.404280	-0.174044	145	40	133	692.156
-2.094395	1.506530	1.988858	135	48	26	692.005
-2.879793	1.367556	0.358405	120	34	14	691.878
-0.785398	2.063651	-2.044600	151	125	122	691.812
1.832596	0.674054	1.013609	7	52	11	691.650
1.832596	0.379747	-1.713059	24	32	37	691.583
-3.141593	2.379497	0.561089	14	49	2	691.359
2.356194	1.812176	0.656819	5	44	24	691.238
0.785398	0.674054	1.013609	154	21	46	691.072
-0.785398	1.662363	0.915448	9	109	143	690.902
0.785398	0.080730	-2.622036	134	139	35	690.795
1.047198	1.195355	1.200319	47	21	19	690.791
0.523599	1.506530	1.988858	34	146	35	690.594
0.261799	1.977582	0.969896	21	123	17	690.538
-0.785398	0.290380	-0.796960	113	136	13	690.511
-0.785398	0.418037	1.360082	144	30	48	690.465
0.261799	0.571433	-1.188419	155	118	20	690.361
1.308997	0.700570	1.559208	146	46	42	690.337
-2.094395	2.579248	-2.364801	20	51	151	690.215
2.617994	2.349581	-2.702517	50	21	9	690.124
2.879793	1.128190	-2.288622	38	145	28	690.119
-2.617994	1.218453	2.777284	4	39	26	690.098
1.570796	0.297065	2.160177	130	157	40	690.092
2.356194	1.413430	2.550734	159	22	53	690.027
2.617994	2.478122	2.609777	24	47	21	689.611
-0.261799	1.440580	2.260026	24	155	44	689.539
0.785398	1.391910	3.030322	7	131	43	689.508
1.832596	2.180315	-1.357379	4	126	120	689.454
-2.879793	2.174483	2.653697	138	46	33	689.292
-1.047198	2.724429	-0.348782	12	136	123	689.109
0.000000	2.592629	0.909713	32	142	131	688.978
-0.261799	0.929350	-2.910676	135	19	45	688.835
-3.141593	2.881233	-2.582574	5	138	116	688.423
0.523599	1.045978	0.343692	37	155	35	688.176
-2.617994	1.433411	-1.035986	131	22	137	687.695
1.308997	1.574060	2.783565	28	123	137	687.629
-2.356194	2.704512	1.488683	151	37	127	687.334
-1.308997	1.998705	2.370472	117	5	7	687.267
-1.832596	0.733948	3.021411	139	41	27	686.980
-2.356194	2.138223	1.678323	144	50	16	686.699
-2.617994	1.736875	3.023612	147	41	20	686.688
2.094395	1.335669	0.897240	24	39	13	686.658
-2.617994	1.168678	2.108595	143	27	44	686.651
2.094395	2.164094	-2.991358	54	156	19	686.651
0.000000	1.488617	1.159546	10	123	30	686.644
-0.261799	1.510910	-0.740472	5	117	145	686.403
0.261799	2.115563	0.685730	30	134	139	686.382
-0.261799	2.979456	-1.009304	142	41	154	686.234
0.785398	1.977582	0.969896	53	13	6	686.010
-2.879793	2.299159	2.264663	151	47	5	685.930
-1.832596	2.579248	-2.364801	153	46	141	685.613
2.356194	1.184361	0.625864	2	45	146	685.547
1.570796	1.732874	-0.951685	8	127	120	685.517
0.000000	1.869911	2.701025	157	130	46	685.499
2.879793	2.251330	-2.330739	50	22	4	685.496
-2.094395	1.335669	0.897240	137	20	39	685.417
2.879793	0.297065	2.160177	28	149	41	685.254
0.000000	0.297065	2.160177	13	42	38	685.245
0.000000	1.417623	-0.202254	6	117	138	685.203
-1.832596	2.637879	2.121598	117	157	146	685.145
1.570796	1.569311	-3.003978	32	134	133	685.040
2.356194	1.113094	-0.272241	11	42	10	685.008
1.832596	1.242974	-2.977882	42	150	26	685.008
1.047198	0.080730	-2.622036	34	151	36	684.998
0.000000	1.325504	-1.671296	138	117	140	684.959
2.617994	0.700570	1.559208	149	26	41	684.665
2.879793	1.025536	1.576859	133	30	43	684.632
-2.356194	0.762244	-0.273349	123	26	147	684.619
1.308997	2.456751	-1.503343	154	122	127	684.577
-1.047198	2.592629	0.909713	28	126	14	684.538
0.523599	2.637879	2.121598	14	119	143	684.446
-0.523599	1.658653	-2.409879	112	150	25	684.337
2.617994	1.025536	1.576859	142	39	36	684.204
1.308997	2.719179	-1.780644	156	126	128	684.102
-0.785398	1.736875	3.023612	127	15	43	684.075
1.832596	0.866395	-2.492918	14	123	36	683.975
-2.617994	1.836682	-0.676006	127	18	138	683.957
-2.617994	2.664082	-1.071402	39	144	147	683.826
0.261799	1.506530	1.988858	37	151	32	683.809
0.261799	2.180315	-1.357379	40	141	151	683.594
-0.523599	1.218453	2.777284	123	148	25	683.583
0.523599	2.108018	1.311430	54	8	8	683.582
-1.047198	1.168678	2.108595	128	27	33	683.555
2.879793	2.379497	0.561089	154	50	9	683.469
-2.356194	2.247462	0.191623	113	5	6	683.458
-1.047198	1.904882	-1.478089	139	32	123	683.409
0.000000	0.674054	1.013609	48	155	25	683.293
1.047198	1.721184	-0.153948	40	141	25	683.279
0.785398	1.433411	-1.035986	9	121	123	683.253
1.308997	2.180315	-1.357379	3	119	129	683.200
-2.356194	1.875281	0.107086	131	9	128	683.187
0.785398	1.374601	-2.456031	21	122	135	683.147
2.094395	1.135813	-2.658866	49	22	1	682.999
0.785398	1.721184	-0.153948	52	153	19	682.926
2.617994	2.041297	-2.664597	44	145	21	682.925
-2.617994	2.863997	0.549740	144	35	126	682.859
1.047198	1.194549	-0.801900	34	126	159	682.682
2.356194	2.187132	-0.479875	1	41	134	682.609
1.832596	0.733948	3.021411	47	156	23	682.573
1.570796	0.899350	-2.069907	32	121	16	682.459
1.832596	1.699788	2.452890	40	13	22	682.409
-2.879793	0.929350	-2.910676	21	19	44	682.282
2.356194	0.080730	-2.622036	18	36	37	682.002
-0.261799	1.050534	3.042579	120	132	10	682.002
0.261799	1.606104	-0.451151	17	141	116	681.667
-2.094395	1.574060	2.783565	139	37	152	681.656
-2.094395	2.343981	-1.040456	128	158	125	681.553
0.261799	2.863997	0.549740	49	1	158	681.512
-1.308997	1.574060	2.783565	121	4	33	681.386
1.832596	2.073035	2.027405	26	35	33	681.382
-1.570796	2.033014	2.977192	138	25	124	681.369
-1.832596	1.247695	1.809890	136	1	43	681.246
-1.047198	1.218453	2.777284	131	150	36	681.183
2.356194	1.909857	-0.381669	3	42	141	681.156
-2.617994	0.914445	2.687814	148	23	44	681.011
1.047198	0.685216	-1.712745	47	158	19	680.986
-2.356194	2.396274	-1.959260	143	141	119	680.877
0.523599	0.674054	1.013609	40	159	26	680.667
2.356194	1.554776	0.100351	22	45	9	680.559
1.832596	2.138223	1.678323	154	49	32	680.543
1.047198	1.736875	3.023612	15	125	40	680.481
-0.261799	0.203748	0.590255	1	33	48	680.404
0.261799	1.194549	-0.801900	47	149	22	680.343
-1.308997	2.379497	0.561089	12	126	125	680.331
1.308997	2.063651	-2.044600	157	106	142	680.314
2.879793	1.050534	3.042579	33	8	41	680.285
0.523599	1.977582	0.969896	25	122	19	680.264
-2.356194	1.766067	2.153843	120	1	32	680.248
2.356194	0.591903	2.010408	154	12	46	680.231
-0.523599	2.089241	-0.114193	17	137	119	680.000
1.047198	1.875281	0.107086	41	138	22	679.949
-2.617994	0.203748	0.590255	15	136	45	679.714
-3.141593	2.760637	2.781135	7	49	6	679.711
-0.261799	2.001437	0.381215	24	131	127	679.252
1.832596	2.187132	-0.479875	153	153	112	679.180
2.617994	2.104282	-0.813972	157	45	137	679.168
-1.832596	0.203748	0.590255	20	144	45	679.127
2.879793	0.700570	1.559208	147	23	41	678.919
2.879793	0.864993	2.278281	143	19	47	678.891
-2.617994	1.413430	2.550734	4	44	23	678.888
-2.617994	2.592629	0.909713	147	40	133	678.734
-0.261799	1.721184	-0.153948	7	136	117	678.654
1.047198	1.909857	-0.381669	48	17	10	678.614
-0.261799	0.571433	-1.188419	135	113	152	678.457
1.047198	1.599406	1.426070	27	39	26	678.352
-2.094395	1.045978	0.343692	123	149	25	678.200
0.523599	2.349581	-2.702517	151	115	141	678.189
0.000000	1.413430	2.550734	155	139	49	678.043
0.261799	0.496451	0.593859	156	28	48	678.034
2.617994	0.370812	-2.547742	18	44	26	678.023
0.523599	1.766067	2.153843	31	140	38	677.981
2.879793	2.343981	-1.040456	9	156	113	677.926
1.047198	1.569311	-3.003978	10	120	36	677.923
1.832596	1.998705	2.370472	28	27	36	677.894
-0.523599	1.870545	-2.976234	122	13	37	677.875
-2.879793	2.187132	-0.479875	149	129	116	677.725
-1.570796	1.448123	-2.163292	142	52	24	677.540
-2.094395	1.367556	0.358405	120	148	20	677.524
1.570796	0.379747	-1.713059	10	108	153	677.449
0.785398	1.134497	-1.109631	45	146	13	677.390
-1.047198	1.045978	0.343692	154	1	45	677.302
-1.047198	1.025536	1.576859	130	154	39	677.131
-1.047198	0.899350	-2.069907	154	43	7	677.123
1.832596	2.881233	-2.582574	150	128	127	677.030
1.047198	0.615174	-0.666022	38	155	26	677.018
1.832596	1.836682	-0.676006	6	135	118	676.997
-0.785398	1.448123	-2.163292	126	41	24	676.945
0.785398	1.413347	-1.339188	51	155	7	676.887
2.094395	1.256302	0.062705	25	40	17	676.852
-2.617994	1.756530	-2.105156	0	47	17	676.500
0.523599	1.824694	1.850876	44	154	24	676.491
1.570796	1.440580	2.260026	8	32	48	676.431
0.000000	0.618092	2.539118	151	38	47	676.340
-2.617994	1.683268	0.374177	122	14	140	676.336
2.617994	2.592629	0.909713	125	38	2	676.330
1.570796	2.108018	1.311430	42	141	10	676.266
1.308997	2.881233	-2.582574	4	107	140	676.266
2.617994	2.089241	-0.114193	157	52	20	675.938
1.570796	1.574060	2.783565	32	128	137	675.869
-1.047198	1.870545	-2.976234	122	15	147	675.744
2.879793	2.396274	-1.959260	152	12	113	675.684
2.617994	1.367556	0.358405	0	42	140	675.625
1.570796	2.001437	0.381215	55	6	16	675.279
-2.356194	1.658653	-2.409879	8	51	23	675.266
-2.617994	2.379497	0.561089	4	49	155	675.125
-0.261799	1.846342	-1.796954	140	128	132	675.092
2.094395	1.448123	-2.163292	48	152	16	674.863
-2.879793	0.910508	1.903534	143	21	44	674.850
0.261799	0.700570	1.559208	148	15	46	674.785
1.570796	0.685216	-1.712745	45	7	19	674.783
-0.785398	1.510910	-0.740472	147	120	135	674.760
-0.523599	0.910508	1.903534	22	141	44	674.752
1.832596	0.899350	-2.069907	37	128	15	674.724
-2.879793	0.458961	-0.107937	135	39	28	674.678
2.617994	0.080730	-2.622036	8	38	45	674.628
0.785398	1.569311	-3.003978	5	115	152	674.375
2.094395	1.699788	2.452890	24	27	38	674.252
-2.879793	2.979456	-1.009304	145	129	130	674.235
-0.785398	0.618092	2.539118	137	22	40	674.128
2.879793	1.948085	-2.363031	50	23	6	674.100
-2.879793	2.881233	-2.582574	3	138	115	674.084
-2.617994	1.574060	2.783565	3	43	17	674.020
0.261799	1.014500	0.906702	50	157	21	673.932
1.047198	2.664082	-1.071402	131	0	120	673.652
1.308997	0.992645	-1.723759	31	129	9	673.582
2.879793	1.045978	0.343692	141	48	13	673.375
2.879793	2.881233	-2.582574	5	139	116	673.291
1.047198	1.134497	-1.109631	33	126	1	673.283
2.356194	2.164094	-2.991358	48	19	17	673.173
0.000000	1.696674	-1.253233	145	123	131	673.157
-2.356194	0.203748	0.590255	132	111	2	673.109
-2.617994	2.063651	-2.044600	43	36	2	673.101
-2.879793	1.696674	-1.253233	1	29	127	673.092
1.047198	0.379747	-1.713059	5	118	28	673.069
-2.879793	1.184361	0.625864	123	33	21	673.001
-3.141593	1.194549	-0.801900	140	46	0	673.000
1.832596	1.325504	-1.671296	27	42	13	672.966
0.785398	0.850607	-1.335383	157	107	141	672.836
2.094395	1.504028	0.636812	38	20	33	672.812
0.261799	1.440580	2.260026	147	108	158	672.760
1.308997	2.979456	-1.009304	123	0	128	672.712
1.047198	1.977582	0.969896	35	127	20	672.502
-1.308997	1.869911	2.701025	127	19	44	672.448
-0.523599	1.869911	2.701025	132	130	30	672.409
-0.523599	2.456751	-1.503343	131	30	133	672.346
-1.832596	0.290380	-0.796960	122	27	158	672.221
-0.785398	1.050534	3.042579	133	150	37	672.184
0.785398	1.683268	0.374177	47	6	159	672.096
0.785398	1.555207	1.708892	23	28	41	672.020
0.523599	1.413347	-1.339188	27	136	137	671.997
1.047198	0.418037	1.360082	157	25	39	671.908
1.047198	1.184361	0.625864	50	17	6	671.901
2.094395	0.866395	-2.492918	20	124	35	671.863
0.523599	0.906588	1.252948	39	3	30	671.838
-2.617994	1.134497	-1.109631	146	48	7	671.805
-0.785398	0.864993	2.278281	141	150	41	671.712
1.047198	0.866955	-0.931351	11	113	135	671.605
0.785398	1.510910	-0.740472	46	138	15	671.505
-1.832596	2.180315	-1.357379	146	129	127	671.263
1.570796	0.571433	-1.188419	41	138	15	671.063
-0.785398	2.407836	1.410646	8	107	150	671.062
1.570796	1.242974	-2.977882	156	119	39	671.001
2.356194	1.301460	-0.509251	158	44	18	670.984
-2.879793	2.251330	-2.330739	46	33	7	670.916
-3.141593	1.335669	0.897240	124	37	23	670.834
-0.261799	1.025536	1.576859	38	158	39	670.691
1.047198	2.174483	2.653697	46	148	25	670.639
1.832596	0.864993	2.278281	151	27	49	670.485
-1.308997	1.214854	-1.966664	158	46	4	670.273
0.261799	1.554776	0.100351	30	133	129	670.158
2.879793	2.579248	-2.364801	3	146	116	670.111
1.832596	1.218453	2.777284	30	139	24	670.035
1.832596	1.569311	-3.003978	48	158	158	669.984
-2.617994	2.251330	-2.330739	25	42	149	669.714
-1.047198	0.910508	1.903534	19	136	45	669.289
0.785398	2.104282	-0.813972	7	146	116	669.264
2.094395	0.419640	2.974122	45	159	26	669.245
-1.570796	0.496451	0.593859	142	110	8	669.238
0.523599	0.591903	2.010408	23	42	27	669.234
0.261799	1.134796	2.434290	11	145	47	669.203
-2.879793	0.733948	3.021411	9	44	29	669.053
-0.785398	2.863997	0.549740	50	157	157	668.940
2.617994	1.658653	-2.409879	56	2	15	668.930
0.261799	0.864993	2.278281	3	17	47	668.916
0.261799	1.045978	0.343692	36	153	35	668.851
-1.047198	2.001437	0.381215	15	123	126	668.714
0.785398	2.138223	1.678323	49	159	17	668.655
-0.523599	2.396274	-1.959260	158	120	119	668.645
-0.785398	1.391910	3.030322	129	146	35	668.586
0.000000	1.606104	-0.451151	12	136	116	668.455
1.832596	0.831641	0.616218	140	56	29	668.382
2.617994	0.618092	2.539118	37	4	30	668.345
-1.832596	2.984978	1.954446	118	153	138	668.278
0.785398	0.910508	1.903534	14	34	43	668.051
-2.094395	1.134497	-1.109631	135	44	1	668.007
2.356194	2.587733	0.232235	22	41	149	667.969
1.047198	1.545873	-1.877082	29	140	132	667.815
1.308997	1.391910	3.030322	17	138	44	667.617
-2.617994	0.864993	2.278281	141	19	43	667.536
1.832596	0.619654	-2.216909	28	38	24	667.480
-0.523599	1.555207	1.708892	124	118	1	667.466
-0.261799	1.135834	-1.431087	13	110	153	667.447
-0.261799	0.619654	-2.216909	155	110	6	667.379
2.617994	2.247462	0.191623	3	42	138	667.125
1.570796	1.736875	3.023612	35	136	19	667.099
-0.261799	2.760637	2.781135	131	6	127	667.089
-1.832596	0.615174	-0.666022	119	21	152	667.002
-2.617994	0.700570	1.559208	126	5	38	666.946
-2.356194	1.732874	-0.951685	149	24	117	666.625
-3.141593	2.104282	-0.813972	155	132	114	666.536
2.356194	1.510910	-0.740472	155	52	24	666.250
1.832596	0.866955	-0.931351	44	5	24	666.207
-0.261799	0.640596	-2.797608	134	151	39	666.038
0.523599	1.504028	0.636812	51	0	10	665.906
1.832596	1.554776	0.100351	33	38	12	665.786
0.785398	1.824694	1.850876	26	24	39	665.784
2.617994	2.587733	0.232235	130	150	126	665.672
-2.617994	1.948085	-2.363031	39	42	9	665.638
0.785398	2.579248	-2.364801	156	120	134	665.555
-2.094395	0.571433	-1.188419	136	49	18	665.540
0.000000	2.187132	-0.479875	0	143	116	665.514
1.308997	1.325504	-1.671296	13	110	148	665.457
