#Coordinates  RecID  LigID  Luciferin  Neighbor's number  Vision Range  Scoring
(-3.6480668, 23.1576931, 17.3319495,  0.0342389,  0.7136822,  0.5000593,  0.4893119)    0    0   3.27800817  0 0.400   2.29270756
( 1.6952453, 28.0229222, 24.1935713, -0.8334869, -0.5395407, -0.0873732,  0.0810019)    0    0   1.58656625  5 5.000   1.12701887
( 1.9086719, 22.0913928, 17.1719804,  0.2771156, -0.2457427, -0.9144749, -0.1627915)    0    0  -7.42456663  7 2.040  -2.79532822
(-2.3763797, 20.4858903, 10.8839943,  0.5502521,  0.4935311, -0.6723529, -0.0398387)    0    0 -22.97034906 10 0.440 -15.40286400
(-3.8633243, 22.8690382, 17.0541275,  0.0337819,  0.7134680,  0.5000008,  0.4897156)    0    0   4.73844603  1 0.440   5.34900838
( 2.4078696, 23.6414408, 15.0982590,  0.2468894, -0.2581255, -0.9215554, -0.1518527)    0    0  -1.73670648 16 0.000   0.41333644
(-2.5687127, 20.4936850, 11.4770420,  0.5529578,  0.4928315, -0.6706882, -0.0389120)    0    0 -22.72088423  0 0.680 -13.71837099
(-2.2090515, 20.6363265, 11.1705404,  0.5497362,  0.4953568, -0.6714771, -0.0391178)    0    0 -20.14429415  2 5.000 -12.96437940
(-1.3971641, 19.9396946, 25.9252400, -0.2225174, -0.4940558, -0.8213307,  0.1783552)    0    0  24.54807057  0 0.400  16.84287662
( 5.9813427, 17.5121065, 19.0131866,  0.6213916, -0.1341426, -0.5939495, -0.4930537)    0    0   5.10188396  0 0.400   6.23580782
( 4.4071290, 14.8500519, 22.2259412, -0.0438329,  0.2330214, -0.9709341, -0.0326610)    0    0  10.08435703  0 5.000   6.72306254
(-1.5342555, 20.4564194, 25.9328764, -0.2223114, -0.4940998, -0.8213704,  0.1783077)    0    0  23.80936478 12 0.000  16.95314010
(-1.5038009, 20.2550914, 26.1036172, -0.2236667, -0.4947654, -0.8205883,  0.1783671)    0    0  22.94912969  0 0.400  16.63587681
(-3.7414657, 22.7727859, 17.2751658,  0.0341469,  0.7136919,  0.5000682,  0.4892950)    0    0   3.69961305  7 0.120   2.64564938
( 1.6647221, 27.8999550, 24.3412184, -0.8334886, -0.5395395, -0.0873686,  0.0809979)    0    0   1.60513952  4 5.000   1.13377713
(-3.9058472, 23.0560714, 17.3601152,  0.0341069,  0.7136322,  0.5000421,  0.4894116)    0    0   5.04779502  4 0.400   4.97343735
(-1.3190100, 20.0182488, 26.0687647, -0.2224085, -0.4943564, -0.8211917,  0.1782989)    0    0  24.96140807  3 5.000  16.50605184
(-1.3492821, 20.0960682, 25.9837322, -0.2223979, -0.4943476, -0.8211992,  0.1783015)    0    0  23.96934423 17 4.040  15.03066003
( 1.9956955, 22.7849927, 17.8602859,  0.2815182, -0.2437644, -0.9135155, -0.1637404)    0    0  -2.24313573  2 1.560  -0.87863022
(-1.3460579, 18.7110877, 24.1438728, -0.2289144, -0.4970584, -0.8177498,  0.1783559)    0    0   0.92509417  6 2.360   7.58931071
(-1.4538164, 20.4650875, 25.9248955, -0.2224847, -0.4944469, -0.8210363,  0.1786675)    0    0  23.62473660  3 0.560  16.29838316
(-3.3481064, 23.1152025, 17.3253521,  0.0339819,  0.7135622,  0.5000227,  0.4895419)    0    0   3.95177234  3 0.440   2.95266755
( 1.8840039, 23.5590567, 15.2815444,  0.2369467, -0.2621176, -0.9236943, -0.1481188)    0    0  -1.72966761  0 0.640  -2.13704241
( 5.9266521, 17.6538595, 19.1418466,  0.6207532, -0.1335739, -0.5947195, -0.4930842)    0    0   6.17674159  0 0.400   5.54073359
( 0.6347538, 16.6601615, 26.4235890,  0.6358726, -0.2284750, -0.4543012,  0.5805822)    0    0  13.93384786  0 5.000   9.29390222
( 5.8344253, 17.1885433, 18.7425190,  0.6216091, -0.1341996, -0.5937202, -0.4930405)    0    0  10.21153691  5 0.600   7.94697133
( 6.1193173, 22.8852281, 15.9659087,  0.1223729, -0.5075962,  0.1579918,  0.8380988)    0    0 -16.17716073  3 5.000 -10.79505655
(-1.3396350, 20.1524835, 25.9985840, -0.2227113, -0.4943201, -0.8211217,  0.1783432)    0    0  24.33465957  0 0.400  16.86460939
(-3.3171080, 23.5202450, 17.5877566,  0.0386846,  0.7148001,  0.5002342,  0.4871396)    0    0  -7.30136073 13 0.520  -2.04196273
( 5.5639237, 17.7056864, 18.6715162,  0.6210023, -0.1340668, -0.5943432, -0.4930896)    0    0   6.19640312  0 0.400   5.90790231
( 5.7627886, 17.5777367, 18.9503875,  0.6217116, -0.1342166, -0.5936026, -0.4930219)    0    0  11.41942399  0 5.000   7.63502816
( 4.4741797, 20.8943321, 23.7203655,  0.6342900, -0.3180263, -0.4818134,  0.5141900)    0    0   5.58139382  5 4.680   5.12013155
( 2.9777749, 23.2313227, 14.8879904,  0.2375428, -0.2619093, -0.9235072, -0.1486971)    0    0   1.23166742  3 0.360   2.13657949
( 3.9188719, 20.5208243, 23.9274725,  0.6337580, -0.3301605, -0.4847526,  0.5043409)    0    0   7.05286936  1 5.000   4.73745915
(-1.5094217, 20.3787111, 25.5961101, -0.2222771, -0.4941508, -0.8213542,  0.1782836)    0    0  23.62378870  9 0.240  15.98579110
( 2.8536500, 23.4600808, 14.7251347,  0.2377553, -0.2618305, -0.9234512, -0.1488458)    0    0   0.01117720 13 1.560  -0.25530292
( 4.0476684, 25.2181340, 11.5262200, -0.5530812, -0.5052826, -0.3464087, -0.5646164)    0    0 -14.76779074  5 5.000  -9.49982802
(-1.1818014, 19.4646954, 24.8719779, -0.2246468, -0.4953125, -0.8199632,  0.1784713)    0    0   9.37079240 28 0.040  12.07937175
(-1.2610380, 19.9326953, 25.6851028, -0.2224532, -0.4943427, -0.8211898,  0.1782893)    0    0  24.52345182  2 0.400  16.74553049
( 5.7205002, 17.6175083, 18.9164538,  0.6214469, -0.1341591, -0.5938844, -0.4930582)    0    0   8.36481781  5 0.400   6.21247859
(-1.3763779, 20.4164825, 25.8139009, -0.2223748, -0.4943130, -0.8212249,  0.1783082)    0    0  24.74779626  2 0.440  16.88147462
(-1.4308216, 20.6352631, 25.6606700, -0.2223756, -0.4942116, -0.8212827,  0.1783219)    0    0  21.54890734  1 0.840  16.13833114
( 2.5929997, 23.5931307, 14.9635855,  0.2381483, -0.2616748, -0.9233532, -0.1490994)    0    0   1.57858267  3 2.360   1.25481547
( 2.9846269, 23.3326273, 14.7045394,  0.2381051, -0.2616934, -0.9233666, -0.1490516)    0    0   1.36068408  5 0.520   2.11592552
( 2.0832607, 22.9004301, 17.3039204,  0.2667891, -0.2499591, -0.9171365, -0.1587596)    0    0  -2.76498340  5 1.480  -3.78430094
( 2.0069915, 22.9871843, 17.6019156,  0.2839019, -0.2427826, -0.9129076, -0.1644864)    0    0   0.52770282  1 2.120   0.82781121
(-1.4652981, 20.1549742, 26.1640920, -0.2228829, -0.4944520, -0.8209483,  0.1785618)    0    0  23.89072654 18 0.000  16.13868973
(-3.2961469, 23.5093668, 17.5308502,  0.0378106,  0.7145224,  0.5001538,  0.4877032)    0    0  -7.38659227  8 0.760  -2.11065567
(-3.1346257, 23.9191921, 17.8294310,  0.0524276,  0.7179725,  0.5003246,  0.4808999)    0    0 -10.81870572  5 1.320  -2.54360551
( 2.4903412, 23.7034926, 15.0099749,  0.2393815, -0.2611703, -0.9231142, -0.1494836)    0    0  -0.31463052 16 0.440   0.01692472
( 5.9969142, 17.9406675, 18.6777930,  0.6214303, -0.1341468, -0.5939012, -0.4930621)    0    0   5.65444108  0 0.760   2.87724987
(-1.1535658, 20.1543721, 25.9359893, -0.2223243, -0.4940619, -0.8213850,  0.1783292)    0    0  23.77840150  5 0.400  16.16606011
( 4.2305253, 20.8013856, 23.7256270,  0.6321455, -0.3266496, -0.4855501,  0.5078432)    0    0   4.14360202  6 1.960   3.05068308
( 1.6835888, 27.7635201, 24.4995629, -0.8334866, -0.5395414, -0.0873707,  0.0810029)    0    0   1.64184609  2 5.000   1.12644370
( 5.5394177, 17.3662361, 18.3769312,  0.6206591, -0.1340891, -0.5950448, -0.4926675)    0    0  -4.96548846  0 0.440   0.51085898
(-1.4929304, 19.7970833, 26.4564282, -0.2223969, -0.4943473, -0.8211995,  0.1783026)    0    0  21.97747055  2 0.320  16.75223258
( 2.1719728, 23.8949376, 15.4091669,  0.2385854, -0.2614974, -0.9233202, -0.1488997)    0    0  -1.46424432  5 0.680   0.38897942
(-1.4716735, 20.2701005, 25.5184234, -0.2225540, -0.4942575, -0.8211628,  0.1785239)    0    0  22.89139311 20 0.000  16.43733076
(-2.4232673, 20.5024378, 10.7704993,  0.5499468,  0.4933384, -0.6727283, -0.0400847)    0    0 -24.13373602  9 0.280 -15.87115400
( 1.9791220, 22.6284706, 18.1359284,  0.2812552, -0.2439042, -0.9135461, -0.1638095)    0    0  -2.70874965  3 1.880   0.09242433
(-1.1883071, 18.8792560, 24.3528532, -0.2277081, -0.4965029, -0.8183986,  0.1784849)    0    0   4.05944193 13 1.800   9.03346802
( 3.6385715, 25.4548150, 11.4421102, -0.5531155, -0.5053157, -0.3463351, -0.5645983)    0    0 -16.86140658  8 1.240  -9.20480081
( 5.6658789, 17.9124396, 19.0489656,  0.6216710, -0.1342085, -0.5936605, -0.4930319)    0    0  10.71149216  3 3.000   8.02393725
( 3.3645292, 19.8244068, 24.3447653,  0.6351021, -0.2841604, -0.4727482,  0.5407429)    0    0   3.43633726  8 2.440   1.35462899
(-3.9539647, 22.8531799, 17.1759454,  0.0339236,  0.7135220,  0.5000109,  0.4896164)    0    0   4.30005858  0 0.680   3.20749941
(-1.3118608, 19.2871715, 24.8149718, -0.2248725, -0.4954122, -0.8198438,  0.1784546)    0    0  10.40461500 34 0.000  11.30987735
(-4.2378246, 22.7986205,  9.8425249,  0.2819498,  0.7781223,  0.1450623,  0.5422056)    0    0 -13.02193261  3 5.000  -7.65554657
(-3.2180349, 22.7803476, 16.9809546,  0.0340411,  0.7135827,  0.5000368,  0.4894938)    0    0   3.61717603 20 0.440   2.57932942
(-1.4097651, 19.9983245, 26.0836784, -0.2223712, -0.4942990, -0.8212349,  0.1783056)    0    0  22.23508524 33 0.000  12.10582064
( 2.5372059, 23.3824297, 14.9407345,  0.2372509, -0.2620330, -0.9235801, -0.1484930)    0    0  -0.24289482  2 0.520  -0.04086415
(-1.3108105, 20.1402851, 25.8818744, -0.2235535, -0.4946774, -0.8206662,  0.1783912)    0    0  23.58697456 19 0.000  16.28879342
( 5.7950161, 17.4838211, 18.9460841,  0.6217125, -0.1342181, -0.5936160, -0.4930305)    0    0   9.54739209  7 4.840   5.56342721
(-3.3789341, 22.5657301, 17.1771699,  0.0340317,  0.7135950,  0.5000426,  0.4894705)    0    0   3.97922580 10 0.040   2.64231178
( 5.7722329, 17.4771383, 18.9049570,  0.6212082, -0.1341301, -0.5942291, -0.4929509)    0    0   1.80728331  0 0.400   7.69840634
(-3.2314725, 22.8050867, 16.9930646,  0.0340368,  0.7135696,  0.5000416,  0.4895082)    0    0   4.04900880 10 2.280   2.49933697
( 1.5658498, 24.0882686, 15.5387423,  0.2367200, -0.2622372, -0.9237210, -0.1481041)    0    0  -1.02270170  0 1.040  -1.63646215
(-1.2623278, 20.5139478, 26.0429087, -0.2223935, -0.4943364, -0.8212072,  0.1783013)    0    0  24.40473981 10 0.280  16.28164662
(-2.1956822, 20.7924597, 10.5490004,  0.5517897,  0.4893291, -0.6740669, -0.0413162)    0    0 -21.25025983  0 0.600 -10.96830094
( 1.9886644, 22.6176908, 17.9291369,  0.2843731, -0.2425926, -0.9127858, -0.1646252)    0    0   0.65305398  0 2.680   0.68617455
( 1.6651581, 27.8977427, 24.3437677, -0.8334872, -0.5395390, -0.0873721,  0.0810119)    0    0   1.69007922  0 5.000   1.12683375
(-3.7964468, 22.8178894, 17.0010714,  0.0339819,  0.7136055,  0.5000475,  0.4894533)    0    0   2.59932655 13 0.000   2.49135309
( 2.0790314, 24.0135290, 14.8090864,  0.2373275, -0.2620026, -0.9235685, -0.1484974)    0    0   0.05867841  0 0.600   0.17181736
( 3.6551978, 25.4675993, 11.4794143, -0.5530801, -0.5052936, -0.3464065, -0.5646090)    0    0 -15.33087582  6 4.280  -9.17229013
(-1.0730494, 19.6289966, 25.4395546, -0.2241297, -0.4950420, -0.8202240,  0.1786813)    0    0  15.38383894  4 1.240  12.76893683
( 2.4829644, 23.5878171, 15.1737704,  0.2379475, -0.2617549, -0.9234019, -0.1489772)    0    0   1.33969464  6 1.720   1.79749171
( 3.4708986, 25.4784545, 11.4225819, -0.5530786, -0.5052930, -0.3464074, -0.5646104)    0    0 -14.68988763  4 2.920  -9.07889671
(-4.2263092, 22.8730236,  9.9501646,  0.2818434,  0.7781938,  0.1449559,  0.5421868)    0    0 -12.25851113  2 5.000  -8.04896297
(-3.3640288, 22.7324236, 16.9408595,  0.0342914,  0.7137473,  0.5000712,  0.4892010)    0    0   4.05279580  9 3.240   2.61732074
(-3.5182927, 22.6797739, 17.0426127,  0.0341003,  0.7136197,  0.5000485,  0.4894237)    0    0   4.03292160 11 4.280   2.45867397
(-1.4347388, 20.5230771, 25.6923707, -0.2224049, -0.4943521, -0.8211952,  0.1782989)    0    0  25.00627768  2 4.920  16.68437841
(-3.7940695, 23.1987482, 17.4118771,  0.0342760,  0.7137746,  0.5000826,  0.4891507)    0    0   4.60716756  6 0.320   5.16892737
( 1.7701880, 27.3988448, 24.9181557, -0.8334909, -0.5395392, -0.0873663,  0.0809785)    0    0   1.35424298  6 3.480   1.11956011
( 2.4338005, 23.6782343, 15.1108138,  0.2383346, -0.2616027, -0.9233052, -0.1492253)    0    0   1.51010472  4 2.120   1.82164273
( 3.5542020, 25.5328003, 11.4720840, -0.5530799, -0.5052937, -0.3464068, -0.5646089)    0    0 -14.12978638  3 5.000  -9.06087907
(-3.5563563, 23.0009018, 17.2373151,  0.0341642,  0.7136601,  0.5000560,  0.4893526)    0    0   4.38719956  7 2.360   3.36718381
( 6.0101750, 22.9451315, 16.0124937,  0.1223575, -0.5076400,  0.1579885,  0.8380751)    0    0 -16.34875987  4 4.200 -10.93960541
(-3.7960979, 22.5799832, 16.8781360,  0.0340729,  0.7135590,  0.5000032,  0.4895604)    0    0   3.87145593 13 0.000   3.26166059
( 5.8589402, 17.1060600, 18.6353728,  0.6216669, -0.1342086, -0.5936625, -0.4930347)    0    0  10.45837371  4 4.040   7.89907688
(-1.6127399, 20.4450494, 25.8687939, -0.2223887, -0.4942765, -0.8212436,  0.1783058)    0    0  24.16036675  1 0.640  15.99917942
(-1.3639754, 20.1984461, 25.9259343, -0.2224106, -0.4943575, -0.8211906,  0.1782977)    0    0  25.31023965  0 3.640  16.90438259
(-4.0193304, 22.4426985, 17.1865468,  0.0341794,  0.7133946,  0.4999413,  0.4898555)    0    0  -2.25231191  0 0.400   1.49497154
( 4.3926485, 14.8168287, 22.2218339, -0.0438331,  0.2330215, -0.9709340, -0.0326611)    0    0   8.49847901  1 5.000   5.05217770
( 5.6164786, 18.0219319, 19.0463583,  0.6216340, -0.1341712, -0.5937019, -0.4930388)    0    0   9.11620896  8 0.280   7.74654771
(-2.3912427, 20.7377598, 10.7460309,  0.5497373,  0.4953598, -0.6714742, -0.0391138)    0    0 -19.93365990  1 5.000 -12.65628306
( 5.7120302, 17.7556469, 18.9956386,  0.6216620, -0.1342081, -0.5936635, -0.4930397)    0    0  10.91150493  2 2.920   7.82090881
(-1.3000043, 20.3312234, 26.0368962, -0.2224650, -0.4943471, -0.8211791,  0.1783118)    0    0  24.78792467  1 0.760  16.50785166
(-2.1649700, 20.5608772, 11.2910351,  0.5497255,  0.4952030, -0.6715941, -0.0392059)    0    0 -21.19363957  3 5.000 -13.54764452
(-2.0299937, 21.1070460, 11.3636006,  0.5502427,  0.4932506, -0.6725595, -0.0399854)    0    0 -23.28273509 11 3.800 -15.52185860
(-1.3938383, 20.3465198, 25.8236170, -0.2224128, -0.4943589, -0.8211894,  0.1782972)    0    0  25.18106413  1 5.000  17.03230662
( 1.6192866, 28.2113461, 23.9801490, -0.8334869, -0.5395396, -0.0873721,  0.0810107)    0    0   1.68504024  1 5.000   1.12814926
( 5.9158519, 17.0311990, 19.1487419,  0.6215906, -0.1341961, -0.5937318, -0.4930507)    0    0   7.62951850  9 0.040   5.22682078
( 5.8868866, 17.3167820, 18.9902283,  0.6211431, -0.1340194, -0.5942076, -0.4930896)    0    0   7.81533718  8 0.080   5.17220495
(-4.0354610, 22.7125783, 17.4256489,  0.0337948,  0.7134588,  0.4999916,  0.4897374)    0    0   3.88169575  3 0.560   3.00196805
( 5.8623758, 17.0626988, 18.7518006,  0.6214687, -0.1341612, -0.5938694, -0.4930481)    0    0   9.58199843  6 0.440   7.72618373
( 2.7439299, 23.4693431, 14.8682309,  0.2384496, -0.2615499, -0.9232823, -0.1492759)    0    0   0.11623604 11 0.440  -0.07837233
(-3.1979142, 20.6602349, 11.0553614,  0.5588022,  0.4928580, -0.6658761, -0.0362029)    0    0 -27.24719213 14 1.400 -14.54082024
( 6.6369471, 22.5840500, 15.7420486,  0.1223736, -0.5075957,  0.1579921,  0.8380989)    0    0 -15.81478805  2 5.000 -10.33986502
(-1.3488822, 19.8635041, 26.1473369, -0.2224612, -0.4943323, -0.8211898,  0.1783086)    0    0  24.56974034  8 0.280  16.63580642
( 1.9606434, 23.9310384, 15.3036295,  0.2370730, -0.2620967, -0.9236374, -0.1483094)    0    0  -1.10329018  3 0.920  -1.86890567
(-1.2587476, 20.0394483, 25.7194896, -0.2222926, -0.4943201, -0.8212054,  0.1784808)    0    0  24.48144761  6 0.200  16.65462640
( 2.6234450, 23.5814982, 14.9318944,  0.2379628, -0.2617466, -0.9233989, -0.1489860)    0    0   1.61508113  2 2.280   1.39927266
( 5.7726790, 17.5719362, 18.9738350,  0.6215363, -0.1341853, -0.5937909, -0.4930510)    0    0   8.09487961 11 1.960   5.46555588
( 2.1724273, 23.2717178, 16.2137356,  0.2579588, -0.2536070, -0.9191907, -0.1556573)    0    0  -4.93175726  0 0.600  -2.88688482
( 3.6442977, 20.1492170, 24.1157575,  0.6326863, -0.3247810, -0.4846923,  0.5091664)    0    0   3.98962366  6 1.240   3.01760340
(-4.2173699, 22.9862192, 10.1379956,  0.2818104,  0.7782218,  0.1449055,  0.5421771)    0    0 -11.33941805  0 5.000  -7.55949434
( 4.2303870, 20.7280533, 24.0006734,  0.6295265, -0.3185169, -0.4864148,  0.5153596)    0    0   2.31654554 10 1.960  -0.25003485
(-3.4033139, 22.7573361, 17.2217221,  0.0338965,  0.7134869,  0.5000030,  0.4896779)    0    0   3.91966656 12 0.120   2.15188076
( 2.4541865, 23.6236788, 15.0715232,  0.2377428, -0.2618312, -0.9234778, -0.1486971)    0    0   0.13371113  6 0.840   0.09965070
( 5.6766175, 23.1667274, 16.1515869,  0.1223546, -0.5076430,  0.1579883,  0.8380738)    0    0 -16.94127593  5 4.520 -10.64424815
(-3.4676747, 23.0750111, 17.1353646,  0.0342941,  0.7137182,  0.5001650,  0.4891474)    0    0   2.30791667  0 0.400   4.81726947
( 2.9851588, 19.3514108, 24.6288778,  0.6351464, -0.3079736, -0.4787104,  0.5220897)    0    0   6.50393410  3 5.000   4.60383005
( 2.5022064, 23.5793476, 15.0508144,  0.2384825, -0.2615322, -0.9233165, -0.1490419)    0    0   0.54894610  0 0.400   2.04940899
( 2.3257783, 23.1302828, 16.3258878,  0.2440457, -0.2592893, -0.9221384, -0.1510560)    0    0  -2.71765132 26 1.000  -4.07648310
( 5.6101911, 17.5008560, 18.7621807,  0.6211693, -0.1337228, -0.5942771, -0.4930524)    0    0   7.10259004 14 0.000   5.45376846
(-3.6041328, 23.2112645, 17.2850918,  0.0340325,  0.7136108,  0.5000320,  0.4894581)    0    0   5.29260215  3 0.800   5.38960497
( 1.7198091, 27.5114151, 24.5917678, -0.8334593, -0.5395988, -0.0873707,  0.0809020)    0    0  -1.57158072  7 3.240   1.06869661
( 3.9601986, 20.5266599, 23.9369689,  0.6303094, -0.3222150, -0.4863035,  0.5121106)    0    0   5.93202194  2 1.960   7.12716153
(-2.3371897, 20.5937574, 11.0802206,  0.5469094,  0.4726353, -0.6895913, -0.0443830)    0    0 -21.28482794  5 3.560 -13.00253978
( 2.1208796, 18.3419175, 25.2881912,  0.6361703, -0.2803111, -0.4706594,  0.5433165)    0    0   6.49606840  4 5.000   3.54360602
(-1.3147883, 20.2483312, 25.7265695, -0.2236396, -0.4949196, -0.8204620,  0.1785474)    0    0  20.79856962  0 0.400  16.11514504
( 5.7913018, 17.5062179, 18.8087926,  0.6214964, -0.1341798, -0.5938318, -0.4930535)    0    0   6.72868701  3 0.440   4.16620153
( 3.9220617, 20.5231785, 23.9261082,  0.6337905, -0.3301886, -0.4847299,  0.5043035)    0    0   8.00499261  0 5.000   5.34214927
(-1.3970354, 18.5728703, 24.0119970, -0.2328428, -0.4986736, -0.8157000,  0.1780436)    0    0  -1.29509023  6 2.440   6.51390269
( 3.9042640, 25.2923151, 11.4827646, -0.5530790, -0.5052999, -0.3464059, -0.5646047)    0    0 -13.61400766  0 5.000  -9.00499023
(-1.0420711, 20.4909200, 25.6528807, -0.2225810, -0.4945290, -0.8209602,  0.1786700)    0    0  22.13827710  6 0.720  15.77216232
(-2.0164546, 20.6205714, 11.4280011,  0.5478302,  0.4692105, -0.6911119, -0.0456943)    0    0 -23.74487818 12 0.840 -16.70654801
( 2.6734916, 23.5320383, 14.9256932,  0.2381730, -0.2616634, -0.9233446, -0.1491239)    0    0   2.56316720  0 2.520   2.16886905
(-1.5909429, 20.3488541, 26.2062896, -0.2230028, -0.4946756, -0.8207912,  0.1785131)    0    0  23.03475186  1 0.440  16.54692206
(-4.2062818, 23.1226795, 10.3635562,  0.2818269,  0.7782078,  0.1449307,  0.5421820)    0    0 -11.72786874  1 5.000  -7.43662342
( 1.6708872, 27.8332454, 24.4174564, -0.8334877, -0.5395389, -0.0873710,  0.0810076)    0    0   1.62025716  3 5.000   1.12198105
(-1.2975366, 19.9836708, 26.0915723, -0.2223981, -0.4943338, -0.8212090,  0.1782945)    0    0  23.41599433 14 0.120  15.12258968
(-1.1561348, 20.3065275, 25.6627394, -0.2223345, -0.4941452, -0.8213375,  0.1783047)    0    0  24.70292889  6 0.320  16.84600496
(-1.3385141, 20.2800456, 26.0822394, -0.2223905, -0.4943181, -0.8212186,  0.1783035)    0    0  23.50665628  0 0.400  16.60674915
(-1.4512732, 20.1656126, 26.0312303, -0.2222651, -0.4940565, -0.8214090,  0.1783077)    0    0  23.95778854 15 0.000  16.26929461
( 3.5390065, 20.0323808, 24.2161153,  0.6355673, -0.2883212, -0.4734401,  0.5373694)    0    0   3.07539585  9 2.360   0.96737935
(-1.3007144, 18.9110528, 24.4326181, -0.2267764, -0.4960724, -0.8189574,  0.1782318)    0    0   3.15081605 24 1.000   7.15640330
(-3.4256814, 22.9915808, 17.1995756,  0.0341669,  0.7136645,  0.5000537,  0.4893484)    0    0   3.78280879 17 4.040   0.49547818
( 3.5550121, 25.5274831, 11.4644634, -0.5530791, -0.5052994, -0.3464059, -0.5646051)    0    0 -13.64200028  1 5.000  -9.05693977
(-0.9859867, 20.2475860, 26.0307019, -0.2223592, -0.4942852, -0.8212458,  0.1783085)    0    0  24.69945354  0 0.760  16.45466255
( 3.5942719, 25.5010476, 11.4665207, -0.5530795, -0.5052972, -0.3464062, -0.5646066)    0    0 -13.84074171  2 5.000  -9.15252442
(-2.2678420, 20.7178608, 11.0133564,  0.5497087,  0.4947802, -0.6719061, -0.0394319)    0    0 -22.07294193  6 4.440 -15.65275429
(-3.3320072, 22.7724158, 17.0040525,  0.0340833,  0.7135541,  0.4999979,  0.4895722)    0    0   2.59706904  0 0.400   2.94461361
( 1.9732375, 28.1972133, 21.6873103, -0.8328975, -0.5407042, -0.0872641,  0.0793810)    0    0 -24.35910339 10 3.480 -13.90967356
( 2.7899801, 23.5019155, 14.7610010,  0.2395241, -0.2611155, -0.9230744, -0.1495860)    0    0   0.67498183  8 1.160   1.81777643
( 5.8061057, 17.5278709, 18.9815239,  0.6213533, -0.1340814, -0.5940035, -0.4930538)    0    0   7.55039719  5 0.400   5.35468629
(-3.4976197, 22.9609886, 17.4570662,  0.0337624,  0.7134191,  0.5000185,  0.4897701)    0    0   3.17293199  4 0.320   2.50696482
( 4.2893910, 25.0454012, 11.5178092, -0.5530788, -0.5052904, -0.3464078, -0.5646123)    0    0 -16.61355802  7 2.200 -12.57500726
( 6.4252104, 22.7083128, 15.8338687,  0.1223744, -0.5075947,  0.1579919,  0.8380994)    0    0 -15.71738386  1 5.000 -10.07532321
(-3.3815164, 23.1840827, 17.3133702,  0.0369949,  0.7143895,  0.5001759,  0.4879447)    0    0  -3.45439195 27 0.000   1.18446327
( 1.9298543, 28.1167101, 22.6581977, -0.8332362, -0.5399978, -0.0873878,  0.0805152)    0    0 -16.76862583  8 3.560  -7.34278592
(-3.9079878, 23.0319631, 17.3429187,  0.0341027,  0.7136190,  0.5000468,  0.4894262)    0    0   5.66517343  2 5.000   4.94779268
( 2.0214187, 28.1087047, 22.0789372, -0.8329149, -0.5406094, -0.0873658,  0.0797397)    0    0 -20.69941075  9 3.400  -9.45705335
(-3.0078062, 24.3410824, 18.1588564,  0.1013638,  0.7281233,  0.5001306,  0.4576365)    0    0 -19.47543309  5 1.240  -7.74567850
(-1.1219957, 20.2078918, 25.6530760, -0.2227515, -0.4944771, -0.8210163,  0.1783433)    0    0  24.25912298 12 0.000  16.84824777
(-3.5578984, 22.9967064, 17.2339756,  0.0342931,  0.7137497,  0.5000696,  0.4891989)    0    0   7.18724300  0 5.000   4.96058421
( 2.8120823, 23.4441543, 14.8731377,  0.2378998, -0.2617759, -0.9234131, -0.1489468)    0    0  -0.03626094 14 1.720  -0.14010426
( 4.0681461, 20.7190072, 23.8267224,  0.6336094, -0.3300670, -0.4849035,  0.5044436)    0    0   4.30703002  6 4.360   1.12599375
( 5.7844726, 17.5237125, 18.9574800,  0.6216963, -0.1342138, -0.5936304, -0.4930348)    0    0   8.45014376  9 4.680   4.06113270
( 2.8377726, 23.3081781, 15.1115493,  0.2382373, -0.2616304, -0.9233235, -0.1492188)    0    0   1.77080569  1 1.400   2.03886435
(-2.2026441, 20.7452170, 11.1751134,  0.5496987,  0.4946261, -0.6720223, -0.0395245)    0    0 -22.11510941  7 2.440 -13.76523194
(-2.0886823, 20.2837784, 11.5383956,  0.5496837,  0.4942085, -0.6723279, -0.0397391)    0    0 -22.33192726  8 1.480 -15.06550738
(-3.2403358, 23.6417951, 17.5965105,  0.0401354,  0.7151727,  0.5002042,  0.4865313)    0    0  -8.02084501  8 0.920  -2.46110434
(-1.3580722, 20.2932137, 25.8747014, -0.2223870, -0.4943258, -0.8212148,  0.1783038)    0    0  24.72405046  6 1.960  16.99090098
(-3.3674006, 22.7756772, 17.2144174,  0.0341278,  0.7136699,  0.5000488,  0.4893482)    0    0   2.34309986 13 0.000   0.20654318
(-1.4700080, 20.0335073, 26.0853995, -0.2223147, -0.4941045, -0.8213655,  0.1783133)    0    0  23.85090699 13 0.000  16.54805111
( 5.9199762, 17.1765878, 18.8869973,  0.6208399, -0.1340730, -0.5945633, -0.4930277)    0    0   1.81619277  0 0.400   6.08492688
(-3.1244321, 22.9198721, 17.3239733,  0.0362611,  0.7141503,  0.5001080,  0.4884252)    0    0  -1.37872448  4 0.280   2.20914001
( 6.0986718, 22.8854851, 15.9779511,  0.1223718, -0.5075970,  0.1579914,  0.8380985)    0    0 -17.42292832  6 4.680 -10.75266292
(-3.5104327, 23.0715378, 17.2807647,  0.0373320,  0.7144770,  0.5001802,  0.4877862)    0    0  -2.77070953 28 0.000   1.76545707
(-3.1657241, 23.9400693, 17.9122518,  0.0496266,  0.7173946,  0.5003635,  0.4822018)    0    0 -11.06047867 22 0.440  -2.82373850
(-3.5337300, 23.0307715, 17.2445640,  0.0340279,  0.7135810,  0.5000210,  0.4895131)    0    0   1.20467313 26 0.000   3.21957167
(-3.9758467, 22.3758093, 17.0317044,  0.0342689,  0.7132537,  0.5001317,  0.4898600)    0    0  -4.23040790  8 0.840   0.77246438
(-1.2579559, 20.2120485, 26.0472444, -0.2224036, -0.4943419, -0.8212023,  0.1782961)    0    0  22.23881526 13 0.000  12.15676655
(-3.6023220, 23.1684289, 17.3398483,  0.0342876,  0.7137428,  0.5000747,  0.4892044)    0    0   5.85957700  1 1.320   5.41918750
(-1.4575590, 20.3715884, 25.8828229, -0.2223441, -0.4936737, -0.8216081,  0.1783508)    0    0  23.85219155  0 0.400  16.51693419
(-3.3635554, 23.1186739, 17.3384004,  0.0339206,  0.7135300,  0.5000107,  0.4896052)    0    0   3.64503345  0 0.440   2.33648571
( 6.2915093, 22.7846407, 15.8914180,  0.1223748, -0.5075944,  0.1579921,  0.8380995)    0    0 -15.50439153  0 5.000 -10.33594209
( 5.7358264, 17.5244184, 18.8774622,  0.6212519, -0.1342032, -0.5942842, -0.4928094)    0    0   0.49071476  0 0.440   5.48030421
(-2.2256686, 20.6227643, 11.1410314,  0.5497457,  0.4955076, -0.6713631, -0.0390314)    0    0 -18.92888758  0 5.000 -12.59198211
( 5.8131231, 17.4015913, 18.9073326,  0.6217040, -0.1342136, -0.5936263, -0.4930302)    0    0  11.38151568  1 1.800   7.99332816
