#Coordinates  RecID  LigID  Luciferin  Neighbor's number  Vision Range  Scoring
(-3.5314041, 21.9635632, 16.8962730,  0.0340317,  0.7135950,  0.5000426,  0.4894705)    0    0   8.12109558  4 0.800   5.54307630
( 2.3916044, 27.9561846, 24.0440514, -0.8334871, -0.5395391, -0.0873721,  0.0810116)    0    0   1.48738434  5 0.440   1.23244287
( 2.6376912, 23.6771646, 15.2109235,  0.2381737, -0.2616636, -0.9233458, -0.1491242)    0    0   2.51382955  0 0.480   1.94806263
( 0.3183849, 21.7989462, 10.5272506,  0.5517846,  0.4893421, -0.6740708, -0.0413113)    0    0  -9.77502138  0 3.680  -6.51354913
(-3.2407299, 22.7800666, 17.2010292,  0.0340317,  0.7135950,  0.5000426,  0.4894705)    0    0   5.96532086  0 0.400   5.15250927
( 2.5450056, 23.6185045, 15.2696830,  0.2381737, -0.2616636, -0.9233458, -0.1491242)    0    0   2.52348666  0 0.480   2.12712228
( 0.2976097, 21.5159655, 10.4213738,  0.5517846,  0.4893421, -0.6740708, -0.0413113)    0    0 -10.67890242  5 0.480  -6.68041720
( 0.6466782, 21.6272236, 10.5014954,  0.5517879,  0.4893390, -0.6740707, -0.0413058)    0    0 -13.19097801  4 0.480  -8.73352408
(-0.4363897, 19.1179055, 26.2374433, -0.2225149, -0.4943796, -0.8211468,  0.1783082)    0    0  26.05948233  0 0.400  17.76952096
( 5.7151320, 17.4027711, 19.0936777,  0.6217118, -0.1342159, -0.5936183, -0.4930292)    0    0   6.89996567 12 0.000   2.97392026
( 4.4071290, 14.8500519, 22.2259412, -0.0438329,  0.2330214, -0.9709341, -0.0326610)    0    0  10.08459380  0 5.000   6.72306254
(-0.4568122, 19.2339761, 26.6313211, -0.2225149, -0.4943796, -0.8211468,  0.1783082)    0    0  24.89561086  2 0.480  15.20060260
(-0.3940438, 18.9942666, 26.1059393, -0.2225149, -0.4943796, -0.8211468,  0.1783082)    0    0  26.09715289  6 0.400  17.31527457
(-3.5925841, 22.4775410, 17.0908336,  0.0340317,  0.7135950,  0.5000426,  0.4894705)    0    0   6.61183757  4 0.320   5.11770990
( 2.3690358, 28.0064768, 23.9915291, -0.8334871, -0.5395391, -0.0873721,  0.0810116)    0    0   2.50580671  5 2.440   3.51858028
(-3.4007831, 22.5221087, 17.0735050,  0.0340317,  0.7135950,  0.5000426,  0.4894705)    0    0   4.19856046  0 0.400   3.06029227
(-0.2410947, 19.0495266, 26.2705459, -0.2225149, -0.4943796, -0.8211468,  0.1783082)    0    0  26.79661775  2 5.000  17.85500306
(-0.7618702, 18.9819814, 26.6405104, -0.2225149, -0.4943796, -0.8211468,  0.1783082)    0    0  24.96341692  0 0.400  15.36843109
( 2.6012624, 23.5830585, 14.7723288,  0.2381737, -0.2616636, -0.9233458, -0.1491242)    0    0   1.76380179  9 0.160  -0.04525721
( 0.2106750, 19.2225944, 26.0202489, -0.2225149, -0.4943796, -0.8211468,  0.1783082)    0    0  25.24878824  0 0.400  16.89135227
(-0.4813197, 18.9103636, 26.4692127, -0.2225149, -0.4943796, -0.8211468,  0.1783082)    0    0  25.99260433 10 0.000  17.47270170
(-3.4301168, 22.3534362, 17.0790554,  0.0340317,  0.7135950,  0.5000426,  0.4894705)    0    0   6.46048633  0 0.400   5.65097773
( 2.6005978, 23.7457479, 14.3615260,  0.2381737, -0.2616636, -0.9233458, -0.1491242)    0    0   3.06830056  5 0.880   2.04666619
( 5.6866474, 17.7349919, 19.3599190,  0.6217118, -0.1342159, -0.5936183, -0.4930292)    0    0   6.52729272  4 0.320   5.51259754
(-0.6470924, 19.0282534, 26.6642927, -0.2225149, -0.4943796, -0.8211468,  0.1783082)    0    0  26.41817128  8 0.560  17.55182538
( 5.6141889, 18.0974794, 19.0783919,  0.6217118, -0.1342159, -0.5936183, -0.4930292)    0    0  11.40176097  3 4.520   7.87492208
( 5.3546723, 23.4503979, 16.2761263,  0.1223546, -0.5076430,  0.1579883,  0.8380738)    0    0 -14.87959908  6 4.920 -10.79996149
(-0.2818644, 19.0617825, 26.2610801, -0.2225149, -0.4943796, -0.8211468,  0.1783082)    0    0  26.33703556 11 0.320  17.62199011
(-3.4795850, 22.9487883, 16.8509455,  0.0340317,  0.7135950,  0.5000426,  0.4894705)    0    0   5.72336485  0 0.400   2.75723582
( 5.6063418, 18.1036866, 18.9922138,  0.6217118, -0.1342159, -0.5936183, -0.4930292)    0    0  10.11780624  5 0.400   7.59098699
( 5.5572974, 17.7784584, 18.8110944,  0.6217118, -0.1342159, -0.5936183, -0.4930292)    0    0   7.72993413  8 0.280   5.85988894
( 4.4623093, 19.1478100, 24.3117903,  0.6341636, -0.3176382, -0.4818090,  0.5145898)    0    0  14.18144287  5 3.880   9.26527900
( 2.5732496, 23.5406958, 14.5622453,  0.2381737, -0.2616636, -0.9233458, -0.1491242)    0    0   2.20149619 11 0.400   1.31627991
( 4.5854612, 19.0886542, 24.2726289,  0.6341636, -0.3176382, -0.4818090,  0.5145898)    0    0  14.34397692  3 3.080   9.44766728
(-0.5439692, 19.0809905, 26.2373209, -0.2225149, -0.4943796, -0.8211468,  0.1783082)    0    0  26.07674715 18 0.000  17.55038297
( 2.6360375, 23.4303993, 14.8548763,  0.2381737, -0.2616636, -0.9233458, -0.1491242)    0    0   0.67136215 12 0.000  -0.10533400
( 0.7709141, 21.9420218, 10.6258551,  0.5517899,  0.4893410, -0.6740678, -0.0413029)    0    0 -11.21349878  3 0.560  -7.06203604
(-0.9355873, 18.8589437, 26.6343506, -0.2225149, -0.4943796, -0.8211468,  0.1783082)    0    0  24.49609896  0 0.400  15.26324242
(-0.2260033, 18.7682651, 26.6064483, -0.2225149, -0.4943796, -0.8211468,  0.1783082)    0    0  26.25648418  6 0.320  17.54423237
( 5.9035979, 17.8819374, 18.6106047,  0.6217118, -0.1342159, -0.5936183, -0.4930292)    0    0   9.15720770  6 0.320   7.95576367
(-0.3452003, 18.9280309, 26.4097797, -0.2225149, -0.4943796, -0.8211468,  0.1783082)    0    0  26.07471471 14 0.000  17.33134866
(-0.6468219, 19.0572590, 26.5486044, -0.2225149, -0.4943796, -0.8211468,  0.1783082)    0    0  25.83661155  1 0.400  16.95893788
( 2.6447663, 23.8747666, 14.4297761,  0.2381737, -0.2616636, -0.9233458, -0.1491242)    0    0   2.60893380  6 0.240   1.69478445
( 2.4289956, 23.9590461, 14.1283636,  0.2381737, -0.2616636, -0.9233458, -0.1491242)    0    0   0.60267386  0 0.400  -0.16769236
( 2.4827204, 23.4147909, 15.0523957,  0.2381737, -0.2616636, -0.9233458, -0.1491242)    0    0   2.44119504  4 0.640   1.00161603
( 2.5639772, 23.6003214, 14.5978437,  0.2381737, -0.2616636, -0.9233458, -0.1491242)    0    0   3.30888461  2 5.000   2.07793358
(-0.2375640, 19.4191217, 25.9878373, -0.2225149, -0.4943796, -0.8211468,  0.1783082)    0    0  25.96307151  0 0.400  17.46990392
(-3.5720175, 22.8651864, 17.1811342,  0.0340317,  0.7135950,  0.5000426,  0.4894705)    0    0   6.97023356  0 0.400   5.29322170
(-3.4621297, 21.9255054, 17.0748746,  0.0340317,  0.7135950,  0.5000426,  0.4894705)    0    0   4.73294923 14 0.000   3.30193653
( 2.5597405, 23.5866753, 14.6223468,  0.2381737, -0.2616636, -0.9233458, -0.1491242)    0    0   3.60403682  0 5.000   2.40269130
( 5.7513762, 17.7445387, 18.9310136,  0.6217118, -0.1342159, -0.5936183, -0.4930292)    0    0   4.56549663 12 0.080   3.02535080
(-0.4294024, 18.9908595, 26.6016232, -0.2225149, -0.4943796, -0.8211468,  0.1783082)    0    0  26.29451203  6 0.480  17.32367535
( 4.1894838, 19.6316122, 24.3158914,  0.6341636, -0.3176382, -0.4818090,  0.5145898)    0    0  13.64229546  9 0.200   9.71049469
( 2.8821334, 27.8991231, 23.9443121, -0.8334871, -0.5395391, -0.0873721,  0.0810116)    0    0   1.01399202  6 0.440  -1.10044495
( 5.8180481, 17.2184309, 18.9850134,  0.6217118, -0.1342159, -0.5936183, -0.4930292)    0    0   8.37921091  0 0.400   6.19142515
(-0.2442309, 19.1144170, 26.1677686, -0.2225149, -0.4943796, -0.8211468,  0.1783082)    0    0  26.04097888  0 0.400  17.64339097
( 2.5492707, 23.5976849, 14.5237417,  0.2381737, -0.2616636, -0.9233458, -0.1491242)    0    0   1.01069598 13 0.080   1.31053841
(-0.2411452, 19.1291795, 26.2066054, -0.2225149, -0.4943796, -0.8211468,  0.1783082)    0    0  23.95660914  0 0.400  17.71169755
( 0.5722821, 22.4591326, 11.3075277,  0.3461875, -0.0695209, -0.9264456, -0.1304596)    0    0 -22.06322289  1 1.640 -16.61482445
( 2.6851319, 23.9782242, 14.3396861,  0.2381737, -0.2616636, -0.9233458, -0.1491242)    0    0   1.06656938 12 0.000   1.61082838
(-0.5785834, 18.8618405, 26.2703649, -0.2225149, -0.4943796, -0.8211468,  0.1783082)    0    0  25.75237588  0 0.400  17.47550038
( 0.0442693, 21.3700435, 10.2377941,  0.5517897,  0.4893321, -0.6740744, -0.0413024)    0    0 -11.83239019  7 0.000  -6.82468345
( 5.6658996, 17.9166096, 19.0339334,  0.6217118, -0.1342159, -0.5936183, -0.4930292)    0    0  11.86558569  1 5.000   8.01510267
( 4.1490394, 19.2430526, 24.4366986,  0.6341636, -0.3176382, -0.4818090,  0.5145898)    0    0  14.42812009  1 1.400   9.75388969
(-3.6655393, 22.7117642, 17.0868278,  0.0340317,  0.7135950,  0.5000426,  0.4894705)    0    0   4.07567313  0 0.400   3.36838506
(-0.3780173, 19.4058075, 26.0389914, -0.2225149, -0.4943796, -0.8211468,  0.1783082)    0    0  26.17704878  0 0.720  17.41172155
(-4.1908848, 23.3212074, 10.6937714,  0.2818104,  0.7782218,  0.1449055,  0.5421771)    0    0 -12.27931187  3 5.000  -7.64322488
(-3.1643000, 22.1724225, 17.1612969,  0.0340317,  0.7135950,  0.5000426,  0.4894705)    0    0   6.25111198  6 0.240   5.39745373
(-0.6721383, 18.9526540, 26.5834893, -0.2225149, -0.4943796, -0.8211468,  0.1783082)    0    0  25.46268547 14 0.000  17.22370793
( 2.9227841, 23.7571572, 14.7500599,  0.2381737, -0.2616636, -0.9233458, -0.1491242)    0    0   2.37842172 15 0.000   2.08199519
(-0.5846193, 19.0114728, 26.6206309, -0.2225149, -0.4943796, -0.8211468,  0.1783082)    0    0  26.79943365  1 5.000  17.87970154
( 5.7895092, 17.4782025, 18.9572373,  0.6217118, -0.1342159, -0.5936183, -0.4930292)    0    0  10.89662872  5 3.960   7.80707135
(-3.3789341, 22.5657301, 17.1771699,  0.0340317,  0.7135950,  0.5000426,  0.4894705)    0    0   8.47431333  0 5.000   5.64954222
( 5.8190859, 17.2780406, 19.1126739,  0.6217118, -0.1342159, -0.5936183, -0.4930292)    0    0   8.25066789  8 0.720   4.80336909
(-2.7704978, 22.3664069, 17.3696204,  0.0340317,  0.7135950,  0.5000426,  0.4894705)    0    0   5.44334573 12 0.000   2.99728436
( 2.3652297, 23.4060165, 15.0312591,  0.2381737, -0.2616636, -0.9233458, -0.1491242)    0    0   2.06387595  7 0.240   1.72320043
(-0.0259842, 19.2110970, 26.0820300, -0.2225149, -0.4943796, -0.8211468,  0.1783082)    0    0  26.54231236  5 0.400  17.78587544
( 0.9578332, 22.3140570, 11.3726286,  0.3461875, -0.0695209, -0.9264456, -0.1304596)    0    0 -21.97125805  0 1.640 -16.45702270
( 2.6932898, 23.6460207, 15.4904455,  0.2381737, -0.2616636, -0.9233458, -0.1491242)    0    0   0.46991837  9 0.080  -0.19446162
( 2.5892695, 27.6579180, 24.3296660, -0.8334871, -0.5395391, -0.0873721,  0.0810116)    0    0   2.90900615  4 1.240   1.19564480
(-3.5099570, 22.8472763, 17.2075738,  0.0340317,  0.7135950,  0.5000426,  0.4894705)    0    0   7.33498326  4 0.480   4.97856666
( 2.4545616, 23.2310665, 15.1996071,  0.2381737, -0.2616636, -0.9233458, -0.1491242)    0    0   2.52521913  8 0.240   2.27415049
(-0.2161620, 21.8373760, 10.5173141,  0.5517984,  0.4893340, -0.6740667, -0.0412890)    0    0 -11.49221102 10 0.080  -6.63065502
(-0.7391841, 18.8703261, 26.6316362, -0.2225149, -0.4943796, -0.8211468,  0.1783082)    0    0  23.72129725  0 0.400  15.18419666
( 2.4365665, 23.4062206, 14.9419824,  0.2381737, -0.2616636, -0.9233458, -0.1491242)    0    0   2.43463083 12 0.320   1.60849655
( 0.6315964, 21.7896847, 10.5494401,  0.5517879,  0.4893391, -0.6740706, -0.0413058)    0    0 -10.09104604  3 1.120  -6.98376964
(-4.2263205, 22.8730110,  9.9501727,  0.2818104,  0.7782218,  0.1449055,  0.5421771)    0    0 -11.69494243  2 5.000  -8.02503961
(-3.3694892, 23.0435224, 17.3350859,  0.0340317,  0.7135950,  0.5000426,  0.4894705)    0    0   4.76270240  4 0.320   3.26269389
(-3.3521678, 22.5582894, 17.5927178,  0.0340317,  0.7135950,  0.5000426,  0.4894705)    0    0   4.09825124  0 0.400   2.69817797
(-0.3792868, 18.9816210, 26.4145933, -0.2225149, -0.4943796, -0.8211468,  0.1783082)    0    0  26.30585271  0 0.400  17.81546944
(-3.3291747, 22.9180992, 17.1473887,  0.0340317,  0.7135950,  0.5000426,  0.4894705)    0    0   5.15795219 19 0.000   2.80095624
( 2.2732221, 27.7386850, 24.3413282, -0.8334871, -0.5395391, -0.0873721,  0.0810116)    0    0   2.92279486  3 1.480   1.20516365
( 2.5350447, 23.3737855, 14.4936261,  0.2381737, -0.2616636, -0.9233458, -0.1491242)    0    0   1.37715525  0 0.560   1.60184060
(-0.0829110, 22.0570247, 10.5756232,  0.5517907,  0.4893388, -0.6740688, -0.0413014)    0    0 -10.95404518  8 0.240  -6.72018201
(-3.2936730, 22.1738329, 16.7511494,  0.0340317,  0.7135950,  0.5000426,  0.4894705)    0    0   4.63404810  0 0.400   2.72473638
( 5.9826133, 22.8970543, 16.0332249,  0.1223546, -0.5076430,  0.1579883,  0.8380738)    0    0 -12.96383448  2 5.000  -8.65365949
(-3.3899314, 22.6797968, 17.2193513,  0.0340317,  0.7135950,  0.5000426,  0.4894705)    0    0   4.80719403 10 0.000   2.99747735
( 5.7964675, 17.4615196, 18.9157677,  0.6217118, -0.1342159, -0.5936183, -0.4930292)    0    0  11.80498189  2 5.000   7.86871092
(-0.7037684, 19.0528525, 26.8493945, -0.2225149, -0.4943796, -0.8211468,  0.1783082)    0    0  26.03569460  0 0.400  17.47833514
(-0.0616108, 19.0260392, 26.4491275, -0.2225149, -0.4943796, -0.8211468,  0.1783082)    0    0  26.17242474  3 0.400  17.48356815
(-3.5389810, 22.3896873, 17.0315699,  0.0340317,  0.7135950,  0.5000426,  0.4894705)    0    0   7.65333738  5 0.560   5.07015256
( 4.3926485, 14.8168287, 22.2218339, -0.0438329,  0.2330214, -0.9709341, -0.0326610)    0    0   8.50269088  1 5.000   5.05217770
( 5.3093181, 17.9282051, 18.9955403,  0.6217118, -0.1342159, -0.5936183, -0.4930292)    0    0   7.16930824  7 0.320   5.70987801
( 0.2747738, 21.7975828, 10.5233150,  0.5517879,  0.4893391, -0.6740706, -0.0413058)    0    0 -10.01691494  2 1.800  -6.28188547
( 5.7773750, 17.3527261, 19.1191237,  0.6217118, -0.1342159, -0.5936183, -0.4930292)    0    0   8.79862143  0 0.560   5.60707357
(-1.2024207, 19.2673103, 26.9082871, -0.2225149, -0.4943796, -0.8211468,  0.1783082)    0    0  24.41266219  0 0.800  14.82023714
( 0.2874477, 21.3707076, 10.3328872,  0.5487781,  0.4739853, -0.6871690, -0.0444894)    0    0 -19.98127819  6 0.360  -8.87252992
( 0.4066042, 21.8291464, 10.6011037,  0.5517883,  0.4893307, -0.6740764, -0.0413044)    0    0 -14.46955340  1 0.760 -10.72863025
(-0.5595388, 19.0142511, 26.5950714, -0.2225149, -0.4943796, -0.8211468,  0.1783082)    0    0  26.80909726  0 5.000  17.87273151
( 2.8895279, 27.8610853, 23.9868450, -0.8334871, -0.5395391, -0.0873721,  0.0810116)    0    0   1.30273720  8 4.760  -1.09980895
( 5.6979456, 17.3692451, 18.9267120,  0.6217118, -0.1342159, -0.5936183, -0.4930292)    0    0   5.50877910 20 0.000   5.65832747
( 5.7534948, 17.6105677, 18.9573617,  0.6217118, -0.1342159, -0.5936183, -0.4930292)    0    0  10.29427073  8 0.880   6.10927404
(-3.1398318, 22.7814683, 17.2259305,  0.0340317,  0.7135950,  0.5000426,  0.4894705)    0    0   5.28614256  0 0.400   2.67925197
( 5.6160240, 17.3660973, 19.0138927,  0.6217118, -0.1342159, -0.5936183, -0.4930292)    0    0   6.79560056  0 0.400   5.39790948
( 2.5343309, 23.4453995, 14.5280375,  0.2381737, -0.2616636, -0.9233458, -0.1491242)    0    0   2.47010542  7 0.240   2.14355940
(-0.0370665, 22.1320486, 10.6171466,  0.5517839,  0.4893385, -0.6740740, -0.0413120)    0    0  -9.99889842  1 2.240  -6.50523918
( 5.8686644, 23.0404515, 16.0714314,  0.1223546, -0.5076430,  0.1579883,  0.8380738)    0    0 -13.33667789  3 5.000  -8.72843269
(-0.5359110, 19.2697635, 27.0102749, -0.2225149, -0.4943796, -0.8211468,  0.1783082)    0    0  26.34397940  9 0.160  17.79039557
( 2.5745913, 23.8231017, 14.5145962,  0.2381737, -0.2616636, -0.9233458, -0.1491242)    0    0   1.07849502  2 0.640   1.00424205
(-0.1586521, 19.0886224, 26.5875916, -0.2225149, -0.4943796, -0.8211468,  0.1783082)    0    0  25.82041934  0 0.400  17.30537415
( 2.4774770, 23.5657079, 15.1168859,  0.2381737, -0.2616636, -0.9233458, -0.1491242)    0    0   1.92186731 13 0.000   1.76742241
( 5.7726731, 17.5185463, 18.5178896,  0.6217118, -0.1342159, -0.5936183, -0.4930292)    0    0   8.09794684  0 0.480   5.09659037
( 2.4957979, 23.3840845, 14.9836071,  0.2381737, -0.2616636, -0.9233458, -0.1491242)    0    0   3.30597934  3 5.000   2.31489645
( 3.9553275, 19.0885709, 24.5664551,  0.6341636, -0.3176382, -0.4818090,  0.5145898)    0    0  13.95697081  8 0.280   9.34075355
(-4.2173699, 22.9862192, 10.1379956,  0.2818104,  0.7782218,  0.1449055,  0.5421771)    0    0 -11.33924152  0 5.000  -7.55949434
( 4.9633338, 19.0686876, 24.0961762,  0.6341636, -0.3176382, -0.4818090,  0.5145898)    0    0  14.29209780  4 5.000   9.52780975
(-3.4335476, 22.3393602, 17.0725324,  0.0340317,  0.7135950,  0.5000426,  0.4894705)    0    0   8.24179302  2 5.000   5.40817403
( 2.6039575, 23.6308036, 14.4214122,  0.2381737, -0.2616636, -0.9233458, -0.1491242)    0    0   2.97097358  5 0.480   2.05370347
( 5.6766175, 23.1667274, 16.1515869,  0.1223546, -0.5076430,  0.1579883,  0.8380738)    0    0 -12.30611496  0 5.000  -8.20407664
(-3.6999299, 22.6544434, 17.0348111,  0.0340317,  0.7135950,  0.5000426,  0.4894705)    0    0   5.17604947  0 0.400   3.56299857
( 4.5982199, 19.0839089, 24.2679156,  0.6341636, -0.3176382, -0.4818090,  0.5145898)    0    0  14.38602183  2 5.000   9.48202705
( 2.4955900, 23.3785967, 14.9958517,  0.2381737, -0.2616636, -0.9233458, -0.1491242)    0    0   2.80333621  7 0.720   2.20758935
( 2.4716348, 23.4775589, 14.9737918,  0.2381737, -0.2616636, -0.9233458, -0.1491242)    0    0   2.24934431 11 0.080   2.25216157
( 5.7431193, 17.6456107, 18.9556840,  0.6217118, -0.1342159, -0.5936183, -0.4930292)    0    0   6.92973704  0 0.400   7.79654801
(-3.1329246, 22.2750933, 17.3016248,  0.0340317,  0.7135950,  0.5000426,  0.4894705)    0    0   7.08108073  0 0.560   5.28733865
( 2.4462123, 27.9872651, 23.9881018, -0.8334871, -0.5395391, -0.0873721,  0.0810116)    0    0   0.79335906 10 3.640   1.20258664
( 3.9791731, 19.0610616, 24.5657784,  0.6341636, -0.3176382, -0.4818090,  0.5145898)    0    0  13.96790761  7 0.360   9.35638242
(-0.0654617, 21.8950566, 10.5266290,  0.5517877,  0.4893360, -0.6740730, -0.0413058)    0    0 -10.77723503  7 0.560  -6.68842405
(-0.3609596, 19.1648080, 26.4455006, -0.2225149, -0.4943796, -0.8211468,  0.1783082)    0    0  25.12711318  8 0.160  15.47978427
(-0.5028017, 18.9975389, 26.5133627, -0.2225149, -0.4943796, -0.8211468,  0.1783082)    0    0  23.75081987 15 0.000  15.21458273
( 5.7694162, 17.3376195, 18.9943616,  0.6217118, -0.1342159, -0.5936183, -0.4930292)    0    0   7.70193683  0 0.480   5.40181975
( 4.1582765, 19.2923860, 24.4182080,  0.6341636, -0.3176382, -0.4818090,  0.5145898)    0    0  13.82997750  9 3.320   8.83735163
(-0.3734949, 18.8242651, 26.5396462, -0.2225149, -0.4943796, -0.8211468,  0.1783082)    0    0  26.25500739  5 0.240  17.53822111
( 0.3590134, 21.8006889, 10.5386460,  0.5517979,  0.4893274, -0.6740719, -0.0412892)    0    0 -12.91055352 16 0.000  -8.43425732
(-0.3591079, 18.9139338, 26.3788881, -0.2225149, -0.4943796, -0.8211468,  0.1783082)    0    0  26.44722609  1 0.480  17.69133019
( 0.2044362, 21.8215075, 10.5260790,  0.5517886,  0.4893427, -0.6740675, -0.0413050)    0    0 -10.89985695  6 0.360  -6.62588578
( 2.5342523, 23.4817498, 14.7668092,  0.2381737, -0.2616636, -0.9233458, -0.1491242)    0    0   3.13286629  3 0.920   2.16180533
(-0.7944143, 19.0012392, 26.7752560, -0.2225149, -0.4943796, -0.8211468,  0.1783082)    0    0  22.77368251  0 0.400  15.26554175
(-4.2066098, 23.1223155, 10.3637916,  0.2818104,  0.7782218,  0.1449055,  0.5421771)    0    0 -11.49792771  1 5.000  -7.44565588
( 2.3998887, 27.9859403, 24.0054183, -0.8334871, -0.5395391, -0.0873721,  0.0810116)    0    0   3.96860270  1 5.000   3.51721082
(-0.6462773, 18.9928693, 27.0233894, -0.2225149, -0.4943796, -0.8211468,  0.1783082)    0    0  25.90121087 18 0.000  17.41851735
(-0.1296283, 18.6321013, 26.1723884, -0.2225149, -0.4943796, -0.8211468,  0.1783082)    0    0  24.35600761  0 0.560  16.92402691
(-0.1449176, 18.7444055, 26.2883975, -0.2225149, -0.4943796, -0.8211468,  0.1783082)    0    0  25.39250542  0 0.400  16.91207722
(-0.3609835, 19.2803323, 26.4868944, -0.2225149, -0.4943796, -0.8211468,  0.1783082)    0    0  24.52304237  0 0.400  17.38355488
( 4.4053590, 19.0234714, 24.3756960,  0.6341636, -0.3176382, -0.4818090,  0.5145898)    0    0  14.16819007  6 1.080   9.21062041
(-0.3924730, 18.9270142, 27.0159673, -0.2225149, -0.4943796, -0.8211468,  0.1783082)    0    0  25.98457419 18 0.000  17.76320231
(-3.4671200, 22.2065494, 17.0038542,  0.0340317,  0.7135950,  0.5000426,  0.4894705)    0    0   7.25172548  7 0.240   5.43101432
( 0.6742518, 21.7303759, 10.5352162,  0.5518419,  0.4893832, -0.6739993, -0.0412255)    0    0 -10.80982581  7 0.560  -7.27034843
(-0.7299413, 18.8388335, 26.3641885, -0.2225149, -0.4943796, -0.8211468,  0.1783082)    0    0  25.83747151 15 0.000  17.43552148
( 0.6724782, 21.6756075, 10.4964169,  0.5518027,  0.4893315, -0.6740655, -0.0412821)    0    0 -12.65883501  2 0.720  -8.56754839
( 0.8990184, 21.5038060, 10.3693825,  0.5505084,  0.4829145, -0.6795859, -0.0426813)    0    0 -13.28077308  6 0.360  -7.01310157
(-3.5465224, 22.4374565, 17.2632507,  0.0340317,  0.7135950,  0.5000426,  0.4894705)    0    0   4.70503647  0 0.400   3.16825530
( 2.4641197, 27.8031160, 24.2006120, -0.8334871, -0.5395391, -0.0873721,  0.0810116)    0    0   1.84463422  4 0.760   1.19393539
( 2.9239630, 23.5048949, 14.6627020,  0.2381737, -0.2616636, -0.9233458, -0.1491242)    0    0   1.04705526  0 0.400   1.41030438
( 5.7300913, 17.6769563, 18.9811696,  0.6217118, -0.1342159, -0.5936183, -0.4930292)    0    0  10.38644943  3 0.800   5.84376855
(-3.7993381, 22.5951713, 17.0100485,  0.0340317,  0.7135950,  0.5000426,  0.4894705)    0    0   6.21168842  0 0.480   3.54005898
( 0.7193776, 21.8778495, 10.5795486,  0.5517866,  0.4893304, -0.6740779, -0.0413071)    0    0 -10.22432619  1 0.800  -6.11958826
( 5.4956862, 23.3075531, 16.2241173,  0.1223546, -0.5076430,  0.1579883,  0.8380738)    0    0 -14.80917588  5 4.040 -10.62504364
(-3.1166724, 22.4285967, 17.2743934,  0.0340317,  0.7135950,  0.5000426,  0.4894705)    0    0   6.10857634  7 0.240   3.18102328
( 2.4418190, 27.8967179, 24.0968405, -0.8334871, -0.5395391, -0.0873721,  0.0810116)    0    0   5.23578489  0 5.000   3.49052326
(-3.1421047, 22.6916143, 17.2928041,  0.0340317,  0.7135950,  0.5000426,  0.4894705)    0    0   7.07285451  4 0.480   5.45244986
( 2.4506978, 28.0406452, 23.9235624, -0.8334871, -0.5395391, -0.0873721,  0.0810116)    0    0   2.94046075  2 2.040   3.50051281
(-3.6614741, 22.6477281, 17.2282873,  0.0340317,  0.7135950,  0.5000426,  0.4894705)    0    0   6.01473520  0 0.400   3.45510974
(-0.1785451, 18.9925952, 26.6971230, -0.2225149, -0.4943796, -0.8211468,  0.1783082)    0    0  26.35956763  4 0.480  17.48620220
(-3.3282793, 22.7756918, 17.2742229,  0.0340317,  0.7135950,  0.5000426,  0.4894705)    0    0   8.37248703  1 5.000   5.67585989
( 2.4911117, 23.3656587, 15.0191926,  0.2381737, -0.2616636, -0.9233458, -0.1491242)    0    0   3.38289934  1 3.680   2.37323194
( 4.3725332, 19.1676632, 24.3513373,  0.6341636, -0.3176382, -0.4818090,  0.5145898)    0    0  14.56574203  0 5.000   9.71049469
( 5.7358535, 18.0121168, 18.9264361,  0.6217118, -0.1342159, -0.5936183, -0.4930292)    0    0   8.10178400  1 0.720   5.41579567
( 2.4712908, 23.4769116, 14.9754069,  0.2381737, -0.2616636, -0.9233458, -0.1491242)    0    0   2.39741349  0 0.400   2.22746319
( 0.1649724, 22.1050591, 10.6122442,  0.5517842,  0.4893358, -0.6740757, -0.0413113)    0    0 -10.53083338  4 0.560  -6.66157596
( 0.2201289, 21.8505102, 10.6747831,  0.5517952,  0.4893312, -0.6740711, -0.0412938)    0    0 -11.79170805  6 0.240  -6.94188169
(-3.3800555, 22.5664340, 17.1768621,  0.0340317,  0.7135950,  0.5000426,  0.4894705)    0    0   7.42962270  4 0.640   4.97738996
(-0.0603827, 19.0192548, 26.3159667, -0.2225149, -0.4943796, -0.8211468,  0.1783082)    0    0  26.56051055  4 0.720  17.70331836
(-3.4297011, 22.3553038, 17.0799022,  0.0340317,  0.7135950,  0.5000426,  0.4894705)    0    0   8.23206489  3 5.000   5.39396432
(-0.3212722, 19.2811631, 26.7017417, -0.2225149, -0.4943796, -0.8211468,  0.1783082)    0    0  26.05211160  0 0.640  17.19503762
( 5.7573853, 17.6039569, 18.9574424,  0.6217118, -0.1342159, -0.5936183, -0.4930292)    0    0  10.60884362  6 1.200   6.20408547
(-3.4417740, 22.7567611, 17.2100527,  0.0340317,  0.7135950,  0.5000426,  0.4894705)    0    0   5.01202560  0 0.400   5.30185075
( 5.6831415, 23.1609787, 16.1490632,  0.1223546, -0.5076430,  0.1579883,  0.8380738)    0    0 -12.45828094  1 5.000  -8.28858930
(-3.5800357, 22.2507235, 17.0162125,  0.0340317,  0.7135950,  0.5000426,  0.4894705)    0    0   4.65073644  0 0.400   3.28605106
(-3.2440532, 22.1391850, 17.0848133,  0.0340317,  0.7135950,  0.5000426,  0.4894705)    0    0   5.99485982 11 0.000   3.14771583
(-3.5008477, 22.6169736, 17.1927626,  0.0340317,  0.7135950,  0.5000426,  0.4894705)    0    0   3.67675282 10 0.000   2.76136409
(-3.4561228, 22.6062364, 17.1567502,  0.0340317,  0.7135950,  0.5000426,  0.4894705)    0    0   6.11845059  5 0.400   2.44651566
(-0.7155311, 19.1382037, 26.1098887, -0.2225149, -0.4943796, -0.8211468,  0.1783082)    0    0  26.47430959  6 0.880  17.83214084
(-3.4331327, 22.8685355, 17.2548443,  0.0340317,  0.7135950,  0.5000426,  0.4894705)    0    0   6.01942084  0 0.400   5.23520861
(-0.2349509, 19.0502224, 26.2640563, -0.2225149, -0.4943796, -0.8211468,  0.1783082)    0    0  26.62148959  3 0.960  17.69330863
(-3.2681066, 22.1966556, 17.0104675,  0.0340317,  0.7135950,  0.5000426,  0.4894705)    0    0   6.43679723  4 0.480   4.89501181
( 5.5173064, 23.3067240, 16.2132651,  0.1223546, -0.5076430,  0.1579883,  0.8380738)    0    0 -14.69960399  4 5.000 -10.52553962
( 5.7600986, 17.6087225, 18.9696220,  0.6217118, -0.1342159, -0.5936183, -0.4930292)    0    0  11.07356277  2 0.640   7.45367247
( 0.3397265, 21.6151589, 10.7935960,  0.5517822,  0.4893190, -0.6740894, -0.0413130)    0    0 -11.22113779 11 0.080  -6.44019276
( 5.6793879, 17.8695967, 19.0217263,  0.6217118, -0.1342159, -0.5936183, -0.4930292)    0    0  11.99037805  0 5.000   7.99358537
