#Coordinates  RecID  LigID  Luciferin  Neighbor's number  Vision Range  Scoring
(-5.9898576, 20.3372479, 16.0213482,  0.0328476,  0.7036075,  0.4844440,  0.5188174)    0    0 -14.31350731  6 3.160  -7.04212493
( 2.6945754, 27.8199548, 23.6654593, -0.8310222, -0.5408561, -0.0933116,  0.0895007)    0    0  -9.98716297  5 5.000  -3.24026017
( 0.8124806, 18.3506218, 16.7263143,  0.3675720, -0.2056575, -0.8844343, -0.2009275)    0    0 -26.05648786  5 3.960 -20.89068680
(-4.6884042, 19.2349034, 12.0231132,  0.9341449,  0.1772102, -0.2990983,  0.0806854)    0    0 -50.33991468  5 4.520 -34.80371547
(-3.5519677, 23.0543716, 18.1289007,  0.0341324,  0.7134685,  0.5019711,  0.4876685)    0    0  -8.63795902 11 0.680  -3.10282309
( 1.9320198, 24.0384313, 15.3400269,  0.2360655, -0.2625112, -0.9238673, -0.1477504)    0    0   0.41851847  0 5.000   0.32168364
(-5.8130649, 19.9440178, 11.4362238,  0.8392047,  0.1139565,  0.4127172,  0.3352819)    0    0 -57.45413668  3 4.760 -27.11718682
(-2.2528350, 20.5387331, 10.9312878,  0.5491822,  0.4926714, -0.6736515, -0.0429484)    0    0 -28.95762349  7 3.240 -17.20842651
(-1.5005424, 21.3069175, 25.5464720, -0.2233148, -0.4860333, -0.8253250,  0.1808903)    0    0  14.30592823  7 0.760  13.75218759
( 4.9613165, 16.7079491, 15.9363843,  0.6062126, -0.1329533, -0.6106291, -0.4918145)    0    0 -18.52395033 13 3.400 -11.78611407
( 4.4071290, 14.8500519, 22.2259412, -0.0438329,  0.2330214, -0.9709341, -0.0326610)    0    0  10.04543637  0 5.000   6.72306254
(-1.4205184, 20.5229474, 25.7344047, -0.2208065, -0.4918837, -0.8231654,  0.1780110)    0    0  21.86331970  9 0.280  15.68369411
(-0.5015307, 18.0863330, 23.0453258, -0.3342696, -0.5387498, -0.7538068,  0.1725914)    0    0  -7.40877489  9 3.640  -8.07054964
(-4.9115073, 21.5830004, 17.0158407,  0.0334718,  0.7134555,  0.5001439,  0.4896073)    0    0  -6.69574363 11 3.240  -1.96889065
( 1.7414481, 27.9773503, 24.3898011, -0.8334824, -0.5395450, -0.0873734,  0.0810201)    0    0  -0.12329230  2 5.000  -1.03960924
(-3.6832161, 23.2886454, 18.0756229,  0.0203176,  0.7040004,  0.4956447,  0.5082391)    0    0 -15.55660782  9 0.520  -5.18796107
(-1.4136460, 20.7163890, 25.6737071, -0.2222325, -0.4941694, -0.8213140,  0.1784726)    0    0  23.99227574  1 5.000  16.61946046
(-1.4296774, 20.5044079, 25.7062399, -0.2224517, -0.4943747, -0.8211719,  0.1782821)    0    0  24.15417806  0 5.000  16.58670190
( 1.7370191, 20.1202968, 16.9496052,  0.3759592, -0.1948751, -0.8814685, -0.2090253)    0    0 -10.41207110  8 3.320  -4.11328870
(-4.0669421, 16.2308863, 21.0223409, -0.6426673, -0.5062136, -0.5743454,  0.0292211)    0    0 -30.56840863  4 4.760 -17.33109513
(-0.4060973, 18.2956990, 23.7987209, -0.3120814, -0.5411468, -0.7597395,  0.1804473)    0    0  -2.17756593  6 3.080  -2.56963050
(-3.3512169, 23.1311684, 17.8771459,  0.0333761,  0.7138028,  0.5009540,  0.4882784)    0    0  -7.22287902 10 1.640  -2.28771850
( 1.8089758, 22.2910419, 18.2823871,  0.3014920, -0.2308654, -0.9092327, -0.1705860)    0    0  -7.89164270  7 2.280  -3.75211156
( 7.5407611, 19.4525547, 21.4612575,  0.6186174, -0.1077433, -0.6019597, -0.4933035)    0    0  -3.75735069 13 3.400  -1.47898446
( 0.6347538, 16.6601615, 26.4235890,  0.6358726, -0.2284750, -0.4543012,  0.5805822)    0    0  12.78227800  0 5.000   9.29390222
( 5.7123571, 18.0830634, 19.0506256,  0.5970427, -0.1270815, -0.6203780, -0.4924118)    0    0  -0.74246022  9 3.880   0.63515028
( 6.1236337, 22.8935144, 15.9634847,  0.1221071, -0.5077957,  0.1578782,  0.8380380)    0    0 -17.74762890  5 5.000 -12.70782284
(-0.6389574, 18.5691054, 24.3508945, -0.2452727, -0.5077922, -0.8062806,  0.1786057)    0    0   0.81642954  9 2.520   3.63653894
(-2.1661826, 26.4683446, 20.0799530,  0.6274726,  0.6694343,  0.3866241,  0.0930463)    0    0 -17.94987476  5 3.480  -9.82804124
( 5.0101744, 16.5243863, 15.8516832,  0.5937799, -0.1308038, -0.6221832, -0.4931571)    0    0 -17.26829636 11 3.720  -9.68340398
( 5.7627886, 17.5777367, 18.9503875,  0.6217116, -0.1342166, -0.5936026, -0.4930219)    0    0   5.97538956  0 5.000   7.63502816
( 5.6504098, 22.2298504, 22.7490198,  0.5406216, -0.3511121, -0.5721378,  0.5070571)    0    0  -3.51288436  8 4.760  -3.65603012
( 1.9352536, 23.4290923, 16.1321298,  0.2473514, -0.2578544, -0.9214561, -0.1519042)    0    0  -6.60183920 13 2.200  -5.42918780
( 5.3867465, 21.6702458, 23.2181508,  0.5958431, -0.3504912, -0.5202397,  0.5014755)    0    0  -2.44251061  3 5.000  -0.02816728
(-1.5830497, 21.5386651, 25.1876679, -0.2199185, -0.4892138, -0.8253661,  0.1762354)    0    0  13.05366717 12 0.920  11.97642323
( 2.1136412, 23.8471828, 15.3382730,  0.2400126, -0.2604831, -0.9232127, -0.1490507)    0    0  -2.37421303  5 2.360  -1.72532700
( 4.0643687, 25.1752291, 11.4762825, -0.5530684, -0.5045871, -0.3466303, -0.5651140)    0    0 -16.44190057  5 5.000 -11.96076357
(-2.5146422, 16.5957546, 21.2944343, -0.5112897, -0.5735722, -0.6250339,  0.1375879)    0    0 -20.76534599  5 4.840 -10.05758521
(-0.9820266, 21.5815472, 24.6675286, -0.2361930, -0.5003513, -0.8143354,  0.1752690)    0    0   6.77362147  9 1.560   8.57497007
( 6.0527848, 18.0485925, 19.0226097,  0.6062218, -0.1281800, -0.6110476, -0.4925218)    0    0  -0.82562821 10 2.680   2.46910381
(-1.3981171, 20.9213114, 25.6378909, -0.2220333, -0.4941382, -0.8214094,  0.1783666)    0    0  23.61727558  3 3.240  16.38998739
(-2.2034093, 24.6921708, 24.1360362, -0.2073218, -0.4964262, -0.8228534,  0.1830057)    0    0   0.44042864 11 4.200   4.27090347
( 3.4722380, 23.2391774, 15.2729809,  0.2515796, -0.2560570, -0.9204687, -0.1545312)    0    0 -10.14737459 14 1.880  -4.76955436
( 1.8070956, 24.2272888, 15.2959241,  0.2461500, -0.2586877, -0.9218128, -0.1504793)    0    0  -7.48013573  8 0.840  -4.23424500
( 1.4637757, 20.6642879, 17.0352032,  0.3785209, -0.2022596, -0.8760777, -0.2197745)    0    0 -14.58817465 10 1.880  -7.77457804
( 1.9978488, 22.5676191, 17.1818338,  0.3277565, -0.2252015, -0.8993390, -0.1817946)    0    0  -5.95017371  3 2.040  -3.29643052
(-0.3272295, 19.6819612, 24.8092185, -0.2335200, -0.4989635, -0.8149403,  0.1793335)    0    0  11.65788279 20 1.160  11.02285709
(-2.1579545, 26.8326066, 19.1602970, -0.8796506, -0.3055643, -0.0883962,  0.3535978)    0    0 -26.71755585  2 2.840 -17.24657752
(-2.3024336, 26.3164120, 19.2990610,  0.5590640,  0.7142277,  0.4040220,  0.1187119)    0    0 -39.00026819  8 2.600 -21.00859782
( 2.1117809, 23.8219405, 15.3538423,  0.2364660, -0.2623539, -0.9237860, -0.1478966)    0    0   0.19408865  1 5.000   0.29911570
( 6.0582021, 18.3008280, 19.0731616,  0.6058348, -0.1276607, -0.6100336, -0.4944956)    0    0  -0.97472297 10 1.160   1.85323447
(-1.3999474, 19.8163702, 25.8024692, -0.2215330, -0.4930741, -0.8221897,  0.1783330)    0    0  19.95212730  8 0.200  16.35339335
( 5.9822432, 22.3700034, 22.6411462,  0.4779180, -0.2938280, -0.6102627,  0.5593200)    0    0  -4.89398137  7 2.760   0.51731261
( 1.0379484, 28.0364447, 24.0152387, -0.8343502, -0.5388482, -0.0862391,  0.0778313)    0    0  -6.22177843  4 5.000  -3.35336321
( 3.9194939, 16.5541678, 14.6407783,  0.5786241, -0.1255733, -0.6880088, -0.4196062)    0    0 -20.04612523  4 3.880 -10.87497109
(-1.4710905, 20.0871267, 25.7549860, -0.2212115, -0.4935901, -0.8219401,  0.1784589)    0    0  22.63473381  9 0.360  16.53079230
( 1.7912503, 23.5824341, 16.0950090,  0.2403397, -0.2606437, -0.9229277, -0.1499995)    0    0  -6.31421724 11 1.960  -4.80836177
(-0.5195242, 19.1083045, 25.1574707, -0.2271773, -0.4898298, -0.8222927,  0.1794135)    0    0  17.84830069 13 1.800  13.51739125
(-3.1851634, 18.6686895, 11.5314196,  0.6576950,  0.4816037, -0.5791959,  0.0052257)    0    0 -65.29624501 12 3.880 -44.89249645
( 2.1700649, 19.2226506, 16.8477537,  0.5186864, -0.1540222, -0.7496102, -0.3812167)    0    0  -9.65327517 17 3.000  -3.76240612
(-3.4571141, 16.2192200, 21.1371759, -0.6252959, -0.5281245, -0.5729515,  0.0426162)    0    0 -32.12085381  5 4.440 -13.94291994
( 0.7672172, 24.6051730, 10.8773294, -0.5865827, -0.5350408, -0.2700843, -0.5447078)    0    0 -62.07203124  5 3.720 -44.36122355
( 5.7216962, 17.8596502, 19.0910768,  0.6121728, -0.1304756, -0.6047873, -0.4921607)    0    0   1.48039127  6 3.640   3.32052820
( 5.9740522, 22.3276376, 22.5043647,  0.3926323, -0.2281466, -0.6308725,  0.6291176)    0    0  -5.89608084  8 2.840  -4.21779209
(-3.3020491, 23.3633426, 17.6507362,  0.0337659,  0.7138399,  0.5006215,  0.4885390)    0    0  -3.62737956  7 1.640  -0.11243760
(-3.1455382, 16.4844495, 21.6007658, -0.5099608, -0.5734475, -0.6268043,  0.1349602)    0    0 -18.62273635  4 4.920  -9.71388505
(-5.2799666, 21.7401357, 10.7802405,  0.3709950,  0.7122058,  0.2262847,  0.5512902)    0    0 -70.64737158  5 4.440 -42.54803457
(-3.3873609, 22.3533856, 16.5669488,  0.0334932,  0.7119275,  0.5008994,  0.4910415)    0    0  -6.65142068 10 2.200   1.99243174
(-1.4665663, 20.4615051, 25.5950529, -0.2221295, -0.4940255, -0.8214107,  0.1785543)    0    0  23.44545278  6 3.400  15.98586744
( 3.6395945, 23.3265009, 14.8777353,  0.2515713, -0.2583064, -0.9185056, -0.1622870)    0    0 -11.97984104 16 2.200  -6.74187158
(-0.7321326, 18.0037587, 23.3071035, -0.3104066, -0.5271698, -0.7719324,  0.1728009)    0    0  -6.64740403  8 3.160  -3.17295664
( 5.7444974, 17.5313065, 18.9554315,  0.6234470, -0.1344055, -0.5917462, -0.4930304)    0    0   3.90115792  1 5.000   3.00499088
(-5.6267833, 20.6727252, 15.7076714,  0.0301058,  0.7092854,  0.4981770,  0.4977769)    0    0  -8.25808032  4 4.280  -1.20624874
( 3.6616180, 16.4794293, 15.0947560,  0.5673939, -0.1332020, -0.6871280, -0.4337932)    0    0 -10.91573851  2 4.520  -2.54041577
(-3.2551834, 23.4739891, 17.6048995,  0.0340410,  0.7141605,  0.5005212,  0.4881540)    0    0  -2.35668519  6 3.320  -0.32207329
( 1.9955068, 22.8569641, 17.1944750,  0.2676080, -0.2490042, -0.9171693, -0.1586926)    0    0  -4.82866819  8 3.080  -3.54809207
(-1.4175914, 20.7454320, 25.6308909, -0.2219884, -0.4901142, -0.8239692,  0.1776414)    0    0  18.61733285 13 0.120  15.16815417
(-2.6111446, 19.7136367, 11.3415567,  0.5672324,  0.3404416, -0.7427279, -0.1034517)    0    0 -48.14508635  9 3.240 -24.55082526
( 2.0009764, 22.8690298, 17.4722377,  0.2957936, -0.2377202, -0.9096245, -0.1685292)    0    0  -4.60731545  1 1.560  -0.99979039
( 1.6651581, 27.8977427, 24.3437677, -0.8334872, -0.5395390, -0.0873721,  0.0810119)    0    0   1.66190458  0 5.000   1.12683375
(-3.8275000, 23.0634913, 18.0348435,  0.0371206,  0.7162545,  0.5055546,  0.4794901)    0    0 -13.76735945 13 0.760  -5.86049872
( 1.9808002, 23.0278184, 16.9011012,  0.2602776, -0.2525819, -0.9186774, -0.1564921)    0    0  -3.79144774  6 2.760  -1.33175448
( 4.4823917, 24.8866179, 11.4870416, -0.5531005, -0.5048096, -0.3465366, -0.5649417)    0    0 -15.60546239  4 4.520  -9.14785181
(-0.2383625, 16.9988147, 22.1999374, -0.4522951, -0.5651245, -0.6728596,  0.1527201)    0    0 -11.58645715 10 4.280  -8.10502294
( 4.6261995, 22.2834510, 13.6013122,  0.2590655, -0.2534750, -0.9162498, -0.1706512)    0    0 -11.52690099 16 3.960  -4.97766977
( 4.3666573, 25.0309573, 11.5197452, -0.5517590, -0.5036899, -0.3473583, -0.5667408)    0    0 -25.03950515  7 3.240 -12.60569944
(-4.4127293, 22.7255599, 10.1957562,  0.2817870,  0.7782312,  0.1449352,  0.5421679)    0    0 -13.29415354  1 5.000  -7.90369073
(-3.0962092, 23.7964083, 17.3342455,  0.0343416,  0.7138712,  0.4999685,  0.4891217)    0    0  -0.51015207  2 4.280   1.42912492
(-3.3037168, 23.4452419, 17.6216492,  0.0344552,  0.7140036,  0.4998876,  0.4890024)    0    0  -0.34142274  0 5.000   1.42376194
(-1.4250059, 20.5738560, 25.7038502, -0.2223667, -0.4942809, -0.8212398,  0.1783382)    0    0  22.72063366  8 4.760  14.24600936
(-4.2798299, 22.0101929, 17.9414709,  0.0347410,  0.7144019,  0.4995600,  0.4887316)    0    0 -11.31917953 11 1.480  -5.56467755
( 1.1135251, 28.4527776, 23.0931199, -0.8343260, -0.5376011, -0.0899352,  0.0823651)    0    0 -12.85829150  6 4.280  -5.53495959
( 4.4450303, 22.7587861, 14.6993499,  0.2760487, -0.2494971, -0.9106503, -0.1796227)    0    0 -16.03460808 10 3.240 -11.77256650
( 4.4566886, 24.9223965, 11.5149963, -0.5532226, -0.5042555, -0.3466316, -0.5652589)    0    0 -15.58861543  3 5.000  -9.19307718
(-3.4320948, 23.7438024, 17.3023976,  0.0342372,  0.7140077,  0.5001022,  0.4887928)    0    0  -0.41562664  1 5.000   1.57231849
( 6.0188043, 24.9199161, 15.4503484,  0.1087693, -0.5493087,  0.1543496,  0.8140057)    0    0 -35.90217262  6 4.520 -16.53640444
(-5.8437235, 20.2705962, 16.9827868,  0.0355684,  0.7009930,  0.4795822,  0.5265383)    0    0 -19.09061545  8 2.280 -11.04433220
( 5.6301012, 17.9642699, 18.9681892,  0.6211368, -0.1342882, -0.5934947, -0.4938518)    0    0   0.60369634  8 2.520   2.97919953
(-1.4011226, 20.9701965, 25.9738418, -0.2230665, -0.4879815, -0.8247401,  0.1785259)    0    0  20.24940005 14 0.000  15.90957145
(-1.4800354, 20.5834790, 25.6123834, -0.2218576, -0.4940555, -0.8214852,  0.1784670)    0    0  22.87663691  7 1.240  15.58758528
(-5.3610820, 20.6889350, 20.2199432,  0.1036145,  0.6947994,  0.5570550,  0.4429532)    0    0 -46.12456751 11 3.720 -41.86171130
( 4.3926485, 14.8168287, 22.2218339, -0.0439625,  0.2330488, -0.9709203, -0.0327009)    0    0   7.79799855  1 5.000   5.06485554
( 7.4457834, 19.1330284, 21.4987401,  0.6251942, -0.1087079, -0.5955173, -0.4926195)    0    0  -3.38936767 12 3.320  -1.05579716
(-2.0722710, 20.0019960, 11.1584715,  0.5342924,  0.3451249, -0.7630548, -0.1147510)    0    0 -24.64600807  3 5.000 -16.70389351
( 5.8424046, 16.8106199, 18.6773151,  0.6120007, -0.1334936, -0.6033536, -0.4935574)    0    0   1.66787458  4 2.920   6.74450765
(-0.0646347, 18.8487995, 24.7921391, -0.2382205, -0.5058729, -0.8093142,  0.1798726)    0    0   9.80101223  8 2.440   9.94028019
(-2.2776734, 21.1653625, 10.8613711,  0.5490849,  0.4952740, -0.6720588, -0.0392525)    0    0 -23.41142057  0 5.000 -15.09892254
(-2.3302486, 20.0080448, 11.1521636,  0.5501061,  0.4928663, -0.6729279, -0.0402369)    0    0 -26.57750263  5 3.800 -16.16660794
(-1.4502283, 20.2471329, 25.7338838, -0.2223800, -0.4945238, -0.8210803,  0.1783829)    0    0  23.80693799  2 4.280  16.27317160
( 1.6192866, 28.2113461, 23.9801490, -0.8332049, -0.5401627, -0.0873175,  0.0797970)    0    0   0.44616780  1 5.000   1.14835715
( 5.7777818, 17.6631820, 18.9859835,  0.6120425, -0.1329381, -0.6026334, -0.4943541)    0    0   1.51667915  5 1.960   3.44452814
( 6.8204031, 19.3689556, 19.6696483,  0.5945910, -0.1082916, -0.6219322, -0.4979305)    0    0  -5.49471213 12 1.800  -2.54569139
(-3.4663969, 23.1043809, 17.9198108,  0.0347590,  0.7140430,  0.4997775,  0.4890359)    0    0  -5.78279136  9 1.080  -1.87647292
( 6.1768120, 17.9940590, 18.8602197,  0.6096427, -0.1305772, -0.6068953, -0.4927441)    0    0  -1.22733596 11 1.160   0.71690963
( 4.8833104, 21.0577631, 12.9200219,  0.3135117, -0.2225835, -0.8924404, -0.2360449)    0    0 -17.44601619  5 4.120  -8.16191353
(-6.6479985, 20.7475290, 10.9951459,  0.8593301,  0.0666252,  0.4037217,  0.3067760)    0    0 -39.10097148  0 5.000 -25.49320341
( 6.5777457, 23.0077002, 15.8075612,  0.1218370, -0.5083779,  0.1582808,  0.8376477)    0    0 -17.19662814  2 3.640 -10.36364635
(-1.5535530, 20.2793788, 25.8552095, -0.2218357, -0.4936214, -0.8218160,  0.1781704)    0    0  22.56521327  3 0.600  16.32663759
( 1.8762842, 23.0619052, 16.8295792,  0.2662318, -0.2499995, -0.9172831, -0.1587847)    0    0  -6.42999421 11 1.560  -4.86850940
(-0.2046883, 17.7517660, 26.0810114, -0.1100388, -0.4921497, -0.8244625,  0.2567914)    0    0   9.53667960 26 3.320   3.92882474
( 3.0060884, 23.5952529, 14.9097723,  0.2398308, -0.2603956, -0.9231414, -0.1499362)    0    0  -5.77062042  7 2.520  -1.93823791
( 5.7505757, 17.5264118, 18.9441338,  0.6235963, -0.1344263, -0.5915784, -0.4930360)    0    0   1.85835001  3 4.120   3.20135494
( 1.7724737, 24.2299469, 15.3281274,  0.2375223, -0.2618226, -0.9236006, -0.1483018)    0    0  -0.52995151  3 4.600   0.20604817
( 6.2051592, 22.5734341, 22.4365247,  0.1253677, -0.0119002, -0.6598984,  0.7407263)    0    0  -4.72997406  5 2.520  -0.13569685
(-4.2173699, 22.9862192, 10.1379956,  0.2818104,  0.7782218,  0.1449055,  0.5421771)    0    0 -11.36843727  0 5.000  -7.55949434
( 6.0264244, 22.5535707, 22.4331839,  0.3825043, -0.2191339, -0.6356927,  0.6336920)    0    0  -2.84072202  4 3.800  -0.90411156
(-5.3800875, 20.8782406, 16.9792627,  0.0335634,  0.7107662,  0.4970543,  0.4965317)    0    0 -14.70023177 10 3.000  -8.38801688
( 4.4097621, 22.7034324, 15.0096245,  0.2611587, -0.2535963, -0.9149369, -0.1742855)    0    0 -14.34009944  6 3.080  -9.22637965
( 6.4681178, 23.0043795, 15.8119257,  0.1221396, -0.5077688,  0.1578941,  0.8380466)    0    0 -17.31733184  3 3.640 -10.59771593
(-5.2061712, 21.8888196, 19.7113661,  0.0380756,  0.7069064,  0.5125836,  0.4856839)    0    0 -23.35465326  8 2.760 -10.09971840
( 3.6688172, 20.0548715, 24.3816303,  0.6362005, -0.2799381, -0.4705607,  0.5435589)    0    0   7.52895878  1 5.000   2.93220691
( 1.6830903, 21.3424213, 16.7601122,  0.3105624, -0.2282391, -0.9061355, -0.1741782)    0    0  -8.65889210  9 2.760  -5.32228008
( 2.0436182, 23.2190763, 16.8611231,  0.2539507, -0.2551691, -0.9201162, -0.1541719)    0    0  -6.94335802 13 1.720  -5.27713747
( 7.7700661, 19.7289364, 21.6995215,  0.6454356, -0.0520564, -0.5855620, -0.4876681)    0    0  -6.94456910  5 2.840  -1.58106422
(-5.5700302, 20.8081664, 16.4446836,  0.0319127,  0.7116954,  0.4971906,  0.4951928)    0    0 -10.85994358 13 3.400  -5.90539530
( 2.6641213, 28.9142351, 20.2691256, -0.7924637, -0.6029512, -0.0907473,  0.0146982)    0    0 -31.11076215  5 5.000 -20.37976104
( 6.3111943, 22.7673114, 22.1560915,  0.0235858,  0.0628844, -0.6426046,  0.7632487)    0    0  -2.81233363  2 3.400  -0.55348312
(-2.2643396, 20.5548161, 11.0817294,  0.5498622,  0.4954781, -0.6712897, -0.0390111)    0    0 -24.67806892  5 5.000 -16.93185444
( 4.0728576, 21.2254541, 23.7091140,  0.6154029, -0.3621411, -0.5162389,  0.4728959)    0    0   0.37328471  2 4.520   3.42704362
( 0.3729531, 19.3476599, 22.4226049, -0.3697203, -0.5799483, -0.7070679,  0.1643832)    0    0 -12.43413420  7 3.160  -7.35711100
( 5.7835357, 18.1930880, 19.1071324,  0.6069283, -0.1307604, -0.6098323, -0.4925145)    0    0   0.63781922  7 2.680   0.82729844
( 3.9220617, 20.5231785, 23.9261082,  0.6337905, -0.3301886, -0.4847299,  0.5043035)    0    0   6.65191844  2 5.000   2.90513828
(-1.2860295, 18.3750046, 20.6107763, -0.5702132, -0.5851156, -0.5705104,  0.0837532)    0    0 -40.42975744  8 3.480 -23.24081517
( 4.3186146, 25.0133130, 11.5044770, -0.5530789, -0.5053009, -0.3464058, -0.5646041)    0    0 -13.75263312  0 5.000  -9.12288950
( 1.2209645, 21.1429764, 23.9234878, -0.2348714, -0.5074291, -0.8096631,  0.1779609)    0    0   7.44784863  5 3.400   6.29838940
(-4.7055098, 19.2098027, 11.4738285,  0.9352761,  0.1745265, -0.2973717,  0.0798073)    0    0 -49.22791925  5 5.000 -33.54473133
( 4.5657646, 22.2330659, 14.0007807,  0.2637522, -0.2513228, -0.9150799, -0.1729175)    0    0 -11.65352864  9 4.040  -4.75806407
(-0.6138549, 18.6196861, 23.9048939, -0.2646770, -0.5146424, -0.7956825,  0.1788259)    0    0  -3.06707613 21 2.120  -2.12092831
(-5.0986172, 21.9622416, 10.6841260,  0.2985643,  0.7633680,  0.1705737,  0.5468393)    0    0 -40.83515620  3 5.000 -12.62612915
( 0.9284447, 28.0419732, 23.9650292, -0.8346227, -0.5382364, -0.0863017,  0.0790604)    0    0  -6.12050096  3 5.000  -3.33033917
(-1.5608562, 21.1537824, 25.3551854, -0.2221871, -0.4926184, -0.8222387,  0.1785507)    0    0  21.73064594 12 0.120  16.04082022
(-1.3885173, 20.5505201, 25.7363385, -0.2209302, -0.4885472, -0.8249563,  0.1786891)    0    0  18.75551466 12 0.000  15.57448714
(-1.4474724, 20.3662923, 25.7165357, -0.2222185, -0.4942246, -0.8212986,  0.1784078)    0    0  23.58713492  4 3.880  15.96809938
(-1.3179704, 19.9842950, 25.6685905, -0.2196248, -0.4948819, -0.8216370,  0.1782207)    0    0  21.52009234  7 0.200  16.24346997
( 6.1355607, 22.4703236, 22.4358227,  0.4002047, -0.1836338, -0.6013984,  0.6666594)    0    0  -2.54340355  4 5.000  -0.86359021
(-3.3909980, 16.1872305, 21.1173725, -0.6442184, -0.5453831, -0.5306056,  0.0774446)    0    0 -22.02819117  5 5.000 -14.06571634
(-3.2684066, 23.4546342, 17.6200607,  0.0339273,  0.7138469,  0.5003713,  0.4887740)    0    0  -1.38631475  4 5.000  -0.33727617
( 3.9693627, 25.2484810, 11.4861758, -0.5531770, -0.5048046, -0.3464397, -0.5649306)    0    0 -14.73638035  2 4.200  -9.34311438
(-1.4011209, 20.6105707, 25.7252364, -0.2224742, -0.4890096, -0.8243868,  0.1780939)    0    0  20.43880921  9 0.200  15.48277755
( 4.4244728, 24.9458196, 11.5160921, -0.5530669, -0.5049710, -0.3465104, -0.5648466)    0    0 -14.57445745  1 3.960  -9.06534605
(-2.0294393, 20.4582738, 11.0261033,  0.5338401,  0.3447361, -0.7635140, -0.1149703)    0    0 -24.48067809  2 5.000 -18.23546835
(-5.4919141, 21.2881229, 19.1588600,  0.0353094,  0.7103537,  0.5015737,  0.4925002)    0    0 -18.00985240  6 2.840  -9.06595397
( 2.3198076, 28.3003652, 17.7241154, -0.6280514, -0.7259710, -0.0514001, -0.2754553)    0    0 -28.82309422  0 5.000 -16.96762990
( 1.7299494, 24.2849244, 15.3223887,  0.2370387, -0.2618874, -0.9237352, -0.1481198)    0    0  -0.42110751  2 3.960   0.16474474
( 7.5058397, 19.4016327, 21.7286661,  0.6193100, -0.1020496, -0.6041892, -0.4909139)    0    0  -5.13137175 10 3.560  -1.88663618
(-4.1444357, 23.6893783, 16.6821158,  0.0313861,  0.7120764,  0.5017069,  0.4901407)    0    0 -11.98942787 14 1.640  -6.20801148
( 4.2310196, 25.0400227, 11.4563291, -0.5531386, -0.5049584, -0.3463156, -0.5649071)    0    0 -16.93955181  6 2.840 -12.27321971
( 6.4430913, 22.7507426, 15.8253954,  0.1221748, -0.5077457,  0.1579118,  0.8380522)    0    0 -16.56963138  1 5.000 -10.36897019
(-2.0221036, 26.8300532, 20.3494696,  0.5744233,  0.6899676,  0.4084899,  0.1646773)    0    0 -23.33866815  5 4.040 -14.64135711
( 2.3485753, 27.9975928, 17.7644976, -0.6763025, -0.7168981, -0.0839098, -0.1470756)    0    0 -36.64535621  2 5.000 -28.71578412
(-3.3087443, 23.4352331, 17.6303518,  0.0348611,  0.7141766,  0.4995390,  0.4890777)    0    0  -2.00204679  5 5.000  -0.16075552
( 2.1735251, 27.7664209, 17.3666648, -0.6966613, -0.7001146, -0.0844201, -0.1318173)    0    0 -38.80850342  3 5.000 -30.11670563
(-3.4688402, 25.4240095, 18.9184285,  0.4646964,  0.7408024,  0.4526675,  0.1742446)    0    0 -27.48355678 16 1.720 -16.38436081
(-0.1481041, 18.1366771, 24.1434782, -0.2880297, -0.5367574, -0.7720637,  0.1812401)    0    0   3.29234846  7 3.000   4.33666428
(-3.2236309, 23.5841969, 17.5846806,  0.0340295,  0.7140399,  0.5004922,  0.4883599)    0    0  -1.27455757  3 2.360   2.12589645
( 1.9413154, 24.4483354, 15.0839066,  0.2375618, -0.2615622, -0.9236466, -0.1484103)    0    0  -1.14768374  4 4.760   0.41701037
( 4.1874487, 21.5943490, 23.5557283,  0.5523397, -0.3132302, -0.5552715,  0.5371045)    0    0  -3.41725435  7 4.040  -1.12007459
( 5.7373909, 17.5132401, 18.9573713,  0.6191989, -0.1341313, -0.5960075, -0.4933198)    0    0   2.51635869  2 4.200   3.15679320
( 4.5929098, 22.4556352, 15.2795843,  0.2974259, -0.2262007, -0.8984580, -0.2305305)    0    0 -18.18400674 10 3.320  -4.13305440
(-1.7261077, 20.2067306, 11.4633617,  0.5348440,  0.3416093, -0.7641032, -0.1157207)    0    0 -28.59361477  6 3.000 -16.40110540
(-1.9827443, 22.4240213, 10.7910697,  0.5451690,  0.4889563, -0.6794163, -0.0443888)    0    0 -36.30081302  6 3.560 -20.24080136
(-2.0607715, 26.5892822, 19.8948659,  0.5529402,  0.7038941,  0.3941588,  0.2083966)    0    0 -29.79137327  9 3.560 -20.97512437
(-1.3984053, 20.8459647, 25.6681084, -0.2222644, -0.4942332, -0.8212711,  0.1784540)    0    0  23.56746913  5 4.760  16.37534752
(-3.7605801, 23.4560675, 17.1574661,  0.0334627,  0.7138939,  0.5010036,  0.4880862)    0    0  -8.58187547 13 1.800  -2.77756484
(-1.4961260, 20.8797615, 25.3158049, -0.2221246, -0.4940457, -0.8214748,  0.1782095)    0    0  22.41982034 11 0.840  15.71050883
( 4.0460487, 16.4119636, 15.0424694,  0.5804784, -0.1409760, -0.6543848, -0.4636283)    0    0 -17.54426315  6 4.520 -12.26147237
(-2.2597010, 26.2116295, 18.7361059,  0.4619920,  0.7365408,  0.4495283,  0.2049277)    0    0 -29.01745542  9 3.320 -17.65012907
( 6.1490982, 23.1155770, 15.9453273,  0.1221884, -0.5077346,  0.1579218,  0.8380550)    0    0 -17.34797341  4 5.000 -10.87085662
(-1.8544803, 26.8864698, 19.8905995, -0.7657665, -0.5754654, -0.2817423,  0.0553402)    0    0 -29.89772039  7 3.800 -23.06173333
(-1.9610526, 26.8787762, 20.1475496, -0.8689499, -0.4269188, -0.1534349,  0.1977985)    0    0 -28.36165686  4 3.560 -14.58581777
(-4.3255949, 25.0054465, 15.4046925,  0.0231804,  0.7057005,  0.4965502,  0.5048637)    0    0 -24.27218190 17 3.320  -9.73067126
(-5.7548571, 20.6811892, 19.8490895,  0.1208865,  0.6778456,  0.5794210,  0.4360999)    0    0 -64.07721843  6 3.000 -47.91587291
(-1.5521445, 20.9323254, 25.2770612, -0.2211853, -0.4926592, -0.8226425,  0.1778148)    0    0  21.87758202  8 0.200  16.13686100
(-3.9864751, 22.6402474, 17.9373658,  0.0338580,  0.7142258,  0.5007672,  0.4878190)    0    0  -8.30730342  7 1.080  -1.80209283
(-0.4895246, 19.3300352, 24.3945162, -0.2406178, -0.5017719, -0.8113934,  0.1786795)    0    0   4.27170647  4 1.800   6.52173462
(-3.2940814, 23.4659841, 17.6039482,  0.0335410,  0.7124934,  0.4999644,  0.4911802)    0    0  -4.59629687  8 1.000   1.88491752
( 6.2915093, 22.7846407, 15.8914180,  0.1223748, -0.5075944,  0.1579921,  0.8380995)    0    0 -15.58303143  0 5.000 -10.33594209
( 3.7269488, 16.3575473, 15.0797400,  0.5168611, -0.1532771, -0.7643529, -0.3537306)    0    0 -22.35272797 12 4.280 -17.95270835
(-2.4227118, 20.2765425, 10.8388651,  0.5496286,  0.4955365, -0.6714358, -0.0390516)    0    0 -24.42001835  1 5.000 -15.58962487
( 5.6598170, 18.3025959, 19.3093163,  0.6042360, -0.1290645, -0.6117227, -0.4939670)    0    0  -2.06436736 12 1.160   0.58174775
