#Coordinates  RecID  LigID  Luciferin  Neighbor's number  Vision Range  Scoring
(-3.7981110, 22.3826257, 17.0097854,  0.0340367,  0.7135974,  0.5000428,  0.4894666)    0    0   3.43408314  0 0.400   1.01454687
( 1.8812621, 28.2119275, 23.8959955, -0.8334871, -0.5395392, -0.0873721,  0.0810116)    0    0   1.60185526  9 2.040   1.13140967
( 2.5838608, 23.4686638, 15.0734561,  0.2381808, -0.2616608, -0.9233444, -0.1491265)    0    0   2.85444051  4 0.720   1.81429672
(-1.7075347, 20.9781600, 10.4276783,  0.5517723,  0.4893567, -0.6740707, -0.0413039)    0    0 -17.14950501  3 0.960 -10.83873044
(-3.3459386, 22.4780896, 17.1692267,  0.0340317,  0.7135950,  0.5000426,  0.4894705)    0    0   7.79713510  6 1.560   4.98994482
( 2.3365155, 23.2604738, 15.2384694,  0.2382085, -0.2616495, -0.9233393, -0.1491336)    0    0   1.02088609 14 0.000   0.09027646
(-1.7877645, 20.8513859, 10.3279031,  0.5517772,  0.4893507, -0.6740709, -0.0413069)    0    0 -21.90671697 12 0.000 -15.70210236
(-1.9937119, 20.8703276, 10.4766361,  0.5517903,  0.4893353, -0.6740709, -0.0413147)    0    0 -17.55514143  5 4.920 -11.76391764
(-0.5515505, 19.1017020, 26.2502546, -0.2225060, -0.4943762, -0.8211513,  0.1783082)    0    0  26.28470439  0 0.480  17.62525281
( 5.5865897, 17.9803293, 18.7848490,  0.6217112, -0.1342157, -0.5936189, -0.4930293)    0    0   7.19593311 10 0.000   5.83482124
( 4.4071290, 14.8500519, 22.2259412, -0.0438329,  0.2330214, -0.9709341, -0.0326610)    0    0  10.08459379  0 5.000   6.72306254
(-0.6024072, 19.1433121, 26.0711895, -0.2225111, -0.4943781, -0.8211488,  0.1783081)    0    0  26.15122360  0 0.400  17.74304962
(-0.5002356, 18.9257814, 26.6722312, -0.2225008, -0.4943706, -0.8211559,  0.1783090)    0    0  25.77214345  0 0.400  17.69461713
(-3.4118289, 22.4963184, 17.2783504,  0.0340329,  0.7135956,  0.5000427,  0.4894696)    0    0   4.82668921  8 0.160   2.65727651
( 1.9595050, 28.1572122, 23.9369798, -0.8334871, -0.5395392, -0.0873721,  0.0810116)    0    0   1.64744361  8 2.920   1.11196254
(-3.4494256, 22.7726760, 17.2072087,  0.0340321,  0.7135952,  0.5000426,  0.4894702)    0    0   6.53341240 12 0.000   3.05913825
(-0.8094534, 19.3071108, 26.3826910, -0.2225148, -0.4943796, -0.8211469,  0.1783082)    0    0  26.60547307  3 5.000  17.87655682
(-0.1420328, 19.0426657, 26.1633983, -0.2224989, -0.4943708, -0.8211564,  0.1783085)    0    0  26.02800011  0 0.400  17.47017630
( 1.7338866, 22.9871859, 18.0666949,  0.2600795, -0.2527451, -0.9186852, -0.1565119)    0    0  -0.01878248  2 3.160   0.06465300
(-0.6464945, 18.8647815, 26.5052257, -0.2225033, -0.4943733, -0.8211537,  0.1783086)    0    0  24.34088218  0 0.400  15.07697740
(-0.5480809, 19.0448544, 26.5140771, -0.2225095, -0.4943774, -0.8211497,  0.1783081)    0    0  25.01712524  0 0.400  17.66134864
(-3.0010528, 22.0203181, 17.1488018,  0.0340332,  0.7135958,  0.5000427,  0.4894691)    0    0   4.40099689  0 0.400   2.46783346
( 2.4602090, 23.4971991, 15.3031291,  0.2381722, -0.2616642, -0.9233462, -0.1491228)    0    0   2.42922556  0 0.400   1.98556939
( 5.6525064, 18.0384463, 19.2380551,  0.6217114, -0.1342158, -0.5936187, -0.4930292)    0    0   9.61404691  9 0.240   5.27614130
( 0.2527063, 17.5712460, 26.5151593,  0.0106013, -0.4777201, -0.8163349,  0.3244511)    0    0  11.84910616 46 1.720   5.80765736
( 5.6131973, 18.0974457, 19.0766506,  0.6217118, -0.1342159, -0.5936183, -0.4930292)    0    0  11.64164780  4 2.520   7.88090921
( 5.3263825, 23.3961173, 16.2978897,  0.1223546, -0.5076430,  0.1579883,  0.8380738)    0    0 -14.74458996  5 5.000 -10.69907329
(-0.5658220, 19.0111193, 26.6066035, -0.2225137, -0.4943791, -0.8211474,  0.1783082)    0    0  26.37515801 10 0.240  17.61479395
(-3.1473228, 22.7278300, 17.3453409,  0.0340475,  0.7136014,  0.5000434,  0.4894592)    0    0   5.71496685  0 0.400   4.99757312
( 5.7668349, 17.5840866, 18.9660391,  0.6217118, -0.1342159, -0.5936183, -0.4930292)    0    0   9.68387401  9 0.400   5.32201943
( 5.9215526, 17.1191793, 18.9095724,  0.6217118, -0.1342159, -0.5936183, -0.4930292)    0    0  10.11447774  7 2.200   7.56516042
( 4.0393195, 19.6027044, 24.3318772,  0.6341579, -0.3177240, -0.4818329,  0.5145214)    0    0  13.40562194  1 4.360   9.26093088
( 2.9603735, 23.5100191, 14.7309690,  0.2381734, -0.2616638, -0.9233459, -0.1491238)    0    0   1.51569270 21 0.080  -0.20098837
( 4.0686124, 19.4713202, 24.4093350,  0.6342031, -0.3170404, -0.4816416,  0.5150653)    0    0  12.72778278  7 3.640   8.56720386
(-0.3993162, 18.7469694, 26.7833348, -0.2225068, -0.4943757, -0.8211514,  0.1783081)    0    0  25.92897634  0 0.400  17.07174202
( 2.6086938, 23.5284788, 15.0107556,  0.2381732, -0.2616638, -0.9233459, -0.1491240)    0    0   2.58945291 10 0.760   1.42710191
( 4.1638036, 24.9818579, 11.1133566, -0.5530791, -0.5052999, -0.3464059, -0.5646048)    0    0 -13.46614846  0 5.000  -8.79330784
(-0.6714726, 19.2213978, 26.4287821, -0.2225082, -0.4943755, -0.8211510,  0.1783087)    0    0  25.89805601 14 0.000  17.24633510
(-0.6660311, 19.4539821, 26.8513609, -0.2224931, -0.4943677, -0.8211597,  0.1783092)    0    0  25.50830375  1 0.480  17.60726570
( 5.8855198, 17.7988966, 18.9732069,  0.6217115, -0.1342158, -0.5936186, -0.4930292)    0    0   5.79583370  8 0.160   2.78742932
(-0.8994902, 19.3787225, 26.4031034, -0.2225113, -0.4943783, -0.8211486,  0.1783082)    0    0  26.29527473 11 0.000  17.63354383
(-1.1616693, 19.2757242, 26.7016138, -0.2225017, -0.4943738, -0.8211539,  0.1783080)    0    0  24.63789954  0 0.400  14.89037043
( 2.7080932, 23.8551913, 15.2462223,  0.2382469, -0.2616341, -0.9233316, -0.1491466)    0    0   2.55158263  0 0.720   1.59784887
( 2.6409157, 23.7364455, 15.2811483,  0.2381808, -0.2616608, -0.9233444, -0.1491264)    0    0   2.77004515  1 0.560   1.83494030
( 2.4495859, 23.5493388, 15.2600298,  0.2381826, -0.2616601, -0.9233441, -0.1491267)    0    0   2.71441953  2 0.640   1.65266255
( 1.7659358, 23.0048110, 17.9682895,  0.2593828, -0.2530321, -0.9188424, -0.1562774)    0    0   0.06725724  1 2.760   0.25667972
(-0.9908274, 19.1059591, 26.6469956, -0.2225019, -0.4943732, -0.8211541,  0.1783087)    0    0  25.18383096 18 0.000  17.40465541
(-2.7745106, 22.4878587, 17.4159283,  0.0340521,  0.7136008,  0.5000432,  0.4894601)    0    0   7.12856539  7 0.240   5.41618500
(-3.4154766, 22.7839599, 17.2694038,  0.0340376,  0.7135973,  0.5000428,  0.4894665)    0    0   4.98543791 10 0.000   3.03707049
( 2.5224485, 23.5909827, 14.9609349,  0.2381731, -0.2616638, -0.9233459, -0.1491236)    0    0   2.37579933  9 0.160   1.15322864
( 5.6791738, 17.7381421, 18.8928422,  0.6217109, -0.1342157, -0.5936193, -0.4930292)    0    0   9.22436403  6 0.480   8.09570332
(-0.5638812, 18.8229985, 26.5864625, -0.2225107, -0.4943780, -0.8211490,  0.1783082)    0    0  25.95724781  0 0.400  17.30151459
( 4.0496458, 19.1745360, 24.5445587,  0.6341576, -0.3177281, -0.4818341,  0.5145182)    0    0  13.07860177  3 2.680   9.07848284
( 2.0324584, 28.2152291, 23.8434512, -0.8334871, -0.5395391, -0.0873721,  0.0810116)    0    0   1.69106712  3 5.000   1.12681084
( 5.5495744, 18.1736789, 18.9971702,  0.6217116, -0.1342159, -0.5936185, -0.4930292)    0    0   9.30829903 11 0.000   5.25148208
(-0.5606267, 19.0105795, 26.6034193, -0.2225149, -0.4943796, -0.8211468,  0.1783082)    0    0  26.64083589  2 4.240  17.68941605
( 2.3828742, 23.7506131, 14.6440674,  0.2381718, -0.2616644, -0.9233463, -0.1491228)    0    0   1.11127032  0 0.400  -0.07976671
(-0.5317793, 19.2072137, 26.2116409, -0.2225094, -0.4943771, -0.8211498,  0.1783082)    0    0  24.82815829 36 0.000  17.53304784
(-2.2104581, 20.8596577, 10.5301164,  0.5517812,  0.4893458, -0.6740710, -0.0413094)    0    0 -18.60196862  4 0.440 -11.22477880
( 1.6807889, 22.9580109, 18.2277132,  0.2567404, -0.2541187, -0.9194342, -0.1553880)    0    0  -1.65136938  4 1.480   1.26637294
(-0.6952841, 18.8964126, 27.1094131, -0.2225038, -0.4943740, -0.8211532,  0.1783085)    0    0  25.88402340 15 0.000  17.26718660
( 3.8762979, 25.3305861, 11.5147208, -0.5530791, -0.5052999, -0.3464059, -0.5646047)    0    0 -13.76181710  4 3.800  -9.29817768
( 5.6658996, 17.9166096, 19.0339334,  0.6217118, -0.1342159, -0.5936183, -0.4930292)    0    0  11.86554360  1 5.000   8.01510267
( 3.7545301, 19.6648411, 24.2762670,  0.6341578, -0.3177232, -0.4818328,  0.5145221)    0    0  13.37198138  2 3.400   9.20258737
(-2.7637095, 22.3989871, 17.3925322,  0.0340671,  0.7136044,  0.5000435,  0.4894535)    0    0   7.02569447  8 0.160   5.32132673
(-0.4892623, 19.2466175, 26.0650774, -0.2225111, -0.4943777, -0.8211490,  0.1783084)    0    0  26.48012549  5 0.480  17.76550710
(-4.2322100, 22.8048107,  9.8384176,  0.2818104,  0.7782218,  0.1449055,  0.5421771)    0    0 -12.41948696  3 5.000  -7.64944922
(-3.2566794, 22.2271562, 17.1376414,  0.0340317,  0.7135950,  0.5000426,  0.4894705)    0    0   8.06131563  1 2.920   5.37349399
(-0.5991075, 19.1258706, 26.3087264, -0.2225110, -0.4943781, -0.8211488,  0.1783082)    0    0  26.21926422  2 0.640  17.35100464
( 2.7323642, 23.5613429, 14.7912176,  0.2381723, -0.2616642, -0.9233462, -0.1491229)    0    0   1.81996468  0 0.400   2.11103930
(-0.5846193, 19.0114728, 26.6206309, -0.2225109, -0.4943780, -0.8211489,  0.1783082)    0    0  26.67563479  1 1.120  17.88038886
( 5.7891631, 17.4869790, 18.9223783,  0.6217118, -0.1342159, -0.5936183, -0.4930292)    0    0  11.74390470  3 5.000   7.80473130
(-3.3789341, 22.5657301, 17.1771699,  0.0340317,  0.7135950,  0.5000426,  0.4894705)    0    0   8.47414898  0 5.000   5.64954222
( 5.5483775, 18.1739799, 19.0419075,  0.6217105, -0.1342155, -0.5936198, -0.4930293)    0    0   6.81486635  6 0.160   5.27941920
(-3.4529172, 22.6727818, 17.3250742,  0.0340338,  0.7135961,  0.5000427,  0.4894688)    0    0   6.04462576  0 0.400   5.42313442
( 2.2056252, 23.5212424, 15.2317607,  0.2381735, -0.2616637, -0.9233459, -0.1491239)    0    0   2.66603854  6 0.320   1.62419147
(-0.5432904, 19.2139184, 26.1991742, -0.2225148, -0.4943796, -0.8211469,  0.1783082)    0    0  26.58243702  4 0.960  17.83803615
(-2.1956822, 20.7924597, 10.5490004,  0.5517897,  0.4893291, -0.6740669, -0.0413162)    0    0 -16.45262683  0 5.000 -10.96830094
( 1.6504241, 22.8285054, 18.4091316,  0.2573883, -0.2538518, -0.9192877, -0.1556061)    0    0  -0.68338875  3 2.040   0.86122996
( 2.0969303, 28.0815596, 23.9841066, -0.8334871, -0.5395391, -0.0873721,  0.0810116)    0    0   1.69236225  2 5.000   1.12908638
(-3.2477893, 22.1809716, 17.1256716,  0.0340317,  0.7135950,  0.5000426,  0.4894705)    0    0   8.04925693  2 0.880   5.56336213
( 2.3130186, 23.2684003, 15.1522247,  0.2382160, -0.2616465, -0.9233377, -0.1491365)    0    0   1.04763061 19 0.000  -0.30030470
( 4.2053868, 24.9302933, 11.0500499, -0.5530791, -0.5052999, -0.3464059, -0.5646048)    0    0 -13.82711667  6 4.840  -9.00802732
(-0.6086157, 19.3229586, 26.6680064, -0.2225057, -0.4943748, -0.8211522,  0.1783084)    0    0  24.56776061  4 0.400  15.31891058
( 2.6744416, 23.3836973, 15.0434829,  0.2382018, -0.2616523, -0.9233404, -0.1491322)    0    0   2.34197943  6 0.320   1.93733024
( 4.1431539, 25.0071420, 11.1427508, -0.5530791, -0.5052999, -0.3464059, -0.5646047)    0    0 -13.71989602  3 5.000  -9.01414395
(-4.2263205, 22.8730110,  9.9501727,  0.2818104,  0.7782218,  0.1449055,  0.5421771)    0    0 -11.69495976  2 5.000  -8.02503961
(-3.1773948, 22.2391644, 17.2867596,  0.0340322,  0.7135953,  0.5000426,  0.4894701)    0    0   5.66120205  5 0.240   2.51331239
(-3.6404197, 22.7022667, 17.0788059,  0.0340328,  0.7135955,  0.5000427,  0.4894697)    0    0   7.01339953 11 3.720   5.08684395
(-0.2210699, 19.0576624, 26.2424565, -0.2225108, -0.4943780, -0.8211489,  0.1783082)    0    0  26.46759333  7 0.600  17.71838947
(-3.2932824, 22.2514507, 16.8670431,  0.0340329,  0.7135956,  0.5000427,  0.4894696)    0    0   5.51131788  0 0.560   2.71459855
( 1.8161961, 28.0253449, 24.1415881, -0.8334871, -0.5395391, -0.0873721,  0.0810116)    0    0   1.68248171  5 5.000   1.11265625
( 2.5414803, 23.6689146, 14.6585731,  0.2381725, -0.2616641, -0.9233461, -0.1491234)    0    0   1.61423506  0 0.440  -0.05027471
( 3.6683645, 25.5744955, 11.8185313, -0.5530791, -0.5052999, -0.3464059, -0.5646047)    0    0 -13.58282732  2 5.000  -9.00782558
(-3.5150097, 22.4863192, 17.0564990,  0.0340319,  0.7135951,  0.5000426,  0.4894703)    0    0   7.63482901  5 0.320   5.07419711
( 6.0109648, 22.9465967, 16.0120783,  0.1223546, -0.5076429,  0.1579883,  0.8380738)    0    0 -13.87847042  2 5.000  -8.75644671
(-3.4709477, 22.4559468, 17.0880402,  0.0340318,  0.7135951,  0.5000426,  0.4894704)    0    0   7.82446367  5 0.720   5.03191143
( 5.7964682, 17.4615200, 18.9157669,  0.6217118, -0.1342159, -0.5936183, -0.4930292)    0    0  11.80209697  2 3.480   7.86871092
(-0.8372443, 19.2067490, 26.6818348, -0.2225106, -0.4943777, -0.8211492,  0.1783082)    0    0  26.42595683  5 0.240  17.71931972
(-0.5551951, 18.8663015, 26.3494710, -0.2225134, -0.4943791, -0.8211475,  0.1783082)    0    0  26.26516639  0 0.560  17.56173161
(-3.3785449, 22.3049426, 17.0630514,  0.0340335,  0.7135957,  0.5000425,  0.4894694)    0    0   5.58553411  0 0.400   3.38438378
( 4.3926485, 14.8168287, 22.2218339, -0.0438329,  0.2330214, -0.9709341, -0.0326610)    0    0   8.50269073  1 5.000   5.05217770
( 5.9470720, 17.3035904, 19.2992858,  0.6217090, -0.1342151, -0.5936213, -0.4930293)    0    0   5.26221886 15 0.000   3.27100649
(-2.2883070, 20.7635797, 10.5080910,  0.5517666,  0.4893634, -0.6740707, -0.0413005)    0    0 -18.88241817 10 0.440 -11.24216162
( 5.7048225, 17.7602514, 18.9688580,  0.6217118, -0.1342159, -0.5936183, -0.4930292)    0    0  11.63719806  5 3.080   7.82843118
(-0.4232085, 18.9378530, 26.5198478, -0.2225083, -0.4943766, -0.8211504,  0.1783082)    0    0  26.14373945 11 0.080  17.07565613
(-2.2695234, 20.7388667, 10.6147280,  0.5517782,  0.4893496, -0.6740708, -0.0413074)    0    0 -18.55552935  7 1.640 -11.05444957
(-1.6215311, 20.9295607, 10.2002401,  0.5517734,  0.4893567, -0.6740698, -0.0413041)    0    0 -20.52374830  8 0.200 -13.36062340
(-0.5595388, 19.0142511, 26.5950714, -0.2225149, -0.4943796, -0.8211468,  0.1783082)    0    0  26.80680141  0 5.000  17.87273151
( 2.1046623, 28.0917949, 23.9692906, -0.8334871, -0.5395391, -0.0873721,  0.0810116)    0    0   1.69289482  1 5.000   1.12859676
( 5.6912942, 17.7801007, 19.1431229,  0.6217103, -0.1342155, -0.5936199, -0.4930293)    0    0   7.40802120  6 0.320   5.25590567
( 5.5982488, 17.6149252, 18.8788334,  0.6217104, -0.1342154, -0.5936198, -0.4930293)    0    0   7.67266954  5 0.400   5.88765293
(-3.2417723, 22.3627448, 16.9982879,  0.0340347,  0.7135965,  0.5000428,  0.4894680)    0    0   4.39546055 13 0.000   2.74411774
( 5.7628220, 17.5468364, 18.9349836,  0.6217109, -0.1342156, -0.5936193, -0.4930292)    0    0  10.02866038  3 0.320   7.60698582
( 3.0322953, 23.7089495, 15.0043239,  0.2381736, -0.2616636, -0.9233459, -0.1491233)    0    0   2.41153568  3 0.320   1.87567912
(-2.1576424, 20.8515600, 10.5066866,  0.5517726,  0.4893566, -0.6740706, -0.0413040)    0    0 -24.60355184  1 0.720 -17.79555888
( 5.8311665, 23.0654818, 16.0870306,  0.1223546, -0.5076430,  0.1579883,  0.8380738)    0    0 -13.88347452  3 5.000  -8.46244293
(-0.4816113, 19.0545401, 26.3968081, -0.2225085, -0.4943771, -0.8211501,  0.1783081)    0    0  26.29920939  2 0.560  17.38941743
( 2.5649575, 23.7236991, 14.7190947,  0.2381731, -0.2616639, -0.9233459, -0.1491239)    0    0   2.44393782 13 0.080   1.53803307
(-0.8804141, 19.3843887, 26.3365135, -0.2225141, -0.4943794, -0.8211472,  0.1783082)    0    0  26.26838320  0 0.400  17.47992449
( 2.7323110, 23.5613774, 14.7912323,  0.2381733, -0.2616638, -0.9233458, -0.1491241)    0    0   3.03732451  2 5.000   1.97434520
( 5.7821364, 17.3006275, 19.0037566,  0.6217099, -0.1342153, -0.5936204, -0.4930293)    0    0   7.11212095  0 0.400   5.72715056
( 1.8545917, 23.0318369, 17.5944066,  0.2493037, -0.2571314, -0.9209755, -0.1528775)    0    0   0.83168400  8 2.840   0.81268411
( 4.0524525, 19.3799643, 24.4431936,  0.6341580, -0.3177179, -0.4818314,  0.5145264)    0    0  11.42833245  9 0.920   6.82117805
(-4.2173699, 22.9862192, 10.1379956,  0.2818104,  0.7782218,  0.1449055,  0.5421771)    0    0 -11.33924152  0 5.000  -7.55949434
( 4.1233967, 19.1228980, 24.5591658,  0.6353676, -0.2957548, -0.4755281,  0.5317050)    0    0  10.46638642 10 4.520   4.23461836
(-3.2772908, 22.2687549, 17.1522697,  0.0340317,  0.7135950,  0.5000426,  0.4894705)    0    0   8.01575319  4 2.560   5.35706222
( 2.7704379, 23.5673005, 14.5240331,  0.2381734, -0.2616637, -0.9233459, -0.1491236)    0    0   2.76968705  5 0.320   2.02856291
( 5.6766175, 23.1667274, 16.1515869,  0.1223546, -0.5076430,  0.1579883,  0.8380738)    0    0 -12.30628443  0 5.000  -8.20407664
(-3.0255633, 22.0870055, 17.1105256,  0.0340329,  0.7135956,  0.5000427,  0.4894695)    0    0   4.95485077  1 0.720   2.78130796
( 4.1565072, 19.0995700, 24.6184059,  0.6341582, -0.3177177, -0.4818312,  0.5145265)    0    0  12.96630327  4 1.240   9.15414201
( 2.5364728, 23.4636936, 15.2389178,  0.2381733, -0.2616638, -0.9233458, -0.1491241)    0    0   3.09154859  1 5.000   2.11404757
( 2.5555037, 23.4724922, 15.1978983,  0.2381731, -0.2616639, -0.9233459, -0.1491238)    0    0   2.97070728  3 0.880   2.06570267
( 5.5505860, 18.1319026, 18.8728126,  0.6217113, -0.1342157, -0.5936189, -0.4930293)    0    0  11.07371294  1 0.720   7.95742916
(-3.3200971, 22.2818651, 17.1740380,  0.0340321,  0.7135952,  0.5000426,  0.4894701)    0    0   5.25226238  0 0.400   3.09754288
( 1.8256718, 27.7810413, 24.4382736, -0.8334871, -0.5395392, -0.0873721,  0.0810116)    0    0   1.57243860  6 0.680   1.10814954
( 4.1025599, 19.2774288, 24.5016179,  0.6341580, -0.3177196, -0.4818318,  0.5145250)    0    0  12.78622477  4 0.600   8.91098952
(-1.9775242, 20.8710889, 10.4765285,  0.5517835,  0.4893433, -0.6740709, -0.0413106)    0    0 -17.14654265  2 3.160 -11.81521466
(-0.6320641, 19.1115764, 26.6110318, -0.2082525, -0.4944371, -0.8226989,  0.1879609)    0    0  21.32721791  0 0.400  15.39098634
(-0.3570631, 18.8600690, 26.5842985, -0.2225057, -0.4943747, -0.8211522,  0.1783085)    0    0  26.23814727 12 0.000  17.59575708
( 5.6398484, 17.8300278, 19.0772839,  0.6217117, -0.1342159, -0.5936184, -0.4930292)    0    0   9.54639644  3 0.560   7.70787625
( 4.0450338, 19.3914430, 24.4369017,  0.6341578, -0.3177242, -0.4818330,  0.5145213)    0    0  13.43722818  0 4.840   9.15455434
(-0.8056608, 19.2017296, 26.8350357, -0.2225121, -0.4943771, -0.8211491,  0.1783084)    0    0  25.86035089  0 0.400  17.26347890
( 4.1411086, 25.0090053, 11.1456589, -0.5530791, -0.5052999, -0.3464059, -0.5646047)    0    0 -13.50748923  1 5.000  -9.00499023
(-0.5089134, 19.2002487, 26.4193406, -0.2225066, -0.4943757, -0.8211514,  0.1783082)    0    0  25.60596537 16 0.000  17.21085164
(-2.1593676, 20.7795623, 10.5345739,  0.5517807,  0.4893464, -0.6740710, -0.0413090)    0    0 -17.63359061  6 0.920 -10.96522551
( 2.6734916, 23.5320383, 14.9256932,  0.2381730, -0.2616634, -0.9233446, -0.1491239)    0    0   3.25327834  0 5.000   2.16886905
(-0.2064190, 19.2943838, 26.1893850, -0.2225094, -0.4943771, -0.8211499,  0.1783082)    0    0  26.14958751  6 0.240  17.77865756
(-4.2066098, 23.1223155, 10.3637916,  0.2818104,  0.7782218,  0.1449055,  0.5421771)    0    0 -11.49793513  1 5.000  -7.44565588
( 1.8460753, 28.1554866, 23.9750754, -0.8334871, -0.5395391, -0.0873721,  0.0810116)    0    0   1.69759289  0 5.000   1.15176137
(-0.6584595, 18.9974580, 26.6840666, -0.2225047, -0.4943752, -0.8211523,  0.1783079)    0    0  26.32249609  0 0.480  17.53942604
(-0.2471575, 19.1422465, 25.9533839, -0.2225110, -0.4943779, -0.8211489,  0.1783082)    0    0  26.03607851  0 0.400  17.39154399
(-0.2679964, 18.9987068, 26.3040912, -0.2225071, -0.4943765, -0.8211508,  0.1783081)    0    0  25.44412808 13 0.000  16.93971771
(-0.7264975, 19.2612554, 26.3805960, -0.2225133, -0.4943789, -0.8211477,  0.1783082)    0    0  26.36754937  6 0.320  17.69021425
( 3.9862903, 19.2639610, 24.4947211,  0.6341804, -0.3173865, -0.4817385,  0.5147901)    0    0  11.72732822  8 2.760   9.11926510
(-0.7304867, 19.3529391, 26.1290653, -0.2225106, -0.4943780, -0.8211490,  0.1783082)    0    0  26.17180651  0 0.400  17.57391774
(-3.7182060, 22.6113741, 16.9114720,  0.0340319,  0.7135951,  0.5000426,  0.4894703)    0    0   7.71300295  6 0.320   5.39830208
( 4.0249832, 25.1431096, 11.3038342, -0.5530791, -0.5052999, -0.3464059, -0.5646047)    0    0 -13.78956423  5 4.920  -9.38718796
(-0.5985324, 19.0871045, 26.7681422, -0.2225073, -0.4943763, -0.8211509,  0.1783081)    0    0  26.29528896  0 0.480  17.48754240
( 3.8548904, 25.0943984, 11.7945831, -0.5530791, -0.5052999, -0.3464059, -0.5646047)    0    0 -15.38533872  7 3.480 -11.19252940
(-1.9907244, 20.6597366, 10.7626687,  0.5517889,  0.4893368, -0.6740709, -0.0413140)    0    0 -18.61502972  9 3.480 -11.68356621
(-3.4580701, 22.5053979, 17.2371789,  0.0340377,  0.7135973,  0.5000428,  0.4894666)    0    0   4.35286202  0 0.400   3.10421475
( 1.5806631, 28.1122377, 24.1120280, -0.8334871, -0.5395391, -0.0873721,  0.0810116)    0    0   1.68108796  6 1.000   1.12170305
( 2.3186077, 23.2942531, 15.1622363,  0.2382461, -0.2616345, -0.9233318, -0.1491462)    0    0   2.49349642  0 0.400   1.98836771
( 5.6021113, 18.1638316, 18.9578983,  0.6217094, -0.1342152, -0.5936209, -0.4930294)    0    0   5.76042748 14 0.000   3.33937522
(-3.4153352, 22.6313264, 17.1761638,  0.0340337,  0.7135960,  0.5000427,  0.4894689)    0    0   4.97775048 15 0.000   2.46985355
( 3.8649360, 25.3285601, 11.6031734, -0.5530791, -0.5052999, -0.3464059, -0.5646047)    0    0 -16.08909112  8 0.760 -11.10532720
( 5.6241545, 23.2010868, 16.1735024,  0.1223546, -0.5076430,  0.1579883,  0.8380738)    0    0 -13.33271427  1 5.000  -8.25053449
(-3.1713057, 22.7028599, 17.6066504,  0.0340548,  0.7136019,  0.5000434,  0.4894582)    0    0   6.40873793 12 0.000   5.46845335
( 1.7054087, 27.6050952, 24.6832763, -0.8334871, -0.5395391, -0.0873721,  0.0810116)    0    0   1.65893681  4 0.520   1.12522577
(-3.1125046, 22.5616500, 17.3062508,  0.0340410,  0.7135984,  0.5000430,  0.4894646)    0    0   4.15414384  7 0.240   2.48296794
( 1.6175026, 28.2235425, 23.9660074, -0.8334871, -0.5395391, -0.0873721,  0.0810116)    0    0   1.68863211  4 1.000   1.12603884
(-3.3254310, 22.6867970, 17.2649215,  0.0340458,  0.7135987,  0.5000430,  0.4894638)    0    0   5.57582254  2 0.640   3.07212125
(-0.6299961, 19.2975574, 26.1864627, -0.2225092, -0.4943772, -0.8211498,  0.1783082)    0    0  26.25424898  3 0.640  17.45761536
(-3.2098060, 22.7004701, 17.3216390,  0.0340318,  0.7135951,  0.5000426,  0.4894705)    0    0   8.04606278  3 3.800   5.53320406
( 2.9641872, 23.6083733, 14.8844515,  0.2381729, -0.2616639, -0.9233460, -0.1491233)    0    0   2.86686921  3 0.480   2.20234658
( 4.4083326, 19.2515050, 24.7235873,  0.6342031, -0.3170418, -0.4816419,  0.5150642)    0    0  12.76239297  6 2.680   9.29130829
( 5.6515912, 18.2597020, 19.0402944,  0.6217118, -0.1342159, -0.5936183, -0.4930292)    0    0   9.41596001 11 0.040   7.80320561
( 2.6367152, 23.4964661, 14.9661536,  0.2381722, -0.2616642, -0.9233463, -0.1491226)    0    0   1.87359023  2 0.640   1.43854110
(-2.4689490, 20.6939677, 10.6397797,  0.5517872,  0.4893389, -0.6740709, -0.0413129)    0    0 -16.62941233  1 3.960 -10.54151619
(-1.9140494, 21.0678822, 10.4293791,  0.5517785,  0.4893509, -0.6740697, -0.0413072)    0    0 -19.87484446  9 0.160 -13.46060220
(-3.3222120, 22.7440117, 17.2864392,  0.0340576,  0.7136028,  0.5000434,  0.4894566)    0    0   4.35025313 12 0.000   3.05555016
(-0.3775049, 19.1089738, 26.3026966, -0.2225108, -0.4943780, -0.8211489,  0.1783082)    0    0  26.47113812  6 0.800  17.52888848
(-3.2944556, 22.7676737, 17.3722742,  0.0340526,  0.7136010,  0.5000432,  0.4894596)    0    0   5.59142934  0 0.400   5.02929766
(-0.6075050, 18.7007611, 27.0603545, -0.2225053, -0.4943744, -0.8211525,  0.1783083)    0    0  25.64328980 16 0.000  17.34736639
( 5.8231082, 17.4557436, 18.6601375,  0.6217090, -0.1342151, -0.5936213, -0.4930294)    0    0   8.79932006  6 0.320   6.09077849
(-3.6472577, 22.7993847, 17.5200837,  0.0340336,  0.7135959,  0.5000427,  0.4894690)    0    0   4.83589497  0 0.560   0.73288412
( 5.3090629, 23.4077882, 16.3050797,  0.1223546, -0.5076430,  0.1579883,  0.8380738)    0    0 -14.71302108  4 4.920 -10.64251050
(-3.6684902, 22.6213072, 16.8430957,  0.0340416,  0.7135984,  0.5000429,  0.4894646)    0    0   4.69181497  0 0.640   3.29121207
(-3.5413390, 23.0112041, 17.0281911,  0.0340379,  0.7135971,  0.5000428,  0.4894668)    0    0   6.38748055  6 0.080   5.56185570
(-3.4626715, 21.9754006, 17.1048255,  0.0340475,  0.7136000,  0.5000430,  0.4894618)    0    0   4.80685245 27 0.000   2.98005402
(-3.6928760, 22.4609243, 16.8840955,  0.0340480,  0.7136005,  0.5000433,  0.4894607)    0    0   4.60405351  0 0.400   3.21739618
(-0.5624389, 18.9565263, 26.6936433, -0.2225141, -0.4943794, -0.8211472,  0.1783082)    0    0  26.40203916  8 0.320  17.72383880
(-3.4910399, 22.4278017, 16.9130020,  0.0340446,  0.7135991,  0.5000430,  0.4894632)    0    0   5.50610931  8 0.160   3.32673228
(-0.2881426, 19.0891636, 26.1512824, -0.2225116, -0.4943783, -0.8211485,  0.1783082)    0    0  26.35811688  3 0.640  17.55743216
(-3.2784338, 22.4213048, 17.5911522,  0.0340839,  0.7136096,  0.5000440,  0.4894442)    0    0   4.48611345  0 0.400   2.66731138
( 5.4945002, 23.2859734, 16.2276669,  0.1223546, -0.5076429,  0.1579883,  0.8380738)    0    0 -14.86149639  6 4.920 -10.50408541
( 5.9002555, 17.3582622, 19.1297274,  0.6217077, -0.1342147, -0.5936228, -0.4930294)    0    0   8.16719349 16 0.000   5.66467158
(-2.3111025, 20.7697329, 10.5931235,  0.5517859,  0.4893404, -0.6740709, -0.0413121)    0    0 -17.22675141  4 4.280 -10.83746420
( 5.6793879, 17.8695967, 19.0217263,  0.6217118, -0.1342159, -0.5936183, -0.4930292)    0    0  11.99034333  0 5.000   7.99358537
