#Coordinates  RecID  LigID  Luciferin  Neighbor's number  Vision Range  Scoring
(-17.0071135, 19.2948893, 25.8487533,  0.1355325,  0.1681272,  0.3907850,  0.8947912)    0    0   5.25886713  0 5.000   3.55444836
(-25.6819492, 18.0723481, 20.8413572,  0.1270296, -0.3635817, -0.6636448, -0.6412858)    0    0 -24.82144500  6 2.680 -12.95348683
(-12.1971995, 12.2947061, 19.0060609,  0.6278341,  0.2936327, -0.7208214, -0.0045269)    0    0 -20.06473601  3 5.000 -12.50469893
(-28.1232768,  9.3069539, 21.9129158,  0.1806616, -0.2933301, -0.6403868, -0.6864439)    0    0  -8.69356912  2 5.000  -5.15655741
(-19.1558011, 14.6781582, 26.8313002,  0.0237674, -0.1847625,  0.8722714,  0.4519754)    0    0   1.02362348 13 1.400   1.53582333
(-23.5014053, 10.9385131, 16.1123071,  0.4979321,  0.5101472, -0.6748588,  0.1907329)    0    0 -18.52790455  0 4.040  -7.34580606
(-21.7413846,  6.8765045, 19.1264162,  0.8649075, -0.0252792,  0.2199288,  0.4504744)    0    0 -22.82717125 17 4.040 -24.90411672
(-22.6878173, 10.9786489, 15.1925275,  0.8451017,  0.2232941, -0.1839327,  0.4495683)    0    0 -39.33405201 12 1.960 -32.17042536
(-28.4640325,  9.4130302, 22.2109010,  0.1831292, -0.2932618, -0.6404411, -0.6857675)    0    0  -9.72105728  3 4.200  -5.17467927
(-26.7547290, 10.7739696, 27.3904802, -0.5151846,  0.4640532,  0.0052047,  0.7205639)    0    0  -2.41630078 10 4.040  -1.06437971
(-24.6956803, 19.9285977, 26.3893666, -0.2763311, -0.2607596, -0.5423107, -0.7493628)    0    0   3.96182730  0 5.000   3.25855276
(-18.0322093, 15.1823647, 18.3167753, -0.6789053, -0.1777948, -0.2620796, -0.6622997)    0    0 -51.78666765 10 3.560 -30.84663002
(-20.8266092,  6.3404284, 18.2651850,  0.6261650,  0.4641851, -0.5725336,  0.2542732)    0    0 -23.42972727  5 1.080 -10.94880944
(-21.6343889, 15.5864630, 29.9239127, -0.7741528,  0.4240201, -0.0497182,  0.4673558)    0    0  14.53397857  1 5.000   9.83121274
(-17.4917473, 14.3642221, 25.9852629,  0.0305888, -0.1791258,  0.8649535,  0.4675579)    0    0   3.03548448 14 3.640   0.57376147
(-15.2457013, 13.6274674, 27.2465408, -0.2412372, -0.0557937,  0.5419503, -0.8030882)    0    0   6.53826263  9 2.200   7.04793141
(-15.0897878, 10.1286336, 25.6681216, -0.3086541,  0.1690910, -0.8763676, -0.3287852)    0    0   1.58644212  5 4.360   1.63756697
(-15.3949088, 20.9906703, 18.5302146, -0.1513181,  0.4345157,  0.1809242,  0.8692326)    0    0 -25.50850723  1 5.000 -19.28326223
(-28.8187474, 11.9404323, 27.0402247,  0.1225823,  0.3154657, -0.0267340,  0.9406063)    0    0  -1.30638114  4 3.160  -1.53447469
(-23.6676722, 11.4852570, 16.1800300,  0.6498196,  0.4035085, -0.5940584,  0.2490183)    0    0 -34.41707704 12 1.880 -24.69238328
(-21.0159510, 14.0224885, 14.2846426, -0.4232297, -0.1422785, -0.1277125, -0.8856201)    0    0 -19.80314126  1 5.000 -11.92669514
(-21.7132197, 15.2835163, 30.1467773, -0.7738675,  0.4243296, -0.0488403,  0.4676410)    0    0  14.92465038  0 5.000  10.06162779
(-24.8290968, 19.4030509, 25.8160461, -0.2916090, -0.2562799, -0.5477170, -0.7411416)    0    0  -6.61662782  5 3.880  -4.85726519
(-26.7946562, 12.7517919, 25.9068208, -0.2392051, -0.2680186,  0.0045097, -0.9332345)    0    0  -6.40489453  8 2.680  -3.69411586
(-20.4710804,  6.6858876, 18.8643483,  0.6270884,  0.4639376, -0.5722379,  0.2529520)    0    0 -17.78386947  2 3.160 -10.13839942
(-22.1756534, 18.8482015, 19.6232594, -0.7067076, -0.1645730, -0.2276683, -0.6493437)    0    0 -20.65893444  9 3.160 -10.81597119
(-12.4100974, 12.5108318, 18.8524426,  0.6279772,  0.2938279, -0.7206178, -0.0044379)    0    0 -15.36971452  0 5.000 -10.16954005
(-24.5461339,  7.0412301, 20.8079956,  0.7533399, -0.2036008,  0.4838497,  0.3961253)    0    0 -11.70020743  7 4.120  -3.92081691
(-28.2957268, 12.1090707, 26.5410003, -0.2482171, -0.2652661,  0.0234760, -0.9313181)    0    0  -3.68840205  4 2.120  -2.12846653
(-21.5213849, 17.4479428, 16.9083925, -0.5370688, -0.1496489, -0.1694126, -0.8126879)    0    0 -30.03768250  3 3.560 -16.94433061
(-20.1805604, 13.6993711, 29.6193558, -0.1839946, -0.3044003,  0.8073629, -0.4706976)    0    0  16.02359750  1 5.000  11.78827816
(-14.2367413, 12.0881250, 26.9809102, -0.2407014, -0.0594394,  0.5397330, -0.8044985)    0    0  13.67772146  3 4.520  10.04166258
(-26.5896267, 13.0121681, 24.1018754, -0.2255802, -0.2823382, -0.1700258, -0.9167824)    0    0 -10.41376778  5 2.840  -3.11701471
(-28.4993488,  9.2543495, 22.0016753,  0.1803987, -0.2919368, -0.6377505, -0.6895079)    0    0  -7.40633659  0 5.000  -2.83437073
(-22.7614932,  8.6359379, 26.5400394,  0.3090254, -0.0783889,  0.9221348, -0.2191471)    0    0   6.45837093  1 4.600   6.91526046
(-18.9659633, 14.1941819, 26.5246286,  0.0316139, -0.1813478,  0.8663290,  0.4641585)    0    0   5.05760211  9 1.080   5.53476239
(-26.6779443, 18.0027224, 25.0538106, -0.2955494, -0.2857051, -0.4132559, -0.8125533)    0    0  -9.13040325  7 3.960  -2.17281834
(-21.5283280, 10.6060857, 14.6333909,  0.8696558, -0.0022965,  0.2117221,  0.4459453)    0    0 -36.59423804  8 2.440 -19.33327460
(-23.5012872, 10.8997645, 16.1380457,  0.4691439,  0.5194355, -0.6927212,  0.1738622)    0    0 -19.47249806  1 3.560  -9.93394095
(-26.6769544, 12.5403611, 25.2162756, -0.2277237, -0.2723663, -0.0315774, -0.9342968)    0    0  -8.50016839 10 2.280  -5.67755169
(-17.0062264, 19.3280309, 25.8517467,  0.1353205,  0.1671223,  0.3901501,  0.8952884)    0    0   1.64763386  5 5.000  -0.71500099
(-18.6131984, 11.1860188, 22.0131345, -0.4916547, -0.4048743,  0.7709291,  0.0045639)    0    0 -34.13919246  2 4.520 -20.36629862
(-12.8056060, 10.1298379, 20.4981050,  0.5943025,  0.3005207, -0.7448154, -0.0417363)    0    0 -47.24953016  5 4.760 -27.06485507
(-15.0465486,  9.9586222, 25.7527635, -0.3097900,  0.1687217, -0.8761244, -0.3285491)    0    0   3.81689823  2 5.000   3.55719007
(-18.6813154,  7.9646636, 28.1726037, -0.7845138,  0.6136951,  0.0785495, -0.0417841)    0    0  12.94118110  1 5.000   9.15143829
(-18.8605015,  7.9985345, 28.2620952, -0.7847390,  0.6134571,  0.0784876, -0.0411683)    0    0  13.48839579  0 5.000   8.99247076
(-18.9258578, 14.3618919, 26.5636854,  0.0253031, -0.1760480,  0.8710991,  0.4577665)    0    0   7.04125796  5 4.280   3.90204794
(-22.8436407, 18.1214245, 28.0647442, -0.7779505,  0.4215081, -0.0679102,  0.4609903)    0    0   1.85591969  6 4.440   5.59318791
(-21.7501291, 15.1257603, 30.2653376, -0.7732646,  0.4250795, -0.0471052,  0.4681306)    0    0  13.91106959  2 5.000   9.93196220
(-14.6420232, 12.5727491, 27.1627576, -0.2408864, -0.0595203,  0.5408182, -0.8037072)    0    0  12.21408869  7 3.960   9.27929002
(-26.6736926, 10.1467301, 26.9948978, -0.6442832,  0.4857565,  0.0904862,  0.5837397)    0    0  -1.39759214  4 4.840   3.16054842
(-26.1392357, 16.4989971, 21.2672901, -0.0113030, -0.3575283, -0.4187845, -0.8346648)    0    0 -15.61174685  3 3.800  -9.28921454
(-27.5154354, 11.3492384, 25.1020406, -0.2363731, -0.2643054, -0.0118303, -0.9349494)    0    0  -7.31166772  8 3.160  -2.77547904
(-23.8387508, 19.0732999, 18.3473043, -0.7397279,  0.0015907,  0.6714835,  0.0437032)    0    0 -25.34365942  6 3.320 -18.00948504
(-28.6907981, 12.1530027, 26.7570058, -0.1574251,  0.4006194, -0.0262395,  0.9022377)    0    0  -1.25091995  4 3.880  -3.34129005
(-23.5460285, 19.1012384, 18.5611602, -0.8822990, -0.0893196,  0.3255795, -0.3279764)    0    0 -15.21088670  2 4.840  -9.34846055
(-20.0889695, 17.2974486, 19.8674544, -0.6829041, -0.1681291, -0.2616632, -0.6609832)    0    0 -10.12436425  5 2.600  -4.13260898
(-24.4969468,  7.3683704, 20.8060951,  0.7470610, -0.2088432,  0.4684287,  0.4227133)    0    0  -7.68447183  3 5.000   0.15676691
(-23.1087919,  9.8405481, 16.2474408,  0.8380371,  0.2810935, -0.2430142,  0.3995302)    0    0 -33.34478253  5 2.200 -17.55002991
(-18.2722384, 14.1455396, 16.0850735, -0.5593598, -0.1631176, -0.1670802, -0.7953574)    0    0 -61.51918890 12 3.560 -35.60140885
(-18.9956953, 14.3959102, 26.7075086,  0.0281450, -0.1798592,  0.8635694,  0.4700105)    0    0   3.50550894 11 0.840   4.40941579
(-23.2549121,  8.8159282, 26.3483873,  0.4144432, -0.1714382,  0.8713465, -0.1989999)    0    0 -18.97632066  3 4.200  -8.01056671
(-16.0774463, 20.6107221, 18.6525637,  0.1147424,  0.3912420,  0.2141202,  0.8876466)    0    0 -27.70879103  2 5.000 -21.03599217
(-23.2792671, 14.0784640, 29.1211849, -0.7699029,  0.4295456, -0.0370602,  0.4702327)    0    0  10.07265045  4 4.600   6.67793642
(-23.6837648, 12.4208090, 16.1092755,  0.5362374,  0.4311500, -0.7086231,  0.1562447)    0    0 -28.75061679  4 1.880 -12.19291040
(-24.6570939, 18.8739229, 19.6403829,  0.0863329, -0.3442459, -0.5874894, -0.7272535)    0    0 -21.06707410  7 3.720 -13.80732259
(-20.6224171, 17.6534732, 19.5395137, -0.6878014, -0.1657284, -0.2559926, -0.6586132)    0    0 -13.61914543  6 3.080  -7.03072012
(-15.4232969, 20.9733271, 18.5367879, -0.2688137,  0.4448289,  0.1566083,  0.8398454)    0    0 -20.65451397  0 5.000 -11.89020557
(-24.3154087, 19.2262714, 19.6213102, -0.3593480,  0.1889794,  0.7919259,  0.4560802)    0    0 -30.06621956 10 2.920 -17.01159611
(-23.2830885,  9.0615851, 17.2267421,  0.5979167,  0.4720659, -0.5981177,  0.2483049)    0    0 -28.70790997  7 2.280 -13.76928063
(-20.0304017, 13.8846927, 29.2380412, -0.1757500, -0.3063807,  0.8381230, -0.4156833)    0    0   5.30493116  2 4.520   6.21333738
(-14.5601304, 12.4125205, 27.1175837, -0.2400813, -0.0597036,  0.5413581, -0.8035706)    0    0  13.48487220  6 3.240   8.96893786
(-26.1684559, 16.1223277, 21.6226663, -0.1218876, -0.3224560, -0.3327534, -0.8777475)    0    0 -15.23720718  6 4.200 -12.67683139
(-23.0823021, 12.4366746, 15.9859609,  0.6257123,  0.3877340, -0.6261626,  0.2570349)    0    0 -33.62691008  9 2.040 -15.08896964
(-18.6715959, 11.5953444, 21.3700763, -0.7678757, -0.3754698,  0.1780022, -0.4875496)    0    0 -34.88041640  2 4.200 -18.83041620
(-25.1771642,  7.0292684, 20.2706881,  0.7487750, -0.2057181,  0.4592523,  0.4313970)    0    0  -0.17131935  0 5.000   0.36335979
(-21.1322022, 14.3748838, 14.6663143, -0.5941179, -0.1580415, -0.1361861, -0.7768527)    0    0 -53.34824570  7 3.320 -33.35313072
(-26.1278337, 16.8427330, 21.3103107, -0.0678127, -0.3412879, -0.4658623, -0.8134378)    0    0 -19.13411127  8 3.480 -17.08702828
(-24.8470302,  6.7206172, 20.7838198,  0.7510832, -0.2133993,  0.4552103,  0.4278140)    0    0 -11.55350759  6 4.360  -1.82277111
(-12.6694752, 11.2324873, 19.4930792,  0.6301509,  0.2958840, -0.7178703, -0.0031644)    0    0 -29.07570219  4 5.000 -17.47630077
(-18.9343184, 14.6713805, 26.6647428,  0.0268161, -0.1786277,  0.8713302,  0.4562159)    0    0   5.23113379  8 1.400   4.14622153
(-28.2913335, 12.0788558, 27.0798662, -0.5199559,  0.4648697,  0.0089144,  0.7165630)    0    0   2.43492829  1 5.000  -0.82995230
(-28.3841476, 11.9251367, 26.5402442, -0.0221238,  0.3607753, -0.0345709,  0.9317492)    0    0  -1.92961047  6 4.040  -1.04095139
(-18.0561538, 13.4521805, 25.4482262,  0.0395036, -0.1905552,  0.8809731,  0.4310832)    0    0   2.12311414  6 2.040   6.93618380
(-22.3342135, 10.8343095, 15.2032681,  0.8199194,  0.3169612, -0.2904643,  0.3780189)    0    0 -23.83497239  2 3.160 -14.62224942
(-21.5711775, 17.7731540, 17.3730392, -0.6724891, -0.1528331, -0.2398586, -0.6832776)    0    0 -32.51084752  8 3.080 -17.16982495
(-20.8446411,  6.3754778, 18.2799585,  0.6232047,  0.4643060, -0.5764014,  0.2523102)    0    0 -18.88790716  3 3.960 -10.92830838
(-21.2508555,  6.7671851, 18.3687137,  0.6401355,  0.4568926, -0.5602467,  0.2596232)    0    0 -24.16683446  9 1.560 -14.57995920
(-21.6462409, 17.0231605, 17.3942117, -0.7663862, -0.1502257, -0.0773934, -0.6197538)    0    0 -33.57861045 10 2.440 -20.92621668
(-21.5980359, 10.5889011, 14.7295855,  0.8860698,  0.0926914,  0.0479488,  0.4516520)    0    0 -35.92871794 21 2.840 -34.67083866
(-19.2598730, 13.9367193, 20.2019186, -0.7450057, -0.2839926, -0.0075837, -0.6035372)    0    0 -33.53046609  5 3.800 -23.28711657
(-26.0602303, 18.4636125, 25.1962401, -0.3146067, -0.2669075, -0.5043099, -0.7585872)    0    0 -10.84635211  9 3.560  -4.86816437
(-14.8610170, 10.0683188, 25.8700285, -0.3314300,  0.1786504, -0.8779798, -0.2956174)    0    0   9.72247084  0 5.000   7.06443671
(-20.1987393, 13.5750964, 29.9598632, -0.1847192, -0.3066021,  0.8018619, -0.4784261)    0    0  16.19763195  0 5.000  11.24434742
(-28.5633506, 11.9343104, 27.0489883, -0.5415571,  0.4782674,  0.0477522,  0.6897071)    0    0  -1.82105589  7 4.600  -1.04365584
(-25.3228219,  7.0036919, 20.0604455,  0.7449410, -0.2109963,  0.4688507,  0.4249067)    0    0  -6.09105008  2 5.000  -2.44401327
(-21.6437571, 16.9542867, 16.8069084, -0.6939179, -0.1657055, -0.2393571, -0.6585089)    0    0 -35.93727959  8 3.480 -22.31902643
(-20.8225322,  6.3504529, 18.2702214,  0.6150907,  0.4674781, -0.5837624,  0.2496979)    0    0  -9.89493726  0 4.600  -4.59543636
(-17.1028546, 14.9699169, 25.1557280,  0.0368352, -0.1894924,  0.8651131,  0.4628888)    0    0  -4.50821553  5 2.360  -1.32769642
(-24.7111418, 19.8270066, 26.3337059, -0.2818026, -0.2589661, -0.5358436, -0.7525360)    0    0  -0.16437672  1 5.000   3.56794783
(-20.0905093,  6.8535698, 19.0896689,  0.6313719,  0.4632696, -0.5673547,  0.2546751)    0    0 -20.16462375  4 2.520  -9.61674882
(-26.1197754, 12.8313939, 22.7296421, -0.1790483, -0.3148011, -0.3293327, -0.8719988)    0    0 -24.82591982  4 3.320 -15.69957242
(-22.1568063, 17.0678712, 28.8657166, -0.7741962,  0.4243991, -0.0504902,  0.4668543)    0    0  10.01791433  5 4.600   8.70383934
(-19.3608540, 14.1756253, 26.8087975,  0.0264344, -0.1765262,  0.8719755,  0.4558479)    0    0   9.87616424  2 4.440   9.07457040
(-21.9017421, 16.3705786, 15.6838674, -0.3109254, -0.1189630, -0.0474193, -0.9417668)    0    0 -33.80680627  4 2.600 -17.99878503
(-19.0839464, 14.5964994, 26.7491270,  0.0316700, -0.1771435,  0.8746172,  0.4500843)    0    0   5.97762152  7 0.920   6.52821164
(-19.7639936, 17.1435898, 19.6285918, -0.6810920, -0.1667346, -0.2653316, -0.6617473)    0    0  -7.58649034  3 5.000  -3.83972482
(-21.3073715,  7.5755208, 19.0978177,  0.6520090,  0.4509205, -0.5482779,  0.2663205)    0    0 -25.41051845 12 2.440 -19.45343677
(-18.8170935, 14.4273315, 26.4731094,  0.0270241, -0.1767971,  0.8727716,  0.4541822)    0    0   9.91794083  1 2.920   8.72904144
(-21.9857204, 10.9136778, 14.8511049,  0.8457580, -0.0530398,  0.2717742,  0.4560909)    0    0 -25.63739984  3 2.600 -13.54545900
(-14.6944688, 12.6215399, 27.1575572, -0.2398627, -0.0602884,  0.5409855, -0.8038433)    0    0  13.51412119  5 5.000   9.02905129
(-14.8751570, 13.6633470, 26.7016547, -0.2398071, -0.0637549,  0.5603191, -0.7902344)    0    0   1.69781371 10 2.040   6.18565698
(-22.1255528, 10.2421330, 15.5150254,  0.7609924,  0.3763553, -0.4069036,  0.3371598)    0    0 -34.38742043 19 3.160 -34.91595077
(-18.3107558, 16.1681340, 18.6218644, -0.6859447, -0.1724875, -0.2431802, -0.6636097)    0    0 -47.39573189  9 3.480 -25.06958696
(-19.1247991, 14.9178842, 26.8916487,  0.0253442, -0.1758278,  0.8710439,  0.4579546)    0    0   8.82795057  3 5.000   6.75937907
(-22.5952413,  8.6799654, 26.4899507,  0.4871133, -0.2358824,  0.8204473, -0.1842452)    0    0 -17.09981220  2 3.800 -14.39038566
(-24.9761187, 14.8569106, 25.1323988, -0.2878256, -0.2672265, -0.3570088, -0.8475206)    0    0  -5.81511677  6 3.880  -4.36320794
(-23.5937499, 12.0686332, 16.6244653,  0.6356187,  0.4243022, -0.6069457,  0.2181132)    0    0 -23.08299367  5 4.760 -15.87987833
(-25.5510783, 12.3516758, 28.3277562, -0.7384739,  0.4501412,  0.0061771,  0.5019871)    0    0   6.12418704  3 4.680   6.67090331
(-23.4967269, 11.3303552, 15.9028904,  0.6355450,  0.4373233, -0.5583400,  0.3051022)    0    0 -30.45752950  4 1.960 -19.03778409
(-22.0307708, 10.5392766, 15.0224208,  0.7999086,  0.3293894, -0.3342996,  0.3740223)    0    0 -34.45240398 11 2.680 -22.99359260
(-21.0873610, 14.1867392, 14.2697547, -0.2825703, -0.1195530, -0.0530944, -0.9502853)    0    0 -37.40015795  7 4.120 -25.09637552
(-26.1244985, 16.5318786, 21.3920137,  0.0448236, -0.3694973, -0.5323312, -0.7603198)    0    0 -15.76523484  2 3.160  -9.26480510
(-20.5729221,  6.6264341, 18.5247627,  0.6347551,  0.4600706, -0.5653833,  0.2564423)    0    0 -21.70897797  7 2.520 -13.13981606
(-12.4535849, 12.6012170, 18.8229241,  0.6279758,  0.2937298, -0.7206596, -0.0043575)    0    0 -20.02033249  2 5.000 -13.17786353
(-19.1625937, 14.7788523, 26.8646273,  0.0305008, -0.1800374,  0.8644639,  0.4681510)    0    0   6.52001467  6 3.560   6.91962804
(-22.3289898, 11.1735068, 15.1212048,  0.8649041,  0.1685229, -0.0952335,  0.4631108)    0    0 -45.31620598  6 1.400 -29.06537600
(-19.8121672, 17.1125759, 20.0337898, -0.6806384, -0.1666119, -0.2664336, -0.6618041)    0    0  -6.89692146  2 5.000  -2.18026445
(-25.6733781, 14.2939484, 26.0363607, -0.0452093, -0.3261578,  0.0500403, -0.9429068)    0    0  -9.34206492  1 3.240  -5.95190227
(-16.9327886, 19.0813874, 25.7399233,  0.1364098,  0.1678087,  0.3890449,  0.8954734)    0    0  -6.73583016  8 1.960  -1.74118526
(-23.5448488, 19.1647432, 18.6043305, -0.8817183, -0.0867655,  0.3298218, -0.3259788)    0    0 -14.58234174  1 5.000  -9.33061156
(-24.5357885,  6.3386977, 21.5351115,  0.7407967, -0.2157471,  0.4887663,  0.4071621)    0    0  -8.56843035  4 4.440   0.49253653
(-17.0304674, 14.3635255, 25.7979089,  0.0348097, -0.1736761,  0.8656166,  0.4683298)    0    0   4.34769222  3 2.680   3.68148894
(-21.2121067,  8.4443534, 27.0366926, -0.7934773,  0.6081110, -0.0041141, -0.0240384)    0    0 -25.20632210  6 4.840 -20.72243377
(-17.2962908, 19.9115002, 25.9933056,  0.1356114,  0.1624117,  0.3907155,  0.8958496)    0    0   0.58805013  6 3.160   3.71621785
(-23.7133767, 17.2192432, 16.6465423,  0.3268819, -0.2059429, -0.5971139, -0.7029870)    0    0 -30.56131242  5 4.360 -27.67487273
(-26.6717749, 12.6022296, 24.3219132, -0.2402183, -0.2787862, -0.1477269, -0.9180143)    0    0 -12.55320651  4 2.440  -4.97072505
(-21.3809615,  6.8809227, 18.4814426,  0.7256861,  0.4043353, -0.4618150,  0.3108368)    0    0 -26.83359079 14 3.560 -21.50745628
(-22.1107545, 11.0203871, 14.9471140,  0.8609433, -0.0282479,  0.2506897,  0.4417224)    0    0 -25.25389424  1 2.840 -11.08142068
(-24.4835538,  7.2979533, 20.8915552,  0.7478445, -0.2060116,  0.4629170,  0.4289232)    0    0  -3.82380005  1 5.000  -0.15098863
(-23.6940683, 12.0892549, 16.1773227,  0.6194352,  0.4022246, -0.6492926,  0.1814788)    0    0 -26.37805840  5 2.440 -11.99935542
(-24.7620641, 14.9214768, 24.8144586, -0.3303701, -0.2578281, -0.4258487, -0.8018935)    0    0  -5.06753394  0 3.400  -2.12261902
(-19.2137955, 14.2459258, 26.7483915,  0.0276131, -0.1755553,  0.8722703,  0.4555824)    0    0   7.87983282  4 2.120   6.51023241
(-20.7462440,  6.6695553, 18.0370690,  0.6180899,  0.4664440, -0.5811264,  0.2503391)    0    0 -12.50976517  1 5.000  -7.47629715
(-14.1520210, 11.9946385, 26.9247675, -0.2402155, -0.0595331,  0.5400893, -0.8043978)    0    0  14.31801248  1 5.000   9.87390233
(-22.2097256,  8.6713472, 26.5837977,  0.5270385, -0.2718960,  0.7859256, -0.1749971)    0    0 -27.77406745  8 4.040 -18.52569111
(-23.4655857,  9.6129237, 17.0643657,  0.5227539,  0.5006812, -0.6575053,  0.2091255)    0    0 -25.80462298  5 2.440 -13.99519949
(-26.0910580, 16.6619394, 21.1798035,  0.0235990, -0.3716353, -0.5356914, -0.7578687)    0    0 -18.98098445  4 3.640 -11.30835887
(-16.9458509, 19.1507186, 25.8147624,  0.1354302,  0.1677892,  0.3905552,  0.8949704)    0    0   4.69206764  2 5.000   3.53672458
(-22.2999678, 14.9697856, 29.7370021, -0.7711325,  0.4277655, -0.0407105,  0.4697711)    0    0  10.31765107  3 4.920   8.20326443
(-17.1875439, 14.3838663, 25.7301509,  0.0282790, -0.1725839,  0.8714927,  0.4581619)    0    0  -1.13064015  9 1.400  -0.64349353
(-22.3710889, 14.5775611, 29.8519528, -0.7714995,  0.4271951, -0.0415290,  0.4695713)    0    0   9.95650406  6 4.920   6.24489604
(-22.4147459,  5.8077796, 21.8505049,  0.7410482, -0.2294663,  0.4924608,  0.3945570)    0    0 -24.87522070  8 4.360  -7.30884482
(-15.1923651, 13.4805253, 27.2832549, -0.2408782, -0.0568348,  0.5418473, -0.8032049)    0    0   8.67017424  8 2.840   7.30876728
(-15.4585463, 10.0447401, 25.4513027, -0.3244999,  0.1683650, -0.8693417, -0.3325630)    0    0  -3.61984750  5 4.120   2.90147481
(-18.6307260, 14.0780009, 26.1090246,  0.0317078, -0.1788416,  0.8661336,  0.4654785)    0    0   3.22624366 12 1.000   3.18053204
(-17.1909769, 19.5911168, 25.7296693,  0.1363693,  0.1672554,  0.3893732,  0.8954405)    0    0  -2.26092143  7 2.120   3.30930327
(-14.7772782,  9.9586524, 25.8581459, -0.2484978,  0.1693804, -0.8832037, -0.3598754)    0    0   3.23687388  4 5.000   2.24693574
(-19.6612365, 17.0954875, 19.5503437, -0.6807222, -0.1665210, -0.2657634, -0.6620104)    0    0  -6.33014927  1 5.000  -4.14098306
(-16.8672615, 18.9644215, 25.7711408,  0.1357106,  0.1677943,  0.3903936,  0.8949973)    0    0   3.89712472  4 4.120   3.55741188
(-22.4566763,  7.9648607, 17.7988999,  0.6013800,  0.4730525, -0.5957852,  0.2441382)    0    0 -19.72666757  6 3.240 -12.05730131
(-19.2006089, 15.8011664, 24.4500517,  0.0273937, -0.1852480,  0.8649799,  0.4655562)    0    0 -13.49515765 15 2.360  -4.55200406
(-22.0889422,  7.5789364, 17.9532133,  0.6125679,  0.4685142, -0.5860659,  0.2485310)    0    0 -20.19390621  9 4.360 -15.66786186
(-28.5739785, 11.9852805, 26.9492877, -0.3617481,  0.4560005,  0.0254912,  0.8127435)    0    0  -2.57723736  9 4.040  -3.13396231
(-28.8794629, 11.9492860, 26.7565975, -0.3927411,  0.4553403,  0.0086684,  0.7989647)    0    0  -0.68884711  2 5.000  -3.41642328
(-19.1355917, 14.6283081, 26.6375928,  0.0301947, -0.1881262,  0.8777148,  0.4396744)    0    0   3.52556249 10 0.920   5.65418204
(-24.7890798, 19.1881247, 25.9604817, -0.2841085, -0.2644433, -0.5163760, -0.7633531)    0    0  -3.81393590  2 4.600  -1.54721819
(-27.6482361, 12.0550175, 26.8246252, -0.2656654,  0.4309062,  0.0065402,  0.8623798)    0    0  -1.18856323  3 4.520  -1.37174950
(-19.8375401, 17.1462949, 20.0244607, -0.6801328, -0.1670965, -0.2675253, -0.6617591)    0    0  -7.83709656  4 4.120  -1.95129437
(-19.0661683, 14.5411382, 26.7163075,  0.0268197, -0.1769060,  0.8722835,  0.4549224)    0    0  11.97581497  0 4.600   9.07560283
(-21.2535777, 15.3352231, 29.9377445, -0.6050893,  0.4697171, -0.3079756,  0.5642551)    0    0   7.81102223  9 4.680  -0.56402958
(-26.2663481, 12.7181236, 23.5139857, -0.2150891, -0.2805914, -0.1484211, -0.9235672)    0    0 -14.89441727  6 2.680  -3.80806567
(-28.1824539,  9.1117745, 21.7926917,  0.1832194, -0.2931333, -0.6402812, -0.6859409)    0    0 -10.25865595  4 3.640  -5.23781637
(-21.7122080,  7.9862078, 19.4641572,  0.6430376,  0.4557837, -0.5568764,  0.2620163)    0    0 -19.78046195  5 3.240 -14.91003038
(-23.7792532, 12.5383805, 16.4684381,  0.6941998,  0.3366802, -0.6014067,  0.2074683)    0    0 -31.25341911 10 2.600 -21.03605871
(-22.6400873, 11.2111793, 17.2297209,  0.5285671,  0.4865434, -0.6672407,  0.1966776)    0    0 -21.79533721  3 3.160 -10.86666047
(-19.6872121, 17.0982449, 19.6335242, -0.6807574, -0.1665388, -0.2659316, -0.6619002)    0    0  -3.94866910  0 5.000  -2.02631119
(-21.5783281, 10.6624554, 14.5689448,  0.8622607, -0.0246400,  0.2404438,  0.4448289)    0    0 -28.49884175  3 2.200 -14.86412174
(-23.3875298, 10.5659323, 16.3478488,  0.5424253,  0.4788348, -0.6570614,  0.2115712)    0    0 -32.10467933 10 1.480 -18.44590080
(-28.0489683, 12.1786941, 26.3678867, -0.2558476, -0.2605802,  0.0162841, -0.9306854)    0    0  -3.24172702  4 2.760  -1.72948478
(-26.8541760, 13.0969046, 25.0654143, -0.2610542, -0.2688754, -0.0588701, -0.9252519)    0    0  -5.41967567  5 2.920  -0.59431639
(-12.3257979, 12.4599421, 18.7831132,  0.6300604,  0.2957992, -0.7179828, -0.0033217)    0    0 -17.70267633  1 5.000 -10.90630482
(-20.9560052, 17.6277726, 19.5451447, -0.6904513, -0.1662084, -0.2535390, -0.6567874)    0    0 -21.36076096  8 2.040 -11.58440341
(-14.5024728, 11.8643016, 27.0740918, -0.2398644, -0.0602969,  0.5409898, -0.8038393)    0    0  14.10781825  2 4.120  10.08939464
(-22.1409323, 17.2775737, 28.6678421, -0.7747339,  0.4238314, -0.0526470,  0.4661709)    0    0   8.27318071  6 3.880   8.70493442
(-17.1891737, 19.5990598, 25.9341829,  0.1354329,  0.1674655,  0.3903761,  0.8951084)    0    0   4.10216650  3 4.040   3.19604881
(-23.8826067,  7.1240303, 21.4715922,  0.7513153, -0.2108234,  0.4686721,  0.4138944)    0    0 -11.22589686  5 4.360  -3.16709118
(-28.4805232,  9.1332883, 21.7237266,  0.1831228, -0.2932055, -0.6403369, -0.6858837)    0    0  -8.55156657  1 5.000  -5.18635421
(-23.3038223, 16.1896974, 15.3678552, -0.6916410, -0.1028621,  0.2414998, -0.6728521)    0    0 -35.49140329  9 4.600 -23.84480807
(-17.1176442, 19.5550040, 25.9100800,  0.1355230,  0.1680876,  0.3907566,  0.8948125)    0    0   4.85379254  1 5.000   3.17417972
(-18.5450066, 13.3548400, 25.8887600,  0.0454484, -0.1833794,  0.8737820,  0.4481199)    0    0  -0.04527837  9 1.640   5.15017960
(-26.3192534, 13.1416176, 23.4804224, -0.2168166, -0.2963085, -0.2967842, -0.8815390)    0    0 -26.20755587  5 2.200 -15.82571608
(-24.0616539, 19.4649407, 18.6302526, -0.6970549, -0.0150558,  0.7079012,  0.1129762)    0    0 -25.22088049  4 3.160 -13.28911167
(-15.0496955,  9.7741208, 26.0205507, -0.3196268,  0.1747744, -0.8780586, -0.3103316)    0    0   7.87697425  1 5.000   7.38396380
(-20.9707024,  8.3349879, 27.3267072,  0.6261077, -0.3642012,  0.6734096, -0.1478721)    0    0 -25.73078057  7 4.440 -29.69217451
(-14.2853972, 12.1136363, 26.9784980, -0.2402928, -0.0595094,  0.5412435, -0.8035992)    0    0  13.57542616  4 4.120   9.87057505
(-14.4124095, 12.2680661, 27.0534081, -0.2401181, -0.0594916,  0.5401486, -0.8043901)    0    0  14.54020557  0 5.000  10.28247078
(-20.9524301, 14.9367872, 15.4806509, -0.7106278, -0.1403787,  0.0059786, -0.6893955)    0    0 -49.72509683  4 2.920 -38.54446640
(-17.5477616, 14.6297844, 25.7698966,  0.0387861, -0.1808489,  0.8716073,  0.4538024)    0    0  -0.51467971 13 1.720  -1.20850800
(-22.3959242,  8.6448089, 26.6728175, -0.7030194,  0.4452001, -0.5427959,  0.1137241)    0    0   7.84409695  2 5.000   7.16464257
