#Coordinates  RecID  LigID  Luciferin  Neighbor's number  Vision Range  Scoring
(-17.0071135, 19.2948893, 25.8487533,  0.1355325,  0.1681272,  0.3907850,  0.8947912)    0    0   5.33167254  0 5.000   3.55444836
(-25.8674630, 13.7305914, 27.5258883, -0.2785467, -0.2714840, -0.4245853, -0.8175790)    0    0   9.94614948 19 0.000   6.62533310
(-12.4507990, 12.5278906, 18.8651465,  0.6280100,  0.2938588, -0.7205768, -0.0044205)    0    0 -20.36997948  4 5.000 -15.76270794
(-27.5991491,  9.8121609, 21.8293689,  0.1804061, -0.2919488, -0.6377768, -0.6895363)    0    0  -5.18724537  2 5.000  -2.58101512
(-19.2445788, 14.3213194, 26.4818686,  0.0268217, -0.1769195,  0.8723498,  0.4549570)    0    0   9.31455473  2 0.400   8.69015496
(-23.0306387, 10.4960298, 16.9139038,  0.4992421,  0.5094891, -0.6742592,  0.1911877)    0    0  -8.02986356  1 1.120  -4.77230642
(-21.3295429,  6.3710445, 18.0017960,  0.6153888,  0.4673763, -0.5834886,  0.2497943)    0    0 -10.01685367  7 0.160  -4.62655751
(-23.0964254, 10.5857719, 16.9762805,  0.4992434,  0.5094886, -0.6742585,  0.1911883)    0    0  -9.82274313  5 1.440  -7.58483102
(-27.5312664,  9.8476608, 21.8116629,  0.1804061, -0.2919488, -0.6377768, -0.6895363)    0    0  -5.09885137  1 5.000  -2.52752026
(-24.6434365, 12.8196716, 28.7882863, -0.7678266,  0.4275231, -0.0448543,  0.4750309)    0    0  18.14174478  0 0.440  11.89756906
(-25.5518094, 13.7371105, 27.1784964, -0.2785294, -0.2714913, -0.4245821, -0.8175842)    0    0  11.03345603  0 0.400   8.59710095
(-20.0585232, 17.0170676, 19.9789146, -0.6807636, -0.1665421, -0.2659225, -0.6618987)    0    0  -6.74044179 10 0.000  -4.09580572
(-21.1058956,  5.7039948, 18.1624122,  0.6153888,  0.4673763, -0.5834886,  0.2497943)    0    0  -7.30578852  7 0.600  -3.72594142
(-24.6011358, 12.2496051, 27.7243643, -0.7678285,  0.4275221, -0.0448556,  0.4750286)    0    0  18.73285864  6 0.320  12.84789814
(-19.0692326, 14.5625149, 26.7462888,  0.0268217, -0.1769195,  0.8723498,  0.4549570)    0    0  10.02821397 12 0.040   6.37059779
(-13.9661134, 13.3475428, 26.4255037, -0.2401191, -0.0594925,  0.5401557, -0.8043851)    0    0  15.81923169  5 5.000  10.39772515
(-14.8353292,  9.4824437, 25.9918125, -0.3282665,  0.1776816, -0.8780640, -0.2994562)    0    0  12.82299105  3 5.000   7.83351678
(-15.6365094, 20.8119428, 18.5833681, -0.0155777,  0.4140359,  0.2080085,  0.8860384)    0    0 -24.58263334  1 5.000 -21.54595715
(-24.6743655, 12.3069998, 28.2766138, -0.7678294,  0.4275217, -0.0448561,  0.4750275)    0    0  14.61423174 10 0.040   8.65522864
(-23.3126808, 10.8232697, 16.7859788,  0.4992467,  0.5094879, -0.6742560,  0.1911901)    0    0 -14.66613559  9 0.160  -9.83332510
(-19.8020357, 17.2346383, 19.4975603, -0.6807636, -0.1665421, -0.2659226, -0.6618987)    0    0  -4.49173434  0 0.400  -1.67955789
(-24.6620358, 12.5967556, 28.5050536, -0.7678266,  0.4275231, -0.0448543,  0.4750309)    0    0  19.08138099  1 2.360  12.96612866
(-25.5151462, 13.6686369, 27.0462648, -0.2785467, -0.2714840, -0.4245853, -0.8175790)    0    0  12.47611604 10 0.320   8.70809112
(-24.8507342, 14.0359122, 27.1938373, -0.2785467, -0.2714840, -0.4245854, -0.8175790)    0    0  12.03000832  0 0.760   8.43290521
(-21.1565193,  6.3054132, 18.0244445,  0.6153888,  0.4673763, -0.5834886,  0.2497943)    0    0  -5.23484908  2 5.000  -3.60059296
(-20.0268009, 16.9624280, 19.6199763, -0.6807636, -0.1665421, -0.2659226, -0.6618987)    0    0  -6.46520474  0 0.400  -5.87333406
(-12.4172426, 12.5096718, 18.8431966,  0.6280100,  0.2938588, -0.7205768, -0.0044205)    0    0 -17.09163655  1 5.000  -9.86917685
(-24.7548739,  6.9244316, 20.7996965,  0.7486605, -0.2057553,  0.4597115,  0.4310889)    0    0   2.58569904  2 5.000   2.55749240
(-24.6864770, 12.5651215, 28.2401060, -0.7678266,  0.4275231, -0.0448543,  0.4750309)    0    0  17.68647002 12 0.040  10.79385009
(-19.6448980, 16.9665205, 19.7371665, -0.6807636, -0.1665421, -0.2659226, -0.6618987)    0    0  -3.72179000  3 0.560  -1.86762564
(-20.1810716, 13.6992179, 29.6192733, -0.1847192, -0.3066021,  0.8018619, -0.4784261)    0    0  15.32823874  1 5.000  11.09895582
(-14.1661883, 12.6914872, 26.7425521, -0.2401191, -0.0594925,  0.5401557, -0.8043851)    0    0  16.11306906  1 4.040  10.66840671
(-25.5941927, 13.8219273, 27.4249574, -0.2785467, -0.2714840, -0.4245854, -0.8175790)    0    0  11.49746621  0 0.400   8.65653793
(-28.0746901,  9.5014026, 21.9088408,  0.1804061, -0.2919488, -0.6377768, -0.6895363)    0    0  -6.13923359  4 5.000  -4.97579097
(-19.5008317,  8.1410347, 29.4830009, -0.7847113,  0.6135472,  0.0779666, -0.0413430)    0    0  22.18120488  2 5.000  14.78201567
(-19.0244148, 15.0493841, 26.3735381,  0.0268217, -0.1769195,  0.8723498,  0.4549570)    0    0  11.57064742  8 0.160   8.72160011
(-25.1890875, 13.5310019, 27.0240911, -0.2785467, -0.2714840, -0.4245854, -0.8175790)    0    0  11.49865003  7 0.240   8.85561576
(-23.2134889, 10.5509208, 16.9335020,  0.4996077,  0.5093840, -0.6740159,  0.1913697)    0    0 -12.26566518  5 0.320  -9.18555878
(-22.7319519, 10.7213699, 17.5779885,  0.4992456,  0.5094879, -0.6742570,  0.1911894)    0    0 -11.52872588  0 0.800  -8.74939162
(-25.9360512, 13.0310356, 27.1469095, -0.2785380, -0.2714876, -0.4245837, -0.8175816)    0    0  12.90881249  1 0.560   8.52629671
(-17.0782221, 19.4771678, 25.8900911,  0.1355325,  0.1681272,  0.3907850,  0.8947912)    0    0   2.86899449  6 0.600   0.84912973
(-19.1332126, 14.3527479, 27.0513469,  0.0268217, -0.1769195,  0.8723498,  0.4549570)    0    0   9.56507548  4 0.400   4.46348094
(-12.0989666, 12.3366284, 18.6342129,  0.6280100,  0.2938588, -0.7205768, -0.0044205)    0    0 -18.32277557  2 5.000 -10.11182580
(-15.0288426,  9.6745362, 26.0320913, -0.3282665,  0.1776816, -0.8780640, -0.2994562)    0    0  11.10841990  5 5.000   7.01515438
(-19.5036800,  8.1427565, 29.5342461, -0.7847113,  0.6135472,  0.0779666, -0.0413430)    0    0  22.21722253  0 5.000  14.81149512
(-19.4468826,  8.1234588, 29.1450842, -0.7847113,  0.6135472,  0.0779666, -0.0413430)    0    0  20.69017324  8 3.960  14.30176859
(-19.0508204, 13.8278621, 26.8375615,  0.0268217, -0.1769195,  0.8723498,  0.4549570)    0    0  10.79230621  0 0.640   6.73726723
(-24.6858795, 12.4520513, 28.1257504, -0.7678269,  0.4275230, -0.0448545,  0.4750305)    0    0  18.12245127  0 0.400  12.71291044
(-24.6581792, 12.5675263, 28.5081370, -0.7678267,  0.4275231, -0.0448544,  0.4750308)    0    0  17.77055908  3 0.880  11.78298488
(-13.9609974, 12.8273558, 26.5215301, -0.2401191, -0.0594925,  0.5401557, -0.8043851)    0    0  15.05251671 10 4.600   9.18261416
(-24.6227353, 11.8745356, 28.4473291, -0.7678285,  0.4275221, -0.0448556,  0.4750286)    0    0  18.14732107  8 0.520  12.82348378
(-25.6035035, 13.6164453, 27.0810220, -0.2785467, -0.2714840, -0.4245854, -0.8175790)    0    0  13.14885857  2 2.640   8.70057245
(-25.5369814, 13.6161114, 27.0378209, -0.2785467, -0.2714840, -0.4245854, -0.8175790)    0    0  12.99383800  4 0.880   8.61379074
(-19.5566228, 17.3083738, 19.8475466, -0.6807636, -0.1665421, -0.2659226, -0.6618987)    0    0  -8.65170412  1 0.640  -5.08537559
(-24.6706530, 12.3037450, 28.2620659, -0.7678266,  0.4275231, -0.0448543,  0.4750309)    0    0  19.14624578  0 5.000  12.76425781
(-19.5960337, 16.8436577, 19.8212592, -0.6807636, -0.1665421, -0.2659226, -0.6618987)    0    0  -2.78823004  1 5.000  -1.78616859
(-19.5775941, 16.8291623, 19.8394104, -0.6807636, -0.1665421, -0.2659226, -0.6618987)    0    0  -4.52607306  0 0.400  -2.06781730
(-24.7514939,  6.9159892, 20.8082921,  0.7486605, -0.2057553,  0.4597115,  0.4310889)    0    0   2.58746542  1 5.000   2.56395240
(-22.7750883, 10.9655039, 16.8929677,  0.4992692,  0.5094818, -0.6742407,  0.1912014)    0    0 -11.97350035  0 0.640  -9.77251729
(-19.7625223, 17.3049691, 19.5535485, -0.6807636, -0.1665421, -0.2659226, -0.6618987)    0    0  -5.51314366  0 0.400  -1.90755438
(-19.0802664, 14.3471094, 26.7906689,  0.0268217, -0.1769195,  0.8723498,  0.4549570)    0    0  13.02219183  6 3.400   8.85431388
(-19.5094396,  8.1480818, 29.7154358, -0.7847113,  0.6135472,  0.0779666, -0.0413430)    0    0  21.74634379  6 4.600  14.44895797
(-16.7709274, 19.9009123, 18.8604914, -0.5836977, -0.2201301, -0.2676302, -0.7343118)    0    0 -31.49667499 10 4.600 -27.90970150
(-24.5890536, 12.4749442, 27.9523247, -0.7678266,  0.4275231, -0.0448543,  0.4750309)    0    0  18.78302110  6 0.320  12.76213076
(-22.9051363, 10.5578940, 17.0347792,  0.4992572,  0.5094851, -0.6742489,  0.1911954)    0    0 -11.84153986  0 0.400  -8.78854584
(-25.5501065, 13.9563166, 27.0238296, -0.2785294, -0.2714913, -0.4245821, -0.8175842)    0    0  10.17708153  0 0.400   6.19211506
(-19.5184957, 17.2553544, 19.5937914, -0.6807636, -0.1665421, -0.2659226, -0.6618987)    0    0  -6.39812846  0 0.480  -2.67499204
(-15.4232969, 20.9733271, 18.5367879, -0.2688137,  0.4448289,  0.1566083,  0.8398454)    0    0 -17.83530836  0 5.000 -11.89020557
(-25.6669633, 13.5425286, 26.9136754, -0.2785120, -0.2714985, -0.4245788, -0.8175894)    0    0  12.65278715  0 0.560   8.61772237
(-23.3997221, 11.0501305, 16.9202769,  0.4992437,  0.5094887, -0.6742580,  0.1911886)    0    0 -10.44289999  3 0.480  -6.91341730
(-20.2077295, 13.5119376, 30.1331713, -0.1847192, -0.3066021,  0.8018619, -0.4784261)    0    0  14.54870537  2 5.000   8.78435423
(-14.1370040, 12.7518461, 26.7033896, -0.2401191, -0.0594925,  0.5401557, -0.8043851)    0    0  16.41762400  0 5.000  10.94639351
(-25.8630385, 13.7830536, 27.4640608, -0.2785467, -0.2714840, -0.4245854, -0.8175790)    0    0  13.15536702  1 4.760   8.92212077
(-23.0541481, 10.5398295, 16.9829894,  0.4992667,  0.5094827, -0.6742422,  0.1912003)    0    0 -13.57275318  8 0.160  -9.81566944
(-18.9737922, 14.7589545, 26.9498647,  0.0268217, -0.1769195,  0.8723498,  0.4549570)    0    0  10.90056108  6 0.240   6.73712188
(-24.7461717,  6.9007734, 20.8226849,  0.7486605, -0.2057553,  0.4597115,  0.4310889)    0    0   1.35989619  5 4.360   2.38468200
(-19.4757354, 17.1809810, 19.4908771, -0.6807636, -0.1665421, -0.2659226, -0.6618987)    0    0  -6.78731511  2 0.640  -4.98127050
(-25.5665180, 13.7611829, 27.6219229, -0.2785467, -0.2714840, -0.4245854, -0.8175790)    0    0  12.70358276  1 0.560   8.51134005
(-24.9562974,  7.4076655, 20.2960299,  0.7486605, -0.2057553,  0.4597115,  0.4310889)    0    0   0.00229056  7 0.600  -0.24378331
(-12.0464810, 12.3079814, 18.5993861,  0.6280100,  0.2938588, -0.7205768, -0.0044205)    0    0 -18.38167163  3 5.000 -10.08798852
(-19.2453615, 14.3247810, 26.9772823,  0.0268217, -0.1769195,  0.8723498,  0.4549570)    0    0  11.35573268  9 0.080   8.93876376
(-24.6695460, 12.2514741, 28.2017556, -0.7678283,  0.4275223, -0.0448554,  0.4750289)    0    0  14.92718929 13 0.080   8.60650013
(-24.6732899, 12.2140851, 28.1877128, -0.7678266,  0.4275231, -0.0448543,  0.4750309)    0    0  18.83499967  4 5.000  12.30629676
(-19.0190853, 14.4217549, 26.9617050,  0.0268217, -0.1769195,  0.8723498,  0.4549570)    0    0  10.09166035  0 0.560   8.59546089
(-22.9061317, 10.4221931, 16.9932885,  0.4992669,  0.5094824, -0.6742423,  0.1912003)    0    0 -12.06849254  0 0.400  -8.53030880
(-19.5339926, 17.0367713, 19.7623663, -0.6807636, -0.1665421, -0.2659226, -0.6618987)    0    0  -7.96193139 25 0.000  -5.34878229
(-21.2598043,  6.4558185, 18.0026075,  0.6153888,  0.4673763, -0.5834886,  0.2497943)    0    0  -6.38313201  4 1.000  -3.85051910
(-21.1260409,  6.4791910, 17.9793611,  0.6153888,  0.4673763, -0.5834886,  0.2497943)    0    0  -6.98756167  5 0.680  -3.93528555
(-19.9674768, 17.0293319, 19.7089240, -0.6807636, -0.1665421, -0.2659226, -0.6618987)    0    0  -4.21034862  5 0.400  -1.93478895
(-23.2085213, 10.7625293, 17.0302434,  0.4992546,  0.5094856, -0.6742507,  0.1911940)    0    0 -12.84177525  5 0.320  -9.60621152
(-19.6258895, 16.8147078, 19.7629407, -0.6807636, -0.1665421, -0.2659226, -0.6618987)    0    0  -4.04657784  1 0.720  -3.48287530
(-25.6825700, 13.7249142, 27.1304419, -0.2785294, -0.2714913, -0.4245821, -0.8175842)    0    0  10.06096133 14 0.000   6.65884223
(-14.9269529,  9.5918791, 26.0066215, -0.3282664,  0.1776816, -0.8780639, -0.2994562)    0    0  14.95069094  0 5.000   9.96712730
(-20.1987393, 13.5750964, 29.9598632, -0.1847192, -0.3066021,  0.8018619, -0.4784261)    0    0  16.86652114  0 5.000  11.24434742
(-24.6615232, 12.5898649, 28.5048390, -0.7678266,  0.4275231, -0.0448543,  0.4750309)    0    0  19.01314927  2 0.760  12.97944948
(-24.8786120,  7.2599721, 20.4732058,  0.7486605, -0.2057553,  0.4597115,  0.4310889)    0    0   1.77129754  3 5.000   0.34418991
(-19.2664760, 17.1828952, 19.8458415, -0.6807636, -0.1665421, -0.2659226, -0.6618987)    0    0  -6.54990862 19 0.000  -4.31887568
(-20.9839765,  6.1693501, 18.1646307,  0.6153888,  0.4673763, -0.5834886,  0.2497943)    0    0  -8.77268904  2 0.520  -5.68509791
(-19.1953915, 14.1534806, 26.6576662,  0.0268217, -0.1769195,  0.8723498,  0.4549570)    0    0  10.72104648  0 0.480   6.89758594
(-25.4386997, 13.6845214, 27.2411815, -0.2785120, -0.2714985, -0.4245788, -0.8175894)    0    0  11.67587616  0 0.400   8.64402907
(-21.3476266,  6.5144680, 18.0297624,  0.6153888,  0.4673763, -0.5834886,  0.2497943)    0    0  -6.36662469  3 2.920  -3.91582809
(-25.5742106, 13.6400877, 27.1025561, -0.2785467, -0.2714840, -0.4245854, -0.8175790)    0    0  12.93274482  2 0.720   8.56233554
(-24.9113264, 12.4593432, 28.9703920, -0.7678302,  0.4275212, -0.0448567,  0.4750266)    0    0  16.19839421  2 0.640  10.39008046
(-19.0717142, 14.3956975, 26.7427663,  0.0268217, -0.1769195,  0.8723498,  0.4549570)    0    0  13.25649869  4 3.520   8.76439458
(-19.4469704, 16.9313117, 19.7991188, -0.6807636, -0.1665421, -0.2659226, -0.6618987)    0    0  -7.05403627 11 0.000  -6.07195954
(-19.0813769, 14.1421996, 26.7896662,  0.0268217, -0.1769195,  0.8723498,  0.4549570)    0    0  13.16820590  5 0.880   8.94205571
(-19.7639936, 17.1435898, 19.6285918, -0.6807636, -0.1665421, -0.2659226, -0.6618987)    0    0  -2.39963002  0 5.000  -1.59975335
(-20.7979667,  5.5564704, 18.1418413,  0.6153888,  0.4673763, -0.5834886,  0.2497943)    0    0  -7.74642722  9 0.680  -4.21836511
(-19.2459476, 15.4872249, 26.7169485,  0.0268217, -0.1769195,  0.8723498,  0.4549570)    0    0   9.50927366  0 0.880   5.85117414
(-22.9677859, 10.5384701, 17.0747907,  0.4992491,  0.5094870, -0.6742546,  0.1911912)    0    0 -10.48222535  9 0.280  -6.98012677
(-14.1101961, 12.8510259, 26.6641051, -0.2401191, -0.0594925,  0.5401557, -0.8043851)    0    0  15.45035795  8 1.240  10.02096306
(-14.1098024, 13.1039253, 26.6477445, -0.2401191, -0.0594925,  0.5401557, -0.8043851)    0    0  15.97482609  2 0.760  10.82725268
(-23.3736162, 10.9990191, 16.9728604,  0.5145696,  0.5049540, -0.6638566,  0.1988319)    0    0 -12.11661943 19 1.640  -7.47594984
(-19.4621262, 16.5931737, 19.9688284, -0.6807636, -0.1665421, -0.2659226, -0.6618987)    0    0  -3.66285907  5 0.400  -2.29336307
(-19.0858641, 14.1697529, 26.8148357,  0.0268217, -0.1769195,  0.8723498,  0.4549570)    0    0  13.34485656  1 5.000   8.95099848
(-19.5062013,  8.1416995, 29.4710047, -0.7847113,  0.6135472,  0.0779666, -0.0413430)    0    0  22.15369012  3 1.480  14.76805436
(-25.5403488, 13.6343313, 27.1968126, -0.2785120, -0.2714985, -0.4245788, -0.8175894)    0    0  11.44776594  0 0.400   8.67489072
(-23.3462494, 10.9246865, 17.0719779,  0.4992537,  0.5094859, -0.6742514,  0.1911936)    0    0 -11.08449031  5 0.400  -7.69333503
(-24.8391632, 11.9652223, 28.2635710, -0.7678269,  0.4275230, -0.0448545,  0.4750305)    0    0  15.90237213  0 0.480   8.35500173
(-23.2115404, 11.0821586, 16.4873867,  0.4992447,  0.5094884, -0.6742574,  0.1911890)    0    0 -10.34348393  6 0.320  -7.42656329
(-23.1172234, 10.8750075, 17.1714892,  0.4992536,  0.5094859, -0.6742515,  0.1911935)    0    0 -10.52407216  5 0.400  -6.95290960
(-19.8480440, 17.2372731, 19.5709601, -0.6807636, -0.1665421, -0.2659226, -0.6618987)    0    0  -3.10302282  4 0.880  -2.08157495
(-26.0040077, 13.3770585, 26.9809404, -0.2785467, -0.2714840, -0.4245854, -0.8175790)    0    0  12.32748512  5 0.400   8.37203348
(-21.1177395,  6.2480795, 18.0332935,  0.6153888,  0.4673763, -0.5834886,  0.2497943)    0    0  -4.94783582  0 5.000  -3.29854579
(-12.4929433, 12.5508559, 18.8929890,  0.6280100,  0.2938588, -0.7205768, -0.0044205)    0    0 -20.44289980  5 5.000 -15.77514738
(-19.0533472, 14.7376839, 26.6462623,  0.0268217, -0.1769195,  0.8723498,  0.4549570)    0    0  13.27632023  2 5.000   8.80881456
(-23.1095429, 10.6680080, 16.9267312,  0.4992434,  0.5094884, -0.6742586,  0.1911883)    0    0  -7.72711590  0 0.800  -3.94686954
(-19.6498509, 16.9555343, 19.7485839, -0.6807636, -0.1665421, -0.2659226, -0.6618987)    0    0  -2.86184809  2 3.840  -1.83066772
(-25.5597093, 13.7821389, 27.2155244, -0.2785120, -0.2714985, -0.4245788, -0.8175894)    0    0  11.27655570  0 0.400   8.53894833
(-16.9247509, 19.0791811, 25.8002973,  0.1355325,  0.1681272,  0.3907850,  0.8947912)    0    0   5.28232529  1 5.000   3.70575422
(-19.7012913, 17.2796723, 19.5088894, -0.6807636, -0.1665421, -0.2659226, -0.6618987)    0    0  -5.29617278 11 0.000  -4.06871080
(-24.8790122,  7.2610569, 20.4721499,  0.7486605, -0.2057553,  0.4597115,  0.4310889)    0    0   1.76029381  4 5.000   0.33824640
(-19.0274674, 14.9496566, 26.5290362,  0.0268217, -0.1769195,  0.8723498,  0.4549570)    0    0  12.24391967  7 0.320   9.01645142
(-19.4937010,  8.1412083, 29.5433891, -0.7847113,  0.6135472,  0.0779666, -0.0413430)    0    0  21.73577332  7 2.120  14.75919792
(-17.2475333, 19.9384940, 25.9919513,  0.1355325,  0.1681272,  0.3907850,  0.8947912)    0    0   3.77662215  5 1.640   3.70577961
(-25.6006553, 13.6161266, 27.0133351, -0.2785467, -0.2714840, -0.4245854, -0.8175790)    0    0  12.98067687  5 0.640   8.58633857
(-25.6010615, 13.6284806, 27.1037271, -0.2785467, -0.2714840, -0.4245854, -0.8175790)    0    0  13.32458906  0 4.760   8.88448641
(-20.9996424,  6.3623613, 18.0075007,  0.6153888,  0.4673763, -0.5834886,  0.2497943)    0    0 -12.74236450  7 0.280  -9.76298030
(-23.3004798, 11.0087964, 16.8279320,  0.4992408,  0.5094894, -0.6742601,  0.1911870)    0    0  -9.83269994  0 0.400  -5.47724278
(-24.8414917,  7.1592984, 20.5711566,  0.7486604, -0.2057552,  0.4597114,  0.4310888)    0    0   2.95265572  0 5.000   1.96843715
(-22.9795177, 10.5292391, 17.1090228,  0.4992444,  0.5094883, -0.6742578,  0.1911888)    0    0  -9.73799496  4 1.200  -7.02368253
(-25.6113380, 13.4025162, 27.2837120, -0.2785467, -0.2714840, -0.4245854, -0.8175790)    0    0   8.96323388  0 0.400   6.68588031
(-19.0671355, 14.3168361, 26.7515199,  0.0268217, -0.1769195,  0.8723498,  0.4549570)    0    0  10.74773745  3 0.640   8.55475031
(-21.1809053,  6.1338357, 18.0882143,  0.6153888,  0.4673763, -0.5834886,  0.2497943)    0    0  -9.11855869  3 0.520  -6.47673578
(-14.0245772, 12.7858708, 26.5816241, -0.2401191, -0.0594925,  0.5401557, -0.8043851)    0    0  15.20272874  9 2.920  10.45029200
(-19.4821178,  8.1480427, 29.9171763, -0.7847113,  0.6135472,  0.0779666, -0.0413430)    0    0  21.86147838  5 1.000  14.52226834
(-23.1866955, 10.4335736, 16.6835319,  0.4992481,  0.5094872, -0.6742553,  0.1911906)    0    0 -11.47543711  0 0.680  -8.98266530
(-26.0027112, 13.8314845, 27.6732117, -0.2785467, -0.2714840, -0.4245854, -0.8175790)    0    0  11.34017647  0 0.720   6.19116686
(-16.8646041, 18.8529325, 25.7562720,  0.1355325,  0.1681272,  0.3907850,  0.8947912)    0    0   2.81568252  7 0.440   3.63623497
(-24.6512095, 12.2284264, 28.4242898, -0.7678267,  0.4275231, -0.0448543,  0.4750308)    0    0  17.81690624 11 0.360  10.78190340
(-19.0823048, 14.2395065, 26.8084764,  0.0268217, -0.1769195,  0.8723498,  0.4549570)    0    0  12.08501275  7 0.320   8.62973487
(-24.7388907, 12.3780438, 28.3745824, -0.7678266,  0.4275231, -0.0448543,  0.4750309)    0    0  18.01990235 11 0.800  10.97084753
(-24.7926838,  7.0521725, 20.6836058,  0.7486605, -0.2057553,  0.4597115,  0.4310889)    0    0   0.00037478  4 0.520   0.06835123
(-14.0481751, 12.7835982, 26.6184322, -0.2401191, -0.0594925,  0.5401557, -0.8043851)    0    0  15.56486486  1 0.600  10.25655790
(-15.1748360,  9.9055011, 26.0425679, -0.3282665,  0.1776816, -0.8780640, -0.2994562)    0    0  13.37726410  2 5.000   9.80250469
(-19.1312140, 14.2547956, 26.9200622,  0.0268217, -0.1769195,  0.8723498,  0.4549570)    0    0   9.69928492  7 0.400   4.63428402
(-16.9558619, 19.1606603, 25.8186006,  0.1355325,  0.1681272,  0.3907850,  0.8947912)    0    0   5.11212515  2 5.000   3.55303603
(-15.1505517,  9.8593859, 26.0426582, -0.3282665,  0.1776816, -0.8780640, -0.2994562)    0    0  13.58199999  1 5.000   9.76201273
(-19.6579839, 17.4189356, 19.4295962, -0.6807636, -0.1665421, -0.2659226, -0.6618987)    0    0  -3.73861583  8 3.560  -1.65305098
(-17.0962682, 19.5285470, 25.9012255,  0.1355325,  0.1681272,  0.3907850,  0.8947912)    0    0   5.04731142  3 2.200   3.22252172
(-20.8350027,  5.9272292, 18.0225641,  0.6153888,  0.4673763, -0.5834886,  0.2497943)    0    0  -7.64174410  6 0.360  -3.46093385
(-19.0695319, 14.5135976, 26.7260569,  0.0268217, -0.1769195,  0.8723498,  0.4549570)    0    0   8.25237645 19 0.000   4.18226066
(-20.8731870,  5.8892772, 18.0885099,  0.6153888,  0.4673763, -0.5834886,  0.2497943)    0    0  -5.14982750  1 5.000  -3.29249143
(-24.6536711, 12.6238741, 28.4722957, -0.7678268,  0.4275230, -0.0448544,  0.4750306)    0    0  17.94017131  3 0.720  12.24346788
(-24.6705953, 13.0158481, 28.7355418, -0.7678266,  0.4275231, -0.0448543,  0.4750309)    0    0  17.51876441  0 0.560  11.75971547
(-19.1851287, 14.4562172, 26.6453734,  0.0268217, -0.1769195,  0.8723498,  0.4549570)    0    0  11.57066715  7 0.240   8.65791916
(-25.6565842, 13.4975457, 27.0279646, -0.2785467, -0.2714840, -0.4245854, -0.8175790)    0    0   9.63864734  0 0.480   6.52800925
(-24.6085429, 11.8949418, 28.3885241, -0.7678266,  0.4275231, -0.0448543,  0.4750309)    0    0  18.98741946  3 3.640  12.86713664
(-19.8286661, 17.2837062, 19.5373222, -0.6807636, -0.1665421, -0.2659226, -0.6618987)    0    0  -3.13507230  5 1.040  -2.01431974
(-19.0661683, 14.5411382, 26.7163075,  0.0268197, -0.1769060,  0.8722835,  0.4549224)    0    0  13.61340424  0 5.000   9.07560283
(-24.6099207, 11.9595472, 28.6293574, -0.7678268,  0.4275230, -0.0448544,  0.4750307)    0    0  17.35461221  0 0.560  10.68312123
(-25.6801025, 13.6783287, 27.1745635, -0.2785467, -0.2714840, -0.4245854, -0.8175790)    0    0  10.49690828  5 0.400   6.44600062
(-28.1435091,  9.4568445, 21.9206391,  0.1804061, -0.2919488, -0.6377768, -0.6895363)    0    0  -6.05681097  3 5.000  -4.87862459
(-20.9984774,  6.0623765, 18.0685674,  0.6153888,  0.4673763, -0.5834886,  0.2497943)    0    0  -7.15388431  6 4.440  -4.64220200
(-23.3969701, 10.8076646, 16.8250734,  0.4992430,  0.5094887, -0.6742587,  0.1911881)    0    0  -8.89978362  3 2.640  -6.11768838
(-23.1733239, 10.9790934, 16.7138136,  0.4992423,  0.5094890, -0.6742591,  0.1911878)    0    0 -10.03933762  4 0.600  -6.98886283
(-19.9185348, 16.9568422, 19.6669826, -0.6807636, -0.1665421, -0.2659225, -0.6618987)    0    0  -6.38392472  7 0.240  -4.07787250
(-23.2952961, 11.0493072, 16.7339092,  0.4992473,  0.5094875, -0.6742558,  0.1911903)    0    0 -11.34724689  4 0.400  -9.07870335
(-23.0645675, 10.5953421, 16.9190103,  0.4992454,  0.5094880, -0.6742571,  0.1911893)    0    0  -8.57856305  2 0.960  -5.47891441
(-24.6588961, 12.6210424, 28.5340490, -0.7678267,  0.4275231, -0.0448543,  0.4750308)    0    0  18.80341582  5 1.240  12.86393898
(-25.9304764, 13.6817094, 27.3849643, -0.2785467, -0.2714840, -0.4245854, -0.8175790)    0    0  13.09511214  3 2.680   8.77052990
(-12.3257979, 12.4599421, 18.7831132,  0.6280100,  0.2938588, -0.7205768, -0.0044205)    0    0 -15.20389707  0 5.000 -10.13593138
(-19.8206239, 17.2324064, 19.5721702, -0.6807636, -0.1665421, -0.2659226, -0.6618987)    0    0  -2.90188145  3 5.000  -2.00443161
(-14.2896439, 12.4261310, 26.8696408, -0.2401191, -0.0594925,  0.5401557, -0.8043851)    0    0  15.93939683  4 0.680  10.94524351
(-24.5028219, 12.6122656, 28.3259479, -0.7678276,  0.4275226, -0.0448550,  0.4750297)    0    0  16.07835887  0 0.640  10.40098724
(-17.0255865, 19.3422268, 25.8594903,  0.1355325,  0.1681272,  0.3907850,  0.8947912)    0    0   2.52390342  8 2.760   0.52794251
(-24.9015066,  7.3224007, 20.4126435,  0.7486605, -0.2057553,  0.4597115,  0.4310889)    0    0   0.25346596  6 1.720   0.20365025
(-27.8452658,  9.6476443, 21.8678552,  0.1804061, -0.2919488, -0.6377768, -0.6895363)    0    0  -3.79996889  0 5.000  -2.53228071
(-20.1879778, 17.2350728, 19.3766856, -0.6807636, -0.1665421, -0.2659226, -0.6618987)    0    0  -7.55009205  6 0.160  -4.68582905
(-17.1082645, 19.5598064, 25.9082633,  0.1355325,  0.1681272,  0.3907850,  0.8947912)    0    0   5.03190054  4 5.000   3.17430187
(-19.0588568, 14.6789342, 26.6797299,  0.0268217, -0.1769195,  0.8723498,  0.4549570)    0    0  13.27508271  3 4.080   8.80541127
(-25.6838690, 13.7209038, 27.1339432, -0.2785467, -0.2714840, -0.4245854, -0.8175790)    0    0  10.74000023  5 0.400   6.67276669
(-19.4065529, 16.9309469, 20.0297363, -0.6807636, -0.1665421, -0.2659226, -0.6618987)    0    0  -4.90744683 12 0.000  -4.01029462
(-14.7685264,  9.8372311, 25.8803498, -0.3282665,  0.1776816, -0.8780640, -0.2994562)    0    0  12.16902561  4 5.000   7.35220839
(-19.4971234,  8.1513612, 29.9451023, -0.7847113,  0.6135472,  0.0779666, -0.0413430)    0    0  22.05764978  4 5.000  14.72194132
(-13.9261264, 12.8131885, 26.4973521, -0.2401191, -0.0594925,  0.5401557, -0.8043851)    0    0  15.46106053  1 0.760  10.20512219
(-14.0031585, 13.0114024, 26.5270103, -0.2401191, -0.0594925,  0.5401557, -0.8043851)    0    0  16.02587100  2 5.000  10.71884820
(-19.9050576, 17.1983329, 19.5190110, -0.6807636, -0.1665421, -0.2659225, -0.6618987)    0    0  -5.63642796  0 0.400  -4.21466630
(-19.1395716, 14.8228478, 26.6154862,  0.0268217, -0.1769195,  0.8723498,  0.4549570)    0    0  10.22517405  7 0.400   6.14678063
(-19.5314074,  8.1595185, 30.0331117, -0.7847113,  0.6135472,  0.0779666, -0.0413430)    0    0  22.18412964  1 5.000  14.81149512
