#Coordinates  RecID  LigID  Luciferin  Neighbor's number  Vision Range  Scoring
(-17.4958652, -16.4246177, 39.6062414,  0.1048290,  0.5919566, -0.2536256, -0.7576628)    0    0  16.40515434  8 4.600  11.94235034
(-21.0207820, -5.9006215, 38.7271999,  0.0067075, -0.9385787,  0.3100278, -0.1513530)    0    0  11.48410898 10 3.720  12.36853730
(-19.5601495, -9.5341123, 33.6736485,  0.1757899,  0.8211598, -0.4856955, -0.2426818)    0    0 -18.57430477  5 4.360  -5.18518261
(-18.0805232, -10.5458730, 33.1474215, -0.7029554, -0.5671482, -0.0166867, -0.4288568)    0    0 -19.05370389  4 4.840  -7.53852558
(-24.6440590, -11.3428157, 39.7923668,  0.3456802,  0.6877351, -0.2911420, -0.5681214)    0    0  15.73794480 10 3.160  11.03577933
(-14.8142424, -15.6310815, 38.0693339,  0.1074293,  0.6204739, -0.3458257, -0.6955968)    0    0   3.06847252  6 2.760   3.28599645
(-16.1801387, -9.2013399, 33.1631546, -0.6571788, -0.1858158, -0.2521294, -0.6855795)    0    0 -43.56595291  6 4.840 -23.72157441
(-23.4278006, -12.1599231, 40.3088604,  0.3329902,  0.6786952, -0.2763107, -0.5933254)    0    0  17.95735838  0 5.000  12.04684899
(-28.4405140, -14.0596041, 34.6281036,  0.8607147,  0.0581780, -0.0738528, -0.5003178)    0    0  14.04373819  6 3.800   9.77826680
(-24.5894250, -8.9389257, 32.5653758,  0.1508435,  0.8186376, -0.5014064, -0.2359278)    0    0   9.62748066 11 2.120   8.89633617
(-17.6212825, -16.8376823, 38.8882444,  0.1397828,  0.6509831, -0.2661737, -0.6970175)    0    0  18.24128709  1 5.000  13.08500826
(-17.7885578, -13.2234093, 39.7942827,  0.1233356,  0.5999133, -0.2735367, -0.7416532)    0    0   2.53661398 13 3.160   0.50771044
(-19.5384795, -16.5126042, 38.7506549,  0.6750053, -0.4580428,  0.2121541, -0.5381034)    0    0  20.34775677  0 5.000  13.75164950
(-17.9886366, -14.2532700, 39.1023500,  0.1135553,  0.6010042, -0.2656748, -0.7450784)    0    0  11.88952412 14 3.400   7.42474687
(-20.0717399, -16.3778377, 39.0419502,  0.6753747, -0.4527327,  0.2152657, -0.5408486)    0    0  17.59215229 11 0.840  12.31556018
(-23.6152864, -11.8958915, 40.1185619,  0.3534804,  0.6770527, -0.2872867, -0.5779969)    0    0  17.09526980  5 3.480  12.12764510
(-22.0073126, -19.2006839, 32.1285270,  0.7310282,  0.4103365, -0.3325024, -0.4320461)    0    0  -1.49867574  6 4.760   0.20872327
(-23.1676531, -17.2499999, 36.9736741,  0.7382638,  0.3691216, -0.3346759, -0.4546509)    0    0  14.98293282  8 2.440  10.68999265
(-24.0801085, -14.0992909, 31.0913236, -0.0769519, -0.8860508,  0.4123648,  0.1972414)    0    0  14.71733490 12 1.560  13.55156733
(-22.7421604, -16.3727635, 39.0478480,  0.6787839, -0.4004139,  0.2425382, -0.5655632)    0    0  15.80697707  3 1.480  10.85176104
(-23.2334560, -17.5637219, 32.1239168,  0.7337513,  0.3904507, -0.3326331, -0.4455475)    0    0   5.03582540  5 4.600   3.03104297
(-24.6062810, -9.1931313, 33.4466340, -0.1134227, -0.8551014,  0.4581590,  0.2145395)    0    0  17.59470452  4 5.000  11.72419028
(-24.9473682, -8.9496702, 33.5739965, -0.1319622, -0.8371929,  0.4808494,  0.2246728)    0    0  17.11151264  6 3.320  11.71885732
(-15.5521278, -15.4026329, 38.5638772,  0.1116941,  0.6075050, -0.3153806, -0.7204146)    0    0   5.10227927 12 2.680   5.95484625
(-24.7292012, -13.8066317, 31.4284969, -0.0759742, -0.8876760,  0.4111563,  0.1928909)    0    0  18.95449268  7 2.840  13.30157572
(-23.1118200, -17.0429786, 39.1875693,  0.6888861, -0.3737721,  0.2481652, -0.5693368)    0    0  14.54576199 10 1.880  10.32045894
(-19.6761202, -16.3116469, 38.5754665,  0.6752284, -0.4550962,  0.2139422, -0.5396131)    0    0  18.38173416  8 1.480  12.94037582
(-24.9573497, -8.8873631, 33.5819750, -0.1309528, -0.8371730,  0.4813775,  0.2242060)    0    0  15.97145615  8 2.200  11.78513608
(-23.5705041, -11.7576436, 40.6208397,  0.3254521,  0.6807063, -0.2762077, -0.5953224)    0    0  17.15044226  4 4.600  12.10416909
(-20.2612571, -16.4012673, 38.9215888,  0.6750511, -0.4559513,  0.2136834, -0.5392095)    0    0  17.38055454 12 1.080  12.00913378
(-20.3065656, -16.5186779, 39.2614081,  0.6781505, -0.4485168,  0.2143256, -0.5412578)    0    0  17.27428988  7 1.080  12.40595302
(-22.4545926, -19.4737433, 34.1140553,  0.7408249,  0.3750685, -0.3335535, -0.4462233)    0    0   5.40504466 11 3.400   4.56454163
(-17.9757037, -13.0552958, 39.3041657,  0.1456334,  0.6371065, -0.2884475, -0.6997744)    0    0   7.20246944 11 3.480   4.73611248
(-24.2941801, -14.1386112, 31.2178657, -0.0786303, -0.8880961,  0.4104683,  0.1913440)    0    0  18.07669745  9 1.320  13.10830287
(-19.5280767, -16.5272381, 38.7401397,  0.6749907, -0.4578241,  0.2123228, -0.5382413)    0    0  19.39943643  3 5.000  12.82878552
(-23.4235844, -16.8525790, 38.7642517,  0.6792759, -0.3679923,  0.2582569, -0.5800597)    0    0  14.03133402  8 1.960  10.15365235
(-28.3810509, -14.1369097, 34.1402874,  0.8602219,  0.0588403, -0.0732643, -0.5011805)    0    0  14.60313248  2 5.000  10.20852120
(-28.3763523, -14.1380526, 34.1465944,  0.8604769,  0.0605543, -0.0727244, -0.5006217)    0    0  14.57681030  4 5.000  10.20052367
(-15.4061897, -16.4915900, 33.9284405,  0.1641430,  0.7071040, -0.4125931, -0.5502980)    0    0 -13.43897643  7 4.360  -4.43015153
(-14.7313544, -15.0486639, 37.7663778,  0.1179404,  0.6173525, -0.3528879, -0.6931349)    0    0  -0.67842201  7 1.640   1.24400777
(-19.6095644, -16.6130875, 38.7350861,  0.6755516, -0.4566486,  0.2137409, -0.5379704)    0    0  18.29730621  9 0.440  13.04875261
(-17.9753216, -12.5917936, 39.3454060,  0.1737687,  0.6625536, -0.3247276, -0.6522110)    0    0   8.25986173 11 3.880   5.79292544
(-18.0981207, -12.1844289, 39.0219634,  0.2244151,  0.6893514, -0.3784248, -0.5755234)    0    0   7.61182108  5 2.280   6.50508773
(-23.1637272, -12.4829999, 40.5407984,  0.3232283,  0.6800288, -0.2755478, -0.5976267)    0    0  15.63881801 12 2.120  11.86012586
(-26.0894999, -10.5024710, 37.9784197,  0.3130339,  0.7535700, -0.3299404, -0.4746382)    0    0  13.01474832  8 1.800   9.63146590
(-19.5318705, -16.4482560, 38.7536845,  0.6757033, -0.4540826,  0.2132504, -0.5401370)    0    0  19.22222586  5 4.040  12.74885444
(-23.4407588, -12.1373004, 40.2991580,  0.3387215,  0.6784764, -0.2792558, -0.5889764)    0    0  17.51090738  1 4.360  12.12088442
(-18.3487897, -16.3820787, 36.5757272,  0.2049853,  0.6960576, -0.2476912, -0.6419766)    0    0   5.23784939  6 3.080   7.14958439
(-20.4278185, -16.5500892, 39.9578554,  0.6878556, -0.4550690,  0.2243130, -0.5190863)    0    0  11.32151708  6 1.400   9.81131535
(-23.9669059, -17.5085362, 36.3315394,  0.7390008,  0.3710767, -0.3342729, -0.4521515)    0    0  14.55179471  9 1.480  10.49445991
(-18.5773030, -16.4929445, 36.7944933,  0.1369754,  0.6488780, -0.2618650, -0.7011574)    0    0  17.08477863  5 5.000  11.68155610
(-22.3193611, -16.5142904, 38.9603514,  0.6772912, -0.4301994,  0.2268739, -0.5520266)    0    0  16.13392984  7 2.280  11.33285328
(-24.1716147, -14.2407694, 31.0055345, -0.0845635, -0.8923968,  0.4003019,  0.1898191)    0    0   9.18055726 13 1.400  13.85580353
(-21.3202874, -16.9401021, 39.5696921,  0.6912194, -0.4158913,  0.2183025, -0.5491759)    0    0  15.30384855  8 1.320  11.04951267
(-18.3862904, -6.1450836, 37.5022013,  0.0758736,  0.9156240, -0.3928888, -0.0389133)    0    0 -26.74411803  7 4.360 -16.72109170
(-18.3778946, -16.2789862, 37.2674765,  0.1572107,  0.6611497, -0.2922735, -0.6728611)    0    0  17.01226913  6 3.800  12.94323372
(-14.7465664, -15.3115712, 37.3722855,  0.0657204,  0.6186376, -0.3494959, -0.7005862)    0    0   1.74426211  7 2.280   3.22809339
(-13.6470497, -13.2520399, 38.7611767,  0.0769379,  0.6183869, -0.4310115, -0.6526157)    0    0  -8.46473416  5 1.720  -3.51704202
(-17.9459469, -16.1336761, 39.0519717,  0.1297168,  0.6313921, -0.2608496, -0.7186620)    0    0  17.86974130  3 5.000  12.12686724
(-23.1601705, -16.7564215, 38.6467410,  0.6800983, -0.3823540,  0.2492250, -0.5737235)    0    0  14.98965116 10 2.440  10.81855380
(-17.4975018, -16.2768510, 39.5636543,  0.1226076,  0.5997114, -0.2834930, -0.7381769)    0    0  15.70912803  8 2.600  12.32307340
(-17.9964565, -12.1240694, 39.1864427,  0.2005138,  0.6859536, -0.3435034, -0.6093171)    0    0   5.12195882  7 2.680   2.76803331
(-28.4570769, -14.0566434, 34.3674784,  0.8588361,  0.0597263, -0.0729256, -0.5034957)    0    0  14.91692566  1 4.840  10.71884503
(-19.4651454, -20.9780009, 37.3196554, -0.3030019,  0.0988991,  0.9028757,  0.2884854)    0    0  15.43533396  2 5.000  10.38185694
(-22.6231504, -6.2860361, 38.1015333, -0.0157953, -0.9330606,  0.3281436, -0.1464282)    0    0  16.19110602  1 4.840  11.70762438
(-16.7530248, -17.0474032, 33.7867236,  0.2260133,  0.7200488, -0.2970896, -0.5849662)    0    0 -13.27019257  7 3.960  -3.02707454
(-25.0150963, -8.7610998, 33.7843053,  0.1504268,  0.8187745, -0.5024841, -0.2334305)    0    0  17.54211069  4 3.080  12.10504227
(-22.5198733, -16.8195800, 39.6229649,  0.6873182, -0.3718204,  0.2510154, -0.5712570)    0    0  15.14174490  8 1.480  10.63706944
(-23.6598457, -17.6954349, 35.7911098,  0.7375774,  0.3724704, -0.3344207, -0.4532167)    0    0  12.60648907 10 1.800  10.04571538
(-23.2933029, -12.4406049, 40.6196206,  0.3408122,  0.6781080, -0.2809948, -0.5873150)    0    0  17.22731746  3 4.200  12.23728959
(-25.8241436, -10.7001036, 38.9883897,  0.3225698,  0.7406478, -0.3223931, -0.4934088)    0    0  12.75817130 10 1.080   9.58990492
(-13.4114075, -13.1338136, 38.9416302,  0.0682890,  0.6129448, -0.4111476, -0.6712353)    0    0  -5.42194918  5 2.600  -3.11890816
(-28.3803172, -14.1330667, 34.1509106,  0.8604805,  0.0605409, -0.0727237, -0.5006173)    0    0  14.57374348  5 5.000  10.21367830
(-24.3743770, -14.0361929, 30.9951294, -0.1064453, -0.8755184,  0.4170200,  0.2196162)    0    0  11.05171788 13 2.520  10.81052498
(-14.9800042, -15.2890321, 39.6618771,  0.0904491,  0.5990187, -0.2924197, -0.7399231)    0    0   3.77337872  8 2.920   4.66856554
(-23.0389608, -6.5803154, 38.9133102,  0.0054948, -0.9368183,  0.3110229, -0.1600190)    0    0  14.56279174  7 3.800  10.35464616
(-24.5041478, -8.7278597, 33.6299279,  0.1506033,  0.8192086, -0.5018420, -0.2331730)    0    0  14.99730832  9 1.000  12.21460517
(-26.0241206, -10.8122518, 38.8972319,  0.3179666,  0.7396076, -0.3157123, -0.5021987)    0    0  12.86234899  9 1.320  10.30395598
(-24.3238333, -14.2100454, 31.1996422, -0.0761471, -0.8881737,  0.4107481,  0.1913631)    0    0  20.20760732  0 5.000  13.52104322
(-19.4099620, -12.4562369, 44.6332750, -0.1715432,  0.7649375, -0.4353442, -0.4426270)    0    0  14.33622442  3 4.200   9.84282599
(-24.5760654, -13.6736515, 34.3858571, -0.0913832, -0.8855211,  0.4062913,  0.2059828)    0    0  15.93418804  4 3.560  11.29087024
(-23.3302875, -17.4835465, 34.3498679,  0.7343322,  0.3776336, -0.3348177, -0.4538324)    0    0   9.39818794 11 2.600   6.30222508
(-24.4742601, -11.7837427, 39.8398068,  0.3196812,  0.6858116, -0.2791257, -0.5911468)    0    0  16.37101175  8 4.440  11.33248875
(-24.8528696, -9.6489603, 33.3157928, -0.0946064, -0.8715796,  0.4350773,  0.2051984)    0    0  17.86600295  3 5.000  11.60915414
(-24.2754146, -8.5680999, 33.6768073,  0.1503761,  0.8189918, -0.5028113, -0.2319850)    0    0  11.92820932  9 1.720   8.68358215
(-18.9408894, -10.6024583, 32.9966122,  0.5537406,  0.7750787, -0.2418971,  0.1846892)    0    0  -5.89221081  3 5.000  -0.58314119
(-25.8516287, -10.4282622, 33.1099343,  0.1299186,  0.8360179, -0.4778135, -0.2364095)    0    0  15.97430002  8 2.360  12.56691321
(-15.2039275, -15.8790904, 36.2194710,  0.0815375,  0.6266510, -0.3276644, -0.7023505)    0    0   2.00757458  6 3.480   2.91650734
(-18.4213829, -16.5386227, 37.1792232,  0.1404200,  0.6379888, -0.2580752, -0.7117934)    0    0  16.87770305  7 3.400  13.79032948
(-19.3773189, -12.5884182, 44.5536826, -0.1711450,  0.7649024, -0.4352462, -0.4429384)    0    0  14.44962430  2 5.000   9.77530789
(-17.4944064, -16.7813648, 39.3209488,  0.1288526,  0.6307514, -0.2609130, -0.7192740)    0    0  17.87196264  2 5.000  13.30996685
(-23.5902688, -7.0689244, 38.8548824, -0.0554715, -0.9370875,  0.3340021, -0.0850440)    0    0  11.14076887  8 2.440   9.09261171
(-20.5725056, -5.7309250, 38.5161245, -0.0333684, -0.9308661,  0.3493930, -0.1014864)    0    0   2.69054978  9 3.320   8.51498953
(-15.1867253, -15.9311848, 34.9482172,  0.1395702,  0.6552820, -0.3674384, -0.6450695)    0    0  -7.22260951  7 3.560   0.86446014
(-17.2651970, -17.4947401, 39.5926555,  0.1195453,  0.6136658, -0.2777058, -0.7293852)    0    0  14.44708057 11 3.160  11.37988949
(-25.1901677, -9.1477673, 34.4015803,  0.1479323,  0.8218582, -0.4999374, -0.2295406)    0    0  16.22724484  7 3.080  11.37939668
(-20.9025779, -5.9483374, 38.7483816, -0.0060657, -0.9377018,  0.3077695, -0.1611102)    0    0  14.35248210  8 4.200  12.47712778
(-15.1324012, -15.1563364, 37.1072832,  0.0811394,  0.6100684, -0.3315625, -0.7150519)    0    0   1.00058291  9 2.920   1.83848768
(-24.5948910, -13.9246493, 31.1191579, -0.0763189, -0.8880591,  0.4108994,  0.1915411)    0    0  19.80865076  2 4.520  13.25919856
(-23.8377304, -14.2276531, 31.0698508, -0.0765400, -0.8877410,  0.4107455,  0.1932406)    0    0  18.37064882  8 2.200  13.39791216
(-22.7995996, -6.3881945, 38.9461380,  0.0001349, -0.9356071,  0.3158863, -0.1576552)    0    0  15.24657387  3 5.000  10.75556215
(-22.5443322, -6.3988981, 38.7239454, -0.0001133, -0.9350979,  0.3169815, -0.1584760)    0    0  15.64773954  2 4.920  11.28853934
(-24.2502738, -14.2882209, 31.2210798, -0.0762442, -0.8880592,  0.4109220,  0.1915220)    0    0  19.79315725  3 5.000  13.38521120
(-18.6427346, -10.7693468, 32.8810973, -0.6124753, -0.7255023,  0.1436932, -0.2790567)    0    0 -35.72383713  6 4.360 -32.53799088
(-14.1431689, -14.3748904, 38.7989974,  0.0680627,  0.6039426, -0.3487655, -0.7134307)    0    0   0.32142100  8 2.360   2.47697874
(-19.8737588, -20.5586108, 36.7905530, -0.3023911,  0.0967803,  0.9030761,  0.2892088)    0    0  14.52038025  4 5.000  10.45923072
(-21.7051532, -16.1084793, 39.2764253,  0.6775295, -0.4322703,  0.2248866, -0.5509284)    0    0  15.94097717  9 1.960  10.93220506
(-20.7115246, -16.2922477, 39.2444799,  0.6761599, -0.4421468,  0.2211608, -0.5462227)    0    0  16.95693764 11 1.240  11.79800046
(-19.3143136, -7.8272601, 34.7608220,  0.1633015,  0.8197618, -0.4922521, -0.2429220)    0    0 -17.14337046  3 5.000  -5.78985932
(-17.6037097, -17.6559311, 39.4706788,  0.1304968,  0.6287328, -0.2732842, -0.7162272)    0    0  16.00395377 10 4.280  11.67599733
(-23.3546844, -17.4488836, 36.6633581,  0.7387986,  0.3695136, -0.3345286, -0.4535669)    0    0  15.07114862  7 1.880  10.52262998
(-19.6503820, -20.8083820, 36.9502633, -0.3024626,  0.0993288,  0.9029484,  0.2886747)    0    0  15.55832586  0 5.000  10.38442238
(-19.9762657, -16.4623801, 38.9459674,  0.6773576, -0.4457144,  0.2153639, -0.5441519)    0    0  17.60046593 10 0.760  12.27413348
(-19.7087183, -20.7671124, 37.0290308, -0.3103674,  0.0959927,  0.9005818,  0.2886704)    0    0  14.47905112  5 3.560  10.81656158
(-18.3682065, -14.4120415, 37.9378380,  0.1633677,  0.6846350, -0.2681047, -0.6578038)    0    0  11.63912377 12 2.760   7.96404166
(-21.7877659, -16.4428889, 39.0900914,  0.6766415, -0.4303711,  0.2284921, -0.5520220)    0    0  16.20463638  7 2.040  11.26748063
(-15.4157904, -16.2489101, 38.9626082,  0.1186876,  0.6217584, -0.3053277, -0.7114104)    0    0   8.10507498  8 2.840   7.27951410
(-18.4709800, -10.7482740, 32.9312117, -0.7353326, -0.4459014, -0.0954898, -0.5013378)    0    0  -1.51064923  0 4.840  -0.01591755
(-25.2822673, -11.5292972, 39.5357080,  0.3195045,  0.7024622, -0.2924398, -0.5647501)    0    0  14.86752376 13 1.880  11.03715505
(-18.5966442, -16.6299429, 36.5017944,  0.1988791,  0.6979571, -0.2542369, -0.6392703)    0    0   6.40484622  4 3.160   9.67305920
(-21.1395164, -19.2125200, 31.4895294,  0.7332976,  0.4166439, -0.3333399, -0.4213871)    0    0 -10.96550377  6 4.600  -4.42135460
(-20.6422243, -16.3346510, 39.5375863,  0.6755297, -0.4536522,  0.2168596, -0.5392794)    0    0  16.79784645 10 1.160  11.70155199
(-23.5910692, -17.6710537, 36.3102970,  0.7382614,  0.3687538, -0.3347457, -0.4549022)    0    0  15.58021347  4 4.280  10.72024033
(-25.7800352, -11.0506564, 39.3515201,  0.3358627,  0.7371337, -0.3281540, -0.4859477)    0    0  13.70576316  6 2.360   9.85028207
(-15.2437333, -16.1812486, 38.3936522,  0.1106477,  0.6150811, -0.3281704, -0.7083337)    0    0   5.03206841 12 2.920   4.59286804
(-25.2604427, -11.3896670, 39.5592531,  0.3246982,  0.6962235, -0.2880019, -0.5717507)    0    0  15.04898800 12 2.040  11.00643206
(-13.8621317, -13.6959410, 38.6653929,  0.1013475,  0.6268350, -0.3859436, -0.6692190)    0    0  -2.84328789 11 2.520  -0.39458621
(-23.2369469, -12.4908119, 40.4697556,  0.3334217,  0.6807985, -0.2796523, -0.5890532)    0    0  17.41349241  2 3.640  12.19500778
(-25.9699989, -11.3034234, 39.2952387,  0.3188597,  0.7492678, -0.3268480, -0.4796839)    0    0  13.02538840  8 2.280   9.71608178
(-22.8312706, -6.4853122, 38.2515165,  0.0013005, -0.9376159,  0.3108381, -0.1557382)    0    0  15.24536706  4 3.000  11.93928970
(-24.5512865, -14.1970852, 30.9741364, -0.0759800, -0.8881798,  0.4108027,  0.1913235)    0    0  19.58761583  5 5.000  13.10094207
(-23.4060596, -17.3517679, 36.5124779,  0.7387776,  0.3694990, -0.3345430, -0.4536031)    0    0  15.27470113  6 2.360  10.33103540
(-17.5618517, -16.7092168, 39.2796728,  0.1320769,  0.6358997, -0.2757111, -0.7084672)    0    0  16.27657343  6 2.680  12.96655544
(-23.2162747, -12.5290262, 40.4652779,  0.3284116,  0.6817706, -0.2793084, -0.5910342)    0    0  16.63023995  7 2.680  12.23597198
(-20.3681879, -16.3345092, 39.5027078,  0.6824072, -0.4592604,  0.2213641, -0.5238304)    0    0  11.33622272  9 0.920   9.80379849
(-19.2632204, -12.1467993, 44.4161733, -0.1712152,  0.7648914, -0.4352923, -0.4428851)    0    0  14.22425290  4 5.000   9.55932991
(-14.2953637, -13.8524390, 38.7535959,  0.1207937,  0.6272134, -0.3597613, -0.6801353)    0    0  -1.05133408 12 2.520   0.76091672
(-23.2064254, -6.7724300, 38.8840574,  0.0071669, -0.9372426,  0.3066785, -0.1652447)    0    0  13.76170082  8 3.160  10.15483220
(-24.7754153, -9.3544307, 33.5870923, -0.1146136, -0.8557764,  0.4574680,  0.2126816)    0    0  17.71976170  3 5.000  12.08922648
(-22.9288286, -16.6991552, 38.8737856,  0.6804119, -0.3745320,  0.2567036, -0.5752119)    0    0  14.82905876 11 1.960  10.46621093
(-15.8099179, -16.0723029, 38.8122986,  0.0959742,  0.5991009, -0.2923216, -0.7391990)    0    0   6.87600467 14 2.360   4.17963156
(-15.5652383, -16.1655293, 38.8504650,  0.0935613,  0.6114064, -0.2773920, -0.7351749)    0    0   8.19551234 11 2.920   6.82772206
(-19.8447224, -16.5445653, 38.9490616,  0.6756894, -0.4546103,  0.2128713, -0.5398559)    0    0  19.28185796  4 1.960  13.84186711
(-18.2235314, -12.7329105, 38.7602386,  0.1846207,  0.6718884, -0.3355573, -0.6339421)    0    0   9.19068753  3 3.480   7.45183130
(-19.2515752, -12.0994077, 44.4002134, -0.1711691,  0.7647924, -0.4355966, -0.4427745)    0    0  14.17979302  5 3.800   9.60764983
(-19.2040304, -16.6285691, 38.4963537,  0.6757758, -0.4532605,  0.2137053, -0.5405615)    0    0  19.12548648  6 2.920  13.68474957
(-21.6451319, -16.7440542, 39.5013557,  0.6817460, -0.4222600,  0.2281701, -0.5521388)    0    0  15.64532817  6 1.160  10.99463783
(-23.3366568, -12.2480531, 40.3385743,  0.3241342,  0.6812734, -0.2783060, -0.5944319)    0    0  15.82422487  9 2.440  11.93023166
(-19.7807075, -16.1735186, 38.9943137,  0.6749996, -0.4580497,  0.2121523, -0.5381054)    0    0  19.93276169  2 5.000  13.72782703
(-19.2759549, -12.1961868, 44.4314548, -0.1711223,  0.7649026, -0.4352402, -0.4429513)    0    0  14.50868903  0 5.000   9.73652437
(-19.6680970, -20.7334323, 36.8064063, -0.3025665,  0.0992712,  0.9029205,  0.2886749)    0    0  15.43731163  1 5.000  10.33465310
(-25.1002289, -11.2486500, 39.5481659,  0.3289413,  0.6914795, -0.2872783, -0.5754345)    0    0  15.53842208 12 2.360  11.04654012
(-24.3748250, -13.9501685, 31.3066291, -0.0760152, -0.8876737,  0.4111862,  0.1928252)    0    0  19.01825482  6 3.000  13.15303306
(-24.9424474, -11.6275854, 39.6104903,  0.3301602,  0.6925255, -0.2886620, -0.5727799)    0    0  15.65139695 10 2.120  11.44883125
(-23.2632986, -17.5215176, 36.8813340,  0.7381681,  0.3685896, -0.3348010, -0.4551459)    0    0  15.59029144  3 4.040  10.69632258
(-18.6267772, -16.6684391, 36.3782100,  0.1526180,  0.6778786, -0.2707852, -0.6662309)    0    0  19.15023876  0 5.000  14.74449165
(-19.9467958, -16.1713861, 39.1036745,  0.6776180, -0.4524067,  0.2182716, -0.5370873)    0    0  15.33232339  8 0.520  11.54847475
(-18.3260227, -13.8277095, 38.6423241,  0.1413892,  0.6328487, -0.2861005, -0.7054489)    0    0  15.32779738 11 4.040  10.33221214
(-28.0224561, -14.7715749, 35.1365080,  0.8593393,  0.0594020, -0.0690414, -0.5031989)    0    0  13.57651790  7 3.000   9.45226178
(-25.0689100, -8.8503596, 33.5645693, -0.1134655, -0.8551170,  0.4580982,  0.2145847)    0    0  17.65937514  3 5.000  11.55566679
(-13.8336678, -13.4405698, 38.8651877,  0.0782869,  0.6157663, -0.4044957, -0.6716295)    0    0  -3.15081830  8 2.760  -0.02686168
(-23.4826378, -17.1332711, 36.3573533,  0.7382852,  0.3685704, -0.3348127, -0.4549630)    0    0  15.50149758  5 3.960  10.41989543
(-22.7968654, -7.9569344, 34.7066486,  0.1513156,  0.8207563, -0.5002483, -0.2306430)    0    0   4.43259108 11 2.760   8.50958386
(-18.6855705, -16.4288447, 36.4474928,  0.2034712,  0.6879639, -0.2836197, -0.6362900)    0    0   5.97472494  5 3.000   9.16104064
(-19.3719897, -12.5983936, 44.5539534, -0.1709516,  0.7648396, -0.4352104, -0.4431567)    0    0  14.49782766  1 5.000   9.77042577
(-28.3713214, -14.1575616, 33.9754871,  0.8599077,  0.0612126, -0.0724100, -0.5015661)    0    0  15.70442620  0 5.000  10.74053621
(-23.1970208, -12.3804594, 40.3574225,  0.3350997,  0.6777606, -0.2778852, -0.5925540)    0    0  16.91234113  6 4.120  12.31913973
(-19.1776319, -12.2476357, 44.4482542, -0.1716737,  0.7658407, -0.4354861, -0.4408685)    0    0  14.16504179  6 4.200   9.66390756
(-17.7054717, -11.7045299, 38.7992458,  0.2503590,  0.7229842, -0.3885298, -0.5134772)    0    0   4.47887111  8 2.600   3.68043137
(-19.5286131, -16.5262885, 38.7407878,  0.6752327, -0.4564075,  0.2127652, -0.5389620)    0    0  18.68079721  7 3.160  12.81254234
(-23.3968265, -17.4552345, 36.6153410,  0.7381233,  0.3685975, -0.3347970, -0.4552143)    0    0  15.83905964  0 5.000  10.68295596
(-22.7246207, -19.2130299, 34.3177128,  0.7381942,  0.3751570, -0.3346814, -0.4497129)    0    0   4.53529685 14 2.840   2.95245990
(-22.7548258, -6.4543802, 39.2195850,  0.0377764, -0.9414176,  0.2839456, -0.1779908)    0    0  14.67767377  6 4.920  10.12747173
(-14.3936155, -15.2791332, 37.9626341,  0.0930040,  0.6204630, -0.3828012, -0.6781144)    0    0  -0.34139425  6 1.480   3.77468580
(-22.7948218, -18.9006094, 34.0778685,  0.7380112,  0.3824662, -0.3332806, -0.4447251)    0    0   6.51306926  8 3.160   4.49265338
(-20.8528289, -16.2946491, 39.2567230,  0.6771424, -0.4406689,  0.2200730, -0.5466781)    0    0  16.96716212  8 1.480  11.84870942
(-24.0932160, -13.4691252, 36.9986808,  0.3171025,  0.7369423, -0.3099179, -0.5102087)    0    0  15.68935748  4 3.640  12.11524311
(-24.3604364, -14.2087530, 31.2094404, -0.0761025, -0.8881487,  0.4108168,  0.1913895)    0    0  19.62059436  4 4.920  13.02527053
(-23.4028370, -12.2194770, 40.6091867,  0.3059898,  0.6790948, -0.2694564, -0.6104045)    0    0  15.54635236 11 1.880  11.90982141
(-23.2885753, -17.3445059, 36.7797463,  0.7381802,  0.3685885, -0.3348014, -0.4551270)    0    0  15.65563129  2 5.000  10.40338245
(-24.3708012, -14.1582303, 32.1837281, -0.0771107, -0.8882865,  0.4104821,  0.1910614)    0    0  17.90053228 10 2.840  12.54439724
(-17.9415567, -16.1501150, 39.0576767,  0.1377653,  0.6394629, -0.2747463, -0.7047144)    0    0  17.83181002  4 3.640  12.66663597
(-20.4457663, -5.7574710, 38.8695596, -0.0226425, -0.9334873,  0.3272461, -0.1449094)    0    0   7.26620952 11 3.640  11.62590025
(-21.7451987, -6.3084990, 38.6095612,  0.0023060, -0.9375155,  0.3111409, -0.1557267)    0    0  14.91607737  5 2.840  12.31179591
(-24.0518194, -14.4965371, 31.1813523, -0.0778840, -0.8862786,  0.4116264,  0.1974097)    0    0  14.78760882 11 1.800  12.31924370
(-21.0078151, -16.8898205, 39.5702142,  0.6872032, -0.4255723,  0.2181495, -0.5468554)    0    0  15.88350237  9 1.240  11.33751654
(-24.0072172, -14.0659487, 31.5584703, -0.0760818, -0.8881530,  0.4108330,  0.1913429)    0    0  19.95622264  1 4.280  13.52814401
(-15.5605115, -16.7034928, 33.6280799,  0.2294829,  0.7523746, -0.4037583, -0.4671715)    0    0 -17.97895946  5 4.040  -6.82024825
(-19.5093658, -16.0905625, 38.9148167,  0.6749965, -0.4579886,  0.2122165, -0.5381360)    0    0  19.99075215  1 5.000  13.72801133
(-21.1117666, -5.8788438, 38.5673118, -0.0201950, -0.9318526,  0.3309451, -0.1469771)    0    0  16.52062909  0 5.000  13.18491139
(-20.1586823, -5.6629777, 38.9222862,  0.0377231,  0.9295189, -0.3509267,  0.1068740)    0    0   3.27034411  5 3.240  10.04112358
(-17.1878094, -16.6695949, 39.6921780,  0.0992441,  0.5998972, -0.2742350, -0.7450296)    0    0  13.60552050 11 1.880  11.14254960
(-23.4563805, -17.5084329, 36.5224882,  0.7382416,  0.3685788, -0.3348072, -0.4550309)    0    0  15.74417676  1 5.000  10.71095431
(-23.5077340, -9.2161357, 33.6023914,  0.1539015,  0.8201562, -0.5011111, -0.2291542)    0    0  11.07932079 10 1.960  11.42022845
(-16.4029587, -16.3099279, 39.8967484,  0.1348085,  0.6262453, -0.3064732, -0.7040722)    0    0  14.47071889 11 3.960  10.66900096
(-24.4123116, -8.6566361, 33.6173106,  0.1503228,  0.8187828, -0.5025201, -0.2333906)    0    0  17.32082515  5 2.840  12.35236029
(-19.6702287, -20.7244142, 36.7891012, -0.3024788,  0.0993239,  0.9029451,  0.2886721)    0    0  15.36893637  3 5.000  10.31062211
(-25.9248308, -11.2539573, 39.1457291,  0.3186294,  0.7397867, -0.3271063, -0.4941584)    0    0  13.49810870  7 2.360   9.61113529
(-19.8940894, -5.6783227, 38.4393078, -0.0525284, -0.9267636,  0.3678252, -0.0552684)    0    0 -11.83874682  6 3.400  -3.83194140
(-28.3873664, -14.1322359, 34.1402125,  0.8601988,  0.0588021, -0.0734719, -0.5011936)    0    0  14.58948751  3 5.000  10.18862371
