#Coordinates  RecID  LigID  Luciferin  Neighbor's number  Vision Range  Scoring
(-34.0090640, -11.2517682, 22.1084743, -0.3881834, -0.7928525,  0.4589150, -0.1004767)    0    0 -11.70923186  0 0.480  -7.61568601
(-24.3287096, -19.7555050, 22.8283759, -0.2926766, -0.7936103,  0.4556151, -0.2773771)    0    0  -1.96988207 12 0.000  -2.27389424
(-33.7850418, -11.7634348, 21.9616424, -0.3881834, -0.7928525,  0.4589150, -0.1004767)    0    0  -8.01468910  2 5.000  -5.33644751
(-35.1168192, -10.8723652, 27.3814076,  0.8459468, -0.2677611, -0.1193462, -0.4454599)    0    0  13.72638130  1 3.400   9.11228488
(-27.5372866, -10.6376049, 31.6450459, -0.4764707, -0.4408508,  0.5787332,  0.4936539)    0    0  16.96318510  7 0.160  11.30153518
(-24.0425207, -19.5973999, 23.2434111, -0.2926766, -0.7936102,  0.4556153, -0.2773770)    0    0  -2.38452812  0 0.560  -2.61346899
(-33.9531207, -11.1217375, 22.0330662, -0.3881834, -0.7928525,  0.4589150, -0.1004767)    0    0 -10.34821656  0 0.520  -7.57121908
(-30.3480623, -14.7677722,  9.9689090,  0.3436335,  0.5035201, -0.7743907,  0.1694184)    0    0 -15.99048048 12 0.080 -10.81762656
(-35.1116869, -14.7559153, 19.2758242,  0.8498104,  0.3449826,  0.3241983, -0.2317430)    0    0 -17.15516474 10 0.040 -11.88627133
(-28.2013723, -9.1784331, 17.6683715, -0.3651767, -0.7209656,  0.3443507, -0.4777836)    0    0 -29.50611309  3 5.000 -19.52547314
(-33.9858161, -11.5454184, 22.2861969, -0.3881834, -0.7928525,  0.4589150, -0.1004767)    0    0 -10.25247835  1 0.560  -7.59044057
(-27.6453747, -10.3238853, 30.9604043, -0.4764707, -0.4408508,  0.5787332,  0.4936539)    0    0  16.82456371  0 0.400  11.41211958
(-27.8391222, -10.1855543, 31.3098761, -0.4764707, -0.4408508,  0.5787332,  0.4936539)    0    0  16.83685325  1 0.560  11.19897020
(-30.3069206, -14.7962598,  9.8531298,  0.3436335,  0.5035201, -0.7743907,  0.1694184)    0    0 -15.24317324  8 0.640  -8.95919958
(-35.3477921, -17.3137541, 24.2741541,  0.1463666, -0.3157986,  0.7091142,  0.6131926)    0    0  -5.73579338  1 0.640  -4.39104213
(-35.1836970, -17.3912376, 24.7405848,  0.1463666, -0.3157986,  0.7091142,  0.6131926)    0    0  -3.38700358  4 1.720  -2.06772653
(-28.3300800, -22.9589158, 22.3856757,  0.5612249,  0.3979440, -0.7216678,  0.0765690)    0    0  -6.94774866  1 0.400  -3.89593216
(-33.8582739, -11.3607129, 21.8337219, -0.3881834, -0.7928525,  0.4589150, -0.1004767)    0    0  -9.16645753  1 0.600  -5.52235648
(-24.1541123, -19.7886553, 22.9068592, -0.2926766, -0.7936103,  0.4556150, -0.2773772)    0    0  -1.28545076  0 0.400  -0.23152776
(-33.9642181, -11.3362423, 22.0153508, -0.3881834, -0.7928525,  0.4589150, -0.1004767)    0    0  -9.53380466  8 0.960  -7.69933347
(-35.1156004, -10.8734891, 27.3814172,  0.8459468, -0.2677611, -0.1193462, -0.4454599)    0    0  13.83871107  0 5.000   9.25246428
(-24.0198796, -21.3958343, 27.4316735,  0.2331123, -0.3153137,  0.9130407, -0.1122170)    0    0   8.94993425  4 5.000   5.93037445
(-28.2662505, -23.5387789, 22.3772490,  0.5612249,  0.3979440, -0.7216678,  0.0765690)    0    0  -7.75748951 12 0.080  -8.53144493
(-26.8113719, -12.4206502, 15.6951389,  0.5005491,  0.5308601, -0.6466595,  0.2224179)    0    0 -21.98842353  2 5.000 -15.03353614
(-26.9143716, -12.4372677, 15.7277830,  0.5005477,  0.5308587, -0.6466577,  0.2224173)    0    0 -20.51925147  0 5.000 -13.67950098
(-24.6357814, -19.6881233, 23.0212231, -0.2930029, -0.7929634,  0.4568834, -0.2767913)    0    0  -8.17344327  2 0.640  -6.70761627
(-24.1570585, -21.3665243, 26.9174907,  0.2331123, -0.3153137,  0.9130407, -0.1122170)    0    0   8.67206666  5 5.000   6.37900038
(-28.1684094, -9.2023753, 17.7476856, -0.3651767, -0.7209656,  0.3443507, -0.4777836)    0    0 -29.84010999  4 5.000 -19.86262490
(-27.6117446, -10.1646123, 31.0845875, -0.4764707, -0.4408508,  0.5787332,  0.4936539)    0    0  17.21213801  5 1.840  11.40167999
(-35.1000074, -17.4275432, 24.1796851,  0.1463666, -0.3157986,  0.7091142,  0.6131926)    0    0  -5.76320010 10 0.240  -4.36435424
(-28.2572892, -9.1236617, 17.4416837, -0.3651767, -0.7209656,  0.3443507, -0.4777836)    0    0 -30.58323880  5 5.000 -20.67283372
(-27.5894422, -10.2552427, 31.1253110, -0.4764707, -0.4408508,  0.5787332,  0.4936539)    0    0  17.49378037  0 4.520  11.78573990
(-33.2917253, -23.8265379, 15.3611084, -0.2269973,  0.0362517,  0.8683615,  0.4394387)    0    0 -40.60543962  0 5.000 -27.07029308
(-26.3466959, -16.6458301, 21.6370831, -0.0017764, -0.2266576, -0.9058187, -0.3579324)    0    0   2.35590550  0 5.000   1.57516733
(-35.1839641, -17.3844312, 24.7192348,  0.1463666, -0.3157986,  0.7091142,  0.6131926)    0    0  -3.20454843  1 5.000  -2.06622507
(-29.1118994, -15.1930593, 30.7214498, -0.1376847,  0.0353392,  0.9377378, -0.3169257)    0    0   8.83252650  5 4.840   6.00723505
(-34.2742112, -11.1967724, 22.3084659, -0.3881834, -0.7928525,  0.4589150, -0.1004767)    0    0 -10.04426086  9 0.240  -5.34118982
(-35.1223763, -10.9775270, 27.2531866,  0.8459468, -0.2677611, -0.1193462, -0.4454599)    0    0  11.07546869  9 0.520   6.84075623
(-34.6510599, -14.4867220, 19.0296043,  0.8498104,  0.3449826,  0.3241983, -0.2317430)    0    0 -13.81794091  4 1.720  -9.88768359
(-28.2380329, -9.1410614, 17.5102326, -0.3651767, -0.7209656,  0.3443507, -0.4777836)    0    0 -29.04092072  1 5.000 -19.09191202
(-24.1310623, -19.7063121, 22.8899825, -0.2926766, -0.7936103,  0.4556149, -0.2773772)    0    0  -0.39799159  3 0.960  -0.21038673
(-30.8619799, -15.0795519,  9.8092084,  0.3436335,  0.5035201, -0.7743907,  0.1694184)    0    0 -15.93241410  2 0.480  -9.05388154
(-29.2037715, -15.0363403, 30.2685985, -0.1376847,  0.0353392,  0.9377378, -0.3169257)    0    0   8.76707773  7 4.600   5.89388532
(-34.1207745, -11.3150178, 22.2541941, -0.3881834, -0.7928525,  0.4589150, -0.1004767)    0    0 -10.18292468 10 0.160  -7.81119631
(-26.3684136, -16.5341376, 21.5819712, -0.0017764, -0.2266577, -0.9058187, -0.3579325)    0    0  -0.36257632  5 0.640   1.02344222
(-28.2975880, -23.2939809, 22.4428887,  0.5612249,  0.3979440, -0.7216678,  0.0765690)    0    0  -2.17723529  0 5.000  -1.45120869
(-35.3412741, -10.8784005, 27.1320588,  0.8459468, -0.2677611, -0.1193462, -0.4454599)    0    0  12.10109159  8 4.440   9.15842964
(-24.6414226, -19.9002166, 23.2130520, -0.2926766, -0.7936103,  0.4556150, -0.2773771)    0    0  -2.51566276  1 0.560  -2.42232534
(-35.5265037, -17.4997653, 24.3613036,  0.1463666, -0.3157986,  0.7091142,  0.6131926)    0    0  -6.24930237 11 0.240  -6.62834769
(-28.1814743, -9.1904015, 17.7000804, -0.3651760, -0.7209642,  0.3443501, -0.4777827)    0    0 -26.45635252  0 5.000 -17.63756834
(-24.0035030, -19.6352959, 23.3147879, -0.2926766, -0.7936102,  0.4556151, -0.2773771)    0    0  -2.95816762  0 0.480  -2.70050107
(-34.5444961, -14.4868299, 19.1332835,  0.8498104,  0.3449826,  0.3241983, -0.2317430)    0    0 -11.80323352  1 5.000  -7.66824150
(-27.6070039, -10.1770493, 31.1184238, -0.4764707, -0.4408508,  0.5787332,  0.4936539)    0    0  16.87041363  3 0.680  11.21273068
(-26.2644567, -17.0048968, 21.7633886, -0.0017764, -0.2266578, -0.9058186, -0.3579325)    0    0  -2.26359782 10 2.400  -2.86479093
(-34.0232842, -11.3257081, 22.0742654, -0.3881834, -0.7928525,  0.4589150, -0.1004767)    0    0  -8.47299914  4 0.600  -5.34976645
(-25.5212655, -21.4467054, 14.6276628, -0.4409373, -0.4046170,  0.7959774,  0.0909915)    0    0 -13.34464792  6 0.920  -8.26787516
(-35.0164295, -14.4412328, 19.0435565,  0.8498104,  0.3449826,  0.3241983, -0.2317430)    0    0 -11.66262269  0 5.000  -7.77508179
(-24.3221543, -19.7248469, 23.0242331, -0.2926766, -0.7936103,  0.4556150, -0.2773771)    0    0  -1.20578748  0 0.400   0.07504999
(-28.1466243, -23.4160759, 22.3663629,  0.5612249,  0.3979440, -0.7216678,  0.0765690)    0    0  -8.66180416  0 0.400  -3.74374012
(-35.1026084, -17.4112474, 24.1460140,  0.1463666, -0.3157986,  0.7091142,  0.6131926)    0    0  -4.15238748  5 0.440  -2.06252216
(-24.2382332, -19.6917478, 23.2003532, -0.2926766, -0.7936103,  0.4556149, -0.2773772)    0    0  -0.44155942  5 0.720  -0.29615083
(-28.4202400, -23.5747308, 22.1459085,  0.5612249,  0.3979440, -0.7216678,  0.0765690)    0    0  -4.39745802  3 5.000  -3.65791199
(-35.0319115, -17.4921674, 24.1019146,  0.1463666, -0.3157986,  0.7091142,  0.6131926)    0    0  -7.80673254  0 0.600  -6.55855645
(-30.4118013, -14.8370162,  9.8712967,  0.3436335,  0.5035201, -0.7743907,  0.1694184)    0    0 -12.91256805  4 0.960  -8.53385532
(-31.1605026, -15.1878714, 10.1124217,  0.3436335,  0.5035201, -0.7743907,  0.1694184)    0    0 -13.32021115  5 0.960  -8.53701302
(-24.7903838, -19.5951892, 23.0027461, -0.2926766, -0.7936103,  0.4556150, -0.2773772)    0    0  -0.58460239  4 0.480   0.06019832
(-27.4371052, -10.5873250, 31.7424659, -0.4764707, -0.4408508,  0.5787332,  0.4936539)    0    0  16.97772288 11 1.800  11.23741438
(-35.0375834, -14.1633210, 19.2941409,  0.8498104,  0.3449826,  0.3241983, -0.2317430)    0    0 -15.02596768  4 0.400 -10.15403587
(-25.3534275, -21.2619682, 14.6994886, -0.4409373, -0.4046170,  0.7959774,  0.0909915)    0    0 -12.08828514  1 5.000  -8.11399944
(-26.3456603, -16.6432230, 21.6218067, -0.0017764, -0.2266577, -0.9058187, -0.3579325)    0    0  -0.02890978  2 2.400   0.38296334
(-35.0170524, -14.4307759, 19.0855023,  0.8498104,  0.3449826,  0.3241983, -0.2317430)    0    0 -15.99656861  3 0.600 -12.02805368
(-28.4869593, -22.7844461, 22.5888211,  0.5612249,  0.3979440, -0.7216678,  0.0765690)    0    0  -9.55339713  0 0.560  -8.03740856
(-34.6927991, -14.5256682, 19.0963863,  0.8498104,  0.3449826,  0.3241983, -0.2317430)    0    0 -14.24702536  6 0.760  -9.90818263
(-25.3607817, -21.2700768, 14.6963286, -0.4409370, -0.4046167,  0.7959769,  0.0909914)    0    0 -11.98891751  0 5.000  -7.99261167
(-28.2985819, -23.0058545, 22.4756736,  0.5612249,  0.3979440, -0.7216678,  0.0765690)    0    0  -4.85316920  7 0.480  -1.62653931
(-30.2641814, -14.7716357,  9.9533982,  0.3436335,  0.5035201, -0.7743907,  0.1694184)    0    0 -16.00220304  0 0.480 -10.59347035
(-33.4566628, -12.0104236, 21.8140374, -0.3881834, -0.7928525,  0.4589150, -0.1004767)    0    0  -9.28587357  4 0.360  -5.38228900
(-28.2924573, -23.4534888, 22.6330444,  0.5612249,  0.3979440, -0.7216678,  0.0765690)    0    0  -6.79058385 10 0.000  -3.94916668
(-24.1640429, -21.3408293, 27.0365766,  0.2331123, -0.3153137,  0.9130407, -0.1122170)    0    0   9.75254157  1 5.000   6.71921127
(-24.6219275, -19.6380143, 22.7613636, -0.2926766, -0.7936103,  0.4556149, -0.2773772)    0    0  -0.61891405  8 0.320   0.07999761
(-24.6431813, -19.6386899, 22.8067055, -0.2926766, -0.7936103,  0.4556149, -0.2773772)    0    0  -0.20726314  2 1.840   0.08500880
(-35.1722370, -17.2807227, 24.2546760,  0.1463666, -0.3157986,  0.7091142,  0.6131926)    0    0  -3.27183583  2 5.000  -2.25699586
(-29.4302942, -15.0832636, 30.1202456, -0.1376847,  0.0353392,  0.9377378, -0.3169257)    0    0   8.95764437  1 5.000   6.17902105
(-24.0206450, -21.4148550, 27.2897661,  0.2331123, -0.3153137,  0.9130407, -0.1122170)    0    0   9.78714181  0 5.000   6.54240006
(-27.5912131, -10.2491236, 31.1185417, -0.4764707, -0.4408508,  0.5787332,  0.4936539)    0    0  17.29496335  2 1.240  11.54532696
(-34.6774258, -11.3328609, 27.3206099,  0.8459468, -0.2677611, -0.1193462, -0.4454599)    0    0  12.84911680  4 0.760   9.14075710
(-24.2227616, -19.6950603, 23.1310600, -0.2926766, -0.7936103,  0.4556150, -0.2773772)    0    0  -2.07769032  0 0.400  -0.23499287
(-30.3578556, -14.8403417, 10.1479559,  0.3436335,  0.5035201, -0.7743907,  0.1694184)    0    0 -19.82269435  7 0.480 -14.89788898
(-23.9231041, -21.4652050, 27.4620109,  0.2331123, -0.3153137,  0.9130407, -0.1122170)    0    0   9.03779072  3 5.000   6.16864913
(-28.4041781, -23.6098993, 22.1059787,  0.5612249,  0.3979440, -0.7216678,  0.0765690)    0    0  -4.45722652  4 1.200  -3.70627377
(-25.0059984, -18.9489973, 22.7055595, -0.2916804, -0.7858823,  0.4746514, -0.2683609)    0    0 -11.61446352 26 0.000  -5.43947965
(-28.2953786, -23.2874327, 22.4498720,  0.5612249,  0.3979440, -0.7216678,  0.0765690)    0    0  -2.40837448  1 5.000  -1.72727702
(-30.3813425, -14.8216083,  9.8843262,  0.3436335,  0.5035201, -0.7743907,  0.1694184)    0    0 -12.63964995  3 5.000  -8.48089438
(-35.1640882, -17.3608951, 24.1908461,  0.1463666, -0.3157986,  0.7091142,  0.6131926)    0    0  -3.52130510  5 1.000  -2.13607119
(-24.2505110, -19.6570636, 23.0325528, -0.2926766, -0.7936103,  0.4556149, -0.2773772)    0    0  -2.73670174  0 0.400  -2.17784398
(-27.4480681, -10.8332250, 31.6194817, -0.4764707, -0.4408508,  0.5787332,  0.4936539)    0    0  17.12347943  8 1.600  11.41617979
(-30.3664577, -14.8013953,  9.7321323,  0.3436335,  0.5035201, -0.7743907,  0.1694184)    0    0 -15.01821666  3 0.520  -9.00271625
(-25.6446397, -21.5830570, 14.5743570, -0.4409373, -0.4046170,  0.7959774,  0.0909915)    0    0 -12.27032461  2 5.000  -8.21094533
(-24.6609783, -19.5409370, 22.7700144, -0.2926766, -0.7936103,  0.4556149, -0.2773772)    0    0  -1.93633895 10 0.080  -0.34518575
(-33.9943552, -11.3523691, 22.0611579, -0.3881834, -0.7928525,  0.4589150, -0.1004767)    0    0  -8.00971356  1 5.000  -5.34414008
(-30.3891290, -14.8376292, 10.2842861,  0.3436335,  0.5035201, -0.7743907,  0.1694184)    0    0 -15.94270365  9 0.160 -10.79216581
(-27.3533076, -10.9850317, 31.6669679, -0.4764707, -0.4408508,  0.5787332,  0.4936539)    0    0  17.20140547  6 0.720  11.54087911
(-34.6779103, -11.5077205, 27.1171605,  0.8459468, -0.2677611, -0.1193462, -0.4454599)    0    0  13.37937378  2 3.080   9.06622783
(-28.3169043, -23.2838750, 22.2172720,  0.5612249,  0.3979440, -0.7216678,  0.0765690)    0    0  -5.51594756  5 0.640  -3.63246819
(-26.4070814, -16.6794766, 21.8162599, -0.0017764, -0.2266577, -0.9058187, -0.3579325)    0    0  -2.09234468  5 0.480  -2.39511700
(-24.2596193, -19.6832745, 23.0584736, -0.2926766, -0.7936103,  0.4556149, -0.2773772)    0    0  -0.40969559  4 1.680  -0.44614145
(-33.9278284, -11.4830195, 22.0295286, -0.3881609, -0.7928065,  0.4588884, -0.1004709)    0    0  -7.99542508  0 5.000  -5.33028339
(-25.5462953, -21.4771971, 14.5509033, -0.4409373, -0.4046170,  0.7959774,  0.0909915)    0    0 -14.75036489  5 0.360  -8.13329517
(-30.8458559, -15.0159491,  9.9533561,  0.3436335,  0.5035201, -0.7743907,  0.1694184)    0    0 -12.60346821  1 5.000  -8.34637762
(-27.5508610, -10.3454178, 31.2467855, -0.4764707, -0.4408508,  0.5787332,  0.4936539)    0    0  17.21550531  2 0.840  11.55646835
(-28.2828618, -23.2239018, 22.3619980,  0.5612249,  0.3979440, -0.7216678,  0.0765690)    0    0  -6.63226023  6 0.320  -3.97511719
(-25.2062722, -21.2022202, 14.6510918, -0.4409373, -0.4046170,  0.7959774,  0.0909915)    0    0 -14.36997764  7 0.360 -10.29906932
(-26.0110847, -16.5530098, 21.8447977, -0.0017767, -0.2266585, -0.9058184, -0.3579328)    0    0  -1.57237269  8 0.320  -0.65041628
(-29.1361894, -15.1683789, 30.6693787, -0.1376847,  0.0353392,  0.9377378, -0.3169257)    0    0   8.81285789  6 4.840   5.97341969
(-28.2401428, -23.6974810, 22.6859454,  0.5612249,  0.3979440, -0.7216678,  0.0765690)    0    0  -5.95413082 12 0.000  -3.88646945
(-35.1087490, -14.5330945, 19.0602935,  0.8498104,  0.3449826,  0.3241983, -0.2317430)    0    0 -15.23020035  8 0.320 -10.00003891
(-26.6200468, -12.3902564, 15.6351983,  0.5005491,  0.5308601, -0.6466595,  0.2224179)    0    0 -22.98167285  4 5.000 -15.70641475
(-35.2051789, -17.5574825, 25.1679241,  0.1463666, -0.3157986,  0.7091142,  0.6131926)    0    0  -3.28009649  3 1.720  -2.24890341
(-28.4207001, -23.4043038, 22.4547945,  0.5612249,  0.3979440, -0.7216678,  0.0765690)    0    0  -5.60487431  4 0.400  -4.04678281
(-28.0926746, -9.2678674, 17.9981473, -0.3651767, -0.7209656,  0.3443507, -0.4777836)    0    0 -29.37451784  2 5.000 -19.77720122
(-33.5213237, -11.9287741, 21.6367825, -0.3881834, -0.7928525,  0.4589150, -0.1004767)    0    0  -8.46994147  3 1.040  -5.38997451
(-34.1034559, -11.8316500, 22.2997807, -0.3881834, -0.7928525,  0.4589150, -0.1004767)    0    0  -9.44077290  0 0.600  -5.67119159
(-34.7860370, -11.1799932, 27.3810104,  0.8459468, -0.2677611, -0.1193462, -0.4454599)    0    0  12.18082796  7 0.440   6.93517580
(-26.3984679, -16.5052387, 21.8308498, -0.0017763, -0.2266575, -0.9058188, -0.3579324)    0    0  -4.05705284  1 0.720  -4.52234658
(-34.3819419, -14.5476192, 19.1924484,  0.8498104,  0.3449826,  0.3241983, -0.2317430)    0    0 -15.73222750 11 0.160 -10.32256472
(-34.9163891, -14.9398177, 18.9538350,  0.8498104,  0.3449826,  0.3241983, -0.2317430)    0    0 -14.00740931  5 0.800  -8.14051212
(-26.2597491, -16.7222003, 21.1680904, -0.0017762, -0.2266573, -0.9058189, -0.3579323)    0    0  -0.23485559  4 0.720   1.54575243
(-35.2766479, -14.4852970, 18.8494196,  0.8498104,  0.3449826,  0.3241983, -0.2317430)    0    0 -15.66726765  9 0.040 -10.10936006
(-34.4244550, -14.4535962, 19.1470371,  0.8498104,  0.3449826,  0.3241983, -0.2317430)    0    0 -15.81535949  0 0.480 -10.51160283
(-26.3868126, -17.0735372, 21.8715034, -0.0017766, -0.2266584, -0.9058184, -0.3579327)    0    0  -2.85312649 11 0.080  -3.40765933
(-26.3557691, -16.7545326, 21.8438278, -0.0017764, -0.2266576, -0.9058187, -0.3579324)    0    0  -6.96237939 13 0.000  -4.48508730
(-27.5832431, -10.5319602, 30.9447081, -0.4764707, -0.4408508,  0.5787332,  0.4936539)    0    0  17.21576303  3 1.560  11.59619651
(-28.4788554, -23.8503618, 21.9319409,  0.5612249,  0.3979440, -0.7216678,  0.0765690)    0    0  -5.61098649 10 0.000  -1.66641805
(-34.9017394, -11.1051500, 27.3430750,  0.8459468, -0.2677611, -0.1193462, -0.4454599)    0    0  12.34698464  6 2.840   6.88903513
(-30.7501627, -14.9390781,  9.9821116,  0.3436335,  0.5035201, -0.7743907,  0.1694184)    0    0 -14.01028251  3 0.640  -8.85069951
(-28.2861926, -23.2710874, 22.4668185,  0.5612249,  0.3979440, -0.7216678,  0.0765690)    0    0  -3.70712363  2 2.600  -1.74038163
(-35.2639580, -10.5186054, 27.6336917,  0.8459468, -0.2677611, -0.1193462, -0.4454599)    0    0  12.38352805  5 5.000   6.95540049
(-28.2877301, -23.2712362, 22.4644101,  0.5612249,  0.3979440, -0.7216678,  0.0765690)    0    0  -4.72168735  5 0.560  -1.75398279
(-35.1734606, -17.2911677, 24.3018389,  0.1463666, -0.3157986,  0.7091142,  0.6131926)    0    0  -3.10637122  0 5.000  -2.07091413
(-24.2632822, -19.7450129, 23.2415249, -0.2926766, -0.7936103,  0.4556150, -0.2773772)    0    0  -2.97619888 10 0.000  -2.26202639
(-34.9976457, -14.3257057, 18.9085518,  0.8498104,  0.3449826,  0.3241983, -0.2317430)    0    0 -15.05406455  4 0.480 -10.11535649
(-24.2477772, -19.6958528, 23.2079518, -0.2926766, -0.7936103,  0.4556149, -0.2773772)    0    0  -3.88940112 22 0.000  -0.25881935
(-25.0229268, -20.8975935, 14.8414657, -0.4409373, -0.4046170,  0.7959774,  0.0909915)    0    0 -12.56860456  5 1.000  -8.09441467
(-27.4954523, -10.5607308, 31.2947153, -0.4764707, -0.4408508,  0.5787332,  0.4936539)    0    0  17.09548796  3 0.480  11.58229157
(-28.4803220, -23.4403872, 22.4299692,  0.5611370,  0.3978161, -0.7218189,  0.0764530)    0    0 -12.84273400  7 0.240 -10.29828344
(-27.4337539, -10.6869128, 31.4166514, -0.4764707, -0.4408508,  0.5787332,  0.4936539)    0    0  16.95785762  0 0.400  11.34901998
(-30.8335196, -15.0107751,  9.9515475,  0.3436335,  0.5035201, -0.7743907,  0.1694184)    0    0 -12.60375661  2 5.000  -8.34805711
(-35.2982599, -16.9206257, 24.5238881,  0.1463666, -0.3157986,  0.7091142,  0.6131926)    0    0  -4.94898748  8 0.560  -2.13200526
(-26.3127894, -16.5639263, 21.1572580, -0.0017764, -0.2266576, -0.9058187, -0.3579324)    0    0   0.23322335  1 4.640   1.55536193
(-34.1153955, -11.8190988, 22.2525015, -0.3881834, -0.7928525,  0.4589150, -0.1004767)    0    0 -10.41360474  2 0.880  -8.03963853
(-28.9420157, -15.1027323, 30.7054022, -0.1376847,  0.0353392,  0.9377378, -0.3169257)    0    0   8.91010799  2 4.200   6.04558471
(-24.3645553, -19.6827370, 23.1541122, -0.2926766, -0.7936103,  0.4556148, -0.2773772)    0    0  -0.01175971  1 4.400  -0.11363485
(-24.4414760, -19.6454141, 22.7005643, -0.2926766, -0.7936103,  0.4556149, -0.2773772)    0    0  -0.44421539  6 0.480  -0.12367018
(-29.3583914, -15.1094926, 30.2590022, -0.1376847,  0.0353392,  0.9377378, -0.3169257)    0    0   8.96925306  0 2.840   6.19438847
(-24.0247922, -20.0061653, 23.2246965, -0.2926766, -0.7936103,  0.4556149, -0.2773772)    0    0  -0.87618323  8 0.160   0.15079606
(-30.0180056, -14.6577991,  9.7050804,  0.3436335,  0.5035201, -0.7743907,  0.1694184)    0    0 -16.12816626  6 0.240  -8.40770272
(-25.5417031, -21.4726948, 14.3475505, -0.4409373, -0.4046170,  0.7959774,  0.0909915)    0    0 -15.46585780  3 0.760 -10.19112432
(-35.0349037, -14.4394479, 19.0400441,  0.8498104,  0.3449826,  0.3241983, -0.2317430)    0    0 -12.00632556  2 5.000  -8.20419766
(-24.0811938, -19.7293893, 23.1868592, -0.2926766, -0.7936103,  0.4556149, -0.2773772)    0    0  -3.05898219 18 0.000  -2.49272774
(-26.3790938, -16.7273889, 22.1149863, -0.0017765, -0.2266581, -0.9058185, -0.3579326)    0    0  -0.62231407  6 0.960  -0.67087204
(-26.4473549, -16.6481080, 22.5131256, -0.0017769, -0.2266592, -0.9058181, -0.3579331)    0    0  -0.90388987  2 0.480   0.58890982
(-30.4390593, -14.8458381,  9.8937765,  0.3436335,  0.5035201, -0.7743907,  0.1694184)    0    0 -16.54663213 15 2.840 -12.60869475
(-26.3456817, -16.7039055, 21.5459557, -0.0017764, -0.2266578, -0.9058187, -0.3579325)    0    0  -3.55608930 11 0.160  -3.42118289
(-29.3719229, -15.0130658, 30.0263202, -0.1376847,  0.0353392,  0.9377378, -0.3169257)    0    0   8.87855221  4 5.000   6.03946303
(-28.2693852, -22.9999461, 22.6180953,  0.5612249,  0.3979440, -0.7216678,  0.0765690)    0    0  -4.77470319  6 0.480  -1.58229157
(-28.5740179, -23.4791611, 22.4743991,  0.5612249,  0.3979440, -0.7216678,  0.0765690)    0    0  -6.74205196  9 0.160  -6.30997590
(-35.2575649, -10.8275115, 27.2815842,  0.8459468, -0.2677611, -0.1193462, -0.4454599)    0    0  12.90064962  3 4.680   9.13972650
(-27.6736461, -10.0583911, 30.8606177, -0.4764707, -0.4408508,  0.5787332,  0.4936539)    0    0  17.44443701  1 5.000  11.63005504
(-25.3303368, -21.2365083, 14.7094108, -0.4409373, -0.4046170,  0.7959774,  0.0909915)    0    0 -15.75827482 10 0.440  -8.16362993
(-27.4863629, -10.4711847, 31.5150874, -0.4764707, -0.4408508,  0.5787332,  0.4936539)    0    0  16.82370794 11 0.280  11.14247270
(-35.1486466, -14.3621741, 19.0317219,  0.8498104,  0.3449826,  0.3241983, -0.2317430)    0    0 -13.49058538  3 0.800  -8.28276484
(-26.3704243, -16.4912677, 21.4640613, -0.0017765, -0.2266579, -0.9058186, -0.3579325)    0    0  -0.21996564  3 0.960   1.17774367
(-25.3148249, -21.2193626, 14.7161222, -0.4409373, -0.4046170,  0.7959774,  0.0909915)    0    0 -12.36772870  4 0.760  -8.13290168
(-27.2958083, -12.4988069, 15.8486733,  0.5005491,  0.5308601, -0.6466595,  0.2224179)    0    0 -21.73213288  1 5.000 -14.07406947
(-28.2695556, -23.6148291, 22.4233986,  0.5612249,  0.3979440, -0.7216678,  0.0765690)    0    0 -11.07006158 10 0.000  -5.96873445
(-23.8388712, -21.5206758, 27.5247177,  0.2331123, -0.3153137,  0.9130407, -0.1122170)    0    0   9.39657608  2 5.000   6.14693521
(-27.6163182, -10.6680880, 31.1736998, -0.4764707, -0.4408508,  0.5787332,  0.4936539)    0    0  17.20399673  1 1.040  11.56478464
(-23.8461915, -21.5066305, 27.5890262,  0.2331123, -0.3153137,  0.9130407, -0.1122170)    0    0   8.29831264  6 4.600   6.04285767
(-35.1801492, -17.2057314, 24.1754461,  0.1463666, -0.3157986,  0.7091142,  0.6131926)    0    0  -3.69568326  6 0.880  -2.35678691
(-28.4670705, -23.5993681, 22.0936466,  0.5612249,  0.3979440, -0.7216678,  0.0765690)    0    0  -5.27461306  0 0.400  -1.73875198
(-27.4975816, -10.1676805, 31.1392029, -0.4764707, -0.4408508,  0.5787332,  0.4936539)    0    0  16.99585640  2 0.640  11.36843766
(-35.1312487, -14.2491236, 18.9315786,  0.8498104,  0.3449826,  0.3241983, -0.2317430)    0    0 -16.81494885  0 0.560 -12.08921388
(-24.4782719, -19.6422455, 22.9812468, -0.2921785, -0.7897461,  0.4651337, -0.2728688)    0    0  -7.72787860  7 0.240  -3.37049572
(-24.5993856, -19.6896574, 23.2412771, -0.2926766, -0.7936103,  0.4556149, -0.2773772)    0    0  -1.19859918  1 0.720  -0.17958497
(-28.3696430, -23.7178856, 22.0545577,  0.5612249,  0.3979440, -0.7216678,  0.0765690)    0    0  -7.61164322  7 0.320  -6.43481546
(-24.3070470, -19.6987777, 23.2546215, -0.2926766, -0.7936103,  0.4556150, -0.2773772)    0    0  -2.68389204  0 0.400  -2.33772979
(-28.8784454, -15.0735244, 30.7108780, -0.1376847,  0.0353392,  0.9377378, -0.3169257)    0    0   8.88701237  3 2.200   6.06907896
(-30.4362632, -14.8445861,  9.8924871,  0.3436335,  0.5035201, -0.7743907,  0.1694184)    0    0 -12.57391161  0 5.000  -8.38260706
(-24.3746824, -19.6782709, 23.1009479, -0.2926766, -0.7936103,  0.4556148, -0.2773772)    0    0   0.23323696  0 5.000   0.15549131
(-35.1800481, -17.4016550, 24.2694897,  0.1463666, -0.3157986,  0.7091142,  0.6131926)    0    0  -8.29481552  1 0.560  -8.92164428
(-33.7416400, -11.5906427, 21.5092215, -0.3881834, -0.7928525,  0.4589150, -0.1004767)    0    0 -11.84942330  0 0.800  -9.98136965
(-27.1335974, -12.4726734, 15.7973173,  0.5005491,  0.5308601, -0.6466595,  0.2224179)    0    0 -22.28533841  3 5.000 -14.47790315
(-24.3381553, -19.6939752, 23.1853590, -0.2926766, -0.7936103,  0.4556149, -0.2773772)    0    0  -2.86472989 13 0.000  -2.64761066
(-25.6559305, -21.5955061, 14.5695055, -0.4409373, -0.4046170,  0.7959774,  0.0909915)    0    0 -12.28929444  3 5.000  -8.22450808
(-35.2033553, -17.2578368, 24.3774279,  0.1463666, -0.3157986,  0.7091142,  0.6131926)    0    0  -7.87391938  5 0.400  -8.98720318
(-33.8569507, -11.4715212, 21.9823588, -0.3881834, -0.7928525,  0.4589150, -0.1004767)    0    0  -9.57229519  8 0.800  -7.64882249
(-26.2141915, -16.3943948, 21.3743510, -0.0017767, -0.2266587, -0.9058183, -0.3579329)    0    0  -4.95557071  7 0.320  -3.21053073
(-26.2582125, -16.5007827, 21.5729491, -0.0017764, -0.2266578, -0.9058186, -0.3579325)    0    0  -3.66924722  6 0.360  -2.81136338
(-30.8061709, -15.0036697,  9.9908590,  0.3436335,  0.5035201, -0.7743907,  0.1694184)    0    0 -15.51108430  6 0.720 -10.95524416
(-35.1648333, -17.5823647, 24.7074456,  0.1463666, -0.3157986,  0.7091142,  0.6131926)    0    0  -6.54905007 12 0.080  -4.34522559
