168	1.2	0
-2.617994	1.450119	-2.739050
0.000000	0.000000	0.000000
receptor_blocked.pdb	0.935	90.899	-100.997
ligand_surface.pdb	13.840	5.555	12.340
1.047198	0.906588	1.252948	42	160	149	1958.589
1.308997	2.295480	1.008277	36	30	9	1934.705
1.832596	1.545873	-1.877082	40	141	147	1916.651
1.570796	1.504028	0.636812	41	29	12	1905.980
2.094395	0.899350	-2.069907	36	147	158	1879.456
1.570796	1.662363	0.915448	39	33	13	1874.494
1.832596	2.407836	1.410646	31	38	13	1865.801
1.570796	2.407836	1.410646	36	35	13	1851.122
1.570796	0.831641	0.616218	41	166	144	1839.169
1.832596	1.504028	0.636812	38	34	12	1820.520
1.832596	1.756530	-2.105156	41	145	147	1804.512
1.570796	1.756530	-2.105156	38	138	147	1803.219
1.832596	1.214854	-1.966664	39	143	150	1790.999
1.570796	1.809167	1.213774	38	36	15	1788.137
1.308997	0.906588	1.252948	40	166	149	1739.760
2.094395	1.214854	-1.966664	41	149	150	1708.863
1.832596	1.809167	1.213774	33	40	15	1703.872
1.570796	1.545873	-1.877082	36	135	147	1699.818
2.094395	0.992645	-1.723759	39	151	154	1690.889
1.308997	1.014500	0.906702	43	164	143	1688.282
1.047198	1.025536	1.576859	40	162	152	1678.943
2.356194	1.214854	-1.966664	39	161	154	1676.339
1.570796	0.992645	-1.723759	35	137	150	1673.046
1.570796	1.948085	-2.363031	41	142	146	1664.521
2.094395	1.128190	-2.288622	38	149	156	1663.294
2.094395	2.579248	-2.364801	46	16	15	1660.296
1.832596	0.992645	-1.723759	38	143	151	1658.438
1.308997	2.108018	1.311430	43	30	16	1652.178
1.570796	2.295480	1.008277	33	34	9	1650.183
1.832596	1.948085	-2.363031	42	150	147	1643.534
2.356194	2.456751	-1.503343	42	13	10	1629.352
1.570796	1.310100	1.488307	37	39	5	1622.102
1.832596	2.579248	-2.364801	44	10	16	1618.188
1.832596	0.899350	-2.069907	33	142	156	1616.071
1.308997	2.588535	-2.976617	43	148	147	1615.118
1.308997	1.662363	0.915448	39	164	141	1603.735
1.308997	0.379747	-1.713059	25	135	154	1590.118
1.832596	1.325504	-1.671296	42	143	142	1589.973
1.308997	1.195355	1.200319	41	167	144	1585.538
1.570796	1.433411	-1.035986	41	148	149	1583.187
1.832596	1.014500	0.906702	35	41	14	1579.630
1.832596	1.448123	-2.163292	39	144	152	1574.414
1.570796	2.138223	1.678323	42	35	21	1571.348
1.308997	1.948085	-2.363031	37	136	146	1568.136
1.570796	1.367556	0.358405	42	156	146	1566.919
1.308997	2.356369	3.005869	45	149	153	1559.780
2.094395	1.756530	-2.105156	42	156	148	1556.633
1.308997	2.863997	0.549740	21	34	5	1553.000
2.094395	2.063651	-2.044600	43	146	147	1546.788
1.308997	1.977582	0.969896	39	31	10	1542.854
2.094395	2.396274	-1.959260	43	147	144	1539.340
1.832596	2.704512	1.488683	27	37	10	1538.673
2.617994	2.456751	-1.503343	43	18	10	1532.105
1.570796	1.135834	-1.431087	39	138	142	1531.270
1.047198	2.138223	1.678323	46	25	18	1526.952
2.094395	1.545873	-1.877082	42	151	148	1521.825
2.094395	1.606104	-0.451151	41	159	142	1521.510
1.832596	2.588535	-2.976617	47	22	18	1520.183
1.832596	1.872854	1.543456	34	42	19	1517.790
1.570796	0.709924	0.218797	44	158	144	1517.696
1.570796	1.014500	0.906702	39	4	144	1517.237
1.570796	1.977582	0.969896	36	34	10	1509.068
1.308997	0.831641	0.616218	45	20	14	1508.093
2.356194	1.545873	-1.877082	42	26	21	1503.457
2.356194	1.617114	-1.572037	42	26	19	1497.609
1.570796	1.606104	-0.451151	40	152	144	1495.611
1.570796	1.134497	-1.109631	41	14	22	1495.183
1.832596	2.073035	2.027405	39	29	11	1495.108
2.094395	1.448123	-2.163292	42	148	152	1493.944
1.308997	1.809167	1.213774	42	31	15	1493.872
1.047198	2.592629	0.909713	34	29	6	1491.720
2.617994	2.984978	1.954446	20	38	11	1486.701
1.570796	1.448123	-2.163292	38	139	148	1484.333
1.570796	1.812176	0.656819	36	35	6	1478.317
2.094395	1.325504	-1.671296	44	150	143	1476.321
1.308997	1.504028	0.636812	43	21	12	1475.848
1.832596	1.606104	-0.451151	40	160	144	1474.948
1.570796	1.574060	2.783565	41	158	153	1474.505
1.570796	1.214854	-1.966664	36	137	150	1473.709
1.832596	1.658653	-2.409879	41	142	154	1468.338
1.047198	1.247695	1.809890	43	156	147	1466.906
1.832596	1.135834	-1.431087	42	144	142	1461.909
1.570796	2.108018	1.311430	39	35	15	1460.430
0.785398	0.910508	1.903534	40	159	153	1460.112
1.308997	2.407836	1.410646	40	31	13	1459.995
1.570796	2.356369	3.005869	45	156	153	1459.632
1.570796	1.998705	2.370472	47	163	6	1457.203
1.047198	2.295480	1.008277	39	25	8	1457.189
0.785398	2.863997	0.549740	26	163	129	1455.716
1.832596	2.251330	-2.330739	47	6	21	1454.772
1.832596	2.108018	1.311430	31	40	12	1454.287
1.832596	1.617114	-1.572037	41	140	139	1449.095
-3.141593	2.760637	2.781135	24	41	17	1448.850
1.047198	2.033014	2.977192	42	145	145	1443.789
1.832596	2.138223	1.678323	37	40	21	1443.412
1.308997	1.756530	-2.105156	34	133	147	1443.192
1.832596	2.063651	-2.044600	41	139	147	1441.718
1.308997	1.335669	0.897240	42	165	136	1440.931
1.832596	1.113094	-0.272241	44	24	157	1439.136
1.570796	1.335669	0.897240	37	6	140	1438.843
1.570796	0.379747	-1.713059	30	138	154	1438.569
2.356194	2.984978	1.954446	25	37	11	1436.352
1.832596	2.153910	-1.714959	43	139	156	1434.293
1.832596	1.904882	-1.478089	40	142	143	1433.816
2.094395	1.135834	-1.431087	44	149	145	1431.609
2.617994	2.343981	-1.040456	41	16	9	1429.523
1.047198	1.662363	0.915448	41	154	140	1429.001
0.785398	2.592629	0.909713	32	156	130	1425.315
1.308997	2.041297	-2.664597	41	141	146	1423.975
1.832596	1.721184	-0.153948	42	21	9	1421.913
0.523599	1.440580	2.260026	41	146	149	1419.899
1.570796	1.195355	1.200319	38	5	143	1419.296
1.570796	2.063651	-2.044600	37	134	146	1418.186
2.879793	2.343981	-1.040456	39	24	6	1417.851
0.785398	1.168678	2.108595	41	156	151	1412.324
2.094395	1.417623	-0.202254	44	25	14	1412.273
2.094395	2.719179	-1.780644	41	13	9	1411.838
1.570796	1.872854	1.543456	39	38	20	1409.295
2.356194	1.256302	0.062705	40	35	17	1408.549
2.356194	1.128190	-2.288622	39	155	157	1405.708
2.094395	1.554776	0.100351	41	28	11	1405.414
1.570796	1.870545	-2.976234	42	155	149	1404.196
0.785398	0.864993	2.278281	36	160	157	1403.388
1.308997	2.393226	1.857173	44	29	16	1402.657
1.832596	2.041297	-2.664597	43	21	14	1401.176
1.832596	1.367556	0.358405	40	162	146	1401.172
1.308997	1.310100	1.488307	42	30	20	1400.747
1.047198	2.588535	-2.976617	41	141	147	1399.790
1.570796	0.685216	-1.712745	33	137	153	1398.729
1.047198	0.571433	-1.188419	31	134	147	1396.503
2.094395	1.510910	-0.740472	41	17	151	1392.952
2.356194	2.180315	-1.357379	42	15	9	1391.837
0.785398	1.310100	1.488307	42	147	146	1390.361
0.523599	2.760637	2.781135	42	3	18	1384.390
0.785398	1.025536	1.576859	42	151	150	1384.048
1.308997	1.812176	0.656819	38	30	5	1383.463
1.832596	1.662363	0.915448	35	38	13	1382.840
2.094395	1.948085	-2.363031	44	21	7	1382.725
2.356194	2.396274	-1.959260	46	18	15	1381.670
1.047198	1.168678	2.108595	40	157	152	1381.486
1.308997	1.599406	1.426070	42	28	16	1381.153
1.832596	1.846342	-1.796954	40	144	147	1380.280
1.047198	1.809167	1.213774	41	154	140	1379.879
1.308997	0.674054	1.013609	41	157	150	1378.020
1.570796	2.174483	2.653697	49	159	5	1377.629
1.832596	1.310100	1.488307	32	44	5	1377.113
2.094395	2.073035	2.027405	35	43	27	1376.272
1.308997	1.872854	1.543456	44	34	20	1375.350
1.832596	0.831641	0.616218	38	4	144	1374.165
0.785398	1.809167	1.213774	40	147	140	1373.395
1.047198	1.599406	1.426070	48	158	166	1372.745
1.832596	1.998705	2.370472	43	1	7	1368.328
2.094395	1.846342	-1.796954	45	10	16	1367.164
1.047198	0.910508	1.903534	38	164	153	1366.170
2.094395	1.113094	-0.272241	44	28	7	1366.153
1.570796	2.041297	-2.664597	43	148	146	1365.847
2.094395	2.393226	1.857173	32	42	18	1365.083
2.094395	1.413347	-1.339188	45	14	13	1363.507
1.570796	1.658653	-2.409879	38	136	153	1363.359
1.308997	1.736875	3.023612	42	149	150	1361.847
1.832596	1.128190	-2.288622	37	144	155	1361.668
2.356194	1.756530	-2.105156	41	162	148	1360.224
0.261799	1.440580	2.260026	38	140	149	1359.778
2.094395	0.619654	-2.216909	32	144	159	1357.978
1.308997	1.433411	-1.035986	40	11	18	1357.973
2.094395	1.617114	-1.572037	44	146	139	1357.495
1.047198	2.863997	0.549740	24	32	5	1357.109
1.308997	1.256302	0.062705	41	143	142	1356.712
1.832596	1.413347	-1.339188	43	152	152	1356.605
2.094395	1.658653	-2.409879	42	155	153	1356.316
2.094395	1.367556	0.358405	40	34	14	1355.786
1.832596	1.554776	0.100351	42	23	10	1355.352
1.308997	2.063651	-2.044600	35	132	140	1355.216
2.094395	2.108018	1.311430	27	43	13	1354.990
2.094395	1.732874	-0.951685	42	144	143	1353.044
1.570796	0.619654	-2.216909	25	135	158	1351.567
1.308997	1.488617	1.159546	46	31	21	1350.837
2.879793	2.456751	-1.503343	38	32	11	1350.799
1.308997	0.709924	0.218797	45	150	145	1350.370
1.570796	0.866955	-0.931351	43	145	140	1349.712
1.570796	2.393226	1.857173	41	34	17	1349.651
1.832596	1.335669	0.897240	39	37	19	1349.390
1.832596	0.961715	0.014085	45	25	10	1349.147
1.570796	1.184361	0.625864	40	1	136	1348.990
1.308997	1.135834	-1.431087	34	132	142	1348.411
1.832596	1.869911	2.701025	41	31	17	1347.861
0.261799	2.174483	2.653697	34	127	149	1347.029
1.308997	2.592629	0.909713	30	32	6	1344.746
1.308997	1.555207	1.708892	42	32	3	1344.098
1.570796	1.599406	1.426070	39	34	15	1343.819
2.879793	2.104282	-0.813972	40	25	10	1342.193
1.570796	1.488617	1.159546	41	36	20	1339.824
1.308997	1.870545	-2.976234	42	147	149	1338.500
1.832596	1.488617	1.159546	36	40	19	1338.241
1.308997	2.174483	2.653697	49	153	5	1336.814
1.570796	1.617114	-1.572037	37	134	141	1336.222
2.617994	2.104282	-0.813972	40	25	9	1335.375
2.356194	1.417623	-0.202254	42	30	14	1334.606
0.785398	1.440580	2.260026	42	152	149	1333.749
1.047198	1.977582	0.969896	43	28	10	1331.593
1.570796	2.349581	-2.702517	46	5	22	1331.144
1.308997	1.606104	-0.451151	39	139	142	1331.035
0.785398	1.872854	1.543456	47	18	20	1330.735
1.570796	1.846342	-1.796954	38	135	140	1330.667
1.570796	1.555207	1.708892	38	37	20	1329.517
1.832596	2.164094	-2.991358	43	28	17	1328.937
2.094395	1.982574	-1.115518	41	146	143	1328.197
1.570796	2.588535	-2.976617	47	16	18	1328.116
1.570796	0.906588	1.252948	36	42	21	1327.970
2.094395	1.488617	1.159546	31	43	19	1327.901
1.047198	1.875281	0.107086	38	154	144	1326.292
2.617994	1.606104	-0.451151	41	30	12	1326.263
2.094395	1.374601	-2.456031	42	16	15	1324.878
1.308997	1.554776	0.100351	40	17	147	1323.797
0.523599	1.699788	2.452890	40	142	148	1321.734
2.356194	1.846342	-1.796954	44	158	141	1321.236
1.308997	2.115563	0.685730	38	27	8	1320.694
1.047198	1.812176	0.656819	40	25	4	1319.661
0.785398	2.760637	2.781135	44	7	15	1319.454
1.570796	0.899350	-2.069907	32	136	153	1318.939
2.094395	1.870545	-2.976234	39	34	19	1318.099
1.832596	1.301460	-0.509251	44	19	1	1317.256
2.356194	2.579248	-2.364801	46	23	16	1317.090
1.832596	2.396274	-1.959260	40	140	144	1315.448
2.356194	1.606104	-0.451151	40	164	141	1315.209
1.308997	2.881233	-2.582574	42	4	15	1315.190
2.094395	1.872854	1.543456	29	44	17	1315.188
2.356194	0.992645	-1.723759	40	158	153	1314.187
2.356194	0.458961	-0.107937	39	2	147	1313.392
2.094395	2.153910	-1.714959	42	146	143	1312.995
1.570796	1.194549	-0.801900	43	147	131	1312.862
1.047198	2.115563	0.685730	39	23	6	1312.647
2.094395	1.869911	2.701025	39	33	15	1311.741
1.308997	1.045978	0.343692	45	154	136	1311.287
1.047198	1.869911	2.701025	43	150	147	1310.707
2.094395	1.335669	0.897240	34	41	19	1309.925
1.570796	1.741644	-2.695914	39	137	156	1308.666
1.832596	1.045978	0.343692	39	4	138	1305.822
1.832596	2.881233	-2.582574	43	153	142	1305.688
1.832596	1.732874	-0.951685	40	138	142	1304.069
2.094395	1.904882	-1.478089	42	148	142	1303.250
2.094395	2.180315	-1.357379	43	12	12	1301.035
2.356194	1.135834	-1.431087	44	155	145	1300.959
2.356194	2.719179	-1.780644	45	14	13	1300.756
1.570796	1.766067	2.153843	41	32	14	1300.177
1.308997	0.685216	-1.712745	29	134	151	1299.017
1.308997	1.869911	2.701025	43	157	147	1298.490
1.308997	1.998705	2.370472	49	156	6	1297.937
1.832596	1.824694	1.850876	35	42	10	1297.061
2.356194	1.982574	-1.115518	43	150	150	1296.717
1.047198	2.704512	1.488683	43	29	11	1295.325
2.356194	0.899350	-2.069907	39	20	31	1294.969
1.832596	1.433411	-1.035986	42	14	156	1294.658
1.832596	0.709924	0.218797	43	164	144	1293.983
1.832596	0.496451	0.593859	39	1	146	1293.804
0.785398	0.906588	1.252948	43	149	148	1293.264
1.832596	1.870545	-2.976234	41	161	150	1293.217
0.785398	1.555207	1.708892	42	145	144	1292.371
1.308997	1.658653	-2.409879	32	130	152	1291.046
1.832596	0.619654	-2.216909	29	139	158	1290.924
2.356194	1.696674	-1.253233	44	27	18	1290.520
1.047198	1.488617	1.159546	42	153	142	1290.222
1.308997	0.850607	-1.335383	36	136	143	1289.437
1.570796	1.417623	-0.202254	43	151	141	1289.385
2.094395	0.961715	0.014085	42	31	9	1288.840
2.094395	1.433411	-1.035986	44	20	157	1288.748
1.832596	0.850607	-1.335383	42	146	146	1288.639
1.832596	1.977582	0.969896	33	38	11	1287.745
1.047198	2.299159	2.264663	45	158	151	1283.023
2.879793	0.370812	-2.547742	33	20	39	1282.989
2.356194	0.762244	-0.273349	40	6	140	1281.755
2.094395	1.450119	-2.739050	41	18	17	1279.137
1.570796	2.164094	-2.991358	49	143	6	1278.919
1.570796	1.256302	0.062705	44	19	2	1278.911
-0.261799	0.866955	-0.931351	5	129	134	1278.578
1.047198	1.504028	0.636812	43	148	145	1278.558
1.047198	2.760637	2.781135	42	156	144	1274.590
0.785398	1.699788	2.452890	43	148	148	1273.985
1.570796	1.869911	2.701025	44	25	18	1273.984
1.308997	1.247695	1.809890	37	39	21	1273.639
2.617994	1.736875	3.023612	33	40	17	1273.432
1.047198	2.041297	-2.664597	38	137	146	1272.083
1.047198	2.393226	1.857173	39	147	132	1270.694
0.523599	0.864993	2.278281	38	154	156	1270.289
2.356194	2.343981	-1.040456	40	18	9	1270.092
1.832596	1.741644	-2.695914	42	156	150	1269.834
1.832596	0.960688	-0.577532	44	146	138	1269.418
2.617994	1.617114	-1.572037	41	0	142	1268.889
2.094395	1.662363	0.915448	27	45	14	1268.724
1.308997	2.478122	2.609777	47	26	22	1268.596
1.308997	1.506530	1.988858	40	3	147	1268.075
2.879793	2.664082	-1.071402	38	28	9	1267.750
2.879793	1.836682	-0.676006	40	30	12	1267.537
1.047198	2.407836	1.410646	44	29	13	1267.230
2.356194	2.153910	-1.714959	46	17	14	1267.186
1.308997	0.866955	-0.931351	40	3	13	1266.018
-2.617994	1.904882	-1.478089	36	41	12	1265.964
1.308997	2.138223	1.678323	41	165	144	1265.526
2.879793	1.135813	-2.658866	38	22	38	1264.492
-2.879793	1.904882	-1.478089	40	36	12	1264.362
1.832596	1.599406	1.426070	35	42	22	1264.206
1.832596	0.906588	1.252948	31	45	21	1263.918
1.047198	2.478122	2.609777	48	18	22	1263.513
1.047198	1.256302	0.062705	43	9	2	1263.418
1.308997	1.545873	-1.877082	32	131	147	1263.372
1.570796	1.554776	0.100351	42	159	147	1261.573
2.094395	2.251330	-2.330739	48	17	22	1261.530
2.094395	2.704512	1.488683	23	40	11	1261.199
2.094395	2.138223	1.678323	32	43	21	1261.068
-0.523599	2.108018	1.311430	36	158	138	1260.943
1.047198	0.496451	0.593859	40	142	145	1260.641
1.832596	2.393226	1.857173	37	38	17	1259.811
2.356194	2.356369	3.005869	40	165	152	1259.001
1.308997	1.134497	-1.109631	37	134	138	1258.774
1.047198	1.555207	1.708892	45	20	4	1257.625
1.832596	1.510910	-0.740472	40	11	151	1257.333
0.523599	0.615174	-0.666022	27	131	143	1254.720
2.617994	2.180315	-1.357379	41	27	12	1254.608
-3.141593	2.456751	-1.503343	44	156	134	1253.836
1.570796	1.904882	-1.478089	37	136	143	1253.197
2.879793	2.455966	-0.641220	37	18	7	1252.807
1.832596	2.299159	2.264663	44	33	27	1252.686
0.523599	1.168678	2.108595	40	149	151	1252.238
1.570796	1.510910	-0.740472	42	147	147	1252.026
2.094395	2.456751	-1.503343	41	8	10	1252.002
1.047198	1.014500	0.906702	45	156	143	1251.611
1.832596	1.195355	1.200319	33	43	3	1251.538
2.356194	1.870545	-2.976234	36	40	19	1251.352
0.785398	2.138223	1.678323	39	143	137	1250.619
1.047198	1.699788	2.452890	44	12	18	1250.338
2.356194	1.413347	-1.339188	44	156	139	1248.937
1.047198	1.506530	1.988858	43	28	20	1248.894
2.094395	2.299159	2.264663	34	166	139	1246.918
1.308997	1.699788	2.452890	44	19	19	1246.287
2.617994	1.194549	-0.801900	43	164	133	1245.550
2.094395	0.850607	-1.335383	46	149	144	1245.526
1.308997	1.184361	0.625864	44	24	10	1244.639
1.570796	1.413347	-1.339188	41	146	151	1244.130
2.356194	2.704512	1.488683	19	41	11	1243.352
0.261799	2.073035	2.027405	41	137	150	1241.371
1.570796	0.850607	-1.335383	39	140	145	1241.011
1.570796	1.732874	-0.951685	37	133	143	1240.321
2.356194	1.325504	-1.671296	45	152	146	1239.576
1.308997	1.367556	0.358405	43	150	145	1238.833
1.308997	2.073035	2.027405	48	160	1	1238.466
2.617994	0.619654	-2.216909	36	22	36	1238.050
1.570796	2.299159	2.264663	48	27	26	1237.805
2.094395	1.045978	0.343692	36	41	8	1237.598
1.570796	1.721184	-0.153948	35	14	141	1237.256
0.785398	1.335669	0.897240	41	145	142	1237.193
0.785398	0.700570	1.559208	42	157	155	1236.797
2.356194	2.637879	2.121598	31	40	18	1236.698
1.570796	1.325504	-1.671296	38	137	141	1236.563
1.832596	1.417623	-0.202254	43	157	141	1235.450
2.094395	2.407836	1.410646	27	42	14	1235.166
1.832596	1.134497	-1.109631	44	145	139	1234.886
1.570796	1.301460	-0.509251	43	13	154	1233.969
2.094395	1.998705	2.370472	38	29	15	1232.340
0.523599	1.310100	1.488307	40	140	146	1230.868
1.047198	1.310100	1.488307	43	157	149	1229.714
1.308997	1.448123	-2.163292	33	132	150	1229.666
1.832596	1.696674	-1.253233	42	140	149	1229.492
0.785398	0.685216	-1.712745	17	128	152	1228.146
0.785398	1.247695	1.809890	42	150	147	1227.781
1.308997	1.025536	1.576859	38	167	151	1227.108
2.094395	1.504028	0.636812	28	46	11	1226.882
1.570796	0.290380	-0.796960	42	146	152	1224.981
2.617994	2.251330	-2.330739	48	22	19	1224.228
1.832596	0.685216	-1.712745	37	142	152	1223.959
1.570796	1.824694	1.850876	40	39	24	1223.908
2.094395	1.184361	0.625864	38	39	19	1223.892
-3.141593	2.455966	-0.641220	37	23	7	1223.823
1.832596	2.478122	2.609777	47	28	23	1221.625
2.356194	1.904882	-1.478089	45	18	11	1221.090
2.094395	2.478122	2.609777	39	1	150	1221.050
1.570796	0.418037	1.360082	32	42	21	1219.547
1.047198	2.174483	2.653697	50	145	6	1219.311
2.094395	0.496451	0.593859	34	9	146	1219.305
1.308997	1.194549	-0.801900	39	141	131	1218.897
2.356194	2.478122	2.609777	36	28	11	1218.841
1.570796	0.960688	-0.577532	45	150	135	1217.979
1.832596	2.349581	-2.702517	49	15	23	1217.623
2.356194	1.448123	-2.163292	43	23	25	1215.925
1.570796	0.674054	1.013609	39	2	144	1215.083
2.617994	0.850607	-1.335383	44	163	147	1214.300
0.523599	1.977582	0.969896	44	149	129	1213.200
2.094395	1.809167	1.213774	25	47	165	1213.119
1.047198	1.756530	-2.105156	24	123	144	1212.057
2.356194	0.685216	-1.712745	39	23	31	1211.495
-3.141593	2.180315	-1.357379	36	37	12	1211.141
1.570796	1.736875	3.023612	43	155	152	1211.037
1.832596	2.637879	2.121598	40	33	16	1210.896
-3.141593	2.104282	-0.813972	38	30	10	1210.623
1.047198	2.579248	-2.364801	31	128	144	1210.432
0.785398	2.108018	1.311430	38	146	137	1210.077
2.094395	1.721184	-0.153948	40	27	9	1209.839
2.617994	0.762244	-0.273349	35	12	139	1209.812
1.570796	2.396274	-1.959260	39	134	154	1209.447
0.523599	2.478122	2.609777	44	2	22	1209.445
2.094395	2.174483	2.653697	44	33	31	1208.649
1.308997	1.846342	-1.796954	33	130	140	1208.505
0.523599	1.247695	1.809890	42	144	150	1208.260
2.879793	1.606104	-0.451151	38	34	13	1207.745
-2.879793	2.760637	2.781135	19	41	17	1207.555
1.308997	1.325504	-1.671296	33	130	146	1207.544
1.832596	1.812176	0.656819	30	42	7	1207.238
1.570796	2.704512	1.488683	35	34	11	1206.888
2.094395	1.741644	-2.695914	41	163	151	1206.164
2.094395	1.134497	-1.109631	46	152	138	1205.928
2.356194	1.134497	-1.109631	45	159	138	1205.879
2.094395	0.762244	-0.273349	44	159	139	1205.609
2.879793	2.180315	-1.357379	39	32	12	1205.422
-3.141593	2.343981	-1.040456	38	31	9	1204.939
0.785398	1.510910	-0.740472	32	133	145	1204.823
1.570796	2.251330	-2.330739	45	138	166	1204.529
2.356194	0.866395	-2.492918	33	151	162	1202.831
1.047198	1.195355	1.200319	44	160	144	1202.693
0.261799	0.906588	1.252948	45	148	150	1201.943
2.617994	1.413347	-1.339188	43	163	139	1201.572
1.047198	2.108018	1.311430	47	27	16	1201.377
0.523599	2.073035	2.027405	44	145	150	1200.416
0.785398	1.869911	2.701025	41	144	147	1200.369
1.570796	2.033014	2.977192	42	29	14	1200.151
-3.141593	2.187132	-0.479875	35	26	6	1199.874
1.308997	1.766067	2.153843	43	33	17	1198.935
2.094395	1.301460	-0.509251	36	35	21	1197.564
2.094395	2.984978	1.954446	31	35	11	1197.489
2.356194	1.433411	-1.035986	44	27	12	1197.247
2.094395	2.164094	-2.991358	41	34	17	1196.696
-2.356194	1.391910	3.030322	15	39	16	1196.580
2.356194	2.393226	1.857173	26	44	17	1195.831
1.308997	0.992645	-1.723759	31	132	149	1195.795
-3.141593	2.979456	-1.009304	43	9	11	1194.885
0.523599	2.379497	0.561089	32	153	130	1194.530
1.570796	2.073035	2.027405	42	23	11	1194.484
2.617994	0.961715	0.014085	32	46	6	1194.300
0.785398	2.379497	0.561089	34	23	3	1194.059
1.047198	2.164094	-2.991358	40	139	143	1193.431
0.785398	1.977582	0.969896	43	21	9	1193.377
0.523599	0.910508	1.903534	40	148	154	1193.119
1.047198	1.335669	0.897240	45	24	11	1192.726
2.356194	1.194549	-0.801900	42	34	15	1192.316
1.570796	1.699788	2.452890	42	24	18	1191.342
0.523599	2.587733	0.232235	27	164	130	1190.879
0.000000	2.984978	1.954446	45	8	14	1190.743
1.832596	1.683268	0.374177	38	34	7	1190.583
1.308997	1.824694	1.850876	43	162	149	1189.657
1.047198	1.045978	0.343692	44	145	136	1188.775
0.000000	1.247695	1.809890	43	146	155	1188.350
1.047198	0.700570	1.559208	40	160	154	1187.088
1.832596	1.194549	-0.801900	45	153	131	1185.334
-2.617994	1.982574	-1.115518	37	39	7	1184.690
0.523599	0.700570	1.559208	43	151	155	1184.638
1.832596	1.256302	0.062705	43	25	2	1184.267
2.094395	2.041297	-2.664597	44	27	19	1183.740
2.617994	1.256302	0.062705	36	40	17	1183.404
-0.785398	0.203748	0.590255	25	136	148	1181.227
1.570796	1.696674	-1.253233	39	135	148	1180.931
2.094395	0.960688	-0.577532	45	153	138	1178.618
1.047198	1.440580	2.260026	42	158	149	1178.385
1.308997	1.417623	-0.202254	41	8	156	1178.309
-0.523599	2.724429	-0.348782	25	153	123	1178.128
1.832596	1.736875	3.023612	41	162	151	1177.906
2.356194	1.184361	0.625864	33	43	20	1177.109
1.047198	1.184361	0.625864	47	157	135	1176.225
0.523599	2.174483	2.653697	39	132	149	1175.382
0.523599	1.417623	-0.202254	36	141	147	1174.724
1.570796	1.506530	1.988858	37	40	11	1174.338
0.785398	2.033014	2.977192	39	139	145	1174.041
2.617994	1.836682	-0.676006	40	157	143	1173.787
1.308997	1.875281	0.107086	38	27	15	1173.650
1.832596	1.909857	-0.381669	40	22	10	1173.144
0.000000	2.299159	2.264663	39	142	147	1173.106
1.570796	0.203748	0.590255	40	3	152	1172.773
-2.094395	1.658653	-2.409879	27	29	31	1172.658
1.047198	0.674054	1.013609	44	155	148	1172.633
2.356194	2.063651	-2.044600	45	153	147	1172.031
0.261799	2.587733	0.232235	29	154	126	1171.145
1.832596	1.699788	2.452890	40	25	18	1171.057
-3.141593	0.370812	-2.547742	32	23	40	1170.900
-1.832596	2.579248	-2.364801	18	35	19	1170.797
2.356194	0.960688	-0.577532	44	161	137	1170.758
-2.879793	2.456751	-1.503343	37	38	12	1170.678
0.523599	0.290380	-0.796960	25	133	151	1170.649
0.261799	1.699788	2.452890	38	137	148	1170.242
1.047198	1.367556	0.358405	43	16	4	1169.952
2.094395	0.866955	-0.931351	46	154	142	1169.307
1.832596	0.866955	-0.931351	44	152	142	1169.115
0.000000	2.587733	0.232235	27	151	126	1169.000
2.617994	2.664082	-1.071402	41	14	10	1168.940
0.523599	2.407836	1.410646	46	16	12	1168.830
2.617994	1.325504	-1.671296	40	32	23	1168.261
2.617994	1.696674	-1.253233	41	33	18	1167.112
2.356194	0.850607	-1.335383	45	156	147	1167.019
1.308997	1.683268	0.374177	41	162	147	1166.817
2.356194	1.658653	-2.409879	39	1	148	1166.515
1.047198	1.658653	-2.409879	26	126	151	1166.318
0.785398	1.812176	0.656819	45	16	24	1166.039
1.832596	2.033014	2.977192	44	159	161	1165.622
1.308997	2.760637	2.781135	47	22	17	1165.474
1.832596	1.184361	0.625864	43	33	19	1164.542
1.308997	0.571433	-1.188419	36	138	149	1164.420
1.570796	1.683268	0.374177	37	34	4	1164.231
-0.785398	1.184361	0.625864	23	124	5	1163.544
2.617994	0.866955	-0.931351	41	4	141	1163.438
2.094395	1.256302	0.062705	41	3	151	1163.357
0.000000	0.906588	1.252948	43	140	150	1163.199
1.308997	2.349581	-2.702517	40	133	152	1163.133
1.570796	2.592629	0.909713	28	36	8	1162.334
0.000000	1.554776	0.100351	29	126	159	1161.040
2.356194	1.732874	-0.951685	43	151	142	1160.951
0.785398	1.184361	0.625864	45	154	138	1160.917
0.261799	1.168678	2.108595	39	143	151	1160.211
2.617994	1.982574	-1.115518	43	159	142	1159.869
2.094395	2.349581	-2.702517	48	23	23	1159.094
-2.617994	2.180315	-1.357379	38	36	7	1158.587
-0.523599	1.025536	1.576859	35	129	151	1158.490
1.570796	2.478122	2.609777	43	152	148	1158.453
2.356194	1.869911	2.701025	35	37	16	1157.898
1.047198	0.685216	-1.712745	23	130	152	1157.674
2.617994	2.719179	-1.780644	44	22	11	1156.860
2.356194	2.041297	-2.664597	43	163	155	1156.364
0.523599	1.025536	1.576859	43	146	150	1156.255
-3.141593	1.836682	-0.676006	37	35	13	1156.185
2.094395	0.709924	0.218797	41	32	15	1155.783
2.094395	1.736875	3.023612	39	34	21	1155.355
1.047198	1.736875	3.023612	41	143	151	1155.248
2.617994	1.214854	-1.966664	42	158	154	1155.222
1.047198	1.617114	-1.572037	27	126	144	1154.771
2.094395	1.824694	1.850876	30	46	24	1154.465
2.356194	2.299159	2.264663	34	33	12	1154.278
1.047198	2.349581	-2.702517	39	131	156	1153.271
2.617994	1.545873	-1.877082	40	31	21	1153.159
2.356194	1.872854	1.543456	23	47	21	1152.190
0.523599	0.906588	1.252948	43	143	146	1151.478
-2.879793	0.571433	-1.188419	38	165	150	1150.974
2.879793	2.984978	1.954446	15	37	11	1150.719
1.832596	2.180315	-1.357379	39	136	150	1149.631
1.047198	2.073035	2.027405	45	150	146	1149.579
1.308997	1.617114	-1.572037	33	130	144	1148.697
0.000000	1.766067	2.153843	37	132	152	1148.594
2.879793	1.982574	-1.115518	38	35	12	1148.298
1.570796	2.637879	2.121598	42	31	14	1146.476
1.570796	2.579248	-2.364801	42	140	147	1146.387
1.308997	1.574060	2.783565	42	152	153	1145.635
2.356194	1.998705	2.370472	33	41	13	1144.690
0.523599	1.184361	0.625864	44	147	138	1144.198
1.047198	1.417623	-0.202254	40	151	147	1143.950
1.832596	0.674054	1.013609	35	42	21	1143.884
1.047198	1.872854	1.543456	47	27	20	1143.582
2.879793	1.696674	-1.253233	37	40	160	1143.545
2.094395	0.674054	1.013609	29	46	19	1142.453
0.785398	2.115563	0.685730	39	24	2	1142.444
1.047198	1.721184	-0.153948	40	19	15	1142.294
1.047198	1.846342	-1.796954	22	121	137	1142.089
-3.141593	1.741644	-2.695914	36	35	33	1141.720
1.308997	0.496451	0.593859	46	21	19	1141.574
2.617994	2.356369	3.005869	38	25	12	1141.439
2.094395	1.194549	-0.801900	45	28	15	1140.972
2.617994	2.637879	2.121598	26	42	19	1140.461
1.047198	1.135834	-1.431087	29	128	142	1140.289
0.785398	0.290380	-0.796960	30	137	152	1139.430
1.308997	1.721184	-0.153948	36	15	143	1138.068
2.356194	1.948085	-2.363031	43	31	13	1137.311
1.570796	1.247695	1.809890	35	41	13	1136.747
-1.308997	2.863997	0.549740	42	11	7	1136.687
2.094395	1.599406	1.426070	26	47	19	1135.427
2.094395	2.356369	3.005869	47	28	26	1135.068
-2.879793	1.391910	3.030322	28	36	49	1134.194
-2.879793	1.870545	-2.976234	30	38	35	1134.067
-3.141593	1.450119	-2.739050	27	45	8	1133.827
1.308997	1.301460	-0.509251	42	150	141	1133.793
1.308997	2.299159	2.264663	49	25	23	1133.714
0.523599	1.721184	-0.153948	38	9	15	1133.367
2.617994	1.135834	-1.431087	40	35	27	1132.746
2.879793	2.063651	-2.044600	47	26	18	1132.494
1.570796	1.045978	0.343692	44	163	137	1132.074
-0.785398	1.045978	0.343692	19	124	3	1131.915
0.785398	1.599406	1.426070	47	11	21	1130.981
0.523599	0.571433	-1.188419	24	125	9	1130.943
1.308997	0.700570	1.559208	37	1	155	1130.406
2.356194	0.866955	-0.931351	47	163	138	1130.348
2.356194	1.736875	3.023612	37	38	23	1129.833
0.785398	1.662363	0.915448	41	148	140	1129.814
2.356194	0.619654	-2.216909	36	13	32	1129.203
2.094395	2.637879	2.121598	36	38	16	1128.770
1.832596	1.574060	2.783565	39	164	152	1128.392
2.617994	1.869911	2.701025	31	42	16	1128.249
1.308997	0.960688	-0.577532	42	8	9	1128.153
2.356194	1.510910	-0.740472	42	156	127	1127.800
1.570796	2.881233	-2.582574	44	9	15	1127.032
1.308997	1.741644	-2.695914	38	136	152	1126.958
-3.141593	1.696674	-1.253233	32	43	18	1126.272
0.261799	1.554776	0.100351	32	142	126	1126.144
2.617994	1.756530	-2.105156	42	32	23	1125.645
-0.785398	0.961715	0.014085	13	124	0	1125.510
1.047198	1.824694	1.850876	44	154	149	1125.205
1.832596	2.719179	-1.780644	40	136	157	1124.977
1.570796	1.025536	1.576859	36	39	22	1124.412
1.047198	2.356369	3.005869	44	143	152	1124.082
0.261799	1.310100	1.488307	34	133	146	1123.609
0.261799	1.256302	0.062705	33	139	131	1123.143
2.356194	0.709924	0.218797	38	38	15	1122.004
-3.141593	1.904882	-1.478089	33	42	17	1120.654
2.356194	1.113094	-0.272241	41	35	7	1120.177
0.785398	1.824694	1.850876	44	147	148	1119.808
1.570796	2.153910	-1.714959	39	133	156	1119.681
2.356194	1.335669	0.897240	20	51	19	1119.460
0.523599	0.762244	-0.273349	37	5	17	1119.030
1.308997	2.579248	-2.364801	36	133	145	1118.851
0.785398	2.356369	3.005869	41	134	156	1118.801
1.570796	0.961715	0.014085	45	151	141	1118.243
2.617994	2.153910	-1.714959	47	28	19	1117.725
1.832596	0.762244	-0.273349	45	151	141	1117.702
-2.094395	1.870545	-2.976234	5	46	4	1116.109
-2.356194	2.033014	2.977192	12	43	37	1115.813
2.879793	1.194549	-0.801900	39	37	9	1114.416
1.047198	1.998705	2.370472	49	154	7	1113.893
2.617994	1.450119	-2.739050	37	35	20	1113.749
2.617994	1.904882	-1.478089	41	31	17	1112.674
0.785398	2.299159	2.264663	49	16	24	1112.385
1.570796	1.168678	2.108595	28	44	28	1111.651
2.617994	1.741644	-2.695914	37	39	24	1111.614
1.047198	2.247462	0.191623	25	20	134	1111.561
1.308997	1.510910	-0.740472	38	149	143	1111.169
0.261799	0.571433	-1.188419	14	127	143	1111.051
2.879793	2.356369	3.005869	31	1	137	1110.955
2.356194	0.831641	0.616218	29	47	11	1110.717
2.094395	1.696674	-1.253233	45	22	19	1110.676
-3.141593	1.194549	-0.801900	38	160	141	1110.419
1.308997	0.762244	-0.273349	45	149	140	1109.287
2.617994	2.478122	2.609777	32	32	10	1108.790
-2.356194	1.982574	-1.115518	32	42	7	1108.779
1.308997	2.033014	2.977192	45	14	18	1108.668
2.094395	0.685216	-1.712745	40	148	153	1108.376
-3.141593	1.606104	-0.451151	34	38	13	1108.229
2.879793	1.741644	-2.695914	40	30	33	1107.870
-0.261799	0.960688	-0.577532	12	127	131	1107.414
2.617994	2.033014	2.977192	24	50	12	1107.151
2.617994	1.998705	2.370472	27	44	15	1106.931
1.832596	2.456751	-1.503343	36	135	141	1106.909
1.047198	2.001437	0.381215	40	13	9	1106.761
2.617994	1.374601	-2.456031	40	159	162	1106.666
2.094395	0.458961	-0.107937	44	33	18	1106.236
1.308997	1.214854	-1.966664	31	132	152	1106.206
0.523599	1.134796	2.434290	38	147	154	1106.068
0.261799	1.184361	0.625864	41	140	138	1105.645
2.094395	0.831641	0.616218	35	43	11	1104.854
-0.785398	2.724429	-0.348782	24	151	123	1104.576
0.785398	2.588535	-2.976617	38	135	147	1104.421
2.356194	0.571433	-1.188419	43	160	150	1103.533
1.570796	0.496451	0.593859	44	26	19	1103.507
-3.141593	1.391910	3.030322	32	34	49	1102.336
0.785398	2.407836	1.410646	45	23	12	1102.272
0.785398	2.637879	2.121598	47	21	17	1101.825
-2.879793	2.180315	-1.357379	41	31	7	1101.747
2.617994	1.391910	3.030322	38	26	49	1100.951
-2.879793	1.982574	-1.115518	40	33	5	1100.128
1.308997	0.910508	1.903534	38	33	26	1099.949
1.047198	2.587733	0.232235	36	16	9	1099.383
1.832596	1.374601	-2.456031	39	142	154	1099.318
1.308997	2.704512	1.488683	39	30	11	1099.152
2.617994	1.113094	-0.272241	38	40	8	1099.021
1.308997	2.637879	2.121598	46	23	15	1098.921
1.570796	0.615174	-0.666022	44	149	147	1098.511
0.523599	2.299159	2.264663	47	6	24	1097.990
2.617994	0.960688	-0.577532	40	3	137	1097.878
0.261799	0.864993	2.278281	37	148	155	1097.582
2.879793	1.736875	3.023612	31	3	144	1097.523
2.356194	2.251330	-2.330739	49	24	22	1097.392
0.785398	2.404280	-0.174044	18	17	133	1097.220
2.356194	1.809167	1.213774	17	49	19	1097.022
-0.523599	1.554776	0.100351	21	131	122	1096.743
2.356194	1.488617	1.159546	17	51	21	1096.559
-1.832596	0.080730	-2.622036	42	165	157	1096.243
2.617994	1.448123	-2.163292	41	30	26	1095.815
1.308997	2.379497	0.561089	33	30	7	1095.813
1.047198	0.290380	-0.796960	36	4	17	1095.478
2.094395	2.588535	-2.976617	42	1	148	1094.907
2.356194	0.961715	0.014085	34	12	139	1094.740
2.617994	0.496451	0.593859	24	48	22	1094.696
2.094395	1.014500	0.906702	30	46	4	1094.333
2.356194	1.045978	0.343692	33	45	4	1094.275
2.094395	1.555207	1.708892	27	47	20	1094.178
-0.785398	1.872854	1.543456	37	151	137	1093.960
-1.047198	2.863997	0.549740	44	12	6	1093.844
-1.570796	0.080730	-2.622036	40	167	155	1093.713
2.617994	1.128190	-2.288622	36	32	24	1093.452
0.785398	0.571433	-1.188419	25	131	147	1093.280
-3.141593	1.510910	-0.740472	37	39	8	1092.824
1.570796	0.571433	-1.188419	39	144	149	1091.664
2.094395	0.080730	-2.622036	21	135	148	1091.591
1.832596	0.571433	-1.188419	43	144	148	1091.568
0.785398	1.488617	1.159546	41	146	142	1090.915
0.523599	2.001437	0.381215	35	156	126	1090.729
2.879793	1.214854	-1.966664	41	166	154	1090.628
2.356194	1.014500	0.906702	30	46	27	1089.103
2.356194	2.760637	2.781135	36	8	144	1089.076
-2.356194	1.569311	-3.003978	20	42	44	1088.811
1.047198	1.870545	-2.976234	40	142	149	1088.793
1.047198	1.948085	-2.363031	27	123	147	1088.721
1.570796	1.113094	-0.272241	45	18	157	1087.762
0.785398	1.721184	-0.153948	40	13	15	1087.609
0.000000	1.256302	0.062705	29	136	130	1087.561
0.523599	1.872854	1.543456	38	139	140	1087.391
-0.261799	0.961715	0.014085	23	128	134	1086.488
0.785398	1.875281	0.107086	36	154	117	1086.079
2.356194	1.741644	-2.695914	43	161	162	1085.905
1.047198	0.866955	-0.931351	36	135	140	1085.536
0.523599	0.674054	1.013609	46	153	149	1085.506
2.356194	1.569311	-3.003978	39	158	146	1085.352
-2.617994	2.881233	-2.582574	29	5	146	1085.007
-3.141593	0.960688	-0.577532	37	34	13	1084.731
1.570796	2.115563	0.685730	34	35	8	1084.585
1.047198	1.325504	-1.671296	27	126	146	1084.547
0.785398	0.615174	-0.666022	32	134	144	1084.292
2.617994	1.846342	-1.796954	42	30	18	1084.239
-2.356194	2.164094	-2.991358	10	48	165	1084.109
1.047198	1.194549	-0.801900	41	9	22	1083.875
2.094395	2.881233	-2.582574	43	159	142	1083.315
1.308997	2.251330	-2.330739	38	135	138	1082.832
0.785398	0.591903	2.010408	38	153	157	1082.466
-2.356194	2.041297	-2.664597	22	46	29	1081.606
-0.261799	2.299159	2.264663	34	134	147	1081.549
1.570796	2.001437	0.381215	35	34	17	1081.403
2.879793	0.290380	-0.796960	41	167	151	1081.213
-3.141593	2.719179	-1.780644	36	38	16	1080.962
2.094395	2.760637	2.781135	43	30	14	1080.819
1.832596	0.458961	-0.107937	47	26	18	1080.380
-3.141593	2.063651	-2.044600	44	33	18	1079.872
2.356194	0.080730	-2.622036	26	137	149	1079.716
1.047198	0.379747	-1.713059	20	133	155	1079.611
-0.785398	0.831641	0.616218	23	124	11	1079.258
-1.047198	0.496451	0.593859	18	135	146	1079.123
1.047198	0.762244	-0.273349	44	144	138	1078.984
1.308997	0.370812	-2.547742	17	132	22	1078.904
1.308997	0.615174	-0.666022	43	1	17	1078.740
2.879793	0.960688	-0.577532	41	28	13	1077.671
2.094395	2.033014	2.977192	44	160	163	1077.264
0.261799	1.812176	0.656819	41	143	126	1076.795
-2.879793	1.510910	-0.740472	29	45	15	1076.303
0.261799	0.700570	1.559208	36	136	150	1076.008
0.261799	1.721184	-0.153948	30	140	117	1075.269
-2.879793	2.187132	-0.479875	33	30	6	1074.951
2.356194	1.554776	0.100351	41	34	15	1074.847
-2.617994	2.588535	-2.976617	22	43	20	1074.717
0.261799	1.606104	-0.451151	22	126	141	1074.322
-3.141593	2.881233	-2.582574	40	33	13	1073.443
0.000000	1.025536	1.576859	37	133	148	1073.402
1.570796	1.128190	-2.288622	34	137	153	1073.370
0.261799	2.760637	2.781135	35	134	143	1073.229
1.047198	1.510910	-0.740472	36	137	146	1073.182
0.785398	1.417623	-0.202254	39	146	147	1073.137
1.832596	1.766067	2.153843	37	40	16	1072.830
1.570796	2.456751	-1.503343	32	131	141	1072.451
1.832596	0.379747	-1.713059	33	151	156	1072.383
1.047198	0.615174	-0.666022	39	1	18	1072.233
-0.261799	1.195355	1.200319	38	131	146	1071.661
1.570796	2.984978	1.954446	31	156	136	1071.556
2.356194	1.836682	-0.676006	41	152	144	1071.304
1.832596	1.450119	-2.739050	37	143	144	1071.099
2.356194	2.138223	1.678323	22	47	18	1071.026
1.047198	0.831641	0.616218	45	151	144	1070.964
0.523599	1.554776	0.100351	34	147	126	1070.932
-2.617994	1.870545	-2.976234	19	47	4	1070.727
0.523599	1.809167	1.213774	44	156	139	1070.610
2.356194	2.073035	2.027405	29	46	27	1070.506
-3.141593	2.041297	-2.664597	38	36	28	1070.426
2.879793	2.760637	2.781135	30	40	17	1070.240
2.356194	2.588535	-2.976617	41	39	20	1069.923
1.047198	1.766067	2.153843	43	147	143	1069.688
1.308997	1.696674	-1.253233	39	142	145	1069.642
-3.141593	1.374601	-2.456031	39	31	32	1069.563
2.617994	1.569311	-3.003978	42	28	43	1068.699
2.356194	1.555207	1.708892	17	51	33	1067.997
-2.094395	2.164094	-2.991358	11	44	32	1067.676
-0.523599	0.762244	-0.273349	16	125	3	1067.631
1.570796	0.458961	-0.107937	45	149	147	1067.476
1.308997	2.396274	-1.959260	32	129	145	1065.086
1.308997	0.961715	0.014085	42	144	139	1064.700
0.000000	1.909857	-0.381669	28	138	142	1064.294
1.570796	1.836682	-0.676006	41	14	11	1064.073
-2.356194	2.174483	2.653697	5	40	36	1063.943
-2.617994	1.569311	-3.003978	26	41	43	1063.219
2.617994	2.063651	-2.044600	47	32	26	1063.094
-2.094395	2.579248	-2.364801	23	35	19	1062.848
2.879793	2.033014	2.977192	17	52	12	1062.640
2.094395	1.195355	1.200319	32	45	26	1062.463
-1.570796	2.881233	-2.582574	11	38	13	1061.617
0.523599	1.555207	1.708892	40	138	144	1061.072
2.879793	0.571433	-1.188419	41	5	149	1060.827
0.261799	0.290380	-0.796960	20	132	151	1060.618
-0.523599	0.960688	-0.577532	5	129	131	1060.547
0.000000	0.910508	1.903534	36	137	154	1060.432
1.832596	2.356369	3.005869	43	167	154	1060.103
1.570796	1.135813	-2.658866	33	138	152	1059.979
-0.261799	1.025536	1.576859	41	134	151	1059.879
-1.047198	0.914445	2.687814	38	18	19	1059.518
2.617994	2.393226	1.857173	18	45	15	1059.441
-2.356194	1.870545	-2.976234	11	47	3	1059.062
1.308997	2.984978	1.954446	42	29	10	1058.384
0.785398	0.762244	-0.273349	37	137	140	1058.349
1.047198	1.606104	-0.451151	36	134	142	1058.256
1.832596	0.615174	-0.666022	45	156	145	1058.172
0.261799	1.247695	1.809890	36	135	150	1058.090
1.832596	2.174483	2.653697	47	28	31	1057.827
0.000000	0.866955	-0.931351	12	127	134	1057.631
0.785398	1.998705	2.370472	49	143	6	1057.406
1.047198	1.554776	0.100351	38	139	141	1055.871
1.308997	2.247462	0.191623	33	30	12	1055.553
-0.523599	2.001437	0.381215	31	37	20	1054.919
0.523599	2.356369	3.005869	40	130	3	1054.319
1.832596	1.982574	-1.115518	40	137	149	1053.852
-2.356194	0.419640	2.974122	29	23	42	1053.849
-2.879793	1.128190	-2.288622	39	39	38	1053.560
0.261799	0.910508	1.903534	39	143	154	1053.431
2.094395	1.875281	0.107086	40	25	9	1053.340
0.523599	2.108018	1.311430	39	141	133	1053.140
2.617994	2.579248	-2.364801	44	31	15	1053.121
1.570796	0.762244	-0.273349	44	144	141	1053.110
2.094395	1.569311	-3.003978	39	151	146	1052.060
-2.879793	1.450119	-2.739050	21	48	9	1051.758
0.000000	1.335669	0.897240	40	136	140	1051.625
0.785398	2.247462	0.191623	37	16	10	1051.073
0.785398	1.554776	0.100351	40	150	122	1050.475
0.261799	0.960688	-0.577532	27	130	150	1050.445
-2.617994	1.869911	2.701025	38	20	19	1050.430
2.617994	1.134497	-1.109631	44	166	138	1050.152
0.261799	2.863997	0.549740	30	154	126	1050.024
2.879793	2.979456	-1.009304	41	2	12	1049.955
-3.141593	1.135813	-2.658866	37	27	38	1049.945
0.785398	1.195355	1.200319	45	148	139	1049.857
-0.261799	1.554776	0.100351	23	124	158	1049.619
-2.879793	1.756530	-2.105156	38	41	24	1049.419
2.879793	2.251330	-2.330739	46	29	20	1049.414
-0.523599	0.618092	2.539118	40	154	149	1049.385
0.261799	0.709924	0.218797	38	135	142	1049.136
-2.617994	1.391910	3.030322	24	37	50	1048.888
0.261799	1.417623	-0.202254	35	2	22	1048.800
1.308997	0.899350	-2.069907	27	132	153	1048.742
1.832596	1.836682	-0.676006	40	20	12	1048.556
-3.141593	1.242974	-2.977882	31	32	22	1048.141
0.261799	1.766067	2.153843	42	19	23	1047.859
2.879793	1.413347	-1.339188	36	41	20	1047.780
2.356194	1.450119	-2.739050	40	26	18	1047.611
0.000000	0.297065	2.160177	41	164	155	1047.286
-2.617994	1.135813	-2.658866	32	39	47	1047.208
2.356194	2.407836	1.410646	21	44	15	1047.016
0.785398	1.766067	2.153843	49	145	10	1046.866
0.000000	1.506530	1.988858	41	136	154	1046.860
0.523599	2.138223	1.678323	51	11	23	1046.580
0.785398	2.393226	1.857173	38	141	132	1046.266
1.308997	0.080730	-2.622036	11	134	22	1045.947
-0.261799	2.587733	0.232235	23	41	11	1045.613
0.785398	1.606104	-0.451151	34	135	142	1045.327
0.785398	2.478122	2.609777	48	140	165	1045.285
1.832596	2.863997	0.549740	10	39	144	1044.874
2.356194	2.033014	2.977192	39	29	12	1044.756
2.356194	1.301460	-0.509251	42	161	127	1042.412
0.785398	2.089241	-0.114193	24	28	166	1042.039
1.047198	2.637879	2.121598	48	17	17	1041.938
2.879793	2.393226	1.857173	14	45	20	1041.555
-0.261799	1.417623	-0.202254	21	132	122	1041.498
1.308997	1.413347	-1.339188	34	129	140	1041.303
2.879793	1.869911	2.701025	27	42	18	1041.117
1.047198	1.433411	-1.035986	35	133	150	1040.822
-3.141593	0.080730	-2.622036	33	19	40	1040.576
-0.523599	1.875281	0.107086	24	136	116	1040.524
2.356194	1.662363	0.915448	19	48	15	1040.336
2.879793	2.719179	-1.780644	39	33	16	1040.234
-0.261799	1.247695	1.809890	41	140	155	1040.183
1.308997	0.203748	0.590255	45	22	21	1040.090
-3.141593	0.929350	-2.910676	37	25	51	1039.961
-2.879793	2.343981	-1.040456	33	38	11	1039.513
-2.356194	0.992645	-1.723759	40	21	27	1039.359
2.879793	1.391910	3.030322	35	31	49	1039.256
2.617994	2.108018	1.311430	11	48	163	1039.086
0.785398	2.164094	-2.991358	37	134	143	1038.225
-2.617994	2.041297	-2.664597	28	45	29	1037.409
0.785398	2.295480	1.008277	36	153	134	1037.308
2.094395	1.310100	1.488307	25	47	22	1037.150
2.879793	0.080730	-2.622036	32	16	40	1037.126
-1.047198	0.961715	0.014085	7	127	0	1037.017
-2.617994	1.846342	-1.796954	34	46	18	1036.513
0.523599	0.591903	2.010408	37	147	156	1036.238
0.261799	2.247462	0.191623	30	154	124	1035.974
2.617994	2.396274	-1.959260	46	25	14	1035.909
0.523599	1.256302	0.062705	37	144	131	1035.219
0.523599	2.592629	0.909713	33	151	130	1035.017
0.523599	1.606104	-0.451151	27	128	141	1034.886
-3.141593	1.128190	-2.288622	43	34	40	1034.694
2.356194	0.910508	1.903534	35	24	27	1034.418
-2.356194	2.356369	3.005869	7	46	164	1034.273
-1.570796	0.297065	2.160177	34	139	158	1033.906
1.832596	1.569311	-3.003978	37	145	145	1033.895
2.879793	0.866955	-0.931351	38	10	141	1033.350
0.785398	0.418037	1.360082	43	161	152	1032.901
2.879793	1.732874	-0.951685	41	30	0	1032.436
2.879793	1.242974	-2.977882	34	164	160	1032.394
2.356194	1.599406	1.426070	17	51	26	1032.266
0.523599	1.599406	1.426070	39	139	143	1032.110
0.785398	0.379747	-1.713059	16	130	150	1031.395
-2.094395	1.135834	-1.431087	34	148	140	1031.317
-0.261799	1.113094	-0.272241	23	125	162	1030.621
1.832596	1.025536	1.576859	26	47	26	1030.278
-2.094395	1.569311	-3.003978	15	41	45	1030.107
1.832596	2.984978	1.954446	32	4	138	1029.639
2.356194	2.164094	-2.991358	42	1	157	1029.195
1.308997	2.164094	-2.991358	44	146	143	1029.110
0.785398	0.831641	0.616218	43	142	143	1028.992
1.308997	1.113094	-0.272241	44	148	132	1028.904
-1.308997	2.664082	-1.071402	22	154	134	1027.655
0.261799	1.134796	2.434290	37	145	156	1027.461
0.785398	1.045978	0.343692	44	149	137	1027.110
-3.141593	0.640596	-2.797608	33	22	39	1027.034
2.879793	1.450119	-2.739050	33	40	20	1026.930
-2.356194	1.574060	2.783565	14	36	49	1026.792
-0.523599	1.256302	0.062705	22	126	163	1026.627
0.523599	1.510910	-0.740472	28	130	145	1026.527
-2.356194	1.374601	-2.456031	32	136	135	1026.341
-0.785398	1.977582	0.969896	36	29	13	1025.676
2.879793	1.545873	-1.877082	35	42	164	1025.624
1.047198	1.904882	-1.478089	19	122	130	1025.297
2.356194	2.174483	2.653697	39	38	31	1025.185
1.308997	2.153910	-1.714959	27	124	142	1025.095
0.000000	1.812176	0.656819	38	137	126	1025.000
1.047198	2.456751	-1.503343	31	155	136	1024.905
2.617994	2.881233	-2.582574	48	27	14	1024.766
2.617994	1.699788	2.452890	18	48	37	1024.304
0.261799	2.984978	1.954446	43	151	140	1023.393
2.879793	2.153910	-1.714959	44	34	20	1022.890
0.261799	2.393226	1.857173	44	141	147	1022.824
0.785398	2.041297	-2.664597	25	123	149	1022.690
0.523599	0.496451	0.593859	45	144	147	1022.461
-3.141593	1.545873	-1.877082	46	30	25	1021.928
0.785398	2.073035	2.027405	45	153	151	1021.816
-0.523599	2.404280	-0.174044	24	148	124	1021.633
-2.617994	0.850607	-1.335383	40	20	21	1021.526
0.785398	1.014500	0.906702	45	145	139	1021.521
0.000000	2.001437	0.381215	33	144	127	1021.193
2.617994	1.909857	-0.381669	40	21	11	1020.896
-0.785398	2.379497	0.561089	34	30	8	1020.850
-0.785398	0.496451	0.593859	22	137	146	1020.783
0.261799	1.113094	-0.272241	29	136	131	1020.593
2.617994	1.732874	-0.951685	42	164	142	1020.337
1.308997	0.418037	1.360082	37	38	21	1020.336
0.261799	1.045978	0.343692	38	137	136	1020.220
-0.261799	2.984978	1.954446	42	3	12	1020.000
-2.879793	1.134497	-1.109631	23	130	147	1019.927
-2.879793	1.732874	-0.951685	37	38	6	1019.811
0.261799	0.496451	0.593859	42	137	147	1019.556
0.523599	2.247462	0.191623	36	12	9	1019.453
1.047198	0.961715	0.014085	45	143	134	1019.091
-0.261799	0.700570	1.559208	42	139	154	1018.841
-2.879793	1.135813	-2.658866	34	33	37	1018.829
1.308997	1.904882	-1.478089	31	128	142	1018.568
2.617994	2.979456	-1.009304	35	135	140	1018.554
-0.785398	2.108018	1.311430	37	153	137	1018.365
2.356194	1.374601	-2.456031	41	153	161	1018.045
2.356194	2.349581	-2.702517	48	22	22	1017.954
-2.617994	1.732874	-0.951685	32	42	6	1017.863
1.308997	1.732874	-0.951685	38	147	143	1017.544
-2.617994	2.174483	2.653697	11	43	35	1017.539
2.617994	1.510910	-0.740472	42	163	143	1017.081
2.094395	0.571433	-1.188419	44	153	150	1016.938
-1.047198	0.418037	1.360082	30	131	154	1016.869
0.785398	0.674054	1.013609	44	149	150	1016.776
2.879793	1.569311	-3.003978	33	1	144	1016.187
-1.047198	1.606104	-0.451151	43	29	31	1016.173
1.047198	1.134497	-1.109631	34	133	134	1016.163
0.000000	0.960688	-0.577532	18	126	131	1015.984
-3.141593	1.870545	-2.976234	34	36	35	1015.839
2.617994	2.349581	-2.702517	46	30	23	1015.691
2.356194	1.367556	0.358405	37	38	15	1015.476
1.832596	2.295480	1.008277	27	42	8	1015.348
-2.879793	1.736875	3.023612	26	41	43	1015.271
1.308997	1.391910	3.030322	40	154	154	1015.040
0.000000	2.138223	1.678323	29	129	127	1014.943
1.308997	2.587733	0.232235	36	20	9	1014.786
0.000000	2.073035	2.027405	37	131	150	1014.695
0.261799	0.674054	1.013609	38	134	147	1014.341
-2.879793	1.696674	-1.253233	27	47	18	1014.329
-0.785398	2.295480	1.008277	38	18	7	1014.295
0.523599	1.045978	0.343692	43	143	136	1014.265
-2.879793	2.637879	2.121598	8	42	22	1014.203
2.094395	1.766067	2.153843	37	36	16	1013.788
2.879793	1.448123	-2.163292	36	40	11	1013.546
-2.879793	1.909857	-0.381669	31	34	7	1013.107
2.094395	1.909857	-0.381669	43	21	12	1012.891
0.261799	1.025536	1.576859	41	139	148	1012.464
2.617994	1.599406	1.426070	17	49	25	1011.771
2.879793	1.113094	-0.272241	32	46	12	1011.455
1.308997	1.440580	2.260026	43	158	145	1011.448
1.047198	1.545873	-1.877082	28	126	144	1011.123
-1.047198	0.203748	0.590255	20	135	148	1010.877
1.832596	0.203748	0.590255	38	5	149	1010.582
0.261799	1.301460	-0.509251	26	132	123	1010.508
1.047198	1.113094	-0.272241	41	11	6	1010.489
1.832596	1.555207	1.708892	33	41	19	1010.020
-2.617994	1.242974	-2.977882	28	37	49	1009.976
-0.261799	1.488617	1.159546	33	25	8	1009.873
0.785398	1.506530	1.988858	46	14	19	1009.685
2.356194	0.496451	0.593859	31	45	22	1009.496
-0.261799	2.063651	-2.044600	45	23	24	1008.952
2.356194	0.379747	-1.713059	35	21	36	1008.854
0.261799	1.977582	0.969896	43	8	8	1008.838
0.523599	1.998705	2.370472	43	138	150	1008.792
1.308997	2.001437	0.381215	37	161	144	1008.656
-3.141593	1.982574	-1.115518	38	37	14	1008.304
0.523599	1.113094	-0.272241	37	7	23	1008.254
0.785398	0.496451	0.593859	47	152	148	1007.940
1.047198	1.448123	-2.163292	27	128	150	1007.510
-0.523599	1.721184	-0.153948	18	136	115	1007.362
-2.094395	2.724429	-0.348782	42	18	5	1006.765
-0.523599	2.138223	1.678323	37	155	142	1006.545
-0.523599	1.335669	0.897240	33	125	7	1006.476
1.047198	0.709924	0.218797	44	141	142	1005.557
0.785398	1.504028	0.636812	42	141	144	1004.664
2.879793	0.640596	-2.797608	33	16	27	1003.879
-2.617994	1.433411	-1.035986	10	51	159	1003.871
2.617994	2.295480	1.008277	7	45	156	1003.617
2.617994	0.379747	-1.713059	43	153	157	1003.315
-2.356194	0.733948	3.021411	26	27	43	1003.079
0.261799	1.683268	0.374177	36	145	130	1003.036
0.523599	2.393226	1.857173	39	31	16	1002.880
0.523599	1.869911	2.701025	39	138	147	1002.524
1.570796	1.374601	-2.456031	36	137	154	1002.263
-0.261799	0.762244	-0.273349	18	126	136	1000.725
0.523599	2.089241	-0.114193	34	143	141	1000.584
-2.879793	2.984978	1.954446	1	39	148	1000.479
2.879793	1.134497	-1.109631	42	6	134	1000.436
0.000000	1.194549	-0.801900	14	128	125	1000.426
-2.094395	0.418037	1.360082	41	162	135	999.548
2.617994	0.866395	-2.492918	34	162	160	999.138
2.617994	1.870545	-2.976234	45	30	37	999.038
0.000000	1.113094	-0.272241	29	127	162	998.599
-2.879793	1.846342	-1.796954	39	6	145	998.416
0.523599	0.850607	-1.335383	19	126	139	998.111
2.879793	2.174483	2.653697	28	40	15	998.110
2.356194	1.875281	0.107086	38	30	9	997.385
-3.141593	1.569311	-3.003978	33	9	8	997.121
0.000000	0.615174	-0.666022	21	124	7	997.086
-1.570796	0.496451	0.593859	7	130	16	996.856
-1.047198	1.812176	0.656819	29	147	133	996.736
2.879793	1.756530	-2.105156	38	38	24	996.471
-2.356194	0.685216	-1.712745	40	21	23	996.317
2.617994	2.455966	-0.641220	38	19	7	995.856
2.879793	0.992645	-1.723759	42	166	151	995.579
0.523599	1.506530	1.988858	45	148	162	994.741
0.523599	2.863997	0.549740	29	157	126	994.706
-0.523599	1.310100	1.488307	34	125	144	994.701
2.617994	2.760637	2.781135	32	7	143	993.877
0.000000	1.824694	1.850876	28	126	141	993.805
1.308997	0.619654	-2.216909	21	133	158	993.789
1.832596	2.592629	0.909713	23	38	8	993.707
2.094395	0.615174	-0.666022	45	152	145	993.611
-2.879793	0.080730	-2.622036	34	22	40	993.396
0.261799	0.866955	-0.931351	18	126	135	993.131
-2.879793	2.979456	-1.009304	45	15	11	992.854
0.261799	1.998705	2.370472	39	132	151	992.750
1.308997	1.413430	2.550734	42	156	149	992.636
0.785398	1.256302	0.062705	42	146	128	992.258
0.000000	1.184361	0.625864	38	134	138	992.204
1.570796	0.370812	-2.547742	22	132	22	992.023
0.523599	1.413430	2.550734	39	145	153	991.237
2.879793	2.637879	2.121598	16	47	157	991.180
0.523599	2.187132	-0.479875	36	12	11	990.943
1.047198	1.301460	-0.509251	37	140	127	990.608
-2.879793	2.579248	-2.364801	38	43	19	990.533
-2.879793	0.929350	-2.910676	36	29	50	990.523
2.879793	1.658653	-2.409879	42	28	29	990.456
-2.094395	2.719179	-1.780644	30	1	141	990.418
0.000000	1.195355	1.200319	42	138	147	989.695
2.879793	2.588535	-2.976617	38	33	18	989.665
0.261799	1.413430	2.550734	37	141	153	989.614
-0.523599	0.961715	0.014085	21	124	0	989.454
-0.261799	1.721184	-0.153948	22	136	116	989.368
2.094395	1.683268	0.374177	34	39	8	988.932
-0.261799	1.812176	0.656819	34	133	126	988.882
-0.523599	1.977582	0.969896	35	20	7	988.696
0.523599	1.824694	1.850876	42	140	151	988.589
0.785398	1.325504	-1.671296	18	122	143	988.549
2.356194	1.721184	-0.153948	42	30	14	988.362
0.785398	1.683268	0.374177	44	15	23	988.288
0.000000	0.290380	-0.796960	15	131	150	988.142
0.261799	1.488617	1.159546	45	149	141	987.425
-0.523599	1.045978	0.343692	26	124	3	987.376
0.000000	0.496451	0.593859	38	132	146	986.559
0.523599	0.866955	-0.931351	26	129	152	986.534
-2.879793	1.741644	-2.695914	34	41	35	986.117
0.523599	2.115563	0.685730	41	18	2	985.799
2.879793	0.850607	-1.335383	43	2	147	985.697
0.000000	0.961715	0.014085	29	130	135	985.660
2.356194	0.615174	-0.666022	45	159	144	985.436
-2.879793	2.588535	-2.976617	29	42	20	985.387
0.785398	1.846342	-1.796954	21	122	136	985.068
0.000000	1.504028	0.636812	38	136	132	985.064
0.000000	0.864993	2.278281	36	142	154	984.844
2.879793	1.846342	-1.796954	40	36	20	984.823
2.094395	0.906588	1.252948	25	47	21	984.646
2.879793	1.904882	-1.478089	39	37	17	984.064
2.879793	0.929350	-2.910676	31	35	25	983.919
-1.047198	0.618092	2.539118	38	144	149	983.837
0.000000	1.417623	-0.202254	26	134	123	983.769
-2.879793	1.448123	-2.163292	38	41	30	983.751
0.261799	1.367556	0.358405	38	143	133	983.437
0.523599	1.909857	-0.381669	27	147	113	982.995
2.094395	1.836682	-0.676006	39	148	120	982.875
-1.047198	1.113094	-0.272241	9	139	129	982.785
-2.879793	0.640596	-2.797608	32	26	39	982.708
2.094395	1.699788	2.452890	37	37	19	982.653
0.000000	1.683268	0.374177	33	140	131	982.387
2.617994	1.948085	-2.363031	50	29	29	982.353
-0.523599	2.407836	1.410646	40	10	10	982.033
-0.261799	2.407836	1.410646	39	157	141	982.024
2.094395	2.115563	0.685730	28	41	16	981.962
-0.785398	1.766067	2.153843	34	159	149	981.135
2.879793	1.824694	1.850876	9	49	30	980.308
0.785398	1.134796	2.434290	39	152	154	980.151
1.570796	2.760637	2.781135	46	29	17	980.150
0.523599	0.685216	-1.712745	13	128	145	980.092
-0.785398	2.592629	0.909713	41	10	6	980.050
-0.261799	0.615174	-0.666022	10	127	139	979.884
-0.261799	1.555207	1.708892	39	129	146	979.877
0.261799	1.909857	-0.381669	25	144	113	979.742
-2.356194	1.696674	-1.253233	29	48	14	979.364
-2.094395	0.619654	-2.216909	38	157	157	979.033
1.047198	2.881233	-2.582574	36	133	147	978.781
-0.785398	0.864993	2.278281	38	143	149	978.585
0.261799	2.299159	2.264663	41	148	147	978.455
2.617994	2.164094	-2.991358	39	159	151	978.296
0.000000	1.045978	0.343692	35	133	136	977.985
-1.570796	1.756530	-2.105156	22	36	28	977.668
-2.617994	1.510910	-0.740472	23	47	15	977.572
-0.785398	2.115563	0.685730	36	16	7	977.525
1.832596	1.218453	2.777284	34	149	28	977.151
-2.617994	1.050534	3.042579	27	30	54	977.113
2.879793	2.881233	-2.582574	45	34	14	976.858
-2.879793	2.153910	-1.714959	42	36	14	976.743
-1.308997	2.587733	0.232235	39	17	2	976.628
-0.261799	1.301460	-0.509251	14	130	123	976.399
1.570796	1.450119	-2.739050	34	138	144	976.117
-2.617994	2.033014	2.977192	18	45	38	975.822
2.617994	2.407836	1.410646	15	43	14	975.281
2.617994	1.658653	-2.409879	40	36	21	975.223
2.617994	0.458961	-0.107937	35	7	146	975.139
0.785398	1.736875	3.023612	39	137	151	975.062
0.523599	1.488617	1.159546	40	140	141	974.980
-2.879793	2.104282	-0.813972	39	28	1	974.880
-0.261799	1.875281	0.107086	29	138	117	974.794
-2.356194	0.619654	-2.216909	37	148	155	974.774
-3.141593	2.356369	3.005869	26	4	137	974.562
0.785398	1.545873	-1.877082	21	124	144	974.415
-0.261799	2.001437	0.381215	32	138	119	974.368
1.570796	2.379497	0.561089	31	33	9	973.542
2.617994	2.299159	2.264663	27	43	13	972.947
1.832596	0.640596	-2.797608	28	135	24	972.926
1.047198	1.128190	-2.288622	25	129	147	972.350
2.879793	0.961715	0.014085	25	50	16	972.119
0.000000	2.863997	0.549740	39	26	4	971.996
2.094395	0.866395	-2.492918	34	147	157	971.665
-3.141593	1.448123	-2.163292	38	6	155	971.651
-2.617994	1.736875	3.023612	21	42	44	971.484
-2.879793	1.545873	-1.877082	39	2	150	971.253
1.832596	1.135813	-2.658866	37	144	152	970.892
2.617994	1.417623	-0.202254	39	35	14	970.790
-3.141593	2.984978	1.954446	6	41	148	970.590
-2.879793	1.374601	-2.456031	35	37	31	970.549
2.094395	1.977582	0.969896	22	47	12	970.484
2.879793	1.374601	-2.456031	42	25	33	969.972
-1.047198	1.504028	0.636812	25	144	134	969.742
-2.617994	2.356369	3.005869	13	47	164	969.078
-0.261799	0.297065	2.160177	41	31	28	968.807
0.261799	0.961715	0.014085	33	133	136	968.504
-2.879793	1.658653	-2.409879	36	40	31	968.046
-2.879793	2.478122	2.609777	12	47	162	967.953
-2.879793	2.063651	-2.044600	38	4	148	967.677
1.832596	2.379497	0.561089	28	37	11	967.654
-0.785398	1.606104	-0.451151	8	138	116	967.641
0.785398	0.709924	0.218797	46	143	139	967.557
0.523599	1.367556	0.358405	39	149	133	967.218
-3.141593	1.756530	-2.105156	43	35	24	966.429
-1.047198	2.664082	-1.071402	21	165	112	966.336
-2.356194	1.218453	2.777284	19	30	55	965.803
2.879793	2.164094	-2.991358	22	52	8	965.609
0.261799	2.592629	0.909713	41	151	122	965.276
-2.617994	1.741644	-2.695914	28	44	35	965.244
0.785398	1.909857	-0.381669	29	149	113	965.236
-0.523599	1.909857	-0.381669	17	142	112	965.007
-1.832596	2.724429	-0.348782	41	24	5	964.764
-3.141593	2.478122	2.609777	18	48	161	964.609
-2.879793	1.836682	-0.676006	33	39	13	964.074
0.261799	0.850607	-1.335383	12	126	139	964.039
2.879793	2.299159	2.264663	21	45	14	963.805
-1.047198	2.379497	0.561089	36	26	8	963.763
0.261799	1.335669	0.897240	43	143	140	963.422
2.356194	2.115563	0.685730	13	45	154	963.379
1.570796	2.863997	0.549740	17	35	6	963.117
2.617994	0.615174	-0.666022	40	8	144	962.957
-3.141593	2.153910	-1.714959	45	29	12	962.215
-0.523599	0.203748	0.590255	33	132	20	962.188
0.000000	1.555207	1.708892	29	127	144	961.975
-2.879793	1.606104	-0.451151	30	41	12	961.375
0.785398	0.866955	-0.931351	30	131	139	961.205
-2.617994	1.696674	-1.253233	24	49	28	961.069
0.523599	1.662363	0.915448	42	159	137	960.876
2.356194	2.108018	1.311430	19	48	159	960.469
1.570796	1.909857	-0.381669	41	10	10	960.401
2.879793	1.870545	-2.976234	41	36	37	960.220
-0.261799	1.683268	0.374177	31	133	123	959.919
-2.094395	2.760637	2.781135	3	37	19	959.892
0.523599	1.301460	-0.509251	36	1	21	959.466
-0.523599	2.587733	0.232235	28	39	8	959.110
-2.879793	0.866395	-2.492918	39	156	160	959.040
-1.832596	1.909857	-0.381669	35	157	142	958.759
-2.094395	1.948085	-2.363031	13	48	159	958.641
1.570796	1.982574	-1.115518	35	134	124	958.587
0.261799	0.831641	0.616218	42	146	139	958.531
2.617994	1.433411	-1.035986	41	34	11	958.495
2.617994	1.242974	-2.977882	40	23	49	958.441
1.047198	2.396274	-1.959260	24	124	142	958.379
-2.617994	1.301460	-0.509251	12	52	160	958.087
0.261799	0.615174	-0.666022	22	129	143	958.029
0.785398	2.001437	0.381215	35	161	127	957.866
2.617994	1.824694	1.850876	16	51	30	957.719
2.879793	0.866395	-2.492918	35	163	149	957.476
2.617994	1.045978	0.343692	27	47	156	957.303
2.617994	0.709924	0.218797	29	47	13	957.225
-2.356194	1.736875	3.023612	15	41	44	957.093
-1.308997	1.606104	-0.451151	45	23	30	957.043
2.356194	1.766067	2.153843	26	48	17	955.870
0.523599	1.195355	1.200319	39	138	145	955.285
1.570796	2.180315	-1.357379	33	127	152	955.138
-2.356194	1.417623	-0.202254	165	44	148	955.002
-1.308997	2.719179	-1.780644	13	39	143	954.832
-2.879793	2.174483	2.653697	18	45	35	954.503
1.047198	0.992645	-1.723759	24	128	153	954.358
-2.617994	2.104282	-0.813972	20	43	141	954.357
1.047198	1.683268	0.374177	38	163	127	954.331
-1.047198	2.455966	-0.641220	20	150	121	954.184
0.785398	1.617114	-1.572037	18	121	135	954.109
2.617994	0.370812	-2.547742	33	9	25	953.932
-0.785398	2.587733	0.232235	32	37	8	953.769
1.832596	0.080730	-2.622036	18	134	147	953.562
0.261799	1.506530	1.988858	43	142	155	953.124
0.261799	1.809167	1.213774	44	148	138	952.601
0.785398	1.301460	-0.509251	31	128	128	952.484
0.000000	1.875281	0.107086	27	130	139	952.478
-0.523599	2.187132	-0.479875	19	149	110	952.210
2.094395	0.640596	-2.797608	36	157	155	952.164
-1.308997	2.455966	-0.641220	20	149	121	952.153
2.617994	0.929350	-2.910676	38	17	51	952.112
1.570796	0.866395	-2.492918	31	138	154	951.694
0.523599	2.343981	-1.040456	36	27	21	951.592
-2.879793	2.719179	-1.780644	45	29	10	951.542
0.785398	2.174483	2.653697	48	139	5	951.463
0.523599	1.812176	0.656819	43	150	127	951.446
1.047198	2.379497	0.561089	27	26	135	951.280
1.570796	1.875281	0.107086	36	32	16	950.615
0.000000	2.187132	-0.479875	21	150	110	950.491
-1.832596	2.164094	-2.991358	165	42	165	950.282
-2.356194	2.153910	-1.714959	32	153	150	950.072
0.523599	2.637879	2.121598	49	9	16	950.067
0.000000	1.809167	1.213774	43	142	138	950.006
-0.523599	0.866955	-0.931351	0	133	134	949.982
-2.094395	1.836682	-0.676006	34	35	12	949.971
-0.785398	0.618092	2.539118	39	149	149	949.780
-2.879793	1.256302	0.062705	27	20	33	949.752
-2.094395	2.343981	-1.040456	32	42	7	949.690
2.879793	1.617114	-1.572037	38	38	16	949.382
-2.356194	2.760637	2.781135	8	41	19	949.016
2.879793	2.138223	1.678323	1	46	149	948.602
-2.094395	1.741644	-2.695914	9	47	1	948.242
-0.523599	1.301460	-0.509251	9	132	122	948.222
2.356194	1.310100	1.488307	17	51	33	947.858
1.047198	0.850607	-1.335383	32	132	142	947.795
-3.141593	1.617114	-1.572037	45	29	16	947.550
-2.356194	0.418037	1.360082	43	155	134	947.350
-2.879793	1.569311	-3.003978	20	48	9	947.018
2.879793	2.396274	-1.959260	44	35	18	947.013
-1.570796	1.391910	3.030322	40	154	133	946.923
-1.570796	2.579248	-2.364801	14	36	20	946.891
0.785398	0.960688	-0.577532	36	138	147	946.673
2.356194	1.025536	1.576859	17	51	3	946.604
1.570796	1.218453	2.777284	33	145	28	946.472
-0.261799	2.404280	-0.174044	25	151	124	946.206
0.261799	1.872854	1.543456	40	134	147	946.021
-2.617994	0.733948	3.021411	31	23	55	945.939
0.000000	1.699788	2.452890	34	132	148	945.764
-0.261799	0.203748	0.590255	32	14	40	945.506
-3.141593	1.658653	-2.409879	40	34	30	945.399
-0.261799	1.606104	-0.451151	17	135	117	945.395
-0.261799	1.256302	0.062705	28	127	163	945.096
-1.047198	2.138223	1.678323	35	156	148	945.002
1.832596	1.413430	2.550734	38	164	153	944.931
-2.617994	1.450119	-2.739050	14	49	9	944.762
0.000000	0.571433	-1.188419	8	129	143	944.347
-0.261799	2.979456	-1.009304	14	38	142	944.254
0.000000	1.134796	2.434290	35	141	155	944.111
-2.617994	2.979456	-1.009304	42	157	139	943.964
2.617994	2.187132	-0.479875	38	23	7	943.883
-3.141593	1.736875	3.023612	32	39	43	943.536
1.570796	2.664082	-1.071402	30	157	133	943.500
-1.047198	1.335669	0.897240	26	141	137	942.896
-0.785398	1.025536	1.576859	29	124	150	942.844
-0.523599	1.367556	0.358405	28	125	164	942.750
-2.356194	0.370812	-2.547742	35	138	151	942.611
-0.261799	2.637879	2.121598	37	136	143	942.372
0.000000	1.301460	-0.509251	20	130	123	942.075
-0.523599	2.455966	-0.641220	22	155	134	941.792
-2.094395	0.640596	-2.797608	36	145	156	941.766
-2.617994	1.413347	-1.339188	35	49	21	941.764
-1.832596	2.881233	-2.582574	15	39	13	941.570
-2.879793	1.433411	-1.035986	37	44	13	941.485
-2.617994	2.396274	-1.959260	36	43	16	941.329
0.523599	2.164094	-2.991358	31	129	143	941.118
-0.261799	0.618092	2.539118	39	159	149	941.090
2.617994	1.555207	1.708892	17	50	30	940.832
-0.261799	2.455966	-0.641220	20	164	132	940.674
-1.832596	2.588535	-2.976617	166	42	155	940.615
0.523599	2.984978	1.954446	46	22	11	940.511
-2.356194	1.741644	-2.695914	16	48	1	940.273
2.356194	0.674054	1.013609	21	48	22	940.167
0.000000	1.721184	-0.153948	27	138	116	939.929
0.261799	2.089241	-0.114193	31	139	141	939.768
-0.785398	2.396274	-1.959260	47	22	23	939.738
-2.617994	1.218453	2.777284	22	31	54	939.650
-1.832596	2.104282	-0.813972	36	154	145	939.623
-0.261799	0.864993	2.278281	41	154	152	939.445
-0.261799	0.906588	1.252948	39	134	149	939.403
2.356194	2.104282	-0.813972	40	20	10	939.349
2.094395	1.506530	1.988858	27	46	24	938.585
-2.617994	2.760637	2.781135	14	41	18	938.379
-2.879793	2.041297	-2.664597	34	42	29	938.287
0.261799	1.736875	3.023612	37	8	22	938.214
-2.879793	1.242974	-2.977882	33	35	49	938.042
0.785398	1.413430	2.550734	40	155	149	938.035
0.261799	1.599406	1.426070	45	150	146	937.993
-3.141593	2.637879	2.121598	14	44	22	937.695
-1.308997	0.203748	0.590255	16	134	146	937.289
-0.523599	0.615174	-0.666022	4	130	139	937.286
1.047198	1.391910	3.030322	40	147	154	936.796
0.785398	0.961715	0.014085	40	152	143	936.714
0.000000	2.115563	0.685730	38	141	124	936.519
2.356194	1.391910	3.030322	40	23	49	936.169
-3.141593	2.033014	2.977192	27	167	139	936.089
-0.785398	2.187132	-0.479875	18	149	110	936.010
-2.356194	1.242974	-2.977882	24	38	47	935.975
-2.617994	0.571433	-1.188419	35	2	149	935.963
2.094395	1.440580	2.260026	38	31	22	935.853
-2.617994	2.455966	-0.641220	40	154	142	935.765
0.261799	1.662363	0.915448	44	149	132	935.507
-0.785398	2.404280	-0.174044	35	25	30	935.239
0.785398	1.948085	-2.363031	19	121	147	935.078
0.523599	1.391910	3.030322	24	161	125	934.943
-2.617994	2.456751	-1.503343	40	34	8	934.943
2.356194	1.504028	0.636812	22	48	11	934.906
-2.617994	1.128190	-2.288622	34	43	39	934.805
-1.308997	1.417623	-0.202254	45	24	26	934.704
2.879793	0.297065	2.160177	12	139	26	934.628
0.523599	1.014500	0.906702	45	150	145	934.576
-2.879793	1.050534	3.042579	30	24	44	934.476
-0.261799	2.247462	0.191623	34	23	1	934.425
1.308997	0.290380	-0.796960	39	140	152	934.320
2.879793	0.709924	0.218797	23	49	13	934.217
0.785398	0.850607	-1.335383	25	126	139	934.147
2.879793	2.478122	2.609777	22	50	22	933.596
-2.356194	2.187132	-0.479875	40	23	12	933.126
1.047198	1.696674	-1.253233	26	125	139	932.922
0.523599	0.379747	-1.713059	14	128	17	932.609
-0.785398	0.733948	3.021411	32	35	14	932.348
-2.356194	0.899350	-2.069907	37	22	27	932.347
-1.832596	0.571433	-1.188419	33	23	12	932.265
-2.617994	0.866395	-2.492918	37	161	160	932.171
-1.832596	0.640596	-2.797608	37	149	156	931.797
-2.617994	2.343981	-1.040456	43	25	6	931.749
-1.047198	2.979456	-1.009304	25	158	124	931.302
2.617994	0.992645	-1.723759	44	150	150	931.046
-1.832596	2.719179	-1.780644	26	4	142	930.994
-2.879793	0.733948	3.021411	33	21	54	930.894
2.879793	0.619654	-2.216909	35	26	36	930.700
1.570796	0.618092	2.539118	34	20	29	930.691
1.047198	0.591903	2.010408	20	158	127	929.900
-2.617994	2.153910	-1.714959	35	8	142	929.743
1.832596	1.506530	1.988858	36	43	35	929.737
-3.141593	1.433411	-1.035986	32	45	15	929.712
-2.094395	0.419640	2.974122	31	152	132	929.529
-2.094395	0.618092	2.539118	28	17	56	929.221
1.047198	0.458961	-0.107937	46	143	144	928.908
2.356194	1.699788	2.452890	33	39	19	928.656
2.356194	1.683268	0.374177	37	35	11	928.615
-0.523599	1.599406	1.426070	33	124	137	928.411
-0.523599	1.872854	1.543456	37	156	137	928.408
0.000000	0.709924	0.218797	33	131	142	928.210
-2.356194	1.135834	-1.431087	32	143	142	927.810
2.094395	2.001437	0.381215	18	44	151	927.803
-0.523599	1.417623	-0.202254	15	131	121	927.557
-2.094395	1.574060	2.783565	40	143	136	927.160
-0.523599	1.195355	1.200319	31	156	139	927.117
-2.879793	2.396274	-1.959260	43	28	17	926.973
-3.141593	2.251330	-2.330739	43	35	21	926.916
-2.879793	2.299159	2.264663	10	44	31	926.166
-0.523599	0.700570	1.559208	38	132	154	926.019
1.047198	2.984978	1.954446	41	152	138	925.969
-2.617994	2.719179	-1.780644	42	35	10	925.736
-3.141593	0.571433	-1.188419	41	159	149	925.390
1.047198	0.960688	-0.577532	37	129	136	925.387
-3.141593	1.574060	2.783565	17	47	26	925.369
2.617994	1.872854	1.543456	16	48	21	925.211
-2.879793	1.617114	-1.572037	30	48	25	925.012
1.832596	1.875281	0.107086	41	20	9	924.992
-0.785398	1.721184	-0.153948	14	136	115	924.987
0.523599	1.335669	0.897240	43	158	141	924.693
0.261799	1.875281	0.107086	34	145	117	924.491
0.000000	1.367556	0.358405	34	135	131	924.443
-3.141593	2.396274	-1.959260	44	163	142	924.320
-1.308997	0.418037	1.360082	24	128	154	924.171
-0.523599	1.014500	0.906702	33	127	13	923.931
2.879793	0.831641	0.616218	14	52	1	923.858
2.356194	1.440580	2.260026	33	37	22	923.853
1.047198	1.909857	-0.381669	25	7	133	923.573
0.261799	1.195355	1.200319	45	146	146	923.451
2.879793	1.909857	-0.381669	36	30	8	923.264
1.570796	2.587733	0.232235	16	37	141	923.040
-0.261799	1.998705	2.370472	34	133	149	922.948
0.261799	2.041297	-2.664597	23	122	11	922.819
-2.879793	2.033014	2.977192	24	45	38	922.465
-0.523599	0.864993	2.278281	40	148	151	922.426
0.785398	1.433411	-1.035986	31	130	147	922.385
-0.261799	1.367556	0.358405	29	131	130	922.375
2.094395	0.379747	-1.713059	36	17	35	922.365
0.523599	0.961715	0.014085	39	5	3	922.151
-2.617994	2.579248	-2.364801	28	43	150	921.468
2.617994	0.290380	-0.796960	44	167	149	921.307
0.785398	2.704512	1.488683	37	148	125	921.293
-2.617994	0.961715	0.014085	165	49	160	921.117
-0.785398	1.875281	0.107086	19	134	119	920.903
0.523599	2.295480	1.008277	43	151	126	920.294
-3.141593	1.050534	3.042579	29	37	21	920.156
1.047198	1.413347	-1.339188	26	123	135	919.878
0.261799	1.555207	1.708892	35	132	143	919.562
0.261799	0.297065	2.160177	40	32	18	919.354
0.000000	1.510910	-0.740472	13	128	121	919.299
0.785398	1.135834	-1.431087	20	122	144	919.000
-2.356194	1.134497	-1.109631	40	24	21	918.941
-2.094395	1.391910	3.030322	16	36	50	918.936
0.523599	0.709924	0.218797	42	141	142	918.929
-0.785398	2.979456	-1.009304	23	163	127	918.887
-1.832596	1.658653	-2.409879	25	30	32	918.886
-0.523599	0.458961	-0.107937	18	132	142	918.683
-3.141593	0.850607	-1.335383	23	47	166	918.549
1.308997	2.719179	-1.780644	25	125	137	918.522
-3.141593	1.909857	-0.381669	34	33	8	918.519
-0.261799	2.588535	-2.976617	25	146	131	918.446
-1.308997	1.134796	2.434290	35	143	138	918.292
0.261799	2.115563	0.685730	40	146	122	918.241
1.047198	1.741644	-2.695914	35	131	152	918.159
2.617994	2.704512	1.488683	13	42	11	917.844
2.617994	1.184361	0.625864	15	53	167	917.836
2.356194	1.242974	-2.977882	36	153	151	917.695
-1.047198	2.724429	-0.348782	25	149	123	917.608
-2.617994	2.164094	-2.991358	26	34	32	917.573
0.523599	1.875281	0.107086	34	138	141	917.356
-0.261799	1.391910	3.030322	15	130	29	917.316
-3.141593	1.134497	-1.109631	31	46	34	917.018
-0.523599	2.089241	-0.114193	24	143	112	916.906
-3.141593	2.349581	-2.702517	37	5	156	916.776
1.047198	2.404280	-0.174044	38	16	10	916.471
1.570796	1.391910	3.030322	39	159	154	916.409
-1.570796	2.719179	-1.780644	17	40	143	916.248
-3.141593	0.762244	-0.273349	23	51	17	915.945
2.617994	2.588535	-2.976617	45	32	20	915.777
0.000000	2.379497	0.561089	37	147	119	915.603
0.523599	2.063651	-2.044600	11	121	137	915.318
1.570796	2.719179	-1.780644	36	132	157	915.130
0.523599	0.458961	-0.107937	36	142	148	915.111
-3.141593	2.579248	-2.364801	44	38	18	915.058
0.785398	1.870545	-2.976234	33	129	150	915.043
1.832596	0.370812	-2.547742	26	132	23	915.041
1.047198	2.251330	-2.330739	33	130	138	915.020
1.308997	0.458961	-0.107937	48	151	144	915.001
1.047198	2.089241	-0.114193	25	12	134	914.859
-2.356194	2.588535	-2.976617	9	44	149	914.805
-0.785398	1.113094	-0.272241	13	137	129	914.804
-1.832596	0.850607	-1.335383	36	22	16	914.713
2.879793	1.135834	-1.431087	30	42	160	914.539
-3.141593	0.899350	-2.069907	43	35	39	914.436
1.832596	0.290380	-0.796960	44	21	24	914.426
0.000000	2.393226	1.857173	40	155	146	914.088
2.879793	1.045978	0.343692	14	53	165	913.980
1.047198	1.574060	2.783565	43	148	148	913.884
2.617994	0.864993	2.278281	36	147	143	913.735
-2.356194	2.664082	-1.071402	39	34	1	913.677
2.617994	0.899350	-2.069907	48	20	38	913.534
0.785398	1.756530	-2.105156	23	124	143	913.229
1.832596	2.760637	2.781135	46	24	14	913.215
-0.523599	2.637879	2.121598	24	130	120	913.136
-3.141593	1.846342	-1.796954	30	46	156	913.091
2.879793	0.899350	-2.069907	33	36	16	913.070
-2.617994	2.251330	-2.330739	16	51	153	913.040
-3.141593	2.073035	2.027405	2	49	160	912.942
0.000000	1.440580	2.260026	35	134	149	912.874
0.523599	2.251330	-2.330739	28	155	137	912.520
-2.879793	1.367556	0.358405	167	45	148	912.305
-0.523599	0.591903	2.010408	33	137	30	911.966
-1.308997	2.979456	-1.009304	27	156	124	911.768
2.094395	2.295480	1.008277	25	41	12	911.711
-3.141593	2.299159	2.264663	17	46	31	911.565
1.047198	0.418037	1.360082	40	2	148	911.469
0.523599	2.724429	-0.348782	11	22	132	910.855
-0.261799	2.724429	-0.348782	27	162	137	910.680
1.832596	1.440580	2.260026	28	45	25	910.652
0.785398	1.113094	-0.272241	42	144	164	910.631
0.523599	1.683268	0.374177	36	134	143	910.366
2.094395	2.104282	-0.813972	44	19	13	910.287
-0.261799	0.290380	-0.796960	10	131	149	910.077
-0.785398	1.504028	0.636812	27	146	134	910.039
-1.832596	1.948085	-2.363031	22	32	27	909.852
0.000000	2.247462	0.191623	33	26	1	909.690
2.094395	1.242974	-2.977882	37	150	151	909.688
-0.785398	2.719179	-1.780644	46	17	32	909.410
-0.785398	1.836682	-0.676006	8	145	112	909.358
1.832596	0.929350	-2.910676	32	138	25	909.278
-2.356194	0.850607	-1.335383	40	24	22	908.874
1.570796	0.080730	-2.622036	15	132	22	908.834
-2.094395	0.899350	-2.069907	36	28	26	908.055
0.261799	1.504028	0.636812	42	141	132	907.846
-3.141593	1.014500	0.906702	29	25	28	907.629
-2.617994	0.929350	-2.910676	32	32	51	907.599
-0.523599	1.683268	0.374177	24	130	130	907.570
-0.785398	1.554776	0.100351	16	130	122	907.402
2.356194	2.001437	0.381215	13	44	151	907.309
-1.832596	0.203748	0.590255	41	158	136	907.293
0.000000	0.700570	1.559208	45	145	154	907.147
-0.785398	2.104282	-0.813972	12	152	111	906.761
-1.832596	1.545873	-1.877082	31	32	28	906.503
0.000000	0.591903	2.010408	43	21	18	906.279
2.617994	1.025536	1.576859	11	47	44	906.089
2.879793	2.187132	-0.479875	37	27	8	905.963
0.000000	2.637879	2.121598	40	142	143	905.881
-2.094395	0.685216	-1.712745	39	27	23	905.768
-2.617994	0.914445	2.687814	25	22	56	905.667
-1.570796	2.349581	-2.702517	164	41	158	905.590
-2.356194	0.929350	-2.910676	30	35	51	905.429
0.000000	1.413430	2.550734	34	137	154	905.158
0.000000	2.407836	1.410646	30	134	119	905.148
0.261799	0.762244	-0.273349	33	8	31	905.147
2.617994	0.685216	-1.712745	48	25	36	905.087
-0.523599	1.184361	0.625864	30	125	5	904.874
-3.141593	1.045978	0.343692	13	52	4	904.836
1.570796	1.050534	3.042579	30	141	28	904.735
-1.047198	2.881233	-2.582574	165	33	148	904.641
0.000000	1.836682	-0.676006	15	135	115	904.615
0.785398	1.134497	-1.109631	26	126	138	904.544
-3.141593	1.135834	-1.431087	25	46	160	904.205
-2.617994	2.478122	2.609777	10	44	27	904.105
-1.047198	0.906588	1.252948	28	136	148	903.767
2.617994	1.301460	-0.509251	41	36	9	903.760
1.570796	2.343981	-1.040456	35	24	8	903.662
-2.879793	2.724429	-0.348782	33	25	4	903.650
-2.356194	1.450119	-2.739050	24	44	43	903.433
0.785398	2.579248	-2.364801	25	125	144	903.271
1.570796	0.700570	1.559208	32	42	8	903.156
-0.523599	1.113094	-0.272241	13	128	127	902.760
-2.617994	1.417623	-0.202254	2	47	149	902.625
-2.879793	2.455966	-0.641220	36	30	10	902.336
0.523599	1.413347	-1.339188	13	122	137	902.278
0.261799	2.356369	3.005869	25	121	145	902.227
1.308997	1.168678	2.108595	34	41	26	902.139
-3.141593	1.325504	-1.671296	45	32	23	902.137
-2.356194	0.866955	-0.931351	37	26	16	902.083
1.570796	0.910508	1.903534	32	41	24	901.569
-3.141593	1.732874	-0.951685	37	143	142	901.439
2.356194	2.881233	-2.582574	49	19	14	901.436
-1.047198	0.864993	2.278281	36	138	149	901.219
2.879793	1.256302	0.062705	34	163	143	901.146
-2.356194	1.413347	-1.339188	28	51	21	901.046
2.879793	1.301460	-0.509251	38	156	140	900.920
-0.261799	0.591903	2.010408	31	140	31	900.726
2.094395	0.910508	1.903534	36	20	27	900.443
1.832596	0.910508	1.903534	26	45	26	900.124
-2.356194	1.301460	-0.509251	5	51	160	900.086
2.617994	0.906588	1.252948	31	36	24	899.218
-1.047198	0.733948	3.021411	33	32	16	899.209
2.356194	1.195355	1.200319	24	48	23	899.183
2.617994	0.080730	-2.622036	29	131	155	899.021
-1.570796	2.456751	-1.503343	23	42	9	898.883
-2.356194	1.756530	-2.105156	21	49	157	898.740
0.785398	1.194549	-0.801900	32	131	130	898.727
-2.094395	0.080730	-2.622036	45	15	26	898.337
0.523599	2.588535	-2.976617	32	126	150	898.085
0.523599	1.448123	-2.163292	33	145	145	897.999
-2.356194	1.050534	3.042579	17	38	16	897.383
2.356194	1.135813	-2.658866	38	13	21	897.224
0.523599	0.960688	-0.577532	32	133	147	897.133
-0.261799	1.335669	0.897240	29	122	7	897.119
2.617994	2.174483	2.653697	32	43	8	897.105
2.617994	0.571433	-1.188419	43	166	150	897.086
1.832596	0.418037	1.360082	26	46	21	896.693
2.879793	1.510910	-0.740472	42	35	18	896.510
-2.356194	2.724429	-0.348782	42	13	5	896.442
-2.356194	2.579248	-2.364801	28	42	16	896.372
2.356194	1.574060	2.783565	39	27	48	896.341
-0.261799	0.910508	1.903534	30	130	151	895.988
-2.094395	0.297065	2.160177	29	1	28	895.651
0.261799	2.579248	-2.364801	27	145	135	895.522
0.785398	2.587733	0.232235	33	20	8	895.268
1.047198	0.864993	2.278281	21	156	123	895.210
-2.617994	2.349581	-2.702517	28	45	24	894.854
0.261799	2.295480	1.008277	42	145	126	894.471
-2.356194	2.349581	-2.702517	22	46	24	894.328
-0.523599	0.080730	-2.622036	24	36	55	894.264
2.617994	1.218453	2.777284	32	158	28	894.253
-1.832596	1.374601	-2.456031	28	30	32	894.085
1.047198	1.214854	-1.966664	23	124	151	894.054
1.832596	2.115563	0.685730	27	41	7	894.006
-0.261799	1.909857	-0.381669	25	136	142	893.859
-1.832596	1.904882	-1.478089	35	160	146	893.769
-0.523599	1.812176	0.656819	30	40	32	893.676
2.617994	2.041297	-2.664597	44	38	32	893.469
-0.523599	0.906588	1.252948	34	22	13	893.451
1.308997	1.836682	-0.676006	40	8	11	893.344
2.356194	1.050534	3.042579	36	163	151	893.207
-2.094395	2.587733	0.232235	34	139	138	892.911
2.879793	1.872854	1.543456	7	48	24	892.688
1.308997	1.450119	-2.739050	34	134	148	892.671
0.785398	1.214854	-1.966664	21	122	3	892.538
-2.617994	1.374601	-2.456031	28	133	135	892.530
-2.617994	1.256302	0.062705	166	47	153	891.977
-2.617994	0.370812	-2.547742	31	134	151	891.649
-2.879793	1.869911	2.701025	20	43	43	891.632
0.000000	2.089241	-0.114193	27	151	124	891.589
2.094395	1.812176	0.656819	24	46	0	891.560
-2.879793	0.960688	-0.577532	21	51	13	891.236
-2.094395	2.033014	2.977192	6	40	37	891.215
-2.879793	1.195355	1.200319	42	150	141	891.111
0.000000	0.929350	-2.910676	31	14	30	890.655
2.879793	1.128190	-2.288622	41	162	161	890.462
-0.785398	1.256302	0.062705	16	126	163	890.434
0.261799	2.379497	0.561089	38	152	118	890.274
-0.785398	1.809167	1.213774	38	14	12	890.154
-2.094395	1.050534	3.042579	21	32	54	890.066
2.356194	2.979456	-1.009304	36	13	5	889.608
-2.617994	0.899350	-2.069907	37	146	159	889.414
-0.261799	1.045978	0.343692	30	129	135	889.331
-3.141593	2.588535	-2.976617	33	3	143	889.315
-1.832596	0.866395	-2.492918	37	23	12	889.243
-2.094395	2.041297	-2.664597	9	48	163	889.219
-1.308997	1.335669	0.897240	22	136	136	888.718
2.879793	1.948085	-2.363031	23	142	153	888.707
0.261799	1.824694	1.850876	40	132	153	888.392
0.523599	1.134497	-1.109631	19	123	136	888.377
-1.832596	0.297065	2.160177	27	18	31	888.339
2.879793	2.108018	1.311430	5	47	163	887.859
-2.879793	0.906588	1.252948	42	151	137	887.681
0.523599	1.504028	0.636812	44	148	132	887.492
-2.356194	1.617114	-1.572037	30	51	23	887.169
-1.308997	0.496451	0.593859	13	128	16	887.112
1.047198	2.063651	-2.044600	30	128	140	886.856
0.261799	2.001437	0.381215	38	147	120	886.744
-0.523599	1.506530	1.988858	38	147	147	886.617
2.356194	1.977582	0.969896	36	161	145	886.443
2.617994	2.138223	1.678323	14	49	20	886.194
2.617994	1.050534	3.042579	35	20	53	886.034
2.617994	1.014500	0.906702	10	53	6	885.908
2.879793	1.184361	0.625864	7	52	167	885.869
-0.785398	2.664082	-1.071402	18	166	112	885.761
-2.094395	0.379747	-1.713059	34	39	25	885.110
-2.879793	0.850607	-1.335383	27	45	42	885.103
-1.570796	2.664082	-1.071402	26	162	112	884.984
2.879793	0.674054	1.013609	29	22	29	883.980
0.785398	0.458961	-0.107937	42	136	144	883.925
0.261799	1.836682	-0.676006	14	131	117	883.854
0.523599	2.041297	-2.664597	35	140	147	883.843
-1.047198	1.184361	0.625864	17	124	5	883.820
-0.523599	1.555207	1.708892	33	125	146	883.401
-2.617994	1.113094	-0.272241	8	52	163	883.356
-1.832596	1.574060	2.783565	43	149	136	883.348
-3.141593	1.214854	-1.966664	44	38	31	883.338
0.523599	0.831641	0.616218	45	147	143	883.244
0.523599	1.766067	2.153843	44	142	159	883.186
0.000000	0.203748	0.590255	34	17	41	883.106
-2.094395	2.664082	-1.071402	39	34	5	883.005
-0.523599	2.295480	1.008277	36	27	8	882.749
2.356194	1.824694	1.850876	24	48	24	882.564
-2.094395	2.153910	-1.714959	32	157	151	882.417
-0.261799	1.872854	1.543456	40	129	136	882.278
2.356194	0.418037	1.360082	32	26	33	882.184
2.356194	2.664082	-1.071402	28	146	109	882.159
-2.094395	1.904882	-1.478089	24	50	17	882.074
-0.261799	2.138223	1.678323	38	153	143	881.726
-2.879793	1.948085	-2.363031	37	42	26	881.679
1.047198	1.413430	2.550734	40	161	150	881.605
-0.261799	1.662363	0.915448	25	41	28	881.307
2.617994	1.135813	-2.658866	37	160	147	881.247
-3.141593	0.906588	1.252948	29	30	28	881.126
1.832596	1.247695	1.809890	31	45	13	881.071
1.832596	0.700570	1.559208	24	48	28	880.374
-2.617994	0.960688	-0.577532	14	52	13	880.299
-1.570796	2.455966	-0.641220	28	43	16	879.887
0.261799	2.979456	-1.009304	6	35	143	879.727
0.000000	2.295480	1.008277	42	149	134	879.502
0.000000	1.662363	0.915448	41	140	138	879.329
-0.523599	1.504028	0.636812	31	125	167	879.246
-2.879793	1.998705	2.370472	13	43	39	879.220
0.785398	1.904882	-1.478089	20	123	130	879.183
-2.617994	1.367556	0.358405	162	41	148	879.145
-2.094395	1.756530	-2.105156	36	147	142	879.099
-3.141593	2.247462	0.191623	29	20	1	879.036
-0.261799	2.187132	-0.479875	20	150	110	878.931
-0.523599	0.496451	0.593859	27	140	146	878.910
0.261799	2.063651	-2.044600	29	145	137	878.791
0.523599	1.846342	-1.796954	14	122	136	878.789
-0.523599	1.606104	-0.451151	13	137	117	878.788
-2.879793	2.881233	-2.582574	36	43	15	878.645
0.000000	1.741644	-2.695914	17	124	19	878.567
-3.141593	1.699788	2.452890	7	46	41	878.371
-0.261799	1.310100	1.488307	40	130	145	878.345
-1.570796	2.724429	-0.348782	40	28	5	878.039
2.356194	0.370812	-2.547742	35	5	48	877.952
0.000000	2.478122	2.609777	27	121	140	877.896
2.879793	1.875281	0.107086	33	13	39	877.725
0.261799	0.458961	-0.107937	33	11	37	877.689
1.832596	1.050534	3.042579	32	143	27	877.592
-1.832596	1.870545	-2.976234	167	43	4	877.504
-1.308997	0.297065	2.160177	37	147	157	877.320
-2.617994	1.134497	-1.109631	40	20	20	877.318
-1.570796	0.203748	0.590255	42	158	133	877.159
2.094395	1.025536	1.576859	19	50	27	876.883
0.261799	2.138223	1.678323	34	133	127	876.824
-2.356194	1.135813	-2.658866	25	41	39	876.807
2.879793	2.001437	0.381215	35	20	36	876.614
0.261799	2.343981	-1.040456	10	19	136	876.596
2.617994	1.977582	0.969896	9	48	159	876.305
2.094395	1.135813	-2.658866	37	147	157	875.939
-2.617994	1.574060	2.783565	18	37	49	875.794
-3.141593	0.992645	-1.723759	44	39	30	875.653
-0.785398	1.301460	-0.509251	3	135	122	875.456
-0.523599	1.247695	1.809890	35	160	137	875.182
0.261799	2.251330	-2.330739	28	133	144	875.083
-2.879793	2.356369	3.005869	22	43	163	875.004
-2.617994	1.658653	-2.409879	25	47	165	875.004
-0.523599	0.419640	2.974122	34	36	24	874.934
0.523599	1.836682	-0.676006	37	8	15	874.687
-0.523599	0.910508	1.903534	32	164	137	874.479
-2.356194	0.640596	-2.797608	21	37	18	874.163
0.785398	0.992645	-1.723759	17	124	151	873.885
1.832596	0.733948	3.021411	26	142	29	873.837
-2.879793	1.325504	-1.671296	42	38	22	873.749
2.617994	1.574060	2.783565	36	31	48	873.612
-3.141593	2.664082	-1.071402	37	32	9	873.520
-2.879793	1.574060	2.783565	18	43	47	873.170
0.785398	1.367556	0.358405	44	151	129	872.895
-2.879793	1.413347	-1.339188	25	48	25	872.881
1.832596	1.168678	2.108595	23	46	28	872.821
1.308997	0.866395	-2.492918	22	131	154	872.719
0.785398	2.349581	-2.702517	34	131	138	872.382
-1.308997	1.433411	-1.035986	47	19	25	872.047
2.879793	0.910508	1.903534	36	145	136	871.894
-1.832596	1.617114	-1.572037	37	19	13	871.555
-2.094395	0.370812	-2.547742	42	16	26	871.425
-2.094395	1.696674	-1.253233	22	49	13	871.087
-2.617994	2.664082	-1.071402	42	30	7	871.063
-3.141593	1.869911	2.701025	26	43	43	870.672
2.879793	2.041297	-2.664597	41	42	30	870.528
2.879793	1.014500	0.906702	9	50	30	870.143
2.356194	2.295480	1.008277	22	43	17	869.992
0.261799	2.407836	1.410646	47	10	12	869.633
0.261799	2.478122	2.609777	39	138	148	869.582
1.308997	2.089241	-0.114193	40	21	14	869.383
1.308997	0.929350	-2.910676	30	4	56	869.158
-0.523599	1.510910	-0.740472	6	137	118	869.079
0.000000	2.979456	-1.009304	5	29	135	868.887
-3.141593	2.174483	2.653697	22	44	17	868.197
-1.047198	1.195355	1.200319	29	139	140	867.667
-2.356194	2.343981	-1.040456	20	40	137	867.256
-1.308997	2.724429	-0.348782	28	43	17	866.906
-0.785398	2.089241	-0.114193	31	38	23	866.768
0.261799	1.869911	2.701025	39	3	18	866.720
-0.785398	2.393226	1.857173	20	129	121	866.592
-0.523599	1.194549	-0.801900	2	133	125	866.573
-0.261799	1.504028	0.636812	37	129	167	866.486
2.094395	0.290380	-0.796960	43	28	25	866.447
-2.879793	0.615174	-0.666022	34	40	19	866.299
0.000000	0.674054	1.013609	42	138	149	866.278
2.094395	0.370812	-2.547742	19	5	60	865.952
0.785398	1.413347	-1.339188	20	122	136	865.892
-1.832596	1.128190	-2.288622	32	30	30	865.808
-0.261799	2.089241	-0.114193	26	145	113	865.442
2.617994	1.335669	0.897240	11	53	167	865.238
-2.356194	0.379747	-1.713059	39	29	22	865.208
1.308997	1.569311	-3.003978	41	150	151	864.935
2.879793	1.325504	-1.671296	38	38	25	864.851
1.570796	1.440580	2.260026	36	39	23	864.717
1.832596	2.404280	-0.174044	34	154	134	864.551
2.617994	1.310100	1.488307	14	50	36	864.129
2.356194	0.929350	-2.910676	35	153	155	864.118
-2.094395	2.104282	-0.813972	11	41	137	863.803
-2.879793	2.349581	-2.702517	17	53	158	863.649
-0.261799	0.496451	0.593859	37	132	16	863.616
0.261799	2.187132	-0.479875	22	151	110	863.604
1.570796	1.569311	-3.003978	35	139	146	863.188
0.000000	1.606104	-0.451151	22	136	117	863.000
1.308997	2.180315	-1.357379	29	129	124	862.922
-0.261799	2.115563	0.685730	35	136	124	862.843
2.356194	1.247695	1.809890	15	49	41	862.568
0.523599	1.135834	-1.431087	14	122	16	862.280
1.047198	1.836682	-0.676006	29	12	139	862.048
-2.356194	1.904882	-1.478089	31	48	16	862.044
-1.047198	0.831641	0.616218	16	124	11	861.725
1.047198	2.719179	-1.780644	19	124	137	861.179
-0.785398	1.510910	-0.740472	3	141	117	861.080
1.570796	1.413430	2.550734	40	158	153	860.988
0.261799	2.164094	-2.991358	20	121	143	860.752
2.617994	1.504028	0.636812	23	152	133	860.515
0.000000	1.014500	0.906702	36	128	15	860.315
-2.617994	1.448123	-2.163292	32	45	31	860.098
1.047198	0.899350	-2.069907	22	130	153	859.729
-1.832596	2.404280	-0.174044	39	23	11	859.010
0.261799	1.194549	-0.801900	20	128	125	858.959
0.523599	2.579248	-2.364801	21	126	129	858.351
-1.570796	0.419640	2.974122	38	141	153	858.097
0.523599	1.325504	-1.671296	11	122	143	858.054
-0.261799	1.824694	1.850876	37	127	145	857.881
-0.785398	0.960688	-0.577532	0	133	130	857.785
0.000000	1.310100	1.488307	43	142	150	857.753
1.832596	0.866395	-2.492918	31	141	158	857.690
-0.523599	2.984978	1.954446	37	138	143	857.558
-3.141593	2.164094	-2.991358	15	53	8	857.344
-0.261799	1.766067	2.153843	32	127	153	857.317
2.879793	1.433411	-1.035986	37	42	157	857.163
-2.094395	1.982574	-1.115518	28	46	8	856.953
2.879793	0.762244	-0.273349	29	18	138	856.766
-3.141593	0.866395	-2.492918	42	28	45	856.718
-2.617994	1.836682	-0.676006	15	45	141	856.689
-0.261799	2.704512	1.488683	44	10	11	856.661
-3.141593	2.138223	1.678323	167	47	156	856.648
2.094395	0.419640	2.974122	19	137	26	856.618
-0.261799	1.809167	1.213774	40	135	139	856.172
2.617994	1.195355	1.200319	15	52	162	856.109
0.261799	1.574060	2.783565	20	156	128	856.075
-2.356194	0.960688	-0.577532	10	48	34	856.040
0.000000	0.831641	0.616218	33	126	15	855.924
-2.617994	2.089241	-0.114193	27	133	146	855.675
-2.617994	1.756530	-2.105156	17	52	160	855.507
2.879793	1.417623	-0.202254	35	4	142	855.496
-2.617994	0.640596	-2.797608	28	27	0	855.346
-3.141593	0.615174	-0.666022	37	3	148	855.059
0.785398	2.719179	-1.780644	29	140	134	854.910
-1.570796	2.863997	0.549740	41	5	7	854.847
0.261799	2.881233	-2.582574	28	148	129	854.731
0.000000	1.977582	0.969896	42	147	137	854.317
1.308997	2.187132	-0.479875	35	145	138	854.281
-1.308997	2.379497	0.561089	39	13	10	854.268
2.094395	1.247695	1.809890	30	47	38	853.932
-1.570796	2.404280	-0.174044	36	23	47	853.560
-3.141593	2.393226	1.857173	11	44	27	853.422
1.570796	2.979456	-1.009304	28	150	133	853.419
-1.570796	2.396274	-1.959260	19	36	14	853.398
-2.356194	1.448123	-2.163292	21	49	163	853.388
-0.785398	1.367556	0.358405	23	147	131	853.379
2.879793	0.914445	2.687814	26	153	31	853.305
-2.356194	2.104282	-0.813972	15	42	138	853.197
-0.261799	1.506530	1.988858	29	125	152	852.917
2.617994	1.247695	1.809890	14	48	42	852.802
-1.308997	1.488617	1.159546	37	155	149	852.791
1.308997	1.135813	-2.658866	29	134	151	852.159
-0.261799	1.194549	-0.801900	36	154	141	851.939
-2.094395	2.180315	-1.357379	28	47	11	851.850
1.047198	1.050534	3.042579	36	145	157	851.761
-1.832596	2.979456	-1.009304	38	156	134	851.606
-2.094395	2.174483	2.653697	1	36	36	851.363
2.094395	2.343981	-1.040456	40	13	8	851.110
0.000000	1.599406	1.426070	29	127	139	850.750
0.000000	1.488617	1.159546	43	136	140	850.536
0.000000	1.168678	2.108595	36	137	150	850.354
-3.141593	1.948085	-2.363031	42	37	25	850.293
-1.047198	2.404280	-0.174044	31	35	5	850.093
-1.832596	1.736875	3.023612	14	32	39	850.022
-1.047198	1.014500	0.906702	37	160	146	849.892
-2.356194	2.979456	-1.009304	43	29	9	849.860
-2.879793	1.683268	0.374177	0	40	141	849.783
0.523599	2.033014	2.977192	36	133	145	849.725
0.523599	1.194549	-0.801900	28	11	145	849.101
-1.832596	0.496451	0.593859	2	134	16	849.062
-2.617994	0.992645	-1.723759	39	32	23	848.977
-1.308997	2.247462	0.191623	36	25	6	848.646
0.261799	1.569311	-3.003978	33	139	153	848.378
-1.832596	1.391910	3.030322	40	148	132	848.048
0.523599	0.418037	1.360082	48	24	28	847.835
-3.141593	1.301460	-0.509251	36	166	137	847.733
0.000000	0.458961	-0.107937	32	128	12	847.716
2.879793	1.699788	2.452890	37	167	16	847.504
-0.785398	2.073035	2.027405	34	165	146	847.365
-2.094395	1.194549	-0.801900	36	18	14	847.340
-1.570796	1.218453	2.777284	39	155	129	847.316
2.879793	2.579248	-2.364801	40	40	18	847.252
-0.523599	0.709924	0.218797	21	126	141	846.864
0.523599	0.419640	2.974122	33	12	34	846.661
0.785398	2.456751	-1.503343	30	141	136	846.576
-1.047198	1.554776	0.100351	39	164	157	846.504
-2.094395	1.325504	-1.671296	35	28	26	846.308
-0.785398	2.001437	0.381215	35	34	20	846.189
2.879793	1.683268	0.374177	34	11	35	845.926
-0.523599	1.809167	1.213774	35	157	134	845.776
-1.047198	2.115563	0.685730	33	149	133	845.774
2.094395	2.592629	0.909713	20	41	13	845.727
2.617994	1.662363	0.915448	10	51	161	845.459
2.617994	1.367556	0.358405	27	47	15	845.377
-2.879793	1.721184	-0.153948	10	43	140	845.375
0.523599	2.404280	-0.174044	33	19	8	845.318
-0.785398	2.138223	1.678323	38	150	142	845.183
-2.094395	1.374601	-2.456031	31	28	32	844.957
0.261799	1.014500	0.906702	40	132	14	844.773
1.308997	1.050534	3.042579	34	9	56	844.738
2.617994	1.683268	0.374177	13	48	154	844.488
-2.356194	1.836682	-0.676006	11	45	141	844.291
1.047198	0.203748	0.590255	45	151	151	844.279
-0.785398	2.455966	-0.641220	21	151	122	844.017
-0.785398	1.014500	0.906702	26	125	13	843.902
-2.094395	1.869911	2.701025	13	31	41	843.879
-0.785398	1.310100	1.488307	27	122	145	843.755
-1.308997	0.906588	1.252948	25	134	148	843.721
-2.617994	1.617114	-1.572037	37	48	24	843.362
-2.356194	2.404280	-0.174044	18	31	134	843.098
-2.356194	1.128190	-2.288622	30	136	130	842.999
-2.094395	2.588535	-2.976617	15	39	25	842.859
-1.832596	2.180315	-1.357379	33	160	149	842.527
0.261799	2.108018	1.311430	47	7	14	842.452
1.570796	0.640596	-2.797608	24	134	24	842.301
-3.141593	1.683268	0.374177	30	35	9	841.697
2.879793	1.050534	3.042579	34	23	53	841.545
-0.261799	2.760637	2.781135	25	125	141	841.333
-2.094395	2.187132	-0.479875	11	39	138	841.203
-1.047198	2.104282	-0.813972	12	153	110	841.134
-2.617994	1.554776	0.100351	1	40	139	841.035
1.832596	2.187132	-0.479875	21	27	137	840.703
-0.785398	1.909857	-0.381669	14	142	111	840.703
-2.879793	2.664082	-1.071402	44	24	8	840.598
-2.094395	2.356369	3.005869	2	44	165	840.441
-2.356194	2.455966	-0.641220	20	36	136	840.258
2.356194	2.724429	-0.348782	33	14	1	840.111
-2.356194	1.869911	2.701025	17	32	40	840.085
-0.523599	1.824694	1.850876	23	126	130	839.919
-2.879793	0.419640	2.974122	28	17	30	839.847
1.047198	0.929350	-2.910676	28	3	56	839.845
-1.047198	1.488617	1.159546	30	143	135	839.606
2.617994	1.809167	1.213774	7	51	152	839.527
0.261799	0.591903	2.010408	38	36	26	839.516
-3.141593	0.866955	-0.931351	41	46	25	839.375
-1.570796	1.506530	1.988858	43	160	136	839.261
2.879793	0.615174	-0.666022	44	26	19	839.097
0.261799	2.704512	1.488683	45	10	11	839.018
-2.879793	2.073035	2.027405	3	44	31	838.962
2.879793	2.349581	-2.702517	44	35	23	838.907
1.570796	2.247462	0.191623	21	24	131	838.745
2.617994	2.073035	2.027405	17	51	27	838.706
-2.356194	0.914445	2.687814	24	23	56	838.655
-0.785398	2.863997	0.549740	41	158	134	838.590
-1.832596	2.089241	-0.114193	34	141	146	838.519
-0.261799	2.881233	-2.582574	26	148	138	838.427
-1.047198	1.766067	2.153843	35	154	148	838.340
0.000000	2.174483	2.653697	28	123	149	838.227
2.356194	0.297065	2.160177	29	29	22	838.191
-0.785398	1.599406	1.426070	37	10	12	837.928
-2.356194	1.194549	-0.801900	36	13	14	837.498
-0.261799	1.699788	2.452890	26	121	8	837.390
0.000000	1.569311	-3.003978	30	136	153	836.866
0.785398	2.881233	-2.582574	29	128	143	836.809
-2.879793	1.504028	0.636812	164	42	147	836.027
2.617994	1.488617	1.159546	7	51	153	836.023
0.523599	1.948085	-2.363031	15	121	144	836.001
-2.879793	2.863997	0.549740	25	161	130	835.887
-1.308997	2.180315	-1.357379	21	41	12	835.820
-2.879793	0.370812	-2.547742	33	28	41	835.792
1.832596	2.587733	0.232235	13	36	140	835.766
2.356194	0.290380	-0.796960	43	22	52	835.333
-0.523599	2.247462	0.191623	35	19	1	835.314
-1.308997	1.506530	1.988858	41	166	136	835.047
1.832596	1.391910	3.030322	39	31	23	835.025
-2.879793	2.164094	-2.991358	26	44	24	834.840
-1.308997	0.618092	2.539118	36	139	150	834.594
-0.785398	0.297065	2.160177	34	141	31	834.584
-0.523599	1.168678	2.108595	27	128	149	834.458
0.261799	2.456751	-1.503343	38	30	15	834.180
1.832596	2.001437	0.381215	34	37	13	834.118
0.785398	2.187132	-0.479875	38	16	12	833.878
2.094395	0.929350	-2.910676	37	160	152	833.822
-3.141593	1.554776	0.100351	31	18	37	833.798
2.356194	2.247462	0.191623	18	1	110	833.492
-2.356194	0.080730	-2.622036	43	145	156	833.468
-2.094395	2.455966	-0.641220	20	32	132	833.438
-2.617994	0.419640	2.974122	30	20	42	833.100
-1.570796	0.866395	-2.492918	32	31	30	832.651
-2.356194	1.113094	-0.272241	167	49	159	832.582
0.523599	1.218453	2.777284	31	136	29	832.477
0.000000	1.391910	3.030322	19	130	29	832.467
-1.047198	0.458961	-0.107937	5	130	12	832.409
-0.785398	2.407836	1.410646	35	134	140	832.238
-1.832596	2.455966	-0.641220	16	34	133	832.055
