#Coordinates  RecID  LigID  Luciferin  Neighbor's number  Vision Range  Scoring
(22.9979520, -8.8899097, 24.4240223,  0.4674560, -0.3557872, -0.3163335, -0.7448707)    0    0   8.56078138  0 0.400   4.98848938
(28.4832077, -5.9118153, 23.2930652,  0.1050792,  0.7515639, -0.5789073, -0.2982890)    0    0   8.74791289  0 0.600   4.84834860
(24.0611473,  1.6975751, 22.1895842, -0.1247931,  0.2728384,  0.7716891, -0.5607865)    0    0   7.50625925  1 0.440   6.58400248
(23.4258712, -9.1206061, 24.3730497,  0.4674216, -0.3560848, -0.3166277, -0.7446256)    0    0   8.18718819 13 0.000   5.12063426
(28.4071639, -6.5640599, 23.0540939,  0.1051162,  0.7515674, -0.5789095, -0.2982630)    0    0  10.31817818  6 0.320   6.93536255
(28.3050610, -1.3662398, 22.4171004, -0.5277783, -0.0247251, -0.3879272, -0.7552160)    0    0   5.86900668  5 0.440   3.98754123
(29.9312507, -12.8034212, 16.6572000, -0.5198392, -0.5115192,  0.5659452, -0.3844753)    0    0 -14.51199690  6 4.920 -10.35400732
(22.3545487, -8.1667234, 24.2398174,  0.4674228, -0.3559252, -0.3164829, -0.7447628)    0    0   7.11490163  1 0.400   6.61639597
(22.8457062, -8.8387929, 24.6149367,  0.4674426, -0.3558832, -0.3164502, -0.7447838)    0    0   8.11206226  0 0.400   7.31128768
(22.6181279, -8.6599617, 24.4016241,  0.4674112, -0.3564196, -0.3169461, -0.7443366)    0    0  10.24583640  5 0.360   7.46622919
(28.4356008, -6.2291968, 23.5003610,  0.1050916,  0.7515656, -0.5789076, -0.2982798)    0    0  10.02160309 15 1.960   6.94939258
(23.0448686, -10.9055674, 16.5035086, -0.4755742,  0.2611560,  0.6659413,  0.5120047)    0    0  -1.33696245  3 1.400  -0.87413165
(27.9969697, -6.0665438, 23.6170552,  0.1050948,  0.7515651, -0.5789092, -0.2982770)    0    0  10.12367559  2 0.480   6.75594615
(24.0574539,  0.8082942, 22.3250449, -0.1248382,  0.2732346,  0.7717692, -0.5604735)    0    0   7.33752165  4 0.280   6.54909667
(26.1648986, -8.8075566, 11.0916340,  0.0053366, -0.8748681, -0.2344641, -0.4237970)    0    0  -9.61278722  0 5.000  -6.38210559
(21.3977289,  0.3687066, 26.5679838,  0.2567559,  0.5924035,  0.7585148,  0.0882598)    0    0   4.68720831  5 1.960   4.00706708
(28.0752687,  0.6645186, 15.3782304, -0.2139473, -0.6061460, -0.4242982, -0.6377967)    0    0 -10.30356854  0 0.680  -5.59038411
(21.0757022,  0.1163693, 26.3125108,  0.2567562,  0.5924048,  0.7585140,  0.0882575)    0    0   1.82407798  5 0.440   2.35357697
(21.2998732, -0.1270260, 26.4717426,  0.2567561,  0.5924041,  0.7585144,  0.0882587)    0    0   2.41937828 13 1.400   2.68972012
(21.5919503,  0.4432256, 26.6176329,  0.2567559,  0.5924035,  0.7585148,  0.0882598)    0    0   5.06757683  1 4.200   4.58145950
(28.5455420, -6.2222895, 23.4426407,  0.1051042,  0.7515653, -0.5789115, -0.2982686)    0    0  10.27364035 10 0.240   6.89881135
(28.3837348, -1.2016815, 22.5340327, -0.5278056, -0.0247680, -0.3879296, -0.7551943)    0    0   5.88939179  5 0.920   3.76436155
(27.4511522,  1.1816748, 15.1380057, -0.2139577, -0.6061519, -0.4242944, -0.6377902)    0    0 -11.54659838  2 0.440  -4.95657746
(22.8086459, -8.8277535, 24.3917907,  0.4674125, -0.3564758, -0.3169993, -0.7442862)    0    0  10.94511327  6 4.920   7.15414474
(27.4746858,  0.9429545, 15.3604401, -0.2139570, -0.6061515, -0.4242945, -0.6377907)    0    0  -9.93833078  7 3.240  -7.49713386
(22.3152842, -8.6287380, 24.2641167,  0.4674170, -0.3561735, -0.3167119, -0.7445503)    0    0  10.19780518  7 0.240   7.44441467
(22.9940095, -8.6169238, 24.2908698,  0.4674258, -0.3559981, -0.3165471, -0.7446987)    0    0   9.86574252 16 0.000   7.27435036
(27.4020617, -5.4474997, 18.0134635, -0.0816747,  0.6796811,  0.5735640,  0.4498747)    0    0  -4.55337424  8 0.320  -2.28057990
(21.5993551,  0.4118926, 26.5663353,  0.2567560,  0.5924035,  0.7585148,  0.0882598)    0    0   4.81539455  4 3.960   4.16101762
(22.0163282, -8.4420430, 24.1803322,  0.4674146, -0.3563023, -0.3168363, -0.7444373)    0    0  10.55770891  4 0.480   7.26772041
(28.7743336, -5.8202208, 23.5412780,  0.1051052,  0.7515649, -0.5789125, -0.2982674)    0    0   9.79012255  3 0.520   7.10290216
(28.3917363, -6.5757629, 23.6038584,  0.1050392,  0.7515503, -0.5789216, -0.2983097)    0    0   7.64827913 12 0.000   4.65389539
(26.7283659, -8.8216350, 28.4407736,  0.7234918, -0.6472523, -0.0264925,  0.2385837)    0    0   9.83534272  1 5.000   6.60771162
(23.3437781, -9.2319960, 24.5711733,  0.4674108, -0.3560986, -0.3166397, -0.7446208)    0    0   9.42264246  0 0.560   6.50338289
(23.1333881, -9.0552860, 24.4212867,  0.4674104, -0.3563796, -0.3169081, -0.7443724)    0    0  10.94586454  5 0.480   7.74404078
(21.4516731,  0.2826605, 26.5694448,  0.2567561,  0.5924037,  0.7585146,  0.0882595)    0    0   4.48460035  7 0.680   4.22408436
(23.0849431, -8.8159363, 24.3087166,  0.4674067, -0.3562178, -0.3167549, -0.7445174)    0    0   9.50459991  3 0.560   6.54345536
(24.0437850,  1.1196198, 22.5545319, -0.1248072,  0.2729823,  0.7717184, -0.5606728)    0    0   9.08443859  2 1.200   6.57454376
(28.3926425, -11.7371756, 18.4249422, -0.8620325,  0.4921332, -0.1185826, -0.0253576)    0    0 -20.81501886  0 5.000 -13.87667906
(24.0920551,  0.7722591, 22.7396711, -0.1248455,  0.2733081,  0.7717841, -0.5604155)    0    0   9.12802102  1 1.720   6.40937431
(28.6765408, -6.4089488, 23.5362663,  0.1051169,  0.7515672, -0.5789098, -0.2982626)    0    0   8.39975500  9 0.080   4.93429241
(27.3546363,  1.3692284, 15.5828219, -0.2139596, -0.6061534, -0.4242932, -0.6377889)    0    0  -9.26159454  4 2.520  -5.27599106
(29.8856614, -12.9329345, 16.6061486, -0.5198577, -0.5115061,  0.5659410, -0.3844739)    0    0 -12.06490261  3 5.000  -6.79765415
(22.6254819, -8.7971885, 24.5603456,  0.4674107, -0.3562367, -0.3167718, -0.7444986)    0    0  10.07789652  5 0.240   6.35168751
(27.2170699, -5.5646944, 18.3484919, -0.0816751,  0.6796818,  0.5735622,  0.4498758)    0    0  -3.26302371  2 1.240  -1.96178010
(24.2391636,  1.4069615, 22.4983933, -0.1248596,  0.2733455,  0.7717909, -0.5603848)    0    0   7.44340397  8 0.320   6.38583442
(27.4938938,  1.0408769, 15.4152482, -0.2139605, -0.6061539, -0.4242929, -0.6377883)    0    0  -7.69488655  0 5.000  -5.12989576
(24.2229673,  1.4082118, 22.6468585, -0.1248107,  0.2729832,  0.7717182, -0.5606723)    0    0   6.28857381 14 1.080   4.42216118
(28.4005078, -0.7898348, 22.2875883, -0.5020790,  0.0361406, -0.4214637, -0.7543069)    0    0  -9.34381611 15 0.520  -1.02098091
(24.1389974,  1.2326417, 22.4110191, -0.1248291,  0.2731606,  0.7717544, -0.5605319)    0    0   6.14583608  5 0.560   1.92631292
(28.4184103, -1.0481006, 22.3819541, -0.5277885, -0.0247412, -0.3879280, -0.7552079)    0    0   4.69446039  8 0.440   1.88175507
(24.1969309,  1.7816986, 22.0867116, -0.1248203,  0.2731296,  0.7717465, -0.5605596)    0    0   5.95968314  0 0.520   3.90183826
(27.8082484, -5.3271709, 18.2325477, -0.0816743,  0.6796805,  0.5735653,  0.4498739)    0    0  -5.86521252  4 0.280  -4.22559056
(24.1527140,  1.2203749, 22.3968713, -0.1248330,  0.2731886,  0.7717596, -0.5605101)    0    0   8.90642479  5 4.360   6.40523392
(28.4035010, -6.5636451, 23.7933316,  0.1050904,  0.7515642, -0.5789102, -0.2982789)    0    0  10.27722114  0 0.720   6.76924472
(22.7852407, -8.4518889, 24.6513793,  0.4674111, -0.3564183, -0.3169447, -0.7443379)    0    0  10.44128470  3 0.240   7.69483228
(22.6404540, -8.8141941, 24.7492864,  0.4674551, -0.3558710, -0.3164068, -0.7448009)    0    0   8.68979025  0 0.400   7.45883600
(23.1295955, -10.9887500, 16.7274302, -0.4755742,  0.2611560,  0.6659413,  0.5120048)    0    0  -1.41651545  4 5.000  -1.09429043
(22.2638285, -8.5592771, 24.3456239,  0.4674108, -0.3560621, -0.3166044, -0.7446530)    0    0   9.49603788 18 0.000   6.74700480
(22.9219789, -8.8532868, 24.1744970,  0.4674094, -0.3563503, -0.3168806, -0.7443988)    0    0   7.64766875  0 0.480   2.77760817
(22.6074533, -8.7697827, 24.7955800,  0.4675196, -0.3554354, -0.3159677, -0.7451538)    0    0   8.38055196 16 0.000   7.10954233
(27.5124469, -5.3287616, 18.1665947, -0.0816751,  0.6796818,  0.5735622,  0.4498758)    0    0  -3.14578318  0 5.000  -2.03904259
(20.5041507, -0.0113076, 25.9114544,  0.2567557,  0.5924081,  0.7585123,  0.0882511)    0    0  -0.65637187  0 0.760  -0.07934176
(22.9595061, -8.5213631, 24.2696627,  0.4674228, -0.3559562, -0.3165152, -0.7447343)    0    0   9.81983386 18 0.000   7.07100676
(26.6306722, -8.7031080, 11.0190492,  0.0053366, -0.8748681, -0.2344641, -0.4237970)    0    0  -9.92741691  1 5.000  -6.31710081
(22.8329340, -8.8199603, 24.3847828,  0.4674038, -0.3561575, -0.3166976, -0.7445723)    0    0   8.91379766  8 0.320   5.06257564
(22.7807822, -8.5234580, 24.8977459,  0.4674266, -0.3558658, -0.3164296, -0.7448116)    0    0   8.83649130  1 0.560   4.91294686
(24.3661452,  1.2251372, 22.2231198, -0.1248354,  0.2731726,  0.7717560, -0.5605225)    0    0   8.29120701  7 3.480   6.61348087
(21.4683890,  0.4270664, 26.6153781,  0.2567560,  0.5924035,  0.7585148,  0.0882598)    0    0   4.87392243  2 5.000   4.49864228
(28.3943256, -6.5886971, 23.7067076,  0.1051020,  0.7515655, -0.5789106, -0.2982706)    0    0  10.40957773  5 0.360   7.10867328
(26.2082827, -8.7973805, 11.0851139,  0.0053366, -0.8748684, -0.2344633, -0.4237968)    0    0 -12.80068600  7 4.840 -10.80096434
(27.8038963, -5.1800771, 18.0199044, -0.0816748,  0.6796812,  0.5735637,  0.4498749)    0    0  -3.25127806  1 3.080  -2.06684387
(27.4871107,  0.9249199, 15.3814914, -0.2139575, -0.6061521, -0.4242941, -0.6377902)    0    0 -10.23502400  6 0.840  -7.88659191
(22.4197277, -8.6286280, 24.1722941,  0.4674105, -0.3563957, -0.3169239, -0.7443579)    0    0  10.07030043 11 0.080   6.79326531
(22.8381213, -8.8171196, 24.4495660,  0.4674103, -0.3563773, -0.3169059, -0.7443745)    0    0  10.12683570 13 0.000   6.65622752
(27.4109430, -5.3806038, 18.2176791, -0.0816753,  0.6796818,  0.5735621,  0.4498759)    0    0  -3.38962565  6 1.640  -2.25204912
(22.5431350, -8.6055946, 24.5705599,  0.4674179, -0.3561610, -0.3166984, -0.7445615)    0    0   6.33346920 18 0.000   3.01202557
(27.6149502, -5.1512104, 18.0675152, -0.0816729,  0.6796783,  0.5735710,  0.4498703)    0    0  -5.01618828  5 0.240  -2.29364533
(27.8119737, -5.1264561, 17.9944399, -0.0816755,  0.6796821,  0.5735613,  0.4498764)    0    0  -3.97417123  9 1.000  -2.03158673
(27.6083448, -5.2770289, 18.1169938, -0.0816753,  0.6796820,  0.5735617,  0.4498761)    0    0  -3.32543624  3 5.000  -2.25777334
(28.7473536, -5.9244070, 23.3198439,  0.1051019,  0.7515651, -0.5789115, -0.2982698)    0    0  10.57514973  2 2.760   7.05805728
(28.4453413, -5.7096146, 23.6024162,  0.1051084,  0.7515650, -0.5789134, -0.2982643)    0    0  10.44104625  6 0.960   6.96129200
(27.3460491, -5.4316805, 18.2282266, -0.0816747,  0.6796811,  0.5735639,  0.4498748)    0    0  -3.61334236  4 0.360  -2.18617604
(28.3624114, -1.4553695, 22.7291686, -0.5277608, -0.0246978, -0.3879253, -0.7552301)    0    0   5.95538925  4 0.920   4.14089525
(25.8265586, -8.8634586, 11.1537149,  0.0053366, -0.8748683, -0.2344636, -0.4237969)    0    0 -12.24911723  4 4.920  -6.66231688
(22.6645642, -8.6395278, 23.9875117,  0.4675650, -0.3551704, -0.3157155, -0.7453583)    0    0  -0.20132186  0 0.400   2.62387957
(26.3459187, -8.7002843, 11.0912702,  0.0053366, -0.8748683, -0.2344637, -0.4237969)    0    0 -12.62977401  6 1.960  -9.64790019
(28.6248205, -0.6254382, 22.4359092, -0.5278314, -0.0248083, -0.3879323, -0.7551735)    0    0   6.02444836  3 3.400   4.07375864
(30.2077736, -12.6007392, 17.0780167, -0.5198454, -0.5115148,  0.5659438, -0.3844749)    0    0 -12.09971449  4 5.000  -8.79578600
(26.8812549, -9.0368807, 28.3924423,  0.7234918, -0.6472523, -0.0264925,  0.2385837)    0    0   9.25132375  2 5.000   5.98280838
(22.7218914, -8.7715792, 24.3708603,  0.4674090, -0.3563193, -0.3168511, -0.7444264)    0    0  10.50926136  8 0.400   7.03178178
(22.7279388, -8.9847276, 24.4306944,  0.4674174, -0.3561271, -0.3166641, -0.7445925)    0    0   8.81320495  0 0.400   6.61461273
(24.1083620,  0.9403625, 22.6162760, -0.1248722,  0.2735355,  0.7718301, -0.5602351)    0    0   9.74786931  0 4.440   6.55614161
(22.7651399, -8.8479209, 24.4063781,  0.4674108, -0.3564077, -0.3169349, -0.7443473)    0    0   6.61629779  1 0.600   0.43040057
(28.3524952, -1.1435199, 22.4504474, -0.5277631, -0.0247028, -0.3879238, -0.7552291)    0    0   5.54142201  6 0.440   3.71474089
(24.1076541,  1.5412454, 22.5475558, -0.1247838,  0.2727796,  0.7716771, -0.5608338)    0    0   6.30377055  5 0.440   4.44229167
(23.1674678, -11.0279883, 16.8038843, -0.4755740,  0.2611565,  0.6659411,  0.5120050)    0    0  -1.52849644  5 2.040  -0.98188293
(25.3668261, -2.3828983, 27.4091288, -0.5690133,  0.5458195,  0.3642095, -0.4956374)    0    0   4.66439493  1 5.000   2.28225737
(28.7776153, -5.8917885, 23.3027716,  0.1050976,  0.7515650, -0.5789103, -0.2982740)    0    0  10.67029520  0 0.920   7.34305620
(22.6935135, -8.9294497, 24.6658250,  0.4674115, -0.3558522, -0.3164033, -0.7448386)    0    0   8.55827182  0 0.400   7.17217873
(22.7906643, -8.8209040, 24.3903790,  0.4674085, -0.3564730, -0.3169968, -0.7442796)    0    0  11.58331644  0 5.000   7.72274439
(31.4268940, -0.5050527, 14.7199892,  0.6538199,  0.7009642, -0.2610643, -0.1140796)    0    0 -22.47517848  0 5.000 -14.98345088
(28.4711658, -6.1553966, 23.4072958,  0.1050971,  0.7515658, -0.5789085, -0.2982756)    0    0   9.98038635  7 0.400   7.40415317
(22.5608192, -8.8125309, 24.4315111,  0.4674102, -0.3557609, -0.3163167, -0.7449199)    0    0   5.64970133  3 0.560   3.64152195
(30.1699676, -12.2719018, 16.9473087, -0.5198208, -0.5115323,  0.5659494, -0.3844768)    0    0 -12.52426835  5 4.760  -6.68658043
(28.4469481, -0.8436928, 22.4592124, -0.5277575, -0.0246934, -0.3879241, -0.7552332)    0    0   5.53768417  4 0.600   3.72309044
(28.3944781, -0.7721665, 22.2707753, -0.5278042, -0.0247657, -0.3879295, -0.7551954)    0    0   6.11007956  1 3.080   4.31259199
(28.4361390, -6.2670182, 23.4966376,  0.1050943,  0.7515650, -0.5789093, -0.2982772)    0    0   8.33649160  7 0.360   4.82492033
(25.8020700, -8.9336296, 11.1312533,  0.0053366, -0.8748684, -0.2344635, -0.4237968)    0    0 -12.24944476  5 3.800  -6.44342136
(23.3140461, -11.1800163, 17.0996832, -0.4755743,  0.2611558,  0.6659414,  0.5120047)    0    0  -1.02653844  1 5.000  -0.49081621
(23.1626530, -9.0322589, 24.4911432,  0.4674010, -0.3559781, -0.3165279, -0.7447321)    0    0   7.14799326  0 0.400   4.64054218
(28.6638760, -0.5506238, 22.2422770, -0.5277238, -0.0246398, -0.3879221, -0.7552595)    0    0   2.57687173  9 0.080   1.65008817
(24.0928201,  0.9699133, 22.5971886, -0.1248246,  0.2731117,  0.7717445, -0.5605702)    0    0   8.46584905  6 0.600   6.51905194
(27.5029711,  1.0286614, 15.4119261, -0.2139585, -0.6061527, -0.4242937, -0.6377896)    0    0  -9.56484882  5 1.640  -5.46142813
(16.9140818, -10.2443057, 16.2300513, -0.6789764, -0.1314780, -0.7147513,  0.1040923)    0    0 -117.79121284  0 5.000 -78.52747534
(26.0407884, -8.8681423, 11.0979243,  0.0053366, -0.8748682, -0.2344638, -0.4237969)    0    0 -13.56567957  8 3.880  -9.19949390
(20.6985453, -0.1611108, 26.6531679,  0.2567483,  0.5924172,  0.7585092,  0.0882387)    0    0  -0.90909308  0 0.520   1.01096913
(27.7798273, -5.1378909, 18.0347995, -0.0816734,  0.6796790,  0.5735690,  0.4498718)    0    0  -4.09912258 10 0.120  -2.20710175
(23.1774207, -8.5616065, 24.7393763,  0.4674266, -0.3554089, -0.3159959, -0.7452137)    0    0   7.80142899  0 0.400   5.19686697
(27.0802561, -5.7964307, 18.4910013, -0.0816742,  0.6796801,  0.5735661,  0.4498735)    0    0  -5.96962941  0 0.680  -4.58222553
(22.7368116, -8.7785794, 24.3707322,  0.4674100, -0.3563673, -0.3168965, -0.7443836)    0    0   9.34166452  9 0.240   4.77928507
(23.2131203, -11.0759221, 16.8980908, -0.4755742,  0.2611561,  0.6659412,  0.5120048)    0    0  -1.77074060  6 4.760  -1.38186918
(28.5288259, -5.7830945, 23.5234826,  0.1051095,  0.7515644, -0.5789148, -0.2982626)    0    0   9.73422578 19 0.600   7.04066414
(30.0062484, -12.7375296, 16.7688158, -0.5198761, -0.5114926,  0.5659365, -0.3844723)    0    0 -10.01708280  0 5.000  -6.64029249
(23.9660306,  0.7908136, 22.0497882, -0.1248049,  0.2730176,  0.7717262, -0.5606458)    0    0   5.35364479  0 0.400   4.30779144
(24.1084393,  0.9408288, 22.6161133, -0.1248098,  0.2730099,  0.7717239, -0.5606513)    0    0   9.07898089  3 1.200   6.46729186
(20.9971580, -0.0650219, 26.0714329,  0.2567556,  0.5924059,  0.7585136,  0.0882552)    0    0   1.94226982 14 0.000   3.92251573
(22.6585015, -8.8295786, 24.3659115,  0.4674695, -0.3558690, -0.3163948, -0.7447976)    0    0   8.12115920  0 0.400   7.44491338
(28.6611629, -6.0188128, 23.3688863,  0.1050989,  0.7515650, -0.5789107, -0.2982727)    0    0  10.46210164  4 1.640   6.91961875
(28.0265955, -6.3933812, 23.7273227,  0.1050851,  0.7515618, -0.5789134, -0.2982807)    0    0  10.28736392  2 0.960   6.95426822
(28.5558500, -0.5883757, 22.4724914, -0.5152728,  0.0057258, -0.4049707, -0.7552879)    0    0  -4.63346500 14 0.000  -0.36725749
(23.0456097, -8.6120668, 24.1964112,  0.4674118, -0.3563221, -0.3168544, -0.7444219)    0    0  10.15024468  8 0.080   6.99727308
(21.0610793,  0.0435039, 26.2735127,  0.2567559,  0.5924035,  0.7585148,  0.0882598)    0    0   3.83546921 10 3.960   3.83692484
(22.9426190, -8.4045456, 24.0652047,  0.4674912, -0.3556717, -0.3162060, -0.7449581)    0    0   4.01437776  0 0.400   5.55269676
(23.8362514,  0.4509711, 21.7381985, -0.1248226,  0.2731112,  0.7717439, -0.5605717)    0    0   6.12605380  0 1.160   4.08781629
(22.5176278, -8.8716047, 24.6781666,  0.4674161, -0.3558856, -0.3164407, -0.7448040)    0    0   9.53434302  3 0.560   7.35407946
(27.7617982,  0.6967586, 15.3255626, -0.2139598, -0.6061534, -0.4242932, -0.6377887)    0    0  -8.22773349  2 2.840  -5.31775047
(26.9867746, -9.1854374, 28.3590853,  0.7234918, -0.6472523, -0.0264925,  0.2385837)    0    0   9.98223119  0 5.000   6.65482652
(22.2490855, -8.5613100, 24.3424549,  0.4674073, -0.3561673, -0.3167050, -0.7445623)    0    0   9.85168437  0 0.400   6.76367752
(22.6402839, -8.8840948, 24.3754668,  0.4674183, -0.3561121, -0.3166572, -0.7446020)    0    0   7.04684647 20 0.000   5.46953492
(27.8168206,  0.6223294, 15.2999571, -0.2139584, -0.6061525, -0.4242938, -0.6377897)    0    0  -9.15378574  3 5.000  -5.22147281
(28.3892195, -1.0069010, 22.4154581, -0.5278398, -0.0248215, -0.3879330, -0.7551669)    0    0   6.13920582  0 3.320   4.11099417
(23.7584283,  0.2535388, 21.6270151, -0.1248458,  0.2733639,  0.7717957, -0.5603722)    0    0   5.73824630  1 0.680   4.32498565
(22.2431329, -8.9163176, 24.0958448,  0.4675836, -0.3551966, -0.3157160, -0.7453350)    0    0   3.48757962  0 0.400   4.46773292
(27.7687383,  0.6564168, 15.3017558, -0.2139574, -0.6061515, -0.4242947, -0.6377904)    0    0 -10.84204963 10 0.200  -7.31056593
(28.4919313, -5.9771990, 23.5248322,  0.1051068,  0.7515644, -0.5789141, -0.2982650)    0    0  10.42497255  4 0.560   7.08341771
(29.8330173, -12.7578113, 16.4861074, -0.5198485, -0.5115126,  0.5659431, -0.3844746)    0    0 -11.92302520  1 5.000  -6.70680067
(23.1128083, -10.9713425, 16.6935510, -0.4755743,  0.2611558,  0.6659414,  0.5120047)    0    0  -0.73839698  0 5.000  -0.48991634
(25.8578392, -8.8759504, 11.1395903,  0.0053366, -0.8748683, -0.2344635, -0.4237969)    0    0 -11.14897239  2 3.720  -6.73510742
(28.9085685, -5.8935987, 23.2565293,  0.1051141,  0.7515638, -0.5789171, -0.2982581)    0    0  10.51065266  3 1.800   7.07231501
(30.1225202, -12.5507808, 16.9259215, -0.5198640, -0.5115017,  0.5659396, -0.3844735)    0    0 -11.97543711  2 5.000  -8.58566346
(22.8360013, -8.8361729, 24.3821022,  0.4674125, -0.3564748, -0.3169984, -0.7442871)    0    0  10.98873896  4 3.080   7.26925176
(22.7259918, -8.8264622, 24.3807712,  0.4674099, -0.3561397, -0.3166817, -0.7445837)    0    0   9.07611169 11 0.160   5.11448894
(21.0724934,  0.3403866, 26.6486910,  0.2567560,  0.5924035,  0.7585148,  0.0882598)    0    0   3.79317875 11 1.320   3.97279249
(23.1737009, -11.0346566, 16.8162958, -0.4755741,  0.2611563,  0.6659412,  0.5120049)    0    0  -1.85686601  7 3.080  -0.81091103
(28.4874339, -1.1052152, 22.5919187, -0.5278025, -0.0247631, -0.3879293, -0.7551968)    0    0   6.03088551  2 2.680   4.00357356
(21.1716702, -0.3040674, 26.4737582,  0.2567565,  0.5924049,  0.7585138,  0.0882574)    0    0   0.56529340  1 0.840   0.76510529
(23.1133973, -9.2646527, 24.5788166,  0.4674108, -0.3564051, -0.3169321, -0.7443498)    0    0   7.86137936  1 0.560   2.68506465
(27.5675437, -6.8216796, 23.3508079,  0.1050841,  0.7515611, -0.5789137, -0.2982819)    0    0  10.09129742  2 0.720   6.89995240
(27.7431380, -0.8724529, 22.4895910, -0.5277857, -0.0247368, -0.3879278, -0.7552101)    0    0   4.20348772  1 0.600   2.03003860
(22.9075345, -8.9668174, 24.3928609,  0.4674074, -0.3562213, -0.3167597, -0.7445132)    0    0  10.13651493 11 0.000   7.19360157
(21.1455301, -0.6097536, 26.4541420,  0.2567551,  0.5924060,  0.7585135,  0.0882561)    0    0   2.35229715  1 0.560   3.68254374
(28.2255693, -7.0375283, 23.8681910,  0.1051099,  0.7515661, -0.5789089, -0.2982696)    0    0   9.70671133  4 0.480   6.74555737
(27.7203418,  0.8865841, 15.4155387, -0.2139594, -0.6061531, -0.4242935, -0.6377890)    0    0  -9.91508739  6 4.680  -7.42780960
(21.4668156,  0.6781390, 26.9437583,  0.2567560,  0.5924035,  0.7585148,  0.0882598)    0    0   3.89124038  3 0.440   4.06244087
(22.4382172, -8.7595689, 23.7148974,  0.4675794, -0.3548697, -0.3154240, -0.7456152)    0    0  -3.48791363 41 0.000  -2.35159061
(22.4601929, -8.6734160, 24.4460993,  0.4674230, -0.3559938, -0.3165493, -0.7447018)    0    0   8.65861021  1 0.480   4.57827532
(27.2807474, -5.4637423, 18.2894965, -0.0816744,  0.6796806,  0.5735651,  0.4498741)    0    0  -3.43656274  7 0.920  -2.06673872
(28.4479982, -6.2614325, 23.4884858,  0.1051046,  0.7515651, -0.5789123, -0.2982674)    0    0  10.44972876  3 0.840   6.97369767
(27.4790927,  1.0606988, 15.4208552, -0.2139603, -0.6061538, -0.4242930, -0.6377884)    0    0  -8.13521460  1 3.800  -5.46871089
(24.1084586,  0.9415502, 22.6154198, -0.1248461,  0.2733008,  0.7717824, -0.5604212)    0    0   8.97628599  4 4.680   6.60067958
(20.9956594, -0.0329649, 26.6179448,  0.2567560,  0.5924035,  0.7585148,  0.0882598)    0    0   4.22605642  7 0.680   4.17524886
(22.9391601, -10.7912749, 16.3430998, -0.4755742,  0.2611559,  0.6659414,  0.5120047)    0    0  -1.29109396  2 5.000  -0.86561959
(21.4168951, -0.5409476, 26.5659333,  0.2567562,  0.5924050,  0.7585139,  0.0882571)    0    0   1.78805892 10 0.200   3.21230966
(24.1851355,  1.3754086, 22.4268600, -0.1248497,  0.2732956,  0.7717808, -0.5604252)    0    0   6.14351451 14 0.040   4.09641530
(26.7786680, -5.2932431, 18.3469174, -0.0816754,  0.6796821,  0.5735615,  0.4498762)    0    0  -3.35070129  4 5.000  -2.29872046
(21.0468504,  0.0925653, 26.2374457,  0.2567561,  0.5924045,  0.7585142,  0.0882581)    0    0   2.66296277  4 0.640   2.93953104
(27.5764991,  1.3869759, 15.5771648, -0.2139547, -0.6061504, -0.4242952, -0.6377920)    0    0 -11.35953863  1 0.720  -7.36353207
(21.5830678,  0.4063025, 26.5832290,  0.2567559,  0.5924035,  0.7585148,  0.0882598)    0    0   4.82127179  3 4.200   4.15418393
(22.3410236, -8.6500652, 24.3576646,  0.4674125, -0.3564753, -0.3169988, -0.7442867)    0    0  11.04318193  3 5.000   7.56473825
(28.4456287, -5.8912871, 23.4241810,  0.1051042,  0.7515644, -0.5789132, -0.2982676)    0    0  10.61063277  1 1.040   7.20972398
(28.4387017, -6.3918812, 23.7875484,  0.1050906,  0.7515640, -0.5789103, -0.2982792)    0    0   9.80885651  4 0.600   6.54039367
(27.4397448, -10.8018305, 13.0668629,  0.9607080,  0.2208251, -0.0418205,  0.1628723)    0    0 -31.02387819  0 5.000 -20.68258429
(28.5388642, -0.5726842, 22.5053223, -0.5277512, -0.0246821, -0.3879253, -0.7552373)    0    0   3.48007002  0 0.520   1.36386021
(28.8395074, -5.9807619, 23.3119834,  0.1051042,  0.7515653, -0.5789113, -0.2982690)    0    0   9.68152053 21 1.960   6.83889676
(24.2039884,  0.8922193, 22.5852158, -0.1248031,  0.2729598,  0.7717147, -0.5606897)    0    0   7.89314319  1 0.720   6.31066945
(25.5222111, -2.4432576, 27.3561267, -0.5690129,  0.5458191,  0.3642093, -0.4956370)    0    0   7.19569581  0 5.000   4.79732379
(21.0170806,  0.3091134, 26.4312174,  0.2567537,  0.5924087,  0.7585126,  0.0882505)    0    0   0.67623235 11 0.040   3.61507895
(21.0974228,  0.4095119, 26.6027560,  0.2567559,  0.5924035,  0.7585148,  0.0882598)    0    0   4.67450802  6 2.120   3.94098761
(23.1065450, -10.9649519, 16.6812689, -0.4755741,  0.2611562,  0.6659412,  0.5120049)    0    0  -1.96049478  8 3.400  -0.99864310
(28.2045701, -0.8444557, 22.0737924, -0.5277894, -0.0247426, -0.3879282, -0.7552072)    0    0   5.55821244  2 0.520   3.83084065
(22.5576490, -8.7506671, 24.6979472,  0.4674210, -0.3561239, -0.3166605, -0.7445935)    0    0   9.69743874  0 0.400   7.62248513
(27.8397624,  0.4546918, 15.3047725, -0.2139574, -0.6061519, -0.4242942, -0.6377903)    0    0 -10.24318750  9 2.680  -5.23781653
(24.1929054,  1.3325200, 22.5879358, -0.1247757,  0.2727029,  0.7716616, -0.5608943)    0    0   8.24405387  8 3.560   6.41589983
(22.9609688, -9.0510615, 24.3897197,  0.4674112, -0.3564188, -0.3169454, -0.7443373)    0    0  11.08658982  2 0.800   7.70225778
(27.3622312, -5.6274891, 18.3036832, -0.0816737,  0.6796794,  0.5735678,  0.4498725)    0    0  -5.77649873 11 0.000  -4.11371363
(21.4695213,  0.4304316, 26.6099176,  0.2567559,  0.5924035,  0.7585148,  0.0882598)    0    0   5.57271832  0 1.080   5.91929320
(27.3826607, -5.3655340, 18.2204419, -0.0816749,  0.6796813,  0.5735633,  0.4498752)    0    0  -3.36146605  5 1.000  -2.26166958
(22.5220681, -8.7907745, 24.7963213,  0.4674125, -0.3564756, -0.3169991, -0.7442864)    0    0  11.20554386  1 2.760   7.71949068
(26.4174316, -8.7505737, 11.0524429,  0.0053366, -0.8748682, -0.2344638, -0.4237969)    0    0 -11.47202733  3 5.000  -8.49940984
