#Coordinates  RecID  LigID  Luciferin  Neighbor's number  Vision Range  Scoring
(-10.5092095,  9.0883271, 32.3962326, -0.2400815,  0.7555715,  0.2172675,  0.5694449)    0    0  27.69897938  6 0.320  19.12762831
(-18.7757627, 13.4168612, 27.3037388,  0.7774714,  0.4367850,  0.3720456,  0.2575609)    0    0  12.97669591  0 0.400   9.12561776
(-18.6153376, 13.8521395, 27.1516118,  0.7773742,  0.4367339,  0.3720885,  0.2578790)    0    0  12.89782639 13 0.000   8.98409984
(-10.4228120,  9.1352319, 32.6786816, -0.2400815,  0.7555715,  0.2172675,  0.5694449)    0    0  28.27421378  9 0.360  19.02742281
(-17.7801910, 18.1963582, 25.8149117,  0.0218342,  0.9933666, -0.0969571, -0.0578399)    0    0  12.33693524  4 5.000   8.69812930
(-14.7330202,  7.0518181, 31.5630411, -0.9261892,  0.3506627,  0.0773237, -0.1150226)    0    0  37.00142411  9 0.080  24.72466166
(-17.5745577, 18.0556250, 26.2566618,  0.0218342,  0.9933666, -0.0969571, -0.0578399)    0    0  13.10069143  0 5.000   8.73492841
(-18.9099573, 13.4516931, 27.3500393,  0.7776234,  0.4368421,  0.3720169,  0.2570441)    0    0  13.36040600 15 0.000   9.27376335
(-10.8013501,  9.6817712, 32.2797025, -0.2400815,  0.7555715,  0.2172675,  0.5694449)    0    0  28.91182949  2 4.200  19.24335038
(-14.5854690,  7.4752929, 31.0892833, -0.9261892,  0.3506627,  0.0773236, -0.1150226)    0    0  36.60634148  0 0.560  24.01540500
(-10.7448167,  9.5725804, 32.3375562, -0.2400815,  0.7555715,  0.2172675,  0.5694449)    0    0  28.73390759  4 4.600  19.11955760
(-14.2625167, 14.0655248, 24.6310214,  0.5795811,  0.1562717,  0.6688629,  0.4385058)    0    0  23.69740127  2 5.000  15.85060656
(-14.6742380,  6.8095873, 31.0854680, -0.9261892,  0.3506627,  0.0773237, -0.1150226)    0    0  36.26306299  0 0.400  23.89085381
(-10.4399875,  8.1967137, 29.3813726,  0.1902285, -0.1919022,  0.9108477,  0.3119987)    0    0  40.45818948  8 1.200  26.81076517
(-18.3203089, 13.4099133, 27.2840792,  0.7773434,  0.4367266,  0.3720874,  0.2579883)    0    0  12.96285016 12 0.000   9.31117129
(-14.3355192, 14.1245271, 24.5236516,  0.5795811,  0.1562717,  0.6688629,  0.4385058)    0    0  22.30699807  2 0.720  15.28566559
(-21.8436960,  5.8949964, 18.5333928, -0.1600620,  0.5257827,  0.6077026,  0.5732628)    0    0 -15.00531940  1 5.000  -9.63017377
(-14.2963228, 14.1130523, 24.5998915,  0.5795811,  0.1562717,  0.6688629,  0.4385058)    0    0  19.28664341  0 0.400  13.42754332
(-14.6928787, 14.7619124, 24.3408901,  0.5795811,  0.1562717,  0.6688629,  0.4385058)    0    0  20.09064037 13 0.000  13.42725910
(-21.5741984,  5.9776782, 18.6117788, -0.1600620,  0.5257827,  0.6077026,  0.5732628)    0    0 -19.39276500  6 4.680 -10.83301938
(-17.8945194, 13.4302438, 27.5943596,  0.7770826,  0.4366059,  0.3721739,  0.2588520)    0    0  14.12712789  3 0.480   9.74877291
(-14.7228042,  7.1540441, 30.9565433, -0.9261893,  0.3506627,  0.0773237, -0.1150226)    0    0  36.16352041  0 0.400  23.72842832
(-18.0137351, 10.3585613, 17.2979056,  0.4805839, -0.3523684,  0.4897431,  0.6364176)    0    0 -27.55544032  4 5.000 -17.48599775
(-10.9622811,  7.9520346, 29.1532520,  0.1902285, -0.1919022,  0.9108477,  0.3119987)    0    0  39.47065303  3 0.560  26.80115894
(-11.2233731,  7.7902069, 29.1308977,  0.1902285, -0.1919022,  0.9108477,  0.3119987)    0    0  40.24666545  4 0.400  26.71614769
(-14.6976255,  7.3309441, 31.3496029, -0.9261892,  0.3506627,  0.0773237, -0.1150226)    0    0  37.29554383  2 1.040  25.00367955
(-10.6021729,  7.8647160, 29.1164077,  0.1902285, -0.1919022,  0.9108477,  0.3119987)    0    0  40.79754107  1 2.560  27.09371914
(-10.6509211,  9.0772719, 32.2570483, -0.2400815,  0.7555715,  0.2172675,  0.5694449)    0    0  26.61838046  0 0.600  16.82213556
(-18.2949112, 13.5941317, 27.6187420,  0.7779112,  0.4369856,  0.3719022,  0.2560929)    0    0  13.50153980  0 0.400   9.29599491
(-18.0068514, 13.2471141, 27.2541402,  0.7770406,  0.4365867,  0.3721874,  0.2589911)    0    0  14.40055032  2 1.360   9.81757897
(-10.5640970,  7.8810159, 29.1267612,  0.1902285, -0.1919022,  0.9108477,  0.3119987)    0    0  40.62870733  3 0.800  27.26669304
(-18.4897048, 13.4338113, 27.3530167,  0.7772882,  0.4367014,  0.3721050,  0.2581715)    0    0  11.59996703 17 0.000   7.45781842
(-14.5242211, 14.4856596, 24.4679911,  0.5795811,  0.1562717,  0.6688629,  0.4385058)    0    0  23.71541515  1 5.000  15.82639461
(-25.5453754, 13.0084387, 21.6656103, -0.1063823,  0.1566430,  0.5481876,  0.8146387)    0    0  -8.27491686  3 4.440  -5.51811109
(-25.4876439, 12.7253904, 20.8201758, -0.1063823,  0.1566430,  0.5481876,  0.8146387)    0    0  -8.46777487  4 1.560  -5.41156707
(-25.5052133, 12.8685554, 21.2508649, -0.1063823,  0.1566430,  0.5481876,  0.8146387)    0    0  -9.02334607  6 3.240  -5.66854946
(-14.7161682,  7.3303240, 31.4350153, -0.9261892,  0.3506627,  0.0773237, -0.1150226)    0    0  36.72456777  3 0.560  24.39241701
(-16.1313926,  6.9877261, 26.6979816, -0.9265697, -0.2812033,  0.2494307,  0.0133307)    0    0  22.70597273  4 1.360  15.15096292
(-22.1470539,  5.5152756, 18.5523811, -0.1600620,  0.5257827,  0.6077026,  0.5732628)    0    0 -15.37043344  2 5.000 -10.73614863
(-15.0843546,  7.5426879, 31.4319330, -0.9261892,  0.3506627,  0.0773237, -0.1150226)    0    0  36.63299072  0 0.400  24.43693838
(-18.4033139, 10.0931376, 17.2878769,  0.4805839, -0.3523684,  0.4897431,  0.6364176)    0    0 -25.74609857  0 5.000 -17.16406571
(-14.3234108, 14.1417085, 24.6042912,  0.5795811,  0.1562717,  0.6688629,  0.4385058)    0    0  17.85985830  9 0.320  11.51080873
(-14.5098908, 14.3695331, 24.8602116,  0.5795811,  0.1562717,  0.6688629,  0.4385058)    0    0  19.25952590 10 0.240  12.44121762
(-18.6041901, 13.4632009, 27.4328095,  0.7704747,  0.4217984,  0.3940385,  0.2705339)    0    0  11.23197334  2 0.640   8.61215489
(-14.5243227, 14.4923611, 24.4085361,  0.5795811,  0.1562717,  0.6688629,  0.4385058)    0    0  21.96281377  8 0.400  15.23369631
(-10.6046843,  9.3444770, 32.4484628, -0.2400815,  0.7555715,  0.2172675,  0.5694449)    0    0  27.11967469  5 0.480  17.62346094
(-14.2770891, 13.9037682, 24.4861439,  0.5795811,  0.1562717,  0.6688629,  0.4385058)    0    0  18.28370366  0 0.400  11.38514197
(-18.6464772, 13.8534455, 27.4248676,  0.7779856,  0.4370049,  0.3719004,  0.2558241)    0    0  13.68224351  9 0.080   9.55396883
(-14.7535789,  7.1309121, 31.1116540, -0.9261892,  0.3506627,  0.0773237, -0.1150226)    0    0  36.64888201 12 0.000  24.67450115
(-14.4312872,  7.7083287, 31.7584131, -0.9261893,  0.3506627,  0.0773237, -0.1150226)    0    0  36.42538499  0 0.400  24.09915505
(-18.4101049, 13.6136206, 27.4679035,  0.7775952,  0.4368413,  0.3720045,  0.2571439)    0    0  13.14782470  8 0.160   9.14249899
(-14.5712729,  7.5909027, 31.5700818, -0.9261892,  0.3506627,  0.0773237, -0.1150226)    0    0  36.91732591  9 0.000  24.67812561
(-4.8488397, 12.4259716, 28.6901722,  0.3117317,  0.1151993, -0.1966731,  0.9224273)    0    0  32.10640626  0 5.000  21.43972247
(-14.6968971,  7.0015190, 31.4906279, -0.9261892,  0.3506627,  0.0773237, -0.1150226)    0    0  36.75169170  0 0.400  24.37691072
(-14.6804932,  7.3123133, 31.3668695, -0.9261892,  0.3506627,  0.0773237, -0.1150226)    0    0  37.41113603  0 5.000  24.94112573
(-18.3555459, 13.4163255, 26.9765660,  0.7773486,  0.4367310,  0.3720815,  0.2579701)    0    0  12.47135822  0 0.400   7.16790224
(-14.8714883,  7.0601847, 31.2199338, -0.9261892,  0.3506627,  0.0773237, -0.1150226)    0    0  37.25002448  3 0.560  24.94088094
(-14.0493212, 14.3395894, 24.6276835,  0.5795811,  0.1562717,  0.6688629,  0.4385058)    0    0  18.19838204  8 0.000  13.40236654
(-14.8207545,  7.3620821, 31.3319598, -0.9261892,  0.3506627,  0.0773237, -0.1150226)    0    0  36.44416708 24 0.000  24.04314473
(-22.3607835,  5.2459455, 18.5664323, -0.1600620,  0.5257827,  0.6077026,  0.5732628)    0    0 -16.24013102  3 5.000 -10.17830767
(-18.1833270, 13.5998452, 27.0847794,  0.7777076,  0.4368940,  0.3719654,  0.2567700)    0    0  12.09837309  0 0.400   7.32380256
(-10.6058558,  9.3557705, 32.4393272, -0.2400815,  0.7555715,  0.2172675,  0.5694449)    0    0  27.88519472 12 3.240  17.65132087
(-18.8082817, 13.6655600, 27.4242164,  0.7779432,  0.4370003,  0.3718917,  0.2559865)    0    0  12.37175940  0 0.400   9.29055361
(-25.5023256, 12.8907629, 21.3091882, -0.1063823,  0.1566430,  0.5481876,  0.8146387)    0    0  -8.85814483  5 1.080  -5.66835664
(-18.8317187, 13.5587819, 27.5599781,  0.7773014,  0.4367069,  0.3721018,  0.2581269)    0    0  11.23400957  6 0.320   6.89247600
(-10.6685550,  9.2886918, 32.3873206, -0.2400815,  0.7555715,  0.2172675,  0.5694449)    0    0  28.27571510  3 0.560  18.81525656
(-18.3126051, 13.4800492, 27.3169566,  0.7770596,  0.4365954,  0.3721813,  0.2589280)    0    0  14.11488696  4 0.640   9.38210242
(-14.1355121,  7.2948637, 31.3244330, -0.9261892,  0.3506627,  0.0773237, -0.1150226)    0    0  36.92502170  9 0.000  24.79134005
(-14.3871690, 14.2653555, 24.5591480,  0.5795811,  0.1562717,  0.6688629,  0.4385058)    0    0  21.17913695  9 0.640  13.15444943
(-17.6867675, 13.4984447, 27.4644686,  0.7774211,  0.4367646,  0.3720579,  0.2577318)    0    0  12.37121372  0 0.480   7.36415550
(-11.1284447,  8.1022868, 29.0387704,  0.1902285, -0.1919022,  0.9108477,  0.3119987)    0    0  39.41882450 10 0.000  27.20061426
(-14.7637940,  7.0175200, 31.6266622, -0.9261892,  0.3506627,  0.0773236, -0.1150226)    0    0  37.05586792  7 0.240  24.81746879
(-14.4414843, 14.5153966, 24.6398232,  0.5795811,  0.1562717,  0.6688629,  0.4385058)    0    0  18.54739185  6 0.240  11.15002325
(-16.4148109,  7.3156040, 26.9486382, -0.9265697, -0.2812033,  0.2494307,  0.0133307)    0    0  22.57753935  4 0.560  15.31085396
(-16.0336834,  7.3511332, 26.7791969, -0.9265697, -0.2812033,  0.2494307,  0.0133307)    0    0  22.57422103  3 0.680  14.97649792
(-14.4824218,  7.3517112, 31.3008419, -0.9261892,  0.3506627,  0.0773236, -0.1150226)    0    0  36.64893645 17 0.000  24.30264225
(-16.0946124,  7.4032854, 26.8027177, -0.9265697, -0.2812033,  0.2494307,  0.0133307)    0    0  21.99185589  6 0.560  14.53202574
(-10.8393064,  9.9642193, 32.3242830, -0.2400815,  0.7555715,  0.2172675,  0.5694449)    0    0  28.70151664  5 0.600  19.24449788
(-10.2656278,  9.4128551, 32.7960403, -0.2400815,  0.7555715,  0.2172675,  0.5694449)    0    0  26.46331064  9 0.160  17.10948209
(-25.7120378, 13.0093876, 21.9236070, -0.1063823,  0.1566430,  0.5481876,  0.8146387)    0    0 -10.86755240 10 2.200  -5.68888800
(-10.4004817,  7.7606671, 28.8575916,  0.1902285, -0.1919022,  0.9108477,  0.3119987)    0    0  39.72594830 10 0.000  27.18328380
(-10.8262771,  9.7080977, 32.2711800, -0.2400815,  0.7555715,  0.2172675,  0.5694449)    0    0  29.00065276  1 5.000  19.36475346
(-18.7676097,  9.8448130, 17.2810312,  0.4805839, -0.3523684,  0.4897431,  0.6364176)    0    0 -26.30510943  2 5.000 -17.69430014
(-18.3472992, 10.1313204, 17.2889295,  0.4805839, -0.3523684,  0.4897431,  0.6364176)    0    0 -26.04563803  1 5.000 -17.18696168
(-10.8759765,  9.0788084, 32.7602649, -0.2400815,  0.7555715,  0.2172675,  0.5694449)    0    0  27.77548412  0 0.800  18.32718897
(-18.4342391, 13.4680840, 27.3212964,  0.7771054,  0.4366186,  0.3721627,  0.2587779)    0    0  14.05937427  5 0.640   9.56810637
(-10.4874261,  7.7800566, 29.0370402,  0.1902285, -0.1919022,  0.9108477,  0.3119987)    0    0  40.32044286 11 2.760  26.79124325
(-15.9270738,  7.4060768, 26.7375893, -0.9265697, -0.2812033,  0.2494307,  0.0133307)    0    0  20.77317042 10 0.120  13.07768750
(-16.0942330,  7.9531718, 26.8037230, -0.9265697, -0.2812033,  0.2494307,  0.0133307)    0    0  21.58871831  3 0.480  14.98615645
(-18.6399274, 13.5106811, 27.2428186,  0.7769494,  0.4365448,  0.3722170,  0.2592929)    0    0  14.40182856  1 2.560   9.75737952
(-4.1542179, 12.5618348, 28.3082713,  0.3117317,  0.1151993, -0.1966731,  0.9224273)    0    0  31.95475488  2 5.000  21.49594743
(-11.0047331,  9.9171445, 32.0360017, -0.2400815,  0.7555715,  0.2172675,  0.5694449)    0    0  28.70271302  5 3.320  18.93659944
(-18.2360950, 13.4589877, 27.5050207,  0.7773083,  0.4367114,  0.3720974,  0.2581054)    0    0  13.90543817  0 0.480   9.50718871
(-14.5334690,  7.5236276, 31.2020157, -0.9261892,  0.3506627,  0.0773237, -0.1150226)    0    0  36.73321337 12 0.000  24.32837863
(-14.5142332, 14.4697693, 24.4742123,  0.5795811,  0.1562717,  0.6688629,  0.4385058)    0    0  23.63462070  4 5.000  15.70361890
(-14.9431794,  7.0954424, 31.2026151, -0.9261892,  0.3506627,  0.0773237, -0.1150226)    0    0  37.29194913  3 0.960  25.01372350
(-10.9861212,  7.8684425, 29.2965377,  0.1902285, -0.1919022,  0.9108477,  0.3119987)    0    0  38.91692711 14 0.000  24.51130405
(-15.8817641,  7.0552041, 26.5644398, -0.9265697, -0.2812033,  0.2494307,  0.0133307)    0    0  21.85396937  0 0.640  14.21937488
(-16.5825569,  7.1674046, 26.9817204, -0.9265697, -0.2812033,  0.2494307,  0.0133307)    0    0  22.71170200  3 2.840  15.36326615
(-25.6578479, 12.1851984, 29.0017115, -0.2222449,  0.9176278, -0.0040215,  0.3294698)    0    0   2.77293408  0 5.000   1.84862272
(-14.7625685,  7.2739698, 31.3616632, -0.9261892,  0.3506627,  0.0773237, -0.1150226)    0    0  37.04957619  9 0.560  24.54139485
(-18.3832380, 13.2406064, 27.2031438,  0.7774782,  0.4367898,  0.3720408,  0.2575411)    0    0  13.39379116  0 0.400   9.72881468
(-17.8441330, 18.3252418, 25.7938687,  0.0218342,  0.9933666, -0.0969571, -0.0578399)    0    0  12.67484523  3 5.000   8.68694496
(-14.9322211,  7.4376803, 31.4883060, -0.9261893,  0.3506627,  0.0773237, -0.1150226)    0    0  36.54428993 14 0.000  24.21568636
(-14.6949063,  7.5284676, 31.2031969, -0.9261892,  0.3506627,  0.0773237, -0.1150226)    0    0  37.25002189  5 0.480  24.96369549
(-14.3849491, 14.5442026, 24.8886839,  0.5795811,  0.1562717,  0.6688629,  0.4385058)    0    0  20.65202957 11 0.160  13.55938802
(-17.4775053, 17.9650752, 26.4321827,  0.0218342,  0.9933666, -0.0969571, -0.0578399)    0    0  12.93047224  1 5.000   8.76306147
(-18.8955860, 13.7141332, 27.3767788,  0.7771522,  0.4366383,  0.3721507,  0.2586219)    0    0  12.66674389  6 0.320   6.99080328
(-22.0931295,  5.5827747, 18.5490056, -0.1600620,  0.5257827,  0.6077026,  0.5732628)    0    0 -14.10032567  0 5.000  -9.40021711
(-14.4658613, 14.5638608, 24.3779645,  0.5795811,  0.1562717,  0.6688629,  0.4385058)    0    0  18.46113314  8 0.080  10.67548788
(-14.8019279,  7.5082096, 31.5437114, -0.9261892,  0.3506627,  0.0773237, -0.1150226)    0    0  36.71188222  0 0.400  24.50141739
(-10.6699243,  9.4523777, 32.3956150, -0.2400815,  0.7555715,  0.2172675,  0.5694449)    0    0  28.59292855  8 1.520  18.98832884
(-14.4075572, 13.9343689, 24.3275157,  0.5795811,  0.1562717,  0.6688629,  0.4385058)    0    0  17.74440881  0 0.560   8.95209685
(-10.5329810,  7.7283138, 29.0992645,  0.1902285, -0.1919022,  0.9108477,  0.3119987)    0    0  39.41437458  0 0.400  26.82146062
(-14.6714836,  7.2059251, 31.3911400, -0.9261892,  0.3506627,  0.0773237, -0.1150226)    0    0  36.79233885  3 0.560  24.49184719
(-15.9315270,  7.4022894, 26.7253745, -0.9265697, -0.2812033,  0.2494307,  0.0133307)    0    0  22.85547513  1 4.360  15.35359436
(-10.4995128,  9.1700647, 32.5326762, -0.2400815,  0.7555715,  0.2172675,  0.5694449)    0    0  28.79151535  3 0.680  19.32841306
(-25.5145823, 12.8536625, 21.2034351, -0.1063823,  0.1566430,  0.5481876,  0.8146387)    0    0  -8.23916156  1 3.240  -5.52013095
(-14.3080016, 14.1280821, 24.6974104,  0.5795811,  0.1562717,  0.6688629,  0.4385058)    0    0  22.26159093  4 0.320  15.75087966
(-10.5838894,  7.7165477, 28.9929135,  0.1902285, -0.1919022,  0.9108477,  0.3119987)    0    0  40.54911793  6 4.920  26.95957272
(-10.5935705,  7.9041391, 29.0039822,  0.1902285, -0.1919022,  0.9108477,  0.3119987)    0    0  39.38324143 17 0.000  26.76036604
(-25.5159308, 12.8604406, 21.2236751, -0.1063823,  0.1566430,  0.5481876,  0.8146387)    0    0  -8.18343916  0 5.000  -5.45562611
(-15.2616535,  7.1336875, 31.3787005, -0.9261892,  0.3506627,  0.0773236, -0.1150226)    0    0  36.47709992  0 0.400  24.20870418
(-16.6626471,  7.3356749, 27.1135114, -0.9265697, -0.2812033,  0.2494307,  0.0133307)    0    0  20.55369455  5 0.240  13.13609318
(-4.5357919, 12.4851641, 28.5225902,  0.3117317,  0.1151993, -0.1966731,  0.9224273)    0    0  31.93959751  3 5.000  21.22796562
(-14.5872127,  7.4527143, 31.5499081, -0.9261892,  0.3506627,  0.0773237, -0.1150226)    0    0  36.28153122  0 0.400  24.71488002
(-14.2444427, 14.0141173, 24.6440861,  0.5795811,  0.1562717,  0.6688629,  0.4385058)    0    0  20.62263087 11 0.080  13.52471312
(-14.9962635,  7.0450339, 31.4138118, -0.9261892,  0.3506627,  0.0773237, -0.1150226)    0    0  37.22025204  6 3.320  24.94364094
(-14.5300964,  7.5691521, 31.4209562, -0.9261892,  0.3506627,  0.0773237, -0.1150226)    0    0  36.83753389  0 0.400  24.48075392
(-15.8627756,  7.1977213, 26.6201232, -0.9265697, -0.2812033,  0.2494307,  0.0133307)    0    0  21.80408731  5 0.320  15.21311881
(-14.3135792,  7.4462543, 31.3079143, -0.9261892,  0.3506627,  0.0773237, -0.1150226)    0    0  37.03843643 10 0.160  24.57748991
(-14.4270474,  7.2764132, 31.2150773, -0.9261892,  0.3506627,  0.0773237, -0.1150226)    0    0  36.80475087  4 0.320  24.53176181
(-10.4261995,  7.8473276, 29.0561054,  0.1902285, -0.1919022,  0.9108477,  0.3119987)    0    0  39.92874055 14 0.000  27.30574061
(-14.5831016, 14.4558089, 24.3019029,  0.5795811,  0.1562717,  0.6688629,  0.4385058)    0    0  19.10689994 17 0.000  12.41571584
(-10.9273800,  7.9327773, 29.1998780,  0.1902285, -0.1919022,  0.9108477,  0.3119987)    0    0  40.62379818  4 5.000  26.97959561
(-25.5421092, 12.9922419, 21.6171674, -0.1063823,  0.1566430,  0.5481876,  0.8146387)    0    0  -8.24252948  2 1.880  -5.34350085
(-14.8460869,  7.4530252, 31.4731592, -0.9261892,  0.3506627,  0.0773237, -0.1150226)    0    0  37.16923223  7 0.320  24.87093251
(-14.3312191,  7.2371053, 31.4294844, -0.9261892,  0.3506627,  0.0773237, -0.1150226)    0    0  36.76554383  0 0.400  24.90872521
(-18.6889538, 13.5463443, 27.4788040,  0.7771018,  0.4366153,  0.3721667,  0.2587886)    0    0  14.09364958  4 0.480   9.60024965
(-18.4203683, 13.4664607, 27.3265543,  0.7769530,  0.4365466,  0.3722156,  0.2592806)    0    0  14.73131730  0 2.960   9.88805436
(-14.3502089, 14.4191580, 24.6452399,  0.5795811,  0.1562717,  0.6688629,  0.4385058)    0    0  19.49533719  9 0.080  13.44465846
(-11.0388777,  7.9467644, 29.2343992,  0.1902285, -0.1919022,  0.9108477,  0.3119987)    0    0  40.45570699  0 0.400  27.20037163
(-14.2855828, 14.1025603, 24.6166522,  0.5795811,  0.1562717,  0.6688629,  0.4385058)    0    0  23.56340424  5 0.640  15.69386184
(-14.2787303, 14.0915591, 24.6209201,  0.5795811,  0.1562717,  0.6688629,  0.4385058)    0    0  23.63624665  3 1.360  15.75929919
(-16.3625813,  7.1227596, 26.9463973, -0.9265697, -0.2812033,  0.2494307,  0.0133307)    0    0  20.46292802  5 0.240  13.10444098
(-25.5101637, 12.8337892, 21.1432490, -0.1063823,  0.1566430,  0.5481876,  0.8146387)    0    0 -12.14747269  9 0.200  -7.91351728
(-14.3529710, 14.1191125, 25.0016382,  0.5795811,  0.1562717,  0.6688629,  0.4385058)    0    0  20.06264476  0 0.400  14.64813469
(-16.2967126,  7.2938296, 26.8795229, -0.9265697, -0.2812033,  0.2494307,  0.0133307)    0    0  22.34964158  7 0.600  14.71332548
(-11.3257208,  7.8086686, 29.1264115,  0.1902285, -0.1919022,  0.9108477,  0.3119987)    0    0  40.53828415  6 0.440  27.16801493
(-14.3413778,  7.5453117, 31.5011260, -0.9261892,  0.3506627,  0.0773237, -0.1150226)    0    0  37.30845206  1 4.000  25.02804499
(-14.4934832, 14.4363143, 24.4871395,  0.5795811,  0.1562717,  0.6688629,  0.4385058)    0    0  23.83562873  0 5.000  15.89041916
(-4.6860883, 12.3855688, 28.7613228,  0.3117317,  0.1151993, -0.1966731,  0.9224273)    0    0  31.85346050  5 5.000  21.14592353
(-4.3799600, 12.5094056, 28.4507860,  0.3117317,  0.1151993, -0.1966731,  0.9224273)    0    0  31.93555514  4 5.000  21.43272732
(-4.8205367, 12.4310049, 28.6757290,  0.3117317,  0.1151993, -0.1966731,  0.9224273)    0    0  32.09916196  1 5.000  21.58187803
(-14.5858693,  7.3671576, 31.2373533, -0.9261892,  0.3506627,  0.0773236, -0.1150226)    0    0  36.36807761  7 0.240  24.04110388
(-18.3960010, 13.4551667, 27.3290088,  0.7770358,  0.4365841,  0.3721896,  0.2590068)    0    0  14.17078333  3 2.040   9.36040491
(-15.4369364,  7.7532942, 26.5525059, -0.9265697, -0.2812033,  0.2494307,  0.0133307)    0    0  20.34629924  8 0.160  12.93547833
(-14.1341662, 13.8134108, 24.5580294,  0.5795811,  0.1562717,  0.6688629,  0.4385058)    0    0  21.94171441  8 0.160  15.39080662
(-14.2803337,  7.2370253, 31.2635696, -0.9261452,  0.3512974,  0.0722846, -0.1165840)    0    0  36.05840878 15 0.000  24.88353662
(-10.7600970,  9.5888218, 32.3171091, -0.2400815,  0.7555715,  0.2172675,  0.5694449)    0    0  28.57266169  6 0.560  18.84197794
(-18.4197176, 13.3384980, 27.1069667,  0.7770774,  0.4366035,  0.3721756,  0.2588692)    0    0  14.01438914  6 0.320   9.51236426
(-25.8306789, 12.7251403, 21.3145819, -0.1063823,  0.1566430,  0.5481876,  0.8146387)    0    0  -9.70285252  5 0.440  -5.51155778
(-10.6951335,  7.8532614, 29.1148262,  0.1902285, -0.1919022,  0.9108477,  0.3119987)    0    0  41.48960602  0 4.240  27.66357442
(-25.6701320, 12.0322040, 28.7023288, -0.2222449,  0.9176278, -0.0040215,  0.3294698)    0    0   1.85109528  1 5.000   4.11698772
(-25.5916084, 12.8245013, 21.1463002, -0.1063823,  0.1566430,  0.5481876,  0.8146387)    0    0  -9.43065312  8 0.840  -5.63213915
(-18.3835522, 13.4697456, 27.4410764,  0.7770791,  0.4366051,  0.3721737,  0.2588643)    0    0  13.29557063  0 0.400   9.64426400
(-10.4509987,  7.8470282, 29.0881207,  0.1902285, -0.1919022,  0.9108477,  0.3119987)    0    0  40.39794123  8 0.240  27.05034031
(-18.2248267, 13.4732817, 27.3041532,  0.7771740,  0.4366504,  0.3721400,  0.2585515)    0    0  12.88187963 12 0.000   8.75849595
(-16.3782444,  7.2810008, 26.9190333, -0.9265697, -0.2812033,  0.2494307,  0.0133307)    0    0  22.74204219  2 4.880  15.04396999
(-18.2698589, 13.5619489, 27.6558580,  0.7772553,  0.4366868,  0.3721147,  0.2582797)    0    0  13.83994213  0 0.560   9.33453565
(-14.6346761,  7.5323284, 31.5533514, -0.9261892,  0.3506627,  0.0773237, -0.1150226)    0    0  36.98476043  2 0.480  24.55775724
(-18.5166076, 13.6985107, 27.4721049,  0.7774052,  0.4367564,  0.3720645,  0.2577831)    0    0  12.41679469  0 0.400   7.34193279
(-14.2375764, 14.0891913, 24.8598203,  0.5795811,  0.1562717,  0.6688629,  0.4385058)    0    0  20.57597109 13 0.080  13.38415524
(-11.1894713, 10.0233251, 31.8563740, -0.2400815,  0.7555715,  0.2172675,  0.5694449)    0    0  28.62837669  1 0.560  19.17022898
(-16.1806145,  7.2990919, 26.8175819, -0.9265697, -0.2812033,  0.2494307,  0.0133307)    0    0  22.55985107  7 4.600  14.97327739
(-18.2219882, 10.2166281, 17.2935142,  0.4805839, -0.3523684,  0.4897431,  0.6364176)    0    0 -27.04785608  3 5.000 -17.75312862
(-18.3006586, 13.7663723, 27.3351662,  0.7780982,  0.4370467,  0.3718784,  0.2554355)    0    0  12.46562720  0 0.400   7.40238714
(-14.6450714,  7.4754130, 31.5622171, -0.9261892,  0.3506627,  0.0773237, -0.1150226)    0    0  36.32089204 16 0.000  24.47688068
(-14.3951813,  7.4544406, 31.4455822, -0.9261892,  0.3506627,  0.0773237, -0.1150226)    0    0  36.90028622  9 0.080  24.63111114
(-25.5191111, 13.0248913, 21.7100534, -0.1063823,  0.1566430,  0.5481876,  0.8146387)    0    0  -9.22614132  3 0.760  -5.77807852
(-11.0229873,  7.8068217, 29.1043033,  0.1902285, -0.1919022,  0.9108477,  0.3119987)    0    0  40.76353567  2 1.280  27.40362042
(-14.7430249,  7.4020390, 31.1146701, -0.9261892,  0.3506627,  0.0773237, -0.1150226)    0    0  36.78167702 18 0.000  24.61579213
(-15.9761101,  7.3901846, 26.7447020, -0.9265697, -0.2812033,  0.2494307,  0.0133307)    0    0  22.95068076  0 5.000  15.30087162
(-11.0848230,  8.0693870, 29.2583642,  0.1902285, -0.1919022,  0.9108477,  0.3119987)    0    0  38.94316424  0 0.400  24.70718394
(-11.4142097,  7.8777855, 29.1948941,  0.1902285, -0.1919022,  0.9108477,  0.3119987)    0    0  40.58332303  0 0.720  27.23236325
(-11.3779404,  7.8965178, 29.0098174,  0.1902285, -0.1919022,  0.9108477,  0.3119987)    0    0  39.38679133 17 0.000  26.80114553
(-10.5892730,  9.3221076, 32.4575762, -0.2400815,  0.7555715,  0.2172675,  0.5694449)    0    0  29.23544337  0 3.840  19.49618852
(-11.0317706,  7.8144895, 28.7217558,  0.1902285, -0.1919022,  0.9108477,  0.3119987)    0    0  38.67122021  3 0.320  26.68505033
(-16.7166729,  7.3984715, 27.2604988, -0.9265697, -0.2812033,  0.2494307,  0.0133307)    0    0  21.81834351  2 0.400  15.08649412
(-19.1209734, 13.4904631, 27.6276796,  0.7778490,  0.4369328,  0.3719630,  0.2562776)    0    0  13.12461964  8 0.160   8.86274963
(-18.2511356, 13.2271090, 27.5130878,  0.7775833,  0.4368376,  0.3720068,  0.2571895)    0    0  11.81699784 28 0.000   7.23583159
(-22.2702357,  5.3250431, 18.5735706, -0.1600620,  0.5257827,  0.6077026,  0.5732628)    0    0 -16.81095602  5 4.120 -10.49929110
(-14.8639797,  7.3256269, 31.6151932, -0.9261893,  0.3506627,  0.0773237, -0.1150226)    0    0  36.86774583  0 0.400  24.57688469
(-14.5482273,  7.6237108, 31.6583482, -0.9261892,  0.3506627,  0.0773237, -0.1150226)    0    0  36.89290281  9 0.000  25.00216273
(-16.3730758,  7.2870392, 26.9188738, -0.9265697, -0.2812033,  0.2494307,  0.0133307)    0    0  22.31484876  9 3.960  14.61112190
(-14.3166875,  7.3452064, 31.3376630, -0.9261892,  0.3506627,  0.0773237, -0.1150226)    0    0  36.89899207  0 0.480  24.65170032
(-21.9769343,  5.7260600, 18.5425399, -0.1600620,  0.5257827,  0.6077026,  0.5732628)    0    0 -16.35231742  4 5.000 -11.47446670
(-18.3437204, 13.4434170, 27.3438760,  0.7769896,  0.4365637,  0.3722033,  0.2591603)    0    0  14.01301488  9 0.960   9.15762774
(-10.5097677,  7.8341556, 28.9735217,  0.1902285, -0.1919022,  0.9108477,  0.3119987)    0    0  40.03206181  0 0.400  26.96148383
(-17.6929019, 18.1660399, 26.0426344,  0.0218342,  0.9933666, -0.0969571, -0.0578399)    0    0  12.78424519  2 5.000   8.40131335
