#Coordinates  RecID  LigID  Luciferin  Neighbor's number  Vision Range  Scoring
(-10.8915896,  9.7397517, 32.1173641, -0.2400815,  0.7555715,  0.2172675,  0.5694449)    0    0  28.62114337  0 0.480  19.35763476
(-17.9866112, 13.3993625, 27.5134708,  0.7768846,  0.4363318,  0.3725500,  0.2593670)    0    0  14.20790916  0 0.560   9.65389964
(-18.1779497, 13.4047766, 27.4531807,  0.7770221,  0.4365779,  0.3721939,  0.2590523)    0    0  12.40162488  0 0.400   9.51455571
(-10.4074152,  9.0676803, 32.5446574, -0.2400815,  0.7555715,  0.2172675,  0.5694449)    0    0  27.50830974 11 0.000  19.41506510
(-17.3759063, 17.8711089, 26.6170542,  0.0218342,  0.9933666, -0.0969571, -0.0578399)    0    0  12.67170824  3 5.000   8.82858192
(-15.0906033,  7.4321421, 31.4984644, -0.9261892,  0.3506627,  0.0773237, -0.1150226)    0    0  37.03039197 12 0.000  24.67702071
(-17.5745577, 18.0556250, 26.2566618,  0.0218342,  0.9933666, -0.0969571, -0.0578399)    0    0  13.10238232  0 5.000   8.73492841
(-18.0870985, 13.3645025, 27.4680702,  0.7769987,  0.4365671,  0.3722016,  0.2591296)    0    0  11.67690982 22 0.000   7.31796993
(-10.8013501,  9.6817712, 32.2797025, -0.2400815,  0.7555715,  0.2172675,  0.5694449)    0    0  28.91337580  3 5.000  19.24335038
(-14.3683737,  7.0820640, 31.4915157, -0.9261892,  0.3506627,  0.0773237, -0.1150226)    0    0  36.69176767 15 0.000  24.48623853
(-10.7445022,  9.5719936, 32.3362012, -0.2400815,  0.7555715,  0.2172675,  0.5694449)    0    0  28.73965167  7 3.560  19.12031433
(-14.2648301, 14.0638741, 24.6304541,  0.5795811,  0.1562717,  0.6688629,  0.4385058)    0    0  23.69677944  4 5.000  15.85060656
(-14.0019236,  6.9736959, 31.5590992, -0.9261892,  0.3506627,  0.0773237, -0.1150226)    0    0  37.50978910  1 1.600  25.03477086
(-10.8282535,  7.5672590, 29.5049939,  0.1902285, -0.1919022,  0.9108477,  0.3119987)    0    0  40.68542738  8 0.480  27.30295666
(-18.1311095, 13.5076513, 27.5924865,  0.7769633,  0.4365513,  0.3722123,  0.2592471)    0    0  14.32493448  8 0.400   9.55198931
(-14.1587327, 14.1135816, 24.9416393,  0.5795811,  0.1562717,  0.6688629,  0.4385058)    0    0  21.83044897  0 0.640  14.58864374
(-21.8436972,  5.8949973, 18.5333919, -0.1600620,  0.5257827,  0.6077026,  0.5732628)    0    0 -15.00599515  1 5.000  -9.63017377
(-14.2502668, 14.0335036, 24.6483626,  0.5795811,  0.1562717,  0.6688629,  0.4385058)    0    0  21.46320348  7 0.320  13.42965952
(-14.4484478, 14.3704379, 24.5320695,  0.5795811,  0.1562717,  0.6688629,  0.4385058)    0    0  20.27409977  4 0.640  12.98631084
(-22.2954868,  5.3496086, 18.5541430, -0.1600620,  0.5257827,  0.6077026,  0.5732628)    0    0 -15.66853452  3 4.680  -9.63911850
(-18.4288511, 13.4695629, 27.3267767,  0.7769616,  0.4365506,  0.3722128,  0.2592525)    0    0  14.76344844  0 3.680   9.87197197
(-14.8085804,  7.3503267, 31.7359880, -0.9261892,  0.3506627,  0.0773237, -0.1150226)    0    0  36.51010453  0 0.400  24.28934788
(-18.0363535, 10.3506923, 17.1462828,  0.4805839, -0.3523684,  0.4897431,  0.6364176)    0    0 -27.38289038  4 5.000 -17.66619561
(-10.6440552,  8.1273576, 28.7224178,  0.1902285, -0.1919022,  0.9108477,  0.3119987)    0    0  41.05092446  1 0.880  27.63210419
(-10.6894686,  7.8729939, 29.0821816,  0.1902285, -0.1919022,  0.9108477,  0.3119987)    0    0  40.78948188  6 0.560  27.24062975
(-14.3310069,  7.0947613, 31.5463412, -0.9261892,  0.3506627,  0.0773237, -0.1150226)    0    0  37.20168936  7 4.000  24.53476919
(-10.6021729,  7.8647160, 29.1164077,  0.1902285, -0.1919022,  0.9108477,  0.3119987)    0    0  40.79914148  4 5.000  27.09371914
(-10.5144307,  9.2010851, 32.5210539, -0.2400815,  0.7555715,  0.2172675,  0.5694449)    0    0  28.76996352  5 0.840  19.17530852
(-18.6596516, 13.6163684, 27.3983565,  0.7769626,  0.4365510,  0.3722125,  0.2592494)    0    0  14.41633276  4 0.720   9.72129964
(-17.9720739, 13.3290131, 27.3825654,  0.7769613,  0.4365504,  0.3722129,  0.2592535)    0    0  14.57697059  1 4.160   9.84251436
(-11.1044568,  7.7558112, 29.0871767,  0.1902285, -0.1919022,  0.9108477,  0.3119987)    0    0  39.91220700  0 0.400  26.34421159
(-18.9413896, 13.7597637, 27.5384273,  0.7769249,  0.4364420,  0.3723809,  0.2593041)    0    0  14.08971073  1 0.400   9.26071230
(-14.0266277, 13.6762118, 24.7796992,  0.5795811,  0.1562717,  0.6688629,  0.4385058)    0    0  23.71559715  2 5.000  15.82639461
(-25.5005987, 12.9193275, 21.3942451, -0.1063823,  0.1566430,  0.5481876,  0.8146387)    0    0 -10.57633213 10 3.720  -5.77238493
(-25.5162514, 12.7125923, 20.7870610, -0.1063823,  0.1566430,  0.5481876,  0.8146387)    0    0  -9.03385422  4 0.600  -5.33952428
(-25.5687431, 12.9256128, 21.3965727, -0.1063823,  0.1566430,  0.5481876,  0.8146387)    0    0 -11.77039439  8 0.120  -7.97782461
(-14.8916887,  7.3643641, 31.2975186, -0.9261885,  0.3506879,  0.0771269, -0.1150837)    0    0  36.64227825 14 0.000  24.40276615
(-16.1313926,  6.9877261, 26.6979816, -0.9265697, -0.2812033,  0.2494307,  0.0133307)    0    0  23.09272714  1 4.080  15.46135951
(-22.1470540,  5.5152756, 18.5523811, -0.1600620,  0.5257827,  0.6077026,  0.5732628)    0    0 -15.37961265  2 5.000 -10.73463233
(-15.1048146,  7.4960814, 31.6289532, -0.9261892,  0.3506627,  0.0773237, -0.1150226)    0    0  36.72151699  0 0.400  24.46197780
(-18.4033139, 10.0931376, 17.2878769,  0.4805839, -0.3523684,  0.4897431,  0.6364176)    0    0 -25.74609857  0 5.000 -17.16406571
(-14.0631151, 13.7433172, 24.7561720,  0.5795811,  0.1562717,  0.6688629,  0.4385058)    0    0  23.32131626  2 0.880  15.61383317
(-14.1356497, 13.9137363, 24.4961176,  0.5795811,  0.1562717,  0.6688629,  0.4385058)    0    0  21.81082088  8 0.320  15.35350077
(-18.4590936, 13.5444651, 27.4549587,  0.7768724,  0.4363261,  0.3725540,  0.2594072)    0    0  14.30119031  0 0.480   9.85587215
(-13.9648520, 13.4533589, 24.6312708,  0.5795811,  0.1562717,  0.6688629,  0.4385058)    0    0  20.99822535  0 0.640  13.72431518
(-10.8907768,  9.8313027, 32.3203486, -0.2400815,  0.7555715,  0.2172675,  0.5694449)    0    0  28.26703247  5 0.240  19.01397532
(-14.7557159, 14.7702899, 24.2117931,  0.5795811,  0.1562717,  0.6688629,  0.4385058)    0    0  17.69607660 11 0.080  10.39467049
(-18.5594322, 13.4293028, 27.3282069,  0.7769524,  0.4364544,  0.3723724,  0.2592130)    0    0  13.77479242 13 0.000   9.54965622
(-14.6093300,  7.3891776, 31.5786639, -0.9261892,  0.3506627,  0.0773237, -0.1150226)    0    0  36.11162245 11 0.000  23.85381162
(-14.5680194,  7.3710450, 31.7274380, -0.9261892,  0.3506627,  0.0773237, -0.1150226)    0    0  36.81317139  0 0.560  24.27397921
(-17.9381792, 12.9784595, 27.1114223,  0.7770138,  0.4365744,  0.3721962,  0.2590798)    0    0  12.54874772  1 0.480   8.73237312
(-15.0858403,  7.2860988, 31.6721369, -0.9261891,  0.3506677,  0.0772843, -0.1150348)    0    0  37.04203168  8 0.240  24.89797080
(-3.9952448, 12.5719787, 28.2674550,  0.3117317,  0.1151993, -0.1966731,  0.9224273)    0    0  32.70973725  3 5.000  21.82325813
(-15.0445414,  7.2916713, 31.5620567, -0.9261892,  0.3506627,  0.0773237, -0.1150226)    0    0  37.07294259  0 0.400  24.84350851
(-14.6467787,  7.0342265, 31.4937571, -0.9259086,  0.3531618,  0.0571597, -0.1212550)    0    0  32.39264361  6 0.320  24.16017007
(-18.0650529, 13.3663862, 27.4336852,  0.7770264,  0.4365801,  0.3721922,  0.2590381)    0    0  13.54183252 14 0.000   9.77781363
(-15.0063045,  7.4100658, 31.5080176, -0.9261892,  0.3506627,  0.0773237, -0.1150226)    0    0  36.92665836  9 0.080  24.50808193
(-14.1156237, 14.3323336, 24.2723972,  0.5795811,  0.1562717,  0.6688629,  0.4385058)    0    0  19.37063154  4 0.240  15.74815327
(-14.7633085,  7.6053134, 31.3867765, -0.9261892,  0.3506627,  0.0773237, -0.1150226)    0    0  36.16654178  0 0.400  24.33652443
(-22.3478815,  5.2366854, 18.5751291, -0.1600620,  0.5257827,  0.6077026,  0.5732628)    0    0 -16.27922901  4 5.000 -10.16063725
(-18.7369102, 13.6019845, 27.1796304,  0.7769749,  0.4365567,  0.3722084,  0.2592087)    0    0  14.43800875  3 0.800   9.70127613
(-10.5648368,  9.2823103, 32.4767945, -0.2400815,  0.7555715,  0.2172675,  0.5694449)    0    0  28.92643215  2 1.560  19.32715745
(-18.6889467, 13.3190857, 27.2454251,  0.7769957,  0.4365663,  0.3722017,  0.2591398)    0    0  13.27488546  2 0.320   9.72589215
(-25.6219212, 13.0675995, 21.8537286, -0.1063823,  0.1566430,  0.5481876,  0.8146387)    0    0  -8.92959442  3 1.240  -5.49234155
(-18.6893770, 13.3570136, 27.2161670,  0.7769706,  0.4365547,  0.3722099,  0.2592229)    0    0  14.30714630  4 0.320   9.73178538
(-10.8841840, 10.2330308, 32.2150687, -0.2400815,  0.7555715,  0.2172675,  0.5694449)    0    0  28.53639722  6 0.320  18.96622161
(-18.5566188, 13.3338450, 27.0509016,  0.7769784,  0.4365583,  0.3722073,  0.2591972)    0    0  14.28871674 12 0.000   9.60744183
(-14.1682521,  7.1803339, 31.3471168, -0.9261892,  0.3506627,  0.0773237, -0.1150226)    0    0  37.28231998  3 0.800  24.83885225
(-14.6240348, 14.6712947, 24.3914955,  0.5795811,  0.1562717,  0.6688629,  0.4385058)    0    0  21.92692489  5 0.480  13.46978796
(-18.4092687, 13.4838323, 27.4284620,  0.7768890,  0.4363338,  0.3725486,  0.2593524)    0    0  13.53292131  6 0.320   9.22785764
(-11.2004560,  7.7308938, 29.3517836,  0.1902285, -0.1919022,  0.9108477,  0.3119987)    0    0  40.68855019  2 0.560  27.25501917
(-14.7515196,  7.1660120, 31.2292495, -0.9261892,  0.3506627,  0.0773237, -0.1150226)    0    0  37.06974911  4 0.560  24.82124176
(-13.9890868, 13.7283631, 24.8642341,  0.5795811,  0.1562717,  0.6688629,  0.4385058)    0    0  19.44530543  6 0.480   9.34951226
(-15.7324474,  7.6472503, 26.9611205, -0.9265697, -0.2812033,  0.2494307,  0.0133307)    0    0  21.80636125  0 0.400  14.50752100
(-16.0336834,  7.3511332, 26.7791969, -0.9265697, -0.2812033,  0.2494307,  0.0133307)    0    0  23.26560056  0 3.800  15.52726841
(-14.8002693,  7.1952033, 31.7129011, -0.9261892,  0.3506627,  0.0773237, -0.1150226)    0    0  36.74997385  8 0.160  24.59912351
(-16.3723312,  7.6207329, 26.9824762, -0.9265697, -0.2812033,  0.2494307,  0.0133307)    0    0  22.24557025  6 0.320  14.79573974
(-11.0315543,  9.8808623, 31.9676034, -0.2400815,  0.7555715,  0.2172675,  0.5694449)    0    0  28.69829692  8 0.280  19.16791679
(-10.6038377,  9.3438217, 32.4381854, -0.2400815,  0.7555715,  0.2172675,  0.5694449)    0    0  28.58745378  3 0.320  19.21152132
(-25.5033255, 12.7985443, 21.0642483, -0.1063823,  0.1566430,  0.5481876,  0.8146387)    0    0  -9.67917403  5 0.360  -5.60551474
(-10.6829597,  7.8765355, 29.0826783,  0.1902285, -0.1919022,  0.9108477,  0.3119987)    0    0  40.96722182  2 1.600  27.38536495
(-10.8262771,  9.7080977, 32.2711800, -0.2400815,  0.7555715,  0.2172675,  0.5694449)    0    0  29.00024110  1 5.000  19.36475346
(-18.7676097,  9.8448130, 17.2810312,  0.4805839, -0.3523684,  0.4897431,  0.6364176)    0    0 -26.30510936  2 5.000 -17.69430014
(-18.3472992, 10.1313204, 17.2889295,  0.4805839, -0.3523684,  0.4897431,  0.6364176)    0    0 -26.04563399  1 5.000 -17.18696168
(-10.7729691,  9.8240557, 32.1932399, -0.2400815,  0.7555715,  0.2172675,  0.5694449)    0    0  27.88501984  8 0.080  18.87010891
(-18.6357446, 13.5337830, 27.2946633,  0.7769608,  0.4365502,  0.3722131,  0.2592554)    0    0  14.39357295  6 1.440   9.68708287
(-11.4191490,  8.1705074, 29.1776907,  0.1902285, -0.1919022,  0.9108477,  0.3119987)    0    0  38.57493039  0 0.800  24.51045126
(-16.2118173,  6.8739864, 26.4659457, -0.9265697, -0.2812033,  0.2494307,  0.0133307)    0    0  19.89881558  4 0.400  13.46839783
(-16.0583330,  7.4540085, 26.8454610, -0.9265697, -0.2812033,  0.2494307,  0.0133307)    0    0  22.15633629  7 0.480  14.37125667
(-18.2540031, 13.3824666, 27.3767209,  0.7769794,  0.4365587,  0.3722070,  0.2591939)    0    0  14.34268060  7 1.600   9.51578135
(-3.9644253, 12.6324580, 28.1294275,  0.3117317,  0.1151993, -0.1966731,  0.9224273)    0    0  32.83953395  2 5.000  22.03668012
(-10.5368163,  9.1673860, 32.4925603, -0.2400815,  0.7555715,  0.2172675,  0.5694449)    0    0  28.78289552  4 2.440  19.34212297
(-18.5157256, 13.5101191, 27.3249369,  0.7769848,  0.4365612,  0.3722052,  0.2591760)    0    0  13.68151389  7 0.320   8.68707969
(-14.2523992,  7.0345332, 31.6410114, -0.9261892,  0.3506627,  0.0773237, -0.1150226)    0    0  37.23498400  0 0.480  24.97687175
(-14.0168909, 13.6601361, 24.7858376,  0.5795811,  0.1562717,  0.6688629,  0.4385058)    0    0  23.63463938  5 5.000  15.70361890
(-14.0938063,  7.1475092, 31.4086733, -0.9261892,  0.3506627,  0.0773237, -0.1150226)    0    0  37.22838497  5 2.080  24.82262560
(-10.5170450,  7.9794151, 29.1642268,  0.1902285, -0.1919022,  0.9108477,  0.3119987)    0    0  40.09204749  6 0.720  26.76272186
(-16.7690838,  7.7753227, 26.9677262, -0.9265697, -0.2812033,  0.2494307,  0.0133307)    0    0  20.66361330  0 0.880  13.36343595
(-15.8876391,  7.6632851, 26.8104845, -0.9265697, -0.2812033,  0.2494307,  0.0133307)    0    0  22.50557125  5 2.440  15.10079646
(-25.6578479, 12.1851984, 29.0017115, -0.2222449,  0.9176278, -0.0040215,  0.3294698)    0    0   2.77293408  0 5.000   1.84862272
(-14.9493462,  7.3186065, 31.3253054, -0.9261892,  0.3506627,  0.0773237, -0.1150226)    0    0  36.92174654  3 0.560  24.55936840
(-18.3578938, 13.1862190, 26.8408337,  0.7769403,  0.4363575,  0.3725318,  0.2591831)    0    0  12.04932205  0 0.400   8.49057676
(-17.8441101, 18.3252408, 25.7939378,  0.0218342,  0.9933666, -0.0969571, -0.0578399)    0    0  11.98501468  4 5.000   8.68639100
(-15.1448829,  7.0337069, 31.3098826, -0.9261892,  0.3506627,  0.0773237, -0.1150226)    0    0  36.14620641  2 0.880  23.45904479
(-14.3891432,  6.9490140, 31.6805418, -0.9261887,  0.3506828,  0.0771662, -0.1150715)    0    0  36.97788074  0 0.400  24.71543334
(-14.1668450, 13.7498126, 24.4792282,  0.5795811,  0.1562717,  0.6688629,  0.4385058)    0    0  21.60179928  7 0.240  15.34170878
(-17.4775053, 17.9650752, 26.4321827,  0.0218342,  0.9933666, -0.0969571, -0.0578399)    0    0  12.93124157  1 5.000   8.76306147
(-18.5614213, 13.2823698, 26.8405598,  0.7770141,  0.4365745,  0.3721961,  0.2590788)    0    0  13.19545068  9 0.160   9.04244157
(-22.0931295,  5.5827747, 18.5490056, -0.1600620,  0.5257827,  0.6077026,  0.5732628)    0    0 -14.10032567  0 5.000  -9.40021711
(-14.3352314, 14.4300538, 24.9744451,  0.5795811,  0.1562717,  0.6688629,  0.4385058)    0    0  20.38508755  0 0.480  14.80006432
(-15.0722357,  7.2950318, 31.7405665, -0.9261892,  0.3506627,  0.0773237, -0.1150226)    0    0  36.62950518 14 0.000  24.45996260
(-10.6984712,  9.4654701, 32.3855604, -0.2400815,  0.7555715,  0.2172675,  0.5694449)    0    0  28.59644062  7 0.320  18.94078613
(-14.5796821, 14.4976917, 24.3057439,  0.5795811,  0.1562717,  0.6688629,  0.4385058)    0    0  22.48784705  2 0.640  15.72017831
(-11.1352801,  7.4714659, 29.1669451,  0.1902285, -0.1919022,  0.9108477,  0.3119987)    0    0  40.36337220  3 0.320  27.24864384
(-14.4506859,  7.1138999, 31.5884251, -0.9261892,  0.3506627,  0.0773237, -0.1150226)    0    0  37.20487174  6 0.800  24.75842732
(-16.0518693,  6.6957464, 26.7314442, -0.9265697, -0.2812033,  0.2494307,  0.0133307)    0    0  20.55534957  3 0.440  12.39138756
(-10.4817407,  9.2945707, 32.8795508, -0.2400815,  0.7555715,  0.2172675,  0.5694449)    0    0  28.26682302  0 0.680  18.61824362
(-25.5121264, 12.8545675, 21.2062793, -0.1063823,  0.1566430,  0.5481876,  0.8146387)    0    0  -9.97161634  9 4.280  -7.95737504
(-14.3560704, 14.1761180, 24.5740700,  0.5795811,  0.1562717,  0.6688629,  0.4385058)    0    0  22.31764167  7 0.560  15.97575829
(-10.7630709,  7.5381529, 29.0766049,  0.1902285, -0.1919022,  0.9108477,  0.3119987)    0    0  40.18504149 13 1.800  26.76421093
(-11.1618932,  7.4334016, 29.0102901,  0.1902285, -0.1919022,  0.9108477,  0.3119987)    0    0  39.29071836  0 0.480  26.49275319
(-25.4986466, 12.7010579, 20.7501632, -0.1063823,  0.1566430,  0.5481876,  0.8146387)    0    0  -9.55141208  6 4.760  -5.44996517
(-15.0050062,  6.9372896, 31.6599927, -0.9261892,  0.3506627,  0.0773237, -0.1150226)    0    0  36.91551812  7 0.080  24.72302629
(-16.3938047,  7.1725816, 26.8187672, -0.9265697, -0.2812033,  0.2494307,  0.0133307)    0    0  22.39395236  7 0.400  14.97985638
(-3.9080728, 12.3892373, 28.6638046,  0.3117317,  0.1151993, -0.1966731,  0.9224273)    0    0  32.57838362  5 5.000  21.60552406
(-14.3997234,  7.1175424, 31.5481792, -0.9261892,  0.3506627,  0.0773237, -0.1150226)    0    0  37.55078889  0 2.640  25.07123374
(-14.2312841, 14.3284285, 24.3955276,  0.5795811,  0.1562717,  0.6688629,  0.4385058)    0    0  18.80152590  6 0.320  13.51458870
(-14.3758789,  7.2105203, 31.2724114, -0.9261892,  0.3506627,  0.0773237, -0.1150226)    0    0  36.68405879  0 0.400  24.37999219
(-14.8606028,  7.4878162, 31.1445892, -0.9261892,  0.3506627,  0.0773237, -0.1150226)    0    0  36.78771383  3 0.480  24.62464933
(-15.9732538,  7.2753982, 26.7226713, -0.9265697, -0.2812033,  0.2494307,  0.0133307)    0    0  22.74450601  3 0.720  15.39433551
(-14.4552389,  7.1333155, 31.5555750, -0.9261892,  0.3506627,  0.0773237, -0.1150226)    0    0  37.19609957  4 0.640  24.70871654
(-14.5848283,  7.2582696, 31.0480743, -0.9261892,  0.3506627,  0.0773237, -0.1150226)    0    0  36.99154473  6 0.320  24.56625530
(-10.9611379,  7.7492159, 29.3014347,  0.1902285, -0.1919022,  0.9108477,  0.3119987)    0    0  40.08170440  0 0.480  27.33491477
(-13.9280812, 13.5237246, 24.8928439,  0.5795811,  0.1562717,  0.6688629,  0.4385058)    0    0  21.37506879  6 0.240  13.39473696
(-10.7637136,  7.6380377, 29.4133793,  0.1902285, -0.1919022,  0.9108477,  0.3119987)    0    0  39.63600281 19 3.880  25.16554552
(-25.5106277, 12.8337537, 21.1439968, -0.1063823,  0.1566430,  0.5481876,  0.8146387)    0    0  -8.01752946  0 5.000  -5.34350085
(-14.1250693,  7.2913629, 30.9817900, -0.9261892,  0.3506627,  0.0773237, -0.1150226)    0    0  36.89007345  0 0.400  24.80455125
(-14.5460739,  7.2457117, 31.3881631, -0.9261892,  0.3506627,  0.0773237, -0.1150226)    0    0  37.18769471  9 0.480  24.79516379
(-18.3027288, 13.3015585, 27.2644291,  0.7769651,  0.4365522,  0.3722116,  0.2592410)    0    0  11.72521832 14 0.000   7.12085163
(-18.2882140, 13.3557434, 27.3332786,  0.7532007,  0.3901177,  0.4371735,  0.2989585)    0    0   4.95548145 16 0.000   3.20631477
(-14.4504930, 14.3779843, 24.4980444,  0.5795811,  0.1562717,  0.6688629,  0.4385058)    0    0  20.61385486  0 0.400  13.54995020
(-10.8025597,  7.8470777, 29.1236787,  0.1902285, -0.1919022,  0.9108477,  0.3119987)    0    0  40.30459102  4 0.480  26.57687185
(-14.0389185, 13.6963218, 24.7719809,  0.5795811,  0.1562717,  0.6688629,  0.4385058)    0    0  24.05110147  0 1.760  16.11504630
(-14.2809716, 14.0899594, 24.6203703,  0.5795811,  0.1562717,  0.6688629,  0.4385058)    0    0  23.89177764  1 2.960  16.15197305
(-15.9772191,  7.2007252, 26.6563755, -0.9265697, -0.2812033,  0.2494307,  0.0133307)    0    0  21.91178562  1 0.560  14.29630355
(-25.5584649, 12.9906319, 21.6150867, -0.1063823,  0.1566430,  0.5481876,  0.8146387)    0    0  -8.18812655  1 2.600  -5.34818746
(-13.9880206, 13.6140851, 24.6814330,  0.5795811,  0.1562717,  0.6688629,  0.4385058)    0    0  21.23681338  5 0.400  14.80730076
(-15.9755903,  7.1779943, 26.7142098, -0.9265697, -0.2812033,  0.2494307,  0.0133307)    0    0  22.47607694  4 0.440  15.20432414
(-10.8196939,  7.6035687, 29.3796815,  0.1902285, -0.1919022,  0.9108477,  0.3119987)    0    0  40.02541906 14 0.000  26.62583645
(-14.0286157,  6.9465277, 31.8414583, -0.9261892,  0.3506627,  0.0773237, -0.1150226)    0    0  36.78899799  8 0.320  24.09625112
(-13.9961347, 13.6266735, 24.7987903,  0.5795811,  0.1562717,  0.6688629,  0.4385058)    0    0  23.70946438  3 5.000  15.68014522
(-4.0824101, 12.4384693, 28.5743513,  0.3117317,  0.1151993, -0.1966731,  0.9224273)    0    0  32.92203834  0 5.000  21.95828807
(-4.0995434, 12.4140381, 28.6306468,  0.3117317,  0.1151993, -0.1966731,  0.9224273)    0    0  32.87403433  1 5.000  21.90610666
(-3.8811462, 12.4530539, 28.5188028,  0.3117317,  0.1151993, -0.1966731,  0.9224273)    0    0  32.60192917  4 5.000  21.62453934
(-14.8040431,  7.5486729, 31.8946959, -0.9261892,  0.3506627,  0.0773237, -0.1150226)    0    0  37.15210199  2 0.560  24.97105890
(-18.1343292, 13.3750907, 27.3713781,  0.7769609,  0.4365502,  0.3722130,  0.2592548)    0    0  14.43989311  2 3.640   9.53445642
(-16.1608288,  7.5086547, 26.9522309, -0.9265697, -0.2812033,  0.2494307,  0.0133307)    0    0  21.24900375 13 0.160  14.35639341
(-14.0834291, 14.3750249, 24.2407486,  0.5795811,  0.1562717,  0.6688629,  0.4385058)    0    0  20.43195092 10 0.160  15.85886507
(-14.7934842,  7.0949869, 31.3102982, -0.9261887,  0.3506828,  0.0771662, -0.1150715)    0    0  36.62414911  6 0.320  24.31168671
(-10.5182609,  9.2047401, 32.5149035, -0.2400815,  0.7555715,  0.2172675,  0.5694449)    0    0  28.75520876  6 0.640  19.25924416
(-18.3228449, 13.2406252, 26.9846781,  0.7769762,  0.4365573,  0.3722080,  0.2592044)    0    0  14.29383636  9 0.080   9.71526573
(-25.6294615, 12.9018451, 21.5145904, -0.1063823,  0.1566430,  0.5481876,  0.8146387)    0    0  -9.72655117  6 0.360  -5.51120073
(-10.6951335,  7.8532614, 29.1148262,  0.1902285, -0.1919022,  0.9108477,  0.3119987)    0    0  41.49532684  0 5.000  27.66357442
(-25.6701320, 12.0322040, 28.7023288, -0.2222449,  0.9176278, -0.0040215,  0.3294698)    0    0   1.85109528  1 5.000   4.11698772
(-25.5104028, 12.8330161, 21.1417819, -0.1063823,  0.1566430,  0.5481876,  0.8146387)    0    0  -8.19293344  2 2.760  -5.50351937
(-18.4881333, 13.5723334, 27.3065845,  0.7770246,  0.4365796,  0.3721921,  0.2590444)    0    0  12.89365523  0 0.480   7.53856852
(-10.7567876,  7.7348549, 28.7143729,  0.1902285, -0.1919022,  0.9108477,  0.3119987)    0    0  38.42831051  0 0.720  23.78281308
(-18.1422295, 13.2623988, 27.3641691,  0.7769936,  0.4365653,  0.3722023,  0.2591470)    0    0  13.05715659  0 0.400   9.82550907
(-15.8869423,  7.2770086, 26.7256062, -0.9265697, -0.2812033,  0.2494307,  0.0133307)    0    0  21.24152492 14 4.280  12.93702363
(-18.5796120, 13.6269468, 27.5178057,  0.7769640,  0.4365517,  0.3722120,  0.2592446)    0    0  14.39569100  5 0.480   9.72551406
(-15.2639551,  7.6404789, 31.6601904, -0.9261892,  0.3506627,  0.0773237, -0.1150226)    0    0  36.88911334  5 0.320  24.67133184
(-18.1222027, 13.4052906, 27.4109773,  0.7769908,  0.4365638,  0.3722035,  0.2591559)    0    0  14.13673685 14 0.000   9.60624777
(-14.2535010, 14.0026045, 24.5082187,  0.5795811,  0.1562717,  0.6688629,  0.4385058)    0    0  21.36397138  7 0.240  14.80986421
(-10.6337376,  9.4307095, 32.3778687, -0.2400815,  0.7555715,  0.2172675,  0.5694449)    0    0  27.17030315  4 0.560  17.79353777
(-15.9311624,  7.3778465, 26.7343765, -0.9265697, -0.2812033,  0.2494307,  0.0133307)    0    0  22.10095118 10 0.840  14.66020181
(-19.0480184,  9.6533162, 17.2828618,  0.4805839, -0.3523684,  0.4897431,  0.6364176)    0    0 -26.72662566  3 5.000 -17.75234500
(-18.3086138, 13.7662361, 27.3845999,  0.7768393,  0.4362188,  0.3727215,  0.2594458)    0    0  13.07371789  0 0.640   7.48943217
(-14.2400812,  7.2599630, 31.6842417, -0.9261892,  0.3506627,  0.0773237, -0.1150226)    0    0  36.91048969  9 0.080  24.40853548
(-14.4309985,  7.0742355, 31.6059245, -0.9261892,  0.3506627,  0.0773237, -0.1150226)    0    0  36.58344989  8 0.240  24.55759035
(-25.5706855, 13.0217294, 21.7095742, -0.1063823,  0.1566430,  0.5481876,  0.8146387)    0    0  -9.53704587  5 0.680  -5.45607053
(-11.0449815,  7.7989481, 29.1811419,  0.1902285, -0.1919022,  0.9108477,  0.3119987)    0    0  40.90387779  3 2.640  27.37628701
(-14.7282594,  7.3146673, 31.5777802, -0.9261892,  0.3506627,  0.0773237, -0.1150226)    0    0  36.45006666 13 0.000  24.18029629
(-15.9365594,  7.3906271, 26.7785022, -0.9265697, -0.2812033,  0.2494307,  0.0133307)    0    0  20.55558934 16 1.960  13.64366497
(-11.2357987,  8.0427162, 29.3115481,  0.1902285, -0.1919022,  0.9108477,  0.3119987)    0    0  39.76282736  9 0.080  26.41876708
(-10.2806134,  7.8958350, 29.1149615,  0.1902285, -0.1919022,  0.9108477,  0.3119987)    0    0  40.79245668  5 0.560  27.51925238
(-10.9343988,  7.7638664, 29.1345629,  0.1902285, -0.1919022,  0.9108477,  0.3119987)    0    0  37.92626933  4 0.480  24.67742380
(-10.5892730,  9.3221076, 32.4575762, -0.2400815,  0.7555715,  0.2172675,  0.5694449)    0    0  29.24422934  0 5.000  19.49618852
(-10.9055534,  7.9465972, 29.3946010,  0.1902285, -0.1919022,  0.9108477,  0.3119987)    0    0  40.61799332  9 0.320  27.04768150
(-15.7559227,  7.6971513, 26.7927773, -0.9265697, -0.2812033,  0.2494307,  0.0133307)    0    0  22.78836756  2 1.440  15.61491601
(-18.1466058, 12.9985235, 27.5026394,  0.7769751,  0.4363731,  0.3725211,  0.2590674)    0    0  13.37742057  0 0.800   8.91595179
(-18.2595918, 13.3455142, 27.1889355,  0.7769725,  0.4364637,  0.3723657,  0.2591464)    0    0  13.39386514 14 0.000   9.26634766
(-22.2985846,  5.3437057, 18.5550939, -0.1600620,  0.5257827,  0.6077026,  0.5732628)    0    0 -16.68390952  6 4.040  -9.92414236
(-14.9376220,  7.3146426, 31.5320662, -0.9261892,  0.3506627,  0.0773237, -0.1150226)    0    0  37.29475958  0 0.640  25.07388551
(-14.5714919,  7.3204722, 31.3574040, -0.9261892,  0.3506627,  0.0773237, -0.1150226)    0    0  36.84383411  8 0.080  24.54515529
(-16.0122235,  7.4311276, 26.7971586, -0.9265697, -0.2812033,  0.2494307,  0.0133307)    0    0  22.59176673  4 3.080  14.98425165
(-14.8865295,  7.3293728, 31.7524301, -0.9261892,  0.3506627,  0.0773237, -0.1150226)    0    0  36.70870358 11 0.080  24.35905959
(-21.9760452,  5.7255422, 18.5430944, -0.1600620,  0.5257827,  0.6077026,  0.5732628)    0    0 -16.40135136  5 5.000 -11.48059271
(-18.3354113, 13.4443553, 27.3312991,  0.7769613,  0.4365504,  0.3722129,  0.2592535)    0    0  14.17019833 13 0.080   9.19232274
(-10.6826768,  7.1587298, 29.5048150,  0.1902285, -0.1919022,  0.9108477,  0.3119987)    0    0  40.24517756  4 0.480  27.22323713
(-17.6929019, 18.1660399, 26.0426344,  0.0218342,  0.9933666, -0.0969571, -0.0578399)    0    0  12.78643148  2 5.000   8.40131335
