#Coordinates  RecID  LigID  Luciferin  Neighbor's number  Vision Range  Scoring
(-4.6104471, -18.2719812, 43.4476459, -0.3671472, -0.6410767, -0.0603488, -0.6712537)    0    0  19.98850957  3 0.560  13.48869342
(-6.5768541, -16.0943199, 49.5298309, -0.0236912,  0.5187041, -0.3375113, -0.7850020)    0    0  12.45735681 10 2.280   9.15366988
(-0.2824999, -21.3874897, 41.1877236, -0.0688112,  0.5347806,  0.0948457,  0.8368267)    0    0  22.42425500  2 5.000  15.27027575
(-7.9242917, -8.5594147, 48.4312924, -0.0437944,  0.7465024, -0.6010537, -0.2820473)    0    0  13.11517824  5 0.480   8.71109754
(-11.5088177, -17.6321026, 43.4786393, -0.3286967, -0.3060405, -0.0505183, -0.8920457)    0    0  20.23011356  4 0.320  13.29172038
(-9.9299920, -20.2962190, 40.1374286, -0.2999378, -0.4823566,  0.1139425, -0.8150991)    0    0  21.37114920  0 3.520  14.25254724
(-7.0184675, -16.1227372, 49.5897182, -0.0341354,  0.5192338, -0.3478660, -0.7798848)    0    0  14.23127513  9 0.520   9.47549234
(-5.0951515, -17.6137663, 43.6450237, -0.3413857, -0.6386631, -0.0630155, -0.6867272)    0    0  17.39960098 16 0.000  11.80506145
(-0.5387358, -21.5462820, 40.8055285, -0.0688137,  0.5347796,  0.0948459,  0.8368272)    0    0  22.10948288  7 1.880  14.69749774
( 0.0094920, -14.7749569, 47.7822718, -0.2762599,  0.7437996, -0.5401391,  0.2805215)    0    0  13.23004617  6 4.280   8.74477025
(-4.8514411, -17.7880142, 43.7608589, -0.3671477, -0.6410747, -0.0603498, -0.6712553)    0    0  19.88299461  8 0.320  13.11722867
(-5.6776055, -19.0214530, 50.6840380, -0.6422770,  0.7621880, -0.0365638,  0.0721994)    0    0  12.01714013  7 0.920   7.91850523
(-11.4800072, -17.1239177, 43.6929749, -0.3287066, -0.3060174, -0.0505786, -0.8920466)    0    0  20.01830277 20 0.000  13.21523042
(-4.6836989, -18.0799406, 43.8089372, -0.3671477, -0.6410746, -0.0603498, -0.6712553)    0    0  19.72387925  0 0.400  13.08708412
(-7.7596661, -8.4180567, 48.5260718, -0.0437944,  0.7465024, -0.6010537, -0.2820474)    0    0  13.21980576  6 4.920   8.76450917
(-8.3968839, -15.1398735, 51.3228987, -0.2903628, -0.4436383, -0.0097371,  0.8478087)    0    0  14.41358595  1 3.880   9.69458559
(-0.5932907, -21.6398782, 40.9686702, -0.0688129,  0.5347800,  0.0948458,  0.8368270)    0    0  22.15708537  1 0.600  15.01827144
(-8.1173120, -15.0399848, 51.3104404, -0.2903628, -0.4436383, -0.0097371,  0.8478087)    0    0  14.23727097  7 3.000   9.48727026
(-11.7783611, -16.9881040, 43.6923968, -0.3286903, -0.3060748, -0.0504728, -0.8920389)    0    0  20.45925919  6 0.240  13.72910461
(-13.2869820, -19.5852833, 50.6696608,  0.2433939,  0.0199429,  0.8088213, -0.5349483)    0    0  13.07630534  1 5.000   8.72169754
(-9.9118808, -20.8571937, 40.3202033, -0.2999379, -0.4823570,  0.1139425, -0.8150988)    0    0  20.80827059 10 0.080  13.58783115
(-4.5668657, -18.0555937, 43.7239779, -0.3671478, -0.6410747, -0.0603498, -0.6712553)    0    0  19.85279365  5 0.400  13.13342943
(-5.0185614, -17.8752341, 43.5192008, -0.3671477, -0.6410747, -0.0603498, -0.6712553)    0    0  19.79915969  0 0.400  13.24634206
(-9.7880011, -20.7895502, 40.1514259, -0.2999383, -0.4823578,  0.1139426, -0.8150982)    0    0  20.97502210  8 0.160  13.91866191
(-5.5227888, -19.0541733, 50.8509487, -0.6422770,  0.7621880, -0.0365638,  0.0721994)    0    0  12.03871373  5 4.040   8.06674803
(-4.4814475, -18.0299967, 43.6464715, -0.3671478, -0.6410747, -0.0603498, -0.6712553)    0    0  19.65200919 18 0.000  13.14353073
(-5.0895308, -17.9627159, 43.5017857, -0.3671478, -0.6410747, -0.0603498, -0.6712553)    0    0  19.97446113  5 0.320  13.34965716
(-6.5780404, -16.0473425, 49.5185826, -0.0341354,  0.5192338, -0.3478660, -0.7798848)    0    0  14.23864406  8 0.680   9.50831052
(-5.4594704, -18.2539230, 43.5562455, -0.3671456, -0.6410828, -0.0603457, -0.6712491)    0    0  19.82392648  0 0.800  13.29738306
(-8.6871815, -15.2793559, 51.5147884, -0.2902155, -0.4437043, -0.0095556,  0.8478267)    0    0  13.97449327  8 0.280   9.28375078
(-4.7381003, -17.9919769, 43.1597951, -0.3671472, -0.6410767, -0.0603488, -0.6712537)    0    0  19.99280615  2 0.480  13.45459825
(-11.5928616, -17.5176193, 43.7298146, -0.3262301, -0.3294669, -0.0298391, -0.8855140)    0    0  19.61841936  0 0.400  13.52070279
(-3.9839994, -23.3565692, 46.8618412, -0.3880227,  0.8960339, -0.2151413,  0.0166077)    0    0  11.99666827  1 5.000   7.99795785
(-0.0313156, -14.7736068, 48.0759719, -0.2762599,  0.7437996, -0.5401391,  0.2805216)    0    0  13.04731622 10 3.800   8.36303424
(-9.9242774, -20.8735300, 40.1434786, -0.2999385, -0.4823583,  0.1139427, -0.8150978)    0    0  20.89927158  0 0.400  14.08009639
(-11.4280701, -17.0901480, 43.8848331, -0.3287505, -0.3058370, -0.0508646, -0.8920759)    0    0  20.55026419  0 0.800  13.82843698
(-4.5221413, -18.2555768, 43.9295353, -0.3671478, -0.6410747, -0.0603498, -0.6712553)    0    0  19.16747795 22 0.000  12.97861821
(-0.4779839, -21.3648632, 40.6759886, -0.0688119,  0.5347803,  0.0948458,  0.8368269)    0    0  21.80905266  9 0.240  14.66272162
(-12.7035842, -19.5847620, 50.9147794,  0.2433939,  0.0199429,  0.8088213, -0.5349483)    0    0  13.05087481  4 0.920   8.70558047
(-8.2732737, -8.6926164, 48.5482515, -0.0437944,  0.7465024, -0.6010537, -0.2820473)    0    0  13.26092687  4 0.560   8.95788536
(-0.7951804, -22.0033074, 40.8809980, -0.0688176,  0.5347781,  0.0948461,  0.8368278)    0    0  21.91455041  2 0.680  14.57800465
(-0.5251046, -21.3878144, 40.5858407, -0.0688138,  0.5347796,  0.0948459,  0.8368272)    0    0  22.08060569  8 1.400  14.77846126
(-14.7248305, -19.0852276, 42.9679736, -0.6242731,  0.3552707,  0.1798282,  0.6721068)    0    0  15.38687523  3 5.000  10.29993640
(-13.0926598, -19.3652854, 50.9670638,  0.2433939,  0.0199429,  0.8088213, -0.5349483)    0    0  13.04224964  6 4.840   8.67114554
(-4.9056239, -18.0581345, 43.5902261, -0.3671478, -0.6410747, -0.0603498, -0.6712553)    0    0  20.01720568  2 4.320  13.24376194
(-11.3372931, -16.6220476, 44.1748953, -0.3286953, -0.3059612, -0.0505496, -0.8920716)    0    0  20.30218523  0 0.400  13.50998233
(-4.7578096, -17.7658266, 43.8125107, -0.3671461, -0.6410808, -0.0603467, -0.6712506)    0    0  19.86456730  9 0.480  13.15691896
(-9.9518456, -20.4328696, 40.1524970, -0.2999379, -0.4823568,  0.1139425, -0.8150990)    0    0  20.85909739  0 0.400  14.04495913
(-11.3493929, -17.1621681, 43.8834976, -0.3287474, -0.3057385, -0.0508986, -0.8921090)    0    0  20.45390527  3 0.560  13.72323852
(-4.1192750, -23.2765611, 46.9157472, -0.3880227,  0.8960339, -0.2151413,  0.0166077)    0    0  11.97150348  3 5.000   7.98892415
(-6.8704537, -16.3146145, 49.4953427, -0.0341049,  0.5192326, -0.3478359, -0.7799004)    0    0  14.33010641  5 1.400   9.58735781
(-13.3212841, -19.6216822, 50.6229491,  0.2433939,  0.0199429,  0.8088213, -0.5349483)    0    0  13.06476934  2 4.600   8.73596139
(-11.4379643, -17.0921018, 43.9383215, -0.3286855, -0.3060867, -0.0504435, -0.8920382)    0    0  20.49459620  0 0.400  13.80744215
(-8.6180408, -15.1399527, 50.8281471, -0.2903628, -0.4436383, -0.0097371,  0.8478087)    0    0  14.23960963  2 0.600   9.61315278
(-4.8636365, -18.1125321, 43.5396767, -0.3153072, -0.6356662, -0.0656238, -0.7015721)    0    0  17.65136634  0 0.400  12.32445861
(-5.0226419, -17.9185345, 43.8976004, -0.3671478, -0.6410747, -0.0603498, -0.6712553)    0    0  19.62779198  0 0.400  13.22685709
(-6.2404207, -16.0209998, 49.4703552, -0.0341319,  0.5192331, -0.3478622, -0.7798871)    0    0  14.37587898  4 0.760   9.64421240
(-0.4800994, -21.3752669, 40.6864175, -0.0688037,  0.5347835,  0.0948453,  0.8368255)    0    0  22.53119356  0 1.000  15.29342107
(-8.0249650, -15.0741438, 51.4667684, -0.2903628, -0.4436383, -0.0097371,  0.8478087)    0    0  14.33597152  3 0.760   9.65796489
(-9.8171847, -20.8004095, 40.1197777, -0.2999382, -0.4823574,  0.1139426, -0.8150985)    0    0  20.83019247  0 0.400  13.82964317
(-11.5625880, -17.0291931, 43.9805090, -0.3286835, -0.3060992, -0.0504282, -0.8920356)    0    0  20.45223579  0 0.520  13.72317930
(-5.1840627, -18.8285405, 50.7343684, -0.6422770,  0.7621880, -0.0365638,  0.0721994)    0    0  12.16443354  1 5.000   8.13640042
(-13.3142287, -19.6197980, 50.6276250,  0.2433939,  0.0199429,  0.8088213, -0.5349483)    0    0  12.91809057  4 0.920   8.56941206
(-11.6091065, -17.3627926, 44.2253679, -0.3287028, -0.3060163, -0.0505587, -0.8920495)    0    0  20.27632550  2 0.320  13.61037071
(-10.2943379, -20.7236453, 40.2461899, -0.2999383, -0.4823577,  0.1139426, -0.8150982)    0    0  21.16007985  5 0.560  14.19389913
(-7.0823153, -16.3584919, 49.4800966, -0.0341356,  0.5192334, -0.3478659, -0.7798850)    0    0  14.38283188  3 3.240   9.66570347
(-9.9503393, -20.1404701, 40.2286420, -0.2999384, -0.4823580,  0.1139426, -0.8150980)    0    0  21.06504065  3 0.400  14.09992992
(-0.4659997, -21.8304423, 41.3946215, -0.0688118,  0.5347804,  0.0948458,  0.8368268)    0    0  21.36881573  4 0.880  14.20807421
(-3.9489298, -18.1084077, 43.7089579, -0.3671478, -0.6410747, -0.0603498, -0.6712553)    0    0  19.89619784  1 0.400  13.22661335
(-0.5029528, -21.3471488, 40.5792098, -0.0688117,  0.5347804,  0.0948457,  0.8368268)    0    0  22.16264987  4 4.920  14.96071145
(-5.2876971, -18.8639457, 50.7155215, -0.6422770,  0.7621880, -0.0365638,  0.0721994)    0    0  12.03432530  6 2.840   8.04601129
(-9.9251110, -20.5841635, 40.3941124, -0.2999378, -0.4823567,  0.1139425, -0.8150990)    0    0  20.93395720  2 0.400  13.81325846
(-4.8982901, -17.7636903, 43.8686331, -0.3671471, -0.6410770, -0.0603486, -0.6712535)    0    0  19.62961287  0 0.560  12.81738072
(-14.5914637, -19.2199927, 43.4071354, -0.6242731,  0.3552707,  0.1798282,  0.6721068)    0    0  15.36375557  4 5.000  10.19788217
(-11.8575627, -17.0037678, 43.8038347, -0.3262380, -0.3294246, -0.0298991, -0.8855249)    0    0  20.18907202  0 0.400  13.75356262
(-10.2099796, -20.5485122, 39.8768341, -0.2999386, -0.4823584,  0.1139427, -0.8150977)    0    0  20.96223294  5 0.240  14.09863060
(-8.2520055, -8.6802014, 48.5375266, -0.0437944,  0.7465024, -0.6010537, -0.2820474)    0    0  13.26252683  3 0.760   8.91404104
(-4.9013153, -17.9327583, 43.7075153, -0.3671472, -0.6410767, -0.0603488, -0.6712538)    0    0  19.66253203 11 0.000  13.13471973
(-9.6289695, -20.7393599, 40.4452971, -0.2999386, -0.4823584,  0.1139427, -0.8150977)    0    0  21.16214928  3 0.560  14.18367124
(-11.6212328, -17.1412402, 43.5691053, -0.3287202, -0.3059636, -0.0506648, -0.8920551)    0    0  20.49602460  3 0.480  13.77350921
( 0.0216274, -14.7818822, 48.7764024, -0.2762599,  0.7437996, -0.5401391,  0.2805215)    0    0  13.20124127  4 0.440   8.81660899
(-0.5006068, -21.5937264, 40.9879753, -0.0688109,  0.5347807,  0.0948457,  0.8368267)    0    0  22.15948740  5 1.320  14.76805618
(-0.1232662, -14.7285537, 48.4994553, -0.2762599,  0.7437996, -0.5401391,  0.2805215)    0    0  13.23831353  4 0.680   9.02173619
(-11.3563870, -16.6839623, 43.4624169, -0.3286950, -0.3060527, -0.0505053, -0.8920429)    0    0  20.42006467  2 0.640  13.66654819
(-4.7191297, -18.1468893, 43.7071105, -0.3671478, -0.6410747, -0.0603498, -0.6712553)    0    0  19.65012352  3 0.560  13.08611275
(-8.3222414, -8.5030867, 48.6644908, -0.0437944,  0.7465024, -0.6010537, -0.2820474)    0    0  12.94639624 15 0.480   8.47990311
(-11.1309548, -17.1750483, 43.8940822, -0.3286879, -0.3060882, -0.0504552, -0.8920362)    0    0  20.43054730  8 0.200  13.65476733
(-11.4091418, -16.9458555, 44.0420739, -0.3286857, -0.3061271, -0.0504305, -0.8920250)    0    0  20.23611711 17 0.000  13.45205214
(-10.0033600, -20.2607449, 40.0348336, -0.2999378, -0.4823566,  0.1139425, -0.8150991)    0    0  21.13733746  8 3.960  14.15592866
(-13.2282430, -19.5723099, 50.7060823,  0.2433939,  0.0199429,  0.8088213, -0.5349483)    0    0  13.10916456  0 5.000   8.73944330
(-11.4043909, -17.1516958, 43.9260008, -0.3286883, -0.3060875, -0.0504574, -0.8920362)    0    0  20.31269070 12 0.080  13.35567433
(-11.3917193, -17.0052511, 43.9762448, -0.3288417, -0.3062319, -0.0511438, -0.8918907)    0    0  20.06884080  7 0.240  13.40013858
(-0.5513976, -21.3195780, 40.4312104, -0.0688118,  0.5347804,  0.0948458,  0.8368268)    0    0  22.17360639  3 4.040  15.07660657
(-11.4175396, -17.0746070, 43.8976993, -0.3287196, -0.3059669, -0.0506604, -0.8920544)    0    0  20.30554285 18 0.000  13.35390783
(-11.3625037, -17.0542985, 43.9438456, -0.3286876, -0.3060739, -0.0504594, -0.8920410)    0    0  20.16441230 12 0.000  13.39914555
(-8.0142050, -8.8212592, 48.5295890, -0.0437944,  0.7465024, -0.6010537, -0.2820474)    0    0  12.95010564  0 0.440   8.55523891
(-4.9044052, -18.2854716, 43.4532882, -0.3671472, -0.6410767, -0.0603488, -0.6712538)    0    0  19.97237599  6 0.400  13.38799528
(-8.7044841, -15.0884353, 51.3240347, -0.2903628, -0.4436383, -0.0097371,  0.8478087)    0    0  14.09098869  2 0.680   9.22396311
(-12.6913633, -19.5181413, 50.9738974,  0.2433939,  0.0199429,  0.8088213, -0.5349483)    0    0  13.05761924  3 5.000   8.70875657
(-4.7742142, -18.0649640, 43.5726354, -0.3671478, -0.6410747, -0.0603498, -0.6712553)    0    0  20.01730871  0 0.400  13.49842210
(-7.8771628, -8.2864345, 48.8829060, -0.0437944,  0.7465024, -0.6010537, -0.2820473)    0    0  13.02413129 10 0.000   8.75739152
(-11.0699470, -17.2207191, 43.8787226, -0.3288224, -0.3062517, -0.0510386, -0.8918971)    0    0  19.79268723 34 0.000  13.39295281
(-4.1254332, -23.2725884, 46.9181952, -0.3880227,  0.8960339, -0.2151413,  0.0166077)    0    0  12.03990595  0 5.000   8.09925179
(-6.4640121, -16.0061641, 49.5396866, -0.0341007,  0.5192332, -0.3478322, -0.7799018)    0    0  14.26944784  2 0.840   9.51183970
(-9.8410495, -20.8639220, 40.3757048, -0.2999391, -0.4823594,  0.1139428, -0.8150969)    0    0  21.12597299  0 0.400  14.24751526
(-9.9220949, -20.4222008, 40.1769493, -0.2999379, -0.4823569,  0.1139425, -0.8150989)    0    0  21.30015567  2 1.200  14.33360151
(-11.3045467, -17.4645220, 43.4662966, -0.3286798, -0.3061845, -0.0503794, -0.8920104)    0    0  20.28738170 17 0.000  13.52206028
(-9.7679871, -20.8546445, 40.3784142, -0.2999387, -0.4823586,  0.1139427, -0.8150975)    0    0  20.87083042  1 0.560  14.04864263
(-0.0973015, -14.6566610, 47.9291657, -0.2762598,  0.7437999, -0.5401392,  0.2805206)    0    0  13.37349800  3 5.000   8.84954017
(-4.8201955, -18.0519624, 43.6081066, -0.3671478, -0.6410747, -0.0603498, -0.6712553)    0    0  20.18080405  0 2.880  13.48886405
(-5.0395284, -17.7888218, 43.3632852, -0.3671478, -0.6410747, -0.0603498, -0.6712553)    0    0  19.73781894  0 0.400  13.07085279
(-11.3063743, -17.3031370, 43.7719419, -0.3287219, -0.3060295, -0.0506543, -0.8920325)    0    0  20.26387877  0 0.400  13.45749902
(-10.2278694, -20.5119694, 40.3185508, -0.2999378, -0.4823567,  0.1139425, -0.8150990)    0    0  21.30764454  1 1.280  14.33341052
(-0.1095693, -14.6575354, 47.9699712, -0.2762599,  0.7437998, -0.5401392,  0.2805208)    0    0  13.18731381  6 0.680   8.58378579
(-9.8426676, -20.9022203, 40.4359078, -0.2999387, -0.4823587,  0.1139427, -0.8150975)    0    0  20.77415899 12 0.000  13.77270881
(-0.2790863, -14.4922821, 48.3623611, -0.2762597,  0.7438003, -0.5401395,  0.2805193)    0    0  13.46325453  1 2.040   9.04344337
(-4.9762783, -18.7586759, 50.7739677, -0.6422770,  0.7621880, -0.0365638,  0.0721994)    0    0  12.12083380  3 4.040   8.10520633
(-9.9521959, -21.0013441, 40.2871177, -0.2999384, -0.4823579,  0.1139426, -0.8150981)    0    0  20.86833778  6 0.400  13.85043912
(-11.5735434, -16.6499378, 43.7476493, -0.3286884, -0.3060678, -0.0504662, -0.8920424)    0    0  20.46114923  0 0.800  13.73524980
(-8.3289305, -8.6960070, 48.5569318, -0.0437944,  0.7465024, -0.6010537, -0.2820474)    0    0  13.27138388  3 3.880   8.91890592
(-4.9290596, -17.9540766, 43.8074452, -0.3671467, -0.6410787, -0.0603477, -0.6712522)    0    0  19.81903112  5 0.400  13.09463678
(-7.6938409, -8.6701833, 48.3356613, -0.0437944,  0.7465024, -0.6010537, -0.2820474)    0    0  13.18540377  3 0.480   8.85123230
(-11.3879827, -16.7773024, 43.6537841, -0.3287016, -0.3060031, -0.0505598, -0.8920544)    0    0  20.38225144  3 0.560  13.66670178
(-8.1455899, -8.6567343, 48.5117409, -0.0437944,  0.7465024, -0.6010537, -0.2820474)    0    0  13.44249092  0 4.760   8.96273579
(-13.0448184, -19.4744527, 50.8704965,  0.2433939,  0.0199429,  0.8088213, -0.5349483)    0    0  13.04644406  5 4.520   8.67417088
(-11.4047173, -16.9116538, 43.9755545, -0.3287085, -0.3060559, -0.0505700, -0.8920331)    0    0  20.49234266  5 0.800  13.65009310
(-4.8291742, -18.0658730, 43.6334103, -0.3671478, -0.6410747, -0.0603498, -0.6712553)    0    0  19.62650865  6 0.400  13.08098577
(-4.8691089, -18.0061037, 43.3399964, -0.3671478, -0.6410747, -0.0603498, -0.6712553)    0    0  19.59035704 19 0.000  13.07933793
(-14.8013549, -19.0142772, 42.7171954, -0.6242731,  0.3552707,  0.1798282,  0.6721068)    0    0  15.43005039  1 5.000  10.30860629
(-8.0096312, -8.6291639, 48.4771007, -0.0437944,  0.7465024, -0.6010537, -0.2820474)    0    0  13.29922753  2 3.360   8.83715076
(-6.2359592, -16.0646033, 49.4769687, -0.0341357,  0.5192332, -0.3478659, -0.7798852)    0    0  14.40076008  1 4.600   9.64855463
(-6.9219632, -15.9220012, 49.8655437, -0.1322006, -0.4967947,  0.1744580,  0.8398109)    0    0  14.43261972  1 5.000   9.63313403
(-11.0460236, -17.3525115, 44.0567227, -0.3287237, -0.3059830, -0.0506765, -0.8920465)    0    0  20.20530391  0 0.400  13.26193640
(-11.5467765, -17.1235832, 43.9254481, -0.3286931, -0.3060516, -0.0504958, -0.8920445)    0    0  20.33384324  3 0.480  13.45574109
(-10.0167991, -20.8995313, 40.2485651, -0.2999386, -0.4823585,  0.1139427, -0.8150976)    0    0  21.12811966  9 0.560  14.04909643
(-7.8552828, -8.3642015, 48.4431054, -0.0437944,  0.7465024, -0.6010537, -0.2820473)    0    0  13.14798814  3 0.440   8.85072364
(-7.6974893, -8.6010748, 48.5627506, -0.0437944,  0.7465024, -0.6010537, -0.2820473)    0    0  13.15905960  3 0.480   8.95617050
(-11.2058317, -17.8628101, 43.1050882, -0.3090421, -0.4408080,  0.0731312, -0.8395434)    0    0  19.45475515 62 0.000  11.81288987
(-11.2671769, -17.1764904, 43.6767199, -0.3287211, -0.3059672, -0.0506684, -0.8920533)    0    0  20.36714857 11 0.000  13.63040117
(-9.8193342, -20.1664989, 40.0626746, -0.2999381, -0.4823574,  0.1139426, -0.8150985)    0    0  21.03518466 14 0.000  13.91888875
(-10.0437814, -20.0490552, 40.2501388, -0.2999382, -0.4823575,  0.1139426, -0.8150984)    0    0  21.05729511 12 0.000  14.17046661
( 0.0589256, -14.4567061, 47.6781725, -0.2762599,  0.7437995, -0.5401390,  0.2805219)    0    0  12.97455559  2 0.520   8.44824230
(-4.8840325, -17.7241196, 43.8159677, -0.3671465, -0.6410794, -0.0603474, -0.6712517)    0    0  19.80237851 11 0.000  13.20082897
(-9.9610824, -20.9932951, 39.9179851, -0.2999384, -0.4823579,  0.1139426, -0.8150981)    0    0  21.08976884  5 0.240  14.14624995
(-11.4105666, -16.8282863, 44.0051169, -0.3287164, -0.3059712, -0.0506423, -0.8920552)    0    0  20.51337569  2 1.160  13.71531812
(-11.0580482, -17.4771588, 43.6768879, -0.3287188, -0.3058941, -0.0506963, -0.8920775)    0    0  20.38053014  9 0.080  13.61111647
(-8.4663939, -15.1726585, 51.3680128, -0.2903628, -0.4436383, -0.0097371,  0.8478087)    0    0  14.23283066  8 3.800   9.33979916
(-0.1445372, -14.6819401, 48.4157171, -0.2762598,  0.7438000, -0.5401393,  0.2805202)    0    0  13.45456008  2 1.160   9.04106627
(-4.9370870, -17.9774964, 43.4004157, -0.3671456, -0.6410828, -0.0603457, -0.6712491)    0    0  19.70454683 15 0.000  13.12581738
(-7.8475626, -15.5737846, 50.5605788, -0.2521379, -0.4596585,  0.0367050,  0.8507604)    0    0   9.78569425 15 1.960   5.01805196
(-3.2899618, -23.7768607, 46.5854511, -0.3880227,  0.8960339, -0.2151413,  0.0166077)    0    0  11.87895111  4 5.000   8.00609332
(-8.1838696, -8.6677135, 48.5191454, -0.0437944,  0.7465024, -0.6010537, -0.2820474)    0    0  13.33986836  1 2.760   8.95946898
(-9.9476655, -20.4579434, 40.1604974, -0.2999379, -0.4823570,  0.1139425, -0.8150988)    0    0  21.27577495  4 3.320  14.29858842
(-0.1572945, -14.6034714, 48.1788939, -0.2762599,  0.7437997, -0.5401391,  0.2805214)    0    0  13.23691045  5 1.720   8.70635635
(-8.7908768, -15.2230441, 51.2192220, -0.2903628, -0.4436383, -0.0097371,  0.8478087)    0    0  14.38303457  2 3.160   9.56326625
(-11.3033672, -16.6900666, 43.8065483, -0.3287735, -0.3061586, -0.0508493, -0.8919580)    0    0  20.28317377  0 0.400  13.50546363
(-6.7510946, -16.0129348, 49.5966146, -0.0341010,  0.5192325, -0.3478321, -0.7799023)    0    0  14.31128962  5 0.520   9.50940691
(-11.3874740, -17.0385124, 44.0301078, -0.3286887, -0.3060846, -0.0504608, -0.8920368)    0    0  20.26121359 15 0.000  13.31989288
(-5.5708649, -18.9595126, 50.6621279, -0.6422770,  0.7621880, -0.0365638,  0.0721994)    0    0  12.17574720  0 5.000   8.11716748
(-6.7274537, -16.1133931, 49.5486894, -0.0341357,  0.5192331, -0.3478659, -0.7798853)    0    0  14.39580147  2 3.080   9.58089505
(-8.3651370, -15.1403972, 51.3568984, -0.2903628, -0.4436383, -0.0097371,  0.8478087)    0    0  14.49693086  0 5.000   9.66620080
(-14.6716819, -19.1389121, 43.1429823, -0.6242731,  0.3552707,  0.1798282,  0.6721068)    0    0  15.54836954  0 5.000  10.36557971
(-7.9571228, -8.2486696, 48.3665690, -0.0437944,  0.7465024, -0.6010537, -0.2820473)    0    0  13.13253830  9 0.320   8.79948448
(-11.1242804, -17.1114048, 43.9206787, -0.3286784, -0.3061807, -0.0503719, -0.8920126)    0    0  20.39022057 13 0.000  13.63015883
(-5.0036698, -18.0635485, 43.2897570, -0.3671478, -0.6410747, -0.0603498, -0.6712553)    0    0  19.47461860  2 0.640  12.93172681
(-13.0014294, -19.4001048, 50.9575890,  0.2433939,  0.0199429,  0.8088213, -0.5349483)    0    0  12.98573067  8 3.560   8.59038580
(-4.6605196, -18.1487848, 43.8769101, -0.3671478, -0.6410747, -0.0603498, -0.6712553)    0    0  19.51973590  5 0.400  13.02513828
(-11.1581669, -17.1598805, 44.0874020, -0.3287045, -0.3059636, -0.0505935, -0.8920650)    0    0  20.35824393  0 0.400  13.52988666
(-9.9216009, -20.4278032, 40.1788496, -0.2999377, -0.4823565,  0.1139425, -0.8150992)    0    0  21.28319281  3 1.120  14.31414830
(-4.7589835, -17.8040042, 43.6563613, -0.3671478, -0.6410747, -0.0603498, -0.6712553)    0    0  19.56200486  0 0.400  12.90080182
(-0.3841497, -21.0650672, 40.4404980, -0.0688078,  0.5347820,  0.0948455,  0.8368262)    0    0  22.50540509  1 5.000  15.27027575
(-8.0701843, -8.4288254, 48.5961735, -0.0437944,  0.7465024, -0.6010537, -0.2820473)    0    0  12.85782723 16 2.600   8.40058950
(-3.8110689, -23.4536432, 46.7928364, -0.3880227,  0.8960339, -0.2151413,  0.0166077)    0    0  11.99339245  2 5.000   8.00354282
(-9.9303094, -20.1951657, 40.1315698, -0.2999381, -0.4823573,  0.1139426, -0.8150985)    0    0  20.95456063 18 0.000  13.99255088
(-9.7517250, -20.8722505, 40.4116025, -0.2999382, -0.4823575,  0.1139426, -0.8150984)    0    0  20.98540604  6 0.320  13.98970696
(-4.8008581, -17.8564233, 43.6951273, -0.3671475, -0.6410759, -0.0603492, -0.6712544)    0    0  19.70154076 18 0.000  12.87921517
(-8.2151797, -15.1105848, 51.4035997, -0.2903628, -0.4436383, -0.0097371,  0.8478087)    0    0  14.28985627  4 1.080   9.58010946
(-10.1487903, -20.9686737, 40.1926382, -0.2999378, -0.4823567,  0.1139425, -0.8150990)    0    0  21.01951547  9 0.160  13.94344748
(-11.3401198, -17.1456388, 44.1856291, -0.3286930, -0.3060833, -0.0504841, -0.8920343)    0    0  20.17517401 21 0.000  13.47694854
(-9.9512376, -19.9700209, 40.0343702, -0.2999378, -0.4823566,  0.1139425, -0.8150991)    0    0  21.24763727  5 1.120  14.11382771
(-11.5275589, -17.1904971, 44.0246201, -0.3286970, -0.3060349, -0.0505245, -0.8920472)    0    0  20.34410775  0 0.400  13.54689270
(-5.4609312, -18.9243523, 50.6860042, -0.6422770,  0.7621880, -0.0365638,  0.0721994)    0    0  12.10388836  4 1.320   8.04250751
(-11.5771803, -16.7115900, 43.7079133, -0.3287212, -0.3059451, -0.0506769, -0.8920604)    0    0  20.51719206  1 0.640  13.77794285
(-11.3470011, -17.1280030, 43.9658171, -0.3286329, -0.3066449, -0.0499650, -0.8918925)    0    0  20.20031767 18 0.000  13.48369576
(-8.6152453, -15.2118176, 51.1100661, -0.2129339, -0.4738936,  0.0830045,  0.8504083)    0    0  11.75604871 22 3.640   5.18136464
(-0.2580876, -21.2688573, 41.1045961, -0.0688188,  0.5347776,  0.0948461,  0.8368280)    0    0  21.73291936 11 0.360  14.53954154
(-5.7228802, -19.0109637, 50.6337023, -0.6422770,  0.7621880, -0.0365638,  0.0721994)    0    0  12.14200036  2 5.000   8.06187765
(-13.0201448, -19.3506933, 51.0087369,  0.2433939,  0.0199429,  0.8088213, -0.5349483)    0    0  13.03015479  7 1.640   8.67662523
(-8.4923594, -15.1652111, 51.3158113, -0.2903628, -0.4436383, -0.0097371,  0.8478087)    0    0  14.23943516  3 0.840   9.39013397
(-0.1001087, -14.6635449, 47.9876836, -0.2762597,  0.7438003, -0.5401395,  0.2805192)    0    0  13.54829452  0 3.080   9.04190481
(-9.9357880, -20.8667647, 40.4565909, -0.2999387, -0.4823585,  0.1139427, -0.8150976)    0    0  20.96419882  2 0.560  13.89262570
(-11.3695757, -17.1662380, 43.9293247, -0.3286903, -0.3060961, -0.0504650, -0.8920320)    0    0  20.40230529  0 0.400  13.70574227
( 0.1128857, -14.6845271, 47.6198896, -0.2762598,  0.7437999, -0.5401393,  0.2805205)    0    0  13.18718631  9 3.400   8.97086367
(-11.4211436, -17.2492067, 43.7852352, -0.3287559, -0.3062286, -0.0507249, -0.8919476)    0    0  20.07490706  7 0.120  13.63761627
(-10.1434517, -20.9293721, 40.6474138, -0.2999392, -0.4823598,  0.1139428, -0.8150967)    0    0  20.94544096  0 0.560  13.88849250
(-14.7965558, -19.0065262, 42.7307080, -0.6242731,  0.3552707,  0.1798282,  0.6721068)    0    0  15.42062034  2 5.000  10.30306605
(-8.1871696, -8.2692786, 48.2619274, -0.0437944,  0.7465024, -0.6010537, -0.2820473)    0    0  13.04216140  0 0.440   8.80285309
(-4.4689308, -17.7699800, 43.4622736, -0.3671478, -0.6410747, -0.0603498, -0.6712553)    0    0  19.78275266 14 0.160  12.94591873
(-5.4686038, -18.8102291, 50.4952194, -0.6422770,  0.7621880, -0.0365638,  0.0721994)    0    0  11.97662520  8 4.760   7.82732256
(-9.6543397, -20.5823947, 40.2006927, -0.2999387, -0.4823587,  0.1139427, -0.8150975)    0    0  21.01728351  2 0.560  13.98935207
