#Coordinates  RecID  LigID  Luciferin  Neighbor's number  Vision Range  Scoring
(13.3837567, 10.6078182, 36.2707850, -0.5657939,  0.6586804, -0.0390333, -0.4944632)    0    0   4.74007909  3 3.160  10.07289022
(17.5169603,  6.8899534, 26.9999985, -0.4171480, -0.2650608,  0.7618475,  0.4187107)    0    0 -49.70200523  3 3.720 -30.70436253
( 5.7647063, 11.4155207, 31.0892311, -0.8428394, -0.4994355,  0.1538883,  0.1284688)    0    0  -6.18133882  5 3.320 -23.15174648
( 6.9611527, 13.7125256, 36.8737910,  0.8197258,  0.2055477, -0.5289487,  0.0775435)    0    0  15.40566307  2 3.320  11.54919155
( 9.8991612, 14.6840443, 26.9870566,  0.8244279,  0.3977139,  0.0027752, -0.4026594)    0    0  -5.88689499  3 3.720   0.01563019
(12.8390249,  3.7165404, 31.4014844,  0.9560502,  0.0713944,  0.2730681, -0.0794018)    0    0  -9.48610636  0 3.960   1.03326737
(14.8802998, 11.6625741, 29.5742525, -0.1400169,  0.0310304,  0.7789946,  0.6104096)    0    0   4.25459716  7 3.480  -0.59428409
(13.8002139, 17.1961248, 30.0131753,  0.2382842,  0.8651654, -0.3262732,  0.2970779)    0    0   4.64699968  2 3.640   2.73434162
(11.5905605, 13.0784312, 29.7310146,  0.1680786, -0.0354103,  0.7992113,  0.5759816)    0    0  18.79903694  1 3.640  13.64293022
(15.9804158,  9.2301995, 37.4834189, -0.8219313,  0.1582600, -0.2116506, -0.5045659)    0    0   7.64009321  3 3.000   2.92518724
(18.7366601, 12.7394231, 35.2361050, -0.8792850,  0.4448345, -0.1022300, -0.1361218)    0    0   9.85220685  1 3.800   6.53491156
(16.5781893,  3.4907930, 38.5629155, -0.4804390, -0.1248928,  0.7012862,  0.5115796)    0    0   8.21908471  1 3.720   5.40998468
(10.0852060, 18.6543618, 33.5369393, -0.7466143, -0.4850985, -0.1921961,  0.4126829)    0    0  11.15384730  1 4.120   7.46085575
(21.1562489, 12.6834915, 33.7059577, -0.5256769, -0.0610469,  0.7100634, -0.4644858)    0    0  10.49195221  0 4.200   7.01690797
(11.6630404,  8.6760614, 29.0168752, -0.8512557, -0.1671780,  0.0605984,  0.4937034)    0    0 -43.05907383  2 3.480 -27.42460413
( 4.4970526,  5.6723275, 33.8479374, -0.4592958, -0.1750061, -0.8651002, -0.1001090)    0    0 -28.90895194  1 4.120 -19.41015581
(13.7567234, 17.4511984, 36.5468056, -0.1429197,  0.8905309, -0.3355604, -0.2718970)    0    0   9.07925045  2 3.400   6.59225819
( 7.8407745, 12.8980276, 37.7188812,  0.8094236,  0.2313729, -0.5393071, -0.0211629)    0    0  12.46048316  3 2.680   9.35272253
(16.3470003,  8.7508504, 30.5170430, -0.7521163,  0.1326564,  0.4494295,  0.4633967)    0    0   4.77131183  3 3.320   1.46830150
( 4.9989824, 12.7800411, 34.7393581, -0.5071810, -0.0611514, -0.5737342,  0.6402008)    0    0  17.02169179  2 3.960  11.51179505
( 4.7242748,  5.4477349, 29.0834454, -0.5313184, -0.8174127,  0.0395338,  0.2190304)    0    0 -45.98054759  2 3.640 -13.83974821
( 8.8123632,  7.0807541, 31.6752780, -0.7690814,  0.1333140, -0.6115445,  0.1294395)    0    0 -23.05884246  4 2.920  -1.57827943
(16.8501215,  6.1696594, 32.9532425,  0.5836283,  0.2742413,  0.7026861,  0.3006692)    0    0   6.48311620  1 3.960   9.28670502
(19.4074538, 11.3063171, 35.7779743, -0.8799376,  0.4496973, -0.1178384, -0.0979600)    0    0  10.43367930  0 3.880   6.88852654
(11.2942457, 17.3702657, 28.9516964, -0.7826913, -0.5244176, -0.0741182,  0.3269359)    0    0   5.07645289  2 3.880   5.13318756
( 9.5566124, 13.0315898, 37.8053058,  0.8901206,  0.2401245, -0.3783363,  0.0829894)    0    0   8.08300239  5 3.000   9.58611759
(18.8261267,  9.8508596, 35.9971055, -0.8865192,  0.3243317, -0.2276016, -0.2389355)    0    0   7.53950290  6 2.680   3.87923957
(12.2700298, 18.9610926, 34.2914021, -0.5762728, -0.7472573, -0.0547767, -0.3263674)    0    0  14.84970794  0 4.200   9.93975178
(12.3815083, 19.0701540, 34.4855950, -0.5742514, -0.7472057, -0.0511087, -0.3305626)    0    0  13.43391731  1 3.640   9.94110118
(15.7161637,  9.2004873, 30.1866318, -0.7532059,  0.1127150,  0.4666533,  0.4496786)    0    0   0.09513627  4 2.680   0.70792549
( 7.2419445, 18.2751168, 34.5402974, -0.1394651,  0.1788611, -0.8087082,  0.5427238)    0    0   8.85666215  0 4.200   5.92008252
(10.8558872, 12.3246698, 42.6162114,  0.1914938,  0.3163837, -0.4187581, -0.8293812)    0    0   7.97319925  1 4.120   5.32752428
( 5.0967423, 11.8505271, 33.2868543,  0.3810116, -0.0690300,  0.3572619,  0.8499018)    0    0  18.75763419  1 3.400  13.57636225
(13.9514752, 17.1921628, 29.6750097,  0.0873405,  0.8061138, -0.3441916,  0.4733755)    0    0   6.51676019  5 3.480   7.54927182
(10.5523962,  3.6935099, 38.3713883, -0.8987665,  0.2428704,  0.1311098,  0.3406507)    0    0   0.31711388  4 3.560  -1.36849797
( 4.8897510,  4.7468137, 30.7997486, -0.7702833, -0.4745942, -0.3967840,  0.1548754)    0    0 -25.90875685  1 4.120 -17.39785816
(12.2604856,  9.2949813, 33.2299272, -0.0654896, -0.3364139, -0.7971274, -0.4971164)    0    0 -18.24096787  1 3.080  -7.56442536
( 8.5775692,  9.9277536, 35.8702969, -0.8493025,  0.5069038,  0.1377627, -0.0524891)    0    0   4.38393340  4 3.320  -5.61400464
(14.3323930, 13.7936590, 27.4228927,  0.2704172, -0.3737853,  0.5710143,  0.6790447)    0    0   4.01257188  3 3.400   3.19732822
(11.4503403, 17.4495174, 30.6758836, -0.7505479, -0.4900687, -0.1452079,  0.4188379)    0    0   6.78171459  3 3.320   5.19817338
(14.9141109, 14.4313647, 28.1400237,  0.2088280, -0.5285546,  0.5390838,  0.6216185)    0    0  -2.36645085  7 3.320   0.12725962
( 5.4948081, 11.1704049, 38.3741484,  0.8472745,  0.1821857, -0.4766238,  0.1475266)    0    0   5.87161020  6 3.080   1.55595493
( 4.8652465, 12.8654220, 35.2505144, -0.5673579, -0.1690818, -0.5869760,  0.5522459)    0    0  13.64523636  3 3.560   9.51508935
(10.7680442,  3.2825042, 38.1872881, -0.8276473,  0.3612092,  0.1255818,  0.4108005)    0    0   2.52043980  2 3.480   3.22100779
(14.3016630,  6.7036474, 38.0007285, -0.6244324,  0.0489388, -0.2105614, -0.7505685)    0    0   5.69062251  5 3.000   8.38422853
( 7.9453775, 14.7112016, 35.6817210, -0.6869482,  0.0384162,  0.3226058, -0.6500399)    0    0  16.00043080  2 3.720  11.51513627
(14.2749522,  8.4123601, 40.9329501, -0.8883470,  0.3756118, -0.0236954,  0.2630475)    0    0   9.46491446  2 3.800   4.61807943
(12.8732439, 16.8194964, 37.3724354,  0.0205942,  0.9168533, -0.2884394, -0.2752429)    0    0  10.80689089  0 3.880   7.35244653
( 7.5042785, 14.6139272, 40.5042660,  0.6481362,  0.5872324,  0.4620004,  0.1470823)    0    0   8.56790659  3 3.320   9.23203846
( 7.8598106, 13.0870255, 39.4798392,  0.3747169,  0.8025595,  0.4139552,  0.2100633)    0    0  10.81452543  2 3.800   8.21747594
(14.5270322,  7.6367651, 25.5320569,  0.4573470,  0.1728906, -0.8127219, -0.3169001)    0    0 -46.30735200  5 3.400 -21.68495187
(15.6389770, 12.4597791, 34.5366507,  0.3233122,  0.8199978,  0.3014360,  0.3636058)    0    0  12.37537453  2 3.560  11.88365922
(15.0766085,  8.8141789, 27.0640224, -0.7326437, -0.0225778,  0.5791917,  0.3567357)    0    0 -22.21187426  3 3.160 -12.23075977
(16.0806467, 11.8580104, 36.4582468,  0.2549041,  0.9272480,  0.2269313,  0.1540692)    0    0  12.14859479  2 3.480   9.02020878
( 9.1740150, 15.9224225, 31.7453068, -0.7407400, -0.2504868,  0.1448285,  0.6062882)    0    0   9.14172151  1 3.720   8.44177926
(13.9282003,  7.7037612, 27.6025126, -0.9203293, -0.2710875,  0.0251601,  0.2808426)    0    0 -22.54019940  5 3.000 -18.53292865
( 8.8226043,  5.3109653, 33.4017562, -0.6697879, -0.1593520, -0.6866014, -0.2336016)    0    0 -14.34055997  2 3.480  -4.76263694
(12.1278427,  8.7766188, 34.6343460, -0.2856722, -0.2469420, -0.7852321, -0.4907357)    0    0  11.25148725  1 3.240  10.44941938
( 9.6099304, 11.4295510, 33.0514644, -0.2182927,  0.2677026, -0.0606714, -0.9364842)    0    0  17.76036087  0 4.200  11.89199151
(12.6802045,  9.2603854, 27.4931666, -0.9016296, -0.1753337,  0.1576223,  0.3625980)    0    0  -9.02123595  1 3.480   3.10436745
( 5.8622421,  4.7535237, 28.4560219, -0.4701386, -0.8403703,  0.0505313,  0.2649416)    0    0 -44.71337863  1 3.880 -20.78089197
(11.9182040,  0.6721929, 33.9111277, -0.8315307,  0.5188188,  0.0169171, -0.1976164)    0    0 -16.96922096  1 3.880  -9.04820017
( 7.7879543, 10.0244467, 35.8143913, -0.6582188,  0.7471165,  0.0920252,  0.0098126)    0    0  11.61240102  0 3.000   9.27739009
(14.1466145,  7.1334574, 27.2707599, -0.8712401, -0.3630022, -0.2781441,  0.1783424)    0    0 -18.99788100  2 3.480  -2.42638040
(14.4432958,  9.3127190, 24.8114451, -0.5097491, -0.1381097,  0.7834684,  0.3275041)    0    0 -12.69546861  1 4.120  -8.53541150
( 9.2572830,  3.0353282, 32.9358105, -0.6191796,  0.3848088, -0.1673716, -0.6637209)    0    0 -34.84888015  2 3.320 -16.47793777
(12.9348565,  8.4507921, 24.0535170,  0.1113902,  0.2424725, -0.9354828, -0.2316706)    0    0 -41.66971016  4 3.800 -30.65102181
(13.7796322, 10.9968741, 35.5395682, -0.7156563,  0.5229797,  0.0021771, -0.4629423)    0    0  11.97655477  1 3.640   8.28729048
( 6.9653984, 13.8205253, 31.4399226, -0.5986207, -0.2035462,  0.2727122,  0.7251554)    0    0   3.26043397  1 3.320   5.84839734
(16.3203945,  3.2752895, 38.5924006, -0.4755994, -0.1309946,  0.7024733,  0.5130077)    0    0   8.40842171  0 4.200   5.61943767
(11.7032369,  0.5944475, 33.9825447, -0.8329556,  0.5188607,  0.0188892, -0.1913422)    0    0 -16.38318907  0 3.960  -8.72871288
(12.6888929, 15.8691348, 28.3510980,  0.2020339, -0.4704053,  0.6427935,  0.5698399)    0    0   7.80437554  3 3.320   6.98841338
(19.7353206, 14.0595019, 29.7017091,  0.6793462, -0.3372104, -0.1730021,  0.6283695)    0    0   9.93151185  0 4.200   6.64100815
(14.2294119, 13.9996041, 33.1298170,  0.1493269,  0.8998666,  0.2899453, -0.2896088)    0    0  10.28807453  6 3.400   4.77279432
(14.2743687,  7.9249473, 38.0626688, -0.6683526,  0.0793923, -0.1634899, -0.7212993)    0    0   8.68659111  2 2.680   8.43973553
(18.5780210,  8.6050971, 32.6950001,  0.7348788,  0.1550522,  0.6600598, -0.0152675)    0    0  -2.01309879  1 4.040  -5.33167334
(13.6539114, 17.8916742, 36.2424609, -0.2117600,  0.8779613, -0.2693332, -0.3343669)    0    0   6.67204079  4 3.400   4.05947865
(15.8021745, 13.3368146, 31.5412646,  0.3048343,  0.8320904, -0.3718751, -0.2764244)    0    0  -0.91003971  2 3.320   5.34315596
(11.4586664,  5.3629025, 28.0603312, -0.7697963,  0.0605144, -0.5859002, -0.2459117)    0    0 -68.81797886  7 3.320 -70.57343163
(12.7534626, 11.9648009, 31.0635219,  0.7082727,  0.1047006,  0.1000311,  0.6909279)    0    0   9.24284433  3 3.640   5.33612177
( 8.7017333,  5.7459590, 27.9322328, -0.8317603, -0.2345147,  0.1881625,  0.4666610)    0    0 -55.34370975  4 3.080 -28.72908915
(12.2280787,  6.9671647, 35.5484892, -0.3041545, -0.1870596, -0.7743503, -0.5223795)    0    0   3.40647541  3 2.600  11.12847597
(19.4730782, 12.9683640, 30.2499139,  0.7067857, -0.3721824, -0.0554821,  0.5990459)    0    0   6.97929409  1 4.040   6.66269139
(12.2052467, 18.2812514, 29.5203468, -0.5822097, -0.6127442, -0.4601852,  0.2716724)    0    0  11.47999662  0 4.200   7.67961136
(18.1064969, 11.4408378, 27.0355445, -0.2291310, -0.0471183,  0.9671924, -0.0990839)    0    0   4.39102923  1 3.800   3.67601873
(12.0466630, 18.7474965, 33.9032167, -0.5838734, -0.7531369, -0.0394750, -0.3005300)    0    0  10.86948513  2 3.480   8.36645423
( 7.5949311, 14.0861979, 40.5755716,  0.6713022,  0.5715439,  0.4575391,  0.1144752)    0    0  12.61111501  1 3.560   8.84898338
( 9.0037260,  3.8401163, 33.5518116, -0.5266152, -0.0474766, -0.5449635, -0.6507205)    0    0 -25.59085420  4 3.480 -16.24405814
(12.5672991, 15.6881389, 28.5973697,  0.2412020, -0.4394962,  0.6171321,  0.6064026)    0    0  11.95153842  1 3.800   7.60122552
(17.9874098, 11.2395903, 27.5587091, -0.4448740, -0.5409156,  0.7136681, -0.0132396)    0    0   7.42949041  1 4.040   6.13654324
(16.2433730,  6.5704100, 32.7902436,  0.4702630,  0.2241827,  0.7552929,  0.3976525)    0    0   1.24421429  2 3.480   7.86277713
(16.3369254, 10.4669243, 28.8338342, -0.8904489,  0.1331555,  0.1953407,  0.3888605)    0    0   7.66408011  0 3.480   7.19713768
( 7.9858338,  9.6400477, 37.6643272, -0.6845431,  0.6148382, -0.2116056,  0.3295418)    0    0  10.17722924  2 3.240   6.23720141
(13.7320682,  3.2727862, 33.7370192, -0.1477809, -0.3721798,  0.8454952,  0.3532434)    0    0 -39.73401011  3 3.320 -22.07668620
( 8.7717284,  3.4882324, 37.7884794, -0.4532534, -0.0248391,  0.8130443,  0.3645592)    0    0  18.51607842  1 3.960  13.19983842
(12.4391705,  8.8877686, 36.1190526, -0.3282828, -0.2764763, -0.7399468, -0.5179480)    0    0   8.91620647  4 2.680   7.46478702
(18.0145274, 10.2852237, 38.3531727, -0.6455706,  0.7126453, -0.2064099, -0.1810256)    0    0   4.96494139  3 3.720  -0.48529180
(16.4286467, 11.7860744, 34.5023404,  0.2372373,  0.9288722,  0.2359542,  0.1587164)    0    0  12.45390795  1 3.720   8.67470589
(15.9775779, 10.7641237, 29.3316171, -0.9091275,  0.1164034,  0.2162718,  0.3363984)    0    0   6.31078670  2 3.160   5.85587882
( 3.6646933,  9.6106382, 31.9859708, -0.3256935, -0.3327504, -0.5801950,  0.6682624)    0    0  11.50717613  5 3.640   3.97942744
( 4.1204940,  8.9806243, 33.6627349, -0.2375762, -0.1027173, -0.5056403,  0.8230034)    0    0  -9.09007636  3 3.720 -19.74790937
(10.9352665, 13.7832074, 40.7685939, -0.1013579,  0.7608247, -0.1030599, -0.6326540)    0    0   6.08036454  3 3.880   1.84090605
(16.4688252,  4.0653752, 29.6626458, -0.8812316, -0.0801111, -0.4445349, -0.1392903)    0    0 -40.46973452  2 3.800 -38.10762578
( 8.7584901,  3.4804696, 37.7793144, -0.4262335, -0.0052244,  0.8224352,  0.3766935)    0    0  19.99973532  0 4.040  13.96591180
(15.1885138,  8.7940359, 41.9944984, -0.3651324,  0.5789002, -0.6861633,  0.2463651)    0    0  12.10410392  1 3.880   9.03627525
(12.7617027, 15.4354630, 30.6390178,  0.0114287, -0.6548058,  0.5775156,  0.4874161)    0    0   8.01585426  4 3.480   7.85024277
(11.8253764, 17.0449339, 36.7737176,  0.0115097,  0.7888030, -0.1073578, -0.6050882)    0    0   6.72134539  2 3.800   2.41260768
( 8.8514350,  6.9112521, 31.9714458, -0.6156723, -0.1315368, -0.7225394,  0.2856265)    0    0  -0.49577580  1 3.400  13.37548368
(14.4955454, 13.9589574, 26.7298878,  0.6184986,  0.1310282,  0.2493150,  0.7335756)    0    0 -18.88403335  3 3.560 -17.56342687
(18.3274559, 15.6555922, 34.5169702, -0.1694344,  0.1397367,  0.5270526, -0.8209636)    0    0  11.17998377  0 4.200   7.47838606
( 5.7562303, 13.3497508, 31.8617671, -0.1172434, -0.3387804,  0.4406196,  0.8230044)    0    0   0.78113718  4 3.560  -7.81619201
(10.1280857,  4.7449548, 27.2662638,  0.7245613, -0.4634258, -0.1263784, -0.4942428)    0    0 -75.10515083  5 2.600 -36.31676958
(12.4276146,  3.9528056, 31.5343317,  0.9583846,  0.0614286,  0.2764193, -0.0363023)    0    0 -25.92200274  4 3.000  -6.63933697
(13.2274845,  9.9448882, 35.9603159, -0.3241694, -0.3256420, -0.7537757, -0.4697804)    0    0  11.52670128  0 4.200   7.71093722
(13.3994354, 10.7791715, 35.5121342, -0.7155305,  0.5245238,  0.0004036, -0.4614008)    0    0  12.07355837  0 4.040   8.26422431
(13.4110787, 16.7323336, 30.1365494,  0.1323861,  0.8666942, -0.4692440,  0.1054756)    0    0  13.74433543  0 4.200   9.19835382
( 9.2301226, 10.8707171, 29.1530384, -0.3713521, -0.5233120,  0.6091150,  0.4660699)    0    0  12.86966922  2 3.880   9.30665319
(13.2124235, 10.0808878, 36.0555819, -0.3004198, -0.3078787, -0.7590457, -0.4886800)    0    0  10.06405072  3 3.720   6.38964865
(13.2624200,  3.4972811, 37.9673170, -0.1877874,  0.1881786, -0.9475797,  0.1772498)    0    0   1.37623548  1 3.960  -4.24271301
(14.3185241, 13.9426758, 32.8313004,  0.1425523,  0.8987593,  0.2942139, -0.2921452)    0    0  10.71534453  4 3.480   5.76223442
(16.4570710, 10.4037990, 30.5939510, -0.4861200, -0.8451826,  0.2060250,  0.0831113)    0    0  10.61352630  0 4.200   7.09845042
(10.9364612, 13.6204600, 26.1498534,  0.8541168,  0.5076246, -0.1113812, -0.0199002)    0    0 -12.10047158  3 3.480 -21.44323801
(10.9802224, 14.0465843, 25.7641147, -0.8258448, -0.5030865,  0.0155568, -0.2542486)    0    0  11.33378532  1 3.640  13.26453008
(18.5548125,  6.6014941, 32.5245449,  0.6151530,  0.2519437,  0.6825929,  0.3036086)    0    0  -1.56128686  3 3.400   4.75836408
( 9.7852048, 14.6740637, 39.7834011, -0.1124297,  0.5393156, -0.1570344, -0.8196575)    0    0  12.05908624  0 4.200   8.06801967
(17.2222761,  5.2000169, 31.9086531,  0.7717795,  0.2366228,  0.5627727,  0.1779129)    0    0  -3.39100717  4 3.560   6.23138706
( 8.7756977,  7.4209150, 31.5974182, -0.6032717, -0.1039596, -0.7277104,  0.3093433)    0    0  11.21157343  0 3.880   9.81459268
(13.2120902,  5.4031709, 26.0149863, -0.5966809, -0.1822835, -0.7640798, -0.1640936)    0    0 -60.76365621  2 3.720 -38.41887688
(12.5336035,  7.3634146, 27.1357986, -0.9002526, -0.2686861, -0.3135310,  0.1380265)    0    0 -27.43497523  4 3.480  -6.63279451
(11.7546200,  6.4568824, 42.7510925, -0.1195279,  0.9641671, -0.1806981,  0.1531111)    0    0  13.21786831  0 4.200   8.84524060
(16.4074170, 10.2764715, 28.8101680, -0.8891031,  0.1367746,  0.2056831,  0.3851589)    0    0   7.27527177  1 3.800   5.03021415
(17.5156574, 11.4587458, 26.8796577, -0.4424069, -0.2527675, -0.1136925, -0.8529119)    0    0  -2.26902732  2 3.960   5.06406047
(11.8994250, 10.1593928, 39.1092496, -0.8473363,  0.4957229,  0.0093032,  0.1902458)    0    0  11.83986393  0 4.040   8.13607502
( 4.5360963,  7.2524784, 33.6010360, -0.5287284,  0.1804242, -0.4540057,  0.6940981)    0    0 -44.14910037  3 3.160 -33.27840779
(13.7400232, 10.9414096, 26.2335963, -0.4542134, -0.4953358,  0.1338023, -0.7283060)    0    0   1.14165195  3 3.080  11.84283259
(18.6837407, 11.7037359, 39.5581393,  0.1367891,  0.5024053,  0.2679515, -0.8106045)    0    0   6.62189282  1 4.040   5.72387823
(11.1182345, 14.8805770, 24.9858297, -0.5511060, -0.4086211, -0.0638378, -0.7247315)    0    0  16.12933732  0 4.200  10.79802770
( 8.7997078,  5.6815855, 26.2589343,  0.5797349, -0.7238596, -0.1823535, -0.3266219)    0    0 -65.46599891  4 3.240 -35.03872861
( 5.8240466,  7.8169187, 32.2357242, -0.6816724, -0.0525493, -0.7200977,  0.1184084)    0    0 -21.51622393  2 3.160   1.92321030
(15.5599192, 11.6488383, 41.5164543,  0.0901381, -0.0420749,  0.1861059, -0.9774812)    0    0  10.00677742  0 4.200   6.69149044
(19.9806807,  6.8189844, 36.5990995, -0.8698516, -0.0259219, -0.1388620, -0.4726558)    0    0   9.13481139  1 4.120   6.10664340
( 4.9388761, 11.1836697, 32.0335283,  0.6705180,  0.3881917,  0.1506415,  0.6140195)    0    0  -0.10038473  4 3.080   9.16383261
( 8.8312560,  7.5005391, 31.8093522, -0.7188477, -0.0085556, -0.6583665,  0.2230210)    0    0 -29.81079800  6 3.080 -33.62468805
(16.4935984, 10.2926503, 27.6324130, -0.5250474, -0.7581968,  0.1335742, -0.3627957)    0    0   5.20375025  2 3.800   4.60205128
(12.4381538,  8.6670331, 35.6501968, -0.2867972, -0.2177189, -0.7804604, -0.5111041)    0    0  10.54459488  2 3.640   8.27598617
( 4.3109038,  9.0135778, 33.4931537, -0.4332362, -0.0176763, -0.5530467,  0.7114304)    0    0  25.23495062  0 4.200  16.90536530
( 5.0118085, 13.3615108, 34.6024581, -0.5900131, -0.0885289, -0.5785437,  0.5561783)    0    0  17.03487131  1 3.800  12.23356711
( 5.3968272,  7.4611000, 34.3104532,  0.6708170, -0.5457189, -0.0920504,  0.4936822)    0    0 -19.13105864  3 3.480   0.44727282
( 9.5530663,  6.3996004, 26.6415849, -0.8006441, -0.2727590,  0.1215069,  0.5194301)    0    0 -49.70517552  2 3.560 -28.39710097
( 7.8379117, 13.5258320, 37.7327961,  0.8192119,  0.2620840, -0.5072298,  0.0540536)    0    0  14.73465123  3 3.240  11.28388506
(11.0432664, 12.3972262, 36.0076832,  0.3968951,  0.4910453,  0.2629340,  0.7295304)    0    0  11.16192305  7 3.000   8.47387430
( 8.4975111, 17.5802642, 33.5843108, -0.7970918, -0.3250354,  0.1076913,  0.4973924)    0    0   9.90320088  1 3.720   7.41202091
(19.8615452,  5.6501304, 37.9709073, -0.2815822,  0.8984092,  0.2427108, -0.2338028)    0    0  12.84684581  0 4.200   8.59638755
(13.5153979,  1.5623479, 33.7248947, -0.0594749, -0.5003179,  0.8027580,  0.3189424)    0    0 -20.62795918  0 3.880  -7.91081104
(10.3932106, 11.6148469, 25.2995138,  0.8338261,  0.4781131,  0.0454103, -0.2721760)    0    0 -18.55313015  3 3.800   2.96680952
(19.5658712, 11.2423284, 35.8169965, -0.6352474,  0.4177871, -0.6162617,  0.2052709)    0    0   9.58796453  3 3.880   6.80933807
(11.4732791,  4.4710968, 27.2489488,  0.6943448, -0.4651414, -0.0829830, -0.5428099)    0    0 -54.92741420  2 3.560 -31.14184451
( 8.7861501,  5.9877384, 40.1201273, -0.6594010,  0.5954134, -0.1789631,  0.4226646)    0    0   4.59129882  2 3.480   2.89392128
(13.3508268, 17.7735265, 35.4043687, -0.0636867,  0.9067202, -0.3173475, -0.2703574)    0    0  10.56692027  1 3.880   7.69588912
( 8.3652520,  9.8175496, 35.4060963, -0.7963592,  0.5586152,  0.2318056, -0.0052233)    0    0   2.33150605  6 3.560  -9.60626372
( 6.3744389, 12.2165315, 39.1967396,  0.8479179,  0.2126178, -0.3388704,  0.3478444)    0    0   8.37175755  4 2.600   7.59776024
( 9.6816400, 14.4896515, 39.8477795, -0.1147646,  0.5355124, -0.1873124, -0.8154567)    0    0  11.52271853  1 3.800   8.07167992
(19.5679641, 11.1116525, 36.0094071, -0.8631945,  0.2174337, -0.3666166, -0.2705736)    0    0   9.74026761  3 3.640   6.05305180
(13.9175786,  1.3599948, 31.1054332,  0.9411326,  0.0096105,  0.3377022, -0.0115846)    0    0 -65.01724679  4 3.560 -56.25081613
(12.5989647, 15.7637988, 28.4077239,  0.2465752, -0.4431063,  0.6189307,  0.5998185)    0    0  12.39770958  0 4.200   8.29514188
(15.6245220,  6.8241339, 38.1744839, -0.5253840,  0.6540389,  0.0792729, -0.5384427)    0    0  10.07482391  2 3.640   6.33692201
( 6.9372937, 13.4029634, 37.1056603,  0.8054983,  0.2552757, -0.5317350,  0.0571378)    0    0  19.53564210  0 3.960  13.68902423
( 8.9444687,  3.0253559, 33.0770678, -0.6137600,  0.4163656, -0.1838611, -0.6450841)    0    0 -45.42421139  3 3.080 -20.49574126
(12.7465899,  8.8182033, 35.9808316, -0.2993354, -0.2333960, -0.7400168, -0.5552474)    0    0   8.21204478  5 2.760   5.43338541
(18.2546023,  6.1809241, 28.1456577, -0.9560712, -0.2772128,  0.0385853,  0.0871322)    0    0 -17.08326119  0 4.200 -11.47840169
( 5.1694323, 11.5803893, 33.1978576,  0.5111942,  0.0944755,  0.3105349,  0.7958159)    0    0  -8.49862567  7 2.840 -10.26170851
( 8.5555736,  7.4306883, 39.2927592, -0.4742563,  0.5198511, -0.3432167,  0.6221239)    0    0  12.03083673  0 4.120   8.17462444
(14.8855930,  9.5126729, 26.7913712, -0.4465409, -0.4930046,  0.0615082, -0.7441535)    0    0   6.50077700  0 4.040   6.91482177
( 8.4783669,  9.4839301, 41.4671849, -0.5433000,  0.5301697, -0.3426575,  0.5534718)    0    0   9.93383929  1 4.040   5.95713507
(10.5067786, 15.0700078, 35.0711409,  0.6900033,  0.4909849, -0.0096222,  0.5317299)    0    0  11.75216605  2 3.400   7.18052385
(20.1079971,  6.8461958, 36.5115880, -0.8625175, -0.0086290, -0.1431833, -0.4852706)    0    0   9.06503750  2 3.560   6.54810915
( 8.5546405,  7.9516997, 31.5790419, -0.6122044,  0.1032330, -0.7095594, -0.3332779)    0    0  -1.76071920  3 3.880 -17.83798214
(12.4581857,  9.2282996, 27.8409126, -0.8675615, -0.1856843,  0.3041993,  0.3468733)    0    0   2.30046225  0 4.040   5.37375958
(16.3590729, 11.7719891, 34.6412774,  0.2339563,  0.9298109,  0.2391183,  0.1534229)    0    0  13.70104505  0 4.120   9.20024540
( 5.6000806, 11.7861951, 34.0922607,  0.4095174, -0.0383158,  0.3510025,  0.8412043)    0    0   7.35706500  2 3.480   8.98068581
(13.3764852, 11.4458074, 37.8250599, -0.9368042,  0.2133444, -0.0819240, -0.2648970)    0    0   2.52728844  7 3.240   6.61863015
(12.7843876,  3.5663674, 37.9302197, -0.0409670,  0.0361850, -0.9967300, -0.0595117)    0    0  10.47002991  0 4.200   7.00220420
( 4.2656049,  8.9694810, 33.7897102, -0.5652458,  0.2561807, -0.4418150,  0.6478180)    0    0   1.53026275  1 3.720 -11.59613230
(12.3953215,  7.1517856, 35.8265163, -0.3429606, -0.2343013, -0.6636191, -0.6221661)    0    0  -8.14751374  6 2.600  -0.95307726
(13.4026047, 10.7121476, 35.8356173, -0.6806850,  0.5602833, -0.0125553, -0.4717975)    0    0  11.40022414  2 3.640   7.39719295
(11.1428612, 13.7449757, 25.9566414,  0.8382481,  0.4979949, -0.1616452, -0.1523549)    0    0  -5.83446367  2 3.400   5.66713915
( 7.5150841, 14.5408641, 40.5127330,  0.6781320,  0.5704052,  0.4521801,  0.1015288)    0    0  12.73581180  0 4.200   8.52191457
(15.8378451,  2.9531700, 30.7147796, -0.8658994, -0.1768688, -0.4672904, -0.0239846)    0    0 -13.38034256  2 3.800  -5.26310839
(11.6048609,  3.0260379, 31.4290394,  0.9653726,  0.1075942,  0.2315321, -0.0535926)    0    0 -34.78699583  4 3.320  -5.12274645
(15.1934385,  8.8115362, 42.0010458, -0.3612966,  0.5772750, -0.6881494,  0.2503372)    0    0  12.69503271  0 3.880   9.43495124
( 5.1063627, 11.8601627, 33.7246199,  0.3827618, -0.0633266,  0.3499938,  0.8526356)    0    0  20.38964574  0 4.200  13.65551142
(11.2745958, 12.8759596, 30.0080324,  0.1667936, -0.0361266,  0.7994187,  0.5760247)    0    0  20.06710847  0 4.040  13.67858709
( 8.9779088,  6.6938954, 39.7151271, -0.9768858,  0.0002550,  0.1338130,  0.1666980)    0    0  13.12247328  0 4.040  12.09691152
(16.4355791,  7.2967484, 26.9374507, -0.8678074, -0.2976476,  0.3540884,  0.1814872)    0    0 -28.47902046  3 3.320 -16.61982289
( 6.2642212, 12.4842450, 27.7864263, -0.7326624, -0.5524556,  0.0218859,  0.3968874)    0    0  23.51439716  0 4.200  15.75135178
(19.7770084,  5.7020815, 33.7041371,  0.6874607,  0.2931561,  0.6294771,  0.2126402)    0    0  13.75252896  0 4.200   9.20384941
(14.7826545,  7.5093172, 38.3745945, -0.7134727,  0.2712522, -0.0428801, -0.6446241)    0    0  11.65193828  2 3.720   8.39208563
(10.3182735,  6.5896388, 24.9464569,  0.8252975, -0.3650281,  0.1118455, -0.4160879)    0    0 -79.16876490  6 3.560 -70.08099401
(12.7581800,  9.8125792, 33.0433038, -0.0175165,  0.4465572,  0.0983692, -0.8891588)    0    0   0.89857012  4 3.160   5.34357822
(12.6457128,  2.3997622, 32.5381040,  0.9558424,  0.1077842,  0.2673656, -0.0571277)    0    0 -14.82056764  1 3.640  -4.59298217
