#Coordinates  RecID  LigID  Luciferin  Neighbor's number  Vision Range  Scoring
(11.7080956, 10.0363335, 36.0975955,  0.5418157,  0.8159572, -0.1986948,  0.0342035)    0    0  18.31990087 13 0.000  12.23059864
(17.4569398,  6.9507145, 25.7670118, -0.8650774, -0.0952419,  0.3105911,  0.3822346)    0    0  20.94815261 10 0.920  13.40378899
(11.3113506, 11.2022502, 31.0237331,  0.1667378, -0.0361634,  0.7993778,  0.5760954)    0    0  25.60064047  0 0.400  16.93961075
( 4.9355840,  7.7893212, 33.7452960, -0.6029779, -0.1078635, -0.7542867,  0.2362936)    0    0  36.49441075  9 0.080  24.38114855
(10.7948368, 11.0659969, 31.3781225,  0.1667366, -0.0361633,  0.7993793,  0.5760937)    0    0  25.79532924 16 0.000  17.33576098
(15.9531644,  7.2034124, 30.6569155,  0.9452514,  0.0908205,  0.3098694, -0.0472419)    0    0  22.85301438  6 0.600  15.19840524
(11.4356751, 10.9930103, 31.0129157,  0.1667368, -0.0361631,  0.7993794,  0.5760934)    0    0  25.87980064  3 0.400  17.35184802
( 5.5599318, 13.6433339, 33.6248925, -0.5958153, -0.7656975, -0.1031695, -0.2192433)    0    0  30.35142680  7 0.600  20.42811010
(11.1845238, 11.2328017, 30.9255589,  0.1667350, -0.0361629,  0.7993817,  0.5760908)    0    0  25.85236279 11 0.000  17.59154080
(11.9702373, 10.7116072, 36.2558372,  0.5418171,  0.8159561, -0.1986956,  0.0342041)    0    0  18.31772581  0 0.480  12.42592642
(12.3859993, 10.3114668, 36.1227773,  0.5395630,  0.8177965, -0.1974042,  0.0331829)    0    0  16.35660454 23 0.000  11.80849362
(15.7571157,  3.4504178, 38.4701937,  0.0975407,  0.0656416, -0.9755013, -0.1859415)    0    0  15.14537803  1 5.000  10.09614644
( 5.4465702, 13.6123013, 33.6620864, -0.5958153, -0.7656975, -0.1031695, -0.2192433)    0    0  30.29348365  8 1.480  20.27615903
(12.4021098, 10.6189399, 36.3101916,  0.5404198,  0.8171002, -0.1978948,  0.0335705)    0    0  16.87172610  0 0.400  12.23731667
(17.5531664,  6.9117019, 25.8212116, -0.8650774, -0.0952419,  0.3105911,  0.3822346)    0    0  21.66270831  1 2.760  14.39174334
( 5.0200754,  7.8149024, 33.8521783, -0.6029761, -0.1078629, -0.7542882,  0.2362938)    0    0  36.10406150 24 0.000  23.82539040
( 1.2218142, 12.7977289, 39.9407872, -0.2485744,  0.7192647, -0.1130488, -0.6388185)    0    0  18.44184610  5 4.200  12.29116460
( 4.6720470,  7.7170532, 33.8797659, -0.6029840, -0.1078655, -0.7542817,  0.2362929)    0    0  36.38220634  7 0.400  24.14795630
(11.1514471, 11.3284110, 31.0273690,  0.1667125, -0.0361785,  0.7993809,  0.5760974)    0    0  25.89304035  4 0.480  17.41323222
( 5.2988021,  7.1541999, 33.7412497, -0.6029989, -0.1078702, -0.7542697,  0.2362913)    0    0  36.77030052  9 0.360  24.80789782
( 9.9342151, 10.3075101, 31.0182121,  0.1667609, -0.0362174,  0.7992971,  0.5761973)    0    0  18.24330427 11 1.320  13.78521173
( 4.5945771,  7.7375681, 33.9399424, -0.6030046, -0.1078721, -0.7542651,  0.2362907)    0    0  36.42573700  0 0.480  24.47279996
(11.1936729,  6.6922100, 34.0771609,  0.4879250,  0.2602662,  0.7382345,  0.3862647)    0    0  23.03505064  5 1.120  15.43899341
(12.1908701, 10.6177420, 36.3502439,  0.5415780,  0.8161526, -0.1985585,  0.0340956)    0    0  18.28219869  0 0.400  12.36701317
( 5.9910620, 13.8171662, 33.4727164, -0.5958153, -0.7656975, -0.1031695, -0.2192433)    0    0  30.56358666  2 5.000  20.33663985
( 4.8690173,  7.7541475, 33.7392898, -0.6030241, -0.1078783, -0.7542493,  0.2362885)    0    0  36.47816284  8 0.160  24.51723550
(12.7097414, 10.3756023, 36.0215432,  0.5361572,  0.8205663, -0.1954539,  0.0316415)    0    0  14.25609044  2 1.000  11.30344798
( 5.7320034, 13.7169871, 33.5577208, -0.5958153, -0.7656975, -0.1031695, -0.2192433)    0    0  30.75163757  0 5.000  20.50109320
( 6.1328904, 13.9053617, 33.4272949, -0.5958153, -0.7656975, -0.1031695, -0.2192433)    0    0  30.04788159 11 2.280  20.02349490
(11.4392042, 10.6770809, 31.0970821,  0.1666883, -0.0361915,  0.7993864,  0.5760960)    0    0  25.39002408  0 0.400  17.04904043
( 5.8765598, 13.7957310, 33.5358056, -0.5958153, -0.7656975, -0.1031695, -0.2192433)    0    0  30.09281670  4 0.600  19.91760257
(13.8574166,  7.5603440, 42.2640287, -0.3661642,  0.5845832, -0.6791290,  0.2509385)    0    0  15.47897026  6 4.920  10.19786202
(10.9304433, 10.8618159, 31.1089902,  0.1667478, -0.0361802,  0.7993395,  0.5761445)    0    0  25.54577854  0 0.400  17.36582014
( 5.7589671, 13.6950532, 33.2526932, -0.5958153, -0.7656975, -0.1031695, -0.2192433)    0    0  30.20978586  3 0.440  20.21059532
( 7.4559180,  4.2894976, 37.8143349, -0.4379337, -0.0056942,  0.8168120,  0.3754994)    0    0  25.50601576  4 4.360  16.81355502
( 4.8565343,  7.7762371, 33.6563333, -0.6030064, -0.1078726, -0.7542636,  0.2362904)    0    0  36.02676455  4 0.480  23.84302807
(11.2041757,  6.3571477, 34.0088426,  0.4813994,  0.2537337,  0.7417066,  0.3919314)    0    0  23.15297392  1 0.920  15.61448891
( 4.9843370,  7.6517059, 33.7226319, -0.6029761, -0.1078629, -0.7542882,  0.2362938)    0    0  37.71938947  0 5.000  25.14626232
(11.2201990, 10.8720273, 31.1226034,  0.1667364, -0.0361632,  0.7993797,  0.5760931)    0    0  25.28781232 14 0.000  16.89448375
( 6.0696735, 13.7797465, 33.4913472, -0.5958153, -0.7656975, -0.1031695, -0.2192433)    0    0  29.16066512  6 0.520  19.11657914
(11.5381604, 10.9665467, 30.9693263,  0.1667350, -0.0361625,  0.7993824,  0.5760898)    0    0  26.19089355  0 5.000  17.46059598
( 8.4737035,  7.5126421, 38.3384756, -0.6146306,  0.6776858, -0.1563892,  0.3721741)    0    0  17.62843565  2 5.000  11.47671599
( 5.0189594,  7.6232779, 33.7112145, -0.6029842, -0.1078655, -0.7542816,  0.2362929)    0    0  36.67324897  0 0.400  24.69986016
( 7.6991292,  4.1690158, 37.8183574, -0.4379337, -0.0056942,  0.8168120,  0.3754994)    0    0  25.06830473  8 0.600  16.62328723
(11.8458835, 10.4188110, 36.3501871,  0.5418171,  0.8159561, -0.1986956,  0.0342042)    0    0  18.93201962  0 5.000  12.62134659
( 5.0579838,  7.8074359, 33.6834521, -0.6029764, -0.1078630, -0.7542879,  0.2362938)    0    0  36.54825315  8 0.160  24.34736984
(13.5029173,  7.8871670, 42.0518631, -0.3661642,  0.5845832, -0.6791290,  0.2509385)    0    0  15.61064831  5 5.000  10.46591464
( 1.2490008, 12.7960529, 39.9493212, -0.2485744,  0.7192647, -0.1130488, -0.6388185)    0    0  18.46970443  1 5.000  12.31876400
( 5.3867535,  7.3973349, 33.8080468, -0.6030206, -0.1078772, -0.7542521,  0.2362889)    0    0  35.85838677  0 0.400  23.44517542
( 5.1663318,  7.6178881, 33.6287992, -0.6029774, -0.1078633, -0.7542871,  0.2362937)    0    0  36.94260952  6 0.480  24.66248585
(11.6478645, 10.9441544, 31.0343916,  0.1667251, -0.0361687,  0.7993831,  0.5760914)    0    0  25.53490935  7 0.160  16.76007899
(11.7290368, 10.4309159, 36.3766671,  0.5418171,  0.8159561, -0.1986956,  0.0342041)    0    0  18.16919925 18 0.440  11.86449615
(11.0278819, 11.2248920, 30.9518974,  0.1667350, -0.0361672,  0.7993748,  0.5761001)    0    0  25.71318317  2 0.640  17.28418191
(12.1352672, 10.8321876, 36.0787352,  0.5418171,  0.8159561, -0.1986956,  0.0342042)    0    0  18.53248746  8 0.480  12.48110496
( 5.3632270, 13.6432046, 33.6770164, -0.5958153, -0.7656975, -0.1031695, -0.2192433)    0    0  30.41668948  5 0.600  20.52284143
(11.3366545, 11.0949226, 31.2938187,  0.1667389, -0.0361638,  0.7993759,  0.5760976)    0    0  25.27689829  0 0.400  17.03004844
( 4.4389353,  8.1711108, 33.9520775, -0.6029763, -0.1078630, -0.7542880,  0.2362938)    0    0  37.04490288  5 1.280  24.68078748
(11.2411108,  6.7689112, 34.0696631,  0.4879250,  0.2602662,  0.7382345,  0.3862647)    0    0  22.85717865  7 0.320  15.17664479
(10.8445361, 10.9764519, 31.5276037,  0.1667361, -0.0361629,  0.7993804,  0.5760922)    0    0  25.86036249  4 0.480  17.26573799
(17.4507793,  6.9627678, 25.8524208, -0.8650774, -0.0952419,  0.3105911,  0.3822346)    0    0  20.44343230 12 2.920  12.93242937
(11.4894295, 11.2733307, 30.8322756,  0.1667577, -0.0361670,  0.7993504,  0.5761273)    0    0  25.28382585  8 0.160  16.89545187
( 7.5138538,  3.8565732, 37.6195565, -0.4379337, -0.0056942,  0.8168120,  0.3754994)    0    0  24.83551472  2 0.680  16.70037296
( 4.7095409,  7.5456602, 34.1579306, -0.6029781, -0.1078636, -0.7542866,  0.2362936)    0    0  36.43230375 11 0.000  24.37213485
(17.1730915,  7.0685991, 25.6333356, -0.8650774, -0.0952419,  0.3105911,  0.3822346)    0    0  21.07886484  7 1.080  13.98252492
(17.5362264,  6.9197641, 25.8227786, -0.8650774, -0.0952419,  0.3105911,  0.3822346)    0    0  20.97967884  9 3.160  13.98666052
(15.2801963,  7.1663508, 31.3312675,  0.9449107,  0.0906160,  0.3111251, -0.0461389)    0    0  22.37477264  9 1.320  15.62002765
(17.1721295,  7.0898694, 25.8270191, -0.8650774, -0.0952419,  0.3105911,  0.3822346)    0    0  21.22681164  6 1.000  14.01120932
(11.7292659, 10.3678669, 36.3904913,  0.5418157,  0.8159572, -0.1986948,  0.0342035)    0    0  18.60259369  3 0.560  12.54939793
(11.8216586, 10.9618247, 30.7491911,  0.1667444, -0.0361640,  0.7993696,  0.5761048)    0    0  25.45207766 14 0.000  17.20096218
(15.7619404,  3.6242311, 38.4326092,  0.0975404,  0.0656414, -0.9754982, -0.1859410)    0    0  15.35811328  0 5.000  10.23874219
(15.5239874,  7.0379389, 31.0596321,  0.9454178,  0.0907975,  0.3092941, -0.0477304)    0    0  22.66904770  7 0.680  15.01620092
(11.1558816, 11.1610624, 30.9731136,  0.1667349, -0.0361629,  0.7993818,  0.5760906)    0    0  25.90265483  3 0.640  17.35324452
(11.9364007, 10.5013102, 36.1718452,  0.5418153,  0.8159576, -0.1986946,  0.0342034)    0    0  18.21632992  7 0.400  12.11972360
(12.3374887, 10.8623221, 36.2238586,  0.5418157,  0.8159572, -0.1986948,  0.0342035)    0    0  18.18685722  4 0.320  12.07333424
(12.0106078, 10.4883748, 36.2927662,  0.5418171,  0.8159561, -0.1986956,  0.0342042)    0    0  18.63098984  3 3.960  12.37083149
(11.3083894,  6.6090876, 34.1974871,  0.4879923,  0.2603339,  0.7381974,  0.3862051)    0    0  22.66288030  2 0.560  15.12111044
( 1.5240611, 12.6439652, 40.2196944, -0.2485744,  0.7192647, -0.1130488, -0.6388185)    0    0  18.34263214  7 1.080  12.15142255
(11.1008023, 11.1769261, 31.0376484,  0.1667350, -0.0361625,  0.7993824,  0.5760898)    0    0  26.03805294  2 5.000  17.29746426
(15.4097683,  7.2079284, 31.0638956,  0.8451249,  0.0647007,  0.5113686,  0.1417035)    0    0  12.23001958 12 4.440  -2.93476320
(11.9412332, 10.7294145, 31.1274402,  0.1667349, -0.0361627,  0.7993821,  0.5760902)    0    0  25.49308975  0 0.720  17.08885890
(16.7093268,  7.3033906, 25.8076935, -0.8650774, -0.0952419,  0.3105911,  0.3822346)    0    0  21.29178993  3 0.680  14.40385469
(11.4001440,  6.9509358, 34.0543759,  0.4879923,  0.2603339,  0.7381974,  0.3862051)    0    0  22.86507634  7 1.400  15.26859673
(12.5599287, 10.2503953, 35.9737762,  0.5328918,  0.8230814, -0.1935965,  0.0301874)    0    0  15.61763322  0 0.520  12.03517113
( 5.8693235, 13.7270532, 33.5121569, -0.5958153, -0.7656975, -0.1031695, -0.2192433)    0    0  30.38737300  6 3.720  20.28450897
(10.9099769, 11.3831497, 30.9947861,  0.1667368, -0.0361631,  0.7993794,  0.5760934)    0    0  25.69629703 16 0.000  17.11888306
( 5.6132113, 13.6710547, 33.5966789, -0.5958153, -0.7656975, -0.1031695, -0.2192433)    0    0  30.68469775  1 5.000  20.40632753
( 4.8109640,  7.6560817, 33.8292611, -0.6029779, -0.1078635, -0.7542867,  0.2362936)    0    0  36.78746535  2 0.640  24.60046466
( 4.6563248,  7.6838203, 33.8899023, -0.6029764, -0.1078630, -0.7542879,  0.2362938)    0    0  37.07649151  3 0.800  24.88400184
(11.0467696, 11.2136086, 31.0337031,  0.1667351, -0.0361627,  0.7993819,  0.5760905)    0    0  25.92891554  7 0.720  17.28198108
(11.5447483, 10.9633778, 30.9682972,  0.1667350, -0.0361625,  0.7993824,  0.5760898)    0    0  26.09837020  1 5.000  17.46511003
(11.2584041,  6.7546783, 34.0686554,  0.4879923,  0.2603339,  0.7381974,  0.3862051)    0    0  23.06412808  4 0.960  15.35568578
(11.1404909, 11.2765997, 31.0259316,  0.1667149, -0.0361748,  0.7993842,  0.5760923)    0    0  25.94327531  3 0.720  17.38251084
( 7.6462664,  4.1991533, 37.8240328, -0.4379337, -0.0056942,  0.8168120,  0.3754994)    0    0  25.06940228  7 1.560  16.88326197
(15.4058218,  7.0683642, 31.1933173,  0.9454214,  0.0907946,  0.3092823, -0.0477401)    0    0  23.22902757  0 4.680  15.61239769
( 7.1358744,  4.5773145, 37.8165240, -0.4379337, -0.0056942,  0.8168120,  0.3754994)    0    0  25.41616362  6 1.160  17.13710133
(10.8525952,  6.3799908, 34.1895480,  0.4879250,  0.2602662,  0.7382345,  0.3862647)    0    0  22.86285109  0 0.440  15.40002519
(11.5721635, 10.3032282, 36.4456110,  0.5418171,  0.8159561, -0.1986956,  0.0342042)    0    0  18.70681502  2 5.000  12.47830315
(12.0337562, 10.2241977, 36.3483913,  0.5418171,  0.8159561, -0.1986956,  0.0342041)    0    0  17.77756777  0 0.560  11.57793462
(10.9537964, 10.9217758, 31.3743128,  0.1667350, -0.0361627,  0.7993821,  0.5760903)    0    0  25.88158504 10 0.320  17.26412954
( 4.4680452,  7.8612768, 34.0322800, -0.6029864, -0.1078662, -0.7542798,  0.2362927)    0    0  36.82432860  9 0.240  24.62745987
( 5.1609295,  7.4512360, 33.6729323, -0.6029762, -0.1078629, -0.7542881,  0.2362938)    0    0  37.04787490  4 0.880  24.70563875
( 1.3549820, 12.7565441, 40.0274973, -0.2485744,  0.7192647, -0.1130488, -0.6388185)    0    0  18.45205477  4 5.000  12.28772371
(11.1724363,  6.1149020, 34.0048619,  0.4736406,  0.2459713,  0.7458142,  0.3986526)    0    0  22.68164887  0 0.400  15.23749886
( 7.6819756,  4.0814543, 37.7620483, -0.4379337, -0.0056942,  0.8168120,  0.3754994)    0    0  25.59653428  3 1.160  17.25098229
(13.8834425,  7.5347143, 42.2801798, -0.3661642,  0.5845832, -0.6791290,  0.2509385)    0    0  15.81796560  0 5.000  10.54531040
(11.3207335, 10.7920747, 30.7556265,  0.1667452, -0.0361642,  0.7993685,  0.5761061)    0    0  25.06684610  0 0.720  16.51390294
( 1.4745937, 12.6555405, 40.1925551, -0.2485744,  0.7192647, -0.1130488, -0.6388185)    0    0  18.35147199  6 2.600  12.19729667
( 5.2429743,  7.3494542, 33.4560185, -0.6029795, -0.1078640, -0.7542854,  0.2362934)    0    0  35.89153304  0 0.400  23.44144291
(10.7852513, 10.9415571, 31.0609640,  0.1666971, -0.0361897,  0.7993795,  0.5761031)    0    0  25.75663081  4 0.560  17.19346710
(18.3274559, 15.6555922, 34.5169702, -0.1694344,  0.1397367,  0.5270526, -0.8209636)    0    0  11.21757909  0 5.000   7.47838606
( 4.6035364,  7.6137553, 33.9421402, -0.6036569, -0.1080812, -0.7537354,  0.2362181)    0    0  35.96479394  6 0.320  24.10858943
(17.0270122,  7.1589651, 25.8407789, -0.8650774, -0.0952419,  0.3105911,  0.3822346)    0    0  21.30402278  2 0.920  14.48436588
(15.6441078,  7.0386811, 30.9336392,  0.9454225,  0.0907934,  0.3092789, -0.0477428)    0    0  23.15762036  3 4.680  15.48014182
(10.8821180,  6.0549231, 34.0900741,  0.4876557,  0.2599953,  0.7383830,  0.3865029)    0    0  22.56329350  0 0.400  14.84739410
(11.8202268, 10.5815242, 36.0751580,  0.5418157,  0.8159572, -0.1986948,  0.0342035)    0    0  18.32502185  0 0.400  12.39216451
( 6.1614033, 13.8828605, 33.4173099, -0.5958153, -0.7656975, -0.1031695, -0.2192433)    0    0  30.47110598  3 3.000  20.50013781
(10.9608057, 11.0762597, 31.4075118,  0.1667349, -0.0361628,  0.7993819,  0.5760905)    0    0  25.52418631  1 0.400  16.81020722
(11.0994675,  6.4405525, 34.0634319,  0.4879250,  0.2602662,  0.7382345,  0.3862647)    0    0  21.91028442 10 0.000  14.48304307
(15.7675993,  3.8280975, 38.3885262,  0.0975407,  0.0656416, -0.9755013, -0.1859415)    0    0  15.11370146  2 5.000  10.00643543
(11.8124074, 10.3711817, 36.3812278,  0.5418171,  0.8159561, -0.1986956,  0.0342042)    0    0  18.72133564  1 0.880  12.72861949
(11.0749296, 10.8005876, 31.2165508,  0.1665471, -0.0362823,  0.7993933,  0.5761216)    0    0  25.59560089  2 0.560  17.03666249
(11.1688255, 15.1831637, 24.7075648, -0.5695443, -0.4168364, -0.0610093, -0.7057198)    0    0  15.80195035  0 5.000  10.53463356
(11.1531152, 15.1428965, 24.7520513, -0.5695740, -0.4168582, -0.0610125, -0.7057565)    0    0  14.48155545  3 5.000  10.45892619
(11.1143728,  6.1680199, 34.4121063,  0.4880596,  0.2604016,  0.7381602,  0.3861456)    0    0  22.60513565  0 0.400  14.86575968
( 1.3583662, 12.7079404, 40.0944669, -0.2485744,  0.7192647, -0.1130488, -0.6388185)    0    0  18.48138581  0 5.000  12.32092498
(11.0241557,  6.3376260, 34.1023613,  0.4880596,  0.2604016,  0.7381602,  0.3861456)    0    0  23.44771281  0 5.000  15.63180854
( 4.6701970,  7.7465539, 33.9199067, -0.6029858, -0.1078660, -0.7542803,  0.2362927)    0    0  36.25775108 25 0.000  24.49681003
(17.4132799,  7.0173051, 26.1944015, -0.8650774, -0.0952419,  0.3105911,  0.3822346)    0    0  20.99382459  3 0.440  14.21649637
(17.6319055,  6.8747850, 25.8190841, -0.8650774, -0.0952419,  0.3105911,  0.3822346)    0    0  21.22753011  5 3.880  14.35416835
(14.1325730,  7.2599498, 42.4450657, -0.3661642,  0.5845832, -0.6791290,  0.2509385)    0    0  15.63073776  4 4.840  10.52217147
(11.3537528, 10.9426355, 31.1072665,  0.1667349, -0.0361625,  0.7993824,  0.5760899)    0    0  26.01774496  4 1.600  17.28226683
(11.1952486, 11.2325619, 31.0556892,  0.1662357, -0.0364709,  0.7994270,  0.5761525)    0    0  24.93865570  8 0.160  16.59860156
( 7.6090907,  4.7616909, 37.9694203, -0.4379337, -0.0056942,  0.8168120,  0.3754994)    0    0  25.71224193  1 1.880  17.45168557
( 5.0271832,  7.7728905, 33.8562366, -0.6029866, -0.1078663, -0.7542797,  0.2362926)    0    0  36.59099225  2 0.480  24.28306864
(11.1755466, 10.7989548, 31.0901951,  0.1667353, -0.0361628,  0.7993815,  0.5760909)    0    0  25.60061657  0 0.480  17.03906324
(13.6363339,  7.7801427, 42.1260963, -0.3661642,  0.5845832, -0.6791290,  0.2509385)    0    0  15.73533571  2 5.000  10.50766560
(11.0709599, 14.9323237, 24.9846890, -0.5695740, -0.4168582, -0.0610125, -0.7057565)    0    0  15.71964271  1 5.000  10.57905929
(17.2994402,  7.0230307, 25.7524731, -0.8650774, -0.0952419,  0.3105911,  0.3822346)    0    0  20.69057171  5 0.360  13.58656257
( 4.6861794,  7.4765212, 33.7564156, -0.6029876, -0.1078666, -0.7542789,  0.2362925)    0    0  36.59079129 10 0.000  24.59099161
(13.9509315,  7.4801245, 42.3178890, -0.3661642,  0.5845832, -0.6791290,  0.2509385)    0    0  15.71274916  3 5.000  10.45728613
(20.0809598,  6.8746898, 36.4711498, -0.8625316, -0.0086251, -0.1432615, -0.4852226)    0    0  12.43716054  0 5.000   8.29144036
( 4.7914902,  7.7560556, 33.8052045, -0.6029973, -0.1078697, -0.7542710,  0.2362915)    0    0  36.94118074  3 0.560  24.67847446
( 5.1553567,  7.7739400, 33.7508839, -0.6029763, -0.1078630, -0.7542880,  0.2362938)    0    0  36.84269763  8 0.320  24.60945821
(11.5690027, 11.0528735, 31.0471418,  0.1665989, -0.0362598,  0.7993731,  0.5761360)    0    0  24.90791745 14 0.000  16.83313487
(10.8077550,  6.1055445, 33.9838554,  0.4880596,  0.2604016,  0.7381602,  0.3861456)    0    0  22.71742182  0 0.520  15.03789418
( 4.4828119,  8.0559601, 33.8924330, -0.6029787, -0.1078638, -0.7542860,  0.2362935)    0    0  36.58215072  0 0.400  24.36060162
( 4.6054641,  7.8587053, 33.8834925, -0.6029761, -0.1078629, -0.7542882,  0.2362938)    0    0  37.26828403  1 5.000  24.90513329
( 5.0269562,  7.6361513, 34.0313990, -0.6029910, -0.1078677, -0.7542761,  0.2362921)    0    0  35.82080684 22 0.000  23.74028487
(16.9218683,  7.1750088, 25.5342093, -0.8650774, -0.0952419,  0.3105911,  0.3822346)    0    0  21.24601563  4 0.840  14.25851933
( 5.3270395,  7.6863194, 33.8927085, -0.6029775, -0.1078634, -0.7542871,  0.2362937)    0    0  36.20991952  0 0.400  23.93402865
(12.1893031, 10.4677621, 36.5175382,  0.5418150,  0.8159578, -0.1986944,  0.0342032)    0    0  18.02646926  2 0.480  12.23912602
( 6.0204672, 13.8285267, 33.4631035, -0.5958153, -0.7656975, -0.1031695, -0.2192433)    0    0  30.46213986  4 0.840  20.31004987
(11.9525795, 10.4029069, 36.7160411,  0.5418056,  0.8159655, -0.1986890,  0.0341989)    0    0  18.12354122  0 0.400  12.12225868
(15.6406549,  7.2039230, 30.9467527,  0.9452519,  0.0908199,  0.3098677, -0.0472433)    0    0  23.04419351  1 0.920  15.63893454
(11.1468445, 11.0450221, 31.1689164,  0.1667365, -0.0361631,  0.7993796,  0.5760932)    0    0  24.99131557 10 0.000  16.59179822
(12.2680728, 10.6414375, 36.2467787,  0.5418171,  0.8159561, -0.1986956,  0.0342041)    0    0  18.49755851 10 0.320  12.11316013
(15.6832799,  7.0013056, 30.8882733,  0.9453898,  0.0907858,  0.3093967, -0.0476411)    0    0  22.90597487  4 0.840  15.57016365
( 8.4758477,  7.5457818, 38.4908454, -0.6146264,  0.6776812, -0.1563881,  0.3721716)    0    0  18.11990522  0 5.000  12.07993681
( 1.5522714, 12.5507627, 40.3531098, -0.2485744,  0.7192647, -0.1130488, -0.6388185)    0    0  18.46874794  2 5.000  12.31495627
( 4.4508764,  7.6666510, 33.6647294, -0.6029841, -0.1078655, -0.7542817,  0.2362929)    0    0  36.38565741 21 0.000  24.82806236
( 5.1125066,  7.5352050, 33.5300908, -0.6030268, -0.1078792, -0.7542471,  0.2362882)    0    0  35.97595120  5 0.400  23.97859089
( 1.5174188, 12.5824848, 40.3018943, -0.2485744,  0.7192647, -0.1130488, -0.6388185)    0    0  18.45639039  3 5.000  12.29430690
(12.2820403, 10.6566649, 36.2158923,  0.5418158,  0.8159572, -0.1986949,  0.0342036)    0    0  17.84975691  1 0.720  11.53990594
(15.6356171,  7.5749736, 30.9727536,  0.9454212,  0.0907942,  0.3092833, -0.0477392)    0    0  23.00969059  4 1.000  15.36143409
(10.9914214, 11.2300712, 30.9181379,  0.1667346, -0.0361627,  0.7993824,  0.5760899)    0    0  25.49156186 13 0.000  17.14862105
(12.1495064, 10.5734320, 36.2632586,  0.5418157,  0.8159572, -0.1986948,  0.0342035)    0    0  18.52066265  7 0.240  12.23865804
( 5.2542091,  7.3625935, 33.6534764, -0.6030076, -0.1078730, -0.7542626,  0.2362903)    0    0  36.27076820 11 0.000  24.01986037
(15.3179730,  7.0170237, 31.2856985,  0.9454220,  0.0907940,  0.3092806, -0.0477415)    0    0  23.07337788  2 2.440  15.33091080
(10.9004463,  6.7142234, 34.1082324,  0.4876558,  0.2599954,  0.7383831,  0.3865030)    0    0  22.77378002  0 0.640  15.12301471
(11.1214041, 11.1951037, 31.1394026,  0.1665768, -0.0362600,  0.7993969,  0.5761093)    0    0  25.43541822  0 0.400  17.25990846
(11.5310679, 10.8326064, 30.8794784,  0.1667153, -0.0361750,  0.7993836,  0.5760930)    0    0  25.03692030  0 0.400  16.57954332
( 8.4809881,  7.6252274, 38.8561205, -0.6146306,  0.6776858, -0.1563892,  0.3721741)    0    0  17.83252734  1 5.000  12.14863200
(11.9047045, 10.7905465, 30.9117849,  0.1667350, -0.0361625,  0.7993824,  0.5760899)    0    0  25.93345773  6 0.640  17.26383090
( 7.4349318,  4.4027649, 37.8443619, -0.4379337, -0.0056942,  0.8168120,  0.3754994)    0    0  25.46712380  5 5.000  16.64174875
(12.0567946, 10.3170787, 36.3869537,  0.5418171,  0.8159561, -0.1986956,  0.0342042)    0    0  18.56156087  3 0.600  12.41108998
(19.8681994,  7.0989128, 36.1529362, -0.8625316, -0.0086251, -0.1432615, -0.4852226)    0    0  12.36204331  1 5.000   8.23844925
( 5.0040040,  7.6409514, 33.7134923, -0.6029761, -0.1078629, -0.7542882,  0.2362938)    0    0  37.25100525  2 5.000  24.74826535
(11.0320535, 11.2601274, 31.0685028,  0.1667347, -0.0361628,  0.7993822,  0.5760902)    0    0  25.52726390  0 0.400  17.24580349
(11.9359947, 10.8809099, 36.2550215,  0.5418157,  0.8159572, -0.1986948,  0.0342035)    0    0  18.41326767  0 0.560  12.34003251
( 4.8158183,  7.5922367, 33.5164402, -0.6043287, -0.1082968, -0.7531878,  0.2361430)    0    0  36.34848818 10 0.000  24.49202923
(11.6264915, 10.3459639, 36.3601857,  0.5418171,  0.8159561, -0.1986956,  0.0342041)    0    0  18.16762895 11 0.000  11.91570132
( 7.7268043,  4.0869534, 37.7893893, -0.4379337, -0.0056942,  0.8168120,  0.3754994)    0    0  25.66369190  2 5.000  17.23036938
( 5.2282201,  7.3207900, 33.6695945, -0.6029847, -0.1078657, -0.7542812,  0.2362928)    0    0  36.58480001  0 0.480  24.33939381
(10.9966852,  6.2801653, 34.1064403,  0.4880596,  0.2604016,  0.7381602,  0.3861456)    0    0  23.24670413  1 5.000  15.53139770
(12.0326856, 10.6841423, 36.1772202,  0.5418171,  0.8159561, -0.1986956,  0.0342042)    0    0  18.60876817  4 4.040  12.20798535
(11.1904439, 15.2385740, 24.6463482, -0.5695740, -0.4168582, -0.0610125, -0.7057565)    0    0  15.50471582  2 5.000  10.23198152
( 4.9427048,  7.7737399, 33.5563168, -0.6030818, -0.1078968, -0.7542025,  0.2362821)    0    0  36.30998012  0 0.400  24.11627882
(10.7600960,  6.6478547, 34.1288322,  0.4880596,  0.2604016,  0.7381602,  0.3861456)    0    0  23.16938328  2 4.480  15.48990021
(15.1962994,  6.8606789, 31.3453115,  0.9454209,  0.0907953,  0.3092840, -0.0477387)    0    0  22.81547703  6 0.520  15.35398991
(13.5301207,  7.7650364, 42.1022624, -0.3661642,  0.5845832, -0.6791290,  0.2509385)    0    0  15.74017127  1 5.000  10.51421846
( 4.2860454,  7.6932509, 33.8096062, -0.6031984, -0.1079342, -0.7541079,  0.2362692)    0    0  36.40497094  9 0.000  24.65921069
(11.1343566, 10.7354962, 31.2207508,  0.1667038, -0.0361829,  0.7993834,  0.5760962)    0    0  25.85611110 10 0.160  17.40321110
( 7.4868042,  4.3541203, 37.8398227, -0.4379337, -0.0056942,  0.8168120,  0.3754994)    0    0  26.29506581  0 5.000  17.53004387
(10.6818437, 11.2221785, 31.2568550,  0.1667349, -0.0361625,  0.7993824,  0.5760898)    0    0  26.02401563  3 0.800  17.44709781
(10.9777072, 10.9492418, 31.5336013,  0.1667182, -0.0361756,  0.7993794,  0.5760980)    0    0  25.86608336  3 0.560  17.45832488
(10.6494931,  6.3720756, 34.2856248,  0.4813321,  0.2536661,  0.7417438,  0.3919910)    0    0  22.84558022  7 0.240  15.19403891
(11.9028112, 10.6673321, 36.5830456,  0.5418171,  0.8159561, -0.1986956,  0.0342042)    0    0  18.15767448  6 0.160  12.15246729
(17.5365619,  6.9194659, 25.8214644, -0.8650774, -0.0952419,  0.3105911,  0.3822346)    0    0  22.05776053  0 4.840  14.70728076
(11.9997920, 10.4843413, 36.2959411,  0.5418171,  0.8159561, -0.1986956,  0.0342042)    0    0  18.55681983  7 0.680  12.27865687
(11.3833634,  6.2900964, 34.0197896,  0.4877904,  0.2601307,  0.7383088,  0.3863838)    0    0  22.92577661  6 0.720  15.54432591
