160	1.2	0
-2.356194	0.674054	1.013609
0.000000	0.000000	0.000000
receptor_surface.pdb	2.488	-1.276	-5.592
ligand_surface.pdb	15.294	-2.125	34.964
1.570796	2.881233	-2.582574	0	44	5	2072.027
2.094395	1.391910	3.030322	145	44	155	2006.518
2.879793	2.041297	-2.664597	126	33	7	1907.744
-1.308997	0.733948	3.021411	145	117	139	1854.797
-0.523599	1.374601	-2.456031	37	133	150	1839.115
0.261799	0.762244	-0.273349	41	2	155	1824.391
-0.261799	2.404280	-0.174044	39	150	134	1818.870
-2.617994	0.733948	3.021411	42	154	136	1805.510
2.617994	0.960688	-0.577532	29	120	143	1800.334
-0.523599	2.247462	0.191623	40	138	140	1795.837
-2.356194	1.741644	-2.695914	119	138	141	1774.456
-3.141593	0.929350	-2.910676	37	144	133	1764.868
-1.047198	2.456751	-1.503343	48	141	157	1728.927
-1.832596	1.741644	-2.695914	131	128	150	1718.237
-0.261799	1.736875	3.023612	33	141	133	1713.723
-1.308997	1.335669	0.897240	144	36	133	1707.432
-2.879793	0.370812	-2.547742	126	136	153	1706.226
2.094395	1.569311	-3.003978	144	45	158	1683.944
2.617994	2.041297	-2.664597	130	38	6	1672.840
-2.094395	1.741644	-2.695914	123	132	141	1672.547
-1.832596	2.247462	0.191623	153	46	156	1669.203
-1.832596	0.496451	0.593859	47	134	146	1666.269
2.617994	0.929350	-2.910676	42	141	8	1653.562
2.617994	2.349581	-2.702517	131	39	9	1644.079
1.047198	1.184361	0.625864	148	45	4	1643.135
-2.094395	2.063651	-2.044600	42	128	145	1640.009
0.785398	1.948085	-2.363031	146	41	152	1639.953
1.047198	2.587733	0.232235	156	44	19	1637.803
-2.094395	1.904882	-1.478089	35	122	145	1635.069
-0.785398	0.297065	2.160177	6	43	156	1634.193
-3.141593	1.128190	-2.288622	125	151	10	1633.791
1.308997	0.640596	-2.797608	147	47	1	1631.535
2.094395	2.579248	-2.364801	151	45	8	1630.355
-2.879793	1.135813	-2.658866	122	3	4	1615.897
2.617994	2.719179	-1.780644	153	44	11	1613.496
-1.832596	1.875281	0.107086	157	46	159	1609.719
-1.308997	2.863997	0.549740	146	43	146	1607.154
-2.094395	0.496451	0.593859	41	126	145	1596.106
-0.261799	1.256302	0.062705	123	30	157	1595.620
0.000000	1.766067	2.153843	154	116	12	1594.584
-2.617994	0.960688	-0.577532	148	43	155	1578.574
-3.141593	2.979456	-1.009304	0	43	7	1577.207
2.094395	1.869911	2.701025	142	40	139	1574.867
1.047198	1.554776	0.100351	144	119	140	1571.703
0.523599	0.961715	0.014085	122	135	139	1569.994
-2.617994	2.251330	-2.330739	43	2	153	1569.419
1.570796	2.760637	2.781135	48	135	149	1569.112
-1.832596	2.033014	2.977192	151	45	4	1561.387
-1.832596	2.356369	3.005869	149	45	2	1560.619
-2.879793	2.041297	-2.664597	41	141	148	1560.450
1.047198	2.001437	0.381215	11	35	22	1559.934
1.308997	2.247462	0.191623	146	119	137	1559.211
-2.094395	2.153910	-1.714959	39	123	152	1556.482
-3.141593	1.869911	2.701025	46	144	155	1554.412
0.000000	1.440580	2.260026	144	121	153	1549.814
-2.094395	2.174483	2.653697	154	47	159	1545.395
-3.141593	2.041297	-2.664597	123	24	18	1544.608
-2.356194	1.417623	-0.202254	13	31	22	1542.391
-2.356194	1.135813	-2.658866	135	125	151	1541.914
-0.785398	1.504028	0.636812	38	133	151	1541.269
-1.308997	2.979456	-1.009304	39	131	2	1541.193
0.785398	1.335669	0.897240	151	44	11	1540.902
0.785398	0.080730	-2.622036	0	43	13	1540.350
-1.832596	1.658653	-2.409879	128	129	153	1540.025
-2.879793	0.700570	1.559208	41	124	151	1531.759
-2.094395	2.089241	-0.114193	158	45	3	1531.348
2.094395	2.164094	-2.991358	135	43	8	1530.972
-1.832596	0.914445	2.687814	4	36	28	1530.686
2.879793	0.615174	-0.666022	32	122	140	1528.683
1.047198	2.247462	0.191623	139	122	137	1528.088
-2.356194	0.203748	0.590255	157	44	7	1527.830
-2.356194	0.866395	-2.492918	137	123	153	1526.708
-0.785398	2.863997	0.549740	138	38	146	1524.506
0.785398	2.396274	-1.959260	40	136	140	1524.196
-1.832596	1.214854	-1.966664	137	33	135	1523.833
-1.308997	1.875281	0.107086	143	46	0	1522.448
2.094395	0.864993	2.278281	134	126	153	1521.387
2.617994	2.579248	-2.364801	138	43	9	1519.642
-1.047198	2.104282	-0.813972	136	31	139	1519.602
1.832596	2.587733	0.232235	18	117	137	1519.066
-0.785398	2.247462	0.191623	39	132	140	1518.258
-1.570796	2.041297	-2.664597	9	45	156	1516.727
-2.356194	0.700570	1.559208	134	39	150	1514.951
-2.617994	2.456751	-1.503343	134	34	23	1514.251
2.617994	2.164094	-2.991358	124	36	9	1511.103
-2.094395	2.041297	-2.664597	124	133	143	1510.912
1.832596	2.115563	0.685730	7	120	128	1508.682
-2.879793	1.014500	0.906702	146	120	6	1506.777
2.356194	2.349581	-2.702517	136	42	5	1505.148
-0.261799	1.812176	0.656819	35	12	11	1504.017
-1.570796	1.335669	0.897240	145	37	135	1499.375
-0.785398	2.089241	-0.114193	43	143	8	1498.491
0.785398	2.379497	0.561089	29	130	141	1498.207
-0.785398	0.458961	-0.107937	134	41	10	1495.267
-3.141593	1.050534	3.042579	39	139	139	1494.985
-2.356194	0.640596	-2.797608	42	157	3	1494.207
-2.617994	2.104282	-0.813972	143	111	2	1494.168
-1.832596	2.153910	-1.714959	44	129	152	1492.438
-0.523599	1.683268	0.374177	128	36	153	1491.617
2.094395	1.218453	2.777284	147	45	151	1491.395
0.785398	0.961715	0.014085	126	130	140	1491.065
1.832596	0.571433	-1.188419	48	142	153	1490.507
2.617994	0.496451	0.593859	43	3	147	1489.591
-0.261799	1.766067	2.153843	140	142	25	1489.553
-1.570796	2.033014	2.977192	142	45	2	1489.374
-2.356194	1.658653	-2.409879	132	138	13	1489.360
2.617994	1.683268	0.374177	34	139	133	1486.955
-3.141593	0.899350	-2.069907	46	152	153	1486.698
-1.047198	0.914445	2.687814	147	118	132	1485.621
0.523599	1.025536	1.576859	136	136	7	1485.043
2.356194	1.391910	3.030322	139	43	154	1484.007
0.000000	1.417623	-0.202254	40	137	142	1482.972
-0.523599	1.869911	2.701025	47	155	0	1481.886
-2.356194	2.138223	1.678323	120	4	19	1481.363
2.879793	2.251330	-2.330739	132	36	17	1481.148
-0.785398	1.433411	-1.035986	21	144	116	1480.603
-1.570796	2.001437	0.381215	150	46	151	1479.320
-3.141593	0.910508	1.903534	158	116	150	1478.793
2.094395	0.762244	-0.273349	23	116	135	1478.615
-2.617994	2.979456	-1.009304	145	44	151	1478.434
-1.047198	0.458961	-0.107937	138	43	10	1477.607
-0.261799	0.961715	0.014085	122	23	16	1474.696
1.308997	2.760637	2.781135	45	130	149	1472.839
-3.141593	1.242974	-2.977882	38	140	134	1472.834
-2.617994	0.700570	1.559208	46	131	150	1469.887
-0.261799	1.721184	-0.153948	37	142	131	1469.416
1.308997	1.554776	0.100351	12	44	0	1468.684
2.356194	2.174483	2.653697	138	33	135	1467.891
1.570796	1.766067	2.153843	135	116	1	1464.283
-3.141593	1.433411	-1.035986	18	155	40	1463.237
0.785398	1.417623	-0.202254	122	133	146	1462.600
1.308997	1.683268	0.374177	0	115	138	1460.646
-1.570796	1.736875	3.023612	142	46	2	1459.270
-2.617994	1.113094	-0.272241	146	41	151	1458.633
0.785398	2.001437	0.381215	20	32	18	1458.324
0.000000	2.588535	-2.976617	123	19	14	1457.657
-0.785398	1.683268	0.374177	131	40	153	1457.043
1.832596	0.203748	0.590255	34	129	129	1456.749
-0.785398	1.374601	-2.456031	34	127	149	1456.221
0.785398	0.618092	2.539118	125	7	23	1456.187
-0.523599	1.766067	2.153843	122	15	10	1455.664
1.832596	1.391910	3.030322	11	41	133	1455.555
-0.261799	2.089241	-0.114193	39	148	134	1452.647
-1.570796	1.683268	0.374177	150	45	153	1451.992
2.356194	1.870545	-2.976234	130	40	1	1451.786
-1.832596	2.187132	-0.479875	150	38	28	1451.621
1.308997	0.929350	-2.910676	156	116	134	1450.434
-1.047198	0.866395	-2.492918	4	43	159	1450.344
-1.047198	0.961715	0.014085	133	40	6	1449.295
-0.261799	1.574060	2.783565	155	48	155	1448.855
-3.141593	1.134497	-1.109631	18	148	40	1448.847
-1.832596	2.724429	-0.348782	139	43	151	1448.738
-2.094395	1.948085	-2.363031	133	133	7	1447.354
1.047198	2.396274	-1.959260	43	141	141	1447.039
-2.879793	1.699788	2.452890	49	140	1	1446.556
-0.523599	2.396274	-1.959260	151	114	142	1446.514
-1.308997	2.164094	-2.991358	142	44	158	1445.312
1.832596	1.554776	0.100351	145	48	2	1444.594
-0.523599	2.343981	-1.040456	126	139	0	1444.087
1.047198	0.571433	-1.188419	40	124	155	1443.752
-2.094395	0.700570	1.559208	130	36	150	1443.027
-1.308997	1.045978	0.343692	132	42	7	1442.662
-0.261799	2.187132	-0.479875	122	154	3	1442.023
-1.308997	1.184361	0.625864	132	37	151	1441.891
-0.261799	1.184361	0.625864	46	143	154	1440.066
-2.094395	1.214854	-1.966664	144	37	135	1439.477
0.785398	1.756530	-2.105156	148	42	151	1439.412
2.879793	0.619654	-2.216909	125	141	157	1437.488
0.785398	1.218453	2.777284	130	158	23	1437.294
0.785398	1.732874	-0.951685	145	38	137	1436.559
-2.879793	0.640596	-2.797608	124	141	150	1435.876
-1.047198	2.979456	-1.009304	43	138	4	1435.680
-0.523599	1.413347	-1.339188	45	154	142	1435.282
1.308997	2.041297	-2.664597	6	45	6	1434.797
0.261799	2.247462	0.191623	44	1	141	1432.870
1.308997	1.732874	-0.951685	133	33	137	1430.721
2.879793	2.579248	-2.364801	133	39	9	1430.595
2.356194	2.164094	-2.991358	129	39	0	1428.454
2.356194	0.203748	0.590255	122	25	4	1427.879
1.308997	0.496451	0.593859	155	119	132	1427.844
1.832596	1.050534	3.042579	151	46	157	1427.418
-0.523599	1.135813	-2.658866	35	131	145	1427.247
1.832596	0.419640	2.974122	145	46	151	1426.410
-0.785398	0.203748	0.590255	37	128	159	1425.965
-0.261799	1.113094	-0.272241	126	20	23	1424.845
2.879793	1.812176	0.656819	47	153	4	1424.621
2.356194	1.869911	2.701025	140	37	136	1424.301
-0.523599	0.961715	0.014085	123	29	15	1422.618
-2.617994	1.948085	-2.363031	128	147	13	1422.060
2.094395	1.998705	2.370472	143	8	119	1421.536
1.308997	0.615174	-0.666022	129	137	5	1421.488
0.523599	2.664082	-1.071402	16	45	16	1420.547
-0.261799	2.164094	-2.991358	43	148	148	1419.996
2.356194	2.592629	0.909713	4	40	27	1418.797
0.000000	0.290380	-0.796960	132	35	19	1418.786
-1.047198	0.831641	0.616218	124	38	2	1418.608
-1.570796	1.875281	0.107086	147	47	159	1416.961
-1.570796	1.555207	1.708892	3	7	112	1415.103
2.356194	0.762244	-0.273349	27	120	136	1413.592
-0.523599	1.977582	0.969896	42	132	159	1413.546
2.617994	2.592629	0.909713	20	123	127	1413.353
-3.141593	0.370812	-2.547742	124	137	149	1413.080
-2.617994	0.929350	-2.910676	42	151	7	1412.345
2.094395	0.203748	0.590255	36	134	129	1410.655
1.047198	0.700570	1.559208	30	136	120	1409.177
-1.047198	1.195355	1.200319	40	150	156	1409.029
2.879793	1.869911	2.701025	42	137	153	1408.877
0.261799	0.685216	-1.712745	145	109	156	1408.801
0.523599	0.290380	-0.796960	41	140	138	1408.770
0.000000	0.640596	-2.797608	42	8	145	1407.330
1.047198	0.640596	-2.797608	158	46	2	1407.055
0.261799	1.014500	0.906702	156	51	9	1406.453
1.570796	2.579248	-2.364801	12	43	3	1406.211
2.617994	1.741644	-2.695914	48	146	1	1405.472
1.308997	2.001437	0.381215	145	121	132	1404.641
2.356194	0.379747	-1.713059	49	140	159	1404.143
-2.879793	2.455966	-0.641220	2	47	158	1403.254
-1.832596	0.640596	-2.797608	141	118	147	1402.205
2.879793	1.134497	-1.109631	15	145	40	1401.984
1.570796	0.419640	2.974122	153	46	155	1401.832
1.832596	2.247462	0.191623	11	37	15	1401.492
-0.261799	2.719179	-1.780644	156	117	136	1401.473
2.356194	2.588535	-2.976617	132	41	148	1400.764
1.832596	0.290380	-0.796960	130	130	158	1400.262
-1.308997	1.134796	2.434290	143	126	127	1399.428
1.570796	0.290380	-0.796960	126	137	1	1399.422
0.785398	2.356369	3.005869	143	119	2	1398.836
2.094395	0.379747	-1.713059	47	133	159	1398.633
-0.785398	1.824694	1.850876	143	41	156	1398.367
2.879793	1.488617	1.159546	139	137	21	1398.163
-2.094395	0.418037	1.360082	48	141	144	1397.258
-3.141593	2.251330	-2.330739	128	31	13	1395.825
1.308997	2.108018	1.311430	38	137	141	1395.669
-0.261799	2.455966	-0.641220	124	138	151	1395.380
-2.094395	0.914445	2.687814	29	129	141	1395.264
-1.308997	0.203748	0.590255	131	38	3	1393.699
-0.785398	2.356369	3.005869	31	123	159	1393.550
-1.308997	1.504028	0.636812	143	41	140	1393.355
0.785398	1.045978	0.343692	23	38	155	1392.703
1.308997	0.762244	-0.273349	133	128	5	1392.434
-2.094395	0.709924	0.218797	7	44	149	1391.762
0.000000	0.709924	0.218797	47	136	157	1391.623
-3.141593	2.579248	-2.364801	128	35	10	1390.882
1.570796	2.343981	-1.040456	156	44	1	1389.504
-0.785398	1.045978	0.343692	31	125	141	1388.977
-2.356194	2.041297	-2.664597	120	137	141	1388.297
0.523599	1.606104	-0.451151	118	140	155	1388.132
2.879793	1.569311	-3.003978	35	131	137	1387.480
1.570796	2.349581	-2.702517	138	121	152	1387.449
0.523599	2.478122	2.609777	149	118	4	1386.318
2.356194	1.025536	1.576859	131	141	10	1385.974
-2.617994	2.349581	-2.702517	40	5	1	1385.850
-2.094395	0.960688	-0.577532	138	140	14	1384.975
1.570796	0.571433	-1.188419	127	146	8	1384.068
1.047198	1.732874	-0.951685	139	35	137	1384.016
0.261799	1.721184	-0.153948	42	145	139	1383.947
-2.879793	0.906588	1.252948	38	121	156	1382.561
2.879793	2.247462	0.191623	41	146	3	1382.525
1.047198	0.850607	-1.335383	37	123	147	1382.343
-1.047198	1.050534	3.042579	8	44	145	1382.105
2.879793	0.709924	0.218797	122	22	8	1381.741
0.523599	2.704512	1.488683	47	134	148	1381.615
1.832596	2.356369	3.005869	143	41	146	1379.281
-0.523599	0.709924	0.218797	35	129	148	1377.783
-2.879793	2.396274	-1.959260	132	32	24	1377.064
2.356194	1.569311	-3.003978	138	43	159	1376.755
-1.570796	0.496451	0.593859	135	43	148	1376.717
1.047198	1.683268	0.374177	8	37	20	1375.562
-1.570796	1.504028	0.636812	151	42	137	1374.484
-2.094395	2.396274	-1.959260	41	9	153	1374.344
1.047198	0.762244	-0.273349	131	132	5	1373.031
-2.617994	1.128190	-2.288622	116	6	8	1371.327
2.879793	2.704512	1.488683	18	34	15	1370.844
0.000000	1.014500	0.906702	4	51	9	1370.137
2.094395	0.914445	2.687814	145	46	149	1369.935
-2.879793	1.413430	2.550734	48	141	154	1369.696
1.570796	0.929350	-2.910676	150	114	9	1369.482
0.000000	1.113094	-0.272241	127	16	23	1369.394
1.570796	1.574060	2.783565	125	119	146	1369.264
-2.617994	0.418037	1.360082	43	130	144	1368.749
-0.523599	2.108018	1.311430	157	110	156	1368.570
1.308997	1.870545	-2.976234	24	37	138	1368.266
-2.617994	0.831641	0.616218	145	117	1	1367.957
-2.094395	0.906588	1.252948	136	38	146	1367.877
2.879793	2.456751	-1.503343	153	42	21	1367.824
-3.141593	0.419640	2.974122	43	143	137	1367.413
2.617994	2.033014	2.977192	131	36	146	1367.145
1.047198	1.875281	0.107086	142	120	138	1367.004
0.785398	0.370812	-2.547742	3	48	152	1366.883
2.094395	1.574060	2.783565	6	36	128	1366.098
2.617994	1.168678	2.108595	138	3	118	1366.046
-2.356194	1.875281	0.107086	136	151	27	1365.562
-2.356194	1.569311	-3.003978	127	157	18	1365.002
-1.308997	1.812176	0.656819	146	44	146	1364.949
-1.308997	1.218453	2.777284	0	119	128	1364.273
-1.308997	2.407836	1.410646	141	110	154	1362.656
2.879793	1.870545	-2.976234	34	130	141	1362.031
-0.523599	2.404280	-0.174044	40	146	135	1361.347
0.785398	1.658653	-2.409879	146	39	146	1360.922
1.832596	1.440580	2.260026	137	113	154	1360.346
-1.832596	0.615174	-0.666022	132	37	0	1360.131
-2.356194	0.960688	-0.577532	143	40	153	1359.898
1.832596	1.699788	2.452890	137	113	155	1359.720
1.308997	0.866395	-2.492918	158	36	28	1359.639
1.308997	1.662363	0.915448	152	126	124	1359.303
-0.785398	2.396274	-1.959260	146	116	144	1359.135
-0.261799	1.554776	0.100351	155	46	0	1358.820
-1.047198	1.301460	-0.509251	139	31	133	1357.875
2.617994	1.450119	-2.739050	49	147	7	1357.656
1.308997	2.881233	-2.582574	11	43	3	1356.113
-1.047198	0.080730	-2.622036	157	49	13	1356.109
-2.094395	0.961715	0.014085	16	38	9	1355.281
-2.879793	0.418037	1.360082	39	124	145	1355.160
-2.617994	0.419640	2.974122	121	141	143	1354.747
2.617994	1.391910	3.030322	133	41	154	1354.305
1.047198	1.756530	-2.105156	144	40	151	1354.148
2.617994	1.870545	-2.976234	126	36	1	1353.741
-0.261799	1.836682	-0.676006	124	152	9	1353.536
-0.261799	1.824694	1.850876	128	7	22	1351.958
1.570796	0.591903	2.010408	129	8	29	1351.798
-1.570796	1.488617	1.159546	134	117	4	1351.641
0.261799	1.417623	-0.202254	120	18	10	1350.850
-2.094395	0.674054	1.013609	47	133	151	1350.752
2.617994	1.869911	2.701025	37	131	153	1350.683
-1.308997	2.719179	-1.780644	143	132	20	1350.603
-3.141593	2.033014	2.977192	44	141	152	1350.392
-2.356194	1.870545	-2.976234	122	137	134	1349.812
2.879793	2.349581	-2.702517	126	35	10	1349.629
-0.261799	2.724429	-0.348782	44	140	4	1349.130
-1.047198	0.203748	0.590255	127	34	3	1348.983
0.523599	2.579248	-2.364801	45	2	147	1348.830
0.000000	2.104282	-0.813972	45	157	156	1348.316
0.000000	0.379747	-1.713059	4	48	158	1348.070
-2.356194	1.256302	0.062705	159	46	13	1347.586
-1.047198	0.709924	0.218797	131	40	8	1347.230
2.356194	1.135834	-1.431087	46	146	143	1346.993
0.000000	1.574060	2.783565	133	150	29	1346.888
-1.308997	1.909857	-0.381669	159	50	156	1346.387
2.356194	2.396274	-1.959260	155	44	17	1345.304
-1.570796	2.180315	-1.357379	47	132	159	1345.057
0.785398	1.869911	2.701025	115	145	158	1344.003
-0.785398	2.343981	-1.040456	124	144	159	1343.427
2.617994	0.762244	-0.273349	32	123	137	1343.232
-3.141593	0.866395	-2.492918	123	154	5	1342.723
-3.141593	0.700570	1.559208	125	142	21	1342.273
-2.094395	2.455966	-0.641220	137	45	158	1341.782
2.094395	1.050534	3.042579	152	50	150	1340.844
-0.785398	2.456751	-1.503343	48	149	157	1340.074
-2.879793	0.619654	-2.216909	45	155	157	1339.879
-1.570796	2.587733	0.232235	146	44	151	1338.901
0.261799	2.724429	-0.348782	146	119	0	1338.891
2.356194	1.045978	0.343692	36	129	4	1337.726
-1.047198	2.164094	-2.991358	136	44	157	1337.533
-1.832596	0.992645	-1.723759	158	49	149	1337.211
-0.523599	1.875281	0.107086	35	132	138	1336.378
1.570796	1.948085	-2.363031	145	119	156	1336.105
-0.523599	1.812176	0.656819	131	37	147	1335.305
2.879793	0.458961	-0.107937	46	154	148	1334.454
-1.832596	1.554776	0.100351	1	46	0	1334.277
0.523599	2.174483	2.653697	142	123	9	1333.248
1.570796	1.113094	-0.272241	153	47	152	1333.227
-1.047198	2.379497	0.561089	144	46	150	1331.982
-3.141593	0.640596	-2.797608	120	9	11	1331.721
-1.570796	0.733948	3.021411	159	49	138	1331.293
1.308997	1.184361	0.625864	18	120	130	1331.139
1.832596	1.875281	0.107086	146	48	0	1330.602
1.047198	0.458961	-0.107937	26	31	159	1330.562
-2.356194	2.063651	-2.044600	129	19	26	1330.503
2.879793	1.696674	-1.253233	39	137	1	1330.389
1.832596	0.458961	-0.107937	152	117	138	1329.602
2.094395	0.910508	1.903534	143	109	151	1329.588
-3.141593	1.569311	-3.003978	40	133	139	1329.368
-1.570796	1.310100	1.488307	45	151	2	1329.294
0.261799	1.606104	-0.451151	122	151	4	1329.252
0.261799	0.961715	0.014085	118	142	139	1328.963
0.261799	1.301460	-0.509251	118	22	7	1328.751
-2.094395	1.545873	-1.877082	37	130	137	1328.539
0.785398	0.458961	-0.107937	29	28	159	1328.438
-0.261799	0.929350	-2.910676	43	158	144	1328.382
2.356194	2.719179	-1.780644	3	44	10	1327.979
-0.785398	1.050534	3.042579	145	48	5	1327.887
1.308997	1.256302	0.062705	158	47	1	1327.750
0.000000	1.569311	-3.003978	39	144	141	1327.473
0.785398	1.134497	-1.109631	34	123	142	1327.210
-3.141593	1.440580	2.260026	131	17	132	1326.639
-2.617994	0.203748	0.590255	3	43	7	1326.568
2.879793	1.554776	0.100351	43	8	2	1326.538
0.785398	1.606104	-0.451151	41	141	135	1326.385
-0.261799	1.367556	0.358405	40	127	145	1325.478
-1.570796	1.662363	0.915448	132	114	155	1325.042
1.047198	2.724429	-0.348782	11	112	140	1324.316
-0.261799	0.370812	-2.547742	43	7	148	1323.843
0.785398	0.866955	-0.931351	40	124	149	1323.100
-2.879793	2.719179	-1.780644	133	40	8	1322.924
1.832596	1.569311	-3.003978	8	43	138	1322.312
-1.308997	2.456751	-1.503343	48	133	157	1322.291
-0.523599	2.299159	2.264663	126	13	143	1322.178
0.000000	1.869911	2.701025	138	133	27	1321.970
1.308997	1.809167	1.213774	151	131	118	1321.871
2.617994	1.440580	2.260026	132	0	122	1321.231
1.832596	0.864993	2.278281	129	129	153	1320.881
-2.094395	1.846342	-1.796954	41	126	147	1320.562
2.879793	1.699788	2.452890	43	139	159	1319.943
2.094395	1.736875	3.023612	137	44	153	1319.932
-1.308997	0.709924	0.218797	137	42	9	1319.592
-2.617994	1.450119	-2.739050	42	144	141	1319.499
-2.094395	2.579248	-2.364801	33	24	1	1319.234
-0.785398	1.909857	-0.381669	49	147	9	1319.173
1.047198	2.704512	1.488683	129	133	154	1319.108
-1.047198	2.299159	2.264663	22	140	115	1318.631
-1.832596	2.979456	-1.009304	46	148	140	1318.624
2.879793	1.050534	3.042579	38	133	139	1318.131
1.047198	0.831641	0.616218	148	44	1	1317.723
0.523599	0.615174	-0.666022	43	4	151	1316.683
2.356194	0.618092	2.539118	142	43	146	1316.645
-3.141593	1.488617	1.159546	39	146	147	1316.086
-2.617994	1.242974	-2.977882	43	151	138	1315.695
0.261799	0.370812	-2.547742	39	12	8	1315.590
-1.570796	2.579248	-2.364801	25	33	2	1313.685
-2.094395	1.683268	0.374177	127	126	149	1313.048
-0.523599	2.881233	-2.582574	31	126	127	1312.844
1.047198	1.606104	-0.451151	126	127	155	1312.784
-2.879793	1.335669	0.897240	35	130	138	1312.658
-1.570796	1.391910	3.030322	2	40	19	1312.594
-1.832596	1.555207	1.708892	40	137	141	1312.425
-1.832596	2.579248	-2.364801	29	28	1	1312.266
-1.308997	2.455966	-0.641220	159	114	0	1312.068
-0.523599	1.045978	0.343692	36	128	144	1312.004
-3.141593	0.458961	-0.107937	42	152	146	1311.295
-1.570796	1.045978	0.343692	137	45	7	1311.161
-2.094395	1.374601	-2.456031	41	141	134	1310.662
2.617994	1.812176	0.656819	30	140	127	1310.365
-1.047198	0.733948	3.021411	148	47	153	1310.062
-0.523599	1.256302	0.062705	120	27	13	1309.914
2.094395	2.587733	0.232235	25	124	132	1309.549
-1.047198	1.510910	-0.740472	48	137	155	1309.017
2.094395	1.875281	0.107086	140	47	5	1308.589
0.261799	2.478122	2.609777	123	0	22	1308.366
0.785398	2.719179	-1.780644	46	155	152	1308.346
-1.570796	1.870545	-2.976234	158	43	13	1308.238
-1.308997	2.587733	0.232235	138	40	148	1307.838
-2.094395	0.618092	2.539118	148	3	117	1307.793
-2.356194	2.760637	2.781135	156	49	158	1307.648
0.523599	1.301460	-0.509251	120	13	14	1307.461
0.523599	1.194549	-0.801900	33	123	138	1306.625
2.094395	1.741644	-2.695914	46	133	154	1306.294
-1.308997	0.418037	1.360082	117	8	154	1306.131
2.356194	0.458961	-0.107937	31	123	133	1304.494
0.785398	1.113094	-0.272241	123	132	147	1304.144
-0.261799	1.872854	1.543456	36	125	1	1304.130
-2.879793	1.450119	-2.739050	119	0	157	1304.073
-2.094395	2.984978	1.954446	154	42	142	1303.898
-2.617994	2.664082	-1.071402	141	47	159	1303.047
-1.308997	1.325504	-1.671296	44	147	6	1302.821
1.047198	1.134497	-1.109631	4	47	142	1302.656
1.308997	2.396274	-1.959260	137	42	3	1302.310
2.879793	0.929350	-2.910676	37	138	133	1302.211
0.000000	1.050534	3.042579	38	140	137	1301.870
-1.832596	2.180315	-1.357379	41	126	155	1301.824
1.308997	2.984978	1.954446	126	34	153	1301.544
-0.523599	1.554776	0.100351	36	132	137	1301.483
-0.523599	2.033014	2.977192	119	152	16	1301.361
2.094395	1.413430	2.550734	141	111	149	1301.285
-1.047198	2.719179	-1.780644	24	34	6	1301.211
-2.617994	1.391910	3.030322	49	4	134	1301.179
-0.523599	2.174483	2.653697	47	152	4	1301.120
0.785398	1.554776	0.100351	46	144	142	1301.118
-2.356194	1.025536	1.576859	135	37	142	1300.972
1.570796	1.135813	-2.658866	154	120	131	1300.875
0.785398	2.404280	-0.174044	1	46	136	1299.617
1.570796	2.041297	-2.664597	22	36	148	1299.188
0.261799	0.458961	-0.107937	15	46	153	1298.977
-3.141593	0.674054	1.013609	145	117	159	1298.922
1.832596	1.732874	-0.951685	14	150	103	1298.850
0.000000	0.961715	0.014085	43	143	151	1298.807
-1.832596	2.251330	-2.330739	127	131	152	1298.414
1.832596	2.984978	1.954446	44	155	144	1298.302
-2.094395	0.591903	2.010408	48	150	144	1297.940
-0.785398	2.393226	1.857173	129	142	11	1297.766
-1.047198	1.812176	0.656819	142	43	142	1297.742
-2.617994	0.640596	-2.797608	5	41	157	1296.906
-0.261799	2.664082	-1.071402	129	129	153	1296.810
0.261799	0.709924	0.218797	122	136	140	1296.419
-2.617994	0.914445	2.687814	121	148	137	1296.405
-0.785398	1.836682	-0.676006	50	149	2	1296.326
-0.261799	1.301460	-0.509251	44	147	150	1295.902
1.308997	1.050534	3.042579	129	127	143	1295.801
2.094395	1.374601	-2.456031	45	132	157	1295.718
1.047198	0.418037	1.360082	31	131	124	1295.580
1.047198	1.128190	-2.288622	133	139	10	1295.416
-3.141593	2.587733	0.232235	124	6	22	1294.905
-3.141593	1.025536	1.576859	35	120	157	1294.175
-1.832596	2.881233	-2.582574	25	29	6	1293.445
1.832596	1.736875	3.023612	149	45	150	1293.422
1.570796	1.569311	-3.003978	2	45	0	1292.352
-2.094395	1.014500	0.906702	144	51	156	1292.328
2.879793	0.618092	2.539118	132	40	150	1292.219
-2.094395	2.724429	-0.348782	144	45	151	1292.199
1.047198	1.014500	0.906702	143	45	7	1291.558
-1.047198	1.045978	0.343692	129	37	156	1291.373
-2.617994	2.041297	-2.664597	15	49	3	1290.555
0.000000	1.391910	3.030322	39	145	135	1290.248
-1.308997	1.168678	2.108595	139	131	123	1290.198
2.356194	0.992645	-1.723759	0	44	0	1290.086
-1.832596	1.504028	0.636812	128	119	152	1289.619
2.356194	2.299159	2.264663	41	154	156	1289.273
-2.879793	0.080730	-2.622036	139	134	16	1288.422
-2.094395	1.448123	-2.163292	39	134	135	1288.206
1.570796	0.615174	-0.666022	131	135	6	1287.761
-2.617994	0.591903	2.010408	130	37	152	1287.698
0.000000	1.242974	-2.977882	41	143	145	1287.271
-1.047198	2.579248	-2.364801	153	114	150	1286.902
0.261799	2.881233	-2.582574	122	24	6	1286.732
-2.094395	2.587733	0.232235	4	45	9	1286.613
-1.308997	0.419640	2.974122	143	117	144	1286.516
1.308997	2.719179	-1.780644	43	6	151	1286.512
-2.879793	1.050534	3.042579	43	149	138	1285.717
-1.570796	0.762244	-0.273349	147	114	147	1285.705
1.047198	1.721184	-0.153948	135	122	148	1285.429
-2.094395	1.869911	2.701025	156	44	10	1284.676
0.785398	1.184361	0.625864	125	26	17	1284.438
2.617994	0.571433	-1.188419	43	154	151	1284.151
-0.523599	1.982574	-1.115518	2	43	9	1284.094
-0.523599	1.367556	0.358405	127	34	151	1283.639
-0.261799	1.732874	-0.951685	49	3	157	1283.551
-2.094395	2.592629	0.909713	129	135	6	1282.844
-2.094395	0.615174	-0.666022	136	41	0	1282.450
-2.879793	1.242974	-2.977882	41	145	137	1282.401
1.308997	0.910508	1.903534	120	152	7	1282.244
1.570796	1.050534	3.042579	144	47	154	1282.080
-1.308997	1.683268	0.374177	145	43	153	1281.995
-0.523599	2.001437	0.381215	40	132	143	1281.984
-2.356194	1.218453	2.777284	50	14	137	1281.927
1.308997	0.571433	-1.188419	46	130	156	1281.763
0.785398	2.089241	-0.114193	138	123	144	1281.399
-2.617994	0.910508	1.903534	47	133	152	1281.245
-2.617994	1.367556	0.358405	4	47	6	1281.062
0.261799	2.174483	2.653697	121	5	13	1280.853
2.879793	2.760637	2.781135	123	144	129	1280.720
2.879793	2.719179	-1.780644	144	47	159	1280.602
-1.832596	1.736875	3.023612	145	48	23	1280.544
0.261799	0.203748	0.590255	141	129	15	1280.257
2.094395	0.496451	0.593859	33	133	125	1280.135
0.785398	2.724429	-0.348782	8	42	148	1279.812
1.570796	0.733948	3.021411	155	46	158	1279.785
-0.261799	0.418037	1.360082	21	33	7	1279.768
0.000000	2.393226	1.857173	34	119	159	1279.692
2.617994	2.588535	-2.976617	129	38	148	1279.442
0.523599	2.001437	0.381215	0	45	21	1279.339
-1.570796	1.367556	0.358405	149	45	152	1279.258
-2.617994	2.724429	-0.348782	12	41	3	1278.969
-1.308997	0.700570	1.559208	45	9	152	1278.677
2.094395	2.247462	0.191623	143	48	3	1278.656
-2.094395	1.736875	3.023612	32	124	154	1278.545
2.094395	1.242974	-2.977882	144	47	2	1278.314
0.000000	0.591903	2.010408	13	41	13	1278.242
-3.141593	2.180315	-1.357379	41	147	135	1277.854
1.832596	1.574060	2.783565	9	36	128	1277.416
-0.523599	0.866395	-2.492918	44	159	151	1277.189
1.570796	1.256302	0.062705	23	42	156	1276.861
0.785398	1.510910	-0.740472	38	134	134	1276.850
-2.879793	0.419640	2.974122	118	13	151	1276.834
-2.879793	1.998705	2.370472	49	139	4	1276.460
1.570796	0.910508	1.903534	129	134	13	1276.171
-0.261799	2.295480	1.008277	135	32	140	1275.534
2.879793	1.766067	2.153843	139	155	116	1275.267
-1.047198	2.863997	0.549740	141	40	146	1275.262
1.832596	2.033014	2.977192	136	45	0	1275.238
-2.617994	1.374601	-2.456031	122	152	5	1275.229
-1.047198	2.187132	-0.479875	118	22	16	1275.161
-2.356194	0.674054	1.013609	45	127	152	1274.216
1.832596	1.168678	2.108595	124	143	6	1273.991
-1.308997	0.458961	-0.107937	145	47	0	1273.910
2.617994	0.866955	-0.931351	148	114	153	1273.797
-2.617994	0.080730	-2.622036	149	118	159	1273.578
-0.523599	0.618092	2.539118	22	120	131	1273.535
0.785398	1.699788	2.452890	41	135	143	1273.506
-0.261799	0.700570	1.559208	5	49	151	1272.953
-1.832596	1.045978	0.343692	144	49	8	1272.795
1.047198	1.504028	0.636812	146	46	7	1272.533
-2.356194	0.496451	0.593859	40	123	149	1272.177
2.094395	2.588535	-2.976617	51	142	150	1272.003
-2.879793	2.979456	-1.009304	152	47	158	1271.930
1.047198	0.709924	0.218797	123	26	1	1271.851
-1.570796	2.349581	-2.702517	20	41	147	1271.695
2.879793	1.683268	0.374177	128	151	28	1271.645
0.523599	2.164094	-2.991358	125	151	10	1271.635
-2.617994	1.301460	-0.509251	148	39	146	1271.625
-0.785398	0.864993	2.278281	5	49	148	1271.562
1.570796	0.080730	-2.622036	135	44	157	1271.517
-2.879793	1.658653	-2.409879	43	151	154	1271.377
-2.094395	2.187132	-0.479875	154	38	27	1271.301
-0.785398	2.664082	-1.071402	124	138	151	1271.160
-0.261799	0.906588	1.252948	10	50	0	1270.934
-1.308997	0.831641	0.616218	136	41	146	1270.791
0.785398	1.741644	-2.695914	148	110	0	1270.676
-0.523599	2.295480	1.008277	143	42	144	1270.605
1.832596	2.153910	-1.714959	132	36	3	1270.073
-1.570796	1.014500	0.906702	139	37	137	1269.985
0.261799	1.450119	-2.739050	45	154	147	1269.965
-1.308997	1.194549	-0.801900	17	133	116	1269.526
1.832596	2.719179	-1.780644	127	139	9	1269.281
-2.356194	2.719179	-1.780644	125	31	9	1268.490
-3.141593	0.906588	1.252948	151	117	3	1268.467
-2.356194	1.050534	3.042579	45	15	130	1268.400
-0.523599	2.104282	-0.813972	0	40	18	1268.359
0.261799	1.256302	0.062705	122	4	17	1268.247
-0.785398	1.812176	0.656819	40	135	154	1268.168
0.000000	0.992645	-1.723759	35	145	131	1267.976
1.570796	0.418037	1.360082	127	28	17	1267.936
-0.523599	1.721184	-0.153948	48	153	9	1267.648
-2.879793	1.440580	2.260026	49	140	1	1267.445
0.261799	1.732874	-0.951685	153	35	136	1267.324
1.832596	2.396274	-1.959260	141	124	0	1267.092
-0.785398	1.662363	0.915448	136	36	140	1266.820
1.047198	2.356369	3.005869	146	116	0	1266.650
-2.617994	1.050534	3.042579	46	8	130	1266.452
2.617994	1.736875	3.023612	133	39	150	1266.398
-1.047198	2.343981	-1.040456	158	42	3	1266.381
-0.785398	0.961715	0.014085	128	36	7	1266.165
-1.570796	1.766067	2.153843	9	135	115	1266.130
1.570796	2.104282	-0.813972	6	43	155	1265.777
0.785398	0.203748	0.590255	46	154	1	1265.740
1.308997	1.242974	-2.977882	16	41	0	1265.461
-1.308997	1.870545	-2.976234	19	46	140	1265.230
-0.785398	0.619654	-2.216909	45	151	149	1265.204
-0.785398	1.721184	-0.153948	49	147	9	1265.137
-3.141593	1.870545	-2.976234	38	130	140	1264.552
1.047198	0.203748	0.590255	151	119	132	1264.473
-1.047198	0.864993	2.278281	158	119	123	1264.441
1.047198	2.033014	2.977192	115	138	156	1264.428
1.832596	2.174483	2.653697	141	38	137	1264.311
2.094395	2.863997	0.549740	154	48	0	1264.273
-2.356194	1.195355	1.200319	123	130	8	1264.268
-2.617994	0.618092	2.539118	121	16	145	1264.038
2.879793	0.866395	-2.492918	49	152	10	1263.801
-2.094395	1.510910	-0.740472	149	30	39	1263.630
1.308997	1.450119	-2.739050	10	44	4	1263.352
-3.141593	1.574060	2.783565	37	14	8	1263.257
-0.261799	1.391910	3.030322	33	137	134	1263.257
-1.570796	2.724429	-0.348782	133	41	152	1263.193
-2.356194	0.961715	0.014085	10	44	6	1263.004
0.785398	0.960688	-0.577532	45	132	147	1262.906
2.617994	0.203748	0.590255	154	42	14	1262.611
-1.047198	1.168678	2.108595	37	20	159	1262.457
2.617994	2.343981	-1.040456	124	146	23	1262.010
2.617994	1.310100	1.488307	146	111	3	1261.809
-0.523599	1.824694	1.850876	140	39	154	1261.781
1.570796	2.396274	-1.959260	133	37	2	1261.546
1.308997	1.869911	2.701025	123	123	153	1261.513
-0.523599	2.115563	0.685730	143	15	118	1261.388
2.356194	2.356369	3.005869	126	33	155	1260.846
-3.141593	1.168678	2.108595	137	38	142	1260.480
-0.261799	0.290380	-0.796960	136	40	18	1259.880
2.617994	0.379747	-1.713059	127	137	1	1259.859
-0.523599	0.906588	1.252948	139	39	156	1259.758
-1.570796	1.184361	0.625864	145	43	143	1259.477
0.000000	2.404280	-0.174044	124	156	16	1259.415
-1.832596	2.588535	-2.976617	20	39	11	1259.289
-0.261799	1.569311	-3.003978	37	139	139	1259.174
1.570796	1.391910	3.030322	8	43	140	1259.133
-1.047198	2.115563	0.685730	0	106	139	1258.910
-2.094395	0.619654	-2.216909	154	40	138	1258.859
-2.356194	2.396274	-1.959260	44	2	149	1258.686
2.879793	1.128190	-2.288622	50	158	3	1258.667
1.832596	0.418037	1.360082	122	20	12	1258.103
1.570796	0.203748	0.590255	31	124	129	1257.532
-1.832596	1.488617	1.159546	135	116	0	1257.430
2.617994	1.488617	1.159546	134	140	21	1257.139
-1.047198	2.295480	1.008277	148	37	127	1257.014
-0.523599	2.073035	2.027405	136	140	19	1256.807
1.047198	2.637879	2.121598	50	137	154	1256.747
-0.523599	1.014500	0.906702	45	147	156	1256.745
-0.523599	1.909857	-0.381669	49	155	11	1256.689
-1.832596	1.721184	-0.153948	4	47	5	1256.641
0.785398	0.615174	-0.666022	41	9	152	1256.493
-2.879793	1.391910	3.030322	120	27	155	1256.160
0.261799	2.760637	2.781135	122	145	9	1255.881
-3.141593	1.134796	2.434290	131	28	140	1255.820
0.785398	0.496451	0.593859	34	32	8	1255.793
1.832596	2.863997	0.549740	3	45	0	1255.648
2.356194	2.379497	0.561089	153	42	28	1255.490
-0.523599	2.455966	-0.641220	122	143	152	1255.202
0.261799	1.242974	-2.977882	44	153	150	1255.122
-0.785398	1.417623	-0.202254	48	147	1	1255.107
-0.785398	2.115563	0.685730	143	143	27	1254.898
2.094395	0.458961	-0.107937	26	119	134	1254.543
2.356194	1.134497	-1.109631	42	153	138	1254.426
-1.832596	1.756530	-2.105156	47	140	142	1254.371
-0.523599	1.448123	-2.163292	40	138	155	1253.855
-1.570796	2.455966	-0.641220	117	29	11	1253.661
-2.356194	1.574060	2.783565	47	139	144	1253.511
-2.356194	2.588535	-2.976617	49	140	158	1253.389
2.094395	2.180315	-1.357379	31	132	133	1252.900
0.523599	1.699788	2.452890	37	130	143	1252.535
1.570796	2.863997	0.549740	153	42	24	1252.380
-2.617994	2.719179	-1.780644	46	148	139	1252.347
-3.141593	2.349581	-2.702517	36	131	146	1252.321
1.308997	1.367556	0.358405	142	45	0	1252.260
-0.261799	1.998705	2.370472	134	138	19	1252.202
1.308997	0.418037	1.360082	33	136	124	1252.093
-2.094395	1.617114	-1.572037	35	123	140	1251.464
2.879793	0.640596	-2.797608	38	148	132	1251.401
0.000000	0.831641	0.616218	47	135	157	1251.223
2.094395	0.080730	-2.622036	128	36	4	1251.130
-0.523599	2.637879	2.121598	135	124	5	1250.747
0.261799	2.001437	0.381215	49	7	136	1250.707
2.094395	2.356369	3.005869	138	41	146	1250.695
1.047198	1.367556	0.358405	15	43	1	1250.672
-0.261799	1.242974	-2.977882	36	133	142	1250.651
2.356194	1.721184	-0.153948	35	131	142	1250.343
-2.094395	1.335669	0.897240	125	123	158	1250.318
0.261799	2.187132	-0.479875	37	35	5	1250.188
-1.047198	2.984978	1.954446	116	156	5	1250.120
0.261799	2.104282	-0.813972	41	155	155	1250.000
-2.094395	1.836682	-0.676006	157	33	32	1249.906
0.523599	2.073035	2.027405	1	49	1	1249.891
0.523599	2.407836	1.410646	142	7	117	1249.752
0.261799	0.619654	-2.216909	8	47	159	1249.635
-2.094395	1.242974	-2.977882	133	125	142	1249.362
-1.832596	0.458961	-0.107937	137	121	157	1249.336
-2.094395	1.195355	1.200319	127	124	8	1249.271
1.047198	0.864993	2.278281	126	141	6	1249.202
0.785398	2.349581	-2.702517	123	5	16	1248.860
-0.261799	1.335669	0.897240	47	146	0	1248.704
-2.879793	1.809167	1.213774	115	12	12	1248.624
-2.879793	1.869911	2.701025	121	134	1	1248.128
-1.570796	1.809167	1.213774	134	116	0	1247.971
-1.832596	2.089241	-0.114193	153	115	9	1247.883
-1.308997	1.948085	-2.363031	28	33	156	1247.663
-2.356194	1.824694	1.850876	122	7	27	1247.590
2.617994	2.180315	-1.357379	35	138	133	1247.371
-3.141593	0.619654	-2.216909	125	147	10	1247.319
-1.047198	1.977582	0.969896	146	110	152	1247.309
1.047198	2.760637	2.781135	152	48	158	1247.098
1.570796	0.496451	0.593859	27	124	125	1246.888
-1.308997	1.977582	0.969896	138	111	152	1246.887
-2.094395	1.256302	0.062705	15	108	157	1246.879
1.308997	1.998705	2.370472	124	124	3	1246.487
-0.523599	0.864993	2.278281	2	39	28	1246.211
-1.832596	1.683268	0.374177	12	40	137	1246.074
2.879793	1.218453	2.777284	123	141	3	1245.654
2.356194	1.218453	2.777284	149	47	142	1245.484
1.832596	1.683268	0.374177	134	134	9	1245.429
1.308997	2.104282	-0.813972	156	127	125	1244.962
-2.879793	2.115563	0.685730	139	151	33	1244.226
-2.617994	2.760637	2.781135	4	50	158	1244.195
-2.356194	2.579248	-2.364801	47	135	159	1243.994
-2.356194	1.948085	-2.363031	134	155	29	1243.923
0.000000	0.080730	-2.622036	38	154	20	1243.918
0.785398	0.866395	-2.492918	140	115	7	1243.887
-0.523599	0.929350	-2.910676	43	150	144	1243.680
-1.308997	2.041297	-2.664597	26	38	0	1243.613
0.000000	1.617114	-1.572037	13	149	43	1243.593
0.785398	2.393226	1.857173	137	38	140	1243.436
0.523599	1.909857	-0.381669	140	126	9	1243.359
1.570796	2.588535	-2.976617	151	47	6	1243.123
-2.879793	2.579248	-2.364801	48	5	148	1242.987
0.000000	2.979456	-1.009304	10	42	152	1242.914
0.523599	1.014500	0.906702	156	48	1	1242.883
-2.356194	2.664082	-1.071402	135	44	0	1242.361
1.308997	2.863997	0.549740	19	32	14	1242.199
1.308997	2.456751	-1.503343	45	145	144	1242.156
-1.047198	1.683268	0.374177	43	147	7	1242.097
-1.832596	0.080730	-2.622036	19	43	16	1242.042
1.832596	0.080730	-2.622036	132	41	2	1241.868
-1.832596	2.108018	1.311430	135	116	158	1241.719
-2.879793	0.615174	-0.666022	39	131	144	1241.518
2.879793	0.906588	1.252948	143	117	3	1241.074
-0.785398	2.180315	-1.357379	151	158	103	1241.042
0.000000	1.909857	-0.381669	127	4	24	1240.952
-1.570796	1.569311	-3.003978	13	44	0	1240.725
2.094395	0.618092	2.539118	32	130	151	1240.720
-1.832596	1.195355	1.200319	133	121	9	1240.320
-1.308997	0.496451	0.593859	131	40	148	1240.318
0.000000	2.299159	2.264663	143	119	7	1240.094
2.094395	2.174483	2.653697	139	38	138	1239.812
1.047198	1.135813	-2.658866	15	39	3	1239.641
2.356194	2.863997	0.549740	23	123	131	1239.594
1.308997	1.846342	-1.796954	46	146	158	1239.584
1.047198	1.135834	-1.431087	6	43	137	1239.508
2.094395	1.909857	-0.381669	31	126	145	1239.391
-1.570796	1.242974	-2.977882	146	116	139	1238.953
0.261799	0.906588	1.252948	158	49	155	1238.672
-2.356194	0.591903	2.010408	48	142	144	1238.366
-2.356194	2.724429	-0.348782	4	44	7	1237.779
1.832596	0.496451	0.593859	31	128	125	1237.558
0.000000	0.914445	2.687814	31	120	1	1237.364
1.308997	2.637879	2.121598	131	36	148	1237.353
2.879793	0.899350	-2.069907	50	159	2	1237.167
-2.356194	2.404280	-0.174044	3	42	14	1236.863
0.261799	2.299159	2.264663	152	116	5	1236.734
0.523599	0.929350	-2.910676	34	28	142	1236.525
-3.141593	1.335669	0.897240	43	144	154	1236.506
2.356194	1.998705	2.370472	138	30	129	1236.271
1.047198	2.984978	1.954446	130	38	154	1236.231
0.261799	2.979456	-1.009304	154	46	153	1236.211
-1.570796	0.709924	0.218797	145	46	157	1236.125
-2.356194	0.618092	2.539118	137	35	132	1236.111
-2.094395	0.831641	0.616218	42	126	153	1235.913
1.047198	0.674054	1.013609	122	2	13	1235.824
-0.523599	1.450119	-2.739050	34	130	142	1235.802
2.356194	2.579248	-2.364801	144	46	158	1235.746
-1.570796	1.812176	0.656819	132	112	145	1235.631
-2.617994	2.153910	-1.714959	133	28	27	1235.304
1.047198	2.379497	0.561089	42	31	135	1234.942
2.617994	1.218453	2.777284	134	41	150	1234.797
2.879793	1.809167	1.213774	142	144	28	1234.758
2.617994	2.456751	-1.503343	9	45	157	1234.576
-2.879793	0.899350	-2.069907	44	159	154	1234.491
-1.570796	2.247462	0.191623	148	47	154	1234.215
-1.832596	1.869911	2.701025	146	45	8	1234.025
-1.308997	2.001437	0.381215	145	45	154	1234.013
-1.308997	2.592629	0.909713	133	126	152	1234.010
-2.617994	2.180315	-1.357379	39	158	3	1233.963
2.094395	1.870545	-2.976234	135	44	1	1233.963
-1.570796	0.831641	0.616218	140	42	147	1233.562
-2.094395	1.658653	-2.409879	139	134	17	1233.420
-0.523599	2.407836	1.410646	142	4	116	1233.140
0.523599	0.709924	0.218797	125	132	137	1232.956
-2.356194	0.733948	3.021411	34	27	15	1232.496
-0.785398	2.579248	-2.364801	153	117	137	1232.371
-0.261799	0.674054	1.013609	136	38	154	1232.121
2.879793	0.418037	1.360082	134	127	159	1232.008
1.047198	1.569311	-3.003978	152	112	7	1231.473
-1.047198	1.909857	-0.381669	119	30	3	1231.289
0.000000	2.760637	2.781135	117	3	11	1231.250
-0.523599	1.050534	3.042579	139	47	5	1231.014
-1.047198	1.569311	-3.003978	146	48	2	1230.691
2.094395	1.599406	1.426070	147	43	153	1230.531
2.617994	0.615174	-0.666022	28	118	140	1230.395
2.617994	1.025536	1.576859	126	0	22	1230.229
-1.047198	1.256302	0.062705	128	40	13	1230.159
1.832596	1.766067	2.153843	137	114	3	1229.718
-0.523599	1.836682	-0.676006	50	157	3	1229.635
2.879793	0.960688	-0.577532	34	123	144	1229.572
-1.308997	0.674054	1.013609	49	155	151	1229.396
-1.047198	2.180315	-1.357379	152	0	103	1229.352
-0.785398	0.929350	-2.910676	44	143	145	1229.308
-2.094395	1.756530	-2.105156	43	132	143	1228.492
-0.523599	0.674054	1.013609	140	40	155	1228.484
2.356194	0.866395	-2.492918	128	48	5	1228.456
-3.141593	1.045978	0.343692	42	157	19	1227.575
-1.832596	1.134497	-1.109631	33	124	137	1227.521
-0.785398	1.135813	-2.658866	32	127	144	1227.243
1.047198	1.450119	-2.739050	17	40	155	1227.078
2.879793	2.664082	-1.071402	24	35	158	1226.951
0.523599	0.619654	-2.216909	142	112	5	1226.682
1.308997	1.135813	-2.658866	131	151	16	1226.527
-1.832596	2.455966	-0.641220	128	41	3	1226.470
2.094395	2.349581	-2.702517	146	46	158	1226.422
0.785398	1.014500	0.906702	150	44	8	1226.316
0.000000	0.685216	-1.712745	38	144	135	1226.262
-0.785398	1.168678	2.108595	43	146	142	1226.238
1.832596	0.733948	3.021411	142	46	153	1226.203
-1.047198	1.184361	0.625864	129	132	0	1226.052
-1.832596	0.866395	-2.492918	41	130	154	1225.989
-1.570796	1.256302	0.062705	149	48	159	1225.562
2.879793	2.089241	-0.114193	128	154	31	1225.398
2.356194	1.413430	2.550734	140	42	144	1225.291
-1.047198	1.134497	-1.109631	43	137	138	1225.277
1.570796	2.033014	2.977192	143	46	153	1225.051
0.261799	1.836682	-0.676006	121	151	9	1225.010
2.094395	2.089241	-0.114193	3	39	11	1224.969
-0.261799	1.504028	0.636812	46	143	152	1224.884
0.000000	1.433411	-1.035986	116	13	12	1224.441
-1.832596	2.115563	0.685730	125	133	157	1223.568
-3.141593	1.756530	-2.105156	45	150	143	1223.427
0.261799	2.704512	1.488683	45	131	148	1223.225
2.617994	2.187132	-0.479875	144	19	113	1223.027
-2.617994	0.709924	0.218797	138	120	1	1222.978
-2.879793	1.696674	-1.253233	7	45	2	1222.688
-0.523599	2.041297	-2.664597	130	43	2	1222.496
-1.832596	1.836682	-0.676006	152	35	30	1222.431
2.617994	1.982574	-1.115518	32	143	129	1222.394
1.570796	1.194549	-0.801900	132	38	132	1222.297
2.617994	1.574060	2.783565	135	39	144	1222.031
1.047198	0.080730	-2.622036	41	154	157	1221.903
-2.617994	2.478122	2.609777	30	134	136	1221.807
0.523599	2.404280	-0.174044	159	45	2	1221.758
1.308997	2.349581	-2.702517	25	37	143	1221.605
2.617994	1.128190	-2.288622	51	149	2	1221.401
0.785398	1.875281	0.107086	20	38	11	1221.375
-2.879793	0.733948	3.021411	41	148	137	1221.333
0.261799	1.555207	1.708892	150	147	111	1221.315
0.000000	0.496451	0.593859	47	137	0	1221.315
0.523599	0.370812	-2.547742	38	18	8	1221.252
-2.879793	2.407836	1.410646	2	42	157	1221.164
2.094395	2.396274	-1.959260	3	44	16	1221.009
-1.570796	1.869911	2.701025	133	140	11	1220.944
-1.047198	1.982574	-1.115518	3	44	2	1220.703
-1.832596	1.367556	0.358405	128	119	147	1220.695
2.356194	2.033014	2.977192	46	149	1	1220.663
1.047198	0.496451	0.593859	149	45	0	1220.631
2.879793	1.909857	-0.381669	37	20	5	1220.579
-1.308997	1.256302	0.062705	133	42	13	1220.463
0.523599	2.247462	0.191623	28	30	15	1220.273
1.308997	0.709924	0.218797	12	114	128	1220.238
-2.356194	1.374601	-2.456031	118	137	150	1220.216
-2.879793	2.089241	-0.114193	157	116	146	1219.863
-2.879793	1.732874	-0.951685	129	141	9	1219.776
2.617994	1.242974	-2.977882	44	142	5	1219.088
0.523599	2.456751	-1.503343	151	33	132	1219.062
1.308997	2.379497	0.561089	141	123	132	1218.897
-1.308997	1.721184	-0.153948	159	49	144	1218.891
2.094395	0.866395	-2.492918	121	30	17	1218.533
-2.617994	2.588535	-2.976617	46	133	156	1218.362
-2.094395	1.391910	3.030322	20	36	14	1218.287
-0.785398	1.367556	0.358405	131	40	149	1218.215
2.094395	0.674054	1.013609	42	142	6	1217.954
-0.261799	1.982574	-1.115518	48	156	155	1217.620
1.570796	2.379497	0.561089	126	154	17	1217.542
2.094395	2.456751	-1.503343	141	126	0	1217.517
2.879793	1.045978	0.343692	42	140	3	1217.270
2.617994	1.554776	0.100351	44	157	151	1217.260
-2.617994	0.615174	-0.666022	41	136	143	1217.211
2.356194	1.195355	1.200319	131	128	15	1217.035
2.356194	1.050534	3.042579	141	48	155	1216.941
0.000000	1.554776	0.100351	116	21	152	1216.865
-1.570796	2.396274	-1.959260	31	29	154	1216.844
2.879793	0.370812	-2.547742	120	145	151	1216.734
2.094395	1.440580	2.260026	152	126	127	1216.657
1.047198	1.836682	-0.676006	155	33	123	1216.538
-2.879793	0.709924	0.218797	123	5	18	1216.349
-2.356194	0.906588	1.252948	157	38	134	1216.223
1.047198	2.041297	-2.664597	136	121	2	1216.204
0.523599	1.256302	0.062705	122	136	137	1216.064
-1.570796	2.881233	-2.582574	46	149	2	1216.053
-0.261799	2.073035	2.027405	148	113	6	1215.698
-0.261799	2.138223	1.678323	155	111	0	1215.430
-0.523599	1.662363	0.915448	42	137	157	1215.375
-0.785398	1.256302	0.062705	29	124	136	1215.349
-1.570796	1.909857	-0.381669	148	40	25	1215.223
1.832596	1.218453	2.777284	143	130	19	1215.094
1.308997	2.356369	3.005869	150	48	2	1214.777
-2.617994	1.977582	0.969896	127	40	158	1214.411
2.356194	2.001437	0.381215	138	46	13	1214.327
-1.570796	2.187132	-0.479875	123	38	6	1214.059
1.570796	1.450119	-2.739050	45	155	157	1213.906
-1.308997	1.606104	-0.451151	45	132	157	1213.707
-1.832596	2.174483	2.653697	144	45	9	1213.619
-3.141593	2.356369	3.005869	40	29	159	1213.563
2.094395	2.881233	-2.582574	146	44	150	1213.539
-2.879793	1.683268	0.374177	2	110	2	1213.055
2.356194	1.736875	3.023612	138	40	150	1213.000
-2.094395	1.488617	1.159546	122	127	4	1212.936
-2.617994	2.138223	1.678323	119	11	19	1212.790
-3.141593	0.831641	0.616218	120	3	12	1212.703
-2.356194	1.721184	-0.153948	23	38	148	1212.703
-2.617994	2.187132	-0.479875	139	117	10	1212.572
-0.261799	0.914445	2.687814	26	117	2	1212.521
2.879793	1.168678	2.108595	149	116	153	1212.520
-1.047198	1.555207	1.708892	148	41	155	1212.469
-1.308997	1.050534	3.042579	43	134	148	1212.410
-2.094395	2.588535	-2.976617	27	129	139	1212.374
-1.047198	2.396274	-1.959260	30	126	150	1212.114
-2.094395	1.721184	-0.153948	12	44	3	1212.031
0.523599	1.872854	1.543456	149	159	112	1211.983
-2.617994	1.025536	1.576859	135	126	11	1211.812
0.261799	1.195355	1.200319	10	45	155	1211.336
1.832596	2.164094	-2.991358	140	45	1	1211.148
-3.141593	1.736875	3.023612	41	129	146	1211.082
-1.308997	0.080730	-2.622036	4	49	13	1211.055
0.261799	2.396274	-1.959260	122	147	158	1211.013
2.094395	0.418037	1.360082	120	17	14	1210.787
0.000000	1.812176	0.656819	49	140	150	1210.761
-2.879793	2.664082	-1.071402	155	44	19	1210.633
-2.094395	1.050534	3.042579	43	22	131	1210.439
-2.094395	0.379747	-1.713059	1	49	8	1210.352
0.000000	1.450119	-2.739050	40	131	143	1210.323
-3.141593	2.299159	2.264663	149	46	144	1210.203
-2.356194	2.247462	0.191623	148	115	140	1210.156
-2.879793	2.180315	-1.357379	39	153	3	1209.907
-0.261799	2.478122	2.609777	130	138	15	1209.809
0.523599	1.836682	-0.676006	40	159	159	1209.656
-1.047198	2.174483	2.653697	118	158	18	1209.394
1.832596	0.709924	0.218797	24	120	128	1209.261
2.617994	0.674054	1.013609	118	6	11	1209.258
2.356194	0.685216	-1.712745	51	149	159	1209.129
1.308997	2.073035	2.027405	129	125	11	1208.973
-1.047198	1.128190	-2.288622	9	154	102	1208.953
-2.879793	1.948085	-2.363031	47	1	156	1208.861
0.261799	1.699788	2.452890	137	130	13	1208.801
-0.785398	0.080730	-2.622036	39	137	135	1208.796
1.570796	1.554776	0.100351	21	42	152	1208.756
1.308997	0.961715	0.014085	47	29	147	1208.558
-2.356194	1.242974	-2.977882	129	156	22	1208.456
1.570796	1.736875	3.023612	14	40	138	1208.371
-2.356194	2.174483	2.653697	158	45	6	1208.156
2.094395	1.699788	2.452890	147	37	129	1208.074
-2.356194	2.108018	1.311430	126	38	156	1207.961
2.094395	0.290380	-0.796960	134	125	158	1207.943
-2.094395	2.247462	0.191623	131	125	144	1207.827
2.879793	0.762244	-0.273349	36	127	142	1207.820
-1.832596	1.025536	1.576859	4	112	5	1207.672
2.879793	1.574060	2.783565	131	35	147	1207.656
0.785398	0.992645	-1.723759	137	44	144	1207.332
-1.570796	1.301460	-0.509251	4	49	149	1207.273
-1.308997	2.588535	-2.976617	124	151	2	1206.902
-2.879793	0.379747	-1.713059	41	2	154	1206.682
2.356194	2.295480	1.008277	139	30	33	1206.367
2.879793	0.571433	-1.188419	43	3	150	1206.340
-0.785398	2.592629	0.909713	148	45	149	1206.322
-2.879793	1.504028	0.636812	119	1	7	1206.217
0.000000	1.310100	1.488307	138	46	149	1206.191
1.047198	1.433411	-1.035986	37	131	134	1205.809
2.094395	2.592629	0.909713	5	49	148	1205.711
-0.261799	1.599406	1.426070	145	152	114	1205.348
2.879793	1.450119	-2.739050	50	155	7	1205.335
2.356194	2.404280	-0.174044	149	40	139	1205.211
0.261799	1.488617	1.159546	35	157	130	1205.039
-2.617994	0.864993	2.278281	127	20	138	1204.864
-2.617994	1.135813	-2.658866	119	155	3	1204.444
1.832596	1.869911	2.701025	135	39	146	1204.285
0.000000	2.295480	1.008277	47	134	148	1204.252
-2.879793	2.984978	1.954446	148	38	30	1204.222
-3.141593	2.478122	2.609777	150	43	141	1203.922
-1.570796	0.910508	1.903534	136	22	125	1203.801
-2.879793	0.866395	-2.492918	42	152	0	1203.527
2.356194	1.134796	2.434290	143	43	144	1203.379
1.047198	1.113094	-0.272241	128	127	147	1203.315
1.047198	1.948085	-2.363031	140	40	150	1203.309
-2.094395	1.310100	1.488307	138	121	8	1203.291
1.570796	1.699788	2.452890	126	120	156	1202.946
0.261799	1.134796	2.434290	33	124	153	1202.880
1.832596	2.456751	-1.503343	134	38	9	1202.837
-3.141593	1.510910	-0.740472	146	23	115	1202.539
-1.570796	0.458961	-0.107937	21	113	143	1202.324
-1.570796	1.599406	1.426070	134	119	8	1202.294
-2.094395	0.419640	2.974122	44	148	3	1201.516
-1.570796	0.419640	2.974122	158	45	147	1201.352
-2.356194	1.872854	1.543456	155	45	7	1201.330
-2.617994	0.496451	0.593859	133	126	155	1201.301
1.047198	2.063651	-2.044600	143	43	159	1200.889
-2.356194	2.587733	0.232235	34	27	139	1200.680
-0.261799	0.203748	0.590255	120	142	140	1200.168
-0.785398	1.982574	-1.115518	51	150	158	1199.964
-0.785398	2.174483	2.653697	120	150	18	1199.812
-2.356194	1.836682	-0.676006	133	140	10	1199.753
0.785398	0.831641	0.616218	20	39	11	1199.441
-3.141593	0.615174	-0.666022	35	128	142	1199.302
-1.570796	2.356369	3.005869	143	44	2	1199.291
2.879793	0.203748	0.590255	43	9	151	1199.013
1.570796	0.866395	-2.492918	129	40	21	1198.531
-0.785398	2.138223	1.678323	44	149	145	1198.331
-1.308997	0.571433	-1.188419	137	127	157	1198.325
-2.617994	0.866395	-2.492918	38	36	2	1198.047
1.047198	0.297065	2.160177	121	16	15	1198.027
0.523599	0.379747	-1.713059	135	47	6	1197.918
0.000000	0.762244	-0.273349	126	21	23	1197.647
-0.785398	0.906588	1.252948	143	42	157	1197.628
2.356194	0.290380	-0.796960	43	2	157	1197.550
-1.047198	1.846342	-1.796954	1	42	3	1197.141
-2.094395	2.456751	-1.503343	127	23	24	1197.037
1.047198	0.618092	2.539118	128	128	152	1196.673
1.832596	1.417623	-0.202254	119	14	14	1196.564
-0.785398	2.033014	2.977192	116	158	16	1196.503
-1.047198	1.335669	0.897240	137	36	138	1196.490
-1.308997	0.961715	0.014085	135	44	9	1196.409
-0.523599	2.724429	-0.348782	42	135	5	1196.331
1.047198	1.658653	-2.409879	154	108	154	1196.207
0.261799	1.440580	2.260026	12	43	153	1196.066
-2.094395	2.033014	2.977192	150	51	5	1196.039
-1.832596	0.618092	2.539118	17	44	150	1196.012
0.523599	2.637879	2.121598	42	125	152	1195.990
-1.570796	1.948085	-2.363031	47	144	142	1194.823
1.832596	2.881233	-2.582574	153	45	155	1194.316
-1.832596	1.417623	-0.202254	0	48	5	1194.293
2.879793	2.881233	-2.582574	128	38	2	1194.222
0.523599	0.496451	0.593859	30	131	143	1194.100
-1.570796	2.719179	-1.780644	49	141	0	1194.047
2.356194	2.247462	0.191623	136	46	3	1193.859
-1.570796	1.699788	2.452890	148	125	122	1193.833
-1.832596	1.050534	3.042579	8	46	141	1193.828
2.879793	2.984978	1.954446	20	33	11	1193.816
-1.308997	2.108018	1.311430	138	112	157	1193.387
-1.832596	1.374601	-2.456031	127	127	155	1193.368
-1.047198	0.910508	1.903534	3	34	129	1193.102
-2.356194	0.571433	-1.188419	43	135	148	1193.075
0.785398	2.343981	-1.040456	10	48	10	1192.984
-1.047198	1.574060	2.783565	36	22	152	1192.934
-2.094395	0.929350	-2.910676	10	47	16	1192.738
1.047198	1.998705	2.370472	119	130	3	1192.441
2.094395	1.824694	1.850876	146	113	7	1192.207
0.000000	2.637879	2.121598	149	117	1	1192.148
1.570796	2.001437	0.381215	4	118	130	1192.137
-1.308997	0.591903	2.010408	17	46	154	1192.066
0.523599	2.719179	-1.780644	37	129	134	1191.960
-0.261799	2.001437	0.381215	43	139	143	1191.840
-1.570796	0.929350	-2.910676	1	50	11	1191.805
0.000000	1.721184	-0.153948	41	139	140	1191.739
-1.047198	1.310100	1.488307	25	45	6	1191.652
-2.617994	1.741644	-2.695914	43	145	146	1191.635
-3.141593	1.904882	-1.478089	43	151	140	1191.437
-2.879793	1.134497	-1.109631	150	37	125	1191.402
1.308997	2.579248	-2.364801	30	24	5	1191.316
-3.141593	1.875281	0.107086	119	8	19	1191.235
-1.570796	0.290380	-0.796960	142	126	4	1191.182
1.570796	0.640596	-2.797608	139	47	0	1191.125
0.000000	2.863997	0.549740	123	21	144	1190.947
1.047198	1.741644	-2.695914	27	32	8	1190.732
-2.356194	1.699788	2.452890	52	16	151	1190.619
-0.261799	0.762244	-0.273349	48	158	148	1190.538
-2.094395	0.203748	0.590255	148	46	156	1190.297
1.047198	2.153910	-1.714959	44	140	147	1190.259
-3.141593	1.948085	-2.363031	127	30	20	1190.217
1.832596	1.301460	-0.509251	22	36	149	1190.098
2.094395	1.948085	-2.363031	154	114	141	1189.992
0.785398	0.379747	-1.713059	137	37	21	1189.928
-1.308997	1.662363	0.915448	148	38	129	1189.781
1.047198	0.290380	-0.796960	118	154	1	1189.715
2.094395	1.606104	-0.451151	34	127	150	1189.583
-0.261799	1.134497	-1.109631	140	35	139	1189.508
2.617994	1.134796	2.434290	134	34	137	1189.322
-2.094395	1.606104	-0.451151	4	33	30	1189.320
1.308997	1.736875	3.023612	126	127	151	1189.260
-2.094395	1.554776	0.100351	13	109	4	1189.246
-2.094395	1.909857	-0.381669	141	48	11	1189.023
-1.047198	1.504028	0.636812	156	35	125	1189.022
0.000000	2.456751	-1.503343	20	47	8	1188.918
1.832596	0.899350	-2.069907	46	131	1	1188.886
-0.261799	0.591903	2.010408	16	38	14	1188.770
-1.832596	2.396274	-1.959260	40	15	154	1188.701
-0.261799	1.450119	-2.739050	40	139	146	1188.676
-0.523599	2.089241	-0.114193	41	11	135	1188.515
-1.570796	1.218453	2.777284	143	124	131	1188.282
-0.785398	1.875281	0.107086	33	128	137	1188.118
2.617994	2.704512	1.488683	7	52	144	1187.916
0.261799	1.374601	-2.456031	143	28	116	1187.902
2.617994	0.619654	-2.216909	155	43	0	1187.812
1.832596	1.194549	-0.801900	46	151	142	1187.805
0.000000	0.700570	1.559208	158	48	150	1187.695
2.356194	1.310100	1.488307	121	12	10	1187.643
2.617994	0.914445	2.687814	132	39	148	1187.561
-1.570796	2.478122	2.609777	136	43	8	1187.471
-2.617994	1.574060	2.783565	25	35	9	1187.420
-0.523599	1.417623	-0.202254	46	147	157	1187.107
2.356194	1.504028	0.636812	124	152	24	1186.843
0.000000	2.187132	-0.479875	43	29	5	1186.543
-2.617994	1.417623	-0.202254	40	16	154	1186.541
-2.094395	1.025536	1.576859	137	125	15	1186.335
-0.523599	0.914445	2.687814	152	43	27	1186.324
-2.879793	1.488617	1.159546	120	0	18	1185.869
-1.832596	0.960688	-0.577532	149	117	153	1185.859
-2.094395	2.299159	2.264663	140	43	17	1185.814
-0.523599	1.214854	-1.966664	9	123	129	1185.420
-3.141593	1.014500	0.906702	118	158	12	1185.192
-0.523599	0.458961	-0.107937	126	31	12	1185.161
1.047198	2.456751	-1.503343	42	138	143	1184.734
-2.094395	1.875281	0.107086	14	41	7	1184.656
0.523599	1.045978	0.343692	159	51	11	1184.586
-2.879793	1.256302	0.062705	132	141	19	1184.441
-2.617994	0.899350	-2.069907	41	156	153	1184.305
-2.879793	0.910508	1.903534	43	127	149	1184.095
-0.261799	1.014500	0.906702	47	136	1	1184.073
-1.308997	2.153910	-1.714959	49	141	149	1183.977
0.000000	1.256302	0.062705	44	132	142	1183.749
1.832596	1.872854	1.543456	39	2	7	1183.676
-2.617994	1.846342	-1.796954	32	123	149	1183.658
1.308997	0.733948	3.021411	130	127	141	1183.616
0.261799	1.218453	2.777284	1	41	132	1183.555
-1.570796	1.658653	-2.409879	134	121	153	1183.526
0.523599	1.683268	0.374177	123	138	134	1183.447
-2.094395	1.413347	-1.339188	5	124	112	1183.415
1.047198	1.869911	2.701025	116	137	158	1183.302
-3.141593	1.662363	0.915448	148	131	31	1183.301
-1.832596	2.295480	1.008277	130	133	12	1183.096
-2.094395	1.135813	-2.658866	39	143	133	1182.774
-2.879793	2.251330	-2.330739	47	3	148	1182.717
0.785398	2.153910	-1.714959	45	138	150	1182.673
0.523599	1.658653	-2.409879	139	112	155	1182.653
-2.879793	2.299159	2.264663	142	45	144	1182.641
1.308997	2.164094	-2.991358	132	125	151	1182.438
1.832596	0.674054	1.013609	30	138	119	1182.285
-2.094395	2.863997	0.549740	144	114	151	1181.873
1.832596	0.866395	-2.492918	143	50	11	1181.395
0.523599	0.685216	-1.712745	40	154	6	1181.387
-3.141593	1.450119	-2.739050	36	141	131	1181.358
2.356194	0.418037	1.360082	115	1	7	1181.346
-1.047198	1.450119	-2.739050	131	39	148	1181.316
2.879793	2.637879	2.121598	10	51	156	1181.055
-0.261799	2.637879	2.121598	121	157	18	1180.522
-2.094395	1.218453	2.777284	47	22	137	1180.503
0.785398	1.433411	-1.035986	147	35	129	1180.141
0.000000	0.619654	-2.216909	26	18	27	1180.082
1.832596	0.640596	-2.797608	148	49	12	1179.994
-1.308997	0.370812	-2.547742	2	48	15	1179.984
0.785398	2.180315	-1.357379	2	50	2	1179.957
1.308997	1.335669	0.897240	151	125	120	1179.786
-2.617994	1.134796	2.434290	128	144	125	1179.708
0.261799	1.113094	-0.272241	118	19	0	1179.417
2.356194	2.637879	2.121598	145	41	150	1179.414
2.094395	2.063651	-2.044600	1	43	19	1179.322
1.047198	0.961715	0.014085	12	44	156	1179.191
2.094395	1.301460	-0.509251	119	158	8	1179.093
2.879793	1.736875	3.023612	126	32	152	1179.046
-2.879793	2.073035	2.027405	47	145	14	1179.019
-1.832596	2.164094	-2.991358	25	37	154	1178.965
2.879793	2.407836	1.410646	39	158	11	1178.957
-1.832596	1.909857	-0.381669	155	120	130	1178.910
1.832596	1.113094	-0.272241	118	15	7	1178.891
-1.570796	2.379497	0.561089	152	47	149	1178.855
1.308997	1.812176	0.656819	145	123	129	1178.793
-2.617994	1.335669	0.897240	116	139	0	1178.736
-1.308997	2.089241	-0.114193	139	47	8	1178.717
-1.308997	1.025536	1.576859	129	145	122	1178.546
2.879793	0.674054	1.013609	122	148	9	1178.465
1.570796	0.370812	-2.547742	148	49	15	1178.418
2.356194	0.929350	-2.910676	43	136	3	1178.345
-1.308997	1.391910	3.030322	4	50	156	1178.195
1.832596	2.704512	1.488683	43	7	151	1178.120
-1.047198	1.367556	0.358405	134	42	152	1178.091
1.308997	1.194549	-0.801900	138	44	133	1177.792
2.356194	0.831641	0.616218	42	149	138	1177.573
1.832596	2.187132	-0.479875	9	41	0	1177.391
-0.261799	1.909857	-0.381669	47	3	12	1177.377
-0.785398	2.760637	2.781135	127	126	157	1176.786
0.261799	1.194549	-0.801900	27	118	138	1176.689
-1.308997	2.379497	0.561089	148	45	149	1176.537
2.356194	1.440580	2.260026	136	4	120	1176.489
2.879793	1.335669	0.897240	138	125	18	1176.306
-2.879793	0.674054	1.013609	151	116	159	1176.279
0.000000	0.960688	-0.577532	47	2	152	1176.167
2.094395	0.733948	3.021411	151	50	0	1176.094
1.308997	2.295480	1.008277	44	33	143	1176.072
-2.356194	2.979456	-1.009304	139	43	151	1176.051
1.832596	2.478122	2.609777	52	146	156	1175.996
0.000000	2.073035	2.027405	154	112	4	1175.822
0.523599	2.863997	0.549740	120	144	139	1175.225
1.047198	2.592629	0.909713	23	43	153	1175.225
-2.356194	1.391910	3.030322	26	34	14	1174.640
-1.832596	2.041297	-2.664597	50	17	144	1174.375
-1.047198	2.138223	1.678323	131	142	16	1174.374
-0.785398	2.719179	-1.780644	47	154	158	1174.260
-1.570796	1.606104	-0.451151	5	49	153	1174.203
-3.141593	1.872854	1.543456	24	151	112	1174.064
-0.785398	2.108018	1.311430	149	109	156	1174.062
0.000000	2.704512	1.488683	132	138	25	1173.863
2.879793	0.910508	1.903534	132	137	17	1173.839
-1.832596	0.370812	-2.547742	15	45	12	1173.834
2.617994	1.413347	-1.339188	42	153	138	1173.786
-0.523599	1.391910	3.030322	138	46	13	1173.132
1.047198	1.736875	3.023612	29	30	133	1172.844
-1.308997	1.367556	0.358405	141	45	144	1172.766
-2.094395	0.762244	-0.273349	21	30	12	1172.641
-1.047198	2.089241	-0.114193	122	30	1	1172.385
-3.141593	2.456751	-1.503343	152	106	156	1172.309
0.523599	2.396274	-1.959260	135	134	11	1172.041
2.356194	1.574060	2.783565	140	40	148	1171.766
2.879793	2.478122	2.609777	142	42	157	1171.664
-1.570796	0.370812	-2.547742	9	47	15	1171.572
2.356194	1.135813	-2.658866	47	139	7	1171.439
-2.094395	0.370812	-2.547742	141	120	155	1171.359
-0.785398	1.617114	-1.572037	128	18	122	1171.324
1.570796	1.168678	2.108595	136	113	152	1171.309
2.879793	1.741644	-2.695914	123	32	17	1170.995
2.879793	0.914445	2.687814	128	35	148	1170.896
-2.879793	1.846342	-1.796954	158	44	8	1170.846
0.523599	1.824694	1.850876	139	127	3	1170.837
2.879793	2.108018	1.311430	127	15	17	1170.788
-1.308997	0.618092	2.539118	152	44	23	1170.588
-3.141593	0.733948	3.021411	43	144	137	1170.447
2.094395	2.760637	2.781135	130	35	144	1170.314
-1.308997	1.904882	-1.478089	137	23	116	1170.240
2.879793	1.242974	-2.977882	43	144	7	1170.055
-1.832596	1.242974	-2.977882	41	142	133	1170.007
2.356194	2.251330	-2.330739	142	45	13	1169.971
1.832596	0.831641	0.616218	159	52	149	1169.928
2.879793	1.310100	1.488307	152	111	3	1169.676
1.308997	0.080730	-2.622036	144	46	155	1169.672
-1.570796	2.108018	1.311430	140	112	156	1169.504
1.832596	1.413430	2.550734	133	116	150	1169.495
0.000000	1.555207	1.708892	148	50	4	1169.455
2.617994	1.555207	1.708892	150	113	6	1169.437
-3.141593	2.343981	-1.040456	138	115	4	1169.260
-2.094395	2.343981	-1.040456	133	32	28	1169.185
1.570796	2.979456	-1.009304	154	46	17	1169.089
2.879793	1.247695	1.809890	158	110	157	1168.859
2.617994	2.881233	-2.582574	49	138	142	1168.812
-1.570796	1.413347	-1.339188	44	146	9	1168.751
2.879793	1.504028	0.636812	136	134	27	1168.656
2.094395	0.831641	0.616218	33	126	1	1168.252
-3.141593	1.413430	2.550734	46	134	153	1168.078
1.570796	2.247462	0.191623	12	43	145	1167.947
1.832596	1.184361	0.625864	117	3	18	1167.947
-0.261799	0.458961	-0.107937	123	25	13	1167.661
-3.141593	0.418037	1.360082	130	129	10	1167.622
-0.261799	1.696674	-1.253233	46	156	148	1167.496
2.617994	1.367556	0.358405	156	50	158	1167.465
2.356194	1.214854	-1.966664	50	144	152	1167.417
-1.570796	1.247695	1.809890	43	156	154	1167.324
-2.094395	1.045978	0.343692	6	44	142	1167.281
-0.785398	1.335669	0.897240	136	31	131	1167.252
-3.141593	0.080730	-2.622036	122	136	147	1167.140
0.000000	0.458961	-0.107937	124	19	19	1166.624
-1.047198	1.904882	-1.478089	154	43	138	1166.602
-1.570796	1.872854	1.543456	154	3	111	1166.401
0.261799	1.184361	0.625864	1	51	12	1166.266
0.523599	0.591903	2.010408	129	34	19	1165.929
-2.094395	2.881233	-2.582574	135	36	149	1165.771
-1.308997	2.343981	-1.040456	46	133	158	1165.657
2.617994	1.247695	1.809890	150	108	156	1165.602
-1.832596	0.733948	3.021411	6	44	146	1165.574
-0.523599	2.187132	-0.479875	8	42	6	1165.547
2.617994	2.299159	2.264663	0	43	145	1165.541
1.832596	1.247695	1.809890	126	133	13	1165.305
-2.879793	0.864993	2.278281	47	134	144	1165.207
-1.570796	1.977582	0.969896	135	113	151	1164.970
-2.356194	0.379747	-1.713059	9	49	8	1164.820
2.879793	1.977582	0.969896	18	39	152	1164.742
2.356194	1.242974	-2.977882	137	45	2	1164.660
-2.879793	2.343981	-1.040456	145	110	3	1164.516
0.785398	2.704512	1.488683	128	35	150	1164.443
0.523599	0.850607	-1.335383	147	123	7	1164.363
-2.617994	0.674054	1.013609	11	110	153	1164.195
-0.261799	0.619654	-2.216909	123	149	24	1164.173
-1.047198	2.063651	-2.044600	140	115	148	1164.170
2.094395	1.766067	2.153843	127	20	130	1164.080
-0.261799	2.393226	1.857173	146	117	4	1164.063
0.261799	1.504028	0.636812	23	37	8	1163.254
-0.261799	2.588535	-2.976617	125	30	6	1163.018
-3.141593	1.195355	1.200319	120	156	15	1162.822
-1.570796	0.591903	2.010408	44	158	146	1162.548
-1.047198	1.448123	-2.163292	20	36	141	1162.539
2.094395	1.756530	-2.105156	17	132	117	1161.865
2.617994	2.174483	2.653697	118	41	159	1161.635
-2.094395	2.295480	1.008277	128	137	12	1161.584
0.000000	0.906588	1.252948	2	50	0	1161.406
-0.785398	1.195355	1.200319	23	45	7	1161.404
2.879793	2.164094	-2.991358	121	26	24	1161.210
-0.523599	0.419640	2.974122	5	44	12	1161.102
-1.308997	0.914445	2.687814	23	43	142	1160.990
1.308997	1.391910	3.030322	126	128	147	1160.983
0.523599	2.760637	2.781135	147	116	157	1160.881
-3.141593	1.214854	-1.966664	128	150	18	1160.862
0.523599	1.184361	0.625864	25	34	1	1160.811
-2.356194	0.615174	-0.666022	142	44	0	1160.485
1.570796	1.242974	-2.977882	7	42	14	1160.473
-2.879793	0.929350	-2.910676	134	19	129	1160.424
2.617994	0.906588	1.252948	134	120	4	1159.828
-1.308997	1.617114	-1.572037	132	21	120	1159.627
0.000000	1.367556	0.358405	119	18	146	1159.584
0.785398	2.174483	2.653697	116	137	0	1159.420
-0.523599	1.504028	0.636812	42	138	150	1159.351
1.308997	1.875281	0.107086	145	118	138	1159.320
-2.356194	2.592629	0.909713	126	141	6	1159.190
2.094395	2.041297	-2.664597	143	50	152	1159.176
2.617994	1.050534	3.042579	135	47	155	1159.171
1.308997	1.417623	-0.202254	36	29	142	1159.002
-2.094395	1.982574	-1.115518	149	16	111	1158.742
-1.308997	2.356369	3.005869	158	52	17	1158.238
-2.356194	1.846342	-1.796954	38	127	150	1158.238
0.261799	2.455966	-0.641220	20	42	16	1157.900
2.356194	2.343981	-1.040456	43	11	154	1157.889
-0.785398	1.699788	2.452890	46	149	151	1157.827
2.617994	1.135813	-2.658866	49	146	9	1157.748
2.879793	0.685216	-1.712745	46	32	154	1157.683
0.523599	0.203748	0.590255	47	148	0	1157.677
1.308997	2.063651	-2.044600	46	148	151	1157.581
-1.308997	2.187132	-0.479875	119	28	16	1157.365
1.570796	1.045978	0.343692	138	44	158	1157.349
2.879793	1.391910	3.030322	129	39	151	1157.191
-1.832596	2.592629	0.909713	133	132	7	1157.187
2.879793	1.417623	-0.202254	142	38	122	1157.009
-0.261799	1.433411	-1.035986	48	1	150	1156.880
-2.879793	1.045978	0.343692	129	145	13	1156.631
0.523599	1.574060	2.783565	34	19	128	1156.404
2.356194	1.658653	-2.409879	49	139	154	1156.323
-1.308997	2.404280	-0.174044	123	36	158	1156.187
-0.261799	2.299159	2.264663	141	124	15	1156.080
-2.094395	1.766067	2.153843	30	36	5	1155.955
1.308997	1.045978	0.343692	142	46	156	1155.938
1.832596	2.592629	0.909713	153	39	29	1155.910
1.308997	0.370812	-2.547742	41	3	0	1155.874
1.308997	2.407836	1.410646	46	154	148	1155.867
-2.617994	1.134497	-1.109631	144	38	125	1155.812
-3.141593	2.637879	2.121598	141	57	10	1155.763
0.261799	0.418037	1.360082	12	44	18	1155.762
0.785398	1.301460	-0.509251	43	137	138	1155.684
2.356194	2.455966	-0.641220	43	4	147	1155.426
-2.617994	1.554776	0.100351	40	22	140	1155.336
-0.523599	1.696674	-1.253233	48	156	149	1155.278
-2.356194	2.089241	-0.114193	152	116	134	1154.918
-0.785398	0.591903	2.010408	17	33	21	1154.914
-1.832596	0.297065	2.160177	121	142	140	1154.871
2.356194	1.741644	-2.695914	50	141	1	1154.719
0.523599	1.875281	0.107086	21	149	109	1154.658
-1.047198	1.488617	1.159546	141	4	118	1154.631
-2.879793	2.379497	0.561089	129	147	19	1154.543
-1.047198	1.836682	-0.676006	49	141	2	1154.467
1.308997	1.218453	2.777284	118	139	151	1154.344
-1.047198	2.881233	-2.582574	154	118	131	1154.285
2.356194	1.554776	0.100351	131	43	6	1154.275
1.570796	0.674054	1.013609	128	37	10	1154.008
2.356194	1.545873	-1.877082	20	142	115	1153.905
-1.570796	1.025536	1.576859	46	154	151	1153.789
2.356194	2.041297	-2.664597	134	42	7	1153.686
1.832596	2.138223	1.678323	132	144	120	1153.361
2.617994	0.733948	3.021411	139	50	156	1153.290
-2.617994	2.863997	0.549740	123	14	21	1153.140
-1.832596	2.456751	-1.503343	44	130	156	1153.010
-2.879793	1.824694	1.850876	9	41	3	1152.984
-1.570796	1.836682	-0.676006	146	35	31	1152.982
0.000000	2.089241	-0.114193	120	1	5	1152.816
1.308997	1.214854	-1.966664	158	37	131	1152.766
-0.785398	2.001437	0.381215	37	127	142	1152.496
1.570796	2.719179	-1.780644	136	39	7	1152.475
0.261799	1.875281	0.107086	45	152	140	1152.446
-2.617994	2.089241	-0.114193	147	115	11	1152.271
-1.047198	2.704512	1.488683	140	112	154	1152.164
2.617994	0.685216	-1.712745	51	158	159	1152.064
0.261799	0.379747	-1.713059	152	106	159	1152.035
2.617994	1.184361	0.625864	129	132	17	1151.968
-1.047198	1.025536	1.576859	127	140	126	1151.965
-3.141593	1.367556	0.358405	120	11	1	1151.929
1.570796	1.128190	-2.288622	151	55	2	1151.874
1.570796	2.251330	-2.330739	125	134	157	1151.790
-0.785398	1.014500	0.906702	42	5	158	1151.778
-1.047198	2.455966	-0.641220	116	14	11	1151.252
-1.308997	2.984978	1.954446	124	21	19	1151.245
-0.523599	2.579248	-2.364801	28	120	132	1150.863
-0.785398	1.998705	2.370472	47	150	156	1150.513
-0.785398	2.063651	-2.044600	142	36	25	1150.400
-2.094395	2.719179	-1.780644	124	19	20	1150.228
-3.141593	0.866955	-0.931351	33	124	147	1150.131
0.785398	1.504028	0.636812	52	150	155	1150.126
-3.141593	0.762244	-0.273349	38	133	139	1149.962
-0.785398	2.104282	-0.813972	50	147	6	1149.874
-2.356194	1.128190	-2.288622	41	159	159	1149.711
-0.523599	1.617114	-1.572037	43	152	139	1149.634
0.523599	0.297065	2.160177	149	40	142	1149.273
1.570796	0.685216	-1.712745	43	128	157	1149.143
-0.785398	1.184361	0.625864	44	159	1	1149.101
-1.308997	1.413430	2.550734	137	36	28	1148.954
-2.356194	2.164094	-2.991358	3	53	8	1148.871
0.785398	2.108018	1.311430	129	7	33	1148.854
-2.879793	2.164094	-2.991358	121	140	147	1148.750
-1.832596	0.203748	0.590255	145	46	152	1148.605
-3.141593	1.741644	-2.695914	121	26	17	1148.481
1.832596	2.041297	-2.664597	143	47	7	1148.451
-0.523599	0.619654	-2.216909	43	8	152	1148.446
1.570796	1.756530	-2.105156	149	118	153	1148.250
2.879793	0.733948	3.021411	130	44	9	1148.030
-2.617994	1.875281	0.107086	45	139	156	1147.912
-2.094395	1.569311	-3.003978	46	144	141	1147.890
0.523599	0.762244	-0.273349	127	8	22	1147.884
-1.832596	1.904882	-1.478089	42	126	150	1147.884
-0.523599	1.606104	-0.451151	30	123	153	1147.876
1.832596	1.904882	-1.478089	125	42	158	1147.721
-3.141593	1.683268	0.374177	43	0	6	1147.682
-0.523599	0.571433	-1.188419	8	48	1	1147.619
2.356194	1.909857	-0.381669	36	131	147	1147.580
0.261799	2.579248	-2.364801	124	138	4	1147.577
1.047198	2.299159	2.264663	138	41	143	1147.527
1.570796	2.174483	2.653697	139	45	149	1147.238
-0.785398	1.904882	-1.478089	11	38	16	1147.062
0.000000	1.510910	-0.740472	32	127	146	1146.944
1.308997	0.831641	0.616218	122	4	14	1146.915
0.785398	1.194549	-0.801900	39	130	140	1146.785
2.879793	1.184361	0.625864	134	127	16	1146.496
-1.570796	0.080730	-2.622036	13	46	14	1146.496
-2.617994	1.812176	0.656819	118	153	3	1146.471
1.570796	2.587733	0.232235	148	116	139	1146.393
1.832596	1.135813	-2.658866	125	44	159	1146.363
1.570796	2.637879	2.121598	52	155	154	1146.309
-2.094395	1.417623	-0.202254	7	45	5	1145.977
-1.832596	2.719179	-1.780644	117	155	158	1145.900
-1.047198	1.134796	2.434290	159	124	124	1145.766
1.570796	1.732874	-0.951685	45	144	159	1145.705
-2.356194	0.709924	0.218797	130	126	150	1145.646
0.785398	2.592629	0.909713	121	147	135	1145.547
-2.356194	2.456751	-1.503343	128	28	24	1145.419
-1.570796	0.961715	0.014085	142	47	9	1145.367
-2.356194	0.080730	-2.622036	8	42	149	1145.211
1.308997	1.658653	-2.409879	137	36	145	1145.078
2.617994	2.724429	-0.348782	44	154	148	1144.847
-1.047198	0.419640	2.974122	152	47	33	1144.792
2.879793	2.115563	0.685730	47	152	159	1144.774
-1.308997	2.104282	-0.813972	46	134	0	1144.550
1.047198	1.846342	-1.796954	45	140	155	1144.494
-2.094395	0.297065	2.160177	40	134	0	1144.472
0.261799	2.180315	-1.357379	42	10	158	1144.456
1.832596	1.696674	-1.253233	45	150	2	1144.305
-1.570796	2.153910	-1.714959	47	133	149	1144.172
-2.617994	0.370812	-2.547742	22	38	23	1144.169
1.570796	1.301460	-0.509251	34	31	140	1144.062
-0.523599	0.418037	1.360082	7	50	155	1144.000
-3.141593	0.290380	-0.796960	139	145	22	1143.974
2.617994	1.325504	-1.671296	48	153	146	1143.936
1.832596	0.906588	1.252948	44	138	159	1143.850
-1.308997	0.615174	-0.666022	39	130	138	1143.741
-2.879793	1.310100	1.488307	4	114	1	1143.695
-0.261799	2.407836	1.410646	3	110	150	1143.461
2.356194	2.180315	-1.357379	33	136	131	1143.422
-0.261799	1.683268	0.374177	42	132	143	1143.235
1.047198	2.719179	-1.780644	39	140	134	1143.176
2.094395	1.721184	-0.153948	120	9	22	1143.174
2.094395	2.379497	0.561089	140	54	156	1143.146
2.879793	2.033014	2.977192	129	33	139	1143.080
0.000000	1.135813	-2.658866	39	18	4	1143.036
-1.832596	0.929350	-2.910676	2	43	135	1143.027
1.308997	0.864993	2.278281	129	135	7	1142.843
0.523599	1.741644	-2.695914	141	111	159	1142.740
0.523599	2.115563	0.685730	115	11	159	1142.387
-1.832596	0.674054	1.013609	51	141	152	1142.274
-0.785398	1.448123	-2.163292	36	128	157	1142.223
-2.094395	2.379497	0.561089	120	138	149	1142.211
1.832596	1.555207	1.708892	9	147	112	1142.108
-1.570796	1.113094	-0.272241	144	48	12	1142.009
0.523599	2.455966	-0.641220	148	117	148	1141.883
-2.094395	1.699788	2.452890	141	130	123	1141.746
-2.617994	1.168678	2.108595	48	133	152	1141.736
2.879793	2.455966	-0.641220	30	32	1	1141.689
0.000000	1.824694	1.850876	152	50	4	1141.574
-0.785398	1.450119	-2.739050	32	126	142	1141.530
1.570796	2.299159	2.264663	130	130	20	1141.522
0.523599	2.108018	1.311430	52	145	158	1141.346
-1.570796	1.325504	-1.671296	43	143	5	1141.333
-1.308997	1.599406	1.426070	141	115	7	1141.261
1.570796	0.709924	0.218797	122	3	9	1140.920
-1.832596	1.135813	-2.658866	1	40	128	1140.801
-1.308997	1.732874	-0.951685	40	15	149	1140.789
2.094395	0.961715	0.014085	24	118	130	1140.688
-1.832596	0.709924	0.218797	12	41	141	1140.453
-0.261799	2.174483	2.653697	154	47	10	1140.359
1.047198	1.870545	-2.976234	33	28	139	1140.281
-0.261799	2.881233	-2.582574	34	130	128	1140.219
-1.308997	2.704512	1.488683	142	110	150	1140.098
-1.570796	1.134796	2.434290	39	138	144	1140.050
1.832596	1.045978	0.343692	20	121	124	1139.740
-0.523599	2.393226	1.857173	134	134	7	1139.332
2.356194	0.615174	-0.666022	38	151	17	1139.063
-1.570796	2.295480	1.008277	128	129	0	1139.062
-2.879793	1.218453	2.777284	46	144	146	1138.867
0.261799	1.045978	0.343692	123	138	133	1138.456
0.000000	1.904882	-1.478089	11	143	42	1138.448
0.523599	1.050534	3.042579	41	9	9	1138.374
2.617994	2.664082	-1.071402	151	0	111	1138.348
-0.261799	0.709924	0.218797	120	23	14	1138.328
-2.094395	2.251330	-2.330739	121	135	146	1138.316
-0.261799	2.041297	-2.664597	33	124	131	1138.170
-1.047198	0.850607	-1.335383	117	3	6	1137.971
0.523599	2.588535	-2.976617	125	153	10	1137.969
-1.308997	1.417623	-0.202254	46	134	155	1137.892
-1.832596	1.545873	-1.877082	140	31	128	1137.859
1.308997	1.134796	2.434290	123	146	3	1137.823
2.879793	0.992645	-1.723759	47	14	157	1137.554
-2.094395	2.349581	-2.702517	50	10	154	1137.487
-0.785398	2.164094	-2.991358	26	121	125	1137.316
0.523599	2.089241	-0.114193	17	42	16	1137.316
1.570796	1.998705	2.370472	130	120	4	1136.826
-2.879793	1.766067	2.153843	14	38	7	1136.742
-3.141593	1.658653	-2.409879	44	147	152	1136.552
1.047198	1.488617	1.159546	149	130	118	1136.528
-2.094395	2.404280	-0.174044	143	119	15	1136.527
2.356194	2.664082	-1.071402	148	0	111	1136.322
-2.356194	2.881233	-2.582574	134	133	15	1136.310
-2.617994	0.379747	-1.713059	35	19	159	1136.166
-1.832596	1.812176	0.656819	126	119	147	1136.166
-2.094395	0.571433	-1.188419	46	141	149	1136.040
1.832596	1.658653	-2.409879	139	35	33	1135.820
-0.261799	0.685216	-1.712745	21	21	34	1135.751
0.523599	0.458961	-0.107937	8	50	154	1135.672
1.047198	1.195355	1.200319	19	128	122	1135.655
-3.141593	2.396274	-1.959260	132	37	18	1135.637
2.094395	2.033014	2.977192	141	44	148	1135.629
0.000000	2.001437	0.381215	115	9	9	1135.615
0.000000	2.587733	0.232235	44	151	139	1135.600
-1.570796	2.104282	-0.813972	156	118	3	1135.590
-1.570796	0.203748	0.590255	135	43	0	1135.481
-2.356194	0.831641	0.616218	153	48	3	1135.422
1.832596	2.588535	-2.976617	48	133	151	1135.358
-1.308997	0.992645	-1.723759	145	4	118	1135.201
1.570796	1.367556	0.358405	145	114	156	1135.191
-0.261799	1.869911	2.701025	129	145	24	1135.149
1.570796	0.762244	-0.273349	120	21	157	1135.099
-2.879793	1.569311	-3.003978	44	147	140	1134.945
-1.308997	2.396274	-1.959260	133	130	0	1134.654
0.785398	2.637879	2.121598	138	35	134	1134.532
-3.141593	1.391910	3.030322	121	0	143	1134.520
1.047198	2.979456	-1.009304	7	46	17	1134.504
0.785398	0.762244	-0.273349	50	138	149	1134.356
1.308997	1.113094	-0.272241	135	121	149	1134.346
0.000000	2.343981	-1.040456	44	157	155	1134.333
-0.785398	2.637879	2.121598	147	45	7	1134.289
-1.832596	2.760637	2.781135	144	44	3	1134.281
-0.785398	0.418037	1.360082	14	49	155	1134.016
0.523599	1.413430	2.550734	126	135	158	1133.992
-0.261799	2.104282	-0.813972	47	29	158	1133.962
1.832596	1.809167	1.213774	17	48	10	1133.854
0.785398	2.664082	-1.071402	9	48	15	1133.684
-1.308997	2.180315	-1.357379	49	129	155	1133.664
-1.832596	1.335669	0.897240	129	120	1	1133.616
1.570796	2.138223	1.678323	151	118	139	1133.605
-1.832596	0.910508	1.903534	46	151	145	1133.577
1.832596	1.721184	-0.153948	45	140	154	1133.496
0.785398	0.418037	1.360082	1	50	25	1133.445
2.094395	1.732874	-0.951685	13	150	103	1133.342
-2.617994	2.073035	2.027405	47	152	14	1133.274
-1.047198	2.404280	-0.174044	120	30	157	1133.251
2.879793	1.599406	1.426070	126	7	20	1133.226
-1.308997	2.063651	-2.044600	52	159	154	1133.010
-0.523599	1.335669	0.897240	38	9	7	1132.918
0.000000	1.545873	-1.877082	19	149	40	1132.864
1.308997	1.766067	2.153843	132	120	1	1132.660
0.261799	1.662363	0.915448	51	147	0	1132.632
0.000000	1.506530	1.988858	152	46	7	1132.562
1.832596	1.325504	-1.671296	127	35	156	1132.502
1.308997	2.478122	2.609777	152	41	136	1132.004
1.570796	1.875281	0.107086	2	45	7	1131.922
2.879793	1.836682	-0.676006	13	46	7	1131.906
-0.261799	1.606104	-0.451151	155	47	6	1131.664
-2.617994	1.506530	1.988858	9	0	109	1131.582
2.617994	0.297065	2.160177	41	157	154	1131.435
-1.570796	2.164094	-2.991358	26	40	153	1131.180
0.523599	2.979456	-1.009304	24	42	11	1131.150
-3.141593	2.984978	1.954446	21	36	11	1131.105
1.047198	1.374601	-2.456031	153	108	159	1130.965
-1.047198	1.732874	-0.951685	50	141	155	1130.805
0.523599	1.545873	-1.877082	7	43	9	1130.800
0.000000	1.836682	-0.676006	146	128	20	1130.748
0.785398	1.374601	-2.456031	147	109	159	1130.637
-2.094395	2.704512	1.488683	156	46	26	1130.615
-0.261799	2.979456	-1.009304	15	37	18	1130.609
2.617994	1.599406	1.426070	140	141	24	1130.571
-0.523599	2.153910	-1.714959	146	113	149	1130.527
-1.832596	1.870545	-2.976234	24	38	154	1130.453
1.832596	1.756530	-2.105156	149	118	151	1130.398
0.523599	2.393226	1.857173	134	128	11	1130.355
-2.356194	1.450119	-2.739050	7	53	8	1130.346
2.617994	2.295480	1.008277	136	30	31	1130.338
2.356194	0.619654	-2.216909	49	142	9	1130.196
-0.523599	0.960688	-0.577532	51	149	149	1130.183
-0.785398	1.413430	2.550734	129	30	28	1130.167
-1.308997	2.115563	0.685730	43	2	157	1130.087
-2.879793	0.914445	2.687814	122	18	145	1130.025
0.523599	2.587733	0.232235	9	35	24	1129.894
-0.785398	1.301460	-0.509251	131	24	31	1129.716
2.094395	2.073035	2.027405	27	41	9	1129.578
-0.261799	0.733948	3.021411	13	40	3	1129.523
-0.785398	2.404280	-0.174044	40	138	134	1129.522
0.261799	2.664082	-1.071402	4	110	146	1129.469
-1.570796	1.050534	3.042579	151	117	137	1129.383
0.785398	1.569311	-3.003978	139	119	10	1129.363
1.832596	1.374601	-2.456031	148	33	132	1129.352
-0.785398	0.618092	2.539118	156	48	2	1129.270
1.570796	0.619654	-2.216909	143	49	16	1129.062
-1.308997	1.555207	1.708892	159	150	112	1128.751
2.356194	1.617114	-1.572037	45	144	138	1128.627
-2.617994	1.683268	0.374177	3	48	0	1128.320
-2.356194	0.929350	-2.910676	16	43	17	1127.622
-2.356194	1.662363	0.915448	42	137	143	1127.470
-2.094395	0.864993	2.278281	45	147	140	1127.365
-2.879793	1.025536	1.576859	3	115	156	1127.359
-0.261799	2.247462	0.191623	42	144	140	1127.206
-3.141593	0.203748	0.590255	131	134	4	1127.152
-0.785398	2.724429	-0.348782	44	146	138	1126.874
0.261799	2.404280	-0.174044	7	42	0	1126.781
-2.356194	2.180315	-1.357379	133	29	28	1126.698
1.047198	2.404280	-0.174044	159	44	150	1126.656
1.832596	0.615174	-0.666022	132	129	6	1126.361
1.308997	2.115563	0.685730	144	124	127	1126.256
2.356194	0.960688	-0.577532	24	115	142	1126.201
-0.261799	1.662363	0.915448	46	139	159	1126.198
-2.094395	1.870545	-2.976234	123	132	133	1125.834
0.261799	0.297065	2.160177	130	38	11	1125.714
-1.047198	1.218453	2.777284	45	138	146	1125.541
-0.785398	2.295480	1.008277	116	20	157	1125.406
2.879793	2.592629	0.909713	25	129	126	1125.239
-2.617994	0.571433	-1.188419	3	49	0	1125.164
2.094395	0.850607	-1.335383	48	146	147	1125.099
-2.617994	2.587733	0.232235	130	125	149	1125.077
2.356194	2.089241	-0.114193	39	135	144	1125.057
1.047198	1.545873	-1.877082	157	40	139	1125.047
1.047198	2.073035	2.027405	133	122	6	1124.729
-3.141593	2.664082	-1.071402	157	44	18	1124.707
-0.785398	0.709924	0.218797	30	123	140	1124.668
-1.047198	1.599406	1.426070	138	118	11	1124.663
-1.570796	0.674054	1.013609	132	36	141	1124.642
-2.094395	1.184361	0.625864	124	122	153	1124.574
-3.141593	2.704512	1.488683	152	48	4	1124.574
0.000000	1.696674	-1.253233	43	158	150	1124.560
-1.047198	1.374601	-2.456031	132	34	138	1124.530
-0.785398	1.391910	3.030322	140	46	12	1124.248
2.879793	2.174483	2.653697	159	44	148	1124.203
0.261799	1.134497	-1.109631	37	35	135	1124.148
-0.523599	1.872854	1.543456	131	141	9	1124.121
2.356194	1.555207	1.708892	144	157	111	1124.109
-1.832596	1.325504	-1.671296	38	131	135	1123.936
2.356194	2.881233	-2.582574	141	44	154	1123.812
-3.141593	1.247695	1.809890	37	122	157	1123.729
2.617994	1.045978	0.343692	39	134	5	1123.702
0.261799	0.618092	2.539118	5	41	9	1123.672
0.261799	2.863997	0.549740	130	130	1	1123.660
-2.356194	0.762244	-0.273349	140	118	156	1123.594
-1.832596	1.662363	0.915448	125	120	156	1123.581
-2.356194	1.756530	-2.105156	36	125	139	1123.546
2.094395	1.872854	1.543456	124	147	0	1123.513
2.617994	1.195355	1.200319	138	127	19	1123.258
2.356194	1.128190	-2.288622	49	140	1	1123.059
2.356194	2.138223	1.678323	143	40	151	1122.602
-2.617994	1.448123	-2.163292	34	128	139	1122.588
1.047198	2.455966	-0.641220	146	51	30	1122.088
1.047198	1.242974	-2.977882	143	120	15	1121.849
2.356194	2.724429	-0.348782	120	23	15	1121.656
-1.308997	1.488617	1.159546	142	112	3	1121.564
-2.356194	0.419640	2.974122	29	38	140	1121.559
0.523599	0.571433	-1.188419	131	29	27	1121.535
-1.832596	1.014500	0.906702	137	51	156	1121.391
0.523599	0.899350	-2.069907	128	30	144	1121.301
-2.617994	1.599406	1.426070	138	125	1	1121.249
-1.832596	1.218453	2.777284	14	32	24	1121.132
2.879793	2.073035	2.027405	14	142	107	1120.948
2.617994	2.251330	-2.330739	136	42	13	1120.684
1.308997	2.187132	-0.479875	141	51	29	1120.513
-2.879793	2.063651	-2.044600	132	28	29	1120.500
-2.356194	1.909857	-0.381669	5	36	25	1120.480
1.832596	0.685216	-1.712745	49	134	159	1120.463
-3.141593	2.247462	0.191623	42	154	3	1120.216
0.523599	2.881233	-2.582574	117	155	1	1120.100
-2.356194	2.343981	-1.040456	134	45	10	1120.080
0.261799	2.089241	-0.114193	36	31	10	1120.067
-1.832596	0.418037	1.360082	49	149	144	1120.046
-0.785398	1.732874	-0.951685	138	8	112	1119.990
-0.785398	0.831641	0.616218	119	33	5	1119.766
-1.570796	0.960688	-0.577532	149	118	153	1119.664
0.000000	2.174483	2.653697	137	126	16	1119.611
-0.523599	2.984978	1.954446	143	114	153	1119.570
1.308997	1.128190	-2.288622	157	33	31	1119.564
2.094395	2.407836	1.410646	37	21	157	1119.327
0.785398	2.187132	-0.479875	157	41	130	1119.238
1.308997	1.413347	-1.339188	136	27	123	1119.225
1.832596	2.063651	-2.044600	145	121	153	1119.184
0.000000	1.736875	3.023612	130	133	22	1119.180
-3.141593	1.448123	-2.163292	125	154	13	1118.891
-2.617994	1.662363	0.915448	118	153	9	1118.831
-1.047198	2.407836	1.410646	133	133	9	1118.707
1.570796	1.448123	-2.163292	153	36	136	1118.676
1.308997	1.569311	-3.003978	152	116	137	1118.553
-2.617994	1.836682	-0.676006	36	33	153	1118.547
2.094395	2.724429	-0.348782	33	125	140	1118.532
2.094395	0.640596	-2.797608	142	50	8	1118.198
-2.094395	1.872854	1.543456	131	126	6	1118.135
1.832596	2.001437	0.381215	154	53	159	1118.092
-2.617994	1.756530	-2.105156	36	128	147	1117.956
-0.261799	1.658653	-2.409879	44	145	150	1117.794
-0.785398	1.128190	-2.288622	35	128	153	1117.791
2.617994	1.335669	0.897240	133	131	22	1117.756
-2.356194	2.104282	-0.813972	8	104	153	1117.723
2.356194	1.872854	1.543456	142	41	153	1117.609
0.000000	1.134796	2.434290	126	0	11	1117.413
2.094395	0.960688	-0.577532	145	113	149	1117.330
-0.261799	1.045978	0.343692	43	134	140	1117.292
1.047198	2.343981	-1.040456	2	49	10	1117.211
-3.141593	1.606104	-0.451151	142	27	116	1117.142
-1.570796	1.741644	-2.695914	29	32	156	1117.078
-2.094395	1.134497	-1.109631	28	121	138	1117.070
2.356194	1.699788	2.452890	39	158	14	1117.066
-0.523599	1.301460	-0.509251	130	22	31	1116.964
0.000000	2.455966	-0.641220	15	42	4	1116.902
1.047198	0.685216	-1.712745	134	32	26	1116.832
2.356194	1.450119	-2.739050	47	140	2	1116.747
2.094395	1.135813	-2.658866	121	38	159	1116.718
-0.523599	1.488617	1.159546	43	137	4	1116.708
0.261799	2.592629	0.909713	124	159	131	1116.679
0.000000	2.247462	0.191623	117	5	10	1116.577
-2.879793	1.214854	-1.966664	157	116	132	1116.484
1.308997	1.014500	0.906702	125	27	143	1116.469
0.261799	1.909857	-0.381669	137	131	12	1116.351
0.523599	2.063651	-2.044600	29	31	1	1116.336
-1.047198	0.618092	2.539118	8	46	149	1116.305
0.785398	2.063651	-2.044600	42	135	146	1116.234
2.094395	0.571433	-1.188419	49	149	152	1115.975
-1.047198	1.948085	-2.363031	149	46	149	1115.910
-0.523599	1.184361	0.625864	43	7	150	1115.769
1.308997	0.458961	-0.107937	123	25	152	1115.721
1.570796	2.089241	-0.114193	126	149	15	1115.719
-2.879793	2.863997	0.549740	133	138	13	1115.666
-2.879793	2.478122	2.609777	4	51	5	1115.516
-0.785398	0.370812	-2.547742	42	142	141	1115.338
-1.570796	1.195355	1.200319	137	117	9	1115.277
1.832596	2.295480	1.008277	159	120	122	1115.273
-1.570796	0.700570	1.559208	49	0	151	1114.984
0.000000	1.699788	2.452890	137	142	26	1114.867
1.047198	1.025536	1.576859	118	7	13	1114.761
1.832596	1.606104	-0.451151	134	36	139	1114.613
2.356194	1.168678	2.108595	146	108	150	1114.246
-0.785398	0.685216	-1.712745	31	134	130	1113.795
2.356194	2.587733	0.232235	29	126	132	1113.515
1.047198	1.301460	-0.509251	47	144	141	1113.464
-0.261799	2.592629	0.909713	138	46	150	1113.318
-0.785398	0.419640	2.974122	23	118	137	1113.207
-0.523599	0.831641	0.616218	146	44	1	1113.188
2.617994	0.458961	-0.107937	35	129	131	1113.183
-1.047198	0.571433	-1.188419	144	122	154	1113.112
-0.261799	0.496451	0.593859	120	140	136	1113.037
0.785398	0.929350	-2.910676	146	115	11	1112.982
-1.047198	1.014500	0.906702	157	45	158	1112.945
-0.523599	0.297065	2.160177	144	116	145	1112.773
1.308997	1.741644	-2.695914	27	38	143	1112.711
-1.570796	2.089241	-0.114193	151	47	16	1112.664
-2.094395	1.599406	1.426070	25	32	5	1112.451
0.261799	0.864993	2.278281	119	8	9	1112.270
0.000000	2.138223	1.678323	37	121	2	1112.229
-0.261799	0.831641	0.616218	140	42	4	1112.115
-1.047198	2.033014	2.977192	29	117	1	1111.996
0.785398	0.674054	1.013609	123	47	10	1111.851
-3.141593	1.812176	0.656819	157	116	148	1111.832
1.308997	0.619654	-2.216909	129	43	8	1111.717
-2.356194	0.370812	-2.547742	22	40	18	1111.230
2.356194	0.297065	2.160177	5	45	2	1111.135
1.832596	1.128190	-2.288622	43	127	159	1111.074
1.570796	1.025536	1.576859	45	138	157	1110.924
2.879793	2.001437	0.381215	37	142	131	1110.919
-1.832596	1.948085	-2.363031	21	42	153	1110.874
0.000000	0.203748	0.590255	137	133	16	1110.865
-2.879793	2.881233	-2.582574	39	131	1	1110.544
1.570796	1.184361	0.625864	14	52	152	1110.314
1.047198	1.812176	0.656819	137	126	129	1109.967
-2.879793	1.982574	-1.115518	8	46	156	1109.898
2.356194	0.914445	2.687814	32	121	143	1109.894
-0.523599	1.247695	1.809890	155	130	115	1109.817
1.047198	2.664082	-1.071402	145	53	27	1109.638
1.832596	2.979456	-1.009304	121	20	17	1109.518
0.785398	1.450119	-2.739050	148	111	5	1109.508
-2.617994	1.510910	-0.740472	144	110	153	1109.414
0.785398	2.115563	0.685730	49	22	141	1109.393
-0.785398	1.554776	0.100351	7	47	0	1109.297
1.047198	1.510910	-0.740472	39	138	134	1109.262
-0.523599	0.700570	1.559208	19	29	21	1109.094
2.094395	1.904882	-1.478089	37	135	132	1108.980
1.308997	0.899350	-2.069907	38	129	0	1108.902
-1.570796	1.168678	2.108595	43	0	151	1108.859
-3.141593	0.914445	2.687814	133	46	149	1108.837
-1.308997	0.619654	-2.216909	0	44	4	1108.797
0.000000	1.488617	1.159546	128	35	22	1108.743
2.094395	1.025536	1.576859	124	145	10	1108.709
-2.094395	2.073035	2.027405	14	137	114	1108.477
-2.356194	1.367556	0.358405	125	131	154	1108.305
2.879793	1.440580	2.260026	144	40	136	1108.227
-3.141593	1.824694	1.850876	19	150	107	1107.992
-1.832596	2.587733	0.232235	153	47	152	1107.930
-1.308997	2.138223	1.678323	126	134	15	1107.927
0.523599	1.870545	-2.976234	128	32	131	1107.572
-1.308997	2.760637	2.781135	133	39	13	1107.429
2.094395	0.899350	-2.069907	49	138	1	1107.280
-0.261799	0.866395	-2.492918	123	149	24	1107.261
-2.879793	2.760637	2.781135	151	34	130	1107.250
-3.141593	1.184361	0.625864	121	6	8	1107.212
0.523599	1.510910	-0.740472	37	136	137	1107.057
2.094395	2.719179	-1.780644	26	36	154	1107.016
-2.094395	0.290380	-0.796960	123	146	1	1106.977
-3.141593	2.404280	-0.174044	138	128	15	1106.944
1.570796	2.164094	-2.991358	146	48	6	1106.918
-2.617994	2.356369	3.005869	141	44	142	1106.908
-0.523599	1.569311	-3.003978	34	129	138	1106.637
0.523599	2.187132	-0.479875	142	120	151	1106.598
1.570796	1.812176	0.656819	129	34	34	1106.576
0.785398	0.640596	-2.797608	127	28	8	1106.164
-2.356194	2.478122	2.609777	2	47	156	1106.109
0.785398	2.881233	-2.582574	125	129	154	1106.097
-1.308997	1.310100	1.488307	4	41	145	1106.094
-3.141593	2.138223	1.678323	156	48	4	1106.012
-1.047198	1.658653	-2.409879	21	38	150	1106.008
-2.356194	1.045978	0.343692	24	36	137	1105.789
-1.832596	2.343981	-1.040456	144	123	157	1105.768
1.570796	1.440580	2.260026	148	4	115	1105.619
-0.261799	1.699788	2.452890	133	145	25	1105.485
1.832596	2.089241	-0.114193	8	39	11	1105.484
-2.879793	2.724429	-0.348782	5	48	157	1105.473
0.785398	2.587733	0.232235	5	39	24	1105.471
-2.617994	0.961715	0.014085	133	122	2	1105.413
-0.261799	1.310100	1.488307	144	48	149	1105.328
0.523599	0.418037	1.360082	25	39	13	1105.137
-2.617994	1.736875	3.023612	29	38	5	1104.949
0.000000	2.592629	0.909713	130	36	145	1104.872
-1.832596	0.591903	2.010408	121	145	133	1104.862
-1.832596	1.696674	-1.253233	140	20	115	1104.805
-0.261799	2.033014	2.977192	47	152	8	1104.784
2.356194	2.104282	-0.813972	120	153	18	1104.776
2.356194	1.374601	-2.456031	49	140	159	1104.702
-1.308997	1.242974	-2.977882	155	49	2	1104.648
-3.141593	2.863997	0.549740	131	142	13	1104.473
-3.141593	0.496451	0.593859	130	135	6	1104.182
2.356194	1.448123	-2.163292	49	141	153	1104.176
0.000000	0.866395	-2.492918	122	154	22	1104.106
-1.570796	1.982574	-1.115518	46	131	158	1103.837
-3.141593	2.089241	-0.114193	154	116	150	1103.797
2.094395	1.658653	-2.409879	141	129	7	1103.695
-3.141593	0.379747	-1.713059	27	42	10	1103.543
2.356194	1.766067	2.153843	153	108	1	1103.273
-2.094395	1.696674	-1.253233	144	22	115	1103.031
1.047198	1.982574	-1.115518	48	142	0	1102.941
0.785398	1.721184	-0.153948	44	144	137	1102.918
-1.047198	0.290380	-0.796960	159	44	16	1102.838
0.261799	1.736875	3.023612	135	130	22	1102.787
2.617994	2.478122	2.609777	148	44	155	1102.740
-2.879793	1.756530	-2.105156	127	151	15	1102.390
-2.879793	0.618092	2.539118	151	116	156	1102.240
2.356194	0.496451	0.593859	124	28	5	1102.167
1.570796	2.108018	1.311430	137	135	120	1102.089
1.047198	0.866395	-2.492918	146	49	8	1101.801
1.047198	2.251330	-2.330739	39	14	4	1101.750
-2.094395	2.108018	1.311430	123	7	139	1101.634
-2.617994	1.809167	1.213774	121	158	18	1101.418
-1.047198	2.247462	0.191623	122	34	155	1101.339
1.832596	0.929350	-2.910676	151	49	4	1101.242
2.356194	0.961715	0.014085	30	123	129	1101.122
1.570796	2.356369	3.005869	148	44	150	1101.051
0.261799	1.869911	2.701025	133	132	14	1101.020
0.261799	0.496451	0.593859	7	49	156	1100.938
-3.141593	2.407836	1.410646	152	46	153	1100.898
-2.094395	1.113094	-0.272241	135	36	148	1100.789
-2.879793	1.574060	2.783565	48	148	150	1100.773
-1.570796	0.914445	2.687814	142	122	132	1100.706
-2.617994	2.299159	2.264663	126	21	21	1100.621
-0.785398	1.977582	0.969896	140	38	139	1100.602
-2.617994	0.290380	-0.796960	46	0	157	1100.540
-0.523599	2.863997	0.549740	133	41	150	1100.438
0.523599	1.504028	0.636812	15	42	5	1100.377
-1.832596	1.184361	0.625864	141	51	1	1100.352
-2.356194	1.335669	0.897240	117	131	159	1100.282
1.047198	2.863997	0.549740	11	49	151	1100.215
1.308997	1.301460	-0.509251	25	128	133	1100.209
0.523599	2.592629	0.909713	35	30	153	1100.062
-1.047198	1.545873	-1.877082	126	24	128	1100.050
1.308997	2.979456	-1.009304	36	132	130	1099.974
-1.832596	1.998705	2.370472	153	126	120	1099.667
2.094395	2.637879	2.121598	44	158	147	1099.655
-0.523599	1.998705	2.370472	134	118	9	1099.619
-2.617994	0.458961	-0.107937	23	124	138	1099.603
0.000000	1.875281	0.107086	39	11	20	1099.528
0.000000	0.674054	1.013609	27	128	137	1099.441
1.308997	2.588535	-2.976617	1	112	155	1099.350
-1.832596	1.569311	-3.003978	143	119	140	1099.285
-2.617994	1.045978	0.343692	153	111	3	1099.273
1.047198	2.115563	0.685730	45	30	141	1099.199
2.879793	1.195355	1.200319	141	121	10	1098.991
0.000000	1.870545	-2.976234	39	141	138	1098.957
-0.261799	1.417623	-0.202254	44	150	159	1098.505
0.261799	1.809167	1.213774	50	144	5	1098.492
0.261799	1.310100	1.488307	154	125	119	1098.356
2.617994	2.984978	1.954446	7	50	155	1098.305
1.047198	0.615174	-0.666022	127	142	7	1098.273
-1.308997	2.579248	-2.364801	49	153	155	1098.266
1.570796	1.504028	0.636812	21	123	128	1098.074
0.000000	1.658653	-2.409879	48	3	138	1097.957
2.879793	0.496451	0.593859	115	8	5	1097.856
-2.879793	1.168678	2.108595	46	131	150	1097.775
1.570796	1.696674	-1.253233	151	8	116	1097.715
-2.617994	2.984978	1.954446	22	39	17	1097.609
-0.261799	0.899350	-2.069907	28	135	125	1097.502
-2.356194	0.910508	1.903534	130	33	144	1097.262
-0.785398	0.914445	2.687814	140	55	153	1097.211
0.000000	1.247695	1.809890	139	137	14	1097.105
-0.523599	1.599406	1.426070	146	150	114	1096.939
1.832596	1.870545	-2.976234	140	46	1	1096.783
-1.570796	2.588535	-2.976617	157	114	149	1096.734
-0.261799	0.297065	2.160177	154	45	34	1096.562
-1.047198	0.960688	-0.577532	136	30	135	1096.281
-2.094395	1.812176	0.656819	19	34	126	1096.177
-1.570796	1.574060	2.783565	158	118	131	1096.145
1.570796	0.864993	2.278281	116	145	149	1096.142
-1.047198	1.135834	-1.431087	44	137	140	1096.013
0.523599	2.138223	1.678323	135	131	13	1095.905
-2.617994	2.108018	1.311430	120	2	16	1095.901
1.832596	1.242974	-2.977882	135	44	0	1095.881
0.523599	1.812176	0.656819	1	43	19	1095.792
-1.308997	1.658653	-2.409879	26	33	151	1095.723
0.000000	0.418037	1.360082	156	49	151	1095.562
1.047198	0.906588	1.252948	137	43	12	1095.386
-1.308997	1.554776	0.100351	129	41	6	1095.312
2.879793	1.756530	-2.105156	136	19	37	1095.185
0.261799	1.135813	-2.658866	140	20	114	1095.025
1.308997	1.836682	-0.676006	135	39	141	1094.877
1.047198	1.391910	3.030322	34	26	133	1094.688
-2.356194	0.418037	1.360082	46	137	145	1094.679
-2.879793	1.113094	-0.272241	140	112	153	1094.588
-2.356194	1.732874	-0.951685	138	135	11	1094.495
-0.523599	1.741644	-2.695914	131	44	1	1094.492
-1.570796	2.343981	-1.040456	149	119	158	1094.465
0.785398	2.760637	2.781135	153	115	157	1094.316
0.000000	1.504028	0.636812	48	135	149	1094.313
-2.617994	0.906588	1.252948	152	116	147	1094.311
-1.832596	2.379497	0.561089	12	43	2	1094.299
2.617994	1.998705	2.370472	120	156	8	1094.067
1.047198	2.349581	-2.702517	138	120	1	1094.053
-3.141593	1.310100	1.488307	158	112	2	1094.008
-1.308997	1.195355	1.200319	143	25	129	1094.000
-0.523599	1.025536	1.576859	148	57	14	1093.798
0.523599	0.700570	1.559208	39	156	10	1093.542
-1.570796	2.299159	2.264663	130	128	4	1093.504
-1.047198	2.108018	1.311430	146	108	155	1093.375
0.261799	1.741644	-2.695914	45	154	144	1093.239
-1.047198	0.906588	1.252948	43	153	148	1093.006
0.000000	1.218453	2.777284	119	144	148	1092.870
2.094395	0.929350	-2.910676	143	50	3	1092.869
1.308997	1.599406	1.426070	155	133	114	1092.538
0.261799	0.700570	1.559208	40	152	10	1092.058
-1.308997	0.290380	-0.796960	22	24	31	1091.918
