#Coordinates  RecID  LigID  Luciferin  Neighbor's number  Vision Range  Scoring
(-19.5375678, -24.5705998, 28.7383620, -0.6568623, -0.6430242,  0.0342473,  0.3922741)    0    0  16.46460602  0 0.800  11.23652384
(-18.0928001, -18.7027789, 33.7733495, -0.1402789,  0.9593124, -0.1507970, -0.1931367)    0    0  20.09093719  0 0.400  13.60743037
(-14.9052524, -22.6133166, 33.6619132, -0.2682393, -0.3670836,  0.1819542, -0.8718887)    0    0  16.86985473 11 0.400  11.17182947
(-23.3546145, -16.1544162, 31.9469598, -0.5707845, -0.4526546,  0.3226574,  0.6043187)    0    0  18.92305902 15 0.000  12.16347885
(-23.3427286, -15.7280415, 32.0686450, -0.5707846, -0.4526545,  0.3226574,  0.6043187)    0    0  20.53792539  3 5.000  13.60001584
(-17.3929722, -25.5447197, 30.5154576, -0.8858581,  0.0642565, -0.2607521,  0.3783318)    0    0  15.21213981  4 0.640  10.15905879
(-23.1767456, -16.0493686, 32.2006343, -0.5707845, -0.4526546,  0.3226574,  0.6043187)    0    0  19.92465254 16 0.000  13.33840235
(-26.2011086, -19.2238889, 31.1583652,  0.2678940,  0.1309351,  0.6538188,  0.6954206)    0    0  17.96638325  6 0.840  12.02946392
(-20.2812165, -23.3181378, 28.6962972, -0.6568623, -0.6430242,  0.0342473,  0.3922741)    0    0  15.72245934 28 0.000  11.24968823
(-17.6888324, -25.3480677, 30.3557105, -0.8858581,  0.0642565, -0.2607521,  0.3783318)    0    0  19.19497048  4 0.360  12.93320792
(-17.3133429, -25.9042403, 30.3962794, -0.8858581,  0.0642565, -0.2607521,  0.3783318)    0    0  18.79972240  5 0.280  13.03018666
(-19.7147484, -24.2553144, 28.6595885, -0.6568623, -0.6430241,  0.0342473,  0.3922741)    0    0  17.13055084  8 0.400  11.50060574
(-20.1616657, -11.0062016, 32.7913477,  0.2510787,  0.3815084,  0.1090407, -0.8829048)    0    0 -36.48309802  0 5.000 -24.32206535
(-16.2576999, -22.8463821, 33.1330251, -0.2682398, -0.3670814,  0.1819539, -0.8718896)    0    0  16.61240471  0 0.960  11.01934222
(-15.5462251, -21.8840461, 33.3096740, -0.0301993,  0.9711161, -0.1958064,  0.1329717)    0    0   2.69625873 72 0.000 -12.63482692
(-23.1959753, -15.9830897, 31.8169511, -0.5707845, -0.4526547,  0.3226574,  0.6043187)    0    0  20.28661414  7 0.560  13.36716906
(-23.4957595, -15.9069985, 32.3676004, -0.5707842, -0.4526551,  0.3226573,  0.6043186)    0    0  19.28123522  8 0.000  13.50136789
(-16.9299342, -25.6527047, 30.7298477, -0.8858581,  0.0642565, -0.2607521,  0.3783318)    0    0  18.74496539  5 0.480  12.74299582
(-26.0886588, -20.0021709, 31.1280931,  0.2678966,  0.1309370,  0.6538186,  0.6954194)    0    0  18.09309671  1 3.480  12.14337640
(-23.3530333, -15.6517504, 32.1800731, -0.5707845, -0.4526546,  0.3226574,  0.6043187)    0    0  20.09561766 10 0.080  13.62898639
(-23.3233506, -15.7447046, 32.0380421, -0.5707846, -0.4526545,  0.3226574,  0.6043187)    0    0  20.54180952  2 5.000  13.60541915
(-15.4457281, -22.4290630, 33.6103848, -0.2682397, -0.3670820,  0.1819540, -0.8718893)    0    0  16.62229734 18 0.000  11.00283841
(-17.9378450, -18.4987039, 33.4045039, -0.1402789,  0.9593124, -0.1507970, -0.1931367)    0    0  20.40672332  1 0.720  13.74777070
(-20.0426447, -23.9630341, 28.7194469, -0.6568623, -0.6430241,  0.0342473,  0.3922741)    0    0  17.21521087  2 3.840  11.46796302
(-15.2394108, -22.6204164, 33.8834163, -0.2682395, -0.3670826,  0.1819540, -0.8718891)    0    0  16.86767920  2 0.480  11.27872945
(-14.6691488, -22.9295826, 33.1033119, -0.2682394, -0.3670830,  0.1819541, -0.8718890)    0    0  16.67094689 15 0.000  10.87830392
(-17.9316142, -18.5805078, 33.9691241, -0.1402789,  0.9593124, -0.1507970, -0.1931367)    0    0  20.47324805  1 0.720  13.74953679
(-19.7754385, -23.7003298, 28.2959444, -0.6568623, -0.6430242,  0.0342473,  0.3922741)    0    0  17.00974546  2 0.960  11.25332035
(-15.1710652, -22.4323416, 33.5263969, -0.2682395, -0.3670827,  0.1819541, -0.8718891)    0    0  16.74599129  4 0.640  11.23002763
(-14.7304640, -22.7601266, 33.0827320, -0.2682393, -0.3670835,  0.1819542, -0.8718888)    0    0  16.73116192 12 0.000  11.06504467
(-19.7315801, -24.2301670, 28.6538033, -0.6568623, -0.6430241,  0.0342473,  0.3922741)    0    0  17.00418495 21 0.000  11.40797541
(-19.7331757, -24.1322453, 28.5917386, -0.6568623, -0.6430242,  0.0342473,  0.3922741)    0    0  16.98948856 18 0.000  11.30557104
(-17.9844584, -18.5146836, 34.2317752, -0.1402789,  0.9593124, -0.1507970, -0.1931367)    0    0  20.10949075  0 0.400  13.49560503
(-17.2008465, -25.5200834, 30.6269534, -0.8858581,  0.0642565, -0.2607521,  0.3783318)    0    0  14.20405539  5 0.400   8.25455332
(-19.8813783, -24.0875598, 28.6348027, -0.6568623, -0.6430241,  0.0342473,  0.3922741)    0    0  17.02210163  0 0.400  11.36990274
(-20.1210032, -23.6588801, 28.6252108, -0.6568623, -0.6430242,  0.0342473,  0.3922741)    0    0  17.04417918  0 0.400  11.41451823
(-20.1744584, -23.9476761, 28.7757180, -0.6568623, -0.6430242,  0.0342473,  0.3922741)    0    0  16.96742674  6 0.320  11.36745111
(-17.6037721, -25.7135822, 30.7876575, -0.8858581,  0.0642565, -0.2607521,  0.3783318)    0    0  16.14996489  0 0.440  12.58894097
(-17.9820634, -18.5421430, 33.9757890, -0.1402789,  0.9593124, -0.1507970, -0.1931367)    0    0  20.22251104  4 0.800  13.32611964
(-20.1948147, -24.1827327, 28.8812814, -0.6568623, -0.6430242,  0.0342473,  0.3922741)    0    0  16.09211689  0 0.400  11.09182843
(-23.3591407, -16.5144798, 38.8779820, -0.0551016, -0.5826677, -0.6468631,  0.4889073)    0    0  17.44968001  2 5.000  11.43725307
(-20.2197627, -23.7670908, 28.7221978, -0.6568623, -0.6430241,  0.0342473,  0.3922741)    0    0  17.19286262  3 1.040  11.46206443
(-23.4395821, -16.4623219, 31.6709888, -0.5707845, -0.4526546,  0.3226574,  0.6043187)    0    0  20.01066555 15 0.160  13.73131705
(-20.1135443, -23.6849882, 28.5913883, -0.6568623, -0.6430241,  0.0342473,  0.3922741)    0    0  16.95126511 19 0.000  11.27607767
(-17.8622226, -18.4196658, 34.7735484, -0.1402789,  0.9593124, -0.1507970, -0.1931367)    0    0  20.39791618  5 0.960  13.74944575
(-16.8204687, -25.3699617, 30.6988006, -0.8858581,  0.0642565, -0.2607521,  0.3783318)    0    0  19.28530671  7 0.680  12.94429817
(-17.7437337, -18.6610035, 33.7771681, -0.1402789,  0.9593124, -0.1507970, -0.1931367)    0    0  20.02396989  0 0.400  13.20011978
(-19.9174157, -23.7696415, 28.4250680, -0.6568623, -0.6430241,  0.0342473,  0.3922741)    0    0  17.08939179  8 0.160  11.41360782
(-20.2561518, -23.7810211, 28.7635362, -0.6568623, -0.6430242,  0.0342473,  0.3922741)    0    0  17.13026988  9 4.600  11.39873543
(-17.1942091, -25.4819871, 30.5783570, -0.8858581,  0.0642565, -0.2607521,  0.3783318)    0    0  19.56928243  0 5.000  13.04629515
(-23.3786967, -15.8695404, 31.6896366, -0.5707837, -0.4526558,  0.3226573,  0.6043186)    0    0  20.05565163  0 0.480  13.34560578
(-20.3410067, -23.7099230, 28.7815428, -0.6568623, -0.6430241,  0.0342473,  0.3922741)    0    0  17.15828471  3 0.640  11.53004745
(-19.9004732, -24.0948715, 28.7028051, -0.6568623, -0.6430242,  0.0342473,  0.3922741)    0    0  17.08595444  0 0.400  11.49771928
(-20.4956161, -23.7436209, 29.0283344, -0.6568623, -0.6430242,  0.0342473,  0.3922741)    0    0  16.69018776  0 0.400  10.99894928
(-23.3529914, -16.0265730, 31.9142522, -0.5707846, -0.4526545,  0.3226574,  0.6043187)    0    0  20.74035901  0 5.000  13.82690603
(-16.8282470, -25.3913050, 30.7324863, -0.8858581,  0.0642565, -0.2607521,  0.3783318)    0    0  17.86202958 12 0.080  10.48694199
(-25.8259102, -19.1880285, 31.4972077,  0.2677330,  0.1308154,  0.6538302,  0.6954943)    0    0  14.86305351  1 1.000   9.66074270
(-19.9234945, -23.9059767, 28.6332105, -0.6568623, -0.6430241,  0.0342473,  0.3922741)    0    0  15.93982597 17 0.000  11.09591479
(-26.1120793, -19.9364427, 31.1152818,  0.2678935,  0.1309347,  0.6538188,  0.6954208)    0    0  17.98701409  5 0.840  12.15117957
(-16.9311029, -25.3991747, 30.6632447, -0.8858581,  0.0642565, -0.2607521,  0.3783318)    0    0  19.45809807  5 1.760  12.98759932
(-17.8275502, -17.9514480, 34.0511086, -0.1402789,  0.9593124, -0.1507970, -0.1931367)    0    0  19.72950582 10 0.000  13.06542071
(-20.1154858, -23.6280813, 28.5174539, -0.6568623, -0.6430242,  0.0342473,  0.3922741)    0    0  16.51568437 14 0.000  11.15623643
(-23.1459553, -15.7773409, 32.1122164, -0.5707844, -0.4526547,  0.3226574,  0.6043187)    0    0  19.97829960  5 0.400  13.03378127
(-23.7671762, -16.0783576, 32.0549763, -0.5707845, -0.4526547,  0.3226574,  0.6043187)    0    0  19.52300199  0 0.400  13.10478850
(-17.2309718, -25.7040860, 30.9147286, -0.8858581,  0.0642565, -0.2607521,  0.3783318)    0    0  16.93818809  1 0.520  12.89194394
(-14.9670749, -22.6142234, 33.6669862, -0.2682393, -0.3670836,  0.1819542, -0.8718887)    0    0  16.63464738 22 0.000  11.00726303
(-26.0687859, -19.8891959, 31.1743146,  0.2678955,  0.1309362,  0.6538187,  0.6954199)    0    0  18.04952346  2 1.240  12.04011498
(-15.7351149, -22.7972600, 33.0392800, -0.2682396, -0.3670821,  0.1819540, -0.8718893)    0    0  16.55398183  0 0.400  11.16327066
(-18.2832255, -18.6585648, 33.9447192, -0.1402789,  0.9593124, -0.1507970, -0.1931367)    0    0  19.96584324  0 0.400  13.24107795
(-20.1452270, -24.2365558, 29.0713037, -0.6568623, -0.6430242,  0.0342473,  0.3922741)    0    0  17.14015532  4 0.480  11.53082124
(-18.2464588, -18.2666397, 34.1120376, -0.1402789,  0.9593124, -0.1507970, -0.1931367)    0    0  20.07929720  1 0.640  13.16134456
(-20.6705934, -23.2440256, 28.5758147, -0.6568623, -0.6430242,  0.0342473,  0.3922741)    0    0  16.69063446  0 0.400  11.06823317
(-19.9385851, -24.0239379, 28.6765402, -0.6568623, -0.6430242,  0.0342473,  0.3922741)    0    0  17.13083932  0 0.400  11.55499037
(-23.4246548, -15.9691721, 32.2737928, -0.5707832, -0.4526565,  0.3226572,  0.6043186)    0    0  19.83531832  0 0.400  13.46742030
(-27.1395800, -25.6617539, 29.4393613, -0.7977296,  0.0839786,  0.3354681,  0.4940003)    0    0   2.43576412  0 5.000   1.62384275
(-18.0502797, -18.3956133, 34.3166765, -0.1402789,  0.9593124, -0.1507970, -0.1931367)    0    0  20.76864080  1 5.000  13.82397914
(-17.9657453, -19.1078803, 33.7499087, -0.1402789,  0.9593124, -0.1507970, -0.1931367)    0    0  20.31718978  2 0.400  13.61605753
(-17.7415286, -18.5635728, 33.6902278, -0.1402789,  0.9593124, -0.1507970, -0.1931367)    0    0  20.00869866  9 0.080  13.45132375
(-18.6460812, -23.5686929, 22.2112136, -0.7538683, -0.5385331,  0.3743595, -0.0389839)    0    0  -8.06328511  0 5.000  -5.15211227
(-14.6800697, -22.4754655, 33.5595214, -0.2682397, -0.3670818,  0.1819539, -0.8718894)    0    0  16.88794183  2 0.480  11.41274871
(-20.4885745, -23.3091537, 28.6498252, -0.6568623, -0.6430242,  0.0342473,  0.3922741)    0    0  16.07783714 30 0.000  11.44315970
(-23.4169459, -16.3715584, 31.7229888, -0.5707845, -0.4526546,  0.3226574,  0.6043187)    0    0  19.85792530  2 0.400  13.60779712
(-23.2616919, -15.9714449, 31.7590979, -0.5707844, -0.4526549,  0.3226574,  0.6043187)    0    0  19.80723683  7 0.240  13.15049551
(-25.9428652, -19.2289207, 31.4553084,  0.2678964,  0.1309368,  0.6538186,  0.6954195)    0    0  17.94293012  7 4.040  12.08708615
(-20.2759971, -23.9749505, 28.9974186, -0.6568623, -0.6430242,  0.0342473,  0.3922741)    0    0  15.44837535  0 0.400  11.14507728
(-15.1038487, -22.3030426, 33.5342663, -0.2682396, -0.3670824,  0.1819540, -0.8718892)    0    0  16.77296641  0 0.400  11.36753044
(-23.3503387, -15.6294777, 32.0273598, -0.5707843, -0.4526550,  0.3226573,  0.6043186)    0    0  20.16559063  9 0.160  13.60368494
(-25.9966824, -19.7261250, 31.2935927,  0.2678962,  0.1309367,  0.6538186,  0.6954196)    0    0  17.72776282  4 0.600  11.61781903
(-26.1122093, -20.1814536, 31.0723707,  0.2678955,  0.1309361,  0.6538187,  0.6954199)    0    0  17.48350357  9 0.240  12.04714278
(-20.1935678, -23.7468045, 28.7062647, -0.6568623, -0.6430242,  0.0342473,  0.3922741)    0    0  14.86668967  5 0.400   9.17820483
(-17.7599488, -18.5984156, 33.6692841, -0.1402789,  0.9593124, -0.1507970, -0.1931367)    0    0  20.05178709  0 0.400  13.19863437
(-17.2945959, -25.5130270, 30.5478891, -0.8858581,  0.0642565, -0.2607521,  0.3783318)    0    0  19.47435820  2 3.720  13.01589138
(-15.8115204, -22.7551353, 33.5903670, -0.2682398, -0.3670812,  0.1819539, -0.8718897)    0    0  16.35467827  0 0.400  11.01142876
(-23.4991435, -16.0648346, 32.1395998, -0.5707837, -0.4526557,  0.3226573,  0.6043186)    0    0  19.90398572  0 0.480  13.65802799
(-17.9609152, -18.6901804, 33.6163770, -0.1402789,  0.9593124, -0.1507970, -0.1931367)    0    0  20.00320972 13 0.000  13.00078170
(-17.3413554, -25.5286265, 30.5322198, -0.8858581,  0.0642565, -0.2607521,  0.3783318)    0    0  19.46287901  4 0.800  12.99135604
(-15.1883558, -22.3374362, 33.5350233, -0.2682395, -0.3670827,  0.1819540, -0.8718891)    0    0  16.73094491  3 0.560  11.15578783
(-19.7809567, -24.4707317, 28.8666910, -0.6568623, -0.6430242,  0.0342473,  0.3922741)    0    0  16.90326543 22 0.000  11.52446198
(-20.1976528, -23.7295333, 28.3488903, -0.6568623, -0.6430242,  0.0342473,  0.3922741)    0    0  16.89147138 22 0.000  11.35002608
(-19.8999082, -24.2232534, 28.7675467, -0.6568623, -0.6430242,  0.0342473,  0.3922741)    0    0  15.82008554 22 0.000   9.33633663
(-16.8117697, -25.3678687, 30.7000065, -0.8858581,  0.0642565, -0.2607521,  0.3783318)    0    0  19.47310112  3 3.040  12.95911390
(-15.3515232, -22.6184613, 33.4123128, -0.2682397, -0.3670817,  0.1819539, -0.8718895)    0    0  16.62695656  3 0.560  11.28249800
(-20.3243831, -23.5395984, 28.6294557, -0.6568623, -0.6430241,  0.0342473,  0.3922741)    0    0  16.89518477  0 0.400  11.12103286
(-14.7232876, -22.8053525, 33.8351618, -0.2682395, -0.3670828,  0.1819541, -0.8718891)    0    0  16.97814840  2 0.640  11.44539145
(-16.0511461, -22.7380592, 33.3257553, -0.2681910, -0.3673150,  0.1819850, -0.8717997)    0    0  16.04526235  1 0.800  10.78990415
(-23.2764317, -15.8887289, 31.9309181, -0.5707845, -0.4526547,  0.3226574,  0.6043187)    0    0  19.91658202  9 0.160  13.08294057
(-15.5147731, -22.5800907, 33.0803285, -0.2682397, -0.3670820,  0.1819540, -0.8718894)    0    0  16.52488657 16 0.000  11.03214312
(-23.3579124, -16.1686360, 31.8408895, -0.5707846, -0.4526546,  0.3226574,  0.6043187)    0    0  20.64920925  1 2.880  13.83572523
(-18.5608055, -23.4479734, 22.0392633, -0.7538683, -0.5385331,  0.3743595, -0.0389839)    0    0  -8.92290941  2 5.000  -5.58517615
(-25.9299551, -19.6098092, 31.4153568,  0.2678901,  0.1309321,  0.6538191,  0.6954224)    0    0  15.99432502  5 0.600   9.69968181
(-23.3755940, -15.6103782, 32.0139616, -0.5707845, -0.4526547,  0.3226574,  0.6043187)    0    0  20.33915591  5 0.560  13.66883176
(-23.1251202, -16.2734415, 31.7399539, -0.5707845, -0.4526547,  0.3226574,  0.6043187)    0    0  20.23739702  1 0.400  13.79324840
(-16.1390464, -22.7850741, 33.0283977, -0.2682397, -0.3670817,  0.1819539, -0.8718895)    0    0  16.51748554  0 0.400  10.98816037
(-20.3039527, -23.5716252, 28.6715550, -0.6568623, -0.6430242,  0.0342473,  0.3922741)    0    0  16.34046992  0 0.400  11.40870101
(-17.4167823, -25.5131668, 30.8100187, -0.8858581,  0.0642565, -0.2607521,  0.3783318)    0    0  17.75734412 12 0.000  10.87573815
(-17.9681219, -18.5723190, 33.9052586, -0.1402789,  0.9593124, -0.1507970, -0.1931367)    0    0  20.95115707  0 5.000  13.96829461
(-26.0091305, -19.7585396, 31.2698808,  0.2678938,  0.1309349,  0.6538188,  0.6954207)    0    0  16.36327946 10 0.720   9.26456738
(-25.8877448, -19.5824545, 31.4430202,  0.2678698,  0.1309170,  0.6538205,  0.6954317)    0    0  16.62581101  6 0.760  12.09180561
(-14.6676957, -22.6208624, 33.9105019, -0.2682394, -0.3670834,  0.1819541, -0.8718888)    0    0  17.39263502  1 0.800  11.84685287
(-14.4970838, -22.7944777, 33.5069873, -0.2682393, -0.3670837,  0.1819542, -0.8718887)    0    0  16.99444530  3 2.480  11.38387591
(-14.9939660, -22.6365410, 33.5646263, -0.2682395, -0.3670826,  0.1819540, -0.8718891)    0    0  16.77698557 13 0.240  11.23974458
(-15.9218758, -23.0458525, 33.5067352, -0.2682395, -0.3670827,  0.1819541, -0.8718891)    0    0  15.90254746  5 0.400  10.86329402
(-18.0020484, -18.5593851, 33.7628341, -0.1402789,  0.9593124, -0.1507970, -0.1931367)    0    0  20.13632027  7 0.480  13.19370346
(-18.0865523, -18.9273247, 34.2052500, -0.1402789,  0.9593124, -0.1507970, -0.1931367)    0    0  19.87987607  0 0.400  13.33031315
(-19.8986195, -24.0583410, 28.7103467, -0.6568623, -0.6430242,  0.0342473,  0.3922741)    0    0  15.83934115  3 0.560  11.02583726
(-14.9061424, -22.6070752, 33.7277554, -0.2682393, -0.3670836,  0.1819542, -0.8718888)    0    0  16.91061830  5 0.560  11.26928736
(-23.5479883, -17.0511531, 38.7215285, -0.0551016, -0.5826677, -0.6468631,  0.4889073)    0    0  17.77958886  1 5.000  12.09552406
(-15.7018813, -22.3107093, 33.7586748, -0.2682397, -0.3670819,  0.1819539, -0.8718894)    0    0  16.30181676  0 0.640  10.71671070
(-20.0605242, -23.6479916, 28.2683463, -0.6568623, -0.6430242,  0.0342473,  0.3922741)    0    0  16.22088672  0 0.400  11.06738125
(-23.3131157, -15.7411966, 32.0741268, -0.5707844, -0.4526547,  0.3226574,  0.6043187)    0    0  19.95646220  8 0.320  12.77054799
(-18.0461103, -18.4769726, 34.0942310, -0.1402789,  0.9593124, -0.1507970, -0.1931367)    0    0  19.76642656  3 0.560  13.05929091
(-19.3615202, -24.5082999, 28.7686600, -0.6568623, -0.6430242,  0.0342473,  0.3922741)    0    0  16.01671763  1 0.720  10.98450063
(-19.8344815, -23.5661070, 28.2890296, -0.6568623, -0.6430242,  0.0342473,  0.3922741)    0    0  17.09624825 10 0.000  11.44261614
(-15.7173614, -22.6999278, 33.6951954, -0.2682396, -0.3670820,  0.1819540, -0.8718893)    0    0  16.19012341  4 0.480  10.82559298
(-18.0694418, -18.7073476, 33.9706750, -0.1402789,  0.9593124, -0.1507970, -0.1931367)    0    0  20.00059017  5 0.320  13.04992325
(-19.9210215, -24.1637158, 28.6859372, -0.6568623, -0.6430242,  0.0342473,  0.3922741)    0    0  17.01254005  0 0.400  11.35559113
(-20.0009956, -24.2435864, 28.9239398, -0.6568623, -0.6430242,  0.0342473,  0.3922741)    0    0  16.79818022  0 0.400  11.15117011
(-23.3783353, -16.6186094, 38.8122558, -0.0551016, -0.5826677, -0.6468631,  0.4889073)    0    0  18.05640664  0 5.000  12.03760443
(-16.0135501, -22.7095963, 33.2168005, -0.2682397, -0.3670817,  0.1819539, -0.8718895)    0    0  16.52971017  4 0.480  10.90326221
(-20.2877265, -23.6696107, 28.7012877, -0.6568623, -0.6430241,  0.0342473,  0.3922741)    0    0  17.02433267  0 0.480  11.32756982
(-15.9110208, -22.6453019, 33.2100133, -0.2682397, -0.3670817,  0.1819539, -0.8718895)    0    0  16.36587785  6 0.400  10.91594993
(-18.2175197, -18.5070358, 33.2916349, -0.1402789,  0.9593124, -0.1507970, -0.1931367)    0    0  20.39219943  4 0.800  13.75552579
(-23.3670594, -15.9813710, 31.6108759, -0.5707829, -0.4526569,  0.3226572,  0.6043186)    0    0  19.75742327 12 0.000  13.08838209
(-17.0383439, -25.4401294, 30.5348881, -0.8858581,  0.0642565, -0.2607521,  0.3783318)    0    0  18.70930794  6 0.400  12.84849905
(-15.4184134, -22.3733790, 33.4030557, -0.2682394, -0.3670834,  0.1819541, -0.8718888)    0    0  16.65396950 19 0.000  11.27570919
(-19.8335268, -24.1657371, 28.6946465, -0.6568623, -0.6430241,  0.0342473,  0.3922741)    0    0  17.26627201  1 5.000  11.55763814
(-14.9206720, -22.4340996, 33.5031345, -0.2682396, -0.3670821,  0.1819540, -0.8718893)    0    0  16.81192909  0 0.400  11.42317728
(-14.8858478, -22.6195938, 33.8062240, -0.2682394, -0.3670830,  0.1819541, -0.8718890)    0    0  16.66225730 11 0.000  11.10012466
(-15.4018625, -22.6055220, 33.3694121, -0.2682396, -0.3670823,  0.1819540, -0.8718892)    0    0  16.31116966  9 0.160  10.73067987
(-25.8244036, -20.1170700, 31.4071557,  0.2678957,  0.1309363,  0.6538187,  0.6954198)    0    0  17.98708770  4 1.320  11.91729359
(-19.9568308, -24.2056753, 28.7089027, -0.6568623, -0.6430242,  0.0342473,  0.3922741)    0    0  16.53503095 14 0.000  11.16968979
(-21.2752256, -19.7965752, 36.2171257, -0.7005573,  0.3538423,  0.3612127,  0.5035281)    0    0  13.62605250  2 5.000   9.05617202
(-26.0899663, -19.4952993, 31.2256877,  0.2578095,  0.1234541,  0.6544177,  0.6998948)    0    0   9.11585162  4 0.360  11.91257220
(-23.4229946, -16.0761528, 31.9673603, -0.5707846, -0.4526546,  0.3226574,  0.6043187)    0    0  20.28185869  0 0.480  13.73436565
(-21.2927036, -19.6300583, 36.2521121, -0.7005573,  0.3538423,  0.3612127,  0.5035281)    0    0  13.93097145  0 5.000   9.28731430
(-17.7020155, -18.5528535, 33.7034082, -0.1402789,  0.9593124, -0.1507970, -0.1931367)    0    0  20.22096853 11 3.480  13.51167259
(-23.3545397, -15.8810270, 31.9990349, -0.5707844, -0.4526548,  0.3226574,  0.6043187)    0    0  20.12448552  1 0.560  13.16201823
(-26.0086797, -19.5332810, 31.3168813,  0.2678965,  0.1309369,  0.6538186,  0.6954194)    0    0  18.04914564  3 3.720  11.96478220
(-18.0308532, -18.4191340, 33.9788707, -0.1402789,  0.9593124, -0.1507970, -0.1931367)    0    0  20.31236181  5 0.320  13.60473118
(-17.9523880, -18.4272200, 34.1147998, -0.1402789,  0.9593124, -0.1507970, -0.1931367)    0    0  20.38236770  5 0.400  13.68925698
(-15.1082180, -22.3493648, 33.6499949, -0.2682395, -0.3670826,  0.1819540, -0.8718891)    0    0  16.72304581  7 0.240  11.19232386
(-15.3712949, -22.5451689, 33.1814207, -0.2682396, -0.3670824,  0.1819540, -0.8718892)    0    0  16.37760149  2 0.560  11.04346175
(-20.0118089, -24.0589345, 28.7576841, -0.6568623, -0.6430242,  0.0342473,  0.3922741)    0    0  17.01786442  0 0.400  11.44298601
(-20.3686549, -23.5169523, 28.6847279, -0.6568623, -0.6430242,  0.0342473,  0.3922741)    0    0  16.64151679  0 0.400  11.09040594
(-14.8357599, -22.6422906, 33.7703194, -0.2682394, -0.3670833,  0.1819541, -0.8718889)    0    0  16.88027939  6 0.400  11.17613362
(-15.5652796, -22.3228171, 33.2919120, -0.2682396, -0.3670825,  0.1819540, -0.8718892)    0    0  16.52296006  6 0.240  10.93516544
(-14.4350938, -22.6839788, 33.9492928, -0.2682393, -0.3670836,  0.1819542, -0.8718887)    0    0  17.07320893  2 2.880  11.38385204
(-19.5580165, -24.0934684, 28.5670732, -0.6568623, -0.6430242,  0.0342473,  0.3922741)    0    0  17.01160982 20 0.000  11.31712740
(-16.4194286, -25.2650646, 30.8305724, -0.8858581,  0.0642565, -0.2607521,  0.3783318)    0    0  19.45808203  6 1.120  12.98212868
(-18.7777848, -23.8016129, 22.4981671, -0.7538683, -0.5385331,  0.3743595, -0.0389839)    0    0  -8.58310712  1 5.000  -5.47835144
(-15.1849340, -22.5445554, 33.3711181, -0.2682395, -0.3670826,  0.1819540, -0.8718891)    0    0  16.56825034 10 0.160  10.97077739
(-17.2409415, -25.4959378, 30.5634999, -0.8858581,  0.0642565, -0.2607521,  0.3783318)    0    0  19.50897670  1 1.280  13.04865129
(-19.9416050, -24.0083832, 28.5191852, -0.6568623, -0.6430242,  0.0342473,  0.3922741)    0    0  15.56627559  0 0.400  11.41986027
(-23.3585924, -16.1765785, 31.8370350, -0.5707845, -0.4526547,  0.3226574,  0.6043187)    0    0  20.42459261  4 0.640  13.70111919
(-19.8804492, -24.1158684, 28.5663982, -0.6568623, -0.6430242,  0.0342473,  0.3922741)    0    0  16.95190929  0 0.400  11.37940557
(-20.4600097, -23.5171909, 28.8822111, -0.6568623, -0.6430242,  0.0342473,  0.3922741)    0    0  16.70551718  0 0.400  11.17274868
(-23.5705857, -15.9708832, 31.8081715, -0.5707845, -0.4526546,  0.3226574,  0.6043187)    0    0  20.20568329  4 0.400  13.55349903
(-15.6790595, -22.8041907, 32.9197694, -0.2682398, -0.3670813,  0.1819539, -0.8718896)    0    0  16.54966709  0 0.400  11.03347874
(-14.8658201, -22.6347065, 33.6301104, -0.2682393, -0.3670837,  0.1819542, -0.8718887)    0    0  16.96348351  4 0.880  11.24028537
(-14.7000632, -22.5255774, 33.7425518, -0.2682396, -0.3670825,  0.1819540, -0.8718892)    0    0  16.89734493  2 0.560  11.26185809
(-23.5146867, -16.0088439, 32.1785957, -0.5707845, -0.4526547,  0.3226574,  0.6043187)    0    0  20.30913946  2 0.640  13.43158440
(-20.0380285, -23.9546934, 28.7092570, -0.6568604, -0.6430223,  0.0342472,  0.3922729)    0    0  17.30955069  0 5.000  11.53970046
(-23.3889654, -16.7687462, 38.6829350, -0.0551016, -0.5826677, -0.6468631,  0.4889073)    0    0  17.21072199  3 5.000  11.44931926
(-20.0032728, -23.9815203, 28.4763523, -0.6568623, -0.6430241,  0.0342473,  0.3922741)    0    0  17.03383459  5 0.320  11.33807535
(-14.5301454, -22.7742085, 32.9830119, -0.2682393, -0.3670837,  0.1819542, -0.8718887)    0    0  16.66010398  0 0.400  10.94947434
(-14.5347419, -22.6697793, 33.8955898, -0.2682394, -0.3670834,  0.1819541, -0.8718888)    0    0  17.48359366  0 1.200  11.90854600
(-17.8800746, -18.5169950, 33.9319376, -0.1402789,  0.9593124, -0.1507970, -0.1931367)    0    0  20.21821579  8 0.240  13.50225167
(-14.7742043, -22.6556714, 33.6581037, -0.2682394, -0.3670834,  0.1819541, -0.8718888)    0    0  16.88252728  0 0.400  11.46939979
(-14.8670373, -22.6390173, 33.6139992, -0.2682394, -0.3670834,  0.1819542, -0.8718888)    0    0  16.98880965  2 1.040  11.22795901
(-20.1667476, -23.7864496, 28.6873656, -0.6568623, -0.6430241,  0.0342473,  0.3922741)    0    0  17.10033397  8 0.400  11.28717758
(-21.3419058, -19.1611687, 36.3506329, -0.7005573,  0.3538423,  0.3612127,  0.5035281)    0    0  13.63756417  1 5.000   9.13760244
(-17.9676337, -18.5736960, 33.9016133, -0.1402789,  0.9593124, -0.1507970, -0.1931367)    0    0  20.76764404  2 5.000  13.86446421
(-20.1813003, -23.2836928, 28.4702259, -0.6568623, -0.6430242,  0.0342473,  0.3922741)    0    0  17.01221161 16 0.000  11.58001442
(-17.9199634, -18.3023317, 34.0304010, -0.1402789,  0.9593124, -0.1507970, -0.1931367)    0    0  20.11180632  0 0.400  13.29379169
(-26.0632907, -19.8534469, 31.1879736,  0.2678968,  0.1309371,  0.6538186,  0.6954193)    0    0  18.19395926  0 3.080  12.13865192
(-18.7030689, -23.6179899, 22.3116854, -0.7538683, -0.5385331,  0.3743595, -0.0389839)    0    0  -9.46198134  3 5.000  -5.98622831
(-20.0232458, -23.9751639, 28.7129884, -0.6568623, -0.6430241,  0.0342473,  0.3922741)    0    0  17.13454871  6 0.800  11.35769841
(-20.1625444, -24.1945709, 28.9300269, -0.6568623, -0.6430242,  0.0342473,  0.3922741)    0    0  15.93736583  0 0.400  11.08550225
(-15.4840259, -22.6048837, 33.3540330, -0.2682397, -0.3670818,  0.1819539, -0.8718894)    0    0  16.55845747 10 0.400  11.20666167
(-19.5496537, -23.6193470, 28.4821916, -0.6568623, -0.6430242,  0.0342473,  0.3922741)    0    0  17.04839356 12 0.000  11.40275205
