#Coordinates  RecID  LigID  Luciferin  Neighbor's number  Vision Range  Scoring
(-8.2429980, 12.6963513, 29.1763270, -0.2083741, -0.1268154,  0.5673151,  0.7865442)    0    0  29.59096849 27 0.000  19.86536498
(-15.6149012,  9.8652063, 25.6525291, -0.1669061, -0.0877840,  0.8223010,  0.5368960)    0    0  25.68798922  0 0.400  18.19684640
(-19.4986916, 15.3712313, 19.0395433, -0.0339754,  0.5137822,  0.6450373,  0.5646240)    0    0  -2.67778282  5 2.280  -2.04973266
(-15.5284390,  9.4714472, 25.5319959, -0.1670168, -0.0877870,  0.8222795,  0.5368941)    0    0  25.44164553 11 0.040  16.87187836
(-8.1911757, 12.4352813, 29.0880562, -0.2083723, -0.1268160,  0.5673163,  0.7865436)    0    0  30.02674479  0 0.400  20.49770115
(-8.1934234, 12.5452945, 29.1748856, -0.2083771, -0.1268143,  0.5673128,  0.7865452)    0    0  29.84255665 12 0.000  20.16706370
(-8.4430620, 12.3283068, 28.8869580, -0.2083746, -0.1268157,  0.5673147,  0.7865443)    0    0  28.28891798 11 0.000  18.90924883
(-19.8700441, 15.1713602, 19.0032346, -0.0339755,  0.5137822,  0.6450373,  0.5646240)    0    0  -3.32979488  5 0.440  -2.55121994
(-16.0578205, 19.2927875, 22.0561558,  0.7463853,  0.3275793,  0.1846160,  0.5491063)    0    0  -1.68162604  7 2.680  -1.01396596
(-15.7683466, 19.4296877, 22.3315574,  0.7463852,  0.3275789,  0.1846163,  0.5491066)    0    0  -2.09710169  7 0.440  -1.83396887
(-17.4621572, 10.6620346, 28.8254272,  0.1311337, -0.9353180, -0.3094517, -0.1105613)    0    0  22.52417789 20 3.800  12.32580958
(-17.2418169, 10.5947023, 29.0162159,  0.1311311, -0.9353184, -0.3094517, -0.1105615)    0    0  24.30266361  1 1.000  16.23652507
(-17.6437426, 10.0862441, 28.6676175,  0.1311315, -0.9353183, -0.3094516, -0.1105617)    0    0  24.00451084 10 0.200  16.35301716
(-8.4027533, 12.4136053, 28.9153159, -0.2083833, -0.1268132,  0.5673084,  0.7865469)    0    0  30.65548585  0 3.440  20.48156498
(-8.6137045, 12.7391932, 28.6798898, -0.2083628, -0.1268173,  0.5673228,  0.7865413)    0    0  29.23148579 10 0.000  19.61836073
(-7.1618130, 12.6771492, 28.6540591,  0.0705931, -0.2420280,  0.4564013,  0.8533094)    0    0  16.09971500  1 1.800  11.09285466
(-22.0964377, 15.1365435, 25.6333962, -0.5675699, -0.0016613,  0.3259808,  0.7560411)    0    0   6.47591166  8 0.600   4.59321438
(-8.4354229, 12.8406549, 28.7635462, -0.2083712, -0.1268161,  0.5673169,  0.7865435)    0    0  28.57574192  1 0.720  18.91269071
(-11.0479188, 18.9380863, 29.9577413, -0.4320804, -0.0735623,  0.7499974, -0.4953776)    0    0  19.91331734  0 5.000  14.23703224
(-8.6352655, 12.5830001, 28.5249432, -0.2083665, -0.1268171,  0.5673203,  0.7865421)    0    0  28.90117057 43 0.000  19.90065088
(-15.1323108,  9.9365150, 25.2518865, -0.1669809, -0.0877860,  0.8222865,  0.5368947)    0    0  26.11496041  6 0.400  17.77091290
(-19.4432513, 15.0139772, 18.8717886, -0.0339755,  0.5137822,  0.6450374,  0.5646240)    0    0  -4.42169394  2 0.440  -1.57824512
(-16.8557315, 10.7763740, 29.3078521,  0.1311222, -0.9353196, -0.3094511, -0.1105629)    0    0  24.09335700  2 0.640  16.49933744
(-8.3814344, 12.2934419, 28.8390333, -0.2083823, -0.1268135,  0.5673091,  0.7865466)    0    0  29.96035913  7 0.400  20.08335793
(-8.5073806, 12.2687625, 28.7429244, -0.2083795, -0.1268140,  0.5673111,  0.7865458)    0    0  30.22697113  2 3.120  20.33687395
(-21.7689649, 15.3335497, 26.2106643, -0.5675699, -0.0016613,  0.3259808,  0.7560411)    0    0   6.57810063  5 5.000   4.30515857
(-11.3074658, 10.8629342, 30.0362774,  0.8907374, -0.3722559, -0.2504465, -0.0727255)    0    0  27.00361549  3 5.000  18.04796718
(-17.5854900, 10.1530895, 28.7576923,  0.1310976, -0.9353231, -0.3094496, -0.1105666)    0    0  24.27037401  6 0.440  16.25389462
(-8.4758295, 12.2445096, 28.8485290, -0.2083814, -0.1268135,  0.5673097,  0.7865464)    0    0  29.10249305 43 0.000  19.69436973
(-21.5735885, 19.6123790, 20.8971504, -0.2354397, -0.9023475, -0.1778803, -0.3141587)    0    0  -3.72150518  2 0.440  -2.36082863
(-17.3692294, 10.0206436, 29.0178556,  0.1311495, -0.9353158, -0.3094527, -0.1105590)    0    0  23.85719560  9 0.000  16.35466454
(-15.7115287, 19.4540511, 22.3853315,  0.7463851,  0.3275788,  0.1846165,  0.5491067)    0    0  -1.05462218  0 5.000  -0.70024322
(-8.4643669, 12.8473895, 29.2175316, -0.2083813, -0.1268137,  0.5673098,  0.7865463)    0    0  29.92521382 10 0.000  20.30867947
(-11.2990867, 10.8280377, 30.1769679,  0.8907374, -0.3722559, -0.2504465, -0.0727255)    0    0  27.33403366  0 5.000  18.22268920
(-12.9732428, 16.5258078, 27.3134499,  0.5116239, -0.3679140,  0.1018578, -0.7697436)    0    0  23.34851192  8 0.280  16.14630237
(-9.1718535, 22.1115662, 23.8182250, -0.1503637, -0.9472498, -0.1466654,  0.2420697)    0    0   5.03051870  1 5.000   3.46902664
(-15.4428084,  9.7050226, 25.5425292, -0.1670403, -0.0877876,  0.8222749,  0.5368937)    0    0  26.76684912  3 2.120  18.24509275
(-8.5255820, 12.7970470, 29.1622831, -0.2083748, -0.1268150,  0.5673142,  0.7865446)    0    0  28.97807414  0 0.400  19.87101623
(-11.0491649, 18.6145768, 30.0416230, -0.4320804, -0.0735623,  0.7499974, -0.4953776)    0    0  19.83988068  1 5.000  14.01181796
(-15.7832467, 10.1677530, 25.3147787, -0.1670265, -0.0877873,  0.8222776,  0.5368939)    0    0  26.19992306  3 0.520  17.98574889
(-14.9849105,  9.7416342, 25.3016370, -0.1668656, -0.0877829,  0.8223089,  0.5368967)    0    0  24.94721596  0 0.400  16.43836846
(-13.3378293, 15.9077514, 27.3061036,  0.5116243, -0.3679138,  0.1018574, -0.7697435)    0    0  22.82401941 11 3.960  15.44100906
(-17.4830077, 10.2340378, 28.8209188,  0.1311449, -0.9353164, -0.3094524, -0.1105596)    0    0  24.60525732  3 1.560  16.42053540
(-15.5407135,  9.3667435, 25.6113955, -0.1670422, -0.0877877,  0.8222745,  0.5368937)    0    0  27.06019685  1 3.720  18.20056250
(-8.0745639, 12.4363803, 28.8996304, -0.2083725, -0.1268157,  0.5673160,  0.7865438)    0    0  29.31827570 28 0.000  19.64047263
(-12.0628831, 14.6270302, 32.9108011, -0.5703059,  0.2251204,  0.4546373, -0.6460472)    0    0  13.44054003  1 5.000   8.96036010
(-15.6069737, 19.6796394, 22.5703923,  0.7463854,  0.3275796,  0.1846158,  0.5491061)    0    0  -2.12828947 11 1.880  -1.01332951
(-13.6247903, 16.6236484, 27.2803643,  0.5116238, -0.3679123,  0.1018585, -0.7697444)    0    0  22.50195327 12 0.240  13.97954043
(-8.2459678, 12.8789931, 29.2013799, -0.2083750, -0.1268149,  0.5673143,  0.7865445)    0    0  29.98477322  7 0.320  20.11653331
(-15.5136578,  9.5655702, 25.8076086, -0.1669443, -0.0877850,  0.8222936,  0.5368953)    0    0  25.58112255  1 0.560  17.59699912
(-15.6484859, 19.2421091, 22.3601804,  0.7463853,  0.3275791,  0.1846162,  0.5491064)    0    0  -1.58349141  4 0.440  -0.66482425
(-8.7021195, 12.8061706, 28.8536038, -0.2083770, -0.1268150,  0.5673130,  0.7865450)    0    0  29.59107143  0 0.400  19.66480387
(-9.0037576, 22.0758115, 23.4408532, -0.1503635, -0.9472489, -0.1466653,  0.2420695)    0    0   5.04396099  0 5.000   3.36264067
(-8.4512493, 12.3673567, 29.0318204, -0.2083801, -0.1268140,  0.5673107,  0.7865459)    0    0  29.35425343 26 0.000  19.66015844
(-21.4857671, 19.5275189, 20.8503614, -0.2354397, -0.9023475, -0.1778803, -0.3141587)    0    0  -3.56090217  8 0.280  -2.36184701
(-13.8404752, 16.3391577, 27.1867240,  0.5116239, -0.3679104,  0.1018599, -0.7697451)    0    0  22.36287075 13 1.480  16.18616084
(-15.4485931,  9.3646173, 25.2659754, -0.1670191, -0.0877871,  0.8222790,  0.5368941)    0    0  26.63829538  4 0.840  18.36807999
(-7.5061044, 12.3923957, 28.8117610,  0.0705930, -0.2420274,  0.4564011,  0.8533097)    0    0  15.70888493  2 1.320  12.05460915
(-8.6878955, 12.7500918, 28.9142854, -0.2083791, -0.1268137,  0.5673113,  0.7865458)    0    0  29.70886317  0 0.400  19.81892790
(-8.2543051, 12.2193225, 29.0389912, -0.2083828, -0.1268137,  0.5673089,  0.7865466)    0    0  29.88990700  0 0.400  20.12172055
(-11.2744178, 10.7253655, 30.5909222,  0.8907374, -0.3722559, -0.2504465, -0.0727255)    0    0  27.17166775  1 5.000  18.09757994
(-20.1749090, 14.9828659, 18.9484040, -0.0339755,  0.5137822,  0.6450373,  0.5646240)    0    0  -2.97221240  0 0.520  -1.93751230
(-21.5952893, 15.4500314, 26.4414377, -0.5675699, -0.0016613,  0.3259808,  0.7560411)    0    0   6.83098231  0 2.760   4.65867369
(-17.1529514, 10.8690499, 29.2358464,  0.1308887, -0.9353622, -0.3094147, -0.1105809)    0    0  23.64694268  7 0.640  16.07887966
(-17.2750254, 10.3840371, 28.9753767,  0.1310455, -0.9353306, -0.3094465, -0.1105742)    0    0  24.23044268  7 0.560  16.31726071
(-8.4835997, 12.3121167, 28.8709615, -0.2083817, -0.1268137,  0.5673095,  0.7865464)    0    0  29.74731185  0 0.400  19.85950323
(-7.9552477, 12.2923240, 28.9471815, -0.0698429, -0.1869588,  0.5188990,  0.8312113)    0    0  16.27557577 13 1.400  11.30341217
(-16.9989303, 11.0658748, 29.2322675,  0.1308040, -0.9353743, -0.3094097, -0.1105932)    0    0  23.52761111 10 0.600  15.75297269
(-19.7950532, 14.9613773, 18.9048335, -0.0339754,  0.5137823,  0.6450373,  0.5646240)    0    0  -2.17117378  0 5.000  -1.44743854
(-8.4451325, 12.4550937, 28.9030039, -0.2083775, -0.1268149,  0.5673125,  0.7865452)    0    0  29.00324035 27 0.000  19.58199751
(-21.6882293, 19.4230943, 20.7651317, -0.2354397, -0.9023475, -0.1778804, -0.3141587)    0    0  -2.26924282  7 1.640  -2.43594755
(-8.8955485, 12.6439958, 28.8771866, -0.2083759, -0.1268160,  0.5673138,  0.7865445)    0    0  28.47504576 14 0.000  19.31589418
(-14.7868363, 14.7916959, 35.6730328,  0.1431257,  0.4516590, -0.3059169,  0.8257929)    0    0   9.65771029  1 5.000   6.39104824
(-8.4926150, 12.4620992, 28.8795382, -0.2083753, -0.1268163,  0.5673140,  0.7865445)    0    0  29.40110365  0 0.400  20.26434855
(-21.7516422, 15.3509201, 26.2024693, -0.5675699, -0.0016613,  0.3259808,  0.7560411)    0    0   6.57364242  6 4.920   4.30032959
(-8.8071835, 12.3825922, 28.7772331, -0.2083806, -0.1268152,  0.5673106,  0.7865457)    0    0  29.12919506  0 0.400  19.69402866
(-12.0340828, 14.3830489, 32.9913565, -0.5840583,  0.4746691,  0.0600496, -0.6557127)    0    0  12.13066837  1 5.000   8.90844631
(-8.0461527, 12.3748796, 28.9109397, -0.2083782, -0.1268143,  0.5673120,  0.7865455)    0    0  29.65588586  0 0.400  19.93704127
(-8.5193632, 12.4587412, 29.2585584, -0.2083808, -0.1268137,  0.5673101,  0.7865462)    0    0  29.80957568 10 0.000  19.78902276
(-21.7554033, 10.5866475, 27.8954662,  0.4647282, -0.8400752, -0.1385528, -0.2431142)    0    0  14.62580745  3 5.000   9.75053849
(-21.4933987, 19.2434856, 20.8184836, -0.2354397, -0.9023475, -0.1778803, -0.3141587)    0    0  -1.52830838  4 0.680  -0.16077705
(-17.2555068, 10.5385242, 29.0115457,  0.1311426, -0.9353167, -0.3094523, -0.1105600)    0    0  24.21612384 10 0.520  16.05216632
(-15.5954065,  9.7811127, 25.3815853, -0.1670183, -0.0877870,  0.8222792,  0.5368941)    0    0  24.84795153  5 0.400  15.70704602
(-13.4243072, 16.4088833, 27.3693191,  0.5116241, -0.3679153,  0.1018562, -0.7697431)    0    0  23.62092544  3 0.560  16.18463276
(-8.6092716, 12.7564146, 28.8836985, -0.2083789, -0.1268148,  0.5673117,  0.7865454)    0    0  29.82330425 18 0.000  20.03120147
(-21.5096139, 19.2363098, 20.8025785, -0.2354397, -0.9023475, -0.1778803, -0.3141587)    0    0  -1.04531119  1 1.000  -0.16593405
(-8.1086418, 12.5912784, 29.1245350, -0.2083557, -0.1268182,  0.5673278,  0.7865394)    0    0  29.90265834  0 0.400  20.32102580
(-8.3150780, 12.4183996, 28.9937175, -0.2083803, -0.1268141,  0.5673106,  0.7865459)    0    0  29.74214490 20 0.000  19.83473953
(-21.5498028, 19.3736868, 20.8192790, -0.2354397, -0.9023475, -0.1778803, -0.3141587)    0    0  -4.14885501  9 0.200  -2.45582455
(-14.7248232, 14.9438179, 35.5790000,  0.1431257,  0.4516590, -0.3059169,  0.8257929)    0    0   9.72799275  0 5.000   6.48532909
(-8.3970712, 12.7593502, 29.5062549, -0.2083815, -0.1268136,  0.5673097,  0.7865464)    0    0  29.58505193  0 0.400  19.83629688
(-15.3859008, 10.1606600, 25.6096284, -0.1669298, -0.0877847,  0.8222964,  0.5368956)    0    0  26.01744450  4 0.520  17.85066667
(-15.7977793, 19.2222602, 22.2178026,  0.7463852,  0.3275791,  0.1846162,  0.5491065)    0    0  -1.57942956  3 0.760  -0.83924696
(-8.4977631, 12.2297543, 28.7529537, -0.2083817, -0.1268138,  0.5673096,  0.7865463)    0    0  30.11721487  4 0.480  20.31980073
(-15.4527325,  9.7091865, 25.5503390, -0.1670350, -0.0877875,  0.8222759,  0.5368938)    0    0  26.79527405  2 2.640  17.99177568
(-7.7932034, 12.2405848, 29.0322301, -0.2083761, -0.1268139,  0.5673133,  0.7865452)    0    0  29.46476784  0 0.640  19.86582922
(-13.5551566, 16.0517021, 27.2468738,  0.5116236, -0.3679127,  0.1018588, -0.7697443)    0    0  23.45630763  1 0.440  16.23694120
(-20.2445069, 10.5551264, 28.3578655,  0.1752550, -0.9318831, -0.2903981, -0.1286410)    0    0   4.28746522 19 2.680   3.17365050
(-15.6712016, 19.3133904, 22.3585945,  0.7463853,  0.3275794,  0.1846159,  0.5491062)    0    0  -1.67591551  6 1.320  -0.84614670
(-15.4411924,  9.7505990, 25.5408332, -0.1670401, -0.0877876,  0.8222750,  0.5368937)    0    0  27.14934223  0 3.240  18.35369383
(-15.8695106, 19.3940343, 22.2669106,  0.7463854,  0.3275802,  0.1846153,  0.5491059)    0    0  -2.50804623 10 0.160  -1.67695695
(-8.2416671, 12.4245902, 29.1251112, -0.2083746, -0.1268150,  0.5673146,  0.7865444)    0    0  29.92219817 12 1.840  19.81608879
(-8.1670009, 12.0612807, 29.0413220, -0.2083832, -0.1268133,  0.5673085,  0.7865469)    0    0  30.30742403  1 1.600  20.45867731
(-13.3839545, 16.1967854, 27.4190398,  0.5116241, -0.3679130,  0.1018581, -0.7697439)    0    0  22.18114432 12 0.080  13.29376569
(-11.0420343, 18.9104502, 29.9650643, -0.4320804, -0.0735623,  0.7499974, -0.4953776)    0    0  19.45282493  2 5.000  13.35453752
(-21.3154691, 19.2171462, 20.8738332, -0.2354397, -0.9023475, -0.1778804, -0.3141587)    0    0  -1.30671609  2 5.000  -0.01196414
(-13.6812088, 16.2211861, 27.3484976,  0.5116236, -0.3679059,  0.1018630, -0.7697471)    0    0  24.03257969  1 1.880  16.29173745
(-21.7323750, 18.9722347, 20.7964158, -0.2354397, -0.9023475, -0.1778803, -0.3141587)    0    0  -1.73893917  6 3.400  -0.05833853
(-17.5037524, 10.4703378, 28.7557710,  0.1311495, -0.9353158, -0.3094527, -0.1105590)    0    0  22.11827030  0 0.400  14.06303969
(-19.5934435, 15.0096886, 18.8517622, -0.0339754,  0.5137823,  0.6450373,  0.5646240)    0    0  -2.56469928  4 1.080  -1.33813273
(-8.4822177, 12.6245436, 28.8931495, -0.2083780, -0.1268142,  0.5673121,  0.7865454)    0    0  29.77428046 16 0.000  20.00923416
(-15.6089918,  9.9235425, 25.4994829, -0.1670060, -0.0877867,  0.8222816,  0.5368943)    0    0  26.14277616  0 0.480  18.03850672
(-8.0625365, 12.6427249, 28.7869615, -0.2083827, -0.1268133,  0.5673088,  0.7865467)    0    0  29.98731573  5 0.360  20.11777975
(-17.0024272, 10.6429594, 29.3427241,  0.1309521, -0.9353813, -0.3093510, -0.1105229)    0    0  23.87441491  4 0.560  16.23304209
(-17.3459097, 10.2691148, 28.9781343,  0.1310906, -0.9353241, -0.3094492, -0.1105675)    0    0  24.24915502  4 0.640  16.36066752
(-8.2761632, 12.7669241, 28.9737066, -0.2083830, -0.1268134,  0.5673086,  0.7865468)    0    0  29.88432563 16 0.000  19.81332081
(-15.7238404, 19.3900980, 22.4145583,  0.7463852,  0.3275789,  0.1846163,  0.5491066)    0    0  -1.44566262  3 4.440  -0.74816612
(-15.0284199,  9.8718782, 25.4369978, -0.1668374, -0.0877822,  0.8223144,  0.5368972)    0    0  25.35380625  0 0.480  17.35978088
(-13.2206374, 16.6519426, 27.2656653,  0.5116244, -0.3679131,  0.1018582, -0.7697437)    0    0  22.98265647 10 0.160  16.07805134
(-8.5706946, 12.2895189, 28.8478192, -0.2083663, -0.1268168,  0.5673205,  0.7865421)    0    0  29.92647415 10 0.000  20.31117357
(-13.8427516, 16.3395631, 27.1860929,  0.5116239, -0.3679127,  0.1018582, -0.7697442)    0    0  23.22942801  0 0.760  15.61099706
(-7.4063777, 12.5094042, 28.7601758,  0.1055508, -0.2548222,  0.4387663,  0.8552244)    0    0   9.28776895  3 1.240   7.84346047
(-8.3974941, 12.6629809, 29.0767361, -0.2083791, -0.1268141,  0.5673114,  0.7865457)    0    0  30.16513831  3 2.720  20.13794087
(-8.6170537, 12.6324890, 28.8288698, -0.2083617, -0.1268192,  0.5673246,  0.7865400)    0    0  28.82490809  0 0.400  19.90315586
(-13.6003258, 16.5290632, 27.2927832,  0.5116238, -0.3679069,  0.1018622, -0.7697465)    0    0  23.81252654  2 0.840  16.09198023
(-13.3358838, 16.3129872, 27.3053328,  0.5116236, -0.3679047,  0.1018637, -0.7697475)    0    0  24.17893950  0 5.000  16.12020786
(-22.0487354, 15.1693872, 25.6916241, -0.5675699, -0.0016613,  0.3259808,  0.7560411)    0    0   6.71143156  3 1.240   4.56514142
(-8.8658329, 12.6043690, 28.6409253, -0.2083685, -0.1268161,  0.5673188,  0.7865429)    0    0  29.02240950 23 0.000  19.66704999
(-21.7471106, 15.3521505, 26.2099685, -0.5675699, -0.0016613,  0.3259808,  0.7560411)    0    0   6.56656147  7 4.840   4.30880660
(-8.4172508, 12.3246804, 29.0820156, -0.2083710, -0.1268157,  0.5673171,  0.7865435)    0    0  29.70404021  0 0.400  19.95227112
(-21.6341555, 19.4291808, 20.7903255, -0.2354397, -0.9023474, -0.1778803, -0.3141587)    0    0  -0.27959541  0 5.000  -0.18639588
(-19.4157564, 14.8677995, 18.7180495, -0.0339755,  0.5137822,  0.6450373,  0.5646240)    0    0  -2.44222376  3 1.960  -1.55719547
(-8.3896395, 12.5798893, 28.9787171, -0.2083781, -0.1268143,  0.5673120,  0.7865455)    0    0  29.30873342 22 0.000  19.42366576
(-8.4699682, 12.2720532, 28.9929656, -0.2083792, -0.1268143,  0.5673113,  0.7865457)    0    0  29.45809853 18 0.000  19.97769497
(-15.4854982,  9.7290250, 25.5605874, -0.1669598, -0.0877854,  0.8222906,  0.5368951)    0    0  25.52805103  0 0.400  18.28927739
(-19.8008819, 14.9544271, 18.9028324, -0.0339754,  0.5137823,  0.6450373,  0.5646240)    0    0  -2.32192059  1 3.000  -1.62315348
(-12.9879276, 16.7297778, 27.2892813,  0.5116245, -0.3679170,  0.1018558, -0.7697420)    0    0  21.23554791  0 0.680  13.37604107
(-10.9893344, 18.7879026, 29.9982405, -0.4320804, -0.0735623,  0.7499974, -0.4953776)    0    0  19.15235462  4 5.000  13.62240114
(-13.2576371, 16.2259206, 27.3142700,  0.5116237, -0.3679101,  0.1018602, -0.7697453)    0    0  23.63527750  5 0.720  15.57221644
(-8.5640375, 12.2680432, 28.7397110, -0.2083716, -0.1268164,  0.5673169,  0.7865433)    0    0  29.01709704 23 0.000  19.71537198
(-8.5891988, 12.5699094, 28.8802321, -0.2083683, -0.1268173,  0.5673192,  0.7865424)    0    0  28.73609497  9 0.080  19.31146492
(-8.6156600, 12.7518849, 28.7851232, -0.2083747, -0.1268143,  0.5673143,  0.7865447)    0    0  29.60363958  0 0.400  19.64857158
(-8.2021839, 12.4537652, 29.1971537, -0.2083621, -0.1268165,  0.5673233,  0.7865412)    0    0  29.84681304  0 0.400  20.44312219
(-8.6338696, 12.6600469, 28.8758635, -0.2083773, -0.1268154,  0.5673129,  0.7865449)    0    0  29.85142580  0 0.400  20.06144077
(-19.1488636, 14.6385988, 18.9608015, -0.0339755,  0.5137822,  0.6450373,  0.5646240)    0    0  -4.58099625 12 3.800  -2.13956540
(-20.1596649, 14.9023955, 19.0159726, -0.0339754,  0.5137822,  0.6450373,  0.5646240)    0    0  -3.65635057  9 2.120  -2.02495257
(-8.4688324, 12.5493783, 28.9184770, -0.2083784, -0.1268148,  0.5673120,  0.7865453)    0    0  29.67084457 14 0.000  19.84928962
(-15.9391349, 19.3198945, 22.0869897,  0.7463858,  0.3275809,  0.1846142,  0.5491052)    0    0  -2.94451335  2 0.760  -1.87868019
(-15.4820473,  9.5462484, 25.5883906, -0.1670079, -0.0877868,  0.8222812,  0.5368943)    0    0  26.58716791  5 5.000  18.08414485
(-19.6326260, 15.0189383, 18.7148761, -0.0339755,  0.5137822,  0.6450373,  0.5646240)    0    0  -2.73539446  6 1.880  -1.68510853
(-8.5090279, 12.2763732, 28.8391771, -0.2083759, -0.1268141,  0.5673134,  0.7865451)    0    0  29.62280809  0 0.400  19.73225068
(-8.1441771, 12.1711228, 28.6153035, -0.2083823, -0.1268134,  0.5673090,  0.7865466)    0    0  29.95367206  8 0.160  20.27182891
(-21.5621718, 19.7553458, 20.9299982, -0.2354397, -0.9023475, -0.1778803, -0.3141587)    0    0  -1.60218474  5 4.680  -0.06851637
(-14.9160636,  9.6254222, 25.6763340, -0.1669574, -0.0877854,  0.8222910,  0.5368951)    0    0  25.80481093  0 0.800  17.46717610
(-13.3483015, 16.7651112, 27.3280583,  0.5116237, -0.3679240,  0.1018520, -0.7697397)    0    0  20.50100541  2 0.320  13.88427881
(-21.7976050, 15.3304270, 26.0073501, -0.5675699, -0.0016613,  0.3259808,  0.7560411)    0    0   6.67321657  4 3.880   4.46969895
(-8.2615615, 12.4243900, 29.0551285, -0.2083814, -0.1268135,  0.5673097,  0.7865464)    0    0  29.71882481 22 0.000  19.84797049
(-8.5641264, 12.5011613, 28.7425352, -0.2083739, -0.1268162,  0.5673154,  0.7865439)    0    0  28.85534644  2 0.640  19.51683710
(-15.6776161, 19.6338813, 22.2174208,  0.7463852,  0.3275791,  0.1846162,  0.5491065)    0    0  -1.93440011  9 3.080  -1.03609001
(-8.2544690, 12.2675825, 28.6280856, -0.2083817, -0.1268149,  0.5673097,  0.7865461)    0    0  29.29175576  0 0.400  19.43189278
(-10.9490022, 18.8371871, 29.9865130, -0.4320804, -0.0735623,  0.7499974, -0.4953776)    0    0  19.20318352  3 5.000  13.61174958
(-13.6788272, 16.1066441, 27.5847596,  0.5116240, -0.3679117,  0.1018588, -0.7697445)    0    0  23.72349167  4 0.680  16.08427012
(-15.7874278, 19.3228453, 22.4999125,  0.7463864,  0.3275829,  0.1846121,  0.5491040)    0    0  -2.66003672 11 0.040  -1.78158503
(-17.1390127, 10.2340779, 29.2200228,  0.1311541, -0.9353151, -0.3094529, -0.1105584)    0    0  24.74326002  2 0.600  17.06186966
(-15.5606004,  9.5238091, 25.6220576, -0.1669970, -0.0877865,  0.8222833,  0.5368944)    0    0  25.54880492  2 0.680  16.64882690
(-21.7553143, 19.6694537, 20.7625450, -0.2354397, -0.9023475, -0.1778803, -0.3141587)    0    0  -2.31207691  8 0.600  -2.37015330
(-8.3086853, 12.2877919, 28.9087322, -0.2083829, -0.1268133,  0.5673087,  0.7865468)    0    0  29.24266948 45 0.000  19.80670743
(-8.4932974, 12.6454178, 28.8865478, -0.2083825, -0.1268135,  0.5673090,  0.7865466)    0    0  29.90087134  9 0.080  19.91591846
(-8.9867302, 22.0721896, 23.4026270, -0.1503637, -0.9472498, -0.1466654,  0.2420697)    0    0   4.90857193  2 5.000   3.18027543
(-17.6472730, 10.1041352, 28.6744780,  0.1311489, -0.9353158, -0.3094526, -0.1105591)    0    0  24.33325240  5 0.720  16.35449137
(-17.4606100, 10.2681157, 28.8388807,  0.1311541, -0.9353151, -0.3094529, -0.1105584)    0    0  25.37436169  0 5.000  17.02473409
(-17.7890973,  6.2591361, 22.6919632,  0.9288264,  0.1288785,  0.3452411, -0.0384763)    0    0 -66.24459716  0 5.000 -44.16306473
(-17.3092502, 10.3456993, 28.9528828,  0.1311416, -0.9353169, -0.3094522, -0.1105602)    0    0  22.99055834  6 0.400  14.52466901
(-21.6260143, 15.4303739, 26.3948325, -0.5675699, -0.0016613,  0.3259808,  0.7560411)    0    0   6.76019744  2 3.800   4.63430231
(-8.2926558, 12.2689417, 29.0364634, -0.2083657, -0.1268167,  0.5673209,  0.7865420)    0    0  29.03625605 11 0.000  19.62026957
(-8.8324602, 12.7513036, 28.8807280, -0.2083814, -0.1268139,  0.5673098,  0.7865463)    0    0  29.41734803  0 0.400  19.57906411
(-11.2952874, 10.8122263, 30.2407164,  0.8907374, -0.3722559, -0.2504465, -0.0727255)    0    0  27.08254691  2 5.000  18.15448256
(-15.4760511,  9.5079488, 25.5476136, -0.1670358, -0.0877875,  0.8222758,  0.5368938)    0    0  26.14815673  0 0.520  17.90141220
(-19.4450869, 15.1947496, 19.1662297, -0.0339754,  0.5137822,  0.6450373,  0.5646240)    0    0  -4.32868274  3 0.760  -4.38156747
(-17.1707181, 10.7411028, 29.0607934,  0.1311301, -0.9353185, -0.3094516, -0.1105617)    0    0  24.21525343 11 0.520  16.69322547
(-8.0843527, 12.7619388, 29.1768024, -0.2083673, -0.1268164,  0.5673197,  0.7865424)    0    0  29.85268236 15 0.000  20.05039101
(-17.7530931, 10.2280783, 28.5539711,  0.1311180, -0.9353202, -0.3094508, -0.1105637)    0    0  24.58333465  4 1.280  16.61576011
(-21.5554602, 15.4755137, 26.5019383, -0.5675699, -0.0016613,  0.3259808,  0.7560411)    0    0   6.77577632  1 5.000   4.55425005
(-10.9489247, 19.3170749, 29.8621550, -0.4320804, -0.0735623,  0.7499974, -0.4953776)    0    0  18.59541012  5 5.000  12.80949971
(-15.7090714, 19.4551984, 22.3876685,  0.7463852,  0.3275789,  0.1846163,  0.5491066)    0    0  -1.40377415  2 2.840  -1.06155212
(-8.0856301, 12.4788530, 29.0229050, -0.2083605, -0.1268179,  0.5673247,  0.7865404)    0    0  29.30913573 16 0.000  19.77852480
(-21.6744542, 19.9263566, 20.8696449, -0.2354397, -0.9023475, -0.1778803, -0.3141587)    0    0  -1.39109874  3 4.840  -0.04990250
(-19.5088333, 15.3055771, 19.0048673, -0.0339754,  0.5137822,  0.6450373,  0.5646240)    0    0  -2.32574860  2 5.000  -1.34040426
(-17.6864310, 10.2971133, 28.5686195,  0.1311518, -0.9353154, -0.3094528, -0.1105587)    0    0  24.74942513  1 1.520  16.89670995
(-17.2521134, 10.3374570, 29.0354005,  0.1311179, -0.9353203, -0.3094508, -0.1105637)    0    0  23.25330699 18 1.240  14.52593181
(-16.1980392, 19.2071383, 21.9757578,  0.7463852,  0.3275791,  0.1846162,  0.5491065)    0    0  -1.71936986  7 0.280  -0.80719243
(-16.0501206, 19.2979572, 22.0575351,  0.7463851,  0.3275788,  0.1846165,  0.5491067)    0    0  -1.22706029  1 5.000  -0.69532317
(-13.3138530, 16.2418094, 27.3452153,  0.5116245, -0.3679128,  0.1018582, -0.7697437)    0    0  21.40158861  1 0.720  13.98617566
(-8.3705683, 12.6000542, 29.1672133, -0.2083766, -0.1268144,  0.5673131,  0.7865451)    0    0  29.77798795 22 0.000  19.57779068
(-12.9465021, 16.4224742, 27.2065288,  0.5116235, -0.3679088,  0.1018608, -0.7697460)    0    0  23.78863984  3 1.080  15.97524497
(-8.7482728, 12.8138892, 28.9112889, -0.2083658, -0.1268174,  0.5673208,  0.7865419)    0    0  28.87179006  0 0.400  19.64568828
(-21.8511861, 19.5486795, 20.7296220, -0.2354397, -0.9023475, -0.1778803, -0.3141587)    0    0  -2.37814876  9 0.400  -2.42438594
(-13.1629324, 16.2230065, 27.3826494,  0.5116243, -0.3679143,  0.1018574, -0.7697432)    0    0  21.96010954 11 0.000  14.26779231
(-8.1583520, 11.9224446, 29.1823410, -0.2083772, -0.1268141,  0.5673126,  0.7865453)    0    0  29.22482605  0 0.400  19.38353491
(-15.4555977, 10.2056742, 25.5471958, -0.1669412, -0.0877850,  0.8222942,  0.5368954)    0    0  24.72055865  5 0.440  15.22713631
