#Coordinates  RecID  LigID  Luciferin  Neighbor's number  Vision Range  Scoring
(-8.2461933, 12.4623650, 29.0802946, -0.2083832, -0.1268133,  0.5673084,  0.7865469)    0    0  30.01242162  2 0.640  19.88071308
(-15.9988776,  9.7188666, 25.0222957, -0.1670398, -0.0877876,  0.8222750,  0.5368937)    0    0  28.25182780  0 5.000  18.83473247
(-19.8728628, 15.5436758, 19.2580526, -0.0339754,  0.5137823,  0.6450373,  0.5646240)    0    0  -2.99563536  5 0.600  -1.76900916
(-16.2244434,  9.5127943, 24.9586661, -0.1670398, -0.0877876,  0.8222750,  0.5368937)    0    0  26.04446246  0 0.560  18.27080058
(-8.4199649, 12.5425856, 28.7886927, -0.2083832, -0.1268133,  0.5673084,  0.7865469)    0    0  30.01777298  0 0.400  19.98176132
(-8.4824958, 12.3850414, 28.7790914, -0.2083831, -0.1268133,  0.5673084,  0.7865469)    0    0  30.12704952  8 0.160  20.11383097
(-8.0720272, 12.7951215, 29.1048045, -0.2083832, -0.1268133,  0.5673084,  0.7865469)    0    0  30.26140035  6 0.640  20.08125597
(-19.7488486, 15.4131065, 19.1309904, -0.0339754,  0.5137823,  0.6450373,  0.5646240)    0    0  -1.96309102  4 3.720  -1.53516713
(-15.7445264, 19.7487374, 22.3370143,  0.7463851,  0.3275788,  0.1846165,  0.5491067)    0    0  -1.76667318  5 0.360  -1.22758787
(-15.7520757, 19.3952944, 22.2916083,  0.7463851,  0.3275788,  0.1846165,  0.5491067)    0    0  -1.64634101  5 1.480  -1.31967962
(-17.4833232, 10.2679578, 28.8058028,  0.1311541, -0.9353151, -0.3094529, -0.1105584)    0    0  25.38641787  3 1.600  16.85062210
(-17.2966637, 10.1808585, 29.1392675,  0.1311541, -0.9353151, -0.3094529, -0.1105584)    0    0  22.64709686 15 0.120  14.29812890
(-17.6144067, 10.3726223, 29.3601862,  0.1311541, -0.9353151, -0.3094529, -0.1105584)    0    0  24.71729071  0 0.720  16.44203425
(-8.4027533, 12.4136053, 28.9153159, -0.2083833, -0.1268132,  0.5673084,  0.7865469)    0    0  30.72234748  0 5.000  20.48156498
(-8.4210525, 12.7060614, 29.0051980, -0.2083831, -0.1268133,  0.5673084,  0.7865469)    0    0  29.02292384 20 0.000  19.10405876
(-8.3828424, 12.5490290, 29.1244282, -0.2083833, -0.1268133,  0.5673084,  0.7865469)    0    0  29.73636873  0 0.400  20.23576572
(-21.7811169, 15.2476738, 27.1210157, -0.5675699, -0.0016613,  0.3259808,  0.7560411)    0    0   7.45278780  5 2.360   4.94177494
(-8.2242144, 12.5743315, 28.8066248, -0.2083833, -0.1268133,  0.5673084,  0.7865469)    0    0  29.96548392  0 0.400  20.13054486
(-9.8310603, 15.1386611, 30.9370809, -0.4320885, -0.0735495,  0.7499880, -0.4953867)    0    0  26.63006930  7 3.720  17.54405017
(-8.3207782, 12.4135148, 29.2609255, -0.2083833, -0.1268133,  0.5673084,  0.7865469)    0    0  30.15169737  4 0.480  20.10783303
(-15.9705701,  9.7528961, 24.8325203, -0.1670345, -0.0877868,  0.8222765,  0.5368932)    0    0  21.64196433 10 0.160  11.37177859
(-19.7559978, 14.9126049, 18.9040046, -0.0339754,  0.5137823,  0.6450373,  0.5646240)    0    0  -1.62775794  1 5.000  -0.83923968
(-17.0742186, 10.1008698, 29.4105155,  0.1311541, -0.9353151, -0.3094529, -0.1105584)    0    0  22.36183959  0 0.400  14.60748773
(-8.6359042, 12.5241476, 28.9746873, -0.2083832, -0.1268133,  0.5673084,  0.7865469)    0    0  29.69252511 23 0.000  19.64513674
(-8.0895185, 12.6427323, 29.0913977, -0.2083833, -0.1268133,  0.5673084,  0.7865469)    0    0  30.39350413  3 1.200  20.19514277
(-21.5335401, 15.4538479, 26.9185493, -0.5675699, -0.0016613,  0.3259808,  0.7560411)    0    0   7.40973498  7 3.480   5.01381483
(-11.3074709, 10.8629328, 30.0362773,  0.8907374, -0.3722559, -0.2504465, -0.0727255)    0    0  27.00423019  3 5.000  18.04856462
(-17.4285676, 10.2636982, 28.8480164,  0.1311541, -0.9353151, -0.3094529, -0.1105584)    0    0  24.01670218  0 0.400  16.84039753
(-8.1868151, 12.4007981, 29.5515779, -0.2083832, -0.1268133,  0.5673084,  0.7865469)    0    0  30.11815252  0 0.400  20.18978804
(-22.0598873, 20.0199326, 20.7700609, -0.2354397, -0.9023475, -0.1778804, -0.3141587)    0    0  -3.77812113  4 0.520  -2.46801333
(-16.9201182, 10.2679483, 29.2921497,  0.1311541, -0.9353151, -0.3094529, -0.1105584)    0    0  24.42090684 11 0.080  16.61086496
(-15.7115287, 19.4540511, 22.3853315,  0.7463851,  0.3275788,  0.1846165,  0.5491067)    0    0  -1.05036483  0 5.000  -0.70024322
(-7.9394203, 12.3577220, 28.7611301, -0.2083832, -0.1268133,  0.5673084,  0.7865469)    0    0  30.15144290  1 0.480  20.09931079
(-11.2990867, 10.8280377, 30.1769679,  0.8907374, -0.3722559, -0.2504465, -0.0727255)    0    0  27.33403379  0 5.000  18.22268920
(-13.3409725, 15.9353894, 26.9889033,  0.5116236, -0.3679064,  0.1018626, -0.7697468)    0    0  23.40198383  9 0.200  16.28642898
(-9.1718535, 22.1115663, 23.8182250, -0.1503637, -0.9472498, -0.1466654,  0.2420697)    0    0   5.03051877  1 5.000   3.46902664
(-16.0954764,  9.8961879, 25.2598259, -0.1669758, -0.0877783,  0.8222930,  0.5368876)    0    0  24.80042332  0 0.560  16.64171815
(-8.3186957, 12.2889401, 29.7824754, -0.2083831, -0.1268133,  0.5673084,  0.7865469)    0    0  29.77322915 12 0.000  19.80103436
(-9.9175147, 15.2230709, 30.9168861, -0.4320885, -0.0735495,  0.7499880, -0.4953867)    0    0  26.64391074  6 3.240  17.53758382
(-16.0846158,  9.7153308, 24.9097889, -0.1670345, -0.0877868,  0.8222765,  0.5368932)    0    0  27.86578074  3 0.720  18.65093095
(-15.7601630,  9.5155138, 25.5079935, -0.1670398, -0.0877876,  0.8222750,  0.5368937)    0    0  27.55983653  6 0.640  18.83105890
(-13.9521822, 15.8974246, 27.0995272,  0.5116236, -0.3679064,  0.1018626, -0.7697468)    0    0  24.12331536  3 0.680  15.82978845
(-17.4710860, 10.2664076, 28.8112361,  0.1311541, -0.9353151, -0.3094529, -0.1105584)    0    0  25.33998412  4 5.000  16.79948410
(-15.7816661,  9.7278241, 25.3073236, -0.1670398, -0.0877876,  0.8222750,  0.5368937)    0    0  28.18809244  1 3.400  18.90282306
(-8.1145191, 12.2236797, 29.6748309, -0.2083831, -0.1268133,  0.5673084,  0.7865469)    0    0  29.70089848  7 0.320  19.74518865
(-9.7255152, 15.2410617, 30.9089179, -0.4320885, -0.0735495,  0.7499880, -0.4953867)    0    0  26.84717439  4 4.200  17.73444377
(-15.3955189, 19.4315573, 21.8756657,  0.7463851,  0.3275788,  0.1846165,  0.5491067)    0    0  -2.66076052  1 0.480  -1.24213850
(-13.8749012, 15.8897403, 27.1691701,  0.5116236, -0.3679064,  0.1018626, -0.7697468)    0    0  24.26622861  3 0.640  16.05914069
(-8.2162163, 12.3196022, 29.7030470, -0.2083831, -0.1268133,  0.5673084,  0.7865469)    0    0  30.00100777 27 0.000  20.22558760
(-15.7270279,  9.8425691, 25.1816529, -0.1670398, -0.0877876,  0.8222750,  0.5368937)    0    0  24.84898188  8 0.320  16.21049557
(-15.6674089, 19.5595976, 22.3235432,  0.7463851,  0.3275788,  0.1846165,  0.5491067)    0    0  -1.98898859  9 0.200  -1.08373293
(-8.1246495, 12.3001567, 29.1904540, -0.2083832, -0.1268133,  0.5673084,  0.7865469)    0    0  30.04720182  1 0.480  19.98965150
(-9.0037576, 22.0758115, 23.4408532, -0.1503635, -0.9472489, -0.1466653,  0.2420695)    0    0   5.04396101  0 5.000   3.36264067
(-8.2202740, 12.4826228, 29.0497052, -0.2083832, -0.1268133,  0.5673084,  0.7865469)    0    0  30.10358672  0 0.400  20.56917796
(-22.2346313, 19.5227598, 20.6735508, -0.2354397, -0.9023475, -0.1778804, -0.3141587)    0    0  -1.45822258  2 0.480  -0.17178355
(-13.9313768, 16.1967994, 27.2202449,  0.5116236, -0.3679064,  0.1018626, -0.7697468)    0    0  22.49254372 10 0.000  14.19571868
(-16.0681966,  9.7168286, 24.9304186, -0.1670398, -0.0877876,  0.8222750,  0.5368937)    0    0  27.97123340  2 5.000  18.60108914
(-8.3246932, 12.5272666, 28.7927173, -0.2083831, -0.1268133,  0.5673084,  0.7865469)    0    0  30.14579136 11 0.000  20.21771070
(-8.3610644, 12.2370572, 29.3515134, -0.2083831, -0.1268133,  0.5673084,  0.7865469)    0    0  30.08773665  0 0.400  20.17125488
(-8.0441340, 12.5399534, 29.3190937, -0.2083832, -0.1268133,  0.5673084,  0.7865469)    0    0  30.03739890  2 0.640  19.97629385
(-11.2744178, 10.7253655, 30.5909222,  0.8907374, -0.3722559, -0.2504465, -0.0727255)    0    0  27.17166780  1 5.000  18.09757994
(-19.7499036, 15.3392016, 19.0974736, -0.0339754,  0.5137823,  0.6450373,  0.5646240)    0    0  -1.80933115  3 5.000  -1.42481506
(-21.6504930, 15.3554974, 27.0217055, -0.5675699, -0.0016613,  0.3259808,  0.7560411)    0    0   7.33892110  8 0.760   4.84117673
(-17.1675106, 10.2812885, 29.2253250,  0.1311541, -0.9353151, -0.3094529, -0.1105584)    0    0  24.25476653 12 0.080  16.71679694
(-17.5866087, 10.2451181, 28.4004278,  0.1311541, -0.9353151, -0.3094529, -0.1105584)    0    0  24.89394172  7 0.320  16.98959803
(-8.2041761, 12.6011529, 28.8986471, -0.2083831, -0.1268133,  0.5673084,  0.7865469)    0    0  29.89073533  0 0.400  20.08100297
(-8.1054642, 12.8692236, 28.9183163, -0.2083832, -0.1268133,  0.5673084,  0.7865469)    0    0  30.14496854 10 0.000  20.29020426
(-17.1509832, 10.2584539, 29.2007460,  0.1311541, -0.9353151, -0.3094529, -0.1105584)    0    0  25.42941320  2 2.240  17.04664712
(-19.7666464, 15.0881732, 18.9825332, -0.0339754,  0.5137823,  0.6450373,  0.5646240)    0    0  -3.73123163  9 0.360  -3.22916954
(-8.3822137, 12.4342687, 28.7218407, -0.2083832, -0.1268133,  0.5673084,  0.7865469)    0    0  30.04205528  0 0.400  20.20088180
(-21.6476507, 19.4631242, 20.7916337, -0.2354397, -0.9023475, -0.1778804, -0.3141587)    0    0  -2.06652076  6 4.920  -2.15569235
(-8.3299310, 12.6874562, 29.1163245, -0.2083833, -0.1268133,  0.5673084,  0.7865469)    0    0  30.02020927  0 0.400  19.93675815
(-14.7868363, 14.7916959, 35.6730328,  0.1431257,  0.4516590, -0.3059169,  0.8257929)    0    0   9.65771111  1 5.000   6.39104824
(-8.0864445, 12.4777509, 29.4416892, -0.2083833, -0.1268133,  0.5673084,  0.7865469)    0    0  30.12509755  0 0.400  20.15250062
(-21.7203180, 15.3000412, 27.0557114, -0.5675699, -0.0016613,  0.3259808,  0.7560411)    0    0   7.47216758  4 5.000   4.94910898
(-8.3556515, 12.2848050, 28.9925454, -0.2083832, -0.1268133,  0.5673084,  0.7865469)    0    0  29.58745933 10 0.000  19.59999959
(-9.9217457, 14.9517798, 30.9867660, -0.4320885, -0.0735495,  0.7499880, -0.4953867)    0    0  27.53255631  0 5.000  18.35507845
(-7.9675733, 12.9139369, 29.0916317, -0.2083832, -0.1268133,  0.5673084,  0.7865469)    0    0  29.93054543  0 0.400  20.00625097
(-8.0338509, 12.5689973, 29.1526561, -0.2083831, -0.1268133,  0.5673084,  0.7865469)    0    0  30.15025892  0 0.400  20.43634160
(-17.5443578, 10.3719059, 29.1102653,  0.1311541, -0.9353151, -0.3094529, -0.1105584)    0    0  22.09019038  0 0.400  16.79213329
(-21.2523217, 18.8135568, 20.8229822, -0.2354397, -0.9023475, -0.1778804, -0.3141587)    0    0  -0.18840072  1 2.280  -0.05533482
(-17.5850751, 10.3680897, 29.1718765,  0.1311541, -0.9353151, -0.3094529, -0.1105584)    0    0  21.40161769  0 0.400  16.77875906
(-15.9792140,  9.7343095, 25.1223794, -0.1670398, -0.0877876,  0.8222750,  0.5368937)    0    0  26.55340192  7 0.560  17.87432502
(-14.0524424, 15.9858499, 27.3616214,  0.5116236, -0.3679064,  0.1018626, -0.7697468)    0    0  21.46328287  0 0.560  16.03896824
(-8.0279253, 12.2350907, 29.2113142, -0.2083832, -0.1268133,  0.5673084,  0.7865469)    0    0  30.00306187 21 0.000  19.72527745
(-21.5096139, 19.2363098, 20.8025785, -0.2354397, -0.9023475, -0.1778804, -0.3141587)    0    0  -0.11541518  0 5.000  -0.07694345
(-8.6153506, 12.3105829, 29.0889503, -0.2083832, -0.1268133,  0.5673084,  0.7865469)    0    0  29.29666241  2 0.640  19.36285181
(-7.8887502, 12.7254355, 29.1791592, -0.2083832, -0.1268133,  0.5673084,  0.7865469)    0    0  29.56267832 41 0.000  19.61751313
(-21.5391378, 19.2848760, 20.8002511, -0.2354397, -0.9023475, -0.1778804, -0.3141587)    0    0  -2.14463269  7 1.080  -2.17023292
(-14.7248232, 14.9438179, 35.5790000,  0.1431257,  0.4516590, -0.3059169,  0.8257929)    0    0   9.72799364  0 5.000   6.48532909
(-8.0299086, 12.9191027, 28.9902183, -0.2083831, -0.1268133,  0.5673084,  0.7865469)    0    0  29.30338215 18 0.000  19.22592270
(-15.9920919,  9.8001635, 24.9937682, -0.1670398, -0.0877876,  0.8222750,  0.5368937)    0    0  24.21803615  0 0.400  18.73019543
(-15.7114013, 19.4545043, 22.3854459,  0.7463851,  0.3275788,  0.1846165,  0.5491067)    0    0  -1.36120683  2 1.840  -0.99924860
(-8.3333958, 12.4174205, 29.1027009, -0.2083832, -0.1268133,  0.5673084,  0.7865469)    0    0  30.03973748 12 0.000  19.98150021
(-16.2534327,  9.7903056, 25.0623797, -0.1670185, -0.0877845,  0.8222810,  0.5368917)    0    0  23.30170801  0 0.400  16.58241663
(-8.2991992, 12.2649361, 29.3304325, -0.2083830, -0.1268134,  0.5673084,  0.7865470)    0    0  30.06858934  0 0.400  20.29796539
(-14.0198929, 15.7661970, 27.1169904,  0.5116236, -0.3679064,  0.1018626, -0.7697468)    0    0  22.24439728  6 0.320  15.60107012
(-17.3391914, 10.4179720, 29.1022042,  0.1311541, -0.9353151, -0.3094529, -0.1105584)    0    0  22.57150314  7 0.240  14.59776011
(-15.8443879, 19.4679981, 22.0404608,  0.7463851,  0.3275788,  0.1846165,  0.5491067)    0    0  -1.83144843  6 0.280  -1.31843369
(-16.1116775,  9.7301331, 24.8268102, -0.1670398, -0.0877876,  0.8222750,  0.5368937)    0    0  23.12762207  0 0.400  14.41249379
(-15.7971000, 19.3750128, 22.5628073,  0.7463851,  0.3275788,  0.1846165,  0.5491067)    0    0  -2.47754386  2 0.560  -2.11064004
(-8.3237589, 12.5516506, 29.4611987, -0.2083831, -0.1268133,  0.5673084,  0.7865469)    0    0  29.81075347  0 0.400  19.81587630
(-7.9867365, 12.7685498, 29.2016046, -0.2083832, -0.1268133,  0.5673084,  0.7865469)    0    0  30.02697950 23 0.000  19.98245567
(-13.5594643, 15.9345317, 27.2508368,  0.5116236, -0.3679064,  0.1018626, -0.7697468)    0    0  24.13260996  3 0.880  16.28931789
(-9.8719041, 15.0552655, 30.9592591, -0.4320885, -0.0735495,  0.7499880, -0.4953867)    0    0  26.83991454  5 5.000  17.60944238
(-21.8769455, 19.8395881, 20.7733703, -0.2354397, -0.9023475, -0.1778804, -0.3141587)    0    0  -1.50415298  5 3.240  -0.27665331
(-13.5210836, 15.8702957, 27.3310777,  0.5116236, -0.3679064,  0.1018626, -0.7697468)    0    0  23.36007913  0 0.480  16.32466667
(-21.4175266, 19.2935497, 20.8551884, -0.2354397, -0.9023475, -0.1778804, -0.3141587)    0    0  -2.81083123  5 0.520  -2.14797921
(-17.3107412, 10.2518311, 28.8991485,  0.1311541, -0.9353151, -0.3094529, -0.1105584)    0    0  22.34639080  0 0.480  16.75104606
(-20.0247951, 15.2047913, 19.0053396, -0.0339754,  0.5137823,  0.6450373,  0.5646240)    0    0  -3.09437732  6 0.440  -1.76485978
(-7.9497567, 12.7000015, 29.0839412, -0.2083832, -0.1268133,  0.5673084,  0.7865469)    0    0  30.03547425 19 0.000  20.05506868
(-15.8330221,  9.9548266, 25.0811384, -0.1670398, -0.0877876,  0.8222750,  0.5368937)    0    0  26.42813198  4 0.480  18.39570622
(-7.9964605, 12.3229641, 29.5611074, -0.2083831, -0.1268133,  0.5673084,  0.7865469)    0    0  29.51002859  1 0.720  19.47070095
(-17.2644457, 10.2869488, 29.2562189,  0.1311541, -0.9353151, -0.3094529, -0.1105584)    0    0  25.45601287  1 3.280  17.06082578
(-17.9527559, 10.3416193, 28.7469366,  0.1311541, -0.9353151, -0.3094529, -0.1105584)    0    0  21.10116845  0 0.800  10.02011176
(-8.3262777, 12.5639249, 28.5660496, -0.2083832, -0.1268133,  0.5673084,  0.7865469)    0    0  30.10909741  8 0.080  19.97487907
(-15.7644921, 19.4192989, 22.4916389,  0.7463851,  0.3275788,  0.1846165,  0.5491067)    0    0  -1.79719370  9 2.840  -1.14033284
(-16.1195933,  9.8027576, 25.4242458, -0.1670398, -0.0877876,  0.8222750,  0.5368937)    0    0  26.04016542  6 0.240  18.66072770
(-14.3082162, 15.8587991, 27.0809440,  0.5116236, -0.3679064,  0.1018626, -0.7697468)    0    0  23.77680473  3 0.480  16.81208335
(-8.1870881, 12.5661318, 29.0127351, -0.2083831, -0.1268133,  0.5673084,  0.7865469)    0    0  30.02785822  0 0.400  20.31880115
(-13.9901606, 15.8756296, 27.1373509,  0.5116236, -0.3679064,  0.1018626, -0.7697468)    0    0  24.70730021  3 5.000  16.33946784
(-8.1058109, 12.5024605, 29.3733211, -0.2083832, -0.1268133,  0.5673084,  0.7865469)    0    0  30.22383758  7 0.320  20.05207196
(-8.3045246, 12.4449584, 29.1138576, -0.2083832, -0.1268133,  0.5673084,  0.7865469)    0    0  29.96512742 44 0.000  19.51924558
(-8.1919601, 12.2129277, 29.3353243, -0.2083830, -0.1268134,  0.5673084,  0.7865470)    0    0  29.75938044 15 0.000  19.73717065
(-13.4022420, 15.8780204, 27.3890939,  0.5116236, -0.3679064,  0.1018626, -0.7697468)    0    0  22.47027254 12 0.000  14.10605351
(-13.9555574, 15.8798411, 27.1471524,  0.5116236, -0.3679064,  0.1018626, -0.7697468)    0    0  24.46818461  4 1.240  16.14861457
(-21.3867376, 15.5757597, 26.8023233, -0.5675699, -0.0016613,  0.3259808,  0.7560411)    0    0   7.49899244  1 5.000   5.03125516
(-8.1339840, 12.4086430, 29.1665289, -0.2083830, -0.1268134,  0.5673084,  0.7865469)    0    0  29.86366745  4 0.480  19.91011075
(-21.4296807, 15.5404121, 26.8358508, -0.5675699, -0.0016613,  0.3259808,  0.7560411)    0    0   7.47941401  2 3.000   5.00330124
(-8.3352127, 12.4401501, 28.9450026, -0.2083832, -0.1268133,  0.5673084,  0.7865469)    0    0  29.36513164  5 0.400  19.39973309
(-21.6301463, 19.4320416, 20.7925915, -0.2354397, -0.9023475, -0.1778804, -0.3141587)    0    0  -2.14485557  8 3.720  -2.11364044
(-19.7415913, 15.5271838, 19.1831926, -0.0339754,  0.5137823,  0.6450373,  0.5646240)    0    0  -3.09840417  7 0.360  -1.56120205
(-8.4572887, 12.3737134, 28.8846594, -0.2083833, -0.1268132,  0.5673084,  0.7865469)    0    0  30.48974664  1 4.480  20.40080280
(-8.6622194, 12.2279037, 28.8370399, -0.2083832, -0.1268133,  0.5673084,  0.7865469)    0    0  30.19580197  2 0.480  20.18940334
(-16.0110258,  9.7181064, 25.0816501, -0.1670398, -0.0877876,  0.8222750,  0.5368937)    0    0  25.94910600 12 2.640  15.37711998
(-19.7555433, 14.9444787, 18.9184595, -0.0339754,  0.5137823,  0.6450373,  0.5646240)    0    0  -1.64935659  2 5.000  -0.86467284
(-13.4893268, 15.9369075, 27.2789460,  0.5116236, -0.3679064,  0.1018626, -0.7697468)    0    0  24.82215089  1 5.000  16.68372978
(-9.9240794, 14.9463226, 30.9882115, -0.4320885, -0.0735495,  0.7499880, -0.4953867)    0    0  27.26379052  1 5.000  18.06386660
(-13.5253144, 15.9324987, 27.2687746,  0.5116236, -0.3679064,  0.1018626, -0.7697468)    0    0  24.72870620  2 5.000  16.57077063
(-7.9329267, 12.6613498, 29.0775262, -0.2083832, -0.1268133,  0.5673084,  0.7865469)    0    0  29.96663422  0 0.400  20.07284625
(-8.2336129, 12.5555716, 28.9461803, -0.2083832, -0.1268133,  0.5673084,  0.7865469)    0    0  30.02000845  0 0.400  19.98647229
(-8.0685767, 12.2023803, 28.8743475, -0.2083832, -0.1268133,  0.5673084,  0.7865469)    0    0  29.58341263  0 0.400  19.67271973
(-8.3189356, 12.5283571, 28.8670997, -0.2083832, -0.1268133,  0.5673084,  0.7865469)    0    0  30.10816269 12 0.000  20.08978887
(-8.3560249, 12.5042648, 28.8332418, -0.2083832, -0.1268133,  0.5673084,  0.7865469)    0    0  30.38170376  2 0.720  20.28043037
(-19.6765063, 14.6218552, 18.6074828, -0.0339754,  0.5137823,  0.6450373,  0.5646240)    0    0  -3.55995432  4 0.360  -1.38231331
(-19.7520133, 15.1915474, 19.0305097, -0.0339754,  0.5137823,  0.6450373,  0.5646240)    0    0  -1.43460064  0 5.000  -0.95640042
(-8.7425270, 12.4437295, 29.1919607, -0.2083832, -0.1268133,  0.5673084,  0.7865469)    0    0  30.32848808  2 0.640  20.28763317
(-15.7758606, 19.2252499, 22.3152575,  0.7463851,  0.3275788,  0.1846165,  0.5491067)    0    0  -1.50097925  2 0.560  -0.74810456
(-15.7817690,  9.8349744, 25.0239191, -0.1670291, -0.0877861,  0.8222780,  0.5368927)    0    0  21.14696815  7 0.240  10.99903148
(-19.7729367, 14.8894323, 18.8917669, -0.0339754,  0.5137823,  0.6450373,  0.5646240)    0    0  -3.49861208  8 0.360  -0.84782234
(-8.2836612, 12.4541767, 28.7378118, -0.2083832, -0.1268133,  0.5673084,  0.7865469)    0    0  30.01417699  6 0.240  19.72822890
(-8.4078647, 12.2116586, 29.8292001, -0.2083831, -0.1268133,  0.5673084,  0.7865469)    0    0  29.79242054  4 0.480  19.77521996
(-21.5093909, 19.2359433, 20.8025962, -0.2354397, -0.9023475, -0.1778804, -0.3141587)    0    0  -0.20882708  2 5.000  -0.17694438
(-16.0733664,  9.7117833, 24.9290276, -0.1670398, -0.0877876,  0.8222750,  0.5368937)    0    0  27.83356756  4 1.520  18.49371894
(-13.4019119, 16.2294544, 27.2538886,  0.5116236, -0.3679064,  0.1018626, -0.7697468)    0    0  23.53947423  0 0.640  16.05296669
(-21.7478626, 15.3081517, 26.8202921, -0.5675699, -0.0016613,  0.3259808,  0.7560411)    0    0   7.47668459  3 4.520   5.04079616
(-8.1184894, 12.8346384, 29.0069263, -0.2083832, -0.1268133,  0.5673084,  0.7865469)    0    0  30.05649658  0 0.400  20.04478011
(-8.0435762, 12.6081682, 29.4600055, -0.2083830, -0.1268134,  0.5673084,  0.7865470)    0    0  29.93840887 12 0.240  19.81750647
(-15.8428198, 18.9866353, 22.2673672,  0.7463851,  0.3275788,  0.1846165,  0.5491067)    0    0  -1.65361729  6 0.600  -0.69036972
(-8.1831704, 12.1994422, 29.1286962, -0.2083831, -0.1268133,  0.5673084,  0.7865469)    0    0  29.63989617 12 0.000  19.61731780
(-10.0871449, 14.6093913, 31.0777823, -0.4320885, -0.0735495,  0.7499880, -0.4953867)    0    0  27.18134981  2 5.000  18.41824875
(-13.9967469, 15.7161392, 27.4938728,  0.5116236, -0.3679064,  0.1018626, -0.7697468)    0    0  22.76739681 13 0.000  14.22058063
(-15.7182651, 19.4735376, 22.3509011,  0.7463851,  0.3275788,  0.1846165,  0.5491067)    0    0  -1.71987191  7 2.120  -1.51543573
(-17.5063207, 10.0588817, 29.0163873,  0.1311541, -0.9353151, -0.3094529, -0.1105584)    0    0  22.26117468  0 0.480  14.63578143
(-16.1538205,  9.6626903, 24.8742308, -0.1670398, -0.0877876,  0.8222750,  0.5368937)    0    0  27.75664334  5 0.800  18.52145216
(-21.7236913, 19.5890657, 20.7840497, -0.2354397, -0.9023475, -0.1778804, -0.3141587)    0    0  -2.92653995  2 0.680  -2.53655815
(-8.1887613, 12.6420595, 28.9417166, -0.2083832, -0.1268133,  0.5673084,  0.7865469)    0    0  30.03004501 31 1.440  19.65974261
(-8.5109159, 12.9464978, 29.2660654, -0.2083832, -0.1268133,  0.5673084,  0.7865469)    0    0  29.55599925  0 0.400  19.77049275
(-8.9867302, 22.0721896, 23.4026270, -0.1503637, -0.9472498, -0.1466654,  0.2420697)    0    0   4.90859435  2 5.000   3.18027543
(-17.5960155, 10.3397748, 29.2593812,  0.1311541, -0.9353151, -0.3094529, -0.1105584)    0    0  24.96930724  6 0.560  16.63336896
(-17.4606100, 10.2681157, 28.8388807,  0.1311541, -0.9353151, -0.3094529, -0.1105584)    0    0  25.53710114  0 5.000  17.02473409
(-16.1562341,  9.7244605, 24.8355817, -0.1670291, -0.0877861,  0.8222780,  0.5368927)    0    0  26.89777604  7 0.560  18.28951168
(-17.2570782, 10.2875695, 29.2712574,  0.1311541, -0.9353151, -0.3094529, -0.1105584)    0    0  25.32394308  5 5.000  17.04666417
(-21.6240229, 15.3796349, 26.9825762, -0.5675699, -0.0016613,  0.3259808,  0.7560411)    0    0   7.52602280  0 5.000   5.01734857
(-8.4571383, 12.3738451, 28.8845810, -0.2083833, -0.1268133,  0.5673084,  0.7865469)    0    0  30.47278407  2 1.040  20.40188318
(-8.2699601, 12.7334272, 29.4557802, -0.2083831, -0.1268133,  0.5673084,  0.7865469)    0    0  30.09967883 12 0.000  19.98742352
(-11.2952877, 10.8122263, 30.2407164,  0.8907374, -0.3722559, -0.2504465, -0.0727255)    0    0  27.04149734  2 5.000  18.15448256
(-15.5616546,  9.8786137, 25.1817298, -0.1670291, -0.0877861,  0.8222780,  0.5368927)    0    0  24.68390877  1 0.520  18.28321076
(-19.7541969, 14.9693202, 18.9321018, -0.0339754,  0.5137823,  0.6450373,  0.5646240)    0    0  -3.43846815  3 0.880  -2.17077319
(-17.6429492, 10.4447515, 28.8635278,  0.1311541, -0.9353151, -0.3094529, -0.1105584)    0    0  23.91226917  5 0.400  16.55027206
(-8.0465241, 12.7543689, 29.0623727, -0.2083831, -0.1268133,  0.5673084,  0.7865469)    0    0  30.25413158  0 0.480  20.17841473
(-17.2941812, 10.4635144, 28.6275278,  0.1311541, -0.9353151, -0.3094529, -0.1105584)    0    0  24.64105259  9 0.240  17.03488216
(-21.5991179, 15.4363068, 26.5352174, -0.5675699, -0.0016613,  0.3259808,  0.7560411)    0    0   7.44867162  6 4.600   4.96738437
(-9.4781659, 15.1284216, 30.9338371, -0.4320885, -0.0735495,  0.7499880, -0.4953867)    0    0  26.91645800  3 4.920  18.26094450
(-15.6810929, 19.7283007, 22.3078178,  0.7463851,  0.3275788,  0.1846165,  0.5491067)    0    0  -1.87511533 11 1.640  -1.64474798
(-8.1685671, 12.4654403, 29.2074376, -0.2083831, -0.1268133,  0.5673084,  0.7865469)    0    0  30.02674477  2 0.480  19.92805755
(-21.4686768, 19.1631337, 20.8045405, -0.2354397, -0.9023475, -0.1778804, -0.3141587)    0    0  -1.38122047  3 2.200  -0.07649972
(-19.5539952, 15.5435083, 19.1542304, -0.0339754,  0.5137823,  0.6450373,  0.5646240)    0    0  -7.21039436  5 0.600  -6.00391551
(-17.3635012, 10.7688986, 28.6675477,  0.1311541, -0.9353151, -0.3094529, -0.1105584)    0    0  23.77917111  0 0.640  16.22855522
(-17.4046751, 10.3108405, 28.7421210,  0.1311541, -0.9353151, -0.3094529, -0.1105584)    0    0  24.91720774  5 0.480  16.75030058
(-15.6330957, 19.2356434, 22.7804586,  0.7463851,  0.3275788,  0.1846165,  0.5491067)    0    0  -1.36486963  3 1.280  -0.56635650
(-15.6149728, 19.8075615, 22.4583082,  0.7463851,  0.3275788,  0.1846165,  0.5491067)    0    0  -1.32726082  1 5.000  -0.77218953
(-13.5833867, 15.9429739, 27.4430822,  0.5116236, -0.3679064,  0.1018626, -0.7697468)    0    0  17.87447954  6 0.320  11.88849983
(-8.2175374, 12.4690155, 28.9518797, -0.2083833, -0.1268133,  0.5673084,  0.7865469)    0    0  30.03217393  0 0.400  20.25208193
(-12.7291754, 15.7991659, 27.4348592,  0.5116236, -0.3679064,  0.1018626, -0.7697468)    0    0  23.17653117  1 0.480  16.15888199
(-8.6896034, 12.3245471, 29.0148256, -0.2083832, -0.1268133,  0.5673084,  0.7865469)    0    0  29.90304727  0 0.400  19.73949916
(-21.5537018, 19.5214759, 20.8388872, -0.2354397, -0.9023475, -0.1778804, -0.3141587)    0    0  -3.38975818 10 0.320  -2.17876297
(-13.7878225, 15.9003861, 27.1945557,  0.5116236, -0.3679064,  0.1018626, -0.7697468)    0    0  25.25309424  0 5.000  16.83539622
(-7.9556315, 12.5321787, 29.2634660, -0.2083831, -0.1268133,  0.5673084,  0.7865469)    0    0  29.86727845 45 0.000  19.82845591
(-16.3189533,  9.3178616, 25.0664155, -0.1670345, -0.0877868,  0.8222765,  0.5368932)    0    0  24.61875361  4 0.400  14.45790383
