#Coordinates  RecID  LigID  Luciferin  Neighbor's number  Vision Range  Scoring
(-20.9668390,  7.4759240, 29.9830725,  0.7537566,  0.5995048,  0.2077303,  0.1711521)    0    0  17.34037413  4 2.840  11.69659233
(-19.3756995,  7.3952661, 34.4226905, -0.0725058,  0.9075686,  0.0821894, -0.4053480)    0    0  22.96611592  0 5.000  15.83338450
(-20.7899411, -4.7395865, 37.5579044, -0.0744354, -0.4609452,  0.8362312,  0.2875870)    0    0  20.67976497  5 5.000  13.88163687
(-14.9117065,  2.4410488, 39.3397127,  0.1166059,  0.5694243,  0.1065988,  0.8067191)    0    0  27.16240560  4 5.000  17.95631755
(-21.7025737,  7.2421124, 30.4212014,  0.7537851,  0.5994824,  0.2077038,  0.1711375)    0    0  17.45931073  0 5.000  11.64931973
(-13.9384292,  1.8274486, 32.1873238,  0.9430947,  0.3068734,  0.0800860,  0.0999366)    0    0  22.08608289 10 0.120  14.66179828
(-20.4729188,  5.5123273, 38.1030909,  0.3926297,  0.2814225,  0.6196645, -0.6185945)    0    0  19.86574169  0 5.000  13.26033225
(-15.2569894,  2.1888921, 39.3401248,  0.1174393,  0.5678346,  0.1062420,  0.8077623)    0    0  25.54006102  7 0.200  17.74334397
(-20.9675203, -4.7545979, 37.8370563, -0.2284634, -0.5245758,  0.7829571,  0.2441368)    0    0  20.51279468  0 0.400  13.98023950
(-14.7889211,  2.2968872, 39.6177847,  0.1167009,  0.5692172,  0.1065354,  0.8068598)    0    0  26.83746901 10 0.760  18.03322376
(-25.2128558, -1.8461260, 33.7168782, -0.3691546,  0.4886224, -0.1086554,  0.7830389)    0    0  18.34946640  2 0.840  12.46385255
(-20.2843888,  5.1593090, 38.0372705,  0.3926292,  0.2814099,  0.6196647, -0.6186003)    0    0  19.51988538  2 5.000  13.12161092
(-14.2010179,  1.9150899, 32.6039511,  0.9430014,  0.3071732,  0.0799554,  0.0999996)    0    0  22.16892627  6 0.320  14.88389618
(-15.0024954,  2.7524083, 39.2008708,  0.1165962,  0.5694307,  0.1065936,  0.8067167)    0    0  27.25842692  1 4.280  18.14308555
(-26.6845190, -2.9131079, 30.7860275,  0.2549417,  0.3615995, -0.7070049, -0.5517197)    0    0  19.63265620  6 0.320  13.19256315
(-27.1560127, -7.2359414, 32.8193705, -0.2761538,  0.5579329,  0.7666497, -0.1571569)    0    0  19.68479630  2 5.000  13.11648420
(-21.0860301, -4.6625414, 31.3628439, -0.8736050, -0.3171876, -0.0824966, -0.3597223)    0    0  20.95196913  4 0.840  15.87340802
(-14.0282401,  1.8811266, 32.0714111,  0.9430942,  0.3068777,  0.0800824,  0.0999314)    0    0  22.75583221  3 0.760  15.34902988
(-27.2405064, -7.0889921, 33.1693537, -0.2761681,  0.5579418,  0.7666391, -0.1571513)    0    0  20.08125480  0 5.000  13.38750542
(-26.1525462, -2.6763534, 30.9405832,  0.2548914,  0.3615437, -0.7070414, -0.5517327)    0    0  19.64451852  7 0.240  13.47243350
(-22.0857270,  7.3317838, 30.3457511,  0.7537739,  0.5994909,  0.2077164,  0.1711416)    0    0  17.18340625 10 4.120  11.49991623
(-21.0669051,  7.4719827, 30.0164733,  0.7537450,  0.5995137,  0.2077412,  0.1711589)    0    0  17.42299677  0 1.160  11.74809433
(-21.4827422,  7.5709434, 30.0550207,  0.7537610,  0.5994999,  0.2077597,  0.1711143)    0    0  17.28255771  8 3.080  11.64675950
(-20.8644605, -4.7356100, 37.8761799, -0.2283265, -0.5236385,  0.7837330,  0.2437870)    0    0  20.63836082  6 3.320  13.89004788
(-29.1577761, -1.2721049, 30.3663806, -0.3614455, -0.5488699, -0.7272480, -0.1980136)    0    0  11.91424575  1 5.000   8.08663868
(-20.5728173, -4.9852354, 37.9791733, -0.2291136, -0.5237769,  0.7834304,  0.2437226)    0    0  20.13301496  6 0.440  13.40972391
(-25.4089495, -2.4783076, 33.8719923, -0.3706619,  0.4878945, -0.1050503,  0.7832832)    0    0  19.04449617  0 4.040  12.71745613
(-20.8792909, -4.9362116, 37.7741625, -0.2290079, -0.5246032,  0.7828282,  0.2439806)    0    0  20.38950808  2 0.640  13.72297801
(-21.4710375,  7.3253504, 30.2430543,  0.7537605,  0.5995012,  0.2077484,  0.1711258)    0    0  17.32315165  7 2.680  11.73077302
(-27.7482367,  3.1334931, 35.8790565, -0.6725108,  0.5793660, -0.1454047,  0.4369459)    0    0  13.43978102  2 4.520  11.64208391
(-20.7262091, -5.0201705, 37.8670514, -0.2284775, -0.5238247,  0.7835240,  0.2439177)    0    0  20.49238940 13 2.280  13.69131847
(-22.9280016, -5.3228261, 37.4969527,  0.0550132,  0.3177089,  0.9087952, -0.2647590)    0    0  16.09217787  4 3.480  12.12992575
(-21.2291555, -4.6380368, 31.2716766, -0.8735557, -0.3172272, -0.0821511, -0.3598861)    0    0  20.92884746  5 0.520  15.75705346
(-21.1606494, -4.6632935, 31.5803194, -0.8734033, -0.3163540, -0.0838113, -0.3606395)    0    0  20.54194749  2 0.440  14.63317192
(-20.9750776, -5.0588814, 38.2168689, -0.2272559, -0.5073537,  0.7989150,  0.2295251)    0    0  18.77162187 32 0.000  14.60537130
(-21.3027878, -4.5871377, 31.1646835, -0.8736560, -0.3174033, -0.0818973, -0.3595447)    0    0  22.00910623  0 0.520  16.38133164
(-14.1894272,  1.6821614, 32.2318817,  0.9430695,  0.3069577,  0.0800485,  0.0999461)    0    0  22.61615009  1 0.640  15.24553783
(-26.3253520, -3.0082985, 30.8690866,  0.2549360,  0.3615941, -0.7070053, -0.5517253)    0    0  19.80170451  1 0.760  13.22026999
(-21.6645651, -4.6737335, 31.0584324, -0.8736717, -0.3175921, -0.0814879, -0.3594338)    0    0  23.20758564  3 2.120  16.68511375
(-23.2782945, -5.3620157, 37.7751276,  0.0086443,  0.2387473,  0.9411547, -0.2390666)    0    0   4.01122333  6 1.880   6.35624694
(-21.5912753,  7.4001530, 30.2405017,  0.7537662,  0.5994970,  0.2077355,  0.1711310)    0    0  17.22433233  9 4.520  11.47176702
(-25.3369825, -2.1963319, 33.4741339, -0.3707601,  0.4876969, -0.1050416,  0.7833613)    0    0  18.42429920  4 0.200  12.71091927
(-26.2791437, -3.2491585, 30.9056149,  0.2549356,  0.3615929, -0.7070056, -0.5517259)    0    0  19.80548919  5 1.640  13.10268590
(-19.8311831,  7.3905123, 34.4543190, -0.0725718,  0.9074931,  0.0821761, -0.4055078)    0    0  21.75287318 11 1.080  14.98080873
(-26.2850292, -2.9518463, 30.7200780,  0.2547523,  0.3612082, -0.7073273, -0.5516499)    0    0  16.12121930  0 0.480  11.43152938
(-25.3170332, -2.6956133, 33.7796696, -0.3706341,  0.4876633, -0.1050355,  0.7834427)    0    0  18.32310923  9 0.200  12.25105717
(-14.9462150,  2.2387030, 39.3027641,  0.1166019,  0.5694262,  0.1065970,  0.8067186)    0    0  27.17693838  2 5.000  18.30962089
(-26.3913936, -3.0248387, 30.8743029,  0.2549358,  0.3615904, -0.7070067, -0.5517261)    0    0  19.90196858  2 3.560  13.27877643
(-25.2869977, -2.6796363, 34.0627823, -0.3706024,  0.4873937, -0.1050000,  0.7836301)    0    0  18.63110223  0 0.600  12.49146413
(-21.3973780, -4.6528452, 31.1958405, -0.8666419, -0.2773742, -0.1586278, -0.3831874)    0    0 -10.53718796 17 1.560  -1.12989385
(-14.7166975,  1.9041745, 32.3850982,  0.9430749,  0.3069414,  0.0800537,  0.0999402)    0    0  22.29199558  4 0.360  15.10748847
(-29.1569436, -1.6047669, 30.3450990, -0.3614458, -0.5488704, -0.7272475, -0.1980136)    0    0  12.06039939  0 5.000   8.04061326
(-21.8709528, -0.7857307, 33.9804535,  0.0810802, -0.3838681,  0.8616324,  0.3219641)    0    0  22.35200109  2 5.000  15.06903740
(-21.6519598, -4.5348482, 30.9394124, -0.8736023, -0.3174627, -0.0817192, -0.3596642)    0    0  23.41118592  2 1.720  17.17266203
(-20.9720978, -4.8378557, 37.8716551, -0.2283059, -0.5237844,  0.7836197,  0.2438568)    0    0  20.54035549  0 0.440  13.93869376
(-26.3020383, -3.0610027, 30.8740636,  0.2549232,  0.3615748, -0.7070222, -0.5517223)    0    0  19.72881352  2 0.600  13.28038277
(-20.4995430, -5.0610316, 38.2517368, -0.2297684, -0.5237003,  0.7833621,  0.2434869)    0    0  19.67634753  8 0.160  13.05828302
(-26.4814780, -3.1092540, 31.1371687,  0.2548647,  0.3614760, -0.7070998, -0.5517146)    0    0  19.45345243 14 0.000  13.27989151
(-25.5058797, -2.4716361, 34.1163050, -0.3706516,  0.4876441, -0.1050396,  0.7834458)    0    0  18.29895788  3 0.760  12.13657470
(-14.9348128,  2.3988480, 39.3104213,  0.1166123,  0.5694202,  0.1066021,  0.8067206)    0    0  27.95017661  0 5.000  18.65295728
(-25.8098915, -0.4968484, 38.0305204,  0.3022446,  0.3565147, -0.8840504, -0.0006182)    0    0  18.96995344  2 5.000  12.91384653
(-21.3698834,  7.2370532, 30.2094184,  0.7537443,  0.5995219,  0.2077782,  0.1710884)    0    0  17.10520358  0 0.520  11.80302575
(-19.4376675,  7.3791759, 34.3284036, -0.0725433,  0.9075463,  0.0821801, -0.4053932)    0    0  22.24113860  8 3.720  15.22013027
(-27.0621703, -3.3013390, 30.9761042,  0.2549360,  0.3615952, -0.7070047, -0.5517254)    0    0  19.72309580  8 0.520  13.13555025
(-15.1491133,  2.0463084, 39.0406322,  0.1165980,  0.5694298,  0.1065944,  0.8067170)    0    0  26.96011121  6 4.760  18.04089276
(-20.7042184,  6.0195149, 38.2517642,  0.3926022,  0.2812795,  0.6196430, -0.6186986)    0    0  19.22167195  5 0.360  13.12661034
(-21.8011722,  7.1023808, 30.5810542,  0.7537741,  0.5994906,  0.2077289,  0.1711270)    0    0  17.36197564  3 1.320  11.51176941
(-19.9595009, -4.7687500, 38.7170767, -0.2332862, -0.5216152,  0.7840971,  0.2422227)    0    0  19.64030209  0 0.800  13.00350723
(-25.4248318, -2.8122795, 34.1818221, -0.3707484,  0.4876552, -0.1050337,  0.7833938)    0    0  18.29910927  0 0.520  12.42243336
(-21.0389774, -4.6833350, 31.4094194, -0.8735925, -0.3170907, -0.0826394, -0.3598041)    0    0  19.59069113  6 0.520  14.10791292
(-25.5737809, -0.3228497, 38.1225113,  0.3022452,  0.3565131, -0.8840508, -0.0006164)    0    0  19.05893883  1 5.000  12.58211957
(-20.6672038, -4.7755997, 38.4272381, -0.2304860, -0.5237111,  0.7832342,  0.2431930)    0    0  20.26842443  0 0.400  13.48215388
(-22.8937481, -5.3334512, 37.4238635,  0.0578729,  0.3226242,  0.9064717, -0.2662204)    0    0  18.74569719  0 4.600  12.71206321
(-25.3940246, -0.0492109, 38.3534859,  0.3022445,  0.3565146, -0.8840505, -0.0006175)    0    0  18.65117848  5 5.000  12.31964263
(-21.4368016, -4.1673829, 31.2328478, -0.8736727, -0.3175906, -0.0814953, -0.3594311)    0    0  22.80378598  5 2.200  15.62811734
(-25.5684929, -0.2778907, 38.1713856,  0.3022451,  0.3565131, -0.8840506, -0.0006166)    0    0  19.53795674  0 5.000  13.02769651
(-19.2009814,  7.3975968, 34.4614260, -0.0725016,  0.9075790,  0.0821817, -0.4053270)    0    0  22.86751591  1 5.000  15.59733603
(-21.1069676, -4.5559354, 31.2024940, -0.8730467, -0.3128171, -0.0911115, -0.3626564)    0    0  17.99567162  6 0.320  14.94382827
(-20.5831632, -4.6020186, 37.9554214, -0.2284548, -0.5237394,  0.7836311,  0.2437774)    0    0  20.34827899  0 0.440  13.55815540
(-14.9740083,  2.2320589, 31.9521361,  0.9430869,  0.3068997,  0.0800720,  0.0999410)    0    0  22.63526756  7 3.720  15.07070133
(-15.0147978,  2.5793898, 39.1659157,  0.1166041,  0.5694258,  0.1065976,  0.8067185)    0    0  27.13150929  5 5.000  18.03610167
(-21.2681496, -1.0143416, 33.9253674,  0.0810747, -0.3838664,  0.8616327,  0.3219666)    0    0  22.35376831  1 5.000  14.85881634
(-25.2345276, -2.6354634, 33.5076197, -0.3706530,  0.4878273, -0.1050496,  0.7833297)    0    0  18.89033011  4 4.680  12.63753820
(-25.5187789, -2.2482331, 34.0017640, -0.3706400,  0.4877242, -0.1050442,  0.7834008)    0    0  18.56532672  9 2.120  12.37131581
(-23.3043172, -5.2884286, 37.7536237,  0.0324710,  0.2796711,  0.9257173, -0.2525414)    0    0   9.41558961  5 4.200  10.21114561
(-21.4616303, -4.6325163, 31.1528537, -0.8736058, -0.3174599, -0.0817278, -0.3596563)    0    0  22.09063469  8 1.400  15.50925591
(-21.1028962,  7.5923308, 29.9181480,  0.7537477,  0.5995108,  0.2077625,  0.1711315)    0    0  17.33515690  5 5.000  11.57724275
(-14.3989415,  1.5876302, 32.5329523,  0.9430981,  0.3068634,  0.0800886,  0.0999332)    0    0  23.04302269  2 0.680  15.77645288
(-20.8889268, -5.0647572, 37.6113583, -0.2283062, -0.5236054,  0.7837646,  0.2437758)    0    0  20.54540984  8 1.240  13.81404484
(-25.4088695, -2.4724983, 33.8675635, -0.3706414,  0.4877381, -0.1050481,  0.7833909)    0    0  18.98139620  2 2.680  12.77655522
(-25.7213973, -0.5085157, 38.2839863,  0.3020136,  0.3560417, -0.8843199, -0.0003961)    0    0  18.49011058  5 2.280  12.61222422
(-25.5279024,  0.0323468, 38.4967939,  0.3021925,  0.3564120, -0.8841096, -0.0005700)    0    0  18.80977493  3 4.360  12.70671006
(-14.5403184,  1.5877252, 32.3208422,  0.9430078,  0.3071622,  0.0799595,  0.0999696)    0    0  22.60086546  5 0.440  15.26667125
(-14.9264524,  2.4239527, 39.3191675,  0.1167223,  0.5691997,  0.1065464,  0.8068676)    0    0  26.86008039  7 0.600  18.08715728
(-20.6705017, -5.2313398, 37.7717290, -0.2281076, -0.5176306,  0.7893983,  0.2382654)    0    0  19.83469056  0 0.400  13.34742524
(-27.6717705,  3.1275397, 35.7567752, -0.6858309,  0.5808426, -0.1468211,  0.4131603)    0    0  17.91258296  1 4.840  11.88783684
(-27.2451714, -7.0795487, 33.1919911, -0.2761682,  0.5579419,  0.7666391, -0.1571512)    0    0  19.79901069  1 5.000  13.13702192
(-21.4684534, -0.8524854, 34.0198224,  0.0810867, -0.3838699,  0.8616319,  0.3219618)    0    0  22.32062597  3 5.000  14.76272276
(-26.4577050, -2.3638431, 30.7580548,  0.2549365,  0.3615965, -0.7070042, -0.5517249)    0    0  19.07370939 10 0.040  13.11567086
(-20.4316908, -4.7658511, 37.9508627, -0.2300382, -0.5236635,  0.7833369,  0.2433970)    0    0  20.27224848  0 0.400  13.59317910
(-21.1198769, -1.1363863, 33.8534763,  0.0810925, -0.3838705,  0.8616318,  0.3219598)    0    0  22.24834283  5 3.640  14.84100137
(-20.5043544, -4.9596750, 38.2938662, -0.2283398, -0.5233733,  0.7839418,  0.2436732)    0    0  20.72260638  1 1.640  13.94146065
(-19.4603374,  7.3923113, 34.4036349, -0.0726176,  0.9074642,  0.0821649, -0.4055665)    0    0  21.67103426 11 0.040  15.09369674
(-27.6938984,  3.1339286, 35.7852565, -0.6858240,  0.5808461, -0.1468173,  0.4131681)    0    0  18.23298950  0 4.200  12.33204897
(-21.4727450,  7.2949180, 30.2688979,  0.7537596,  0.5995018,  0.2077508,  0.1711248)    0    0  17.32936610  6 2.520  11.73053684
(-20.6961987, -5.4374521, 38.1444039, -0.2286918, -0.5237088,  0.7835829,  0.2437754)    0    0  20.23660086  0 0.520  13.42401282
(-20.8526811, -5.0555495, 37.6256193, -0.2286445, -0.5237736,  0.7834998,  0.2439474)    0    0  20.67912126  0 0.640  14.09607919
(-14.9333138,  2.4166853, 39.3100151,  0.1167194,  0.5692017,  0.1065440,  0.8068670)    0    0  26.95810813  7 1.160  18.26600181
(-20.1542844,  7.4069559, 34.2726200, -0.0725234,  0.9075773,  0.0821689, -0.4053295)    0    0  22.43390882  6 3.640  15.58273707
(-21.8300448,  6.7172194, 30.6891374,  0.7537165,  0.5995527,  0.2078166,  0.1710563)    0    0  16.73452634  9 1.080  11.62274065
(-19.0120926,  7.2832073, 34.4704908, -0.0725333,  0.9075632,  0.0821749, -0.4053581)    0    0  22.47668844  5 1.320  15.68940606
(-14.7497684,  2.7936024, 39.3954225,  0.1189884,  0.5648574,  0.1055838,  0.8096915)    0    0  24.41852081 13 0.280  18.38331544
(-14.8952935,  2.1562080, 32.0337735,  0.9430860,  0.3069028,  0.0800702,  0.0999412)    0    0  22.74797410  5 5.000  14.82080389
(-25.4732983, -2.4520709, 34.0293174, -0.3706380,  0.4877179, -0.1050346,  0.7834069)    0    0  18.87873703  5 0.600  12.70893664
(-14.4506297,  1.7737955, 32.3513663,  0.9431015,  0.3068517,  0.0800944,  0.0999322)    0    0  22.40554466 11 3.400  14.77815728
(-20.2198248, -4.7429141, 38.0660272, -0.2286521, -0.5236274,  0.7836497,  0.2437733)    0    0  20.00970732  0 0.600  12.99103986
(-26.8379461, -3.2982596, 30.9410720,  0.2549360,  0.3615893, -0.7070072, -0.5517260)    0    0  20.03983934  1 2.600  13.36577278
(-25.4024977, -2.1081879, 33.5861520, -0.3706526,  0.4878233, -0.1050501,  0.7833323)    0    0  18.99469915  1 5.000  12.69495244
(-21.5884867, -4.8067225, 31.3236547, -0.8736035, -0.3174532, -0.0817305, -0.3596672)    0    0  22.51895472  7 3.320  15.60569224
(-14.5914908,  1.8862560, 32.2777210,  0.9431038,  0.3068436,  0.0800950,  0.0999348)    0    0  23.08833589  1 5.000  15.56044976
(-15.0913804,  2.1580758, 39.1062393,  0.1167168,  0.5692022,  0.1065434,  0.8068671)    0    0  26.85571234  9 0.600  18.13052280
(-20.3526858, -4.6711845, 38.0449645, -0.2280887, -0.5229722,  0.7842212,  0.2438693)    0    0  19.73233643  0 0.400  13.11997189
(-22.9497644, -5.3325296, 37.5099573,  0.0575156,  0.3220617,  0.9067538, -0.2660173)    0    0  18.13930253  2 4.680  12.43301213
(-15.1769735,  2.0265948, 38.9876757,  0.1165982,  0.5694308,  0.1065952,  0.8067161)    0    0  26.78585784 11 1.160  17.85847601
(-22.9540225, -5.3321334, 37.5176598,  0.0576615,  0.3222406,  0.9066503, -0.2661224)    0    0  18.32073839  1 4.760  12.55559245
(-21.1917485,  7.4986234, 30.0118582,  0.7537671,  0.5994966,  0.2077225,  0.1711442)    0    0  17.10844424  7 0.200  11.51512406
(-14.2161956,  1.5881862, 32.4640844,  0.9431012,  0.3068524,  0.0800918,  0.0999354)    0    0  22.69119752  6 0.600  14.96733124
(-20.4784912,  5.5164136, 38.1087874,  0.3926288,  0.2813893,  0.6196629, -0.6186118)    0    0  19.49304519  3 2.840  12.89831133
(-14.5043398,  1.8255510, 32.2930618,  0.9430887,  0.3068937,  0.0800742,  0.0999409)    0    0  22.83206975  3 1.240  15.26063036
(-25.4691037, -2.7560147, 34.2358083, -0.3706496,  0.4878005, -0.1050503,  0.7833479)    0    0  18.91284069  3 5.000  12.72804808
(-20.9184393, -4.8740987, 37.5884393, -0.2292649, -0.5230202,  0.7839911,  0.2434016)    0    0  20.52539876  5 0.160  13.91703002
(-19.9698630, -5.0196718, 38.3263152, -0.2280404, -0.5222513,  0.7847658,  0.2436750)    0    0  19.78413807  0 0.560  13.44102310
(-21.9206987, -4.5812723, 30.8783205, -0.8735954, -0.3174566, -0.0817443, -0.3596806)    0    0  23.46607619  1 4.760  16.90772742
(-26.0120369, -2.9096468, 30.8465689, -0.7673558, -0.4617799,  0.4252541,  0.1307032)    0    0  19.85082256  6 4.920  13.26029035
(-27.1893690,  2.0248266, 35.4301290, -0.4538822,  0.5233237, -0.1232036,  0.7105942)    0    0  12.03420018  5 4.600   3.85659121
(-20.5290757, -4.8572136, 38.4591598, -0.2294470, -0.5238862,  0.7833049,  0.2435755)    0    0  20.32566037  1 0.560  13.69051639
(-20.6377212,  5.7944161, 38.1803642,  0.3926300,  0.2814236,  0.6196645, -0.6185939)    0    0  19.59928039  1 5.000  13.08016714
(-14.8985223,  2.0922790, 39.4042555,  0.1166063,  0.5694236,  0.1065990,  0.8067195)    0    0  27.17437867  3 5.000  18.10661817
(-21.4095123, -0.9115774, 33.9818640,  0.0810667, -0.3838646,  0.8616337,  0.3219684)    0    0  22.51739344  0 5.000  15.03348663
(-20.6848362, -4.7627688, 31.6233230, -0.8734800, -0.3171609, -0.0821731, -0.3601236)    0    0  20.21032677 12 1.000  13.46206104
(-21.0099712, -4.9123875, 38.0170396, -0.2285659, -0.5234173,  0.7838381,  0.2437001)    0    0  20.67128348  5 0.560  13.91980371
(-21.1978854, -1.2549526, 33.7326896,  0.0814150, -0.3837331,  0.8616208,  0.3220712)    0    0  21.83500127  6 1.880  14.84824453
(-20.3360813, -4.8231396, 31.6312641, -0.8729617, -0.3124051, -0.0922224, -0.3629233)    0    0  15.72074632  1 0.600  12.15502514
(-14.1814071,  1.6161965, 32.5032442,  0.9431630,  0.3066329,  0.0801462,  0.0999817)    0    0  20.49422595  2 0.640  13.84219296
(-21.7620204,  7.2007531, 30.4830246,  0.7537773,  0.5994888,  0.2077103,  0.1711416)    0    0  17.39202217  2 1.080  11.69869542
(-26.7839970, -3.2187280, 30.9242875,  0.2549354,  0.3615936, -0.7070052, -0.5517260)    0    0  19.62011012 12 1.240  13.17836433
(-19.7103071,  7.3962998, 34.3553852, -0.0725773,  0.9074968,  0.0821659, -0.4055007)    0    0  22.14088980  7 0.440  15.11594599
(-21.5267518,  7.3951575, 30.2325493,  0.7537512,  0.5995150,  0.2077646,  0.1710986)    0    0  16.92212425  0 0.440  11.61951304
(-25.4477992, -2.2070609, 33.4713127, -0.3706370,  0.4875298, -0.1050290,  0.7835252)    0    0  18.53705479  2 0.760  12.14798612
(-21.5863247, -4.6171300, 31.0766567, -0.8736477, -0.3175679, -0.0815663, -0.3594953)    0    0  23.81939652  0 4.040  17.02205214
(-20.4046480,  5.3954701, 38.0710771,  0.3926262,  0.2814021,  0.6196633, -0.6186073)    0    0  19.48864622  4 3.160  12.99015533
(-25.9462393, -3.2081322, 30.9221923, -0.7674726, -0.4617418,  0.4251459,  0.1305038)    0    0  20.06347865  5 5.000  13.37568397
(-25.8907064, -2.7702315, 30.8363736,  0.2548143,  0.3614663, -0.7071069, -0.5517351)    0    0  17.70189984  0 0.400  11.30866908
(-25.3891103, -2.5229978, 33.9211862, -0.3706493,  0.4876275, -0.1050247,  0.7834591)    0    0  18.84803046  6 0.520  12.84538129
(-21.6495467, -4.8426193, 31.3430231, -0.8735497, -0.3173555, -0.0818896, -0.3598478)    0    0  23.11510024  4 3.880  15.74169111
(-20.7780920, -5.2733087, 37.9367022, -0.2284096, -0.5238671,  0.7835366,  0.2438491)    0    0  20.49850464 12 0.200  13.84051008
(-21.0908490, -1.1287996, 33.9381649,  0.0810730, -0.3838601,  0.8616343,  0.3219703)    0    0  22.27688185  4 4.280  15.00746860
(-26.2772143, -3.6594057, 30.9130059,  0.2549356,  0.3615932, -0.7070055, -0.5517259)    0    0  19.67298941  9 3.880  13.13878615
(-20.5531257,  5.7859311, 38.2073190,  0.3926221,  0.2813184,  0.6196612, -0.6186500)    0    0  18.63298682  8 3.480  12.98092177
(-26.6314092, -2.7985639, 30.8401287,  0.2548767,  0.3614944, -0.7070843, -0.5517169)    0    0  19.49642691 13 2.360  13.36275834
(-21.9271676,  7.1740349, 30.6210385,  0.7537159,  0.5995523,  0.2078224,  0.1710532)    0    0  16.25048890  4 0.920  10.87652139
(-20.4778085, -4.6528455, 38.1389828, -0.2301270, -0.5231023,  0.7837071,  0.2433197)    0    0  20.09753272 16 0.000  13.42756118
(-20.8940380, -8.5718196, 40.1677693,  0.2710021, -0.1623252, -0.9473859,  0.0516563)    0    0  13.55391666  0 5.000   9.03594570
(-27.4981997,  3.1708285, 35.4354096, -0.5950347,  0.5656028, -0.1383529,  0.5539726)    0    0  11.47205594  6 4.840   3.81774949
(-26.4031065, -3.0713759, 31.0027252,  0.2548827,  0.3614995, -0.7070839, -0.5517112)    0    0  18.50038400 11 0.000  11.44162586
(-18.9823263,  7.4046702, 34.5153594, -0.0724990,  0.9075793,  0.0821820, -0.4053268)    0    0  22.82012417  2 5.000  15.79497053
(-20.2938465, -4.8678997, 38.2306965, -0.2282141, -0.5237756,  0.7836471,  0.2438740)    0    0  20.31364820  6 0.360  13.63122383
(-19.8093399,  7.3127741, 34.3182657, -0.0727079,  0.9074948,  0.0821099, -0.4054930)    0    0  22.48577500  2 1.000  15.42845207
(-20.4026179,  7.0566163, 34.1396063, -0.0729267,  0.9073697,  0.0820597, -0.4057439)    0    0  22.31115047  1 0.680  15.72995233
(-14.2581877,  1.8647950, 32.2966080,  0.9430994,  0.3068587,  0.0800935,  0.0999310)    0    0  22.13881143 14 2.440  14.61004165
(-14.1723486,  1.5511096, 32.4969961,  0.9430938,  0.3068799,  0.0800809,  0.0999293)    0    0  22.63039997  8 0.920  14.96453485
(-20.7539258, -5.0861792, 37.9122041, -0.2282311, -0.5234915,  0.7838719,  0.2437457)    0    0  20.46739720 15 3.880  13.59700498
(-14.1664085,  1.6902656, 32.3135794,  0.9431013,  0.3068480,  0.0800970,  0.0999435)    0    0  21.98690323  7 0.240  14.82849457
(-14.3139365,  1.6655888, 32.4158239,  0.9430860,  0.3068249,  0.0800990,  0.0999315)    0    0  23.30410334  0 5.000  15.54066928
(-20.5545979, -5.0509812, 38.2954275, -0.2294752, -0.5230724,  0.7838348,  0.2435955)    0    0  20.07308349  0 0.400  13.59674854
(-20.7546698,  5.7235124, 38.1334636,  0.3926061,  0.2813017,  0.6196441, -0.6186849)    0    0  18.66690618  7 4.520  13.06758817
(-20.5906096, -4.5932257, 38.1539723, -0.2327237, -0.5235998,  0.7828556,  0.2424862)    0    0  19.52707604 18 0.000  13.00935089
(-27.9207124,  3.2331946, 36.0981670, -0.6421039,  0.5746980, -0.1420245,  0.4870871)    0    0  12.06092274  3 5.000   8.69215786
(-20.7896477, -5.1537292, 37.9378390, -0.2295017, -0.5239545,  0.7832489,  0.2435591)    0    0  20.49082633  0 0.400  13.95596061
(-20.5025060,  5.5868400, 38.1066563,  0.3926322,  0.2812837,  0.6196614, -0.6186591)    0    0  17.89818685  9 1.880  10.71834431
(-20.9429828, -4.8662079, 31.6481273, -0.8735141, -0.3172704, -0.0820064, -0.3599826)    0    0  22.70218585  6 3.960  15.97398720
(-19.5877747,  7.3932680, 34.3769511, -0.0724941,  0.9075998,  0.0821663, -0.4052850)    0    0  22.14921940  9 4.520  15.11328663
(-20.2270169,  5.1018773, 37.9818663,  0.3926214,  0.2813122,  0.6196604, -0.6186541)    0    0  19.39038780  5 4.520  13.24798920
(-25.6333622, -0.6817500, 37.4683862,  0.2984785,  0.3596223, -0.8840101,  0.0061953)    0    0  12.35656571  7 2.040   9.11525116
(-20.4011575, -4.7677718, 38.2248621, -0.2309415, -0.5233401,  0.7833167,  0.2432972)    0    0  20.02013567 19 0.000  13.35920910
(-25.2875416, -2.5667361, 33.6107833, -0.3706346,  0.4876857, -0.1050439,  0.7834274)    0    0  18.80589003  7 0.680  12.56275873
(-21.3435466,  7.3599454, 30.2081711,  0.7537583,  0.5995029,  0.2077378,  0.1711423)    0    0  17.14854830 11 1.720  11.62836804
(-20.7729254, -5.1022375, 37.8996316, -0.2282805, -0.5234505,  0.7838938,  0.2437172)    0    0  20.57389861  7 1.000  13.73022256
(-26.3089584, -2.7754009, 30.8302218,  0.2549359,  0.3615914, -0.7070063, -0.5517258)    0    0  19.85797411  3 1.000  13.30778673
(-27.6660629,  2.8498248, 35.8119656, -0.6108377,  0.5693011, -0.1403248,  0.5320549)    0    0  11.33844687  9 4.680   3.53814979
(-25.3434032, -2.6594248, 33.7335710, -0.3704063,  0.4878358, -0.1056310,  0.7833627)    0    0  18.54675297  2 0.440  12.41421490
(-22.9334031, -5.2822561, 37.4383811, -0.0556854,  0.0875363,  0.9810670, -0.1635364)    0    0 -15.70626372  7 2.440 -21.49230176
(-21.0947199, -4.9527122, 37.8044326, -0.2274079, -0.5235957,  0.7839349,  0.2440865)    0    0  20.69853793  0 0.720  14.13616090
(-20.7180217, -5.0749710, 37.9474114, -0.2282700, -0.5232995,  0.7840128,  0.2436595)    0    0  20.75182247  0 2.360  13.88583126
(-19.3408393,  7.3952675, 34.4347380, -0.0725212,  0.9075678,  0.0821770, -0.4053496)    0    0  22.55875978  3 3.480  15.38159914
(-22.7445724, -5.3354198, 37.1737698,  0.0567198,  0.3206626,  0.9074124, -0.2656286)    0    0  17.92785067  3 2.280  12.54208594
(-20.5573921, -5.3395831, 38.6513741, -0.2109376, -0.5174871,  0.7907703,  0.2497893)    0    0  19.43185782 11 0.000  13.29487575
(-26.3069517, -2.9955529, 31.0150854,  0.2549156,  0.3615666, -0.7070369, -0.5517123)    0    0  17.46248306  1 0.720  11.14323425
(-20.7492246, -5.1231122, 37.8256739, -0.2284629, -0.5236865,  0.7836448,  0.2438396)    0    0  20.45491325  8 0.200  13.85514579
(-25.4929961, -0.2202011, 38.2027877,  0.3022265,  0.3564935, -0.8840651, -0.0006111)    0    0  17.24884029  6 3.880  10.12451626
