#Coordinates  RecID  LigID  Luciferin  Neighbor's number  Vision Range  Scoring
(-22.5331046,  1.2404907, 31.9897477,  0.4774993,  0.3022715,  0.8237448,  0.0455073)    0    0   5.00000000  0 0.200   0.00000000
(-22.5468417,  8.9826108, 34.8908703, -0.1052434, -0.8014697, -0.4043771, -0.4278426)    0    0   5.00000000  0 0.200   0.00000000
(-19.7631937, -3.0765658, 36.8017610,  0.0385121,  0.1382544,  0.7163655, -0.6828053)    0    0   5.00000000  0 0.200   0.00000000
(-17.3251318,  5.4736554, 40.3564986,  0.5779074,  0.7109990,  0.2060591, -0.3435741)    0    0   5.00000000  0 0.200   0.00000000
(-21.4755979,  7.1152579, 30.5386570,  0.2379200, -0.6035477, -0.3444538, -0.6785837)    0    0   5.00000000  0 0.200   0.00000000
(-12.9725622,  0.6166045, 30.7722086, -0.4288284, -0.7605992,  0.1000508, -0.4770586)    0    0   5.00000000  0 0.200   0.00000000
(-22.2949686,  8.3916847, 37.9202864, -0.2043581, -0.5390077,  0.6780370, -0.4560419)    0    0   5.00000000  0 0.200   0.00000000
(-15.4371553, -2.1917967, 41.7490255, -0.2185153,  0.7860240,  0.1680555, -0.5533306)    0    0   5.00000000  0 0.200   0.00000000
(-19.1168696, -1.2482270, 39.7144753, -0.5410219,  0.5102224,  0.6663349, -0.0544642)    0    0   5.00000000  0 0.200   0.00000000
(-18.7276859, -1.2450381, 42.2943286, -0.7271881, -0.5705639,  0.0303671,  0.3804368)    0    0   5.00000000  0 0.200   0.00000000
(-27.8093389, -0.8780416, 35.5674143,  0.6136816, -0.2221146,  0.4540622,  0.6065373)    0    0   5.00000000  0 0.200   0.00000000
(-21.4838434,  6.0599918, 41.9653329, -0.5044124,  0.0000888, -0.8089279,  0.3019996)    0    0   5.00000000  0 0.200   0.00000000
(-14.4873581, -0.8795047, 29.7118995,  0.1221200,  0.4394706,  0.8180832,  0.3502744)    0    0   5.00000000  0 0.200   0.00000000
(-16.7873756,  1.8981784, 36.1857506,  0.6184547, -0.4438488, -0.5678957,  0.3130600)    0    0   5.00000000  0 0.200   0.00000000
(-23.6906577, -6.3549901, 32.9058325, -0.4204834,  0.0052919,  0.5409906, -0.7283507)    0    0   5.00000000  0 0.200   0.00000000
(-24.4864089, -6.6188812, 35.5484277,  0.9970268, -0.0298396, -0.0590114,  0.0395582)    0    0   5.00000000  0 0.200   0.00000000
(-20.8440561, -9.0439193, 36.6008854, -0.6527304,  0.4903842,  0.5264853,  0.2372330)    0    0   5.00000000  0 0.200   0.00000000
(-16.3983422,  1.5991145, 28.0450671,  0.3680428, -0.9283267, -0.0432376, -0.0297405)    0    0   5.00000000  0 0.200   0.00000000
(-27.2405064, -7.0889921, 33.1693537, -0.2761681,  0.5579418,  0.7666391, -0.1571513)    0    0   5.00000000  0 0.200   0.00000000
(-25.8716013, -0.8452759, 28.8112742,  0.4196758, -0.6796535,  0.3057675, -0.5181211)    0    0   5.00000000  0 0.200   0.00000000
(-25.1966144,  5.0382280, 29.1272273, -0.2732877,  0.1851907, -0.5429178,  0.7721778)    0    0   5.00000000  0 0.200   0.00000000
(-20.2808494,  7.9097247, 31.0764008, -0.4049646, -0.5558056,  0.0542281, -0.7239773)    0    0   5.00000000  0 0.200   0.00000000
(-25.9436610,  5.2279256, 34.1112071, -0.0563017,  0.5953056, -0.6175633, -0.5109374)    0    0   5.00000000  0 0.200   0.00000000
(-16.5908578, -3.9750828, 38.0428165,  0.7756188, -0.0856989, -0.5297647, -0.3322959)    0    0   5.00000000  0 0.200   0.00000000
(-28.4906282, -4.5402484, 29.9962929, -0.3572445,  0.4572986, -0.3677305,  0.7266558)    0    0   5.00000000  0 0.200   0.00000000
(-22.1459468, -3.9339371, 43.2984603, -0.5424754,  0.1931496, -0.8175616,  0.0025882)    0    0   5.00000000  0 0.200   0.00000000
(-25.3009793, -2.0615423, 36.5610707, -0.1262119, -0.0720883, -0.1161352,  0.9825408)    0    0   5.00000000  0 0.200   0.00000000
(-20.6857085, -7.0775665, 38.2149105, -0.2484534,  0.7629537, -0.4956254,  0.3324576)    0    0   5.00000000  0 0.200   0.00000000
(-23.2225985,  3.3946724, 29.9474297,  0.2022397, -0.0657453, -0.3256258,  0.9212733)    0    0   5.00000000  0 0.200   0.00000000
(-27.8850483,  3.8991023, 36.1980340, -0.7358171,  0.5135739, -0.4354611,  0.0720321)    0    0   5.00000000  0 0.200   0.00000000
(-18.3926142, -3.7050368, 34.7592804,  0.4784210, -0.8427212,  0.0693545, -0.2369054)    0    0   5.00000000  0 0.200   0.00000000
(-27.0737870, -6.8764906, 40.2313731,  0.2112101,  0.5404913,  0.0749424, -0.8109520)    0    0   5.00000000  0 0.200   0.00000000
(-19.7026418, -1.0978971, 28.9387532, -0.6802068, -0.3157188,  0.6589585, -0.0584308)    0    0   5.00000000  0 0.200   0.00000000
(-17.3336973, -5.1595377, 32.8530868,  0.2429179, -0.9581403,  0.1366422, -0.0654748)    0    0   5.00000000  0 0.200   0.00000000
(-26.1305320, -4.9916812, 39.1695066, -0.4930726, -0.4574533, -0.4954381,  0.5496881)    0    0   5.00000000  0 0.200   0.00000000
(-19.7365564, -8.6319057, 31.4108132, -0.0830127,  0.9158700,  0.0881862, -0.3827718)    0    0   5.00000000  0 0.200   0.00000000
(-15.1359600, -1.1577548, 27.6711732, -0.1861710, -0.3695783,  0.8619362,  0.2929475)    0    0   5.00000000  0 0.200   0.00000000
(-26.8860781, -8.4643465, 33.1299207,  0.0832758,  0.4461458,  0.1658584,  0.8755056)    0    0   5.00000000  0 0.200   0.00000000
(-21.7291796, -3.1311227, 25.8502491,  0.0288490, -0.7367782,  0.3313108,  0.5886924)    0    0   5.00000000  0 0.200   0.00000000
(-25.1908536, -4.6016241, 42.6022654, -0.7128506,  0.4733076,  0.2782190,  0.4363693)    0    0   5.00000000  0 0.200   0.00000000
(-22.6136971,  6.3834780, 31.6327771,  0.7544042,  0.5991954,  0.2059820,  0.1714951)    0    0   5.00000000  0 0.200   0.00000000
(-30.4812753, -4.3770913, 36.7618673, -0.6904693, -0.5062345, -0.3038926, -0.4178852)    0    0   5.00000000  0 0.200   0.00000000
(-24.0109828, -0.5787051, 28.5240683,  0.1914812,  0.5272939, -0.7951314,  0.2303522)    0    0   5.00000000  0 0.200   0.00000000
(-24.7575446,  6.4458843, 35.6720157, -0.6998952,  0.3326048, -0.5785790, -0.2544936)    0    0   5.00000000  0 0.200   0.00000000
(-21.8845553, -5.3383753, 30.0680596, -0.8248386,  0.1170761, -0.5127184,  0.2074954)    0    0   5.00000000  0 0.200   0.00000000
(-28.0827672, -5.1179737, 40.4072714,  0.5252648,  0.3216956, -0.7628611,  0.1966004)    0    0   5.00000000  0 0.200   0.00000000
(-17.4820813,  5.0647124, 34.8121519,  0.0063535, -0.7632724,  0.6456645, -0.0221892)    0    0   5.00000000  0 0.200   0.00000000
(-27.0453986, -4.7672885, 29.0468091,  0.9739915,  0.0009549,  0.1767012, -0.1418317)    0    0   5.00000000  0 0.200   0.00000000
(-30.9248835, -1.3398874, 35.0086903, -0.6326969,  0.5777091, -0.5154107, -0.0172784)    0    0   5.00000000  0 0.200   0.00000000
(-14.8635177, -2.4479130, 32.6715383, -0.1838617, -0.7155171, -0.6239559, -0.2547729)    0    0   5.00000000  0 0.200   0.00000000
(-15.4637528,  1.2750953, 30.1573054, -0.2210325, -0.0699579,  0.4767237, -0.8479299)    0    0   5.00000000  0 0.200   0.00000000
(-30.2957196, -2.5234300, 30.0145727, -0.2755759, -0.2404167, -0.9246023, -0.1066224)    0    0   5.00000000  0 0.200   0.00000000
(-22.3279526, -3.3833755, 35.8991747,  0.1452381, -0.7961632,  0.3397039, -0.4791987)    0    0   5.00000000  0 0.200   0.00000000
(-19.7554276, -3.7181528, 27.7041751, -0.3822349,  0.3002632,  0.5892083,  0.6454239)    0    0   5.00000000  0 0.200   0.00000000
(-19.1426003, -1.4707804, 37.0918282, -0.0858028, -0.6917488,  0.2349083, -0.6774508)    0    0   5.00000000  0 0.200   0.00000000
(-28.4034430, -4.6018693, 29.8441198,  0.1412980, -0.6695151,  0.5664461,  0.4592637)    0    0   5.00000000  0 0.200   0.00000000
(-23.7833179, -2.4781648, 43.5579822,  0.3567649, -0.7964132,  0.4179016, -0.2525929)    0    0   5.00000000  0 0.200   0.00000000
(-23.0267253, -2.9488223, 27.4691483,  0.3653113, -0.1393958,  0.8801794, -0.2690737)    0    0   5.00000000  0 0.200   0.00000000
(-29.9583741, -0.1399833, 36.7174343,  0.3448221, -0.0424307,  0.8526851,  0.3901608)    0    0   5.00000000  0 0.200   0.00000000
(-14.6995892,  3.1338890, 36.8110957,  0.3460458, -0.9031138,  0.2541798, -0.0055155)    0    0   5.00000000  0 0.200   0.00000000
(-22.6291948,  1.1511846, 38.2017347,  0.5139994, -0.8199088,  0.2507621, -0.0259326)    0    0   5.00000000  0 0.200   0.00000000
(-26.0107000,  5.5596425, 32.6854353, -0.3274383, -0.2706670, -0.3178368,  0.8476457)    0    0   5.00000000  0 0.200   0.00000000
(-21.6395387,  7.0762011, 34.1781857,  0.0987144,  0.4983773,  0.4239630, -0.7497539)    0    0   5.00000000  0 0.200   0.00000000
(-24.9086208, -6.0637251, 29.1940763, -0.6672559, -0.1741365,  0.5891956,  0.4210636)    0    0   5.00000000  0 0.200   0.00000000
(-15.8177352,  6.9112144, 37.1926568,  0.7517821, -0.0285096,  0.3392494,  0.5647307)    0    0   5.00000000  0 0.200   0.00000000
(-18.6208684,  5.8953812, 40.8382699,  0.2696205, -0.7699398, -0.3810761, -0.4350615)    0    0   5.00000000  0 0.200   0.00000000
(-20.2335424,  3.2265095, 30.7099196,  0.5185067, -0.2282499, -0.6413893,  0.5173708)    0    0   5.00000000  0 0.200   0.00000000
(-19.9946990, -2.2101616, 40.9233679, -0.3162414,  0.1019943,  0.6870902, -0.6461389)    0    0   5.00000000  0 0.200   0.00000000
(-30.9928379,  0.0748431, 37.0397292, -0.3061912,  0.2501932,  0.1507143,  0.9060549)    0    0   5.00000000  0 0.200   0.00000000
(-20.7052158, -9.4625982, 32.5185517,  0.4856722, -0.6361547, -0.2766442, -0.5318813)    0    0   5.00000000  0 0.200   0.00000000
(-25.1413098, -1.5717082, 38.6633964, -0.1120407,  0.7287210, -0.3444363, -0.5811852)    0    0   5.00000000  0 0.200   0.00000000
(-21.6580054, -3.9313722, 42.9702150,  0.7011441,  0.4419948, -0.5201977, -0.2059898)    0    0   5.00000000  0 0.200   0.00000000
(-24.6149025, -5.5400487, 34.8554548,  0.2222311, -0.0564559, -0.0507408, -0.9720347)    0    0   5.00000000  0 0.200   0.00000000
(-23.1751091,  0.7644847, 39.8212596,  0.4356731,  0.8271519,  0.3491428,  0.0640937)    0    0   5.00000000  0 0.200   0.00000000
(-21.5414652, -2.1092552, 25.4674254, -0.7301645,  0.0490825, -0.6794697,  0.0526454)    0    0   5.00000000  0 0.200   0.00000000
(-24.0740930, -0.2128145, 40.3629194,  0.6848246,  0.0801665,  0.6947620,  0.2046812)    0    0   5.00000000  0 0.200   0.00000000
(-24.9762639,  8.4421265, 31.5797967,  0.0088151, -0.9958797, -0.0866089, -0.0253947)    0    0   5.00000000  0 0.200   0.00000000
(-18.6687809, -8.4839666, 31.1108439,  0.0257286, -0.0694793,  0.1374892,  0.9877284)    0    0   5.00000000  0 0.200   0.00000000
(-18.2763158, -5.2578777, 37.0234792,  0.6036174,  0.7906854,  0.0735733,  0.0710608)    0    0   5.00000000  0 0.200   0.00000000
(-14.5660221,  4.2513055, 31.8430813, -0.6412459,  0.4298564,  0.5116977, -0.3770843)    0    0   5.00000000  0 0.200   0.00000000
(-15.4874844,  2.3325588, 39.5548768,  0.2265156,  0.5605228,  0.0958851,  0.7907661)    0    0   5.00000000  0 0.200   0.00000000
(-21.5573728, -0.6071060, 32.7001138, -0.7181105,  0.6689963, -0.0687113,  0.1789972)    0    0   5.00000000  0 0.200   0.00000000
(-25.5512400, -3.8761369, 32.9187057, -0.7681179,  0.5930259, -0.1166313, -0.2114528)    0    0   5.00000000  0 0.200   0.00000000
(-25.7456500, -3.9400194, 38.6813499, -0.4596840,  0.3658045,  0.6506045,  0.4812396)    0    0   5.00000000  0 0.200   0.00000000
(-25.4432868, -2.5228366, 41.8227125, -0.0570331,  0.0230355, -0.9857221, -0.1567437)    0    0   5.00000000  0 0.200   0.00000000
(-19.7881403, -3.8586498, 25.8089520,  0.2117873, -0.2416811,  0.2957528, -0.8995925)    0    0   5.00000000  0 0.200   0.00000000
(-21.5370162,  5.4067274, 34.0112420, -0.8460026, -0.3289710, -0.4170638, -0.0459932)    0    0   5.00000000  0 0.200   0.00000000
(-14.7355569, -0.3570275, 28.8028218,  0.0915000, -0.1918289,  0.4364541, -0.8742638)    0    0   5.00000000  0 0.200   0.00000000
(-16.4311097, -5.8275726, 36.3691623, -0.3553706,  0.0272039,  0.7561360, -0.5488443)    0    0   5.00000000  0 0.200   0.00000000
(-27.6346225, -0.8908853, 37.9108452, -0.6871788, -0.5756193, -0.4425715, -0.0240467)    0    0   5.00000000  0 0.200   0.00000000
(-24.7405532,  0.1850308, 41.2092834,  0.4355009,  0.3644996, -0.7662075, -0.3006742)    0    0   5.00000000  0 0.200   0.00000000
(-24.5732586, -1.7520574, 36.1451899,  0.2964317, -0.2136528,  0.9240217,  0.1125375)    0    0   5.00000000  0 0.200   0.00000000
(-12.9992198, -0.7406060, 33.9528236,  0.7536222,  0.1882754, -0.5683010,  0.2713668)    0    0   5.00000000  0 0.200   0.00000000
(-14.8900907, -0.4984443, 40.0349762,  0.2511535, -0.3887777,  0.4425573, -0.7680605)    0    0   5.00000000  0 0.200   0.00000000
(-21.2626482, -6.5191512, 39.4139104, -0.9621792, -0.2568289,  0.0904852,  0.0079094)    0    0   5.00000000  0 0.200   0.00000000
(-30.6148339, -1.5618552, 37.8436797,  0.2920538,  0.1051787, -0.8648618,  0.3945327)    0    0   5.00000000  0 0.200   0.00000000
(-28.0637510, -6.1960210, 35.5650790,  0.5517208, -0.8143508,  0.1474334, -0.1034423)    0    0   5.00000000  0 0.200   0.00000000
(-21.2343747, -2.7040278, 36.5982870,  0.4223900, -0.4812274,  0.2950147,  0.7092061)    0    0   5.00000000  0 0.200   0.00000000
(-23.9714802, -5.7552695, 29.1185476,  0.7301237, -0.4585089, -0.1635466,  0.4795221)    0    0   5.00000000  0 0.200   0.00000000
(-18.7165236, -5.9091811, 41.0134729,  0.2258498, -0.6059170,  0.5697148, -0.5072293)    0    0   5.00000000  0 0.200   0.00000000
(-18.6961236,  1.5316164, 34.2953982, -0.1492018, -0.2421589,  0.9575398,  0.0470682)    0    0   5.00000000  0 0.200   0.00000000
(-17.0356903, -0.4289662, 38.0352855, -0.9258188,  0.0897344,  0.2909618,  0.2239385)    0    0   5.00000000  0 0.200   0.00000000
(-26.8735621,  7.8485211, 37.3634017, -0.2167087, -0.4516959, -0.2873596, -0.8163532)    0    0   5.00000000  0 0.200   0.00000000
(-27.8702753,  2.5133585, 37.7486573,  0.3496537,  0.6663588, -0.4291777, -0.4995146)    0    0   5.00000000  0 0.200   0.00000000
(-20.0424309,  1.4789876, 32.5304213,  0.5431514,  0.6604194,  0.5167706,  0.0422017)    0    0   5.00000000  0 0.200   0.00000000
(-20.6948529, -1.6013098, 43.9640910,  0.8811156,  0.3383401,  0.3022719, -0.1333902)    0    0   5.00000000  0 0.200   0.00000000
(-15.1276993, -3.0902065, 33.2586008, -0.5031048,  0.4821184,  0.3055094,  0.6489310)    0    0   5.00000000  0 0.200   0.00000000
(-14.1787106,  1.6974202, 38.4897301,  0.0113759,  0.4261421,  0.8830538, -0.1961873)    0    0   5.00000000  0 0.200   0.00000000
(-25.5754827,  7.2467767, 33.1636881, -0.0142090, -0.7716998,  0.2734937,  0.5740024)    0    0   5.00000000  0 0.200   0.00000000
(-19.5516170, -1.9098621, 29.2113410, -0.1565333, -0.5247462,  0.6415925, -0.5371200)    0    0   5.00000000  0 0.200   0.00000000
(-20.8460132,  3.3488853, 35.9470575,  0.8232228,  0.4380133, -0.2185997, -0.2875114)    0    0   5.00000000  0 0.200   0.00000000
(-17.2281905,  1.3755999, 41.6621676,  0.7095182, -0.7001671,  0.0554390, -0.0572406)    0    0   5.00000000  0 0.200   0.00000000
(-18.1710067,  3.9531489, 30.2932332, -0.0047554,  0.7279393, -0.3203424, -0.6061868)    0    0   5.00000000  0 0.200   0.00000000
(-28.8976126,  1.4126966, 34.1140242,  0.2130120,  0.4718209,  0.6527660, -0.5530890)    0    0   5.00000000  0 0.200   0.00000000
(-15.9988735,  4.4232580, 29.4147923, -0.3701872, -0.7657073,  0.2307755, -0.4726483)    0    0   5.00000000  0 0.200   0.00000000
(-21.9244730, -4.5911420, 43.2234913, -0.0276472,  0.6448850, -0.4585412,  0.6108182)    0    0   5.00000000  0 0.200   0.00000000
(-25.1237860, -1.8805642, 28.9832601, -0.3332127,  0.8502449, -0.4068252, -0.0233695)    0    0   5.00000000  0 0.200   0.00000000
(-26.4109655, -1.3633358, 33.7984383,  0.5290204, -0.7879703, -0.3071483, -0.0700009)    0    0   5.00000000  0 0.200   0.00000000
(-19.1899688, -3.7525848, 32.1853280, -0.8585539, -0.3891961, -0.2978053, -0.1507435)    0    0   5.00000000  0 0.200   0.00000000
(-16.9834841,  3.0755969, 29.5040592, -0.5880083, -0.6642109, -0.3675721, -0.2792146)    0    0   5.00000000  0 0.200   0.00000000
(-18.9456454,  0.7900420, 41.1922028, -0.4426372,  0.5539770,  0.0896317, -0.6993911)    0    0   5.00000000  0 0.200   0.00000000
(-13.7800527, -5.4073501, 34.6658996, -0.8224382, -0.0707289, -0.2799590,  0.4901182)    0    0   5.00000000  0 0.200   0.00000000
(-24.9125789, -5.8804603, 37.6046087,  0.7767246, -0.2212581, -0.4324644,  0.4008968)    0    0   5.00000000  0 0.200   0.00000000
(-17.5560471,  8.1003572, 36.8607475,  0.3273843, -0.3905660, -0.8445645,  0.1642822)    0    0   5.00000000  0 0.200   0.00000000
(-23.5416301, -5.5529961, 37.3627133, -0.3205505, -0.0774126,  0.9440318,  0.0076601)    0    0   5.00000000  0 0.200   0.00000000
(-24.4073163,  0.4104782, 29.9693115,  0.3491130,  0.0975822, -0.4984676,  0.7874819)    0    0   5.00000000  0 0.200   0.00000000
(-17.2876706,  1.3779779, 27.0349254,  0.1174503, -0.2725864, -0.2493833,  0.9217972)    0    0   5.00000000  0 0.200   0.00000000
(-23.0384728,  3.2043250, 37.7022076, -0.0644906,  0.9581904,  0.2318060,  0.1548488)    0    0   5.00000000  0 0.200   0.00000000
(-13.5163015,  3.0397979, 35.0446788, -0.4375622,  0.0349557, -0.8080659,  0.3928700)    0    0   5.00000000  0 0.200   0.00000000
(-26.0177886, -1.5963948, 34.0093017, -0.4221103,  0.5555710, -0.1134804,  0.7073089)    0    0   5.00000000  0 0.200   0.00000000
(-19.0212681, -3.9472551, 42.0291966,  0.4672499,  0.0779014,  0.6894231,  0.5480006)    0    0   5.00000000  0 0.200   0.00000000
(-13.5065605, -4.3858150, 32.3092859,  0.1722318, -0.9004515,  0.2579575, -0.3049284)    0    0   5.00000000  0 0.200   0.00000000
(-21.0002897, -1.7024091, 28.3395141,  0.6768548, -0.6143353,  0.2682863,  0.3041089)    0    0   5.00000000  0 0.200   0.00000000
(-22.4838480, -3.7488659, 30.7300658,  0.7916528, -0.2133303,  0.1128988, -0.5612752)    0    0   5.00000000  0 0.200   0.00000000
(-26.4596520,  3.0021201, 38.5721187,  0.3850118, -0.5224714, -0.7417155, -0.1692564)    0    0   5.00000000  0 0.200   0.00000000
(-17.5325762, -2.9351691, 35.0127741,  0.6041363, -0.0665303, -0.7927111,  0.0469275)    0    0   5.00000000  0 0.200   0.00000000
(-20.6827279,  4.9092488, 37.8880234,  0.3026339, -0.5658928,  0.2676268, -0.7187168)    0    0   5.00000000  0 0.200   0.00000000
(-14.5209942,  4.0605311, 38.7088281,  0.6295453, -0.4316633, -0.1375703, -0.6312004)    0    0   5.00000000  0 0.200   0.00000000
(-22.3559192, -0.2871047, 33.1257617,  0.4415360, -0.1633602,  0.8218530,  0.3208067)    0    0   5.00000000  0 0.200   0.00000000
(-19.1265414, -8.5902112, 33.0528983,  0.2078659,  0.3091778,  0.7843799, -0.4959324)    0    0   5.00000000  0 0.200   0.00000000
(-17.8974175, -7.4670846, 38.4555393,  0.0312050,  0.0973020,  0.9641168, -0.2450252)    0    0   5.00000000  0 0.200   0.00000000
(-21.2109917, -5.8634807, 30.7731989,  0.7036804, -0.0770444,  0.5853392,  0.3953177)    0    0   5.00000000  0 0.200   0.00000000
(-19.0195104, -3.2186828, 26.8015144, -0.3520897,  0.5569773,  0.1382603, -0.7393871)    0    0   5.00000000  0 0.200   0.00000000
(-16.7089713, -4.8233584, 30.2223091, -0.1534611, -0.8172627,  0.2191132, -0.5104123)    0    0   5.00000000  0 0.200   0.00000000
(-26.3157430,  5.4105442, 32.4866239,  0.4168726,  0.7186259,  0.3395836,  0.4409956)    0    0   5.00000000  0 0.200   0.00000000
(-27.7201811, -3.7120874, 29.5457457, -0.4797629, -0.3641039, -0.4653891, -0.6485899)    0    0   5.00000000  0 0.200   0.00000000
(-23.4949169,  2.9652650, 36.5886651,  0.5339137, -0.3428960, -0.1959063,  0.7476491)    0    0   5.00000000  0 0.200   0.00000000
(-27.3561829,  4.5511255, 32.0320947, -0.2280337, -0.7008853, -0.6495752, -0.1865809)    0    0   5.00000000  0 0.200   0.00000000
(-31.4744360, -2.0029016, 37.3055314,  0.5915552, -0.0567529,  0.3464339, -0.7258272)    0    0   5.00000000  0 0.200   0.00000000
(-20.1409922, -6.5703641, 34.9985242,  0.7088642,  0.2895959,  0.2228406,  0.6033140)    0    0   5.00000000  0 0.200   0.00000000
(-25.2088453,  1.8405663, 36.3065984, -0.1545319,  0.9621408, -0.2147754,  0.0653945)    0    0   5.00000000  0 0.200   0.00000000
(-27.7596532, -2.3811735, 30.7970755,  0.2140975,  0.3279444, -0.7324752, -0.5568615)    0    0   5.00000000  0 0.200   0.00000000
(-24.3551960, -6.4176616, 27.1271802, -0.6121497,  0.7139528,  0.2922523,  0.1735880)    0    0   5.00000000  0 0.200   0.00000000
(-25.9828465, -2.5776386, 36.9047018, -0.1925578,  0.2569148, -0.7819236,  0.5343329)    0    0   5.00000000  0 0.200   0.00000000
(-24.6523900, -8.4084307, 33.0315142, -0.4917764, -0.7751637,  0.1451025, -0.3690833)    0    0   5.00000000  0 0.200   0.00000000
(-14.4615550, -5.5240147, 35.8956325,  0.2967398,  0.4828118,  0.2395625, -0.7883198)    0    0   5.00000000  0 0.200   0.00000000
(-19.9660299, -1.3925865, 31.8620406,  0.1577754,  0.9050597, -0.2476997,  0.3076016)    0    0   5.00000000  0 0.200   0.00000000
(-25.4694030, -3.0920559, 31.0873669, -0.6650782, -0.0199966,  0.5810767,  0.4686373)    0    0   5.00000000  0 0.200   0.00000000
(-21.5545069,  2.9756424, 37.9729356, -0.1599342,  0.6716551,  0.3604034,  0.6272239)    0    0   5.00000000  0 0.200   0.00000000
(-28.1626590, -3.9674796, 32.2293147, -0.5501719, -0.7267104,  0.0512660, -0.4081357)    0    0   5.00000000  0 0.200   0.00000000
(-26.6738629,  3.5119273, 33.5476300,  0.7054330,  0.2651483, -0.4674152, -0.4621511)    0    0   5.00000000  0 0.200   0.00000000
(-19.1942272, -2.9862911, 43.7610284,  0.5272780,  0.4903885,  0.5560281,  0.4151262)    0    0   5.00000000  0 0.200   0.00000000
(-20.8940380, -8.5718196, 40.1677693,  0.2710021, -0.1623252, -0.9473859,  0.0516563)    0    0   5.00000000  0 0.200   0.00000000
(-28.2999459,  0.9617968, 40.6682426,  0.4124154, -0.0650737, -0.5720585, -0.7059944)    0    0   5.00000000  0 0.200   0.00000000
(-27.2978270, -0.2418394, 30.3649369,  0.0035633, -0.6055577, -0.6847531,  0.4054631)    0    0   5.00000000  0 0.200   0.00000000
(-21.8286489,  6.3919183, 36.1303462,  0.8959632,  0.0242818,  0.1342593,  0.4226520)    0    0   5.00000000  0 0.200   0.00000000
(-19.9804392, -1.2471258, 37.6446777, -0.3118334,  0.9086427, -0.2729092, -0.0514675)    0    0   5.00000000  0 0.200   0.00000000
(-19.3252743,  5.2858017, 34.5273538, -0.1124771, -0.8383478,  0.0005587, -0.5334057)    0    0   5.00000000  0 0.200   0.00000000
(-20.3665114,  4.4991800, 35.4092864,  0.4491942,  0.6491342,  0.5956675, -0.1484240)    0    0   5.00000000  0 0.200   0.00000000
(-14.5402602,  1.4561908, 33.6204422, -0.0726237, -0.2021822,  0.8267097,  0.5199992)    0    0   5.00000000  0 0.200   0.00000000
(-16.9619141,  2.7050191, 31.0597339,  0.5455896,  0.2945162, -0.4547582,  0.6393646)    0    0   5.00000000  0 0.200   0.00000000
(-18.9103774, -5.7206496, 35.3645021, -0.0187902, -0.3842993, -0.0947824, -0.9181380)    0    0   5.00000000  0 0.200   0.00000000
(-14.9072462, -3.9302527, 33.1966506,  0.3391304, -0.1246074,  0.3639227,  0.8585009)    0    0   5.00000000  0 0.200   0.00000000
(-14.2045326,  1.4102113, 33.0401956,  0.9446212,  0.3014903,  0.0839712,  0.0987073)    0    0   5.00000000  0 0.200   0.00000000
(-21.1516156, -2.9646418, 43.1470874,  0.1386198, -0.0760422,  0.8635118,  0.4789045)    0    0   5.00000000  0 0.200   0.00000000
(-22.1461610,  5.1763342, 41.4539825,  0.0803815,  0.4249860, -0.2589777,  0.8636297)    0    0   5.00000000  0 0.200   0.00000000
(-18.9916462, -2.5240880, 41.8653442, -0.7539534,  0.2384888,  0.3759904,  0.4830203)    0    0   5.00000000  0 0.200   0.00000000
(-29.7170087,  2.7314465, 37.1107112,  0.1067323, -0.8761548, -0.2891627, -0.3706022)    0    0   5.00000000  0 0.200   0.00000000
(-16.4228174, -5.8035925, 40.2106151, -0.6712848,  0.0707686, -0.6857179,  0.2723224)    0    0   5.00000000  0 0.200   0.00000000
(-25.3598822,  3.2820882, 42.2801163,  0.4907984, -0.7325648,  0.2527230, -0.3982423)    0    0   5.00000000  0 0.200   0.00000000
(-16.8526044, -3.3112856, 27.9850299,  0.4456062, -0.1441927, -0.7609106,  0.4490642)    0    0   5.00000000  0 0.200   0.00000000
(-22.4383871,  8.3081646, 33.9177136,  0.2252896, -0.9187087,  0.3010275, -0.1208360)    0    0   5.00000000  0 0.200   0.00000000
(-21.4504963,  8.4332007, 37.1070460,  0.1311815, -0.9056985,  0.3965872, -0.0722505)    0    0   5.00000000  0 0.200   0.00000000
(-28.7385699, -0.2221154, 34.4362797, -0.5515283, -0.2652236, -0.3373889, -0.7152913)    0    0   5.00000000  0 0.200   0.00000000
(-19.9071769, -8.2498824, 36.3245642,  0.7428191,  0.2693661,  0.5378248,  0.2939493)    0    0   5.00000000  0 0.200   0.00000000
(-25.2646767, -2.8786230, 35.8518684,  0.1999509,  0.4089457, -0.8869791,  0.0777891)    0    0   5.00000000  0 0.200   0.00000000
(-22.5808783,  5.6066200, 29.6572283, -0.3420821, -0.3712889,  0.1680171,  0.8466963)    0    0   5.00000000  0 0.200   0.00000000
(-20.6719471, -5.4881272, 36.7366493,  0.5181979,  0.7250120, -0.0472185, -0.4512193)    0    0   5.00000000  0 0.200   0.00000000
(-21.5008771, -1.2306391, 29.8734913,  0.3983848,  0.5333455,  0.7430307, -0.0688300)    0    0   5.00000000  0 0.200   0.00000000
(-27.9953820, -0.1736635, 41.9778887,  0.3750783,  0.3374638, -0.0526743,  0.8617772)    0    0   5.00000000  0 0.200   0.00000000
(-26.1361557, -1.6426465, 32.8692691, -0.1645699,  0.4127574, -0.4784087,  0.7574122)    0    0   5.00000000  0 0.200   0.00000000
(-24.8128577, -3.3541084, 43.6357062, -0.2801528, -0.0280700, -0.8817604, -0.3784510)    0    0   5.00000000  0 0.200   0.00000000
(-14.9597592, -3.3506087, 35.3690593, -0.2916449,  0.0749053,  0.9460248,  0.1198729)    0    0   5.00000000  0 0.200   0.00000000
(-18.3910881, -2.4473065, 35.5761235, -0.2972289, -0.1794541,  0.5332121, -0.7714507)    0    0   5.00000000  0 0.200   0.00000000
(-18.1139888,  7.7536711, 36.6119517, -0.6300515, -0.4478579,  0.3050949, -0.5562154)    0    0   5.00000000  0 0.200   0.00000000
(-20.6848454, -4.7403804, 37.2503320,  0.2590221,  0.3195199,  0.8870516, -0.2096523)    0    0   5.00000000  0 0.200   0.00000000
(-20.0269425, -4.6877212, 36.9936612, -0.3480268,  0.8491487, -0.3231238,  0.2311164)    0    0   5.00000000  0 0.200   0.00000000
(-27.4907213, -2.8459516, 27.6843031,  0.0813146, -0.5303458, -0.2082673, -0.8177689)    0    0   5.00000000  0 0.200   0.00000000
(-15.4721288, -1.1544291, 36.3788752, -0.7591640,  0.5940229, -0.0953446,  0.2484274)    0    0   5.00000000  0 0.200   0.00000000
(-25.9127568,  0.8697274, 37.8485102,  0.2723954, -0.0977926, -0.7607140,  0.5809919)    0    0   5.00000000  0 0.200   0.00000000
