#Coordinates  RecID  LigID  Luciferin  Neighbor's number  Vision Range  Scoring
(-23.7247424, -25.0969292, 26.0645307,  0.7127290, -0.0014042, -0.3217668, -0.6232829)    0    0   3.69533860  8 0.320   0.41735552
(-21.4277035, -26.2725836, 22.9000639, -0.5481718, -0.3270047,  0.6729801,  0.3737289)    0    0  -5.57860435  6 2.600  -5.04350728
(-15.4199112, -21.0763508, 15.0345446, -0.0690455,  0.9145055, -0.0574499, -0.3944768)    0    0 -11.52778245  3 0.600  -6.51652427
(-11.0554370, -26.7413521, 18.7507776,  0.3736676,  0.4094226, -0.7838083, -0.2799823)    0    0   5.75763107  6 4.600   4.93294646
(-10.9726833, -26.4613981, 18.7971659,  0.3736676,  0.4094226, -0.7838083, -0.2799823)    0    0   7.10762767  3 5.000   5.00744331
(-17.0169761, -30.9065229, 27.8722776,  0.8762723, -0.3280503,  0.3501192, -0.0441171)    0    0   8.38426708  0 5.000   5.58951139
(-18.3833203, -27.6327993, 29.6397862,  0.0426931,  0.8315190,  0.5098805, -0.2162760)    0    0  16.66980053  5 0.480  11.20567378
(-21.3909254, -26.3299430, 23.2714761, -0.5480894, -0.3270739,  0.6730458,  0.3736711)    0    0  -4.14011438  1 2.600  -2.75184268
(-21.7043358, -26.2608578, 23.3058551, -0.5878186, -0.2919656,  0.6388319,  0.4013966)    0    0 -13.12178111 10 4.200 -14.87285123
(-21.2963127, -22.8873785, 14.4484809,  0.0758337, -0.2124766, -0.1022307, -0.9688405)    0    0  -5.58653535  4 4.600  -3.66702845
(-12.3629962, -19.2178131, 22.3969081,  0.2496734,  0.8667107, -0.4253515,  0.0745112)    0    0 -43.01133563  0 5.000 -28.67422375
(-12.4279597, -27.0569495, 20.3729345,  0.2722340, -0.4158659, -0.4370782, -0.7496045)    0    0   2.90027580  7 0.320   2.35393607
(-12.4432031, -26.9283937, 20.4581608,  0.2722340, -0.4158659, -0.4370782, -0.7496045)    0    0   2.93718465  6 0.480   2.40378206
(-14.7808106, -24.0296512, 28.5205943, -0.0431220,  0.0137916,  0.1750751, -0.9835136)    0    0  14.97286496  2 0.920   8.89731053
(-18.8009861, -21.0199609, 24.6289921,  0.3178016,  0.9195096, -0.1361220, -0.1870160)    0    0  14.66628236  4 0.480  10.33631894
(-23.5597506, -25.1270824, 26.3543444,  0.7127290, -0.0014042, -0.3217668, -0.6232829)    0    0   4.88414364  0 0.400   4.68193568
(-17.9931772, -27.2397903, 30.1770698,  0.0426931,  0.8315190,  0.5098805, -0.2162760)    0    0  16.54837781  0 0.400  10.97476200
(-18.5364464, -27.4923287, 29.8186677,  0.0426931,  0.8315190,  0.5098805, -0.2162760)    0    0  16.95641242  2 5.000  11.32280773
(-16.2733114, -23.5953843, 18.2573911,  0.1656466, -0.6990318, -0.3684334, -0.5900615)    0    0  -2.23390964  5 5.000  -2.42274260
(-16.4993851, -23.2371251, 18.1823689,  0.1656466, -0.6990318, -0.3684334, -0.5900615)    0    0  -1.34893150  2 5.000   0.03613220
(-23.5766146, -25.1483152, 26.2503133,  0.7127290, -0.0014042, -0.3217668, -0.6232829)    0    0   3.22788873 16 2.280   0.46066394
(-14.7687580, -24.0673113, 28.4981541, -0.0431220,  0.0137916,  0.1750751, -0.9835136)    0    0  15.43361736  4 0.520  10.57794800
(-18.7133211, -27.2523715, 29.6494003,  0.0426931,  0.8315190,  0.5098805, -0.2162760)    0    0  16.56403344  4 0.320  10.94376105
(-23.3788054, -25.3404920, 26.4060756,  0.7127290, -0.0014042, -0.3217668, -0.6232829)    0    0   5.79748714  4 0.800   5.03621734
(-18.9045810, -20.8922874, 24.2628308,  0.3177014,  0.9195648, -0.1360804, -0.1869455)    0    0  15.39786495  5 1.200  11.07494009
(-17.5907621, -22.7129064, 25.4030923,  0.7789362,  0.0174514, -0.3251891, -0.5359160)    0    0  15.00105670 10 0.120  10.15873536
(-21.4666010, -26.2139732, 22.4703929, -0.5480900, -0.3270733,  0.6730453,  0.3736715)    0    0  -4.18046233  3 1.960  -2.74464521
(-20.7979671, -30.5018294, 16.9412700, -0.9705896, -0.1003671, -0.1912831, -0.1062686)    0    0 -26.90371924  6 4.840 -22.89307684
(-9.5380410, -24.1665796, 23.7039810,  0.7141695,  0.4016003, -0.5640739,  0.1024680)    0    0  10.29854004  2 0.640   8.09657003
(-18.7896547, -20.9874487, 24.6416863,  0.3176951,  0.9195682, -0.1360778, -0.1869411)    0    0  15.84278271  2 2.800  10.43251569
(-21.7165299, -22.8746633, 14.1108673, -0.0143679, -0.0845816, -0.0577555,  0.9946375)    0    0 -27.44015776 14 3.960 -40.20176672
(-14.8407220, -23.6033863, 28.8365186, -0.0431220,  0.0137916,  0.1750751, -0.9835136)    0    0  16.38156784  3 1.160  11.30711014
(-19.0528598, -21.2096901, 24.4886122,  0.3178276,  0.9194956, -0.1361328, -0.1870329)    0    0  12.07079653  0 0.560  10.38786626
(-16.6742133, -25.7641286, 12.2451945, -0.8965973, -0.3170953,  0.2580099,  0.1702788)    0    0 -30.70888625  0 5.000 -20.47259083
(-17.5895947, -22.6477896, 25.5669613,  0.7789362,  0.0174514, -0.3251891, -0.5359160)    0    0  15.04737172  9 4.440   9.31771554
(-21.7430550, -22.8300697, 14.2634696,  0.0487975, -0.3716351, -0.2109102,  0.9027863)    0    0  -7.59477309  5 0.360  -5.84007196
(-16.5076791, -23.2272064, 18.1788880,  0.1656466, -0.6990318, -0.3684334, -0.5900615)    0    0  -1.37551821  3 0.600   0.05787530
(-17.0204694, -30.9019018, 27.8720654,  0.8762723, -0.3280503,  0.3501192, -0.0441171)    0    0   6.24781123  2 5.000   3.31569418
(-11.0935025, -26.8723338, 18.7909913,  0.3736676,  0.4094226, -0.7838083, -0.2799823)    0    0   7.91378826  0 5.000   5.27585884
(-21.4769068, -22.8603567, 13.6892747,  0.0478332, -0.3673903, -0.2086570,  0.9050797)    0    0  -9.72334994  0 0.440  -5.69015542
(-17.1019794, -23.0351184, 25.5914146,  0.7789359,  0.0180129, -0.3251911, -0.5358963)    0    0  14.68948542  1 0.520  11.36746295
(-9.4341041, -24.1267892, 23.6506516,  0.7141695,  0.4016003, -0.5640739,  0.1024680)    0    0  11.65417393  3 0.880   8.34900989
(-21.3212818, -30.1312983, 17.6434047, -0.7398909, -0.0988234, -0.5849089, -0.3172963)    0    0 -20.08277643  4 5.000 -11.77130011
(-21.4713837, -26.2036728, 22.3229878, -0.5481711, -0.3270053,  0.6729806,  0.3737285)    0    0  -4.90849429  5 1.560  -3.23693327
(-15.4921101, -21.2930623, 14.6345777, -0.0690455,  0.9145055, -0.0574499, -0.3944768)    0    0 -13.73146458  8 0.360  -6.61978205
(-21.3215828, -26.3026772, 22.8055922, -0.5480916, -0.3270719,  0.6730439,  0.3736730)    0    0  -5.93632844  4 0.600  -5.41161922
(-21.3920944, -30.3061567, 17.2944362, -0.7398300, -0.0988152, -0.5848607, -0.3172702)    0    0 -17.56797498  0 5.000 -11.71198332
(-9.4566432, -24.0123984, 23.7767138,  0.7141695,  0.4016003, -0.5640739,  0.1024680)    0    0   8.50703008  4 0.240   6.73179991
(-17.0727330, -22.9758866, 25.9476706,  0.7789362,  0.0174514, -0.3251891, -0.5359160)    0    0  16.60002888  3 1.000  11.98545912
(-18.1111206, -27.7023640, 30.0077640,  0.0426931,  0.8315190,  0.5098805, -0.2162760)    0    0  16.92405609  3 2.240  11.26103777
(-18.8135813, -21.3945916, 24.6431661,  0.3176890,  0.9195716, -0.1360752, -0.1869366)    0    0  15.13977587  6 0.400  10.34009957
(-12.4769001, -26.8961542, 20.2138504,  0.2722340, -0.4158659, -0.4370782, -0.7496045)    0    0   2.17304768  0 0.400   2.87051823
(-18.6160378, -27.6616831, 30.1089860,  0.0426931,  0.8315190,  0.5098805, -0.2162760)    0    0  16.12383955  4 0.320  10.69424948
(-9.2590148, -24.0478124, 23.5621413,  0.7141695,  0.4016003, -0.5640739,  0.1024680)    0    0  12.31673320  1 1.160   8.72722152
(-21.3013415, -26.3872353, 23.0312503, -0.5487319, -0.3265352,  0.6725336,  0.3741196)    0    0  -5.74368505  7 2.120  -2.77076471
(-23.2261439, -25.1231236, 25.9844815,  0.7127290, -0.0014042, -0.3217668, -0.6232829)    0    0   2.37674453  0 0.400   0.69975137
(-21.5760229, -22.6956738, 14.2016061,  0.0487975, -0.3716352, -0.2109102,  0.9027862)    0    0  -6.82044845  4 0.720  -3.69969760
(-9.8503292, -24.1632263, 23.5782854,  0.7141695,  0.4016003, -0.5640739,  0.1024680)    0    0   9.86513522 10 1.880   4.29943590
(-12.4106343, -26.7051416, 20.4075056,  0.2722340, -0.4158659, -0.4370782, -0.7496045)    0    0   3.02883123  2 0.640   3.11871045
(-23.5401236, -25.1404685, 26.2620433,  0.7127290, -0.0014042, -0.3217668, -0.6232829)    0    0   5.20344647  8 0.560   2.73774586
(-17.5229265, -22.6761699, 25.6521978,  0.7789362,  0.0174514, -0.3251891, -0.5359160)    0    0  16.43810993  5 2.440  11.64182552
(-16.3759136, -23.4328581, 18.2232814,  0.1656466, -0.6990317, -0.3684334, -0.5900615)    0    0   0.14502085  0 5.000   0.09668057
(-18.0724125, -27.1710607, 30.1508926,  0.0426931,  0.8315190,  0.5098805, -0.2162760)    0    0  16.38130812  0 0.400  11.06246778
(-21.0667463, -26.0046857, 23.4405487,  0.6895602,  0.1790251, -0.5187112, -0.4726473)    0    0  -4.12826262  3 4.920  -2.74464893
(-17.2579609, -22.8700621, 25.7819552,  0.7789362,  0.0174514, -0.3251891, -0.5359160)    0    0  16.76525951  2 1.240  11.18526049
(-18.7844684, -21.3164017, 24.6988597,  0.3177514,  0.9195372, -0.1361011, -0.1869808)    0    0  12.99479101 10 0.000   8.07904197
(-23.3907879, -25.0302615, 25.6372536,  0.7127290, -0.0014042, -0.3217668, -0.6232829)    0    0   2.41233652 11 0.000   2.69090758
(-14.8071008, -23.8417503, 28.6599912, -0.0431220,  0.0137916,  0.1750751, -0.9835136)    0    0  17.19114238  0 5.000  11.46076159
(-18.5405871, -27.4711247, 29.8871342,  0.0426931,  0.8315190,  0.5098805, -0.2162760)    0    0  16.45426029  4 0.560  10.77772200
(-23.3296929, -25.0722594, 25.8201011,  0.7127290, -0.0014042, -0.3217668, -0.6232829)    0    0   2.69866980 14 0.000   2.53932384
(-23.5902851, -25.3527161, 25.9487860,  0.7127290, -0.0014042, -0.3217668, -0.6232829)    0    0   3.42373278  1 0.720   2.88351368
(-14.8381812, -23.7659218, 28.6939396, -0.0431220,  0.0137916,  0.1750751, -0.9835136)    0    0  13.94792706  7 0.440   8.85941500
(-9.9626825, -24.1531082, 23.6764016,  0.7141695,  0.4016003, -0.5640739,  0.1024680)    0    0   8.58055817 14 0.600   3.37506211
(-18.5059383, -27.5428079, 29.8087859,  0.0426931,  0.8315190,  0.5098805, -0.2162760)    0    0  16.72187828  4 0.720  11.08056363
(-21.4229494, -26.2787487, 22.9593327, -0.5481724, -0.3270042,  0.6729796,  0.3737294)    0    0  -4.69469853  4 2.040  -2.77463656
(-18.1409830, -27.2825103, 30.0739318,  0.0426931,  0.8315190,  0.5098805, -0.2162760)    0    0  16.80819887  4 0.640  11.29445580
(-18.7007795, -21.2377197, 25.0671348,  0.3176889,  0.9195716, -0.1360752, -0.1869367)    0    0  16.01536052  1 3.440  10.88595762
(-23.9609820, -24.7153373, 26.4913246,  0.7127290, -0.0014042, -0.3217668, -0.6232829)    0    0   6.04327891  2 1.360   4.87345142
(-18.8190276, -21.3183927, 24.6802705,  0.3176958,  0.9195680, -0.1360781, -0.1869406)    0    0  13.61770373  1 0.720   9.34993680
(-9.7069425, -24.2406306, 23.0838601,  0.7141695,  0.4016003, -0.5640739,  0.1024680)    0    0   9.01722932  1 0.400   5.90752097
(-21.4336563, -26.2661501, 22.7979326, -0.5480894, -0.3270739,  0.6730458,  0.3736711)    0    0  -4.17656917  2 1.400  -2.78664259
(-18.2058618, -27.3316008, 30.0412537,  0.0426931,  0.8315190,  0.5098805, -0.2162760)    0    0  16.57246384  3 0.600  10.93397929
(-18.5409386, -27.7923568, 29.9135875,  0.0426931,  0.8315190,  0.5098805, -0.2162760)    0    0  16.38908707  0 0.400  10.80470544
(-21.7047431, -22.6124623, 14.4671642,  0.0487974, -0.3716351, -0.2109101,  0.9027863)    0    0  -7.50571137  5 0.560  -5.97220609
(-23.4574621, -25.5490150, 26.2577745,  0.7127290, -0.0014042, -0.3217668, -0.6232829)    0    0   5.14238428  9 0.240   4.92145659
(-16.5643495, -23.1305004, 18.1608881,  0.1656466, -0.6990318, -0.3684334, -0.5900615)    0    0  -2.27575562  7 0.600  -0.00965057
(-18.4853107, -27.5041027, 29.8401265,  0.0426931,  0.8315190,  0.5098805, -0.2162760)    0    0  16.80327519  5 1.920  11.09391579
(-17.3113481, -30.5171154, 27.8544019,  0.8762723, -0.3280503,  0.3501192, -0.0441171)    0    0   7.86684745  1 5.000   5.56513315
(-17.2968582, -22.8439252, 25.7569135,  0.7789362,  0.0174514, -0.3251891, -0.5359160)    0    0  17.46848672  0 5.000  11.64574242
(-12.6493868, -26.9404523, 19.9221714,  0.2722340, -0.4158659, -0.4370782, -0.7496045)    0    0  -0.38345156  8 0.080  -0.31333376
(-17.1656075, -23.0150891, 25.6727949,  0.7789362,  0.0174514, -0.3251891, -0.5359160)    0    0  15.89116409  7 0.360  10.99303753
(-21.6685741, -22.8086079, 14.1766927,  0.0487974, -0.3716349, -0.2109100,  0.9027864)    0    0  -5.94595765  3 0.960  -3.82349746
(-12.1186514, -19.5923339, 22.3754372,  0.2496734,  0.8667107, -0.4253515,  0.0745112)    0    0 -44.63293380  2 5.000 -29.06489929
(-10.4869369, -24.4343357, 23.5052553,  0.7141695,  0.4016003, -0.5640739,  0.1024680)    0    0   7.14373403  1 0.640   2.77183456
(-23.4162854, -25.3283755, 25.9012963,  0.7127290, -0.0014042, -0.3217668, -0.6232829)    0    0   5.63024196  5 0.400   4.76455993
(-16.2480891, -23.6355151, 18.2656219,  0.1656466, -0.6990318, -0.3684334, -0.5900615)    0    0  -2.26169838  6 4.840  -2.45499023
(-12.5251709, -26.9240128, 20.2570017,  0.2722340, -0.4158659, -0.4370782, -0.7496045)    0    0  -2.37638384 15 0.000  -4.47277963
(-21.8213706, -23.5586213, 13.5363146,  0.0487975, -0.3716355, -0.2109104,  0.9027860)    0    0 -10.18435561  0 0.800  -8.84391705
(-18.8296702, -21.5939692, 24.7261102,  0.3178083,  0.9195061, -0.1361248, -0.1870201)    0    0  14.16021442  6 0.320  10.25841751
(-16.3406399, -30.7124133, 16.7640303,  0.8092597,  0.0493271, -0.5166348, -0.2752345)    0    0 -14.81371035  0 5.000  -9.87580690
(-18.7600739, -21.1110414, 24.8135019,  0.3176888,  0.9195716, -0.1360752, -0.1869367)    0    0  16.31911882  0 4.400  10.88587686
(-12.5544851, -26.9514286, 20.4866209,  0.2722340, -0.4158659, -0.4370782, -0.7496045)    0    0   4.05427407  3 3.440   2.52455578
(-18.6833665, -21.2713179, 25.1456724,  0.3177140,  0.9195579, -0.1360856, -0.1869543)    0    0  15.79034902  4 0.880  10.99776201
(-14.7664849, -24.1308712, 28.4456979, -0.0431220,  0.0137916,  0.1750751, -0.9835136)    0    0  16.62459033  2 5.000  10.88675984
(-16.5234342, -23.1990801, 18.1743289,  0.1656466, -0.6990318, -0.3684334, -0.5900615)    0    0  -1.25909350  1 5.000   0.13029461
(-9.3558590, -24.0959900, 23.6181679,  0.7141695,  0.4016003, -0.5640739,  0.1024680)    0    0  11.47342940  5 0.320   8.84003272
(-23.5897187, -25.2639936, 25.6091948,  0.7127290, -0.0014042, -0.3217668, -0.6232829)    0    0   5.58211042  6 0.320   5.02247324
(-15.4332789, -21.2325524, 14.8454762, -0.0690455,  0.9145055, -0.0574499, -0.3944768)    0    0  -8.52244623  3 5.000  -6.47103544
(-10.8897837, -26.1741810, 18.6548270,  0.3736676,  0.4094226, -0.7838083, -0.2799823)    0    0   6.01989718  5 4.120   3.68445309
(-18.7618186, -27.5225213, 29.7696596,  0.0426931,  0.8315190,  0.5098805, -0.2162760)    0    0  16.52466622 14 2.600  10.97259043
(-21.6898636, -22.8639020, 14.1403185,  0.0487974, -0.3716351, -0.2109102,  0.9027863)    0    0  -5.73847107  1 2.040  -3.80984957
(-18.1560179, -27.2904878, 30.0642267,  0.0426931,  0.8315190,  0.5098805, -0.2162760)    0    0  16.99098058  0 5.000  11.32732039
(-16.6342775, -22.7736720, 18.2497671,  0.1656466, -0.6990318, -0.3684334, -0.5900615)    0    0  -3.48213160  0 0.760  -3.23692171
(-20.8743680, -30.4023893, 17.1326772,  0.9941397,  0.0950726,  0.0438073,  0.0269890)    0    0 -18.56334517  2 5.000 -11.80590361
(-14.9435240, -23.5766612, 28.7280773, -0.0431220,  0.0137916,  0.1750751, -0.9835136)    0    0  14.81135374  6 0.440  10.89667723
(-18.8391016, -20.9287891, 24.8295184,  0.3177772,  0.9195232, -0.1361119, -0.1869979)    0    0  12.90424701 12 0.000   8.27933386
(-18.8393949, -21.0215290, 24.6357523,  0.3177329,  0.9195475, -0.1360935, -0.1869674)    0    0  12.21939079 10 0.000   8.33179919
(-18.7148612, -27.1097241, 29.9159060,  0.0426931,  0.8315190,  0.5098805, -0.2162760)    0    0  16.29837075 12 0.000  10.85497408
(-18.4323428, -27.5162350, 29.7996232,  0.0426931,  0.8315190,  0.5098805, -0.2162760)    0    0  16.70190707  7 0.480  11.06813982
(-23.8823960, -24.8083395, 26.2723853,  0.7127290, -0.0014042, -0.3217668, -0.6232829)    0    0   5.13047924  7 0.080   4.83793139
(-9.5513964, -24.1237874, 23.6068924,  0.7141695,  0.4016003, -0.5640739,  0.1024680)    0    0  13.64191367  0 5.000   9.09460911
(-12.4798775, -26.7940177, 19.8819482,  0.2722340, -0.4158659, -0.4370782, -0.7496045)    0    0   3.08848134  5 0.480   3.15653549
(-17.7522142, -26.9527721, 30.2603314,  0.0426931,  0.8315190,  0.5098805, -0.2162760)    0    0  16.54320124  5 0.400  11.07721392
(-18.7983926, -21.0288807, 24.6492373,  0.3176951,  0.9195682, -0.1360778, -0.1869411)    0    0  15.82079769  3 1.360  10.41196525
(-12.6605020, -27.0839541, 19.9307268,  0.2722340, -0.4158659, -0.4370782, -0.7496045)    0    0   1.18875130 11 0.000  -0.05020459
(-17.5881682, -22.6468405, 25.5717980,  0.7789362,  0.0174514, -0.3251891, -0.5359160)    0    0  17.34616427  1 3.600  11.80162119
(-12.6804644, -27.2630019, 20.1548946,  0.2722340, -0.4158659, -0.4370782, -0.7496045)    0    0   1.04867461  4 0.480   0.69232644
(-23.5466843, -25.1903433, 26.0513811,  0.7127290, -0.0014042, -0.3217668, -0.6232829)    0    0   3.84319738  4 0.480   2.66382733
(-14.8200632, -23.7494789, 28.7283817, -0.0431220,  0.0137916,  0.1750751, -0.9835136)    0    0  16.89696861  1 5.000  11.41938666
(-17.1730140, -22.9292118, 25.8321147,  0.7789362,  0.0174514, -0.3251891, -0.5359160)    0    0  16.47834526  4 3.640  11.30028341
(-21.4309245, -26.3496353, 23.3911912, -0.6247528, -0.2554736,  0.6015866,  0.4272128)    0    0  -7.00801288  9 4.040  -7.54290889
(-9.8780625, -24.1357796, 23.5034517,  0.7141695,  0.4016003, -0.5640739,  0.1024680)    0    0   9.38958960  9 0.240   4.22456683
(-15.4258373, -21.2637034, 14.8336974, -0.0690455,  0.9145055, -0.0574499, -0.3944768)    0    0 -13.31497527  7 1.880  -9.43200079
(-15.1329787, -21.2195239, 15.6288559, -0.0690455,  0.9145055, -0.0574499, -0.3944768)    0    0 -11.02785679  5 0.680  -6.92252351
(-18.8609285, -21.0399278, 24.8371049,  0.3177018,  0.9195646, -0.1360806, -0.1869452)    0    0  12.71419289  3 0.560   8.74360832
(-15.4262205, -21.1899603, 14.9057837, -0.0690455,  0.9145055, -0.0574499, -0.3944768)    0    0 -15.22960891  6 0.760 -14.45097219
(-12.5173339, -26.3029322, 20.0764602,  0.2722340, -0.4158659, -0.4370782, -0.7496045)    0    0   2.90724964  5 0.240   2.40856383
(-21.6019391, -22.9332276, 14.3566665,  0.0487974, -0.3716350, -0.2109101,  0.9027863)    0    0 -10.26767597  8 0.160  -8.23641685
(-18.1601507, -27.2926804, 30.0615591,  0.0426931,  0.8315190,  0.5098805, -0.2162760)    0    0  16.77864258  6 1.400  11.29440362
(-12.4940180, -26.8337765, 19.9718592,  0.2722340, -0.4158659, -0.4370782, -0.7496045)    0    0   4.16795926  2 2.160   2.95934345
(-18.1405732, -27.2804748, 30.0747364,  0.0426931,  0.8315190,  0.5098805, -0.2162760)    0    0  16.96302021  1 1.920  11.41396477
(-18.8649375, -21.3585393, 24.7139039,  0.3177204,  0.9195544, -0.1360883, -0.1869586)    0    0  13.56045392  3 0.280   7.96512886
(-23.2412816, -25.3063638, 26.2861859,  0.7127290, -0.0014042, -0.3217668, -0.6232829)    0    0   4.46321311  1 0.480   4.76177551
(-21.4762480, -30.1901367, 17.5177036, -0.7398958, -0.0988236, -0.5849041, -0.3172938)    0    0 -19.00288342  2 3.800 -11.82656277
(-9.4687204, -24.1019828, 23.5931422,  0.7141695,  0.4016003, -0.5640739,  0.1024680)    0    0  12.09150216  2 1.280   8.93627190
(-23.5144335, -25.3077201, 25.9319554,  0.7127290, -0.0014042, -0.3217668, -0.6232829)    0    0   6.29342601  1 0.880   4.84422400
(-9.9900205, -24.3096771, 23.5125867,  0.7141695,  0.4016003, -0.5640739,  0.1024680)    0    0  11.23556279  2 0.560   7.89676801
(-21.3920348, -30.2089566, 17.5314909, -0.8458256, -0.1023604, -0.4598146, -0.2503438)    0    0 -33.78179728  6 4.120 -31.42461322
(-23.6708561, -25.1902428, 25.9826696,  0.7127290, -0.0014042, -0.3217668, -0.6232829)    0    0   2.60639602  6 0.320   0.44053374
(-21.7798704, -23.2489793, 13.8020669,  0.0487975, -0.3716351, -0.2109102,  0.9027863)    0    0  -5.90238303  2 3.000  -3.66926581
(-21.7408063, -22.8114478, 14.3239624,  0.0487974, -0.3716349, -0.2109101,  0.9027864)    0    0  -8.33488499  8 1.000  -5.93412698
(-21.6464989, -22.7950644, 14.2593414,  0.0487974, -0.3716348, -0.2109100,  0.9027865)    0    0  -9.05644364  8 0.200  -5.98217021
(-16.2760220, -23.5911635, 18.2564238,  0.1656466, -0.6990318, -0.3684334, -0.5900615)    0    0  -2.22913093  4 4.920  -2.41922667
(-17.5465204, -22.7323173, 25.4594764,  0.7789362,  0.0174514, -0.3251891, -0.5359160)    0    0  16.16398761  6 2.600  11.74215028
(-17.2447300, -22.8710562, 25.8085506,  0.7789362,  0.0174514, -0.3251891, -0.5359160)    0    0  14.06490848 13 1.160   8.33289307
(-21.6456345, -22.9610173, 13.9012221,  0.0487973, -0.3716346, -0.2109099,  0.9027865)    0    0  -8.19764993  4 0.560  -5.96277584
(-18.6635734, -20.8402782, 24.8789559,  0.3177142,  0.9195578, -0.1360857, -0.1869541)    0    0  14.55681703  0 0.400   9.89595178
(-9.7092911, -24.1625500, 23.6263296,  0.7141695,  0.4016003, -0.5640739,  0.1024680)    0    0  11.52182589  5 5.000   6.87423858
(-12.4415777, -19.0973668, 22.4038132,  0.2496734,  0.8667107, -0.4253515,  0.0745112)    0    0 -43.67605655  1 5.000 -28.91693048
(-14.8323959, -23.6120253, 28.8377540, -0.0431220,  0.0137916,  0.1750751, -0.9835136)    0    0  14.95806034  7 1.640   9.12909727
(-17.9404189, -22.4204397, 25.3262918,  0.7789362,  0.0174514, -0.3251891, -0.5359160)    0    0  16.02015392  7 2.440  11.18196861
(-23.5524149, -25.2631188, 25.9658751,  0.7127290, -0.0014042, -0.3217668, -0.6232829)    0    0   7.54531951  0 4.800   5.03643048
(-18.9492889, -21.1299994, 25.1607012,  0.3177017,  0.9195647, -0.1360805, -0.1869453)    0    0  13.95139257  8 0.240   8.56958446
(-18.7825710, -20.9230901, 24.6139160,  0.3176952,  0.9195682, -0.1360778, -0.1869411)    0    0  15.12775641  6 0.400  10.04996555
(-21.6862835, -23.7262540, 13.2887721,  0.0487956, -0.3716269, -0.2109058,  0.9027908)    0    0 -10.18952916  1 0.560  -8.93191625
(-23.9210997, -24.7560919, 26.3925898,  0.7127290, -0.0014042, -0.3217668, -0.6232829)    0    0   5.91765657  3 0.880   4.85658417
(-12.4821364, -26.7831042, 19.9840643,  0.2722340, -0.4158659, -0.4370782, -0.7496045)    0    0   2.25724545  6 0.400   1.04027907
(-15.2697418, -21.1999929, 15.2973034, -0.0690455,  0.9145055, -0.0574499, -0.3944768)    0    0  -7.78700133  2 5.000  -4.41400208
(-12.1906206, -26.8824106, 20.2535048,  0.2722340, -0.4158659, -0.4370782, -0.7496045)    0    0   1.71140132 10 0.000   0.40599017
(-23.8561490, -25.3191679, 25.9512403,  0.7127290, -0.0014042, -0.3217668, -0.6232829)    0    0   5.29337815  7 0.480   4.67823249
(-11.2084312, -27.2651888, 18.8396239,  0.3736676,  0.4094226, -0.7838083, -0.2799823)    0    0   5.63438446  7 1.640   3.26565695
(-17.9346262, -27.5806287, 29.7023830,  0.0426931,  0.8315190,  0.5098805, -0.2162760)    0    0  16.43072238 14 0.000  11.16757717
(-12.6300557, -26.5651661, 20.3200168,  0.2722340, -0.4158659, -0.4370782, -0.7496045)    0    0  -0.39374603  0 0.720  -2.58162888
(-15.2664672, -21.1886833, 15.3169124, -0.0690455,  0.9145055, -0.0574499, -0.3944768)    0    0  -7.60689994  1 5.000  -4.23184137
(-18.7374668, -20.9411956, 24.8666307,  0.3176955,  0.9195681, -0.1360779, -0.1869408)    0    0  13.89631110 12 0.160   7.96683282
(-18.9378538, -21.1522405, 24.5025173,  0.3177076,  0.9195613, -0.1360830, -0.1869499)    0    0  13.60270792  6 0.320   7.82068978
(-9.7400499, -24.1723590, 23.6358615,  0.7141695,  0.4016003, -0.5640739,  0.1024680)    0    0  11.46526017  7 4.840   6.90459155
(-21.3788777, -30.4216768, 17.0676552, -0.7398958, -0.0988236, -0.5849041, -0.3172938)    0    0 -19.67911954  3 5.000 -13.85527019
(-12.4870097, -26.8468545, 20.0389685,  0.2722340, -0.4158659, -0.4370782, -0.7496045)    0    0   7.28283011  0 5.000   4.86087184
(-14.7894983, -23.9861548, 28.5500781, -0.0431220,  0.0137916,  0.1750751, -0.9835136)    0    0  14.90795791  7 1.080   9.09308799
(-18.2118237, -27.5359027, 30.1570856,  0.0426931,  0.8315190,  0.5098805, -0.2162760)    0    0  16.14788553  0 0.400  10.67776269
(-11.0940722, -26.8742826, 18.7912698,  0.3736676,  0.4094226, -0.7838083, -0.2799823)    0    0   7.20928382  1 5.000   4.54597651
(-17.3387301, -22.6490966, 25.9400329,  0.7789362,  0.0174514, -0.3251891, -0.5359160)    0    0  14.43023222  9 0.280  10.06849130
(-18.1574814, -27.2916525, 30.0969394,  0.0426931,  0.8315190,  0.5098805, -0.2162760)    0    0  16.18267439  6 0.400  10.72761655
(-14.7702202, -24.1042816, 28.4654058, -0.0431220,  0.0137916,  0.1750751, -0.9835136)    0    0  16.28105800  4 3.800  10.55354575
(-12.4938839, -26.6922243, 20.2750194,  0.2722340, -0.4158659, -0.4370782, -0.7496045)    0    0   2.55897621  8 0.080   2.73174106
(-9.8653415, -24.1031743, 23.4601945,  0.7141695,  0.4016003, -0.5640739,  0.1024680)    0    0   9.28289264 12 0.160   5.80063350
(-23.7961888, -24.9715978, 26.1884484,  0.7127290, -0.0014042, -0.3217668, -0.6232829)    0    0   2.10957093 21 0.000   2.52179436
(-12.4763426, -27.2114839, 20.1334813,  0.2722340, -0.4158659, -0.4370782, -0.7496045)    0    0   3.95592209  4 5.000   2.27955218
(-18.7632879, -20.9235088, 24.6208485,  0.3177770,  0.9195233, -0.1361118, -0.1869980)    0    0  13.25357214  0 0.400   8.06789411
(-15.4145223, -21.2274346, 14.8986686, -0.0690455,  0.9145055, -0.0574499, -0.3944768)    0    0  -6.62699815  0 5.000  -4.41799877
(-18.2829753, -27.3105264, 29.9382062,  0.0426931,  0.8315190,  0.5098805, -0.2162760)    0    0  16.24176264  8 0.160  10.78810008
(-11.1114898, -26.9335350, 18.7906866,  0.3736676,  0.4094226, -0.7838083, -0.2799823)    0    0   6.87397462  4 5.000   4.30341072
(-23.4325414, -25.3178838, 26.0280708,  0.7127290, -0.0014042, -0.3217668, -0.6232829)    0    0  -1.47678827 12 0.000  -1.98747555
(-18.2981897, -27.4777064, 29.9981788,  0.0426931,  0.8315190,  0.5098805, -0.2162760)    0    0  16.35881742  0 0.400  10.97006169
(-12.5336273, -27.0060785, 19.6099747,  0.2722340, -0.4158659, -0.4370782, -0.7496045)    0    0   4.52601377  1 2.320   4.96416420
(-10.9725892, -26.4607825, 18.7889332,  0.3736676,  0.4094226, -0.7838083, -0.2799823)    0    0   7.10780444  2 3.400   5.01683641
(-12.4826532, -26.6993266, 20.0823723,  0.2722340, -0.4158659, -0.4370782, -0.7496045)    0    0   2.85031394 10 0.560   0.12570218
(-15.4340270, -21.2352183, 14.8409150, -0.0690455,  0.9145055, -0.0574499, -0.3944768)    0    0  -8.69333468  4 3.960  -6.46373959
(-10.1586344, -24.3588393, 23.8506217,  0.7141695,  0.4016003, -0.5640739,  0.1024680)    0    0  11.54315016  4 4.280   8.76792441
