#Coordinates  RecID  LigID  Luciferin  Neighbor's number  Vision Range  Scoring
(-23.9193457, -27.0086229, 25.2850285,  0.7036940, -0.0340515, -0.3491446, -0.6178619)    0    0 -13.47711445  1 3.720  -5.30132421
(-18.4198345, -31.4441796, 21.7184364, -0.3155509,  0.3676519,  0.0022873, -0.8747883)    0    0 -20.19967314  1 4.120 -13.56864858
(-15.9665581, -21.1212776, 13.3161547,  0.8788082, -0.3639755,  0.0708563,  0.3003289)    0    0 -52.00891997  2 3.240 -29.17183312
(-11.3750069, -25.4478220, 17.6250338, -0.5970974,  0.2283022, -0.4818072, -0.5993451)    0    0 -27.11365498  5 2.920 -20.06406488
(-11.0415081, -25.1219986, 17.8706204, -0.6642612,  0.2351247, -0.4890317, -0.5141220)    0    0 -22.59864841  3 2.600 -12.11138598
(-16.6652241, -31.2091402, 27.6860161,  0.8333476, -0.2374895,  0.4962763, -0.0532955)    0    0  -9.75306557  1 3.800  -4.47752492
(-20.3481977, -28.4013404, 29.6780931,  0.0906669,  0.8155835,  0.5188135, -0.2396574)    0    0   7.50966769  1 3.960   7.02559834
(-18.2885064, -26.1014744, 20.0739366, -0.6377375, -0.2812723,  0.4134918,  0.5858338)    0    0 -26.27172100  2 3.560 -17.54677973
(-21.5115516, -26.1732609, 22.4453724, -0.5483364, -0.3310185,  0.6708653,  0.3737562)    0    0 -21.85374247  3 3.480 -11.64027556
(-23.2272547, -23.4844773, 13.7941935,  0.0022240,  0.4837396,  0.3336745, -0.8091059)    0    0 -22.69956969  1 3.640 -14.49862429
(-13.7363247, -17.1919352, 22.6743188,  0.0838108, -0.8465373,  0.4419242,  0.2846987)    0    0 -105.47741167  3 3.640 -59.93663918
(-13.5140226, -26.5585240, 18.4279139,  0.1612828, -0.6528715, -0.2957109, -0.6784554)    0    0 -28.41719700  3 2.920 -12.94793837
(-13.9107933, -25.8586532, 21.5165641, -0.2561500, -0.9659553, -0.0289400, -0.0219111)    0    0 -21.93054388  2 3.400  -5.56762908
(-14.5102737, -23.4203498, 29.2551669, -0.0659152, -0.0388597,  0.2538770, -0.9642051)    0    0 -10.82466346  2 3.640  -3.59845565
(-23.2797926, -16.4199203, 24.5495830, -0.2000853, -0.8689721,  0.0248009,  0.4519272)    0    0 -48.82839397  1 4.120 -32.77056914
(-25.7400436, -26.3790479, 23.2106294,  0.5483730, -0.0964895, -0.3698523, -0.7437648)    0    0 -29.25631845  6 3.080 -19.44938378
(-21.2057476, -26.8795802, 28.5933878,  0.5097376,  0.7040812, -0.2468336, -0.4283475)    0    0   8.23312181  1 3.720   6.89419550
(-21.7789238, -29.0018251, 26.8956726,  0.8113441, -0.4929866, -0.2907191,  0.1187382)    0    0  -7.22681488  1 3.720  -3.84565610
(-19.2172861, -25.8633287, 14.3670296, -0.3931325,  0.5474505,  0.5722935,  0.4671456)    0    0 -23.71915001  1 3.560 -13.85065102
(-22.7368598, -27.5809338, 18.9166540, -0.4337186, -0.0623622,  0.5682335,  0.6964983)    0    0 -29.73537187  6 3.480 -25.61130360
(-23.9689708, -29.5460965, 22.7418669, -0.2633467,  0.0276201, -0.6068683, -0.7493975)    0    0 -24.64997005  2 3.560 -10.34395307
(-13.7141882, -24.3179002, 27.9019505, -0.0488680,  0.6903523,  0.6285972,  0.3548116)    0    0 -12.25829454  2 2.920  -2.18247210
(-12.9963221, -27.1711719, 28.8432988, -0.3937289, -0.2981017, -0.7841172,  0.3758632)    0    0   2.59148184  2 3.800   3.65399745
(-24.9972890, -26.3785354, 24.4885250,  0.7462254,  0.0538575, -0.3542016, -0.5610599)    0    0 -22.30100743  3 3.080 -15.32009321
(-20.4451340, -17.1363213, 27.4392709,  0.5172634,  0.0089520, -0.4262128,  0.7420799)    0    0 -20.15708524  1 3.880 -10.80406814
(-16.7257192, -27.4551489, 24.4699012,  0.4993611,  0.1781695,  0.3533113,  0.7707563)    0    0 -17.79512032  2 3.560  -7.95867369
(-21.4350635, -24.4985534, 20.9956571,  0.4567036, -0.4698974, -0.7514536,  0.0770442)    0    0 -38.00171541  2 3.160 -24.41848496
(-16.8478866, -31.6470621, 16.3791601,  0.7430518,  0.0504695, -0.5642073, -0.3563664)    0    0 -35.78730582  3 3.880 -24.35966186
(-11.9730673, -25.2356623, 24.1794161,  0.2636826,  0.3985843, -0.3989527,  0.7825847)    0    0 -25.66923316  6 2.680 -10.73271232
(-16.9403221, -23.0197484, 20.6815162,  0.2068582,  0.8306797, -0.0549134, -0.5139703)    0    0 -26.30115146  0 3.480 -10.52787505
(-23.2640189, -23.4672641, 13.8284510, -0.0118738,  0.4656791,  0.3286557, -0.8215762)    0    0 -23.41068062  2 3.000 -11.29492849
(-14.4282075, -23.5237361, 29.2488018, -0.0430724,  0.0145713,  0.1755087, -0.9834272)    0    0  15.69011051  0 4.200  10.50342850
(-21.1814319, -19.4827922, 22.5996301,  0.6794460,  0.0553367, -0.6157799, -0.3951026)    0    0 -27.45243361  2 2.920 -11.08877788
(-16.6742133, -25.7641286, 12.2451945, -0.8965973, -0.3170953,  0.2580099,  0.1702788)    0    0 -30.49296827  0 4.200 -20.47259083
(-17.4785968, -23.4483021, 25.3867415,  0.6128572,  0.4766550, -0.2203796, -0.5904565)    0    0 -34.58716789  7 2.920 -33.05179798
(-21.4413214, -23.3489399, 15.0121967, -0.1152598,  0.5830252,  0.3532352, -0.7225107)    0    0 -44.39482208  3 3.240 -23.08632272
(-19.9476831, -25.7730498, 15.0930927, -0.3952867,  0.5497019,  0.5663349,  0.4697502)    0    0 -25.44798996  2 3.640 -18.28947255
(-17.9371146, -31.3308307, 23.1577227,  0.5179356, -0.7383015,  0.0443187, -0.4297550)    0    0 -16.71014454  0 4.200 -11.22814404
(-10.6893700, -26.2065439, 17.8521278, -0.6667976,  0.2400783, -0.4861280, -0.5112954)    0    0 -19.41502294  2 3.400  -9.72278323
(-25.4184458, -21.7390528, 16.3215230, -0.0468292,  0.4612784,  0.2727071, -0.8430066)    0    0 -24.18073123  3 3.720 -16.33696131
(-16.5113382, -21.0453336, 18.9554988,  0.6136483, -0.2974489, -0.5551299, -0.4762255)    0    0 -43.76798982  6 3.640 -23.49357800
(-11.2742952, -27.9825814, 21.8821423, -0.1728951,  0.2865304, -0.6870392, -0.6449689)    0    0 -23.27420773  1 3.640 -14.85463724
(-21.4831754, -30.1069472, 16.7830924, -0.8806591, -0.1868537, -0.3928568, -0.1875866)    0    0 -35.84460991  4 3.400 -26.36823454
(-20.9111868, -30.0784579, 20.7682492,  0.0068549,  0.1576578,  0.5708161, -0.8057704)    0    0 -31.63694784  3 3.560 -26.32675986
(-13.6745835, -19.9193694, 17.4764300, -0.2288179, -0.9664853,  0.0529321,  0.1036663)    0    0 -95.19399397  2 3.320 -44.77569498
(-21.6781719, -25.9447678, 23.3035288, -0.5291042, -0.3436935,  0.7204989,  0.2877583)    0    0 -18.77831678  1 3.480  -9.33886038
(-22.2021257, -29.4437399, 17.9975720, -0.5732557,  0.0057196, -0.6809591, -0.4556753)    0    0 -30.92408447  1 3.720 -16.63797615
(-10.1184456, -25.7183403, 24.2474646,  0.2184205,  0.3950569, -0.3753414,  0.8095316)    0    0 -21.29853714  5 2.760 -11.16847985
(-14.7241753, -23.1280154, 25.0977241, -0.7543684,  0.4863959,  0.2317761,  0.3750030)    0    0 -32.27131541  4 2.040 -18.79254332
(-21.3496029, -29.0773304, 26.8732758,  0.6869589, -0.6688495, -0.2821496,  0.0334575)    0    0  -3.94087307  1 3.960  -2.17318324
(-25.0581717, -20.2938627, 26.0473667, -0.2002529, -0.9322234,  0.2906656, -0.0798243)    0    0 -13.76236078  0 4.200  -9.25099984
(-11.0148533, -27.7783939, 15.6861259,  0.7169446, -0.2673868, -0.3870571, -0.5142648)    0    0 -19.88128346  1 3.480 -11.34577561
(-21.2834207, -26.7562659, 28.5932329,  0.5134696,  0.7034308, -0.2432556, -0.4270373)    0    0  10.58173058  0 4.200   7.07712432
(-11.3561533, -26.5453438, 24.8705849,  0.2649965,  0.4020807, -0.3856533,  0.7870066)    0    0  -6.21499174  1 3.480  -1.87509860
(-15.9469213, -29.0226073, 21.5091369, -0.3041921, -0.4929884, -0.3988084, -0.7109018)    0    0 -28.60528114  4 3.080 -22.34777876
(-24.5550843, -27.8321352, 22.0831826, -0.0874166, -0.1737031,  0.7269049,  0.6586310)    0    0 -22.10020285  1 4.120 -14.84337618
(-19.4819908, -22.4878222, 13.2944257,  0.1015527, -0.1692731,  0.0310378, -0.9798318)    0    0 -35.27129733  0 4.040 -37.40328362
(-12.4424772, -22.2068733, 24.7746627,  0.3852232,  0.6894283, -0.4440617,  0.4232031)    0    0 -52.85569984  3 3.160 -25.43839140
(-15.2040993, -26.3809039, 16.2309645,  0.1795747, -0.9386516, -0.0835805, -0.2823125)    0    0 -36.46460234  6 3.400 -30.36789191
(-23.5527083, -25.3000560, 25.7366106,  0.7127326, -0.0014056, -0.3217568, -0.6232839)    0    0  -7.83125868  1 3.640  -0.26580662
(-16.7368211, -21.8512463, 24.2089766, -0.5650398,  0.5179405,  0.4461787,  0.4619440)    0    0 -31.65544562  4 2.840 -18.96948769
(-15.5340980, -24.2209173, 20.9937795, -0.3790865, -0.8633595, -0.0192742,  0.3324639)    0    0 -39.64192813  3 2.920 -20.98834700
(-13.3054418, -29.2609436, 26.6713028,  0.0220830, -0.3871187, -0.8102684,  0.4394504)    0    0  -3.65242833  1 4.120  -2.47004302
(-17.8182483, -31.8465780, 21.5689477,  0.0361441, -0.0141385,  0.1663517,  0.9853024)    0    0 -19.06157419  2 4.040 -12.80530027
(-15.9641263, -21.0535525, 24.1899690, -0.1564311,  0.9789441, -0.0924398,  0.0930193)    0    0 -27.89921149  2 3.640 -20.70313466
(-15.5711017, -20.3705135, 21.1808296,  0.3701417,  0.8738067, -0.1176388, -0.2926057)    0    0 -70.74237200  3 3.560 -44.03918504
(-24.2744018, -25.5928062, 25.2438856,  0.7297377,  0.0482994, -0.3330898, -0.5951481)    0    0 -18.77064587  3 3.560 -16.33970988
(-13.0467400, -21.6593734, 26.8948655,  0.2335037, -0.3945054,  0.2404452, -0.8555861)    0    0 -46.94261075  3 3.400 -41.21078671
(-15.7942708, -23.8116524, 25.4786931, -0.7914116,  0.3018939,  0.2734597,  0.4557933)    0    0 -18.95265070  5 3.000 -14.35695662
(-25.8516596, -25.6967366, 23.8884784,  0.7305938,  0.2827696, -0.3319280, -0.5254502)    0    0 -25.50528712  5 3.160  -9.64622146
(-21.4191834, -19.3143275, 22.5079899,  0.6446199,  0.0716831, -0.5730337, -0.5009583)    0    0 -29.61840133  4 3.400 -20.23989109
(-16.8560947, -17.6693128, 27.3198863,  0.4007578, -0.0436822, -0.4112284,  0.8175428)    0    0 -58.85124117  1 3.800 -32.29651066
(-11.1021588, -26.3011474, 22.6840490, -0.2408973,  0.0845242, -0.6529661, -0.7130634)    0    0  -0.98199295  0 4.200  -0.67892255
(-22.0052359, -23.9873708, 29.3837773,  0.0794866,  0.1897039,  0.7888513, -0.5791441)    0    0 -10.71995213  1 4.120  -7.21038861
(-21.2120749, -25.8439853, 22.4370916, -0.5230291, -0.3108307,  0.7498614,  0.2598705)    0    0 -20.65204392  2 2.760 -11.60810355
(-20.4565133, -27.9844009, 29.5147063,  0.0762019,  0.8332546,  0.5120821, -0.1940414)    0    0   6.22682231  2 3.480   7.68669681
(-18.5915521, -16.6933200, 19.6358125, -0.1255433,  0.7237176, -0.3467697, -0.5832859)    0    0 -73.95816108  1 3.400 -34.94931304
(-25.8829939, -26.2646881, 23.0320934,  0.6232749, -0.0745714, -0.3589437, -0.6907437)    0    0 -23.22011057  2 3.640 -12.79414512
(-15.8293939, -16.3934140, 24.5449687,  0.5358326,  0.7587430, -0.2047759,  0.3086412)    0    0 -87.73013706  0 4.040 -56.18875614
(-12.6647628, -25.8880844, 21.5321557,  0.3901068, -0.3092754, -0.0283107,  0.8668125)    0    0 -29.25315296  6 3.240 -24.58400581
(-20.0017165, -29.0521363, 22.9809095,  0.5510402, -0.7125059,  0.1206217, -0.4173014)    0    0 -16.88792220  1 3.960  -8.72613250
(-20.3474352, -28.8539359, 29.5258295,  0.0941160,  0.8002957,  0.5229760, -0.2777862)    0    0   8.54694175  0 4.040   7.63131471
(-13.0414418, -26.9400877, 28.8182515, -0.3757667, -0.2964615, -0.7996041,  0.3626889)    0    0   8.07302884  0 4.040   6.37997082
(-22.3563896, -19.6384224, 17.1915969,  0.1079749, -0.2107428, -0.0374452,  0.9708382)    0    0 -18.34626288  0 4.200 -12.32552505
(-25.2195393, -29.2106721, 19.7419979,  0.3613773, -0.1514165, -0.1988764, -0.8982915)    0    0 -33.77991125  3 3.720 -16.60931054
(-19.1309762, -25.9218766, 14.3759840, -0.3896170,  0.5605468,  0.5629143,  0.4659542)    0    0 -17.29114249  0 4.200 -11.61783231
(-20.4734796, -21.4315810, 28.7964834, -0.1325204, -0.2531762,  0.9360275, -0.2054085)    0    0   5.50369734  1 3.640   5.73408172
(-17.4778039, -30.5100662, 28.1162974,  0.8916034, -0.4082809,  0.1929368, -0.0335495)    0    0  -3.41951365  0 4.120  -0.14639863
(-14.4991334, -22.6094530, 23.3866290, -0.0910994,  0.9682455, -0.0650509,  0.2233709)    0    0 -24.83757232  0 3.720 -16.17093457
(-12.6777058, -29.9100675, 20.9106093, -0.0776040,  0.6477350, -0.7350393, -0.1847544)    0    0 -32.99174929  4 2.920 -24.70148843
(-17.4295013, -28.6207694, 24.2157908,  0.4752380,  0.1475865,  0.3805116,  0.7794729)    0    0 -16.65632287  1 3.960 -12.99752386
(-23.3133413, -23.7699065, 13.7830401, -0.0358988,  0.5386222,  0.3216399, -0.7779108)    0    0 -25.02212293  3 3.080  -8.37797317
(-12.1608015, -19.2961302, 22.1853144, -0.2055805, -0.8879666,  0.4021049,  0.0869692)    0    0 -71.48068732  1 3.960 -53.74334506
(-9.4566743, -23.6682636, 23.0496542,  0.6998261,  0.3835040, -0.5930923,  0.1068162)    0    0 -11.52474335  1 3.720   0.52575213
(-26.1615157, -26.3546452, 22.8160100,  0.2411528, -0.3982108, -0.3392778, -0.8174130)    0    0 -25.19870327  2 3.240 -13.02983513
(-17.1065050, -23.9736995, 16.2915647, -0.0670238, -0.9351147, -0.2642924,  0.2263136)    0    0 -49.53550926  4 3.640 -38.97180894
(-12.2801130, -26.3751559, 19.9473669, -0.1812022, -0.9819931, -0.0267718,  0.0462440)    0    0 -15.34063441  0 4.200 -10.30958310
(-21.5947351, -18.7202923, 17.1608953,  0.0887723, -0.2919364, -0.1263102,  0.9438953)    0    0 -57.42937975  3 3.000 -30.16330785
(-16.2707318, -23.2223709, 20.3961279, -0.1695525,  0.2402023,  0.5837476,  0.7568313)    0    0 -28.09514591  7 3.480 -23.29288101
(-16.4232786, -29.9947785, 16.6121567,  0.8216378,  0.0647851, -0.5157993, -0.2338062)    0    0 -22.25654724  0 4.040 -14.01196524
(-15.3153639, -20.8254745, 21.1153192,  0.1665222,  0.9301258, -0.0558873, -0.3225103)    0    0 -45.92800333  1 4.040 -16.33720515
(-17.0987615, -28.0905304, 18.9816624, -0.8028806, -0.2973778,  0.1467578,  0.4953901)    0    0 -28.73682626  8 3.160 -12.75310336
(-20.5087245, -17.1740328, 27.5905840,  0.5151208,  0.0112408, -0.4291393,  0.7418650)    0    0 -17.57442785  0 3.880 -10.22893814
(-11.5232806, -21.2047246, 27.1503901, -0.3669304, -0.8905691,  0.2440048,  0.1127410)    0    0 -11.71709542  0 4.200  -7.87919482
(-16.6799991, -21.5812274, 17.9143760,  0.5997691, -0.5159885, -0.4552292, -0.4084106)    0    0 -51.13494079  7 3.240 -17.19430250
(-11.6904230, -26.4763389, 24.7873244,  0.2901031,  0.4381542, -0.3765257,  0.7629479)    0    0  -7.04971366  2 3.880  -4.76702200
(-25.3851887, -27.9801989, 22.2667898, -0.4042108, -0.0102637, -0.6042260, -0.6865997)    0    0 -23.48052329  1 3.480 -10.14680334
(-15.8475463, -21.7168247, 14.4954422,  0.5727183, -0.7159619,  0.2773601,  0.2871648)    0    0 -47.08578326  2 3.160 -46.35958983
(-11.1713600, -27.7305101, 15.7372599,  0.7164881, -0.2741179, -0.3754961, -0.5201027)    0    0 -15.52501756  0 4.200 -10.43325299
(-17.0200495, -26.3585782, 30.9779932,  0.3623905, -0.8574124, -0.3644813, -0.0258927)    0    0   9.64044365  0 4.200   6.44578222
(-22.3545059, -19.6320493, 17.0560269,  0.1028960, -0.1965611, -0.0510166,  0.9737420)    0    0 -37.73084284  2 3.400 -15.89842598
(-20.6708105, -26.1469736, 27.7132067,  0.5212212,  0.7096111, -0.2149432, -0.4225873)    0    0   4.42263418  2 3.480   7.37839826
(-23.3427990, -28.5768521, 14.7452444,  0.9399304,  0.2802072, -0.1903407,  0.0422510)    0    0 -32.69067831  0 4.120 -22.13238391
(-20.8748788, -32.0211814, 19.9967431,  0.2216491,  0.2484108, -0.1291866, -0.9340635)    0    0 -32.41995345  4 3.560 -24.63856665
(-11.4683604, -23.2207861, 27.7299601, -0.1287779,  0.2918159,  0.3464406, -0.8821783)    0    0 -34.33553029  2 3.800 -19.48112157
(-23.2070616, -16.4209199, 24.5283443, -0.1897698, -0.8787780,  0.0254051,  0.4371399)    0    0 -48.01317063  0 3.800 -29.07917191
(-14.8344937, -19.5104693, 17.6548495, -0.2536275, -0.8255466,  0.4657662,  0.1928934)    0    0 -78.27823476  4 3.240 -42.23710847
(-20.3811699, -21.6967861, 28.9431370, -0.1141557, -0.2587719,  0.9337035, -0.2195526)    0    0   5.42732750  2 3.560   5.40586796
(-18.7278356, -25.0402193, 26.8557616,  0.5655295,  0.6644125, -0.1733233, -0.4568276)    0    0  -8.47796184  1 3.560   2.58092537
(-21.6909606, -25.9082381, 23.5427220, -0.5261284, -0.3616450,  0.7077164,  0.3025547)    0    0 -17.75252752  0 3.720 -10.32528709
(-11.6988611, -26.4699008, 24.7376688,  0.3015453,  0.4482343, -0.3779552,  0.7518686)    0    0  -2.21438264  0 3.960  -0.23262508
(-13.7262182, -27.1582793, 18.6813249,  0.1351851, -0.6509270, -0.3092421, -0.6799846)    0    0 -14.34752238  1 3.480  -8.75922579
(-18.5456978, -18.4157032, 28.5047532, -0.9121469,  0.2898184,  0.2770421,  0.0850941)    0    0 -50.62719153  4 3.400 -41.85016808
(-19.2343878, -16.1147519, 19.1825314, -0.3386506,  0.5804252, -0.3340991, -0.6609086)    0    0 -59.63125995  0 4.200 -40.01629191
(-16.4908556, -26.1216946, 16.6863932,  0.0478856, -0.9096355, -0.2930192, -0.2905338)    0    0 -38.59241426  8 3.400 -35.51167862
(-22.0135637, -24.7071604, 26.1240029,  0.6626051,  0.3668598, -0.3123137, -0.5734357)    0    0  -3.32430373  1 4.120  -2.24996254
(-12.7546764, -24.1987837, 19.4429763, -0.2442181, -0.9670938,  0.0710450, -0.0062981)    0    0 -32.43865149  2 3.560 -10.99131371
(-20.0704755, -20.4327290, 23.9100042,  0.6606572,  0.3796786, -0.3426883, -0.5494916)    0    0 -22.12027840  1 3.880 -14.81657197
(-13.6700213, -24.5409471, 28.0845590, -0.0419319,  0.6935341,  0.6184135,  0.3671742)    0    0   3.65190423  0 4.200   2.42913548
(-14.4826771, -22.6645834, 24.3828453, -0.4706978,  0.6718914,  0.3228196,  0.4720096)    0    0 -30.30599319  6 2.760 -12.23528833
(-21.2437032, -25.7468814, 22.7110966, -0.4449743, -0.2671818,  0.7101647,  0.4756868)    0    0 -38.38309997  5 3.080 -30.31373935
(-12.3489952, -24.2576748, 23.3989249,  0.3021236,  0.3397834, -0.3751878,  0.8077764)    0    0 -47.48435875  7 2.840 -16.94062279
(-13.7218769, -19.4918221, 17.4842534, -0.7072163, -0.6105039,  0.3209388, -0.1553335)    0    0 -99.03866176  2 3.080 -54.49399640
(-13.0076773, -22.7304011, 15.8601585,  0.1065651, -0.9583821, -0.2022578,  0.1709955)    0    0 -51.04657253  3 3.320 -34.31140302
(-18.6063146, -19.2825256, 22.8452822,  0.6816965,  0.2360963, -0.1782159, -0.6691693)    0    0 -34.16461394  2 3.800 -21.64289437
(-14.8849324, -19.5777861, 18.1511029, -0.4418612, -0.8927241,  0.0877772,  0.0098723)    0    0 -102.79930632  6 2.920 -50.81308699
(-15.5262071, -32.1406635, 19.0320983,  0.9679355, -0.1007734, -0.1153288, -0.1991101)    0    0 -24.76882643  0 4.200 -16.63328144
(-20.0260368, -21.0031058, 14.1287236, -0.1102585, -0.1037657, -0.1001023, -0.9833897)    0    0 -59.56750772  2 3.880 -41.90979099
(-17.2954744, -26.0273587, 30.8641252,  0.4551168, -0.8500755, -0.2349883, -0.1225595)    0    0   1.84066715  2 3.480   1.61869388
(-11.9813404, -28.9191001, 18.3030840,  0.5056196, -0.1857804, -0.4713178, -0.6983509)    0    0 -25.93198937  2 3.880 -25.08016413
(-18.9884996, -23.4002942, 26.0616971,  0.5819639,  0.6429962, -0.1913021, -0.4596493)    0    0 -13.45877804  3 3.720  -4.67789748
(-20.2384166, -20.0758810, 23.6626299,  0.6691969,  0.1643720, -0.4933995, -0.5307677)    0    0 -24.53674772  1 3.400 -18.57600557
(-25.3694260, -28.7570068, 22.2768687,  0.5790772, -0.0628324, -0.1972886, -0.7885422)    0    0 -28.80000686  4 3.240 -19.89125386
(-21.6814305, -28.9739010, 14.9178867,  0.9552037,  0.2468975, -0.1527875, -0.0573020)    0    0 -41.13163821  3 3.080 -25.63860329
(-11.4383659, -26.7275384, 24.9119452,  0.2996707,  0.3685460, -0.3486881,  0.8079529)    0    0  -8.92867453  3 3.000   0.32688748
(-18.6032384, -19.2894671, 22.8439917,  0.6820277,  0.2421861, -0.1742315, -0.6677031)    0    0 -36.86077233  3 3.720 -23.76661687
(-9.2806094, -23.7851313, 23.3329402,  0.7143989,  0.4015865, -0.5637162,  0.1028912)    0    0   0.24729444  0 3.720   5.76701036
(-21.4036758, -30.2760052, 17.2350322, -0.8610766, -0.2013735, -0.4475047, -0.1331741)    0    0 -33.84358180  2 3.480 -22.70666577
(-22.4818374, -23.2644208, 18.2391215,  0.6593484, -0.4733609, -0.5647948, -0.1489831)    0    0 -44.70591491  7 3.320 -31.74939019
(-21.4328046, -17.8393217, 16.9039674,  0.0911629, -0.2908336, -0.1299841,  0.9435090)    0    0 -60.05393883  4 3.560 -39.46432397
(-22.9702646, -24.2286813, 14.9133953, -0.0421648,  0.4267120,  0.2711774, -0.8617435)    0    0 -29.66171748  4 3.160 -13.43909018
(-20.3673709, -22.3193406, 14.7455124, -0.0183988, -0.0886105, -0.0174251, -0.9957440)    0    0 -38.12813630  1 3.480 -26.80453877
(-18.9294561, -25.6782124, 16.2848607, -0.4022571,  0.4205748,  0.6240519,  0.5214070)    0    0 -26.54710274  5 3.560 -10.25227407
(-15.4325681, -23.6000314, 25.1402031,  0.6882270,  0.0707399, -0.4435602, -0.5697314)    0    0 -12.49062776  5 3.480 -14.33663633
(-14.7978259, -22.8469949, 24.2227593, -0.7520043,  0.3043769,  0.3229922,  0.4873606)    0    0 -20.31282348  4 3.400 -14.30529696
(-23.2661160, -23.4737429, 13.9019068,  0.0021451,  0.4645403,  0.3579687, -0.8099729)    0    0 -21.43971071  0 4.200 -14.40036939
(-25.3983266, -20.1225050, 25.9208044, -0.1924134, -0.9267184,  0.3023958, -0.1128135)    0    0 -17.09615555  1 3.800  -9.96132240
(-10.2592674, -22.8071441, 21.3582126,  0.6694392,  0.4085452, -0.6136558,  0.0914799)    0    0 -35.12710305  3 3.720  -8.00973714
(-12.3441109, -18.1543356, 21.8012879,  0.1508293, -0.8597899,  0.3822820,  0.3031045)    0    0 -93.14355140  1 3.480 -39.94804936
(-13.0101807, -20.3495208, 27.6614669, -0.0119091,  0.1132792,  0.3389221, -0.9338939)    0    0 -60.77620125  4 3.560 -33.79044799
(-15.0310597, -23.4155808, 24.8708104, -0.6987665,  0.4825284,  0.3053637,  0.4308651)    0    0 -13.04970108  2 2.680  -0.28067734
(-22.2201831, -20.7652289, 20.9828718,  0.7101286, -0.0796522, -0.5681499, -0.4081403)    0    0 -27.86290053  1 3.800 -16.92202988
(-14.6149606, -22.9774129, 17.7341565,  0.1598322,  0.9548964, -0.0028707, -0.2502363)    0    0 -31.76573561  1 3.880 -20.72734471
(-15.5511376, -21.4084595, 23.9937489, -0.1346513,  0.9781681, -0.0807849,  0.1361249)    0    0 -26.23108269  1 3.160 -15.83943677
(-22.3401379, -19.6403025, 17.2098439,  0.1086330, -0.2167729, -0.0238384,  0.9697510)    0    0 -27.59166313  1 3.800 -10.41709071
(-23.7449320, -27.8754842, 19.6685948, -0.4312156,  0.0207261, -0.6508132, -0.6245524)    0    0 -27.63322911  3 3.720 -19.37069429
(-16.0038364, -26.3490534, 17.0620286,  0.1458835, -0.7549240, -0.3402745, -0.5413142)    0    0 -25.62685855  2 3.640 -14.44190501
(-16.2210823, -20.6914636, 14.4464926,  0.6747195, -0.6126756,  0.2324788,  0.3396114)    0    0 -68.89956036  4 3.080 -35.53197111
(-14.2831039, -27.5337813, 19.1005501,  0.0236766, -0.6388491, -0.3966396, -0.6587779)    0    0 -27.24880531  4 3.320 -11.77169819
(-22.5032084, -21.4767364, 20.8039404,  0.7212864,  0.0385595, -0.3430881, -0.6004579)    0    0 -34.97173750  3 3.240 -20.99134920
(-10.9028787, -25.0031414, 18.4273788, -0.4849376,  0.1886827, -0.5868972, -0.6203113)    0    0 -15.36165898  1 3.960  -9.30787866
(-17.3042660, -29.3187214, 26.9792740, -0.0446665, -0.8083261, -0.5566983,  0.1862819)    0    0   1.52561661  3 3.960   1.00298703
(-15.8556308, -25.9541487, 15.7420971,  0.1668356, -0.9529876,  0.1713819,  0.1860342)    0    0 -32.11747735  1 3.160 -20.17650247
(-13.5483732, -18.9260483, 17.4820065, -0.7435690, -0.6147247,  0.2606065,  0.0360950)    0    0 -110.39371857  4 2.920 -52.93872012
(-20.9629428, -19.7331411, 27.3501553, -0.6426059, -0.7097224,  0.0529284,  0.2838138)    0    0 -25.80244462  2 3.480  -4.20280168
(-18.1727923, -19.0483547, 22.7622860,  0.5772351,  0.2849039,  0.1999444, -0.7386676)    0    0 -40.30438027  2 2.920 -24.02227685
(-10.6811569, -24.1030693, 24.7544437,  0.3510058,  0.3723162, -0.4161589,  0.7516564)    0    0 -19.15166082  4 3.320  -6.17024861
(-18.7651493, -28.7606211, 14.6453306,  0.7477310,  0.0084577, -0.6417532, -0.1702342)    0    0 -33.75827332  2 3.640 -20.27215234
(-13.9083351, -27.5396538, 18.7903750,  0.1372212, -0.6498437, -0.3077419, -0.6812991)    0    0 -12.64466024  0 4.200  -8.50133319
(-14.5948370, -23.4764466, 29.1566185, -0.0527987,  0.0057677,  0.1842454, -0.9814442)    0    0  11.57705035  1 3.720   8.19285826
(-19.9075541, -18.6710752, 28.3261946, -0.4829263, -0.0940259,  0.8584519, -0.1449197)    0    0 -24.00842245  3 3.800 -16.64337505
(-10.5943533, -24.7882890, 17.7111737, -0.7287218,  0.3118979, -0.4520046, -0.4091162)    0    0 -26.60008470  4 2.840 -18.41709734
(-17.5685938, -26.3040504, 24.0504986,  0.4618881,  0.0360025,  0.4730601,  0.7493847)    0    0  -7.23217307  0 4.200  -4.87105753
(-13.6778605, -24.9119019, 28.2325529, -0.0344549,  0.6930023,  0.6220912,  0.3625912)    0    0  -0.39546010  1 3.640   1.76492326
(-13.4765738, -21.8429698, 28.4988193, -0.0366743, -0.0267305,  0.2768440, -0.9598426)    0    0 -49.54191790  4 3.240 -28.14820062
(-13.0293126, -27.2917417, 16.0449064,  0.6152227, -0.2297032, -0.3521340, -0.6668876)    0    0 -37.29136541  3 3.320 -32.21566825
(-11.7997256, -30.5438794, 19.5153657, -0.1090490,  0.5939978, -0.7602756, -0.2392824)    0    0 -26.46911361  1 3.880 -16.21549020
(-22.3098667, -19.0680258, 20.9004588,  0.6533538,  0.0866909, -0.6438585, -0.3886640)    0    0 -33.54863037  5 3.240 -22.23800184
(-12.9904571, -30.1100969, 20.8325058, -0.1508719,  0.4223632, -0.6969693, -0.5595362)    0    0 -27.44585170  3 3.800 -24.29639916
(-15.1601128, -20.3351652, 17.7594038, -0.3648581, -0.9195628, -0.1047082,  0.1015826)    0    0 -70.87419370  1 3.800 -61.77893818
(-14.6545568, -20.0257110, 17.9308513, -0.3739127, -0.9164250, -0.1091397,  0.0918857)    0    0 -83.13613732  3 3.720 -76.11307958
(-20.6871378, -21.1863666, 28.9229867, -0.1673970, -0.2346591,  0.9379863, -0.1926006)    0    0   7.79392586  0 4.200   5.20728162
(-12.0320432, -26.5175251, 16.9049030, -0.6309250,  0.3002497, -0.4348214, -0.5680793)    0    0 -27.63726919  6 2.600 -16.72671864
(-24.2298658, -26.6891566, 26.6158344, -0.6360849,  0.2190218, -0.7056768,  0.2223639)    0    0 -13.22390432  0 4.200  -8.88984510
(-18.0245257, -28.9227404, 26.9803853,  0.5261250, -0.8100236, -0.2547724, -0.0463171)    0    0   2.21106494  0 4.040   3.76236853
(-17.1749172, -27.1446535, 20.5852428,  0.5255817,  0.2629411, -0.1406198,  0.7967760)    0    0 -33.01337241  2 2.840 -27.09433081
(-10.7730513, -25.0433852, 18.0320090, -0.6877565,  0.2738362, -0.4748772, -0.4758950)    0    0 -17.44145777  1 3.480  -9.27131451
(-16.3439305, -30.0207109, 16.2738849,  0.8110099,  0.0798629, -0.5283958, -0.2380811)    0    0 -22.30918727  1 3.320  -9.83510233
(-16.0041828, -20.7740887, 12.3271107,  0.7708494, -0.5600671,  0.1019260,  0.2858795)    0    0 -26.13292440  0 4.200 -17.54821232
(-12.0818787, -28.1533038, 23.2527437,  0.2261627, -0.4387043,  0.7465838, -0.4460960)    0    0  -1.49795952  0 4.200  -1.02499281
