#Coordinates  RecID  LigID  Luciferin  Neighbor's number  Vision Range  Scoring
(-11.0082025,  8.4433213, 33.2157897, -0.0774430, -0.1818455,  0.9749798,  0.1017309)    0    0  28.37935095  1 5.000  19.12153317
(-15.2503933,  6.2369814, 32.8178872, -0.9320428, -0.3581211, -0.0095064,  0.0543613)    0    0  34.47368571  9 1.480  24.72403394
(-14.7615642,  4.6341314, 31.4622342, -0.9275194, -0.3699774, -0.0007050,  0.0531414)    0    0  21.00794630 13 1.880  21.38380914
(-14.6156178, 13.3215265, 33.9962739,  0.4962071,  0.3969630, -0.0902681, -0.7668445)    0    0  22.33636160  0 5.000  14.96724044
(-14.1774580,  9.6432815, 34.0342974, -0.1306450,  0.9084760,  0.3892100, -0.0781850)    0    0  20.63308286  5 1.640  14.58859634
(-20.8275447,  1.7448887, 29.5812878, -0.2192433,  0.3369827, -0.9129599, -0.0698397)    0    0  23.09807636  3 5.000  16.10234815
(-21.4650538, 12.0944745, 30.2171373, -0.4030760, -0.0465547,  0.3251958,  0.8540803)    0    0  13.78608193  6 1.480  10.16258329
(-17.5050728,  4.8516068, 27.3489258, -0.9738147, -0.1918313,  0.1125181, -0.0471736)    0    0   8.56369187  9 2.440   9.83630220
(-16.2666618,  7.3512947, 30.4643462, -0.9341030, -0.3533707, -0.0034220,  0.0506854)    0    0  25.79438064 13 2.600  20.73759082
(-14.1565725,  9.7987758, 34.5884788, -0.1355863,  0.9066415,  0.3908319, -0.0826474)    0    0  19.87440932  7 2.760  14.01603122
(-11.6108350,  9.1468433, 32.9716470, -0.0767001, -0.1790428,  0.9748009,  0.1084890)    0    0  23.41233974  9 3.960  17.55999543
(-12.3560375,  7.4124612, 34.2790524, -0.1602983, -0.1588487,  0.9699302,  0.0911422)    0    0  12.95921125 10 2.280  13.38700005
(-15.5032919,  6.1464609, 32.3955499, -0.9389907, -0.3405768, -0.0063853,  0.0475208)    0    0  26.31871563 15 0.200  24.33899232
(-15.8856344,  2.6389366, 39.6808061,  0.0371270, -0.8013177, -0.5956466,  0.0413944)    0    0  19.82125859  0 5.000  13.71807054
(-21.8405284, 11.1365340, 31.3208714,  0.1681160,  0.3656378, -0.2211871,  0.8883255)    0    0  13.46052070 20 3.800   7.86327379
(-15.3260993,  5.8994461, 32.4223113, -0.9316755, -0.3585402, -0.0110430,  0.0575123)    0    0  33.99784471 10 3.480  24.04657735
(-15.3921710,  5.9392191, 32.5964958, -0.9297768, -0.3638023, -0.0060838,  0.0555506)    0    0  33.80912853 11 0.360  24.75648825
(-26.5334667,  3.8316574, 34.7941942, -0.7539372, -0.3587150,  0.3982314,  0.3798868)    0    0   9.88329638  2 5.000   6.39460410
(-22.1041098,  9.2211048, 33.6180496,  0.3609427,  0.4527684, -0.3825184,  0.7199923)    0    0  22.57237975  3 3.800  15.57030008
(-14.1522239,  9.7196989, 34.9529814, -0.1271620,  0.9080281,  0.3909834, -0.0802920)    0    0  21.75724383  1 5.000  14.68303689
(-15.4442552,  5.7336969, 32.3155169, -0.9245991, -0.3755043, -0.0126893,  0.0628599)    0    0  35.59515778  3 5.000  24.16392053
(-17.5011668, -1.0104245, 35.1249368, -0.2519372,  0.2670077, -0.8421022, -0.3950831)    0    0  20.04748725  0 0.520  14.45409787
(-21.7105761, 10.1262854, 33.1115983,  0.3439039,  0.4407909, -0.3797394,  0.7370424)    0    0  16.67331125 12 1.720  14.94111533
(-17.8804582, -0.7080397, 35.4555297, -0.2492990,  0.2671967, -0.8430285, -0.3946625)    0    0  19.96118117  3 0.200  14.62283510
(-19.5062695,  0.6684246, 29.8227518, -0.2307471,  0.3374921, -0.9090304, -0.0792350)    0    0  11.26164129  5 3.160  13.36657667
(-15.5408966, 12.8676881, 33.6638685,  0.4962751,  0.3968733, -0.0898222, -0.7668970)    0    0  15.09203249 12 1.640  11.94783342
(-17.6640636, -1.1647625, 35.4475271, -0.2590407,  0.2652440, -0.8397749, -0.3964907)    0    0  17.67708444  0 0.440  14.03145393
(-17.4818029,  4.8885574, 27.4077327, -0.9744035, -0.1878063,  0.1136277, -0.0485317)    0    0  11.97023481  1 2.440  11.57394506
(-18.0464065, -0.9563179, 35.3416848, -0.2493657,  0.2675696, -0.8428668, -0.3947135)    0    0  21.11106220  6 4.040  14.00904540
(-9.6257913,  4.3715940, 28.3612601, -0.8770871,  0.2672555,  0.1276529, -0.3781498)    0    0 -14.23461982  1 5.000  -4.12910652
(-21.1071196,  3.4665277, 37.9984194, -0.6292435,  0.6600148,  0.3127068,  0.2657939)    0    0  14.87094631  2 5.000  10.52397374
(-14.2278951,  9.9179592, 34.3736449,  0.0486556,  0.8986584,  0.3016336, -0.3147425)    0    0   7.44882375 28 3.160  -9.14846662
(-16.6776210,  9.9878644, 36.6531357, -0.1652957,  0.8763477,  0.4364637, -0.1191278)    0    0   9.55316176  6 3.320   8.69597055
(-15.9950225, 12.6397756, 33.5016793,  0.4891641,  0.3943064, -0.0899061, -0.7726571)    0    0  12.75472890  9 1.880   8.46206008
(-17.5638743,  5.1719705, 27.4519658, -0.9762959, -0.1928611,  0.0917820, -0.0350276)    0    0  11.80829725  3 2.760  10.94988183
(-26.3346901,  3.9049182, 34.2475029, -0.7534084, -0.3584907,  0.4004979,  0.3787466)    0    0   9.03877561  4 4.760   6.52172360
(-17.6691354, -1.1299297, 35.3648938, -0.2495389,  0.2673938, -0.8429176, -0.3946145)    0    0  21.38019859  3 2.360  14.78021048
(-17.4530455, -1.5476413, 35.2747456, -0.2493862,  0.2676420, -0.8428112, -0.3947703)    0    0  21.16567216  5 4.840  14.60930906
(-10.4802578, 12.7066348, 33.4938765,  0.1683456, -0.9077394,  0.3465956,  0.1659435)    0    0  16.87961728  2 5.000  11.35834643
(-22.7958229, -1.3520670, 33.4043552, -0.6677876,  0.1667302, -0.6686094,  0.2814645)    0    0  -1.89895014  0 5.000  -1.21605163
(-11.2885110,  8.7755795, 33.0912096, -0.0774198, -0.1818622,  0.9749812,  0.1017054)    0    0  28.43286992  0 5.000  19.30295773
(-15.2770533,  5.9396659, 32.4261316, -0.9248806, -0.3749696, -0.0118314,  0.0620519)    0    0  35.47174935  4 4.440  23.88745306
(-22.4458370,  9.6283774, 33.4227103,  0.3572817,  0.4525362, -0.3803316,  0.7230573)    0    0  21.19903057  9 1.720  15.67157707
(-17.2203382,  7.7311026, 29.8268552, -0.9396295, -0.3395092,  0.0008978,  0.0427267)    0    0  21.81077489  6 2.520  14.59815160
(-14.1545032,  9.7335311, 34.5204605, -0.1286744,  0.9079211,  0.3907596, -0.0801668)    0    0  21.52461962  3 4.040  14.90558729
(-15.0149656,  6.2332915, 32.5654232, -0.9260440, -0.3720756, -0.0123468,  0.0619477)    0    0  35.62541756  2 4.920  24.91009633
(-11.0544258,  7.5884769, 33.7357848, -0.0801362, -0.1880728,  0.9738149,  0.0991817)    0    0  26.06421897  5 4.680  19.51443505
(-26.4677076,  3.7975878, 34.7718340, -0.7539871, -0.3584102,  0.3982828,  0.3800216)    0    0   9.93599338  1 5.000   6.61555205
(-15.3310958,  6.4099558, 32.6061020, -0.9299532, -0.3627961, -0.0096371,  0.0573332)    0    0  33.43945442 12 1.000  23.73973958
(-11.2120850,  8.8154906, 33.0469266, -0.0887210, -0.1787316,  0.9744355,  0.1025694)    0    0  25.18681699  7 2.520  20.08825152
(-14.1551704,  9.7284986, 34.6924557, -0.1271668,  0.9080252,  0.3909855, -0.0803066)    0    0  21.77824472  0 5.000  14.58606152
(-26.5569297,  3.8013204, 34.8105574, -0.7539562, -0.3585938,  0.3982419,  0.3799524)    0    0  10.07795370  0 5.000   6.87082991
(-14.8940925, 13.3085581, 34.2741747,  0.4974234,  0.3972411, -0.0901674, -0.7659223)    0    0  21.81500934  1 5.000  14.96283297
(-14.7480563, 13.2181416, 33.8024521,  0.4957365,  0.3970946, -0.0900875, -0.7670984)    0    0  16.68008560 11 1.160  12.54667875
(-22.3620602,  9.5753384, 33.4534400,  0.3593484,  0.4528431, -0.3826072,  0.7206783)    0    0  22.25885190  5 3.240  15.67142161
(-21.7235996,  4.2638373, 37.8082081, -0.6293966,  0.6616425,  0.3077965,  0.2671118)    0    0  14.03264089  7 4.840  10.13970780
(-15.0763939,  6.2558303, 32.9990603, -0.9466989, -0.3189618, -0.0082181,  0.0442388)    0    0  32.07026853 14 0.520  23.47342088
(-19.9099345,  3.4210931, 32.9564741, -0.3701714,  0.3000716, -0.8772142, -0.0585277)    0    0   3.89455409  7 4.200   2.58874558
(-11.5911630,  9.1027630, 32.9294485, -0.0778365, -0.1828000,  0.9747016,  0.1023759)    0    0  25.85810609  6 3.560  17.92325453
(-14.2046660,  9.7807965, 33.9670518, -0.1290285,  0.9079625,  0.3905957, -0.0799330)    0    0  21.24056553  4 4.600  14.83599645
(-16.4692976,  5.8364015, 33.1959032, -0.9572692, -0.2869589, -0.0162474,  0.0320343)    0    0  22.15041301 16 1.880  20.97888939
(-26.2939566,  3.8875883, 33.5218951, -0.7540569, -0.3573423,  0.3988456,  0.3802945)    0    0   9.37663090  3 5.000   6.89976568
(-15.2469588,  6.2656030, 32.8675419, -0.9272462, -0.3693572, -0.0112257,  0.0602183)    0    0  35.27520257  5 4.920  24.62231668
(-17.5572454,  5.6889552, 27.9191453, -0.9667255, -0.2526977,  0.0397013,  0.0030973)    0    0  12.36874401  8 2.040  11.23180524
(-14.7559249, 13.3130471, 34.1374855,  0.4968921,  0.3972393, -0.0901408, -0.7662721)    0    0  21.65343559  4 4.120  14.97499220
(-16.7497425,  6.5969381, 30.0090398, -0.9280492, -0.3674555, -0.0105693,  0.0598688)    0    0  23.15332480 13 2.920  18.19128963
(-22.1385318,  4.7733134, 37.7234336, -0.6155160,  0.6672065,  0.3342166,  0.2535247)    0    0  13.37021843  7 3.240   9.61754937
(-14.1706186,  9.7445086, 34.3268613, -0.1286136,  0.9078867,  0.3908877, -0.0800304)    0    0  21.65793304  2 3.880  15.02750691
(-20.6316480,  1.5046954, 29.0952936, -0.2189651,  0.3360656, -0.9133138, -0.0705130)    0    0  23.65883358  1 5.000  16.61226765
(-15.2793312,  5.8851094, 32.3406161, -0.9294529, -0.3642926, -0.0071575,  0.0559652)    0    0  34.58486867  8 1.640  25.25626844
(-16.8165769,  3.3392273, 39.1889644,  0.0506019, -0.7919309, -0.6076663,  0.0320415)    0    0  14.04602618  5 2.600  12.79948871
(-17.7152700,  7.2505188, 27.6703379, -0.9735262, -0.2217701,  0.0546728, -0.0060139)    0    0  17.87366759  0 1.000  13.08285670
(-24.7430905,  4.7470554, 30.1619393, -0.7551952, -0.3445400,  0.4057543,  0.3823153)    0    0   0.86583418  2 5.000   0.53939385
(-10.9274116,  6.7169472, 34.3136414, -0.0846487, -0.1989268,  0.9716442,  0.0957613)    0    0  22.26692447 10 3.960  17.18866578
(-11.1950328,  8.6469038, 33.1178809, -0.0774836, -0.1818190,  0.9749770,  0.1017738)    0    0  27.74801622  2 5.000  18.98481675
(-18.1077963,  7.7390461, 28.7944413, -0.9688585, -0.2447816,  0.0373485, -0.0005026)    0    0  18.99407905  7 0.360  14.08193075
(-14.4856020, 13.3281571, 33.8657064,  0.4964568,  0.3970192, -0.0902476, -0.7666562)    0    0  21.80575984  2 5.000  14.49669929
(-14.4589095, 13.3355960, 33.9852365,  0.5004601,  0.3981044, -0.0897868, -0.7635345)    0    0  20.33777034  7 3.800  13.08003672
(-18.3379462, -0.9445380, 35.5245085, -0.2535422,  0.2660633, -0.8418859, -0.3951432)    0    0  18.56727303  1 0.600  15.00542526
(-15.0482772,  6.0234516, 32.2013112, -0.9359031, -0.3482199, -0.0051198,  0.0513887)    0    0  32.57702019  2 0.600  24.14963556
(-20.2063833,  3.1152644, 33.3829958, -0.4345398,  0.2927478, -0.8484845, -0.0744844)    0    0   2.51995112  5 3.880   2.57364103
(-21.1473586,  3.4683465, 37.9797030, -0.6137588,  0.6695126,  0.3316054,  0.2551290)    0    0  14.10584072  4 4.680  10.44918701
(-17.3930376,  6.8519857, 29.0948997, -0.9491097, -0.3127822,  0.0037681,  0.0340898)    0    0  21.53680983  7 2.680  16.26979310
(-14.2827786,  6.3393755, 36.8125239, -0.9352878,  0.3411991, -0.0139397, -0.0927792)    0    0   8.02032112  4 4.520  12.13623630
(-11.2393639,  8.7170062, 33.1127098, -0.0774599, -0.1818407,  0.9749779,  0.1017452)    0    0  27.70497443  3 5.000  18.83154392
(-17.0792576, -0.9248171, 35.3578667, -0.2504577,  0.2665921, -0.8430337, -0.3943220)    0    0  11.15180829 17 0.520  10.51644905
(-13.9374856,  6.2570762, 36.4702446, -0.7738830,  0.1367036,  0.6183576, -0.0071425)    0    0   9.88438588  3 5.000  13.40931762
(-17.5945686,  5.3383788, 27.5691646, -0.9770834, -0.2016196,  0.0645861, -0.0220483)    0    0  11.36028113 11 2.440  11.49697678
(-10.8096250, 13.2895771, 33.7184707,  0.1685962, -0.9074724,  0.3477776,  0.1646811)    0    0  17.38560387  0 5.000  11.59368107
(-17.8735029, -0.7195790, 35.4543068, -0.2493880,  0.2676355, -0.8428139, -0.3947677)    0    0  21.49778698  2 3.640  14.45912555
(-9.8069464,  3.9359072, 28.6579507, -0.8835521,  0.2516529,  0.1373557, -0.3703241)    0    0 -17.51800512  2 5.000  -3.51697059
(-21.4187404,  3.9038244, 37.9347947, -0.6295073,  0.6588835,  0.3144767,  0.2658772)    0    0  14.33233846  3 3.720  10.32039234
(-21.3235099,  3.7672850, 37.9547443, -0.6280121,  0.6590437,  0.3183864,  0.2642902)    0    0  14.03621313  6 4.360  10.10303549
(-13.9895448,  9.6926226, 35.0076637, -0.1303809,  0.9080395,  0.3900827, -0.0792990)    0    0  20.48982309  6 3.240  14.30059280
(-16.0627291,  3.1684162, 39.4446811,  0.0332637, -0.7971495, -0.6013201,  0.0423651)    0    0  16.37472312  3 4.120  13.65931962
(-25.6145883,  3.7413997, 34.9978647, -0.7499141,  0.4387286,  0.3681069,  0.3311243)    0    0   7.04985198  7 4.840   1.46283263
(-14.8197115, 13.3071553, 34.1454788,  0.4977181,  0.3974024, -0.0901090, -0.7656530)    0    0  21.49052742  5 2.920  14.87635108
(-16.8778482, -0.9165491, 33.5838982, -0.2860851,  0.2645076, -0.8307455, -0.3975586)    0    0  -7.64107625 11 1.960   8.82578832
(-14.4742987, 13.4533398, 33.5041485,  0.4985991,  0.3973831, -0.0899891, -0.7651026)    0    0  18.72936957  9 2.280  12.31310819
(-15.8062196,  2.7852174, 39.6842677,  0.0363185, -0.8011728, -0.5958770,  0.0416283)    0    0  19.68840139  1 5.000  13.47729355
(-17.8213756,  7.3605597, 28.9541619, -0.9533342, -0.3006867,  0.0122404,  0.0243205)    0    0  21.24634417  7 1.320  16.49023358
(-21.5258369,  4.1616775, 37.9245741, -0.6266626,  0.6582708,  0.3251395,  0.2612620)    0    0  12.63474474  8 2.440   9.63874849
(-18.0380158, 10.6911567, 36.7218353, -0.1467844,  0.8688217,  0.4647838, -0.0870586)    0    0  10.62161966  6 4.920   7.65967495
(-10.8149429,  6.8720497, 33.8681308, -0.0815100, -0.1903374,  0.9733051,  0.0985020)    0    0  21.54260401  9 3.160  17.81353738
(-10.9242413,  7.1543547, 33.9493054, -0.0848936, -0.1990437,  0.9716751,  0.0948232)    0    0  23.62989950  8 3.560  18.49826131
(-22.3345809, 10.5078119, 30.5028955, -0.3861617, -0.0158156,  0.2721472,  0.8812292)    0    0  11.52987724  9 3.720   8.66390881
(-18.1155537,  7.0952634, 28.5369862, -0.9720781, -0.2290627,  0.0500455, -0.0053714)    0    0  17.60608436  4 0.680  14.24152298
(-22.4525579,  9.4197330, 33.4777359,  0.3619845,  0.4487633, -0.3922929,  0.7167182)    0    0  23.04689803  0 3.720  16.06819411
(-21.9240786, 11.0024459, 31.3855896,  0.2787664,  0.4243567, -0.2935532,  0.8099612)    0    0  11.82687054 23 2.600   6.25452557
(-14.3514542, 13.3722735, 33.5254546,  0.5009461,  0.3977168, -0.0897394, -0.7634164)    0    0  19.81281456  8 1.720  14.83957543
(-14.4426178,  9.9343475, 35.1807508, -0.1405633,  0.9047107,  0.3925495, -0.0861277)    0    0  17.50286958  7 1.560  12.75808659
(-22.2706493,  9.5024772, 33.5838368,  0.3628605,  0.4529364, -0.3829497,  0.7186246)    0    0  22.06743500  6 4.840  15.12019990
(-17.1831128, 10.6320658, 36.2228987, -0.1845999,  0.8346563,  0.5008998, -0.1355401)    0    0   9.52547928  6 3.560   7.92940552
(-22.1096452,  9.5402379, 33.6657413,  0.3636255,  0.4526981, -0.3842496,  0.7177692)    0    0  22.49463358  4 5.000  15.38544611
(-17.7916378, -0.9493056, 34.8533294, -0.2706851,  0.2635579, -0.8353105, -0.3994034)    0    0  14.94713484  0 0.760  15.13139763
(-17.7062747,  7.7610641, 29.5423347, -0.9443879, -0.3265400,  0.0044001,  0.0354453)    0    0  22.80840930  8 4.040  15.11201298
(-21.5338990, 12.0364301, 30.3792519, -0.4053691, -0.0442291,  0.3226709,  0.8541681)    0    0  14.65284855  1 3.000  10.10193500
(-17.2970063,  4.4761137, 27.3803551, -0.9646046, -0.2087790,  0.1485361, -0.0623402)    0    0   9.73960945  4 2.360  11.42743968
(-10.6034373,  6.3077473, 34.0563996, -0.0944472, -0.2169372,  0.9675943,  0.0881996)    0    0  14.34546101  9 3.160  13.36822918
(-10.2574618, 12.3123240, 33.3420182,  0.1682514, -0.9078334,  0.3461926,  0.1663708)    0    0  16.33453256  3 5.000  10.84746874
(-19.5022963,  2.0328648, 34.1852122, -0.2651164,  0.2895132, -0.8679337, -0.3042803)    0    0  17.69237247  3 3.800  13.52515362
(-20.7748977,  1.8813800, 29.6059595, -0.2225572,  0.3400861, -0.9111399, -0.0677712)    0    0  19.81366847  4 5.000  15.98080031
(-20.7255012,  3.4713711, 38.1340312,  0.3579750, -0.7862049, -0.4892208, -0.1199950)    0    0  14.88903368  4 5.000  10.72035953
(-17.0345897,  6.6143123, 29.6277748, -0.9351350, -0.3507269, -0.0051717,  0.0498649)    0    0  24.04739218 15 3.240  17.91945824
(-19.8339710,  2.8456488, 34.0300748, -0.3425074,  0.2974032, -0.8807486, -0.1360950)    0    0   7.07380721  3 3.640   5.43387760
(-14.2685188, 13.4596745, 32.8374732,  0.5066315,  0.3967358, -0.0898155, -0.7600782)    0    0  18.06758518 11 1.800  14.03696002
(-22.7982543,  9.6219537, 30.7838047, -0.4235958, -0.0440223,  0.2734725,  0.8624625)    0    0  10.01310766 10 3.800  11.70268807
(-22.4817698,  9.6793911, 33.0550423,  0.3542465,  0.4504700, -0.3772614,  0.7275026)    0    0  18.67041975 11 1.880  14.66927591
(-15.3351277,  5.7426327, 32.1947377, -0.9262921, -0.3716459, -0.0112169,  0.0609132)    0    0  35.13190202  7 2.040  24.32103746
(-21.5264749, 11.9673535, 30.4239157, -0.3986002, -0.0345662,  0.3088015,  0.8628749)    0    0  14.78875263  0 4.760  10.11264309
(-21.5273997, 11.9594079, 30.4311151, -0.3618523, -0.0008763,  0.2745893,  0.8908776)    0    0  12.13918925  8 2.440   9.72445170
(-15.9268757,  2.6071987, 39.6753063,  0.0506815, -0.7975233, -0.6002812,  0.0324101)    0    0  15.30510711  4 4.840  13.45429371
(-17.8358404, -0.7617365, 35.4358120, -0.2493511,  0.2675663, -0.8428269, -0.3948102)    0    0  21.37090220  4 4.120  14.66581001
(-21.7791625, 11.7042293, 30.7613929, -0.4105885, -0.0471678,  0.3219957,  0.8517352)    0    0  14.24769418  4 2.360  10.40259290
(-17.6622713, -0.3598960, 35.6161889, -0.2494750,  0.2673542, -0.8429826, -0.3945431)    0    0  20.91619952  7 0.440  14.44797528
(-17.6818649, -1.1064510, 35.3806187, -0.2518135,  0.2663967, -0.8426786, -0.3943459)    0    0  18.77035449 13 0.200  13.28330765
(-21.4781662, 12.0290252, 30.3529563, -0.4033639, -0.0387789,  0.3129497,  0.8589430)    0    0  14.40490495  3 3.080  10.03937369
(-14.5283445, 13.3047155, 33.9132719,  0.4964288,  0.3971098, -0.0901880, -0.7666344)    0    0  21.69072155  3 3.240  14.63981250
(-17.8016447,  2.4933344, 39.2292730,  0.1513806, -0.8021559, -0.5772889, -0.0191637)    0    0   6.55005755  6 2.680   4.58194125
(-16.8104552,  6.9542610, 29.6926226, -0.9356691, -0.3491659, -0.0056425,  0.0498853)    0    0  21.33816929 13 3.080  15.40005726
(-21.8732728,  3.7620482, 36.2541087, -0.6298639,  0.6622980,  0.3071407,  0.2650670)    0    0  12.63265183  9 2.680   9.97330317
(-18.1163011,  7.5271824, 28.1743100, -0.9776668, -0.2003443,  0.0611886, -0.0169028)    0    0  17.43537832  7 0.520  13.73216513
(-22.7954312,  9.3597013, 33.3415064,  0.3627784,  0.4508057, -0.3879473,  0.7173833)    0    0  22.61558020  2 4.520  15.61940275
(-21.2771780,  3.7394654, 37.9729840, -0.6286356,  0.6620084,  0.3075336,  0.2681137)    0    0  15.96733057  0 5.000  10.91590840
(-17.7583127, -1.6103989, 35.4589095, -0.2506747,  0.2671372, -0.8424458, -0.3950736)    0    0  19.96094822  5 0.120  14.50232405
(-17.8737148,  7.1210886, 27.6342275, -0.9763850, -0.2060903,  0.0628194, -0.0158981)    0    0  15.96511194  6 1.000  13.56852742
(-20.7872572,  1.6904611, 29.4884385, -0.2189476,  0.3360602, -0.9133173, -0.0705481)    0    0  24.30990434  0 5.000  16.64357803
(-18.3365994, -0.7937758, 35.3703120, -0.2497704,  0.2671999, -0.8429662, -0.3944958)    0    0  20.29642648  3 0.440  14.44382814
(-19.4949387,  3.2821786, 34.2124639, -0.3183355,  0.2927451, -0.8812548, -0.1906640)    0    0  10.80534928  2 3.720  11.62568079
(-21.6869107, 11.5169053, 30.8895314,  0.0461264,  0.3017656, -0.0944194,  0.9475731)    0    0  10.56298073  3 2.520   6.14835239
(-10.7695580, 13.0137458, 33.4628166,  0.1685883, -0.9074738,  0.3477742,  0.1646889)    0    0  17.00107316  1 5.000  11.47308818
(-18.1153861, -0.9303088, 35.3354777, -0.2496482,  0.2667112, -0.8432052, -0.3943929)    0    0  20.67242643  8 1.720  14.51959968
(-17.5219872,  7.1978901, 28.7678814, -0.9467867, -0.3195541,  0.0089326,  0.0374208)    0    0  19.32216179 11 1.240  13.96045561
(-11.6106333,  9.1428764, 32.9493985, -0.0771074, -0.1813867,  0.9749753,  0.1028344)    0    0  26.73549556  4 4.760  17.80622703
(-10.8898973,  6.9433973, 34.0049970, -0.0866950, -0.2034990,  0.9706983,  0.0938983)    0    0  22.20417220 11 3.320  17.28034667
(-12.2765294,  3.1618147, 30.1339950, -0.9408714, -0.3365284,  0.0375766,  0.0098841)    0    0 -20.11056416  4 5.000  -6.95510519
(-17.6676408, -1.1143531, 35.3702250, -0.2492687,  0.2676670, -0.8428551, -0.3947339)    0    0  20.29042060 10 3.240  13.00503388
(-17.4518667,  4.9335491, 27.4680368, -0.9767783, -0.1870206,  0.0975824, -0.0374841)    0    0   8.92354838  6 2.280  10.09823796
(-19.9318914, 10.6683460, 35.7880035, -0.2010259,  0.7623009,  0.5823548, -0.1983651)    0    0   9.39788042  5 4.280   6.57781386
(-14.0455366, 13.3348144, 32.2366388,  0.5074291,  0.3954335, -0.0904254, -0.7601786)    0    0  16.54644688 11 2.120  13.48795569
(-21.7060863, 11.9401290, 30.5391792, -0.3563129,  0.0002608,  0.2780111,  0.8920487)    0    0  11.11475643 10 2.120   7.54835218
(-17.5920365, -1.1023767, 35.0697433, -0.2595058,  0.2671207, -0.8398681, -0.3947351)    0    0  14.74255526 10 0.440  14.28420988
(-21.4318878, 11.9477602, 30.4195921, -0.4060240, -0.0499291,  0.3307091,  0.8503951)    0    0  13.96487510  5 1.960  10.09576930
(-22.6701469,  9.3333267, 33.2864471,  0.3591753,  0.4526497, -0.3777630,  0.7234500)    0    0  21.24628966  8 2.600  15.08680038
(-15.7668543,  2.9024071, 39.7711216,  0.0350281, -0.8006081, -0.5967202,  0.0414567)    0    0  18.90355938  2 5.000  13.51187264
(-25.7073387,  4.2125676, 31.7935601, -0.7536662, -0.3479513,  0.4045690,  0.3835941)    0    0   4.32805029  6 4.600   3.51950562
(-14.6107684, 13.3232698, 33.9837979,  0.4975441,  0.3972313, -0.0900557, -0.7658618)    0    0  18.64782541 10 2.360  12.65508414
(-18.0499228,  7.5373935, 28.3228337, -0.9720478, -0.2302741,  0.0455443, -0.0047624)    0    0  18.49847990  6 0.440  14.86507006
(-13.9297422,  9.3276120, 36.1302080, -0.1313138,  0.9101588,  0.3858848, -0.0734025)    0    0  18.01559048  7 2.600  13.30371302
(-15.8169000,  6.8137784, 31.4400298, -0.9257465, -0.3729349, -0.0114713,  0.0614011)    0    0  30.39735667 11 1.640  22.72536141
(-20.9568445,  1.8760124, 29.9187215, -0.2189262,  0.3367943, -0.9130737, -0.0702619)    0    0  23.48513797  2 5.000  16.52058228
(-22.9521546,  9.4631103, 33.3448296,  0.3674001,  0.4596399, -0.3714168,  0.7181528)    0    0  18.88596360 10 1.880  14.16056236
(-9.6265249,  4.3258753, 28.4188255, -0.8771084,  0.2669435,  0.1276496, -0.3783221)    0    0  -8.97212827  0 5.000  -5.41106865
(-15.2828332,  5.8844674, 32.3523711, -0.9247826, -0.3749650, -0.0131304,  0.0632788)    0    0  36.43006858  0 5.000  24.80487831
(-22.4554411,  9.4185229, 33.4758964,  0.3636533,  0.4525964, -0.3850064,  0.7173645)    0    0  22.05005752  7 4.840  15.07187261
(-14.3340716,  6.3641616, 36.8664612, -0.9352244,  0.3408216, -0.0117847, -0.0951623)    0    0  18.47555980  1 4.920  13.16864622
(-14.2712276,  6.2807676, 36.8235823, -0.9349719,  0.3413135, -0.0112101, -0.0959531)    0    0  21.41707438  0 5.000  14.55871178
(-22.1407814,  9.5954633, 33.7109226,  0.3628185,  0.4506885, -0.3887240,  0.7170210)    0    0  22.67596260  1 5.000  15.53811140
(-16.2804562, 10.5681712, 35.5738841, -0.1669347,  0.8804931,  0.4263827, -0.1227298)    0    0  10.74024235  4 2.920   9.15971613
(-19.6000999,  3.5992778, 33.4989863, -0.8139728,  0.0524027, -0.5758515, -0.0556541)    0    0  12.85083981  6 4.280  11.25735958
(-17.4633711,  7.2985317, 28.7901149, -0.9598274, -0.2792841,  0.0193281,  0.0189269)    0    0  19.45671725  4 0.920  13.96234494
(-15.4235963,  5.6474916, 32.1504564, -0.9276543, -0.3681443, -0.0125117,  0.0613849)    0    0  35.23015171  6 1.640  24.62992585
(-17.3854927,  5.2152363, 27.6119030, -0.9801949, -0.1700772,  0.0943803, -0.0372030)    0    0   8.64528074 10 2.440   8.89028645
(-17.6634850, -1.1324571, 35.3652662, -0.2492776,  0.2677179, -0.8428193, -0.3947688)    0    0  21.73840773  0 5.000  14.50068813
(-15.7920117, 10.5524318, 35.3712387, -0.1307348,  0.9014841,  0.4043606, -0.0805778)    0    0  14.62397474  9 2.600  10.87237947
(-14.5056505, 13.1722309, 33.7475044,  0.4978486,  0.3974745, -0.0900457, -0.7655401)    0    0  21.04238435  6 4.360  14.62739378
(-15.1348133,  6.1233307, 32.5325315, -0.9246732, -0.3752534, -0.0130467,  0.0631982)    0    0  36.23372137  1 5.000  24.75493411
(-22.6681092,  9.9802868, 30.5733958, -0.3971269, -0.0292306,  0.3272707,  0.8569304)    0    0   9.07088815 11 3.560   8.23508413
(-17.6580384, -1.1431646, 35.3629571, -0.2492995,  0.2677116, -0.8428129, -0.3947741)    0    0  21.71890561  1 5.000  14.55061494
(-17.7293085,  7.1652269, 28.6379164, -0.9627237, -0.2686663,  0.0280659,  0.0139232)    0    0  19.45074350  5 0.840  14.80486118
(-26.4095453,  4.0876316, 34.9513784, -0.7533188, -0.3580365,  0.4008981,  0.3789361)    0    0   8.82246498  5 3.560   6.63249473
(-17.4508845,  4.7878108, 27.3573944, -0.9815235, -0.1494140,  0.1081154, -0.0504240)    0    0   6.82139509  8 1.400   7.29142578
(-17.7920326,  7.5541289, 29.0727927, -0.9496890, -0.3115238,  0.0088666,  0.0307215)    0    0  22.45607723  4 2.440  16.63386324
(-21.4799502, 11.6067861, 30.6557192, -0.4071951, -0.0473783,  0.3271012,  0.8513295)    0    0  14.62513922  2 3.480   9.87243896
(-18.2193843,  6.6449519, 27.6098055, -0.9783111, -0.1963959,  0.0635007, -0.0174248)    0    0  10.35993747  8 1.240  11.38920492
(-25.0517981,  3.5822726, 33.8932900, -0.7718852, -0.3210278,  0.3812504,  0.3946929)    0    0   0.17589112  7 2.920   0.88192677
(-18.1758026,  7.7604853, 29.2490260, -0.9542922, -0.2978402,  0.0125880,  0.0214296)    0    0  20.77334138  4 0.920  16.47584029
(-17.4107507, 10.7963497, 35.9670046, -0.1516783,  0.8679715,  0.4621540, -0.1001645)    0    0  10.79858725  3 4.360   7.99658661
(-10.6477950,  6.5812465, 33.8047821, -0.0846142, -0.1963315,  0.9721261,  0.0962564)    0    0  18.70047606 10 3.240  16.37731965
(-13.6254375,  6.0273237, 36.0726096, -0.8911538,  0.2225107,  0.3925110, -0.0476333)    0    0   2.54403635  6 3.240   5.09716993
