#Coordinates  RecID  LigID  Luciferin  Neighbor's number  Vision Range  Scoring
(-12.4604303,  7.2846329, 33.0887066, -0.0787367, -0.1823336,  0.9748011,  0.1015764)    0    0  32.28759509  0 5.000  21.52506340
(-15.3024178,  6.0092151, 31.0990974, -0.9296518, -0.3637595, -0.0092757,  0.0577963)    0    0  38.59925567  2 1.280  25.81880222
(-15.8241491,  5.8315863, 31.3698493, -0.9296518, -0.3637596, -0.0092757,  0.0577963)    0    0  38.03766358  0 0.400  25.32361908
(-14.3403851, 12.9063174, 33.8031668,  0.4963619,  0.3970519, -0.0902270, -0.7667032)    0    0  21.54818378 11 0.160  14.87154259
(-13.6806893,  9.3652811, 29.5701669, -0.1278957,  0.9081781,  0.3904836, -0.0798612)    0    0  27.86991185  5 1.960  18.52310151
(-20.7719481,  1.7601108, 29.9034671, -0.2194012,  0.3356489, -0.9131290, -0.0734739)    0    0  25.50157846  2 5.000  16.94654968
(-20.7563830,  9.9451036, 29.8913175, -0.4050491, -0.0433726,  0.3203610,  0.8552326)    0    0  18.45914654  5 3.240  12.32967077
(-15.4604375,  6.0739581, 31.6204191, -0.9296518, -0.3637596, -0.0092757,  0.0577963)    0    0  37.73053607 39 0.000  25.09297223
(-15.3539972,  6.0113640, 31.5599785, -0.9296518, -0.3637595, -0.0092757,  0.0577963)    0    0  38.18214747  4 0.480  25.44977387
(-14.4029456, 12.6698651, 33.4261546,  0.4933609,  0.4050070, -0.0859180, -0.7649107)    0    0  19.68725159  0 0.560  12.52792589
(-12.4886488,  7.3857263, 33.4931454, -0.0787367, -0.1823336,  0.9748011,  0.1015764)    0    0  31.17496310  0 0.400  20.92123010
(-12.7791439,  7.3235555, 33.2213152, -0.0787367, -0.1823336,  0.9748011,  0.1015764)    0    0  31.26072697  8 0.160  20.99916170
(-15.1774323,  6.1538817, 31.4857320, -0.9296518, -0.3637596, -0.0092757,  0.0577963)    0    0  37.83934875  0 0.400  25.16269411
(-16.0206053,  3.0776234, 39.5962102,  0.0371723, -0.8012405, -0.5957544,  0.0413339)    0    0  21.19282473  5 4.440  13.98218672
(-19.4397674,  9.5866258, 33.0990790,  0.3619567,  0.4493819, -0.3909753,  0.7170646)    0    0  27.18683135  2 0.480  18.30125838
(-15.3927450,  5.8029883, 31.5867381, -0.9296518, -0.3637596, -0.0092757,  0.0577963)    0    0  37.81618945 21 0.000  25.17865451
(-15.2625096,  6.0458106, 31.6310574, -0.9296518, -0.3637595, -0.0092757,  0.0577963)    0    0  38.32758990  5 0.560  25.67499310
(-27.7939173,  3.8045776, 33.0123540, -0.7539690, -0.3583862,  0.3983720,  0.3799866)    0    0  13.65167102  6 1.000   8.90072919
(-19.9325172,  9.4098280, 33.5860570,  0.3618832,  0.4497189, -0.3907947,  0.7169887)    0    0  27.04712124  4 0.400  18.19089940
(-14.1941214, 12.8997693, 33.6539225,  0.4963626,  0.3970498, -0.0902281, -0.7667036)    0    0  22.33272241  9 0.160  14.73258342
(-15.5437627,  5.7249461, 31.4773815, -0.9296518, -0.3637596, -0.0092757,  0.0577963)    0    0  37.98087663  0 0.400  25.61382315
(-18.6452953, -0.1545013, 34.2466452, -0.2501845,  0.2720656, -0.8498539, -0.3756812)    0    0  22.20147074 24 0.000  15.97653508
(-19.9705039,  9.3125641, 33.3086531,  0.3619521,  0.4494029, -0.3909641,  0.7170599)    0    0  27.08938263 10 0.240  18.00544363
(-18.5866388, -0.3295517, 34.7271655, -0.2513644,  0.2667683, -0.8424825, -0.3948086)    0    0  24.39890838 18 0.000  16.14323730
(-20.5427075,  1.7711679, 30.1278284, -0.2194012,  0.3356489, -0.9131290, -0.0734739)    0    0  25.05779761  4 4.600  16.75017472
(-14.0674984, 13.0952260, 33.8931998,  0.4963608,  0.3970549, -0.0902254, -0.7667025)    0    0  21.72598922 12 0.160  14.92679789
(-18.3483977,  0.0095714, 34.4269620, -0.2513644,  0.2667682, -0.8424825, -0.3948086)    0    0  24.60159300  0 0.480  16.42696634
(-15.4875308,  5.8194187, 31.5983027, -0.9296518, -0.3637595, -0.0092757,  0.0577963)    0    0  38.14406711  0 0.400  25.47751753
(-18.3895865,  0.0261238, 34.4276502, -0.2513645,  0.2667680, -0.8424822, -0.3948094)    0    0  24.74967252  9 0.160  16.61376274
(-15.3327371,  5.8741782, 31.6616562, -0.9296518, -0.3637596, -0.0092757,  0.0577963)    0    0  37.93796045 13 0.000  25.24973007
(-21.4599405,  2.5355642, 36.8617446, -0.6238899,  0.6646412,  0.3162063,  0.2627301)    0    0  17.77935011  7 0.520  11.80107471
(-13.8514850,  9.2896876, 29.6476109, -0.1278957,  0.9081781,  0.3904836, -0.0798612)    0    0  27.53421161  8 3.160  18.11621419
(-13.7243355,  9.3576411, 29.7243367, -0.1278957,  0.9081781,  0.3904836, -0.0798612)    0    0  27.30011882  9 0.520  18.25129427
(-14.1080233, 13.3157724, 33.9127601,  0.4903592,  0.4129639, -0.0816080, -0.7631178)    0    0  19.09095990  4 0.480  14.10871177
(-15.3007290,  6.0119494, 31.1172195, -0.9296518, -0.3637595, -0.0092757,  0.0577963)    0    0  38.49813161  4 0.640  25.77318467
(-27.7258164,  3.9991579, 33.1706083, -0.7539690, -0.3583862,  0.3983720,  0.3799866)    0    0  11.94031151  4 0.440   6.94876721
(-18.6453402, -0.5404724, 34.8459211, -0.2513645,  0.2667680, -0.8424822, -0.3948095)    0    0  24.72917800  0 0.640  16.63271759
(-18.6507529, -0.2132140, 34.6886329, -0.2513628,  0.2667760, -0.8424935, -0.3947809)    0    0  24.88701840  1 0.880  16.71898032
(-11.0662475, 13.2969509, 33.3955876,  0.1685959, -0.9074727,  0.3477763,  0.1646825)    0    0  17.38209064  2 5.000  11.62548558
(-22.7958229, -1.3520670, 33.4043552, -0.6677876,  0.1667302, -0.6686094,  0.2814645)    0    0  -1.82407745  0 5.000  -1.21605163
(-12.1516096,  7.4508324, 33.2843812, -0.0787367, -0.1823336,  0.9748011,  0.1015764)    0    0  31.11652234  2 0.400  20.57704052
(-15.0160949,  5.9270388, 31.5961629, -0.9296518, -0.3637596, -0.0092757,  0.0577963)    0    0  37.87035152  0 0.400  25.33837734
(-19.6018239,  9.3428406, 33.0135545,  0.3440061,  0.5234056, -0.3488085,  0.6971650)    0    0  10.27661676 18 0.880   3.90164946
(-15.3533830,  6.0148070, 31.5555328, -0.9296518, -0.3637596, -0.0092757,  0.0577963)    0    0  38.18675959  4 0.480  25.54615835
(-14.1997143, 13.0573457, 33.8601877,  0.4963626,  0.3970499, -0.0902281, -0.7667036)    0    0  20.95816552  2 0.560  12.82808025
(-15.4537409,  5.5291789, 32.1135324, -0.9296518, -0.3637596, -0.0092757,  0.0577963)    0    0  37.86396794  0 0.640  24.98941885
(-12.4470724,  7.2726530, 33.1084807, -0.0787367, -0.1823336,  0.9748011,  0.1015764)    0    0  31.67450659  2 0.920  21.26943746
(-27.6475817,  3.7712721, 32.9924736, -0.7539690, -0.3583862,  0.3983720,  0.3799866)    0    0  14.13114992  0 5.000   9.42079007
(-15.4688146,  5.7378703, 31.3638404, -0.9296518, -0.3637596, -0.0092757,  0.0577963)    0    0  37.99352048  0 0.400  25.44835857
(-12.5144995,  7.3232184, 33.0411094, -0.0787367, -0.1823336,  0.9748011,  0.1015764)    0    0  31.53483749  5 2.720  21.11078511
(-13.6761387,  9.4388555, 30.3325525, -0.1278957,  0.9081781,  0.3904836, -0.0798612)    0    0  27.95235084  3 5.000  18.71265293
(-27.6472570,  3.7814730, 33.0004349, -0.7539690, -0.3583862,  0.3983720,  0.3799866)    0    0  13.61858028  7 2.600   9.14739483
(-14.4551049, 12.9757401, 34.0952010,  0.4963626,  0.3970498, -0.0902281, -0.7667036)    0    0  22.55292751  3 2.000  15.04414297
(-14.7087770, 12.8417652, 34.0730964,  0.4963619,  0.3970518, -0.0902270, -0.7667032)    0    0  22.53596994  5 0.520  15.23777538
(-19.4918388,  9.1217809, 33.4154387,  0.3616997,  0.4505582, -0.3903441,  0.7167986)    0    0  26.02554569  4 0.640  17.58829398
(-21.4722220,  2.8446526, 37.2907999, -0.6238899,  0.6646412,  0.3162063,  0.2627301)    0    0  17.89722499  1 5.000  12.04525442
(-15.4341800,  5.8186308, 31.7575202, -0.9296518, -0.3637596, -0.0092757,  0.0577963)    0    0  37.98584019 25 0.000  25.23322646
(-20.8562345,  1.7566893, 29.8217477, -0.2194012,  0.3356489, -0.9131290, -0.0734739)    0    0  24.89166067  5 1.480  16.73819559
(-12.6490588,  7.2163050, 33.1135907, -0.0787367, -0.1823336,  0.9748011,  0.1015764)    0    0  31.03549014  0 0.400  20.68653757
(-14.2312556, 12.9684349, 33.7356503,  0.4963149,  0.3971788, -0.0901587, -0.7666758)    0    0  20.86100346  6 0.240  15.00579014
(-15.3079306,  5.6668352, 31.6285772, -0.9296518, -0.3637596, -0.0092757,  0.0577963)    0    0  37.86693761  0 0.480  24.99805881
(-27.5847052,  3.6789515, 32.9224077, -0.7539690, -0.3583862,  0.3983720,  0.3799866)    0    0  13.87457378  5 3.800   9.23786790
(-15.2492597,  6.0116012, 31.6417519, -0.9296518, -0.3637596, -0.0092757,  0.0577963)    0    0  38.15960860 14 0.000  25.40467656
(-15.3076903,  6.0045424, 31.1300082, -0.9296518, -0.3637595, -0.0092757,  0.0577963)    0    0  38.49043007  5 3.040  25.66156652
(-14.5577364, 12.8740359, 33.9084955,  0.4963626,  0.3970499, -0.0902281, -0.7667036)    0    0  22.40165824  8 0.240  14.90567295
(-15.4903611,  5.9386335, 31.8143375, -0.9296518, -0.3637595, -0.0092757,  0.0577963)    0    0  38.17276149 12 0.000  25.51901757
(-21.4491105,  2.6430678, 36.6667010, -0.6238899,  0.6646412,  0.3162063,  0.2627301)    0    0  17.46420343  8 0.840  11.53112355
(-13.6768221,  9.3997859, 29.9190995, -0.1278957,  0.9081781,  0.3904836, -0.0798612)    0    0  28.18775843  0 5.000  18.79208370
(-20.8949232,  1.7539624, 29.7828643, -0.2194012,  0.3356489, -0.9131290, -0.0734739)    0    0  24.88245991  6 1.880  16.48698198
(-15.1417537,  5.8007514, 31.6061393, -0.9296518, -0.3637596, -0.0092757,  0.0577963)    0    0  37.70027603  0 0.400  25.09486627
(-16.0098182,  3.4256981, 39.3844879,  0.0371723, -0.8012405, -0.5957544,  0.0413339)    0    0  21.31823236  3 5.000  14.16290148
(-15.2904060,  5.9595144, 31.0029945, -0.9296518, -0.3637595, -0.0092757,  0.0577963)    0    0  37.63306872  0 0.400  24.92696680
(-27.8467953,  4.0598024, 33.2094710, -0.7539690, -0.3583862,  0.3983720,  0.3799866)    0    0  13.39758872  1 0.760   9.06181270
(-12.1186435,  7.5823725, 33.2627041, -0.0787367, -0.1823336,  0.9748011,  0.1015764)    0    0  31.30868073  3 0.480  21.06830025
(-12.1640146,  7.0335588, 33.5034086, -0.0787367, -0.1823336,  0.9748011,  0.1015764)    0    0  31.34464658  0 0.400  20.98373502
(-15.0871621,  6.0366241, 30.7376060, -0.9296518, -0.3637596, -0.0092757,  0.0577963)    0    0  37.67759943  0 0.400  24.90490494
(-14.1797163, 12.9095884, 33.6437409,  0.4963626,  0.3970498, -0.0902281, -0.7667036)    0    0  22.70226246  1 2.760  15.16570088
(-14.2302050, 12.9342413, 33.7458296,  0.4963568,  0.3970655, -0.0902197, -0.7667003)    0    0  22.37115873  5 0.400  14.94095861
(-18.2653725, -0.3668927, 34.9396743, -0.2510710,  0.2681251, -0.8443840, -0.3899476)    0    0  23.61638445 17 0.000  16.66602757
(-15.4862750,  5.8835646, 30.8985583, -0.9296518, -0.3637595, -0.0092757,  0.0577963)    0    0  37.68021820  0 0.560  24.63084866
(-18.1776146, -0.4198728, 34.7686699, -0.2513628,  0.2667761, -0.8424937, -0.3947806)    0    0  24.37962735 17 0.000  16.24871316
(-21.4492645,  2.3641507, 36.6759853, -0.6238899,  0.6646412,  0.3162063,  0.2627301)    0    0  17.43215562  9 0.200  11.83992654
(-15.6186333,  5.8765035, 31.3860824, -0.9296518, -0.3637596, -0.0092757,  0.0577963)    0    0  38.15527011  5 0.400  25.50444375
(-12.5022919,  7.1941626, 33.0244551, -0.0787367, -0.1823336,  0.9748011,  0.1015764)    0    0  31.22758949  5 0.400  20.81094819
(-12.5935813,  7.0901365, 32.8451831, -0.0787367, -0.1823336,  0.9748011,  0.1015764)    0    0  31.66502257  4 0.560  21.27513819
(-18.9479447, -0.0508992, 34.9450939, -0.2513645,  0.2667681, -0.8424822, -0.3948093)    0    0  24.68433968  8 0.400  16.31088830
(-12.1880985,  7.0863258, 33.3915364, -0.0787367, -0.1823336,  0.9748011,  0.1015764)    0    0  31.06815374 10 0.000  20.68394998
(-15.3602109,  5.8083865, 31.8129387, -0.9296518, -0.3637595, -0.0092757,  0.0577963)    0    0  38.13130585 14 0.000  25.42355037
(-11.1206764, 13.2985147, 33.3271050,  0.1685959, -0.9074727,  0.3477763,  0.1646825)    0    0  17.48015487  1 5.000  11.59368107
(-18.0748419,  0.0170573, 34.4228268, -0.2513644,  0.2667683, -0.8424827, -0.3948082)    0    0  24.41437307  1 0.560  16.00096591
(-14.9586405,  6.0416939, 31.1751688, -0.9296518, -0.3637595, -0.0092757,  0.0577963)    0    0  38.12418701  3 0.560  25.39490289
(-21.4735688,  2.6781114, 36.4428427, -0.6238899,  0.6646412,  0.3162063,  0.2627301)    0    0  17.78455008  6 1.560  11.91232278
(-21.4761575,  2.9462874, 36.6235915, -0.6238899,  0.6646412,  0.3162063,  0.2627301)    0    0  17.88566726  2 5.000  12.03870992
(-14.4099385, 12.9657895, 34.0227334,  0.4963626,  0.3970498, -0.0902281, -0.7667036)    0    0  22.62218470  2 1.200  15.15773355
(-16.0420790,  2.9235618, 39.5679815,  0.0371723, -0.8012405, -0.5957544,  0.0413339)    0    0  21.40145349  1 5.000  14.30469691
(-27.5865259,  3.6995106, 32.9389448, -0.7539690, -0.3583862,  0.3983720,  0.3799866)    0    0  13.90434735  4 1.640   9.27430519
(-14.2031971, 12.8537951, 33.5115800,  0.4963626,  0.3970499, -0.0902281, -0.7667036)    0    0  20.09985720  6 0.640  12.65864605
(-18.2587058,  0.1390459, 34.3855250, -0.2513644,  0.2667685, -0.8424828, -0.3948079)    0    0  24.30695280 15 0.000  16.29700200
(-14.2830442, 12.9557032, 33.8824510,  0.4963626,  0.3970499, -0.0902281, -0.7667036)    0    0  22.10911894  9 0.320  14.50033549
(-16.0018004,  3.3661991, 39.4926985,  0.0371723, -0.8012405, -0.5957544,  0.0413339)    0    0  21.36639288  2 5.000  14.21617333
(-15.2913508,  6.0212168, 31.2146648, -0.9296518, -0.3637595, -0.0092757,  0.0577963)    0    0  38.20522424 11 0.160  25.42384581
(-21.4616644,  2.5799239, 36.9335320, -0.6238899,  0.6646412,  0.3162063,  0.2627301)    0    0  17.88419309  3 1.720  11.88343244
(-19.6350661,  9.5378855, 33.3958090,  0.2752022,  0.7164669, -0.2086279,  0.6061463)    0    0  19.10466150 17 2.960   4.31087738
(-12.5436503,  7.3584755, 32.9651395, -0.0787367, -0.1823336,  0.9748011,  0.1015764)    0    0  31.38217669  7 0.320  21.00860181
(-12.2135676,  7.0608890, 33.4540147, -0.0787367, -0.1823336,  0.9748011,  0.1015764)    0    0  32.05569284  1 5.000  21.41413283
(-21.2677331, 10.1498091, 29.8851670, -0.4050491, -0.0433726,  0.3203610,  0.8552326)    0    0  18.56601204  1 5.000  12.46324600
(-15.2576538,  6.0248939, 31.5652274, -0.9296518, -0.3637596, -0.0092757,  0.0577963)    0    0  38.06216718  0 0.400  25.39411682
(-19.8155111,  9.1739593, 33.5768087,  0.3596983,  0.4594562, -0.3854902,  0.7146849)    0    0  22.56981507  8 0.400  16.59814457
(-19.9050349,  9.0754749, 33.4708113,  0.3619520,  0.4494035, -0.3909638,  0.7170597)    0    0  27.34267669  2 1.720  18.37064939
(-14.3433061, 12.9491243, 33.9123559,  0.4963626,  0.3970498, -0.0902281, -0.7667036)    0    0  22.81597677  0 3.120  15.24179652
(-13.6341911,  9.4277967, 29.9965070, -0.1278957,  0.9081781,  0.3904836, -0.0798612)    0    0  27.74114042  7 2.680  18.38998255
(-19.8643003,  9.0940730, 33.4524756,  0.3619472,  0.4494253, -0.3909520,  0.7170548)    0    0  27.41068465  0 1.200  18.42269521
(-13.5899589,  9.4760278, 30.2660273, -0.1278957,  0.9081781,  0.3904836, -0.0798612)    0    0  28.01284163  1 4.120  18.83270433
(-19.4147764,  8.9722910, 33.5171722,  0.3619425,  0.4494469, -0.3909405,  0.7170500)    0    0  27.09152843  5 0.400  18.14233510
(-18.2958795, -0.1060418, 34.4410747, -0.2513555,  0.2668106, -0.8425423, -0.3946579)    0    0  24.42663282 10 0.000  16.55509056
(-15.2502502,  6.0541532, 31.6293373, -0.9296518, -0.3637596, -0.0092757,  0.0577963)    0    0  38.12580685 14 0.000  25.47036878
(-21.1970088, 10.1205919, 29.8858073, -0.4050491, -0.0433726,  0.3203610,  0.8552326)    0    0  18.46721881  4 5.000  12.28893263
(-15.3837834,  5.9386254, 31.5638062, -0.9296518, -0.3637595, -0.0092757,  0.0577963)    0    0  38.73846304  0 5.000  25.82564240
(-11.9523000,  7.0436990, 33.0533645, -0.0787367, -0.1823336,  0.9748011,  0.1015764)    0    0  31.22294307 12 0.000  20.70445851
(-11.0598351, 13.2967665, 33.4036556,  0.1685959, -0.9074727,  0.3477763,  0.1646825)    0    0  17.64672156  0 5.000  11.76448104
(-18.5842295, -0.1480585, 34.6857017, -0.2513645,  0.2667681, -0.8424823, -0.3948090)    0    0  24.78359642  6 1.280  16.30615515
(-20.5849337,  1.7511203, 30.0648804, -0.2194012,  0.3356489, -0.9131290, -0.0734739)    0    0  24.49943153  7 0.440  16.65956915
(-21.4691729,  2.7907763, 37.2534854, -0.6238899,  0.6646412,  0.3162063,  0.2627301)    0    0  17.86859163  4 2.680  12.02027966
(-15.1965885,  6.0113454, 31.3406893, -0.9296518, -0.3637596, -0.0092757,  0.0577963)    0    0  38.01871261 22 0.000  25.34507194
(-18.8023388,  0.1236628, 34.6364190, -0.2513644,  0.2667683, -0.8424826, -0.3948083)    0    0  24.75134849  8 0.320  16.72561890
(-14.0022075, 13.0693817, 34.0058896,  0.4963626,  0.3970498, -0.0902281, -0.7667036)    0    0  22.44899376  2 0.400  15.14845227
(-21.2290706, 10.1252593, 29.8843749, -0.4050491, -0.0433726,  0.3203610,  0.8552326)    0    0  18.20993615  9 4.600  11.91162242
(-19.4309303,  9.0886346, 33.2117769,  0.3619475,  0.4494242, -0.3909527,  0.7170551)    0    0  27.17021833  7 0.760  18.08890619
(-15.1066160,  6.0502339, 31.3029177, -0.9296518, -0.3637595, -0.0092757,  0.0577963)    0    0  38.24252787  6 0.320  25.58355151
(-20.7801069,  9.9105394, 29.8829726, -0.4050491, -0.0433726,  0.3203610,  0.8552326)    0    0  18.49632300  3 5.000  12.29820334
(-21.0761351, 10.0731082, 29.8874716, -0.4050491, -0.0433726,  0.3203610,  0.8552326)    0    0  18.70117505  0 5.000  12.46745003
(-16.0330701,  3.2769183, 39.3389066,  0.0371723, -0.8012405, -0.5957544,  0.0413339)    0    0  21.02941038  6 4.760  14.01630302
(-18.7614396, -0.2059420, 34.8452230, -0.2513637,  0.2667720, -0.8424878, -0.3947954)    0    0  24.77515991  6 0.560  16.48849207
(-21.5103928, 10.2205265, 29.8764768, -0.4050491, -0.0433726,  0.3203610,  0.8552326)    0    0  18.27749596  0 0.520  12.07446100
(-18.8593935, -0.1113262, 34.8489801, -0.2513645,  0.2667680, -0.8424822, -0.3948093)    0    0  24.81323843  4 0.960  16.42369640
(-18.5539769, -0.2553601, 34.7012549, -0.2513645,  0.2667680, -0.8424822, -0.3948095)    0    0  25.27686081  0 4.240  16.85024341
(-19.8823926,  9.0946692, 33.4619744,  0.3619520,  0.4494032, -0.3909639,  0.7170598)    0    0  27.29209491  4 1.360  18.18025155
(-14.3049688, 13.0880519, 34.1499236,  0.4963615,  0.3970529, -0.0902265, -0.7667030)    0    0  22.43896189  7 0.400  15.03848472
(-16.0168577,  3.2006136, 39.5209331,  0.0371723, -0.8012405, -0.5957544,  0.0413339)    0    0  21.41824138  0 5.000  14.27882759
(-15.6012666,  5.6927856, 31.6448590, -0.9296518, -0.3637596, -0.0092757,  0.0577963)    0    0  37.99852648 25 0.000  25.26956389
(-21.4588780,  2.5087866, 36.8751417, -0.6238899,  0.6646412,  0.3162063,  0.2627301)    0    0  17.81660675  5 5.000  11.80829000
(-15.2248310,  6.1323705, 31.5813705, -0.9296518, -0.3637596, -0.0092757,  0.0577963)    0    0  38.17391199 10 0.000  25.49169281
(-19.5156349,  9.2841521, 33.2903123,  0.3619472,  0.4494251, -0.3909522,  0.7170549)    0    0  27.01063756  3 0.720  18.12117536
(-21.4619586,  2.5878610, 36.9358319, -0.6238899,  0.6646412,  0.3162063,  0.2627301)    0    0  18.18287890  0 5.000  12.12191927
(-18.4192444, -0.4426919, 34.8292471, -0.2513539,  0.2668186, -0.8425536, -0.3946295)    0    0  24.17095302  0 0.400  16.43502423
(-15.1558111,  6.1046625, 31.5912994, -0.9296518, -0.3637596, -0.0092757,  0.0577963)    0    0  37.73178058 28 0.000  25.23884099
(-20.7629154,  1.7605464, 29.9123075, -0.2194012,  0.3356489, -0.9131290, -0.0734739)    0    0  25.48389900  3 5.000  16.91729190
(-18.6237142, -0.6706764, 34.9974100, -0.2513645,  0.2667681, -0.8424823, -0.3948092)    0    0  24.65446739 12 0.160  16.43826884
(-18.2295242, -0.3805212, 34.4866991, -0.2513627,  0.2667763, -0.8424939, -0.3947798)    0    0  24.40727075  2 0.640  16.32549794
(-21.4568203, 10.1892597, 29.8761640, -0.4050491, -0.0433726,  0.3203610,  0.8552326)    0    0  18.23748275  7 0.200  12.25016439
(-10.9815957, 13.2944243, 33.5019917,  0.1685959, -0.9074727,  0.3477763,  0.1646825)    0    0  17.09499337  3 5.000  11.33614074
(-18.5194082, -0.2789804, 34.6807045, -0.2513645,  0.2667680, -0.8424822, -0.3948094)    0    0  24.99488115  1 2.320  16.60782037
(-15.1642512,  5.7032998, 31.3861590, -0.9296518, -0.3637596, -0.0092757,  0.0577963)    0    0  38.20951589  8 0.160  25.58424060
(-12.2576275,  7.3041134, 33.2508424, -0.0787367, -0.1823336,  0.9748011,  0.1015764)    0    0  31.39861155  4 0.800  20.97781547
(-12.1990495,  7.4522625, 33.3804487, -0.0787367, -0.1823336,  0.9748011,  0.1015764)    0    0  31.07333131  7 0.240  20.68292964
(-15.3871104,  5.9357440, 31.5827810, -0.9296518, -0.3637595, -0.0092757,  0.0577963)    0    0  38.57517655  3 5.000  25.65777508
(-18.6811847,  0.1147618, 34.7883439, -0.2513628,  0.2667762, -0.8424937, -0.3947803)    0    0  24.52672471  2 0.640  16.39500461
(-15.0935540,  5.9914629, 31.3395210, -0.9296518, -0.3637596, -0.0092757,  0.0577963)    0    0  37.96748229 19 0.000  25.25451430
(-19.6543366,  8.8878197, 33.6268218,  0.3619520,  0.4494032, -0.3909639,  0.7170598)    0    0  27.35467377  1 2.240  18.25215629
(-14.4290506, 12.6350920, 34.1387546,  0.4963388,  0.3971143, -0.0901934, -0.7666897)    0    0  21.04460508  0 0.480  14.14155974
(-21.2572176, 10.1740009, 29.8904888, -0.4050491, -0.0433726,  0.3203610,  0.8552326)    0    0  18.52431430  2 0.760  12.46990256
(-18.9698124,  0.0340900, 34.9562214, -0.2513645,  0.2667682, -0.8424824, -0.3948089)    0    0  24.79328497  4 0.480  16.69135637
(-21.1687797, 10.0759224, 29.8796591, -0.4050491, -0.0433726,  0.3203610,  0.8552326)    0    0  17.01772367  8 0.360   9.91918525
(-19.6848722,  9.1408657, 33.4975303,  0.3619570,  0.4493804, -0.3909761,  0.7170649)    0    0  27.05538908  6 0.560  18.04651088
(-16.0283151,  2.9029612, 39.6856176,  0.0371723, -0.8012405, -0.5957544,  0.0413339)    0    0  21.28889190  4 4.040  14.31970502
(-27.6071079,  3.7455131, 32.9740112, -0.7539690, -0.3583862,  0.3983720,  0.3799866)    0    0  13.92850496  3 2.520   9.19560941
(-14.3602355, 12.8828593, 34.1478324,  0.4963611,  0.3970539, -0.0902259, -0.7667028)    0    0  22.31589455 11 0.240  14.85628317
(-15.3028541,  6.0087154, 31.1022570, -0.9296518, -0.3637595, -0.0092757,  0.0577963)    0    0  38.61537066  1 5.000  25.81951080
(-14.2072105, 12.8793598, 33.5382752,  0.4712507,  0.4597495, -0.0555764, -0.7506427)    0    0  13.66571360  0 0.400  12.79618692
(-15.6387921,  5.8025567, 31.4164652, -0.9296518, -0.3637596, -0.0092757,  0.0577963)    0    0  38.21883882  6 0.320  25.51379577
(-21.1325648,  1.7427196, 29.5505301, -0.2194012,  0.3356489, -0.9131290, -0.0734739)    0    0  25.57232879  1 5.000  17.10051418
(-19.4398775,  9.0800369, 33.2299478,  0.3619569,  0.4493807, -0.3909759,  0.7170648)    0    0  27.15974886  7 0.440  18.17231907
(-15.3971996,  5.7753127, 31.6217731, -0.9296518, -0.3637596, -0.0092757,  0.0577963)    0    0  37.91101453 20 0.000  25.30443932
(-15.6283774,  6.0246974, 31.3945150, -0.9296518, -0.3637597, -0.0092757,  0.0577963)    0    0  38.01669215 18 0.000  25.30984278
(-19.3975326,  9.3386257, 33.2167270,  0.3619520,  0.4494035, -0.3909638,  0.7170597)    0    0  27.29567032  3 0.880  18.36757897
(-12.4462067,  7.2430228, 33.0760795, -0.0787367, -0.1823336,  0.9748011,  0.1015764)    0    0  31.66698594  3 4.560  20.96442894
(-12.4393059,  7.2280157, 32.9712871, -0.0787367, -0.1823336,  0.9748011,  0.1015764)    0    0  30.64579551  4 0.640  19.99848342
(-20.0908257,  9.0402754, 33.1645145,  0.3586010,  0.4644587, -0.3827996,  0.7135460)    0    0  19.98952833 13 0.000  16.61848469
(-13.8216304,  9.3170338, 29.7778669, -0.1278957,  0.9081781,  0.3904836, -0.0798612)    0    0  27.86804004  6 2.680  18.54752412
(-20.7845480,  1.7595032, 29.8911355, -0.2194004,  0.3356477, -0.9131257, -0.0734737)    0    0  25.72813132  0 5.000  17.15208754
(-15.3299015,  6.0628096, 31.4598069, -0.9296518, -0.3637596, -0.0092757,  0.0577963)    0    0  38.03165629 17 0.000  25.41188350
(-15.0915587,  6.0241200, 31.2659011, -0.9296518, -0.3637596, -0.0092757,  0.0577963)    0    0  38.28565928  0 0.400  25.76130324
(-15.3702301,  5.8325123, 31.2789611, -0.9296518, -0.3637596, -0.0092757,  0.0577963)    0    0  38.04288325 13 0.000  25.29065999
(-18.4773044, -0.3654940, 34.7199239, -0.2513645,  0.2667681, -0.8424823, -0.3948091)    0    0  24.96958606  2 0.960  16.77571102
(-13.6987679,  9.3805838, 29.8321137, -0.1278957,  0.9081781,  0.3904836, -0.0798612)    0    0  27.95299931  2 5.000  18.54066671
(-14.0518655, 12.9048020, 33.5007694,  0.4963626,  0.3970499, -0.0902281, -0.7667036)    0    0  22.54191583  4 1.360  15.25930367
(-15.4734182,  5.8738012, 31.4437458, -0.9296518, -0.3637595, -0.0092757,  0.0577963)    0    0  37.74179014 23 0.000  25.06837054
(-20.8667643,  9.7981878, 29.8552559, -0.4050491, -0.0433726,  0.3203610,  0.8552326)    0    0  18.25134497  6 0.520  12.00521160
(-18.5880927, -0.3247402, 34.7541290, -0.2513644,  0.2667684, -0.8424827, -0.3948081)    0    0  24.18638639  9 0.320  15.96232266
(-15.4936603,  6.0244680, 31.3883986, -0.9296518, -0.3637596, -0.0092757,  0.0577963)    0    0  38.08224432 14 0.000  25.38021206
(-28.0365105,  4.0031311, 33.1578269, -0.7539690, -0.3583862,  0.3983720,  0.3799866)    0    0  13.98326214  2 5.000   9.40391630
(-15.4461722,  6.1173302, 31.3298588, -0.9296518, -0.3637596, -0.0092757,  0.0577963)    0    0  38.00237450  0 0.400  25.35773996
(-15.7280140,  5.9082949, 31.7828274, -0.9296518, -0.3637596, -0.0092757,  0.0577963)    0    0  38.08503500 16 0.000  25.60649303
(-19.3381087,  9.0262660, 33.1794200,  0.3619569,  0.4493810, -0.3909758,  0.7170648)    0    0  27.21444069  5 0.480  18.27783906
(-15.2360480,  5.9927065, 31.5409736, -0.9296518, -0.3637596, -0.0092757,  0.0577963)    0    0  37.90811180  0 0.400  25.26367299
(-27.9001435,  4.1148129, 33.2502804, -0.7539690, -0.3583862,  0.3983720,  0.3799866)    0    0  13.98593010  1 5.000   9.42170192
(-15.3899042,  5.6247856, 31.5887633, -0.9296518, -0.3637596, -0.0092757,  0.0577963)    0    0  38.05663029 15 0.000  25.44796142
(-13.7614227,  9.3781295, 30.1115937, -0.1278957,  0.9081781,  0.3904836, -0.0798612)    0    0  27.89849357  4 0.840  18.73890021
(-12.5522493,  7.3403150, 33.0942248, -0.0787367, -0.1823336,  0.9748011,  0.1015764)    0    0  31.46164055  5 0.720  21.06274213
(-12.0596722,  6.9553707, 33.7933132, -0.0787367, -0.1823336,  0.9748011,  0.1015764)    0    0  31.37756546  3 0.400  21.00322137
