#Coordinates  RecID  LigID  Luciferin  Neighbor's number  Vision Range  Scoring
(10.3477530, -21.3681885, 32.6742933,  0.3092483,  0.9014326,  0.2973027, -0.0582745)    0    0  21.07514875  8 0.080  14.38888807
(14.9246204, -17.3627567, 35.3536600,  0.1593276,  0.6407847,  0.6176221,  0.4272618)    0    0  19.82912342  6 0.800  13.16209562
(13.5615506, -14.9182562, 37.2650693,  0.6848751, -0.6850348,  0.1584403, -0.1911696)    0    0  22.97853847  0 0.400  16.02517382
(14.7325914, -17.4567275, 35.2812590,  0.1715902,  0.6670420,  0.6044259,  0.4003512)    0    0  15.73291501  0 0.400  10.21172191
(20.5367334, -12.5054658, 33.8160998,  0.0555491,  0.3056965, -0.4212070, -0.8520849)    0    0  20.77363439  6 3.800  14.09064601
(21.5201103, -1.8756705, 36.3788192,  0.3662931,  0.7493490,  0.5377148,  0.1231592)    0    0  16.63582670  7 3.240  10.99438052
(10.4983711, -21.6531942, 32.3408419,  0.3092483,  0.9014326,  0.2973027, -0.0582745)    0    0  21.05198666  7 0.320  14.09372609
(10.6384829, -21.3802158, 32.4937043,  0.3092483,  0.9014326,  0.2973026, -0.0582746)    0    0  21.14075349  7 0.320  14.17236574
(19.1561888, -18.6445389, 37.7430512,  0.6975929, -0.1832818, -0.6039871, -0.3390746)    0    0  19.11948866  8 0.120  12.92605543
(13.7994833, -14.8651350, 37.1181644,  0.6868111, -0.6828306,  0.1618891, -0.1892742)    0    0  24.01829952  0 0.400  16.09794946
(22.6999869, -14.4400986, 32.8597972,  0.8473681, -0.0970376,  0.0728485,  0.5169566)    0    0  18.97229888  5 1.240  12.64007583
(18.6164594, -5.6633089, 38.6400941,  0.0496166, -0.8219414,  0.5197723, -0.2275682)    0    0  18.56673806  0 0.640  12.26514144
(15.0817879, -16.9734538, 35.6306358,  0.1593276,  0.6407847,  0.6176221,  0.4272617)    0    0  19.78458172  8 0.160  13.25430360
(13.4595273, -14.6242821, 37.1234861,  0.6856191, -0.6842888,  0.1604855, -0.1895104)    0    0  23.59132397  0 0.400  15.89149536
(13.8111754, -15.0178523, 36.9771958,  0.6868148, -0.6828264,  0.1618957, -0.1892705)    0    0  23.91813984 15 0.000  15.89633202
(18.9712613, -6.1725194, 38.4184749,  0.0496166, -0.8219414,  0.5197723, -0.2275682)    0    0  18.93804482  1 3.920  12.64065201
(14.9858378, -17.2316259, 35.4019391,  0.1593276,  0.6407848,  0.6176221,  0.4272617)    0    0  18.73547666 14 0.000  13.08892346
(14.8936057, -17.3722918, 35.3216077,  0.1593276,  0.6407847,  0.6176221,  0.4272618)    0    0  20.00077002  0 4.000  13.33889501
(13.7586153, -9.5552087, 42.3478539,  0.4937545, -0.6390042,  0.1616559, -0.5672280)    0    0  14.27198271  5 5.000   9.29792088
(13.7835270, -14.6386263, 37.0596793,  0.6868146, -0.6828267,  0.1618955, -0.1892706)    0    0  23.82114049  0 0.400  15.87812648
(13.6945318, -14.4974769, 36.9320305,  0.6868148, -0.6828264,  0.1618957, -0.1892705)    0    0  23.79317603 21 0.000  15.95751653
(13.8957242, -14.8902883, 37.0491026,  0.6868149, -0.6828262,  0.1618959, -0.1892705)    0    0  24.25068224  4 4.760  16.23272111
(13.9874315, -14.9004621, 36.9814923,  0.6868149, -0.6828262,  0.1618959, -0.1892705)    0    0  24.33787563  1 5.000  16.19677877
(22.6928341, -14.4297724, 33.1007290,  0.8474346, -0.0969981,  0.0727898,  0.5168632)    0    0  19.05575875  2 2.360  12.68137679
(13.4536900, -12.8168077, 37.5734828,  0.2208861,  0.8242984,  0.4954362,  0.1621250)    0    0  20.60676456  0 2.040  13.78001581
(13.7444708, -14.8378622, 36.6675879,  0.6868149, -0.6828262,  0.1618959, -0.1892705)    0    0  24.19668032  6 0.320  16.25908078
(15.1746061, -16.8229899, 35.7295647,  0.1593276,  0.6407848,  0.6176221,  0.4272617)    0    0  19.86155748  4 0.720  13.31392951
(22.1988463, -14.4797892, 32.6899971,  0.8452300, -0.0982975,  0.0747187,  0.5199243)    0    0  17.42420315  7 1.800  12.76758771
(10.7537019, -20.6126088, 32.3325352,  0.3092479,  0.9014323,  0.2973044, -0.0582724)    0    0  20.77166957  5 0.800  13.90137146
(18.5523614, -13.4245872, 37.7603235,  0.1391868,  0.2363800, -0.7650367,  0.5826409)    0    0  21.18227691  3 0.440  14.50643935
(15.0580729, -17.1161319, 35.5104796,  0.1593276,  0.6407848,  0.6176221,  0.4272617)    0    0  19.75088272  0 0.400  13.27512706
(19.3312045, -18.2379155, 38.4602897,  0.6975929, -0.1832818, -0.6039871, -0.3390746)    0    0  19.17584075  7 0.320  12.92459158
(19.1121288, -5.9588956, 38.0968072,  0.0496166, -0.8219414,  0.5197723, -0.2275682)    0    0  18.81138960  5 0.400  12.63374626
(14.8791239, -17.4079295, 35.3566780,  0.1593276,  0.6407848,  0.6176221,  0.4272617)    0    0  19.63212949  9 0.080  13.13143997
(20.6621999, -12.4925369, 33.7264699,  0.0555490,  0.3056965, -0.4212070, -0.8520849)    0    0  21.15269216  5 0.480  14.23523211
(20.0181285, -12.6676851, 33.8916921,  0.0555446,  0.3056963, -0.4212063, -0.8520855)    0    0  18.47205664  0 0.680  12.08447915
(15.0605988, -17.1421985, 35.4744951,  0.1593276,  0.6407848,  0.6176221,  0.4272617)    0    0  19.82373138  7 1.200  13.20118536
(13.7265771, -14.8458299, 37.4019957,  0.6868108, -0.6828313,  0.1618911, -0.1892713)    0    0  23.82054771  3 0.480  15.68511339
(10.5703263, -21.1556659, 32.2801281,  0.3092483,  0.9014326,  0.2973026, -0.0582746)    0    0  21.15786754  6 0.840  14.07683211
(18.5487616, -13.8378593, 37.8067965,  0.1391868,  0.2363800, -0.7650367,  0.5826409)    0    0  21.09478498  3 0.640  13.89831685
(20.2764804, -12.5447445, 34.0082611,  0.0555468,  0.3056964, -0.4212067, -0.8520852)    0    0  20.45782923  5 0.640  14.09139866
(18.6686370, -6.0787033, 38.6992310,  0.0496166, -0.8219414,  0.5197723, -0.2275682)    0    0  18.71645664  8 0.480  12.30540243
(21.5608694, -1.9199519, 36.3777655,  0.3662927,  0.7493502,  0.5377134,  0.1231596)    0    0  16.67837155  6 4.360  11.06947518
(14.9257032, -17.5579439, 35.1286298,  0.1593277,  0.6407849,  0.6176220,  0.4272615)    0    0  19.58919383  0 0.480  13.23199393
(10.6806070, -20.3619159, 32.2394653,  0.3092479,  0.9014323,  0.2973043, -0.0582725)    0    0  20.94257057  6 0.320  14.29085868
(18.7221015, -13.6544055, 37.7863116,  0.1391868,  0.2363800, -0.7650367,  0.5826409)    0    0  20.92396676  9 0.240  13.94766483
(18.5341942, -6.0673843, 38.7959101,  0.0496166, -0.8219414,  0.5197723, -0.2275682)    0    0  18.85283718  5 0.560  12.61552082
(18.8688519, -6.4223227, 38.5587992,  0.0496166, -0.8219414,  0.5197723, -0.2275682)    0    0  18.71466931  9 3.960  12.59938158
(10.7203643, -20.8126747, 32.3791226,  0.3092483,  0.9014326,  0.2973027, -0.0582745)    0    0  21.10296758 10 0.240  14.31041021
(23.8372795, -9.1945549, 35.1188531, -0.1445743,  0.3329872, -0.7774295,  0.5136352)    0    0  20.43479757  0 5.000  13.62319838
(13.8365688, -15.2384925, 37.0483564,  0.6868149, -0.6828263,  0.1618959, -0.1892705)    0    0  23.76301146 12 0.000  15.81514402
(20.1463775, -12.3704279, 34.3722575,  0.0555480,  0.3056964, -0.4212068, -0.8520850)    0    0  19.66204474 11 0.160  11.72887426
(22.8405958, -14.3987906, 33.3745531,  0.7716873, -0.1363675,  0.1318612,  0.6070545)    0    0   6.84789241  9 2.760  -2.42971021
(13.6247430, -14.8117688, 37.2670047,  0.6834023, -0.6866648,  0.1558461, -0.1925893)    0    0  21.16170032  0 0.400  16.13470986
(24.1432077, -9.1213432, 34.9068463, -0.1445743,  0.3329872, -0.7774295,  0.5136352)    0    0  20.39949884  1 5.000  13.64498481
(14.0716888, -14.7059465, 37.0406438,  0.6868148, -0.6828264,  0.1618958, -0.1892705)    0    0  24.01088239  9 0.080  16.04071080
(13.9670153, -14.9813474, 37.3457021,  0.6868080, -0.6828348,  0.1618878, -0.1892719)    0    0  23.59449898  0 0.400  15.66003259
(22.6545597, -14.4151487, 33.5706057,  0.8474344, -0.0969982,  0.0727900,  0.5168635)    0    0  18.95803660  6 0.760  12.74490052
(14.4593930, -14.9793121, 36.6288321,  0.6868149, -0.6828262,  0.1618959, -0.1892705)    0    0  24.20235125  7 0.560  16.19224269
(14.7924945, -17.5538421, 35.2949726,  0.1593276,  0.6407847,  0.6176221,  0.4272617)    0    0  19.74343646 13 0.000  13.20179418
(20.5173373, -12.5094269, 33.8367864,  0.0555489,  0.3056951, -0.4212051, -0.8520810)    0    0  21.48829904  0 5.000  14.32553274
(21.4745545, -1.8150928, 36.3054178,  0.3662935,  0.7493475,  0.5377167,  0.1231587)    0    0  16.93244933  0 5.000  11.28829972
(20.3416332, -12.4582606, 33.9707199,  0.0555489,  0.3056965, -0.4212070, -0.8520849)    0    0  19.39923922  8 0.280  11.53850423
(21.8011321, -2.2239051, 36.6584021,  0.3662934,  0.7493479,  0.5377163,  0.1231588)    0    0  16.77373929  4 5.000  11.18655088
(13.5684387, -14.8107206, 37.3164697,  0.6868149, -0.6828263,  0.1618959, -0.1892705)    0    0  24.24300234  4 0.640  16.17882928
(14.0619455, -15.0026821, 36.8296416,  0.6868148, -0.6828264,  0.1618958, -0.1892705)    0    0  24.01860630 11 0.080  16.02382961
(10.7171974, -20.9717006, 32.1019426,  0.3092483,  0.9014326,  0.2973027, -0.0582745)    0    0  21.15162780  6 0.560  14.31950965
(10.5915364, -21.0489654, 32.2392543,  0.3092483,  0.9014326,  0.2973027, -0.0582745)    0    0  21.19382616  4 0.640  14.17476625
(13.5159273, -13.5291063, 37.2518363,  0.5072645, -0.8354168, -0.0210527, -0.2105191)    0    0 -11.67875706 37 2.360 -40.23846483
(18.8874417, -6.2228752, 38.5159700,  0.0496166, -0.8219414,  0.5197723, -0.2275682)    0    0  18.60273029  6 0.400  12.38810448
(20.4381643, -12.4807154, 34.6248932,  0.0555476,  0.3056965, -0.4212067, -0.8520851)    0    0  18.20977964 12 0.000  11.84437525
(18.4784969, -13.7128226, 37.8301566,  0.1391868,  0.2363800, -0.7650367,  0.5826409)    0    0  21.39684163  2 5.000  14.30901709
(14.8972159, -17.3601304, 35.3075170,  0.1593276,  0.6407848,  0.6176221,  0.4272617)    0    0  19.66778117  0 0.400  13.36440822
(13.4568142, -14.6350734, 37.1599069,  0.6868149, -0.6828263,  0.1618959, -0.1892705)    0    0  23.82887191  0 0.400  15.87462820
(10.5461540, -21.2461147, 32.2071171,  0.3092483,  0.9014326,  0.2973026, -0.0582746)    0    0  21.29484449  2 1.520  14.34069712
(14.5321814, -17.2150111, 35.7569539,  0.1593276,  0.6407848,  0.6176221,  0.4272617)    0    0  19.30596189  1 0.480  13.17522584
(18.8364198, -13.6699659, 38.0302172,  0.1391868,  0.2363800, -0.7650367,  0.5826409)    0    0  20.86928556 13 0.000  13.75997206
(20.1554431, -12.7401422, 34.0346482,  0.0555429,  0.3056962, -0.4212061, -0.8520858)    0    0  19.88250028  2 0.400  14.32559494
(22.7348958, -14.4291440, 32.8833656,  0.8474346, -0.0969981,  0.0727898,  0.5168632)    0    0  19.29247658  1 5.000  12.81669587
(10.6024295, -21.1373233, 32.0253143,  0.3092483,  0.9014326,  0.2973027, -0.0582745)    0    0  21.20949565  4 0.720  14.44936022
(18.4560969, -13.9072680, 37.8482086,  0.1391868,  0.2363800, -0.7650367,  0.5826409)    0    0  20.87102521 10 0.320  14.07233418
(14.0448872, -9.3913245, 42.5462037,  0.4937545, -0.6390042,  0.1616559, -0.5672280)    0    0  14.68889596  1 5.000   9.85833546
(23.7463516, -9.2163148, 35.1818657, -0.1445743,  0.3329872, -0.7774295,  0.5136352)    0    0  20.35321778  2 5.000  13.52377964
(14.9788048, -17.6067309, 35.4177671,  0.1593276,  0.6407848,  0.6176221,  0.4272617)    0    0  19.51029570  0 0.400  13.05185037
(13.7546978, -14.8662882, 37.1525928,  0.6868149, -0.6828262,  0.1618959, -0.1892705)    0    0  24.44296030  0 5.000  16.29530714
(13.4641030, -14.8236633, 37.3662230,  0.6868149, -0.6828262,  0.1618959, -0.1892705)    0    0  24.29893302  2 4.040  16.19287247
(20.6138218, -12.5372856, 33.7148616,  0.0555491,  0.3056965, -0.4212070, -0.8520849)    0    0  21.34620469  2 5.000  14.19969988
(19.0490998, -13.2173042, 38.0821625,  0.1391868,  0.2363800, -0.7650367,  0.5826409)    0    0  20.15861125  0 0.640  13.06044819
(14.9757625, -17.2103447, 35.7491062,  0.1593276,  0.6407849,  0.6176220,  0.4272616)    0    0  19.81530015  6 0.400  13.24127876
(23.4952051, -9.2764264, 35.3559121, -0.1445743,  0.3329872, -0.7774295,  0.5136352)    0    0  20.09592145  4 5.000  13.61836060
(20.3755487, -12.4798781, 34.0569539,  0.0555416,  0.3056962, -0.4212059, -0.8520860)    0    0  19.77204314  9 0.480  14.06470905
(18.5885427, -13.6606210, 37.8664335,  0.1391868,  0.2363800, -0.7650367,  0.5826409)    0    0  21.27536224  5 0.640  14.12753018
(19.6087167, -18.6020079, 38.0494239,  0.6975929, -0.1832818, -0.6039871, -0.3390746)    0    0  19.52257866  1 1.640  13.15602443
(13.8493577, -14.9976849, 36.7136305,  0.6868114, -0.6828306,  0.1618917, -0.1892712)    0    0  23.88559194 15 0.000  15.81009050
(19.0841672, -18.5640180, 38.0032632,  0.6975929, -0.1832818, -0.6039871, -0.3390746)    0    0  19.36826364  3 5.000  12.84761947
(11.8798291, -7.4548971, 38.9014600, -0.5217444,  0.2264389,  0.0144042,  0.8223750)    0    0  -3.71818808  0 5.000  -0.05112912
(13.8999813, -15.1753123, 36.9898653,  0.6868149, -0.6828263,  0.1618959, -0.1892705)    0    0  24.00941064  0 0.400  16.05508718
(15.1159523, -17.1225021, 35.4619409,  0.1593276,  0.6407848,  0.6176221,  0.4272617)    0    0  19.74661818 11 0.080  13.18956507
(10.6504597, -20.8613843, 32.4603868,  0.3092420,  0.9014275,  0.2973318, -0.0582386)    0    0  20.65071114  6 0.400  13.97256220
(18.6443324, -6.4307103, 38.4014817,  0.0496166, -0.8219414,  0.5197723, -0.2275682)    0    0  18.86773566  4 4.360  12.58153574
(11.8988569, -7.6432488, 38.8717328, -0.5217444,  0.2264389,  0.0144042,  0.8223750)    0    0  -4.21602783  2 5.000  -1.16732866
(20.2636257, -12.6857330, 34.1189807,  0.0555422,  0.3056963, -0.4212060, -0.8520859)    0    0  19.25585257  0 0.400  13.97649316
(18.9568966, -18.7218695, 37.9284471,  0.6975929, -0.1832818, -0.6039871, -0.3390746)    0    0  19.22195589  7 0.280  13.11285705
(10.7170105, -20.6664600, 32.3687314,  0.3092483,  0.9014326,  0.2973026, -0.0582746)    0    0  21.38278791  1 2.800  14.41214791
(14.5205845, -17.8184173, 35.3675905,  0.1624113,  0.6474203,  0.6143894,  0.4205789)    0    0  16.69771256  0 0.400  10.76008855
(15.0781391, -17.0878745, 35.5373544,  0.1593276,  0.6407848,  0.6176221,  0.4272616)    0    0  19.74111102 12 0.000  13.03686978
(18.8025143, -14.0116015, 37.6544135,  0.1391868,  0.2363800, -0.7650367,  0.5826409)    0    0  21.19481918  1 0.680  14.12560396
(10.8007670, -21.5010117, 32.5791016,  0.3092483,  0.9014326,  0.2973026, -0.0582746)    0    0  20.98384554 12 0.000  14.03808333
(13.9389269, -14.7240057, 37.2237722,  0.6868066, -0.6828365,  0.1618861, -0.1892722)    0    0  23.69224015  0 0.400  15.87607613
(18.7851722, -18.4905003, 38.0741444,  0.6975929, -0.1832818, -0.6039871, -0.3390746)    0    0  18.49028740  6 0.280  12.78916103
(14.8225206, -17.4866682, 35.2422269,  0.1593276,  0.6407847,  0.6176221,  0.4272618)    0    0  19.93443888  1 4.160  13.29762314
(21.5669753, -1.9370129, 36.4949491,  0.3662931,  0.7493488,  0.5377151,  0.1231591)    0    0  16.81420692  2 5.000  11.18407687
(10.5827163, -20.5739958, 32.4923565,  0.3092483,  0.9014326,  0.2973027, -0.0582745)    0    0  20.71231726 18 0.000  14.11290993
(22.7339602, -14.4457953, 32.4992161,  0.8474346, -0.0969981,  0.0727898,  0.5168632)    0    0  19.01522461  3 1.240  12.79473775
(19.0747143, -6.2658325, 38.3052063,  0.0496166, -0.8219414,  0.5197723, -0.2275682)    0    0  18.55977491  6 0.480  12.34508824
(19.5862396, -18.6126175, 38.0562151,  0.6975929, -0.1832818, -0.6039871, -0.3390746)    0    0  19.48774782  2 4.200  13.17594875
(13.4923492, -14.8179949, 37.3669476,  0.6868127, -0.6828288,  0.1618922, -0.1892724)    0    0  24.11170064  0 0.400  16.19089666
(19.2018836, -18.6577848, 37.9057559,  0.6975929, -0.1832818, -0.6039871, -0.3390746)    0    0  19.28644261  4 0.600  12.89014911
(18.4478699, -14.0444770, 37.8272718,  0.1391868,  0.2363800, -0.7650367,  0.5826409)    0    0  20.70231211 12 0.000  13.91194446
(18.6591344, -6.0995608, 38.6869304,  0.0496166, -0.8219414,  0.5197723, -0.2275682)    0    0  18.95038796  0 5.000  12.63359197
(18.6158976, -13.2742534, 38.0110295,  0.1391868,  0.2363800, -0.7650367,  0.5826409)    0    0  21.30500803  4 2.000  14.21114403
(21.3039674, -1.5969150, 36.0678659,  0.3662928,  0.7493497,  0.5377140,  0.1231594)    0    0  16.68889466  5 4.760  11.19427450
(13.9000625, -14.7057297, 37.0800917,  0.6868147, -0.6828265,  0.1618957, -0.1892705)    0    0  23.73901435 18 0.000  15.70514772
(18.8729813, -18.7380201, 38.2638791,  0.6975929, -0.1832818, -0.6039871, -0.3390746)    0    0  18.80060766 10 0.120  12.28497391
(14.8099530, -17.4841791, 35.2219292,  0.1593277,  0.6407850,  0.6176220,  0.4272615)    0    0  19.54973771  0 0.400  13.29481196
(13.6377263, -14.4067196, 37.1184040,  0.6868148, -0.6828263,  0.1618958, -0.1892705)    0    0  23.99673156 10 0.000  16.06597056
(14.7058768, -17.6306498, 35.1945707,  0.1593276,  0.6407849,  0.6176220,  0.4272616)    0    0  19.45932655  0 0.400  12.87214784
(19.4772160, -18.5112457, 38.1085334,  0.6975929, -0.1832818, -0.6039871, -0.3390746)    0    0  19.24433192  6 0.560  12.86469157
(21.3882784, -1.7057626, 36.1930297,  0.3662934,  0.7493479,  0.5377163,  0.1231588)    0    0  16.81172110  3 5.000  11.10328871
(14.9017041, -17.1953665, 35.5518798,  0.1593276,  0.6407848,  0.6176221,  0.4272617)    0    0  18.85660602  0 0.400  13.17136151
(20.5391672, -12.6741938, 33.8992741,  0.0555428,  0.3056962, -0.4212061, -0.8520858)    0    0  19.63268953  1 0.640  12.28268819
(20.4545376, -12.3017205, 34.3573861,  0.0555480,  0.3056964, -0.4212068, -0.8520850)    0    0  20.23750144  6 0.440  14.23933155
(13.9522869, -14.6965240, 37.0192658,  0.6868130, -0.6828284,  0.1618926, -0.1892724)    0    0  23.84959630 16 0.000  16.10884042
(18.4906371, -13.7352842, 37.8168790,  0.1391868,  0.2363800, -0.7650367,  0.5826409)    0    0  21.40280338  0 5.000  14.26853560
(20.3894120, -12.4690548, 33.9996099,  0.0555486,  0.3056965, -0.4212069, -0.8520849)    0    0  21.17499461  4 1.120  14.12542333
(10.4751198, -20.2919410, 32.4730373,  0.3092437,  0.9014289,  0.2973237, -0.0582486)    0    0  20.14047534  0 0.880  13.19956553
(15.1579082, -16.9374879, 35.6105640,  0.1593276,  0.6407847,  0.6176221,  0.4272618)    0    0  19.90346363  2 0.960  13.33586874
(13.5453145, -13.7629770, 37.3674102,  0.5072569, -0.8354208, -0.0210607, -0.2105210)    0    0 -11.19135763 36 2.040 -39.37740758
(18.8554766, -6.1470093, 38.4073100,  0.0496166, -0.8219414,  0.5197723, -0.2275682)    0    0  18.39262900  7 0.440  12.18354977
(14.9945567, -17.1712892, 35.4342309,  0.1593276,  0.6407848,  0.6176221,  0.4272617)    0    0  19.74657316  2 0.640  13.09788240
(18.4089464, -13.9348663, 37.7229771,  0.1391868,  0.2363800, -0.7650367,  0.5826409)    0    0  20.92943787  2 0.640  13.89315504
(18.8412201, -6.1939814, 38.6062238,  0.0496166, -0.8219414,  0.5197723, -0.2275682)    0    0  18.63749597  5 0.400  12.43343551
(10.8094030, -20.6098612, 32.1612855,  0.3092475,  0.9014320,  0.2973061, -0.0582703)    0    0  20.26520684  4 0.720  13.30378251
(13.6810266, -9.5957216, 42.2918844,  0.4937545, -0.6390042,  0.1616559, -0.5672280)    0    0  14.79311075  0 5.000   9.86207383
(20.3697640, -12.5769977, 34.0259130,  0.0555455,  0.3056964, -0.4212065, -0.8520854)    0    0  19.19024826  3 0.560  12.20704642
(14.8394430, -17.2327502, 35.5439093,  0.1593277,  0.6407849,  0.6176220,  0.4272616)    0    0  18.42597682  3 0.480  13.16190045
(13.7194248, -14.4640943, 37.1631917,  0.6471414, -0.7273394,  0.1168843, -0.1962739)    0    0  11.34510016  0 0.800  13.44368030
(20.7345805, -12.6416860, 33.5888029,  0.0555414,  0.3056962, -0.4212059, -0.8520860)    0    0  17.85573642 16 0.000  11.66404998
(13.4404270, -14.7772712, 37.5495070,  0.6772437, -0.6943331,  0.1507086, -0.1911267)    0    0  16.41439327 23 0.000  15.12301073
(11.9057035, -7.7357074, 38.8450970, -0.5217444,  0.2264389,  0.0144042,  0.8223750)    0    0  -4.92715173  3 5.000  -0.59534732
(18.5993899, -6.0855734, 38.7383357,  0.0496166, -0.8219414,  0.5197723, -0.2275682)    0    0  18.91651024  2 2.240  12.59563567
(11.8380820, -6.9843050, 39.0037099, -0.5217444,  0.2264389,  0.0144042,  0.8223750)    0    0  -3.98543148  1 5.000  -0.14037119
(14.7127375, -17.4479624, 35.4410484,  0.1587278,  0.6423304,  0.6167190,  0.4264629)    0    0  18.55618214  2 0.640  12.77729543
(22.7231794, -14.4280137, 32.9671969,  0.8474346, -0.0969981,  0.0727898,  0.5168632)    0    0  19.42256594  0 4.040  12.95374331
(18.7721051, -6.0047929, 38.5695609,  0.0496166, -0.8219414,  0.5197723, -0.2275682)    0    0  18.65753945  5 0.400  12.47495638
(14.9192958, -17.3425202, 35.3757269,  0.1593276,  0.6407848,  0.6176221,  0.4272617)    0    0  19.69103670  8 0.400  13.11129117
(21.6323522, -2.0150558, 36.5109726,  0.3662932,  0.7493485,  0.5377155,  0.1231590)    0    0  16.92567684  1 4.840  11.40844070
(14.9734375, -17.3167571, 35.1647445,  0.1593276,  0.6407849,  0.6176220,  0.4272616)    0    0  19.84019818  0 0.480  13.34250798
(14.9018070, -17.2052374, 35.4903641,  0.1593276,  0.6407849,  0.6176220,  0.4272616)    0    0  19.49230226  8 0.160  13.19553306
(22.7866328, -14.4181739, 33.0689015,  0.8474344, -0.0969982,  0.0727900,  0.5168635)    0    0  19.01208976  4 0.920  12.83267130
(20.2864596, -12.4425808, 34.1286050,  0.0555491,  0.3056965, -0.4212070, -0.8520849)    0    0  21.38858252  1 5.000  14.29044926
(13.7061054, -15.0127534, 37.1885763,  0.6868107, -0.6828312,  0.1618886, -0.1892743)    0    0  23.88997336  0 0.400  16.01778617
(18.6333582, -13.7265772, 37.7462592,  0.1391868,  0.2363800, -0.7650367,  0.5826409)    0    0  21.07432075  4 0.480  13.99791260
(13.7167669, -14.8610978, 37.1802951,  0.6868149, -0.6828262,  0.1618959, -0.1892705)    0    0  24.23865676  6 2.080  16.09777821
(19.0038808, -6.2093239, 38.6402439,  0.0496166, -0.8219414,  0.5197723, -0.2275682)    0    0  18.67080822  4 0.240  12.44974856
(19.1191317, -18.5673665, 38.0069842,  0.6975929, -0.1832818, -0.6039871, -0.3390746)    0    0  19.71942431  0 5.000  13.14734900
(10.6454859, -21.0611041, 32.2681541,  0.3092483,  0.9014326,  0.2973027, -0.0582746)    0    0  20.86627392 15 0.000  14.16368562
(13.4056988, -14.2769623, 37.3394731,  0.6038242, -0.7677574,  0.0712152, -0.2021715)    0    0 -18.29733577  5 1.960 -15.12903706
(19.2123873, -18.4989463, 38.3284131,  0.6975929, -0.1832818, -0.6039871, -0.3390746)    0    0  18.73133437 12 2.680  12.18867554
(13.7112850, -14.8599132, 37.1845086,  0.6868149, -0.6828263,  0.1618959, -0.1892705)    0    0  24.25309237  3 1.280  16.12685792
(19.5656134, -18.6077239, 38.0560329,  0.6975929, -0.1832818, -0.6039871, -0.3390746)    0    0  19.36223968  4 3.000  12.91164876
(13.4953884, -9.6998072, 42.1620222,  0.4937545, -0.6390042,  0.1616559, -0.5672280)    0    0  14.56468777  2 5.000   9.80221864
(14.8324060, -17.3748685, 35.2152385,  0.1593276,  0.6407847,  0.6176221,  0.4272617)    0    0  19.89276995  2 0.640  13.34189843
(13.9788091, -15.1511564, 36.9522469,  0.6868080, -0.6828348,  0.1618877, -0.1892719)    0    0  23.86128612  6 0.560  15.83530198
(11.8710010, -7.4026033, 38.8925929, -0.5217444,  0.2264389,  0.0144042,  0.8223750)    0    0  -6.47693291  4 5.000  -2.98925817
(10.6026489, -21.1052778, 32.2634897,  0.3092483,  0.9014326,  0.2973026, -0.0582746)    0    0  21.62353346  0 5.000  14.50068663
(10.4702866, -21.1768112, 32.2095982,  0.3092481,  0.9014324,  0.2973036, -0.0582734)    0    0  20.97498583  0 0.400  14.08380080
(18.7120527, -18.3947690, 38.1814205,  0.6975929, -0.1832818, -0.6039871, -0.3390746)    0    0  18.98530368 10 0.400  13.09514480
(10.6887483, -21.2323370, 32.4191643,  0.3092483,  0.9014326,  0.2973027, -0.0582745)    0    0  21.05273383 12 0.640  14.06936600
(23.7701172, -9.2106275, 35.1653963, -0.1445743,  0.3329872, -0.7774295,  0.5136352)    0    0  20.33703409  3 5.000  13.51477563
(13.6626525, -9.6060431, 42.2790419,  0.4937545, -0.6390042,  0.1616559, -0.5672280)    0    0  14.46982908  4 5.000   9.59356148
(10.6670047, -21.2664703, 32.4010757,  0.3092479,  0.9014323,  0.2973043, -0.0582725)    0    0  21.13749968  3 0.480  14.25771624
(15.1782332, -17.0634935, 35.0598295,  0.1593276,  0.6407848,  0.6176220,  0.4272616)    0    0  19.55552645  8 0.080  13.28262562
(18.6927596, -14.1046078, 37.5986613,  0.1391868,  0.2363800, -0.7650367,  0.5826409)    0    0  21.35273420  3 3.920  14.20722430
(10.6844315, -20.9700124, 31.8717581,  0.3088933,  0.9011420,  0.2989213, -0.0562779)    0    0  20.53452388 13 0.000  13.84557323
(20.4173855, -12.6207037, 34.0301379,  0.0555477,  0.3056965, -0.4212067, -0.8520851)    0    0  19.63478078  0 0.560  14.00675755
(19.2216849, -5.8068157, 38.5786848,  0.0496166, -0.8219414,  0.5197723, -0.2275682)    0    0  18.88220363  3 5.000  12.56146504
(18.7090833, -13.4147418, 37.9740207,  0.1391868,  0.2363800, -0.7650367,  0.5826409)    0    0  21.16594866  7 0.400  14.40240693
(20.6549977, -12.5607276, 33.6547288,  0.0555491,  0.3056965, -0.4212070, -0.8520849)    0    0  21.24158177  3 0.960  14.17715193
(13.7318966, -15.2323722, 37.3002409,  0.6820259, -0.6885838,  0.1562995, -0.1901978)    0    0  22.31090346  0 0.400  15.58670723
(13.4969401, -9.7834125, 42.2109269,  0.4937545, -0.6390042,  0.1616559, -0.5672280)    0    0  14.55679465  3 5.000   9.80246529
(13.2302805, -14.9270059, 37.5116594,  0.6868149, -0.6828262,  0.1618959, -0.1892705)    0    0  24.08524480  6 0.320  16.05648120
(11.0537454, -19.7288298, 32.3374923,  0.3092482,  0.9014325,  0.2973029, -0.0582743)    0    0  19.60921199  0 0.800  12.91427683
(20.3145245, -12.4492157, 34.0271296,  0.0555491,  0.3056965, -0.4212070, -0.8520849)    0    0  19.79279579 10 2.200  12.04059515
(18.2578892, -13.9125747, 37.6992112,  0.1391868,  0.2363800, -0.7650367,  0.5826409)    0    0  21.40208642  1 1.760  14.29980514
(10.7144263, -20.8499620, 32.3851930,  0.3092483,  0.9014326,  0.2973026, -0.0582746)    0    0  21.26400819  3 1.040  14.37279434
(10.6424660, -20.9426611, 32.5789184,  0.3092483,  0.9014326,  0.2973027, -0.0582745)    0    0  20.53796362 10 0.080  14.00572820
(18.6424973, -6.0740289, 38.6975340,  0.0496166, -0.8219414,  0.5197723, -0.2275682)    0    0  18.81144957  6 0.640  12.52778262
(22.5051602, -14.4620473, 32.5999481,  0.8414829, -0.1004541,  0.0779263,  0.5249794)    0    0  13.49550374  8 0.520  12.80217058
(14.9235518, -17.1221591, 35.6382231,  0.1593276,  0.6407848,  0.6176221,  0.4272617)    0    0  19.76723661  4 0.480  13.18357762
