#Coordinates  RecID  LigID  Luciferin  Neighbor's number  Vision Range  Scoring
(10.7502677, -18.4451693, 33.3561663,  0.3091833,  0.9013405,  0.2975982, -0.0585328)    0    0  13.19655046 12 0.080  10.04335028
(15.0234455, -17.7438759, 35.2269764,  0.1593379,  0.6407861,  0.6176148,  0.4272664)    0    0  19.48416695  2 3.640  12.96666087
(15.2939909, -17.6146416, 35.5672608,  0.1593072,  0.6408079,  0.6176291,  0.4272244)    0    0  17.70696007  5 0.440  12.93977457
(15.7602363, -17.5674426, 35.2524310,  0.1593160,  0.6408425,  0.6176118,  0.4271942)    0    0  15.29197985  6 0.680  10.69370603
(22.3430712, -11.5348812, 33.0310144,  0.0556825,  0.3078017, -0.4191477, -0.8523337)    0    0  15.74743684  7 0.280  10.98154895
(19.5737489, -3.2954972, 32.7507539,  0.3898718,  0.6532922,  0.6423129,  0.0929702)    0    0  -3.19930345  5 5.000  -1.79277923
(11.3309302, -18.1607653, 33.2483290,  0.3094222,  0.9014146,  0.2971318, -0.0585006)    0    0  15.31045121  5 0.760  10.54130216
(12.0256418, -18.2027224, 33.7387885,  0.2480943,  0.8161203,  0.4840706,  0.1951217)    0    0  16.11247882 16 2.680  11.80319902
(20.5946386, -19.7640669, 35.7023071,  0.6975663, -0.1832683, -0.6040241, -0.3390706)    0    0  16.18949509  4 0.520  10.85839504
(16.9070901, -16.9593622, 31.2621212,  0.1327656,  0.6443158,  0.6313770,  0.4104840)    0    0   0.97660607  5 1.880   4.26758241
(23.6540192, -14.1867550, 32.1540261,  0.8474396, -0.0970053,  0.0727716,  0.5168562)    0    0  17.28519453  2 4.840  11.79633261
(18.3723453, -6.2232027, 38.4728937,  0.0495674, -0.8220446,  0.5197683, -0.2272150)    0    0  18.05103876  7 4.840  12.02571761
(15.0498127, -17.7382479, 35.2083499,  0.1593389,  0.6407865,  0.6176142,  0.4272662)    0    0  19.58078453  1 5.000  13.13929730
(10.0118578, -12.4669669, 38.2995151,  0.2210734,  0.8244234,  0.4954051,  0.1613259)    0    0  14.76870578  3 0.760  10.17082326
(14.3244482, -14.2828397, 37.4188020,  0.6869485, -0.6828110,  0.1616894, -0.1890161)    0    0  22.73383665 11 0.360  14.98235221
(17.4505620, -10.3322908, 39.4019970,  0.1537861, -0.4200898,  0.4023100, -0.7987622)    0    0  16.39304357  0 4.520  11.20908500
(15.2504414, -17.6078297, 35.5657090,  0.1594140,  0.6408058,  0.6175585,  0.4272899)    0    0  19.32498273  6 1.160  12.99382320
(15.3999028, -17.5553389, 35.5898855,  0.1593577,  0.6407916,  0.6176004,  0.4272715)    0    0  18.63156771  9 4.120  13.09467834
(12.6968220, -7.3173247, 40.0016099,  0.4937527, -0.6390026,  0.1616643, -0.5672288)    0    0  -0.53410133  5 4.920  -0.01361483
(14.0353334, -14.3703265, 37.5157823,  0.6868461, -0.6828242,  0.1618463, -0.1892051)    0    0  22.81280230  8 3.640  15.45920100
(14.1813624, -14.3548035, 37.4686060,  0.6868199, -0.6828244,  0.1618938, -0.1892590)    0    0  22.33182801 14 0.000  14.98248935
(13.7861380, -14.8076659, 37.4098013,  0.6867264, -0.6828416,  0.1620242, -0.1894262)    0    0  23.10668659  1 5.000  15.54348627
(13.8822385, -14.3356828, 37.5447277,  0.6869596, -0.6828085,  0.1616763, -0.1889960)    0    0  22.92898182  3 2.600  15.58704635
(24.6627280, -13.5057608, 32.5480550,  0.8473037, -0.0965607,  0.0735430,  0.5170530)    0    0  16.12047759  0 0.680  10.59714616
(10.1384997, -12.8673411, 38.3752456,  0.2210462,  0.8243517,  0.4954026,  0.1617376)    0    0  14.79398760  7 3.800  10.16583760
(14.0599007, -13.8860292, 37.4146267,  0.6867127, -0.6828236,  0.1620550, -0.1895139)    0    0  22.88685626  3 0.480  15.49952236
(16.8357802, -16.9979348, 31.7585087,  0.1406976,  0.6431690,  0.6277212,  0.4152507)    0    0   3.05257157  5 1.720   5.53082779
(23.7502227, -14.2296872, 32.2884669,  0.8474402, -0.0970005,  0.0727824,  0.5168547)    0    0  17.39102284  0 3.880  12.06196384
(11.3586492, -18.2229855, 33.3711167,  0.3093423,  0.9013774,  0.2973545, -0.0583628)    0    0  14.59507289  5 0.520  10.33180866
(21.3150148, -13.7276641, 38.0337659,  0.1402352,  0.2360615, -0.7649096,  0.5826854)    0    0  18.88810948  0 0.600  12.65904725
(14.6849225, -17.8772536, 35.3211942,  0.1593095,  0.6407997,  0.6176302,  0.4272343)    0    0  17.98567621  4 0.360  13.11875709
(20.4226849, -19.7951754, 35.7388162,  0.6975600, -0.1832664, -0.6040295, -0.3390749)    0    0  16.81214729  2 1.880  11.35892199
(17.8024039, -8.1353736, 39.1771261,  0.0572759, -0.8074031,  0.5205166, -0.2718127)    0    0  14.11691149 10 2.280  10.30516341
(15.7668336, -17.4864849, 34.7692660,  0.1588464,  0.6408664,  0.6179042,  0.4269095)    0    0  14.64038413  8 1.000  10.62002513
(22.2514150, -11.1170235, 33.0152457,  0.0558270,  0.3078012, -0.4190937, -0.8523510)    0    0  16.22472283  3 5.000  10.95256979
(22.0396336, -11.0340436, 33.0234008,  0.0558284,  0.3078034, -0.4190908, -0.8523516)    0    0  16.37966959  0 5.000  10.99711689
(16.0158509, -17.3189489, 34.3501509,  0.1571969,  0.6409393,  0.6189521,  0.4258877)    0    0  13.54196559  4 1.400  10.40903882
( 9.9480947, -12.7569060, 38.1276418,  0.2209363,  0.8242638,  0.4954577,  0.1621666)    0    0  14.56171710  9 4.680   9.32750888
(11.6360936, -18.1304560, 33.5523372,  0.2480381,  0.8161693,  0.4839960,  0.1951734)    0    0  15.40697073 13 3.160  10.86943526
(21.0487851, -13.6309414, 37.8383909,  0.1357535,  0.2377426, -0.7656533,  0.5820665)    0    0  18.41552194 13 0.920  12.61968886
(21.8978906, -11.3553843, 33.1023854,  0.0557211,  0.3077692, -0.4191708, -0.8523316)    0    0  15.78197259  5 0.520  10.76106642
(18.2278224, -5.8985623, 38.8383429,  0.0497596, -0.8216387,  0.5197845, -0.2285950)    0    0  17.33864753 11 0.360  11.94242831
(19.6778649, -3.1372323, 33.0718837,  0.3900016,  0.6532710,  0.6422775,  0.0928186)    0    0  -1.81760530  0 5.000  -0.70776474
(16.2298282, -17.2994135, 34.1261221,  0.1580675,  0.6409254,  0.6183741,  0.4264256)    0    0  13.10337674  6 1.640   9.85774751
(10.7162921, -18.0128542, 33.3080418,  0.3089228,  0.9014336,  0.2976637, -0.0581401)    0    0  13.04294932 10 0.320   9.07351449
(21.1834107, -13.1099795, 38.2271809,  0.1400974,  0.2360177, -0.7648683,  0.5827906)    0    0  19.13811368  3 3.080  12.81851511
(18.2058766, -6.1037910, 39.1379734,  0.0495244, -0.8220715,  0.5197407, -0.2271901)    0    0  18.09059139  4 5.000  12.09157321
(18.2359908, -5.8100325, 38.6345617,  0.0496448, -0.8218621,  0.5197939, -0.2277985)    0    0  17.96761439  8 0.840  11.89981555
(11.7672688, -18.1766591, 33.6186706,  0.2481166,  0.8161249,  0.4840577,  0.1951061)    0    0  16.14802554  1 3.640  11.57105873
(23.8372795, -9.1945549, 35.1188531, -0.1445743,  0.3329872, -0.7774295,  0.5136352)    0    0  20.39948386  0 5.000  13.62319838
(14.5962069, -14.4836229, 37.3986183,  0.6871794, -0.6827763,  0.1613457, -0.1885955)    0    0  22.54580603  5 0.600  15.02857238
(23.8130774, -14.4849118, 32.4825171,  0.8474144, -0.0969471,  0.0728674,  0.5168950)    0    0  17.02575657  7 0.520  11.58353745
(24.0287972, -14.1631150, 32.5923588,  0.8474282, -0.0970099,  0.0727708,  0.5168742)    0    0  16.92138368 10 1.160  11.28307254
(16.4819376, -17.1718638, 33.4060765,  0.1526109,  0.6414175,  0.6215778,  0.4229742)    0    0  10.99442972  4 1.000   8.78159665
(24.0246944, -8.9549526, 34.9336465, -0.1125288,  0.3235362, -0.7797448,  0.5240799)    0    0  16.47419459  4 4.360  12.21951769
(14.0583998, -14.9771774, 37.4912442,  0.6873007, -0.6827212,  0.1611769, -0.1884981)    0    0  22.58550846  0 0.680  15.41648009
(14.8353447, -14.8848009, 37.1461062,  0.6873042, -0.6827639,  0.1611285, -0.1883722)    0    0  22.53390457  0 0.880  15.12286065
(23.6505665, -14.1728350, 32.1430262,  0.8474367, -0.0970176,  0.0727646,  0.5168597)    0    0  17.24447750  3 4.920  11.84323649
(13.8550831, -14.3887764, 37.5331990,  0.6867201, -0.6828429,  0.1620316, -0.1894377)    0    0  23.16759264  0 1.560  15.64321047
(16.4541662, -17.1755173, 33.5205151,  0.1526215,  0.6412935,  0.6216279,  0.4230854)    0    0  11.30621767  4 1.480   8.92273269
(19.2828957, -8.5540087, 34.8363804, -0.0486090, -0.4389116, -0.8185303, -0.3674262)    0    0  15.67736293  3 5.000  10.84299070
(19.4477649, -3.3014392, 32.5407649,  0.3900928,  0.6532553,  0.6422533,  0.0927142)    0    0  -2.98508260  4 5.000  -1.89432357
(19.4893929, -8.4193114, 34.8538631, -0.0486956, -0.4389170, -0.8185103, -0.3674527)    0    0  15.39354897  4 4.040  10.33072503
(19.7143420, -3.1112045, 33.1560712,  0.3900419,  0.6532641,  0.6422668,  0.0927721)    0    0  -2.87045848  3 5.000  -1.98569100
(13.7079956, -14.3214509, 37.5870274,  0.6866191, -0.6828560,  0.1621870, -0.1896240)    0    0  23.09017402  2 1.840  15.49339451
(15.1537694, -14.0117407, 37.1531522,  0.6868106, -0.6828046,  0.1619773, -0.1892878)    0    0  22.02145920  0 0.640  14.58548558
(10.8676111, -16.2075865, 31.7107599,  0.3082276,  0.9010987,  0.2993769, -0.0581909)    0    0 -15.53216889 17 2.200  -3.39038561
(11.6169884, -18.1609636, 33.5175541,  0.2662690,  0.8464597,  0.4415968,  0.1326615)    0    0  12.59973842 19 1.480   7.21464327
( 9.9570451, -12.2676951, 38.2823886,  0.2209968,  0.8243088,  0.4954508,  0.1618760)    0    0  14.94599600  4 5.000  10.11258923
(18.1729824, -6.1362774, 39.3218508,  0.0495463, -0.8220620,  0.5197374, -0.2272272)    0    0  18.10825123  2 3.160  12.04138541
(22.2768442, -11.0049526, 32.8589674,  0.0549961,  0.3077504, -0.4194617, -0.8522421)    0    0  15.59644651  5 0.360  10.73578843
(21.1065171, -13.6265019, 38.0636894,  0.1402555,  0.2362830, -0.7649464,  0.5825424)    0    0  19.00911783  7 0.440  12.76058532
(16.4800718, -17.1665211, 32.8941039,  0.1468460,  0.6417485,  0.6249213,  0.4196050)    0    0  10.15523911  6 1.320   7.67294860
(14.1886792, -14.3603924, 37.4708213,  0.6867267, -0.6828414,  0.1620237, -0.1894255)    0    0  22.89719635  4 5.000  15.23037076
(10.9487359, -17.7457030, 33.0906634,  0.3078087,  0.9001573,  0.3038357, -0.0504144)    0    0  13.11216303  0 0.680   9.84621025
(14.7896517, -17.8434961, 35.4114638,  0.1593151,  0.6408003,  0.6176258,  0.4272377)    0    0  17.89089108  7 0.120  12.97743951
(21.3485512, -13.6690881, 37.7071725,  0.1410156,  0.2362073, -0.7651409,  0.5821330)    0    0  18.70759213  0 0.560  12.56454134
(24.0268523, -14.0730885, 32.5284704,  0.8474377, -0.0969859,  0.0728127,  0.5168572)    0    0  17.08723165  5 2.760  11.42035409
(23.8588762, -14.5692239, 32.6028958,  0.8474239, -0.0969455,  0.0728816,  0.5168777)    0    0  17.14077492  4 2.680  11.77533891
(11.1956590, -18.1901974, 33.2779943,  0.3093575,  0.9014488,  0.2970940, -0.0585069)    0    0  14.70290699  7 1.080   9.79574666
(21.2915094, -13.1011453, 37.8898892,  0.1401029,  0.2360067, -0.7648712,  0.5827899)    0    0  19.04556413  6 0.440  12.84504414
(12.7818996, -7.3388008, 40.1000628,  0.4937512, -0.6390045,  0.1616493, -0.5672323)    0    0   0.22811927  4 5.000   0.66840564
(23.7979387, -9.2423316, 35.1576532, -0.1434847,  0.3326979, -0.7775244,  0.5139832)    0    0  19.41196562  3 4.360  13.01093014
(16.6101674, -17.1365552, 32.5902955,  0.1436536,  0.6423432,  0.6265739,  0.4173100)    0    0   8.08177709  5 1.000   7.18948269
(14.2883546, -14.3840935, 37.4642932,  0.6863883, -0.6828384,  0.1626330, -0.1901281)    0    0  21.73853776 13 0.000  15.29484304
(13.8509313, -14.3896462, 37.5341889,  0.6869462, -0.6828114,  0.1616921, -0.1890208)    0    0  22.89059680  5 0.600  15.54393475
(22.0570053, -10.9326481, 32.9980972,  0.0558034,  0.3077945, -0.4191105, -0.8523467)    0    0  16.23450526  2 3.800  11.13762198
(21.1553326, -13.2785148, 38.1725669,  0.0701350,  0.2624056, -0.7748925,  0.5707591)    0    0  17.61991734 17 4.040  10.06949342
(14.6513842, -17.8909108, 35.2225636,  0.1593457,  0.6407986,  0.6176054,  0.4272583)    0    0  17.06569172  0 0.520  10.47135077
(23.8088961, -9.3075576, 35.1688029, -0.1435645,  0.3326972, -0.7775079,  0.5139864)    0    0  19.52574924  1 4.760  13.12790136
(23.8566748, -14.5096644, 32.5571303,  0.8474333, -0.0969574,  0.0728378,  0.5168662)    0    0  17.06233484  6 4.680  11.68575841
(21.1873197, -13.0253417, 38.3009075,  0.0702064,  0.2624239, -0.7748948,  0.5707388)    0    0  17.50674515 18 3.960  10.01912483
(20.4275071, -19.7845632, 35.7397976,  0.6975777, -0.1832746, -0.6040069, -0.3390744)    0    0  16.84792312  1 4.920  11.35501494
(14.8038891, -14.3603047, 37.2893372,  0.6870554, -0.6827704,  0.1615709, -0.1888759)    0    0  21.66290684  2 0.520  14.42869902
(20.2359697, -19.6085677, 35.9418575,  0.6975052, -0.1832405, -0.6041026, -0.3390714)    0    0  16.58111558  0 0.680  11.18238228
(10.8239058, -4.3454037, 35.8152848, -0.5210272,  0.2280651,  0.0156689,  0.8223544)    0    0 -43.39831319  2 5.000 -28.46059404
( 9.9887830, -12.7547865, 38.2103604,  0.2209722,  0.8242912,  0.4954558,  0.1619840)    0    0  15.13602494  1 3.640  10.26325168
(16.4751089, -17.1539754, 33.2464138,  0.1512008,  0.6413958,  0.6224547,  0.4222143)    0    0  10.90273399  6 1.320   8.81655060
(10.7581103, -17.9487551, 32.4361729,  0.3077388,  0.9004754,  0.3024454, -0.0542361)    0    0   4.70109181 14 0.520   7.13102580
(18.2133722, -6.1769450, 39.1872088,  0.0495749, -0.8220399,  0.5197669, -0.2272333)    0    0  18.06650130  6 1.640  11.99995504
(10.7295090, -4.8598127, 35.0218499, -0.5199682,  0.2310446,  0.0173355,  0.8221578)    0    0 -44.56566074  3 5.000 -29.82616408
(22.0780992, -11.1688091, 33.0278311,  0.0558283,  0.3078021, -0.4190924, -0.8523512)    0    0  15.98230233  5 5.000  10.50266980
(20.4869743, -19.6917299, 35.7289754,  0.6975550, -0.1832654, -0.6040340, -0.3390777)    0    0  16.75044052  4 4.840  11.37307560
(10.9866147, -18.0434535, 33.2050608,  0.3091653,  0.9013393,  0.2977817, -0.0576948)    0    0  13.71035187  0 0.520  10.48526394
(16.8934226, -17.0064662, 31.6246180,  0.1351939,  0.6432465,  0.6306675,  0.4125586)    0    0   2.05143418  5 1.720   5.22711109
(15.3487481, -17.5579207, 35.6406120,  0.1593889,  0.6408061,  0.6175753,  0.4272744)    0    0  18.49847059  3 0.760  12.45734707
(21.2919342, -13.1812801, 38.1874532,  0.1411881,  0.2363687, -0.7651873,  0.5819647)    0    0  18.88904271  0 0.520  12.73985575
(10.7813796, -18.1868638, 33.3032546,  0.3089344,  0.9013157,  0.2981338, -0.0574904)    0    0  12.72062168 11 0.280   8.92573948
(14.1085332, -14.6205085, 37.8303814,  0.6868321, -0.6828272,  0.1618630, -0.1892310)    0    0  22.86309120  4 0.280  15.50838019
(20.9819472, -19.2233386, 36.0050132,  0.6974972, -0.1832321, -0.6041358, -0.3390335)    0    0  16.33951091  0 0.840  11.00131203
(15.8387806, -17.4119945, 34.8314340,  0.1586504,  0.6408558,  0.6180414,  0.4267996)    0    0  14.64774160  9 1.080  10.61370209
(19.7203521, -2.9916179, 33.2808922,  0.3898500,  0.6532959,  0.6423187,  0.0929951)    0    0  -2.00373630  1 3.640  -0.96669702
(11.0169614, -18.0704805, 33.1042124,  0.3089014,  0.9010796,  0.2987281, -0.0582570)    0    0  10.89214376  0 0.400  10.45349772
(24.0532146, -14.3448361, 32.7052810,  0.8473872, -0.0969255,  0.0729540,  0.5169314)    0    0  17.00224865  0 0.440  11.64033967
(18.2127462, -6.1078125, 39.1147875,  0.0495627, -0.8220650,  0.5197321, -0.2272249)    0    0  18.21361519  0 5.000  12.14344660
(20.4929168, -19.2752433, 35.8932693,  0.6975561, -0.1832646, -0.6040355, -0.3390732)    0    0  16.58270678  8 3.720  10.80783606
(14.8251110, -13.9384146, 37.2894113,  0.6868107, -0.6827950,  0.1619902, -0.1893105)    0    0  21.85261705  6 0.320  14.76701343
(20.5165502, -19.4358804, 35.7890688,  0.6975760, -0.1832774, -0.6039719, -0.3390663)    0    0  17.06538149  0 5.000  11.37808148
(21.1234788, -13.3750699, 38.0901963,  0.1401154,  0.2360063, -0.7648719,  0.5827861)    0    0  19.03770399  6 0.600  12.80724318
(18.2838675, -6.2126562, 38.9435218,  0.0495459, -0.8220365,  0.5197449, -0.2273026)    0    0  18.09790363  1 0.840  12.32887865
(21.3856793, -13.2759234, 37.7345980,  0.1400896,  0.2360151, -0.7648668,  0.5827955)    0    0  19.16459591  1 2.040  12.88590413
(19.5467281, -3.2164747, 32.7824921,  0.3897749,  0.6533078,  0.6423392,  0.0930844)    0    0  -3.35602924  6 4.760  -1.82059571
(14.3767943, -14.4027481, 37.4529909,  0.6871356, -0.6827883,  0.1613975, -0.1886675)    0    0  22.60663804  2 0.640  15.13932450
(20.7655091, -19.5026870, 35.4479490,  0.6975642, -0.1832685, -0.6040250, -0.3390733)    0    0  16.64599175  5 1.000  11.19551424
(15.4531794, -17.5328858, 35.6226360,  0.1593863,  0.6407989,  0.6175787,  0.4272813)    0    0  19.26541220  7 0.680  13.15616396
(14.3653254, -14.3798418, 37.4182381,  0.6872844, -0.6827618,  0.1611895, -0.1883995)    0    0  22.48559185 11 0.120  15.00696889
(15.0247590, -17.7426868, 35.2304376,  0.1593300,  0.6407843,  0.6176207,  0.4272635)    0    0  19.68615467  0 5.000  13.17506647
(20.6668816, -19.2934111, 35.6814042,  0.6975345, -0.1832545, -0.6040645, -0.3390715)    0    0  16.53981254 10 0.120  10.94870606
(19.4598445, -3.4265569, 32.4807789,  0.3898773,  0.6532902,  0.6423122,  0.0929659)    0    0  -3.61414605  7 1.880  -2.31311777
(15.7642345, -17.5312951, 35.0846131,  0.1591285,  0.6408648,  0.6177305,  0.4270586)    0    0  15.02368174  4 0.920  10.76464458
(19.1808494, -8.6150410, 34.8249653, -0.0485165, -0.4389080, -0.8185474, -0.3674045)    0    0  15.97077161  0 5.000  10.65266376
(22.0892547, -11.1930085, 33.0278666,  0.0557819,  0.3077843, -0.4191234, -0.8523455)    0    0  15.89456618  7 0.600  10.63607127
(14.5255140, -14.3356637, 37.3758603,  0.6872190, -0.6827694,  0.1612923, -0.1885224)    0    0  22.34857763  9 0.440  14.77758691
(21.0895720, -13.0777991, 38.5342406,  0.1400900,  0.2360228, -0.7648679,  0.5827908)    0    0  19.15694921  2 0.840  12.89025069
(19.2021054, -8.6028012, 34.8272835, -0.0485366, -0.4389147, -0.8185366, -0.3674179)    0    0  15.68069016  2 5.000  10.46290785
(10.8705405, -18.2080765, 33.4114442,  0.3090369,  0.9011987,  0.2981623, -0.0586098)    0    0  10.50587058 13 0.000   8.99480002
(15.0184315, -17.7458725, 35.2242192,  0.1593371,  0.6407861,  0.6176154,  0.4272657)    0    0  19.45973029  4 3.400  12.93492214
( 9.9557064, -12.2877071, 38.2740867,  0.2209335,  0.8242637,  0.4954634,  0.1621536)    0    0  15.12889429  2 3.640  10.13357607
(17.7297228, -8.8490760, 39.2072775,  0.0647286, -0.7912399,  0.5200285, -0.3151507)    0    0  13.61946844 15 2.840   8.76512140
(16.6515104, -17.1215266, 32.4934032,  0.1422656,  0.6422999,  0.6273176,  0.4167152)    0    0   8.90292329  5 1.160   7.22572018
(21.1338181, -13.4430449, 38.1283839,  0.1400779,  0.2360457, -0.7648665,  0.5827863)    0    0  19.11429522  4 4.760  12.75428321
(18.2307763, -5.8150116, 38.6235544,  0.0497288, -0.8217141,  0.5198065, -0.2282831)    0    0  17.74238104 10 0.200  12.15909628
(10.4586088, -18.3496278, 33.3506005,  0.3090195,  0.9014492,  0.2974526, -0.0584642)    0    0  13.32382970  1 0.520  11.03271319
(12.8281783, -7.3653228, 40.1621722,  0.4937759, -0.6390125,  0.1616541, -0.5672005)    0    0   0.78950564  3 5.000   0.96563943
(19.5032704, -8.3940970, 34.8571948, -0.0485222, -0.4389130, -0.8185416, -0.3674107)    0    0  15.34288636  5 5.000  10.38698172
(15.0068228, -17.7547360, 35.1962853,  0.1593278,  0.6407835,  0.6176223,  0.4272632)    0    0  19.48360837  3 5.000  12.96670728
( 9.9866011, -12.7798427, 38.1984909,  0.2209588,  0.8243039,  0.4954563,  0.1619360)    0    0  14.88973425  6 0.920  10.13605580
(18.9481694, -8.7888625, 34.8013892, -0.0485193, -0.4389102, -0.8185447, -0.3674076)    0    0  15.78177991  1 5.000  10.61489384
( 9.9964846, -12.4035859, 38.2960130,  0.2205600,  0.8248747,  0.4947745,  0.1616543)    0    0  10.66722907  8 0.440   9.51109811
(10.7945497, -4.5243984, 35.5526019, -0.5217413,  0.2264375,  0.0144040,  0.8223700)    0    0 -41.82357201  0 5.000 -25.96501704
(18.2021979, -6.4246966, 39.0843607,  0.0495510, -0.8220706,  0.5197347, -0.2272014)    0    0  18.08169088  5 2.520  12.22805219
(10.7868881, -4.6140073, 35.4828377, -0.5206105,  0.2292243,  0.0162885,  0.8222866)    0    0 -44.57043489  4 5.000 -28.68615801
(15.3059588, -17.6791136, 35.0545740,  0.1594340,  0.6408112,  0.6175438,  0.4272955)    0    0  18.00472512 12 4.040  10.55416913
(23.8302253, -14.4618294, 32.4924674,  0.8474391, -0.0969847,  0.0728159,  0.5168547)    0    0  16.90388978 11 3.560  11.55477953
(18.1765412, -6.2511971, 39.1234592,  0.0527388, -0.8162542,  0.5202389, -0.2455591)    0    0  15.43689518 12 0.600  11.98625922
(15.3787834, -17.5924324, 35.4086921,  0.1593758,  0.6407984,  0.6175871,  0.4272739)    0    0  19.21436323  2 0.600  13.18084522
(19.6401058, -3.5287914, 32.6338621,  0.3898537,  0.6532953,  0.6423177,  0.0929908)    0    0  -2.40979014  2 5.000  -1.18750226
(16.2896821, -17.2481396, 33.6013768,  0.1546113,  0.6412060,  0.6204640,  0.4242109)    0    0  11.86792557  5 1.400   9.26372851
(15.2700122, -17.6798228, 35.2169641,  0.1594530,  0.6408177,  0.6175292,  0.4272997)    0    0  18.05374015  9 0.680  12.73552034
(23.8778557, -14.2096959, 32.3057692,  0.8474195, -0.0969469,  0.0728702,  0.5168863)    0    0  16.92387400  9 0.520  11.50921920
(22.2499373, -11.0026536, 32.9282442,  0.0557059,  0.3077603, -0.4191846, -0.8523290)    0    0  15.72541948 10 4.280  10.27415664
(14.1881040, -14.3561891, 37.4697180,  0.6866193, -0.6828559,  0.1621868, -0.1896237)    0    0  22.76545257 10 4.600  15.01183051
(21.2524325, -13.0804481, 38.1477260,  0.1401300,  0.2360706, -0.7648814,  0.5827440)    0    0  19.06736898  4 0.600  12.84251369
(14.1899572, -14.3475147, 37.4071836,  0.6869315, -0.6827941,  0.1617238, -0.1891106)    0    0  22.54993096  2 0.680  14.77826556
(18.2231922, -6.0911520, 39.0500040,  0.0495505, -0.8220706,  0.5197340, -0.2272031)    0    0  17.78665435  9 4.520  11.63784225
(20.4872425, -19.7407949, 35.7141238,  0.6975660, -0.1832701, -0.6040204, -0.3390767)    0    0  16.75346319  3 4.840  11.38351230
(10.8983347, -18.2492174, 32.8467747,  0.3088469,  0.9012588,  0.2983476, -0.0577457)    0    0  12.04089558  3 0.840   8.89485274
( 9.9696823, -12.2954387, 38.1559704,  0.2212673,  0.8246573,  0.4951312,  0.1606982)    0    0  13.89298251  5 0.680   9.51025403
(20.5010120, -19.5672167, 35.7576410,  0.6975589, -0.1832668, -0.6040296, -0.3390768)    0    0  16.64055614  6 4.520  11.17557771
( 9.9971517, -12.8805217, 38.1921240,  0.2209631,  0.8242869,  0.4954597,  0.1620063)    0    0  14.97700816  3 5.000  10.09933594
(20.5620484, -19.2298029, 35.8229578,  0.6975554, -0.1832650, -0.6040345, -0.3390762)    0    0  16.58527259  7 4.840  10.85415671
(13.1543011, -7.3605471, 40.4911059,  0.4937523, -0.6390033,  0.1616559, -0.5672309)    0    0   1.39554758  1 5.000   1.61253525
(14.9364698, -17.7764457, 35.2054115,  0.1593310,  0.6407844,  0.6176200,  0.4272640)    0    0  19.44069017  5 3.880  12.95348074
( 9.9890454, -12.7582438, 38.2099248,  0.2209360,  0.8242648,  0.4954623,  0.1621480)    0    0  14.92240602  5 4.760  10.23507852
(10.8108517, -4.4227762, 35.6961406, -0.5212285,  0.2275452,  0.0153169,  0.8223789)    0    0 -43.16224081  1 5.000 -27.78635878
(10.9432752, -18.0075775, 33.5597588,  0.3092255,  0.9014067,  0.2974033, -0.0582815)    0    0  14.26113090  4 0.520   9.91576845
(11.2189697, -18.1832833, 33.3561085,  0.3092500,  0.9013714,  0.2975013, -0.0581958)    0    0  14.35138152  6 0.600  10.22462793
(20.2704358, -19.2118254, 36.0173997,  0.6974794, -0.1832254, -0.6041493, -0.3390495)    0    0  15.02766477  1 0.520  11.02272073
(10.9282485, -18.1842137, 33.6182482,  0.3090568,  0.9014401,  0.2974585, -0.0583780)    0    0  14.42007233  0 0.520  10.61997459
(23.9202500, -8.8716422, 34.9746740, -0.1417703,  0.3321799, -0.7776454,  0.5146026)    0    0  19.41450620  2 4.040  13.36824987
(12.9141965, -7.3789959, 40.2574048,  0.4937639, -0.6390076,  0.1616547, -0.5672162)    0    0   0.89403502  2 5.000   1.18509291
(11.6644082, -18.2996143, 33.5152779,  0.3094268,  0.9014320,  0.2970634, -0.0585553)    0    0  14.90329288  6 1.160  10.81698434
(16.8985492, -16.8858384, 31.2506542,  0.1339150,  0.6443515,  0.6308766,  0.4109058)    0    0  -0.40249119  6 1.800   4.00306998
(21.5171978, -12.6220251, 37.8478278, -0.0022767,  0.2879737, -0.7805079,  0.5548634)    0    0  18.98779422 11 4.360  12.48740059
(10.5364490, -18.2024356, 32.9803470,  0.3078016,  0.9008982,  0.3011188, -0.0542093)    0    0  11.58409665  1 0.760   8.19485522
(21.9543471, -10.7047275, 33.0110167,  0.0558283,  0.3078027, -0.4190916, -0.8523514)    0    0  16.21769017  4 5.000  11.01678655
(18.2322372, -5.9277666, 38.8245665,  0.0495612, -0.8220660,  0.5197324, -0.2272209)    0    0  18.14226487  1 5.000  12.09627417
(21.1875709, -13.2811782, 38.1097960,  0.1400645,  0.2360466, -0.7648642,  0.5827922)    0    0  19.16562435  0 4.920  12.79088074
(21.6449703, -10.9393220, 33.0796725,  0.0557295,  0.3077655, -0.4191682, -0.8523336)    0    0  15.92149502  4 0.440  10.83764590
( 9.9887041, -12.7538369, 38.2104670,  0.2209203,  0.8242534,  0.4954649,  0.1622193)    0    0  15.26137236  0 5.000  10.18642371
(12.8325864, -7.3573041, 40.1621049,  0.4937522, -0.6390031,  0.1616557, -0.5672313)    0    0   2.09530484  0 5.000   2.18584348
(14.3369678, -14.2964814, 37.3847978,  0.6870736, -0.6827926,  0.1615055, -0.1887858)    0    0  22.77884464  9 3.640  15.08897253
(11.6014488, -18.6493544, 33.8477813,  0.3092548,  0.9014740,  0.2971365, -0.0584463)    0    0  16.03979301  3 1.400  11.80798268
(21.9582195, -10.8245243, 33.0150544,  0.0558076,  0.3078022, -0.4191035, -0.8523471)    0    0  16.26353851  1 5.000  11.02380283
(21.1391599, -13.2024405, 38.1979454,  0.1424550,  0.2366657, -0.7655748,  0.5810176)    0    0  18.18201824 14 0.040  12.72547336
(11.1658265, -18.1678794, 33.2857560,  0.3094026,  0.9014184,  0.2971388, -0.0585094)    0    0  16.10994223  2 1.480  11.91923250
(11.1998003, -18.1719651, 33.3316230,  0.3093082,  0.9014013,  0.2973348, -0.0582758)    0    0  14.11909120  8 0.360   9.57104796
(17.6782018, -10.4091219, 39.5117220,  0.1530256, -0.4183008,  0.4018976, -0.8000502)    0    0  16.32817935  1 4.280  11.12520832
(23.7012100, -14.2494087, 32.2394896,  0.8474367, -0.0970177,  0.0727646,  0.5168597)    0    0  17.30949420  1 5.000  11.71603148
(16.2216196, -17.2732909, 33.9507938,  0.1562821,  0.6410340,  0.6194852,  0.4253034)    0    0  12.75672527  6 1.400   9.78853351
