#Coordinates  RecID  LigID  Luciferin  Neighbor's number  Vision Range  Scoring
(11.6568034, -19.1740194, 33.4624201,  0.3092637,  0.9014450,  0.2972319, -0.0583617)    0    0  18.89327171 14 0.560  12.31199136
(14.8491179, -17.6868103, 35.1331786,  0.1593261,  0.6407848,  0.6176230,  0.4272608)    0    0  19.12518341 12 0.240  12.90740143
(15.0026964, -17.2531353, 35.3191532,  0.1593273,  0.6407847,  0.6176223,  0.4272616)    0    0  19.66156252  5 0.800  13.12062049
(14.7188628, -17.9566047, 35.0078784,  0.1593273,  0.6407847,  0.6176223,  0.4272616)    0    0  19.78078062  4 0.560  13.25596727
(20.5301621, -11.8663086, 34.0826484,  0.0558216,  0.3078011, -0.4190957, -0.8523504)    0    0  17.97009292  4 0.680  11.97613441
(21.3323419, -2.2253343, 36.7549635,  0.3002876,  0.8855386,  0.3095517,  0.1727036)    0    0  -9.56325946  7 4.840 -22.32349731
(11.3544899, -19.1806943, 33.2106712,  0.3092589,  0.9014411,  0.2972540, -0.0583345)    0    0  19.32282586  2 1.360  12.91347524
(11.2664207, -19.5311491, 33.2000884,  0.3092512,  0.9014349,  0.2972892, -0.0582911)    0    0  18.64102819  1 0.480  12.18688263
(19.8200658, -18.9618845, 37.0274703,  0.6975929, -0.1832818, -0.6039871, -0.3390746)    0    0  17.48982870  5 0.600  11.69529885
(14.9924787, -17.2340436, 35.3375299,  0.1593276,  0.6407847,  0.6176221,  0.4272618)    0    0  19.94301080  1 1.920  13.31399993
(22.3236604, -14.4997211, 33.4572874,  0.8474346, -0.0969981,  0.0727898,  0.5168632)    0    0  19.11491555  7 0.280  12.72732241
(18.9997686, -6.2281398, 38.4945669,  0.0496165, -0.8219415,  0.5197723, -0.2275677)    0    0  18.75960015  3 0.600  12.55040701
(15.3960283, -17.3277453, 35.0663684,  0.1583457,  0.6414290,  0.6171530,  0.4273359)    0    0  18.82912841  9 0.240  13.22089853
(12.1527248, -12.2828472, 37.6717022,  0.2209425,  0.8242701,  0.4954613,  0.1621154)    0    0  19.78175957  3 0.840  13.45386085
(13.6658598, -14.6795371, 37.0235013,  0.6868144, -0.6828263,  0.1618966, -0.1892713)    0    0  23.99778754  3 0.400  16.00376411
(18.9829664, -6.2925167, 38.6275379,  0.0496166, -0.8219414,  0.5197723, -0.2275680)    0    0  18.73057914  4 0.480  12.50764199
(14.6048618, -17.3725315, 35.1849913,  0.1835560,  0.6921439,  0.5901771,  0.3727400)    0    0  17.09757589  1 0.680  10.08659955
(14.9671690, -17.7621501, 34.9974917,  0.1593259,  0.6407849,  0.6176231,  0.4272607)    0    0  18.26532693  0 0.400  10.89866999
(13.8682174, -9.3150070, 42.3233408,  0.4937545, -0.6390042,  0.1616559, -0.5672280)    0    0  14.55764554  4 5.000   9.64267312
(13.5991498, -15.0660578, 37.1780016,  0.6868144, -0.6828263,  0.1618967, -0.1892714)    0    0  24.02683266  9 0.120  15.96341290
(14.2929885, -14.6069616, 37.1028246,  0.6868140, -0.6828264,  0.1618973, -0.1892721)    0    0  23.97706304 11 0.000  16.08173810
(13.8972106, -14.8895759, 37.0484107,  0.6868149, -0.6828262,  0.1618959, -0.1892705)    0    0  24.29157795  0 5.000  16.19439274
(14.0683177, -14.6448614, 37.1011927,  0.6868146, -0.6828263,  0.1618964, -0.1892710)    0    0  24.11514526  5 0.240  16.16110299
(22.6377689, -14.4529133, 32.8506676,  0.8474346, -0.0969981,  0.0727898,  0.5168632)    0    0  19.11841224  1 0.680  12.71617836
(12.3847203, -12.2347337, 37.7159249,  0.2209425,  0.8242701,  0.4954613,  0.1621154)    0    0  19.45658563  7 1.160  12.54589006
(14.1374500, -14.8177926, 36.8750921,  0.6868140, -0.6828264,  0.1618972, -0.1892721)    0    0  23.84733251  0 0.400  16.04958167
(14.5405720, -17.8525023, 35.0851947,  0.1593266,  0.6407848,  0.6176227,  0.4272611)    0    0  19.72058672  5 0.400  13.21950631
(23.0200593, -14.3824757, 32.5280054,  0.8474346, -0.0969981,  0.0727898,  0.5168632)    0    0  19.34940149  4 2.200  12.94924572
(11.3590165, -19.3064862, 33.0986519,  0.3092233,  0.9014124,  0.2974174, -0.0581332)    0    0  18.19040103  9 0.160  11.94877871
(19.4759778, -14.0603383, 37.5926141,  0.1395019,  0.2362577, -0.7649815,  0.5826876)    0    0  20.55122604  0 2.560  13.72663230
(15.4270552, -17.5921023, 35.2060743,  0.1593274,  0.6407847,  0.6176223,  0.4272616)    0    0  18.66393959  2 0.600  13.03008808
(19.9819110, -19.0237229, 36.6457203,  0.6975929, -0.1832818, -0.6039871, -0.3390746)    0    0  17.15974045  1 0.840  11.46957583
(18.4219280, -6.0335341, 38.7704368,  0.0496165, -0.8219416,  0.5197723, -0.2275675)    0    0  18.19080436  3 0.560  12.06399506
(14.9231416, -17.7674476, 35.1074414,  0.1593273,  0.6407847,  0.6176223,  0.4272616)    0    0  18.13894546 26 0.000  10.32632990
(20.5026361, -11.8332416, 34.1112289,  0.0558216,  0.3078011, -0.4190957, -0.8523504)    0    0  18.15261983  0 2.920  12.15394311
(20.5971603, -11.7384910, 34.0657035,  0.0558216,  0.3078011, -0.4190957, -0.8523504)    0    0  17.84344626  9 2.520  11.83666117
(14.8950846, -17.5170685, 35.1966439,  0.1593276,  0.6407847,  0.6176221,  0.4272617)    0    0  19.74314788  5 2.800  13.12166486
(12.9811299, -12.4113312, 37.6798696,  0.2209425,  0.8242701,  0.4954613,  0.1621154)    0    0  19.66736950  7 2.680  13.36962707
(11.4689545, -19.1116690, 33.2825332,  0.3092639,  0.9014452,  0.2972310, -0.0583629)    0    0  19.14708573  6 0.520  12.83149443
(19.5619843, -13.8764833, 37.8096827,  0.1389823,  0.2364594, -0.7650725,  0.5826105)    0    0  20.25952546  2 0.320  13.58845017
(20.4706330, -12.0298510, 34.1032582,  0.0558216,  0.3078011, -0.4190957, -0.8523504)    0    0  17.61088261  8 0.440  11.68474960
(18.4623604, -6.0957883, 38.8545049,  0.0496166, -0.8219415,  0.5197723, -0.2275679)    0    0  18.56949156  0 0.400  12.31346315
(21.4718933, -2.3216466, 37.2125364,  0.3806702,  0.6968790,  0.5984502,  0.1063354)    0    0   7.93553258  2 4.680  10.21949747
(14.9245689, -17.3451869, 35.2763568,  0.1593265,  0.6407848,  0.6176227,  0.4272611)    0    0  18.88258113  0 0.400  13.26964879
(10.9609954, -19.0114832, 32.8286327,  0.3092659,  0.9014468,  0.2972217, -0.0583743)    0    0  19.01528719  4 0.240  12.87339874
(19.4793424, -14.0548330, 37.6753612,  0.1385269,  0.2366361, -0.7651519,  0.5825428)    0    0  20.19960610  6 0.640  13.42776279
(18.2878470, -6.0117249, 39.0056811,  0.0496166, -0.8219414,  0.5197723, -0.2275681)    0    0  18.87992966  3 0.920  12.63213751
(18.9808629, -6.1747647, 38.4102174,  0.0496166, -0.8219414,  0.5197723, -0.2275682)    0    0  18.88649881  2 4.680  12.62955210
(11.4170238, -19.3036088, 32.9964778,  0.3092621,  0.9014437,  0.2972393, -0.0583526)    0    0  17.71882659 12 0.000  11.42250319
(23.8372795, -9.1945549, 35.1188531, -0.1445743,  0.3329872, -0.7774295,  0.5136352)    0    0  20.43479756  0 5.000  13.62319838
(13.8398472, -15.1851440, 37.1043726,  0.6868145, -0.6828263,  0.1618965, -0.1892711)    0    0  24.07252116 10 0.320  16.13531244
(22.7912534, -14.4157625, 32.9115608,  0.8474346, -0.0969981,  0.0727898,  0.5168632)    0    0  19.40424121  3 5.000  12.95983614
(22.7583039, -14.4204742, 32.9681986,  0.8474346, -0.0969981,  0.0727898,  0.5168632)    0    0  19.29304738  5 0.920  12.87761792
(14.8679157, -17.5594996, 35.1393954,  0.1593265,  0.6407848,  0.6176227,  0.4272611)    0    0  19.62355630  2 0.720  12.90983664
(24.0689647, -8.9622033, 34.9049257, -0.1445743,  0.3329872, -0.7774295,  0.5136352)    0    0  20.11137137  1 5.000  13.55527370
(14.2249548, -14.7908750, 36.8218160,  0.6868141, -0.6828264,  0.1618972, -0.1892720)    0    0  23.88525612  3 0.480  15.88518987
(13.9382497, -14.4319076, 37.2831550,  0.6868143, -0.6828263,  0.1618969, -0.1892717)    0    0  23.84884209  0 0.560  15.79520354
(22.5432967, -14.4513896, 33.3348482,  0.8474346, -0.0969981,  0.0727898,  0.5168632)    0    0  19.40720344  2 5.000  12.91774134
(13.7592785, -14.9102482, 37.1094690,  0.6868144, -0.6828263,  0.1618967, -0.1892715)    0    0  23.90470265  7 0.240  15.99630699
(14.9813257, -17.2922760, 35.3064852,  0.1835557,  0.6921439,  0.5901772,  0.3727398)    0    0  17.21276372  5 0.560  11.50043064
(19.9860510, -10.7725286, 34.5046013,  0.0528898,  0.2852118, -0.4414171, -0.8491218)    0    0  11.00529502 15 2.120   8.58575846
(21.4374096, -2.1706661, 36.8438553,  0.3839300,  0.6826552,  0.6133473,  0.1019054)    0    0   6.29776822  5 4.520   7.09497336
(20.3380125, -11.0505793, 34.2338624,  0.0543627,  0.2965445, -0.4303117, -0.8508454)    0    0  11.36031127 13 1.320   8.51917482
(21.4391913, -2.1718500, 36.8436271,  0.3839300,  0.6826552,  0.6133473,  0.1019053)    0    0   6.32813125  4 4.920   7.08889442
(13.6001469, -14.8539929, 37.2297187,  0.6868145, -0.6828263,  0.1618966, -0.1892713)    0    0  24.16047381  3 3.800  16.17716497
(14.2326548, -14.6996292, 37.0511625,  0.6868144, -0.6828263,  0.1618967, -0.1892715)    0    0  23.85687372 15 0.000  15.95156967
(11.2253341, -19.0328331, 32.9817638,  0.3092543,  0.9014374,  0.2972750, -0.0583085)    0    0  19.24274408  1 0.720  13.00187790
(11.4916939, -19.1407091, 33.2917481,  0.3092528,  0.9014362,  0.2972822, -0.0582997)    0    0  19.12339603  6 0.320  12.82036519
(12.1907754, -12.2472319, 37.6941650,  0.2209425,  0.8242701,  0.4954613,  0.1621154)    0    0  19.91536011  3 5.000  13.41985004
(18.4961528, -5.8315497, 38.3825533,  0.0496165, -0.8219415,  0.5197723, -0.2275677)    0    0  18.73522491  4 0.480  12.55781873
(20.5278002, -12.1008847, 34.0350678,  0.0558216,  0.3078011, -0.4190957, -0.8523504)    0    0  17.96663838  5 0.680  11.93654681
(19.7737543, -13.6973782, 38.0483798,  0.1384560,  0.2366635, -0.7651643,  0.5825323)    0    0  19.96452638  2 0.840  13.27240813
(15.0331289, -17.5384878, 35.1223663,  0.1593271,  0.6407847,  0.6176224,  0.4272615)    0    0  18.31153650  1 0.640  10.83012420
(14.1056010, -14.8208705, 36.9835342,  0.6868149, -0.6828262,  0.1618959, -0.1892705)    0    0  24.27633615  1 5.000  16.21806342
(11.2788837, -19.6993918, 33.1470774,  0.3085376,  0.9008418,  0.3005190, -0.0543013)    0    0  18.29456519  0 0.400  12.57905802
(15.0570714, -16.8321934, 35.6053138,  0.1593268,  0.6407848,  0.6176226,  0.4272613)    0    0  19.52538468  0 0.400  13.06427135
(19.3400144, -14.2062405, 37.3437462,  0.1391175,  0.2364069, -0.7650488,  0.5826305)    0    0  20.39392163  1 1.200  13.74743721
(22.7796236, -14.4174329, 32.9314234,  0.8474346, -0.0969981,  0.0727898,  0.5168632)    0    0  19.44766833  0 5.000  12.96512241
(22.8015944, -14.3984159, 33.2294152,  0.8474346, -0.0969981,  0.0727898,  0.5168632)    0    0  19.24765673  3 0.600  12.94495117
(11.2182371, -19.3488856, 33.0791961,  0.3092400,  0.9014258,  0.2973409, -0.0582274)    0    0  19.08354073  0 0.480  13.02347066
(19.6749859, -13.9342655, 37.7835087,  0.1392614,  0.2363511, -0.7650236,  0.5826519)    0    0  20.29258192  4 1.480  13.56423546
(14.0448872, -9.3913245, 42.5462037,  0.4937545, -0.6390042,  0.1616559, -0.5672280)    0    0  14.67781970  1 5.000   9.85833546
(23.8412159, -9.2013614, 35.1184725, -0.1445743,  0.3329872, -0.7774295,  0.5136352)    0    0  19.84065660  3 5.000  12.98956120
(15.4806537, -17.9422319, 34.7509050,  0.1593262,  0.6407848,  0.6176230,  0.4272609)    0    0  19.24453138  0 0.800  12.93015891
(13.7143153, -14.9563495, 37.0965510,  0.6868146, -0.6828263,  0.1618964, -0.1892711)    0    0  24.09959504  9 0.560  16.00252540
(14.0353126, -14.9191300, 36.9416623,  0.6868149, -0.6828262,  0.1618960, -0.1892706)    0    0  24.11610723  6 0.440  16.10795580
(20.7348538, -11.9454539, 33.9075083,  0.0558216,  0.3078011, -0.4190957, -0.8523504)    0    0  17.93312908  7 4.840  11.79529068
(19.3383761, -14.1477362, 37.4604223,  0.1394203,  0.2362894, -0.7649958,  0.5826755)    0    0  20.28766398  6 4.920  13.47499974
(14.6149186, -17.6566511, 35.5059890,  0.1593270,  0.6407848,  0.6176225,  0.4272614)    0    0  17.50149757 16 0.000  10.90543588
(23.7969315, -9.2224618, 35.1523201, -0.1445743,  0.3329872, -0.7774295,  0.5136352)    0    0  19.77064360  4 5.000  13.20812610
(22.5310047, -14.4532131, 33.3548462,  0.8474346, -0.0969981,  0.0727898,  0.5168632)    0    0  19.19912182  7 3.480  12.92472110
(19.3823606, -13.6109847, 37.5543996,  0.1391025,  0.2364127, -0.7650514,  0.5826283)    0    0  20.31078268  2 0.840  13.62761475
(19.4915081, -19.1485523, 37.6113453,  0.6975929, -0.1832818, -0.6039871, -0.3390746)    0    0  17.78787669  5 0.440  12.18816819
(13.6168164, -14.9862255, 37.1350283,  0.6868145, -0.6828263,  0.1618965, -0.1892712)    0    0  24.10824764  8 1.120  15.98536429
(19.6210754, -18.9869217, 37.3694113,  0.6975929, -0.1832818, -0.6039871, -0.3390746)    0    0  17.64349145  6 0.680  11.82334932
(10.8663658, -4.3772724, 35.9944146, -0.5217444,  0.2264389,  0.0144042,  0.8223750)    0    0 -37.96120922  0 5.000 -24.61851363
(12.8606436, -12.4105347, 37.6698002,  0.2209425,  0.8242701,  0.4954613,  0.1621154)    0    0  19.74459012  5 4.600  13.57368092
(14.6254982, -17.6191793, 35.1184380,  0.1592656,  0.6408241,  0.6175952,  0.4272647)    0    0  18.92211636 10 0.000  13.13939385
(10.9453278, -19.4092447, 32.9473566,  0.3092260,  0.9014146,  0.2974052, -0.0581482)    0    0  18.96070569 11 0.000  12.75293228
(18.9577159, -6.1629234, 38.4215574,  0.0496166, -0.8219414,  0.5197723, -0.2275682)    0    0  18.86524534  5 1.760  12.57975208
(10.9144537, -4.1332828, 36.3841828, -0.5217444,  0.2264389,  0.0144042,  0.8223750)    0    0 -38.69599786  3 5.000 -24.42505994
(20.6650816, -12.2467608, 33.8929299,  0.0558216,  0.3078011, -0.4190957, -0.8523504)    0    0  17.96618733  6 1.480  11.98774409
(19.4032426, -18.9657659, 37.7801607,  0.6975929, -0.1832818, -0.6039871, -0.3390746)    0    0  18.07541402  1 5.000  12.13232153
(11.7631711, -19.1720111, 33.3222028,  0.3092648,  0.9014459,  0.2972268, -0.0583680)    0    0  18.23157500  3 0.560  11.93126229
(15.0275094, -17.8659019, 35.4719721,  0.1593262,  0.6407848,  0.6176229,  0.4272609)    0    0  19.47587218  9 0.080  13.26540286
(14.7529437, -16.9772777, 34.9988991,  0.1593263,  0.6407848,  0.6176229,  0.4272610)    0    0  17.71880210  0 0.400  10.01924897
(19.3248242, -14.0602673, 37.6217565,  0.1387287,  0.2365578, -0.7651168,  0.5825728)    0    0  20.19496627 10 1.240  13.42664033
(11.0358793, -19.5024292, 32.8074498,  0.3092600,  0.9014420,  0.2972491, -0.0583405)    0    0  18.35965428 16 0.000  12.06310327
(13.7326086, -14.8331982, 36.7123452,  0.6868143, -0.6828263,  0.1618968, -0.1892715)    0    0  24.03408191  9 0.160  15.91165882
(19.9260952, -19.3421181, 36.7339405,  0.6975929, -0.1832818, -0.6039871, -0.3390746)    0    0  16.62023399  4 0.760  10.81763593
(14.9189835, -17.5074399, 35.1731853,  0.1593267,  0.6407848,  0.6176227,  0.4272612)    0    0  18.68033175  0 0.400  13.24650419
(21.1047782, -2.5871961, 36.9337256, -0.2192202, -0.9503123, -0.0789291, -0.2064443)    0    0   8.48366787  5 4.760   5.86718506
(11.4935802, -18.8682856, 33.3677574,  0.2960646,  0.8882448,  0.3511034,  0.0096597)    0    0  15.74665488  0 0.400  11.28574902
(22.6008566, -14.4427726, 33.2424776,  0.8474346, -0.0969981,  0.0727898,  0.5168632)    0    0  19.07321404  4 0.840  12.60135746
(18.6192650, -5.9676304, 38.5868087,  0.0496166, -0.8219414,  0.5197723, -0.2275680)    0    0  18.48942375  7 0.360  12.21635580
(19.5469994, -19.0171998, 37.4936299,  0.6975929, -0.1832818, -0.6039871, -0.3390746)    0    0  17.79013636  4 0.840  11.95244908
(13.8852440, -14.9469270, 36.9800750,  0.6868142, -0.6828264,  0.1618970, -0.1892718)    0    0  23.96378374  3 0.480  15.98510334
(19.3360997, -18.9414303, 37.9144315,  0.6975929, -0.1832818, -0.6039871, -0.3390746)    0    0  18.03153418  3 4.760  12.19333193
(19.5301519, -14.0185611, 37.6917071,  0.1393859,  0.2363027, -0.7650018,  0.5826704)    0    0  20.04924382 13 1.320  13.08517344
(18.6591344, -6.0995608, 38.6869304,  0.0496166, -0.8219414,  0.5197723, -0.2275682)    0    0  18.94997905  0 5.000  12.63359197
(19.4865890, -14.0701488, 37.5835401,  0.1388748,  0.2365011, -0.7650912,  0.5825945)    0    0  20.07954354 12 3.640  13.16567234
(21.3140290, -2.5578363, 37.3267816, -0.2117398, -0.9529474, -0.0592664, -0.2086745)    0    0   7.70411731 18 3.960   6.20904145
(13.5964521, -15.2669090, 36.8139283,  0.6868143, -0.6828263,  0.1618968, -0.1892716)    0    0  23.76279532 15 0.000  15.82221704
(19.8045112, -18.9487525, 37.0412869,  0.6975929, -0.1832818, -0.6039871, -0.3390746)    0    0  17.60359382  3 0.680  11.89799698
(14.8155812, -17.2764336, 35.3309592,  0.1593273,  0.6407847,  0.6176223,  0.4272616)    0    0  19.55791572 12 0.240  13.32839704
(13.4872144, -15.4937095, 36.7299305,  0.6868143, -0.6828263,  0.1618968, -0.1892716)    0    0  24.12222027  4 0.600  16.17163695
(14.8590683, -17.6671447, 35.1437453,  0.1571879,  0.6421876,  0.6165941,  0.4274239)    0    0  16.41529613  0 0.400  10.99612816
(19.9602968, -19.0612670, 36.6159096,  0.6975929, -0.1832818, -0.6039871, -0.3390746)    0    0  17.47907073  2 0.360  12.01580742
(21.3649139, -2.1982774, 36.7588252,  0.3899247,  0.6532835,  0.6422985,  0.0929085)    0    0   8.76126231  0 4.120   6.02428345
(15.0484555, -17.2175772, 35.2986179,  0.1593276,  0.6407847,  0.6176221,  0.4272618)    0    0  19.93642609  2 2.720  13.33408797
(20.1562499, -11.0405775, 34.4153662,  0.0543627,  0.2965445, -0.4303117, -0.8508454)    0    0  11.15751666 14 1.320   8.36119322
(20.5292892, -12.1259412, 34.0289034,  0.0558216,  0.3078011, -0.4190957, -0.8523504)    0    0  17.93172219  8 0.680  11.87687365
(13.8122309, -15.0675220, 36.9761423,  0.6868145, -0.6828263,  0.1618966, -0.1892713)    0    0  24.11715676  5 1.120  15.94655596
(19.3453461, -14.1476994, 37.4623206,  0.1393988,  0.2362977, -0.7649996,  0.5826723)    0    0  20.28877788  5 3.520  13.48961842
(20.4368847, -11.4657108, 34.1450029,  0.0550921,  0.3021728, -0.4247037, -0.8515979)    0    0  12.79869623 11 0.760  10.07963677
(11.5507935, -18.9896388, 33.4668071,  0.3092596,  0.9014417,  0.2972507, -0.0583386)    0    0  19.35172896  1 1.280  13.14954688
(14.9801866, -17.2771730, 35.0520758,  0.1593264,  0.6407848,  0.6176228,  0.4272610)    0    0  17.94746475  0 0.400  10.99304026
(11.9082932, -12.1816960, 37.7001791,  0.2209425,  0.8242701,  0.4954613,  0.1621154)    0    0  20.11096669  1 4.520  13.57142741
(18.5996301, -5.8640822, 38.6223175,  0.0496166, -0.8219414,  0.5197723, -0.2275682)    0    0  18.86550736  4 4.200  12.57719258
(14.7165869, -17.7530320, 35.2963032,  0.1593271,  0.6407847,  0.6176224,  0.4272615)    0    0  19.63675861  0 0.560  13.09679133
(19.6879745, -13.9322346, 37.7908926,  0.1391110,  0.2364094, -0.7650499,  0.5826296)    0    0  20.26796634  3 0.440  13.57613312
(18.9155543, -6.2516607, 38.5733742,  0.0496166, -0.8219414,  0.5197723, -0.2275681)    0    0  18.76509345  2 0.800  12.51558860
(11.0466221, -19.1962623, 32.8297565,  0.3091933,  0.9013880,  0.2975552, -0.0579634)    0    0  18.87014549  7 0.160  12.85989967
(13.6810266, -9.5957216, 42.2918844,  0.4937545, -0.6390042,  0.1616559, -0.5672280)    0    0  14.78004611  0 5.000   9.86207383
(19.0100538, -9.3917725, 35.0203126,  0.0041926, -0.0752300, -0.7102079, -0.6999482)    0    0  17.26700845  2 5.000  11.51782100
(15.1466585, -17.4236331, 35.1098338,  0.1592672,  0.6408239,  0.6175943,  0.4272657)    0    0  18.62248736  0 0.400  13.27182514
(12.5736627, -12.2160934, 37.7386526,  0.2209425,  0.8242701,  0.4954613,  0.1621154)    0    0  19.70999400  6 3.720  13.11546024
(20.1006571, -10.7301400, 34.4439801,  0.0536280,  0.2908875, -0.4358784, -0.8500109)    0    0   9.62247918 11 1.240   8.50503298
(12.6130167, -12.2886564, 37.8138474,  0.2209425,  0.8242701,  0.4954613,  0.1621154)    0    0  19.27882734  6 0.280  13.11389006
(10.7945497, -4.5243984, 35.5526019, -0.5217444,  0.2264389,  0.0144042,  0.8223750)    0    0 -38.31499783  2 5.000 -24.91080309
(18.5556798, -6.0814366, 38.7790806,  0.0496166, -0.8219414,  0.5197723, -0.2275682)    0    0  18.89877218  1 5.000  12.61100274
(10.9473531, -4.2530497, 36.4657291, -0.5217444,  0.2264389,  0.0144042,  0.8223750)    0    0 -39.15419575  4 5.000 -25.80703592
(14.8364265, -17.6278966, 35.1591082,  0.1593275,  0.6407847,  0.6176222,  0.4272617)    0    0  19.89771954  3 1.360  13.21331256
(22.5968596, -14.4295902, 33.5540644,  0.8474346, -0.0969981,  0.0727898,  0.5168632)    0    0  19.05861745  4 0.520  12.68777886
(19.1829541, -6.3770588, 38.4714987,  0.0496166, -0.8219414,  0.5197723, -0.2275681)    0    0  18.69085887  4 0.360  12.45580871
(15.1037997, -17.5925472, 35.1848212,  0.1593268,  0.6407848,  0.6176226,  0.4272613)    0    0  16.95775791 16 0.000  10.29203802
(21.4567709, -2.1119118, 36.7614938,  0.3575355,  0.7753543,  0.5036015,  0.1318316)    0    0  -1.91475030  6 4.440   7.15770698
(14.8922218, -17.5198049, 35.1959047,  0.1593276,  0.6407847,  0.6176221,  0.4272618)    0    0  20.03075289  0 5.000  13.35389902
(15.3060942, -16.9638709, 34.9850898,  0.1593268,  0.6407848,  0.6176226,  0.4272613)    0    0  19.63511708  3 0.560  13.09808161
(22.8087227, -14.4132518, 32.8817494,  0.8474346, -0.0969981,  0.0727898,  0.5168632)    0    0  19.43279678  1 3.880  12.96366402
(20.5199650, -11.5256056, 34.1626920,  0.0558216,  0.3078011, -0.4190957, -0.8523504)    0    0  17.76684179 10 3.640  12.07359440
(13.9081084, -15.2426928, 36.6289353,  0.6868139, -0.6828264,  0.1618973, -0.1892722)    0    0  23.92949940  8 0.160  15.95215922
(19.5790777, -13.9491578, 37.7868903,  0.1388404,  0.2365144, -0.7650971,  0.5825894)    0    0  19.95083866  4 0.560  13.17764113
(14.0119762, -14.6492720, 37.1460017,  0.6868147, -0.6828263,  0.1618962, -0.1892708)    0    0  24.27191564  2 1.440  16.30601992
(18.7999127, -5.9685768, 38.5937620,  0.0496166, -0.8219415,  0.5197723, -0.2275679)    0    0  18.59133502  6 0.440  12.37321984
(19.5675680, -18.9892992, 37.4745311,  0.6975929, -0.1832818, -0.6039871, -0.3390746)    0    0  17.83002993  4 1.640  11.98990199
(11.2517816, -19.2478473, 33.0909329,  0.3092602,  0.9014422,  0.2972479, -0.0583420)    0    0  19.22312131  5 0.840  12.75955910
(12.1328595, -12.2656341, 37.6570167,  0.2209425,  0.8242701,  0.4954613,  0.1621154)    0    0  18.72294204  1 0.760  12.11935159
(19.4109593, -18.9667090, 37.7654359,  0.6975929, -0.1832818, -0.6039871, -0.3390746)    0    0  18.30656954  0 5.000  12.58138546
(12.8018079, -12.3937841, 37.6724988,  0.2209425,  0.8242701,  0.4954613,  0.1621154)    0    0  20.09979562  1 1.240  13.66173294
(19.7688358, -19.0004260, 37.0746687,  0.6975929, -0.1832818, -0.6039871, -0.3390746)    0    0  17.49169139  9 3.560  11.95695620
(14.0678603, -9.0161442, 42.3571870,  0.4937545, -0.6390042,  0.1616559, -0.5672280)    0    0  14.38853647  5 5.000   9.74642898
(14.8456423, -17.7456581, 35.1015919,  0.1595205,  0.6412037,  0.6174245,  0.4268461)    0    0  17.62147353  0 0.400  10.98137259
(12.4202736, -12.3213241, 37.6480392,  0.2209425,  0.8242701,  0.4954613,  0.1621154)    0    0  19.35764278  9 4.200  12.58864130
(10.8540945, -4.3994301, 35.9208471, -0.5217444,  0.2264389,  0.0144042,  0.8223750)    0    0 -38.24365634  1 5.000 -24.25891721
(11.1568827, -19.2990845, 33.0373327,  0.3092625,  0.9014440,  0.2972375, -0.0583548)    0    0  19.14732130  7 1.560  12.69902792
(11.3839528, -19.6544793, 33.1557508,  0.3092616,  0.9014433,  0.2972413, -0.0583501)    0    0  19.24548418  3 0.600  13.05474830
(19.7737059, -18.9975083, 37.0629511,  0.6975929, -0.1832818, -0.6039871, -0.3390746)    0    0  18.04883140  2 4.000  12.20043936
(11.1475597, -19.6858805, 33.0383262,  0.3063694,  0.8989711,  0.3101528, -0.0423551)    0    0  16.43767988 17 0.000  11.51675169
(23.7686411, -9.1881224, 35.1595232, -0.1445743,  0.3329872, -0.7774295,  0.5136352)    0    0  20.11007319  2 5.000  13.34223276
(13.6637952, -9.6152288, 42.2854037,  0.4937545, -0.6390042,  0.1616559, -0.5672280)    0    0  14.56218763  3 5.000   9.63098326
(11.1948830, -18.9514621, 33.2386462,  0.3092443,  0.9014294,  0.2973209, -0.0582520)    0    0  19.04424135  2 0.400  12.91945546
(15.0777200, -17.2183397, 35.2954734,  0.1593272,  0.6407847,  0.6176224,  0.4272615)    0    0  19.67996077  6 0.320  13.35742942
(19.4692701, -13.5660652, 38.0324554,  0.1385569,  0.2366244, -0.7651467,  0.5825473)    0    0  20.09899379  3 0.720  13.28832946
(10.9702472, -18.9626239, 32.8417145,  0.3078126,  0.9002047,  0.3037103, -0.0503362)    0    0  17.49069360  9 0.000  12.09337458
(20.4742450, -11.6076692, 34.1807622,  0.0558216,  0.3078011, -0.4190957, -0.8523504)    0    0  18.06076799  2 3.320  12.10461322
(18.6312208, -6.1385513, 38.7387013,  0.0496166, -0.8219414,  0.5197723, -0.2275681)    0    0  18.54785110 13 0.440  12.17874552
(19.5527785, -13.9637830, 37.7445194,  0.1385783,  0.2366161, -0.7651430,  0.5825505)    0    0  20.29686522  1 0.960  13.60302219
(20.1509155, -11.6638539, 34.4196485,  0.0558216,  0.3078011, -0.4190957, -0.8523504)    0    0  18.07441048  1 1.240  12.15636459
(12.3142523, -12.2770502, 37.6888768,  0.2209425,  0.8242701,  0.4954613,  0.1621154)    0    0  20.14200798  0 5.000  13.48842210
(13.4391799, -9.8977448, 42.2169088,  0.4937545, -0.6390042,  0.1616559, -0.5672280)    0    0  14.67190474  2 5.000   9.90525644
(13.0469234, -15.0051492, 37.1409719,  0.6868145, -0.6828263,  0.1618965, -0.1892712)    0    0  23.74423735  0 0.920  15.62093402
(11.3216124, -19.2050852, 33.1679510,  0.3092618,  0.9014434,  0.2972408, -0.0583507)    0    0  19.51921854  0 1.760  13.10314983
(20.4640982, -11.6295803, 34.1842677,  0.0558216,  0.3078011, -0.4190957, -0.8523504)    0    0  18.03259602  3 5.000  12.08331265
(20.2182880, -13.5366576, 38.2920448,  0.1383421,  0.2367077, -0.7651841,  0.5825153)    0    0  19.63821869  1 0.720  12.96419105
(11.3178002, -19.3220340, 33.1757823,  0.3092639,  0.9014452,  0.2972309, -0.0583628)    0    0  18.53564244  5 0.400  12.23786443
(11.2964551, -19.2038135, 33.1476913,  0.3092642,  0.9014454,  0.2972297, -0.0583644)    0    0  19.23528508  1 0.840  12.94182987
(18.7654858, -6.1191590, 38.9154089,  0.0496166, -0.8219415,  0.5197723, -0.2275679)    0    0  18.40245570  0 0.400  12.18710463
(22.6294663, -14.4391552, 33.1851549,  0.8474346, -0.0969981,  0.0727898,  0.5168632)    0    0  18.96174332  5 0.520  12.60841909
(14.6906693, -17.2323585, 35.2168557,  0.1593272,  0.6407847,  0.6176224,  0.4272615)    0    0  19.73334865  4 0.400  13.27475937
