192	1.2	0
-2.879793	2.637879	2.121598
0.000000	0.000000	0.000000
receptor_blocked.pdb	80.636	110.230	-97.651
ligand_surface.pdb	22.614	13.590	35.891
-1.308997	2.404280	-0.174044	172	181	32	1743.809
-1.308997	2.724429	-0.348782	168	178	33	1608.779
-1.047198	2.404280	-0.174044	169	177	32	1533.481
-0.785398	2.247462	0.191623	169	180	30	1498.236
-2.094395	2.724429	-0.348782	180	184	38	1493.447
-0.523599	2.247462	0.191623	166	177	31	1476.517
-1.308997	2.455966	-0.641220	169	172	34	1462.364
2.617994	2.984978	1.954446	9	156	10	1440.916
-1.047198	2.724429	-0.348782	164	176	32	1437.538
0.261799	0.203748	0.590255	163	162	18	1432.986
1.832596	2.138223	1.678323	143	170	17	1431.482
-1.570796	2.455966	-0.641220	171	177	36	1427.303
1.570796	0.290380	-0.796960	161	164	17	1383.604
1.308997	2.588535	-2.976617	170	188	39	1383.236
-3.141593	0.080730	-2.622036	159	167	15	1374.912
-1.047198	2.455966	-0.641220	169	168	35	1374.699
1.832596	0.458961	-0.107937	170	150	15	1373.088
-2.879793	0.080730	-2.622036	163	162	19	1365.229
0.261799	2.349581	-2.702517	182	184	42	1338.677
-2.356194	2.664082	-1.071402	171	175	38	1336.396
2.094395	2.881233	-2.582574	170	185	42	1333.198
-2.617994	2.664082	-1.071402	175	179	41	1316.260
1.570796	0.762244	-0.273349	160	154	17	1312.553
-1.570796	2.724429	-0.348782	171	181	35	1312.101
0.523599	2.349581	-2.702517	178	185	42	1303.677
1.570796	2.138223	1.678323	144	177	17	1297.837
2.356194	0.571433	-1.188419	164	156	23	1296.584
-2.356194	2.343981	-1.040456	178	174	43	1293.989
1.047198	2.588535	-2.976617	174	190	39	1280.395
-1.047198	2.356369	3.005869	12	165	159	1273.532
0.523599	0.458961	-0.107937	157	175	12	1272.185
1.308997	2.138223	1.678323	147	183	17	1271.709
1.047198	2.404280	-0.174044	150	165	34	1271.283
-1.570796	2.343981	-1.040456	170	168	34	1270.679
0.523599	2.063651	-2.044600	164	155	3	1270.280
-2.094395	2.455966	-0.641220	181	179	42	1269.013
1.308997	0.496451	0.593859	172	149	9	1263.848
1.308997	0.831641	0.616218	168	149	6	1262.359
1.308997	2.108018	1.311430	145	179	16	1259.688
2.617994	0.615174	-0.666022	171	147	13	1257.182
2.617994	0.379747	-1.713059	163	163	21	1255.176
-2.356194	1.194549	-0.801900	12	156	8	1254.323
1.570796	0.496451	0.593859	177	148	8	1249.895
-2.094395	2.664082	-1.071402	171	173	41	1248.774
1.047198	0.458961	-0.107937	158	163	14	1248.686
-2.094395	1.904882	-1.478089	165	173	25	1247.285
1.832596	0.290380	-0.796960	164	161	19	1245.707
2.094395	0.458961	-0.107937	171	149	10	1242.412
-0.523599	1.606104	-0.451151	177	172	39	1239.183
1.308997	2.456751	-1.503343	165	169	41	1237.597
0.785398	2.251330	-2.330739	172	184	44	1230.684
1.832596	2.881233	-2.582574	174	185	42	1229.599
2.094395	2.138223	1.678323	144	162	17	1229.150
-2.356194	2.760637	2.781135	19	151	14	1227.734
1.047198	2.396274	-1.959260	171	176	46	1224.618
2.094395	0.615174	-0.666022	166	151	21	1222.182
2.617994	0.290380	-0.796960	170	150	10	1221.875
1.308997	0.458961	-0.107937	160	156	13	1219.286
2.879793	0.496451	0.593859	191	156	181	1216.195
-2.356194	2.455966	-0.641220	183	180	42	1215.613
-3.141593	0.619654	-2.216909	165	163	24	1215.098
0.785398	2.396274	-1.959260	168	178	42	1213.277
2.617994	1.450119	-2.739050	183	157	4	1208.850
1.570796	2.108018	1.311430	143	172	15	1208.127
1.047198	2.356369	3.005869	168	2	35	1207.179
1.570796	1.134796	2.434290	182	168	39	1205.731
1.832596	1.977582	0.969896	151	165	17	1205.659
-1.832596	2.455966	-0.641220	173	179	35	1202.568
-1.308997	2.180315	-1.357379	171	160	29	1199.242
0.523599	1.756530	-2.105156	165	151	6	1198.800
-1.832596	2.724429	-0.348782	177	181	39	1197.509
-2.094395	1.982574	-1.115518	167	176	25	1192.577
-1.570796	2.063651	-2.044600	181	150	30	1190.743
-1.308997	2.089241	-0.114193	174	180	32	1187.222
0.261799	2.164094	-2.991358	182	190	37	1186.739
1.047198	2.881233	-2.582574	11	154	165	1186.120
0.523599	0.709924	0.218797	167	164	28	1184.059
1.308997	0.615174	-0.666022	159	169	20	1183.321
-1.047198	2.456751	-1.503343	173	156	27	1182.467
1.047198	0.709924	0.218797	159	156	11	1182.086
2.094395	2.180315	-1.357379	165	156	41	1181.399
-2.094395	2.343981	-1.040456	176	171	42	1180.520
0.261799	2.579248	-2.364801	162	154	4	1179.729
2.356194	2.115563	0.685730	160	152	20	1178.456
1.308997	1.014500	0.906702	167	151	191	1178.280
1.308997	2.863997	0.549740	9	154	15	1176.403
1.308997	2.356369	3.005869	163	0	35	1175.625
0.785398	2.979456	-1.009304	170	164	42	1174.319
1.047198	2.104282	-0.813972	153	167	39	1173.166
2.617994	1.050534	3.042579	180	182	157	1171.911
-0.523599	1.909857	-0.381669	163	168	20	1171.276
0.523599	2.396274	-1.959260	169	179	42	1171.185
-0.785398	2.041297	-2.664597	149	168	13	1170.251
-2.094395	2.863997	0.549740	11	155	0	1169.096
1.832596	1.506530	1.988858	151	176	12	1168.874
2.094395	2.089241	-0.114193	163	141	28	1168.505
-2.356194	1.448123	-2.163292	161	184	18	1168.179
2.094395	2.247462	0.191623	162	142	29	1167.834
-2.617994	2.760637	2.781135	14	151	14	1167.471
2.356194	0.290380	-0.796960	170	151	16	1166.226
-1.308997	2.153910	-1.714959	174	155	27	1163.043
0.000000	0.709924	0.218797	168	167	29	1162.014
-1.047198	2.187132	-0.479875	165	174	26	1158.462
-1.308997	2.396274	-1.959260	176	153	24	1155.861
2.617994	1.555207	1.708892	178	190	37	1154.526
2.879793	1.247695	1.809890	173	184	43	1153.609
1.308997	1.872854	1.543456	150	179	15	1153.356
1.308997	1.050534	3.042579	178	163	34	1153.317
2.094395	1.699788	2.452890	143	173	17	1153.060
1.570796	1.766067	2.153843	150	185	16	1152.913
-1.047198	2.396274	-1.959260	179	152	22	1152.106
-0.785398	2.349581	-2.702517	152	174	8	1151.640
-0.785398	2.104282	-0.813972	166	161	21	1149.977
2.617994	1.658653	-2.409879	188	157	10	1149.859
0.523599	1.310100	1.488307	163	177	20	1149.286
1.570796	0.458961	-0.107937	165	152	14	1147.923
0.000000	0.203748	0.590255	167	166	26	1147.233
1.047198	2.251330	-2.330739	169	183	44	1146.357
1.832596	0.615174	-0.666022	162	154	21	1146.249
0.000000	1.488617	1.159546	159	173	189	1145.782
2.879793	1.846342	-1.796954	160	173	24	1143.882
1.308997	2.478122	2.609777	158	0	32	1142.837
-0.785398	1.335669	0.897240	162	187	0	1140.100
1.570796	2.863997	0.549740	16	159	1	1136.527
1.570796	0.615174	-0.666022	159	163	19	1136.328
1.570796	2.001437	0.381215	151	166	19	1136.314
2.879793	2.984978	1.954446	14	156	7	1136.285
-0.523599	2.251330	-2.330739	180	177	44	1135.144
0.523599	2.164094	-2.991358	177	191	37	1134.358
1.570796	2.579248	-2.364801	172	182	43	1130.427
-1.570796	2.404280	-0.174044	175	183	32	1130.267
-1.047198	1.335669	0.897240	175	177	158	1129.382
2.879793	1.506530	1.988858	174	184	35	1129.354
0.785398	0.496451	0.593859	171	155	22	1129.352
1.308997	1.247695	1.809890	186	160	3	1127.867
1.047198	1.809167	1.213774	152	183	14	1125.872
2.879793	1.555207	1.708892	174	191	39	1125.004
0.785398	0.709924	0.218797	155	161	8	1124.379
-1.047198	2.247462	0.191623	171	182	30	1123.282
1.308997	2.164094	-2.991358	161	191	36	1123.064
-3.141593	1.247695	1.809890	169	183	43	1122.698
2.356194	1.050534	3.042579	182	184	157	1122.512
-1.047198	1.184361	0.625864	170	174	163	1122.167
0.523599	1.809167	1.213774	157	168	190	1121.733
2.356194	1.977582	0.969896	158	152	18	1120.467
0.785398	2.637879	2.121598	165	3	32	1120.041
-2.356194	2.984978	1.954446	160	190	6	1119.198
2.617994	2.393226	1.857173	10	154	2	1119.035
2.094395	2.579248	-2.364801	167	180	44	1117.792
2.094395	2.174483	2.653697	147	170	29	1116.766
1.570796	2.760637	2.781135	161	188	37	1116.593
1.570796	1.440580	2.260026	152	182	12	1116.569
-3.141593	2.153910	-1.714959	164	159	33	1116.216
-3.141593	1.741644	-2.695914	1	151	8	1116.214
1.308997	2.404280	-0.174044	152	158	34	1115.606
-0.785398	2.588535	-2.976617	13	165	163	1114.756
-0.523599	2.349581	-2.702517	151	164	7	1113.368
-1.570796	2.664082	-1.071402	167	166	33	1113.350
1.308997	1.869911	2.701025	156	0	25	1111.712
2.356194	1.869911	2.701025	145	161	21	1111.706
0.785398	0.458961	-0.107937	159	166	15	1109.552
2.879793	1.504028	0.636812	33	165	15	1109.403
1.047198	0.762244	-0.273349	154	165	17	1108.793
-1.832596	2.104282	-0.813972	167	177	25	1107.672
-2.879793	1.617114	-1.572037	165	176	23	1106.846
1.047198	0.929350	-2.910676	171	162	27	1106.792
1.047198	0.290380	-0.796960	166	175	26	1105.062
-3.141593	1.846342	-1.796954	161	171	24	1104.939
1.308997	1.554776	0.100351	149	166	16	1102.635
1.832596	1.617114	-1.572037	3	156	8	1101.841
1.570796	2.295480	1.008277	143	163	20	1101.712
2.356194	1.448123	-2.163292	189	156	7	1101.571
2.094395	0.571433	-1.188419	163	162	24	1101.423
-0.523599	1.413430	2.550734	1	170	146	1101.182
-0.261799	1.756530	-2.105156	157	159	13	1100.872
-0.261799	2.349581	-2.702517	153	159	8	1100.840
0.523599	1.168678	2.108595	163	180	11	1100.767
1.308997	2.760637	2.781135	165	191	37	1100.605
1.308997	2.041297	-2.664597	160	186	37	1100.067
-1.832596	2.343981	-1.040456	171	170	35	1099.970
-0.261799	1.014500	0.906702	158	180	190	1099.825
1.308997	0.290380	-0.796960	159	169	18	1099.722
1.570796	0.709924	0.218797	166	149	10	1098.281
1.832596	2.115563	0.685730	152	163	20	1098.269
0.261799	0.080730	-2.622036	34	180	180	1097.849
0.523599	2.379497	0.561089	162	164	30	1097.474
1.308997	2.349581	-2.702517	167	188	41	1097.306
1.570796	0.831641	0.616218	169	148	3	1095.389
1.570796	2.115563	0.685730	150	169	20	1094.851
-2.094395	0.080730	-2.622036	168	153	12	1094.381
1.308997	0.762244	-0.273349	156	158	17	1094.264
1.308997	2.979456	-1.009304	32	172	4	1093.935
-0.523599	2.063651	-2.044600	163	165	19	1093.428
-0.523599	2.863997	0.549740	166	181	33	1092.901
1.047198	1.135813	-2.658866	177	146	26	1092.820
-0.261799	1.741644	-2.695914	147	154	12	1092.350
1.047198	2.187132	-0.479875	150	165	35	1092.112
0.785398	0.961715	0.014085	159	169	22	1092.002
2.094395	2.404280	-0.174044	167	143	35	1091.764
-3.141593	1.555207	1.708892	167	189	37	1091.003
2.617994	1.135813	-2.658866	184	154	189	1090.756
2.879793	2.063651	-2.044600	158	173	21	1090.749
1.047198	0.496451	0.593859	168	151	8	1090.432
2.094395	1.488617	1.159546	187	143	153	1090.062
-0.523599	2.187132	-0.479875	163	165	20	1089.634
-2.879793	0.571433	-1.188419	22	145	6	1087.260
0.261799	1.977582	0.969896	156	171	2	1086.671
1.570796	2.299159	2.264663	149	186	28	1086.656
2.617994	1.606104	-0.451151	173	143	27	1086.429
-0.523599	1.195355	1.200319	161	169	189	1086.392
2.879793	1.168678	2.108595	173	176	36	1086.235
-1.832596	2.664082	-1.071402	167	173	39	1085.340
-1.308997	2.407836	1.410646	9	158	184	1085.061
-1.832596	0.619654	-2.216909	186	148	24	1084.844
-0.261799	1.450119	-2.739050	154	163	21	1084.664
1.832596	2.579248	-2.364801	169	181	43	1084.626
1.308997	2.587733	0.232235	151	163	34	1084.623
-0.523599	0.866395	-2.492918	36	171	4	1083.203
-0.523599	1.836682	-0.676006	177	168	41	1082.578
-0.523599	0.418037	1.360082	161	156	8	1082.491
1.308997	1.824694	1.850876	151	182	16	1081.928
2.094395	0.914445	2.687814	186	181	147	1081.715
1.832596	1.809167	1.213774	150	167	12	1081.610
1.047198	2.138223	1.678323	151	189	18	1080.815
0.523599	1.374601	-2.456031	170	154	24	1080.614
1.570796	1.977582	0.969896	150	172	17	1080.086
2.617994	2.592629	0.909713	164	154	30	1079.937
0.000000	1.450119	-2.739050	152	148	20	1079.770
2.094395	1.662363	0.915448	187	141	156	1079.381
1.047198	2.349581	-2.702517	169	185	40	1079.312
2.094395	1.555207	1.708892	185	186	35	1079.235
-0.785398	2.404280	-0.174044	167	173	32	1078.556
-2.356194	2.637879	2.121598	159	1	13	1078.303
-0.785398	2.356369	3.005869	14	169	159	1077.637
-1.047198	1.569311	-3.003978	190	160	191	1077.574
1.570796	2.881233	-2.582574	177	185	42	1077.515
0.785398	1.721184	-0.153948	145	175	22	1076.574
2.094395	2.592629	0.909713	17	157	3	1076.412
2.356194	2.041297	-2.664597	164	170	165	1075.647
0.000000	1.504028	0.636812	155	185	6	1075.390
2.879793	2.396274	-1.959260	159	176	23	1074.754
-0.785398	2.001437	0.381215	165	172	170	1074.697
2.356194	1.736875	3.023612	145	161	24	1073.622
1.047198	2.456751	-1.503343	165	171	42	1073.304
-2.879793	0.370812	-2.547742	162	162	18	1072.953
-1.570796	2.478122	2.609777	12	163	159	1072.749
2.094395	0.864993	2.278281	178	167	45	1072.088
1.570796	1.869911	2.701025	157	172	25	1071.759
1.832596	2.187132	-0.479875	161	146	34	1071.699
-1.832596	1.982574	-1.115518	166	175	25	1071.511
-1.047198	2.587733	0.232235	173	183	33	1071.405
-1.047198	1.014500	0.906702	168	172	158	1071.088
-2.617994	0.080730	-2.622036	166	159	20	1070.890
1.047198	1.168678	2.108595	178	148	144	1069.994
2.094395	2.343981	-1.040456	166	159	38	1069.325
2.879793	1.433411	-1.035986	166	155	28	1069.028
-0.523599	1.417623	-0.202254	164	172	23	1068.889
1.832596	2.073035	2.027405	143	174	18	1068.064
-0.523599	2.041297	-2.664597	150	163	13	1067.990
-3.141593	0.960688	-0.577532	187	143	181	1067.881
1.308997	2.295480	1.008277	143	173	22	1067.685
2.094395	1.450119	-2.739050	148	163	29	1067.639
1.832596	0.914445	2.687814	178	165	38	1067.401
-2.879793	0.914445	2.687814	173	144	189	1067.014
2.617994	1.247695	1.809890	177	181	45	1066.721
1.047198	2.719179	-1.780644	166	156	1	1065.846
0.261799	1.184361	0.625864	154	175	4	1065.668
-2.617994	0.370812	-2.547742	163	160	17	1065.611
-0.785398	2.579248	-2.364801	21	163	187	1064.865
-1.570796	2.637879	2.121598	13	171	158	1064.781
1.047198	2.704512	1.488683	154	173	30	1064.709
2.879793	0.910508	1.903534	173	172	47	1064.665
-2.879793	2.704512	1.488683	161	2	12	1064.537
2.094395	1.606104	-0.451151	160	152	25	1064.034
0.523599	2.251330	-2.330739	175	183	43	1063.700
-0.261799	0.418037	1.360082	164	153	8	1063.613
-0.523599	0.640596	-2.797608	30	167	186	1063.531
1.308997	1.574060	2.783565	159	179	23	1063.253
2.356194	0.615174	-0.666022	171	149	21	1063.008
-0.523599	1.699788	2.452890	190	165	148	1062.971
-1.047198	2.180315	-1.357379	172	159	29	1062.841
1.832596	2.979456	-1.009304	173	178	34	1062.689
1.570796	2.456751	-1.503343	166	167	41	1062.668
1.832596	2.863997	0.549740	19	159	1	1062.648
2.617994	2.349581	-2.702517	168	171	163	1061.511
-1.047198	2.089241	-0.114193	172	179	33	1060.796
1.570796	1.809167	1.213774	149	165	12	1060.781
1.832596	1.440580	2.260026	150	176	12	1060.778
-0.785398	1.184361	0.625864	167	173	162	1060.130
-1.047198	1.658653	-2.409879	148	175	17	1060.034
0.000000	2.041297	-2.664597	156	149	12	1059.845
1.570796	2.587733	0.232235	21	162	188	1059.786
2.879793	2.393226	1.857173	15	152	3	1059.429
1.832596	2.407836	1.410646	143	164	24	1059.223
-1.570796	2.393226	1.857173	13	174	155	1059.078
1.832596	0.762244	-0.273349	164	151	17	1058.915
-1.832596	2.979456	-1.009304	157	156	171	1058.810
2.879793	1.448123	-2.163292	158	153	173	1058.496
-1.570796	0.733948	3.021411	172	134	150	1058.479
-2.879793	1.214854	-1.966664	164	147	175	1058.206
1.570796	1.606104	-0.451151	156	163	27	1057.491
0.523599	2.343981	-1.040456	158	172	45	1057.472
2.617994	0.910508	1.903534	174	172	47	1056.505
1.570796	0.929350	-2.910676	181	156	33	1056.503
1.047198	0.203748	0.590255	170	151	12	1054.629
-0.261799	0.203748	0.590255	160	173	14	1054.381
-0.523599	0.906588	1.252948	160	164	191	1053.845
2.094395	1.824694	1.850876	166	158	184	1053.191
0.000000	1.756530	-2.105156	161	156	14	1053.096
1.832596	1.948085	-2.363031	157	170	43	1052.859
2.617994	2.396274	-1.959260	160	179	23	1052.829
-2.094395	2.984978	1.954446	155	185	5	1052.778
0.785398	2.104282	-0.813972	152	172	38	1052.727
0.000000	1.662363	0.915448	156	174	1	1052.375
2.617994	0.571433	-1.188419	166	152	23	1052.210
-2.356194	2.041297	-2.664597	181	144	26	1051.734
2.879793	1.374601	-2.456031	157	154	167	1051.613
1.570796	1.998705	2.370472	153	173	22	1051.403
-2.879793	2.664082	-1.071402	176	179	41	1051.217
-2.094395	2.180315	-1.357379	177	163	43	1051.185
0.785398	1.184361	0.625864	163	177	26	1050.362
0.000000	2.001437	0.381215	157	168	13	1050.242
1.308997	1.135813	-2.658866	179	155	25	1050.056
-1.047198	2.343981	-1.040456	169	163	31	1049.393
2.094395	1.909857	-0.381669	163	140	27	1049.204
2.356194	2.033014	2.977192	147	164	31	1049.070
2.356194	1.824694	1.850876	169	161	180	1048.847
-0.261799	2.041297	-2.664597	9	158	166	1048.613
-1.832596	2.393226	1.857173	12	171	155	1048.509
2.879793	0.290380	-0.796960	174	149	10	1047.897
0.000000	2.881233	-2.582574	160	160	5	1047.714
2.094395	2.704512	1.488683	8	159	191	1047.102
-0.261799	0.906588	1.252948	161	162	190	1046.512
-3.141593	2.760637	2.781135	7	157	7	1046.047
0.523599	1.870545	-2.976234	174	3	32	1045.872
1.308997	2.719179	-1.780644	178	150	9	1045.538
1.308997	2.033014	2.977192	158	2	30	1044.774
-2.094395	2.164094	-2.991358	188	144	22	1043.749
0.261799	1.756530	-2.105156	160	152	5	1043.631
2.356194	1.574060	2.783565	191	159	186	1042.917
-2.617994	0.379747	-1.713059	180	148	25	1042.707
1.308997	0.709924	0.218797	163	153	13	1041.790
-1.570796	2.760637	2.781135	155	188	7	1040.969
2.617994	1.741644	-2.695914	161	165	164	1040.823
1.047198	1.699788	2.452890	163	169	20	1040.040
1.832596	0.866955	-0.931351	162	162	29	1039.948
-2.617994	1.824694	1.850876	158	190	32	1039.860
-3.141593	2.863997	0.549740	152	182	4	1039.509
1.570796	2.979456	-1.009304	34	176	6	1039.480
-0.523599	1.374601	-2.456031	150	163	24	1039.259
-2.356194	2.349581	-2.702517	9	153	14	1039.248
2.617994	1.374601	-2.456031	191	153	4	1038.441
0.000000	1.977582	0.969896	158	4	7	1037.802
1.570796	2.379497	0.561089	15	159	189	1037.580
-1.570796	2.396274	-1.959260	174	134	179	1036.279
2.879793	2.295480	1.008277	167	149	23	1036.244
1.308997	2.664082	-1.071402	167	165	41	1035.863
0.785398	1.417623	-0.202254	144	174	17	1035.714
-2.879793	1.310100	1.488307	159	183	40	1035.542
1.832596	1.998705	2.370472	145	180	22	1035.438
-2.356194	2.724429	-0.348782	185	183	39	1035.248
1.308997	2.299159	2.264663	151	191	25	1035.213
1.570796	0.618092	2.539118	168	155	188	1035.053
2.094395	2.587733	0.232235	162	157	32	1035.024
-1.047198	2.478122	2.609777	13	171	157	1035.024
-0.523599	1.488617	1.159546	162	181	188	1034.967
1.308997	1.846342	-1.796954	152	169	36	1034.944
1.832596	2.664082	-1.071402	169	163	41	1034.820
2.094395	2.164094	-2.991358	150	172	34	1034.664
1.047198	2.393226	1.857173	161	165	26	1034.362
-2.617994	2.456751	-1.503343	173	167	45	1034.349
2.356194	1.488617	1.159546	190	144	154	1034.225
2.879793	1.134796	2.434290	172	176	33	1033.480
2.617994	1.824694	1.850876	172	157	182	1033.424
2.356194	1.510910	-0.740472	162	151	25	1033.167
2.094395	1.977582	0.969896	153	158	17	1033.158
1.570796	1.812176	0.656819	18	160	184	1033.072
0.000000	0.929350	-2.910676	152	155	31	1033.038
0.785398	2.719179	-1.780644	164	157	191	1033.007
2.617994	0.831641	0.616218	16	157	167	1032.585
1.832596	1.214854	-1.966664	3	155	19	1032.570
0.523599	2.984978	1.954446	170	0	38	1032.432
1.832596	1.904882	-1.478089	156	157	38	1031.508
2.617994	1.417623	-0.202254	174	142	20	1031.153
-0.261799	1.256302	0.062705	163	164	20	1031.078
-0.523599	1.014500	0.906702	161	184	190	1030.719
1.832596	2.295480	1.008277	145	156	20	1030.057
2.094395	1.809167	1.213774	152	161	13	1029.554
1.832596	1.909857	-0.381669	156	145	27	1028.768
-1.308997	2.393226	1.857173	12	178	154	1028.201
1.832596	1.982574	-1.115518	162	151	44	1028.139
-1.832596	0.370812	-2.547742	180	149	21	1027.654
-3.141593	1.050534	3.042579	175	180	165	1026.581
1.308997	1.982574	-1.115518	158	163	46	1026.269
0.261799	1.545873	-1.877082	168	150	19	1025.696
-0.261799	1.869911	2.701025	1	166	150	1025.632
-2.617994	2.984978	1.954446	162	179	8	1025.324
-2.617994	2.295480	1.008277	167	164	13	1025.086
-2.617994	1.325504	-1.671296	0	141	19	1024.540
-1.308997	1.391910	3.030322	180	135	152	1024.528
1.047198	1.554776	0.100351	149	172	17	1024.434
0.261799	1.450119	-2.739050	159	142	20	1024.042
-2.879793	2.637879	2.121598	21	150	12	1023.996
2.356194	1.699788	2.452890	144	160	14	1023.991
-1.832596	0.618092	2.539118	168	181	42	1023.717
2.879793	2.637879	2.121598	165	146	9	1023.658
-1.570796	2.153910	-1.714959	173	155	28	1023.026
-1.570796	0.418037	1.360082	172	172	41	1022.884
1.047198	2.637879	2.121598	159	0	32	1022.880
1.570796	2.073035	2.027405	146	189	16	1022.809
1.308997	0.591903	2.010408	31	167	0	1022.765
2.617994	1.699788	2.452890	28	171	187	1022.664
1.308997	0.906588	1.252948	166	1	162	1022.183
1.308997	1.909857	-0.381669	151	160	33	1022.048
-0.785398	1.909857	-0.381669	165	174	26	1021.911
1.570796	2.104282	-0.813972	154	158	35	1021.874
-0.523599	1.869911	2.701025	189	153	0	1021.554
-0.261799	1.658653	-2.409879	151	159	13	1021.329
-0.785398	2.187132	-0.479875	172	168	37	1020.951
0.000000	1.128190	-2.288622	162	158	26	1020.873
-2.094395	1.554776	0.100351	14	165	2	1020.209
0.000000	1.741644	-2.695914	158	159	16	1020.065
-0.261799	0.496451	0.593859	164	173	24	1020.023
1.308997	2.187132	-0.479875	154	159	39	1019.957
2.617994	1.510910	-0.740472	166	158	31	1019.848
0.523599	1.977582	0.969896	155	166	2	1019.595
0.523599	0.203748	0.590255	169	158	23	1019.480
2.356194	2.089241	-0.114193	170	139	28	1019.470
0.261799	1.662363	0.915448	155	169	2	1018.808
-0.523599	0.496451	0.593859	161	164	166	1018.762
2.356194	0.864993	2.278281	174	171	39	1018.510
-2.617994	2.180315	-1.357379	175	168	43	1018.461
-3.141593	1.448123	-2.163292	159	149	173	1018.039
2.356194	1.218453	2.777284	182	158	189	1017.311
0.785398	1.555207	1.708892	173	157	30	1017.308
2.356194	2.164094	-2.991358	152	165	36	1017.121
1.047198	1.599406	1.426070	154	185	10	1017.006
-1.308997	2.343981	-1.040456	169	166	32	1016.765
1.570796	1.506530	1.988858	153	181	11	1016.639
2.617994	1.504028	0.636812	31	162	15	1016.429
1.832596	2.247462	0.191623	158	160	28	1016.403
2.879793	1.413347	-1.339188	164	155	26	1016.260
-1.832596	0.866955	-0.931351	191	155	10	1016.031
-3.141593	0.571433	-1.188419	172	147	12	1015.581
2.094395	0.379747	-1.713059	169	169	31	1014.888
2.356194	1.606104	-0.451151	164	150	25	1014.447
2.094395	2.478122	2.609777	157	162	28	1014.414
0.523599	1.195355	1.200319	163	179	21	1014.261
2.617994	1.766067	2.153843	165	157	183	1014.178
1.570796	2.349581	-2.702517	163	185	40	1014.119
1.570796	2.174483	2.653697	150	188	26	1014.050
-0.261799	1.662363	0.915448	159	179	2	1014.008
1.570796	0.910508	1.903534	19	175	162	1013.367
-0.523599	2.881233	-2.582574	158	183	3	1013.098
2.094395	1.214854	-1.966664	185	157	5	1012.697
1.047198	1.766067	2.153843	157	188	18	1012.252
1.047198	2.455966	-0.641220	157	162	42	1012.041
2.356194	1.045978	0.343692	8	151	174	1011.788
1.832596	1.134796	2.434290	152	177	8	1011.527
2.356194	1.184361	0.625864	162	173	179	1011.203
-1.047198	1.391910	3.030322	182	137	152	1011.183
2.094395	1.869911	2.701025	144	169	22	1011.001
0.261799	1.335669	0.897240	156	164	0	1010.698
1.308997	1.391910	3.030322	158	179	22	1010.218
1.047198	2.180315	-1.357379	159	164	46	1010.164
-2.094395	1.545873	-1.877082	168	164	28	1010.011
1.308997	2.396274	-1.959260	166	176	42	1009.849
2.094395	1.504028	0.636812	3	148	170	1009.403
0.261799	0.929350	-2.910676	156	150	31	1009.293
0.261799	1.168678	2.108595	20	166	46	1008.561
2.356194	2.343981	-1.040456	172	156	43	1008.499
-1.832596	1.545873	-1.877082	46	171	14	1008.460
-1.047198	2.349581	-2.702517	153	180	8	1008.437
0.523599	1.812176	0.656819	32	179	183	1008.301
1.047198	1.824694	1.850876	156	188	17	1008.204
1.832596	1.599406	1.426070	150	160	5	1008.091
1.832596	1.050534	3.042579	189	190	158	1007.947
1.047198	2.108018	1.311430	148	186	16	1007.870
-1.832596	2.881233	-2.582574	12	155	13	1007.456
0.785398	2.299159	2.264663	162	191	26	1007.249
1.832596	0.709924	0.218797	170	149	10	1007.058
2.879793	2.719179	-1.780644	163	181	25	1007.026
1.047198	1.982574	-1.115518	151	171	37	1006.341
-0.785398	2.455966	-0.641220	171	164	37	1006.289
-2.356194	0.733948	3.021411	172	190	38	1006.005
2.356194	0.379747	-1.713059	161	166	21	1005.942
1.570796	1.872854	1.543456	147	171	14	1005.727
1.832596	2.456751	-1.503343	169	162	44	1005.668
-3.141593	1.440580	2.260026	168	181	28	1005.624
0.785398	0.733948	3.021411	32	175	9	1005.621
2.617994	1.242974	-2.977882	182	157	189	1005.603
1.832596	1.766067	2.153843	149	175	18	1004.826
-2.617994	2.343981	-1.040456	179	174	43	1004.757
1.047198	2.089241	-0.114193	146	167	28	1004.734
0.785398	2.704512	1.488683	156	179	30	1004.583
1.832596	1.872854	1.543456	148	161	12	1004.502
-2.617994	2.073035	2.027405	170	150	22	1004.070
0.000000	1.948085	-2.363031	156	150	7	1003.886
-1.832596	1.904882	-1.478089	165	165	25	1003.624
-0.523599	2.579248	-2.364801	176	170	46	1003.442
2.094395	1.982574	-1.115518	162	152	37	1003.359
2.617994	1.335669	0.897240	177	142	188	1003.088
1.047198	1.812176	0.656819	149	178	15	1002.806
-1.832596	1.184361	0.625864	185	156	13	1002.790
-0.523599	2.455966	-0.641220	173	161	39	1002.539
-3.141593	1.128190	-2.288622	158	150	169	1002.460
1.832596	2.724429	-0.348782	167	159	38	1002.305
-1.832596	2.349581	-2.702517	181	146	21	1002.162
1.832596	2.153910	-1.714959	161	163	43	1002.088
2.094395	2.073035	2.027405	143	167	18	1001.957
2.356194	1.555207	1.708892	153	161	11	1001.925
-3.141593	1.168678	2.108595	170	176	36	1001.719
1.832596	1.310100	1.488307	178	153	190	1001.104
-0.523599	1.812176	0.656819	163	170	164	1001.012
-1.308997	2.063651	-2.044600	185	151	32	1000.628
-2.356194	0.899350	-2.069907	162	170	22	1000.391
-0.261799	0.297065	2.160177	179	148	9	1000.063
1.570796	1.050534	3.042579	182	158	36	999.289
-1.832596	1.846342	-1.796954	159	167	14	999.043
1.832596	1.168678	2.108595	153	177	6	998.897
1.832596	1.218453	2.777284	154	167	15	998.855
1.308997	2.104282	-0.813972	152	163	36	998.792
0.523599	1.555207	1.708892	162	176	19	998.769
2.356194	2.180315	-1.357379	168	154	41	998.103
1.832596	0.864993	2.278281	177	166	44	997.978
1.570796	1.904882	-1.478089	158	160	45	997.582
0.785398	1.998705	2.370472	161	173	21	997.539
2.356194	2.104282	-0.813972	170	150	39	997.508
-2.356194	1.301460	-0.509251	13	157	8	997.340
2.094395	2.187132	-0.479875	168	142	34	997.256
2.879793	1.242974	-2.977882	185	152	189	997.107
-3.141593	1.872854	1.543456	167	1	33	997.076
-1.047198	2.588535	-2.976617	180	153	4	996.732
0.000000	1.721184	-0.153948	15	148	4	996.642
-3.141593	1.113094	-0.272241	25	152	183	996.365
1.832596	2.404280	-0.174044	162	146	37	996.358
1.308997	1.606104	-0.451151	149	162	26	996.009
0.785398	1.658653	-2.409879	3	153	183	995.627
1.308997	2.247462	0.191623	147	162	28	995.581
-2.617994	0.685216	-1.712745	179	147	28	995.205
1.047198	2.984978	1.954446	156	158	166	995.033
2.356194	1.909857	-0.381669	170	138	27	994.516
0.523599	2.356369	3.005869	178	190	40	994.478
1.047198	2.979456	-1.009304	170	165	40	994.450
0.523599	2.704512	1.488683	160	183	30	994.356
-2.094395	0.618092	2.539118	171	182	42	994.220
0.523599	2.455966	-0.641220	171	153	18	993.949
1.047198	2.407836	1.410646	149	1	20	993.750
-1.832596	0.899350	-2.069907	185	151	31	993.597
-2.356194	2.180315	-1.357379	174	168	42	993.552
-1.308997	2.356369	3.005869	31	166	182	993.289
-0.785398	1.367556	0.358405	166	172	168	993.143
0.785398	2.089241	-0.114193	146	174	28	993.095
1.832596	2.180315	-1.357379	162	159	42	993.039
2.094395	2.108018	1.311430	151	164	20	992.937
2.879793	2.153910	-1.714959	6	158	151	992.688
-2.356194	1.904882	-1.478089	11	148	191	992.669
2.356194	1.194549	-0.801900	161	150	19	992.397
2.094395	2.356369	3.005869	153	172	37	992.396
-0.785398	1.606104	-0.451151	178	175	39	992.256
0.261799	2.984978	1.954446	175	191	37	991.963
2.617994	1.977582	0.969896	163	149	17	991.619
0.785398	1.870545	-2.976234	170	160	14	991.443
1.832596	1.721184	-0.153948	158	143	24	990.975
1.047198	2.164094	-2.991358	166	191	36	990.926
1.308997	1.756530	-2.105156	150	179	32	990.411
0.785398	0.297065	2.160177	186	139	148	990.199
2.617994	0.864993	2.278281	173	172	39	990.164
-2.617994	1.904882	-1.478089	166	176	25	989.964
-2.094395	2.456751	-1.503343	173	163	41	989.798
1.570796	2.247462	0.191623	150	155	27	989.714
-2.094395	2.174483	2.653697	157	6	17	989.456
-0.261799	1.948085	-2.363031	155	160	13	988.846
0.000000	1.335669	0.897240	157	168	0	988.769
-0.785398	2.456751	-1.503343	174	155	27	988.513
0.785398	2.349581	-2.702517	174	186	42	988.498
-0.261799	1.909857	-0.381669	173	165	37	988.270
0.523599	2.041297	-2.664597	177	1	39	988.164
-0.785398	1.658653	-2.409879	148	169	17	987.959
2.356194	1.875281	0.107086	167	138	20	987.863
-1.832596	1.948085	-2.363031	159	190	12	987.749
2.356194	2.592629	0.909713	21	157	3	987.504
2.094395	1.836682	-0.676006	161	156	31	987.377
-1.047198	1.909857	-0.381669	165	177	23	987.211
1.570796	2.719179	-1.780644	172	180	37	987.051
0.000000	2.164094	-2.991358	185	187	38	986.747
-0.523599	2.587733	0.232235	162	178	27	986.716
0.000000	2.379497	0.561089	164	176	32	986.660
1.832596	2.587733	0.232235	159	159	33	986.615
0.523599	2.579248	-2.364801	166	150	4	986.398
0.523599	2.456751	-1.503343	162	164	184	986.217
1.570796	2.724429	-0.348782	164	161	38	986.198
-0.261799	2.251330	-2.330739	156	161	8	986.196
0.523599	1.247695	1.809890	164	177	17	986.159
0.000000	2.063651	-2.044600	161	159	9	986.101
-1.832596	0.080730	-2.622036	176	132	169	985.977
-0.261799	2.863997	0.549740	157	156	169	985.622
-1.047198	0.619654	-2.216909	181	189	176	985.473
2.094395	2.115563	0.685730	156	156	20	985.311
1.832596	2.108018	1.311430	147	159	19	985.280
0.261799	1.569311	-3.003978	158	143	23	984.996
0.000000	0.906588	1.252948	161	160	189	984.659
1.047198	1.909857	-0.381669	147	166	30	984.536
0.261799	1.214854	-1.966664	169	154	25	984.420
-1.308997	2.478122	2.609777	12	167	158	984.156
1.308997	2.174483	2.653697	154	1	26	983.770
-0.785398	0.674054	1.013609	171	163	42	983.618
-0.261799	0.619654	-2.216909	36	181	3	983.331
1.570796	2.404280	-0.174044	157	151	37	983.121
0.523599	0.618092	2.539118	28	164	1	983.109
2.617994	2.108018	1.311430	158	153	19	983.037
0.261799	0.496451	0.593859	167	163	26	982.910
2.617994	1.506530	1.988858	176	183	33	982.855
2.879793	1.732874	-0.951685	167	157	32	982.790
2.879793	0.831641	0.616218	186	148	3	982.757
2.356194	1.168678	2.108595	172	181	25	982.695
0.523599	1.824694	1.850876	162	176	21	982.362
1.570796	1.242974	-2.977882	185	155	30	982.354
2.356194	2.108018	1.311430	154	157	21	982.007
2.356194	2.356369	3.005869	157	159	28	981.617
1.047198	1.875281	0.107086	148	174	22	981.474
0.785398	1.135813	-2.658866	163	3	28	981.461
0.000000	1.448123	-2.163292	161	156	20	981.353
-1.570796	1.756530	-2.105156	155	186	12	981.304
2.094395	2.379497	0.561089	157	157	27	981.262
2.356194	2.379497	0.561089	162	153	26	981.179
2.879793	1.417623	-0.202254	18	147	188	980.908
-1.047198	2.164094	-2.991358	148	172	15	980.733
2.879793	1.545873	-1.877082	158	172	20	980.717
2.879793	0.571433	-1.188419	167	148	12	980.562
1.570796	1.846342	-1.796954	152	164	36	980.521
1.308997	1.809167	1.213774	149	177	14	980.228
-1.832596	2.579248	-2.364801	175	149	27	980.202
-2.094395	1.488617	1.159546	8	158	176	980.025
0.523599	0.866395	-2.492918	170	158	32	979.140
1.047198	1.836682	-0.676006	150	168	35	979.054
2.879793	1.658653	-2.409879	191	154	10	978.939
2.356194	2.295480	1.008277	157	156	24	978.851
-3.141593	1.025536	1.576859	165	179	45	978.557
-2.879793	1.809167	1.213774	157	185	31	978.459
2.356194	0.960688	-0.577532	166	147	17	978.323
-3.141593	2.396274	-1.959260	161	160	31	978.224
-3.141593	2.089241	-0.114193	10	149	186	977.995
-3.141593	2.299159	2.264663	168	145	2	977.992
1.047198	0.618092	2.539118	32	173	6	977.301
-3.141593	1.134796	2.434290	169	144	190	977.271
1.832596	2.719179	-1.780644	15	159	163	977.156
1.832596	2.592629	0.909713	13	158	2	977.113
0.785398	2.343981	-1.040456	159	169	45	977.087
1.308997	0.203748	0.590255	174	150	11	976.980
-0.261799	2.063651	-2.044600	164	164	18	976.950
0.785398	2.455966	-0.641220	154	166	40	976.843
-3.141593	1.374601	-2.456031	158	151	168	976.760
-0.785398	0.866395	-2.492918	35	166	3	976.255
-2.356194	0.297065	2.160177	168	176	26	976.215
1.570796	2.063651	-2.044600	158	171	43	975.833
-1.308997	2.299159	2.264663	13	172	154	975.811
-1.047198	0.418037	1.360082	173	169	43	975.441
2.617994	1.554776	0.100351	181	134	11	975.436
1.570796	2.356369	3.005869	159	175	35	975.358
-1.832596	2.456751	-1.503343	170	162	37	975.334
0.785398	1.606104	-0.451151	146	175	26	975.285
2.356194	1.870545	-2.976234	159	155	25	975.065
-0.523599	0.733948	3.021411	181	154	0	974.754
-1.570796	1.301460	-0.509251	151	163	22	974.612
-0.523599	2.379497	0.561089	165	181	28	974.297
-0.523599	1.721184	-0.153948	163	170	20	973.847
-0.523599	0.203748	0.590255	161	164	167	973.818
1.832596	2.455966	-0.641220	168	147	41	973.178
-1.308997	0.418037	1.360082	173	170	43	972.548
1.047198	0.961715	0.014085	164	161	27	971.736
0.785398	1.391910	3.030322	171	143	29	971.712
-2.879793	2.456751	-1.503343	3	153	3	971.467
2.879793	1.662363	0.915448	5	147	186	971.420
2.356194	2.664082	-1.071402	182	154	7	971.324
0.785398	2.579248	-2.364801	171	145	0	971.282
0.523599	1.741644	-2.695914	164	143	13	970.740
-1.570796	1.904882	-1.478089	164	167	23	970.321
-3.141593	1.545873	-1.877082	162	149	178	970.161
0.785398	2.138223	1.678323	156	190	21	969.923
2.094395	1.870545	-2.976234	157	162	26	969.381
1.047198	2.299159	2.264663	157	189	27	969.210
2.879793	1.809167	1.213774	165	3	27	969.170
-2.094395	0.866395	-2.492918	168	154	16	969.148
-1.570796	2.349581	-2.702517	186	148	21	968.861
0.785398	1.504028	0.636812	154	165	15	968.762
0.000000	1.045978	0.343692	167	161	25	968.734
1.308997	1.242974	-2.977882	181	154	31	968.686
1.047198	0.674054	1.013609	170	133	159	968.578
2.356194	1.113094	-0.272241	168	144	15	968.169
2.356194	1.135813	-2.658866	184	160	188	968.118
-1.047198	0.674054	1.013609	165	170	158	967.875
0.261799	1.310100	1.488307	163	180	19	967.840
1.570796	2.478122	2.609777	153	188	32	967.789
-2.094395	2.001437	0.381215	0	159	185	967.716
1.832596	1.824694	1.850876	190	162	186	967.449
2.617994	2.704512	1.488683	16	153	9	967.383
2.356194	2.153910	-1.714959	165	154	40	967.183
1.047198	0.906588	1.252948	168	153	187	967.179
2.617994	1.440580	2.260026	176	181	32	967.119
-1.308997	2.579248	-2.364801	181	151	20	966.937
2.879793	1.872854	1.543456	172	2	32	966.739
-0.261799	1.195355	1.200319	161	167	189	966.549
0.785398	2.180315	-1.357379	161	171	49	966.224
2.617994	2.863997	0.549740	169	157	35	966.154
0.261799	1.504028	0.636812	158	162	6	966.126
1.570796	1.982574	-1.115518	154	169	26	966.122
0.000000	2.579248	-2.364801	176	178	42	966.115
-3.141593	2.724429	-0.348782	169	157	184	966.102
-1.832596	1.741644	-2.695914	157	189	20	965.884
-1.047198	2.637879	2.121598	12	178	157	965.872
0.000000	2.979456	-1.009304	14	154	15	965.854
2.617994	0.591903	2.010408	166	169	38	965.708
0.261799	1.809167	1.213774	159	171	190	965.409
2.617994	0.618092	2.539118	174	164	39	965.312
0.261799	2.251330	-2.330739	160	150	2	964.073
-0.523599	2.588535	-2.976617	14	169	162	963.911
-1.832596	1.696674	-1.253233	185	163	44	963.801
-1.308997	2.456751	-1.503343	169	157	26	963.602
0.261799	2.407836	1.410646	160	174	25	963.554
1.832596	1.555207	1.708892	153	164	15	963.341
1.047198	1.417623	-0.202254	146	165	19	962.816
1.832596	1.450119	-2.739050	148	169	29	962.718
2.356194	1.872854	1.543456	153	148	12	962.575
0.785398	0.203748	0.590255	168	153	16	962.508
-1.047198	0.831641	0.616218	166	162	38	962.122
0.523599	1.335669	0.897240	157	159	0	962.118
-2.617994	1.545873	-1.877082	164	173	22	962.088
-1.308997	2.108018	1.311430	11	159	178	961.899
-1.308997	0.591903	2.010408	169	173	46	961.864
-0.261799	2.881233	-2.582574	188	151	8	961.752
1.047198	1.998705	2.370472	159	184	23	961.742
2.356194	2.863997	0.549740	164	180	4	961.715
-0.261799	1.555207	1.708892	171	6	178	961.473
-1.308997	2.041297	-2.664597	151	185	10	961.449
-2.879793	1.555207	1.708892	162	188	37	961.196
1.570796	2.592629	0.909713	9	155	10	961.147
-3.141593	0.379747	-1.713059	168	151	21	961.058
0.785398	1.045978	0.343692	153	163	10	960.871
0.000000	2.863997	0.549740	165	171	36	960.438
-2.356194	2.104282	-0.813972	182	180	43	960.398
0.000000	2.089241	-0.114193	170	162	33	960.332
-2.879793	2.138223	1.678323	169	144	22	960.296
1.047198	2.033014	2.977192	163	5	30	960.220
1.308997	1.998705	2.370472	156	2	25	960.001
2.356194	1.440580	2.260026	179	184	31	959.994
-2.879793	0.379747	-1.713059	169	152	16	959.942
-2.094395	1.510910	-0.740472	40	168	3	959.915
-0.261799	1.721184	-0.153948	162	168	20	959.709
2.617994	1.218453	2.777284	167	157	146	959.498
-0.523599	0.992645	-1.723759	158	162	25	959.493
0.261799	0.899350	-2.069907	167	156	28	959.462
-2.879793	1.325504	-1.671296	165	175	23	959.456
0.000000	1.683268	0.374177	152	187	13	959.272
0.261799	2.041297	-2.664597	161	157	12	959.186
1.047198	2.478122	2.609777	164	2	32	958.964
0.000000	2.407836	1.410646	162	177	25	958.786
1.570796	2.664082	-1.071402	168	165	41	958.667
-2.879793	1.824694	1.850876	159	186	23	958.496
1.570796	2.089241	-0.114193	153	154	32	958.009
1.570796	1.504028	0.636812	152	160	13	957.880
2.356194	2.587733	0.232235	166	155	32	957.465
0.785398	0.418037	1.360082	159	164	14	957.430
2.617994	1.870545	-2.976234	7	162	179	957.169
-1.308997	0.297065	2.160177	161	153	11	956.945
-1.308997	1.606104	-0.451151	158	154	22	956.825
1.832596	1.488617	1.159546	185	142	152	956.637
2.617994	1.872854	1.543456	156	156	16	956.548
-2.879793	1.766067	2.153843	163	181	23	956.482
0.785398	2.295480	1.008277	148	0	17	956.443
0.000000	0.640596	-2.797608	152	158	34	956.334
-0.523599	1.756530	-2.105156	164	168	23	956.276
-1.570796	2.187132	-0.479875	175	180	36	956.230
-2.094395	2.041297	-2.664597	185	145	26	956.221
0.261799	2.664082	-1.071402	160	171	43	956.060
1.570796	0.203748	0.590255	174	149	6	955.974
-2.879793	1.025536	1.576859	162	177	45	955.945
1.308997	2.881233	-2.582574	0	144	157	955.926
0.785398	0.929350	-2.910676	167	156	29	955.757
-2.617994	1.846342	-1.796954	163	164	24	955.672
-0.261799	1.367556	0.358405	159	168	10	955.521
1.570796	2.407836	1.410646	143	173	24	955.346
-2.094395	1.448123	-2.163292	158	182	19	954.997
2.617994	1.875281	0.107086	189	140	179	954.822
-3.141593	1.569311	-3.003978	162	156	157	954.815
-1.047198	2.984978	1.954446	9	153	3	954.631
1.047198	1.045978	0.343692	162	136	167	954.608
2.094395	1.998705	2.370472	142	168	17	954.589
2.617994	1.134497	-1.109631	0	141	159	954.218
0.261799	1.242974	-2.977882	158	144	29	954.195
0.261799	2.299159	2.264663	179	0	35	954.131
0.261799	1.374601	-2.456031	162	141	18	953.992
-1.308997	1.836682	-0.676006	165	176	24	953.850
1.047198	1.606104	-0.451151	148	169	26	953.816
-2.617994	2.704512	1.488683	155	190	12	953.588
2.094395	1.872854	1.543456	150	154	12	953.338
1.308997	1.488617	1.159546	180	152	12	953.295
-1.308997	1.732874	-0.951685	158	168	14	953.125
1.832596	0.571433	-1.188419	162	166	24	953.125
2.617994	1.998705	2.370472	160	156	189	953.063
1.832596	2.089241	-0.114193	158	145	30	953.023
2.617994	0.906588	1.252948	170	185	48	952.863
1.047198	1.872854	1.543456	153	185	17	952.626
-0.785398	2.587733	0.232235	165	176	29	952.562
2.094395	1.506530	1.988858	150	169	12	952.553
2.879793	0.992645	-1.723759	158	170	20	952.372
2.094395	1.050534	3.042579	187	158	34	952.168
-0.523599	0.674054	1.013609	157	172	4	952.093
1.308997	2.089241	-0.114193	151	161	33	951.940
-2.617994	2.637879	2.121598	159	189	9	951.910
-1.832596	2.138223	1.678323	8	174	151	951.189
-1.047198	2.299159	2.264663	13	176	154	950.912
1.047198	2.153910	-1.714959	164	170	51	950.479
-2.879793	1.658653	-2.409879	173	139	31	950.247
-2.356194	2.138223	1.678323	156	169	15	950.205
0.785398	0.866395	-2.492918	170	146	28	950.002
0.261799	2.881233	-2.582574	156	163	5	949.930
0.261799	1.448123	-2.163292	167	149	24	949.914
0.261799	2.396274	-1.959260	160	161	0	949.714
2.617994	2.295480	1.008277	162	152	24	949.681
0.785398	1.766067	2.153843	162	173	20	949.611
-0.523599	1.741644	-2.695914	150	162	21	949.501
-2.356194	0.960688	-0.577532	12	158	1	949.326
1.570796	1.948085	-2.363031	158	175	44	949.275
1.308997	1.870545	-2.976234	156	191	31	949.255
-3.141593	0.866955	-0.931351	184	139	183	949.076
-1.308997	2.187132	-0.479875	173	175	36	948.702
2.879793	2.863997	0.549740	156	186	4	947.914
-0.785398	1.836682	-0.676006	166	162	23	947.448
2.879793	0.591903	2.010408	172	163	45	947.318
0.785398	2.041297	-2.664597	169	190	39	947.286
2.879793	0.418037	1.360082	161	4	17	947.148
0.785398	1.909857	-0.381669	146	173	31	946.926
-3.141593	1.310100	1.488307	29	161	187	946.855
0.785398	1.875281	0.107086	143	176	20	946.476
1.570796	1.836682	-0.676006	149	156	27	946.285
2.879793	2.379497	0.561089	174	146	28	946.252
2.356194	2.393226	1.857173	6	156	1	945.502
2.879793	1.440580	2.260026	173	184	31	945.218
-3.141593	0.370812	-2.547742	177	145	187	945.136
-2.617994	0.992645	-1.723759	23	141	19	944.756
-2.094395	1.128190	-2.288622	160	168	18	944.553
0.261799	1.554776	0.100351	21	149	11	944.527
-3.141593	2.984978	1.954446	17	152	15	944.332
2.617994	2.719179	-1.780644	174	178	46	944.168
2.094395	1.168678	2.108595	181	181	39	944.115
1.832596	2.379497	0.561089	154	162	27	943.920
-2.617994	1.510910	-0.740472	10	149	14	943.912
-0.261799	1.335669	0.897240	159	186	191	943.746
-0.261799	0.080730	-2.622036	36	174	175	943.617
2.356194	1.413430	2.550734	144	166	12	943.459
1.570796	1.699788	2.452890	155	172	22	943.226
0.261799	1.195355	1.200319	165	181	21	943.154
-0.785398	1.045978	0.343692	165	171	167	943.064
1.047198	1.301460	-0.509251	147	170	23	942.892
1.308997	0.914445	2.687814	158	187	8	942.774
2.879793	0.619654	-2.216909	174	142	1	942.620
-3.141593	0.864993	2.278281	169	147	185	942.519
2.617994	2.407836	1.410646	18	152	4	942.494
0.785398	1.809167	1.213774	156	164	190	942.479
0.785398	2.984978	1.954446	161	169	29	942.310
-0.785398	1.732874	-0.951685	183	168	44	942.261
1.047198	1.391910	3.030322	178	158	29	942.083
1.047198	1.870545	-2.976234	162	1	32	941.972
1.832596	1.569311	-3.003978	155	165	21	941.890
0.523599	0.733948	3.021411	161	158	39	941.844
2.617994	1.721184	-0.153948	176	136	20	941.592
-1.570796	2.299159	2.264663	14	167	155	941.387
-1.570796	0.831641	0.616218	4	151	16	941.386
-2.356194	1.617114	-1.572037	169	169	32	941.377
1.832596	1.846342	-1.796954	154	160	37	941.134
2.617994	0.370812	-2.547742	26	168	8	941.097
-0.523599	0.899350	-2.069907	150	156	28	941.075
0.000000	1.168678	2.108595	17	164	47	941.074
0.785398	1.977582	0.969896	151	190	15	940.998
2.879793	0.379747	-1.713059	164	160	21	940.982
2.094395	1.335669	0.897240	5	152	167	940.890
1.570796	1.554776	0.100351	150	161	15	940.786
0.261799	0.419640	2.974122	31	170	185	940.776
2.094395	1.875281	0.107086	163	139	23	940.770
1.308997	1.836682	-0.676006	151	162	35	940.571
-1.570796	0.370812	-2.547742	186	148	21	940.491
0.785398	1.869911	2.701025	170	146	20	940.436
0.261799	1.982574	-1.115518	173	186	170	940.413
-1.570796	1.606104	-0.451151	155	159	23	940.219
-3.141593	1.506530	1.988858	169	183	35	940.163
1.570796	2.343981	-1.040456	159	169	31	940.131
1.047198	2.295480	1.008277	145	181	22	940.121
0.785398	2.187132	-0.479875	149	171	35	940.001
-2.356194	1.214854	-1.966664	160	170	19	939.816
-2.617994	1.128190	-2.288622	160	173	16	939.807
2.356194	0.618092	2.539118	173	164	39	939.802
2.617994	0.418037	1.360082	163	7	17	939.772
2.617994	1.909857	-0.381669	172	145	29	939.754
2.356194	2.073035	2.027405	162	156	187	939.703
2.094395	0.290380	-0.796960	165	155	17	939.634
0.261799	1.135813	-2.658866	160	143	27	939.533
-0.785398	0.700570	1.559208	170	164	47	939.502
1.308997	2.343981	-1.040456	161	156	44	939.356
-1.570796	1.948085	-2.363031	156	187	12	939.311
-2.617994	1.658653	-2.409879	179	138	32	939.198
0.000000	1.214854	-1.966664	162	156	21	939.189
0.261799	1.741644	-2.695914	158	144	12	939.180
0.000000	0.496451	0.593859	163	166	21	939.178
2.356194	1.766067	2.153843	144	160	13	939.052
-1.047198	1.836682	-0.676006	162	165	20	938.898
2.094395	0.831641	0.616218	4	150	164	938.834
-0.261799	2.187132	-0.479875	173	162	38	938.695
-2.356194	2.164094	-2.991358	183	144	22	938.682
1.570796	0.914445	2.687814	178	165	40	938.169
-1.570796	2.456751	-1.503343	171	159	35	937.986
2.356194	1.658653	-2.409879	162	167	169	937.764
2.879793	1.721184	-0.153948	176	144	21	937.593
1.047198	2.041297	-2.664597	164	188	37	937.525
2.879793	2.073035	2.027405	157	161	19	937.518
-0.261799	0.370812	-2.547742	36	176	182	937.472
2.094395	2.407836	1.410646	164	148	2	937.302
-3.141593	1.242974	-2.977882	173	177	171	937.249
1.832596	2.356369	3.005869	159	169	35	937.172
0.785398	0.419640	2.974122	33	175	11	937.093
1.832596	1.662363	0.915448	152	155	10	936.911
1.832596	0.733948	3.021411	177	160	37	936.515
-1.570796	1.510910	-0.740472	154	158	20	936.140
0.000000	1.195355	1.200319	161	164	189	936.138
1.832596	2.174483	2.653697	149	182	32	935.970
-1.308997	2.349581	-2.702517	154	183	7	935.847
0.261799	2.063651	-2.044600	160	155	0	935.767
1.047198	1.977582	0.969896	150	182	19	935.729
-1.047198	1.510910	-0.740472	157	150	13	935.591
0.261799	2.704512	1.488683	161	172	28	935.567
-3.141593	1.904882	-1.478089	171	159	42	935.330
2.879793	0.850607	-1.335383	163	154	17	935.326
2.356194	1.247695	1.809890	181	185	44	935.297
-0.261799	2.704512	1.488683	164	180	26	935.289
2.879793	1.135813	-2.658866	156	151	160	934.581
1.570796	1.875281	0.107086	151	156	26	934.376
1.832596	1.869911	2.701025	147	181	26	934.122
0.523599	2.153910	-1.714959	162	180	43	934.020
-2.356194	1.824694	1.850876	153	183	30	933.845
0.785398	2.164094	-2.991358	171	1	37	933.826
-0.523599	1.766067	2.153843	186	169	147	933.400
-0.261799	0.733948	3.021411	28	167	183	933.243
2.617994	0.640596	-2.797608	26	169	7	932.998
2.617994	1.413430	2.550734	187	189	34	932.746
0.261799	1.391910	3.030322	163	158	29	932.717
0.523599	2.719179	-1.780644	163	159	0	932.496
-2.879793	2.180315	-1.357379	167	155	184	932.493
0.000000	1.812176	0.656819	154	189	10	932.213
-0.785398	1.766067	2.153843	188	167	147	932.029
2.356194	0.850607	-1.335383	163	157	30	931.691
0.261799	1.870545	-2.976234	158	144	16	931.669
-0.785398	2.664082	-1.071402	167	158	25	931.610
1.570796	1.736875	3.023612	147	189	19	931.340
2.617994	1.391910	3.030322	182	159	189	931.218
-0.261799	2.588535	-2.976617	152	162	9	930.991
2.094395	1.134796	2.434290	178	178	35	930.925
-1.047198	0.591903	2.010408	167	171	45	930.924
-1.570796	1.413347	-1.339188	190	163	43	930.812
1.832596	1.606104	-0.451151	154	156	24	930.526
2.094395	2.979456	-1.009304	172	178	34	930.442
0.785398	1.374601	-2.456031	174	154	23	930.406
-0.523599	1.948085	-2.363031	153	164	13	930.304
1.832596	2.349581	-2.702517	158	172	35	929.809
-2.094395	1.812176	0.656819	178	156	18	929.627
0.000000	1.014500	0.906702	157	164	1	929.559
2.617994	0.619654	-2.216909	168	144	1	929.457
-1.832596	1.413347	-1.339188	153	173	18	929.408
-2.617994	0.619654	-2.216909	165	157	18	929.316
1.047198	1.450119	-2.739050	161	191	35	929.296
1.832596	2.760637	2.781135	159	171	34	928.974
1.308997	2.637879	2.121598	158	175	33	928.942
0.261799	0.618092	2.539118	25	162	0	928.907
2.879793	1.510910	-0.740472	168	154	29	928.881
0.000000	1.310100	1.488307	160	182	18	928.809
2.617994	1.683268	0.374177	178	134	9	928.734
-2.617994	0.618092	2.539118	178	142	189	928.593
-1.570796	2.180315	-1.357379	175	162	38	928.541
2.617994	2.404280	-0.174044	171	169	33	928.435
-2.617994	2.455966	-0.641220	186	181	42	928.380
-1.570796	1.741644	-2.695914	7	147	22	928.322
0.000000	1.374601	-2.456031	156	148	21	928.314
2.879793	2.138223	1.678323	156	148	21	928.180
-0.523599	2.404280	-0.174044	168	168	35	927.962
2.094395	0.866955	-0.931351	165	157	29	927.900
-1.570796	2.104282	-0.813972	166	172	26	927.766
1.570796	1.756530	-2.105156	149	173	32	927.749
-3.141593	1.870545	-2.976234	166	142	23	927.681
-3.141593	2.393226	1.857173	160	148	29	927.625
-1.832596	1.732874	-0.951685	173	157	184	927.455
-2.879793	1.433411	-1.035986	4	143	17	927.398
-1.832596	1.374601	-2.456031	172	159	31	927.324
-0.785398	2.478122	2.609777	18	178	163	927.267
0.785398	2.881233	-2.582574	176	183	36	927.207
1.308997	1.413430	2.550734	156	188	15	927.130
0.261799	1.045978	0.343692	152	174	8	926.956
0.261799	1.128190	-2.288622	166	155	26	926.887
2.356194	2.247462	0.191623	168	140	29	926.829
-2.617994	0.899350	-2.069907	166	156	19	926.658
1.832596	2.041297	-2.664597	156	175	41	926.619
1.570796	1.247695	1.809890	153	183	1	926.507
1.047198	1.736875	3.023612	160	3	26	926.437
1.570796	0.864993	2.278281	174	164	44	926.379
0.523599	0.864993	2.278281	183	142	148	926.365
2.356194	1.134796	2.434290	177	178	35	926.202
2.094395	1.721184	-0.153948	164	139	24	926.121
-3.141593	0.290380	-0.796960	178	148	9	925.820
0.261799	1.488617	1.159546	158	171	188	925.646
1.308997	1.977582	0.969896	151	179	17	925.409
0.523599	0.496451	0.593859	169	158	23	925.149
2.356194	0.733948	3.021411	181	183	150	924.991
2.617994	1.325504	-1.671296	169	162	180	924.857
1.308997	2.251330	-2.330739	166	181	44	924.801
-0.785398	0.906588	1.252948	159	166	0	924.705
-1.570796	1.766067	2.153843	18	141	167	924.470
2.879793	2.164094	-2.991358	163	150	29	924.456
-2.094395	1.824694	1.850876	4	170	146	924.179
0.523599	1.367556	0.358405	160	184	20	924.109
1.570796	2.588535	-2.976617	165	188	40	924.071
0.785398	2.033014	2.977192	171	159	16	924.066
2.617994	1.310100	1.488307	22	157	185	923.994
-0.261799	1.875281	0.107086	167	174	33	923.933
2.356194	0.910508	1.903534	175	175	46	923.889
1.570796	1.741644	-2.695914	149	182	30	923.536
-2.617994	2.138223	1.678323	175	144	22	923.458
-2.879793	1.506530	1.988858	166	178	32	923.447
-1.047198	1.242974	-2.977882	188	158	189	923.421
1.047198	2.579248	-2.364801	165	154	4	923.341
-1.570796	2.041297	-2.664597	155	187	13	923.305
1.570796	0.906588	1.252948	166	191	161	923.275
1.047198	0.591903	2.010408	184	142	146	923.042
-2.094395	0.906588	1.252948	158	164	44	922.951
-1.047198	2.104282	-0.813972	170	169	33	922.899
0.523599	1.184361	0.625864	152	171	3	922.788
2.094395	1.599406	1.426070	152	164	9	922.714
2.356194	2.396274	-1.959260	167	172	47	922.597
-0.523599	1.569311	-3.003978	144	166	19	922.579
0.785398	1.506530	1.988858	162	173	17	922.423
1.570796	2.251330	-2.330739	164	182	44	922.287
1.308997	1.812176	0.656819	152	164	164	922.188
0.785398	1.242974	-2.977882	170	154	27	922.145
1.308997	0.297065	2.160177	32	168	3	921.887
-2.356194	2.393226	1.857173	157	170	12	921.689
2.617994	2.247462	0.191623	172	146	28	921.672
0.785398	1.168678	2.108595	161	178	11	921.615
-1.570796	1.982574	-1.115518	29	166	9	921.394
-0.261799	1.569311	-3.003978	154	163	24	921.363
0.000000	1.184361	0.625864	154	181	3	921.170
-0.523599	1.045978	0.343692	164	174	24	920.929
0.785398	1.948085	-2.363031	167	176	40	920.640
2.879793	2.724429	-0.348782	171	172	35	920.640
-1.570796	0.297065	2.160177	157	157	11	920.551
-2.879793	1.872854	1.543456	160	0	33	920.500
1.832596	2.343981	-1.040456	164	160	37	920.473
-1.047198	2.041297	-2.664597	151	178	13	920.437
2.617994	0.866955	-0.931351	167	146	18	920.215
1.308997	1.374601	-2.456031	183	154	24	920.211
2.094395	2.295480	1.008277	153	161	24	920.181
2.356194	1.741644	-2.695914	152	158	35	919.998
-1.308997	1.450119	-2.739050	184	151	5	919.879
-0.523599	2.478122	2.609777	17	183	162	919.620
-0.785398	1.756530	-2.105156	18	161	182	919.270
1.047198	1.683268	0.374177	149	177	15	919.114
0.785398	1.741644	-2.695914	170	140	11	918.904
1.570796	2.180315	-1.357379	161	164	44	918.898
0.523599	1.909857	-0.381669	148	180	30	918.888
1.570796	1.413430	2.550734	153	183	16	918.865
2.356194	1.721184	-0.153948	164	162	28	918.706
-1.570796	1.836682	-0.676006	155	157	15	918.597
-2.879793	1.836682	-0.676006	27	149	25	918.423
-1.832596	2.637879	2.121598	13	167	159	918.296
2.094395	2.456751	-1.503343	170	161	45	918.086
-0.261799	1.045978	0.343692	163	162	18	918.011
2.617994	2.164094	-2.991358	160	153	29	917.906
-0.261799	0.961715	0.014085	163	164	22	917.790
-3.141593	2.456751	-1.503343	176	172	51	917.504
2.356194	1.569311	-3.003978	150	158	29	917.305
-0.523599	1.335669	0.897240	159	176	1	917.267
2.617994	2.180315	-1.357379	172	150	39	917.266
2.094395	2.719179	-1.780644	181	182	45	916.944
1.047198	1.113094	-0.272241	148	167	16	916.596
2.094395	0.496451	0.593859	14	157	176	916.589
0.000000	2.592629	0.909713	162	185	30	916.573
1.832596	2.478122	2.609777	152	177	35	916.523
-1.047198	1.247695	1.809890	176	153	8	916.467
-1.832596	0.929350	-2.910676	173	132	154	916.432
2.617994	1.869911	2.701025	147	153	22	916.331
-1.047198	0.379747	-1.713059	15	157	10	915.969
0.000000	0.080730	-2.622036	35	177	179	915.659
-3.141593	1.982574	-1.115518	183	168	47	915.618
-0.261799	1.554776	0.100351	155	0	18	915.549
-3.141593	1.504028	0.636812	35	169	15	915.446
0.523599	1.662363	0.915448	149	176	0	915.440
0.523599	2.637879	2.121598	169	191	34	915.309
-1.308997	2.164094	-2.991358	149	184	11	915.236
2.094395	1.741644	-2.695914	152	164	35	914.957
-1.308997	1.014500	0.906702	171	173	159	914.693
2.879793	1.977582	0.969896	161	5	21	914.105
-2.094395	1.998705	2.370472	154	190	26	914.055
-3.141593	1.736875	3.023612	163	155	155	913.767
0.785398	2.393226	1.857173	159	191	28	913.597
-2.094395	2.299159	2.264663	156	170	15	913.460
-1.308997	2.637879	2.121598	13	174	157	913.389
2.617994	1.014500	0.906702	166	179	175	913.268
1.047198	1.134796	2.434290	173	158	40	913.218
1.570796	1.909857	-0.381669	153	154	32	913.191
-0.785398	2.863997	0.549740	170	183	33	912.876
0.523599	0.640596	-2.797608	163	148	37	912.811
1.832596	1.875281	0.107086	152	159	16	912.804
2.094395	1.374601	-2.456031	152	156	30	912.555
-3.141593	1.367556	0.358405	22	152	178	912.151
-2.356194	0.419640	2.974122	160	165	14	912.002
0.000000	1.658653	-2.409879	155	155	13	911.973
-2.356194	1.545873	-1.877082	168	169	32	911.906
0.261799	1.948085	-2.363031	159	152	7	911.833
-3.141593	0.297065	2.160177	179	152	44	911.648
-2.879793	2.164094	-2.991358	4	152	11	911.436
-0.785398	0.370812	-2.547742	190	156	0	911.311
-1.047198	2.760637	2.781135	151	173	11	911.284
2.094395	1.247695	1.809890	182	180	44	911.132
0.523599	1.948085	-2.363031	164	151	8	911.053
1.308997	1.504028	0.636812	158	174	21	910.987
2.356194	1.014500	0.906702	164	180	175	910.982
2.356194	2.138223	1.678323	144	160	14	910.951
2.879793	1.617114	-1.572037	21	148	13	910.866
1.570796	2.041297	-2.664597	158	178	41	910.744
-1.832596	1.325504	-1.671296	149	170	13	910.716
2.356194	1.417623	-0.202254	167	143	20	910.663
1.832596	2.063651	-2.044600	161	167	47	910.663
2.879793	2.592629	0.909713	163	2	10	910.516
-0.261799	2.579248	-2.364801	155	165	2	910.416
2.356194	0.370812	-2.547742	31	165	8	910.190
2.094395	1.904882	-1.478089	159	156	39	909.991
2.617994	1.367556	0.358405	180	137	3	909.892
-0.261799	1.214854	-1.966664	158	159	21	909.889
-2.617994	1.214854	-1.966664	160	172	18	909.701
0.000000	0.831641	0.616218	164	164	22	909.600
-1.570796	2.174483	2.653697	11	162	155	909.566
2.094395	2.396274	-1.959260	168	173	47	909.408
0.523599	1.450119	-2.739050	170	155	25	909.278
-3.141593	1.699788	2.452890	3	147	184	909.269
-3.141593	1.135834	-1.431087	165	176	24	909.259
1.832596	0.618092	2.539118	169	155	188	909.206
-0.523599	2.089241	-0.114193	169	171	35	908.665
0.785398	2.456751	-1.503343	166	162	48	908.261
2.879793	1.569311	-3.003978	161	160	158	908.165
-2.094395	2.138223	1.678323	8	171	150	908.100
-1.570796	2.164094	-2.991358	153	186	14	907.499
-2.617994	1.555207	1.708892	157	185	37	907.454
2.094395	0.733948	3.021411	186	163	0	907.384
1.570796	1.599406	1.426070	152	169	16	907.329
0.785398	0.379747	-1.713059	185	141	35	907.263
-2.094395	1.413347	-1.339188	149	171	13	907.005
0.261799	2.180315	-1.357379	164	173	0	906.991
-1.570796	1.909857	-0.381669	155	158	18	906.899
0.000000	2.251330	-2.330739	158	158	7	906.470
-3.141593	1.218453	2.777284	168	142	3	906.030
-1.570796	1.846342	-1.796954	165	157	14	906.023
-3.141593	0.910508	1.903534	173	170	48	905.717
2.356194	1.433411	-1.035986	163	153	31	905.653
1.308997	2.393226	1.857173	154	173	28	905.474
-3.141593	1.599406	1.426070	162	190	33	905.382
2.617994	1.195355	1.200319	2	148	152	905.182
2.094395	0.762244	-0.273349	167	149	16	905.121
1.570796	2.393226	1.857173	166	169	184	905.108
-3.141593	0.992645	-1.723759	171	159	35	904.715
-0.523599	2.979456	-1.009304	163	152	22	904.304
2.356194	1.450119	-2.739050	150	156	29	904.200
0.000000	2.455966	-0.641220	177	153	26	904.172
1.832596	0.496451	0.593859	10	156	175	904.138
-0.785398	0.496451	0.593859	163	168	166	903.996
-3.141593	1.214854	-1.966664	161	149	175	903.979
-2.617994	0.866395	-2.492918	159	166	11	903.815
1.308997	1.555207	1.708892	154	185	12	903.710
-3.141593	1.809167	1.213774	162	0	35	903.689
2.879793	1.310100	1.488307	168	183	42	903.650
2.094395	2.664082	-1.071402	168	175	34	903.516
0.000000	2.719179	-1.780644	158	171	188	903.256
-1.308997	0.640596	-2.797608	186	148	18	903.080
2.094395	1.367556	0.358405	157	147	1	902.820
2.356194	2.299159	2.264663	158	158	0	902.776
-2.879793	0.992645	-1.723759	174	157	35	902.772
1.570796	1.824694	1.850876	151	182	17	902.542
2.617994	1.574060	2.783565	147	154	18	902.483
-1.308997	1.658653	-2.409879	150	182	17	902.305
0.261799	2.295480	1.008277	153	180	11	902.221
-2.879793	0.960688	-0.577532	190	146	180	902.217
-0.523599	1.256302	0.062705	160	174	16	902.149
1.570796	1.135813	-2.658866	185	155	28	902.089
-1.308997	2.588535	-2.976617	153	177	6	901.951
2.879793	0.080730	-2.622036	169	151	182	901.888
-2.356194	2.295480	1.008277	167	160	14	901.852
-1.570796	2.719179	-1.780644	174	153	33	901.665
0.000000	1.599406	1.426070	163	174	185	901.659
0.785398	1.014500	0.906702	161	155	0	901.649
0.261799	0.458961	-0.107937	160	163	170	901.614
2.617994	1.134796	2.434290	175	176	36	901.514
1.308997	2.592629	0.909713	160	153	8	901.442
2.617994	0.960688	-0.577532	171	143	14	901.405
1.047198	1.504028	0.636812	176	159	185	900.938
-1.047198	1.488617	1.159546	2	150	4	900.868
0.523599	1.721184	-0.153948	146	182	22	900.827
2.617994	2.041297	-2.664597	163	167	165	900.809
-2.094395	2.478122	2.609777	171	149	33	900.746
-2.356194	1.391910	3.030322	185	137	8	900.698
-0.523599	0.379747	-1.713059	29	172	27	900.691
-1.308997	2.881233	-2.582574	161	185	1	900.444
2.094395	1.766067	2.153843	165	168	179	900.215
1.570796	2.455966	-0.641220	163	150	40	900.153
0.785398	2.588535	-2.976617	170	188	32	900.102
-2.094395	1.256302	0.062705	5	161	186	899.968
0.785398	2.404280	-0.174044	148	176	31	899.803
0.785398	0.906588	1.252948	167	154	188	899.647
-0.261799	1.812176	0.656819	160	166	165	899.508
1.047198	0.914445	2.687814	162	190	7	899.368
0.785398	1.569311	-3.003978	165	186	25	899.210
-3.141593	1.256302	0.062705	188	141	7	899.162
-2.879793	2.396274	-1.959260	189	153	4	899.125
-0.261799	1.050534	3.042579	148	162	33	898.992
-1.570796	1.658653	-2.409879	153	187	18	898.922
1.832596	2.588535	-2.976617	162	186	41	898.914
0.523599	1.045978	0.343692	167	183	25	898.786
-2.094395	2.637879	2.121598	153	190	14	898.769
-0.523599	2.724429	-0.348782	168	163	34	898.758
-0.523599	1.113094	-0.272241	159	175	18	898.644
2.617994	0.850607	-1.335383	168	155	31	898.570
-2.356194	0.618092	2.539118	174	186	41	898.498
-1.308997	2.174483	2.653697	13	166	155	898.447
1.832596	2.251330	-2.330739	160	174	41	898.381
-2.617994	2.393226	1.857173	160	3	21	898.377
-2.094395	1.367556	0.358405	43	169	182	898.372
-2.094395	0.619654	-2.216909	170	153	18	898.344
-2.356194	2.153910	-1.714959	4	144	181	898.319
0.000000	1.242974	-2.977882	152	152	28	898.255
1.832596	1.741644	-2.695914	146	176	29	898.220
2.879793	1.214854	-1.966664	168	162	179	898.046
1.047198	1.721184	-0.153948	145	167	22	897.978
2.094395	2.001437	0.381215	157	153	20	897.862
2.617994	0.992645	-1.723759	167	159	178	897.861
2.879793	1.450119	-2.739050	188	152	3	897.814
0.785398	1.662363	0.915448	152	187	7	897.658
2.617994	0.961715	0.014085	15	149	176	897.638
-2.094395	1.741644	-2.695914	34	152	14	897.499
1.047198	2.174483	2.653697	163	3	32	897.378
-1.047198	2.719179	-1.780644	173	151	24	897.341
0.000000	2.349581	-2.702517	156	152	7	897.190
-3.141593	1.824694	1.850876	167	187	29	897.082
1.047198	1.658653	-2.409879	155	183	33	897.066
2.356194	2.704512	1.488683	12	153	9	896.883
0.000000	1.569311	-3.003978	152	151	23	896.851
2.356194	1.982574	-1.115518	167	151	38	896.749
0.261799	0.709924	0.218797	152	173	9	896.711
0.261799	0.379747	-1.713059	163	175	21	896.634
0.261799	2.719179	-1.780644	162	174	3	896.576
0.785398	1.812176	0.656819	151	183	15	896.528
-2.094395	1.870545	-2.976234	190	143	18	896.398
-2.356194	0.762244	-0.273349	161	169	161	896.316
1.047198	0.370812	-2.547742	165	177	25	896.222
2.094395	0.618092	2.539118	175	161	44	896.149
0.523599	2.299159	2.264663	168	0	28	896.101
0.000000	2.396274	-1.959260	158	164	0	896.086
-1.570796	1.417623	-0.202254	156	160	29	896.026
-2.356194	0.685216	-1.712745	184	148	28	896.010
2.617994	2.724429	-0.348782	172	172	35	895.964
-0.523599	1.998705	2.370472	191	168	149	895.737
-0.523599	1.184361	0.625864	164	171	162	895.691
-2.879793	0.290380	-0.796960	181	148	9	895.689
1.832596	1.545873	-1.877082	3	155	12	895.565
2.356194	1.301460	-0.509251	167	147	25	895.561
-2.356194	2.299159	2.264663	155	187	17	895.501
1.308997	0.910508	1.903534	21	174	165	895.482
2.879793	1.909857	-0.381669	176	144	25	895.335
-2.879793	0.899350	-2.069907	188	140	8	895.324
2.879793	1.741644	-2.695914	159	160	164	895.225
1.570796	2.637879	2.121598	158	167	30	895.209
2.094395	2.153910	-1.714959	163	156	40	895.124
-0.523599	2.001437	0.381215	173	187	176	895.029
2.617994	1.948085	-2.363031	162	152	38	895.010
0.523599	1.869911	2.701025	166	145	23	894.945
-2.094395	1.325504	-1.671296	150	175	13	894.918
-2.879793	2.153910	-1.714959	161	170	25	894.897
-1.832596	1.824694	1.850876	5	172	146	894.697
0.785398	2.356369	3.005869	166	188	30	894.466
2.617994	2.299159	2.264663	160	154	0	894.416
1.832596	0.080730	-2.622036	184	146	41	894.188
-2.356194	1.413430	2.550734	186	141	191	893.957
2.356194	2.187132	-0.479875	171	149	37	893.919
1.570796	2.153910	-1.714959	159	164	42	893.878
-3.141593	1.184361	0.625864	181	151	25	893.863
2.879793	2.041297	-2.664597	166	150	29	893.845
0.785398	2.153910	-1.714959	163	171	49	893.824
-1.047198	2.001437	0.381215	173	137	4	893.810
2.879793	2.299159	2.264663	163	149	0	893.780
2.094395	2.349581	-2.702517	157	168	36	893.760
2.356194	0.914445	2.687814	184	181	147	893.653
-2.879793	0.640596	-2.797608	162	165	21	893.634
0.785398	2.115563	0.685730	161	163	29	893.442
-0.261799	1.545873	-1.877082	158	159	14	893.394
2.617994	1.732874	-0.951685	165	160	32	893.219
2.094395	1.545873	-1.877082	34	170	174	893.167
-0.261799	0.419640	2.974122	185	168	141	893.166
2.879793	1.195355	1.200319	16	157	158	893.141
-2.356194	1.413347	-1.339188	35	157	7	893.052
-3.141593	1.617114	-1.572037	166	150	182	893.004
-1.570796	1.440580	2.260026	14	136	159	892.559
0.000000	1.247695	1.809890	13	153	10	892.508
-1.570796	2.073035	2.027405	12	171	151	892.503
-3.141593	0.419640	2.974122	176	178	150	892.495
-3.141593	1.433411	-1.035986	8	144	163	892.422
-1.308997	1.218453	2.777284	178	136	148	892.407
-1.570796	2.251330	-2.330739	159	187	7	892.237
2.094395	1.413430	2.550734	144	174	13	891.904
-3.141593	2.637879	2.121598	16	151	12	891.840
1.570796	0.866955	-0.931351	161	167	29	891.793
1.832596	1.812176	0.656819	151	163	13	891.657
1.832596	2.299159	2.264663	145	178	28	891.348
-3.141593	1.488617	1.159546	180	141	191	891.156
1.308997	1.218453	2.777284	156	187	14	891.148
-1.308997	2.073035	2.027405	11	176	151	890.847
-0.523599	1.875281	0.107086	160	174	16	890.740
-1.570796	1.869911	2.701025	9	161	151	890.728
-0.523599	2.115563	0.685730	164	171	167	890.701
-0.261799	2.089241	-0.114193	161	166	19	890.466
0.523599	0.831641	0.616218	170	157	23	890.465
-1.570796	2.979456	-1.009304	167	167	38	890.439
-0.785398	2.089241	-0.114193	170	177	34	890.419
0.785398	2.073035	2.027405	158	0	20	890.343
-2.356194	0.619654	-2.216909	168	155	19	890.328
2.356194	0.906588	1.252948	6	155	153	890.328
1.832596	1.683268	0.374177	154	151	18	890.256
-2.879793	1.128190	-2.288622	160	180	15	890.247
-0.523599	1.504028	0.636812	164	171	164	890.050
0.261799	1.367556	0.358405	170	158	23	889.796
-2.094395	1.617114	-1.572037	170	168	33	889.484
2.356194	1.696674	-1.253233	186	153	17	889.479
-2.356194	1.869911	2.701025	168	188	181	889.467
-1.570796	1.247695	1.809890	178	169	148	889.460
-0.261799	1.448123	-2.163292	176	182	35	889.411
2.094395	1.194549	-0.801900	155	154	19	889.224
0.785398	1.450119	-2.739050	174	155	25	889.037
2.094395	1.683268	0.374177	168	164	32	888.982
1.832596	1.391910	3.030322	0	149	186	888.937
1.832596	1.554776	0.100351	156	150	20	888.910
2.879793	2.089241	-0.114193	3	146	185	888.711
2.879793	2.174483	2.653697	176	166	150	888.692
0.000000	1.256302	0.062705	166	162	25	888.408
1.832596	2.033014	2.977192	152	165	21	888.069
-0.785398	2.343981	-1.040456	170	160	27	888.046
-2.617994	0.640596	-2.797608	168	177	29	888.025
2.356194	1.904882	-1.478089	161	168	32	887.853
-2.879793	1.545873	-1.877082	163	152	19	887.796
-2.094395	2.587733	0.232235	13	159	191	887.686
-3.141593	2.138223	1.678323	162	145	21	887.638
2.879793	2.115563	0.685730	32	159	18	887.256
1.832596	2.637879	2.121598	158	162	30	887.162
-2.356194	2.588535	-2.976617	11	151	15	886.872
0.000000	1.135813	-2.658866	152	150	25	886.732
1.308997	1.506530	1.988858	155	186	11	886.617
2.356194	1.128190	-2.288622	18	164	180	886.593
2.356194	1.134497	-1.109631	157	152	19	886.588
-0.523599	1.658653	-2.409879	150	162	18	886.542
-2.094395	0.929350	-2.910676	164	0	35	886.515
1.308997	1.699788	2.452890	156	189	21	886.506
2.356194	1.504028	0.636812	28	160	14	886.278
1.570796	2.396274	-1.959260	168	173	46	886.254
-1.570796	1.732874	-0.951685	177	150	185	886.091
1.832596	0.370812	-2.547742	145	180	11	885.982
2.617994	2.153910	-1.714959	36	175	173	885.978
2.617994	1.599406	1.426070	174	190	37	885.754
-2.356194	0.080730	-2.622036	168	155	19	885.727
-0.523599	1.824694	1.850876	181	135	179	885.560
2.094395	1.948085	-2.363031	156	165	42	885.472
0.261799	1.440580	2.260026	167	156	39	885.394
1.570796	0.080730	-2.622036	179	145	40	885.372
1.308997	1.904882	-1.478089	156	165	45	885.354
-1.308997	0.674054	1.013609	167	171	159	885.330
0.261799	2.356369	3.005869	183	189	39	885.257
2.617994	2.073035	2.027405	165	153	186	885.255
0.261799	2.456751	-1.503343	164	175	46	885.147
-0.785398	2.719179	-1.780644	177	151	23	884.960
-1.832596	2.180315	-1.357379	177	162	42	884.896
-3.141593	1.658653	-2.409879	168	141	32	884.700
2.879793	0.674054	1.013609	162	179	48	884.626
-0.785398	2.396274	-1.959260	183	136	178	884.493
2.879793	0.866395	-2.492918	2	148	178	884.460
-2.879793	2.407836	1.410646	159	2	19	884.194
1.308997	2.073035	2.027405	153	190	23	884.010
-2.356194	1.050534	3.042579	184	140	1	883.975
1.047198	2.343981	-1.040456	14	160	186	883.941
-0.261799	1.135813	-2.658866	148	156	24	883.847
-1.570796	0.910508	1.903534	188	152	173	883.723
2.879793	1.599406	1.426070	169	189	37	883.668
-1.832596	0.297065	2.160177	165	168	26	883.634
0.000000	1.545873	-1.877082	163	152	19	883.622
-0.261799	2.979456	-1.009304	10	154	16	883.618
0.785398	0.864993	2.278281	184	144	148	883.506
-2.617994	0.419640	2.974122	188	147	173	883.489
1.570796	1.683268	0.374177	151	161	18	883.041
0.261799	0.370812	-2.547742	30	173	24	882.996
1.047198	2.587733	0.232235	149	171	34	882.969
-2.094395	0.733948	3.021411	166	188	37	882.725
2.879793	1.606104	-0.451151	19	146	4	882.363
-3.141593	2.108018	1.311430	160	4	22	882.359
-2.356194	1.909857	-0.381669	38	165	3	882.308
-2.617994	1.025536	1.576859	4	157	175	882.287
2.094395	1.135813	-2.658866	183	2	175	882.276
1.570796	1.555207	1.708892	153	169	15	882.215
1.308997	1.134796	2.434290	176	158	40	882.199
1.047198	2.664082	-1.071402	166	156	46	882.120
0.523599	1.448123	-2.163292	170	153	20	882.008
-3.141593	1.696674	-1.253233	7	145	170	881.824
-2.094395	1.506530	1.988858	162	164	26	881.600
1.308997	1.721184	-0.153948	148	167	22	881.584
-2.356194	1.696674	-1.253233	180	171	44	881.512
0.261799	0.674054	1.013609	159	157	0	881.446
1.308997	2.180315	-1.357379	157	166	42	881.299
2.617994	2.251330	-2.330739	156	177	18	881.233
0.523599	0.914445	2.687814	164	158	41	881.206
-1.047198	2.174483	2.653697	12	170	154	881.196
0.261799	1.683268	0.374177	157	162	11	880.797
1.832596	1.504028	0.636812	151	157	5	880.757
-0.785398	0.685216	-1.712745	150	160	31	880.605
2.617994	1.448123	-2.163292	191	152	6	880.458
2.356194	2.251330	-2.330739	163	161	43	880.121
-0.261799	2.396274	-1.959260	172	176	47	880.102
2.617994	1.836682	-0.676006	173	146	35	880.090
-0.523599	2.104282	-0.813972	177	163	41	880.074
1.570796	1.113094	-0.272241	153	157	16	880.042
-2.617994	1.872854	1.543456	154	187	30	879.821
0.523599	1.242974	-2.977882	166	155	27	879.819
-1.570796	1.214854	-1.966664	187	153	34	879.727
-2.094395	2.033014	2.977192	0	143	16	879.403
-0.523599	1.242974	-2.977882	144	167	25	879.383
2.356194	1.195355	1.200319	3	152	154	879.350
2.879793	1.413430	2.550734	176	149	3	879.339
2.879793	1.836682	-0.676006	169	157	33	879.289
1.570796	1.488617	1.159546	21	164	175	879.268
-2.879793	1.846342	-1.796954	161	168	23	879.199
0.000000	0.591903	2.010408	185	151	13	879.198
-1.047198	2.579248	-2.364801	160	182	4	878.989
2.356194	2.984978	1.954446	163	133	167	878.866
-3.141593	1.325504	-1.671296	175	160	183	878.798
2.356194	1.836682	-0.676006	168	148	35	878.658
-2.617994	0.458961	-0.107937	164	170	167	878.466
1.832596	2.984978	1.954446	158	163	3	878.284
2.356194	2.174483	2.653697	147	162	29	878.195
0.261799	1.658653	-2.409879	160	151	13	878.105
0.000000	2.115563	0.685730	164	181	29	877.978
-2.879793	0.961715	0.014085	1	148	2	877.939
1.832596	1.448123	-2.163292	33	162	181	877.898
1.832596	2.001437	0.381215	152	163	18	877.816
0.785398	1.736875	3.023612	168	4	27	877.674
1.047198	2.724429	-0.348782	156	162	39	877.640
1.832596	1.301460	-0.509251	156	169	23	877.438
-1.570796	1.696674	-1.253233	186	164	44	877.416
1.047198	1.904882	-1.478089	0	151	181	877.326
1.570796	0.419640	2.974122	166	179	23	877.162
1.047198	1.050534	3.042579	158	190	13	876.980
-2.879793	2.089241	-0.114193	20	158	2	876.791
-2.094395	2.704512	1.488683	14	172	160	876.530
1.047198	0.910508	1.903534	160	173	8	876.223
-1.047198	1.683268	0.374177	173	137	10	876.200
-1.047198	2.881233	-2.582574	158	178	0	876.165
-3.141593	1.413347	-1.339188	14	142	24	876.111
2.879793	2.108018	1.311430	164	149	22	876.091
0.785398	2.587733	0.232235	162	152	14	876.076
-0.523599	1.554776	0.100351	160	174	15	875.947
-2.094395	0.960688	-0.577532	15	169	147	875.769
-0.523599	1.135834	-1.431087	171	180	34	875.638
0.523599	2.881233	-2.582574	173	183	33	875.600
-1.047198	1.417623	-0.202254	35	3	188	875.524
2.617994	0.674054	1.013609	164	181	48	875.172
2.094395	0.960688	-0.577532	160	149	17	875.126
-0.523599	1.050534	3.042579	27	164	184	875.071
-0.261799	1.128190	-2.288622	152	151	24	875.006
0.523599	1.658653	-2.409879	168	140	13	874.938
-3.141593	1.977582	0.969896	157	190	24	874.702
-2.879793	2.760637	2.781135	9	154	8	874.606
-1.832596	2.174483	2.653697	30	164	178	874.604
1.308997	0.864993	2.278281	170	162	43	874.470
-2.617994	1.413347	-1.339188	31	152	7	874.468
0.523599	0.961715	0.014085	160	174	24	874.332
0.000000	1.413430	2.550734	2	180	144	874.278
0.261799	1.875281	0.107086	14	170	153	874.070
-2.879793	0.850607	-1.335383	164	171	25	873.976
-1.570796	2.295480	1.008277	2	183	155	873.951
0.523599	0.080730	-2.622036	29	176	25	873.731
0.523599	2.979456	-1.009304	163	161	43	873.705
2.879793	1.699788	2.452890	176	147	7	873.593
1.308997	0.866395	-2.492918	177	155	27	873.493
0.261799	0.418037	1.360082	166	135	160	873.479
-1.308997	0.370812	-2.547742	183	132	157	873.392
-0.785398	2.724429	-0.348782	168	170	40	873.330
1.047198	1.488617	1.159546	163	155	191	873.302
-3.141593	0.674054	1.013609	161	177	48	873.143
0.261799	1.256302	0.062705	21	148	16	873.065
-0.785398	2.881233	-2.582574	156	175	0	872.890
-2.879793	0.831641	0.616218	155	180	42	872.833
0.261799	1.846342	-1.796954	167	151	13	872.792
2.094395	2.637879	2.121598	153	158	190	872.716
1.047198	0.864993	2.278281	172	167	45	872.697
-2.094395	1.450119	-2.739050	190	136	20	872.630
0.523599	1.391910	3.030322	165	145	30	872.622
-1.832596	2.073035	2.027405	146	174	23	872.565
-2.356194	1.417623	-0.202254	15	161	3	872.436
-0.523599	0.929350	-2.910676	147	169	32	872.367
2.617994	1.904882	-1.478089	163	165	32	872.329
-0.523599	0.370812	-2.547742	37	172	182	872.287
1.047198	2.863997	0.549740	162	151	15	872.147
0.000000	1.875281	0.107086	16	149	5	872.042
-0.261799	1.977582	0.969896	166	155	27	871.715
2.356194	2.349581	-2.702517	155	169	40	871.628
-0.261799	1.301460	-0.509251	169	149	180	871.498
-2.617994	1.977582	0.969896	178	158	23	871.414
-2.356194	2.979456	-1.009304	30	186	19	871.356
2.617994	0.914445	2.687814	156	154	11	871.350
2.356194	1.809167	1.213774	184	139	152	871.151
-2.356194	0.379747	-1.713059	186	148	25	871.125
2.094395	1.417623	-0.202254	164	139	18	871.066
-2.356194	0.458961	-0.107937	162	166	167	871.055
1.308997	1.025536	1.576859	180	174	49	870.992
-1.570796	1.184361	0.625864	188	151	13	870.914
-2.094395	1.242974	-2.977882	1	139	9	870.903
-1.308997	1.948085	-2.363031	1	149	29	870.842
-2.356194	1.555207	1.708892	153	179	36	870.694
-1.047198	2.033014	2.977192	12	166	155	870.596
-2.356194	1.247695	1.809890	183	146	178	870.569
0.785398	2.174483	2.653697	169	4	31	870.464
-2.094395	2.396274	-1.959260	162	140	173	870.349
2.879793	1.335669	0.897240	182	142	188	870.348
2.356194	2.881233	-2.582574	166	185	43	870.333
2.356194	1.367556	0.358405	163	160	21	870.274
-0.785398	1.374601	-2.456031	148	169	24	870.269
1.047198	1.242974	-2.977882	177	157	28	870.262
2.617994	1.846342	-1.796954	164	161	179	870.030
-1.308997	2.251330	-2.330739	8	147	34	869.934
-1.570796	1.134497	-1.109631	146	168	16	869.885
-0.523599	2.164094	-2.991358	145	165	9	869.860
1.047198	0.831641	0.616218	165	152	8	869.780
-2.356194	1.870545	-2.976234	184	142	18	869.740
-1.570796	1.448123	-2.163292	47	174	12	869.733
-1.308997	2.760637	2.781135	14	166	163	869.673
-0.261799	2.174483	2.653697	2	148	184	869.669
2.617994	1.413347	-1.339188	161	159	28	869.609
1.047198	1.374601	-2.456031	180	151	25	869.555
-2.879793	1.696674	-1.253233	0	142	32	869.471
-1.832596	1.247695	1.809890	164	158	28	869.466
0.785398	1.756530	-2.105156	156	183	35	869.298
-3.141593	1.998705	2.370472	167	147	189	869.280
-3.141593	1.948085	-2.363031	11	155	0	869.259
-2.094395	2.247462	0.191623	167	159	185	869.163
-1.308997	2.104282	-0.813972	166	169	27	869.158
-0.785398	2.115563	0.685730	178	136	6	869.045
2.879793	0.615174	-0.666022	175	146	13	868.948
0.785398	0.914445	2.687814	169	162	40	868.870
2.094395	1.554776	0.100351	164	139	16	868.849
-0.261799	1.242974	-2.977882	147	159	25	868.833
-1.308997	1.433411	-1.035986	155	155	18	868.648
-0.261799	2.001437	0.381215	157	1	18	868.644
-1.308997	2.719179	-1.780644	169	153	25	868.615
0.785398	2.407836	1.410646	153	180	23	868.534
1.832596	1.413430	2.550734	154	167	17	868.424
0.523599	1.599406	1.426070	172	159	32	868.272
0.000000	2.588535	-2.976617	154	156	9	868.120
-2.356194	1.846342	-1.796954	164	162	24	868.047
1.308997	0.961715	0.014085	152	160	10	867.860
0.261799	2.153910	-1.714959	161	167	188	867.550
1.832596	0.674054	1.013609	174	187	161	867.543
1.047198	2.379497	0.561089	160	151	9	867.532
-1.308997	2.587733	0.232235	178	185	35	867.465
-0.261799	2.115563	0.685730	158	5	12	867.254
-1.047198	1.809167	1.213774	184	146	16	867.241
-0.785398	1.195355	1.200319	161	171	189	867.238
1.832596	1.247695	1.809890	10	170	155	867.114
1.308997	1.766067	2.153843	155	188	19	867.069
0.261799	0.866395	-2.492918	161	143	30	867.018
1.832596	1.184361	0.625864	164	165	25	866.853
-3.141593	1.391910	3.030322	168	136	21	866.811
2.879793	0.762244	-0.273349	167	159	25	866.717
-2.094395	2.073035	2.027405	149	179	22	866.671
2.356194	1.812176	0.656819	185	133	169	866.516
1.308997	0.733948	3.021411	170	165	33	866.453
1.308997	1.948085	-2.363031	163	169	40	866.439
2.879793	2.455966	-0.641220	166	171	167	866.339
1.832596	0.203748	0.590255	176	150	6	866.270
2.356194	2.979456	-1.009304	179	149	4	866.260
0.261799	1.194549	-0.801900	174	164	183	866.247
-2.094395	2.407836	1.410646	13	174	156	866.208
0.523599	1.545873	-1.877082	173	149	19	866.201
2.094395	2.104282	-0.813972	166	153	40	866.195
-2.879793	2.108018	1.311430	157	190	26	866.142
-0.785398	1.998705	2.370472	189	159	149	866.011
1.308997	1.683268	0.374177	158	175	24	865.967
-0.261799	1.488617	1.159546	31	152	16	865.894
-2.356194	2.187132	-0.479875	2	138	173	865.842
-0.785398	1.948085	-2.363031	8	150	171	865.818
-1.047198	0.700570	1.559208	170	164	48	865.691
-0.785398	1.736875	3.023612	145	176	21	865.499
-2.879793	0.496451	0.593859	156	172	45	865.469
2.879793	1.391910	3.030322	162	141	21	865.428
-2.094395	1.374601	-2.456031	158	181	19	865.421
-2.617994	1.194549	-0.801900	187	155	183	865.297
2.879793	1.736875	3.023612	163	159	154	865.251
1.570796	1.025536	1.576859	16	168	164	865.226
-1.047198	1.413347	-1.339188	172	177	35	865.224
1.832596	1.699788	2.452890	149	177	22	865.201
-2.879793	1.448123	-2.163292	188	140	22	865.184
-2.879793	2.187132	-0.479875	173	169	181	865.026
-0.261799	1.374601	-2.456031	151	152	22	864.990
-2.617994	1.870545	-2.976234	178	138	22	864.979
-2.356194	2.704512	1.488683	14	169	159	864.933
0.000000	0.618092	2.539118	24	163	185	864.821
2.879793	0.685216	-1.712745	164	154	27	864.666
-2.094395	2.760637	2.781135	160	183	9	864.595
2.617994	2.588535	-2.976617	162	4	190	864.512
1.570796	1.184361	0.625864	177	174	37	864.413
-2.356194	1.982574	-1.115518	15	152	188	864.349
-2.356194	1.574060	2.783565	181	135	4	863.962
0.000000	0.992645	-1.723759	165	156	26	863.907
0.523599	1.569311	-3.003978	167	153	23	863.869
0.000000	1.809167	1.213774	172	187	162	863.868
-2.617994	1.448123	-2.163292	160	174	16	863.639
1.308997	1.658653	-2.409879	150	183	30	863.629
-2.356194	1.872854	1.543456	149	180	29	863.572
-2.617994	1.440580	2.260026	160	158	12	863.269
2.617994	1.168678	2.108595	171	177	31	862.978
-2.879793	0.203748	0.590255	34	178	174	862.948
-2.617994	1.812176	0.656819	14	149	170	862.742
-1.047198	0.297065	2.160177	165	150	11	862.694
2.094395	1.658653	-2.409879	153	159	37	862.672
2.356194	1.948085	-2.363031	166	171	168	862.486
-1.832596	2.299159	2.264663	12	164	155	862.423
1.047198	2.760637	2.781135	171	191	36	862.223
1.832596	1.014500	0.906702	159	185	176	862.127
-1.047198	1.606104	-0.451151	165	165	25	862.058
2.094395	2.863997	0.549740	158	149	34	861.979
0.000000	2.704512	1.488683	172	191	35	861.922
-2.617994	1.310100	1.488307	156	179	40	861.904
2.356194	2.588535	-2.976617	158	171	42	861.835
-1.047198	0.496451	0.593859	21	152	13	861.748
0.785398	1.256302	0.062705	144	173	9	861.690
1.308997	1.875281	0.107086	149	163	26	861.687
2.356194	0.899350	-2.069907	186	151	187	861.217
0.523599	1.128190	-2.288622	165	145	18	860.911
0.000000	0.419640	2.974122	33	168	181	860.666
0.000000	0.297065	2.160177	183	150	9	860.488
-2.356194	1.134497	-1.109631	185	155	185	860.460
2.879793	1.904882	-1.478089	165	162	35	860.446
-2.617994	1.433411	-1.035986	9	148	14	860.354
-1.308997	1.662363	0.915448	40	187	13	860.050
2.879793	1.554776	0.100351	182	137	13	860.047
2.879793	0.899350	-2.069907	155	138	163	859.953
2.617994	1.756530	-2.105156	167	169	172	859.831
2.617994	2.343981	-1.040456	167	164	35	859.790
0.000000	1.025536	1.576859	165	162	182	859.752
1.570796	1.335669	0.897240	162	149	0	859.446
-0.785398	2.164094	-2.991358	144	172	9	859.342
0.523599	1.504028	0.636812	148	179	6	859.232
-2.879793	1.247695	1.809890	164	177	38	859.224
-1.570796	0.591903	2.010408	168	175	43	859.185
2.356194	1.846342	-1.796954	40	174	176	859.106
0.000000	0.418037	1.360082	167	152	8	858.962
-1.047198	2.063651	-2.044600	28	180	51	858.870
2.879793	0.866955	-0.931351	172	146	18	858.691
2.879793	2.180315	-1.357379	172	160	187	858.628
-2.356194	0.992645	-1.723759	180	153	35	858.627
1.047198	2.073035	2.027405	158	182	24	858.521
-3.141593	2.164094	-2.991358	176	145	191	858.500
0.523599	2.588535	-2.976617	174	187	33	858.444
-2.094395	0.370812	-2.547742	175	150	21	858.307
-0.785398	1.256302	0.062705	164	166	26	858.263
2.094395	1.025536	1.576859	2	156	151	858.178
-0.785398	0.591903	2.010408	26	175	29	858.128
-2.617994	1.374601	-2.456031	160	180	15	858.123
-2.617994	1.504028	0.636812	171	163	21	858.121
-0.261799	1.134796	2.434290	11	166	46	857.702
-1.308997	1.045978	0.343692	157	155	32	857.626
-2.094395	1.756530	-2.105156	158	181	12	857.567
-2.356194	2.073035	2.027405	158	173	19	857.358
2.356194	2.063651	-2.044600	168	172	173	857.352
-0.523599	1.683268	0.374177	162	170	169	857.179
-2.879793	2.073035	2.027405	165	151	21	857.143
-2.879793	0.733948	3.021411	173	145	187	856.757
-2.356194	0.203748	0.590255	31	190	178	856.703
1.308997	0.929350	-2.910676	174	162	28	856.662
-1.832596	2.356369	3.005869	155	187	13	856.543
1.308997	2.063651	-2.044600	159	174	43	856.524
-2.356194	1.134796	2.434290	162	158	15	856.391
2.094395	1.812176	0.656819	158	145	14	856.267
0.785398	1.113094	-0.272241	162	153	179	856.264
2.094395	0.674054	1.013609	8	155	161	856.149
1.570796	1.510910	-0.740472	148	178	6	856.147
1.047198	1.846342	-1.796954	153	175	37	856.131
-2.356194	0.866395	-2.492918	172	156	29	856.054
2.356194	0.762244	-0.273349	169	145	8	856.043
-2.879793	2.592629	0.909713	152	188	13	856.036
-2.356194	1.998705	2.370472	166	186	181	856.027
-3.141593	2.407836	1.410646	169	150	26	855.882
0.785398	1.574060	2.783565	3	154	2	855.827
-1.047198	2.704512	1.488683	5	186	160	855.824
-2.879793	1.510910	-0.740472	6	143	13	855.786
1.308997	1.450119	-2.739050	183	154	27	855.631
0.523599	0.906588	1.252948	164	155	188	855.527
1.308997	1.310100	1.488307	158	171	14	855.281
-0.523599	0.685216	-1.712745	33	179	22	855.252
-0.523599	1.367556	0.358405	175	142	34	855.149
-0.261799	1.168678	2.108595	16	162	47	855.086
-0.785398	1.683268	0.374177	166	172	169	855.079
-1.832596	2.396274	-1.959260	170	153	26	854.955
0.000000	1.050534	3.042579	158	163	36	854.897
-3.141593	1.450119	-2.739050	159	183	191	854.750
0.785398	2.063651	-2.044600	163	186	39	854.609
0.000000	0.961715	0.014085	162	167	173	854.515
2.356194	1.214854	-1.966664	156	159	172	854.475
1.570796	1.168678	2.108595	154	181	7	854.451
-0.261799	0.709924	0.218797	163	168	169	854.241
1.570796	2.033014	2.977192	149	189	25	854.197
-1.570796	1.310100	1.488307	41	174	185	853.926
1.308997	1.732874	-0.951685	146	166	30	853.870
-1.570796	2.356369	3.005869	28	162	182	853.853
-1.570796	1.025536	1.576859	37	173	180	853.640
2.356194	2.637879	2.121598	153	153	191	853.622
2.879793	2.407836	1.410646	23	155	1	853.417
-1.047198	1.128190	-2.288622	36	164	7	853.383
0.523599	1.014500	0.906702	164	179	21	853.265
-0.785398	1.413347	-1.339188	169	178	34	853.012
-2.094395	1.194549	-0.801900	8	161	1	852.977
-1.308997	1.195355	1.200319	172	171	154	852.813
2.094395	1.510910	-0.740472	158	154	25	852.771
-1.832596	0.419640	2.974122	166	150	16	852.728
2.617994	2.033014	2.977192	170	169	155	852.510
-2.094395	2.588535	-2.976617	175	130	164	852.272
2.356194	2.001437	0.381215	165	139	22	852.249
2.094395	1.732874	-0.951685	162	144	35	852.161
-1.308997	1.310100	1.488307	173	169	151	852.110
-0.785398	0.418037	1.360082	161	169	18	852.054
-2.356194	1.128190	-2.288622	160	171	18	852.038
-2.879793	0.618092	2.539118	167	146	186	851.837
1.047198	1.014500	0.906702	161	170	22	851.773
0.261799	0.906588	1.252948	163	156	188	851.641
0.523599	2.664082	-1.071402	160	168	43	851.470
0.785398	0.640596	-2.797608	169	145	37	851.324
1.047198	1.506530	1.988858	157	188	12	851.288
0.523599	0.910508	1.903534	21	173	51	851.246
0.261799	1.247695	1.809890	160	180	15	851.065
0.261799	0.619654	-2.216909	162	177	7	850.939
-0.785398	1.310100	1.488307	182	135	185	850.903
-1.308997	1.488617	1.159546	44	178	183	850.896
-3.141593	0.591903	2.010408	173	162	45	850.407
-1.832596	2.478122	2.609777	154	191	14	850.379
-0.261799	1.872854	1.543456	170	10	181	850.228
2.879793	1.766067	2.153843	161	141	21	850.152
-3.141593	1.417623	-0.202254	1	150	181	850.107
0.523599	2.724429	-0.348782	153	175	37	850.045
1.308997	1.662363	0.915448	157	156	15	849.984
-1.570796	2.592629	0.909713	16	160	186	849.980
-1.832596	0.831641	0.616218	1	153	16	849.932
-2.094395	2.881233	-2.582574	178	149	25	849.915
-2.617994	2.404280	-0.174044	167	158	187	849.884
1.570796	1.135834	-1.431087	17	162	3	849.840
1.832596	1.736875	3.023612	155	167	24	849.805
2.617994	0.496451	0.593859	168	155	15	849.666
1.308997	1.367556	0.358405	150	186	175	849.577
2.879793	2.349581	-2.702517	177	152	3	849.542
2.617994	1.433411	-1.035986	164	159	28	849.493
1.570796	1.014500	0.906702	169	150	189	849.331
-1.570796	2.587733	0.232235	19	163	180	849.306
-2.356194	0.961715	0.014085	2	158	182	849.284
1.832596	1.025536	1.576859	17	169	162	849.219
-1.832596	1.870545	-2.976234	4	145	19	849.148
1.047198	1.218453	2.777284	159	191	14	849.130
2.356194	1.374601	-2.456031	186	158	5	848.992
0.523599	0.674054	1.013609	162	154	0	848.692
1.047198	0.733948	3.021411	165	186	15	848.529
2.879793	1.135834	-1.431087	3	141	163	848.459
2.879793	2.704512	1.488683	158	146	29	848.239
2.879793	1.875281	0.107086	2	144	178	848.104
0.261799	0.700570	1.559208	168	136	155	848.030
0.261799	1.812176	0.656819	161	183	27	847.956
2.879793	1.367556	0.358405	188	138	2	847.927
-2.879793	0.906588	1.252948	31	179	173	847.924
-2.617994	1.809167	1.213774	152	180	32	847.912
-1.308997	2.664082	-1.071402	173	163	41	847.887
1.308997	1.113094	-0.272241	150	161	16	847.663
-1.047198	2.407836	1.410646	14	156	184	847.608
0.523599	1.606104	-0.451151	147	182	26	847.593
-0.523599	2.295480	1.008277	164	162	158	847.463
-1.308997	1.599406	1.426070	177	172	151	847.390
-0.523599	0.831641	0.616218	164	173	24	847.280
-3.141593	0.929350	-2.910676	173	177	170	847.182
1.570796	0.960688	-0.577532	156	157	25	847.104
1.308997	2.115563	0.685730	142	165	18	847.062
-0.785398	1.242974	-2.977882	143	174	25	847.019
-3.141593	1.732874	-0.951685	4	144	22	846.990
2.094395	2.724429	-0.348782	174	146	42	846.964
-0.523599	0.709924	0.218797	163	168	24	846.902
0.785398	2.760637	2.781135	176	191	37	846.829
-1.832596	2.984978	1.954446	157	164	2	846.703
1.832596	1.325504	-1.671296	14	161	1	846.287
-3.141593	2.592629	0.909713	167	170	16	846.265
2.094395	1.574060	2.783565	143	173	20	846.249
-3.141593	2.404280	-0.174044	9	152	191	846.083
2.617994	2.063651	-2.044600	10	158	3	846.078
2.356194	1.335669	0.897240	172	143	189	845.969
2.356194	1.310100	1.488307	17	157	186	845.939
-2.879793	2.115563	0.685730	8	144	178	845.901
0.000000	0.866395	-2.492918	162	155	175	845.847
-1.047198	1.448123	-2.163292	178	179	31	845.824
-2.617994	0.914445	2.687814	177	0	41	845.821
2.356194	0.929350	-2.910676	179	185	161	845.808
2.094395	2.588535	-2.976617	163	167	40	845.759
-1.308997	1.872854	1.543456	42	184	16	845.713
-1.308997	0.831641	0.616218	9	149	14	845.536
-1.047198	1.998705	2.370472	169	161	186	845.240
2.617994	1.982574	-1.115518	171	147	36	845.167
2.617994	1.256302	0.062705	175	143	15	845.129
0.261799	1.413430	2.550734	163	155	35	845.085
-1.308997	1.050534	3.042579	178	134	151	845.002
-2.094395	1.846342	-1.796954	159	169	14	844.976
-2.617994	2.115563	0.685730	14	149	176	844.942
0.261799	1.050534	3.042579	158	154	34	844.916
1.570796	1.721184	-0.153948	152	162	23	844.916
1.570796	1.617114	-1.572037	191	153	8	844.768
2.879793	0.640596	-2.797608	158	151	179	844.752
0.523599	1.050534	3.042579	162	149	35	844.598
1.570796	1.870545	-2.976234	154	181	35	844.457
-2.094395	1.875281	0.107086	14	162	10	844.445
-1.832596	2.187132	-0.479875	179	179	36	844.288
0.785398	1.367556	0.358405	159	182	21	844.283
2.356194	0.700570	1.559208	165	165	8	843.986
2.617994	1.736875	3.023612	148	153	25	843.956
1.832596	1.696674	-1.253233	163	158	185	843.951
1.308997	1.184361	0.625864	188	149	23	843.949
0.523599	2.033014	2.977192	176	3	32	843.680
1.832596	1.195355	1.200319	181	183	47	843.664
-2.879793	0.700570	1.559208	24	188	173	843.659
-1.047198	1.374601	-2.456031	148	176	24	843.605
1.047198	2.063651	-2.044600	159	182	38	843.555
-1.308997	0.899350	-2.069907	5	157	6	843.398
2.617994	2.104282	-0.813972	174	147	36	843.384
-2.356194	1.569311	-3.003978	186	137	16	843.338
-2.617994	2.063651	-2.044600	159	166	16	843.125
-1.047198	1.732874	-0.951685	158	164	14	842.995
2.617994	2.187132	-0.479875	191	148	191	842.982
1.047198	1.948085	-2.363031	159	186	35	842.880
-1.308997	1.756530	-2.105156	152	181	12	842.857
-2.879793	2.984978	1.954446	161	183	1	842.855
-0.523599	0.762244	-0.273349	2	166	158	842.778
-0.261799	1.824694	1.850876	188	135	178	842.662
-2.094395	1.696674	-1.253233	157	179	14	842.644
-0.785398	2.760637	2.781135	150	167	11	842.586
1.308997	0.866955	-0.931351	10	154	17	842.478
-2.879793	2.041297	-2.664597	5	152	12	842.399
0.523599	0.419640	2.974122	32	174	186	842.199
-1.047198	2.115563	0.685730	189	144	160	842.133
2.879793	2.001437	0.381215	173	160	30	841.949
0.000000	1.824694	1.850876	171	8	179	841.893
-3.141593	2.180315	-1.357379	165	175	30	841.863
2.617994	0.762244	-0.273349	175	145	8	841.826
-2.617994	2.979456	-1.009304	169	180	36	841.816
-0.785398	0.910508	1.903534	23	172	28	841.585
2.617994	1.617114	-1.572037	15	148	12	841.355
1.308997	2.379497	0.561089	9	155	10	841.298
0.261799	2.379497	0.561089	162	170	29	841.268
2.879793	0.700570	1.559208	166	179	44	840.923
1.308997	1.736875	3.023612	156	187	28	840.916
-2.617994	1.741644	-2.695914	175	137	29	840.810
-0.523599	1.301460	-0.509251	181	176	40	840.537
-2.879793	2.104282	-0.813972	172	162	187	840.504
-2.094395	1.721184	-0.153948	23	159	16	840.447
-2.617994	1.909857	-0.381669	10	154	16	840.430
0.523599	2.180315	-1.357379	162	176	49	840.423
-2.094395	1.413430	2.550734	1	142	0	840.043
1.308997	1.440580	2.260026	157	188	12	839.981
2.094395	1.256302	0.062705	163	147	15	839.971
-1.570796	0.762244	-0.273349	157	158	164	839.890
-1.570796	2.579248	-2.364801	178	131	175	839.854
-0.261799	0.674054	1.013609	157	165	4	839.817
2.356194	2.407836	1.410646	14	154	1	839.811
-2.094395	1.766067	2.153843	154	186	34	839.788
-1.047198	1.948085	-2.363031	151	175	13	839.550
1.832596	2.164094	-2.991358	152	178	35	839.477
-0.261799	1.870545	-2.976234	146	153	14	839.431
-1.832596	1.836682	-0.676006	152	162	15	839.381
-0.785398	0.831641	0.616218	171	160	42	839.349
-0.261799	0.929350	-2.910676	148	161	31	839.303
2.879793	2.588535	-2.976617	162	2	190	839.283
2.094395	1.569311	-3.003978	155	159	21	839.272
1.308997	0.700570	1.559208	173	4	161	838.900
-0.523599	2.396274	-1.959260	7	155	182	838.782
2.094395	1.242974	-2.977882	155	158	14	838.711
-3.141593	2.704512	1.488683	160	188	6	838.697
2.879793	0.864993	2.278281	172	171	39	838.504
0.523599	1.301460	-0.509251	167	157	183	838.443
-2.879793	1.599406	1.426070	159	186	38	838.260
-2.617994	2.187132	-0.479875	14	159	19	838.162
-1.308997	1.510910	-0.740472	153	156	13	838.027
-2.356194	2.881233	-2.582574	160	154	13	837.818
-0.785398	2.379497	0.561089	162	159	160	837.759
-1.308997	1.113094	-0.272241	154	154	26	837.620
-1.832596	1.756530	-2.105156	41	167	19	837.493
0.523599	2.407836	1.410646	161	183	29	837.483
-2.356194	1.433411	-1.035986	37	160	4	837.365
-0.261799	2.164094	-2.991358	147	158	9	837.344
-0.785398	1.809167	1.213774	177	147	6	837.192
2.879793	1.113094	-0.272241	190	147	179	837.188
-1.308997	2.138223	1.678323	8	180	150	837.020
1.047198	0.685216	-1.712745	149	12	182	836.940
-1.832596	1.214854	-1.966664	183	153	35	836.877
2.094395	2.033014	2.977192	147	170	31	836.814
0.785398	1.195355	1.200319	163	156	189	836.686
-1.832596	0.762244	-0.273349	157	160	162	836.649
1.832596	0.419640	2.974122	176	155	44	836.632
-1.308997	1.335669	0.897240	175	177	156	836.573
-1.047198	0.709924	0.218797	158	186	11	836.533
-1.047198	1.721184	-0.153948	37	4	2	836.475
1.047198	1.756530	-2.105156	153	179	35	836.322
2.879793	1.014500	0.906702	18	156	168	836.186
-0.785398	1.574060	2.783565	6	169	148	836.149
1.832596	0.297065	2.160177	31	180	177	836.089
2.879793	0.906588	1.252948	2	150	190	836.038
-1.047198	1.218453	2.777284	176	154	187	836.015
2.879793	1.870545	-2.976234	160	145	31	835.998
-2.617994	2.153910	-1.714959	161	168	24	835.932
-0.261799	2.592629	0.909713	167	186	29	835.858
2.879793	0.618092	2.539118	180	160	41	835.729
0.785398	1.335669	0.897240	160	154	2	835.660
0.261799	2.979456	-1.009304	164	146	5	835.507
1.570796	0.733948	3.021411	175	158	37	835.500
-2.617994	0.850607	-1.335383	27	145	14	835.417
-0.785398	2.393226	1.857173	6	185	155	835.412
1.308997	1.569311	-3.003978	158	178	26	835.312
2.094395	0.297065	2.160177	163	158	182	834.949
-1.832596	2.041297	-2.664597	188	145	25	834.807
-3.141593	2.001437	0.381215	190	137	16	834.588
1.047198	2.247462	0.191623	144	168	26	834.550
-2.879793	1.904882	-1.478089	175	157	43	834.431
1.308997	0.418037	1.360082	180	191	161	834.359
-0.261799	2.073035	2.027405	39	5	23	834.280
2.094395	0.619654	-2.216909	35	166	2	834.233
1.308997	2.001437	0.381215	151	160	171	833.839
2.356194	1.998705	2.370472	2	157	182	833.739
2.617994	1.696674	-1.253233	163	161	30	833.538
-1.308997	0.929350	-2.910676	39	180	180	833.493
2.879793	2.478122	2.609777	159	153	4	833.357
1.308997	0.619654	-2.216909	173	171	182	833.279
2.617994	0.419640	2.974122	184	155	38	833.195
1.308997	0.685216	-1.712745	147	6	181	833.121
-1.308997	1.977582	0.969896	12	160	175	833.076
-3.141593	2.247462	0.191623	6	147	185	833.048
-2.617994	2.041297	-2.664597	177	145	25	833.004
-2.879793	0.674054	1.013609	33	179	174	832.930
2.094395	1.134497	-1.109631	152	156	19	832.917
-1.308997	1.741644	-2.695914	149	181	20	832.886
1.047198	0.850607	-1.335383	25	152	10	832.571
-0.785398	1.014500	0.906702	165	170	157	832.423
0.785398	0.762244	-0.273349	155	161	167	832.417
1.047198	1.569311	-3.003978	177	141	21	832.373
-0.261799	1.417623	-0.202254	167	167	29	832.246
-2.879793	0.910508	1.903534	173	129	144	831.971
1.308997	0.571433	-1.188419	7	152	23	831.959
-2.356194	1.168678	2.108595	29	157	185	831.955
-1.047198	2.251330	-2.330739	11	148	34	831.374
-1.047198	1.699788	2.452890	167	158	188	831.226
-3.141593	2.719179	-1.780644	160	167	28	831.179
2.617994	2.637879	2.121598	164	132	162	831.133
-2.094395	1.135834	-1.431087	0	155	41	831.133
1.308997	2.153910	-1.714959	158	174	39	830.954
0.261799	2.115563	0.685730	149	185	15	830.951
2.617994	1.128190	-2.288622	155	157	167	830.855
2.879793	1.824694	1.850876	177	191	36	830.801
-2.094395	2.979456	-1.009304	174	177	161	830.695
-2.879793	1.440580	2.260026	9	146	173	830.612
-1.570796	1.545873	-1.877082	47	177	14	830.607
2.356194	1.599406	1.426070	178	188	36	830.583
2.617994	0.297065	2.160177	170	159	46	830.574
-2.879793	2.404280	-0.174044	186	163	190	830.571
-2.879793	1.256302	0.062705	1	145	7	830.501
-0.261799	2.404280	-0.174044	161	166	24	830.499
0.000000	2.404280	-0.174044	171	158	32	830.492
1.832596	1.242974	-2.977882	147	172	21	830.357
-2.094395	0.700570	1.559208	167	179	39	830.250
-0.523599	1.325504	-1.671296	173	175	37	830.234
-0.785398	0.850607	-1.335383	35	183	22	830.118
-0.261799	1.310100	1.488307	163	175	185	830.110
-2.356194	1.658653	-2.409879	184	138	31	830.108
-2.879793	1.413347	-1.339188	0	139	26	830.035
-2.356194	2.115563	0.685730	168	159	13	829.988
2.356194	1.756530	-2.105156	15	152	154	829.860
0.785398	1.247695	1.809890	176	162	45	829.661
-0.261799	1.184361	0.625864	155	186	3	829.562
2.356194	1.325504	-1.671296	162	160	178	829.533
-1.570796	0.906588	1.252948	170	171	156	829.531
1.047198	1.869911	2.701025	179	145	23	829.516
1.047198	1.413430	2.550734	161	0	16	829.453
-2.094395	1.909857	-0.381669	50	178	6	829.336
-3.141593	2.356369	3.005869	175	146	191	829.318
-1.570796	1.617114	-1.572037	155	162	11	829.229
-2.356194	2.108018	1.311430	150	175	26	829.227
1.832596	2.104282	-0.813972	166	145	43	828.882
-1.832596	1.433411	-1.035986	50	181	17	828.834
