#Coordinates  RecID  LigID  Luciferin  Neighbor's number  Vision Range  Scoring
( 0.2786027, -23.6732079, 33.4708910,  0.2845426,  0.3455400,  0.2741826, -0.8511531)    0    0  24.63166360  0 0.400  16.43186378
(-4.9731526, -24.5722308, 26.9062636, -0.0499328, -0.9816558, -0.0478792,  0.1776689)    0    0  24.99662448 10 0.080  16.31494033
( 0.7634338, -26.7607535, 26.5461342,  0.1820177, -0.0396200,  0.4036422,  0.8957526)    0    0  10.66279706  0 0.400   8.62190021
( 0.5782816, -23.6166685, 33.4353330,  0.2845426,  0.3455400,  0.2741826, -0.8511531)    0    0  24.66129573  8 0.080  16.40149055
(-12.1350537, -22.3695380, 26.8816596, -0.2639857, -0.3291759, -0.2570618, -0.8694102)    0    0   8.54859151  5 5.000   4.96357489
(-4.9551315, -24.5740764, 26.8872233, -0.0499331, -0.9816559, -0.0478797,  0.1776678)    0    0  27.81545065  0 5.000  18.54363377
( 0.8225378, -27.0410337, 26.1869080,  0.1820198, -0.0396140,  0.4036450,  0.8957512)    0    0   9.85096366 10 0.000   7.08065681
(-5.5919089, -23.7834232, 33.5758351, -0.0139802, -0.1270409, -0.1148472,  0.9851266)    0    0  24.48490962 12 0.000  16.58679067
(-11.9941518, -22.1279049, 26.8707826, -0.2639857, -0.3291759, -0.2570618, -0.8694102)    0    0   8.19844025  6 4.920   3.68826971
(-6.0878581, -25.5971675, 31.3179440, -0.7201442, -0.3895342, -0.3613471,  0.4461879)    0    0  23.51186897  2 4.440  15.60641102
( 1.2203569, -24.2498529, 22.7285992,  0.1358931,  0.7191137,  0.0974459, -0.6744722)    0    0  15.61488501 14 1.200  10.80886976
(-5.2509543, -24.3917694, 26.4660502, -0.0499327, -0.9816557, -0.0478788,  0.1776695)    0    0  25.40610121  0 0.560  16.19252594
(-6.0867668, -25.5983785, 31.3208887, -0.7201442, -0.3895342, -0.3613471,  0.4461879)    0    0  23.52761041  1 4.120  15.61719283
( 1.0741554, -26.5276499, 26.3548610,  0.1820214, -0.0396093,  0.4036472,  0.8957501)    0    0   8.89096886  7 0.320   6.23222498
(-2.4223924, -23.5663190, 27.8050264,  0.1883471, -0.0421924,  0.4075139,  0.8925680)    0    0  15.10523054  3 1.320  10.31906534
( 0.4321496, -23.3351822, 33.4819047,  0.2845426,  0.3455400,  0.2741826, -0.8511531)    0    0  24.14715503  0 0.400  15.97082121
( 0.9988482, -23.5124215, 33.1980798,  0.2845426,  0.3455400,  0.2741826, -0.8511531)    0    0  24.47133913  0 0.400  16.33058052
(-5.7176240, -24.3366123, 26.7351623, -0.0499324, -0.9816555, -0.0478783,  0.1776707)    0    0  23.81393980 15 0.000  15.84041647
(-4.8967351, -24.6196688, 27.0302943, -0.0499327, -0.9816557, -0.0478790,  0.1776692)    0    0  24.27764194 16 0.000  16.25755399
(-2.3171656, -23.6829715, 27.9941339,  0.1883435, -0.0422354,  0.4075087,  0.8925691)    0    0  14.73868071  4 1.960   9.80550942
(-4.8228080, -24.6398875, 26.9883552, -0.0499329, -0.9816558, -0.0478794,  0.1776684)    0    0  26.31018751  7 0.240  18.48307061
(-6.4413972, -25.6345305, 31.1971903, -0.7201442, -0.3895342, -0.3613471,  0.4461879)    0    0  21.96831407  5 1.640  15.82499182
(-5.5325737, -24.4184841, 26.6289485, -0.0499322, -0.9816554, -0.0478778,  0.1776717)    0    0  24.20083199  7 0.560  16.73124525
(-6.1184428, -23.8826487, 33.5797871, -0.0131525, -0.1266682, -0.1144996,  0.9852269)    0    0  24.55856323  8 0.240  16.35758568
(-3.4933792, -25.1291311, 19.8694267,  0.0327277, -0.4533371, -0.4965543, -0.7394919)    0    0  -2.79049759  2 5.000  -1.34108460
(-6.0614412, -25.6186997, 31.3730756, -0.7201442, -0.3895342, -0.3613471,  0.4461879)    0    0  20.16972202  7 0.480  11.55826487
(-4.8040232, -24.6244409, 26.9513055, -0.0499330, -0.9816559, -0.0478796,  0.1776679)    0    0  26.32895824  6 0.320  18.41085164
(-6.3604058, -23.7854580, 33.5876986, -0.0131525, -0.1266682, -0.1144996,  0.9852269)    0    0  25.32832949  0 5.000  16.88555486
( 0.8535578, -23.3017651, 33.8505649,  0.2845426,  0.3455400,  0.2741826, -0.8511531)    0    0  24.88630675  4 0.480  16.74017547
( 1.1119219, -26.4759267, 25.3606175,  0.0153732,  0.5133655, -0.1066376, -0.8513800)    0    0  -0.16202944  1 1.760  -0.89282608
(-5.9139922, -23.6500603, 33.3641857, -0.0131525, -0.1266682, -0.1144996,  0.9852269)    0    0  24.74093988  4 0.360  16.51733643
( 0.8407809, -23.4407914, 33.7858305,  0.2845426,  0.3455400,  0.2741826, -0.8511531)    0    0  23.99304937 16 0.000  15.78514539
( 0.8959649, -26.7039625, 26.0127111,  0.1820195, -0.0396147,  0.4036447,  0.8957514)    0    0   9.60851686 11 0.080   6.31170336
(-4.6448991, -24.6714439, 26.9654497, -0.0499322, -0.9816554, -0.0478779,  0.1776716)    0    0  22.53197974  6 0.320  15.35726642
(-6.0849134, -25.7034728, 31.5314087, -0.7201442, -0.3895342, -0.3613471,  0.4461879)    0    0  21.09452427  0 0.480  15.60150496
(-5.1491407, -24.4336716, 26.5917461, -0.0499328, -0.9816558, -0.0478792,  0.1776688)    0    0  23.95838915  8 0.160  15.87315464
(-5.2249761, -24.3949530, 26.4806358, -0.0499327, -0.9816557, -0.0478790,  0.1776692)    0    0  24.48895211 11 0.080  14.46681909
( 0.7541061, -26.7725854, 26.3879034,  0.1820209, -0.0396108,  0.4036465,  0.8957505)    0    0  13.13262742  2 1.200   9.38519476
(-3.6823199, -25.6524842, 20.1626088,  0.0327277, -0.4533371, -0.4965543, -0.7394919)    0    0  -4.42174266  5 5.000  -3.61531285
(-4.9846028, -24.5683755, 26.8725061, -0.0499330, -0.9816559, -0.0478796,  0.1776680)    0    0  26.63103497  5 0.640  18.19619144
(-5.2934793, -24.7000962, 27.0092320, -0.0499324, -0.9816556, -0.0478784,  0.1776704)    0    0  25.79470764  0 0.400  17.68667844
(-6.1675831, -25.7851383, 31.5150257, -0.7201442, -0.3895342, -0.3613471,  0.4461879)    0    0  21.02964194  0 0.440  15.56154004
(-2.6720302, -24.1940783, 28.2495627,  0.1883186, -0.0425310,  0.4074730,  0.8925765)    0    0  13.55123871  4 0.520  10.60217537
(-3.5006765, -25.2560489, 19.8769844,  0.0327277, -0.4533371, -0.4965543, -0.7394919)    0    0  -3.08998934  3 5.000  -1.70881251
( 1.1949062, -24.0138571, 22.5787766,  0.1358931,  0.7191137,  0.0974459, -0.6744722)    0    0  16.56652734  0 5.000  11.04438730
(-0.1094581, -27.4681656, 31.4481840, -0.9878014,  0.0113363, -0.1544292,  0.0164783)    0    0  16.45148386  6 0.600  10.94898501
( 0.8502900, -26.8498085, 25.8487657,  0.1820125, -0.0396350,  0.4036351,  0.8957562)    0    0  11.87820351  2 0.640   8.87472407
(-6.1200012, -23.7796014, 33.5944421, -0.0131525, -0.1266682, -0.1144996,  0.9852269)    0    0  24.95335141  3 0.560  16.68083596
(-5.7062215, -25.7740914, 31.6373762, -0.7201442, -0.3895342, -0.3613471,  0.4461879)    0    0  22.20949464  1 0.600  15.78339361
(-5.9298070, -25.6756341, 31.5477194, -0.7201442, -0.3895342, -0.3613471,  0.4461879)    0    0  22.01724772  4 1.040  13.54254047
( 0.5708650, -26.8822010, 25.8763813,  0.1820197, -0.0396141,  0.4036450,  0.8957512)    0    0  11.72174085  6 0.320   9.44957673
( 0.5538998, -24.0041506, 33.0232464,  0.2845426,  0.3455400,  0.2741826, -0.8511530)    0    0  24.62882697 12 0.000  16.42535130
( 1.3793663, -23.9395242, 22.8961281,  0.1358931,  0.7191137,  0.0974459, -0.6744722)    0    0  15.68097693  8 0.160  10.93124988
( 1.2607363, -23.7571973, 22.7301894,  0.1358931,  0.7191137,  0.0974459, -0.6744722)    0    0  16.28612002  3 1.280  11.05897203
(-6.5568222, -23.9305455, 33.8279927, -0.0131525, -0.1266682, -0.1144996,  0.9852269)    0    0  24.56604942  0 0.480  16.28015908
( 1.2493823, -23.7511742, 22.5580364,  0.1358931,  0.7191137,  0.0974459, -0.6744722)    0    0  14.98569497 13 0.000   8.86944557
( 0.9690016, -26.4841163, 25.9247772,  0.1820216, -0.0396086,  0.4036475,  0.8957499)    0    0  11.07503407 11 0.240   6.65347917
(-5.4385486, -24.4330208, 26.9554964, -0.0499325, -0.9816556, -0.0478785,  0.1776703)    0    0  23.50082305 13 0.000  15.83736244
(-0.1211077, -27.4586652, 31.4883921, -0.9878014,  0.0113363, -0.1544292,  0.0164783)    0    0  16.47597741  4 5.000  10.97517537
(-11.8393314, -21.8624088, 26.8588279, -0.2639857, -0.3291759, -0.2570618, -0.8694102)    0    0   8.96795216  3 2.920   6.84030577
( 1.2991059, -24.0693295, 22.7661640,  0.1358931,  0.7191137,  0.0974459, -0.6744722)    0    0  13.87709083  0 0.400  10.66165477
( 0.7246244, -23.8298963, 32.9672012,  0.2845426,  0.3455400,  0.2741826, -0.8511531)    0    0  24.51599871 14 0.000  16.41511001
( 0.6644948, -23.7315189, 33.3079513,  0.2845426,  0.3455400,  0.2741826, -0.8511531)    0    0  24.53116615  9 0.080  16.36365292
(-2.7403799, -23.9119655, 27.8822729,  0.1483272, -0.3788203,  0.3418651,  0.8471260)    0    0  -3.74743270 11 2.920 -21.36301850
(-6.2813780, -23.7924038, 33.6280490, -0.0131525, -0.1266682, -0.1144996,  0.9852269)    0    0  24.96681372  1 0.480  16.77267893
(-12.1963196, -22.4745942, 26.8863938, -0.2639857, -0.3291759, -0.2570618, -0.8694102)    0    0  10.26299786  2 5.000   6.65832652
(-2.5964552, -23.6742623, 27.7453223,  0.1483761, -0.3785072,  0.3419513,  0.8472226)    0    0  -5.87481346 12 3.080 -25.26550467
(-4.6925605, -24.4249960, 26.9319903, -0.0499327, -0.9816557, -0.0478791,  0.1776691)    0    0  25.16404570  4 0.320  18.04670239
( 1.2843398, -23.8758900, 33.0188993,  0.2845426,  0.3455400,  0.2741826, -0.8511531)    0    0  24.62490229  0 0.400  16.49609402
( 0.6726939, -23.7895758, 33.5897606,  0.2845426,  0.3455400,  0.2741826, -0.8511531)    0    0  24.54659349 12 0.080  16.35622531
(-2.9221370, -24.1402595, 28.0264196,  0.1874135, -0.0529949,  0.4061610,  0.8927383)    0    0   4.36208619  7 1.720   7.62992149
( 0.6653458, -23.7793990, 33.2645836,  0.2845426,  0.3455400,  0.2741826, -0.8511531)    0    0  24.48841587  0 0.400  16.50132809
( 0.7922761, -23.9391354, 32.9346959,  0.2845426,  0.3455400,  0.2741826, -0.8511531)    0    0  24.56547511 20 0.000  16.45556247
( 1.0521889, -23.6221496, 22.4488819,  0.1358931,  0.7191137,  0.0974459, -0.6744722)    0    0  12.86720577  0 0.400   5.93758403
( 0.9443799, -26.4658847, 25.6848643,  0.1071320, -0.2410061,  0.2968639,  0.9177748)    0    0   2.94382785 43 0.640  -7.33541540
( 1.0837680, -26.6176522, 25.8837679,  0.1820211, -0.0396101,  0.4036468,  0.8957503)    0    0   9.00331391  7 0.240   6.78468679
(-4.6840601, -24.5559309, 26.7623502, -0.0499330, -0.9816559, -0.0478796,  0.1776679)    0    0  22.12455097  0 0.400  11.98015208
(-5.0558855, -24.4106320, 26.5045710, -0.0499327, -0.9816557, -0.0478789,  0.1776693)    0    0  25.86775326  5 0.400  17.80773904
(-6.1719251, -25.7675426, 31.4869928, -0.7201442, -0.3895342, -0.3613471,  0.4461879)    0    0  19.85809993 13 0.680  11.24784799
( 0.7812783, -23.8737683, 33.0180592,  0.2845426,  0.3455400,  0.2741826, -0.8511530)    0    0  24.96690023  4 0.800  16.74362729
( 0.8982773, -26.8705193, 26.0087121,  0.1820034, -0.0396616,  0.4036226,  0.8957625)    0    0   7.90209623 15 0.000   5.97983680
( 0.0349545, -27.5605011, 30.9840932, -0.9878014,  0.0113363, -0.1544292,  0.0164783)    0    0  16.47651990  2 1.880  11.01717754
(-6.3987374, -23.7911027, 33.5842790, -0.0131525, -0.1266682, -0.1144996,  0.9852269)    0    0  24.62258217  3 0.640  16.35603260
( 0.5279023, -23.7746997, 33.5286586,  0.2845426,  0.3455400,  0.2741826, -0.8511531)    0    0  24.60538603  0 0.480  16.37017644
(-5.3262228, -24.3715420, 26.6361279, -0.0499331, -0.9816559, -0.0478797,  0.1776678)    0    0  27.66053213  1 5.000  18.51623643
(-0.3069305, -27.5193117, 31.1911471, -0.9878014,  0.0113363, -0.1544292,  0.0164783)    0    0  16.24855858  4 0.520  10.69283200
( 0.7207101, -23.7181727, 32.7051946,  0.2845426,  0.3455400,  0.2741826, -0.8511531)    0    0  22.56797188  0 0.400  15.91092888
(-4.9958435, -24.8717124, 27.1689743, -0.0499328, -0.9816558, -0.0478791,  0.1776691)    0    0  23.92070015  1 0.560  13.74863249
( 0.8040549, -23.6183426, 33.2497996,  0.2845426,  0.3455400,  0.2741826, -0.8511531)    0    0  24.50977878  0 0.400  16.48235651
( 0.4588824, -23.5325063, 33.3914470,  0.2845426,  0.3455400,  0.2741826, -0.8511531)    0    0  24.55627392  0 0.400  16.45600178
(-4.5742347, -24.7566751, 27.0696259, -0.0499330, -0.9816559, -0.0478797,  0.1776678)    0    0  26.51511627  5 0.720  18.53738199
(-4.9894891, -24.6227530, 27.1185901, -0.0499322, -0.9816554, -0.0478778,  0.1776717)    0    0  22.97591818  0 0.400  15.73058972
(-3.7389770, -25.6360016, 20.2566444,  0.0327277, -0.4533371, -0.4965543, -0.7394919)    0    0  -3.97835821  4 5.000  -2.92228115
( 1.0233555, -23.7176542, 33.3403776,  0.2845426,  0.3455400,  0.2741826, -0.8511531)    0    0  24.67586177  0 0.400  16.49058300
(-6.5840637, -23.7835841, 33.5802897, -0.0131525, -0.1266682, -0.1144996,  0.9852269)    0    0  24.98643851  5 0.680  16.62540470
( 0.8746739, -26.7605050, 26.1567894,  0.1820199, -0.0396136,  0.4036452,  0.8957511)    0    0   7.21767648 10 0.160   5.09361780
(-2.5815649, -23.6588056, 27.7861921,  0.1883454, -0.0422135,  0.4075114,  0.8925685)    0    0  15.17509238  1 1.240  10.24570279
(-5.7919663, -25.4143722, 31.0607318, -0.7201442, -0.3895342, -0.3613471,  0.4461879)    0    0  19.28059656 10 0.040  13.45807316
( 0.6610625, -23.7539699, 33.2990762,  0.2845426,  0.3455400,  0.2741826, -0.8511531)    0    0  24.72868917  6 0.320  16.51728036
(-4.6060060, -24.8875340, 27.2247045, -0.0499329, -0.9816558, -0.0478794,  0.1776685)    0    0  23.61284077  0 0.640  15.31679864
( 0.1150557, -27.4664631, 31.4998942, -0.9878014,  0.0113363, -0.1544292,  0.0164783)    0    0  16.16976977  3 0.520  10.71796034
( 0.8085081, -23.6154830, 33.3816869,  0.2845426,  0.3455400,  0.2741826, -0.8511530)    0    0  24.92517909  5 0.720  16.64911895
( 0.9495056, -24.0272845, 22.1100006,  0.1358931,  0.7191137,  0.0974459, -0.6744722)    0    0  14.68305720  0 0.400   8.84198796
(-6.2376048, -25.4964700, 31.0524834, -0.7201442, -0.3895342, -0.3613471,  0.4461879)    0    0  21.33176607  5 0.360  15.70470932
(-5.1866365, -24.4312698, 26.6975147, -0.0499329, -0.9816559, -0.0478795,  0.1776682)    0    0  26.17742265  9 0.640  17.67623925
( 1.0974427, -26.4206994, 25.8811610,  0.1820216, -0.0396087,  0.4036475,  0.8957500)    0    0  12.73264846  3 0.880   9.14341265
(-4.8221947, -24.6765718, 26.5656632, -0.0499327, -0.9816557, -0.0478789,  0.1776694)    0    0  23.46339807 15 0.000  16.18298837
(-5.6173754, -23.7214580, 33.6788028, -0.0164631, -0.1281575, -0.1158887,  0.9848143)    0    0  24.51048304  0 0.400  16.68391982
(-2.4641473, -23.6456407, 27.8545721,  0.1883472, -0.0421916,  0.4075140,  0.8925679)    0    0  16.14586776  0 4.040  10.79126522
( 1.4755942, -24.2681913, 22.3383998,  0.1358931,  0.7191137,  0.0974459, -0.6744722)    0    0  16.00269735  0 0.400  10.97184491
( 1.1198126, -23.9094417, 22.4380844,  0.1358931,  0.7191137,  0.0974459, -0.6744722)    0    0  16.05026834  0 0.400  11.16307143
( 0.9966428, -23.6165611, 33.2937064,  0.2845426,  0.3455400,  0.2741826, -0.8511530)    0    0  24.76604288  4 0.240  16.53215504
( 0.0538470, -27.5661533, 30.9638153, -0.9878014,  0.0113363, -0.1544292,  0.0164783)    0    0  16.49699390  1 5.000  11.01526075
(-5.0772344, -24.4804897, 26.7543858, -0.0499330, -0.9816559, -0.0478795,  0.1776681)    0    0  24.05811506 18 0.000  15.99756340
( 0.9425734, -26.6885323, 25.9011890,  0.1820209, -0.0396108,  0.4036465,  0.8957505)    0    0  10.78829214 13 0.720   4.73852251
(-5.1643461, -24.5707797, 26.7719737, -0.0499319, -0.9816552, -0.0478772,  0.1776730)    0    0  24.07889678  0 0.400  18.33280849
(-2.4949507, -23.9064141, 28.0942969,  0.1883472, -0.0421917,  0.4075140,  0.8925679)    0    0  15.16389392  2 2.280  10.09310618
( 1.1533249, -24.4997273, 22.2497897,  0.1358931,  0.7191137,  0.0974459, -0.6744722)    0    0  15.73246556  0 0.480  10.41547541
(-4.9535858, -24.5749201, 26.8882692, -0.0499331, -0.9816559, -0.0478797,  0.1776678)    0    0  27.54479601  2 5.000  18.31850376
(-5.9514878, -23.7840705, 33.6059472, -0.0131525, -0.1266682, -0.1144996,  0.9852269)    0    0  25.18516754  3 1.520  16.79503350
( 0.8137420, -23.5669758, 33.4482335,  0.2845426,  0.3455400,  0.2741826, -0.8511530)    0    0  25.04137013  3 5.000  16.66956405
( 0.7860547, -23.8587998, 33.0401810,  0.2845426,  0.3455400,  0.2741826, -0.8511531)    0    0  24.71609008  0 0.400  16.66628866
(-6.5369467, -23.8856788, 33.7168421, -0.0131525, -0.1266682, -0.1144996,  0.9852269)    0    0  24.38739620  4 0.400  16.22108569
(-12.1049608, -22.3205341, 26.8779120, -0.2639857, -0.3291759, -0.2570618, -0.8694102)    0    0   7.26368082  6 0.600   3.43503989
( 0.9938519, -23.5681412, 33.3755108,  0.2845426,  0.3455400,  0.2741826, -0.8511531)    0    0  24.69540854  8 0.320  16.46898361
( 0.7446315, -23.9426871, 32.8176353,  0.2845348,  0.3455340,  0.2741783, -0.8511595)    0    0  24.65043471 16 0.000  16.45552540
(-3.0044052, -24.0076644, 27.8430217,  0.1709662, -0.2136275,  0.3805313,  0.8833627)    0    0 -14.02207380 10 2.520 -17.56593015
(-5.8939179, -23.7793163, 33.6195007, -0.0131525, -0.1266682, -0.1144996,  0.9852269)    0    0  24.70995629 10 0.320  16.38681854
( 0.2910844, -27.6166451, 30.7721353, -0.9878014,  0.0113363, -0.1544292,  0.0164783)    0    0  14.25798445  0 0.520   8.40516484
(-0.0611317, -27.4445802, 31.5941201, -0.9878014,  0.0113363, -0.1544292,  0.0164783)    0    0  16.47437254  5 4.760  11.03002442
( 0.8257472, -23.5802181, 33.4128566,  0.2845426,  0.3455400,  0.2741826, -0.8511531)    0    0  24.88293452  3 0.640  16.64060654
( 0.9085867, -26.6810570, 25.9170431,  0.1820216, -0.0396086,  0.4036475,  0.8957499)    0    0  11.52414753  9 0.320   6.76519327
( 0.6293759, -26.8025111, 25.8746304,  0.1820215, -0.0396088,  0.4036474,  0.8957500)    0    0  11.62394997  8 0.240   9.36753270
( 1.2042233, -24.2357557, 22.5785277,  0.1358931,  0.7191137,  0.0974459, -0.6744722)    0    0  14.49919267 12 0.240   8.09764893
( 0.7274135, -23.6195219, 33.1077675,  0.2845426,  0.3455400,  0.2741826, -0.8511530)    0    0  22.95756917  0 0.400  16.18882968
(-5.3019283, -24.5171678, 26.7968963, -0.0499330, -0.9816559, -0.0478795,  0.1776681)    0    0  25.36987551 10 0.080  16.01684040
( 0.7301246, -23.9875576, 32.8879739,  0.2845426,  0.3455400,  0.2741826, -0.8511530)    0    0  24.76648407 10 0.400  16.49720522
(-6.1538565, -25.7652775, 31.5395923, -0.7201442, -0.3895342, -0.3613471,  0.4461879)    0    0  20.48980668  8 0.320  11.72432037
(-0.1191785, -27.5584504, 30.9378169, -0.9878014,  0.0113363, -0.1544292,  0.0164783)    0    0  16.26898583  7 0.280  10.88942675
(-3.6449890, -25.4732368, 20.1073584,  0.0327277, -0.4533371, -0.4965543, -0.7394919)    0    0  -2.02186029  0 5.000  -1.34789523
(-0.0081830, -27.5282911, 31.1483097, -0.9877780,  0.0113360, -0.1544256,  0.0164779)    0    0  16.74618206  0 5.000  11.16412137
( 0.7854331, -23.8348832, 33.0726007,  0.2845426,  0.3455400,  0.2741826, -0.8511530)    0    0  25.23305443  0 5.000  16.82203629
( 0.8244286, -26.7546364, 26.0165850,  0.1820210, -0.0396104,  0.4036467,  0.8957504)    0    0   8.62000326 12 0.000   4.86190647
( 0.8091080, -23.8404989, 32.9687896,  0.2845426,  0.3455400,  0.2741826, -0.8511531)    0    0  24.67973721 13 0.000  16.48626262
( 0.0243970, -27.5526061, 31.0243472, -0.9878014,  0.0113363, -0.1544292,  0.0164783)    0    0  16.47614495  3 5.000  10.98676366
(-4.8722541, -24.6210882, 26.9453961, -0.0499330, -0.9816559, -0.0478797,  0.1776678)    0    0  26.98741379  3 1.200  18.30468153
(-5.7184768, -23.7675864, 33.5883197, -0.0131525, -0.1266682, -0.1144996,  0.9852269)    0    0  24.90650543  9 0.560  16.56691676
( 1.2849455, -24.2797695, 22.6953392,  0.1358931,  0.7191137,  0.0974459, -0.6744722)    0    0  16.15095868  5 0.920  11.07388094
(-11.9781933, -22.1005383, 26.8695503, -0.2639857, -0.3291759, -0.2570618, -0.8694102)    0    0  10.70680494  0 5.000   7.13786999
(-6.0500304, -25.6252684, 31.3911410, -0.7201442, -0.3895342, -0.3613471,  0.4461879)    0    0  23.67232598  0 4.080  15.80624589
(-6.4063146, -23.7851965, 33.5867310, -0.0131525, -0.1266682, -0.1144996,  0.9852269)    0    0  25.23379815  1 5.000  16.82205932
(-5.9397040, -25.6729748, 31.5363460, -0.7201442, -0.3895342, -0.3613471,  0.4461879)    0    0  20.51696316  9 0.800  11.64901476
(-11.9108269, -21.9850144, 26.8643483, -0.2639857, -0.3291759, -0.2570618, -0.8694102)    0    0  10.28094536  1 5.000   7.07560628
( 0.8662652, -23.8717487, 32.8417733,  0.2845426,  0.3455400,  0.2741826, -0.8511531)    0    0  24.61557685  0 0.400  16.41240939
( 0.5919479, -26.9804203, 26.8277870,  0.1820210, -0.0396103,  0.4036467,  0.8957504)    0    0  11.65793400  0 0.800   8.28635090
( 1.2720101, -24.0231566, 22.8937025,  0.1358931,  0.7191137,  0.0974459, -0.6744722)    0    0  15.64006923 10 0.080  10.89707708
(-12.3651289, -22.7641654, 26.8993840, -0.2639857, -0.3291759, -0.2570618, -0.8694102)    0    0   8.91290689  4 3.720   6.79175644
( 0.7702194, -23.7292958, 33.3512395,  0.2845426,  0.3455400,  0.2741826, -0.8511531)    0    0  24.65867761  7 0.320  16.41941459
( 0.7370620, -23.7873868, 33.1674554,  0.2845426,  0.3455400,  0.2741826, -0.8511531)    0    0  24.14900470  0 0.480  16.42807824
( 0.7377987, -24.0921455, 33.2388545,  0.2845348,  0.3455340,  0.2741783, -0.8511595)    0    0  23.05966337  0 0.400  14.04412921
( 0.8297773, -23.8054930, 33.1224173,  0.2845426,  0.3455400,  0.2741826, -0.8511531)    0    0  23.35964590  0 0.400  16.52539225
(-5.9161992, -24.4387260, 26.7053142, -0.0499322, -0.9816554, -0.0478779,  0.1776716)    0    0  25.85666747  4 0.560  17.53063272
( 1.4262369, -23.7362347, 22.9899284,  0.1358931,  0.7191137,  0.0974459, -0.6744722)    0    0  15.49558421  0 0.560  10.07345302
( 0.8655202, -26.4350016, 26.0226661,  0.1787045, -0.0491882,  0.3990972,  0.8979078)    0    0   5.75691970  1 0.560   4.56514927
(-6.8802629, -23.5728917, 33.6478724, -0.0131525, -0.1266682, -0.1144996,  0.9852269)    0    0  24.57634234  0 0.440  16.37649761
(-2.4456477, -23.5374350, 27.7734486,  0.1883364, -0.0423198,  0.4074985,  0.8925712)    0    0  14.57953032  2 0.920   9.76479036
( 1.2701540, -24.2430936, 22.7312578,  0.1358931,  0.7191137,  0.0974459, -0.6744722)    0    0  16.38063499  2 1.160  11.11698785
(-4.9798122, -24.5627204, 26.9674065, -0.0499327, -0.9816557, -0.0478791,  0.1776691)    0    0  23.19992219  0 0.400  13.92072982
( 0.9726458, -23.7971813, 33.4843442,  0.2845348,  0.3455340,  0.2741783, -0.8511595)    0    0  24.15973709 16 0.000  16.08087888
(-6.2457859, -23.5747244, 33.3113882, -0.0131525, -0.1266682, -0.1144996,  0.9852269)    0    0  24.56693396  0 0.480  16.16804775
(-6.0703131, -23.7966178, 33.6166801, -0.0131525, -0.1266682, -0.1144996,  0.9852269)    0    0  25.06299234  4 1.440  16.72307266
(-3.6367187, -25.4567174, 20.0942998,  0.0327277, -0.4533371, -0.4965543, -0.7394919)    0    0  -2.61235794  1 5.000  -2.03724769
( 1.1993663, -24.4478430, 22.5201352,  0.1358931,  0.7191137,  0.0974459, -0.6744722)    0    0  16.40506065  1 5.000  11.02366333
( 1.0434631, -24.0733632, 22.3094123,  0.1358931,  0.7191137,  0.0974459, -0.6744722)    0    0  16.28390369  4 2.080  10.66522046
( 1.0360725, -26.4969198, 25.6018827,  0.1820207, -0.0396112,  0.4036463,  0.8957506)    0    0  12.72913771  4 1.520   9.33803171
(-6.5257067, -23.8010263, 33.5913077, -0.0131525, -0.1266682, -0.1144996,  0.9852269)    0    0  24.90679770  4 0.480  16.49778322
( 0.8211731, -26.6147065, 26.3029389,  0.1820217, -0.0396083,  0.4036477,  0.8957499)    0    0  13.24876016  1 1.120   9.41216271
( 0.7841512, -23.8470149, 33.0555908,  0.2845426,  0.3455400,  0.2741826, -0.8511530)    0    0  25.08075979  2 5.000  16.75068219
( 1.2590844, -24.5822433, 22.5087519,  0.1358931,  0.7191137,  0.0974459, -0.6744722)    0    0  15.89493381  0 0.720  10.43250223
( 1.0861279, -23.8767586, 22.8286217,  0.1358931,  0.7191137,  0.0974459, -0.6744722)    0    0  16.11949399  6 0.560  11.13128194
( 0.7587492, -23.9025032, 32.9874407,  0.2845426,  0.3455400,  0.2741826, -0.8511530)    0    0  24.77427215  8 0.240  16.48182700
(-5.3549498, -24.6849079, 26.6840142, -0.0499324, -0.9816555, -0.0478783,  0.1776706)    0    0  24.58632515  2 0.480  16.61161491
( 1.0528496, -26.4614259, 26.0489942,  0.1820218, -0.0396080,  0.4036478,  0.8957498)    0    0  12.60742185  5 0.480   9.25936821
(-6.1259546, -25.6498443, 31.4058131, -0.7201442, -0.3895342, -0.3613471,  0.4461879)    0    0  20.05543921 10 0.360  11.39306308
(-5.2852495, -24.2004021, 26.5107101, -0.0499328, -0.9816558, -0.0478791,  0.1776689)    0    0  26.03395877  2 0.560  17.22760669
( 0.7764873, -23.6447561, 33.3153704,  0.2845426,  0.3455400,  0.2741826, -0.8511531)    0    0  24.34860725  9 0.080  16.29353401
( 0.7076107, -26.8331996, 26.3314472,  0.1820038, -0.0396603,  0.4036233,  0.8957622)    0    0   9.79986674  0 0.400   8.89832434
(-5.9452304, -23.7878213, 33.5964501, -0.0131525, -0.1266682, -0.1144996,  0.9852269)    0    0  25.21060164  2 5.000  16.80107762
(-5.0209822, -24.6756368, 26.9428520, -0.0499320, -0.9816553, -0.0478775,  0.1776724)    0    0  24.17504787  0 0.400  15.76763495
( 0.7827878, -23.8599171, 33.0375007,  0.2845426,  0.3455400,  0.2741826, -0.8511530)    0    0  25.08552722  1 5.000  16.75901584
( 0.9216809, -23.6909116, 33.3995580,  0.2845426,  0.3455400,  0.2741826, -0.8511531)    0    0  24.47535166  0 0.400  16.54413355
( 0.8559045, -23.6106366, 33.7016312,  0.2845426,  0.3455400,  0.2741826, -0.8511531)    0    0  24.66070844  0 0.560  16.65595524
(-5.2950403, -24.4169938, 26.7007467, -0.0499330, -0.9816559, -0.0478795,  0.1776681)    0    0  26.68066316  4 1.200  17.56238885
( 0.9239674, -26.6708823, 25.9613678,  0.1820217, -0.0396082,  0.4036477,  0.8957498)    0    0  13.69595787  0 2.000   9.36561148
(-6.2690776, -23.7475513, 33.4799521, -0.0131526, -0.1266682, -0.1144996,  0.9852269)    0    0  24.36319638  0 0.400  16.41567759
( 1.3034092, -23.7777968, 22.6908412,  0.1358931,  0.7191137,  0.0974459, -0.6744722)    0    0  15.72587260  1 0.640  10.24759329
(-5.1050198, -24.4630492, 26.6820738, -0.0499328, -0.9816558, -0.0478792,  0.1776689)    0    0  23.28324064  6 0.160  15.93270267
( 0.9107080, -23.2994212, 33.8311074,  0.2845426,  0.3455400,  0.2741826, -0.8511530)    0    0  24.90984327  3 0.560  16.73085431
( 0.7506448, -26.8104664, 26.5392445,  0.1820203, -0.0396123,  0.4036458,  0.8957508)    0    0  11.09484315  0 0.480   8.54706554
( 0.8117680, -23.5726174, 33.4443151,  0.2845426,  0.3455400,  0.2741826, -0.8511531)    0    0  24.65630591  0 0.400  16.74627523
