#Coordinates  RecID  LigID  Luciferin  Neighbor's number  Vision Range  Scoring
( 1.7046358, -22.3932669, 33.0819394,  0.2641348,  0.2680789,  0.3231621, -0.8682930)    0    0  -5.46284179  1 4.040   5.62094437
(-4.4816659, -21.4913108, 26.0717540,  0.3160568,  0.7174263, -0.1631910,  0.5989794)    0    0 -60.08947837  1 3.160 -39.45417811
( 2.0920575, -22.9769983, 21.5620714,  0.3067199, -0.6246018,  0.3550391,  0.6242938)    0    0 -46.26016762  0 4.120 -31.17342981
( 5.6688317, -21.1499468, 27.6381240, -0.6254525,  0.0357843, -0.6595419,  0.4153711)    0    0 -15.23115877  3 3.320  -5.66207421
(-9.9654474, -20.2123122, 26.7606636,  0.0908729, -0.6823724, -0.0470087,  0.7238095)    0    0 -65.02924276  4 3.400 -25.35565113
(-8.4188340, -22.6004512, 21.3211932, -0.4710375,  0.8166932,  0.1445480, -0.3004026)    0    0 -26.71732807  1 4.120 -17.94018488
( 1.7099694, -26.8986079, 22.8989653, -0.0160011,  0.1480318,  0.4620693,  0.8742554)    0    0  -9.44746699  3 3.800 -12.60477526
(-8.1481986, -28.6014927, 30.1198857, -0.5884234,  0.2604141,  0.3640579, -0.6733530)    0    0  11.59329689  1 4.120   7.75560438
(-9.2635000, -18.6622201, 25.4684033, -0.0402912, -0.8225734,  0.2418734,  0.5130759)    0    0 -65.80810986  1 3.960 -32.43015343
(-10.5668305, -26.1508219, 29.0028048,  0.0270724,  0.5449084,  0.5205642, -0.6567761)    0    0 -15.72396781  2 3.800 -14.79175435
( 0.4659684, -19.6991636, 23.6722405, -0.2393267, -0.7119899, -0.1482271,  0.6432899)    0    0 -81.42034456  7 2.760 -53.07028085
(-4.0415942, -22.2486841, 23.6972574,  0.3346114, -0.0488408,  0.3824572,  0.8598699)    0    0 -98.53943273  2 3.240 -65.43496173
(-10.7123843, -26.3997974, 28.5040247, -0.0729239,  0.4314892,  0.2442552, -0.8653546)    0    0  -7.91671868  0 3.800  -4.88491229
(-1.8953210, -28.3960308, 20.4059120, -0.5537512, -0.2395657, -0.6669908, -0.4371399)    0    0 -11.79957871  1 3.960 -12.50107691
(-1.5655982, -24.1899185, 31.3968126,  0.4648815,  0.4658748,  0.2522847,  0.7093647)    0    0  -8.69975908  2 3.800   4.77062420
( 3.7434570, -18.7663746, 33.0079546, -0.2402348, -0.2238305,  0.0708277, -0.9418973)    0    0 -63.63596493  3 3.720 -38.01676582
( 3.4570553, -20.9653636, 30.1890607,  0.3375276,  0.4754749,  0.2508872, -0.7726878)    0    0   0.86425152  1 3.560   2.99801823
(-5.9961610, -16.8252900, 23.2691110,  0.0783310,  0.6121017, -0.3936649, -0.6813396)    0    0 -132.00647589  4 3.000 -84.80916037
(-4.7564884, -23.2858798, 25.2626894, -0.4746905, -0.8663194, -0.0910235,  0.1259936)    0    0 -41.83015944  6 3.080 -19.85483174
( 3.0996160, -27.4974202, 26.5973808,  0.5932474,  0.1683346, -0.0127985, -0.7871196)    0    0 -26.33412902  3 3.240 -23.62240104
(-1.3293851, -17.1686355, 26.8422601,  0.0786335, -0.1579300, -0.1079575,  0.9783762)    0    0 -106.62092906  1 3.480 -78.17645498
(-9.8195030, -26.4687414, 24.6442176, -0.8967185, -0.1196858,  0.3819542, -0.1888973)    0    0  -6.44889743  1 3.960   0.79867076
(-4.9180175, -21.8536357, 25.8811532,  0.3550256,  0.8297086, -0.2831878,  0.3245690)    0    0 -71.38373791  2 3.000 -36.87451438
(-5.2759234, -19.6268942, 33.0229320, -0.2271069, -0.2980623,  0.0058281,  0.9271178)    0    0  -6.25214405  0 4.200  -4.21373024
(-3.1404700, -24.7753093, 19.2998017,  0.0497747, -0.4482577, -0.4955891, -0.7422795)    0    0 -21.06208575  0 4.120  -4.02619331
(-6.1685934, -24.3469364, 33.4673072, -0.6694916, -0.3659604,  0.0861542, -0.6406492)    0    0 -30.98724000  2 3.240 -21.41024737
(-6.8555712, -18.1834288, 22.0222716,  0.5911514, -0.0305527,  0.6274552,  0.5058720)    0    0 -133.84349411  1 3.480 -72.81007678
(-8.2547648, -20.8581296, 32.6124749,  0.0824567, -0.4986362, -0.1412980,  0.8512331)    0    0 -44.42098291  7 3.240 -24.26163721
( 0.7846313, -27.4904715, 31.0070646,  0.0206337, -0.0298335,  0.2372103,  0.9707809)    0    0   9.34571131  1 3.560   9.38933389
( 1.5318681, -22.9883447, 20.1934370, -0.0517665,  0.0782671,  0.4438729,  0.8911629)    0    0 -74.36021136  2 3.480 -52.13726022
(-5.1797788, -21.4729765, 33.2645636, -0.5232569, -0.2356489,  0.3697672, -0.7307148)    0    0 -34.93984728  1 3.720 -18.82964755
( 3.1363969, -18.6007734, 32.6226910, -0.0237190, -0.1018586,  0.2191144, -0.9700779)    0    0 -77.40579400  5 3.240 -39.83973676
( 1.8777871, -24.7500144, 21.2607078,  0.0707146,  0.1396371,  0.3741812,  0.9140511)    0    0 -36.38409881  2 3.480 -16.24268357
(-4.7494514, -21.6494802, 29.3457804,  0.3430046,  0.7678956,  0.1208744,  0.5273267)    0    0 -28.63993161  1 4.040  -2.70876618
(-8.1139174, -29.0643556, 30.2863466, -0.1248443, -0.4634615, -0.2812033,  0.8309494)    0    0  10.73773150  1 3.560   7.76351872
(-4.5340458, -15.7091109, 21.6139305, -0.0443713,  0.4224856, -0.2199830, -0.8781484)    0    0 -161.50521659  2 3.160 -87.48556509
(-3.9839063, -18.2143179, 24.1828921, -0.2019197, -0.7020213,  0.0538693,  0.6808029)    0    0 -119.16160234  3 3.480 -79.62267190
( 3.8331712, -24.5842146, 23.3885994, -0.0366870,  0.3581453,  0.3046115, -0.8818151)    0    0 -44.96854856  1 4.040 -28.73319455
(-3.7535943, -24.9829853, 21.2363793,  0.6736842,  0.5306541,  0.4051668,  0.3168528)    0    0 -65.91534703  4 3.320 -52.05329770
(-6.6052488, -24.4559491, 23.7842803, -0.0430550, -0.9869280,  0.0372367,  0.1507738)    0    0 -28.95940643  4 3.240  -5.98671109
(-6.1575979, -23.2125707, 29.9135474,  0.2359196, -0.4231793, -0.3173286,  0.8152078)    0    0 -33.72132291  4 3.320 -15.88311079
(-8.8883000, -24.6908470, 31.7739526, -0.3639830, -0.5087132, -0.6462434,  0.4371462)    0    0 -12.63610401  2 3.960 -11.95761967
(-1.6919565, -23.3466457, 29.1526222,  0.1882341, -0.0382005,  0.4084217,  0.8923566)    0    0   4.94093351  2 3.880   5.19597782
(-3.5908996, -23.8870905, 20.0741135,  0.0050494, -0.4192981, -0.5285026, -0.7381387)    0    0 -33.50518143  1 3.240  -8.64598646
( 2.5546369, -18.7050545, 23.3650611, -0.3016622, -0.7983620, -0.1220146,  0.5066858)    0    0 -86.60939404  7 2.440 -45.95243753
(-1.7193712, -28.6183079, 31.5277503, -0.9840692,  0.0339845, -0.1703538,  0.0378470)    0    0  11.77054240  3 3.720   8.10348122
( 1.6125275, -25.1957166, 20.5960989, -0.0253708,  0.3646866,  0.3556705,  0.8601503)    0    0 -20.36976651  3 3.720 -11.92023617
(-8.5717846, -18.6248647, 31.7090024,  0.3664690,  0.5121896,  0.2888418,  0.7210636)    0    0 -49.34483548  3 3.160 -26.05884854
(-5.8670676, -25.3307850, 32.6969167, -0.4620929, -0.4685307, -0.4705138,  0.5878485)    0    0  -9.61821986  4 2.920   7.75845069
(-7.7376695, -27.3947776, 30.0048268, -0.0823677, -0.4953331, -0.2993949,  0.8113097)    0    0  -8.98973953  4 3.000  -1.90191587
( 1.7674879, -26.2722800, 22.2832675,  0.0519238,  0.1957121,  0.3512945,  0.9141077)    0    0  -8.99216081  1 3.800  -5.76887019
( 2.2957164, -21.1281047, 34.7312338,  0.3559075,  0.3497896,  0.2127563, -0.8400666)    0    0 -12.57822643  2 3.640   4.23031629
( 0.9939707, -20.3841456, 23.6389902, -0.2914562, -0.7607064, -0.1268050,  0.5659502)    0    0 -55.20639709  2 3.640 -32.23270254
( 2.1883165, -20.5007191, 24.0568630, -0.2914825, -0.7670871, -0.1404563,  0.5539741)    0    0 -35.31861011  1 4.040 -22.95224257
(-9.0474496, -21.1809013, 33.3404747,  0.0248996,  0.1488437,  0.1546785, -0.9763709)    0    0 -29.28715742  4 3.080   1.99128396
( 2.2024338, -14.7105448, 24.4697766,  0.2590665,  0.8616002, -0.3042424, -0.3129954)    0    0 -164.28321448  0 4.040 -107.11236130
( 3.0007484, -22.6452216, 22.7128148,  0.5991802, -0.5337627, -0.2860166,  0.5237127)    0    0 -69.25576813  3 3.320 -45.80604393
(-8.3764356, -23.7350748, 25.3802107, -0.0609684, -0.9177160, -0.1109919,  0.3765117)    0    0 -31.62146596  3 3.400 -14.17254637
(-0.5649607, -28.1416276, 30.1911334, -0.9919083, -0.0259267, -0.1242674,  0.0018061)    0    0   2.97861580  4 2.680   7.70574850
(-10.5188001, -22.5491904, 24.9749740,  0.1041376, -0.7815473,  0.0929344,  0.6080316)    0    0 -21.45207753  1 3.800 -15.85923562
(-0.6536877, -19.2946840, 22.9388854, -0.2182803, -0.7431733, -0.0904004,  0.6259992)    0    0 -93.26983331  6 2.680 -51.27411987
(-5.2192677, -15.1610064, 30.8732551, -0.1636850, -0.9187213,  0.1928508,  0.3032605)    0    0 -83.63530420  1 3.480 -46.72130417
( 5.7941278, -21.2476152, 26.9516791, -0.6129034,  0.0342225, -0.6673749,  0.4216504)    0    0  -6.47412851  2 3.720  -3.67028157
(-2.6585277, -24.7834055, 23.9174092,  0.5767571,  0.6057812,  0.2115996,  0.5055749)    0    0 -38.80964017  4 3.560 -19.36758155
(-7.7855414, -20.6251029, 32.8640155, -0.0984141, -0.3531088, -0.0434008,  0.9293789)    0    0 -19.66762137  4 3.640  -5.44529096
(-10.5163549, -19.7399250, 27.3362965, -0.1748883, -0.3148073, -0.2215772, -0.9062086)    0    0 -81.16508932  3 3.320 -33.77489486
(-4.7654132, -26.9544429, 24.4918919, -0.0923853, -0.9879491,  0.0245400,  0.1217344)    0    0  10.70778576  0 4.200   7.16167234
(-8.0750820, -25.6674829, 24.7145708, -0.1119359, -0.9763039,  0.0071401,  0.1850675)    0    0   0.80250395  2 3.960   1.88037247
( 4.5506561, -25.6903441, 29.9608053, -0.0540337,  0.1045654,  0.5677334, -0.8147547)    0    0 -19.24810352  2 3.800  -8.16452522
( 4.5747927, -19.5396601, 25.7121542,  0.8722055, -0.1994429, -0.3877335,  0.2216817)    0    0 -50.59034778  2 4.040 -33.95235079
(-1.5668261, -23.6099959, 28.8951214,  0.3007177, -0.0195744,  0.4993231,  0.8123190)    0    0   6.00431633  0 3.640   5.97907148
(-1.1288932, -18.6545872, 31.7120089, -0.5552886, -0.8193642, -0.1005176,  0.1009609)    0    0 -72.57626410  1 3.640 -50.31102207
( 5.8126721, -21.2220751, 26.8982828, -0.6127819,  0.0315235, -0.6691038,  0.4192908)    0    0  -5.57871334  1 3.240  -1.45917952
( 0.5614403, -18.9006457, 22.7657598, -0.2524075, -0.6586852, -0.2130432,  0.6760449)    0    0 -122.74915355  7 2.360 -66.85579369
(-2.4873584, -22.2741602, 22.4488799, -0.5066665, -0.7466345, -0.2997648,  0.3097855)    0    0 -33.37955115  3 3.960 -22.40868625
( 2.1385071, -26.8652028, 23.3724674,  0.0124432,  0.2184243,  0.3481492,  0.9115526)    0    0   0.69278814  0 4.200   0.44439043
(-1.4405474, -25.2685239, 23.9185178,  0.5679490,  0.5817883,  0.3785418,  0.4423375)    0    0 -46.20502378  5 3.160 -19.07673375
(-1.8374868, -25.6709089, 24.0352668,  0.7655377,  0.5546869,  0.2947892,  0.1391900)    0    0 -10.45247165  0 4.200  -7.03098350
(-8.5969054, -24.6241932, 32.0343055, -0.3477247, -0.5271420, -0.6335434,  0.4470253)    0    0 -25.04836110  4 3.640 -15.48068061
( 1.9158970, -20.6421173, 35.0163107,  0.3180893,  0.4799806,  0.2200341, -0.7874153)    0    0   8.10466486  0 4.200   5.41570119
( 2.1393796, -26.8690984, 23.3782742,  0.0763207,  0.2242504,  0.5888766,  0.7727298)    0    0 -13.01376496  4 3.400   1.84033136
( 3.0493734, -26.8611224, 27.5960881, -0.1251304, -0.0908040,  0.3188725,  0.9351029)    0    0 -12.32402707  6 3.400 -22.09180989
(-8.5721579, -20.9535262, 33.3070627, -0.1241475, -0.2383431, -0.0652447,  0.9610011)    0    0 -12.54457068  2 3.960   6.48786557
( 3.4778087, -20.8423658, 30.2947726,  0.3373653,  0.4731825,  0.2505417, -0.7742815)    0    0   3.55508049  0 4.200   2.36419365
(-2.4370755, -20.5909502, 22.3608912, -0.0326007,  0.4092413,  0.3551987,  0.8398170)    0    0 -112.14409294  1 3.320 -64.00382595
(-1.6591652, -28.4763334, 31.9429605, -0.9911692, -0.0877401, -0.0753389,  0.0648787)    0    0  12.24199515  2 3.320   9.80144810
( 2.9336189, -14.9297356, 27.6132039, -0.0860724, -0.9261074, -0.2889656, -0.2267498)    0    0 -121.24292284  3 3.960 -81.34060616
(-5.0251023, -15.5378429, 22.0592250, -0.0129162,  0.5894616, -0.3093287, -0.7461126)    0    0 -166.23270511  5 3.320 -99.19135221
( 3.4287254, -20.8732090, 30.1813103,  0.4800902,  0.4775511,  0.2189104, -0.7025216)    0    0 -47.41377458  7 2.680 -24.66798836
(-3.9607031, -18.3277747, 28.4321798,  0.1053847, -0.2397586,  0.1120950, -0.9585638)    0    0 -105.70108955  6 3.160 -70.39062501
(-3.7314697, -19.1205733, 26.1550062,  0.3146817,  0.0728685, -0.0111372,  0.9463306)    0    0 -92.75545425  6 3.480 -71.38965518
(-5.3958374, -26.1667791, 28.6570936,  0.4055353, -0.7439396, -0.1409072,  0.5120938)    0    0   0.50545140  0 3.800   4.09240398
(-3.0472161, -25.1765659, 18.5413513, -0.3524981, -0.3683448, -0.4012433, -0.7609672)    0    0 -55.06625596  1 3.960 -41.06120331
( 1.2095299, -27.4751247, 30.9714459, -0.0060486,  0.0612754,  0.1736284, -0.9828845)    0    0  13.69369718  1 4.120   9.16438962
(-5.7592903, -19.7608987, 33.4551633, -0.0917262, -0.3533366,  0.0009568,  0.9309880)    0    0 -41.63968950  3 3.000 -15.74234653
( 5.6719674, -21.3279348, 25.5337248, -0.1768743, -0.6202991,  0.5303866,  0.5501223)    0    0 -69.32954702  4 3.720 -39.16821396
(-5.4573024, -25.4503707, 28.4542226,  0.5029969, -0.7414523, -0.0478483,  0.4415350)    0    0  -0.11691915  1 4.040   6.83357877
(-9.5864995, -26.1549084, 28.6206710, -0.9595026, -0.0887188,  0.2391274, -0.1195905)    0    0  15.33229323  0 4.200  10.26343248
( 5.0240404, -21.6892950, 27.6615570, -0.6148555, -0.0109690, -0.6484687,  0.4486878)    0    0 -19.23687160  4 2.680   1.84511326
(-4.4627139, -23.4976515, 24.6183996,  0.1836888,  0.8483680, -0.3727813,  0.3279700)    0    0 -53.77247326  0 3.160 -30.11572381
( 1.5845193, -29.4246927, 28.7365254, -0.0288047,  0.0139256,  0.2256890,  0.9736739)    0    0   3.63837464  2 3.560   1.13129202
(-3.4163637, -15.6257897, 31.1578600, -0.3640918, -0.6270008,  0.2175165,  0.6534476)    0    0 -87.26626978  3 3.720 -59.41062375
( 5.1059575, -19.0078106, 25.7608289, -0.2778797, -0.9254295, -0.1433822,  0.2140201)    0    0 -52.41784212  1 4.040 -23.92780351
(-8.7955696, -22.8961324, 28.5967433, -0.1529819, -0.3876092, -0.6091290,  0.6747722)    0    0 -41.28735682  3 3.400 -22.83379614
(-0.6935430, -22.3209641, 20.8403985,  0.1757946,  0.6369301,  0.1825865,  0.7280649)    0    0 -45.88513069  1 4.120 -30.79645691
(-4.6811904, -26.9529130, 24.5100647, -0.0930141, -0.9879009,  0.0228559,  0.1219614)    0    0  10.22276044  1 3.560   7.56904898
(-2.1932041, -25.6862820, 23.8268607,  0.7656671,  0.5543699,  0.2945513,  0.1402357)    0    0 -11.04144314  1 3.480  -6.76752249
(-7.6801435, -26.9200977, 29.8976733, -0.0101075, -0.5355889, -0.3144714,  0.7836773)    0    0 -16.32780774  5 2.840 -10.54295425
( 0.3413446, -25.2862293, 25.5604787, -0.3859889, -0.0183558,  0.0278428,  0.9219005)    0    0 -27.20688611  2 3.000  -5.38381054
( 3.4544504, -20.0961665, 22.6849955, -0.3832223, -0.5313684,  0.5852926,  0.4777247)    0    0 -134.91210087  3 3.560 -91.41284835
( 3.4594352, -18.8758454, 25.2808780, -0.2523310, -0.2834815, -0.1693903,  0.9095462)    0    0 -102.41622036  5 3.000 -58.18422074
( 3.7965227, -20.8417687, 26.5425359, -0.9539623,  0.0424204, -0.0638862,  0.2899570)    0    0 -60.30309711  6 3.000 -25.76161515
(-0.2113128, -27.6072030, 31.2996119, -0.9872173,  0.0159367, -0.1580538,  0.0129240)    0    0  16.26318071  0 4.200  10.88779944
(-5.5576558, -26.6831631, 25.5155938, -0.1147355, -0.9902169,  0.0503159,  0.0614374)    0    0   1.33103448  2 3.560   3.04331002
( 1.4613532, -21.6241652, 21.0163939,  0.2766479,  0.7834555,  0.3533698,  0.4298758)    0    0 -81.18991348  2 3.640 -68.58576584
(-6.3026857, -18.4370585, 22.6029399,  0.2565026, -0.0177816,  0.5167022,  0.8166450)    0    0 -122.34572611  1 3.320 -62.19027142
(-1.4241275, -28.2216308, 28.3999302, -0.0607888, -0.2043938,  0.1572733,  0.9642578)    0    0  -5.20489544  7 3.480  -0.70765049
( 0.8479181, -21.6898320, 24.9762389,  0.0493262, -0.6317297, -0.0705634,  0.7703930)    0    0 -51.44401331  4 3.560 -32.75464353
(-5.8307290, -17.7625528, 24.1006279, -0.1377328, -0.7058950,  0.1448666,  0.6795260)    0    0 -107.58320203  4 3.880 -72.17872724
(-7.7971188, -19.9253095, 30.9590343,  0.2404203,  0.3104918,  0.2571127,  0.8829983)    0    0 -18.10637065  0 4.040  -8.75244457
( 0.7921294, -27.7453238, 33.0622043, -0.0361695, -0.2521397,  0.1046892,  0.9613311)    0    0   6.24733202  2 3.960   8.12181704
( 3.9160672, -20.3090238, 29.5859266,  0.3435145,  0.4677816,  0.2593169, -0.7718699)    0    0 -26.47952205  4 2.840  -8.16039445
(-9.2207234, -18.0521463, 31.2812033,  0.2979402,  0.6282515,  0.3263024,  0.6403580)    0    0 -59.44615211  3 3.480 -23.38046631
(-9.3502140, -18.6116023, 25.5260432,  0.0829496, -0.7187785,  0.2909023,  0.6259814)    0    0 -101.80146312  2 3.400 -67.35093927
( 2.3092552, -19.2735366, 28.8425337,  0.4112385,  0.2479642,  0.1401059, -0.8658908)    0    0 -94.06424257  5 3.080 -44.30308342
(-2.8485878, -25.1427866, 34.8753713, -0.5223295, -0.7807493,  0.0774110, -0.3340808)    0    0  10.71713513  0 4.200   7.16794317
(-2.5317615, -25.1035012, 23.4700691,  0.7549204,  0.5398262,  0.3224062,  0.1863789)    0    0 -38.37503674  4 3.400 -20.44283034
(-9.0301717, -21.1161597, 33.3451748,  0.0267492,  0.1848030,  0.1475887, -0.9712620)    0    0 -24.41202542  3 3.560  -1.36609002
(-0.7680128, -28.4795834, 31.6132497, -0.9890794, -0.0496931, -0.1340407, -0.0358544)    0    0   4.32542465  4 3.480   4.13267989
( 5.4268282, -27.6713229, 28.7606519,  0.8205389, -0.0242077, -0.0241459, -0.5705672)    0    0  -4.31711549  3 2.920   0.04958661
( 0.8744620, -17.7960425, 34.4397727,  0.2035588,  0.5727337,  0.3297790, -0.7223473)    0    0 -71.63000036  2 3.880 -53.39308773
( 1.3249493, -27.7869539, 22.0914544, -0.1192241, -0.1651678,  0.8414460,  0.5004737)    0    0  -6.25404286  0 3.720  -5.49555203
(-0.8972410, -30.7201123, 24.9748595, -0.1685963, -0.7474039, -0.6317245, -0.1178423)    0    0   0.33501234  0 4.200   0.20442223
( 2.6390419, -19.6311056, 24.7730638, -0.2920800, -0.6731236, -0.1575941,  0.6608767)    0    0 -70.34607528  7 2.920 -29.31312007
( 2.4986427, -16.2486447, 30.2080465, -0.4689627, -0.3539564,  0.1920954, -0.7860586)    0    0 -129.45881693  4 3.160 -87.13856934
(-7.7662977, -24.0553626, 20.0176853, -0.3044261,  0.8098018,  0.4033128,  0.2981351)    0    0 -36.14276343  2 3.880 -18.12595375
( 3.5961703, -20.8469082, 30.2485590,  0.3523048,  0.4679187,  0.2235611, -0.7790724)    0    0 -19.26357483  2 3.160   1.39521390
(-6.5293382, -28.1140952, 21.9506006, -0.6912713,  0.1339581,  0.7075203, -0.0601178)    0    0 -16.76227048  1 4.040 -16.17179526
( 3.8077245, -27.7677629, 29.6674353,  0.9399557, -0.0398738,  0.1151237, -0.3188101)    0    0   4.31110744  2 3.480   9.21778861
(-3.7546963, -23.7363188, 19.9870656, -0.0308768, -0.4487756, -0.5266992, -0.7212732)    0    0 -42.52692949  2 3.240 -12.86936795
(-1.1566982, -27.9744662, 32.0037866, -0.9905812, -0.0208693, -0.1288626,  0.0413267)    0    0  14.43076695  1 3.880  10.68497762
(-4.9173187, -17.8996482, 27.5928075, -0.2104869, -0.1145286,  0.1720180, -0.9555042)    0    0 -85.31335785  0 3.880 -53.14618258
( 1.8578543, -21.7940109, 21.2509265,  0.4589320,  0.8209653,  0.3391478,  0.0193960)    0    0 -82.47036318  3 3.560 -50.14866675
( 0.2382134, -23.2575023, 31.9813719,  0.0600286, -0.0954757,  0.4007173, -0.9092341)    0    0 -21.43139207  3 3.640  -6.62972045
(-1.2211597, -28.6673656, 30.0241447, -0.9905825, -0.0618264, -0.1148250,  0.0417025)    0    0   3.85169648  5 3.000   7.78081057
(-4.8030783, -20.8619003, 26.2500978,  0.5141757,  0.5938862,  0.0523810,  0.6165864)    0    0 -110.41048258  3 3.160 -67.75308237
(-6.1002593, -24.1653026, 34.8518976, -0.8595104, -0.2118056, -0.4167182,  0.2067032)    0    0  -9.58022202  1 4.120  -6.44594625
( 0.4287649, -19.3427624, 23.8313463, -0.2671841, -0.6862201, -0.1607230,  0.6571778)    0    0 -86.96405923  9 2.440 -57.85609980
(-11.5948387, -23.4623793, 26.8765453,  0.1867074, -0.2884182, -0.7233270, -0.5989601)    0    0 -20.71496159  0 4.200 -13.91426402
(-9.5692755, -26.2512088, 28.5537765, -0.9547347, -0.0947051,  0.2472264, -0.1356158)    0    0  14.82816531  1 3.720  11.25927907
(-8.2001183, -18.6375404, 32.4664591,  0.1009350,  0.0658511,  0.1766075,  0.9768754)    0    0 -26.20054777  6 3.640 -18.39015512
(-8.0750790, -24.9805386, 29.5481366,  0.1134514, -0.5758027, -0.2774344,  0.7606643)    0    0 -20.43594736  2 2.920 -17.28590264
(-9.5284050, -19.9407565, 28.8408463,  0.2459479,  0.8491567,  0.4180524,  0.2089849)    0    0 -76.45939503  3 3.080 -49.95445054
( 0.2687138, -17.0782761, 33.6188639,  0.0277521,  0.2572908,  0.0460313, -0.9648380)    0    0 -60.95877413  0 4.120 -43.46808494
( 3.2857273, -29.0144932, 24.3616158, -0.2819938, -0.2767952,  0.7996923,  0.4520576)    0    0  -2.80700967  0 3.960  -1.18308563
(-2.4799704, -20.1369741, 24.6111633, -0.1211670, -0.7551088, -0.0812945,  0.6391561)    0    0 -72.86625113  5 3.320 -42.52453031
(-12.1169033, -21.0149992, 27.6346079, -0.2652369, -0.3289541, -0.2551850, -0.8696661)    0    0   5.64919464  0 4.200   3.76876264
( 5.5291809, -21.4797563, 27.1502499, -0.6147633,  0.0479692, -0.6724517,  0.4093578)    0    0  -4.37957665  0 4.120  -2.31642220
(-3.2152620, -15.4273742, 31.0685061, -0.2042055, -0.9403612,  0.1358749,  0.2357097)    0    0 -90.00748040  3 3.560 -61.97078484
(-5.3173358, -16.7910880, 27.2143491, -0.3148430,  0.0186039,  0.0401502, -0.9481117)    0    0 -113.65091204  3 2.760 -60.23937718
( 3.1226762, -20.3998786, 29.7685682,  0.3648358,  0.3922478,  0.2012468, -0.8200831)    0    0 -46.26298559  5 2.760 -12.55446860
(-1.5007315, -25.9158901, 27.7850865,  0.3076574, -0.0268971,  0.4490429,  0.8384414)    0    0   1.59426298  2 3.400   4.03675034
( 0.8995877, -20.2897029, 23.7273243, -0.2937574, -0.7641829, -0.1282499,  0.5597169)    0    0 -58.58691222  3 3.320 -35.91751524
( 2.0561141, -22.6239959, 21.6080597,  0.2864497, -0.6338829,  0.3628943,  0.6200377)    0    0 -74.95621426  2 3.240 -38.15984209
(-9.7438070, -18.8927179, 31.2126007,  0.5128835,  0.6414911,  0.3868901,  0.4192323)    0    0 -73.99097401  4 3.720 -67.87286290
(-2.1160370, -22.8255471, 29.2759796,  0.3243069, -0.0449000,  0.5265592,  0.7845664)    0    0  -0.56250295  2 3.320   2.39061335
( 1.3654952, -21.1393193, 23.6896483, -0.2727356, -0.7613828, -0.1485398,  0.5690759)    0    0 -32.32865850  0 4.040 -20.11892007
(-5.7090964, -18.4876480, 18.8919207, -0.2277709,  0.4084563,  0.0852947, -0.8797776)    0    0 -111.63287449  2 3.560 -70.19969863
( 3.3124470, -20.1438767, 30.6717635,  0.3503100,  0.4833727,  0.2468608, -0.7633436)    0    0 -22.89716406  3 3.160  -6.59633829
(-6.0663648, -19.6480784, 33.4023121, -0.1905774, -0.3104508,  0.0115511,  0.9312181)    0    0 -11.99032303  1 3.880   0.28111399
(-5.8666584, -21.1493343, 34.6744259, -0.5167410, -0.1177291,  0.2879790, -0.7976131)    0    0 -45.94450826  3 3.560 -27.54009396
(-4.8700005, -26.3034923, 21.6265327,  0.1481966,  0.6601706,  0.6345629,  0.3735538)    0    0 -34.03876320  0 3.880 -18.64988002
(-0.9469763, -20.4717762, 24.0401838, -0.2154078, -0.7496708, -0.1406284,  0.6097678)    0    0 -68.30320353  4 3.320 -41.75026108
( 2.8238902, -19.3280840, 23.4950977, -0.2880652, -0.7817256, -0.1365710,  0.5359775)    0    0 -68.77837755  5 3.320 -37.71374768
(-1.8889072, -25.7500917, 23.5121284,  0.8387575,  0.4103670,  0.3352316,  0.1253176)    0    0 -30.76944496  3 3.320 -14.87090387
(-7.8391967, -19.9279623, 30.8810222,  0.1648716,  0.1940669,  0.2592963,  0.9316227)    0    0 -43.87337259  2 3.400 -29.51772803
(-2.0029480, -27.1192784, 21.3652859,  0.6000607, -0.1133176,  0.6463328,  0.4575371)    0    0 -22.63908261  5 3.800 -15.20481483
( 4.7900887, -18.8214069, 29.2032110,  0.2077550,  0.1362207,  0.2692312, -0.9304818)    0    0 -75.65907008  2 3.720 -53.71396563
( 0.1033580, -13.2443535, 27.1568285,  0.2876954,  0.7290244, -0.2695741,  0.5595396)    0    0 -147.73263969  0 4.200 -99.10784911
( 3.0408898, -19.6654503, 24.0832274, -0.3107642, -0.7873292, -0.1323075,  0.5157839)    0    0 -63.27595373  4 3.000 -29.25388095
( 4.0861383, -27.5076947, 29.7855816,  0.0185445,  0.0615886,  0.5559728, -0.8287082)    0    0  20.25984746  0 4.200  13.56845283
(-6.7042801, -24.0215469, 28.8980007, -0.0771682, -0.4975938, -0.4370859,  0.7452526)    0    0 -28.87990082  4 3.000 -16.44632189
( 2.9150577, -22.9532489, 22.1363300,  0.5939386, -0.5255254, -0.2855956,  0.5380475)    0    0 -46.36512501  2 3.560 -15.91551350
(-8.0081982, -24.4039322, 28.9699809,  0.0666902, -0.4950625, -0.3420986,  0.7958857)    0    0 -24.67142432  3 3.080 -13.10336569
(-5.7488783, -24.8731380, 33.1713360, -0.5228020, -0.4576098, -0.5138020,  0.5032681)    0    0  -5.72811624  0 3.640   1.75121430
(-3.2167193, -15.4073311, 31.0951082, -0.2078360, -0.9422333,  0.1322842,  0.2269396)    0    0 -93.25132453  4 3.320 -63.70179325
(-1.1054960, -28.1879945, 19.9305470, -0.4154755, -0.1619330, -0.7220864, -0.5289130)    0    0  -7.13790518  0 4.200  -4.80782995
(-8.1962526, -19.5576128, 30.9412131,  0.3710170,  0.5037813,  0.2918529,  0.7234450)    0    0 -51.46692452  4 2.760 -24.89518466
(-4.6780044, -18.7597011, 18.6873915, -0.2276738,  0.3751136,  0.1071395, -0.8921746)    0    0 -95.96181957  0 3.880 -58.85055220
( 2.8503164, -20.6572183, 28.7465796,  0.3825798,  0.3851953,  0.1986991, -0.8159509)    0    0 -62.14340185  5 2.840 -33.47489400
(-6.2167499, -16.7642082, 27.7738354, -0.2815818, -0.0551349,  0.0947927, -0.9532503)    0    0 -98.52534501  2 3.560 -55.50058794
( 3.8729624, -18.8530534, 32.6333259, -0.0458197,  0.0877698,  0.1029421, -0.9897474)    0    0 -57.67070838  5 3.720 -25.96573780
(-5.2362394, -18.6108195, 18.8012004, -0.2309478,  0.4001017,  0.0940034, -0.8818986)    0    0 -104.53886380  1 3.960 -67.54546787
(-2.3775168, -28.4101942, 20.2535093, -0.7044059, -0.3343394, -0.5070333, -0.3673510)    0    0 -19.98516091  2 3.640 -13.77433642
(-6.4310669, -19.6789561, 33.6113275, -0.0457291, -0.3580636,  0.0258330,  0.9322189)    0    0 -38.46462837  5 3.080 -18.87391223
( 1.6213387, -15.9076272, 23.0594336, -0.2461799, -0.8159581, -0.0388810,  0.5216283)    0    0 -168.28462086  2 3.480 -110.42190105
(-4.6858865, -15.9728941, 21.2320327, -0.1310785,  0.4594398, -0.0973550, -0.8730725)    0    0 -141.90153841  4 3.240 -81.09646277
( 5.4393923, -27.6626991, 28.7556104,  0.8656979, -0.0312146,  0.0132650, -0.4994165)    0    0  15.48229369  0 4.200  10.36404113
( 4.8554942, -25.9337077, 21.3592615, -0.9216346, -0.3128515,  0.1847498, -0.1363126)    0    0 -10.39337774  0 4.200  -6.99134789
(-3.3779778, -15.4194413, 31.1101152, -0.1539605, -0.9299254,  0.1380988,  0.3040784)    0    0 -63.26086978  0 4.200 -42.45075204
