112	1.2	0
-3.141593	1.812176	0.656819
0.000000	0.000000	0.000000
receptor_blocked.pdb	-1.053	-0.939	-0.318
ligand_blocked.pdb	-7.359	-33.383	54.075
-2.356194	2.704512	1.488683	31	1	106	478.158
-0.785398	1.766067	2.153843	24	0	104	473.105
0.523599	2.063651	-2.044600	36	111	10	452.661
1.047198	1.135813	-2.658866	29	3	103	451.882
0.523599	0.640596	-2.797608	33	106	107	445.214
0.785398	1.135813	-2.658866	30	1	103	436.144
0.000000	2.881233	-2.582574	34	111	0	431.664
0.261799	2.251330	-2.330739	36	110	5	430.669
1.047198	0.929350	-2.910676	31	111	104	429.237
0.261799	2.579248	-2.364801	36	110	2	425.865
0.523599	2.579248	-2.364801	36	2	2	425.660
0.261799	1.948085	-2.363031	36	111	7	424.475
0.261799	1.998705	2.370472	27	7	105	422.856
0.785398	2.153910	-1.714959	35	111	12	421.988
-0.523599	1.699788	2.452890	27	109	106	416.898
0.261799	2.881233	-2.582574	35	2	111	409.661
1.570796	2.979456	-1.009304	35	0	1	408.148
0.785398	2.719179	-1.780644	36	111	4	407.211
0.523599	1.756530	-2.105156	35	1	12	407.040
0.000000	0.866395	-2.492918	33	106	106	404.888
-2.356194	2.138223	1.678323	28	9	104	397.610
-2.617994	1.488617	1.159546	29	9	105	395.116
-3.141593	2.863997	0.549740	34	2	111	393.573
2.617994	1.812176	0.656819	36	109	4	392.677
0.000000	1.699788	2.452890	29	0	106	392.395
1.047198	2.063651	-2.044600	34	7	10	389.286
1.308997	1.450119	-2.739050	22	14	103	388.759
0.000000	1.998705	2.370472	28	5	105	388.654
-0.261799	1.699788	2.452890	28	111	106	388.345
0.523599	2.251330	-2.330739	37	1	6	386.763
0.261799	1.134796	2.434290	22	105	92	385.617
0.261799	1.658653	-2.409879	37	111	8	382.596
1.047198	1.658653	-2.409879	25	10	104	381.449
-0.261799	0.619654	-2.216909	34	104	110	381.102
2.617994	2.592629	0.909713	33	106	109	380.760
-0.523599	1.766067	2.153843	25	0	104	380.196
0.261799	1.128190	-2.288622	36	3	11	378.539
0.785398	0.929350	-2.910676	31	108	102	378.180
0.261799	0.914445	2.687814	25	104	96	377.409
-1.047198	1.134497	-1.109631	36	103	12	377.243
0.523599	2.881233	-2.582574	35	6	0	376.760
0.785398	0.640596	-2.797608	34	109	108	376.497
0.261799	0.866395	-2.492918	34	111	110	376.379
-0.261799	0.866395	-2.492918	33	105	109	375.253
-2.879793	2.863997	0.549740	34	5	110	374.687
2.879793	2.108018	1.311430	30	0	104	374.496
2.094395	0.618092	2.539118	36	109	110	373.385
0.523599	1.450119	-2.739050	26	4	96	372.870
-1.832596	2.984978	1.954446	33	111	108	372.542
0.523599	0.618092	2.539118	26	104	98	372.243
0.523599	1.846342	-1.796954	34	110	15	371.884
0.000000	2.349581	-2.702517	28	2	96	371.812
0.000000	0.929350	-2.910676	28	106	103	371.464
0.261799	1.450119	-2.739050	37	1	3	369.209
-0.523599	0.685216	-1.712745	37	105	3	368.856
2.617994	2.247462	0.191623	35	0	3	368.339
0.785398	2.251330	-2.330739	36	6	5	365.792
1.308997	0.733948	3.021411	32	108	106	365.387
-0.785398	1.135834	-1.431087	37	105	8	364.788
1.832596	2.979456	-1.009304	35	4	1	364.459
2.617994	2.863997	0.549740	33	108	110	364.319
0.523599	0.866395	-2.492918	33	1	110	364.078
-3.141593	1.736875	3.023612	26	109	104	363.848
-0.785398	1.998705	2.370472	28	0	105	363.670
0.000000	1.413430	2.550734	30	109	108	363.345
-1.570796	2.984978	1.954446	33	3	108	363.131
0.261799	1.374601	-2.456031	37	2	8	362.840
0.261799	1.699788	2.452890	20	1	89	362.616
-3.141593	0.618092	2.539118	33	12	110	361.789
-0.261799	2.478122	2.609777	24	6	92	361.705
0.523599	1.242974	-2.977882	28	2	101	360.911
1.047198	0.910508	1.903534	23	104	92	360.767
-0.785398	0.850607	-1.335383	38	105	8	360.509
-2.879793	2.407836	1.410646	32	4	107	360.441
0.523599	1.869911	2.701025	22	5	90	360.298
-1.047198	1.413347	-1.339188	34	101	11	360.151
-0.785398	2.073035	2.027405	16	3	87	360.129
1.047198	0.591903	2.010408	26	104	97	359.299
-0.523599	1.998705	2.370472	29	1	105	358.549
0.000000	0.619654	-2.216909	36	106	110	358.050
-2.617994	2.863997	0.549740	33	9	110	357.201
0.523599	1.948085	-2.363031	37	2	7	357.131
0.261799	1.869911	2.701025	23	3	90	356.292
0.261799	1.506530	1.988858	15	108	87	356.270
0.261799	1.756530	-2.105156	36	110	11	356.154
2.356194	2.724429	-0.348782	35	2	3	355.977
0.523599	1.135813	-2.658866	37	5	7	355.575
-3.141593	1.574060	2.783565	30	111	104	355.519
1.047198	1.554776	0.100351	19	4	26	355.495
-1.570796	2.393226	1.857173	27	4	101	355.298
-2.617994	0.458961	-0.107937	27	1	109	355.254
1.047198	1.756530	-2.105156	26	9	107	355.129
-0.523599	0.619654	-2.216909	33	105	0	355.116
-2.356194	2.164094	-2.991358	31	104	107	354.961
-0.261799	1.998705	2.370472	29	3	105	354.866
0.000000	2.588535	-2.976617	35	2	109	354.480
0.523599	1.506530	1.988858	15	108	87	354.457
1.047198	2.719179	-1.780644	36	3	4	353.202
2.356194	1.218453	2.777284	29	110	104	353.144
-1.308997	1.736875	3.023612	28	8	102	352.489
-3.141593	0.496451	0.593859	27	3	105	352.083
-0.785398	1.824694	1.850876	22	3	103	352.009
-2.356194	2.407836	1.410646	29	5	104	351.485
2.356194	0.297065	2.160177	39	108	2	351.334
0.785398	2.579248	-2.364801	36	6	3	351.186
-1.832596	2.863997	0.549740	24	17	110	350.864
2.879793	1.574060	2.783565	28	109	104	350.599
2.094395	0.297065	2.160177	37	103	1	350.594
0.785398	1.374601	-2.456031	29	3	104	350.347
-2.617994	2.704512	1.488683	32	111	104	349.953
2.879793	2.247462	0.191623	27	4	99	349.837
0.785398	1.658653	-2.409879	27	10	102	349.332
-3.141593	2.592629	0.909713	32	0	108	349.172
-1.047198	1.696674	-1.253233	33	101	14	349.103
1.308997	1.242974	-2.977882	27	6	99	348.927
0.523599	1.168678	2.108595	20	104	90	348.754
-0.785398	1.699788	2.452890	26	108	105	348.671
-0.261799	2.164094	-2.991358	27	0	93	348.550
0.785398	0.080730	-2.622036	39	108	3	348.366
1.308997	2.153910	-1.714959	26	6	107	348.293
0.785398	1.756530	-2.105156	34	5	12	348.281
0.261799	1.440580	2.260026	19	109	89	348.065
0.785398	1.168678	2.108595	21	106	90	348.021
-1.308997	0.290380	-0.796960	38	103	7	347.859
-0.523599	2.299159	2.264663	20	5	89	347.850
0.000000	1.869911	2.701025	23	2	91	347.678
-2.094395	1.872854	1.543456	26	14	104	347.115
0.785398	2.396274	-1.959260	36	1	7	346.827
-1.570796	2.637879	2.121598	29	1	103	346.617
2.879793	1.824694	1.850876	25	4	101	346.333
0.000000	2.174483	2.653697	23	5	91	346.177
2.879793	1.168678	2.108595	37	110	0	346.115
-3.141593	1.555207	1.708892	23	0	90	345.937
2.094395	0.418037	1.360082	28	111	101	345.669
-1.047198	1.904882	-1.478089	34	101	10	345.648
0.000000	0.640596	-2.797608	32	106	108	345.145
1.570796	1.875281	0.107086	24	2	27	344.811
0.523599	2.033014	2.977192	24	7	93	344.712
-0.785398	0.379747	-1.713059	32	103	110	344.533
0.785398	1.846342	-1.796954	34	2	14	344.386
0.523599	2.174483	2.653697	20	8	90	344.180
-1.308997	1.448123	-2.163292	28	99	108	344.106
-0.523599	1.869911	2.701025	31	109	108	344.027
2.879793	2.407836	1.410646	30	107	106	343.423
-1.570796	0.290380	-0.796960	27	5	110	343.027
-0.785398	1.325504	-1.671296	37	104	4	343.019
1.047198	2.396274	-1.959260	36	6	7	342.517
2.879793	2.592629	0.909713	31	106	107	342.399
-0.785398	0.619654	-2.216909	31	102	0	342.370
0.261799	1.135813	-2.658866	29	111	97	342.252
2.094395	1.218453	2.777284	28	108	103	341.802
-0.523599	0.899350	-2.069907	34	103	110	341.212
-0.261799	1.736875	3.023612	31	110	106	340.856
-0.785398	0.866395	-2.492918	26	103	103	340.522
-0.261799	2.073035	2.027405	24	7	104	340.058
0.523599	2.396274	-1.959260	28	2	103	339.675
-0.523599	2.033014	2.977192	34	108	111	339.182
2.094395	0.914445	2.687814	32	109	106	339.013
1.570796	0.419640	2.974122	37	110	110	338.494
0.261799	1.448123	-2.163292	35	0	12	338.162
2.879793	0.618092	2.539118	35	9	110	338.111
-0.261799	0.685216	-1.712745	39	109	3	337.846
0.261799	2.174483	2.653697	22	6	90	337.842
1.047198	0.419640	2.974122	32	107	105	337.817
1.570796	1.134796	2.434290	31	4	106	337.741
-3.141593	1.488617	1.159546	29	111	97	337.433
0.000000	1.134796	2.434290	29	102	105	336.978
-3.141593	1.310100	1.488307	25	2	93	336.799
2.879793	1.812176	0.656819	37	1	4	336.709
-0.261799	1.766067	2.153843	25	1	104	336.639
1.570796	1.050534	3.042579	21	110	88	336.553
2.356194	1.504028	0.636812	26	104	23	336.437
-0.523599	2.073035	2.027405	16	4	87	336.309
0.261799	2.041297	-2.664597	37	0	2	336.308
0.261799	1.413430	2.550734	23	109	91	335.945
2.879793	0.203748	0.590255	28	111	106	335.483
0.261799	2.164094	-2.991358	36	6	3	335.399
1.047198	2.456751	-1.503343	36	111	9	335.193
-1.047198	0.685216	-1.712745	29	96	109	335.181
-3.141593	1.872854	1.543456	28	5	102	334.957
2.356194	0.591903	2.010408	37	104	1	334.633
0.000000	1.766067	2.153843	16	0	87	334.472
2.094395	1.875281	0.107086	24	3	27	334.439
1.832596	1.875281	0.107086	24	3	27	334.197
-0.523599	0.992645	-1.723759	38	107	3	334.136
-1.047198	2.984978	1.954446	32	9	108	334.084
2.879793	0.496451	0.593859	28	0	105	334.009
2.879793	1.391910	3.030322	25	1	102	333.789
2.617994	1.662363	0.915448	35	110	1	333.752
-2.356194	0.203748	0.590255	40	109	8	333.564
1.308997	2.343981	-1.040456	34	109	17	333.399
-1.047198	0.866955	-0.931351	37	106	14	333.238
2.879793	2.863997	0.549740	34	111	110	333.230
-1.570796	1.448123	-2.163292	25	98	107	333.102
0.000000	0.733948	3.021411	27	103	100	332.903
1.047198	1.242974	-2.977882	25	11	100	332.648
-2.617994	2.407836	1.410646	33	109	105	332.388
0.000000	1.050534	3.042579	26	106	100	332.242
2.617994	0.674054	1.013609	28	1	101	331.769
2.356194	0.674054	1.013609	28	110	100	331.665
0.000000	0.370812	-2.547742	34	103	108	331.567
1.047198	1.374601	-2.456031	27	8	103	331.532
-1.570796	2.396274	-1.959260	31	98	5	331.336
-0.785398	0.899350	-2.069907	33	103	2	331.241
-2.094395	2.863997	0.549740	27	16	110	331.204
-0.523599	1.824694	1.850876	21	3	103	331.118
0.523599	1.134796	2.434290	32	110	109	331.067
-3.141593	0.418037	1.360082	39	108	7	331.029
-1.570796	2.863997	0.549740	22	17	110	330.846
-0.523599	2.478122	2.609777	25	3	92	330.834
1.570796	2.404280	-0.174044	32	7	24	330.537
2.356194	0.618092	2.539118	36	1	110	330.416
2.356194	0.864993	2.278281	35	107	110	330.325
-0.785398	1.606104	-0.451151	29	108	18	330.298
-3.141593	1.413430	2.550734	33	1	106	329.678
0.261799	1.741644	-2.695914	37	1	3	329.663
-1.047198	0.850607	-1.335383	36	101	7	328.950
-2.879793	0.418037	1.360082	40	1	7	328.581
-0.523599	0.640596	-2.797608	26	101	105	328.558
0.785398	2.356369	3.005869	21	11	93	328.145
-1.047198	1.982574	-1.115518	31	100	16	327.830
-0.785398	1.194549	-0.801900	27	110	107	327.716
-0.785398	2.760637	2.781135	32	0	106	327.634
0.261799	1.824694	1.850876	12	0	86	327.450
0.261799	0.618092	2.539118	25	101	98	327.264
0.523599	1.569311	-3.003978	37	4	0	327.086
2.356194	1.875281	0.107086	35	108	12	327.072
2.356194	1.721184	-0.153948	35	108	15	326.975
1.047198	0.899350	-2.069907	33	14	110	326.674
0.261799	0.370812	-2.547742	35	103	110	326.669
-2.617994	1.736875	3.023612	29	110	103	326.663
-0.261799	0.929350	-2.910676	27	103	103	326.613
-0.785398	2.637879	2.121598	23	7	92	326.418
0.261799	0.929350	-2.910676	31	111	105	326.358
-3.141593	1.869911	2.701025	31	107	107	326.277
-1.308997	2.984978	1.954446	33	6	108	326.214
-2.879793	1.736875	3.023612	27	110	104	326.080
-2.617994	1.569311	-3.003978	24	110	101	325.916
0.523599	0.864993	2.278281	24	103	94	325.854
2.356194	0.418037	1.360082	28	2	101	325.784
0.000000	1.374601	-2.456031	36	110	7	325.712
1.308997	2.404280	-0.174044	33	4	24	325.699
2.356194	1.417623	-0.202254	32	107	18	325.610
2.879793	0.914445	2.687814	33	7	106	325.595
-2.617994	1.662363	0.915448	32	9	108	325.508
1.570796	0.700570	1.559208	26	106	96	325.213
-0.261799	2.299159	2.264663	19	6	89	325.208
-3.141593	0.203748	0.590255	27	2	105	325.126
1.047198	0.733948	3.021411	32	108	103	325.093
-0.785398	2.174483	2.653697	32	110	108	324.949
-3.141593	1.247695	1.809890	22	3	89	324.866
0.261799	1.870545	-2.976234	36	2	111	324.773
0.523599	1.545873	-1.877082	33	1	16	324.414
-2.094395	2.984978	1.954446	32	109	108	324.344
-2.879793	1.413430	2.550734	33	5	106	324.030
-2.094395	1.736875	3.023612	30	3	103	324.011
2.356194	2.247462	0.191623	35	110	3	323.971
1.047198	1.168678	2.108595	22	109	90	323.966
-0.785398	0.571433	-1.188419	39	107	8	323.956
-2.356194	1.662363	0.915448	29	11	108	323.943
-0.261799	0.899350	-2.069907	36	107	111	323.639
1.308997	1.982574	-1.115518	31	111	21	323.623
0.261799	0.733948	3.021411	28	107	102	323.522
0.261799	1.555207	1.708892	11	107	87	323.361
0.261799	2.356369	3.005869	25	7	94	323.230
2.879793	1.310100	1.488307	27	111	93	323.203
0.523599	0.370812	-2.547742	36	108	0	323.118
0.785398	1.450119	-2.739050	24	7	96	322.998
-0.785398	0.640596	-2.797608	25	97	104	322.946
0.785398	1.134796	2.434290	33	1	109	322.886
-2.356194	0.496451	0.593859	40	109	12	322.837
1.047198	1.736875	3.023612	23	10	94	322.671
0.000000	1.569311	-3.003978	36	109	111	322.594
-0.523599	0.866395	-2.492918	29	103	106	322.572
2.617994	0.618092	2.539118	36	5	110	322.273
-1.308997	0.615174	-0.666022	38	106	13	322.269
1.832596	0.618092	2.539118	35	104	108	322.053
-0.261799	1.569311	-3.003978	33	107	109	322.048
-3.141593	2.379497	0.561089	34	5	111	322.010
-3.141593	2.407836	1.410646	30	111	104	321.876
0.261799	2.349581	-2.702517	36	2	0	321.754
-1.047198	2.760637	2.781135	32	109	107	321.711
1.308997	0.866395	-2.492918	32	7	105	321.606
0.785398	1.413347	-1.339188	26	5	22	321.567
0.000000	2.579248	-2.364801	29	0	99	321.489
-3.141593	1.391910	3.030322	26	2	102	321.482
0.261799	1.242974	-2.977882	28	0	102	321.437
-2.617994	1.335669	0.897240	27	6	100	321.327
-3.141593	0.709924	0.218797	28	0	108	321.316
2.356194	0.914445	2.687814	33	0	106	321.310
-2.094395	1.599406	1.426070	27	13	104	321.041
-0.261799	0.379747	-1.713059	39	107	3	320.930
1.570796	1.310100	1.488307	30	108	106	320.917
-0.261799	2.115563	0.685730	10	1	24	320.847
0.000000	1.870545	-2.976234	27	109	92	320.828
-1.832596	1.391910	3.030322	24	6	101	320.813
-1.832596	1.045978	0.343692	28	3	0	320.730
0.000000	2.478122	2.609777	22	8	92	320.636
2.356194	1.662363	0.915448	30	103	21	320.379
-1.047198	2.637879	2.121598	25	5	93	320.210
-2.879793	1.391910	3.030322	26	3	102	320.129
0.523599	1.440580	2.260026	20	109	88	320.085
0.523599	2.349581	-2.702517	36	5	1	320.075
0.523599	0.914445	2.687814	27	107	96	320.037
0.785398	2.881233	-2.582574	34	10	0	319.910
0.523599	1.574060	2.783565	24	3	92	319.818
0.261799	2.299159	2.264663	25	11	106	319.812
1.570796	1.699788	2.452890	17	7	86	319.697
2.617994	0.591903	2.010408	26	6	95	319.370
0.523599	2.356369	3.005869	23	9	93	319.356
1.832596	2.404280	-0.174044	31	10	24	319.162
-2.094395	2.393226	1.857173	31	109	102	319.138
0.523599	2.478122	2.609777	27	14	109	319.120
-2.879793	0.700570	1.559208	40	4	7	318.775
-2.617994	2.033014	2.977192	31	108	106	318.732
-2.879793	0.709924	0.218797	27	4	108	318.590
2.879793	1.247695	1.809890	23	0	89	318.253
2.356194	2.404280	-0.174044	26	14	23	318.173
-1.308997	1.809167	1.213774	19	19	17	318.089
2.617994	0.910508	1.903534	26	3	93	318.051
-0.785398	1.836682	-0.676006	29	104	16	317.791
-3.141593	1.824694	1.850876	40	110	6	317.768
-0.523599	2.760637	2.781135	33	4	107	317.767
1.832596	0.418037	1.360082	28	106	101	317.766
0.785398	1.869911	2.701025	21	7	90	317.722
0.523599	1.870545	-2.976234	35	6	110	317.654
-0.785398	1.869911	2.701025	30	107	107	317.516
-2.879793	2.108018	1.311430	32	107	104	317.488
1.308997	1.756530	-2.105156	24	10	107	317.432
-0.785398	2.299159	2.264663	21	3	89	317.403
0.000000	2.041297	-2.664597	36	109	2	317.086
1.308997	0.419640	2.974122	35	106	109	316.848
2.356194	2.187132	-0.479875	34	2	10	316.265
1.047198	2.153910	-1.714959	27	5	107	316.224
1.832596	1.168678	2.108595	31	2	105	316.132
1.308997	1.658653	-2.409879	23	16	103	315.797
-2.356194	1.736875	3.023612	29	1	103	315.778
-1.047198	1.617114	-1.572037	34	100	7	315.744
-0.523599	1.574060	2.783565	28	106	103	315.655
0.523599	2.760637	2.781135	24	16	107	315.595
-0.261799	1.413430	2.550734	29	107	107	315.574
0.523599	1.554776	0.100351	20	6	27	315.567
-1.308997	1.846342	-1.796954	32	99	3	315.541
0.000000	2.073035	2.027405	15	4	87	315.501
-3.141593	0.864993	2.278281	37	7	110	315.429
0.000000	0.850607	-1.335383	25	10	22	315.399
0.000000	1.135813	-2.658866	32	108	107	315.078
-2.094395	2.704512	1.488683	31	4	106	315.041
-2.356194	2.108018	1.311430	29	13	106	315.020
0.785398	1.870545	-2.976234	33	10	110	314.956
-2.617994	1.870545	-2.976234	26	106	103	314.951
-2.094395	2.164094	-2.991358	33	107	107	314.926
-3.141593	2.108018	1.311430	32	107	105	314.867
0.785398	0.419640	2.974122	32	101	107	314.863
-0.261799	0.733948	3.021411	26	99	101	314.775
1.832596	0.419640	2.974122	37	2	111	314.693
-3.141593	1.134796	2.434290	35	5	108	314.670
-1.308997	1.391910	3.030322	22	7	100	314.614
0.261799	1.766067	2.153843	16	0	87	314.581
1.308997	1.870545	-2.976234	21	14	97	314.464
0.523599	1.662363	0.915448	8	111	22	314.403
0.523599	0.080730	-2.622036	37	103	2	314.329
-0.785398	1.413347	-1.339188	37	105	11	314.215
-0.785398	2.478122	2.609777	25	3	95	314.202
-3.141593	0.906588	1.252948	29	2	95	313.863
1.308997	1.683268	0.374177	19	110	26	313.836
2.094395	0.419640	2.974122	36	6	111	313.752
2.617994	1.977582	0.969896	34	108	111	313.744
-0.261799	1.869911	2.701025	32	0	108	313.650
1.308997	1.413430	2.550734	29	3	104	313.515
-0.523599	0.379747	-1.713059	37	103	3	313.290
2.356194	2.089241	-0.114193	37	110	13	313.269
0.523599	1.658653	-2.409879	36	3	8	313.269
2.617994	2.108018	1.311430	28	111	104	313.038
2.617994	1.554776	0.100351	21	111	26	312.983
-0.523599	2.115563	0.685730	10	4	24	312.632
2.617994	2.295480	1.008277	33	107	109	312.580
-2.879793	1.869911	2.701025	33	109	106	312.573
0.523599	0.733948	3.021411	28	110	103	312.391
0.000000	1.574060	2.783565	33	111	109	312.362
-1.832596	0.203748	0.590255	40	7	8	312.306
2.879793	0.864993	2.278281	37	3	110	312.263
0.785398	2.063651	-2.044600	35	4	10	312.064
-1.308997	2.033014	2.977192	32	10	105	311.979
2.356194	2.295480	1.008277	29	107	106	311.828
0.523599	1.699788	2.452890	29	5	106	311.710
1.047198	1.683268	0.374177	18	111	26	311.645
2.356194	2.587733	0.232235	34	109	0	311.549
2.356194	2.001437	0.381215	35	106	8	311.458
-2.617994	2.108018	1.311430	30	11	106	311.359
0.785398	0.864993	2.278281	25	105	94	311.281
-1.308997	1.194549	-0.801900	33	103	18	311.171
1.570796	0.618092	2.539118	32	109	107	311.137
-2.094395	2.587733	0.232235	23	18	0	311.021
-1.832596	2.138223	1.678323	28	3	101	311.015
2.879793	1.025536	1.576859	28	111	93	311.014
-0.785398	1.846342	-1.796954	38	106	4	310.999
2.356194	1.812176	0.656819	29	108	24	310.987
0.785398	1.554776	0.100351	19	5	27	310.747
-3.141593	2.247462	0.191623	26	8	99	310.721
0.000000	2.033014	2.977192	35	3	111	310.709
2.356194	2.863997	0.549740	32	105	108	310.603
0.785398	1.242974	-2.977882	27	8	101	310.388
2.617994	1.872854	1.543456	36	103	12	310.143
0.261799	1.574060	2.783565	25	111	92	309.942
-1.570796	0.458961	-0.107937	30	0	103	309.938
1.308997	2.979456	-1.009304	37	106	7	309.932
-2.356194	0.831641	0.616218	32	108	0	309.792
2.617994	1.134796	2.434290	34	110	108	309.777
-2.094395	1.809167	1.213774	27	10	104	309.442
1.047198	2.251330	-2.330739	34	9	6	309.396
-0.785398	0.685216	-1.712745	35	101	3	309.371
-1.570796	1.809167	1.213774	21	11	104	309.370
0.523599	0.929350	-2.910676	30	3	103	309.365
-2.094395	0.203748	0.590255	40	2	8	309.328
-0.261799	1.870545	-2.976234	34	107	110	309.302
-0.785398	1.510910	-0.740472	32	107	14	309.247
0.261799	0.419640	2.974122	27	105	102	309.189
1.308997	1.135813	-2.658866	28	5	103	309.167
0.785398	2.174483	2.653697	26	13	107	309.106
1.308997	1.948085	-2.363031	24	12	103	308.935
-0.261799	1.574060	2.783565	32	108	109	308.927
-3.141593	1.812176	0.656819	32	3	24	308.883
-2.617994	1.574060	2.783565	31	4	104	308.732
-0.523599	2.164094	-2.991358	28	109	93	308.639
2.879793	0.418037	1.360082	38	102	6	308.558
-0.523599	1.214854	-1.966664	37	106	111	308.502
2.879793	1.554776	0.100351	22	111	26	308.389
-0.523599	1.977582	0.969896	9	8	21	308.040
-1.570796	1.391910	3.030322	23	7	101	307.979
1.308997	0.864993	2.278281	26	0	93	307.934
-3.141593	0.700570	1.559208	38	110	1	307.661
-0.261799	2.174483	2.653697	32	4	108	307.584
-2.879793	1.247695	1.809890	40	5	5	307.574
2.094395	1.662363	0.915448	27	101	21	307.430
1.308997	1.554776	0.100351	19	3	26	307.378
0.523599	1.998705	2.370472	18	5	88	307.355
1.308997	0.297065	2.160177	28	110	101	307.344
-0.523599	2.407836	1.410646	10	9	88	307.321
1.570796	1.766067	2.153843	16	3	85	307.246
-0.261799	2.588535	-2.976617	34	111	109	307.184
0.000000	1.736875	3.023612	35	0	0	307.065
0.785398	1.736875	3.023612	25	8	94	306.836
0.523599	1.736875	3.023612	35	4	109	306.772
2.094395	1.504028	0.636812	23	104	23	306.739
-2.879793	1.998705	2.370472	38	110	111	306.506
0.785398	1.506530	1.988858	16	109	87	306.393
-1.570796	0.762244	-0.273349	29	109	108	306.340
-0.785398	2.115563	0.685730	11	6	24	306.244
1.047198	1.870545	-2.976234	24	12	97	306.211
-0.261799	1.450119	-2.739050	35	106	2	306.150
0.785398	0.591903	2.010408	25	101	97	306.141
-3.141593	0.297065	2.160177	38	10	2	306.129
-1.570796	2.138223	1.678323	25	5	100	306.126
-0.523599	1.135834	-1.431087	40	109	8	306.115
1.308997	0.591903	2.010408	27	107	97	306.107
0.261799	2.033014	2.977192	25	5	94	305.959
-1.047198	1.433411	-1.035986	34	103	16	305.951
-2.879793	1.699788	2.452890	36	1	108	305.937
0.261799	2.478122	2.609777	25	13	104	305.820
0.523599	1.721184	-0.153948	25	6	27	305.778
2.879793	1.683268	0.374177	27	0	26	305.657
1.308997	1.448123	-2.163292	23	14	104	305.632
1.308997	1.732874	-0.951685	27	110	23	305.612
1.832596	1.554776	0.100351	19	1	26	305.587
0.261799	2.073035	2.027405	13	4	86	305.576
2.356194	1.510910	-0.740472	28	0	23	305.564
0.523599	0.899350	-2.069907	37	7	110	305.502
0.523599	1.413430	2.550734	32	110	109	305.402
1.047198	1.247695	1.809890	21	105	90	305.398
-1.832596	0.458961	-0.107937	30	108	103	305.016
1.308997	2.664082	-1.071402	36	110	13	304.845
2.879793	0.700570	1.559208	29	1	95	304.771
1.308997	0.619654	-2.216909	33	14	110	304.463
1.570796	0.733948	3.021411	33	110	106	304.396
2.617994	0.864993	2.278281	36	111	110	304.384
2.617994	2.404280	-0.174044	35	4	6	304.381
2.094395	1.554776	0.100351	19	0	26	304.375
-1.832596	1.736875	3.023612	30	4	102	304.014
-2.879793	1.488617	1.159546	27	4	97	304.004
-3.141593	1.025536	1.576859	24	4	91	303.911
1.308997	0.910508	1.903534	25	107	93	303.815
-0.523599	2.187132	-0.479875	27	102	19	303.804
0.785398	1.569311	-3.003978	26	8	98	303.760
1.308997	1.875281	0.107086	24	2	27	303.759
-2.094395	2.041297	-2.664597	28	103	106	303.690
2.356194	1.413430	2.550734	29	105	106	303.524
2.356194	1.134796	2.434290	32	107	108	303.480
0.261799	2.343981	-1.040456	39	4	17	303.352
0.000000	2.295480	1.008277	6	110	20	303.339
-2.094395	2.033014	2.977192	34	1	106	303.327
1.308997	1.025536	1.576859	22	103	92	303.298
-0.523599	0.571433	-1.188419	40	0	8	303.297
2.094395	1.721184	-0.153948	19	6	26	303.096
0.261799	1.545873	-1.877082	33	111	15	303.096
-1.308997	2.404280	-0.174044	12	107	24	303.089
-2.617994	2.174483	2.653697	37	109	110	302.963
0.261799	0.619654	-2.216909	37	110	111	302.784
-1.832596	1.870545	-2.976234	31	111	103	302.710
1.570796	1.732874	-0.951685	28	111	23	302.701
0.785398	0.910508	1.903534	21	102	92	302.649
-0.523599	2.588535	-2.976617	33	108	109	302.631
0.000000	0.899350	-2.069907	35	110	3	302.465
2.617994	0.914445	2.687814	33	3	106	302.461
0.523599	1.909857	-0.381669	30	5	25	302.413
-1.047198	1.574060	2.783565	21	7	100	302.171
-0.261799	2.033014	2.977192	34	0	111	302.139
2.094395	0.906588	1.252948	27	107	96	302.123
0.261799	1.050534	3.042579	26	110	102	302.046
2.617994	1.247695	1.809890	26	109	91	301.982
-2.094395	1.870545	-2.976234	29	109	104	301.858
1.047198	1.909857	-0.381669	28	8	25	301.854
0.000000	0.685216	-1.712745	40	1	3	301.840
0.000000	1.658653	-2.409879	27	3	95	301.729
2.356194	0.906588	1.252948	28	0	96	301.646
0.000000	1.506530	1.988858	15	111	88	301.590
-3.141593	1.325504	-1.671296	14	2	23	301.463
2.879793	1.413430	2.550734	32	110	106	301.435
1.308997	2.719179	-1.780644	36	7	4	301.427
2.617994	1.875281	0.107086	38	111	11	301.401
0.785398	2.041297	-2.664597	35	8	3	301.285
2.094395	2.979456	-1.009304	27	6	102	301.284
-1.047198	2.073035	2.027405	18	3	88	301.225
-1.047198	1.766067	2.153843	24	110	103	301.196
1.047198	0.864993	2.278281	26	109	94	301.184
2.617994	1.683268	0.374177	26	110	26	301.002
1.570796	2.455966	-0.641220	35	106	14	300.976
-0.261799	0.640596	-2.797608	29	104	107	300.968
-2.879793	0.910508	1.903534	40	7	2	300.714
2.617994	0.419640	2.974122	33	13	110	300.676
1.570796	1.554776	0.100351	18	2	27	300.650
-1.047198	0.290380	-0.796960	40	108	8	300.611
-3.141593	0.591903	2.010408	39	6	2	300.597
-2.879793	1.195355	1.200319	28	4	96	300.444
2.879793	1.195355	1.200319	36	103	15	300.299
-1.047198	0.960688	-0.577532	34	109	12	300.295
-2.879793	2.299159	2.264663	39	109	3	300.183
-1.308997	0.960688	-0.577532	36	106	18	300.127
2.617994	1.809167	1.213774	35	104	17	300.019
1.047198	2.579248	-2.364801	34	10	3	300.001
2.356194	1.809167	1.213774	32	101	18	299.991
-0.261799	2.138223	1.678323	11	6	87	299.926
-1.308997	2.393226	1.857173	21	4	89	299.861
2.356194	0.419640	2.974122	35	10	111	299.764
-0.785398	0.992645	-1.723759	35	105	7	299.760
2.617994	1.504028	0.636812	28	105	24	299.739
-2.356194	2.356369	3.005869	36	107	110	299.719
0.523599	1.128190	-2.288622	35	7	10	299.717
0.785398	1.391910	3.030322	36	5	111	299.501
1.047198	1.869911	2.701025	20	9	90	299.499
2.094395	2.404280	-0.174044	28	12	24	299.463
-1.047198	0.379747	-1.713059	33	103	2	299.368
1.832596	1.506530	1.988858	28	4	103	299.315
0.000000	0.914445	2.687814	24	102	96	299.297
2.617994	1.909857	-0.381669	33	2	12	299.223
1.570796	0.080730	-2.622036	38	10	4	299.210
0.261799	1.554776	0.100351	21	6	27	299.178
0.261799	2.396274	-1.959260	31	108	104	299.172
-0.523599	1.812176	0.656819	13	7	25	299.151
2.356194	0.910508	1.903534	28	100	96	299.142
-1.570796	1.736875	3.023612	29	6	102	299.036
-2.617994	1.014500	0.906702	38	111	12	299.035
2.356194	1.247695	1.809890	26	105	90	299.002
-0.261799	1.658653	-2.409879	35	106	7	298.988
1.570796	0.591903	2.010408	28	0	97	298.964
2.879793	2.587733	0.232235	35	3	1	298.842
-0.785398	2.343981	-1.040456	32	101	17	298.841
-2.617994	0.203748	0.590255	39	104	7	298.841
-0.261799	1.812176	0.656819	12	5	25	298.808
2.094395	1.982574	-1.115518	30	4	17	298.793
1.570796	2.180315	-1.357379	33	6	19	298.790
-1.308997	0.850607	-1.335383	30	2	22	298.771
0.261799	0.899350	-2.069907	38	2	110	298.719
1.047198	1.699788	2.452890	20	6	88	298.685
-1.047198	0.992645	-1.723759	33	103	7	298.540
-0.261799	2.637879	2.121598	23	14	105	298.426
2.879793	1.555207	1.708892	24	108	88	298.414
0.261799	1.569311	-3.003978	35	2	110	298.325
0.000000	1.450119	-2.739050	25	1	91	298.280
0.523599	1.824694	1.850876	13	0	86	298.262
2.879793	0.733948	3.021411	29	12	106	298.239
1.047198	2.588535	-2.976617	21	13	95	298.131
-2.617994	2.164094	-2.991358	28	102	107	298.124
-1.308997	1.488617	1.159546	22	19	17	298.107
0.000000	2.299159	2.264663	18	7	88	298.031
2.356194	0.640596	-2.797608	28	14	107	297.996
2.879793	1.506530	1.988858	20	110	87	297.916
0.261799	0.640596	-2.797608	33	108	108	297.914
-1.832596	2.393226	1.857173	29	1	101	297.914
-3.141593	1.195355	1.200319	29	1	97	297.687
1.047198	1.741644	-2.695914	24	11	102	297.661
-2.356194	1.809167	1.213774	29	8	104	297.614
1.047198	1.545873	-1.877082	27	16	108	297.603
2.617994	1.506530	1.988858	22	107	87	297.538
-0.261799	0.992645	-1.723759	39	111	3	297.389
-0.261799	2.349581	-2.702517	30	107	96	297.308
1.832596	1.812176	0.656819	25	105	24	297.261
2.879793	0.674054	1.013609	28	5	101	297.219
0.000000	2.115563	0.685730	11	110	24	297.156
1.570796	2.664082	-1.071402	36	0	6	297.091
-3.141593	1.506530	1.988858	39	0	3	296.957
2.617994	1.168678	2.108595	24	0	91	296.923
2.879793	1.662363	0.915448	36	2	0	296.912
2.356194	0.619654	-2.216909	19	18	109	296.849
1.570796	1.683268	0.374177	21	109	25	296.837
-2.879793	1.875281	0.107086	22	4	27	296.815
-3.141593	1.413347	-1.339188	19	3	24	296.788
-1.308997	0.762244	-0.273349	35	111	11	296.743
2.879793	1.134796	2.434290	34	2	108	296.693
-3.141593	1.998705	2.370472	36	106	111	296.608
2.879793	1.809167	1.213774	37	106	12	296.579
-1.308997	1.218453	2.777284	19	11	101	296.507
-2.356194	2.041297	-2.664597	26	102	106	296.445
-0.785398	0.290380	-0.796960	41	1	8	296.443
1.047198	2.180315	-1.357379	34	111	19	296.384
1.047198	2.724429	-0.348782	38	2	19	296.356
0.000000	1.741644	-2.695914	29	3	102	296.266
-1.047198	1.335669	0.897240	21	17	20	296.231
1.047198	1.128190	-2.288622	29	15	16	296.117
2.879793	0.910508	1.903534	39	110	3	296.031
-0.261799	1.242974	-2.977882	27	105	103	295.994
-1.047198	1.325504	-1.671296	26	108	22	295.985
2.094395	2.295480	1.008277	33	104	20	295.909
2.879793	2.404280	-0.174044	26	8	101	295.863
0.785398	0.618092	2.539118	27	107	98	295.796
2.094395	1.812176	0.656819	27	106	24	295.724
-3.141593	1.218453	2.777284	30	5	104	295.695
1.570796	2.001437	0.381215	26	109	26	295.610
2.617994	2.138223	1.678323	36	102	11	295.602
1.832596	1.504028	0.636812	21	104	23	295.571
1.832596	0.080730	-2.622036	36	14	3	295.514
-0.261799	2.295480	1.008277	6	2	20	295.430
1.570796	0.619654	-2.216909	30	16	110	295.268
-1.570796	1.870545	-2.976234	32	1	103	295.249
-3.141593	2.587733	0.232235	34	7	1	295.229
0.000000	1.214854	-1.966664	39	3	111	295.202
1.832596	0.914445	2.687814	32	106	105	295.186
0.523599	1.448123	-2.163292	35	3	13	295.103
-0.523599	2.984978	1.954446	26	15	108	295.099
0.523599	1.374601	-2.456031	36	8	13	295.050
-1.570796	2.579248	-2.364801	36	103	4	295.039
2.094395	2.587733	0.232235	35	7	22	295.009
2.094395	1.599406	1.426070	31	109	106	294.966
1.308997	1.569311	-3.003978	22	13	98	294.965
1.570796	2.251330	-2.330739	25	6	103	294.894
-1.047198	1.846342	-1.796954	35	102	4	294.886
-3.141593	1.504028	0.636812	32	110	23	294.840
1.047198	1.367556	0.358405	13	2	25	294.830
-0.785398	0.615174	-0.666022	40	3	13	294.821
2.617994	2.089241	-0.114193	35	2	7	294.634
-2.879793	1.506530	1.988858	40	4	2	294.629
-2.879793	0.618092	2.539118	31	14	110	294.629
-3.141593	1.599406	1.426070	40	111	13	294.595
-0.785398	2.984978	1.954446	30	12	108	294.538
-1.047198	2.041297	-2.664597	36	2	106	294.491
1.570796	2.104282	-0.813972	32	109	19	294.358
-1.047198	2.299159	2.264663	31	2	106	294.336
-2.879793	0.906588	1.252948	26	5	94	294.314
-1.308997	1.134497	-1.109631	25	4	24	294.292
-1.047198	1.732874	-0.951685	32	102	18	294.157
1.308997	2.456751	-1.503343	36	2	9	294.119
-0.261799	2.379497	0.561089	11	108	23	294.119
-2.617994	1.824694	1.850876	40	8	6	294.115
-0.785398	2.704512	1.488683	24	13	106	294.105
1.832596	1.683268	0.374177	22	109	26	294.089
1.832596	0.700570	1.559208	27	109	96	294.035
-1.047198	2.343981	-1.040456	28	99	17	294.031
-0.523599	0.929350	-2.910676	26	101	103	293.963
2.617994	2.115563	0.685730	33	1	24	293.929
0.785398	1.247695	1.809890	18	104	89	293.877
-2.617994	1.310100	1.488307	40	8	11	293.825
-2.879793	0.203748	0.590255	27	6	105	293.754
-1.047198	1.870545	-2.976234	31	6	103	293.736
-0.261799	0.290380	-0.796960	39	11	8	293.716
-1.832596	0.709924	0.218797	36	111	11	293.706
1.832596	2.455966	-0.641220	35	111	15	293.691
0.261799	2.588535	-2.976617	35	6	110	293.638
1.570796	2.247462	0.191623	31	111	25	293.539
1.832596	0.910508	1.903534	26	2	92	293.524
-0.261799	1.128190	-2.288622	33	105	108	293.502
1.047198	0.080730	-2.622036	40	1	3	293.480
-0.785398	1.214854	-1.966664	34	103	111	293.440
0.000000	1.836682	-0.676006	35	2	22	293.287
2.879793	1.440580	2.260026	35	109	110	293.273
-2.094395	0.290380	-0.796960	26	106	101	293.258
0.785398	0.899350	-2.069907	35	11	110	293.210
-2.617994	1.872854	1.543456	39	10	12	293.197
-0.785398	1.301460	-0.509251	32	111	16	293.067
-1.308997	1.998705	2.370472	28	107	104	292.959
-1.047198	1.218453	2.777284	18	10	100	292.934
1.047198	1.721184	-0.153948	23	7	27	292.785
-3.141593	0.419640	2.974122	27	17	109	292.734
-2.617994	2.138223	1.678323	40	9	10	292.728
2.356194	1.683268	0.374177	36	106	8	292.663
2.879793	1.367556	0.358405	25	106	25	292.659
0.261799	1.721184	-0.153948	26	5	27	292.641
0.000000	1.948085	-2.363031	37	108	12	292.610
-3.141593	1.367556	0.358405	27	107	25	292.601
-0.785398	2.295480	1.008277	8	9	20	292.535
2.094395	1.134796	2.434290	31	104	107	292.475
-0.523599	1.741644	-2.695914	32	6	102	292.430
0.000000	1.448123	-2.163292	36	110	11	292.374
1.047198	1.696674	-1.253233	29	3	20	292.333
0.785398	1.574060	2.783565	24	6	92	292.209
-1.832596	0.290380	-0.796960	28	2	110	292.136
-2.879793	2.174483	2.653697	35	106	110	292.126
1.308997	1.741644	-2.695914	23	14	101	292.049
2.879793	2.379497	0.561089	34	1	111	292.025
-3.141593	1.168678	2.108595	38	3	0	292.006
-2.617994	0.496451	0.593859	38	105	12	291.884
1.570796	1.721184	-0.153948	21	7	27	291.829
-2.094395	2.138223	1.678323	30	0	101	291.814
1.570796	2.089241	-0.114193	28	6	26	291.768
1.308997	1.721184	-0.153948	22	7	27	291.758
1.832596	2.247462	0.191623	31	1	25	291.716
2.879793	1.504028	0.636812	30	107	24	291.666
-1.570796	1.045978	0.343692	30	111	3	291.587
2.094395	1.195355	1.200319	34	108	111	291.579
2.356194	2.115563	0.685730	35	105	2	291.572
1.047198	1.448123	-2.163292	27	12	105	291.393
0.523599	1.766067	2.153843	16	2	87	291.242
2.094395	0.080730	-2.622036	33	16	3	291.242
1.308997	1.736875	3.023612	20	13	94	291.218
0.000000	2.164094	-2.991358	24	2	91	291.206
0.000000	0.992645	-1.723759	31	6	21	291.203
-0.785398	2.138223	1.678323	13	6	87	291.150
1.047198	0.290380	-0.796960	20	22	6	291.082
-3.141593	1.335669	0.897240	36	108	19	290.997
2.879793	1.699788	2.452890	32	107	109	290.956
1.832596	1.699788	2.452890	16	8	86	290.948
-0.785398	2.356369	3.005869	33	104	107	290.861
0.261799	1.168678	2.108595	18	104	90	290.760
1.832596	0.640596	-2.797608	32	10	108	290.741
2.094395	0.733948	3.021411	33	4	106	290.733
-1.047198	2.180315	-1.357379	32	100	13	290.691
2.617994	0.297065	2.160177	39	1	2	290.633
-2.356194	2.033014	2.977192	33	110	106	290.629
0.261799	0.685216	-1.712745	39	6	3	290.615
-2.879793	1.872854	1.543456	40	5	12	290.612
-0.261799	2.356369	3.005869	27	2	95	290.611
-3.141593	0.910508	1.903534	39	3	3	290.351
-2.879793	1.168678	2.108595	38	7	0	290.326
0.261799	1.135834	-1.431087	26	7	23	290.306
-1.047198	2.164094	-2.991358	35	8	106	290.238
-2.879793	0.591903	2.010408	38	10	2	290.236
2.879793	2.115563	0.685730	30	109	96	290.203
1.832596	1.025536	1.576859	25	108	92	290.176
-2.094395	2.407836	1.410646	27	7	104	290.117
-1.308997	1.335669	0.897240	25	17	20	290.082
2.617994	1.218453	2.777284	30	111	103	290.074
2.356194	1.977582	0.969896	32	108	107	290.064
-0.523599	2.138223	1.678323	11	5	87	290.062
-0.523599	1.374601	-2.456031	32	107	102	290.050
1.047198	1.214854	-1.966664	30	16	0	290.015
-2.879793	1.599406	1.426070	40	4	13	290.007
-1.047198	2.174483	2.653697	31	104	104	290.004
0.523599	0.992645	-1.723759	27	11	21	289.987
1.570796	1.025536	1.576859	25	108	93	289.859
-0.785398	2.393226	1.857173	18	8	89	289.749
1.047198	1.982574	-1.115518	31	111	18	289.743
2.617994	1.335669	0.897240	30	102	20	289.674
1.308997	0.929350	-2.910676	31	1	103	289.663
0.000000	2.251330	-2.330739	37	107	11	289.614
-2.617994	2.356369	3.005869	33	104	111	289.594
2.094395	1.909857	-0.381669	19	11	26	289.582
1.047198	1.450119	-2.739050	27	11	101	289.535
0.785398	1.606104	-0.451151	27	11	24	289.512
-1.308997	1.699788	2.452890	23	11	103	289.482
0.000000	1.417623	-0.202254	27	9	25	289.472
-0.261799	0.914445	2.687814	28	101	107	289.455
-1.832596	2.041297	-2.664597	31	105	106	289.453
-1.047198	0.458961	-0.107937	39	9	13	289.391
0.261799	2.664082	-1.071402	40	2	15	289.390
1.308997	1.367556	0.358405	14	0	25	289.277
0.785398	1.128190	-2.288622	32	12	16	289.229
1.308997	1.247695	1.809890	21	108	90	289.160
-1.047198	2.153910	-1.714959	36	102	7	289.103
2.094395	2.187132	-0.479875	21	15	24	289.062
0.523599	2.187132	-0.479875	34	2	23	289.047
-2.617994	0.418037	1.360082	40	6	7	289.045
1.832596	1.413347	-1.339188	22	6	25	289.034
2.617994	2.001437	0.381215	31	107	100	289.011
-0.261799	0.850607	-1.335383	27	9	22	288.956
1.832596	1.909857	-0.381669	21	11	26	288.939
-0.785398	1.617114	-1.572037	38	105	7	288.923
-0.785398	2.108018	1.311430	8	7	88	288.915
-0.261799	1.448123	-2.163292	35	107	11	288.751
1.308997	0.379747	-1.713059	30	20	2	288.730
1.570796	1.440580	2.260026	29	7	104	288.689
-2.356194	1.872854	1.543456	29	10	103	288.676
1.832596	1.310100	1.488307	23	111	91	288.671
-1.570796	1.417623	-0.202254	28	109	26	288.642
-3.141593	1.699788	2.452890	35	109	108	288.625
2.617994	2.187132	-0.479875	33	5	10	288.508
0.785398	0.992645	-1.723759	25	12	21	288.506
-0.785398	0.866955	-0.931351	29	110	103	288.490
1.047198	1.391910	3.030322	34	9	111	288.465
-1.570796	0.615174	-0.666022	36	101	12	288.364
0.000000	0.419640	2.974122	27	102	102	288.323
-0.785398	1.433411	-1.035986	36	104	10	288.303
0.000000	2.637879	2.121598	25	15	109	288.278
1.570796	1.247695	1.809890	23	110	89	288.236
-0.261799	2.984978	1.954446	25	15	109	288.150
-2.617994	1.218453	2.777284	28	9	103	288.073
-1.308997	0.866955	-0.931351	35	101	13	288.048
-2.617994	1.555207	1.708892	40	9	8	288.011
1.308997	2.251330	-2.330739	28	3	102	287.908
0.000000	1.242974	-2.977882	22	111	90	287.867
1.308997	1.545873	-1.877082	23	17	108	287.851
2.879793	0.591903	2.010408	39	1	2	287.751
-2.617994	1.699788	2.452890	36	5	108	287.751
-1.047198	1.135834	-1.431087	27	0	23	287.514
0.523599	2.073035	2.027405	13	4	86	287.499
-3.141593	0.674054	1.013609	31	100	107	287.449
-1.047198	1.391910	3.030322	24	108	103	287.418
1.832596	1.662363	0.915448	23	101	21	287.417
2.617994	0.906588	1.252948	28	3	97	287.306
2.617994	1.014500	0.906702	29	111	99	287.289
1.047198	1.417623	-0.202254	19	10	25	287.255
-0.785398	1.872854	1.543456	8	4	87	287.193
-0.261799	1.135834	-1.431087	27	5	23	287.182
0.785398	0.619654	-2.216909	37	7	110	287.150
-1.570796	1.948085	-2.363031	31	103	108	286.998
-2.094395	2.349581	-2.702517	32	101	110	286.980
-3.141593	1.977582	0.969896	36	4	21	286.952
-1.832596	2.587733	0.232235	19	19	0	286.947
-2.356194	0.458961	-0.107937	25	5	109	286.917
0.523599	1.050534	3.042579	27	0	101	286.870
2.356194	2.379497	0.561089	34	107	111	286.811
1.570796	1.696674	-1.253233	27	4	24	286.809
-0.523599	2.393226	1.857173	16	8	88	286.786
1.047198	1.574060	2.783565	22	9	92	286.748
2.094395	1.433411	-1.035986	24	2	25	286.715
2.094395	1.836682	-0.676006	32	0	20	286.589
-1.308997	0.203748	0.590255	37	15	7	286.566
0.261799	1.736875	3.023612	27	1	94	286.514
1.308997	2.104282	-0.813972	31	106	19	286.416
1.047198	2.164094	-2.991358	23	12	96	286.380
-3.141593	0.914445	2.687814	32	9	105	286.263
2.356194	2.979456	-1.009304	33	11	1	286.211
1.308997	2.063651	-2.044600	25	9	105	286.189
1.832596	2.187132	-0.479875	24	14	24	286.139
0.261799	1.218453	2.777284	25	108	94	286.060
0.261799	2.063651	-2.044600	36	109	15	285.965
0.523599	1.696674	-1.253233	26	110	23	285.868
-2.094395	0.674054	1.013609	39	10	12	285.864
1.570796	1.812176	0.656819	22	105	24	285.831
-2.879793	1.809167	1.213774	33	2	106	285.825
-1.047198	1.977582	0.969896	14	13	20	285.802
0.261799	2.404280	-0.174044	29	106	24	285.798
2.356194	2.407836	1.410646	35	102	15	285.755
-1.308997	2.115563	0.685730	15	11	24	285.632
0.785398	1.741644	-2.695914	26	8	102	285.597
-3.141593	2.299159	2.264663	29	102	97	285.558
-0.261799	1.741644	-2.695914	35	107	1	285.470
2.356194	1.168678	2.108595	24	110	90	285.428
2.356194	1.194549	-0.801900	24	110	24	285.389
2.094395	0.700570	1.559208	28	1	96	285.317
1.570796	0.910508	1.903534	26	111	93	285.244
2.094395	1.413347	-1.339188	21	6	25	285.213
0.523599	1.218453	2.777284	26	0	94	285.097
-1.832596	1.948085	-2.363031	28	100	108	285.061
-2.617994	1.599406	1.426070	27	13	103	284.964
1.308997	0.370812	-2.547742	37	7	0	284.946
-1.308997	1.135834	-1.431087	32	102	12	284.930
1.832596	0.733948	3.021411	33	0	107	284.914
-2.617994	0.906588	1.252948	40	5	12	284.913
1.832596	1.195355	1.200319	33	105	111	284.891
0.523599	0.685216	-1.712745	38	10	3	284.807
0.523599	1.135834	-1.431087	25	7	23	284.682
-2.356194	1.569311	-3.003978	24	0	102	284.640
2.617994	1.599406	1.426070	27	101	92	284.507
-2.879793	1.574060	2.783565	31	1	104	284.439
2.617994	2.587733	0.232235	37	111	8	284.399
-1.570796	1.325504	-1.671296	22	107	23	284.238
-0.523599	1.736875	3.023612	34	105	111	284.225
-1.047198	1.869911	2.701025	25	9	102	284.201
-2.879793	1.045978	0.343692	30	103	22	284.123
0.000000	1.391910	3.030322	35	108	108	284.068
-1.047198	2.393226	1.857173	20	7	90	284.068
-2.879793	1.554776	0.100351	23	111	27	284.041
0.261799	1.391910	3.030322	27	111	96	283.977
2.356194	1.195355	1.200319	27	109	94	283.940
-2.094395	1.367556	0.358405	31	3	25	283.926
-0.523599	2.174483	2.653697	33	1	108	283.916
-2.356194	1.391910	3.030322	25	5	102	283.895
1.570796	1.450119	-2.739050	20	15	103	283.878
-0.261799	2.881233	-2.582574	34	108	111	283.795
-0.523599	0.290380	-0.796960	24	17	16	283.771
0.000000	0.379747	-1.713059	40	0	3	283.770
-2.094395	1.662363	0.915448	27	13	108	283.720
2.094395	2.115563	0.685730	31	108	24	283.719
-1.570796	1.413347	-1.339188	21	0	24	283.716
0.785398	2.349581	-2.702517	34	9	1	283.652
0.785398	1.218453	2.777284	26	4	94	283.625
-3.141593	1.184361	0.625864	31	105	22	283.607
-2.879793	1.766067	2.153843	39	2	1	283.591
0.785398	1.417623	-0.202254	21	10	25	283.581
0.000000	2.760637	2.781135	33	12	1	283.575
0.000000	0.866955	-0.931351	38	11	13	283.571
-2.879793	2.033014	2.977192	30	105	106	283.542
1.308997	0.080730	-2.622036	40	6	3	283.507
-1.308997	1.872854	1.543456	18	8	94	283.500
2.879793	0.419640	2.974122	30	15	111	283.481
1.570796	1.904882	-1.478089	30	8	21	283.419
2.617994	1.417623	-0.202254	35	109	17	283.303
-1.047198	2.295480	1.008277	10	13	20	283.300
-2.879793	2.592629	0.909713	33	3	108	283.286
1.308997	1.699788	2.452890	18	6	86	283.278
-1.832596	1.875281	0.107086	20	3	28	283.197
2.094395	2.104282	-0.813972	34	3	19	283.184
-1.832596	2.704512	1.488683	31	7	105	283.147
-0.523599	2.379497	0.561089	9	111	23	283.079
-1.308997	1.413430	2.550734	20	8	101	283.073
2.879793	0.297065	2.160177	40	5	2	283.055
0.261799	1.683268	0.374177	17	2	26	283.046
0.261799	1.836682	-0.676006	35	6	22	283.039
-1.832596	2.379497	0.561089	15	13	23	283.033
0.785398	1.135834	-1.431087	23	8	23	283.015
0.523599	1.325504	-1.671296	36	12	5	282.975
-1.047198	1.824694	1.850876	17	6	93	282.941
-3.141593	1.662363	0.915448	36	5	0	282.936
-1.047198	0.615174	-0.666022	40	110	13	282.853
2.617994	1.367556	0.358405	23	105	25	282.847
1.047198	1.413430	2.550734	23	5	90	282.827
0.785398	2.404280	-0.174044	33	110	24	282.783
-1.832596	1.658653	-2.409879	24	101	105	282.750
2.879793	0.906588	1.252948	30	101	103	282.620
2.356194	2.455966	-0.641220	36	6	15	282.617
2.879793	1.488617	1.159546	30	107	97	282.541
1.570796	1.413430	2.550734	27	6	104	282.541
-0.785398	1.977582	0.969896	11	11	21	282.438
0.000000	1.135834	-1.431087	27	6	23	282.396
0.785398	1.766067	2.153843	16	3	87	282.270
1.047198	2.404280	-0.174044	34	1	24	282.231
0.523599	0.419640	2.974122	28	109	102	282.222
-1.308997	1.741644	-2.695914	31	110	103	282.083
-1.308997	0.370812	-2.547742	24	91	106	282.033
0.785398	2.033014	2.977192	23	9	93	281.965
-1.570796	1.824694	1.850876	23	9	101	281.927
-0.523599	1.325504	-1.671296	30	110	21	281.924
2.094395	0.370812	-2.547742	30	17	111	281.862
1.047198	2.187132	-0.479875	32	8	24	281.788
-2.879793	2.295480	1.008277	29	111	95	281.664
1.570796	1.504028	0.636812	17	105	24	281.639
0.000000	2.356369	3.005869	26	4	94	281.626
-1.047198	1.194549	-0.801900	36	103	13	281.599
-1.308997	2.138223	1.678323	18	6	88	281.566
2.356194	1.135834	-1.431087	17	2	24	281.553
2.879793	1.766067	2.153843	36	105	1	281.545
0.785398	2.588535	-2.976617	31	12	109	281.487
0.523599	2.115563	0.685730	15	106	24	281.453
1.308997	0.899350	-2.069907	29	16	111	281.442
-0.785398	1.732874	-0.951685	32	104	12	281.382
2.617994	0.203748	0.590255	33	109	15	281.358
1.047198	1.875281	0.107086	24	1	27	281.326
-0.261799	1.662363	0.915448	9	9	22	281.285
0.261799	2.760637	2.781135	27	14	107	281.242
2.356194	1.301460	-0.509251	29	108	21	281.236
2.617994	2.379497	0.561089	33	7	23	281.200
-0.261799	2.760637	2.781135	26	6	95	281.195
-2.879793	1.218453	2.777284	30	7	103	281.145
2.356194	1.599406	1.426070	27	92	104	281.118
0.000000	1.554776	0.100351	22	6	27	281.051
0.523599	0.571433	-1.188419	35	17	7	281.034
0.523599	2.164094	-2.991358	26	7	97	281.019
0.785398	0.866395	-2.492918	33	13	14	281.014
2.356194	1.413347	-1.339188	21	4	24	280.992
1.570796	2.343981	-1.040456	35	1	17	280.944
2.617994	2.724429	-0.348782	37	7	10	280.904
1.047198	1.506530	1.988858	19	109	87	280.888
-2.879793	0.297065	2.160177	36	14	2	280.861
2.094395	1.310100	1.488307	23	2	91	280.779
1.308997	1.168678	2.108595	24	111	90	280.728
-1.047198	2.138223	1.678323	16	7	88	280.667
2.879793	2.089241	-0.114193	37	6	13	280.607
2.094395	1.025536	1.576859	25	4	93	280.557
2.356194	1.554776	0.100351	20	0	26	280.506
-1.570796	2.063651	-2.044600	30	99	1	280.436
-1.570796	2.164094	-2.991358	36	1	106	280.400
-1.308997	1.870545	-2.976234	32	3	103	280.395
-1.047198	1.214854	-1.966664	31	100	111	280.235
-0.261799	0.370812	-2.547742	32	104	110	280.148
0.000000	0.571433	-1.188419	40	9	8	280.098
-0.523599	1.242974	-2.977882	23	2	98	279.974
-1.308997	1.948085	-2.363031	34	105	108	279.953
-2.617994	1.045978	0.343692	32	106	22	279.856
-3.141593	1.809167	1.213774	38	1	18	279.802
2.094395	2.343981	-1.040456	34	8	18	279.791
-1.570796	0.203748	0.590255	39	12	7	279.729
1.047198	2.001437	0.381215	23	108	26	279.662
-3.141593	0.831641	0.616218	28	5	104	279.640
0.523599	1.214854	-1.966664	32	9	19	279.619
-1.832596	0.418037	1.360082	34	18	6	279.565
1.570796	0.297065	2.160177	28	2	101	279.442
-2.617994	1.195355	1.200319	28	11	106	279.319
1.047198	0.992645	-1.723759	30	15	110	279.297
0.261799	1.904882	-1.478089	29	108	21	279.271
-2.617994	0.700570	1.559208	39	9	7	279.225
-2.879793	1.025536	1.576859	40	4	8	279.223
-2.879793	1.014500	0.906702	32	106	108	279.219
0.261799	2.295480	1.008277	8	107	20	279.164
-0.523599	2.356369	3.005869	33	109	106	279.132
0.523599	0.379747	-1.713059	39	9	3	279.016
1.832596	1.982574	-1.115518	31	5	21	278.878
1.047198	1.948085	-2.363031	27	10	103	278.870
1.570796	2.456751	-1.503343	27	7	104	278.768
-2.879793	0.458961	-0.107937	28	111	110	278.729
0.785398	0.685216	-1.712745	35	14	3	278.723
1.308997	1.696674	-1.253233	27	3	24	278.552
2.617994	1.135834	-1.431087	17	1	24	278.509
-0.785398	0.960688	-0.577532	28	2	107	278.479
-1.308997	2.396274	-1.959260	35	101	5	278.461
-0.523599	1.606104	-0.451151	30	110	17	278.404
0.785398	0.379747	-1.713059	37	12	3	278.386
2.094395	2.247462	0.191623	35	106	4	278.336
-1.308997	2.456751	-1.503343	29	98	11	278.216
1.047198	2.041297	-2.664597	25	11	101	278.091
1.832596	2.664082	-1.071402	36	4	7	277.922
2.617994	1.195355	1.200319	29	96	107	277.821
0.785398	2.164094	-2.991358	25	10	96	277.793
-0.523599	0.850607	-1.335383	40	110	8	277.753
1.570796	1.869911	2.701025	15	10	87	277.661
-0.261799	0.571433	-1.188419	25	14	20	277.620
1.832596	1.050534	3.042579	29	111	104	277.588
1.047198	1.569311	-3.003978	25	11	98	277.572
2.879793	2.295480	1.008277	37	3	20	277.547
-1.832596	1.569311	-3.003978	26	1	101	277.381
-2.879793	1.335669	0.897240	29	3	101	277.363
-1.308997	2.295480	1.008277	13	15	20	277.360
-0.261799	2.041297	-2.664597	36	107	8	277.354
2.879793	1.872854	1.543456	28	3	102	277.322
1.832596	1.367556	0.358405	17	108	24	277.284
1.047198	1.325504	-1.671296	27	10	21	277.027
0.000000	1.134497	-1.109631	40	8	12	276.976
-2.879793	0.674054	1.013609	39	107	12	276.892
-2.617994	0.831641	0.616218	37	106	17	276.828
0.785398	1.433411	-1.035986	22	0	24	276.746
-2.356194	1.870545	-2.976234	28	107	103	276.731
-2.617994	2.592629	0.909713	28	3	97	276.566
0.785398	1.699788	2.452890	20	5	88	276.515
-3.141593	1.050534	3.042579	26	9	103	276.467
-2.094395	1.812176	0.656819	27	2	110	276.369
-1.832596	2.637879	2.121598	31	3	105	276.357
0.000000	1.218453	2.777284	33	105	106	276.331
1.832596	2.180315	-1.357379	32	9	19	276.252
-0.523599	0.733948	3.021411	25	96	101	276.159
0.523599	0.619654	-2.216909	38	2	110	276.134
1.832596	1.606104	-0.451151	16	11	25	276.128
-1.570796	0.370812	-2.547742	19	90	105	276.083
-1.832596	1.554776	0.100351	26	1	27	276.051
1.308997	1.766067	2.153843	17	2	85	275.984
1.832596	2.115563	0.685730	29	106	24	275.967
0.000000	0.615174	-0.666022	35	14	13	275.848
-2.356194	0.674054	1.013609	40	5	13	275.842
-2.617994	0.910508	1.903534	38	12	2	275.836
0.523599	1.617114	-1.572037	31	0	18	275.692
0.000000	1.504028	0.636812	12	7	24	275.686
2.356194	1.310100	1.488307	25	111	91	275.664
1.570796	0.370812	-2.547742	36	9	111	275.599
1.832596	2.089241	-0.114193	26	8	26	275.542
0.785398	2.456751	-1.503343	36	107	14	275.448
2.879793	2.299159	2.264663	34	101	3	275.381
1.570796	1.977582	0.969896	23	100	21	275.313
-2.356194	2.073035	2.027405	39	11	5	275.269
1.047198	1.050534	3.042579	26	9	98	275.237
-2.879793	1.310100	1.488307	41	3	11	275.207
1.832596	0.370812	-2.547742	33	14	111	275.164
-2.617994	1.184361	0.625864	35	111	22	275.061
0.261799	0.571433	-1.188419	38	13	7	275.024
2.879793	1.417623	-0.202254	36	1	17	274.971
-0.785398	2.153910	-1.714959	39	106	7	274.956
2.617994	1.310100	1.488307	30	97	102	274.908
-1.308997	0.685216	-1.712745	27	93	110	274.908
-2.094395	1.488617	1.159546	26	17	106	274.884
0.000000	2.393226	1.857173	12	8	86	274.876
-1.570796	0.709924	0.218797	31	2	0	274.870
0.523599	2.153910	-1.714959	34	107	18	274.870
-3.141593	2.073035	2.027405	39	108	5	274.759
0.785398	1.413430	2.550734	33	3	107	274.734
0.523599	1.413347	-1.339188	25	3	24	274.690
-0.785398	1.391910	3.030322	21	7	99	274.638
-0.785398	1.134497	-1.109631	38	108	13	274.618
-2.356194	2.247462	0.191623	25	19	4	274.601
1.832596	1.721184	-0.153948	19	7	27	274.599
-1.308997	1.325504	-1.671296	23	108	23	274.582
-2.094395	1.554776	0.100351	26	0	27	274.552
2.356194	1.014500	0.906702	29	107	98	274.473
1.832596	0.297065	2.160177	26	9	102	274.393
-2.356194	2.863997	0.549740	31	13	110	274.265
-0.785398	1.809167	1.213774	11	15	18	274.118
0.785398	0.914445	2.687814	37	1	1	274.080
-1.308997	1.662363	0.915448	21	16	22	273.991
-2.094395	1.569311	-3.003978	25	0	101	273.970
-1.570796	2.115563	0.685730	17	12	100	273.927
-0.261799	0.080730	-2.622036	28	108	106	273.860
2.879793	1.599406	1.426070	38	106	13	273.837
-3.141593	0.733948	3.021411	26	14	105	273.828
1.832596	0.929350	-2.910676	29	5	103	273.784
2.879793	1.875281	0.107086	35	4	6	273.763
-1.832596	1.488617	1.159546	21	12	105	273.709
2.094395	0.591903	2.010408	25	11	98	273.668
-1.570796	2.041297	-2.664597	34	107	106	273.667
1.308997	1.506530	1.988858	18	111	87	273.647
-0.785398	2.033014	2.977192	24	105	88	273.602
-1.570796	2.719179	-1.780644	29	97	10	273.565
-2.617994	1.869911	2.701025	34	0	106	273.522
2.617994	0.733948	3.021411	31	10	106	273.473
1.308997	1.440580	2.260026	19	2	88	273.329
2.617994	2.455966	-0.641220	35	10	15	273.321
2.617994	1.440580	2.260026	17	111	85	273.266
-1.570796	2.251330	-2.330739	34	102	0	273.250
-2.094395	1.045978	0.343692	35	0	22	273.183
0.261799	1.325504	-1.671296	30	4	22	273.149
-2.879793	2.115563	0.685730	31	10	24	273.146
-2.356194	1.488617	1.159546	25	13	103	273.143
-1.832596	0.496451	0.593859	40	7	12	273.104
1.308997	2.349581	-2.702517	22	14	97	272.987
0.785398	0.370812	-2.547742	38	111	111	272.914
1.570796	2.187132	-0.479875	27	13	24	272.838
-0.261799	2.719179	-1.780644	41	4	10	272.735
-0.261799	1.135813	-2.658866	30	106	103	272.725
0.785398	1.998705	2.370472	16	6	87	272.723
0.000000	1.824694	1.850876	12	0	86	272.703
2.094395	1.732874	-0.951685	29	3	23	272.679
-1.832596	1.504028	0.636812	21	16	111	272.647
1.570796	1.658653	-2.409879	21	15	105	272.613
-2.094395	1.391910	3.030322	25	5	101	272.583
2.356194	0.080730	-2.622036	29	18	3	272.461
-1.832596	1.662363	0.915448	23	14	108	272.445
-2.617994	1.413430	2.550734	34	7	105	272.416
2.617994	1.025536	1.576859	29	108	94	272.416
2.879793	2.001437	0.381215	34	3	2	272.388
-2.617994	2.295480	1.008277	30	8	106	272.365
0.523599	2.719179	-1.780644	37	104	8	272.325
-1.047198	0.571433	-1.188419	37	102	8	272.323
-0.785398	2.247462	0.191623	14	110	26	272.318
2.094395	1.506530	1.988858	27	6	103	272.292
-2.356194	1.504028	0.636812	30	13	0	272.278
-1.308997	1.606104	-0.451151	28	109	20	272.273
2.356194	0.733948	3.021411	32	7	106	272.215
2.617994	0.640596	-2.797608	24	16	107	272.122
-1.570796	2.033014	2.977192	34	7	105	272.117
2.356194	1.909857	-0.381669	35	0	17	272.091
-0.785398	1.662363	0.915448	15	12	21	272.007
-2.356194	0.591903	2.010408	33	17	1	271.913
-2.879793	2.637879	2.121598	40	110	8	271.902
1.570796	2.115563	0.685730	27	104	23	271.887
-0.785398	1.736875	3.023612	25	11	101	271.833
-1.047198	2.115563	0.685730	13	9	24	271.812
0.523599	1.433411	-1.035986	35	13	14	271.677
1.832596	2.295480	1.008277	30	101	20	271.615
0.261799	0.080730	-2.622036	27	7	107	271.468
-1.570796	2.704512	1.488683	24	7	94	271.398
-1.047198	1.998705	2.370472	22	0	89	271.164
-0.261799	1.977582	0.969896	8	5	21	271.135
-2.879793	2.138223	1.678323	31	1	104	271.085
-1.832596	1.256302	0.062705	31	111	25	270.925
-2.879793	1.134796	2.434290	34	8	107	270.850
-2.879793	0.419640	2.974122	24	18	109	270.847
-1.308997	1.869911	2.701025	27	8	102	270.823
-2.617994	1.367556	0.358405	30	110	25	270.803
-1.570796	1.488617	1.159546	27	18	17	270.787
1.308997	2.295480	1.008277	23	99	20	270.740
-0.523599	1.569311	-3.003978	26	7	99	270.697
-3.141593	1.875281	0.107086	22	5	27	270.609
0.785398	1.948085	-2.363031	36	6	7	270.599
1.047198	1.846342	-1.796954	26	16	111	270.465
2.094395	1.050534	3.042579	29	1	103	270.394
0.261799	2.115563	0.685730	13	108	24	270.372
-1.308997	1.374601	-2.456031	26	101	103	270.354
2.617994	1.555207	1.708892	25	105	89	270.345
-3.141593	2.295480	1.008277	36	8	20	270.185
-1.308997	2.164094	-2.991358	36	5	106	270.140
-1.308997	2.637879	2.121598	27	2	93	270.095
-2.094395	0.496451	0.593859	38	1	7	270.056
-0.523599	1.870545	-2.976234	29	10	102	270.037
1.047198	1.413347	-1.339188	26	6	22	270.007
-1.047198	1.741644	-2.695914	32	1	102	269.955
-0.785398	2.719179	-1.780644	39	107	10	269.952
-2.879793	0.864993	2.278281	35	10	110	269.926
2.879793	1.413347	-1.339188	20	4	24	269.886
-1.570796	1.440580	2.260026	23	12	103	269.842
-1.047198	1.413430	2.550734	19	15	103	269.836
-1.308997	1.128190	-2.288622	25	99	105	269.714
-0.523599	2.343981	-1.040456	35	104	17	269.712
-1.308997	2.719179	-1.780644	33	99	10	269.668
-0.785398	1.335669	0.897240	18	15	20	269.649
-0.785398	1.870545	-2.976234	30	8	102	269.649
1.308997	1.812176	0.656819	20	104	24	269.648
-0.523599	2.719179	-1.780644	41	111	9	269.630
-1.832596	1.812176	0.656819	23	16	111	269.614
-2.879793	1.824694	1.850876	41	3	6	269.606
2.094395	2.455966	-0.641220	37	2	14	269.567
2.617994	2.407836	1.410646	38	106	15	269.564
1.832596	1.247695	1.809890	31	110	104	269.500
2.617994	0.496451	0.593859	28	107	104	269.490
-1.047198	1.658653	-2.409879	33	108	104	269.455
0.261799	0.850607	-1.335383	39	11	7	269.412
0.785398	1.696674	-1.253233	28	0	22	269.409
-2.094395	2.247462	0.191623	21	20	4	269.400
1.308997	2.187132	-0.479875	30	11	24	269.382
-2.879793	2.379497	0.561089	27	2	96	269.290
1.047198	0.914445	2.687814	36	6	1	269.280
1.570796	0.906588	1.252948	25	103	95	269.215
-1.832596	2.115563	0.685730	20	14	24	269.153
-1.832596	0.615174	-0.666022	26	110	103	269.125
-0.785398	1.448123	-2.163292	34	104	108	269.118
1.832596	0.899350	-2.069907	21	15	106	269.111
2.094395	2.001437	0.381215	28	0	27	269.028
2.094395	1.683268	0.374177	24	109	25	268.986
0.785398	1.875281	0.107086	24	1	27	268.931
2.879793	1.050534	3.042579	27	7	103	268.912
1.308997	0.618092	2.539118	27	7	99	268.903
-1.047198	1.736875	3.023612	27	10	102	268.897
-1.570796	1.194549	-0.801900	24	8	24	268.842
-2.356194	2.295480	1.008277	29	17	20	268.755
-0.523599	0.458961	-0.107937	35	16	12	268.746
1.570796	1.756530	-2.105156	22	15	107	268.693
-0.785398	2.251330	-2.330739	40	2	111	268.678
-2.617994	1.506530	1.988858	39	9	3	268.624
0.261799	0.379747	-1.713059	27	16	17	268.597
-2.356194	0.864993	2.278281	31	16	109	268.454
0.261799	1.846342	-1.796954	33	110	19	268.451
2.094395	2.724429	-0.348782	37	110	10	268.417
2.879793	0.831641	0.616218	29	0	103	268.305
-2.617994	0.379747	-1.713059	17	91	109	268.265
1.570796	1.413347	-1.339188	23	5	24	268.259
-1.047198	2.247462	0.191623	13	0	26	268.217
1.308997	1.310100	1.488307	20	103	90	268.151
-2.356194	2.587733	0.232235	26	18	1	268.134
1.047198	1.256302	0.062705	14	8	25	268.088
1.570796	1.433411	-1.035986	23	1	25	268.085
-2.879793	2.073035	2.027405	40	1	5	267.929
1.308997	0.640596	-2.797608	35	2	107	267.902
-1.047198	1.569311	-3.003978	28	106	105	267.891
-0.523599	1.194549	-0.801900	28	2	107	267.873
2.617994	1.488617	1.159546	34	102	17	267.865
1.832596	1.417623	-0.202254	15	6	25	267.800
2.356194	1.982574	-1.115518	29	6	17	267.793
-1.308997	2.153910	-1.714959	32	99	7	267.782
-2.356194	1.977582	0.969896	31	9	107	267.756
-0.785398	2.379497	0.561089	9	2	23	267.755
0.523599	1.256302	0.062705	18	10	24	267.754
-0.523599	1.504028	0.636812	16	11	24	267.743
-2.617994	2.073035	2.027405	40	6	5	267.691
-1.047198	2.478122	2.609777	34	107	108	267.615
2.879793	1.218453	2.777284	30	3	104	267.445
-1.047198	2.356369	3.005869	34	13	109	267.439
0.261799	0.290380	-0.796960	33	18	7	267.367
1.308997	1.050534	3.042579	21	110	87	267.187
-1.832596	2.033014	2.977192	35	4	105	267.130
2.094395	0.929350	-2.910676	28	7	103	267.123
-1.832596	2.592629	0.909713	27	14	107	267.012
1.047198	1.134796	2.434290	34	3	109	266.952
-1.047198	1.510910	-0.740472	33	102	16	266.919
-0.261799	1.194549	-0.801900	39	6	17	266.911
-1.308997	2.041297	-2.664597	35	111	106	266.839
2.617994	1.134497	-1.109631	21	111	24	266.745
-3.141593	1.766067	2.153843	38	109	1	266.717
-1.308997	2.251330	-2.330739	37	106	111	266.697
-2.617994	1.417623	-0.202254	30	1	10	266.653
1.308997	0.700570	1.559208	26	103	97	266.555
1.308997	0.914445	2.687814	33	4	109	266.522
-2.094395	1.741644	-2.695914	25	105	103	266.498
2.879793	2.138223	1.678323	39	106	10	266.475
-0.785398	1.696674	-1.253233	37	105	13	266.458
1.570796	1.836682	-0.676006	28	108	22	266.406
-0.523599	1.836682	-0.676006	31	106	16	266.371
-2.617994	0.733948	3.021411	21	14	105	266.303
1.832596	0.619654	-2.216909	26	18	110	266.289
1.047198	1.606104	-0.451151	25	8	21	266.254
1.047198	1.812176	0.656819	17	106	25	266.213
1.308997	2.247462	0.191623	30	109	25	266.146
-2.879793	1.555207	1.708892	41	4	8	266.143
0.000000	0.080730	-2.622036	34	104	1	266.102
2.617994	1.184361	0.625864	30	108	100	266.084
0.523599	1.504028	0.636812	11	2	24	266.070
-1.308997	2.407836	1.410646	19	9	90	265.974
-0.261799	1.134497	-1.109631	41	4	12	265.940
2.356194	1.025536	1.576859	26	3	93	265.940
1.832596	1.617114	-1.572037	24	10	23	265.884
1.570796	2.396274	-1.959260	28	3	104	265.868
-1.047198	1.504028	0.636812	22	13	24	265.844
-2.617994	1.168678	2.108595	37	11	111	265.758
0.261799	0.992645	-1.723759	29	9	21	265.657
0.261799	1.367556	0.358405	15	8	25	265.627
1.832596	1.440580	2.260026	28	9	104	265.622
-1.308997	2.063651	-2.044600	34	102	1	265.578
2.879793	1.721184	-0.153948	37	3	15	265.565
2.094395	1.247695	1.809890	26	103	90	265.540
-0.785398	2.164094	-2.991358	33	11	106	265.433
0.523599	2.455966	-0.641220	37	1	20	265.414
-2.879793	2.587733	0.232235	27	7	101	265.363
-0.523599	1.391910	3.030322	31	102	107	265.360
1.047198	2.115563	0.685730	21	103	24	265.356
-0.261799	1.374601	-2.456031	31	111	99	265.325
0.523599	0.866955	-0.931351	32	17	12	265.313
-0.785398	1.367556	0.358405	24	11	25	265.262
1.047198	0.640596	-2.797608	35	0	107	265.238
-1.308997	1.113094	-0.272241	33	110	16	265.185
-0.785398	2.180315	-1.357379	36	103	13	265.049
-0.261799	1.214854	-1.966664	33	0	20	264.971
1.832596	0.906588	1.252948	35	107	1	264.967
-2.356194	1.599406	1.426070	26	14	102	264.958
-3.141593	2.404280	-0.174044	35	11	12	264.941
0.261799	1.617114	-1.572037	29	0	23	264.938
1.047198	2.104282	-0.813972	32	10	19	264.906
0.523599	1.367556	0.358405	14	6	25	264.879
-0.785398	2.407836	1.410646	14	11	90	264.852
-1.570796	1.242974	-2.977882	21	2	99	264.694
1.832596	2.001437	0.381215	27	110	27	264.645
2.094395	2.108018	1.311430	31	99	16	264.590
-1.570796	2.108018	1.311430	22	20	16	264.574
2.094395	2.379497	0.561089	34	0	23	264.561
-0.785398	2.104282	-0.813972	30	100	15	264.520
-1.047198	1.872854	1.543456	15	20	12	264.467
-1.308997	1.417623	-0.202254	29	111	26	264.461
-0.523599	2.041297	-2.664597	34	4	107	264.351
2.094395	1.135834	-1.431087	17	3	24	264.343
1.047198	0.685216	-1.712745	32	17	2	264.309
-1.047198	2.379497	0.561089	9	5	23	264.224
1.308997	1.869911	2.701025	18	11	90	264.188
-1.047198	0.370812	-2.547742	26	93	105	264.112
-2.879793	0.914445	2.687814	30	11	106	264.110
0.000000	2.379497	0.561089	13	105	23	263.991
-1.047198	2.456751	-1.503343	34	100	11	263.944
0.000000	2.979456	-1.009304	38	107	14	263.942
0.785398	1.617114	-1.572037	31	1	19	263.820
-0.785398	1.574060	2.783565	24	2	101	263.792
2.617994	1.050534	3.042579	28	4	102	263.712
-2.356194	0.700570	1.559208	38	13	7	263.687
-2.094395	2.588535	-2.976617	37	104	2	263.665
0.261799	0.864993	2.278281	22	101	93	263.660
-2.356194	1.195355	1.200319	38	10	15	263.640
0.523599	2.299159	2.264663	13	6	85	263.622
1.308997	0.685216	-1.712745	28	19	2	263.592
-0.785398	2.001437	0.381215	15	4	27	263.544
1.308997	1.413347	-1.339188	24	4	24	263.477
0.261799	2.104282	-0.813972	37	4	20	263.432
2.356194	2.664082	-1.071402	34	13	12	263.428
-0.261799	1.824694	1.850876	11	0	85	263.398
0.523599	0.850607	-1.335383	36	14	8	263.376
1.308997	2.115563	0.685730	24	103	24	263.344
0.000000	0.290380	-0.796960	37	15	7	263.237
-2.879793	1.367556	0.358405	30	110	23	263.224
0.261799	1.662363	0.915448	8	2	22	263.147
0.261799	1.134497	-1.109631	21	4	24	263.062
-0.785398	1.812176	0.656819	14	9	25	263.036
1.570796	1.168678	2.108595	23	5	91	263.017
-2.094395	1.504028	0.636812	31	8	24	262.957
0.000000	1.555207	1.708892	11	108	87	262.954
1.570796	2.153910	-1.714959	32	11	18	262.908
-1.570796	1.134497	-1.109631	25	4	25	262.884
1.308997	1.909857	-0.381669	27	7	22	262.851
1.832596	0.591903	2.010408	27	3	96	262.765
0.785398	1.904882	-1.478089	31	0	22	262.696
-3.141593	1.683268	0.374177	27	1	26	262.646
0.000000	2.153910	-1.714959	40	7	7	262.622
1.832596	2.343981	-1.040456	35	3	11	262.534
0.261799	1.214854	-1.966664	27	6	99	262.518
-0.523599	1.413430	2.550734	26	104	102	262.493
-1.832596	1.869911	2.701025	33	9	105	262.427
-0.261799	2.187132	-0.479875	30	107	24	262.425
-2.617994	0.864993	2.278281	33	14	110	262.418
-1.308997	1.195355	1.200319	17	17	106	262.325
-1.047198	2.704512	1.488683	27	12	106	262.320
-1.308997	2.247462	0.191623	13	2	26	262.232
-0.261799	1.732874	-0.951685	39	0	18	262.215
0.785398	1.721184	-0.153948	25	6	27	262.200
2.879793	1.325504	-1.671296	15	4	23	262.153
-1.832596	2.349581	-2.702517	35	105	110	262.102
-1.308997	2.108018	1.311430	17	19	16	262.099
-2.094395	0.458961	-0.107937	26	9	109	262.089
-0.261799	2.979456	-1.009304	36	103	14	262.060
1.308997	1.574060	2.783565	21	11	92	262.044
-2.617994	0.674054	1.013609	41	0	12	261.957
0.785398	0.733948	3.021411	28	5	101	261.952
-1.570796	0.961715	0.014085	36	1	21	261.897
1.047198	2.033014	2.977192	25	13	105	261.843
-1.308997	2.704512	1.488683	28	11	105	261.818
-2.879793	1.569311	-3.003978	23	111	102	261.805
-0.261799	1.504028	0.636812	14	9	24	261.757
0.000000	1.325504	-1.671296	30	3	22	261.687
-2.617994	1.025536	1.576859	40	9	8	261.612
-2.879793	2.704512	1.488683	32	106	103	261.487
1.570796	0.418037	1.360082	27	102	100	261.451
1.570796	0.914445	2.687814	32	7	109	261.408
1.570796	1.256302	0.062705	13	3	25	261.336
1.832596	1.977582	0.969896	27	101	20	261.150
0.785398	1.050534	3.042579	27	6	99	261.114
2.094395	0.640596	-2.797608	30	13	108	261.084
-1.047198	1.662363	0.915448	18	14	21	261.059
0.523599	2.041297	-2.664597	36	5	3	261.033
0.785398	1.256302	0.062705	16	9	24	261.021
0.261799	1.504028	0.636812	11	5	24	260.957
2.617994	1.721184	-0.153948	18	4	26	260.935
0.523599	1.812176	0.656819	13	110	25	260.926
-0.261799	1.218453	2.777284	30	103	106	260.882
-2.094395	0.910508	1.903534	22	14	97	260.796
1.047198	1.617114	-1.572037	30	7	20	260.764
-2.356194	0.910508	1.903534	36	15	2	260.737
-1.047198	2.407836	1.410646	16	10	90	260.710
0.523599	1.741644	-2.695914	37	2	4	260.683
1.308997	2.455966	-0.641220	34	9	18	260.642
-2.094395	1.574060	2.783565	30	7	103	260.609
1.570796	0.864993	2.278281	26	4	93	260.590
-1.570796	1.574060	2.783565	26	11	103	260.589
-2.356194	1.554776	0.100351	25	0	27	260.472
0.523599	2.588535	-2.976617	33	9	109	260.471
-2.094395	1.256302	0.062705	30	109	25	260.429
-1.308997	1.510910	-0.740472	30	103	21	260.394
-2.356194	1.025536	1.576859	39	13	7	260.353
-1.308997	2.379497	0.561089	11	8	23	260.283
-0.523599	1.218453	2.777284	26	103	105	260.274
0.000000	1.812176	0.656819	12	3	25	260.211
-2.617994	0.709924	0.218797	26	8	108	260.202
-0.261799	0.419640	2.974122	26	98	104	260.197
1.308997	2.579248	-2.364801	27	3	99	260.127
2.094395	1.413430	2.550734	27	101	102	260.118
-2.879793	2.478122	2.609777	36	104	2	260.109
-1.832596	0.762244	-0.273349	35	104	17	260.071
1.570796	0.899350	-2.069907	26	18	110	260.000
-2.879793	0.496451	0.593859	27	8	105	259.980
1.047198	1.440580	2.260026	22	0	87	259.975
-2.617994	1.391910	3.030322	25	4	103	259.968
-2.617994	1.504028	0.636812	33	2	24	259.953
1.308997	1.391910	3.030322	22	13	96	259.825
0.785398	1.214854	-1.966664	33	13	0	259.824
-1.570796	0.992645	-1.723759	26	107	22	259.813
-1.832596	2.407836	1.410646	26	20	15	259.772
-0.785398	2.979456	-1.009304	28	97	14	259.769
1.832596	0.864993	2.278281	24	10	95	259.738
-2.356194	1.168678	2.108595	35	15	111	259.692
1.832596	2.587733	0.232235	36	0	17	259.682
-0.523599	2.637879	2.121598	21	9	92	259.656
-1.308997	2.001437	0.381215	16	7	27	259.648
-1.832596	1.617114	-1.572037	16	109	23	259.633
-0.523599	1.909857	-0.381669	27	106	19	259.619
0.523599	1.391910	3.030322	27	3	96	259.605
-0.261799	2.393226	1.857173	15	9	88	259.554
0.785398	1.812176	0.656819	15	108	24	259.517
-1.570796	1.875281	0.107086	20	3	28	259.435
-0.785398	2.041297	-2.664597	36	6	105	259.434
2.356194	2.704512	1.488683	36	102	13	259.390
-1.308997	1.766067	2.153843	22	15	105	259.317
0.785398	1.440580	2.260026	20	111	88	259.150
-0.261799	1.391910	3.030322	32	105	107	259.145
-2.879793	1.977582	0.969896	30	7	107	259.091
2.094395	2.664082	-1.071402	36	9	13	259.018
-1.570796	1.756530	-2.105156	28	98	110	259.017
1.047198	0.619654	-2.216909	36	10	110	258.961
-2.356194	0.961715	0.014085	31	103	21	258.934
0.000000	1.662363	0.915448	8	5	22	258.886
2.094395	1.440580	2.260026	26	10	103	258.849
-0.523599	1.846342	-1.796954	41	110	3	258.839
0.000000	1.606104	-0.451151	32	6	24	258.830
-0.261799	1.050534	3.042579	26	102	100	258.827
1.047198	2.349581	-2.702517	24	12	99	258.797
1.047198	1.218453	2.777284	25	8	95	258.767
-1.047198	2.063651	-2.044600	37	105	2	258.690
-0.523599	1.134497	-1.109631	23	6	24	258.604
-0.523599	1.662363	0.915448	11	11	22	258.597
2.879793	0.709924	0.218797	29	107	106	258.542
1.832596	2.592629	0.909713	34	104	19	258.521
-2.879793	1.662363	0.915448	37	4	20	258.502
1.570796	2.719179	-1.780644	35	12	11	258.499
-3.141593	2.138223	1.678323	32	108	104	258.480
-1.047198	1.184361	0.625864	26	15	22	258.450
1.832596	1.413430	2.550734	19	10	88	258.417
2.879793	1.977582	0.969896	28	108	92	258.391
1.308997	2.396274	-1.959260	30	111	104	258.353
0.261799	2.637879	2.121598	14	12	90	258.338
2.617994	1.824694	1.850876	25	4	101	258.294
-1.308997	2.760637	2.781135	31	106	107	258.285
0.523599	2.295480	1.008277	12	103	19	258.266
-1.570796	0.866955	-0.931351	25	110	106	258.265
-2.356194	1.134796	2.434290	31	14	106	258.242
-2.356194	1.875281	0.107086	21	4	28	258.231
-2.617994	0.618092	2.539118	28	16	109	258.205
-2.617994	0.961715	0.014085	26	7	111	258.126
2.879793	0.640596	-2.797608	22	16	106	258.044
2.879793	1.184361	0.625864	29	101	22	258.015
0.785398	2.379497	0.561089	23	102	23	258.012
-2.356194	1.045978	0.343692	34	109	22	257.979
2.879793	1.606104	-0.451151	34	3	19	257.888
-1.832596	1.683268	0.374177	26	4	23	257.841
-1.308997	1.545873	-1.877082	31	99	0	257.775
-1.570796	1.335669	0.897240	29	15	20	257.748
0.261799	1.909857	-0.381669	31	3	25	257.698
-0.523599	0.866955	-0.931351	40	3	13	257.664
-1.570796	2.295480	1.008277	17	17	20	257.604
2.879793	1.014500	0.906702	28	4	100	257.598
-1.047198	1.948085	-2.363031	26	105	96	257.573
0.000000	2.456751	-1.503343	41	5	11	257.538
-3.141593	1.440580	2.260026	37	1	110	257.521
-1.570796	1.113094	-0.272241	33	108	22	257.419
-1.308997	1.904882	-1.478089	31	98	9	257.412
-1.570796	0.379747	-1.713059	33	107	17	257.370
2.617994	0.418037	1.360082	26	10	102	257.359
-2.094395	2.108018	1.311430	28	7	102	257.350
0.261799	1.606104	-0.451151	30	8	24	257.330
1.832596	2.456751	-1.503343	33	12	16	257.198
1.570796	1.736875	3.023612	18	15	94	257.167
1.570796	1.417623	-0.202254	15	8	26	257.133
2.356194	1.606104	-0.451151	32	3	17	257.108
-1.308997	2.579248	-2.364801	39	107	4	257.108
-2.094395	0.709924	0.218797	36	107	11	257.098
0.523599	1.875281	0.107086	24	0	26	257.026
-0.523599	1.732874	-0.951685	37	109	18	257.010
2.617994	0.866395	-2.492918	10	10	87	256.992
-1.047198	0.619654	-2.216909	28	100	110	256.982
0.000000	1.184361	0.625864	12	12	22	256.978
2.356194	1.732874	-0.951685	28	5	23	256.944
-2.094395	2.356369	3.005869	38	111	110	256.937
0.261799	1.417623	-0.202254	25	11	26	256.926
-2.879793	1.870545	-2.976234	24	104	102	256.897
-3.141593	1.045978	0.343692	30	0	1	256.884
2.356194	0.496451	0.593859	36	106	10	256.884
1.047198	2.881233	-2.582574	31	13	111	256.870
-0.261799	1.545873	-1.877082	40	1	1	256.857
1.570796	2.295480	1.008277	27	100	20	256.850
-1.570796	2.001437	0.381215	18	6	27	256.818
0.523599	1.247695	1.809890	15	104	89	256.774
2.094395	0.379747	-1.713059	9	16	95	256.771
2.094395	1.977582	0.969896	30	103	21	256.547
2.356194	1.872854	1.543456	27	0	103	256.474
-0.785398	1.982574	-1.115518	35	103	16	256.395
2.356194	1.433411	-1.035986	24	2	24	256.325
-2.094395	0.906588	1.252948	37	14	12	256.272
0.523599	1.606104	-0.451151	29	9	24	256.219
-2.356194	1.574060	2.783565	31	6	103	256.165
-1.047198	1.836682	-0.676006	28	104	23	256.133
2.094395	1.699788	2.452890	15	9	86	256.084
0.785398	1.325504	-1.671296	33	16	4	256.059
-2.617994	1.247695	1.809890	40	10	4	256.030
1.047198	2.379497	0.561089	26	103	23	255.965
-0.785398	1.658653	-2.409879	33	105	0	255.958
-0.523599	1.450119	-2.739050	29	2	100	255.942
0.785398	1.448123	-2.163292	33	10	17	255.923
0.000000	0.458961	-0.107937	17	17	108	255.910
1.832596	1.732874	-0.951685	29	1	23	255.895
0.523599	1.555207	1.708892	12	107	87	255.790
-1.308997	2.174483	2.653697	30	9	105	255.782
-0.523599	1.367556	0.358405	21	11	25	255.755
0.000000	2.063651	-2.044600	35	105	14	255.743
2.356194	1.488617	1.159546	26	91	106	255.701
1.570796	1.909857	-0.381669	23	11	26	255.682
-0.785398	1.904882	-1.478089	38	104	10	255.484
0.785398	1.545873	-1.877082	31	13	109	255.473
1.570796	1.606104	-0.451151	18	12	25	255.407
-2.094395	1.184361	0.625864	35	6	22	255.354
-0.523599	1.510910	-0.740472	33	110	14	255.324
1.308997	1.977582	0.969896	20	100	21	255.208
-0.785398	2.456751	-1.503343	37	104	11	255.087
-0.523599	1.872854	1.543456	8	3	86	255.052
-2.617994	0.297065	2.160177	33	17	2	254.972
2.879793	1.335669	0.897240	37	3	2	254.890
-1.047198	1.699788	2.452890	19	109	88	254.890
1.308997	1.134796	2.434290	32	1	106	254.837
-0.261799	1.134796	2.434290	28	100	105	254.785
-0.785398	0.370812	-2.547742	26	101	106	254.512
-1.047198	0.203748	0.590255	33	18	7	254.462
-1.832596	1.809167	1.213774	24	11	104	254.447
1.570796	1.506530	1.988858	20	1	87	254.434
-1.570796	2.407836	1.410646	21	20	15	254.431
1.047198	0.297065	2.160177	28	109	103	254.388
1.308997	2.001437	0.381215	25	108	26	254.349
-1.047198	1.545873	-1.877082	24	105	21	254.345
2.617994	2.704512	1.488683	38	107	14	254.338
-3.141593	2.393226	1.857173	40	110	10	254.327
-1.047198	1.128190	-2.288622	27	104	103	254.323
2.356194	0.203748	0.590255	35	107	12	254.281
-2.094395	1.417623	-0.202254	25	106	26	254.234
0.261799	2.456751	-1.503343	39	6	8	254.170
1.832596	1.846342	-1.796954	26	14	20	254.170
-1.047198	1.809167	1.213774	16	17	16	254.045
-1.308997	2.349581	-2.702517	38	0	111	254.022
-2.094395	0.733948	3.021411	11	111	88	254.001
-1.308997	0.992645	-1.723759	29	107	21	253.981
-2.617994	1.846342	-1.796954	10	3	20	253.957
-0.261799	2.587733	0.232235	16	102	22	253.895
-2.356194	0.418037	1.360082	40	11	6	253.838
-0.785398	2.664082	-1.071402	31	99	15	253.816
2.879793	0.080730	-2.622036	18	19	110	253.763
2.879793	2.704512	1.488683	40	111	13	253.753
0.785398	0.290380	-0.796960	25	22	6	253.715
-3.141593	1.554776	0.100351	29	3	108	253.668
-1.570796	1.195355	1.200319	20	15	106	253.606
-1.570796	1.569311	-3.003978	27	2	100	253.516
-1.570796	2.356369	3.005869	38	6	109	253.508
1.308997	0.992645	-1.723759	26	17	110	253.422
1.570796	1.218453	2.777284	22	13	94	253.412
2.094395	2.138223	1.678323	24	89	102	253.305
-1.308997	1.301460	-0.509251	32	106	22	253.274
0.523599	2.724429	-0.348782	36	107	19	253.213
0.000000	1.367556	0.358405	17	10	25	253.175
-0.261799	1.367556	0.358405	19	11	25	253.080
1.047198	2.174483	2.653697	17	10	88	253.031
1.047198	2.979456	-1.009304	30	97	100	252.995
-2.094395	0.831641	0.616218	30	4	107	252.978
-2.356194	1.367556	0.358405	29	15	3	252.947
-2.879793	1.504028	0.636812	33	0	24	252.920
-1.308997	1.617114	-1.572037	20	108	23	252.891
0.785398	2.295480	1.008277	15	101	20	252.764
-0.523599	1.417623	-0.202254	30	5	25	252.762
-1.308997	0.458961	-0.107937	41	3	12	252.731
-1.308997	1.909857	-0.381669	22	106	26	252.708
2.094395	2.180315	-1.357379	31	11	19	252.645
0.000000	1.128190	-2.288622	36	2	16	252.636
2.356194	2.592629	0.909713	37	108	13	252.636
-1.047198	2.404280	-0.174044	14	105	25	252.553
2.094395	1.872854	1.543456	25	90	105	252.542
-2.356194	1.869911	2.701025	35	4	106	252.459
-0.261799	2.180315	-1.357379	41	111	12	252.438
-1.308997	1.658653	-2.409879	22	102	94	252.402
-1.570796	1.545873	-1.877082	26	95	0	252.391
2.094395	0.864993	2.278281	34	103	109	252.357
-1.832596	1.574060	2.783565	29	9	102	252.325
-2.617994	1.050534	3.042579	23	9	102	252.320
-1.832596	2.001437	0.381215	19	9	27	252.124
2.094395	2.863997	0.549740	39	2	17	252.119
-1.832596	0.914445	2.687814	14	1	87	252.074
1.308997	2.041297	-2.664597	23	14	100	252.052
0.523599	2.404280	-0.174044	32	108	24	252.032
2.356194	0.929350	-2.910676	26	8	103	252.017
1.047198	0.379747	-1.713059	34	16	3	252.003
1.047198	1.025536	1.576859	21	101	91	251.949
0.261799	1.413347	-1.339188	25	0	24	251.903
-0.261799	1.045978	0.343692	21	14	22	251.851
-0.523599	0.370812	-2.547742	27	104	106	251.834
-2.094395	1.948085	-2.363031	25	99	107	251.769
0.785398	2.863997	0.549740	27	98	17	251.687
-0.785398	1.374601	-2.456031	31	105	103	251.576
-2.879793	1.440580	2.260026	37	4	110	251.560
2.879793	1.135834	-1.431087	17	0	24	251.553
-1.308997	2.089241	-0.114193	17	109	26	251.547
-0.261799	1.554776	0.100351	23	6	27	251.531
-1.832596	0.961715	0.014085	35	109	21	251.438
-0.261799	2.456751	-1.503343	41	0	11	251.425
-1.832596	1.325504	-1.671296	19	108	23	251.399
0.785398	1.504028	0.636812	12	111	24	251.384
-1.832596	2.881233	-2.582574	36	102	8	251.346
-2.617994	2.379497	0.561089	25	6	96	251.220
-1.047198	1.256302	0.062705	30	7	25	251.188
0.785398	1.909857	-0.381669	30	6	25	251.156
-0.523599	2.404280	-0.174044	21	103	24	251.126
-0.523599	1.440580	2.260026	25	107	104	251.091
-0.523599	1.128190	-2.288622	34	107	16	251.077
-1.570796	1.256302	0.062705	31	2	25	251.064
1.308997	1.128190	-2.288622	28	11	104	251.059
2.617994	0.700570	1.559208	30	101	100	251.020
-0.785398	1.488617	1.159546	14	17	17	251.006
-0.523599	1.617114	-1.572037	40	109	8	250.999
-1.047198	1.301460	-0.509251	33	107	16	250.996
1.570796	1.982574	-1.115518	31	2	22	250.992
-1.047198	0.899350	-2.069907	31	101	1	250.985
1.047198	0.850607	-1.335383	28	20	7	250.981
-2.094395	1.135834	-1.431087	22	110	24	250.870
-2.094395	1.413430	2.550734	30	12	105	250.759
-0.261799	2.001437	0.381215	15	1	27	250.734
2.617994	0.831641	0.616218	29	107	102	250.707
-2.094395	1.195355	1.200319	36	14	15	250.612
-0.523599	1.982574	-1.115518	37	107	16	250.550
0.261799	0.866955	-0.931351	36	15	12	250.478
-2.094395	2.379497	0.561089	18	14	23	250.473
-0.523599	2.001437	0.381215	15	1	27	250.472
-1.308997	1.413347	-1.339188	30	95	5	250.440
2.879793	2.637879	2.121598	36	101	8	250.414
2.094395	0.910508	1.903534	24	9	94	250.399
-1.047198	1.440580	2.260026	15	110	87	250.359
-2.617994	2.478122	2.609777	38	108	2	250.336
-1.047198	2.108018	1.311430	13	10	89	250.303
1.308997	1.617114	-1.572037	29	9	20	250.271
-1.570796	2.379497	0.561089	18	18	110	250.250
-2.356194	0.379747	-1.713059	20	92	109	250.197
-1.047198	1.812176	0.656819	17	10	25	250.093
-2.617994	2.587733	0.232235	30	16	1	250.092
0.261799	1.194549	-0.801900	35	12	16	249.994
-2.094395	1.025536	1.576859	36	16	7	249.972
-0.785398	1.554776	0.100351	25	6	27	249.960
0.523599	1.134497	-1.109631	35	15	12	249.762
-0.523599	2.295480	1.008277	6	6	20	249.732
-0.785398	1.875281	0.107086	20	2	28	249.712
-2.094395	1.977582	0.969896	28	12	106	249.655
1.047198	0.370812	-2.547742	38	4	0	249.514
-1.308997	1.433411	-1.035986	33	102	12	249.420
-1.832596	1.599406	1.426070	24	16	104	249.259
1.047198	1.977582	0.969896	16	102	21	249.254
-2.094395	1.875281	0.107086	20	3	28	249.161
1.832596	0.379747	-1.713059	20	18	110	249.139
2.617994	1.836682	-0.676006	31	4	15	249.137
-0.523599	2.455966	-0.641220	28	99	15	249.132
1.832596	1.836682	-0.676006	18	15	23	249.105
2.094395	1.168678	2.108595	25	107	89	249.081
0.261799	1.872854	1.543456	9	111	86	249.038
1.047198	0.618092	2.539118	28	111	98	249.006
1.570796	1.662363	0.915448	20	101	21	248.982
0.261799	1.812176	0.656819	12	1	25	248.969
-1.047198	1.554776	0.100351	25	1	22	248.828
-1.308997	0.571433	-1.188419	33	5	20	248.821
-1.047198	1.045978	0.343692	31	12	22	248.754
1.308997	1.846342	-1.796954	31	10	20	248.674
1.047198	1.662363	0.915448	12	105	22	248.652
-0.785398	1.135813	-2.658866	26	103	101	248.614
-1.832596	2.174483	2.653697	37	9	108	248.574
-3.141593	0.458961	-0.107937	27	106	109	248.543
-0.523599	2.704512	1.488683	13	12	90	248.532
1.832596	1.433411	-1.035986	24	1	25	248.527
-1.570796	0.850607	-1.335383	29	0	23	248.461
-2.356194	1.218453	2.777284	27	10	103	248.459
-2.617994	1.554776	0.100351	24	111	27	248.437
-0.261799	1.756530	-2.105156	29	0	99	248.366
1.832596	2.104282	-0.813972	20	18	21	248.346
-2.094395	2.115563	0.685730	23	14	24	248.308
0.523599	0.910508	1.903534	17	104	88	248.282
-1.308997	2.478122	2.609777	32	104	107	248.270
-2.094395	2.637879	2.121598	25	105	90	248.244
-2.617994	1.809167	1.213774	30	6	103	248.230
2.094395	2.592629	0.909713	36	107	19	248.204
-1.047198	2.396274	-1.959260	38	105	5	248.150
-1.047198	1.113094	-0.272241	32	1	15	248.140
0.000000	1.256302	0.062705	22	12	25	248.132
1.570796	1.128190	-2.288622	25	12	104	248.064
-1.832596	1.242974	-2.977882	21	2	99	248.051
1.308997	1.662363	0.915448	16	102	22	247.915
-1.570796	1.301460	-0.509251	29	104	23	247.895
-1.047198	1.374601	-2.456031	28	105	104	247.839
-1.047198	1.448123	-2.163292	31	99	109	247.781
-3.141593	2.637879	2.121598	38	106	8	247.780
-1.570796	2.073035	2.027405	26	6	101	247.754
2.356194	1.134497	-1.109631	20	0	25	247.716
0.000000	1.545873	-1.877082	29	3	101	247.706
0.000000	2.587733	0.232235	19	101	22	247.670
1.570796	2.863997	0.549740	37	107	17	247.664
0.785398	1.367556	0.358405	14	4	25	247.636
-1.570796	1.374601	-2.456031	24	101	103	247.578
-1.832596	0.831641	0.616218	38	8	18	247.564
-2.356194	0.297065	2.160177	29	17	2	247.446
-1.308997	0.379747	-1.713059	35	110	17	247.338
-2.617994	2.001437	0.381215	24	9	27	247.322
2.094395	0.866395	-2.492918	16	11	88	247.300
0.000000	1.872854	1.543456	7	0	86	247.268
-0.785398	1.504028	0.636812	18	12	24	247.121
0.261799	1.510910	-0.740472	35	9	19	247.078
-1.570796	2.174483	2.653697	33	6	105	247.012
-1.570796	0.674054	1.013609	34	17	12	246.986
-2.094395	0.379747	-1.713059	24	90	110	246.963
0.523599	1.904882	-1.478089	37	13	8	246.939
-1.308997	0.961715	0.014085	36	5	21	246.923
0.785398	2.299159	2.264663	12	7	85	246.921
0.785398	2.073035	2.027405	12	4	86	246.919
-1.570796	1.606104	-0.451151	25	105	25	246.867
-3.141593	2.001437	0.381215	27	7	26	246.866
-0.261799	2.664082	-1.071402	37	106	16	246.834
-1.308997	0.591903	2.010408	14	17	107	246.810
-2.356194	1.812176	0.656819	29	10	25	246.794
0.785398	2.115563	0.685730	18	104	24	246.751
1.832596	1.134796	2.434290	23	9	90	246.656
2.356194	1.440580	2.260026	18	110	85	246.652
2.617994	1.606104	-0.451151	34	0	19	246.645
-0.261799	2.455966	-0.641220	32	104	20	246.615
1.047198	1.504028	0.636812	13	109	24	246.542
-2.094395	1.134796	2.434290	28	15	106	246.502
0.000000	1.977582	0.969896	7	2	22	246.469
-0.261799	1.413347	-1.339188	25	0	24	246.451
-2.356194	1.699788	2.452890	36	8	107	246.311
-1.570796	1.554776	0.100351	26	2	27	246.310
-1.570796	0.571433	-1.188419	33	2	20	246.308
1.308997	1.218453	2.777284	30	5	107	246.279
-2.094395	2.001437	0.381215	21	9	27	246.261
2.356194	1.836682	-0.676006	32	1	15	246.218
-1.832596	2.579248	-2.364801	33	99	4	246.189
-3.141593	1.014500	0.906702	31	98	109	246.125
-2.617994	1.766067	2.153843	39	6	1	246.081
1.570796	0.929350	-2.910676	30	3	103	246.030
2.879793	1.869911	2.701025	26	103	100	245.885
-1.832596	1.310100	1.488307	22	15	103	245.864
-1.047198	2.349581	-2.702517	39	4	110	245.855
-1.308997	1.247695	1.809890	15	13	97	245.851
-0.785398	0.674054	1.013609	13	16	103	245.814
-2.094395	2.592629	0.909713	29	13	108	245.780
1.832596	1.599406	1.426070	29	108	105	245.722
-2.879793	2.247462	0.191623	21	12	26	245.625
2.879793	2.724429	-0.348782	36	11	10	245.615
0.000000	1.413347	-1.339188	41	6	10	245.594
-0.523599	0.496451	0.593859	15	17	103	245.523
-0.785398	2.404280	-0.174044	17	104	25	245.517
2.879793	2.984978	1.954446	37	102	6	245.497
0.785398	1.836682	-0.676006	31	11	22	245.488
-2.356194	0.733948	3.021411	13	0	89	245.485
-2.617994	2.984978	1.954446	25	93	94	245.414
-2.617994	2.115563	0.685730	29	12	24	245.395
-0.523599	0.615174	-0.666022	40	8	13	245.387
-0.523599	1.433411	-1.035986	36	109	9	245.311
-1.832596	0.866955	-0.931351	29	5	23	245.288
-2.094395	1.325504	-1.671296	18	108	23	245.261
2.094395	1.606104	-0.451151	32	0	17	245.252
1.308997	2.587733	0.232235	34	109	22	245.239
0.785398	0.961715	0.014085	13	13	22	245.236
-1.308997	1.045978	0.343692	29	1	3	245.145
-2.356194	0.709924	0.218797	36	103	17	245.037
-1.570796	1.599406	1.426070	26	17	10	244.992
2.879793	1.617114	-1.572037	17	8	23	244.961
-0.785398	0.709924	0.218797	33	15	17	244.949
2.094395	1.367556	0.358405	18	107	25	244.937
-1.832596	2.164094	-2.991358	36	110	106	244.915
2.094395	1.325504	-1.671296	18	8	23	244.907
-2.879793	1.812176	0.656819	37	9	3	244.887
-1.570796	1.135834	-1.431087	25	111	24	244.864
0.785398	0.297065	2.160177	27	102	102	244.829
1.570796	1.617114	-1.572037	26	9	23	244.778
1.570796	1.134497	-1.109631	18	2	25	244.775
1.047198	1.904882	-1.478089	32	2	21	244.753
0.000000	2.001437	0.381215	17	111	27	244.735
-1.832596	1.872854	1.543456	26	7	100	244.690
-1.832596	2.251330	-2.330739	30	99	0	244.624
-0.523599	1.335669	0.897240	14	15	20	244.532
-1.570796	1.184361	0.625864	27	0	1	244.492
-0.523599	0.762244	-0.273349	36	12	17	244.490
-1.832596	1.417623	-0.202254	27	107	25	244.425
2.617994	0.929350	-2.910676	25	11	103	244.380
-1.047198	2.251330	-2.330739	38	110	1	244.364
-1.570796	1.218453	2.777284	20	11	102	244.343
-1.308997	1.875281	0.107086	20	2	27	244.266
-1.047198	0.674054	1.013609	16	18	107	244.262
-0.785398	1.184361	0.625864	22	16	22	244.227
1.308997	1.256302	0.062705	13	5	25	244.190
-1.832596	0.571433	-1.188419	33	111	20	244.064
1.832596	2.379497	0.561089	33	109	23	244.031
-1.308997	1.574060	2.783565	25	11	102	244.025
-2.617994	2.760637	2.781135	37	104	6	243.902
-1.047198	0.831641	0.616218	30	17	18	243.896
-0.261799	1.301460	-0.509251	35	7	22	243.883
-2.094395	0.418037	1.360082	37	15	6	243.883
-1.308997	1.824694	1.850876	19	5	92	243.802
-1.308997	0.906588	1.252948	25	17	9	243.732
-2.356194	1.184361	0.625864	27	6	104	243.675
-0.261799	0.960688	-0.577532	37	10	17	243.670
-2.879793	2.404280	-0.174044	22	15	101	243.661
-0.523599	1.184361	0.625864	19	14	21	243.507
-1.570796	1.014500	0.906702	28	2	111	243.493
0.523599	1.836682	-0.676006	33	9	23	243.468
-1.832596	2.356369	3.005869	39	2	109	243.466
1.047198	1.555207	1.708892	17	106	87	243.453
-1.308997	1.554776	0.100351	26	4	27	243.411
-1.832596	1.977582	0.969896	25	13	107	243.368
-2.879793	1.050534	3.042579	24	10	103	243.354
-3.141593	2.984978	1.954446	39	106	6	243.249
2.094395	2.089241	-0.114193	25	9	26	243.206
-2.356194	0.571433	-1.188419	30	106	20	243.148
2.617994	1.699788	2.452890	29	101	102	243.100
0.261799	1.977582	0.969896	8	110	22	243.097
-1.308997	2.073035	2.027405	19	2	87	243.084
2.617994	1.617114	-1.572037	19	9	22	243.042
-2.879793	0.831641	0.616218	34	103	18	242.936
-2.356194	1.310100	1.488307	38	13	11	242.883
1.832596	1.135834	-1.431087	17	6	25	242.854
-1.047198	1.909857	-0.381669	24	107	26	242.807
0.523599	1.417623	-0.202254	24	10	25	242.732
0.785398	1.977582	0.969896	13	104	21	242.724
-0.523599	1.113094	-0.272241	23	7	110	242.701
1.308997	1.555207	1.708892	18	108	87	242.659
-1.308997	1.756530	-2.105156	32	101	110	242.465
2.356194	1.367556	0.358405	21	104	25	242.458
1.047198	1.113094	-0.272241	15	14	23	242.434
1.570796	2.587733	0.232235	35	109	16	242.406
-1.308997	1.440580	2.260026	20	12	102	242.360
-2.356194	2.592629	0.909713	27	6	96	242.302
-0.261799	2.247462	0.191623	18	107	26	242.263
-1.308997	1.134796	2.434290	16	13	101	242.191
-0.261799	0.615174	-0.666022	39	12	12	242.146
2.356194	2.108018	1.311430	34	101	16	242.053
-1.832596	0.674054	1.013609	38	14	12	242.050
-1.832596	0.850607	-1.335383	29	110	22	242.039
-0.785398	2.579248	-2.364801	41	4	3	241.975
-0.261799	0.203748	0.590255	12	17	99	241.911
0.000000	1.756530	-2.105156	36	4	0	241.811
-0.785398	2.455966	-0.641220	25	100	20	241.811
-2.356194	1.335669	0.897240	36	5	15	241.781
1.832596	2.724429	-0.348782	36	105	10	241.715
-2.356194	0.929350	-2.910676	7	3	84	241.701
-1.570796	1.869911	2.701025	31	12	105	241.632
1.570796	2.724429	-0.348782	36	7	16	241.593
1.308997	1.904882	-1.478089	32	1	17	241.563
-2.356194	1.413430	2.550734	32	10	105	241.513
1.570796	1.448123	-2.163292	21	17	107	241.506
-1.047198	2.588535	-2.976617	39	8	1	241.501
2.356194	2.393226	1.857173	26	91	101	241.419
-0.785398	1.450119	-2.739050	30	106	107	241.400
-0.523599	1.545873	-1.877082	39	109	1	241.338
-1.570796	0.960688	-0.577532	34	103	18	241.100
-0.523599	1.948085	-2.363031	38	4	108	241.029
0.261799	2.187132	-0.479875	34	111	23	241.001
1.832596	0.674054	1.013609	27	101	98	240.955
-1.308997	2.881233	-2.582574	41	110	7	240.905
0.523599	2.379497	0.561089	19	103	23	240.814
2.356194	1.617114	-1.572037	21	9	22	240.774
1.308997	1.325504	-1.671296	26	11	21	240.769
0.000000	2.404280	-0.174044	27	104	24	240.575
-0.261799	1.606104	-0.451151	33	3	24	240.557
-2.094395	0.615174	-0.666022	34	4	20	240.538
-2.094395	1.555207	1.708892	25	13	102	240.510
0.000000	1.721184	-0.153948	27	2	25	240.493
-1.308997	1.310100	1.488307	22	17	8	240.424
-2.094395	1.247695	1.809890	35	17	4	240.378
-0.785398	1.440580	2.260026	24	108	103	240.360
-1.308997	2.588535	-2.976617	40	5	1	240.342
-0.261799	1.184361	0.625864	15	14	22	240.335
1.570796	0.640596	-2.797608	34	5	107	240.179
-2.617994	0.929350	-2.910676	8	5	84	240.160
2.617994	1.413430	2.550734	32	107	105	240.156
0.261799	0.960688	-0.577532	31	15	18	240.014
0.261799	2.393226	1.857173	10	7	85	239.995
2.356194	1.391910	3.030322	15	109	84	239.978
-1.570796	2.592629	0.909713	18	12	99	239.957
1.308997	2.180315	-1.357379	34	111	14	239.937
-2.094395	1.683268	0.374177	27	3	23	239.877
-1.570796	1.310100	1.488307	19	17	103	239.848
-0.785398	1.756530	-2.105156	38	108	110	239.809
0.000000	1.440580	2.260026	25	108	99	239.785
-2.879793	0.961715	0.014085	30	111	5	239.764
-2.617994	2.393226	1.857173	40	8	10	239.748
1.570796	1.135813	-2.658866	27	7	102	239.680
-3.141593	2.115563	0.685730	33	8	23	239.560
0.000000	1.683268	0.374177	17	4	27	239.508
-1.570796	1.413430	2.550734	22	8	100	239.477
2.094395	1.904882	-1.478089	27	8	18	239.366
1.570796	1.870545	-2.976234	19	16	96	239.324
-1.047198	1.599406	1.426070	16	20	13	239.287
-0.523599	2.104282	-0.813972	32	103	14	239.284
-1.570796	2.089241	-0.114193	16	111	27	239.282
-3.141593	2.478122	2.609777	33	100	2	239.248
1.832596	2.719179	-1.780644	33	15	10	239.228
-1.570796	1.247695	1.809890	16	17	99	239.051
-1.308997	1.977582	0.969896	12	12	91	239.006
-2.617994	1.977582	0.969896	34	11	21	239.002
0.261799	2.379497	0.561089	16	104	23	238.925
2.356194	1.846342	-1.796954	21	13	19	238.923
1.308997	2.379497	0.561089	29	104	23	238.815
-0.261799	1.617114	-1.572037	42	1	6	238.814
2.617994	2.979456	-1.009304	32	16	7	238.795
-1.570796	0.685216	-1.712745	30	107	20	238.773
0.785398	1.732874	-0.951685	32	15	19	238.746
2.356194	0.866395	-2.492918	13	11	88	238.672
1.570796	0.379747	-1.713059	26	21	2	238.671
2.879793	1.836682	-0.676006	32	7	20	238.574
-2.356194	0.290380	-0.796960	35	109	16	238.467
2.094395	2.407836	1.410646	32	99	15	238.348
2.356194	2.138223	1.678323	28	93	103	238.286
-2.356194	0.618092	2.539118	16	14	92	238.282
0.785398	0.850607	-1.335383	32	18	7	238.226
-1.570796	1.699788	2.452890	26	9	102	238.181
1.047198	2.863997	0.549740	31	100	17	238.179
0.000000	2.138223	1.678323	10	5	87	238.151
-1.832596	1.113094	-0.272241	31	105	22	238.125
0.261799	2.001437	0.381215	18	110	27	238.029
2.617994	1.301460	-0.509251	31	109	21	237.957
-2.094395	0.961715	0.014085	33	106	21	237.945
2.617994	1.391910	3.030322	26	111	101	237.835
-1.832596	1.909857	-0.381669	18	106	26	237.824
1.570796	1.367556	0.358405	15	110	25	237.820
-2.617994	1.440580	2.260026	37	9	110	237.797
1.832596	0.685216	-1.712745	18	18	110	237.780
-2.879793	1.683268	0.374177	37	10	8	237.778
-1.047198	1.756530	-2.105156	35	104	110	237.773
-2.094395	1.218453	2.777284	25	10	102	237.743
-1.832596	1.135834	-1.431087	24	110	24	237.584
1.308997	1.417623	-0.202254	17	9	25	237.537
-2.617994	1.617114	-1.572037	14	3	23	237.514
-1.047198	2.579248	-2.364801	41	111	3	237.475
-1.832596	0.960688	-0.577532	28	10	22	237.460
-2.094395	1.242974	-2.977882	21	3	100	237.438
-1.570796	1.025536	1.576859	17	18	103	237.384
-1.308997	2.299159	2.264663	31	110	106	237.319
-1.047198	1.450119	-2.739050	21	106	89	237.308
2.879793	1.909857	-0.381669	35	6	17	237.302
-0.785398	1.242974	-2.977882	26	106	105	237.277
1.308997	1.214854	-1.966664	26	18	111	237.269
-3.141593	2.089241	-0.114193	36	10	13	237.200
-2.094395	2.073035	2.027405	28	11	98	237.147
2.617994	0.370812	-2.547742	22	19	110	237.066
-2.356194	1.555207	1.708892	38	14	8	237.066
-2.356194	2.393226	1.857173	24	107	89	237.001
1.832596	2.863997	0.549740	39	111	17	236.994
-1.570796	0.831641	0.616218	36	12	18	236.982
-0.261799	1.909857	-0.381669	30	110	25	236.871
-0.261799	1.721184	-0.153948	27	2	27	236.870
1.047198	2.587733	0.232235	32	106	22	236.843
2.356194	1.256302	0.062705	32	110	16	236.777
0.000000	1.846342	-1.796954	33	108	18	236.749
-0.785398	1.045978	0.343692	28	14	22	236.744
0.785398	1.301460	-0.509251	24	14	22	236.699
0.523599	0.615174	-0.666022	17	17	109	236.587
0.785398	2.760637	2.781135	17	14	92	236.539
0.523599	1.977582	0.969896	9	107	22	236.519
2.617994	2.393226	1.857173	35	100	9	236.475
-0.785398	2.349581	-2.702517	38	8	110	236.469
-2.356194	0.615174	-0.666022	34	1	19	236.451
-2.356194	1.506530	1.988858	38	12	2	236.415
