#Coordinates  RecID  LigID  Luciferin  Neighbor's number  Vision Range  Scoring
( 9.7173068, -22.0974904, 30.7275572, -0.3384145, -0.9122089, -0.2194428, -0.0720796)    0    0  23.36249468  0 0.480  16.57631253
( 0.8430269, -23.6407154, 31.1819741, -0.0283789, -0.1215876, -0.0269984, -0.9917818)    0    0  26.25185348 44 0.000  17.92893219
( 1.1733605, -26.2758540, 30.2150579, -0.0918516, -0.0863646,  0.3537850, -0.9267464)    0    0  20.09623675 19 0.000  15.71197682
( 0.8280670, -26.1841252, 30.0198126, -0.0852126, -0.0816209,  0.3576609, -0.9263668)    0    0  23.88558158  0 0.400  16.01118052
( 1.1502672, -26.2378677, 30.5916004, -0.0852117, -0.0816216,  0.3576552, -0.9263691)    0    0  23.96073647  8 0.240  16.00139652
(10.0130871, -23.6371351, 28.7359694, -0.2512535, -0.1255730, -0.6678076, -0.6893012)    0    0  22.63746462  0 5.000  15.09164371
( 9.6846834, -21.8097208, 30.4858662, -0.3384145, -0.9122089, -0.2194428, -0.0720796)    0    0  21.85106558  0 0.400  12.40400354
(10.2188711, -20.0897869, 37.4135827,  0.6800444,  0.3856267, -0.6214513, -0.0512837)    0    0  21.47040640  6 0.720  14.26909242
(10.1649558, -23.5041688, 28.7366594, -0.2512535, -0.1255730, -0.6678076, -0.6893012)    0    0  22.36220533  5 0.600  14.97054456
( 1.2194364, -26.1297080, 30.0324208, -0.0852136, -0.0816208,  0.3576643, -0.9263654)    0    0  23.79710613  0 0.480  16.21606738
( 0.6885056, -23.6480573, 31.1344120, -0.0272936, -0.1221466, -0.0340283, -0.9915530)    0    0  27.52966035  0 0.400  18.39916140
(-5.3449786, -23.5405492, 30.8636111,  0.5254022, -0.2192520,  0.4159125, -0.7091529)    0    0 -30.82113033  1 5.000 -20.64646469
( 6.5867882, -20.3883188, 33.9393987,  0.1454811, -0.8197491, -0.5452412,  0.0977680)    0    0  22.81931167 13 0.000  15.54058951
( 1.3272601, -26.1052903, 30.1293080, -0.0852144, -0.0816224,  0.3576593, -0.9263672)    0    0  23.97541600  0 0.560  16.00965608
( 9.3861400, -22.0192659, 30.5984422, -0.3384145, -0.9122089, -0.2194428, -0.0720796)    0    0  24.55528239  5 0.240  16.66105845
( 0.6577507, -26.2160843, 30.4113708, -0.0852139, -0.0816224,  0.3576578, -0.9263678)    0    0  23.94125845 15 0.000  16.00046951
( 9.9198941, -20.1906944, 37.6212233,  0.6800444,  0.3856267, -0.6214513, -0.0512837)    0    0  21.30640886  2 0.600  14.21552025
( 0.9346544, -23.4733124, 31.1250467, -0.0272936, -0.1221466, -0.0340283, -0.9915530)    0    0  27.48022270 10 0.000  18.01010483
( 0.8233434, -26.0226570, 30.0114439, -0.0904140, -0.0849453,  0.3564753, -0.9260105)    0    0  22.16979552  1 0.480  15.60858860
( 0.9990012, -23.3669518, 31.0740511, -0.0272936, -0.1221466, -0.0340283, -0.9915530)    0    0  27.38696905  3 0.480  17.98829004
(10.2540723, -23.5318310, 28.3747924, -0.2512535, -0.1255730, -0.6678076, -0.6893012)    0    0  22.37606329  4 1.320  14.99051358
( 9.4142654, -22.1404792, 30.8266677, -0.3384145, -0.9122089, -0.2194428, -0.0720796)    0    0  22.27155168  3 0.560  14.13483584
( 0.7293514, -23.4320272, 31.2831099, -0.0272936, -0.1221467, -0.0340283, -0.9915530)    0    0  27.00374029  5 0.400  17.82323913
( 0.6244765, -23.6196468, 31.5537575, -0.0272936, -0.1221466, -0.0340283, -0.9915530)    0    0  27.30627911  0 0.400  18.26745746
( 1.5811054, -26.2792173, 30.5326204, -0.1649326, -0.1318277,  0.3409551, -0.9160613)    0    0  12.84580816  4 0.600  10.38509082
( 6.7529081, -25.7993934, 36.1172859,  0.6394021, -0.7239283, -0.2141859, -0.1456609)    0    0  17.76944767  6 0.840  11.81434398
( 0.6404191, -25.9247597, 30.3597686, -0.0852145, -0.0816222,  0.3576602, -0.9263668)    0    0  23.43795141  0 0.400  15.43962853
( 9.6421763, -21.9199195, 30.6501832, -0.3384145, -0.9122089, -0.2194427, -0.0720796)    0    0  24.77343255  9 2.720  16.29398428
( 9.9703416, -20.2241633, 37.5399296,  0.6800444,  0.3856267, -0.6214513, -0.0512837)    0    0  21.75110421  0 5.000  14.50075721
( 6.3393901, -20.8668121, 34.1393586,  0.1454983, -0.8197364, -0.5452482,  0.0978105)    0    0  22.11128489 11 0.000  14.50452024
( 9.3987100, -24.1421166, 28.9459541, -0.2512535, -0.1255730, -0.6678076, -0.6893012)    0    0  22.32549204  2 0.440  15.01065444
( 6.2763115, -20.7129381, 34.1728637,  0.1454985, -0.8197357, -0.5452480,  0.0978171)    0    0  23.17201494  5 0.960  15.49316271
( 1.1644910, -26.2328125, 30.3951281, -0.0852120, -0.0816215,  0.3576566, -0.9263685)    0    0  24.09186400  3 1.520  15.97185750
(-5.2705283, -23.3268509, 31.2361081,  0.5254022, -0.2192520,  0.4159125, -0.7091529)    0    0 -29.93092429  0 5.000 -19.95394952
( 6.2598449, -20.7218811, 34.1804066,  0.1454985, -0.8197358, -0.5452480,  0.0978161)    0    0  23.18088375  4 0.720  15.50274837
( 9.3933691, -22.1772650, 30.6777078, -0.3384145, -0.9122089, -0.2194427, -0.0720796)    0    0  25.07313823  3 0.640  16.82897502
( 9.2399818, -21.9461452, 30.8753460, -0.3384145, -0.9122089, -0.2194427, -0.0720796)    0    0  24.98374171  5 0.720  16.86880377
( 1.5332519, -23.4779395, 31.0059588, -0.0272936, -0.1221466, -0.0340283, -0.9915530)    0    0  27.66036598  8 0.160  18.47721717
( 9.3257182, -20.4840519, 37.7717004,  0.6800444,  0.3856267, -0.6214513, -0.0512837)    0    0  21.30540853  0 0.480  14.40134026
( 6.4932069, -26.0213526, 34.9732791,  0.6394021, -0.7239283, -0.2141859, -0.1456609)    0    0  17.59191658  0 0.560  11.69716176
( 1.0301766, -23.5561056, 31.2960274, -0.0272936, -0.1221467, -0.0340283, -0.9915530)    0    0  27.39082664  1 0.480  18.03145770
( 1.1750955, -23.3355110, 31.4034802, -0.0272936, -0.1221466, -0.0340283, -0.9915530)    0    0  27.15883058  9 0.000  18.36826673
( 1.0022099, -23.4638054, 31.1094596, -0.0272936, -0.1221467, -0.0340283, -0.9915530)    0    0  27.32493923 22 0.000  18.32289956
( 0.4647964, -26.5189160, 30.3422859, -0.0852126, -0.0816214,  0.3576589, -0.9263676)    0    0  23.91710850  5 0.480  15.83726848
( 6.6812555, -25.9136530, 35.5526962,  0.6394021, -0.7239283, -0.2141859, -0.1456609)    0    0  17.20193663  8 0.480  11.36487947
( 9.5884575, -22.2966962, 30.3328762, -0.3384145, -0.9122089, -0.2194428, -0.0720796)    0    0  22.06717738  0 0.400  14.43428554
( 6.3674242, -20.5547477, 34.2957885,  0.1454812, -0.8197487, -0.5452412,  0.0977716)    0    0  22.62182053 18 0.000  14.97346082
( 9.5143282, -21.5559880, 30.9479146, -0.3384144, -0.9122089, -0.2194429, -0.0720796)    0    0  24.26221236  0 0.800  16.48650712
( 1.3197509, -26.1867898, 30.4048700, -0.0852174, -0.0816239,  0.3576605, -0.9263663)    0    0  23.82709881  0 0.400  15.98053529
( 6.1597696, -20.8815142, 34.0311208,  0.1454985, -0.8197356, -0.5452480,  0.0978176)    0    0  22.97730380  5 0.320  15.20678866
( 6.8365010, -20.6890550, 33.8714819,  0.1454985, -0.8197359, -0.5452480,  0.0978154)    0    0  22.25923861  7 0.240  14.59527947
( 0.9900756, -23.4425209, 31.1841332, -0.0272936, -0.1221466, -0.0340283, -0.9915530)    0    0  28.11484679  0 2.960  18.75535570
( 6.2845112, -20.9983936, 33.4210720,  0.1454984, -0.8197361, -0.5452481,  0.0978136)    0    0  22.97194211  8 0.000  15.37077863
( 1.2570359, -23.4625485, 31.1507710, -0.0272936, -0.1221466, -0.0340283, -0.9915530)    0    0  27.85594489  1 4.000  18.57112615
( 6.1210092, -21.2058368, 33.4106051,  0.1454985, -0.8197356, -0.5452480,  0.0978178)    0    0  23.11583375  7 3.800  15.51758615
( 6.5065573, -26.0027196, 35.2649293,  0.6394021, -0.7239283, -0.2141859, -0.1456609)    0    0  17.78567260  4 0.680  11.78777287
( 0.8483758, -23.6050585, 31.0465648, -0.0272936, -0.1221466, -0.0340283, -0.9915530)    0    0  27.48098837 14 0.000  18.13530531
( 9.7627377, -22.1018861, 30.3621165, -0.3384145, -0.9122089, -0.2194428, -0.0720796)    0    0  20.99161055  0 0.400  14.49835777
( 6.0710891, -21.1527963, 33.4477781,  0.1454983, -0.8197363, -0.5452481,  0.0978120)    0    0  23.07090022  9 0.080  15.47246004
(10.0720926, -23.5694619, 28.7886809, -0.2512535, -0.1255730, -0.6678076, -0.6893012)    0    0  22.39642911  3 4.120  14.97909852
( 9.1109529, -20.6188608, 37.9537635,  0.6800444,  0.3856267, -0.6214513, -0.0512837)    0    0  21.52486640  2 0.640  14.42130382
( 0.7648300, -23.5322128, 31.1278637, -0.0272936, -0.1221467, -0.0340283, -0.9915530)    0    0  27.42760754  0 0.400  18.61903613
( 0.7319393, -26.2363366, 30.1392406, -0.0851616, -0.0816688,  0.3572951, -0.9265084)    0    0  24.03108122  9 0.400  16.20050833
( 1.0034562, -25.8647343, 30.2621778, -0.0851874, -0.0816447,  0.3574795, -0.9264371)    0    0  23.95385967 10 0.000  15.93536460
( 9.8346855, -21.6609725, 30.4567472, -0.3384145, -0.9122089, -0.2194428, -0.0720796)    0    0  23.46030289  1 0.400  16.79700861
(-2.5561732, -26.8978568, 27.0628620,  0.5787673,  0.2763927,  0.7187816, -0.2683067)    0    0   7.67133930  2 5.000   3.44675844
(-2.4032739, -26.7729100, 26.7079898,  0.5787673,  0.2763927,  0.7187816, -0.2683067)    0    0  10.64529468  1 5.000   7.87279012
( 6.5504075, -20.7306306, 33.4373601,  0.1454983, -0.8197363, -0.5452481,  0.0978111)    0    0  22.46768568  0 0.720  14.68748080
( 9.6440777, -21.9758959, 30.6422185, -0.3384145, -0.9122089, -0.2194427, -0.0720796)    0    0  24.96972111  7 2.240  16.52616551
( 9.4006485, -20.4705106, 37.8267430,  0.6800444,  0.3856267, -0.6214513, -0.0512837)    0    0  21.44993875  7 0.520  14.36001961
( 1.2633449, -25.2500550, 30.6676377, -0.0436420, -0.1130245,  0.0729483, -0.9899234)    0    0  23.41078579  1 0.960  15.90762248
( 0.2915924, -23.4638278, 31.1386617, -0.0272935, -0.1221466, -0.0340283, -0.9915530)    0    0  27.24276005  0 0.400  17.85570721
( 0.9498886, -23.4334736, 30.9627275, -0.0272936, -0.1221467, -0.0340283, -0.9915530)    0    0  27.12294162 34 0.000  18.12103194
( 6.3787468, -20.5385024, 34.3462076,  0.1454985, -0.8197358, -0.5452480,  0.0978159)    0    0  22.85774632  3 0.560  15.29091592
( 9.3438331, -22.1213041, 30.7069349, -0.3384145, -0.9122089, -0.2194427, -0.0720796)    0    0  24.36542677  4 0.800  16.12577868
( 0.8371612, -23.5146669, 31.3458334, -0.0272936, -0.1221466, -0.0340283, -0.9915530)    0    0  27.60842322  0 0.400  18.52765195
( 1.1351559, -26.4734488, 30.2712226, -0.0852140, -0.0816225,  0.3576574, -0.9263679)    0    0  24.05329084  3 0.560  16.16341503
( 0.8416649, -23.2974487, 31.6382000, -0.0272936, -0.1221466, -0.0340283, -0.9915530)    0    0  26.81067856  0 0.400  17.85589831
( 0.8362546, -23.6219594, 30.8723314, -0.0272936, -0.1221466, -0.0340283, -0.9915530)    0    0  26.94902485 15 0.000  17.75389630
( 6.7054990, -20.3251394, 34.0650046,  0.1454984, -0.8197360, -0.5452481,  0.0978143)    0    0  22.57586533  2 0.560  14.94877553
( 9.6596072, -23.9449636, 28.7403905, -0.2512535, -0.1255730, -0.6678076, -0.6893012)    0    0  22.57790382  1 5.000  15.13213299
( 6.5977776, -20.6730308, 34.3071080,  0.1454984, -0.8197362, -0.5452481,  0.0978126)    0    0  22.61015274  7 0.080  15.06023186
( 0.8661834, -23.3783636, 31.0783147, -0.0272936, -0.1221466, -0.0340283, -0.9915530)    0    0  27.51952128  7 0.240  18.37456163
(10.1794086, -23.5464533, 28.5321218, -0.2512535, -0.1255730, -0.6678076, -0.6893012)    0    0  22.30807083  8 0.360  14.85958820
( 0.8485697, -23.5116328, 31.8649210, -0.0272936, -0.1221466, -0.0340283, -0.9915530)    0    0  27.77068348  2 0.560  18.58273149
( 0.7515687, -24.0501945, 31.1875312, -0.0272936, -0.1221466, -0.0340283, -0.9915530)    0    0  27.51218619  3 0.320  18.22271593
( 0.9744410, -26.1713613, 30.4840253, -0.0835618, -0.0831234,  0.3459549, -0.9307319)    0    0  22.36044246 16 0.000  15.51005952
( 0.7558062, -23.2443663, 31.4295419, -0.0272936, -0.1221466, -0.0340283, -0.9915530)    0    0  27.62850065  1 0.640  18.46706858
( 0.6123836, -23.4610852, 31.3666754, -0.0272936, -0.1221467, -0.0340283, -0.9915530)    0    0  27.51441185  0 0.400  18.41533247
( 6.8022719, -25.8365958, 35.3894686,  0.6394021, -0.7239283, -0.2141859, -0.1456609)    0    0  17.66848136  8 3.240  11.63005869
(10.0197881, -23.6314015, 28.7355518, -0.2512535, -0.1255730, -0.6678076, -0.6893012)    0    0  22.37086290  4 0.840  14.91437324
( 1.2394265, -25.2297941, 30.3508894, -0.0441722, -0.1127038,  0.0764559, -0.9896911)    0    0  23.27988779  2 0.960  15.54689885
( 9.2914868, -22.1649517, 30.6626677, -0.3384145, -0.9122089, -0.2194427, -0.0720796)    0    0  25.08777469  2 0.800  16.87032963
( 0.6513922, -26.0985176, 30.1705333, -0.0852061, -0.0816587,  0.3574656, -0.9264395)    0    0  23.97037169  9 0.080  16.17546396
( 6.6264909, -25.9432559, 35.2380343,  0.6394021, -0.7239283, -0.2141859, -0.1456609)    0    0  17.72056108  1 0.640  11.84396710
( 1.0352314, -23.2680315, 31.1184466, -0.0272936, -0.1221466, -0.0340283, -0.9915530)    0    0  27.56090021  8 0.160  18.48168579
( 6.2158650, -20.7085374, 34.4035519,  0.1454984, -0.8197360, -0.5452481,  0.0978144)    0    0  22.83071848  0 0.400  15.07007940
( 6.1887425, -20.5935494, 34.4117223,  0.1454983, -0.8197363, -0.5452481,  0.0978116)    0    0  22.81237306  0 0.480  15.01120553
(10.2427474, -23.4366711, 28.6832870, -0.2512535, -0.1255730, -0.6678076, -0.6893012)    0    0  22.30884989  7 0.200  14.97301035
( 1.5059178, -26.2686097, 30.5515726, -0.0851870, -0.0816447,  0.3574784, -0.9264375)    0    0  24.04813456  4 0.320  16.13431163
( 0.4854899, -23.8347160, 31.2461228, -0.0272936, -0.1221466, -0.0340283, -0.9915530)    0    0  27.55287370 14 0.000  18.37570025
( 0.8482172, -23.4667190, 30.9492198, -0.0272936, -0.1221466, -0.0340283, -0.9915530)    0    0  27.52010217  0 0.480  18.27363059
( 1.5586645, -26.1899483, 30.3489661, -0.0852122, -0.0816213,  0.3576582, -0.9263679)    0    0  24.03720547  8 0.400  16.05733823
( 0.9958880, -23.4417531, 31.1716744, -0.0272936, -0.1221466, -0.0340283, -0.9915530)    0    0  27.80372974  2 3.040  18.39409532
( 1.2290602, -23.4794717, 31.1667536, -0.0272936, -0.1221467, -0.0340283, -0.9915530)    0    0  27.18185914  0 0.400  18.52071132
( 1.1538595, -26.1702749, 30.4409986, -0.0852053, -0.0816580,  0.3574670, -0.9264390)    0    0  23.85620033 11 0.000  15.92012209
( 6.3482457, -20.5495068, 34.0454978,  0.1454810, -0.8197497, -0.5452414,  0.0977631)    0    0  22.74726342  6 0.320  15.16356119
( 9.5581948, -20.4094917, 37.7124952,  0.6800444,  0.3856267, -0.6214513, -0.0512837)    0    0  21.70196004  2 5.000  14.49460559
( 9.5809220, -20.4086430, 37.6733387,  0.6800444,  0.3856267, -0.6214513, -0.0512837)    0    0  21.42791872  8 1.160  14.25845334
( 1.2574525, -26.2311192, 30.4515349, -0.0852127, -0.0816203,  0.3576644, -0.9263655)    0    0  24.27571405  0 1.440  16.30382891
( 6.1880722, -20.9896707, 34.3431345,  0.1454813, -0.8197485, -0.5452411,  0.0977739)    0    0  23.06142400  2 0.640  15.44713999
(-2.4135951, -26.7813443, 26.7319448,  0.5787672,  0.2763926,  0.7187814, -0.2683067)    0    0  12.06595678  0 5.000   8.04397119
( 1.4331219, -23.4601979, 30.8067317, -0.0272936, -0.1221466, -0.0340283, -0.9915530)    0    0  27.62435157 10 0.000  18.44945886
( 1.4402845, -23.3996210, 31.0072317, -0.0274747, -0.1220544, -0.0328566, -0.9915982)    0    0  27.32610967  0 0.400  18.07132064
( 0.7270218, -23.6994560, 30.9206732, -0.0272936, -0.1221468, -0.0340283, -0.9915530)    0    0  27.32620813  0 0.400  18.25861099
( 6.0428765, -21.3308118, 33.3366024,  0.1454982, -0.8197368, -0.5452482,  0.0978074)    0    0  22.72721757 11 0.000  15.05217497
( 6.5471981, -25.9729834, 35.3627613,  0.6394021, -0.7239283, -0.2141859, -0.1456609)    0    0  17.98197389  0 5.000  11.98823648
( 1.1085698, -24.8061214, 30.6590005, -0.0371306, -0.1168551,  0.0300353, -0.9920000)    0    0  23.42460985  5 1.200  15.68581586
( 0.9609182, -23.7399882, 31.3514795, -0.0272936, -0.1221467, -0.0340283, -0.9915530)    0    0  27.28070221  0 0.480  18.21462684
( 1.0247025, -23.5187009, 31.3454519, -0.0272936, -0.1221466, -0.0340283, -0.9915530)    0    0  26.43111597  5 0.400  17.19825565
( 0.7272551, -23.6019116, 31.0178721, -0.0272936, -0.1221466, -0.0340283, -0.9915530)    0    0  27.74415032  0 0.400  18.65725098
( 9.2681879, -22.0953294, 30.7885902, -0.3384145, -0.9122089, -0.2194427, -0.0720796)    0    0  25.11558710  1 2.960  16.86195557
( 9.8844697, -21.6240008, 30.4866836, -0.3384145, -0.9122089, -0.2194428, -0.0720796)    0    0  22.79320716  0 0.480  14.72671726
(10.0415796, -20.1603542, 38.0046292,  0.6800444,  0.3856267, -0.6214513, -0.0512837)    0    0  20.14769293  0 0.440  14.04596194
( 9.4190800, -20.4606399, 37.7883573,  0.6800444,  0.3856267, -0.6214513, -0.0512837)    0    0  21.34116240 10 0.760  14.28831839
( 6.3197243, -20.7838265, 33.9242931,  0.1454983, -0.8197364, -0.5452482,  0.0978103)    0    0  22.72990244 12 0.080  15.47975447
( 1.0688340, -26.3187083, 30.0869824, -0.0897206, -0.0845778,  0.3562804, -0.9261912)    0    0  22.47457478 18 0.000  15.93648494
( 6.3819342, -26.1024429, 34.8688483,  0.6394021, -0.7239283, -0.2141859, -0.1456609)    0    0  17.83959516  4 0.840  11.95805753
( 1.6243437, -26.2222740, 30.6774433, -0.0852124, -0.0816208,  0.3576613, -0.9263667)    0    0  24.26256990  1 2.000  16.23365588
(10.3326439, -23.3536510, 28.7525992, -0.2512535, -0.1255730, -0.6678076, -0.6893012)    0    0  21.53184132 12 0.000  14.84886202
( 0.7318167, -26.1244076, 30.1994556, -0.0852148, -0.0816228,  0.3576582, -0.9263675)    0    0  23.56372117  5 0.400  15.62896596
( 9.8423301, -21.9075875, 30.8662668, -0.3384145, -0.9122089, -0.2194428, -0.0720796)    0    0  20.47078428 18 0.000  12.43772740
( 0.3689018, -23.4127161, 30.9459486, -0.0272936, -0.1221466, -0.0340283, -0.9915530)    0    0  27.27299185  0 0.400  18.10872238
( 6.1924364, -21.0069437, 33.6986959,  0.1454985, -0.8197356, -0.5452480,  0.0978177)    0    0  23.07717495  4 0.480  15.36780559
( 1.0192049, -23.5873225, 31.3460700, -0.0272936, -0.1221467, -0.0340283, -0.9915530)    0    0  27.26323042  0 0.400  18.46045231
( 6.3735251, -26.0943292, 35.0087149,  0.6394021, -0.7239283, -0.2141859, -0.1456609)    0    0  17.88168789  2 2.840  11.95539515
( 1.4558526, -23.4501186, 30.9199900, -0.0272936, -0.1221466, -0.0340283, -0.9915530)    0    0  27.72087108  6 0.320  18.59796855
( 1.0540263, -24.0687385, 30.8445627, -0.0294612, -0.1210163, -0.0199664, -0.9919096)    0    0  26.03475317 31 0.000  17.53156357
( 6.2257141, -20.9359618, 33.8004150,  0.1454985, -0.8197356, -0.5452480,  0.0978178)    0    0  23.33314833  0 4.320  15.55679588
( 6.5762456, -25.7330797, 35.9465673,  0.6394021, -0.7239283, -0.2141859, -0.1456609)    0    0  17.41009760 11 0.200  11.80030579
( 9.6019248, -22.3130906, 30.5092449, -0.3384145, -0.9122089, -0.2194428, -0.0720796)    0    0  22.92328259  0 0.400  14.18069994
( 0.9796547, -23.4342518, 31.2348346, -0.0272936, -0.1221466, -0.0340283, -0.9915530)    0    0  27.47658573 10 0.000  18.37211411
( 6.2951530, -20.6889544, 34.0645381,  0.1454813, -0.8197485, -0.5452411,  0.0977735)    0    0  22.68147536  8 0.320  15.04516579
( 9.9042471, -20.2528909, 37.5706997,  0.6800444,  0.3856267, -0.6214513, -0.0512837)    0    0  21.72238331  1 1.280  14.54788181
( 0.5508115, -23.4604846, 31.2255302, -0.0272936, -0.1221466, -0.0340283, -0.9915530)    0    0  27.35806043  0 0.400  18.22493653
( 1.0430122, -22.9774711, 31.2844601, -0.0272936, -0.1221466, -0.0340283, -0.9915530)    0    0  27.62674247  2 0.400  18.39372224
( 0.6639959, -23.6784527, 31.1908843, -0.0274143, -0.1220851, -0.0332472, -0.9915834)    0    0  27.47422061  0 0.400  18.32957836
( 9.9531608, -23.7964269, 28.4227088, -0.2512535, -0.1255730, -0.6678076, -0.6893012)    0    0  20.95890849  0 0.480  14.89227777
( 1.0682547, -23.5037905, 31.2974963, -0.0272936, -0.1221466, -0.0340283, -0.9915530)    0    0  27.39143708 15 0.000  18.27490089
( 1.3774243, -26.2854611, 30.6512114, -0.0852101, -0.0816249,  0.3576352, -0.9263767)    0    0  23.79541040 14 0.000  15.92890573
( 0.3930550, -26.3687368, 30.3150098, -0.0852141, -0.0816206,  0.3576666, -0.9263645)    0    0  23.85090874 10 0.000  16.22701823
( 6.6628597, -20.4641096, 34.2725543,  0.1454984, -0.8197361, -0.5452481,  0.0978137)    0    0  22.98560025  4 0.240  15.32741552
( 9.7272440, -21.9095549, 30.6234860, -0.3384145, -0.9122089, -0.2194427, -0.0720796)    0    0  24.96040716  8 0.680  16.51901195
( 0.8346141, -26.2397268, 30.1969767, -0.0852119, -0.0816214,  0.3576568, -0.9263685)    0    0  24.23070593  2 2.320  16.19531404
( 9.6052025, -20.3868907, 37.6931953,  0.6800444,  0.3856267, -0.6214513, -0.0512837)    0    0  21.51577675  5 0.960  14.37521384
( 9.7048623, -21.7938007, 30.6647000, -0.3384145, -0.9122089, -0.2194428, -0.0720796)    0    0  22.01492802 15 0.000  14.27410010
( 9.3443667, -22.0698123, 30.7372878, -0.3384145, -0.9122089, -0.2194427, -0.0720796)    0    0  25.02058362  4 2.800  16.75427522
( 0.8286193, -23.5765558, 31.0842973, -0.0272936, -0.1221467, -0.0340283, -0.9915530)    0    0  27.40904655  0 0.400  18.55905791
( 9.6045395, -22.2117713, 30.7588317, -0.3384145, -0.9122089, -0.2194427, -0.0720796)    0    0  23.09093884  4 0.400  14.42635072
( 0.8796800, -26.1127657, 30.2654135, -0.0852122, -0.0816218,  0.3576559, -0.9263687)    0    0  24.05245081  4 0.640  16.09073765
( 9.6163361, -21.9565171, 30.6602910, -0.3384145, -0.9122089, -0.2194427, -0.0720796)    0    0  25.28414781  0 5.000  16.85632876
( 6.0276045, -20.8449107, 34.1803677,  0.1454984, -0.8197362, -0.5452481,  0.0978123)    0    0  22.95751227  0 0.400  15.48363927
( 6.4376397, -26.0023122, 35.6677447,  0.6394021, -0.7239283, -0.2141859, -0.1456609)    0    0  17.51502877  0 0.520  11.55196337
( 0.7428803, -26.0553736, 29.7559256, -0.0852122, -0.0816212,  0.3576585, -0.9263678)    0    0  24.08303775  1 0.720  16.15592184
( 6.6462809, -25.9001838, 35.6047533,  0.6394021, -0.7239283, -0.2141859, -0.1456609)    0    0  17.96243342  1 3.880  12.01998934
( 9.5427205, -21.9966714, 30.3754238, -0.3384145, -0.9122089, -0.2194427, -0.0720796)    0    0  23.39776467  6 0.160  16.61388294
( 6.3651582, -20.6249082, 33.9161779,  0.1454985, -0.8197358, -0.5452480,  0.0978161)    0    0  23.24839272  2 0.720  15.60708830
( 0.8783527, -26.4190563, 29.9380043, -0.0852129, -0.0816227,  0.3576535, -0.9263695)    0    0  23.45814160  7 0.240  15.51581250
( 9.1731081, -22.4845582, 30.7748433, -0.3384145, -0.9122089, -0.2194427, -0.0720796)    0    0  24.02097522  7 0.160  16.74976465
( 6.1006251, -20.6402467, 33.9522061,  0.1454985, -0.8197357, -0.5452480,  0.0978170)    0    0  22.71188537  7 0.000  15.39308464
( 9.5152743, -21.7996611, 30.8198878, -0.3384145, -0.9122089, -0.2194428, -0.0720796)    0    0  23.37401539  0 0.400  16.39146536
( 6.2412847, -20.9150828, 33.8209816,  0.1454985, -0.8197357, -0.5452480,  0.0978171)    0    0  22.99481090 12 3.640  15.21367856
( 6.0285895, -20.7601286, 34.4609269,  0.1454985, -0.8197358, -0.5452480,  0.0978158)    0    0  23.02596551  3 0.320  15.43166587
( 6.5528348, -25.9682602, 35.3830736,  0.6394021, -0.7239283, -0.2141859, -0.1456609)    0    0  17.54215870 10 4.280  11.59224231
( 1.2162013, -23.7218817, 30.9875089, -0.0272936, -0.1221467, -0.0340283, -0.9915530)    0    0  27.25751416  2 0.480  17.77093280
( 9.6933012, -20.5790810, 37.8523216,  0.6800444,  0.3856267, -0.6214513, -0.0512837)    0    0  21.16444843  6 0.160  14.21046349
( 9.9128278, -23.6891147, 28.8537546, -0.2512535, -0.1255730, -0.6678076, -0.6893012)    0    0  22.20307262 10 4.360  14.55990685
( 6.3419032, -20.6589387, 34.1926275,  0.1454985, -0.8197356, -0.5452480,  0.0978178)    0    0  23.31192416  1 5.000  15.57735645
( 6.3713958, -20.6671402, 33.8831476,  0.1454985, -0.8197358, -0.5452480,  0.0978162)    0    0  23.16067068  5 0.320  15.58855522
( 1.2810669, -26.5354269, 30.5740629, -0.0852989, -0.0816810,  0.3576188, -0.9263698)    0    0  23.58571842  0 0.560  15.62429725
( 0.7509773, -26.2584125, 30.1856116, -0.0852064, -0.0816266,  0.3576175, -0.9263837)    0    0  23.96179000  0 0.400  16.08237658
( 0.7545604, -23.4249763, 31.2152532, -0.0272936, -0.1221466, -0.0340283, -0.9915530)    0    0  27.79224978  2 0.800  18.50842597
( 0.8833176, -23.4497651, 31.2079225, -0.0272936, -0.1221466, -0.0340283, -0.9915530)    0    0  27.74236765  0 0.400  18.69329430
( 9.9829681, -20.2186541, 37.5341145,  0.6800444,  0.3856267, -0.6214513, -0.0512837)    0    0  21.67390563  3 1.720  14.43440690
( 9.8303684, -21.7541903, 30.6211107, -0.3384145, -0.9122089, -0.2194427, -0.0720796)    0    0  24.97302479  6 0.800  16.63814514
( 6.1219070, -21.1841785, 33.4429020,  0.1454984, -0.8197359, -0.5452480,  0.0978149)    0    0  22.68182001  1 0.880  14.87537524
(10.0086915, -23.6390056, 28.7427248, -0.2512535, -0.1255730, -0.6678076, -0.6893012)    0    0  22.40399736  2 3.680  14.80575171
( 0.9633295, -23.4452604, 30.9329519, -0.0272936, -0.1221466, -0.0340283, -0.9915530)    0    0  27.63191536  0 0.400  18.48554175
( 6.2105355, -20.9719447, 33.7495844,  0.1454985, -0.8197356, -0.5452480,  0.0978178)    0    0  23.20835684  3 1.360  15.48884506
( 1.3332117, -26.2244597, 30.4950475, -0.0852120, -0.0816215,  0.3576566, -0.9263685)    0    0  24.06639582  5 0.800  16.13679814
( 6.4662503, -26.0325281, 35.1642801,  0.6394021, -0.7239283, -0.2141859, -0.1456609)    0    0  17.87707257  3 5.000  11.87524661
( 9.9840401, -21.6608890, 30.5821239, -0.3384145, -0.9122089, -0.2194428, -0.0720796)    0    0  24.42942669  1 0.400  16.84542145
( 0.5607862, -23.4386873, 31.4103520, -0.0272936, -0.1221466, -0.0340283, -0.9915530)    0    0  27.67265565  8 0.240  18.59676493
( 0.6088153, -26.7478253, 29.8649923, -0.0852139, -0.0816212,  0.3576630, -0.9263659)    0    0  23.58748133  0 0.720  15.46264313
( 9.7659875, -23.8713784, 28.6832075, -0.2512535, -0.1255730, -0.6678076, -0.6893012)    0    0  22.18200656  6 0.360  14.76525313
( 1.1111686, -26.0610728, 29.8288486, -0.0864905, -0.0824564,  0.3572856, -0.9263179)    0    0  23.69537953  0 0.400  15.84353488
( 9.9760081, -20.2242567, 37.5292682,  0.6800444,  0.3856267, -0.6214513, -0.0512837)    0    0  21.34502813  9 2.040  13.90273471
( 0.6480632, -23.4486197, 31.1936275, -0.0272936, -0.1221466, -0.0340283, -0.9915530)    0    0  27.68553688  8 0.480  18.28485202
( 9.5815106, -21.6945821, 30.8331040, -0.3384145, -0.9122089, -0.2194428, -0.0720796)    0    0  23.73347442  0 0.400  16.42202788
( 8.9760924, -22.3764715, 30.9412568, -0.3384145, -0.9122089, -0.2194427, -0.0720796)    0    0  23.93627547  1 0.400  16.59090045
