#Coordinates  RecID  LigID  Luciferin  Neighbor's number  Vision Range  Scoring
( 8.6427859, -18.0798426, 32.6196159,  0.3756110,  0.7560683,  0.2461987,  0.4760917)    0    0 -25.79262718  1 3.480  -4.52087389
( 1.1103118, -29.2042819, 32.7044689, -0.8753792, -0.4504930, -0.0342222, -0.1720355)    0    0  12.81691651  4 3.800   9.42457143
( 5.0417909, -22.9696967, 23.7369710,  0.1499221, -0.4217625, -0.5801101, -0.6805234)    0    0 -41.85008709  4 3.240  -3.85532154
( 0.7759707, -28.6730056, 28.4291276, -0.8429293, -0.4256894, -0.0802158, -0.3190991)    0    0  -2.31992412  6 3.320   3.45389754
( 2.2274561, -26.6160920, 30.6505339, -0.0514396, -0.1331459,  0.3062537, -0.9411880)    0    0  14.21855756  3 3.880   9.63931474
(11.3478808, -23.5265274, 26.7986869, -0.1131432,  0.0012214, -0.7456805, -0.6566260)    0    0  12.57629174  1 4.120   8.41492091
( 8.7399582, -17.3200652, 32.3202610,  0.2471860,  0.7728538,  0.2840706,  0.5107838)    0    0 -71.21665510  4 3.400 -31.73278551
(10.9060072, -23.8263347, 32.9010975,  0.3109923,  0.2892205, -0.6774314,  0.6006014)    0    0  14.93459090  1 3.960  10.80581402
(10.7079930, -25.9699886, 31.3709596,  0.7535487,  0.1509443,  0.6366935, -0.0632575)    0    0  13.77254836  0 4.040  11.19456317
( 2.1560186, -25.8398887, 30.5509269,  0.0865822, -0.3197462,  0.1107385, -0.9370181)    0    0   1.15000742  2 3.320   7.30809365
( 0.7223863, -22.5075240, 34.2728891, -0.0267927,  0.0610644,  0.0192888, -0.9975877)    0    0  -4.75550802  6 2.680   6.26827052
(-5.3449786, -23.5405492, 30.8636111,  0.5210447, -0.2365931,  0.4006778, -0.7155372)    0    0 -37.89221657  1 3.720 -20.24646896
( 6.7880583, -19.9719333, 34.2757876,  0.1494157, -0.8169058, -0.5479177,  0.1006283)    0    0  22.21171907  0 4.200  14.87761658
( 1.7343918, -27.9628260, 31.1842395, -0.1665128, -0.0527682,  0.4282374, -0.8866238)    0    0  13.40787548  3 2.840  11.73748452
(12.0123937, -16.3652750, 28.9661416,  0.2096981,  0.8797269,  0.4267288, -0.0031415)    0    0 -34.39688467  2 3.800 -16.96732040
( 0.4052333, -24.5413239, 26.3236019,  0.7254720, -0.1631780, -0.5442725, -0.3883694)    0    0 -21.43847116  2 3.080  -9.69398317
(11.8826980, -20.4885913, 34.9056762,  0.4595029,  0.4220430, -0.7018527,  0.3437145)    0    0   8.30759073  1 3.640  10.62150440
(-3.8211177, -20.6517056, 28.8203551, -0.1405453, -0.8610934, -0.4376666, -0.2172859)    0    0 -48.36807311  3 3.880 -38.79483460
(-0.2844326, -24.1460950, 26.9917129, -0.0409794, -0.0951196, -0.4283220, -0.8976710)    0    0 -24.44148603  5 3.560 -16.69793317
( 0.8974773, -22.4486028, 34.3423630,  0.0133235,  0.0484660, -0.0525335, -0.9973534)    0    0   8.91452353  5 2.680  12.65335283
(11.3922613, -23.1731258, 26.2081424,  0.0571256,  0.1467305, -0.7991402, -0.5801071)    0    0   4.41514994  2 3.560   9.02022372
( 7.8701354, -21.3303091, 25.9263200, -0.3644788, -0.9136087, -0.1770389, -0.0336380)    0    0   3.99325734  0 4.120   4.61004893
(-1.7237271, -18.6642064, 26.7133319, -0.0210765, -0.7006040,  0.2850556, -0.6537990)    0    0 -120.69985329  8 2.600 -68.84504644
(-0.3582657, -19.0346951, 24.9973178,  0.0141095, -0.2660421,  0.6461956, -0.7151600)    0    0 -106.84265897  2 3.240 -76.41786209
( 4.4478534, -24.0047790, 23.7755484, -0.0533981,  0.4593844,  0.6729208,  0.5773146)    0    0 -11.11599201  3 3.160  -3.46123057
( 7.1654225, -26.1975830, 36.1127739,  0.6495499, -0.7231963, -0.1931198, -0.1333297)    0    0  15.70878249  0 4.200  10.51595221
( 0.0742587, -22.8814075, 24.9991560, -0.0645410, -0.1863133, -0.4567793, -0.8674529)    0    0 -16.38371424  1 3.800  -4.10502246
( 8.7967478, -15.6967343, 26.4514475,  0.0120011,  0.8770312,  0.4486054,  0.1715384)    0    0 -79.05404800  0 3.960 -47.28755932
(11.1126222, -18.9036135, 36.0197222, -0.5161054, -0.8201834, -0.2062250, -0.1354028)    0    0   8.56415503  1 3.640   6.81660814
( 2.3199415, -16.1013895, 34.7971330,  0.4913028,  0.0748802,  0.2169211, -0.8402141)    0    0 -21.91561262  0 4.200 -14.71956740
( 8.1208473, -26.0042907, 25.5292991,  0.3856128, -0.3861787,  0.6228827,  0.5605229)    0    0  -1.66612479  4 3.480  -4.42329956
( 4.3534888, -16.8526194, 38.6736811,  0.2234396, -0.8103827, -0.5337005, -0.0922954)    0    0 -27.95612035  4 3.560 -21.30822668
( 1.4617935, -28.3876134, 27.6878550, -0.9161495, -0.3993944, -0.0318784,  0.0117506)    0    0   2.80012877  2 3.880   5.33345635
(-5.2705283, -23.3268509, 31.2361081,  0.5254022, -0.2192520,  0.4159125, -0.7091529)    0    0 -29.71971035  0 4.200 -19.95394952
( 9.0981480, -15.8663703, 34.9274837, -0.5148342,  0.0076348, -0.1401113,  0.8457283)    0    0 -11.11738639  0 3.960  -5.71074342
( 8.6481624, -23.4713371, 27.5769663, -0.1409175, -0.9140424, -0.3598898, -0.1230775)    0    0  -9.01690375  1 3.720  -5.04348288
( 7.6827663, -16.2453854, 26.2815259, -0.0700919,  0.9234772,  0.3768842,  0.0153419)    0    0 -96.91585382  1 3.240 -34.80600880
(-0.8622824, -26.9648267, 34.8452670, -0.1030426, -0.8324817, -0.0683598,  0.5400772)    0    0  13.40572516  1 4.040   9.61898598
(11.1270272, -18.9134053, 36.4741933,  0.6869376,  0.6878299, -0.2323642,  0.0318381)    0    0  10.41902046  1 4.120   6.96799102
( 4.2167234, -25.2596231, 36.5801908, -0.3569128,  0.2396045,  0.2058315,  0.8791111)    0    0  -6.53164590  6 2.600   2.85082656
(-0.8894962, -21.6983843, 29.7501492,  0.0040321, -0.2582609,  0.1918183, -0.9468320)    0    0 -42.61136887  2 3.800 -26.39505201
( 1.0048115, -22.4220960, 34.1577419, -0.0228479, -0.0719053, -0.0417681, -0.9962746)    0    0  16.52059698  2 3.560  14.03573767
(-3.5720613, -16.8704102, 33.9759656, -0.5253221,  0.5987833,  0.2484944,  0.5511314)    0    0 -72.37458103  1 4.120 -48.56352112
( 0.4058511, -24.4956341, 26.3549766,  0.7936986, -0.1503497, -0.5110233, -0.2937562)    0    0   6.52010554  0 4.040   5.61510058
( 1.9663799, -27.4918593, 36.3625069,  0.3759627, -0.8785538, -0.2398924,  0.1710170)    0    0   5.06069032  4 2.920   7.59621320
(11.6544907, -16.1890577, 28.8755199,  0.1756044,  0.9294078,  0.2404908, -0.2180101)    0    0 -48.84984598  2 3.480 -29.37232594
( 6.8185415, -15.7947275, 35.7308231, -0.6522155, -0.0600734, -0.1584567,  0.7388488)    0    0 -32.28393264  4 3.560 -11.87327769
( 7.8758473, -18.9136233, 26.2593800, -0.3992504, -0.8131201, -0.2975713, -0.3014734)    0    0 -72.09369121  4 3.720 -56.59251298
( 0.4994591, -24.2132577, 26.4988825,  0.7816391, -0.1066664, -0.5417873, -0.2900501)    0    0  -9.39652634  1 3.400   0.03130251
( 3.1461653, -15.1756505, 30.8731974,  0.1619203,  0.2477324,  0.5087337,  0.8084556)    0    0 -102.72552180  9 3.400 -70.82702710
( 7.2970961, -23.2069703, 33.2298386,  0.3576103,  0.8495382,  0.1625601,  0.3520993)    0    0  -1.02058082  0 3.640   9.08409993
( 0.5866925, -27.5783107, 36.1528558, -0.0692253, -0.6450013, -0.0251340,  0.7606244)    0    0   9.44696765  3 3.160   7.81191038
( 7.2070214, -16.2442710, 36.8127057, -0.6503477, -0.3178004, -0.2201732,  0.6538919)    0    0 -25.16432866  3 3.320 -12.91889482
(-0.2189719, -19.0753138, 24.8673197, -0.0039804,  0.0192530,  0.5505130, -0.8345951)    0    0 -102.90578453  1 3.960 -73.20298206
( 6.8959851, -19.9584338, 34.2128255,  0.1425981, -0.8277782, -0.5381377,  0.0696917)    0    0  15.65723546  1 3.720  15.26111623
( 6.7527804, -28.3856430, 33.2406801, -0.0202127,  0.5696348,  0.8044211, -0.1673751)    0    0  15.10334045  0 4.200  10.10986875
( 3.6057796, -20.4488953, 31.5140170, -0.0584519, -0.4037218, -0.1335509, -0.9031923)    0    0 -28.54718952  5 2.600  -8.61260464
( 9.4689174, -18.5866096, 31.9538386,  0.7696815,  0.4946428, -0.0521156,  0.4002535)    0    0 -47.22319109  1 3.400 -24.26101016
( 3.3195058, -15.5781825, 34.4766429,  0.4447171,  0.0306633,  0.1991166, -0.8727194)    0    0 -56.53880420  3 3.560 -26.65771951
( 9.4123065, -21.6746518, 25.9391539, -0.1905252,  0.0797748, -0.7535777, -0.6240647)    0    0 -41.97790873  4 3.400 -22.42596585
(10.9049553, -23.8035832, 32.8787518,  0.2888085,  0.2496360, -0.7163677,  0.5840282)    0    0  15.02249545  0 4.040  11.30916154
(-1.1901683, -22.8063619, 34.1864077,  0.0163652, -0.7573734, -0.1196957, -0.6417091)    0    0 -18.84135509  2 3.720   5.51899099
( 1.4315279, -28.0409911, 26.6497694, -0.9785517, -0.1867612,  0.0332407,  0.0803240)    0    0  -3.04715632  2 3.240   4.06047307
( 0.1770367, -24.2843659, 26.6213253,  0.3751223, -0.1285377, -0.5459049, -0.7380713)    0    0   6.22509635  1 4.120   4.15503273
( 3.0199214, -14.2013632, 25.9384027, -0.0577537, -0.2261155,  0.4258870,  0.8741605)    0    0 -107.37251082  0 4.200 -72.03741196
(-2.0468703, -26.6105080, 26.2536859,  0.5489839,  0.4247558,  0.7095291, -0.1215221)    0    0 -11.66056629  2 3.800  -7.04100866
(-2.4032739, -26.7729100, 26.7079898,  0.5788280,  0.2758346,  0.7188931, -0.2684514)    0    0   8.54128547  0 4.200   5.70855236
( 5.7345837, -20.1368394, 39.9954042,  0.1367301, -0.7238636, -0.3626892,  0.5706959)    0    0   5.04226454  1 3.880   3.84053754
( 7.8258227, -18.3447011, 22.8551686,  0.2197795,  0.0657054,  0.6584728,  0.7167938)    0    0 -126.99810109  1 4.120 -85.20073237
( 9.2752931, -19.3300961, 38.0673499,  0.6844098,  0.3839498, -0.6156316, -0.0718577)    0    0  17.09593041  0 4.200  11.44634321
( 3.7937470, -25.6767032, 28.1421615,  0.1391061, -0.2731691,  0.1976392, -0.9311106)    0    0  -3.24769290  4 3.560  -4.65611082
( 1.6412915, -19.0708995, 38.6441060,  0.0524650, -0.5670226, -0.3920329, -0.7225255)    0    0   2.18680074  1 3.320   6.74591100
(-0.9372758, -20.9014840, 29.5416930,  0.0216064, -0.2974103,  0.1404943, -0.9441089)    0    0 -48.99196960  3 3.560 -19.09834214
( 8.8409134, -19.8470834, 38.0248393, -0.6608204,  0.5495628,  0.3484454, -0.3740091)    0    0   5.10156375  5 3.240   0.19560864
(12.0120159, -17.3356312, 29.0371429,  0.4642981,  0.8310233,  0.3039413,  0.0380432)    0    0 -56.12168272  5 3.160 -26.41933101
(-3.5388482, -16.9639614, 33.9706470, -0.5177369,  0.6029921,  0.2430998,  0.5561039)    0    0 -77.02080222  2 3.640 -51.01517669
( 0.4424198, -29.9674317, 32.2910833,  0.5002470, -0.5146928,  0.1893703, -0.6700621)    0    0   4.47256350  0 4.200   2.97956993
(-0.1606715, -19.2597883, 25.3300726, -0.0025027,  0.2275902, -0.4752157,  0.8499214)    0    0 -90.62107032  2 3.400 -58.78361463
( 0.9517920, -22.4293944, 34.2043781, -0.0279993, -0.1258319, -0.0345118, -0.9910557)    0    0  19.69290980  0 3.480  16.00065319
( 6.1489393, -16.1024858, 38.2331711, -0.2614975,  0.2608496, -0.0523529,  0.9278123)    0    0 -23.03418744  1 4.120 -15.46982044
(11.8178723, -26.4304680, 30.3852927,  0.4365881,  0.8693901,  0.2300330, -0.0252286)    0    0   7.71481582  1 4.040   7.28940276
( 7.3571333, -19.5608075, 38.2515205, -0.6306731,  0.6011034,  0.3882615, -0.3002985)    0    0  -2.53449620  3 3.640  -5.87488245
( 1.6199610, -19.0103452, 39.0771814, -0.0892729,  0.5371456,  0.5800973,  0.6057988)    0    0 -11.56930328  1 3.960 -16.65711173
(11.8825262, -25.5697436, 31.0932369,  0.5365096,  0.5017922,  0.6764439,  0.0527791)    0    0   4.06451163  3 3.480   1.21390653
(-2.1956876, -21.5081902, 34.2315419, -0.0828489, -0.0791282, -0.0025735, -0.9934124)    0    0 -12.45574512  2 3.480   0.06217019
( 1.0096794, -22.4056804, 34.0980838, -0.0075195, -0.0137777, -0.0436252, -0.9989247)    0    0  13.79958845  4 2.920  14.27500557
( 1.3356270, -28.7833349, 31.4598595, -0.8314902, -0.5466590, -0.0775605, -0.0614192)    0    0  14.73263113  0 4.200   9.86122575
( 1.2767553, -22.2083601, 33.9100029, -0.0198819, -0.0695117, -0.0390364, -0.9966188)    0    0  18.19540940  1 3.960  15.86233804
(-2.7687716, -17.6392177, 30.1991444,  0.0977752,  0.5442919,  0.2325212,  0.8000751)    0    0 -84.78120922  1 3.560 -47.00535437
( 5.8178567, -24.7937691, 38.3882452,  0.6353882, -0.7244050, -0.2649373, -0.0364335)    0    0   8.55885169  4 3.720   8.30508140
(11.3648614, -23.0822267, 26.3125001,  0.0622802,  0.1455381, -0.8009013, -0.5773298)    0    0  -7.92529452  3 3.240   1.48073746
( 4.6428846, -24.4284147, 23.6318031, -0.3378941,  0.7108074,  0.5372709,  0.3031838)    0    0  -5.20270557  2 3.800  -2.40953986
( 7.4602085, -18.2016835, 25.7564453, -0.3859673, -0.3501891, -0.3202313, -0.7911060)    0    0 -93.56676641  3 3.720 -58.78786194
( 1.1659854, -22.3679171, 23.3064597,  0.0251372,  0.0796237,  0.3886993,  0.9175734)    0    0 -48.73550362  3 3.480 -18.26949990
( 8.8432382, -26.6322009, 35.1158583,  0.9303979,  0.2224241,  0.2301343,  0.1786771)    0    0  11.44812902  2 3.960   8.13961389
(-2.1119943, -17.6800594, 30.4508926,  0.0548561,  0.5590509,  0.2273771,  0.7954574)    0    0 -100.31507785  3 3.000 -48.22284235
( 5.9309680, -13.9685866, 33.0596085, -0.4829152, -0.5274250, -0.2668523, -0.6460694)    0    0 -72.21951819  1 3.880 -39.01007891
( 6.8261097, -19.4928756, 37.2187328, -0.0309581, -0.8630542, -0.4960912,  0.0898478)    0    0   9.60036159  2 3.800   7.55740342
( 7.0164502, -25.8700951, 25.8243456, -0.3368120,  0.0721555, -0.6790186, -0.6482939)    0    0  -4.79215643  3 3.720  -2.66259079
( 2.3523739, -27.9813315, 30.5638753, -0.1168879, -0.0314341,  0.4036467, -0.9068525)    0    0  17.37290529  1 3.560  13.36049372
(-0.2745581, -15.8545360, 33.6390003,  0.3990884, -0.0210614,  0.1737014, -0.9000626)    0    0 -75.02459834  1 4.040 -37.33670487
( 3.8538210, -20.6733338, 32.0633145, -0.0634671, -0.3860488, -0.1169565, -0.9128305)    0    0 -17.18420583  3 3.160  -1.62617918
( 1.4639156, -28.7822120, 31.5336548, -0.8343356, -0.5422890, -0.0737865, -0.0656005)    0    0  14.02519121  1 3.640   9.81366678
(-4.4616626, -19.9760025, 29.2742471,  0.1350700,  0.5907689,  0.7548265,  0.2509684)    0    0 -69.18381965  2 3.160 -34.47927118
(-0.8376868, -15.7815618, 32.1211150, -0.0867060,  0.2851919, -0.0370795,  0.9538201)    0    0 -108.96767225  3 3.560 -67.62261748
( 6.8194387, -26.5256663, 28.4687906,  0.4030850, -0.0350726,  0.8455400, -0.3483598)    0    0   4.49056372  1 3.320   5.35272727
( 6.1363951, -14.6129078, 30.2921279, -0.3496382, -0.8674458, -0.2632551, -0.2366171)    0    0 -77.66942859  2 3.400 -45.93812000
(11.5650532, -22.4984112, 30.9045239, -0.4312073, -0.7181160, -0.5345506, -0.1123627)    0    0 -11.07185588  3 3.720 -14.99644513
( 9.5758370, -24.7940554, 37.3562152,  0.6427929,  0.3056608, -0.3318361,  0.6190909)    0    0  13.95714410  2 4.040   9.34108934
( 2.1394732, -25.3108890, 29.1201353,  0.1558765, -0.1899194,  0.2104292, -0.9462308)    0    0  -8.05336581  4 3.160  -2.33963498
( 3.6320151, -16.3765592, 38.6390230,  0.4161880, -0.6712815, -0.6127934, -0.0255535)    0    0 -40.77268508  1 4.040  -2.46074982
(-2.4135951, -26.7813443, 26.7319448,  0.5778080,  0.2847395,  0.7170466, -0.2661134)    0    0   4.52594106  1 3.720   4.84052828
(-1.9601545, -20.6433465, 26.1953376, -0.1747403, -0.8712327, -0.3986220, -0.2269801)    0    0 -85.86910208  2 3.800 -46.98872694
( 1.0548801, -28.7917195, 31.2920829, -0.8427468, -0.5335091, -0.0482542, -0.0530794)    0    0  13.07085138  3 3.240   9.22745292
(-2.1786119, -22.7433596, 27.6554636, -0.1476481, -0.9160983, -0.3182927, -0.1940457)    0    0 -29.87778951  0 3.960 -14.64688475
( 7.1901925, -19.9587622, 34.8759028,  0.0038734, -0.8440872, -0.5202416, -0.1298097)    0    0   7.09116162  3 3.880   8.89293207
( 4.1618611, -27.0297126, 36.7983780,  0.5070916, -0.7601719, -0.3919038, -0.1068089)    0    0  10.17102914  1 3.480   7.38884227
( 6.7222914, -26.2884595, 29.0836022,  0.0096059, -0.0064842,  0.5570222, -0.8304167)    0    0  11.68098209  1 3.960   8.08348007
( 0.4529982, -27.4049405, 35.7113371, -0.0708571, -0.7622277, -0.0750471,  0.6390275)    0    0  12.34085667  2 3.720   8.12256346
(-1.8296957, -18.5530733, 26.7101704,  0.0018739,  0.5994292, -0.1973548,  0.7757140)    0    0 -109.91780313  5 2.680 -71.86934170
( 0.9533366, -27.0380452, 35.8401501, -0.1127411, -0.4704669, -0.1115453,  0.8680484)    0    0   7.90940314  4 3.080   9.96771156
( 9.7045425, -21.5207116, 31.1248604,  0.5401056,  0.7140692,  0.3811420,  0.2304817)    0    0 -19.56156895  4 3.560 -31.05276370
(11.3706546, -17.3521484, 28.4241367, -0.9339577, -0.3362055, -0.1205308,  0.0126952)    0    0 -49.87589312  0 3.320 -22.13861225
( 9.8716325, -20.2965062, 37.5798112,  0.4952053,  0.5321061, -0.6866550,  0.0118209)    0    0 -15.02999803  7 3.000 -28.12185064
( 9.5616526, -21.8985251, 37.6026603,  0.8625273, -0.0912839, -0.3728710,  0.3296681)    0    0  13.38918870  1 3.640  13.70265403
( 5.1436156, -20.6313229, 30.0998836, -0.0137326,  0.4081980,  0.1297736,  0.9035179)    0    0  -7.72816542  0 3.880   4.69662958
( 5.7726150, -24.2496242, 22.4828843, -0.5447463,  0.7921033,  0.2736647, -0.0305201)    0    0   1.24269913  0 4.200   0.81322797
( 6.9774000, -25.8035844, 36.4018547,  0.6294094, -0.7238562, -0.2334953, -0.1592357)    0    0  14.78655654  1 3.720  10.28318587
( 4.5045061, -29.8430639, 28.4454460, -0.0370143, -0.2508474,  0.7447114, -0.6173415)    0    0   3.10238335  3 3.640  -0.47203837
(10.3899079, -25.1847498, 30.5900335,  0.3345149,  0.5022081,  0.7078334, -0.3672309)    0    0   2.07938084  2 3.400   2.30192031
( 0.9631798, -29.3095761, 33.1552128, -0.8719450, -0.2544570, -0.0563548, -0.4144727)    0    0   9.98441624  2 3.800   8.38616457
( 5.9154617, -13.9251402, 33.0319852, -0.4860394, -0.5301832, -0.2809274, -0.6354143)    0    0 -61.60331049  0 4.120 -41.33849582
(-1.6586220, -18.5584196, 29.8901112,  0.0621381,  0.6462356, -0.0969388,  0.7544013)    0    0 -94.86998682  3 3.480 -64.71250836
( 5.9769873, -17.9903829, 38.3389117,  0.2139169, -0.6497048, -0.4881061,  0.5421030)    0    0 -29.88449359  3 3.480 -14.19527876
( 3.4116493, -19.5993057, 31.0802974,  0.0071650, -0.5431051, -0.1875288, -0.8184244)    0    0 -76.21982090  5 2.760 -25.07688220
( 2.2086477, -26.8358454, 36.5929740,  0.4537222, -0.5926203, -0.6633456,  0.0539444)    0    0   2.77681735  3 3.320  -2.97123614
(-1.7680417, -23.3066323, 36.9370269,  0.0453896, -0.5306500,  0.0899366, -0.8415829)    0    0  14.08709424  0 4.200   9.42824979
( 7.7112670, -29.2772424, 30.4865927,  0.8718340,  0.3991536,  0.1823366,  0.2175667)    0    0   6.98711308  0 4.120   8.61493054
( 5.5763237, -19.9655495, 40.0086395,  0.1440733, -0.7264106, -0.3576448,  0.5689119)    0    0   8.93357213  0 3.960   6.81593610
( 4.2490943, -28.8491258, 33.8477515, -0.0737605,  0.5142804,  0.8310018, -0.1987739)    0    0  11.17332365  1 3.720  11.28820924
(10.3305015, -17.8094119, 30.8171233, -0.7831225, -0.0945082,  0.0964665, -0.6070268)    0    0 -49.56456965  1 3.720 -47.43600607
( 1.5099337, -21.0832812, 32.3260943,  0.0451497, -0.0361359,  0.0015089, -0.9983253)    0    0 -26.55399284  7 2.520   1.08760940
( 7.9813543, -21.9409081, 31.7882074, -0.1705255, -0.9796235, -0.1023227, -0.0280865)    0    0 -22.62077462  4 3.480 -11.09377677
(11.2363358, -20.9184326, 36.8557486,  0.6306766,  0.4132003, -0.6514510,  0.0844048)    0    0  12.34843488  4 3.720   7.47353535
(-4.0363454, -20.4971877, 29.0338443, -0.1318100, -0.7907187, -0.5496056, -0.2352099)    0    0 -46.43071612  2 3.480 -28.61197913
(-0.9797983, -26.3929658, 34.5601261, -0.0839387, -0.8348155, -0.0760692,  0.5387493)    0    0  14.86950914  0 3.880  11.66002829
( 1.1388539, -28.7814281, 31.3381859, -0.8401697, -0.5341157, -0.0647448, -0.0677358)    0    0  13.14491657  2 3.160   9.83099768
(11.6725344, -22.3386964, 27.3962753, -0.0614807,  0.0045350, -0.8103776, -0.5826558)    0    0  -7.67107890  3 3.560   6.88117583
(-2.0915110, -22.7671440, 27.5688797, -0.0573808, -0.9209676, -0.2966294, -0.2460428)    0    0 -41.94591030  1 3.720  -0.66356752
( 2.2919888, -27.9801156, 30.8940372, -0.1363097, -0.0386868,  0.4107123, -0.9006877)    0    0  16.82638155  2 3.640  12.55898410
( 7.1337620, -24.7622974, 27.3486291,  0.5283470, -0.2123041,  0.5121640, -0.6430120)    0    0 -12.82187404  4 3.160  -4.52629804
( 8.9527333, -15.8270799, 34.9274441, -0.5171517,  0.0254708, -0.1366313,  0.8445338)    0    0 -15.44013910  1 3.960  -9.52517430
( 8.5168125, -18.8291149, 31.8017261,  0.4833563,  0.8602076,  0.1384569,  0.0850844)    0    0 -30.77969627  4 3.560 -18.09549406
( 7.7744356, -26.4263779, 29.0385331,  0.5880381,  0.0856623,  0.7695114, -0.2339346)    0    0   5.12849843  2 3.560   1.86659202
(10.3117832, -22.1929549, 34.7951469,  0.5651879,  0.4894996, -0.6461786,  0.1529901)    0    0   4.02384830  6 3.160  11.75805105
( 4.9393235, -16.1887506, 27.9842710,  0.0651909, -0.1680466, -0.2453245, -0.9525368)    0    0 -112.57478978  1 3.320 -66.47022776
( 8.1597315, -21.7649033, 26.3992671, -0.4206962, -0.8655972, -0.2713118,  0.0120910)    0    0 -40.05742962  4 3.400 -20.18776538
( 1.9248925, -18.7186199, 38.7909462, -0.0702025,  0.5359705,  0.5936732,  0.5961202)    0    0 -11.85079723  2 3.560 -18.44753091
( 1.2221359, -13.2817728, 27.4780186, -0.4043534, -0.7780921, -0.4519176,  0.1638338)    0    0 -154.31694131  2 3.960 -132.66284178
( 4.2638027, -24.4697813, 23.9410915, -0.0399078,  0.4711142,  0.6762099,  0.5647895)    0    0  -7.76378947  1 3.560  -1.42265527
( 7.7189936, -19.2618351, 24.5476687, -0.2289264, -0.8030552,  0.3448487,  0.4286892)    0    0 -83.27899081  3 3.800 -56.54316061
( 5.1192183, -15.3221873, 36.7141578, -0.4136086, -0.1425246, -0.1964720,  0.8775041)    0    0 -61.30768223  4 3.400 -36.40339202
( 6.4657495, -26.1851367, 36.5537886,  0.6033108, -0.7303588, -0.2825930, -0.1507756)    0    0  11.99402108  3 3.160   9.17225160
( 4.2463575, -26.2848497, 27.5248965,  0.1481338, -0.2089558,  0.3388506, -0.9053033)    0    0  -0.81764826  4 3.320   0.91186650
( 6.7938984, -25.3763811, 36.7058487,  0.6008772, -0.7153242, -0.2951572, -0.2003499)    0    0  12.00108175  2 3.640   8.06447247
( 4.2465327, -21.4073492, 26.4808968, -0.2840515, -0.7604015, -0.0766906,  0.5789844)    0    0 -14.28288005  2 3.880  -4.35134421
( 4.8274520, -18.6164952, 39.5201405,  0.4523438, -0.7269863, -0.4849033,  0.1781705)    0    0 -11.76028753  3 3.800  -9.95307676
( 2.4573908, -23.5124379, 26.6275841,  0.1808676, -0.2991056,  0.3742225, -0.8589414)    0    0  -9.42512283  5 3.240  -3.94442346
(11.5358723, -15.0489524, 31.8273493, -0.0371884,  0.7592082, -0.0232226, -0.6493694)    0    0 -78.55450394  1 4.040 -45.00368796
( 4.3729220, -15.5481634, 35.5909463, -0.6837900, -0.1510214, -0.2382573,  0.6729467)    0    0 -45.93553927  2 3.240 -15.86196219
(11.2099834, -17.4198838, 28.4830312, -0.8895182, -0.3551926, -0.2872890,  0.0077849)    0    0 -68.60831458  2 3.240 -39.04699178
( 5.6939017, -21.9529428, 36.1449549,  0.2858024, -0.6351065, -0.6647041, -0.2704166)    0    0 -15.85686216  1 4.120 -10.65582855
( 5.8846621, -13.0865525, 34.2800088,  0.0394253,  0.2707855, -0.1012999,  0.9564827)    0    0 -92.20393437  2 3.800 -63.09603957
( 8.6079300, -27.2442834, 35.0130936,  0.8343157,  0.1966821, -0.4170244,  0.3021988)    0    0  11.28279950  1 3.640   8.09987544
( 3.0626023, -21.2845481, 32.6435115, -0.0446853, -0.1979023, -0.0630267, -0.9771722)    0    0  -7.87775340  4 3.320  -3.03751659
( 9.4255383, -21.0194384, 37.6425724, -0.7763778,  0.4137452,  0.2031172, -0.4298789)    0    0   6.34272549  3 3.720   1.38460325
(10.7074323, -25.7423046, 29.1410984, -0.2713358, -0.1440383, -0.6530754, -0.6921867)    0    0  14.26315106  0 4.040  11.51640083
( 5.5530760, -15.0641266, 34.1893787, -0.2789856, -0.0255964, -0.1860372,  0.9417547)    0    0 -92.01711063  2 3.240 -59.43481678
( 7.2018348, -22.3621934, 34.7019699,  0.0235077, -0.8995509, -0.4315837,  0.0631744)    0    0   1.41380290  3 3.640  11.33431062
( 2.1174001, -22.3156876, 24.4837586, -0.0432753, -0.1010082, -0.3222431, -0.9402574)    0    0 -47.92797899  2 3.480 -26.83635936
( 2.6063247, -27.9899663, 30.7301931, -0.1216832, -0.0287285,  0.4011389, -0.9074445)    0    0  18.91106338  0 4.200  12.66379331
(-3.1356365, -17.6422155, 30.6936644,  0.1124148,  0.5291017,  0.2373251,  0.8069021)    0    0 -60.98595737  0 4.120 -40.04214523
(-1.7491126, -21.5923970, 37.5050298,  0.1669721, -0.5133382, -0.0656222, -0.8392246)    0    0 -15.01976486  1 3.800 -19.49821168
(10.7123697, -23.3927432, 36.0338821,  0.5536661,  0.1884807, -0.6477032,  0.4882720)    0    0   9.55348414  5 3.320   4.82382573
(11.0161030, -15.7906290, 28.8338359,  0.1685699,  0.9399016,  0.2861958, -0.0791279)    0    0 -78.01766195  4 3.240 -29.24244571
(-0.8007348, -15.8005774, 33.3805663,  0.1907947, -0.2200731,  0.0718131, -0.9539435)    0    0 -101.85119483  1 3.480 -60.79587621
( 7.5963809, -25.9972252, 25.2273015, -0.3082865,  0.1036779, -0.6845207, -0.6524122)    0    0   7.36904772  1 4.120   4.92230639
( 0.3072713, -13.9926668, 28.8663804, -0.2023286, -0.8352658, -0.4748805, -0.1894269)    0    0 -130.98510774  2 3.640 -63.58260947
( 8.6874418, -18.5301709, 33.0561905, -0.3693999, -0.8503708, -0.1730347, -0.3323737)    0    0 -23.24984704  1 3.720   0.04072328
( 1.1863216, -27.4540299, 31.4266866, -0.2072856, -0.0560577,  0.4358104, -0.8740478)    0    0   3.39748227  4 2.520   6.07772658
( 7.0264631, -29.3152049, 31.4206817,  0.0629947,  0.3437381,  0.8920896, -0.2864472)    0    0   7.21665622  1 3.720   7.23819773
( 5.8698499, -20.9388656, 26.4114280, -0.2812906, -0.9114792, -0.1515239,  0.2590787)    0    0 -21.33428749  3 3.000  -8.17960394
( 1.7790229, -22.4012463, 33.5199675, -0.0260504, -0.1281711, -0.0388563, -0.9906338)    0    0  15.61253914  3 3.160  14.41332553
( 1.6026367, -27.7601650, 30.0859244, -0.0367457, -0.1404950,  0.3141838, -0.9381895)    0    0  11.74087501  2 3.000   7.36037053
(11.9479378, -26.4472294, 30.4555576, -0.4421750, -0.3834668, -0.7004315, -0.4084484)    0    0   9.69335742  2 3.960   6.74459731
( 4.6329224, -23.4492465, 24.0343039, -0.0808952,  0.4541242,  0.6172018,  0.6374081)    0    0  -9.76989518  2 3.640  -7.08706408
( 8.2256725, -20.1409016, 38.3328729, -0.4277031,  0.7589624,  0.2472859, -0.4241412)    0    0  11.13372731  0 3.880   9.21427053
( 0.8462183, -21.0730452, 30.2115530, -0.0584718, -0.3122448,  0.0534460, -0.9466931)    0    0 -27.99594669  3 3.240 -16.12221761
(12.3811997, -17.2549527, 28.7066586,  0.2005788,  0.9041236,  0.3695541, -0.0758846)    0    0   4.51696793  0 4.200   3.00935297
( 2.8253056, -13.5845543, 27.9152441, -0.2321634, -0.7903029, -0.5670287,  0.0000352)    0    0 -97.21791475  0 4.200 -65.22649825
