#Coordinates  RecID  LigID  Luciferin  Neighbor's number  Vision Range  Scoring
( 9.0541298, -21.4837702, 31.1325353, -0.3384152, -0.9122084, -0.2194425, -0.0720827)    0    0  24.04746874  3 5.000  16.42814895
( 1.2733730, -26.1907368, 30.5425499, -0.0852324, -0.0815642,  0.3579908, -0.9262426)    0    0  23.83310865 13 1.320  15.68119246
( 1.4317315, -27.8190378, 30.3921865, -0.8417227, -0.5297334, -0.0664088, -0.0804692)    0    0  16.07981570  4 1.560  10.82267013
( 1.4144546, -26.3271630, 30.3955144, -0.0853556, -0.0816781,  0.3577795, -0.9263028)    0    0  23.97267548  6 0.720  16.04385418
( 1.2323320, -26.5726258, 30.5839630, -0.0852178, -0.0815850,  0.3578457, -0.9262981)    0    0  23.90627869  7 0.400  16.06727000
( 9.5959672, -24.2099364, 28.5742090, -0.2512535, -0.1255730, -0.6678076, -0.6893011)    0    0  21.88978496 10 3.560  14.75905855
( 9.2019152, -22.0755168, 30.7821502, -0.3384152, -0.9122091, -0.2194417, -0.0720770)    0    0  24.07458039  1 5.000  16.18305621
( 9.6108087, -19.9733773, 37.7645171,  0.6800443,  0.3856260, -0.6214522, -0.0512794)    0    0  21.42950096  6 0.480  14.43105728
( 9.4890297, -24.2336612, 28.7098177, -0.2512537, -0.1255730, -0.6678078, -0.6893009)    0    0  22.14844463  2 0.680  14.93652501
( 1.1446120, -25.6707145, 31.0241112, -0.0426024, -0.1137244,  0.0660183, -0.9904006)    0    0  22.68832780  0 1.160  14.86021630
( 0.4563751, -23.4054663, 33.7466390, -0.0272994, -0.1221804, -0.0340332, -0.9915485)    0    0  25.00538299 10 0.440  16.67468487
(-5.3449786, -23.5405492, 30.8636111,  0.5254022, -0.2192520,  0.4159125, -0.7091529)    0    0 -30.82112984  1 5.000 -20.64646469
( 6.3665954, -20.2109335, 33.8876736,  0.1455280, -0.8196675, -0.5452379,  0.0983996)    0    0  22.73882675  3 0.360  15.27508761
( 1.3457470, -26.3222690, 29.9617951, -0.0853528, -0.0816717,  0.3578053, -0.9262937)    0    0  23.61275833  0 0.400  15.87372221
( 8.7819733, -21.3577114, 31.6767042, -0.3383913, -0.9122103, -0.2194713, -0.0720833)    0    0  21.63916146  0 0.880  14.87188367
( 1.1332111, -26.2583315, 30.5535120, -0.0853482, -0.0817226,  0.3575485, -0.9263888)    0    0  23.67192261 15 0.000  15.85399531
( 9.9035797, -20.2769267, 37.5619543,  0.6800441,  0.3856253, -0.6214532, -0.0512746)    0    0  21.28435909 11 0.920  13.87880123
( 0.4487861, -23.6159245, 33.1044960, -0.0272943, -0.1221519, -0.0340297, -0.9915523)    0    0  25.70329626  0 1.520  17.30355436
( 1.4303501, -27.7543786, 30.3258432, -0.8415710, -0.5297040, -0.0653641, -0.0830178)    0    0  15.40329036  8 0.360  10.34917524
( 0.4919068, -23.6181596, 32.9997125, -0.0272886, -0.1221218, -0.0340256, -0.9915563)    0    0  25.39395797  5 0.720  16.91415325
(10.0606857, -23.9046756, 28.6791991, -0.2512534, -0.1255730, -0.6678076, -0.6893013)    0    0  22.21198433  1 5.000  14.92999714
( 9.2410383, -21.7205751, 30.4759187, -0.3384134, -0.9122086, -0.2194447, -0.0720826)    0    0  23.78056523  6 1.400  16.31260630
( 0.2528510, -23.7617052, 33.0480732, -0.0272847, -0.1220979, -0.0340180, -0.9915596)    0    0  25.35935775  7 0.560  17.02572101
( 0.4023671, -23.6710439, 32.9042905, -0.0272951, -0.1221545, -0.0340274, -0.9915520)    0    0  25.35208532  8 0.320  16.88728070
( 1.3906864, -27.8147455, 30.4690350, -0.8417224, -0.5297338, -0.0664092, -0.0804696)    0    0  16.23599238  1 3.000  10.96294503
( 7.0250573, -26.0785999, 35.6663891,  0.6394021, -0.7239283, -0.2141859, -0.1456610)    0    0  17.49117663  7 2.840  11.78302675
( 1.3214082, -27.2070884, 30.2713713, -0.6071200, -0.4004580,  0.1905100, -0.6593517)    0    0  16.12489507 16 3.960  10.90657051
( 8.8903933, -21.4668880, 31.1129273, -0.3383444, -0.9122170, -0.2195306, -0.0720386)    0    0  20.31240903  3 0.440  15.38491201
( 9.9795180, -20.2311299, 37.5520800,  0.6800438,  0.3856250, -0.6214540, -0.0512704)    0    0  21.45842667  6 0.480  14.38932410
( 6.8605859, -20.4334919, 33.8006131,  0.1454674, -0.8196845, -0.5452351,  0.0983629)    0    0  22.47908678  0 0.480  14.86165678
( 9.5577682, -24.0835460, 28.7344542, -0.2512536, -0.1255730, -0.6678077, -0.6893011)    0    0  22.01609990  7 0.760  14.61690547
( 6.6477955, -20.6564774, 33.9794236,  0.1455269, -0.8196685, -0.5452377,  0.0983939)    0    0  22.64384425 13 1.480  14.87905245
( 1.4248659, -26.2804143, 30.3477667, -0.0852317, -0.0816763,  0.3574346, -0.9264475)    0    0  23.58587133  0 0.400  15.99131095
(-5.2705283, -23.3268509, 31.2361081,  0.5254022, -0.2192520,  0.4159125, -0.7091529)    0    0 -29.93092424  0 5.000 -19.95394952
( 6.8357947, -20.2305663, 34.1283950,  0.1455281, -0.8196658, -0.5452379,  0.0984132)    0    0  22.89073477  4 1.480  15.41059761
( 9.1588863, -21.7550897, 30.9130815, -0.3384151, -0.9122085, -0.2194425, -0.0720823)    0    0  23.74218201  7 3.720  15.77321288
( 9.3646438, -20.5500669, 31.3139683, -0.3379410, -0.9122625, -0.2200574, -0.0717466)    0    0  14.05729100 14 0.680  11.59086000
( 0.5099219, -23.5302115, 33.3178123, -0.0272913, -0.1221326, -0.0340262, -0.9915549)    0    0  25.07716018 22 0.000  16.75455367
( 9.6065497, -20.2798501, 37.4904324,  0.6800436,  0.3856230, -0.6214565, -0.0512595)    0    0  21.47254981  2 0.640  14.44701204
( 6.6238309, -25.9354490, 35.5050142,  0.6394025, -0.7239282, -0.2141843, -0.1456625)    0    0  16.76541145  2 0.640  11.04379383
( 0.5761251, -23.5298778, 33.4740899, -0.0272874, -0.1221134, -0.0340241, -0.9915574)    0    0  24.98243006 15 0.000  16.41517104
( 0.8092074, -23.6644498, 33.7936948, -0.0273021, -0.1221853, -0.0340322, -0.9915478)    0    0  24.80125025  0 0.400  16.43098403
( 0.9966696, -23.3687519, 33.8722790, -0.0273669, -0.1225293, -0.0340649, -0.9915025)    0    0  24.87802032  2 0.640  16.76603300
( 1.4109385, -26.3257808, 30.3542135, -0.0857617, -0.0819788,  0.3574509, -0.9263653)    0    0  23.92303192  7 0.560  15.96144844
( 6.6216001, -26.0236025, 35.6318855,  0.6394022, -0.7239283, -0.2141854, -0.1456615)    0    0  16.78467548  2 0.600  10.64529525
( 9.1567819, -21.8218402, 31.0010923, -0.3384018, -0.9122112, -0.2194567, -0.0720667)    0    0  22.19133475  0 0.400  16.25605335
( 6.7392118, -20.7566034, 33.8577184,  0.1453558, -0.8197179, -0.5452079,  0.0984007)    0    0  22.49283937  0 0.400  15.02345356
( 9.1684787, -21.8259112, 30.9044782, -0.3384151, -0.9122075, -0.2194437, -0.0720909)    0    0  21.47165999 18 0.000  13.51320828
( 1.4320363, -27.8190679, 30.3916079, -0.8417246, -0.5297306, -0.0664023, -0.0804734)    0    0  16.27281098  0 4.680  10.88058943
( 6.3765755, -20.5321651, 34.1388816,  0.1453497, -0.8201556, -0.5453256,  0.0939016)    0    0  22.27382492 18 0.000  15.19444454
( 6.2276428, -21.2373449, 33.5970280,  0.1454914, -0.8198143, -0.5452727,  0.0970248)    0    0  22.52949010  3 0.640  14.99078079
( 0.0770569, -23.6673805, 33.3182108, -0.0272779, -0.1220632, -0.0340174, -0.9915641)    0    0  25.28100366 10 1.720  17.16452878
( 6.4374162, -20.6789335, 34.0650831,  0.1455290, -0.8196636, -0.5452377,  0.0984315)    0    0  22.75244326  0 0.440  15.33053769
( 0.7443000, -23.1456098, 33.5575815, -0.0273135, -0.1222440, -0.0340376, -0.9915401)    0    0  24.80546095 10 0.000  16.65177433
( 6.5459657, -20.6128642, 33.9882314,  0.1455248, -0.8196710, -0.5452370,  0.0983803)    0    0  22.70101197 10 1.880  14.87131736
( 6.6308349, -25.9088988, 35.5547781,  0.6394021, -0.7239284, -0.2141859, -0.1456610)    0    0  17.33124006 10 2.600  11.77395467
( 0.0807759, -23.6702323, 33.2384667, -0.0273123, -0.1222423, -0.0340430, -0.9915402)    0    0  25.20158959  0 0.400  16.96892079
( 9.1924654, -21.8202791, 30.8972522, -0.3384149, -0.9122083, -0.2194429, -0.0720849)    0    0  23.48364486  9 2.440  15.59556355
( 6.7302783, -20.5205290, 34.0114998,  0.1455013, -0.8196787, -0.5452325,  0.0983750)    0    0  22.73128997  4 0.680  15.06843242
( 9.3844354, -24.2159062, 28.7216673, -0.2512534, -0.1255730, -0.6678076, -0.6893012)    0    0  22.12762407  3 4.200  14.82188215
(10.2603580, -19.9218646, 37.2634885,  0.6800437,  0.3856229, -0.6214564, -0.0512599)    0    0  19.58442359  0 0.600  11.39695816
( 0.2104734, -23.6257659, 33.3481321, -0.0272890, -0.1221229, -0.0340257, -0.9915561)    0    0  25.58199987  3 3.080  17.19446526
( 1.4545658, -26.2349961, 30.3423172, -0.0884194, -0.0837445,  0.3565739, -0.9262867)    0    0  22.98644199  7 0.240  15.54515252
( 1.4157139, -26.5727529, 30.2544584, -0.0869063, -0.0826926,  0.3572906, -0.9262549)    0    0  22.53304091 15 0.000  15.31838060
( 9.6899436, -20.1627012, 30.7545609, -0.3370016, -0.9123685, -0.2212731, -0.0710417)    0    0  10.59051941 11 1.320  10.00060632
(-2.5561738, -26.8978567, 27.0628618,  0.5787673,  0.2763927,  0.7187816, -0.2683067)    0    0   7.67133421  2 5.000   3.44675844
(-2.4032739, -26.7729100, 26.7079898,  0.5787673,  0.2763927,  0.7187816, -0.2683067)    0    0  10.64529107  1 5.000   7.87279012
( 6.2597856, -21.0000398, 34.1277015,  0.1441094, -0.8234189, -0.5457089,  0.0584425)    0    0  21.73188913  0 0.400  15.12260237
( 9.1527515, -20.9490257, 31.2034709, -0.3384129, -0.9122072, -0.2194456, -0.0720997)    0    0  22.64926889  0 0.480  15.33591483
( 9.9329843, -20.2532343, 37.5732644,  0.6800433,  0.3856261, -0.6214502, -0.0512836)    0    0  21.68003485  0 5.000  14.45344679
( 1.4611500, -26.0961297, 30.1987586, -0.0846315, -0.0821771,  0.3535734, -0.9279267)    0    0  23.39744246  0 0.400  15.86670278
( 0.2577057, -23.6661215, 33.3776728, -0.0272922, -0.1221422, -0.0340281, -0.9915536)    0    0  25.12001605  6 0.320  16.85154848
( 0.7968210, -23.2605750, 33.8691658, -0.0272875, -0.1221113, -0.0340217, -0.9915577)    0    0  25.01206503  8 0.080  16.82824253
( 6.8568406, -20.4948897, 33.8363088,  0.1455264, -0.8196690, -0.5452375,  0.0983917)    0    0  22.67339975 11 2.360  15.03453676
( 9.1024624, -21.3452374, 31.0237287, -0.3384132, -0.9122087, -0.2194448, -0.0720825)    0    0  23.61296849  6 0.320  16.36893075
( 0.9961874, -22.6410667, 34.0340872, -0.0273499, -0.1224509, -0.0340607, -0.9915128)    0    0  24.10745986  1 0.560  16.69464781
( 1.5782730, -26.1706414, 30.3911963, -0.0852828, -0.0816057,  0.3579185, -0.9262622)    0    0  23.81520903  0 0.640  15.95413445
( 0.7063551, -23.5780639, 33.4852802, -0.0272892, -0.1221181, -0.0340223, -0.9915568)    0    0  25.11166872  3 0.320  16.77983868
( 0.4994617, -23.5846666, 33.6882695, -0.0273046, -0.1222003, -0.0340311, -0.9915460)    0    0  25.21855014 12 0.000  16.93098883
( 6.8020766, -20.5756802, 33.8723067,  0.1455110, -0.8196798, -0.5452324,  0.0983521)    0    0  22.64139947  0 0.560  15.16012904
( 9.8441955, -24.0268304, 28.6792314, -0.2512537, -0.1255730, -0.6678077, -0.6893010)    0    0  21.90404654  9 2.920  14.48498883
( 6.3076018, -20.9481142, 33.8946132,  0.1442103, -0.8233296, -0.5457717,  0.0588641)    0    0  19.61314419 11 0.000  15.37999241
( 0.9158936, -23.3770282, 33.7357769, -0.0273469, -0.1224216, -0.0340631, -0.9915164)    0    0  24.81799394  0 0.400  16.57660567
(10.0047013, -23.9604712, 28.6644386, -0.2512535, -0.1255730, -0.6678077, -0.6893011)    0    0  21.84252321 11 0.760  14.37879511
( 0.6384096, -23.2832583, 33.6719324, -0.0273211, -0.1222873, -0.0340457, -0.9915343)    0    0  24.81787355  6 0.400  16.49654774
( 1.1436125, -23.1864157, 33.9523530, -0.0273252, -0.1223061, -0.0340472, -0.9915318)    0    0  25.16559491  1 0.720  16.75356339
( 1.1653955, -26.4184614, 30.4413836, -0.0852356, -0.0815679,  0.3579739, -0.9262485)    0    0  23.65560881  5 0.280  15.98178120
( 0.7270385, -23.0193842, 33.5920135, -0.0273384, -0.1223816, -0.0340474, -0.9915221)    0    0  24.43056249  2 0.640  16.18577137
( 0.9250820, -22.9512109, 33.8230833, -0.0273484, -0.1224265, -0.0340619, -0.9915158)    0    0  24.64775154 10 0.000  16.51559561
( 6.7227126, -25.8906889, 35.5620796,  0.6394021, -0.7239284, -0.2141859, -0.1456610)    0    0  17.65461305  2 4.280  11.74647429
( 9.6171599, -24.0837905, 28.7176793, -0.2512534, -0.1255730, -0.6678076, -0.6893012)    0    0  22.35823466  0 4.840  14.95984275
( 1.7931495, -26.5418154, 30.1329867, -0.1237330, -0.1057272,  0.3508062, -0.9221968)    0    0  14.84665118 18 0.000  13.66463062
( 9.1488609, -21.6985528, 30.9384224, -0.3384152, -0.9122094, -0.2194413, -0.0720746)    0    0  24.33510487  0 2.520  16.38587553
( 1.2063773, -27.7945027, 30.8191764, -0.8417249, -0.5297301, -0.0664007, -0.0804751)    0    0  16.19034126  2 2.440  10.87143321
( 6.7675074, -25.7863313, 35.4920176,  0.6394023, -0.7239282, -0.2141855, -0.1456614)    0    0  17.51701687  5 0.480  11.65685940
( 0.6884881, -23.3594917, 33.2944206, -0.0272966, -0.1221600, -0.0340286, -0.9915512)    0    0  25.48916626  4 0.800  17.25205252
( 6.4530358, -20.8601721, 33.9545802,  0.1454892, -0.8197418, -0.5452461,  0.0977878)    0    0  22.63053667  4 0.400  14.98744443
( 6.7499782, -20.4853305, 34.1529384,  0.1454883, -0.8196795, -0.5452336,  0.0983818)    0    0  22.39050619  0 0.400  15.20429869
( 9.8420401, -24.0523592, 28.6357724, -0.2512536, -0.1255730, -0.6678077, -0.6893011)    0    0  21.96576614  4 0.600  14.70560111
( 1.1320419, -26.4429388, 30.0296924, -0.0852266, -0.0815677,  0.3579571, -0.9262558)    0    0  23.83980410  0 0.640  15.85115366
( 0.8100830, -23.4040178, 34.1120455, -0.0273089, -0.1223520, -0.0340664, -0.9915259)    0    0  23.55977839  8 0.560  16.10472103
( 0.2606151, -23.5852361, 33.3872884, -0.0272822, -0.1220856, -0.0340205, -0.9915611)    0    0  24.94844484 11 0.000  16.63292505
( 1.7485605, -26.4315833, 30.1987522, -0.0852674, -0.0816086,  0.3578529, -0.9262887)    0    0  23.96853050  6 0.320  16.06784077
( 0.4269427, -23.3649183, 33.2252250, -0.0273041, -0.1222013, -0.0340322, -0.9915458)    0    0  25.18162917  0 0.400  16.96645846
( 0.6878131, -23.2529155, 33.6442904, -0.0273067, -0.1222545, -0.0340463, -0.9915387)    0    0  24.23147555  0 0.400  16.74927145
( 1.1451372, -26.2913253, 30.5029719, -0.0852684, -0.0816292,  0.3577507, -0.9263263)    0    0  23.72913555  0 0.400  15.98772723
( 6.9266861, -19.9123715, 34.1024028,  0.1453476, -0.8197930, -0.5452117,  0.0977615)    0    0  22.25092149  9 0.000  14.94203334
( 9.6684517, -20.4730959, 37.8303504,  0.6800439,  0.3856245, -0.6214544, -0.0512691)    0    0  21.29354829  9 1.240  14.08914106
(10.0486466, -20.2049142, 37.5423678,  0.6800440,  0.3856249, -0.6214538, -0.0512719)    0    0  21.49823011  1 5.000  14.31831506
( 1.3136305, -26.0404915, 30.8547228, -0.0574466, -0.1040048,  0.1653835, -0.9790461)    0    0  24.08813932 14 2.600  16.03739053
( 6.7337958, -20.3616079, 34.0812044,  0.1455237, -0.8196729, -0.5452367,  0.0983674)    0    0  23.14705121  0 5.000  15.43400870
(-2.4135951, -26.7813443, 26.7319448,  0.5787672,  0.2763926,  0.7187814, -0.2683067)    0    0  12.06594702  0 5.000   8.04397119
( 0.5380560, -23.6910920, 32.9045914, -0.0272885, -0.1221167, -0.0340227, -0.9915570)    0    0  25.29814208  5 0.320  16.97836357
( 1.4255181, -26.5837323, 30.2576130, -0.0852479, -0.0815690,  0.3579926, -0.9262400)    0    0  23.66940381  0 0.480  15.71322973
( 1.1007599, -23.2939110, 33.9062743, -0.0273296, -0.1223330, -0.0340521, -0.9915282)    0    0  24.85501117  0 0.400  16.60862414
( 6.8646228, -20.3559748, 34.0367604,  0.1455266, -0.8196697, -0.5452375,  0.0983856)    0    0  22.52469936  0 0.440  15.04129871
( 6.7613208, -25.8626395, 35.5575779,  0.6394021, -0.7239284, -0.2141859, -0.1456610)    0    0  17.60378287  4 1.400  11.72536031
( 1.7101946, -26.2890507, 30.1152055, -0.0785714, -0.0875461,  0.3106704, -0.9432105)    0    0  20.45211850 13 0.000  12.91944042
( 0.8253507, -23.2978506, 34.1504696, -0.0272924, -0.1221382, -0.0340263, -0.9915541)    0    0  24.82882684  2 0.400  16.64451470
( 0.5899474, -23.4744496, 33.5525597, -0.0273311, -0.1223393, -0.0340496, -0.9915275)    0    0  25.17065686  6 0.720  16.81179792
( 0.5891775, -23.4668926, 33.4426927, -0.0272949, -0.1221533, -0.0340297, -0.9915521)    0    0  25.59752016  2 0.880  17.33747397
( 9.1148233, -21.2669435, 31.0830295, -0.3384152, -0.9122088, -0.2194420, -0.0720795)    0    0  24.05364697  2 5.000  16.30061059
( 8.9996808, -21.2619065, 31.2441047, -0.3384111, -0.9122072, -0.2194477, -0.0721018)    0    0  20.68133175 10 0.160  13.73292144
( 9.6434136, -20.1007148, 37.7944282,  0.6800441,  0.3856252, -0.6214533, -0.0512741)    0    0  21.49751048  2 2.680  14.37145845
(10.2758380, -20.2833309, 37.3984331,  0.6800440,  0.3856249, -0.6214538, -0.0512721)    0    0  21.47581537  3 4.200  14.26829141
( 6.6861337, -20.6363222, 33.9717297,  0.1450596, -0.8207316, -0.5453812,  0.0884045)    0    0  22.48081423 10 0.000  15.09536283
( 1.4883914, -28.2151429, 30.4705293, -0.8417243, -0.5297304, -0.0664003, -0.0804790)    0    0  16.03033389  6 0.440  10.84988868
( 6.2241814, -26.0285389, 35.2283450,  0.6394020, -0.7239284, -0.2141859, -0.1456611)    0    0  17.26310472 11 2.200  11.90040232
( 1.6808310, -26.4544279, 29.9918450, -0.0860897, -0.0822316,  0.3572284, -0.9263977)    0    0  23.45663866  0 0.480  15.71583176
( 9.9397068, -23.9935294, 28.6840449, -0.2512537, -0.1255731, -0.6678077, -0.6893010)    0    0  22.12388397  4 1.040  14.90195222
( 1.2813819, -26.4210465, 30.1951226, -0.0857691, -0.0819725,  0.3575321, -0.9263339)    0    0  23.58698777 21 0.000  15.93685342
( 8.9922715, -21.2986762, 31.2120966, -0.3384137, -0.9122074, -0.2194447, -0.0720956)    0    0  22.53955555  6 0.760  15.24055568
( 0.8670758, -23.5246120, 33.9259927, -0.0272937, -0.1221486, -0.0340296, -0.9915527)    0    0  24.77061435  0 0.400  16.45659386
( 5.8386409, -20.7575354, 34.1084760,  0.0301175, -0.4226725, -0.2378540, -0.8739945)    0    0  13.36669928  0 2.800   9.00126007
( 0.2709244, -23.6872177, 33.1387601, -0.0272911, -0.1221333, -0.0340265, -0.9915548)    0    0  25.00813094  5 0.240  16.81229590
( 6.2176375, -25.9731488, 35.5806209,  0.6394021, -0.7239284, -0.2141859, -0.1456610)    0    0  17.70015561  1 1.320  11.84630777
( 0.7539800, -23.6499557, 32.8984086, -0.0272895, -0.1221254, -0.0340235, -0.9915559)    0    0  25.39137046  6 1.160  17.19279478
( 1.3353943, -26.2269919, 30.2900685, -0.0853418, -0.0816409,  0.3578987, -0.9262613)    0    0  23.75969173 13 0.000  15.77639769
( 6.9650174, -20.2916264, 34.0050786,  0.1453835, -0.8201468, -0.5453350,  0.0938727)    0    0  22.86800289  3 0.640  15.36353654
( 6.5581763, -26.1119954, 35.7505532,  0.6394023, -0.7239282, -0.2141855, -0.1456614)    0    0  17.48604318  3 0.600  11.69310193
( 9.4615010, -20.5131851, 30.9583441, -0.3378961, -0.9122668, -0.2201191, -0.0717095)    0    0  12.19351622 13 0.760  10.51024615
( 0.6039492, -23.4904415, 33.4097485, -0.0272966, -0.1221645, -0.0340312, -0.9915506)    0    0  25.18496287  0 0.400  17.08433078
( 6.8087908, -20.2618804, 34.1179646,  0.1455284, -0.8196655, -0.5452382,  0.0984139)    0    0  22.89990728  3 1.240  15.24150610
( 9.9400570, -20.3095837, 37.5884530,  0.6800441,  0.3856257, -0.6214527, -0.0512769)    0    0  21.28551253  5 0.600  14.00679427
( 0.6821591, -23.6653909, 33.2619759, -0.0272858, -0.1221055, -0.0340208, -0.9915585)    0    0  25.26274841  2 0.480  16.98789084
( 0.6700248, -23.4201820, 33.2427441, -0.0273081, -0.1222235, -0.0340364, -0.9915428)    0    0  25.12797645  0 0.400  17.02562392
( 1.5135953, -26.4773290, 30.7741385, -0.0852387, -0.0815661,  0.3579908, -0.9262418)    0    0  24.04413762  3 0.560  16.27546122
( 9.5652804, -24.0396084, 28.7463724, -0.2512534, -0.1255729, -0.6678077, -0.6893011)    0    0  20.39892589 13 1.240  12.70638339
( 0.3750933, -23.2121318, 33.8032254, -0.0273089, -0.1222283, -0.0340397, -0.9915421)    0    0  24.62259389  0 0.400  16.22059166
( 1.4594658, -26.6416171, 30.4582028, -0.0849422, -0.0819300,  0.3554121, -0.9272268)    0    0  23.55511433  0 0.400  15.60162735
( 1.5785617, -26.5325264, 30.3487719, -0.0852107, -0.0816023,  0.3577435, -0.9263368)    0    0  24.04317477  4 0.480  16.18945463
( 7.0028142, -20.4068184, 34.0760623,  0.1455246, -0.8196715, -0.5452361,  0.0983814)    0    0  22.46776638  6 0.200  14.80749066
( 9.1792557, -21.7676453, 30.8745803, -0.3384151, -0.9122082, -0.2194429, -0.0720854)    0    0  23.80643738  5 5.000  15.71319711
( 1.4972569, -26.4141817, 30.3825688, -0.0852315, -0.0815956,  0.3578289, -0.9263025)    0    0  23.64747406  8 0.320  15.41975946
( 9.9043379, -20.2515087, 37.5827564,  0.6800440,  0.3856255, -0.6214532, -0.0512747)    0    0  21.21898403  6 0.560  14.12152432
( 9.0764117, -21.3603518, 31.0348928, -0.3382677, -0.9122249, -0.2196332, -0.0719854)    0    0  20.01657349 13 0.040  15.14883014
( 9.1816042, -21.0977347, 31.0082759, -0.3384149, -0.9122066, -0.2194451, -0.0720999)    0    0  21.22327618  0 0.440  13.26015055
( 0.3718586, -23.2645763, 33.5283933, -0.0272951, -0.1221621, -0.0340315, -0.9915509)    0    0  24.82161515  0 0.400  16.53642695
( 9.1113569, -20.8076285, 31.2112554, -0.3376837, -0.9122959, -0.2203773, -0.0715449)    0    0  14.54490720 12 0.600  11.82537909
( 1.3769888, -26.8202035, 30.3557899, -0.3683401, -0.2569522,  0.2898055, -0.8451709)    0    0   8.33146898  0 1.080   3.38133354
( 9.3136528, -21.3026576, 31.0632652, -0.3384148, -0.9122083, -0.2194429, -0.0720849)    0    0  23.45154433  7 0.200  16.21938811
( 6.8571710, -20.4106033, 34.2826837,  0.1450175, -0.8207590, -0.5453691,  0.0883050)    0    0  21.87975314 10 0.000  14.45783572
( 6.6234913, -25.9103630, 35.5454046,  0.6394020, -0.7239284, -0.2141859, -0.1456611)    0    0  17.61909327  3 2.840  11.85198923
( 1.0782107, -26.1364531, 30.1918749, -0.0852173, -0.0815923,  0.3578120, -0.9263106)    0    0  24.01868809  5 0.560  16.08931913
( 6.7135128, -25.8178373, 35.5450428,  0.6394021, -0.7239283, -0.2141859, -0.1456609)    0    0  17.56608985  5 5.000  11.65241535
( 9.2637981, -21.4664236, 30.8444259, -0.3384150, -0.9122084, -0.2194425, -0.0720842)    0    0  23.30954787  2 0.560  15.70585118
( 6.1717443, -20.7056900, 33.9105249,  0.0246353, -0.4404608, -0.2430994, -0.8638808)    0    0   8.08935888  1 2.400   7.48583210
( 1.4101852, -26.4245685, 30.2725084, -0.0852286, -0.0815728,  0.3579394, -0.9262620)    0    0  23.86934385 10 2.600  15.69418528
( 9.0846488, -21.8915901, 31.2027948, -0.3384072, -0.9122094, -0.2194513, -0.0720807)    0    0  21.58922724  1 0.480  13.79127458
( 6.2902865, -20.8727759, 33.9597255,  0.1455301, -0.8196634, -0.5452386,  0.0984263)    0    0  22.86302128  5 0.600  15.33014928
( 8.9697960, -21.5621643, 31.0160689, -0.3383871, -0.9122122, -0.2194760, -0.0720655)    0    0  22.67429430  1 0.760  15.77065373
( 6.1919233, -21.0475635, 33.6400171,  0.1455184, -0.8197244, -0.5452536,  0.0978489)    0    0  22.91911633  0 1.040  15.40889725
( 6.7411151, -20.4816440, 34.2208151,  0.1453995, -0.8197045, -0.5452137,  0.0984154)    0    0  22.67183336  7 0.240  15.21833091
( 6.6472798, -25.9032747, 35.5641791,  0.6394021, -0.7239283, -0.2141859, -0.1456609)    0    0  17.86141309  0 3.800  11.91264553
( 0.4945424, -23.3676956, 33.2512805, -0.0272874, -0.1221102, -0.0340221, -0.9915579)    0    0  25.14685989  4 0.480  16.85319769
(10.0687444, -20.1056881, 37.4676515,  0.6800439,  0.3856249, -0.6214539, -0.0512713)    0    0  21.35441954  5 0.280  14.37687979
(10.0475090, -23.8989429, 28.6907659, -0.2512535, -0.1255730, -0.6678076, -0.6893012)    0    0  22.10695315  5 2.360  14.90561646
( 6.3419032, -20.6589387, 34.1926275,  0.1454985, -0.8197355, -0.5452479,  0.0978174)    0    0  22.61886733  5 0.240  15.08035866
( 7.0147231, -20.5359443, 33.9840936,  0.1455246, -0.8196740, -0.5452369,  0.0983551)    0    0  22.30499584  8 0.040  14.97150386
( 1.2701390, -27.8784380, 30.7808984, -0.8417260, -0.5297286, -0.0663978, -0.0804760)    0    0  16.03126255  6 1.080  10.75192373
( 1.0743285, -26.1790933, 30.4253657, -0.0852316, -0.0815956,  0.3578289, -0.9263024)    0    0  24.09085936  1 1.360  16.13889996
( 0.8152876, -23.3534788, 33.8656345, -0.0273702, -0.1225402, -0.0340767, -0.9915007)    0    0  24.79585023  4 0.560  16.46050423
( 0.4005209, -23.6497363, 33.0575032, -0.0272914, -0.1221319, -0.0340250, -0.9915550)    0    0  25.14542037 19 1.240  16.92113723
(10.0276672, -20.3242634, 37.3306636,  0.6800439,  0.3856244, -0.6214544, -0.0512689)    0    0  21.18853513  6 0.280  14.06154357
( 9.2365198, -21.7678465, 30.7391473, -0.3383811, -0.9122129, -0.2194829, -0.0720630)    0    0  21.86977187  0 0.400  14.16400020
( 6.4815849, -20.6930313, 33.9373156,  0.1450701, -0.8198255, -0.5451374,  0.0983150)    0    0  22.44081916  0 0.400  15.23306414
(10.3912142, -23.8627371, 28.7180753, -0.2512538, -0.1255727, -0.6678082, -0.6893005)    0    0  21.62705479  0 0.520  14.29055602
( 0.4979563, -23.2147593, 33.3979954, -0.0273887, -0.1227008, -0.0340691, -0.9914804)    0    0  23.11118317 16 0.000  15.92428552
( 6.5675226, -20.5853223, 33.9986739,  0.1455279, -0.8196670, -0.5452382,  0.0984019)    0    0  22.91139322  2 4.120  15.32972796
( 1.2909576, -26.2961801, 30.3756779, -0.0852094, -0.0816031,  0.3577357, -0.9263398)    0    0  24.11157073  0 0.760  16.32622814
( 6.4010925, -26.1851645, 35.8268638,  0.6394023, -0.7239282, -0.2141856, -0.1456612)    0    0  17.47319484  3 0.440  11.79601367
( 9.1483703, -21.4740976, 31.2505381, -0.3384150, -0.9122083, -0.2194428, -0.0720842)    0    0  23.91906287  4 0.840  16.34762225
( 0.5003131, -23.3398765, 33.4122670, -0.0273056, -0.1222101, -0.0340346, -0.9915446)    0    0  24.98766557  0 0.400  16.85068270
( 1.1301901, -26.3625742, 30.4723883, -0.0852281, -0.0816042,  0.3577776, -0.9263218)    0    0  23.86040235 11 0.040  15.82479735
( 9.5649331, -24.1048800, 28.7222115, -0.2512534, -0.1255730, -0.6678076, -0.6893012)    0    0  22.07889206  6 4.920  14.70952315
( 1.4125340, -27.9031227, 30.5802392, -0.8417204, -0.5297363, -0.0664133, -0.0804701)    0    0  16.03391919  5 1.320  10.55540147
( 9.9885807, -20.2335813, 37.5600177,  0.6800444,  0.3856266, -0.6214514, -0.0512832)    0    0  21.47577729  4 5.000  14.23084143
( 0.3337338, -23.5097971, 33.5587941, -0.0272904, -0.1221300, -0.0340266, -0.9915552)    0    0  25.64179117  1 2.080  17.30671394
( 9.1624832, -20.8697189, 31.1124383, -0.3383190, -0.9122182, -0.2195661, -0.0720347)    0    0  20.23196411  1 0.720  14.86505503
( 9.4032990, -20.6421149, 31.4614162, -0.3383235, -0.9122185, -0.2195544, -0.0720454)    0    0  19.47499335  9 0.120  15.45691388
