#Coordinates  RecID  LigID  Luciferin  Neighbor's number  Vision Range  Scoring
(10.3559068, -1.4366697, 38.5888029,  0.0546903, -0.3093912, -0.6700127, -0.6725838)    0    0  16.36314976  3 1.000  11.44419068
(16.2133267, -5.8035421, 38.5191170, -0.1306525, -0.3941810, -0.8512262, -0.3208820)    0    0  17.32875828  7 0.520  12.18959813
(14.3888303,  5.8964382, 34.1712845,  0.8728897,  0.3779244,  0.3011129,  0.0675851)    0    0  23.96889667  0 0.400  15.92585654
(14.3804098,  5.7881629, 34.2973462,  0.8728926,  0.3779202,  0.3011095,  0.0675861)    0    0  24.18318132  7 0.240  16.32327582
(21.5298788, -7.6179270, 35.6032691,  0.7269279, -0.6741019, -0.0384019,  0.1252509)    0    0  18.56327761  5 4.280  12.49720761
(14.0755928,  5.5388750, 33.8722677,  0.8728907,  0.3779237,  0.3011108,  0.0675848)    0    0  24.17920468  6 0.320  16.23483786
(15.5811397,  0.9374463, 43.3033500,  0.4895248, -0.4941046,  0.4887399, -0.5266492)    0    0  15.60215305 11 3.560  10.16931276
(21.2880495, -7.7779078, 35.7356857,  0.7303491, -0.6709799, -0.0400214,  0.1213897)    0    0  18.02248560  0 0.400  12.56006350
(19.0636109, -0.8815628, 37.1499206, -0.6557162, -0.5830597, -0.4723715, -0.0833200)    0    0  15.31512802  0 5.000  10.21072269
(12.2942231, -3.9595386, 40.5173580, -0.2887207, -0.1407904,  0.6404087,  0.6976353)    0    0  15.80099840  1 1.480  10.57280475
(18.9650284, -0.2821421, 37.2603649, -0.6557270, -0.5830658, -0.4723421, -0.0833626)    0    0  14.97102562  0 0.400   9.96188116
(16.2082559, -5.8052997, 38.5126811, -0.1304929, -0.3940090, -0.8512537, -0.3210849)    0    0  17.15224710  8 0.680  12.29729394
(22.5917311,  1.8319493, 31.9213394,  0.0702194,  0.4216435,  0.7621739, -0.4861860)    0    0  15.60658413  4 0.440  10.44646021
(15.5457542,  0.9807066, 43.2863247,  0.4895248, -0.4941046,  0.4887399, -0.5266492)    0    0  15.58783914 12 3.480  10.43769436
(21.6205494, -7.4687456, 35.5233038,  0.7269279, -0.6741018, -0.0384019,  0.1252509)    0    0  18.83473963  1 4.600  12.66261842
(14.0442345,  5.5380937, 34.6319217,  0.8728919,  0.3779213,  0.3011104,  0.0675858)    0    0  24.19406248  5 0.480  16.22308520
(13.5236149,  5.4395886, 34.0577512,  0.8728898,  0.3779261,  0.3011108,  0.0675838)    0    0  23.62295289  0 0.400  15.45261435
(11.3075534,  4.7041175, 42.1427485, -0.2664045, -0.9205282, -0.2690493,  0.0962756)    0    0  19.39663522  7 0.840  13.11006043
(11.6892862,  4.9502958, 39.8049797, -0.1627934, -0.7747583, -0.5174087,  0.3248632)    0    0  16.01793604 30 1.640   7.62331549
(11.8927110,  5.0855392, 38.8978888, -0.2155937, -0.1794930,  0.7230926, -0.6312201)    0    0  18.77716894  6 2.840  12.45945094
( 9.6916563,  3.2904023, 38.7884660,  0.0248549,  0.8975230, -0.0656560,  0.4353095)    0    0  15.19653065  8 0.200  11.81621611
(21.5101293, -7.7992488, 35.8186212,  0.7269279, -0.6741019, -0.0384018,  0.1252509)    0    0  18.34770228 12 1.480  12.04574826
(10.0070744,  3.1961056, 38.9906048,  0.0910500,  0.9453436,  0.0214105,  0.3123732)    0    0   9.58304780 16 1.880  -1.73071047
(15.4028855,  1.2666150, 43.3075264,  0.4895248, -0.4941046,  0.4887399, -0.5266492)    0    0  15.75769718  4 0.680  10.58094941
(16.1369364, -6.1782507, 37.9097256, -0.1307033, -0.3942366, -0.8512175, -0.3208160)    0    0  18.09713984  0 4.760  12.50293682
(19.1070207, -0.5762671, 37.3343797, -0.6557160, -0.5830619, -0.4723688, -0.0833251)    0    0  15.13482204  9 0.800  10.06426548
(14.2235999,  5.8132821, 34.2274682,  0.8728921,  0.3779205,  0.3011105,  0.0675862)    0    0  24.20258085  5 1.120  16.15302617
(21.5547699, -7.5812858, 35.5821583,  0.7269280, -0.6741018, -0.0384020,  0.1252510)    0    0  18.87612767  0 5.000  12.60673064
(11.0289234,  4.4950994, 42.3176946, -0.2664289, -0.9205510, -0.2689715,  0.0962072)    0    0  19.28564978  9 1.320  12.67144396
(21.3297182, -7.9652311, 35.7829156,  0.7269279, -0.6741019, -0.0384019,  0.1252509)    0    0  18.78821890  2 1.560  12.58596118
(13.9015268,  5.4408819, 34.0679887,  0.8728900,  0.3779240,  0.3011124,  0.0675852)    0    0  23.78126407 12 0.000  15.63299358
(15.4306116,  1.0137206, 43.0794916,  0.4895248, -0.4941046,  0.4887399, -0.5266492)    0    0  15.68001020  7 0.360  10.53107923
(15.8501201,  0.6264696, 43.3687689,  0.4895248, -0.4941046,  0.4887399, -0.5266492)    0    0  15.93005943  1 5.000  10.67915434
(13.8664474,  5.4361287, 34.0726677,  0.8728913,  0.3779233,  0.3011097,  0.0675848)    0    0  23.98603426 14 3.480  15.95157978
(11.9647529,  5.1321815, 38.8798485, -0.2155937, -0.1794930,  0.7230926, -0.6312200)    0    0  18.79076255  5 1.480  12.43390208
(13.9779871,  5.4992586, 34.2606440,  0.8728911,  0.3779223,  0.3011113,  0.0675857)    0    0  23.62214554  5 0.400  15.70742813
(12.3487021,  4.7762221, 39.1104995, -0.2155680, -0.1794060,  0.7231156, -0.6312271)    0    0  18.82968024  4 0.600  12.60905166
( 9.9287420,  3.1074731, 39.5505796, -0.1070770, -0.9560919, -0.0579306, -0.2665836)    0    0   4.98769964 13 0.600   4.62627045
(19.2499624, -0.6317020, 37.1833472, -0.6557148, -0.5830694, -0.4723578, -0.0833441)    0    0  14.91334989 13 0.000   9.93778275
(14.3281167,  5.8986281, 34.2234812,  0.8728922,  0.3779202,  0.3011107,  0.0675865)    0    0  24.25037892  3 1.120  16.27496799
(12.2304438, -3.6565312, 40.1351950, -0.1916172, -0.0011983,  0.7435074,  0.6406857)    0    0   3.38959930 25 2.440 -10.57910241
( 9.9867768,  3.2308261, 38.7430832,  0.0225974,  0.8954439, -0.0685951,  0.4392770)    0    0  17.68698917  2 1.240  11.84957253
(10.9563521,  4.4670990, 42.5526120, -0.2664542, -0.9205745, -0.2688911,  0.0961365)    0    0  18.99148210  9 0.200  12.46857777
(11.0198206,  4.3522693, 42.4323122, -0.2664428, -0.9205639, -0.2689274,  0.0961684)    0    0  19.44226092  5 4.200  12.94698115
(10.8921930,  4.3399736, 42.7123994, -0.2664550, -0.9205753, -0.2688885,  0.0961342)    0    0  19.47953175  2 1.160  13.02921042
(16.1364960, -5.8689950, 38.3695476, -0.1307037, -0.3942369, -0.8512174, -0.3208157)    0    0  17.48698042  4 3.400  12.25878820
(22.2220009,  2.2046533, 31.8865321,  0.0702099,  0.4216383,  0.7621732, -0.4861930)    0    0  15.54373734  7 0.360  10.27109788
(12.0976448,  5.1136116, 38.9408839, -0.2122747, -0.1683281,  0.7259393, -0.6320386)    0    0  17.14879191  5 0.760  11.84044359
(10.3176753, -1.4577151, 38.6266366,  0.0546780, -0.3094137, -0.6700093, -0.6725779)    0    0  19.17227147  2 3.560  13.91287626
(22.4363898,  2.0175386, 31.6076188,  0.0701945,  0.4216299,  0.7621721, -0.4862043)    0    0  15.71679015  0 5.000  10.58889418
(12.2226273, -3.5535804, 40.0972444, -0.2887207, -0.1407904,  0.6404087,  0.6976353)    0    0  15.66215330  3 2.200  10.39319592
( 9.9888727,  3.2337535, 38.7400362,  0.0226213,  0.8954724, -0.0685510,  0.4392246)    0    0  17.89675333  0 1.960  12.16328913
(16.1597526, -6.0651100, 38.0935196, -0.1307030, -0.3942363, -0.8512176, -0.3208163)    0    0  18.09351553  1 3.080  12.55421520
(21.4751928, -7.6005933, 35.6972455,  0.7269278, -0.6741020, -0.0384017,  0.1252507)    0    0  18.46822386  8 0.360  12.37667488
(20.9772303, -0.1928275, 34.9024011, -0.6108266, -0.5804566, -0.5348483, -0.0624324)    0    0  14.47402589  5 0.680   9.71817241
(15.3109955,  1.0796051, 43.3944567,  0.4895248, -0.4941046,  0.4887399, -0.5266492)    0    0  15.51153129  2 0.480  10.25110729
( 9.9203992,  3.0984116, 39.1872011,  0.0226236,  0.8954627, -0.0685730,  0.4392407)    0    0  17.30207583  3 0.520  11.65419328
(20.8562572, -0.1977461, 35.0086433, -0.6191391, -0.5811408, -0.5237689, -0.0662335)    0    0  14.48861807  7 1.080   9.84811940
(12.2411325,  4.8904331, 39.0368357, -0.2155936, -0.1794931,  0.7230925, -0.6312201)    0    0  19.00112716  1 2.040  12.79446679
(12.0226344,  5.0884531, 38.9090181, -0.2138902, -0.1737421,  0.7245866, -0.6316649)    0    0  17.96351402  5 0.520  12.42831085
(11.0365944,  4.3705055, 42.4036503, -0.2664672, -0.9205867, -0.2688496,  0.0961000)    0    0  19.51691665  0 3.480  13.02655596
(18.8575121, -0.7990774, 36.6967644, -0.6557164, -0.5830671, -0.4723589, -0.0833413)    0    0  15.19770046  2 0.600  10.21550087
(11.9078224,  5.4582256, 38.6993421, -0.2155937, -0.1794931,  0.7230926, -0.6312201)    0    0  18.95647938  2 1.560  12.61724629
(22.4111675,  2.0378062, 31.6473556,  0.0702034,  0.4216347,  0.7621728, -0.4861978)    0    0  15.64791869  4 3.160  10.44448946
(22.4407544,  2.0162056, 31.5903344,  0.0702109,  0.4216389,  0.7621733, -0.4861923)    0    0  15.67906334  1 5.000  10.45360977
(19.0057310, -1.0541069, 36.9519370, -0.6559337, -0.5829325, -0.4722019, -0.0834619)    0    0  14.91612385 11 0.000  10.08656357
(14.1797120,  6.1204364, 34.2439713,  0.8728916,  0.3779210,  0.3011115,  0.0675863)    0    0  23.68588049  0 0.400  15.55830909
(12.5246173, -4.0633144, 40.4600661, -0.2865716, -0.1370545,  0.6426172,  0.6972175)    0    0  12.17463258  7 0.200   9.72886792
(10.8272442, -1.1527733, 38.5769227,  0.0546779, -0.3094147, -0.6700090, -0.6725777)    0    0  19.02255734  3 4.120  13.69395440
(19.2732135, -0.7629217, 37.2841849, -0.6557162, -0.5830643, -0.4723643, -0.0833326)    0    0  14.84834137 13 0.000   9.84834395
(19.0746939, -0.9825843, 37.0873702, -0.6557155, -0.5830640, -0.4723658, -0.0833311)    0    0  15.21784511  3 0.640  10.21555753
(15.5263548,  1.0010373, 43.2892280,  0.4895248, -0.4941046,  0.4887399, -0.5266492)    0    0  15.86687189  3 4.920  10.51589207
(15.7524120,  0.9006045, 43.5848547,  0.4895248, -0.4941046,  0.4887399, -0.5266492)    0    0  15.56488484  5 0.200  10.34025284
(14.0387735,  5.5199931, 34.1891854,  0.8728888,  0.3779263,  0.3011131,  0.0675844)    0    0  23.82849117 16 0.000  15.90378537
(15.7742964, -6.1530704, 38.0055215, -0.1300783, -0.3935600, -0.8513241, -0.3216145)    0    0  15.08435994  6 0.680  10.86730711
(14.2083537,  5.4479846, 34.4155100,  0.8728921,  0.3779209,  0.3011101,  0.0675860)    0    0  23.19283539  2 0.560  15.77767562
(15.4777370,  1.0352017, 43.4240576,  0.4895248, -0.4941046,  0.4887399, -0.5266492)    0    0  15.52812832 11 0.120  10.42505878
(16.0704268, -5.9433182, 38.0780881, -0.1298116, -0.3932714, -0.8513698, -0.3219552)    0    0  16.20322661  4 0.680  11.80235922
(12.2135344, -3.6867519, 40.2013852, -0.2887191, -0.1407870,  0.6404096,  0.6976359)    0    0  15.60956592  4 0.920  10.36811177
(15.7023514,  0.5938419, 43.3472278,  0.4895248, -0.4941046,  0.4887399, -0.5266492)    0    0  15.63797077  8 0.120  10.43380468
(19.2892363, -0.5742908, 37.3811009, -0.6557161, -0.5830685, -0.4723570, -0.0833454)    0    0  15.04495859 16 1.720   9.95546930
(10.7387077, -1.1913034, 38.7368445,  0.0546781, -0.3094131, -0.6700095, -0.6725780)    0    0  18.84917600  4 3.080  13.68467155
(10.8540162,  4.2723934, 42.7280125, -0.2664550, -0.9205753, -0.2688885,  0.0961342)    0    0  19.43583141  6 0.440  12.97847027
(12.1970771, -3.1267725, 44.4153998,  0.6384375, -0.4514758,  0.3295919, -0.5290901)    0    0  15.76532103  1 5.000  10.41332224
(19.1882118, -1.2846912, 36.8885705, -0.6557191, -0.5830672, -0.4723540, -0.0833475)    0    0  15.08173978 12 0.000  10.19969435
(10.9500846,  4.2120082, 42.4503107, -0.2664306, -0.9205525, -0.2689663,  0.0962026)    0    0  19.45783945  3 4.920  12.96258438
(19.2660246, -0.9475559, 36.9579454, -0.6557111, -0.5830663, -0.4723690, -0.0833314)    0    0  15.08990493 10 0.080  10.08434906
( 9.9255851,  3.0977177, 39.3400760,  0.0256014,  0.9048102, -0.0501146,  0.4220800)    0    0  14.58830591  8 0.360  12.30440809
(14.0457860,  6.0344962, 34.2547229,  0.8728910,  0.3779225,  0.3011115,  0.0675856)    0    0  23.84390627  3 0.560  15.71224744
(12.3194495, -3.8164214, 40.2503175, -0.1916172, -0.0011986,  0.7435072,  0.6406859)    0    0   3.96265155 23 2.120  -9.46789435
(21.4169357, -7.7559512, 35.8054463,  0.7271434, -0.6739083, -0.0385031,  0.1250098)    0    0  18.51679745  5 0.280  12.59371371
(21.6334332, -7.8885694, 35.8102398,  0.7269278, -0.6741020, -0.0384018,  0.1252508)    0    0  18.32185268  5 0.520  12.27303906
(19.1467182, -0.9095347, 37.3418048, -0.6557168, -0.5830643, -0.4723633, -0.0833337)    0    0  15.22744541  1 0.880  10.23980899
(11.9776723,  4.9821376, 38.9618648, -0.2155932, -0.1794917,  0.7230929, -0.6312202)    0    0  18.91179453  3 1.160  12.63440955
(14.2313491,  5.5032575, 34.5307175,  0.8728916,  0.3779241,  0.3011082,  0.0675840)    0    0  23.94367421  0 0.400  15.98165001
(22.1656873,  2.2179671, 31.9797332,  0.0702176,  0.4216425,  0.7621738, -0.4861874)    0    0  15.53306692 11 0.520  10.36515024
(14.3283130,  5.7312248, 34.1278981,  0.8728917,  0.3779213,  0.3011108,  0.0675860)    0    0  23.78783386  0 0.480  15.97946701
(15.8462209, -5.9505622, 38.0363758, -0.1307029, -0.3942361, -0.8512176, -0.3208166)    0    0  17.92897533  2 1.800  12.29301119
(15.9803924, -5.8530987, 38.3095124, -0.1307042, -0.3942371, -0.8512173, -0.3208157)    0    0  17.34814643  5 1.320  11.71134457
(13.4843508, -5.8597126, 33.2304336, -0.5332258, -0.2670122,  0.4442743,  0.6685714)    0    0  -2.82136413  0 5.000  -1.88090079
(19.2808880, -1.3005087, 36.8299599, -0.6557200, -0.5830647, -0.4723567, -0.0833426)    0    0  14.75824327  0 0.400   9.83587244
(15.7043137,  0.7700035, 43.2157943,  0.4895248, -0.4941046,  0.4887399, -0.5266492)    0    0  15.64883211  6 0.280  10.42850359
(15.9348122, -6.2878970, 37.7930649, -0.1254173, -0.3885044, -0.8520390, -0.3275031)    0    0  13.24811880  7 0.280  11.78270453
( 9.9866990,  3.2307149, 38.7432107,  0.0225963,  0.8954430, -0.0685963,  0.4392787)    0    0  17.69394095  1 2.040  11.84965234
(21.7449001, -7.2316309, 35.2528522,  0.7269279, -0.6741019, -0.0384018,  0.1252508)    0    0  18.51352521  8 1.640  12.27461652
(15.7889052,  0.6533438, 43.5268265,  0.4895248, -0.4941046,  0.4887399, -0.5266492)    0    0  15.90207731  2 5.000  10.68250722
(15.9669641,  0.6187660, 43.8126272,  0.4895247, -0.4941046,  0.4887401, -0.5266492)    0    0  15.42837654  0 0.480  10.14139525
(16.0292432, -6.0410129, 38.0800120, -0.1293583, -0.3927802, -0.8514438, -0.3225317)    0    0  15.91838177  2 0.680  11.47432436
(12.3066924, -3.6560968, 40.0313468, -0.2887113, -0.1407699,  0.6404141,  0.6976385)    0    0  15.45351741  5 0.440  10.17140050
(11.0007364, -1.0004903, 39.0527583,  0.0546782, -0.3094132, -0.6700094, -0.6725780)    0    0  19.43714074  1 5.000  13.43848421
(22.1409675,  2.0765762, 32.2697878,  0.0701748,  0.4216191,  0.7621708, -0.4862186)    0    0  14.96925499 10 0.360   9.82650777
(18.9946918, -0.8525534, 36.9141001, -0.6557167, -0.5830644, -0.4723631, -0.0833341)    0    0  15.06255673 15 0.040   9.97827332
(14.1712741,  5.5288765, 34.4238670,  0.8728916,  0.3779233,  0.3011090,  0.0675847)    0    0  23.98101931  0 0.400  16.17084355
(13.4393382, -5.8292397, 33.5628704, -0.5332279, -0.2670134,  0.4442758,  0.6685738)    0    0  -3.52833632  1 5.000  -1.80817166
(14.1762159,  6.0811540, 34.1100123,  0.8728922,  0.3779210,  0.3011096,  0.0675857)    0    0  23.50539517  0 0.400  15.79628182
(22.3925608,  1.9582034, 32.0433121,  0.0702112,  0.4216390,  0.7621733, -0.4861921)    0    0  15.44126201  8 0.280  10.14369506
(14.0539206,  5.7393915, 34.1098391,  0.8728921,  0.3779221,  0.3011090,  0.0675851)    0    0  24.00375736 12 0.080  15.76641487
(21.2102643, -0.1516969, 34.8245555, -0.6106508, -0.5804396, -0.5350765, -0.0623595)    0    0  14.49246154  6 1.960   9.65615677
(14.1825997,  5.7124951, 34.2166499,  0.8728922,  0.3779198,  0.3011111,  0.0675867)    0    0  24.44654996  0 5.000  16.30312785
(22.1602322,  2.2411712, 32.0348608,  0.0701956,  0.4216304,  0.7621722, -0.4862036)    0    0  15.57392859  4 0.760  10.37969742
(14.2193383,  5.7324338, 34.2334230,  0.8728922,  0.3779200,  0.3011107,  0.0675866)    0    0  24.16677634 10 1.920  16.05966829
(14.3032637,  5.5392120, 34.2776121,  0.8728888,  0.3779252,  0.3011144,  0.0675854)    0    0  23.60485546  0 0.400  15.93274148
(14.2438970,  5.7858713, 34.1427476,  0.8728922,  0.3779199,  0.3011108,  0.0675867)    0    0  24.25796069  1 1.400  16.14677573
(19.1608641, -0.4465274, 37.3638353, -0.6557151, -0.5830613, -0.4723714, -0.0833216)    0    0  15.19215232  4 0.480  10.21022428
(11.0817411,  4.3890862, 42.3134105, -0.2663400, -0.9205918, -0.2689577,  0.0961010)    0    0  19.06450102  9 0.360  12.83629590
(20.9101738, -0.1037345, 34.7506815, -0.6162072, -0.5809194, -0.5277443, -0.0648673)    0    0  14.58477086  4 1.480   9.75701938
(19.0248737, -0.6682219, 37.3906439, -0.6557193, -0.5830762, -0.4723375, -0.0833765)    0    0  15.24477686  1 0.960  10.25986523
(10.3968681, -1.4170312, 38.5507061,  0.0546781, -0.3094140, -0.6700092, -0.6725779)    0    0  18.13604307  5 5.000  11.88543837
(21.4544378, -7.8239987, 35.7069957,  0.7263291, -0.6751537, -0.0391359,  0.1227755)    0    0  17.75437190 13 0.000  12.24125918
( 9.9877153,  3.2373921, 38.6755034,  0.0226214,  0.8954727, -0.0685503,  0.4392240)    0    0  17.43302857  4 1.240  11.91037577
(14.0188004,  5.5075724, 34.5714353,  0.8728910,  0.3779223,  0.3011116,  0.0675857)    0    0  24.21674745  3 0.640  16.32953252
(22.4393067,  2.0186533, 31.5865891,  0.0702085,  0.4216375,  0.7621731, -0.4861941)    0    0  15.66399752  2 5.000  10.44100723
(18.7854320, -1.1433163, 37.0373200, -0.6557809, -0.5830309, -0.4723044, -0.0833959)    0    0  14.81044919 23 0.000  10.02404345
(21.7983903, -7.3334231, 35.2862447,  0.7269278, -0.6741021, -0.0384017,  0.1252507)    0    0  18.42350973 11 0.280  12.27205077
(21.3331521, -8.0661839, 35.8971968,  0.7257185, -0.6761944, -0.0398694,  0.1202983)    0    0  18.26854136  0 0.480  12.62170565
(18.4942888, -1.4888800, 41.3574751,  0.9510576,  0.0943765, -0.0084100,  0.2941288)    0    0  14.57570388  1 5.000   9.70026172
(16.1785431, -6.3275285, 37.7397757, -0.1307008, -0.3942333, -0.8512178, -0.3208202)    0    0  17.33150121  5 0.520  12.14310091
(15.5162002,  1.1500850, 43.6156025,  0.4895248, -0.4941046,  0.4887399, -0.5266492)    0    0  15.72094719  6 0.520  10.55530176
(22.3207082,  2.0511031, 32.0740690,  0.0702183,  0.4216429,  0.7621738, -0.4861869)    0    0  15.63103066  5 5.000  10.41236921
(21.3293840, -7.9039198, 35.7347943,  0.7269279, -0.6741019, -0.0384018,  0.1252509)    0    0  18.47675657  9 4.600  12.25103789
(10.1112351,  3.5503909, 39.4552861,  0.0242666,  0.8970002, -0.0663915,  0.4363209)    0    0  15.99443351  1 0.600  11.80928857
( 9.9943069,  3.2054714, 39.3090701,  0.0234935,  0.8962751, -0.0674298,  0.4377060)    0    0  15.65120362  8 0.680  12.15494220
(15.5614944,  0.9603840, 43.2978606,  0.4895248, -0.4941046,  0.4887399, -0.5266492)    0    0  15.99406562  0 5.000  10.66271367
(16.3442399, -6.0709645, 38.1966507, -0.1307020, -0.3942354, -0.8512178, -0.3208173)    0    0  17.82579409  3 4.040  12.05742384
(15.6563477,  0.7999871, 43.2468646,  0.4895248, -0.4941046,  0.4887399, -0.5266492)    0    0  15.74629389  4 0.640  10.41978116
(18.8909253, -0.8284653, 37.2731449, -0.6572272, -0.5821232, -0.4712752, -0.0841410)    0    0  14.54234430 14 0.000   9.85404773
( 9.7005174,  2.8742878, 39.2035102,  0.0894550,  0.9444908,  0.0192404,  0.3155387)    0    0  10.04021219 16 1.960  -1.04573513
(18.7590221, -0.8204880, 37.2337240, -0.6557160, -0.5830635, -0.4723658, -0.0833308)    0    0  14.98032455 12 0.000   9.99976511
(14.4585547,  5.8882803, 34.0604582,  0.8728869,  0.3779282,  0.3011165,  0.0675845)    0    0  24.17416895  8 0.160  16.21593333
(21.6961062, -7.2362979, 34.9607796,  0.7269278, -0.6741020, -0.0384017,  0.1252507)    0    0  18.52064717  1 0.600  12.40262646
(14.5613726,  5.5735191, 34.1380203,  0.8728927,  0.3779203,  0.3011093,  0.0675860)    0    0  24.12523566 11 0.080  16.25729485
(18.8862341, -0.7848913, 37.2641920, -0.6557154, -0.5830609, -0.4723715, -0.0833211)    0    0  15.09462986 11 1.240  10.03927100
(19.0525217, -0.9425105, 37.0902407, -0.6557119, -0.5830659, -0.4723684, -0.0833312)    0    0  14.92365581  3 0.600   9.81655049
(19.1056361, -0.8151848, 37.1991128, -0.6557167, -0.5830676, -0.4723573, -0.0833444)    0    0  15.27067801  1 1.120  10.24207656
(10.0678616, -1.6515133, 38.2003184,  0.0546783, -0.3094130, -0.6700094, -0.6725781)    0    0  17.78437589  6 3.800  12.52410463
( 9.7831126,  2.8347522, 39.1311028,  0.0226600,  0.8954965, -0.0685259,  0.4391773)    0    0  17.61691323  3 0.680  11.77970684
(14.0403686,  5.4343000, 34.3662326,  0.8728922,  0.3779198,  0.3011110,  0.0675867)    0    0  24.25284680  2 3.280  16.05793223
(22.4383511,  2.0098464, 31.6337909,  0.0702076,  0.4216370,  0.7621731, -0.4861947)    0    0  15.65323346  3 2.200  10.43471629
(19.1796637, -0.9974867, 37.0857448, -0.6557135, -0.5830631, -0.4723710, -0.0833234)    0    0  15.08659799 10 0.040  10.13896440
(21.3261957, -8.0196939, 35.7824028,  0.7269279, -0.6741019, -0.0384019,  0.1252509)    0    0  18.77034479  3 5.000  12.60361287
(11.9608108,  5.1489549, 38.8704600, -0.2155936, -0.1794931,  0.7230926, -0.6312201)    0    0  19.00603810  0 1.800  12.73536885
(14.6665726,  5.7892213, 34.0188231,  0.8728909,  0.3779232,  0.3011109,  0.0675852)    0    0  23.56503273  7 0.160  15.68391544
(19.0576758, -0.8465111, 37.0648451, -0.6574424, -0.5819745, -0.4711440, -0.0842147)    0    0  14.33985148  6 0.320   9.65609627
(13.4349359, -5.8182774, 33.5938710, -0.5332277, -0.2670132,  0.4442759,  0.6685739)    0    0  -3.67186803  4 5.000  -2.11614399
(10.6776028, -1.2171509, 38.8474862,  0.0546783, -0.3094133, -0.6700094, -0.6725780)    0    0  19.44377803  0 5.000  13.81159162
(11.2480651,  4.7144606, 42.1599604, -0.2664340, -0.9205873, -0.2688796,  0.0961025)    0    0  18.39435178 11 0.120  12.09636567
(20.5585309, -0.2030264, 35.0434290, -0.6336340, -0.5822142, -0.5042070, -0.0728690)    0    0  14.82903184  4 2.760   9.94310929
(18.4652801, -1.4923215, 41.3540590,  0.9510576,  0.0943762, -0.0084103,  0.2941289)    0    0  14.68224310  0 5.000   9.78930720
(14.1631393,  5.4261048, 34.3656024,  0.8728925,  0.3779202,  0.3011099,  0.0675862)    0    0  23.98075544  0 0.400  16.07945132
(22.6302084,  1.9193480, 31.7908953,  0.0702137,  0.4216404,  0.7621735, -0.4861902)    0    0  15.56168548  6 0.360  10.44272500
(11.1283544,  4.5752630, 42.5341382, -0.2664297, -0.9205517, -0.2689689,  0.0962049)    0    0  18.94706390 12 1.080  12.84018580
(11.0166883,  4.3369035, 42.4317485, -0.2664672, -0.9205867, -0.2688496,  0.0961000)    0    0  19.45714475  4 5.000  12.97277219
(15.4377153,  1.2049064, 43.0009428,  0.4895248, -0.4941046,  0.4887399, -0.5266492)    0    0  15.71343878  7 0.360  10.60155932
(12.2727870, -3.7957254, 40.2885452, -0.2887207, -0.1407904,  0.6404087,  0.6976354)    0    0  15.92019258  0 2.600  10.53750704
(14.2881367,  5.9057979, 34.1609681,  0.8728917,  0.3779220,  0.3011100,  0.0675855)    0    0  24.06132930 12 0.000  16.16257752
(18.8778840, -0.8892732, 37.1075472, -0.6557081, -0.5830710, -0.4723658, -0.0833408)    0    0  15.10802212  0 0.480  10.09298282
(20.8417691, -0.0472704, 34.6568941, -0.6104784, -0.5804233, -0.5353008, -0.0622732)    0    0  14.51996073  5 2.120   9.81013757
(12.2950292, -3.9187363, 40.0732231, -0.2878159, -0.1388055,  0.6409223,  0.6979316)    0    0  13.85889004  4 0.440  10.74326313
(12.3036147, -4.0075335, 40.0075524, -0.2884102, -0.1401087,  0.6405859,  0.6977379)    0    0  14.84821523  3 0.520  10.47455568
(13.4984954, -5.8718356, 33.1264533, -0.5332277, -0.2670132,  0.4442759,  0.6685739)    0    0  -3.58512837  2 5.000  -2.71171147
(10.8493133,  4.1700441, 42.7245374, -0.2664672, -0.9205867, -0.2688496,  0.0961000)    0    0  19.51646436  1 5.000  13.01100972
(21.0755833, -0.2786964, 35.0627911, -0.6105054, -0.5804257, -0.5352658, -0.0622868)    0    0  14.67735995  2 1.240   9.89228945
(15.8130577,  0.7501965, 43.5967165,  0.4895248, -0.4941046,  0.4887400, -0.5266492)    0    0  15.51363578  0 0.560  10.33541181
( 9.7993898,  2.9564512, 39.0758494,  0.0226056,  0.8954491, -0.0685896,  0.4392668)    0    0  17.36233881  2 0.840  11.30863609
(22.1044426,  2.3631692, 31.8779887,  0.0701946,  0.4216299,  0.7621721, -0.4862043)    0    0  15.40688432  9 0.440  10.32982238
(13.5038282, -5.8760445, 33.0871811, -0.5332277, -0.2670132,  0.4442759,  0.6685739)    0    0  -3.65643750  3 5.000  -2.76482834
(12.2938709, -3.9598048, 40.5184419, -0.2887207, -0.1407904,  0.6404087,  0.6976353)    0    0  15.79947529  2 2.520  10.57246833
(12.1102238, -3.6765114, 40.1965002, -0.2813954, -0.1257660,  0.6454462,  0.6988048)    0    0   7.78964378  7 0.600   7.72416796
(18.0396162, -1.5416576, 41.3026289,  0.9510576,  0.0943762, -0.0084103,  0.2941289)    0    0  14.55670783  2 5.000   9.72676058
(12.2396905, -3.6324667, 40.0779519, -0.2887207, -0.1407904,  0.6404087,  0.6976353)    0    0  15.56956801  4 0.680  10.31702129
(20.6466168,  0.0238776, 34.7329284, -0.6105171, -0.5804271, -0.5352505, -0.0622907)    0    0  14.59542993  3 1.960   9.85771734
(19.0257069, -0.9923426, 37.0492712, -0.6557143, -0.5830711, -0.4723551, -0.0833518)    0    0  15.16030180  8 0.400  10.13356960
(21.5190257, -7.7003708, 35.6060881,  0.7269278, -0.6741020, -0.0384018,  0.1252508)    0    0  18.64566963  4 3.800  12.43581362
(13.5605707,  5.1846447, 34.1851667,  0.8728920,  0.3779224,  0.3011087,  0.0675848)    0    0  23.21524568 10 0.000  15.70831400
(13.9310625,  5.2656672, 34.1564007,  0.8728930,  0.3779198,  0.3011088,  0.0675861)    0    0  23.91246877  0 0.400  15.94193944
(22.5213284,  1.8255977, 32.0699600,  0.0702139,  0.4216405,  0.7621735, -0.4861901)    0    0  15.59853494  6 0.440  10.42175772
(19.3307106, -0.5133043, 37.4036164, -0.6557182, -0.5830692, -0.4723518, -0.0833528)    0    0  15.16951687  7 1.880  10.17722012
(12.2448326, -2.9874476, 44.3720610,  0.6384375, -0.4514758,  0.3295919, -0.5290901)    0    0  15.97534211  0 5.000  10.65022916
(20.8943414, -0.0945154, 34.7351660, -0.6104003, -0.5804157, -0.5354026, -0.0622340)    0    0  14.85178556  0 2.680  10.06899214
(10.8278266,  4.3391652, 42.5765644, -0.2664297, -0.9205517, -0.2689689,  0.0962049)    0    0  19.35819530  8 3.400  12.97150217
