#Coordinates  RecID  LigID  Luciferin  Neighbor's number  Vision Range  Scoring
(12.8698432, 16.4767229, 22.0003435, -0.2477632,  0.0191255, -0.5123555, -0.8220337)    0    0 -25.68145927  6 4.760 -17.34166357
(11.8600201, 13.9315714, 24.9754745, -0.2081969,  0.0596870, -0.5125233, -0.8309100)    0    0   3.33514253  1 5.000   2.38155170
( 8.8950240,  9.5156012, 24.4417301,  0.1344651, -0.0639540, -0.8503823, -0.5046550)    0    0 -14.02471794  1 5.000  -9.31065245
(14.9229350, 13.2892654, 17.2578019,  0.2423882, -0.2448003, -0.8150494, -0.4658338)    0    0   6.67542283  1 4.040   7.37108097
(14.8154951, 11.5228982, 16.8174955,  0.2499574, -0.2523515, -0.8040766, -0.4766204)    0    0 -11.24316667 14 2.040  -0.40833923
( 6.7045118, 16.5844235, 22.0524112, -0.7338681, -0.5499052,  0.0365831,  0.3971189)    0    0   0.48539107 11 3.880   1.63526298
(11.3508653,  9.0864484, 12.3563445,  0.9053299,  0.1479296, -0.0123707, -0.3979140)    0    0 -32.69681513  3 3.320 -19.66295692
( 7.3939080, 14.4468713, 12.5742690, -0.8046859, -0.0397016, -0.5564787, -0.2029630)    0    0 -48.00147075  4 3.320 -24.07302895
(18.9625894, 10.4374235, 21.1914792, -0.3738845, -0.6688885,  0.5788684, -0.2787650)    0    0   0.04621125  2 4.440   1.30541060
(15.1220377, 12.9505166, 17.4311705,  0.2388388, -0.2442489, -0.8160499, -0.4662199)    0    0   8.97932540  0 5.000   7.00342428
(13.0390301,  8.5538539, 16.2658092,  0.2316567, -0.2741517, -0.8205635, -0.4448052)    0    0 -65.96045143  6 3.320 -39.80887773
(12.8456442, 16.8864902, 21.4685381, -0.2964954, -0.0305601, -0.5067218, -0.8089435)    0    0 -26.10033206  4 5.000 -14.09581808
( 6.9638385, 14.3837407, 12.1326754, -0.7999246, -0.0406140, -0.5612325, -0.2085408)    0    0 -34.74715423  0 5.000 -22.64863076
(15.0576304, 12.8520947, 17.2692492,  0.2382103, -0.2450645, -0.8144279, -0.4689301)    0    0   5.43234305  4 5.000   4.09997733
(11.4642749,  9.1671804, 12.4082239,  0.9054641,  0.1500276, -0.0105475, -0.3968807)    0    0 -30.77623189  2 3.320 -18.25325696
(12.6549977,  9.6128398, 13.7480736,  0.3813948, -0.2146036, -0.7497439, -0.4963542)    0    0 -70.30112411 15 3.720 -56.35373870
(10.0141124,  9.7688761, 29.3308348,  0.4149168, -0.2398602, -0.3567699,  0.8018891)    0    0  23.68743468  0 5.000  16.17517143
(15.2103822, 13.2051513, 17.8429314,  0.2380625, -0.2455930, -0.8156851, -0.4665463)    0    0   6.12329113  3 2.680   7.05579320
( 4.5498512,  9.3358070, 26.8246588, -0.7689832, -0.5970188, -0.0905173,  0.2098570)    0    0   9.00471718  6 3.960   8.27557424
(13.0228237, 15.6394626, 13.9281473, -0.4758085, -0.1013937, -0.3440193, -0.8031041)    0    0 -27.87041233  4 5.000 -19.75434929
( 3.6861277, 10.6072134, 25.6696650, -0.7802453, -0.5726719, -0.0992348,  0.2311202)    0    0   3.30549581 12 2.120  17.36447921
(13.9053118,  9.1682290, 16.1850738,  0.2488311, -0.2646705, -0.8130388, -0.4549732)    0    0 -48.28897817  5 3.240 -22.85235764
(15.1864088, 12.8200520, 17.4906149,  0.2449745, -0.2488539, -0.8115236, -0.4684656)    0    0   4.90844023  5 2.360   7.17339320
(12.4604737, 15.5059762, 23.7110328, -0.2506244,  0.0128433, -0.5126726, -0.8210903)    0    0 -16.62393964  9 4.360  -9.65202203
( 7.0599261, 14.2578435, 12.1213208, -0.8126496, -0.0418750, -0.5484441, -0.1924999)    0    0 -50.52780243  6 3.400 -28.07969410
( 4.4381372, 12.2304038, 17.9470078,  0.1561894, -0.0539477, -0.9548290, -0.2469739)    0    0 -24.31265909  8 1.000 -10.57521846
(14.0152969,  9.9409412, 25.6557059,  0.2445539, -0.3684193, -0.4666643,  0.7659537)    0    0 -31.46242283  7 3.960 -23.12708241
(18.8324577, 10.6698485, 21.4030237, -0.3737725, -0.6689932,  0.5788914, -0.2786133)    0    0   1.97711837  0 5.000   1.33873773
( 5.1088329, 16.7524190, 19.4987929, -0.7176518, -0.5715995,  0.0123750,  0.3976138)    0    0 -16.88239208  8 3.000  -7.71529207
(13.1660631,  9.0302335, 26.7662525,  0.3769341, -0.2711656, -0.3811221,  0.7994597)    0    0 -39.76241583  7 3.240 -24.25801632
( 5.3009005, 12.0431924, 17.7160094,  0.1281154, -0.0690236, -0.9595473, -0.2410007)    0    0 -21.80279986  6 1.640 -13.48878681
(15.3168590, 13.0132123, 17.9173224,  0.2476631, -0.2444753, -0.8092927, -0.4730985)    0    0   3.37346133  7 1.240   6.59590459
( 4.6249408, 11.5164804, 18.2510766,  0.1338239, -0.0675527, -0.9588621, -0.2405780)    0    0 -38.01229123 13 1.320 -22.39171437
(13.0192867, 15.6308669, 13.9176485, -0.4757475, -0.1013504, -0.3439750, -0.8031088)    0    0 -24.49882719  0 5.000 -16.31000399
(14.9050995, 11.3534395, 20.5624790,  0.2367224, -0.2393448, -0.8030087, -0.4915716)    0    0  -8.03183488  8 3.400  -1.11626401
(15.1517492, 13.2075863, 17.6595805,  0.2417462, -0.2439288, -0.8075660, -0.4794733)    0    0  -0.99109909 12 1.960   1.30739511
( 5.3737849, 12.6099885, 17.1763997,  0.1203797, -0.0698429, -0.9622360, -0.2339489)    0    0 -22.71557820 10 3.000 -15.46084328
(12.9358431, 15.7009976, 13.9257823, -0.4879173, -0.1095958, -0.3433851, -0.7949472)    0    0 -36.57830244  6 4.440 -20.69952352
(15.5666726, 13.4523477, 18.1178618,  0.2193978, -0.2378085, -0.8034967, -0.4997048)    0    0  -8.57173078 15 1.000  -2.63888285
(18.7950022, 10.7361396, 21.4653090, -0.3737718, -0.6689945,  0.5788907, -0.2786154)    0    0   0.17748443  1 5.000  -0.69034093
(14.1831873,  9.7710090, 15.9860774,  0.2746069, -0.2586825, -0.8041996, -0.4592793)    0    0 -44.44938647  3 2.760 -18.65143342
( 7.0849308, 16.9412927, 22.1484323, -0.7358712, -0.5503980,  0.0354797,  0.3927805)    0    0   2.49736757  2 3.720   2.46532168
(10.0171705, 10.0887924, 29.4619219,  0.4151282, -0.2398981, -0.3568075,  0.8017517)    0    0  23.22712195  2 5.000  16.17793289
( 6.5244935, 16.4585714, 20.9389421, -0.7294452, -0.5549881,  0.0357385,  0.3982663)    0    0  -5.64013325 12 1.800  -1.41462266
( 4.5276309, 15.8728438, 18.2540351, -0.7193186, -0.5652369,  0.0272631,  0.4028904)    0    0 -48.01123050  8 3.800 -24.59584971
( 8.8536136,  6.8618814, 22.9596135,  0.1485349, -0.0734791, -0.8507816, -0.4986743)    0    0 -85.87955660 10 3.000 -47.17848216
( 7.3443855, 17.6002294, 22.2644502, -0.7352830, -0.5476580,  0.0363367,  0.3976143)    0    0   2.16508765  6 3.800   2.20784970
( 4.7031223,  8.9668828, 26.5623387, -0.7697852, -0.5993144, -0.0713869,  0.2077124)    0    0  12.16889830  1 5.000  11.54006310
(12.6000420,  7.7506850, 16.0006612,  0.1809371, -0.2975585, -0.8393231, -0.4174416)    0    0 -84.49872185  5 2.440 -43.48452890
(12.9359953,  8.0940195, 16.4192813,  0.1773283, -0.2990240, -0.8430749, -0.4103219)    0    0 -71.43796509  4 2.600 -37.93410771
( 8.0813639, 19.2644039, 24.5122290, -0.2763414,  0.2562758, -0.5669122,  0.7325000)    0    0   4.75639982  6 4.280   5.00874630
(14.0284275,  8.9879056, 25.6429484,  0.3419835, -0.2389055, -0.4469031,  0.7913590)    0    0 -36.28427621  6 4.200 -28.16858613
( 9.0676419,  9.3699387, 24.3904756,  0.1647511, -0.0367501, -0.8403115, -0.5151535)    0    0 -50.32116862 11 3.480 -26.33667686
( 5.2149645, 12.4131160, 17.5547996,  0.1233672, -0.0686820, -0.9616202, -0.2352330)    0    0 -21.68447847  4 0.680 -12.84368743
(11.9196445,  9.0243879, 13.0147185,  0.9013681,  0.1310558, -0.0483576, -0.4099041)    0    0 -58.38261402  5 2.200 -30.34484440
(11.6234982, 11.2882699, 28.3525414,  0.3430855, -0.3636361, -0.3364764,  0.7980255)    0    0   0.63733161 11 4.040   3.95058510
( 6.8325908, 16.6195071, 21.9695111, -0.7304220, -0.5532184,  0.0364007,  0.3988819)    0    0  -1.29924892 11 1.000   1.36752973
(15.0402594, 11.7616818, 19.2006766,  0.2435986, -0.2465933, -0.8122387, -0.4691111)    0    0  -4.63934994 13 2.040  -1.56149710
(15.8547922, 15.8014729, 25.1532282, -0.4763099, -0.0507007, -0.1416010, -0.8663183)    0    0   0.29812672  0 5.000   4.27403666
(13.0308314, 15.3461449, 13.7311540, -0.4790808, -0.1037256, -0.3426784, -0.8014192)    0    0 -26.44173759  3 4.840 -16.23199207
( 3.7512624, 11.2602970, 18.2316353,  0.2509588,  0.0064093, -0.9287421, -0.2727943)    0    0 -50.69889093 14 1.720 -24.20643753
( 7.7873223, 19.2111574, 24.2160544, -0.2978881,  0.2468960, -0.5769941,  0.7192872)    0    0   6.05107081  3 5.000   5.34104006
(15.2178222, 13.4133875, 17.5210412,  0.2418140, -0.2445611, -0.8153753, -0.4656941)    0    0   0.61732332 10 1.800   3.90857165
( 8.2063448, 13.6884428, 25.5781062,  0.0965870,  0.6350492,  0.5621985, -0.5208803)    0    0 -17.94371775  6 4.760 -13.94139074
(18.6944334, 10.9185864, 21.6377525, -0.3741081, -0.6688350,  0.5789552, -0.2784125)    0    0  -1.61684286  6 4.920  -1.01687274
(14.6175856, 10.7980259, 16.6697502,  0.2522789, -0.2517083, -0.8087572, -0.4678248)    0    0 -17.98532410 11 2.680  -6.79479114
( 9.4127463,  8.0806670, 21.9771829,  0.1170827, -0.0665400, -0.8528797, -0.5044405)    0    0 -83.05495369 11 2.680 -45.27435716
(15.7712603, 15.8240989, 24.7756866, -0.4826064, -0.0569960, -0.1417475, -0.8623544)    0    0  -0.35594920  2 5.000   0.06299047
(11.6263561,  9.7533966, 28.8903132,  0.4024271, -0.2660082, -0.3528271,  0.8017513)    0    0   5.49545396  9 2.680  11.80077313
(11.4330210, 11.3149876, 28.4362261,  0.3449338, -0.3589464, -0.3339581,  0.8004062)    0    0  -2.30790817 12 3.640   4.20502950
(15.2184026, 13.1274291, 17.7320374,  0.2296409, -0.2449004, -0.8090521, -0.4822173)    0    0  -3.56048489  9 0.440   1.13776660
(11.9682974,  7.2691510, 16.4346683, -0.0898893,  0.3270264,  0.8621081,  0.3764880)    0    0 -101.58021067  6 2.840 -48.27932092
( 7.5289989, 17.8786645, 22.3652308, -0.7364650, -0.5452490,  0.0355438,  0.3988193)    0    0  -0.61137152  4 0.920   1.93947837
( 9.1177060,  9.5357983, 24.1387888,  0.1309641, -0.0642660, -0.8507181, -0.5049682)    0    0 -15.99659304  5 3.080 -10.07020306
(14.7976409, 10.9382270, 20.5029808,  0.2222826, -0.2275287, -0.7911907, -0.5223393)    0    0 -12.72928007  5 3.160  -2.83617463
( 4.9634620,  9.2929259, 26.6139797, -0.7700032, -0.5981513, -0.0757624,  0.2086011)    0    0   9.83009633  4 5.000   8.08106470
( 4.7904994, 16.3297005, 21.8667491, -0.7262132, -0.5642927,  0.0143143,  0.3924071)    0    0  -8.20177032 13 2.680  -0.11333881
(15.1154005, 12.9374371, 17.4146154,  0.2326738, -0.2433482, -0.8120802, -0.4764567)    0    0  -1.72506424 13 1.160   4.15099834
(14.8037181, 10.6968118, 20.4533890,  0.2476626, -0.2424925, -0.7955244, -0.4969925)    0    0 -18.56134988  6 2.280  -4.65090196
( 9.0602220,  8.5159602, 24.0235502,  0.1373025, -0.0690241, -0.8507086, -0.5026715)    0    0 -44.22517207 10 1.800 -21.91176241
( 6.7456697, 16.3291387, 22.0841482, -0.7339633, -0.5500588,  0.0370909,  0.3966828)    0    0   1.96762013  3 0.920   4.65570404
(11.9523092, 13.7217920, 24.7258363, -0.2090467,  0.0586598, -0.5127067, -0.8306556)    0    0   3.01285854  2 5.000   2.06405384
( 6.6899499, 13.2489397, 12.2734031, -0.8224296, -0.0429924, -0.5388372, -0.1772445)    0    0 -96.99091101  8 2.440 -54.14779943
( 7.0030577, 16.9255252, 22.0411697, -0.7358762, -0.5498157,  0.0350576,  0.3936266)    0    0  -1.62615892 12 0.680  -1.75771695
( 5.3500849, 14.6409823, 20.8084305, -0.7253707, -0.5603065,  0.0360942,  0.3981330)    0    0 -23.85933276 10 2.840 -10.32625496
( 5.2859427, 12.4759021, 17.4163633,  0.1246002, -0.0691443, -0.9607093, -0.2381767)    0    0 -22.05461764  2 0.600 -13.54254013
( 5.2574985, 12.4773630, 17.4146515,  0.1300074, -0.0661019, -0.9600882, -0.2386616)    0    0 -18.60754072  0 3.960 -11.33025136
( 7.4545123, 19.0813307, 24.2407680, -0.2897684,  0.2497707, -0.5726101,  0.7249579)    0    0   5.96440157  4 5.000   4.87622520
( 6.4908805, 16.0437893, 22.0061868, -0.7337701, -0.5500491,  0.0368087,  0.3970800)    0    0   2.48437947  3 3.320   4.52968035
(14.7148965, 10.2923654, 21.0231289,  0.2428533, -0.2197059, -0.7491799, -0.5757439)    0    0 -31.95088640  7 1.240  -9.47637344
( 6.6946601, 16.4453629, 22.0551818, -0.7337491, -0.5503501,  0.0369597,  0.3966873)    0    0   3.60331269  1 4.360   4.25842039
( 7.8585588, 13.9762148, 25.3446512,  0.0462548,  0.5863959,  0.5807098, -0.5628290)    0    0 -12.19475406  3 4.840 -10.54463794
( 4.8898637, 12.4767223, 17.4935092,  0.1312323, -0.0668358, -0.9592775, -0.2410176)    0    0 -25.36828894 13 0.680 -15.64916855
(12.9054634, 16.1165600, 14.0170022, -0.4790688, -0.1037120, -0.3426284, -0.8014498)    0    0 -25.65138501  2 4.680 -15.93640641
(13.7997931, 12.1150428, 22.5809310, -0.0151452, -0.0740266, -0.6804437, -0.7288944)    0    0  -5.72713498  3 3.880   0.62165652
(11.2038823,  9.4662616, 28.8816448,  0.4098866, -0.2514996, -0.3559819,  0.8012479)    0    0  16.17453913  7 4.040  14.72754221
( 7.3333922, 14.3574572, 12.4958284, -0.8049995, -0.0409196, -0.5561221, -0.2024249)    0    0 -41.40314670  3 5.000 -22.96897445
( 9.2895245,  9.2983887, 23.8238854,  0.1290736, -0.0651185, -0.8508305, -0.5051189)    0    0 -40.79197611  9 1.720 -17.09163715
( 2.8374298, 10.6759561, 24.4625440, -0.7734891, -0.5934407, -0.0749289,  0.2093595)    0    0   5.90472868 10 3.960   7.16869689
( 5.8049143, 16.0871691, 20.1068760, -0.7265892, -0.5580557,  0.0342767,  0.3991810)    0    0 -15.07149310 11 2.360  -6.76191357
(13.0313352, 15.5793912, 13.9070853, -0.4757748, -0.1013609, -0.3439854, -0.8031428)    0    0 -24.69799318  1 5.000 -16.39659149
( 3.4054245, 10.1436306, 25.2649880, -0.7682142, -0.6007562, -0.0761991,  0.2076756)    0    0  11.90384751  2 5.000  10.68516481
( 6.9809895, 17.0821082, 22.2187961, -0.7347436, -0.5484611,  0.0365739,  0.3974942)    0    0  -0.85144756 13 2.440   0.74242761
( 6.8900094, 16.7087061, 22.0980617, -0.7337567, -0.5503875,  0.0372322,  0.3963510)    0    0   7.18959572  0 5.000   5.02059499
( 6.8589372, 14.3914290, 12.0296647, -0.8006425, -0.0400433, -0.5604378, -0.2080286)    0    0 -35.87494706  1 5.000 -21.13665981
( 3.1553659, 11.1733255, 25.0183445, -0.7933291, -0.5528745, -0.0848734,  0.2403234)    0    0  -4.14268768 14 2.040  14.10808431
(18.8268774, 10.6804757, 21.4126172, -0.3737815, -0.6689939,  0.5788811, -0.2786236)    0    0  -0.09183304  3 5.000  -0.91541069
(10.8254062,  9.5717621, 29.0289565,  0.4138840, -0.2439077, -0.3564874,  0.8013163)    0    0  17.86850621  6 4.600  15.17644669
(14.8407799, 10.2711618, 20.5721589,  0.2711988, -0.2388661, -0.7778921, -0.5140799)    0    0 -26.93194465  9 2.120  -7.14183409
( 6.8653949, 18.3840495, 18.2430320, -0.7169962, -0.5647082,  0.0387227,  0.4068436)    0    0 -24.29065376  8 3.960 -16.36157157
( 4.3918858,  9.2219972, 26.2276859, -0.7638569, -0.6034507, -0.0941705,  0.2085709)    0    0   7.48382181  8 3.480   7.30183844
( 6.8352287, 16.4116682, 22.2298414, -0.7339554, -0.5497213,  0.0368803,  0.3971832)    0    0   2.31202619  5 2.360   2.38861799
( 7.0584835, 17.0453309, 22.0658742, -0.7328356, -0.5509069,  0.0365467,  0.3976257)    0    0   1.47190065  8 1.640   3.19546829
( 7.0034962, 14.2006146, 26.4402372, -0.0169206,  0.0808367, -0.7303619,  0.6780492)    0    0 -15.85562521  3 4.520 -12.97624142
(12.5825732,  9.2745132, 13.8501844,  0.5475649, -0.1518666, -0.6482421, -0.5068446)    0    0 -91.34867660  5 2.200 -64.58811649
( 9.6262702,  9.6160377, 23.5341233,  0.1339755, -0.0643683, -0.8502041, -0.5050319)    0    0 -24.45439229  6 4.040 -10.92709939
(12.3098911,  9.3686878, 13.3163548,  0.7414306, -0.0392294, -0.4414042, -0.5038889)    0    0 -68.16398739 13 3.080 -39.11801925
( 7.1390028, 17.2748050, 22.2076298, -0.7347612, -0.5483965,  0.0363282,  0.3975707)    0    0   1.30805374  9 1.880   0.24612191
(12.2827863,  7.5773302, 16.4086833,  0.1223725, -0.3152988, -0.8573243, -0.3880808)    0    0 -90.83320328  4 2.600 -40.22877337
( 4.9991396, 12.2336114, 17.6846473,  0.1283430, -0.0665613, -0.9605675, -0.2374935)    0    0 -19.33075518  2 5.000 -11.08965516
(13.5734284,  9.9724145, 26.0485689,  0.2737353, -0.3681884, -0.4377669,  0.7732183)    0    0 -21.65696078  5 3.880 -23.76649023
( 5.0782759, 12.4406710, 17.5271159,  0.1358381, -0.0632027, -0.9591257, -0.2399716)    0    0 -23.02114416 11 1.720 -14.08491854
(14.8551747, 11.6958481, 18.5674584,  0.2443523, -0.2487384, -0.8106787, -0.4702500)    0    0  -5.88821931 15 1.560  -0.26035865
(10.2173887,  9.6847479, 29.2827723,  0.4173760, -0.2410123, -0.3558264,  0.8006814)    0    0  20.21104699  4 4.600  15.93093324
( 5.2666470, 12.0904698, 17.6852772,  0.1248377, -0.0686352, -0.9608434, -0.2376510)    0    0 -23.18482994  7 0.440 -13.97075199
( 7.5370808, 18.8610873, 24.4680575, -0.2981107,  0.2469454, -0.5772747,  0.7189521)    0    0   7.20217036  1 5.000   4.92965241
( 8.6552920, 10.9212276, 28.6400833,  0.3984733, -0.2147684, -0.4374421,  0.7770057)    0    0 -17.66097470  8 2.680  -5.63476591
( 5.3426663, 14.7509088, 21.0167982, -0.7288565, -0.5560937,  0.0357845,  0.3977297)    0    0 -24.97685469  6 2.840  -9.67620137
( 7.1548655, 14.3433092, 12.2953503, -0.8160504, -0.0422828, -0.5450635, -0.1875624)    0    0 -57.96693155  7 2.200 -33.94238892
( 6.8081098, 18.3917187, 19.2251912, -0.7260984, -0.5569028,  0.0374319,  0.4015224)    0    0 -21.46009118  7 3.320 -13.46968554
(13.5806321,  8.4876517, 16.2964048,  0.2194992, -0.2798858, -0.8243932, -0.4402953)    0    0 -63.68558614  5 2.760 -31.71762158
( 4.6988428,  9.0021275, 26.6305410, -0.7700916, -0.5989355, -0.0706149,  0.2079471)    0    0   9.62210632  5 5.000   6.99399101
( 5.3486686, 12.5340770, 17.3408388,  0.1339812, -0.0643013, -0.9592636, -0.2401032)    0    0 -22.33531853  8 0.680 -12.78791771
(14.7818736, 10.6871178, 20.6114253,  0.2238885, -0.2255640, -0.7899739, -0.5243435)    0    0 -17.47168879  6 2.920  -8.71119724
(13.0546057, 12.2118839, 25.0483622, -0.2092463,  0.0685293, -0.5059645, -0.8339001)    0    0 -10.47537457  6 3.880  -1.81238015
( 7.6034968, 18.1043600, 22.3618923, -0.7362758, -0.5453962,  0.0356147,  0.3989636)    0    0  -4.24403643  6 0.440  -1.92180136
( 6.3045134, 16.8182680, 21.3360153, -0.7313465, -0.5521791,  0.0368480,  0.3985712)    0    0  -8.85365015 15 0.840  -3.03763149
( 7.0037121, 14.3743724, 12.1698765, -0.8035170, -0.0420808, -0.5576887, -0.2037710)    0    0 -48.89794455  5 3.880 -31.71350964
( 4.5525483,  9.0755511, 25.9849812, -0.7610793, -0.5992022, -0.1302205,  0.2112130)    0    0  -2.83833726 11 1.800   1.81106876
( 8.9801131,  9.7789280, 23.7432356,  0.1355040, -0.0639543, -0.8503163, -0.5044902)    0    0 -14.92534164  2 5.000  -9.02094630
( 3.0494307, 10.4329949, 24.7661330, -0.7716380, -0.5962774, -0.0737514,  0.2086520)    0    0   7.32982812  9 4.360   5.71525228
(11.4639422,  9.1704325, 12.4060155,  0.9056875,  0.1490360, -0.0100032, -0.3967599)    0    0 -28.40629381  0 5.000 -18.84126491
( 9.2026957,  9.5399482, 24.0312364,  0.1342218, -0.0638026, -0.8502673, -0.5049315)    0    0 -15.80823051  4 4.680  -9.66102173
( 9.1188629,  9.5337822, 24.1420495,  0.1329433, -0.0639121, -0.8504584, -0.5049280)    0    0 -13.93539822  0 5.000  -8.54624158
( 5.0963837, 12.2586819, 17.6240818,  0.1287488, -0.0665243, -0.9604052, -0.2379448)    0    0 -19.09813948  1 5.000 -11.18689068
(15.1622655, 12.6987257, 17.4169884,  0.2461065, -0.2477606, -0.8078805, -0.4746531)    0    0   1.77627262  8 2.920   4.09869043
( 6.8592589, 18.4870287, 19.2885359, -0.7288974, -0.5549152,  0.0362348,  0.3990945)    0    0 -22.65572685  8 3.160 -16.08922288
( 4.6733531,  9.0265914, 26.5785731, -0.7696741, -0.5979798, -0.0806795,  0.2082317)    0    0   8.96279261  7 2.600   9.69539327
(15.2289952, 13.2067453, 17.7402820,  0.2453374, -0.2454663, -0.8110582, -0.4708252)    0    0   4.23668111  6 2.280   7.11871676
(11.3162440, 14.0402690, 24.3817049, -0.2194921,  0.0497176, -0.5110159, -0.8294452)    0    0  -7.90448118  4 4.280   1.34214368
( 9.2182526,  9.5596922, 23.9687911,  0.1305233, -0.0643383, -0.8507185, -0.5050462)    0    0 -15.80818600  3 3.960  -9.51356216
(14.6338799, 10.4683761, 20.3345125,  0.2283585, -0.2398093, -0.7811078, -0.5293529)    0    0 -25.59484281  8 2.040 -12.29208706
(15.0097298, 11.2754454, 20.0873755,  0.2415540, -0.2428666, -0.8010104, -0.4909682)    0    0 -11.31329940  4 3.160  -4.19476200
( 7.2815518, 17.3988787, 22.2798059, -0.7343913, -0.5493394,  0.0368698,  0.3969060)    0    0   2.38943346  4 2.760   2.34634688
(12.0722012, 11.9891947, 28.1160151,  0.1010221, -0.6618740, -0.2288985,  0.7066277)    0    0   3.42196110  6 4.840   5.06077634
( 7.6456333, 19.0129691, 24.3587112, -0.3002755,  0.2447872, -0.5776575,  0.7184884)    0    0   7.36501256  0 5.000   4.91671108
(14.6205353,  9.8021122, 20.2926805,  0.2336719, -0.2184364, -0.7740343, -0.5464009)    0    0 -33.00290831 10 1.720 -12.34834096
( 3.0627987, 10.4063826, 24.8156698, -0.7705084, -0.5983393, -0.0710337,  0.2078445)    0    0  10.74560997  3 5.000   9.87096967
( 9.0349498,  8.9752323, 24.3807243,  0.1391539, -0.0677993, -0.8502348, -0.5029148)    0    0 -39.17775241  8 3.080 -17.47740374
(11.8245270,  9.4331079, 12.5650347,  0.9056223,  0.1490522, -0.0101981, -0.3968975)    0    0 -28.79141151  1 5.000 -18.87448632
( 9.4114428,  9.3201526, 29.2146174,  0.4116834, -0.2426253, -0.3584023,  0.8019816)    0    0  15.09655705  8 1.560  15.53810203
(14.3972009, 10.2498693, 16.5735991,  0.2552655, -0.2516754, -0.8078524, -0.4677820)    0    0 -25.30728850  8 3.160 -11.30672339
(15.8824457, 15.7825140, 25.2515806, -0.4830710, -0.0571052, -0.1416333, -0.8621003)    0    0  -0.33701440  1 5.000  -0.22480636
( 5.2525626, 12.4706867, 17.4210568,  0.1285447, -0.0669236, -0.9602476, -0.2385774)    0    0 -20.61791483  3 2.440 -12.75422097
(12.1445031, 14.0156588, 24.6247639, -0.2150235,  0.0522772, -0.5128120, -0.8294301)    0    0  -2.18471438  3 4.760   2.88475249
(13.4224456,  9.8414170, 25.8909104,  0.3713628, -0.2360166, -0.4167207,  0.7954431)    0    0 -28.45309330  6 4.120 -24.46857568
( 7.5585329, 14.5134781, 25.6339175, -0.0762697,  0.0130470, -0.7441587,  0.6635062)    0    0 -18.38387202  7 4.840 -17.53943026
( 4.5037011,  9.4103901, 26.4930718, -0.7642693, -0.5998490, -0.1101920,  0.2095979)    0    0   5.13471457 11 3.480   7.45405366
( 7.1159302, 14.3759565, 12.2830118, -0.8003912, -0.0400944, -0.5607078, -0.2082603)    0    0 -41.84798816  3 5.000 -31.46693248
(13.5036456, 15.2555117, 13.8947755, -0.4845725, -0.1082703, -0.3359365, -0.8002594)    0    0 -30.44850576  5 5.000 -18.79310072
( 4.6880687,  9.0000775, 26.5856057, -0.7710921, -0.5979201, -0.0684186,  0.2079122)    0    0  12.81284462  0 5.000   9.24587300
(13.8192720,  9.3122731, 15.7662987,  0.2528455, -0.2618739, -0.8126890, -0.4548036)    0    0 -46.91438988  4 3.400 -22.36100930
( 7.7397132, 19.0510333, 24.3505328, -0.3001692,  0.2447568, -0.5775306,  0.7186452)    0    0   7.13051238  2 5.000   4.87593241
( 9.0049890,  9.6914300, 23.7585978,  0.1251113, -0.0649963, -0.8513443, -0.5052921)    0    0 -32.34497008  7 2.760 -11.97520452
(10.1187200,  9.8524660, 29.3581784,  0.4147356, -0.2397907, -0.3568703,  0.8019591)    0    0  23.59517969  1 5.000  15.88503825
(12.0382796, 13.5407272, 24.7910555, -0.2082820,  0.0596169, -0.5125159, -0.8308982)    0    0   3.56289442  0 5.000   2.47190032
(15.3185324, 13.1456023, 17.7883586,  0.2414126, -0.2462622, -0.8083732, -0.4770160)    0    0  -1.83084301 14 1.560   3.42792370
(15.3362851, 13.1098365, 17.7526928,  0.2394187, -0.2443597, -0.8126148, -0.4717849)    0    0  -0.49754623 11 3.480   3.42700157
(18.9750817, 10.3916035, 21.1510431, -0.3731145, -0.6690739,  0.5794596, -0.2781206)    0    0  -1.27657429  4 2.920   1.54196061
( 6.6792271, 14.7259306, 26.8823913, -0.1402700,  0.1314823, -0.6505637,  0.7347133)    0    0  -4.22545756  1 5.000  -6.81106844
(18.9954339, 10.4556783, 21.1911961, -0.3749749, -0.6684013,  0.5791907, -0.2777932)    0    0  -1.41270710  5 3.960   1.10362553
(15.8602190, 15.7983857, 25.1739994, -0.4803584, -0.0551546, -0.1418394, -0.8637433)    0    0  -1.01091803  3 5.000  -0.10999825
( 2.8905632, 10.7806571, 24.6383565, -0.7849739, -0.5705317, -0.0736480,  0.2299686)    0    0  -1.75246105  6 3.080  10.10923169
(11.4995052,  9.1282475, 12.3388324,  0.9063528,  0.1494310, -0.0060697, -0.3951448)    0    0 -36.80820193  4 2.840 -22.34911991
( 9.9780169,  9.6084411, 29.2673649,  0.4153317, -0.2399284, -0.3568544,  0.8016164)    0    0  22.53836226  3 5.000  15.58809552
( 5.1932080, 12.3417473, 17.5213920,  0.1306144, -0.0654673, -0.9602355, -0.2378848)    0    0 -22.34933722  9 2.840 -15.03603473
( 5.3708756, 12.6603226, 17.2476458,  0.1264093, -0.0675511, -0.9608678, -0.2370420)    0    0 -20.78580401  4 3.160 -12.45120387
( 6.9384070, 10.9096342, 16.1549481,  0.1302819, -0.0727940, -0.9571833, -0.2480478)    0    0 -54.66157095 12 2.760 -26.67638373
(15.1176365, 12.9311915, 17.4228595,  0.2391024, -0.2446155, -0.8156290, -0.4666285)    0    0   6.25253933  2 5.000   3.87050548
( 5.7783159, 11.8631435, 17.7003680,  0.1373996, -0.0698258, -0.9554514, -0.2514247)    0    0 -25.38297155 13 1.240 -12.78688305
(11.8841219, 11.7621447, 28.1095443,  0.2664295, -0.4785293, -0.2998090,  0.7811143)    0    0 -11.44905856 13 4.200 -15.74262017
( 4.5170150, 12.3616109, 17.8278942,  0.2302509, -0.0017852, -0.9367872, -0.2634598)    0    0 -39.53623958 17 1.880 -16.07549468
( 6.9886153, 17.0704323, 22.1182038, -0.7346986, -0.5485225,  0.0363910,  0.3975114)    0    0  -0.85258175 14 3.960  -1.55168868
(10.0871099,  9.6410059, 29.2659276,  0.4151098, -0.2442772, -0.3553935,  0.8010535)    0    0  19.88405159  5 3.000  15.91966628
( 7.5211127, 18.8666393, 24.4697536, -0.2998941,  0.2443273, -0.5776750,  0.7187898)    0    0   5.68297355  5 5.000   2.35570726
( 4.2190341, 16.7435173, 21.4349583, -0.7245824, -0.5636180, -0.0049914,  0.3965982)    0    0  -4.09912346 14 3.560   0.03766291
( 7.4248644, 17.9036388, 22.4456097, -0.7367230, -0.5487666,  0.0349616,  0.3935067)    0    0   0.98410209 10 3.880   1.83116403
( 7.4998790, 17.0184714, 25.8136631, -0.2822660,  0.2366399, -0.5757407,  0.7299659)    0    0   2.41355437  7 4.280   2.58765931
( 6.8891835, 17.2769857, 21.2848498, -0.7341106, -0.5515886,  0.0351860,  0.3943959)    0    0 -11.94063618 13 1.000  -5.75648101
(15.0857310, 12.6301464, 17.3572261,  0.2467277, -0.2458832, -0.8130660, -0.4664629)    0    0   1.69042409  9 2.280   4.63122310
