#Coordinates  RecID  LigID  Luciferin  Neighbor's number  Vision Range  Scoring
(10.6988809, 12.3521327, 25.4231621,  0.1329576, -0.0638528, -0.8504280, -0.5049924)    0    0  11.65922254  0 0.400   8.33990278
(10.7182257, 12.9048902, 24.9769057,  0.1329566, -0.0638524, -0.8504274, -0.5049937)    0    0  11.41774332  5 0.240   8.29509697
(10.8228160, 12.4520947, 25.2568734,  0.1329584, -0.0638531, -0.8504285, -0.5049914)    0    0  11.32442922  0 0.400   8.01168285
(14.6999820, 13.3562716, 17.0874983,  0.2390655, -0.2443771, -0.8158663, -0.4663578)    0    0  10.51154086  3 0.400   7.36846502
(14.1792911, 13.4351545, 16.9093737,  0.2390655, -0.2443771, -0.8158664, -0.4663577)    0    0   9.42025775 14 0.000   5.23634659
( 5.0774789, 16.1804637, 22.1769605, -0.7338385, -0.5504030,  0.0371975,  0.3964264)    0    0   1.49923951 13 0.000  -0.34652353
(12.1148163,  9.6362632, 12.6937699,  0.9056475,  0.1490299, -0.0101974, -0.3968484)    0    0 -20.38710734  0 5.000 -13.59140489
( 8.5391800, 14.5986556, 12.5734818,  0.9334632,  0.0974283,  0.3387512, -0.0663464)    0    0 -33.21302362  1 5.000 -19.00181178
(18.8726637, 10.7922396, 21.4875897, -0.3737730, -0.6689937,  0.5788919, -0.2786134)    0    0   2.23340633  2 5.000   1.36283724
(14.4333823, 12.9997003, 16.9954367,  0.2390654, -0.2443771, -0.8158665, -0.4663576)    0    0   9.17032585  0 0.400   7.67617763
(14.1657925, 12.6624440, 17.0710729,  0.2390654, -0.2443771, -0.8158665, -0.4663577)    0    0   9.55062565  2 0.400   7.28002849
(10.2481150, 12.2169975, 25.6088180,  0.1329635, -0.0638548, -0.8504315, -0.5049848)    0    0  11.57007930  5 0.400   8.03153521
( 8.2184103, 14.5854263, 12.4752440,  0.9129750,  0.0843719,  0.3991930,  0.0017096)    0    0 -48.90564765  8 4.360 -38.93964873
(14.3692748, 13.4856597, 16.9413676,  0.2390654, -0.2443771, -0.8158665, -0.4663576)    0    0   9.99568871  0 0.400   7.47336502
(12.2035810,  9.8773652, 12.5856890,  0.9056475,  0.1490299, -0.0101974, -0.3968484)    0    0 -22.55410179  6 3.640 -15.27107349
(12.0707938,  9.5158365, 12.7480651,  0.9056475,  0.1490299, -0.0101974, -0.3968484)    0    0 -21.30787211  3 5.000 -13.67588030
( 6.6029839,  9.6580088, 31.5624781,  0.4150393, -0.2400837, -0.3567826,  0.8017533)    0    0  34.63909611  8 4.440  23.17852854
(14.4888353, 13.6067209, 16.9153560,  0.2390655, -0.2443771, -0.8158664, -0.4663578)    0    0  10.13210395  9 0.080   7.24131887
( 2.9743391, 10.9933775, 25.5244400, -0.7804806, -0.5755740, -0.0894334,  0.2270818)    0    0  27.30007826  2 0.640  18.51618706
(13.8984672, 16.5880348, 16.0763812, -0.4760524, -0.1015592, -0.3438635, -0.8030055)    0    0 -14.84735327  1 5.000  -9.13206632
( 3.0951832, 11.2297635, 25.4800803, -0.7804806, -0.5755740, -0.0894334,  0.2270818)    0    0  27.26081034  3 0.800  18.17373519
(14.4624247, 12.9383154, 16.9879074,  0.2390654, -0.2443770, -0.8158665, -0.4663576)    0    0  11.36020392  3 5.000   7.58791371
(14.4484473, 12.9356242, 16.9263608,  0.2390655, -0.2443771, -0.8158664, -0.4663577)    0    0  10.76492722  4 0.480   7.52421828
(10.7599701, 12.5731749, 25.5445249,  0.1329615, -0.0638542, -0.8504303, -0.5049873)    0    0  10.19116227  0 0.560   6.02015345
( 8.0411569, 14.5733470, 12.4190619,  0.9114091,  0.0835222,  0.4028913,  0.0060073)    0    0 -48.43974619  7 3.640 -37.80083218
( 5.5429604, 12.5999661, 17.0690126,  0.1287425, -0.0666698, -0.9603250, -0.2382361)    0    0 -17.36787057 11 0.240 -11.06695723
( 6.9219075,  9.7223542, 31.5792272,  0.4150393, -0.2400837, -0.3567826,  0.8017533)    0    0  34.77443977  2 1.280  23.15831512
(19.1468641, 11.0189297, 21.5833189, -0.3737730, -0.6689937,  0.5788919, -0.2786134)    0    0   2.03037349  3 5.000   1.36220525
( 5.9306338, 16.3323862, 22.3376761, -0.7338385, -0.5504030,  0.0371975,  0.3964264)    0    0   4.87111774  8 0.160   2.14695414
( 6.9297987,  9.8952264, 31.6200862,  0.4150393, -0.2400837, -0.3567826,  0.8017533)    0    0  34.19275202 13 0.000  22.51914259
( 5.4297602, 12.6124278, 17.2296905,  0.1287425, -0.0666698, -0.9603250, -0.2382361)    0    0 -19.57382509  5 0.400 -13.63975640
(14.2493324, 13.4460467, 16.8748306,  0.2390654, -0.2443770, -0.8158665, -0.4663576)    0    0  11.25421324  4 0.880   7.73613202
( 5.3677212, 12.9372268, 17.2968774,  0.1287425, -0.0666698, -0.9603250, -0.2382361)    0    0 -16.79669963  2 0.640 -11.23082869
(14.1355020, 16.8345620, 16.6626766, -0.4760524, -0.1015592, -0.3438635, -0.8030055)    0    0 -17.58051541  5 5.000 -11.51261728
(14.6121786, 13.0299986, 16.9665688,  0.2390655, -0.2443771, -0.8158664, -0.4663577)    0    0  10.10483074 12 0.000   6.83902433
(13.8935141, 13.2873022, 16.9554476,  0.2390655, -0.2443771, -0.8158663, -0.4663578)    0    0   9.94883369 15 0.000   7.21532276
( 5.1436978, 12.8376629, 17.0569854,  0.1287425, -0.0666698, -0.9603250, -0.2382361)    0    0 -19.64529134  0 0.400 -13.53893049
(14.0812668, 16.7506696, 16.5044739, -0.4760524, -0.1015592, -0.3438635, -0.8030055)    0    0 -15.86544363  2 5.000 -11.15497295
(14.2472236, 13.5333261, 16.7975250,  0.2390655, -0.2443771, -0.8158664, -0.4663578)    0    0  10.38444841  1 0.560   7.30894267
(18.9649737, 10.8685950, 21.5198483, -0.3737730, -0.6689937,  0.5788919, -0.2786134)    0    0   2.46249002  0 5.000   1.64166001
(14.2156482, 13.1932783, 16.8604195,  0.2390654, -0.2443771, -0.8158665, -0.4663577)    0    0  10.31148649  3 0.560   7.23457227
( 5.8943827, 16.4445790, 22.3778132, -0.7338385, -0.5504030,  0.0371975,  0.3964264)    0    0   4.49320539 11 0.000   2.51131303
( 6.6425437,  9.9314219, 31.2102132,  0.4150393, -0.2400837, -0.3567826,  0.8017533)    0    0  34.70491027  4 0.320  23.38124820
( 5.6946028, 16.3892630, 22.2762850, -0.7338385, -0.5504030,  0.0371975,  0.3964264)    0    0   6.93763894 11 0.160   4.24794871
( 5.7501518, 16.2879786, 22.3667653, -0.7338385, -0.5504030,  0.0371975,  0.3964264)    0    0   4.39424049  1 0.560   1.98133809
(11.2758266, 12.8877661, 25.1022740,  0.1329619, -0.0638543, -0.8504305, -0.5049868)    0    0  12.10893258  3 1.640   8.45893404
( 6.0871174, 16.2093032, 22.3557127, -0.7338385, -0.5504030,  0.0371975,  0.3964264)    0    0  10.16428954  1 3.920   6.81709374
( 3.3081020, 11.2378933, 25.4950992, -0.7804806, -0.5755740, -0.0894334,  0.2270818)    0    0  28.00206312  1 5.000  18.86641316
(14.6810133, 12.9791697, 17.1519156,  0.2390654, -0.2443771, -0.8158665, -0.4663576)    0    0   7.68918644  2 0.480   2.33422877
(14.5675509, 13.4024558, 16.7655331,  0.2390655, -0.2443771, -0.8158664, -0.4663578)    0    0   9.12591044  0 0.400   5.22451538
( 7.1053953, 18.3566494, 25.1397985, -0.2984057,  0.2466391, -0.5773186,  0.7189064)    0    0   9.78779238 12 2.760   4.87870060
( 6.6344134,  9.4709303, 31.5080306,  0.4150393, -0.2400837, -0.3567826,  0.8017533)    0    0  34.21240772  0 0.480  22.78031230
(11.0676147, 12.5140398, 24.6763814,  0.1329583, -0.0638530, -0.8504284, -0.5049915)    0    0  10.09847802  0 0.400   6.12337869
( 5.3858304, 12.3599685, 17.8206659,  0.1287425, -0.0666698, -0.9603250, -0.2382361)    0    0 -16.82390622  0 0.720 -10.73255581
(12.1578242,  9.7817684, 12.6180870,  0.9056475,  0.1490299, -0.0101974, -0.3968484)    0    0 -22.25533442  5 3.320 -12.97972279
( 6.9319923,  9.7554341, 31.5089470,  0.4150393, -0.2400837, -0.3567826,  0.8017533)    0    0  34.60940207  5 0.480  23.14590517
( 6.1748594, 16.4197393, 22.3400107, -0.7338385, -0.5504030,  0.0371975,  0.3964264)    0    0   5.37474574 17 0.000   2.01398900
(14.6509439, 12.7620709, 16.8864467,  0.2390654, -0.2443771, -0.8158665, -0.4663576)    0    0  10.93729647  6 0.480   7.20804867
(16.5048028, 14.6917917, 25.9238984, -0.4763099, -0.0507007, -0.1416010, -0.8663183)    0    0   6.80953113  3 5.000   4.52029361
(14.0787123, 16.6512857, 16.4135024, -0.4760524, -0.1015592, -0.3438635, -0.8030055)    0    0 -16.60299719  3 5.000 -11.11482022
( 5.4701364, 12.6823006, 16.9380247,  0.1287425, -0.0666698, -0.9603250, -0.2382361)    0    0 -18.50082963  0 0.400 -13.16038614
( 7.1505031, 18.2297220, 25.0720986, -0.2984057,  0.2466391, -0.5773186,  0.7189064)    0    0  11.34081545  9 2.040   7.62323711
(14.4170201, 12.9319698, 16.9238493,  0.2390655, -0.2443771, -0.8158664, -0.4663577)    0    0   7.14074151  8 0.240   5.17552589
( 7.1612619, 18.5626855, 25.1163867, -0.2984057,  0.2466391, -0.5773186,  0.7189064)    0    0  11.71827676  4 1.080   7.66636707
(18.6196848, 10.5704206, 21.3893148, -0.3737730, -0.6689937,  0.5788919, -0.2786134)    0    0   1.69213220  4 4.840   1.77115467
(14.3049117, 12.9560990, 17.1803580,  0.2390654, -0.2443771, -0.8158665, -0.4663577)    0    0   9.78572196 18 0.000   6.80325600
(10.8639883, 12.4859778, 25.0585460,  0.1329622, -0.0638544, -0.8504307, -0.5049864)    0    0  10.72517809  6 0.480   6.20353798
(16.3365222, 14.9885723, 25.7464205, -0.4763099, -0.0507007, -0.1416010, -0.8663183)    0    0   6.86457443  1 5.000   4.58685860
( 7.3311333,  9.4266683, 31.7081272,  0.4150393, -0.2400837, -0.3567826,  0.8017533)    0    0  34.52569915  9 0.080  23.14517470
( 7.1574998,  9.8173327, 31.7324954,  0.4150393, -0.2400837, -0.3567826,  0.8017533)    0    0  34.72766804  4 0.560  23.31173630
(14.1871739, 13.2334789, 16.9718958,  0.2390654, -0.2443771, -0.8158665, -0.4663576)    0    0  10.85377738  5 0.400   7.56293358
(14.5539078, 13.0617492, 17.1074134,  0.2390655, -0.2443771, -0.8158664, -0.4663577)    0    0   9.35663532  0 0.400   7.73428032
( 5.8215844, 16.2744009, 22.7050302, -0.7338385, -0.5504030,  0.0371975,  0.3964264)    0    0   4.53378332 12 0.000   2.47384428
(10.9914105, 12.7702562, 25.0833751,  0.1329623, -0.0638544, -0.8504307, -0.5049863)    0    0  11.50030456  6 0.320   7.96048606
(14.2429953, 13.3872584, 16.7840232,  0.2390655, -0.2443771, -0.8158664, -0.4663578)    0    0   7.63976306  0 0.400   4.90836935
( 3.0721854, 11.1613831, 25.4824562, -0.7804806, -0.5755740, -0.0894334,  0.2270818)    0    0  25.27063733 13 1.720  15.65379609
( 5.6791385, 16.5023268, 22.8836842, -0.7338385, -0.5504030,  0.0371975,  0.3964264)    0    0   8.81492496  0 0.880   6.19637953
(14.2359063, 13.6286439, 17.1098265,  0.2390654, -0.2443771, -0.8158665, -0.4663577)    0    0   8.32480159 22 0.000   4.99962257
(14.4623196, 13.0967653, 17.0387111,  0.2390654, -0.2443771, -0.8158665, -0.4663577)    0    0   9.27806626 17 0.000   4.60037886
(10.8494142, 12.5560905, 25.4853084,  0.1329445, -0.0638481, -0.8504202, -0.5050096)    0    0  10.19089962  0 0.400   6.31600769
( 6.2296357, 16.1124372, 22.2080020, -0.7338385, -0.5504030,  0.0371975,  0.3964264)    0    0   7.79119515  2 0.560   5.97909616
(11.2698226, 12.9324080, 25.2098322,  0.1329584, -0.0638531, -0.8504285, -0.5049914)    0    0  10.61823447  8 0.240   6.44602400
( 8.4021314, 14.5461279, 12.5241676,  0.9127533,  0.0842507,  0.3997222,  0.0023236)    0    0 -46.12246669  6 3.160 -32.81959564
( 5.9175102, 16.4483982, 22.2276992, -0.7338385, -0.5504030,  0.0371975,  0.3964264)    0    0   7.91457488  4 0.320   7.01241792
( 5.6704847, 16.3527190, 22.2743234, -0.7338385, -0.5504030,  0.0371975,  0.3964264)    0    0   6.41803191 11 0.240   3.55654549
( 5.3050890, 12.8108343, 16.7573398,  0.1287425, -0.0666698, -0.9603250, -0.2382361)    0    0 -16.42884469  4 0.720  -9.45266062
( 5.2124004, 12.7010952, 17.4515640,  0.1287425, -0.0666698, -0.9603250, -0.2382361)    0    0 -15.87537558  3 5.000 -10.39538295
( 7.1311195, 18.7038977, 25.0505955, -0.2984057,  0.2466391, -0.5773186,  0.7189064)    0    0  11.60057500  6 0.520   7.60595240
( 5.6724735, 16.3870005, 22.4074617, -0.7338385, -0.5504030,  0.0371975,  0.3964264)    0    0   6.86764120  7 0.240   4.65036631
(14.6427591, 13.3270871, 17.3646167,  0.2390655, -0.2443771, -0.8158664, -0.4663577)    0    0  10.12519090  5 0.320   7.33734723
( 5.7806696, 16.4887046, 22.5137409, -0.7338385, -0.5504030,  0.0371975,  0.3964264)    0    0   5.40636707  8 0.160   2.77844128
( 6.9836550, 18.2770985, 24.9768644, -0.2984057,  0.2466391, -0.5773186,  0.7189064)    0    0  12.20659366  0 5.000   8.13772911
( 5.1495656, 12.4986245, 17.7667477,  0.1287425, -0.0666698, -0.9603250, -0.2382361)    0    0 -18.14759192  8 0.240 -13.28267679
(14.1456836, 16.9405658, 16.7713648, -0.4760524, -0.1015592, -0.3438635, -0.8030055)    0    0 -16.61516948  4 4.840  -9.09518447
(14.3053365, 13.3014347, 16.9063836,  0.2390654, -0.2443770, -0.8158665, -0.4663576)    0    0  11.48033842  1 5.000   7.57603506
( 6.7398771,  9.8382460, 31.4105327,  0.4150393, -0.2400837, -0.3567826,  0.8017533)    0    0  34.72473840  5 3.320  23.04896407
( 7.8072001, 14.5221183, 12.3266688,  0.9227466,  0.0900577,  0.3737313, -0.0274468)    0    0 -41.53475435  3 5.000 -34.52962836
(11.0159801, 12.6182383, 24.9916676,  0.1329634, -0.0638548, -0.8504314, -0.5049848)    0    0  11.68285829  6 0.400   8.28400144
( 2.6759780, 11.5229059, 25.4877240, -0.7804806, -0.5755740, -0.0894334,  0.2270818)    0    0  26.94853135  7 0.400  18.70480345
( 5.5521576, 16.4930486, 22.4183462, -0.7338385, -0.5504030,  0.0371975,  0.3964264)    0    0   6.50174072  0 0.400   4.02418571
(14.0613873, 16.7329831, 16.4579187, -0.4760524, -0.1015592, -0.3438635, -0.8030055)    0    0 -13.59171877  0 5.000  -9.06088117
( 2.5550411, 11.2976397, 25.4530305, -0.7804806, -0.5755740, -0.0894334,  0.2270818)    0    0  26.91807002  5 0.480  17.58591202
( 6.1282380, 16.2036847, 22.3620536, -0.7338385, -0.5504030,  0.0371975,  0.3964264)    0    0   9.88331215  4 1.040   6.71429884
( 5.6311278, 16.2716111, 22.2853993, -0.7338385, -0.5504030,  0.0371975,  0.3964264)    0    0   9.91807841  3 4.000   6.56474823
( 8.1993498, 14.5780114, 12.4664949,  0.9415194,  0.1045705,  0.3024999, -0.1053568)    0    0 -26.71878679  0 5.000 -17.47248508
( 2.6245912, 11.1545100, 25.4333477, -0.7804806, -0.5755740, -0.0894334,  0.2270818)    0    0  26.50681875  6 0.240  18.22457272
(19.1502748, 11.0243134, 21.5865236, -0.3737730, -0.6689937,  0.5788919, -0.2786134)    0    0   1.16238930  6 4.600   0.04992208
( 7.0312754,  9.5635794, 31.7326595,  0.4150393, -0.2400837, -0.3567826,  0.8017533)    0    0  34.56187486  7 0.440  22.90362451
(14.4406736, 13.3242807, 17.2413997,  0.2390655, -0.2443771, -0.8158664, -0.4663578)    0    0   9.62267906 12 0.000   6.82424048
( 6.0831952, 16.2510229, 22.4591690, -0.7338385, -0.5504030,  0.0371975,  0.3964264)    0    0   6.97408399  3 0.640   4.46116842
( 2.8072081, 11.2209815, 25.4587815, -0.7804806, -0.5755740, -0.0894334,  0.2270818)    0    0  27.82921301  2 3.040  18.36764672
( 5.7345161, 16.2574673, 22.3013404, -0.7338385, -0.5504030,  0.0371975,  0.3964264)    0    0  10.47668428  0 5.000   6.98526327
( 5.7876566, 16.3437055, 22.2709837, -0.7338385, -0.5504030,  0.0371975,  0.3964264)    0    0   5.95241316  9 0.240   3.88136785
( 6.8185875, 18.1759503, 25.0065895, -0.2984057,  0.2466391, -0.5773186,  0.7189064)    0    0  10.07683718  6 0.320   5.88364823
(12.2324447,  9.3594134, 13.0491970,  0.9056475,  0.1490299, -0.0101974, -0.3968484)    0    0 -24.62877540  7 0.520 -15.86024397
(10.9817178, 12.6115728, 25.0171836,  0.1329620, -0.0638543, -0.8504306, -0.5049866)    0    0  12.85273696  0 3.040   8.61305701
(12.2625479, 10.0428047, 12.5096070,  0.9056475,  0.1490299, -0.0101974, -0.3968484)    0    0 -20.97657243  2 1.480 -14.02179393
( 5.8547914, 16.2470113, 22.3578872, -0.7338385, -0.5504030,  0.0371975,  0.3964264)    0    0   7.90074629  2 0.640   6.39258688
(14.4928062, 12.8695038, 17.0032750,  0.2390654, -0.2443770, -0.8158665, -0.4663576)    0    0  11.39801027  2 3.680   7.62664618
( 5.4674199, 12.5490135, 17.0626759,  0.1287425, -0.0666698, -0.9603250, -0.2382361)    0    0 -17.71078628 11 0.000 -11.03452490
( 6.9081734,  9.7299458, 31.5711107,  0.4150393, -0.2400837, -0.3567826,  0.8017533)    0    0  34.91564942  0 2.400  23.29719783
( 5.4704487, 12.6226849, 17.1559514,  0.1287425, -0.0666698, -0.9603250, -0.2382361)    0    0 -14.27900099  0 5.000  -9.51933303
(14.3998516, 13.0836716, 16.9552325,  0.2390654, -0.2443770, -0.8158665, -0.4663576)    0    0  11.64720718  0 5.000   7.76480479
( 7.1666178,  9.8070564, 31.7646439,  0.4150393, -0.2400837, -0.3567826,  0.8017533)    0    0  34.45536907  0 0.480  22.96856583
( 5.1650985, 12.7139068, 17.5103952,  0.1287425, -0.0666698, -0.9603250, -0.2382361)    0    0 -15.20544530  1 3.200  -9.69624310
( 7.0516932, 18.3431065, 25.0645171, -0.2984057,  0.2466391, -0.5773186,  0.7189064)    0    0  11.30062772 10 1.240   7.11843760
( 7.0054608,  9.7945021, 31.5986041,  0.4150393, -0.2400837, -0.3567826,  0.8017533)    0    0  34.07321467  3 0.560  22.60051199
( 5.7300717, 16.2823474, 22.3352810, -0.7338385, -0.5504030,  0.0371975,  0.3964264)    0    0   3.83677045  7 0.240  -0.55640447
( 8.6115986, 14.5903351, 12.5909349,  0.9334632,  0.0974283,  0.3387512, -0.0663464)    0    0 -33.94701593  2 2.760 -20.32562816
( 5.6555527, 16.1525821, 22.2775601, -0.7338385, -0.5504030,  0.0371975,  0.3964264)    0    0   4.70324541  4 0.480   3.45141336
(14.6285418, 13.1149145, 17.3474731,  0.2390655, -0.2443771, -0.8158664, -0.4663577)    0    0  10.71788394  0 0.720   7.31029689
( 3.1037019, 11.2424032, 25.4823725, -0.7804806, -0.5755740, -0.0894334,  0.2270818)    0    0  24.16063326  6 0.520  15.25811340
( 5.1073475, 12.6877958, 17.6133542,  0.1287425, -0.0666698, -0.9603250, -0.2382361)    0    0 -16.69225872  6 0.560 -11.20398006
(14.4048026, 13.1515577, 16.8706364,  0.2390655, -0.2443771, -0.8158664, -0.4663578)    0    0  10.67769442  6 0.320   7.32735355
(10.9784529, 12.4070902, 25.5473952,  0.1329634, -0.0638548, -0.8504315, -0.5049848)    0    0  10.48140976  0 0.400   6.41499266
( 5.9766539, 16.3215983, 22.3242777, -0.7338385, -0.5504030,  0.0371975,  0.3964264)    0    0   6.42659829  3 0.560   3.85238423
( 6.1868383, 16.0333225, 22.3681297, -0.7338385, -0.5504030,  0.0371975,  0.3964264)    0    0   5.06142426  5 0.320   4.02278278
( 8.0882292, 14.2247888, 12.3233576,  0.9472872,  0.1122872,  0.2603610, -0.1491666)    0    0 -45.23334403  9 4.680 -35.56425365
( 2.9244939, 11.2249414, 25.4672854, -0.7804806, -0.5755740, -0.0894334,  0.2270818)    0    0  28.34838932  0 5.000  18.89916438
(11.0120000, 12.6391405, 24.9727678,  0.1329625, -0.0638545, -0.8504309, -0.5049860)    0    0  11.68790659  5 4.520   8.26959391
( 2.6915271, 11.2251543, 25.4552893, -0.7804806, -0.5755740, -0.0894334,  0.2270818)    0    0  24.71460919 14 0.000  17.60279683
(12.1788679,  9.8079386, 12.6176497,  0.9056475,  0.1490299, -0.0101974, -0.3968484)    0    0 -21.75150192  4 4.280 -12.90461284
(10.6634618, 12.4385862, 25.2757479,  0.1329619, -0.0638543, -0.8504306, -0.5049867)    0    0  10.71764820 16 2.280   6.40962146
(11.0210125, 12.6387877, 25.2049419,  0.1329585, -0.0638531, -0.8504285, -0.5049913)    0    0   9.93992916  4 0.360   6.26669210
( 5.3094614, 12.8037913, 16.8502177,  0.1287425, -0.0666698, -0.9603250, -0.2382361)    0    0 -18.90123227  8 0.240 -13.19530524
(14.0398287, 13.4821738, 16.8313114,  0.2390655, -0.2443771, -0.8158664, -0.4663577)    0    0   9.50993497  0 0.400   6.49671077
( 6.2216066, 16.4682831, 22.5296655, -0.7338385, -0.5504030,  0.0371975,  0.3964264)    0    0   6.46375075 14 0.000   3.87218015
( 2.6876669, 11.0264772, 25.5306244, -0.7804806, -0.5755740, -0.0894334,  0.2270818)    0    0  26.60508404  0 0.440  18.00386349
(14.4962545, 12.9372246, 17.0465744,  0.2390654, -0.2443771, -0.8158665, -0.4663577)    0    0  10.36514927  0 0.400   7.46305282
(10.9019181, 12.3919762, 25.4458147,  0.1329601, -0.0638536, -0.8504294, -0.5049892)    0    0  12.02018291  1 0.960   8.08535854
(10.7662108, 12.4212883, 25.3496259,  0.1329602, -0.0638537, -0.8504295, -0.5049891)    0    0  10.89377802 14 2.440   6.34269925
(14.1606724, 12.9146607, 16.6713032,  0.2390655, -0.2443771, -0.8158664, -0.4663577)    0    0  11.24337302  5 0.720   7.75525818
(14.7791829, 13.5703274, 17.4819279,  0.2390656, -0.2443771, -0.8158662, -0.4663580)    0    0  10.29242809  0 0.880   6.71557467
( 6.0982595, 16.3788422, 22.4857083, -0.7338385, -0.5504030,  0.0371975,  0.3964264)    0    0   6.53053418  2 0.640   3.90222217
( 6.9197720,  9.7036960, 31.4009727,  0.4150393, -0.2400837, -0.3567826,  0.8017533)    0    0  34.50555939  0 0.440  23.06825173
( 6.8747556, 18.2763576, 24.8630059, -0.2984057,  0.2466391, -0.5773186,  0.7189064)    0    0  11.86335282  3 0.680   7.95648310
(14.4246972, 13.3393808, 17.1990321,  0.2390655, -0.2443771, -0.8158664, -0.4663578)    0    0  10.53136426  2 0.480   7.61289015
( 3.3267304, 11.2200813, 25.4693172, -0.7804806, -0.5755740, -0.0894334,  0.2270818)    0    0  26.90185918  8 0.360  18.32665498
(10.6707535, 12.2153616, 25.1418431,  0.1329568, -0.0638525, -0.8504275, -0.5049935)    0    0  11.26001897  0 0.480   7.86705368
(12.2280653,  9.9236143, 12.5723270,  0.9056475,  0.1490299, -0.0101974, -0.3968484)    0    0 -20.92477120  1 5.000 -12.54122616
( 7.1240209,  9.5869261, 31.8042529,  0.4150393, -0.2400837, -0.3567826,  0.8017533)    0    0  34.82465832  1 1.200  23.34747746
(14.5109841, 12.9403259, 16.9635291,  0.2390655, -0.2443771, -0.8158664, -0.4663577)    0    0  10.11990909 10 0.000   6.87961466
(16.4502755, 14.7879800, 25.8664456, -0.4763099, -0.0507007, -0.1416010, -0.8663183)    0    0   6.89229222  0 5.000   4.59624641
( 5.4661883, 12.4584973, 17.2571471,  0.1287425, -0.0666698, -0.9603250, -0.2382361)    0    0 -18.43154207  4 0.400 -12.50667984
(11.2004717, 12.8111875, 24.6997265,  0.1329623, -0.0638544, -0.8504308, -0.5049863)    0    0  12.49620622  1 1.360   8.50280750
( 6.6668189,  9.7883091, 31.3916291,  0.4150393, -0.2400837, -0.3567826,  0.8017533)    0    0  34.76388224  2 0.880  23.18504459
( 6.9317840, 18.1937041, 24.9361068, -0.2984057,  0.2466391, -0.5773186,  0.7189064)    0    0  11.89069131  2 1.960   8.07402632
( 2.8074616, 11.2787826, 25.4572072, -0.7804806, -0.5755740, -0.0894334,  0.2270818)    0    0  26.19951815  6 0.360  17.10362438
( 8.4317904, 14.5362392, 12.5139447,  0.9244293,  0.0911187,  0.3688372, -0.0329676)    0    0 -43.70289457  4 3.880 -32.67233960
(14.0472558, 16.6975594, 16.4048260, -0.4760524, -0.1015592, -0.3438635, -0.8030055)    0    0 -18.15361348  6 4.920 -14.29820512
( 2.7925446, 11.2204931, 25.4577193, -0.7804806, -0.5755740, -0.0894334,  0.2270818)    0    0  27.60000260  3 5.000  18.40202045
(14.1720996, 13.5323290, 16.9480385,  0.2390654, -0.2443771, -0.8158665, -0.4663577)    0    0   9.67097066  0 0.400   6.78299616
( 7.2535668, 18.2066507, 25.2704310, -0.2984057,  0.2466391, -0.5773186,  0.7189064)    0    0  11.65732529  5 3.960   8.07640690
(10.9344096, 12.5691379, 25.0891166,  0.1329592, -0.0638533, -0.8504289, -0.5049903)    0    0  12.25728731  2 1.200   8.32660324
( 6.9827664, 10.0396274, 31.3240088,  0.4150393, -0.2400837, -0.3567826,  0.8017533)    0    0  34.63739951  9 3.040  23.03104746
(10.9577682, 12.8692736, 24.9645710,  0.1329630, -0.0638547, -0.8504312, -0.5049854)    0    0  11.53928006  8 0.320   7.97563240
(14.4121889, 12.8192472, 17.0834997,  0.2390654, -0.2443771, -0.8158665, -0.4663577)    0    0   7.97491711  4 0.480   5.36787906
(14.0613074, 13.2098586, 16.7505322,  0.2390654, -0.2443771, -0.8158665, -0.4663577)    0    0   9.73003016  7 0.160   7.19212349
(18.7706927, 10.7172637, 21.4593152, -0.3737730, -0.6689937,  0.5788919, -0.2786134)    0    0   1.54722473  5 5.000   1.40540636
( 7.1886140, 18.6051991, 25.1373717, -0.2984057,  0.2466391, -0.5773186,  0.7189064)    0    0  11.89898868  1 3.720   7.80706603
(19.2616380, 11.1139846, 21.6235207, -0.3737730, -0.6689937,  0.5788919, -0.2786134)    0    0   2.35041843  1 5.000   1.64452616
(16.3077883, 15.0359640, 25.7084953, -0.4763099, -0.0507007, -0.1416010, -0.8663183)    0    0   6.85490530  2 5.000   4.57395349
( 3.2176896, 11.2431372, 25.4850180, -0.7804806, -0.5755740, -0.0894334,  0.2270818)    0    0  27.37031608  4 1.640  18.45159715
(12.3647699, 10.3019211, 12.4001941,  0.9056475,  0.1490299, -0.0101974, -0.3968484)    0    0 -22.86160244  7 4.760 -14.99230979
( 6.7671258,  9.8719434, 31.2737258,  0.4150393, -0.2400837, -0.3567826,  0.8017533)    0    0  34.47963136  0 0.520  22.92588568
( 5.4537824, 12.6241815, 17.1663154,  0.1287425, -0.0666698, -0.9603250, -0.2382361)    0    0 -16.94716251  9 0.400 -11.82420094
( 5.0814506, 12.7195988, 17.4861776,  0.1287425, -0.0666698, -0.9603250, -0.2382361)    0    0 -17.27694807  6 0.320 -11.19251170
( 4.6993529, 12.7829755, 17.4573724,  0.1287425, -0.0666698, -0.9603250, -0.2382361)    0    0 -16.55582621  5 0.560 -10.67235844
(14.4151926, 13.0971199, 17.0946576,  0.2390655, -0.2443771, -0.8158664, -0.4663578)    0    0   9.54087849  0 0.400   7.55800939
( 5.4508970, 13.0167381, 17.0294862,  0.1287425, -0.0666698, -0.9603250, -0.2382361)    0    0 -20.25465460  9 0.080 -14.22613281
( 6.8480661,  9.7200543, 31.5558332,  0.4150393, -0.2400837, -0.3567826,  0.8017533)    0    0  34.58155213  0 0.400  23.18114150
( 5.5061194, 12.6119864, 17.1148143,  0.1287425, -0.0666698, -0.9603250, -0.2382361)    0    0 -15.71177182  2 5.000 -10.77661895
( 5.2539779, 16.3050611, 22.1747760, -0.7338385, -0.5504030,  0.0371975,  0.3964264)    0    0   9.59477454  5 0.800   6.93306146
( 6.4487740,  9.5661912, 31.4461723,  0.4150393, -0.2400837, -0.3567826,  0.8017533)    0    0  34.65108883  0 0.680  23.18715828
( 7.1803316, 18.6325833, 25.1359492, -0.2984057,  0.2466391, -0.5773186,  0.7189064)    0    0  11.54957827  8 0.360   8.03421824
( 5.5984194, 16.2760577, 22.2803538, -0.7338385, -0.5504030,  0.0371975,  0.3964264)    0    0  10.12768419  2 3.680   6.72059924
( 5.9326153, 16.6614382, 22.8281385, -0.7338385, -0.5504030,  0.0371975,  0.3964264)    0    0   5.60309640  1 0.560   3.95211330
( 6.8283733, 18.1772057, 24.7676626, -0.2984057,  0.2466391, -0.5773186,  0.7189064)    0    0  11.54975333  7 4.280   7.82210030
( 6.1177599, 15.9575660, 22.3311496, -0.7338385, -0.5504030,  0.0371975,  0.3964264)    0    0   7.74099290  3 0.480   6.50830055
(14.5486852, 12.7144226, 17.0254245,  0.2390654, -0.2443771, -0.8158665, -0.4663576)    0    0  10.56814082 11 0.080   7.90142888
