#Coordinates  RecID  LigID  Luciferin  Neighbor's number  Vision Range  Scoring
(16.9833142,  1.3047158, 37.0940190, -0.0892196,  0.3662471,  0.7245988,  0.5769398)    0    0  17.78051690 16 0.240  11.53898099
(15.6529249, -11.9039354, 37.6445086, -0.0970582, -0.5575277, -0.7927059, -0.2266272)    0    0  20.31751183  0 5.000  13.68785530
(16.9708896,  1.5640813, 37.0115135, -0.0892523,  0.3661909,  0.7246482,  0.5769083)    0    0  17.69450340  0 0.400  11.65817736
(26.3278298, -6.9761101, 28.9582840, -0.7987561,  0.2510247,  0.2988171, -0.4579123)    0    0  17.84236538  4 3.400  11.99894305
(16.5730067, -11.4749455, 37.1246698, -0.0970576, -0.5575356, -0.7927057, -0.2266089)    0    0  20.04527133  2 0.480  13.48378571
(26.4342740, -7.2832790, 28.5124740, -0.7987723,  0.2509873,  0.2987902, -0.4579220)    0    0  17.65955354  0 0.440  11.76518587
(26.4844552, -7.2350516, 28.6504000, -0.7987561,  0.2510247,  0.2988171, -0.4579123)    0    0  17.74182815  9 2.600  11.68868232
(21.6313929, -6.0307542, 31.2029966,  0.5982139, -0.1498530, -0.1059830, -0.7800332)    0    0  20.00385010 12 0.000  13.67541514
(17.1865502,  0.9260694, 36.9230584, -0.0892316,  0.3662280,  0.7246156,  0.5769289)    0    0  17.88041599  0 0.400  11.97626528
(21.8411184, -6.3455886, 31.1303447,  0.5981897, -0.1498593, -0.1059838, -0.7800505)    0    0  20.56671262  0 0.400  13.95805721
(18.8434630, -1.6829964, 38.7013496,  0.4979086, -0.8410268, -0.1041942, -0.1841317)    0    0  15.82903885  2 0.440  10.75437896
(15.5989538, -12.0579832, 37.7216854, -0.0970563, -0.5575278, -0.7927070, -0.2266240)    0    0  20.13741306  8 0.760  13.50048481
(20.8765855, -14.1758242, 34.8443167,  0.9640215, -0.1761068, -0.1860554, -0.0709389)    0    0  17.88145047  1 0.400  11.98941329
(21.7723480, -6.2097219, 31.2241160,  0.5983850, -0.1498191, -0.1059838, -0.7799084)    0    0  21.01793153  0 1.360  14.13639701
(26.6807642, -7.3916806, 28.5347852, -0.7987561,  0.2510247,  0.2988171, -0.4579123)    0    0  17.91017405  2 2.440  11.96727850
(21.8491799, -11.7829082, 38.4326958, -0.8301131,  0.1861867, -0.1999854, -0.4860582)    0    0  13.64522990  1 5.000   9.32365011
(15.9378439, -11.6723853, 37.5024307, -0.0970629, -0.5575343, -0.7927069, -0.2266054)    0    0  19.82081288  1 0.400  13.38397931
(21.7890326, -6.2752125, 31.4586011,  0.5982700, -0.1498483, -0.1059890, -0.7799902)    0    0  20.36059358 16 0.000  13.63043825
(26.3718924, -7.5046704, 28.4752545, -0.7987964,  0.2509314,  0.2987443, -0.4579406)    0    0  17.33746647  0 0.400  11.29067557
(23.6998931, -3.2940134, 36.3891855, -0.2259216,  0.8685972, -0.4293986,  0.1005742)    0    0  14.07883591  4 1.480   9.34131473
(19.2104117, -7.5629275, 38.4929153,  0.8123878, -0.5412717, -0.1690105, -0.1359651)    0    0  18.91711852  6 3.560  12.60486674
(22.4795254, -8.8081007, 32.3503220, -0.3762887,  0.8661271, -0.3271601,  0.0345967)    0    0  17.90262172  6 4.360  12.22074519
(16.4777202, -11.7740917, 37.2688197, -0.0970533, -0.5575340, -0.7927093, -0.2266020)    0    0  19.99155501  3 0.640  13.38991256
(16.6468693,  1.3362665, 36.8068102, -0.0892321,  0.3662266,  0.7246172,  0.5769278)    0    0  17.97946980  3 0.560  12.18302486
(19.2722385, -7.5507421, 38.4432456,  0.8123876, -0.5412720, -0.1690105, -0.1359647)    0    0  19.12688060  0 5.000  12.75661533
(21.5740378, -6.2371614, 30.7019607,  0.5982489, -0.1498472, -0.1059827, -0.7800075)    0    0  20.28485740 11 0.000  13.59282201
(19.4207815, -7.4512866, 38.4298575,  0.8123877, -0.5412718, -0.1690105, -0.1359649)    0    0  18.94501580  5 2.920  12.76059295
(22.0776504, -5.6258560, 31.1785657,  0.5982174, -0.1498502, -0.1059804, -0.7800314)    0    0  20.25418337  6 0.320  13.46995890
(16.4777959, -11.8415843, 37.2573266, -0.0970673, -0.5575398, -0.7927025, -0.2266057)    0    0  19.43027620 11 0.240  13.15545765
(15.0982848, -11.4989024, 37.7258983, -0.0970539, -0.5575286, -0.7927097, -0.2266138)    0    0  20.09522187  1 0.440  13.48264164
(21.8864345, -11.7001574, 38.6145007, -0.8301131,  0.1861866, -0.1999854, -0.4860582)    0    0  13.42934115  3 5.000   9.11800807
(17.1781075,  1.1427060, 37.0156003, -0.0892031,  0.3662761,  0.7245732,  0.5769560)    0    0  18.16861500  3 5.000  12.17745867
(15.4931046, -11.6844206, 37.6288418, -0.0970583, -0.5575276, -0.7927060, -0.2266272)    0    0  20.23236831  1 1.720  13.55490469
(21.7574283, -6.0804727, 30.8826471,  0.5982571, -0.1498426, -0.1059813, -0.7800023)    0    0  20.77670878  3 2.560  14.04975995
(26.2803367, -7.1875616, 28.5912785, -0.7987562,  0.2510245,  0.2988171, -0.4579123)    0    0  17.58323899  0 0.400  11.61654387
(21.1090960, -13.6940048, 34.3874782,  0.9640216, -0.1761066, -0.1860553, -0.0709387)    0    0  17.97518866  3 1.400  11.96602757
(17.1080629,  1.1392634, 36.3997501, -0.0892623,  0.3661742,  0.7246582,  0.5769048)    0    0  17.63120146 19 0.000  11.78833314
(23.9875746, -3.3387522, 36.2834866, -0.2259167,  0.8685967, -0.4294016,  0.1005762)    0    0  14.05787522  5 3.080   9.30747587
(15.6410295, -11.5957676, 37.6156441, -0.0970545, -0.5575278, -0.7927083, -0.2266202)    0    0  20.14249623  4 0.560  13.47535633
(21.1317656, -13.6612008, 34.3954872,  0.9640216, -0.1761064, -0.1860552, -0.0709384)    0    0  17.90887160  8 1.000  11.93238182
(20.5666893, -13.9971110, 34.5917335,  0.9640216, -0.1761064, -0.1860551, -0.0709387)    0    0  17.88794767 10 3.320  11.94789119
(23.2633914, -8.2549078, 32.6869190, -0.3762886,  0.8661272, -0.3271599,  0.0345968)    0    0  17.89989131  7 4.440  12.20255051
(21.6186743, -5.9792493, 31.0690660,  0.5981216, -0.1498674, -0.1059774, -0.7801020)    0    0  20.34476348  3 0.560  13.60083412
(22.5023798, -8.7917766, 32.3596722, -0.3762887,  0.8661276, -0.3271588,  0.0345971)    0    0  18.20751833  1 5.000  12.30215104
(16.9355184,  1.2222047, 37.1178664, -0.0892154,  0.3662545,  0.7245924,  0.5769437)    0    0  17.66241011 14 0.000  11.58394694
(23.8445128, -3.2759421, 36.3577373, -0.2259183,  0.8685960, -0.4294000,  0.1005752)    0    0  14.27663421  0 5.000   9.51817153
(15.4109883, -11.5514387, 37.5820472, -0.0970531, -0.5575277, -0.7927097, -0.2266163)    0    0  20.10975569  9 0.400  13.46401875
(19.4197551, -1.2679126, 38.3708721,  0.4977802, -0.8411291, -0.1042415, -0.1839848)    0    0  16.07108474  1 3.080  10.82803232
(19.6084826, -7.4073727, 38.5038284,  0.8123930, -0.5412712, -0.1689879, -0.1359640)    0    0  18.87888665  5 0.200  12.70328007
(21.2434995, -13.6236043, 34.3433837,  0.9640216, -0.1761065, -0.1860552, -0.0709387)    0    0  17.90134761  9 2.360  11.95126879
(21.7466834, -6.0651107, 30.9396886,  0.5982998, -0.1498349, -0.1059823, -0.7799709)    0    0  20.60631281 11 1.560  13.59089872
(16.8637709,  1.1309959, 36.5329700, -0.0892175,  0.3662515,  0.7245919,  0.5769459)    0    0  17.67688685  1 0.560  11.49659537
(21.8458164, -6.0914879, 31.2433728,  0.5981771, -0.1498600, -0.1059824, -0.7800601)    0    0  20.34522631  1 0.480  13.59999466
(17.2309944,  1.1696366, 37.1920529, -0.0892493,  0.3661983,  0.7246263,  0.5769316)    0    0  17.76583188  0 0.400  11.86773365
(21.9581530, -6.4130913, 31.2278804,  0.5982378, -0.1498451, -0.1059795, -0.7800169)    0    0  20.65705735  8 2.600  13.66954435
(23.7055687, -3.0982576, 36.6629909, -0.2259203,  0.8685966, -0.4293999,  0.1005763)    0    0  13.66109850 11 0.040   8.86511062
(26.4947890, -7.2541396, 28.6268780, -0.7987560,  0.2510247,  0.2988171, -0.4579124)    0    0  17.75847073  7 2.040  11.68925125
(19.3536772, -1.2835870, 38.4345348,  0.4977741, -0.8411340, -0.1042418, -0.1839768)    0    0  16.12701207  0 3.160  10.81992340
(26.5421690, -7.2190055, 28.7226997, -0.7987632,  0.2510083,  0.2988052, -0.4579166)    0    0  17.77947981  6 4.520  11.78052925
(22.4402041, -8.8312752, 32.3437468, -0.3762887,  0.8661276, -0.3271588,  0.0345971)    0    0  18.09187826  3 2.840  12.25039519
(21.7923369, -5.8759816, 31.1132361,  0.5981735, -0.1498598, -0.1059815, -0.7800630)    0    0  20.16598610 13 0.000  13.34866784
(21.9177559, -6.3422424, 31.1750755,  0.5981271, -0.1498652, -0.1059769, -0.7800982)    0    0  20.63324527  9 0.280  13.82574523
(17.1241549,  1.3411629, 37.2116627, -0.0892018,  0.3662782,  0.7245714,  0.5769572)    0    0  17.90446071 11 4.360  11.83379355
(21.6044735, -5.9799653, 31.4666194,  0.5982936, -0.1498351, -0.1059806, -0.7799759)    0    0  20.85817715  1 0.720  14.08240693
(17.1806202,  1.0391053, 36.9795289, -0.0892107,  0.3662627,  0.7245861,  0.5769472)    0    0  17.70295717  8 0.240  11.80897042
(16.7169015,  1.2913425, 36.9749750, -0.0891978,  0.3662850,  0.7245653,  0.5769612)    0    0  18.26915796  1 2.400  12.20862261
(20.8685781, -13.8036728, 34.4816848,  0.9640216, -0.1761065, -0.1860552, -0.0709387)    0    0  17.97396632  4 5.000  12.00003597
(21.5487536, -13.4455194, 34.2556562,  0.9640217, -0.1761062, -0.1860551, -0.0709384)    0    0  17.95796799  6 2.520  12.11210042
(19.1667429, -1.3958228, 38.5589363,  0.4978379, -0.8410826, -0.1042225, -0.1840521)    0    0  16.02999678  3 1.800  10.87049567
(21.9944512, -11.4046923, 39.5030543, -0.8301132,  0.1861864, -0.1999852, -0.4860583)    0    0  12.85616790  7 3.720   8.57004199
(21.7833788, -6.3819522, 31.2936391,  0.5982572, -0.1498426, -0.1059813, -0.7800022)    0    0  20.70054066  6 0.640  13.70567891
(23.2370313, -8.5051317, 32.6075357, -0.3762876,  0.8661303, -0.3271525,  0.0346010)    0    0  17.12797446  3 0.640  11.47043733
(23.5999517, -8.1549507, 32.3870977, -0.3762878,  0.8661288, -0.3271564,  0.0345988)    0    0  17.45635460 12 0.120  11.91756846
(16.7029297, -11.8483885, 37.0688207, -0.0970362, -0.5575352, -0.7927117, -0.2265980)    0    0  19.78271330  1 0.560  13.06049815
(17.1457231,  0.9875082, 36.7833905, -0.0892206,  0.3662468,  0.7245985,  0.5769401)    0    0  17.75442255  0 0.400  11.77855444
(21.0101107, -13.3308183, 34.6546393,  0.9640216, -0.1761066, -0.1860553, -0.0709387)    0    0  17.97216517  5 0.840  12.06179919
(19.2647144, -1.2101299, 38.5931784,  0.4978315, -0.8410883, -0.1042222, -0.1840435)    0    0  15.85714904  8 3.960  10.65902053
(23.4391656, -8.5662034, 32.1851165, -0.3762886,  0.8661282, -0.3271572,  0.0345978)    0    0  17.63536904  1 0.600  11.88024899
(16.4579600, -11.8874629, 37.2611024, -0.0970576, -0.5575381, -0.7927054, -0.2266037)    0    0  20.10430158  0 0.800  13.51103355
(22.7758452, -8.6354336, 32.3824908, -0.3762887,  0.8661276, -0.3271588,  0.0345971)    0    0  18.01275706  3 0.840  12.11010009
(17.1773209,  1.1430268, 37.0155353, -0.0891960,  0.3662879,  0.7245625,  0.5769628)    0    0  18.34146791  0 5.000  12.22795093
(19.0915732, -7.7274065, 38.2716607,  0.8123880, -0.5412715, -0.1690101, -0.1359653)    0    0  18.79216869  1 0.600  12.41536032
(18.8022649, -7.5185302, 38.5417559,  0.8123880, -0.5412714, -0.1690101, -0.1359653)    0    0  18.88008773  4 0.280  12.76695140
(23.8041090, -7.5832748, 33.2627379, -0.3763862,  0.8661492, -0.3269728,  0.0347537)    0    0  16.41700894  2 0.680  11.39933477
(21.5637440, -5.8536104, 31.4887718,  0.5981221, -0.1498667, -0.1059773, -0.7801018)    0    0  20.21934030 10 0.000  13.64177282
(17.2120445,  1.1319311, 37.0186227, -0.0892017,  0.3662784,  0.7245712,  0.5769573)    0    0  18.13342108  4 2.520  12.12103592
(17.2037739,  1.2590044, 37.0873680, -0.0892168,  0.3662552,  0.7245826,  0.5769554)    0    0  17.84331788  5 0.400  12.03618005
(21.4607050, -5.4923746, 31.2320673,  0.5982025, -0.1498522, -0.1059796, -0.7800426)    0    0  20.33587127  2 0.400  13.56792422
(19.1074005, -1.3492816, 38.6663490,  0.4978122, -0.8411031, -0.1042316, -0.1840226)    0    0  15.91969597  6 1.960  10.66103120
(21.6632709, -5.9750602, 30.4728117,  0.5980613, -0.1498794, -0.1059780, -0.7801459)    0    0  20.37408055 11 0.000  13.61010518
(21.1792593, -13.6348269, 34.3774554,  0.9640216, -0.1761066, -0.1860552, -0.0709387)    0    0  17.91206822  7 2.680  11.94069457
(19.0126439, -1.3578409, 38.7684769,  0.4979554, -0.8409940, -0.1041598, -0.1841742)    0    0  15.77964472 12 1.480  10.72137854
(23.5895827, -3.1974181, 36.4048347, -0.2259065,  0.8685958, -0.4294079,  0.1005809)    0    0  13.75414897  9 0.360   9.40441194
(22.6510342, -8.6874763, 32.4230821, -0.3762887,  0.8661276, -0.3271588,  0.0345971)    0    0  18.15815124  2 3.880  12.23593672
(16.3381071, -12.1114543, 37.4208400, -0.0970540, -0.5575401, -0.7927087, -0.2265888)    0    0  20.00500386  4 0.560  13.42083636
(15.5808431, -11.5002468, 37.5741223, -0.0970483, -0.5575287, -0.7927110, -0.2266113)    0    0  19.99489855 11 0.000  13.42096160
(21.9171212, -11.6194453, 38.8442840, -0.8301131,  0.1861866, -0.1999853, -0.4860582)    0    0  13.36147578  4 4.760   9.14479830
(22.5636711, -8.7487085, 32.3859727, -0.3762887,  0.8661271, -0.3271601,  0.0345967)    0    0  18.23509500  0 3.320  12.47221081
(17.4976471,  1.1261179, 37.2901167, -0.0892160,  0.3662530,  0.7245937,  0.5769430)    0    0  17.64553090  0 0.600  11.50090029
(21.0605287, -13.7189054, 34.4049536,  0.9640216, -0.1761065, -0.1860552, -0.0709384)    0    0  18.07185880  0 5.000  12.07160769
(20.9697784, -13.7797310, 34.4295093,  0.9640216, -0.1761065, -0.1860552, -0.0709384)    0    0  18.02696626  1 5.000  12.00152358
(20.9257423, -13.8086804, 34.4417067,  0.9640216, -0.1761065, -0.1860552, -0.0709384)    0    0  17.99803531  2 5.000  12.04552776
(22.7087832, -8.6611691, 32.3907281, -0.3762882,  0.8661268, -0.3271614,  0.0345967)    0    0  17.45970453  8 0.040  12.16032635
(26.2134088, -7.1907476, 28.5184642, -0.7987730,  0.2509859,  0.2987892, -0.4579223)    0    0  17.39964290  0 0.400  11.44983934
(19.1979084, -7.5326649, 38.4542441,  0.8123880, -0.5412714, -0.1690104, -0.1359654)    0    0  18.79833953 12 2.360  12.41357615
(19.4037252, -0.9375137, 38.6211960,  0.4979263, -0.8410153, -0.1041780, -0.1841453)    0    0  15.66653467  7 0.120  10.67797648
(16.5622071, -11.9066130, 37.0047140, -0.0970509, -0.5575388, -0.7927115, -0.2265833)    0    0  19.89426953  3 0.560  13.27430395
(22.6768164, -8.4689378, 32.5117340, -0.3762879,  0.8661286, -0.3271567,  0.0345985)    0    0  17.55354023  7 0.160  12.02308557
(18.9757749, -7.7493320, 38.4731345,  0.8123877, -0.5412719, -0.1690105, -0.1359648)    0    0  19.08339602  1 3.160  12.69904709
(15.7882100, -12.1001550, 37.6615251, -0.0970583, -0.5575277, -0.7927059, -0.2266272)    0    0  20.22579033  2 3.640  13.51222151
(22.3537024, -10.1183574, 26.9511811, -0.9352108,  0.2374320,  0.0630230, -0.2550196)    0    0   1.43989653  0 5.000   0.95994530
(21.8743919, -6.4049945, 31.2137887,  0.5981251, -0.1498675, -0.1059789, -0.7800990)    0    0  20.40029619 13 0.000  13.67661767
(15.9270494, -11.8585698, 37.5248494, -0.0970537, -0.5575277, -0.7927095, -0.2266165)    0    0  20.00654928  7 0.320  13.41800369
(22.0457581, -6.5031932, 31.3034736,  0.5981316, -0.1498649, -0.1059769, -0.7800949)    0    0  20.39338805 13 0.000  13.70652350
(21.9365226, -11.5879514, 38.8649834, -0.8301131,  0.1861867, -0.1999854, -0.4860582)    0    0  13.65761896  0 4.280   9.33353881
(19.3345210, -7.1451183, 38.3877017,  0.8123880, -0.5412713, -0.1690104, -0.1359655)    0    0  18.88868175  7 2.200  12.70921284
(19.2622833, -1.2122080, 38.5954693,  0.4978340, -0.8410882, -0.1042143, -0.1840417)    0    0  15.75745704 12 0.280  10.45659378
(21.9229020, -6.3608592, 31.1759347,  0.5981757, -0.1498553, -0.1059766, -0.7800629)    0    0  20.75269277  0 0.480  14.08661715
(17.1871123,  1.0644876, 37.0413618, -0.0892338,  0.3662230,  0.7246218,  0.5769240)    0    0  17.71573760  0 0.400  11.98430755
(21.9394246, -11.5814850, 38.8792755, -0.8301131,  0.1861865, -0.1999853, -0.4860583)    0    0  13.32635811  5 5.000   9.08446107
(16.3072383, -11.5839694, 37.3405147, -0.0970495, -0.5575351, -0.7927124, -0.2265900)    0    0  20.06781423  3 0.880  13.41087431
(16.3850601, -11.4738566, 36.9880765, -0.0970892, -0.5575547, -0.7926894, -0.2266053)    0    0  19.85516162  0 0.400  13.25552653
(19.0332725, -1.4004300, 38.7104275,  0.4978455, -0.8410759, -0.1042221, -0.1840623)    0    0  15.96132573  5 3.880  10.66890991
(26.4804237, -6.8811721, 28.7526509, -0.7987792,  0.2509713,  0.2987769, -0.4579274)    0    0  17.59351909  3 0.480  11.55994125
(16.1779866, -11.9101697, 37.2705238, -0.0970525, -0.5575281, -0.7927091, -0.2266176)    0    0  20.01622471  8 0.120  13.37047865
(15.8371755, -11.7893496, 37.2787922, -0.0970515, -0.5575279, -0.7927109, -0.2266121)    0    0  20.01611141  7 0.160  13.37136354
(21.8345213, -11.6837991, 39.2004169, -0.8301132,  0.1861865, -0.1999852, -0.4860583)    0    0  13.32388244  6 4.840   9.10364741
(23.9652365, -3.3289302, 36.2827295, -0.2259099,  0.8685961, -0.4294059,  0.1005792)    0    0  14.11374734  3 2.520   9.42823867
(17.1374918,  1.2146328, 37.0489272, -0.0892184,  0.3662490,  0.7245971,  0.5769408)    0    0  17.94655924  7 1.240  11.90474985
(15.6985985, -12.2314477, 37.7454398, -0.0970583, -0.5575276, -0.7927060, -0.2266272)    0    0  20.20056162  3 4.200  13.52418796
(18.7031281, -1.7152462, 38.8335899,  0.4979841, -0.8409645, -0.1041751, -0.1842230)    0    0  15.87289174  3 0.600  10.81404088
(16.5803043, -12.1129946, 37.1961682, -0.0970346, -0.5575469, -0.7927155, -0.2265568)    0    0  19.80026069  9 0.080  13.38014939
(26.9428619, -7.3516674, 28.7809614, -0.7987561,  0.2510246,  0.2988172, -0.4579122)    0    0  17.67753557  0 0.440  11.77062922
(19.5141375, -7.3892831, 38.4207770,  0.8123877, -0.5412719, -0.1690105, -0.1359648)    0    0  19.05417925  2 5.000  12.76749982
(15.7883148, -12.1381151, 37.6683382, -0.0970564, -0.5575274, -0.7927076, -0.2266229)    0    0  20.17177036  4 0.800  13.55482437
(22.0317352, -11.3838057, 39.2827954, -0.8301131,  0.1861867, -0.1999854, -0.4860582)    0    0  13.52222818  2 5.000   9.37046673
(17.1115591,  1.3174983, 37.0625997, -0.0893145,  0.3660804,  0.7247464,  0.5768455)    0    0  17.93657398  0 0.480  12.10591395
(21.8114201, -6.4361536, 30.7123528,  0.5981723, -0.1498584, -0.1059799, -0.7800645)    0    0  20.30409336  3 0.280  13.69643138
(21.6026731, -6.1771114, 31.1650810,  0.5981890, -0.1498557, -0.1059804, -0.7800521)    0    0  20.51285799 12 0.200  13.66821145
(23.3673463, -3.3665729, 36.5504260, -0.2259115,  0.8685964, -0.4294043,  0.1005792)    0    0  14.13577464  0 0.920   9.58668774
(22.7736687, -8.5756645, 32.5358812, -0.3762886,  0.8661288, -0.3271555,  0.0345984)    0    0  17.84072396  8 1.480  12.19574545
(19.1153126, -7.6555602, 38.4567883,  0.8123877, -0.5412719, -0.1690105, -0.1359649)    0    0  18.95781389  4 3.320  12.58420763
(23.3320037, -8.2184267, 32.9500974, -0.3762884,  0.8661282, -0.3271574,  0.0345981)    0    0  16.77044070  2 0.840  11.06120130
(17.5068704,  0.8773475, 37.1981937, -0.0892078,  0.3662674,  0.7245819,  0.5769499)    0    0  17.80196844  0 0.640  11.67134624
(21.9272820, -6.5904762, 31.0564816,  0.5981909, -0.1498530, -0.1059770, -0.7800517)    0    0  20.65539458  0 0.640  13.83285310
(26.7027268, -7.0967983, 28.6321647, -0.7988009,  0.2509213,  0.2987397, -0.4579412)    0    0  17.72080930  6 0.520  11.84360827
(21.6980129, -6.4539763, 30.9198237,  0.5982106, -0.1498505, -0.1059794, -0.7800367)    0    0  20.69278354  2 0.400  13.99900198
(23.7800560, -8.1695149, 33.1664787, -0.3763004,  0.8661309, -0.3271343,  0.0346178)    0    0  16.75786156  1 0.880  11.07186348
(21.6983375, -6.0011879, 30.6835954,  0.5980632, -0.1498812, -0.1059805, -0.7801437)    0    0  20.28610542 10 0.240  13.46791921
(23.0646207, -8.4048608, 32.5806017, -0.3762887,  0.8661280, -0.3271575,  0.0345976)    0    0  17.77122879  9 1.040  11.87038323
(24.0859894, -3.4217051, 36.2178927, -0.2259330,  0.8685981, -0.4293917,  0.1005698)    0    0  14.04349241  6 0.520   9.38855004
(26.4874506, -7.2339946, 28.6551304, -0.7987757,  0.2509792,  0.2987828, -0.4579253)    0    0  17.78723965  0 0.400  12.07638092
(22.4536771, -10.1485326, 26.4652221, -0.9352108,  0.2374320,  0.0630229, -0.2550196)    0    0   0.22560834  1 5.000   1.10360524
(26.7091795, -7.3996565, 28.5535421, -0.7987703,  0.2509920,  0.2987934, -0.4579209)    0    0  17.73965725  5 0.480  11.75620293
(16.2469270, -11.7564930, 37.2000112, -0.0970531, -0.5575342, -0.7927075, -0.2266079)    0    0  19.88720127  3 0.480  13.22529271
(19.6882971, -1.2286583, 38.0929784,  0.4978056, -0.8411089, -0.1042320, -0.1840138)    0    0  16.05340944  2 3.240  10.82131857
(23.3446822, -8.1505610, 32.9378288, -0.3765964,  0.8661872, -0.3265945,  0.0350756)    0    0  15.93053145  8 0.440  11.13259311
(22.0316898, -5.9149085, 31.1173895,  0.5980871, -0.1498778, -0.1059810, -0.7801260)    0    0  20.34110239  0 0.400  13.66218101
(19.2409495, -7.5173494, 38.4699867,  0.8123879, -0.5412715, -0.1690104, -0.1359652)    0    0  18.84881860 11 0.920  12.48462197
(22.1028730, -5.8322862, 31.3152373,  0.5982572, -0.1498399, -0.1059800, -0.7800029)    0    0  20.22476850  0 0.560  13.53534354
(17.1096352,  1.1699667, 36.6254246, -0.0892252,  0.3662388,  0.7246015,  0.5769408)    0    0  17.78978291  0 0.400  11.87739164
(23.0122157, -8.4372657, 32.5510145, -0.3762884,  0.8661291, -0.3271548,  0.0345991)    0    0  17.37710712 12 0.080  11.83678238
(26.9662470, -7.6562488, 28.3074486, -0.7987560,  0.2510248,  0.2988171, -0.4579124)    0    0  17.90543818  3 5.000  11.91537628
(21.5502995, -6.1900062, 30.8928528,  0.5981897, -0.1498562, -0.1059816, -0.7800514)    0    0  20.32513000 13 0.000  13.56349938
(19.3050766, -1.2424772, 38.4796096,  0.4979184, -0.8410224, -0.1041772, -0.1841348)    0    0  15.79688718  3 0.520  10.59285991
(22.8909108, -8.2609068, 32.6702949, -0.3762880,  0.8661288, -0.3271561,  0.0345988)    0    0  17.44252507  7 0.240  11.79305934
(15.7052264, -12.0309804, 37.6765581, -0.0970564, -0.5575277, -0.7927071, -0.2266238)    0    0  20.16418150  5 0.640  13.51736924
(21.9551174, -6.6165699, 31.0718144,  0.5981824, -0.1498579, -0.1059801, -0.7800569)    0    0  20.37195695 19 0.680  13.63430148
(20.8491434, -13.9379247, 34.3962179,  0.9640214, -0.1761071, -0.1860555, -0.0709396)    0    0  17.61912873  9 0.200  12.09661151
(17.0386186,  1.4027232, 37.0452180, -0.0892721,  0.3661551,  0.7246815,  0.5768861)    0    0  17.77850681 13 0.000  11.71543727
(17.2007495,  1.1507573, 37.0244083, -0.0891996,  0.3662820,  0.7245680,  0.5769594)    0    0  18.22094843  2 2.360  12.23377096
(21.5827901, -6.0030339, 31.4873890,  0.5982541, -0.1498428, -0.1059806, -0.7800046)    0    0  20.76344004  4 0.360  14.06871865
(16.6342569, -12.0061641, 37.3562459, -0.0971171, -0.5575604, -0.7926760, -0.2266261)    0    0  19.74315581  0 0.400  13.18830510
(21.6028504, -6.3572411, 30.8371817,  0.5981944, -0.1498564, -0.1059817, -0.7800477)    0    0  20.39152982 15 0.000  13.42516692
(26.5310613, -7.2557172, 28.6495339, -0.7987561,  0.2510247,  0.2988171, -0.4579123)    0    0  17.74655881  8 3.160  11.74255498
(19.0427485, -1.3543692, 38.7364367,  0.4978026, -0.8411116, -0.1042320, -0.1840098)    0    0  15.97073398  4 4.040  10.69056993
(26.4243951, -7.1091108, 28.8113511, -0.7987560,  0.2510248,  0.2988171, -0.4579124)    0    0  17.94095358  1 1.320  11.98919677
(15.9670485, -11.6030786, 37.5295156, -0.0970434, -0.5575314, -0.7927196, -0.2265767)    0    0  20.03575322  0 0.480  13.41489279
(16.7937228,  1.3180282, 36.9823078, -0.0892126,  0.3662595,  0.7245888,  0.5769455)    0    0  17.92113780  0 0.400  12.07780388
(19.2855704, -1.4012298, 38.4219672,  0.4978720, -0.8410568, -0.1042048, -0.1840877)    0    0  15.80522217  6 0.360  10.54855995
(15.6323034, -11.9978118, 37.6865880, -0.0970583, -0.5575276, -0.7927059, -0.2266273)    0    0  20.13901875  7 4.840  13.37504675
(19.0100222, -8.0880696, 38.2947591,  0.8123880, -0.5412713, -0.1690104, -0.1359655)    0    0  18.77249467  2 0.440  12.39964662
(22.9613113, -8.6258497, 32.3000509, -0.3762886,  0.8661282, -0.3271573,  0.0345978)    0    0  17.99763236  4 0.560  12.11178933
(26.6964921, -6.9320835, 29.0753669, -0.7987588,  0.2510183,  0.2988129, -0.4579137)    0    0  17.70517740  0 0.480  11.77627925
(23.7402853, -7.6808866, 33.1858976, -0.3764088,  0.8661524, -0.3269346,  0.0347870)    0    0  16.51254491  1 0.760  11.47300020
(26.6915868, -7.4035964, 28.5231305, -0.7987560,  0.2510248,  0.2988170, -0.4579124)    0    0  17.98655759  0 5.000  11.99290612
(16.4763521,  1.4955905, 36.9403359, -0.0892037,  0.3662750,  0.7245743,  0.5769553)    0    0  18.04997166  5 1.960  12.02986108
(22.1339071, -5.8859262, 30.7563616,  0.5982308, -0.1498460, -0.1059766, -0.7800224)    0    0  20.41296617  0 0.800  13.61396032
(15.6514942, -11.8831328, 37.6301237, -0.0970570, -0.5575276, -0.7927069, -0.2266245)    0    0  20.01655579  2 0.840  13.24030094
(16.1519156, -11.9750546, 37.5701459, -0.0970486, -0.5575291, -0.7927118, -0.2266072)    0    0  19.95861473  0 0.400  13.37840219
(20.9798337, -13.4779706, 34.5089908,  0.9640218, -0.1761059, -0.1860549, -0.0709384)    0    0  17.64084348  0 0.600  11.73932181
(24.2524012, -3.2710054, 36.2234069, -0.2259036,  0.8685955, -0.4294097,  0.1005824)    0    0  13.98017017  8 0.600   9.40078120
(24.2260483, -3.4322276, 36.1479581, -0.2259055,  0.8685956, -0.4294086,  0.1005812)    0    0  13.98748339  7 2.600   9.36662092
(19.6803997, -7.6219214, 38.3836180,  0.8123878, -0.5412717, -0.1690105, -0.1359650)    0    0  18.99745306  3 1.080  12.73202671
(16.4828695,  1.2156645, 36.7954777, -0.0892120,  0.3662606,  0.7245877,  0.5769464)    0    0  17.90459066  8 0.160  11.99542491
(19.9169888, -7.1848798, 38.6626187,  0.8123883, -0.5412716, -0.1690083, -0.1359651)    0    0  18.88601984  1 0.520  12.64316329
(21.9843898, -6.1274200, 30.8619814,  0.5982082, -0.1498507, -0.1059788, -0.7800386)    0    0  20.82407826  2 3.640  13.97575226
(23.5087840, -3.1285836, 36.5663316, -0.2259174,  0.8685968, -0.4294012,  0.1005759)    0    0  14.20672076  1 4.760   9.51185038
(21.4544523, -6.3131304, 31.0862072,  0.5981985, -0.1498645, -0.1059880, -0.7800421)    0    0  20.23457111 23 0.000  13.42419869
(23.5762823, -3.1273354, 36.5288173, -0.2258882,  0.8685939, -0.4294195,  0.1005890)    0    0  13.95734150  6 0.360   9.39434788
