#Coordinates  RecID  LigID  Luciferin  Neighbor's number  Vision Range  Scoring
(16.2639383, -0.9463938, 31.8316830, -0.0880072,  0.3672337,  0.7027495,  0.6029406)    0    0  -9.28699296  4 3.640  -0.95399952
(17.0218192, -10.8635282, 37.2494638, -0.0973255, -0.5576434, -0.7923474, -0.2274800)    0    0  18.58111813  0 5.000  12.68436471
(16.9811413,  0.9666937, 36.4088752, -0.1021723,  0.3590111,  0.7161195,  0.5897836)    0    0  12.34580710 10 0.360  11.59775940
(26.8026495, -7.4411977, 28.5398205, -0.7985797,  0.2510616,  0.2991310, -0.4579945)    0    0  17.52458396  2 5.000  11.69008463
(17.6199765, -10.1871212, 37.7910428, -0.0728827, -0.5632851, -0.7952960, -0.2119016)    0    0   8.14452308  8 0.200  11.30211272
(25.4958145, -4.7786667, 30.3203603,  0.8315818,  0.2169358,  0.0895937,  0.5033721)    0    0   4.15548123 15 2.760  -1.12830706
(26.6817664, -7.1366323, 28.9459584, -0.7986303,  0.2508009,  0.3011039, -0.4567501)    0    0  17.12355215  4 3.800  11.97764752
(22.8161059, -3.5455111, 31.5123113,  0.6120008, -0.1475863, -0.1051439, -0.7698169)    0    0  17.03545399  9 3.640  11.34727305
(15.2089883, -0.8993039, 32.1905212, -0.0631806,  0.3811897,  0.7090237,  0.5897481)    0    0  -5.16561261  3 3.880   2.63825365
(22.1569314, -4.0749649, 31.2976159,  0.6049557, -0.1490993, -0.1064131, -0.7748674)    0    0  15.83877174 13 2.520  10.78588435
(19.4260379, -0.7921398, 38.8939659,  0.4979062, -0.8409578, -0.1036057, -0.1847794)    0    0  15.00095545  3 1.560  10.13641405
(17.1075553, -10.7887722, 37.2893862, -0.0968204, -0.5575410, -0.7928965, -0.2260226)    0    0  17.56794228  6 2.040  12.36770289
(26.3607859, -11.3304852, 34.4010121,  0.9047632, -0.2935247, -0.2412014, -0.1925325)    0    0   5.07164244 12 4.440  -6.87511222
(22.3286032, -0.9565899, 32.1552202,  0.6804806, -0.1242705, -0.1143511, -0.7130406)    0    0  13.49299769  9 1.640  10.01558892
(26.3326084, -6.6270815, 29.1552579, -0.8098495,  0.2279370,  0.2904255, -0.4558964)    0    0  11.63380576  8 3.000  10.86971124
(21.9766385, -11.1485677, 41.3166671, -0.8298550,  0.1889015, -0.2002619, -0.4853287)    0    0  11.65933381  4 3.960   7.95372205
(17.2153440, -10.7161191, 37.3562818, -0.0949029, -0.5570164, -0.7941268, -0.2237531)    0    0  17.57899206  5 3.240  12.18472479
(23.0590507, -1.8672427, 32.1166269,  0.6604989, -0.1340853, -0.1065337, -0.7310355)    0    0  16.05114148  3 2.280  11.16052353
(25.1361100, -4.8048228, 29.3564624,  0.7295710,  0.4144391,  0.2792956,  0.4666696)    0    0   4.08823474  5 4.040   7.20014560
(24.7900903, -3.4081796, 36.7806604, -0.2626585,  0.8698873, -0.4079116,  0.0889651)    0    0  13.02061974  1 2.840   9.00480732
(20.4193467, -6.1847075, 38.8961113,  0.8118560, -0.5427115, -0.1693002, -0.1329461)    0    0  16.13251303  5 2.680  12.27351600
(24.3909101, -7.0203578, 33.7168534, -0.3763021,  0.8661214, -0.3271608,  0.0345870)    0    0  15.18629624  1 5.000  10.26173564
(17.7673215, -10.0299171, 37.7153724, -0.0918811, -0.5578017, -0.7978262, -0.2094636)    0    0  16.41107065  6 0.920  11.54376433
(17.2841779,  0.4383880, 35.8831412, -0.0891598,  0.3643901,  0.7160928,  0.5885312)    0    0  12.28347624 10 0.120  11.99663209
(20.0300194, -6.5684112, 38.6672786,  0.8112945, -0.5451607, -0.1649862, -0.1315914)    0    0  15.63366939  7 2.120  11.65010004
(22.7209016, -2.3834133, 32.1057866,  0.6125843, -0.1465339, -0.1058548, -0.7693013)    0    0  15.58841318 11 3.320  10.53336731
(20.1551386, -6.7149487, 38.4896582,  0.8124440, -0.5410305, -0.1692235, -0.1363228)    0    0  18.03283311  2 5.000  11.98312055
(23.1450102, -2.3449729, 31.9081377,  0.6532476, -0.1373977, -0.1043377, -0.7372266)    0    0  15.77762930  5 1.960  11.16335752
(17.9575298, -9.0666458, 37.2127552, -0.0959129, -0.5625332, -0.7939350, -0.2097289)    0    0  12.30477895  9 1.480  10.64255063
(16.8352489, -11.0022445, 37.1469309, -0.0963648, -0.5573449, -0.7929835, -0.2263957)    0    0  18.10787824  1 5.000  12.64294767
(21.8711419, -11.2758608, 41.3890316, -0.8301155,  0.1861695, -0.1999801, -0.4860629)    0    0  11.84005191  0 5.000   7.90537744
(16.9969267,  2.2084540, 37.0630521, -0.0901340,  0.3646937,  0.7260251,  0.5759878)    0    0  17.63072210  0 5.000  11.75412261
(17.1608503, -10.3241500, 37.4390710, -0.0935641, -0.5563821, -0.7953628, -0.2215227)    0    0  17.30572037  7 1.480  12.13311631
(20.3489274, -5.8505437, 31.0357507,  0.5984235, -0.1511709, -0.1082368, -0.7793032)    0    0   5.45822528 12 1.480   7.18776275
(26.0458080, -6.2463898, 29.2057688, -0.8155732,  0.2081932,  0.2671579, -0.4691723)    0    0   8.72607659 11 3.480   8.34015142
(22.7204757, -11.1461017, 31.6809999,  0.9530089, -0.2043269, -0.2082912, -0.0814822)    0    0  -8.36659190  9 3.320  -1.58142703
(16.3833108, -2.0962983, 31.4642556, -0.2186202,  0.3509764,  0.5838863,  0.6986398)    0    0 -20.95291252  7 3.320 -21.82543404
(25.3951000, -2.4014093, 37.3084926, -0.1943230,  0.8660980, -0.4473031,  0.1096941)    0    0  11.43049102  9 1.480   8.12714750
(18.5278074, -9.3329541, 37.9672435, -0.0751758, -0.5600417, -0.7979169, -0.2094660)    0    0  11.69721237  5 1.320  10.83897362
(22.0930753, -13.1331794, 34.8115678,  0.9648886, -0.1732633, -0.1842534, -0.0708023)    0    0  16.87093636  5 2.920  11.49646455
(22.0310528, -13.0439438, 33.9245951,  0.9640127, -0.1759851, -0.1862108, -0.0709526)    0    0  16.90623799  3 5.000  11.45765921
(24.5419738, -6.9432547, 33.8952100, -0.3764327,  0.8660921, -0.3270919,  0.0345510)    0    0  15.29741920  0 5.000  10.47600196
(21.3307404, -6.2585229, 30.7803425,  0.5985234, -0.1498056, -0.1060317, -0.7797979)    0    0  19.60131632  4 5.000  13.05528789
(24.5768229, -6.9604053, 33.7858413, -0.3769319,  0.8661620, -0.3262440,  0.0353355)    0    0  14.67668133  3 4.520  10.14756268
(17.1674149,  1.0839516, 36.4492022, -0.0886146,  0.3668985,  0.7242619,  0.5770323)    0    0  17.35215996  5 2.520  11.82494191
(25.1153970, -2.9472961, 37.0070656, -0.2978771,  0.8706676, -0.3845522,  0.0729845)    0    0  12.32372351 11 2.360   8.58245882
(16.9980522, -8.3810889, 36.9679096, -0.1012436, -0.5640934, -0.7910840, -0.2133504)    0    0   9.25001482 12 2.200   8.32084598
(16.9283300, -5.5221017, 38.3845258,  0.1005092,  0.7954697,  0.5970368,  0.0259404)    0    0  16.61451312  1 5.000  11.13570045
(16.6167951, -9.2717137, 41.7648927, -0.7419956,  0.3801384, -0.5484215,  0.0645841)    0    0  18.02264269  0 5.000  12.01541256
(21.9574006, -13.2878001, 34.0926824,  0.9641262, -0.1758095, -0.1857704, -0.0709992)    0    0  16.93520543  2 4.600  11.50852117
(22.1369013, -5.2128420, 31.3012894,  0.6025745, -0.1495251, -0.1056217, -0.7767598)    0    0  18.91493331  9 2.680  13.16561008
(15.7966544, -0.3623233, 33.0698080, -0.0789189,  0.3729133,  0.7146210,  0.5865097)    0    0   1.86128051  3 3.880   4.73068965
(19.2136145, -9.7307384, 31.1358509,  0.5524847, -0.1892260, -0.1313868, -0.8010566)    0    0  -3.45037370  6 3.800   1.11345691
(16.0845938, -2.9238841, 30.1564836, -0.1471117,  0.3609577,  0.6380360,  0.6640616)    0    0 -49.89185845  6 3.240 -31.80091277
(21.2657645, -6.4502796, 30.8893962,  0.5984479, -0.1501371, -0.1064015, -0.7797415)    0    0  18.63754406  9 1.800  12.86462944
(24.6673621, -3.7604585, 36.4607470, -0.3567905,  0.8686294, -0.3409555,  0.0439637)    0    0  12.96793753 11 3.880   8.75381704
(26.7629585, -7.1639575, 29.0310148, -0.8002888,  0.2501249,  0.3032938, -0.4527039)    0    0  14.92054054  7 1.960  11.40061022
(16.2624127, -5.5145559, 38.3350616, -0.2280785, -0.8060443, -0.1899176,  0.5120586)    0    0   0.60900781  2 4.600   6.69654465
(26.4110423, -7.2341465, 28.6007761, -0.7986200,  0.2510787,  0.2990299, -0.4579809)    0    0  17.61115652  1 5.000  11.79141030
(24.7445084, -6.8819945, 34.1782825, -0.3768742,  0.8672464, -0.3230580,  0.0383546)    0    0  14.15918646  5 3.160   9.94203267
(22.9968286, -3.0173669, 31.6186281,  0.6317012, -0.1430810, -0.1047600, -0.7546169)    0    0  16.08445902  4 2.600  10.88779586
(21.1849475, -6.6234906, 30.6976108,  0.5995254, -0.1499695, -0.1064714, -0.7789363)    0    0  19.42849553  5 2.360  13.22602974
(17.0273861,  2.2058808, 37.0723788, -0.0895859,  0.3654687,  0.7254949,  0.5762495)    0    0  17.21965070  7 4.840  11.16100697
(21.2051568, -6.2556756, 30.9664976,  0.5979322, -0.1498451, -0.1059203, -0.7802592)    0    0  19.65614698  2 5.000  12.99664837
(16.7772658,  0.7075679, 35.2476133, -0.0869452,  0.3702569,  0.7204261,  0.5799334)    0    0  14.98748324 10 1.720  12.10534991
(17.2912740,  1.0774274, 36.2224800, -0.0878570,  0.3688216,  0.7225988,  0.5780101)    0    0  16.89042567  7 1.080  12.25896597
(22.1333082, -13.0314137, 34.1301108,  0.9641067, -0.1756711, -0.1860575, -0.0708544)    0    0  17.10400039  1 4.600  11.43996403
(22.1899985, -12.9595366, 34.2089743,  0.9639638, -0.1762767, -0.1861578, -0.0710318)    0    0  16.77996723  6 4.760  11.48508154
(19.3507857, -0.4440135, 38.6900081,  0.4990950, -0.8399417, -0.1043998, -0.1857486)    0    0  14.99097464  5 2.440  10.05695987
(21.7931504, -11.3720594, 41.4281791, -0.8301145,  0.1861689, -0.1999831, -0.4860635)    0    0  11.72367901  3 5.000   7.89611354
(21.0809069, -6.7296084, 30.7701689,  0.5986031, -0.1501815, -0.1066504, -0.7795794)    0    0  18.99177452  8 2.040  13.34847525
(26.8467305, -8.9842551, 34.3881190, -0.4249125,  0.8675104, -0.2377815,  0.1016609)    0    0   5.29923073  8 2.920   7.14822396
(24.7409484, -6.7297209, 34.2207382, -0.3779832,  0.8670321, -0.3227096,  0.0349019)    0    0  14.05518034  6 1.320   9.85352521
(18.9607483, -9.2980981, 37.8421174,  0.1457581, -0.6244963, -0.7371644, -0.2129498)    0    0 -11.81819109  9 2.120  -7.92067577
(15.5806653, -0.3194271, 33.0534291, -0.1113318,  0.3634927,  0.6951102,  0.6100894)    0    0 -10.52694457  6 3.560   1.58635312
(26.1049786, -11.5509240, 34.5720935,  0.9037730, -0.2920992, -0.2434862, -0.1964353)    0    0   4.19050114 12 4.120  -7.03683986
(19.9967278, -0.5554324, 38.3367280,  0.4982002, -0.8409834, -0.1030802, -0.1841453)    0    0  14.83521832  6 2.360  10.03501837
(26.2321462, -8.2647815, 34.8876963, -0.3693378,  0.8686888, -0.3254128,  0.0554601)    0    0  10.12316061  7 2.520   7.20590885
(17.4768098, -10.0983355, 35.8445630, -0.1984343, -0.5840368, -0.7273779, -0.3007427)    0    0  -1.06470595 25 2.840   1.76245283
(24.5786608, -6.7957042, 34.7892345, -0.3748855,  0.8700888, -0.3183232,  0.0311194)    0    0  13.48849550 10 1.000   9.60336206
(17.1396925,  1.2468556, 36.4853328, -0.0893655,  0.3666261,  0.7238973,  0.5775500)    0    0  17.09360962  8 1.880  11.87852905
(19.6989763, -5.5997236, 40.1106287,  0.8119339, -0.5547981, -0.1390858, -0.1166942)    0    0  11.82673698 10 2.680   9.36778784
(19.8517129, -5.7191567, 39.8899910,  0.8149560, -0.5491458, -0.1380823, -0.1233648)    0    0  10.85066932 11 2.440   9.40428574
(26.7015966, -9.8046004, 32.9290946, -0.5311129,  0.5595216,  0.3832214,  0.5077511)    0    0   0.85669064  2 3.400   4.77190721
(21.1923775, -6.2236452, 31.0114332,  0.5991523, -0.1508854, -0.1074069, -0.7789173)    0    0  18.78586702 10 2.200  12.91831644
(17.0439982,  2.0761458, 36.9850362, -0.0896724,  0.3653594,  0.7255636,  0.5762187)    0    0  17.38440351  4 4.840  11.70404476
(17.4503385, -3.3805140, 29.5031727, -0.2850193,  0.3313007,  0.5067805,  0.7430864)    0    0 -41.79065445  6 3.720 -20.82022671
(23.2210926, -1.9507321, 32.3125631,  0.6514491, -0.1354534, -0.1054190, -0.7390218)    0    0  14.82996539  9 1.960  10.42250112
(19.4604688, -0.6507002, 38.7787517,  0.4615183, -0.8694010, -0.1113658, -0.1368952)    0    0  10.18219530 11 3.560   8.10255991
(21.3029870, -5.9428615, 31.0996385,  0.5979324, -0.1499102, -0.1059745, -0.7802392)    0    0  19.18028419  7 4.200  13.04129154
(21.9718735, -13.0513928, 34.1365949,  0.9647502, -0.1743159, -0.1836505, -0.0716480)    0    0  15.33768592  8 2.040  11.20637213
(19.5216675, -0.5742976, 38.6816633,  0.4991076, -0.8399884, -0.1041801, -0.1856267)    0    0  14.99403144  4 3.480  10.03779070
(24.8764949, -2.9538024, 37.0487223, -0.3026939,  0.8721444, -0.3788111,  0.0649742)    0    0  12.94779018  4 3.480   8.77401558
(24.5035081, -6.8547064, 33.7825652, -0.3754948,  0.8662667, -0.3276581,  0.0349996)    0    0  14.58033486  4 5.000  10.15830522
(15.4525713, -6.2182729, 35.6060611, -0.1533934, -0.6093834, -0.7493097, -0.2089431)    0    0 -13.91675913  4 5.000  -5.36877862
(17.0351040, -11.0067579, 37.1582499, -0.0982194, -0.5575773, -0.7928523, -0.2254788)    0    0  17.97218306  3 2.120  12.66040516
(22.4499077, -9.8696815, 41.2381027, -0.8285865,  0.1941705, -0.2061538, -0.4828720)    0    0  11.16929306  6 3.560   7.72026491
(24.6269374, -6.8959793, 34.0256731, -0.3734661,  0.8668799, -0.3284487,  0.0339420)    0    0  13.86042464  8 2.680   9.88081943
(17.2559938,  0.9839193, 36.3365501, -0.0873798,  0.3682021,  0.7204498,  0.5811293)    0    0  15.82264037  7 0.520  11.81687385
(22.2881821, -13.0040801, 34.4110662,  0.9640151, -0.1760100, -0.1861849, -0.0709263)    0    0  16.89033636  4 5.000  11.26541033
(21.7810349, -13.2297040, 34.0628506,  0.9640278, -0.1763429, -0.1857230, -0.0711334)    0    0  16.63945282  7 4.120  11.07278758
(22.1376844, -13.0333156, 34.1602268,  0.9640213, -0.1761072, -0.1860563, -0.0709380)    0    0  17.34100020  0 5.000  11.57847747
(24.7107824, -4.1003774, 36.1718871, -0.3686029,  0.8672072, -0.3325424,  0.0374760)    0    0  12.89590425 18 3.560   8.53029122
(25.4740643, -4.4398419, 29.5611431, -0.8602594, -0.0133015,  0.0919338, -0.5013232)    0    0   7.08805684  5 4.120   7.75896736
(20.2912302, -6.3446405, 38.8475162,  0.8124417, -0.5411737, -0.1689643, -0.1360904)    0    0  18.17712540  1 5.000  12.21970358
(19.6082862, -1.1521591, 38.5355099,  0.1550951, -0.9540678, -0.1503191,  0.2076156)    0    0  15.02622641  4 4.840  10.05115818
(16.0355599, -10.8079421, 35.8749966, -0.1012711, -0.5595320, -0.7922296, -0.2212810)    0    0   5.90771351 16 2.600   8.12383858
(24.7585018, -3.6298726, 36.5299517, -0.3402545,  0.8699906, -0.3532116,  0.0508402)    0    0  13.07126503  7 4.280   8.85019076
(20.5342576, -6.9045503, 39.9592753,  0.8133326, -0.5418554, -0.1652650, -0.1323289)    0    0  13.33182687  9 3.320   9.93302775
(17.3995133, -10.4701231, 37.5145334, -0.0959946, -0.5569623, -0.7946735, -0.2214771)    0    0  17.09059618  9 2.520  12.05486704
(22.3537024, -10.1183574, 26.9511811, -0.9352108,  0.2374320,  0.0630230, -0.2550196)    0    0   0.85396820  0 5.000   0.95994530
(21.0855134, -6.4924748, 30.8340306,  0.5986048, -0.1504131, -0.1070771, -0.7794743)    0    0  18.50460172 10 0.680  12.70885057
(17.3943409, -10.6410562, 37.4752710, -0.0923832, -0.5561155, -0.7961664, -0.2198175)    0    0  17.20409742  7 0.680  12.07133276
(19.4465436, -9.2828962, 31.1376786,  0.5811996, -0.1619302, -0.1123459, -0.7895341)    0    0   0.84816913 12 3.560   2.42200091
(22.6103129, -9.7320811, 41.2079890, -0.8281783,  0.1968081, -0.2088693, -0.4811874)    0    0  11.12454686  7 3.480   7.67956037
(20.1666950, -6.6851589, 38.5181668,  0.8115363, -0.5421676, -0.1701501, -0.1360476)    0    0  16.68945404  4 4.200  11.96082482
(19.7641543, -0.6003201, 38.6491496,  0.4987395, -0.8402255, -0.1040458, -0.1856185)    0    0  14.62863677  7 1.160   9.83740900
(22.6900041, -1.6048408, 32.2041454,  0.6731604, -0.1304013, -0.1081885, -0.7198235)    0    0  15.67302644  8 2.680  10.66836609
(15.6986860, -0.0186038, 33.6340348, -0.0958539,  0.3640657,  0.7113149,  0.5935481)    0    0   2.90569074  6 3.560   3.73805230
(22.2032759, -10.7222719, 41.2944037, -0.8297439,  0.1874296, -0.2015473, -0.4855621)    0    0  11.61202768  5 4.360   7.79347653
(16.0979133, -7.0694326, 36.0775780, -0.1189007, -0.5841495, -0.7764610, -0.2043045)    0    0  -3.03066782 25 3.400   0.68755679
(14.7265833, -9.7199980, 33.4060285, -0.1514595, -0.5938011, -0.7564255, -0.2286496)    0    0 -24.21250179  5 4.920 -10.90172982
(19.5665997, -0.6685113, 38.7138855,  0.4988622, -0.8402391, -0.1039588, -0.1852720)    0    0  15.09295844  0 4.760  10.16750682
(25.0999013, -4.8227304, 29.2113601,  0.7531548,  0.3761577,  0.2461861,  0.4802662)    0    0   1.32503076  5 3.560   5.62019020
(17.9683752, -10.0458112, 37.7311290, -0.0714166, -0.5653810, -0.7940991, -0.2107519)    0    0  11.48117152  7 0.600  11.14139006
(17.4724233, -10.4624826, 37.4648069, -0.0934068, -0.5569700, -0.7957580, -0.2185841)    0    0  17.06651180 10 0.840  12.07045288
(21.7642644, -11.4204331, 41.4386762, -0.8300427,  0.1861597, -0.2001952, -0.4861023)    0    0  11.74085665  2 5.000   7.90560556
(24.8928866, -2.8163803, 37.2303847, -0.1848224,  0.8677543, -0.4487520,  0.1066950)    0    0  12.00697019 11 0.600   8.67187882
(17.1458319,  1.3879027, 36.5550818, -0.0894030,  0.3658446,  0.7250833,  0.5765553)    0    0  17.41575376  3 3.880  11.76616935
(17.5593005, -10.3441597, 37.5474052, -0.0927842, -0.5564852, -0.7964086, -0.2178214)    0    0  16.92044959 10 0.840  11.83845679
(19.8630801, -0.8434454, 38.6634722,  0.4988126, -0.8401721, -0.1040308, -0.1856724)    0    0  15.04663957  1 2.360  10.20724837
(16.7143609, -6.2675089, 38.2546280, -0.2340018, -0.7933702, -0.1527458,  0.5408101)    0    0  15.62138734  2 5.000  11.04383270
(26.2349580, -6.3705133, 29.2522128, -0.8154260,  0.2085160,  0.2676419, -0.4690088)    0    0   8.96908303 10 3.560   8.46614135
(20.1813828, -6.6439281, 38.5581067,  0.8124380, -0.5411791, -0.1689668, -0.1360874)    0    0  18.53065412  0 5.000  12.37944003
(16.8725924, -10.4831157, 36.9756352, -0.0949734, -0.5578365, -0.7943085, -0.2210497)    0    0  14.01782567 16 1.400  11.76736202
(22.0587643, -11.0489642, 41.2542736, -0.8299734,  0.1872703, -0.2001157, -0.4858254)    0    0  11.77113605  1 5.000   7.91422366
(17.2359808,  0.5907413, 36.1991921, -0.0870769,  0.3695072,  0.7215599,  0.5789918)    0    0  17.01955839  7 1.240  11.46867935
(21.2125263, -6.1089653, 31.0747224,  0.5985012, -0.1498058, -0.1060329, -0.7798147)    0    0  19.72459732  1 4.440  13.24441275
(21.5721974, -5.8829791, 31.0700605,  0.5991939, -0.1500640, -0.1061520, -0.7792152)    0    0  19.65040609  3 4.920  13.47245878
(24.6635437, -3.1883363, 37.1347940, -0.2362126,  0.8722983, -0.4193357,  0.0863528)    0    0  12.52509542  9 1.000   8.78593030
(24.5854932, -7.1567013, 33.7711017, -0.3761613,  0.8661583, -0.3272220,  0.0346163)    0    0  15.02619054  2 5.000  10.26861508
(20.3205281, -6.3198166, 38.8462560,  0.8123013, -0.5406123, -0.1708132, -0.1368424)    0    0  17.27964116  3 4.360  12.18655778
(24.5233504, -6.6329114, 34.9542509, -0.3731670,  0.8666212, -0.3298203,  0.0298725)    0    0  13.69857604  9 2.040   9.59678799
(17.0589527,  0.7222067, 36.4621691, -0.0869321,  0.3704176,  0.7192065,  0.5813486)    0    0  15.86601495  8 0.600  11.55280365
(22.9204090, -1.3480571, 32.7288061,  0.6615605, -0.1247278, -0.1138244, -0.7306331)    0    0  13.86890896  9 1.800  10.17613887
(25.7470078, -4.8507403, 29.4593480, -0.8399899,  0.1323157,  0.2080642, -0.4833413)    0    0   4.56358339 14 4.040  -1.40906991
(22.6167576, -1.6531991, 31.9129969,  0.6858599, -0.1211032, -0.1154371, -0.7082224)    0    0  13.31501224  9 0.840  10.83421069
(27.2972651, -10.5913360, 34.2433860, -0.5292025,  0.5639387,  0.3728556,  0.5127313)    0    0  12.31317248  1 4.440   9.64381336
(19.1778436, -9.3724887, 31.4719597,  0.4712766, -0.2103155, -0.1178151, -0.8484017)    0    0 -10.71374897  3 2.360   9.24685512
(24.8454459, -6.1518822, 34.8373141, -0.3779294,  0.8700573, -0.3136404,  0.0415867)    0    0  13.44035421  9 0.520   9.88497643
(24.5948368, -2.9953687, 36.8170049, -0.2045761,  0.8662796, -0.4424640,  0.1092419)    0    0  12.86781694  6 1.320   9.01435343
(25.4308093, -4.8217419, 30.1096869,  0.7276324,  0.4253357,  0.2815684,  0.4586406)    0    0   7.30262484  2 4.280   7.74022223
(22.4536771, -10.1485326, 26.4652221, -0.9358657,  0.2378885,  0.0570553, -0.2535166)    0    0  -4.28707293  2 5.000   0.60090062
(25.5129976, -4.8142572, 30.3017043,  0.7292091,  0.4256623,  0.2798152,  0.4568909)    0    0  11.90635986  0 4.760   8.48659203
(16.9147303, -10.9705825, 37.1908746, -0.0969281, -0.5575754, -0.7927146, -0.2265324)    0    0  18.05763894  2 3.640  12.55543091
(19.6206928, -0.8843568, 38.8014503,  0.4923332, -0.8461852, -0.1024128, -0.1760977)    0    0  14.22920810  8 2.840  10.19515794
(27.2622537, -9.7566205, 33.6459678, -0.5550488,  0.6288122,  0.3213461,  0.4396052)    0    0  -0.28570101  9 3.560   1.91660418
(22.6645516, -2.0323925, 32.7307882,  0.6428688, -0.1381568, -0.1078641, -0.7456526)    0    0  15.67881978  6 2.760  10.64371926
(20.2594984, -6.2187425, 39.1099709,  0.8115423, -0.5439772, -0.1665724, -0.1330745)    0    0  15.98691704  6 3.320  12.06991935
(22.8560433, -1.1300405, 32.5635180,  0.6770106, -0.1167899, -0.1134796, -0.7177319)    0    0  12.96275144 11 1.160  10.21936449
(16.4978878, -1.8119232, 31.2130447, -0.1317840,  0.3699775,  0.6589019,  0.6415590)    0    0 -27.52995015  7 3.000  -9.43808109
(26.2209077, -8.2391639, 34.8101146, -0.3771980,  0.8692557, -0.3153343,  0.0517731)    0    0  10.15499503 12 2.200   7.14986341
(26.8619905, -7.6132443, 28.3041814, -0.7989221,  0.2504390,  0.2990109, -0.4578162)    0    0  17.20179587  3 4.440  11.87921813
(18.9591680, -5.1488893, 30.5969331,  0.5905806, -0.1586730, -0.1246088, -0.7813514)    0    0 -15.69791113 13 2.520  -2.21458250
(19.8601530, -0.9092214, 38.6890045,  0.4621975, -0.8689354, -0.1118190, -0.1371910)    0    0  10.05194272 12 3.480   7.98113640
(24.7387699, -3.6519854, 36.4926207, -0.3363290,  0.8741730, -0.3458378,  0.0556817)    0    0  12.96818491  7 3.880   8.75120751
(17.6127688, -10.2027804, 37.7815498, -0.0902258, -0.5580518, -0.7961017, -0.2159339)    0    0  15.39059293  8 0.360  11.70888521
(21.2025337, -6.2652968, 30.9625366,  0.5978928, -0.1498800, -0.1059491, -0.7802786)    0    0  20.06081796  0 5.000  13.52370531
(26.7289003, -11.1043863, 34.4050672,  0.8077956, -0.3966829, -0.3006936, -0.3157408)    0    0  12.66112805  3 5.000   9.41283308
(16.3742547,  0.2791891, 34.1923477, -0.0854040,  0.3696860,  0.7189673,  0.5823151)    0    0   9.76589197  5 2.760   8.53292555
(17.2238465,  0.9891319, 36.3111713, -0.0874416,  0.3697090,  0.7207794,  0.5797579)    0    0  15.68792931  9 0.920  11.77764424
(21.5792656, -8.5453923, 30.5520740,  0.5659650, -0.1836634, -0.1304015, -0.7930617)    0    0   4.11793600  9 2.520   8.50648203
(14.8097565, -9.4052488, 34.7839305, -0.1234688, -0.5767400, -0.7747948, -0.2276390)    0    0 -16.34450189 13 4.040  -6.34175732
(21.9261310, -5.5063028, 31.1794181,  0.6013294, -0.1496820, -0.1061244, -0.7776426)    0    0  19.25312282  6 3.080  13.37253420
(26.7821057, -7.4033585, 28.5864374, -0.7987509,  0.2511128,  0.2987433, -0.4579211)    0    0  17.62028837  0 5.000  11.77850732
(20.2087343, -1.0394042, 38.5176156,  0.4562815, -0.8733485, -0.1115637, -0.1289311)    0    0  10.18659741 10 3.240   8.21133173
(26.6768737, -7.2250843, 28.9232627, -0.7989636,  0.2507138,  0.3009812, -0.4562963)    0    0  16.12346917  6 4.280  11.60684551
(18.1828364, -9.7565716, 37.8165227, -0.0899984, -0.5576183, -0.7982989, -0.2089515)    0    0  15.47776226  3 1.160  11.32904484
(17.0702979,  1.9606973, 36.9028432, -0.0899961,  0.3649030,  0.7258797,  0.5760600)    0    0  17.43211823  2 5.000  11.59645609
(19.5703162, -0.6709135, 38.7090223,  0.4935704, -0.8449200, -0.1038944, -0.1777584)    0    0  14.15168594  9 2.360  10.32458193
(17.0625056, -10.7566772, 37.2905211, -0.0961723, -0.5573195, -0.7932093, -0.2257423)    0    0  17.93979171  4 4.760  12.51315026
(19.9228366, -6.0201852, 39.3673424,  0.8129896, -0.5460534, -0.1559893, -0.1284614)    0    0  13.48893832  8 2.680  10.86352979
(24.7574485, -6.8190648, 34.2249541, -0.3763288,  0.8665979, -0.3258816,  0.0343599)    0    0  13.91063390  7 2.840   9.80981989
(27.8238726, -9.0980759, 33.4360047, -0.7941121,  0.2334704,  0.3033408, -0.4720826)    0    0   7.95844126  4 5.000   5.26960879
(27.0463397, -9.6123767, 34.1150480, -0.4645167,  0.8572452, -0.1398458,  0.1726213)    0    0   0.85570443 21 3.320   3.11084955
(26.8459766, -7.3863237, 28.6144992, -0.7986760,  0.2506336,  0.3015468, -0.4564662)    0    0  16.70785246  5 2.600  11.86396074
(17.1013609,  1.4467814, 36.5672832, -0.0890140,  0.3666196,  0.7244350,  0.5769333)    0    0  17.22874752  6 2.040  11.56049849
(20.9828306, -5.7195280, 31.0660887,  0.6020152, -0.1507624, -0.1083781, -0.7765909)    0    0   9.96177839 11 1.320  10.26577941
(17.5198534, -10.3214691, 37.5168130, -0.0863265, -0.5568549, -0.7973554, -0.2159633)    0    0  15.40193606  5 0.440  11.83688112
(17.7877154, -10.0956561, 37.6356491, -0.0925365, -0.5578679, -0.7968596, -0.2125766)    0    0  16.20580216  6 0.760  11.65714369
(22.3735601, -11.5684995, 32.2716936,  0.9591151, -0.1832899, -0.2039986, -0.0699107)    0    0  -1.72664856  9 3.080   3.88055677
(24.8632048, -3.1086308, 36.8428793, -0.2503612,  0.8691000, -0.4158972,  0.0949418)    0    0  12.75309431  9 1.960   8.92349213
(24.7191200, -3.1940591, 36.8287339, -0.2310267,  0.8709267, -0.4238364,  0.0920654)    0    0  12.84377099  7 1.160   9.09852704
(18.1206464, -8.1464773, 40.3189520,  0.8217203, -0.5413725, -0.1204025, -0.1311292)    0    0  12.21231723 11 3.320   9.84611215
(17.0745326,  1.6781598, 36.7472753, -0.0895529,  0.3655332,  0.7254154,  0.5763131)    0    0  17.44081495  1 4.520  11.63696518
(20.8054152, -4.8869360, 42.9006719,  0.7775407, -0.5780112,  0.2474472,  0.0101674)    0    0  13.15082906  2 5.000   8.80720824
(23.1291329, -3.0584483, 31.9688880,  0.6149359, -0.1466122, -0.1048762, -0.7676977)    0    0  16.27047642  9 4.120  10.99967270
(24.7389999, -3.2078227, 36.8172043, -0.2449041,  0.8733577, -0.4133360,  0.0801351)    0    0  12.91085946  5 2.280   8.97922129
(22.2584293, -1.8404199, 32.0876788,  0.6673453, -0.1306022, -0.1117204, -0.7246460)    0    0  15.06096003  8 1.240  10.73526780
(25.2980045, -2.6962748, 36.9639007, -0.2055894,  0.8627118, -0.4459864,  0.1200722)    0    0  12.17750307 12 2.360   8.48354815
