#Coordinates  RecID  LigID  Luciferin  Neighbor's number  Vision Range  Scoring
(-24.5152833, -12.4390455, 31.6878245,  0.4535868, -0.1017217,  0.7870452,  0.4055509)    0    0   5.00000000  0 0.200   0.00000000
(-34.7437728, -9.9226204, 21.6854585,  0.2537059, -0.9012901,  0.3510307, -0.0093258)    0    0   5.00000000  0 0.200   0.00000000
(-24.2403075, -13.0219895, 27.5544467, -0.0418251,  0.6921276, -0.4633115, -0.5518628)    0    0   5.00000000  0 0.200   0.00000000
(-23.2679777, -16.0506456, 21.7399505,  0.0304084,  0.8016462, -0.5967876, -0.0168321)    0    0   5.00000000  0 0.200   0.00000000
(-33.5441256, -11.7279381, 30.0152276,  0.2813844, -0.9488484, -0.1126309, -0.0884520)    0    0   5.00000000  0 0.200   0.00000000
(-24.9977183, -5.8795163, 16.2854583,  0.6897840, -0.2282632, -0.1266359, -0.6753201)    0    0   5.00000000  0 0.200   0.00000000
(-35.4428323, -9.8030919, 26.0217627,  0.1195895, -0.1873580,  0.8649314, -0.4499879)    0    0   5.00000000  0 0.200   0.00000000
(-32.0049530, -4.2803892, 24.0347125, -0.0517966,  0.3063825,  0.7976696, -0.5168849)    0    0   5.00000000  0 0.200   0.00000000
(-37.3979063, -14.9625917, 22.9961785,  0.0223668, -0.5422361,  0.1826789, -0.8198220)    0    0   5.00000000  0 0.200   0.00000000
(-31.9339553, -6.7781431, 30.6742720,  0.0347142, -0.5888361, -0.6205863, -0.5166620)    0    0   5.00000000  0 0.200   0.00000000
(-25.8804012, -7.8833758, 19.8677744, -0.3143501,  0.0170742,  0.6899725, -0.6517902)    0    0   5.00000000  0 0.200   0.00000000
(-35.5621566, -4.6434699, 26.5036690, -0.0533119,  0.5780801, -0.8051868, -0.1210593)    0    0   5.00000000  0 0.200   0.00000000
(-30.9261311, -16.5930450, 21.7353775, -0.1625467, -0.0746335, -0.9834244, -0.0297460)    0    0   5.00000000  0 0.200   0.00000000
(-32.3829279, -14.6430885, 23.8952529, -0.7006362, -0.0274585,  0.6489742,  0.2952753)    0    0   5.00000000  0 0.200   0.00000000
(-22.8379553, -9.2952910, 22.6053825,  0.4748685, -0.7119332,  0.0738147,  0.5120571)    0    0   5.00000000  0 0.200   0.00000000
(-27.4565480, -5.1588335, 27.0837382, -0.4359963,  0.4571268, -0.3305770, -0.7011855)    0    0   5.00000000  0 0.200   0.00000000
(-24.2422194, -10.3818962, 19.4042476, -0.0255407,  0.7626214,  0.4421231,  0.4714694)    0    0   5.00000000  0 0.200   0.00000000
(-29.4700412, -5.1194983, 29.7532766,  0.1223366,  0.3643607,  0.5485807, -0.7425189)    0    0   5.00000000  0 0.200   0.00000000
(-22.2051449, -10.3745506, 21.3976790,  0.6896291,  0.0909401,  0.3796011,  0.6099546)    0    0   5.00000000  0 0.200   0.00000000
(-28.9274636, -7.2061764, 17.7646527, -0.3408953,  0.7294141,  0.5300121,  0.2661440)    0    0   5.00000000  0 0.200   0.00000000
(-30.6703432, -5.8609041, 28.8340858, -0.0853389, -0.2215814, -0.1495343, -0.9598221)    0    0   5.00000000  0 0.200   0.00000000
(-24.1352128, -5.9259264, 24.9608360, -0.5380634,  0.6686802,  0.1123887, -0.5007228)    0    0   5.00000000  0 0.200   0.00000000
(-27.7994159, -9.2758334, 20.3332152, -0.4787150, -0.8259641, -0.1731676,  0.2421325)    0    0   5.00000000  0 0.200   0.00000000
(-25.6459889, -8.9248809, 19.6961634,  0.9544996, -0.0574030,  0.2735310,  0.1040006)    0    0   5.00000000  0 0.200   0.00000000
(-26.9464562, -17.8499380, 24.5736508,  0.9499808,  0.3046748,  0.0582965, -0.0362118)    0    0   5.00000000  0 0.200   0.00000000
(-34.8399910, -14.0431479, 26.9514006,  0.8935011,  0.0885398,  0.1355870, -0.4188467)    0    0   5.00000000  0 0.200   0.00000000
(-37.6367171, -8.9204236, 25.8582638,  0.4366976, -0.5843572,  0.2004966,  0.6539289)    0    0   5.00000000  0 0.200   0.00000000
(-27.5958926, -11.7343206, 21.4137159, -0.3518051,  0.2198652,  0.6159728,  0.6696790)    0    0   5.00000000  0 0.200   0.00000000
(-33.4689041, -11.2735678, 19.7618216, -0.4234541,  0.7338873,  0.4843797,  0.2178813)    0    0   5.00000000  0 0.200   0.00000000
(-24.6452485, -14.3694201, 28.4028062, -0.2621269, -0.9502315, -0.1024601,  0.1336094)    0    0   5.00000000  0 0.200   0.00000000
(-25.9460070, -2.3367192, 28.4223367,  0.4955753, -0.8047596,  0.0022791, -0.3267446)    0    0   5.00000000  0 0.200   0.00000000
(-29.5688962, -15.8926561, 26.8961534,  0.8552259,  0.0917349, -0.5064542, -0.0606432)    0    0   5.00000000  0 0.200   0.00000000
(-32.7785199, -4.2390991, 27.2618957,  0.3455685,  0.5920609, -0.4173799,  0.5965235)    0    0   5.00000000  0 0.200   0.00000000
(-29.6882535, -4.6939326, 32.4691502, -0.1706944, -0.3406187, -0.6939899,  0.6109176)    0    0   5.00000000  0 0.200   0.00000000
(-27.2708816, -2.2519352, 27.3942976, -0.8029104,  0.3167690, -0.3508569,  0.3631691)    0    0   5.00000000  0 0.200   0.00000000
(-32.9182329, -2.4001180, 24.0077741, -0.0438662, -0.5697621,  0.7638276,  0.3000240)    0    0   5.00000000  0 0.200   0.00000000
(-26.4509931, -3.4980006, 18.1276779,  0.3755142,  0.4968372, -0.7042544, -0.3408337)    0    0   5.00000000  0 0.200   0.00000000
(-27.7134252, -10.6425192, 26.1587102,  0.2289114, -0.7253404,  0.3801523,  0.5262748)    0    0   5.00000000  0 0.200   0.00000000
(-28.2542652, -17.0546876, 25.6222912,  0.7601263,  0.5334435,  0.0588603, -0.3663080)    0    0   5.00000000  0 0.200   0.00000000
(-31.8078990, -8.9747908, 24.3043110, -0.0152050, -0.9018474, -0.0667759,  0.4265924)    0    0   5.00000000  0 0.200   0.00000000
(-32.0707555, -15.7944766, 25.6289605, -0.6619423, -0.7114793, -0.0250222,  0.2345280)    0    0   5.00000000  0 0.200   0.00000000
(-26.1004565, -8.9400089, 16.3075937,  0.0597207, -0.5566592,  0.8258976,  0.0667610)    0    0   5.00000000  0 0.200   0.00000000
(-36.5005381, -5.4569534, 27.6664016, -0.7045891,  0.0037961,  0.1488265, -0.6938230)    0    0   5.00000000  0 0.200   0.00000000
(-25.6424664, -14.4717138, 29.0833426,  0.3351151, -0.0258709,  0.8740701,  0.3507563)    0    0   5.00000000  0 0.200   0.00000000
(-35.2211073, -5.3914746, 18.6350108, -0.5444930,  0.4031269, -0.3930772,  0.6216963)    0    0   5.00000000  0 0.200   0.00000000
(-35.3703363, -13.5133876, 30.9828245,  0.7155587,  0.1649326,  0.5892577,  0.3369694)    0    0   5.00000000  0 0.200   0.00000000
(-33.2519394, -10.8333363, 29.5302849,  0.3823546, -0.7053048, -0.4457463, -0.3970646)    0    0   5.00000000  0 0.200   0.00000000
(-31.7754479, -11.8914306, 31.5581192,  0.5088280, -0.2200649, -0.5029761,  0.6630841)    0    0   5.00000000  0 0.200   0.00000000
(-27.8715511, -14.6528969, 17.8755285,  0.6371272,  0.6679089,  0.2474061, -0.2945451)    0    0   5.00000000  0 0.200   0.00000000
(-25.0029721, -12.2891516, 18.3063271,  0.5071706, -0.7659586,  0.2985035,  0.2588072)    0    0   5.00000000  0 0.200   0.00000000
(-34.1040321, -9.6786124, 16.5387155,  0.3639419,  0.6540448, -0.4644960, -0.4733024)    0    0   5.00000000  0 0.200   0.00000000
(-29.8101218, -12.4614499, 15.6228735,  0.0556553,  0.1277062, -0.9737972, -0.1797570)    0    0   5.00000000  0 0.200   0.00000000
(-32.8110312, -15.3283268, 30.9466692, -0.0213131, -0.3281941,  0.7153631, -0.6165145)    0    0   5.00000000  0 0.200   0.00000000
(-26.3886602, -10.0593124, 29.7824603,  0.4309558, -0.1717120,  0.6204756, -0.6322991)    0    0   5.00000000  0 0.200   0.00000000
(-30.8447474, -9.3093136, 19.8930317,  0.6152812, -0.5610742,  0.4724878,  0.2887561)    0    0   5.00000000  0 0.200   0.00000000
(-29.6342194, -12.8025298, 17.0009351, -0.5821076, -0.0917161, -0.7355486,  0.3342261)    0    0   5.00000000  0 0.200   0.00000000
(-32.7402330, -4.0959569, 22.8641116,  0.7126073, -0.6541761, -0.0956768,  0.2347134)    0    0   5.00000000  0 0.200   0.00000000
(-24.0836613, -15.8099341, 25.6809330,  0.8184200, -0.1581667,  0.5512149,  0.0365273)    0    0   5.00000000  0 0.200   0.00000000
(-35.5770188, -13.9579658, 23.6599166, -0.4768421,  0.1889920,  0.4569764,  0.7266885)    0    0   5.00000000  0 0.200   0.00000000
(-26.3721046, -9.2163264, 23.5927873, -0.7999979, -0.0963854,  0.0348778,  0.5911825)    0    0   5.00000000  0 0.200   0.00000000
(-25.7763160, -8.5645993, 25.8018425, -0.6506106, -0.7455477, -0.1207129,  0.0793283)    0    0   5.00000000  0 0.200   0.00000000
(-27.4945411, -6.4868113, 29.2348173, -0.4307534, -0.0487037,  0.3579860, -0.8269979)    0    0   5.00000000  0 0.200   0.00000000
(-27.7346873, -17.6064964, 23.8625765,  0.7187497,  0.3999457, -0.4779867, -0.3081738)    0    0   5.00000000  0 0.200   0.00000000
(-32.7332401, -8.6593170, 25.6519331,  0.4645974, -0.1064601, -0.3043093, -0.8247493)    0    0   5.00000000  0 0.200   0.00000000
(-29.0192300, -11.1628203, 24.0469386,  0.7258352, -0.4091926,  0.4870138,  0.2618056)    0    0   5.00000000  0 0.200   0.00000000
(-24.3831535, -13.9693300, 26.3973115,  0.5512138,  0.4295707, -0.2810095,  0.6577735)    0    0   5.00000000  0 0.200   0.00000000
(-30.3901089, -16.2583532, 24.2324198, -0.7447675, -0.2436890,  0.0802914,  0.6160279)    0    0   5.00000000  0 0.200   0.00000000
(-33.8173138, -3.3950027, 24.2462847, -0.2922743,  0.9149469, -0.2312163,  0.1548773)    0    0   5.00000000  0 0.200   0.00000000
(-37.0204331, -4.0293432, 24.4675091,  0.3582682,  0.4006008, -0.7775328, -0.3265053)    0    0   5.00000000  0 0.200   0.00000000
(-31.5616905, -15.6702630, 28.5098396,  0.0500739, -0.3351730,  0.7186503, -0.6072012)    0    0   5.00000000  0 0.200   0.00000000
(-32.9132951, -17.1774970, 20.9085216,  0.6598149,  0.6514558,  0.1246718, -0.3531381)    0    0   5.00000000  0 0.200   0.00000000
(-30.1943618, -19.2382520, 26.0773020, -0.6897858,  0.4588550, -0.0901877, -0.5527331)    0    0   5.00000000  0 0.200   0.00000000
(-27.2579001, -10.8180737, 32.0887788,  0.4156867,  0.5849319, -0.6964466, -0.0046231)    0    0   5.00000000  0 0.200   0.00000000
(-34.7715119, -16.3133637, 25.1301691, -0.2356104,  0.1032025,  0.0730383,  0.9635883)    0    0   5.00000000  0 0.200   0.00000000
(-30.2663958, -7.8912353, 17.4820545,  0.0346014, -0.9133886, -0.2945710, -0.2788404)    0    0   5.00000000  0 0.200   0.00000000
(-31.1806765, -7.6068441, 15.3684427, -0.0179720, -0.6888360,  0.2632135,  0.6752041)    0    0   5.00000000  0 0.200   0.00000000
(-24.6437070, -6.2995073, 29.8971983, -0.4084013,  0.3157893, -0.8481500,  0.1188575)    0    0   5.00000000  0 0.200   0.00000000
(-27.6637323, -16.5686802, 21.1864913,  0.7139379,  0.4774434,  0.3745325,  0.3493792)    0    0   5.00000000  0 0.200   0.00000000
(-28.9201057, -3.4009901, 17.0696787, -0.2847901, -0.1846409,  0.9340803,  0.1108891)    0    0   5.00000000  0 0.200   0.00000000
(-22.7782760, -14.9745500, 28.1570122,  0.0411424,  0.2633172, -0.9564253, -0.1192564)    0    0   5.00000000  0 0.200   0.00000000
(-27.2737058, -12.3563770, 29.7867779, -0.5588021, -0.3501859,  0.7158600,  0.2294658)    0    0   5.00000000  0 0.200   0.00000000
(-34.8752530, -9.2746157, 31.0486613, -0.5364462,  0.6168282, -0.3427022,  0.4629294)    0    0   5.00000000  0 0.200   0.00000000
(-32.2408849, -10.1938838, 16.0115104, -0.8948429,  0.3189974, -0.1202067,  0.2881793)    0    0   5.00000000  0 0.200   0.00000000
(-31.9471897, -1.4300697, 21.8203746,  0.2032797,  0.6453159, -0.7293361, -0.1015556)    0    0   5.00000000  0 0.200   0.00000000
(-31.8752142, -9.7767653, 25.3465789,  0.5875402, -0.7950274,  0.0292757,  0.1478881)    0    0   5.00000000  0 0.200   0.00000000
(-36.7169274, -7.9007507, 21.2200786,  0.0195979,  0.5230909, -0.3966533,  0.7540941)    0    0   5.00000000  0 0.200   0.00000000
(-30.2576974, -6.1141510, 17.5214191,  0.8072986,  0.1244589,  0.3524646, -0.4566702)    0    0   5.00000000  0 0.200   0.00000000
(-31.1855942, -7.1591988, 19.4582224,  0.7657966, -0.4636574, -0.2862491, -0.3415243)    0    0   5.00000000  0 0.200   0.00000000
(-22.3695958, -10.8800798, 20.7309427,  0.1693066,  0.9246352,  0.3136574,  0.1341793)    0    0   5.00000000  0 0.200   0.00000000
(-31.5225193, -5.5711176, 17.6932423,  0.4181534, -0.6317687,  0.4923122, -0.4285379)    0    0   5.00000000  0 0.200   0.00000000
(-35.2453850, -10.2044762, 29.5433054,  0.1539310,  0.3419886,  0.9266993, -0.0240297)    0    0   5.00000000  0 0.200   0.00000000
(-23.2228801, -12.8393165, 28.1325131, -0.4427051, -0.8310603,  0.2231870,  0.2520686)    0    0   5.00000000  0 0.200   0.00000000
(-37.1924995, -14.4438077, 23.5918778,  0.7834395, -0.0158824, -0.6212356, -0.0060417)    0    0   5.00000000  0 0.200   0.00000000
(-33.5334929, -14.9312860, 30.1900777,  0.6814222, -0.6640886,  0.1909947,  0.2411868)    0    0   5.00000000  0 0.200   0.00000000
(-29.8681004, -4.1617194, 29.4235564, -0.6001613,  0.0205377,  0.0611594, -0.7972729)    0    0   5.00000000  0 0.200   0.00000000
(-36.8430491, -5.9465848, 22.7482938,  0.8819555,  0.0873843, -0.4430955, -0.1348514)    0    0   5.00000000  0 0.200   0.00000000
(-25.6210471, -9.1007632, 17.1108155,  0.3920647, -0.6401569, -0.6592930, -0.0426273)    0    0   5.00000000  0 0.200   0.00000000
(-23.1854915, -3.0793245, 21.5159612, -0.1566896, -0.9567192, -0.2348933, -0.0704406)    0    0   5.00000000  0 0.200   0.00000000
(-24.8614263, -16.7931891, 24.6043943,  0.2498223, -0.9522490, -0.1279997, -0.1201113)    0    0   5.00000000  0 0.200   0.00000000
(-30.6975711, -5.5165259, 27.2531267, -0.9146592, -0.2710347, -0.1152857,  0.2768537)    0    0   5.00000000  0 0.200   0.00000000
(-28.0657772, -1.7740764, 19.7897290, -0.5086427, -0.3831831,  0.4305681,  0.6395815)    0    0   5.00000000  0 0.200   0.00000000
(-27.6433209, -10.8586019, 18.5893254, -0.0223135, -0.0014034, -0.6109772, -0.7913324)    0    0   5.00000000  0 0.200   0.00000000
(-34.2992338, -3.2870248, 18.9552681, -0.4220396, -0.8919695, -0.0755424, -0.1434097)    0    0   5.00000000  0 0.200   0.00000000
(-24.7763002, -4.1447897, 28.3718523, -0.2635701, -0.9497174,  0.1511387, -0.0756624)    0    0   5.00000000  0 0.200   0.00000000
(-25.7926743, -15.7354694, 31.5589724, -0.1009057,  0.6295816,  0.0496872, -0.7687498)    0    0   5.00000000  0 0.200   0.00000000
(-34.5583761, -16.7176704, 20.1224465, -0.4797753, -0.8285748, -0.0465674, -0.2847996)    0    0   5.00000000  0 0.200   0.00000000
(-22.1000052, -10.8096475, 19.4733346,  0.1150136, -0.5027044, -0.8541778, -0.0666365)    0    0   5.00000000  0 0.200   0.00000000
(-31.8627835, -16.1528096, 21.6834604,  0.2215415,  0.6959285,  0.6564745, -0.1887965)    0    0   5.00000000  0 0.200   0.00000000
(-33.6469484, -11.3373910, 28.3613300,  0.3404209,  0.3566931,  0.8657300, -0.0859954)    0    0   5.00000000  0 0.200   0.00000000
(-29.8022748, -7.5952633, 29.0763954,  0.0326666,  0.0343970, -0.2407186, -0.9694350)    0    0   5.00000000  0 0.200   0.00000000
(-31.9970568, -17.7619028, 26.7351319, -0.0273507,  0.3089595,  0.3475720,  0.8848670)    0    0   5.00000000  0 0.200   0.00000000
(-34.3646718, -8.0294864, 24.4911090, -0.6962099,  0.2600151,  0.2467665, -0.6219246)    0    0   5.00000000  0 0.200   0.00000000
(-30.2849511, -4.7621854, 28.0679638, -0.6602632, -0.5889776,  0.4067831,  0.2273443)    0    0   5.00000000  0 0.200   0.00000000
(-30.2599279, -18.3446984, 27.1183830,  0.0609238,  0.3385166,  0.5324144,  0.7734531)    0    0   5.00000000  0 0.200   0.00000000
(-22.7586350, -3.8606287, 27.7170158, -0.8236824,  0.2448889,  0.1000514,  0.5015639)    0    0   5.00000000  0 0.200   0.00000000
(-32.8721184, -4.8157896, 31.2598108, -0.6735422,  0.0828813, -0.6471811, -0.3473158)    0    0   5.00000000  0 0.200   0.00000000
(-29.0763128, -10.6951401, 23.3845589,  0.1859495, -0.2779370,  0.8380741,  0.4310517)    0    0   5.00000000  0 0.200   0.00000000
(-33.4660905, -10.1267532, 18.6342051,  0.3245077, -0.9048328,  0.0387410,  0.2728945)    0    0   5.00000000  0 0.200   0.00000000
(-30.7041401, -2.7660137, 30.8657482,  0.5538345, -0.5405299, -0.5913856, -0.2266229)    0    0   5.00000000  0 0.200   0.00000000
(-23.8096478, -11.9500003, 28.9670217, -0.0307881,  0.1181831, -0.9372966,  0.3264352)    0    0   5.00000000  0 0.200   0.00000000
(-24.0706318, -15.8329527, 18.8798146, -0.1437786, -0.3498136, -0.6390118,  0.6697926)    0    0   5.00000000  0 0.200   0.00000000
(-35.0866826, -6.1027679, 24.7713933, -0.7040676, -0.6578682, -0.0614128, -0.2602436)    0    0   5.00000000  0 0.200   0.00000000
(-25.9446997, -10.9535542, 17.1231990,  0.5325171, -0.4273562, -0.6130576, -0.3974324)    0    0   5.00000000  0 0.200   0.00000000
(-22.6734255, -8.6113849, 30.5874185,  0.5705661,  0.5225137, -0.5829758, -0.2481389)    0    0   5.00000000  0 0.200   0.00000000
(-25.1486935, -10.4938029, 16.4908365, -0.0743055, -0.3048652,  0.4083620,  0.8571910)    0    0   5.00000000  0 0.200   0.00000000
(-29.9523443, -3.6041406, 20.7451870,  0.1149628, -0.0360549,  0.2864169, -0.9504993)    0    0   5.00000000  0 0.200   0.00000000
(-23.4504758, -14.3724541, 18.1277176, -0.0828639,  0.4745869,  0.5333056, -0.6953315)    0    0   5.00000000  0 0.200   0.00000000
(-26.8386143, -6.4067868, 15.1951238, -0.0497650, -0.4544945, -0.0130760, -0.8892621)    0    0   5.00000000  0 0.200   0.00000000
(-27.6468600, -10.8548800, 17.7693016,  0.5447464, -0.2253250, -0.4431649,  0.6753406)    0    0   5.00000000  0 0.200   0.00000000
(-28.5795768, -4.8167255, 30.5892699,  0.5715804,  0.5856224, -0.4203399, -0.3919905)    0    0   5.00000000  0 0.200   0.00000000
(-33.6676216, -5.1647206, 25.6922480,  0.2275646,  0.7659497,  0.5945306,  0.0898263)    0    0   5.00000000  0 0.200   0.00000000
(-31.9572906, -6.9786174, 32.6682236, -0.2008613,  0.6872571, -0.4744428, -0.5120903)    0    0   5.00000000  0 0.200   0.00000000
(-30.4808173, -2.6918730, 23.1436450, -0.2214728, -0.5624438,  0.2942391,  0.7402905)    0    0   5.00000000  0 0.200   0.00000000
(-27.5935866, -16.1125413, 30.4060048,  0.5571545, -0.8299753, -0.0200911,  0.0177826)    0    0   5.00000000  0 0.200   0.00000000
(-36.5991939, -8.0734999, 30.0462854,  0.5839720,  0.6709261,  0.4569783, -0.0024031)    0    0   5.00000000  0 0.200   0.00000000
(-32.7610079, -3.9733653, 22.3918263, -0.8070906,  0.1151913,  0.2893692,  0.5015986)    0    0   5.00000000  0 0.200   0.00000000
(-36.1166588, -13.3768601, 19.3725321,  0.7724221,  0.3900039,  0.3985741, -0.3039732)    0    0   5.00000000  0 0.200   0.00000000
(-27.5748885, -18.9293303, 24.6537231,  0.1581041, -0.5872653,  0.4400903, -0.6606384)    0    0   5.00000000  0 0.200   0.00000000
(-30.1245164, -10.6925349, 25.6687322, -0.5992843, -0.1435390, -0.6217100,  0.4834579)    0    0   5.00000000  0 0.200   0.00000000
(-32.8964882, -10.4253215, 20.3368874,  0.3523630,  0.8090311,  0.0159410, -0.4701648)    0    0   5.00000000  0 0.200   0.00000000
(-24.8013705, -9.1888858, 20.9678072,  0.8868925,  0.3573750,  0.2882157, -0.0513475)    0    0   5.00000000  0 0.200   0.00000000
(-32.4090079, -5.1985136, 16.2321885, -0.5623112,  0.7867480, -0.0299047, -0.2528624)    0    0   5.00000000  0 0.200   0.00000000
(-22.1318205, -6.2359627, 18.8770546, -0.6198825, -0.4174954, -0.3982591,  0.5318205)    0    0   5.00000000  0 0.200   0.00000000
(-30.1130286, -6.5502576, 20.9416837, -0.0086775, -0.2139386, -0.9694649,  0.1195524)    0    0   5.00000000  0 0.200   0.00000000
(-34.1499612, -6.0385182, 27.3161338, -0.8108714, -0.4057208, -0.1124019,  0.4065021)    0    0   5.00000000  0 0.200   0.00000000
(-30.6407448, -6.7928049, 23.7147035, -0.1433848,  0.8636970, -0.3938034, -0.2799771)    0    0   5.00000000  0 0.200   0.00000000
(-22.4221539, -5.6969387, 18.3374356, -0.5369248, -0.5724049, -0.2688970,  0.5583537)    0    0   5.00000000  0 0.200   0.00000000
(-25.1366285, -16.4936255, 18.3172568, -0.5398219,  0.4066223, -0.5783301,  0.4569299)    0    0   5.00000000  0 0.200   0.00000000
(-25.5291826, -12.4932948, 31.4897100, -0.5342692, -0.3223463, -0.6861588, -0.3739457)    0    0   5.00000000  0 0.200   0.00000000
(-26.5926393, -3.6609696, 19.3451269,  0.7631142,  0.1700001, -0.3483367, -0.5171250)    0    0   5.00000000  0 0.200   0.00000000
(-26.5027139, -14.3220987, 32.1725678,  0.1811992, -0.9258631,  0.1088341, -0.3132084)    0    0   5.00000000  0 0.200   0.00000000
(-33.4102570, -5.9249593, 20.0618900,  0.7211057, -0.3303508,  0.5969263,  0.1206397)    0    0   5.00000000  0 0.200   0.00000000
(-30.2029957, -6.7812282, 21.2389999, -0.1725368, -0.0332621, -0.4386381,  0.8813179)    0    0   5.00000000  0 0.200   0.00000000
(-22.8288925, -5.0441424, 29.2272296,  0.5569441,  0.4300597, -0.6078058,  0.3680136)    0    0   5.00000000  0 0.200   0.00000000
(-26.3006042, -10.5483521, 33.4568010, -0.8972274, -0.0058613,  0.2987528, -0.3251083)    0    0   5.00000000  0 0.200   0.00000000
(-22.1601241, -11.3637840, 23.7447815, -0.1535752, -0.9686887,  0.1683446,  0.0985747)    0    0   5.00000000  0 0.200   0.00000000
(-30.0868508, -10.4976763, 30.3802402, -0.7826237,  0.1205481, -0.4953636,  0.3571878)    0    0   5.00000000  0 0.200   0.00000000
(-26.8122232, -1.4263854, 23.8178514, -0.5049215, -0.1673067, -0.8463255, -0.0282112)    0    0   5.00000000  0 0.200   0.00000000
(-24.5816145, -5.0792078, 19.5990931, -0.0931033, -0.7926384, -0.1876811,  0.5725662)    0    0   5.00000000  0 0.200   0.00000000
(-25.9708343, -13.7554931, 20.0059173,  0.4829314,  0.2305087,  0.8334391, -0.1379213)    0    0   5.00000000  0 0.200   0.00000000
(-32.3712440, -4.0590258, 24.9122386,  0.2685222,  0.4960242,  0.4375747, -0.7002744)    0    0   5.00000000  0 0.200   0.00000000
(-34.3691690, -7.3906143, 24.1932245, -0.2270988, -0.9455818, -0.1593899,  0.1699886)    0    0   5.00000000  0 0.200   0.00000000
(-30.2390247, -3.3333395, 25.9880570,  0.1251900,  0.1093414,  0.9369186, -0.3074987)    0    0   5.00000000  0 0.200   0.00000000
(-25.5560975, -13.6654930, 26.0620359, -0.3907475, -0.1916532, -0.8247561,  0.3610579)    0    0   5.00000000  0 0.200   0.00000000
(-25.7585131, -6.2194014, 23.4228487,  0.1264947, -0.7572900, -0.5469685,  0.3336711)    0    0   5.00000000  0 0.200   0.00000000
(-28.0554527, -15.4896709, 23.6843450, -0.4981040, -0.2422411,  0.3354149, -0.7620424)    0    0   5.00000000  0 0.200   0.00000000
(-33.9958912, -15.8311175, 22.5829015, -0.1546779,  0.2078330, -0.6103846,  0.7485391)    0    0   5.00000000  0 0.200   0.00000000
(-36.4047312, -14.2594877, 21.9287626, -0.4637517, -0.0676078, -0.8748425,  0.1225322)    0    0   5.00000000  0 0.200   0.00000000
(-30.5708830, -12.7258375, 30.2264430,  0.6896086,  0.1984020, -0.5983590, -0.3564310)    0    0   5.00000000  0 0.200   0.00000000
(-32.7109319, -2.7013797, 29.8557504, -0.2997526,  0.0434948, -0.5863197, -0.7513227)    0    0   5.00000000  0 0.200   0.00000000
(-29.1395926, -15.5918884, 17.9830159, -0.4277786, -0.5686238, -0.6133160,  0.3428060)    0    0   5.00000000  0 0.200   0.00000000
(-25.3221587, -10.4430427, 18.0627949, -0.9059227, -0.4037490,  0.0777067, -0.1012546)    0    0   5.00000000  0 0.200   0.00000000
(-23.4031517, -8.0730005, 31.6443105,  0.7836439, -0.5114651,  0.0733148,  0.3448632)    0    0   5.00000000  0 0.200   0.00000000
(-20.1833075, -6.9503812, 22.0660724,  0.4568677, -0.5857571, -0.6692627, -0.0157468)    0    0   5.00000000  0 0.200   0.00000000
(-25.4793611, -17.2893277, 21.1765130,  0.2023830, -0.9194371,  0.1841615, -0.2824201)    0    0   5.00000000  0 0.200   0.00000000
(-32.0171946, -4.1297793, 17.6185457,  0.5451396,  0.1177088,  0.3354222,  0.7592492)    0    0   5.00000000  0 0.200   0.00000000
(-23.2912264, -5.0896278, 18.0219448,  0.7982406,  0.4159766,  0.4080128, -0.1526465)    0    0   5.00000000  0 0.200   0.00000000
(-29.9510351, -16.4769859, 28.4810817, -0.6988918, -0.0556122, -0.1440776, -0.6983547)    0    0   5.00000000  0 0.200   0.00000000
(-29.4438959, -11.4972095, 14.9630760, -0.3824009, -0.8650326,  0.1863450,  0.2660144)    0    0   5.00000000  0 0.200   0.00000000
(-26.9417105, -18.4925222, 21.5831852, -0.6385305, -0.4710635,  0.1857206,  0.5795565)    0    0   5.00000000  0 0.200   0.00000000
(-30.6555924, -2.8813576, 30.1927259,  0.3270487,  0.3612618,  0.2900976,  0.8236337)    0    0   5.00000000  0 0.200   0.00000000
(-23.6351963, -16.7461910, 28.8684850,  0.7538365,  0.6029517,  0.0177351, -0.2605096)    0    0   5.00000000  0 0.200   0.00000000
(-24.7188320, -11.9410071, 31.6656265,  0.3455002, -0.9087258, -0.0710832, -0.2231462)    0    0   5.00000000  0 0.200   0.00000000
(-30.6704069, -11.8347368, 20.1064597,  0.8632285,  0.1500779, -0.1888972,  0.4434310)    0    0   5.00000000  0 0.200   0.00000000
(-23.7715824, -17.8647933, 24.0178437,  0.4826914,  0.6554073, -0.2459531, -0.5262674)    0    0   5.00000000  0 0.200   0.00000000
(-35.9679317, -11.2638523, 17.3134146, -0.0963275,  0.3447284,  0.9299761,  0.0838317)    0    0   5.00000000  0 0.200   0.00000000
(-34.4157792, -9.9625441, 31.7938212, -0.0228509,  0.5652451, -0.3118976,  0.7633450)    0    0   5.00000000  0 0.200   0.00000000
(-28.0559045, -3.1956546, 21.5371588,  0.5647281,  0.5154087,  0.5786456,  0.2839109)    0    0   5.00000000  0 0.200   0.00000000
(-29.8397006, -5.5440675, 25.7469585,  0.1381601, -0.6814957,  0.6460749,  0.3147421)    0    0   5.00000000  0 0.200   0.00000000
(-31.1463390, -6.7139856, 24.6321545,  0.2133562, -0.7283512, -0.6495898,  0.0449075)    0    0   5.00000000  0 0.200   0.00000000
(-30.0598647, -10.5465335, 16.8819393,  0.5108106, -0.1007241,  0.5637338,  0.6411953)    0    0   5.00000000  0 0.200   0.00000000
(-21.5534654, -11.9288412, 27.7178509, -0.1486788,  0.1460071,  0.4704062,  0.8574932)    0    0   5.00000000  0 0.200   0.00000000
(-32.5976803, -4.9630522, 27.6157989,  0.6177155,  0.1447878,  0.6982116, -0.3316090)    0    0   5.00000000  0 0.200   0.00000000
(-31.9554976, -17.2494827, 19.3162200,  0.3672359,  0.0159301, -0.6557385, -0.6594626)    0    0   5.00000000  0 0.200   0.00000000
(-35.5559650, -5.4440518, 24.0325004,  0.3654991, -0.0238504,  0.3522501,  0.8612557)    0    0   5.00000000  0 0.200   0.00000000
(-27.8333059, -4.7849591, 24.5481757,  0.6697340, -0.0853570,  0.7274428,  0.1224642)    0    0   5.00000000  0 0.200   0.00000000
(-31.5054288, -12.2907087, 32.4702286,  0.8655347, -0.3242005, -0.2860802,  0.2527881)    0    0   5.00000000  0 0.200   0.00000000
(-32.7557573, -6.7424165, 28.2014451,  0.0386721,  0.6117533,  0.4364707,  0.6586013)    0    0   5.00000000  0 0.200   0.00000000
(-33.0330084, -11.8900554, 19.2272561, -0.3602066,  0.0271533, -0.5649243,  0.7418723)    0    0   5.00000000  0 0.200   0.00000000
(-31.2179213, -5.9032727, 16.1374715, -0.1069263, -0.0760037,  0.4944056,  0.8592749)    0    0   5.00000000  0 0.200   0.00000000
