#Coordinates  RecID  LigID  Luciferin  Neighbor's number  Vision Range  Scoring
(-2.2178613, -14.6250549, 51.9260528, -0.6831611, -0.3615629,  0.5568593, -0.3040904)    0    0   7.49012458  3 3.720   6.36173721
( 5.3015674, -19.5534920, 46.3662736, -0.6289398,  0.3200843, -0.1520570,  0.6919967)    0    0  10.73824116  4 3.880   7.18209945
( 0.6245594, -20.4690693, 50.2367773, -0.5756891, -0.7569635,  0.1638346,  0.2621955)    0    0   9.19884006  1 3.080   7.70226607
( 6.5090181, -12.4244676, 49.3599293, -0.2107427, -0.5446188, -0.8061358,  0.0955143)    0    0   8.81407661  3 3.320   6.86790523
( 4.4940350, -11.7050876, 39.9368477,  0.5967994,  0.7560964, -0.1389364,  0.2298812)    0    0 -45.31254888  4 3.800 -47.48784367
( 4.8810853, -19.6882407, 46.6889979, -0.4762180,  0.5987526, -0.1833343, -0.6173332)    0    0  12.17908755  0 4.200   8.14850721
( 6.3423374, -14.8172333, 53.5108141,  0.3138884, -0.5023842, -0.6943513,  0.4086079)    0    0   7.94919416  2 3.720   6.55048814
( 8.5226851, -17.8658563, 44.8378818, -0.5814942,  0.0274020, -0.0328324,  0.8124258)    0    0  -9.73430785  5 3.160   0.19591734
( 5.3702508, -15.0767253, 52.6973521,  0.5167415, -0.7121569, -0.3977945,  0.2599430)    0    0   9.98587422  1 4.040   6.75003548
( 8.4618537, -19.8275544, 48.5520554,  0.1870640,  0.5838806, -0.7221372, -0.3203254)    0    0  10.49325403  0 3.880   7.76893068
(10.2342142, -8.6956979, 49.5604779, -0.4758258, -0.6769391,  0.4233043, -0.3689942)    0    0   5.73242456  4 3.560   0.14580686
( 0.1266596, -8.0672299, 47.7450103, -0.8043810, -0.3228992, -0.0735202,  0.4932566)    0    0  -8.64101793  4 2.680  -1.21707807
( 7.9822930, -8.3370676, 52.3122279,  0.3737910, -0.1989172, -0.3608719, -0.8309535)    0    0   8.83381091  3 3.320   6.17743139
( 2.5522924, -4.2797853, 49.7601749, -0.0900898, -0.7687568,  0.6200246, -0.1283213)    0    0  15.62237596  0 4.200  10.45799742
( 0.0617919, -10.4580018, 43.8663862, -0.7254024, -0.1879611,  0.2234882,  0.6233097)    0    0  -4.84165543  0 4.040  -0.21357472
( 1.3633960, -6.5320156, 44.6924008, -0.1911031, -0.4855005, -0.7678026,  0.3718172)    0    0  -7.21683501  5 2.760  -0.65899539
( 9.0655182, -12.4144750, 46.8556792, -0.0025417, -0.5395278, -0.6524274,  0.5321347)    0    0  13.18782094  1 3.800  10.18595582
(-1.6467200, -10.8141069, 44.2743922,  0.7798321, -0.2231599, -0.5787307,  0.0844526)    0    0  -8.34948214  0 3.880  -0.99174707
( 3.2609491, -4.5064558, 46.2805835, -0.4362562, -0.4827345, -0.1322376,  0.7477708)    0    0 -12.60077144  0 4.040 -15.03954151
( 4.6727103, -9.4358779, 44.3892617, -0.7778310, -0.2858410,  0.2137430, -0.5172888)    0    0  -1.87712096  3 3.400  -1.04464605
( 1.7276546, -11.8014186, 44.8274043, -0.7399262, -0.3569322,  0.0472559, -0.5682214)    0    0  -4.54117944  2 3.960  -4.24646002
( 3.0838528, -10.1442542, 46.3034486,  0.9238438,  0.1318778,  0.2801986,  0.2249660)    0    0 -24.16990937  6 3.560 -29.03251469
( 8.1763426, -15.0150063, 45.8226801, -0.2925386,  0.6852421, -0.0489206, -0.6651851)    0    0  11.49673241  3 3.720   6.95130747
( 5.1049771, -14.7252479, 39.8682112, -0.8216214,  0.2079506, -0.4883041, -0.2079756)    0    0 -25.85376784  3 3.320 -13.59358474
( 2.8840442, -6.7144186, 45.2943597, -0.1942956, -0.5406835, -0.7176172,  0.3936192)    0    0  -0.05084675  3 3.240  11.45030585
( 5.4890181, -20.5654276, 48.3693633, -0.3649070,  0.6625851, -0.2888062, -0.5868687)    0    0   9.60166279  5 3.560   5.54138014
( 9.2878365, -13.5988532, 39.5702717, -0.0504894,  0.2323547, -0.6053218, -0.7596365)    0    0  -8.51135066  2 3.240  -1.28770939
( 4.0229836, -10.7118071, 52.1591487, -0.3085383, -0.4506879, -0.8060985, -0.2277934)    0    0   9.18959900  0 3.400   6.33077564
( 8.3064930, -8.0730668, 49.0985736, -0.2993407, -0.5016107,  0.3133681, -0.7487204)    0    0  11.52486078  2 4.040   7.70970275
( 3.5009258, -16.4339163, 52.5175615,  0.2997509, -0.8808989, -0.3633109,  0.0466020)    0    0   8.70681986  3 3.880   4.63996927
( 4.8318997, -18.9245495, 48.5189768, -0.4623221,  0.5868577, -0.2095447, -0.6308307)    0    0  10.41710091  3 3.000   7.72560982
( 3.5904674, -16.8617368, 40.4591009, -0.6646052,  0.5230787, -0.3208829,  0.4262896)    0    0 -16.60115069  2 3.720  -3.20604439
( 4.0807453, -18.4769509, 39.2988908, -0.8626449, -0.0217545, -0.2494476, -0.4394239)    0    0 -17.43249409  1 3.640  -9.96194934
( 4.5610726, -21.2250981, 47.7958787, -0.3233566,  0.6519800, -0.3544375, -0.5871428)    0    0   8.91175623  4 3.560   5.83414069
( 3.6986624, -17.6652271, 51.1182149,  0.5545698, -0.7919474, -0.1651316,  0.1949441)    0    0  10.60037106  0 4.200   7.08962691
( 0.2497322, -9.0709057, 42.5730577, -0.7557278, -0.1990576,  0.2485803,  0.5722406)    0    0 -19.68786951  2 3.560  -1.00670219
( 8.7763368, -17.2941047, 50.9158048,  0.2003381, -0.5250730,  0.4079406, -0.7195467)    0    0   8.94008460  1 4.120   5.97603581
( 4.1074573, -5.1653139, 49.1840009, -0.0904882, -0.7820964,  0.6006473, -0.1391398)    0    0  12.31421479  1 3.720   9.75051880
( 8.0665131, -7.5593920, 42.2133035,  0.7408857,  0.6125330,  0.1044927,  0.2548981)    0    0 -35.06473732  3 3.320 -19.32906949
( 8.1826457, -14.8280005, 45.8286841, -0.3924386,  0.6524113, -0.2220657, -0.6090982)    0    0  14.42747570  1 3.720  10.28692527
( 6.0269254, -19.9257300, 42.9956869, -0.5139108, -0.1646906,  0.8263206, -0.1611428)    0    0 -11.92862384  0 3.880   4.45168316
( 5.6182155, -17.7811825, 48.2821040,  0.5436874, -0.7186781,  0.3369047, -0.2727656)    0    0  10.57288963  1 4.120   7.07119450
(10.9965963, -16.7633265, 48.2214416,  0.6811613, -0.3058924,  0.0225494,  0.6647861)    0    0   7.03376194  1 3.880   6.68280773
(11.1717648, -14.2777937, 45.3186679, -0.7033744,  0.4072825, -0.2486384, -0.5268439)    0    0  12.09220376  1 4.120   8.09023232
( 5.7019728, -3.8733469, 48.3178180,  0.7828950,  0.1673348,  0.2716707,  0.5341062)    0    0  12.42904297  0 4.200   8.31615788
(-0.3015718, -8.1681265, 51.7842143, -0.8694248, -0.4100549, -0.1826907,  0.2063483)    0    0   7.57876336  4 3.400   4.63780752
( 7.8945033, -12.1484270, 48.8449529,  0.0677461, -0.5291996, -0.6892996,  0.4901269)    0    0   8.71071593  6 3.320   4.98535447
(-1.4421338, -21.6501190, 47.1745383, -0.0418410,  0.9018583,  0.3439204,  0.2581078)    0    0  -1.16672049  2 3.560   4.51326689
( 8.0808444, -14.4299209, 45.6963541, -0.3699456,  0.6447131, -0.2604803, -0.6161455)    0    0   8.38590262  5 2.680   8.40835327
( 0.3854943, -9.1165112, 43.4509924, -0.7550565, -0.1424466, -0.2158718,  0.6024931)    0    0 -34.73869756  4 3.160 -30.15771342
(-0.3806817, -10.3270966, 44.0268018, -0.7417671, -0.2238267,  0.2704776,  0.5714237)    0    0 -17.79569071  1 3.320   2.76480570
( 3.1765760, -7.1253255, 45.2465380, -0.2127788, -0.4923125, -0.7278576,  0.4272901)    0    0  -9.51257740  4 3.080   7.43090935
(10.9581257, -7.7337025, 44.7283562, -0.0515673,  0.4163349,  0.5806292,  0.6977649)    0    0   5.56122116  4 3.320   4.93984248
(10.1787253, -7.6953878, 48.4644179, -0.3341042, -0.5466268,  0.3679270, -0.6739460)    0    0  10.34143008  1 3.320   8.40319858
( 4.1894366, -20.3739154, 50.2184907, -0.5613877, -0.0453911,  0.6839641,  0.4636558)    0    0   6.88994482  3 3.000   3.99415551
( 2.0041501, -12.4900163, 54.4153705,  0.2721546, -0.6987800, -0.4017704,  0.5255653)    0    0   8.78971007  3 3.480   6.39210575
( 1.6918618, -15.0114701, 52.3950471, -0.1013365, -0.5279871, -0.8345809, -0.1201466)    0    0   8.94634104  0 3.720   5.73459153
( 2.0667136, -18.6575876, 47.5013181, -0.4056410, -0.8529015, -0.2966974,  0.1413688)    0    0   5.80972162  4 3.320   7.34175940
( 4.4953780, -13.3099679, 45.6020958, -0.6348981, -0.4680659,  0.0033130, -0.6146607)    0    0   5.47997940  0 4.200   3.65526620
( 7.6885319, -9.8332311, 39.6081193, -0.6661305, -0.3906160,  0.2999473,  0.5601080)    0    0 -24.11949820  1 3.560 -12.28947674
( 8.0986831, -9.4754170, 41.5993750, -0.5952134, -0.7118278,  0.2787017,  0.2476843)    0    0 -45.90136339  5 2.520 -23.83109122
( 1.9805286, -19.0581388, 47.4809559, -0.1969032, -0.9787223, -0.0575202,  0.0048204)    0    0   1.50825571  6 3.560  -8.46733651
( 4.2295489, -16.5291206, 53.0364970,  0.5431265, -0.7968429, -0.2246463,  0.1399606)    0    0   7.97201478  3 3.560   5.97521732
( 7.4344278, -14.5537608, 52.7104495,  0.2196823,  0.0220013, -0.2872735,  0.9320566)    0    0   8.81738992  2 3.800   6.24182971
(-0.3468196, -7.4317317, 52.6608225, -0.8547050, -0.4724362, -0.2051171,  0.0632197)    0    0  11.00901664  2 3.400   8.23978994
(-0.7731734, -12.9286029, 44.1033701, -0.4317969,  0.2975034,  0.8466959, -0.0902734)    0    0 -14.19763287  5 3.000  -9.55944626
(-0.1880136, -12.1030624, 53.0863208,  0.3149684, -0.6788492, -0.3908827,  0.5358818)    0    0  11.03718575  0 4.200   7.38260825
( 9.4899775, -11.9743526, 47.6678143, -0.2720115,  0.6553140, -0.3305409, -0.6223472)    0    0   6.56474220  2 3.480   7.15079506
( 1.6038935, -18.2079066, 42.0660577, -0.6140837,  0.6799418, -0.2307334,  0.3275326)    0    0  14.71855040  1 3.800  11.74005632
(-5.4323501, -13.6059419, 47.4077196, -0.2229022, -0.1933124,  0.8805261, -0.3709699)    0    0  11.53278565  1 4.120   7.71501814
( 5.5565231, -9.1618870, 44.5092926, -0.7692399,  0.0718217,  0.5935345,  0.2254517)    0    0  -1.67894295  4 3.240  -0.13999452
( 8.1947595, -20.6381563, 49.0101433,  0.3331547,  0.5347057, -0.7595693, -0.1617167)    0    0   9.64676596  1 3.560   7.20412896
( 5.9357929, -19.0232862, 46.0026485, -0.4761252, -0.1261583, -0.0515789,  0.8687511)    0    0   9.91602782  2 3.240   8.08203198
(-1.3554887, -21.9324560, 47.4748080, -0.0096684,  0.8910860,  0.3762192,  0.2536362)    0    0  10.77548168  0 4.200   7.20707751
( 9.0456408, -15.9922206, 40.1911684, -0.1300470,  0.1428447, -0.5415211, -0.8181919)    0    0 -17.00657151  6 3.000 -15.89729034
( 1.7460795, -20.6670365, 50.2916177, -0.8212582,  0.1180264,  0.4361542,  0.3483881)    0    0   2.95469955 12 3.080  -4.35598486
(-0.7454457, -12.3240111, 44.1784846,  0.5665646, -0.5287386, -0.6311967,  0.0321057)    0    0 -10.69986929  1 3.400  -7.85428908
( 4.7155744, -4.7357738, 48.8326767,  0.8205934,  0.5650624, -0.0821880,  0.0240025)    0    0   2.75983261  3 3.880   8.10375549
( 8.2305074, -16.2778454, 39.9689704, -0.0318797,  0.2671994, -0.5783300, -0.7701445)    0    0  15.78535946  0 3.880  12.12352738
( 4.9515722, -19.7539255, 46.3082266, -0.4767160,  0.5961969, -0.1848932, -0.6189457)    0    0  11.50081841  1 3.560   7.95454653
(-1.9538194, -17.2361647, 50.3994368, -0.6956936, -0.6481009,  0.2771073,  0.1385177)    0    0   5.85948625  2 3.320   0.70099392
( 0.8933114, -20.3086008, 49.9635682, -0.4787186, -0.8406255, -0.1757261,  0.1824765)    0    0   9.56139814  1 3.960   5.55583890
(-5.5054248, -11.3894147, 49.1635666,  0.6573825,  0.6740752,  0.3364147, -0.0172082)    0    0   9.97502577  0 3.720   6.94197164
( 8.7557399, -13.2963841, 46.5828093, -0.3844530,  0.6504872, -0.2583973, -0.6019079)    0    0  11.07628419  3 3.320   8.57371321
( 1.4482223, -8.8901583, 40.8212869, -0.8402173, -0.5301162,  0.0957505,  0.0619965)    0    0 -47.68748581  2 3.240 -24.97733872
( 1.9405663, -21.0989350, 46.4182458, -0.7368036,  0.3121666,  0.5970669,  0.0564237)    0    0   9.74733313  3 2.680   7.40465641
( 6.9750319, -9.8833709, 46.5753133,  0.1458062, -0.2079885, -0.6153560,  0.7462026)    0    0   9.16956376  3 3.880   8.41140112
( 4.9026036, -7.4576926, 52.6235759,  0.5203946, -0.3679323, -0.6286932, -0.4456010)    0    0  -7.28043956  6 3.000  -5.90070200
( 5.3827038, -9.3372360, 44.6851929,  0.4276236,  0.4040635,  0.2401158,  0.7721497)    0    0   0.89360751  5 3.320   0.44473126
( 2.2223726, -21.0144583, 46.8302786, -0.5730449,  0.3205659,  0.7247002,  0.2089660)    0    0  11.48066101  1 4.120   7.68005698
( 9.5380266, -18.4119893, 53.2314188, -0.1589046, -0.1433873, -0.8623048,  0.4589334)    0    0   9.69615658  0 4.200   6.48315012
( 4.9297763, -21.7482919, 50.4257225, -0.7720398,  0.2424564,  0.4298735,  0.4004724)    0    0   7.21638245  7 3.480   4.25356181
( 3.5972096, -11.3854525, 44.1515584,  0.9447216,  0.1176282, -0.1185582,  0.2821502)    0    0  -7.75548819  3 3.640  -4.55694838
( 4.2740389, -20.7531189, 50.2997866, -0.8054350,  0.0860882, -0.3416167,  0.4766144)    0    0   5.98367797  3 3.240   4.14364121
(11.2559160, -16.0892851, 44.4189368,  0.8870692, -0.1356484,  0.2488695,  0.3643786)    0    0   9.31746568  3 3.480   6.25368053
( 7.2261752, -9.6038853, 39.9007660,  0.7477204,  0.6602423,  0.0267997, -0.0653912)    0    0 -15.03384846  1 4.120 -10.10381494
( 7.0971400, -17.2581450, 39.2602791,  0.0519421,  0.3624300, -0.6008242, -0.7106031)    0    0 -14.44274356  3 3.800  -9.68021716
( 0.7700557, -11.3908182, 44.4684600,  0.9090796, -0.0032389, -0.2220220,  0.3525194)    0    0  -8.10355315  2 3.080  -2.53149522
( 1.7678977, -12.2859742, 43.8238439, -0.9178394, -0.1823888,  0.1864564, -0.2992311)    0    0 -16.92516547  5 2.920  -4.98330556
(-1.8740965, -11.3075668, 49.9028339, -0.5526172,  0.3902673, -0.6386804,  0.3665964)    0    0   3.78702717  2 3.880   4.04755636
(-0.4053482, -5.0893089, 47.3519819, -0.5433452, -0.7093230, -0.3683923,  0.2567568)    0    0 -26.56710029  2 4.040 -17.83942376
( 9.2192077, -16.2600466, 40.5679457, -0.0174544,  0.2536989, -0.5810426, -0.7731247)    0    0  15.51589528  1 4.040  11.08099179
( 5.5402256, -6.6831391, 52.0713235, -0.1836143, -0.7670190,  0.4514706, -0.4173031)    0    0   9.60752229  2 2.840   7.61326026
(-3.5929170, -13.6919770, 46.3368441, -0.3770787,  0.0128598,  0.9072296, -0.1859590)    0    0  11.96179461  0 4.200   8.00276400
( 7.6327416, -19.8137837, 47.4407334, -0.0823318,  0.5349081, -0.5917951, -0.5973888)    0    0   6.43352678  5 3.160   3.16177058
(-3.8371333, -13.9360490, 45.6701334,  0.3185456, -0.4092965, -0.6411324, -0.5656451)    0    0 -61.61739877  1 4.120 -41.34843944
( 0.8411168, -11.3525093, 44.5518600,  0.9224935, -0.0188796, -0.1716735,  0.3451565)    0    0  -3.97235758  0 3.640  -1.69146807
( 9.2658204, -11.1811139, 44.2424306, -0.7532578,  0.5553007,  0.1305692, -0.3274073)    0    0  -0.50273194  3 3.400   4.89977677
( 6.3299422, -13.3594318, 52.4559474,  0.2226846, -0.4737954, -0.3342476,  0.7837143)    0    0   9.27151128  0 3.720   7.52325583
(11.5205019, -8.8994204, 45.8713174, -0.2538255,  0.2874644,  0.5454820,  0.7452424)    0    0  12.98822190  1 3.880  10.25861755
(10.5322619, -7.2752567, 45.7736512, -0.1827969,  0.3136908,  0.5604439,  0.7443695)    0    0  10.73514046  2 3.800   9.36643232
(11.1387483, -7.6199633, 45.7313257, -0.2370929,  0.2824897,  0.5666984,  0.7367763)    0    0  13.53739257  0 4.040  10.43571142
( 0.7245670, -11.0770600, 42.6177164, -0.7734088, -0.2225370,  0.2931580,  0.5161147)    0    0 -44.34509225  5 3.320 -23.13533341
( 9.0386440, -14.6261966, 39.5642722, -0.0404628,  0.2391226, -0.5938634, -0.7671437)    0    0   0.92708949  3 3.240   5.60474038
( 3.7261767, -15.4818410, 52.2715348,  0.5223860, -0.6881399, -0.4344621,  0.2545959)    0    0   9.09593586  2 3.560   5.21947847
( 0.9103173, -8.3341309, 41.0212292, -0.8329759, -0.1140973,  0.2066107,  0.5004448)    0    0 -40.88393829  3 3.000 -20.67578979
(11.5140926, -14.9177943, 44.9366977,  0.8901138, -0.1262898,  0.2206404,  0.3782407)    0    0   9.86138753  2 3.720   6.83961095
(10.3367067, -8.3853155, 49.4511766, -0.4410652, -0.6404557,  0.3611807, -0.5146130)    0    0   5.36413993  5 3.560  -2.08089907
( 0.5337318, -16.9012354, 38.5797513,  0.9579749,  0.2150415, -0.0980375,  0.1625727)    0    0 -19.88104897  2 3.720 -12.45914719
(11.0460132, -16.8260607, 46.8457366,  0.8340606, -0.1810415,  0.1846675,  0.4873036)    0    0  10.22494819  2 3.880   8.11949928
( 8.0775590, -20.2789166, 49.2803390,  0.1021309,  0.5844737, -0.7119615, -0.3755936)    0    0   8.13462529  5 2.920   5.08587138
(-5.4731523, -11.7953047, 49.3899849,  0.6590459,  0.6734307,  0.3342289, -0.0205320)    0    0   9.64205958  1 4.040   6.73693215
( 4.1551380, -15.9546469, 53.4943529,  0.5497518, -0.7522813, -0.3558440,  0.0722553)    0    0   7.40777626  4 2.920   6.25612623
( 6.3932430, -7.0684661, 53.5440953,  0.3670535, -0.3321352, -0.5558399, -0.6678323)    0    0   9.73419418  3 3.640   6.50266745
( 8.6360389, -8.9115727, 42.6463624,  0.4069571,  0.6422260,  0.3924291,  0.5176206)    0    0 -25.42111822  3 3.640 -13.54746316
( 2.2036599, -21.0097291, 46.8241082, -0.5884797,  0.3169782,  0.7130662,  0.2115494)    0    0  10.97725723  2 3.640   7.60877272
( 0.0622383, -8.5601610, 41.3901322, -0.7701641, -0.1536119,  0.1979573,  0.5865693)    0    0 -36.26728704  3 3.640 -14.63446520
(-3.1531123, -19.3421507, 47.1478620, -0.0391589,  0.8581620,  0.4642380,  0.2156562)    0    0   7.23885477  1 3.960   5.56293041
( 8.2088037, -14.6965265, 45.8584805, -0.3921594,  0.6527785, -0.2162454, -0.6110067)    0    0  15.00752641  0 4.200  10.04560414
(-0.4631817, -17.8885081, 53.9725938, -0.4150324,  0.7601377, -0.0163393,  0.4996716)    0    0   9.92669806  0 4.200   6.63777943
(-4.7710387, -11.0214825, 46.7181206,  0.5259534,  0.6547669,  0.4620870,  0.2848313)    0    0   3.29630749  3 3.880   0.60218110
(-0.3022328, -9.5889596, 40.5800435, -0.7660983, -0.3030094,  0.3324228,  0.4591010)    0    0 -37.33812856  2 3.720 -12.19239261
( 1.7408209, -20.9983964, 46.3483554, -0.6924803,  0.3238248,  0.6424792,  0.0531885)    0    0  10.59765960  2 3.080   7.50429249
(-0.2591729, -7.4022487, 48.1033794, -0.8401248, -0.3336466,  0.0137034,  0.4274137)    0    0   1.27567090  1 3.320   7.04908914
( 3.9486874, -18.6216771, 39.3744130, -0.8638500, -0.0210042, -0.2424960, -0.4410415)    0    0 -14.48991229  0 4.200  -9.73898483
( 5.6207107, -6.8589983, 53.0991425,  0.0199720, -0.7453769,  0.2967131, -0.5966371)    0    0   8.53714140  2 4.040   5.70577283
( 6.1128509, -6.4854852, 53.3391543,  0.5161913, -0.3097150, -0.6340445, -0.4853975)    0    0  14.41410061  0 4.040  10.07773534
(-0.2670900, -12.4058683, 50.3974135, -0.8171649, -0.4246724, -0.1206108, -0.3706049)    0    0   4.90254749  1 4.040   3.36319148
( 0.5427748, -17.4015413, 38.5474836,  0.9432417,  0.2262888, -0.1037298,  0.2198378)    0    0 -16.97828924  0 4.120 -11.31218384
( 9.2371555, -16.6321597, 51.3322668,  0.0960781,  0.4855480, -0.2493060,  0.8323813)    0    0   8.03206145  3 3.720   5.31357228
( 8.1119885, -13.1024870, 50.4187090, -0.1197755,  0.9362984,  0.0406675,  0.3276359)    0    0   8.40274067  3 3.320   6.62251676
( 3.7873693, -12.8341161, 40.4790058,  0.5767810,  0.5945237, -0.4212504, -0.3693418)    0    0 -48.74331083  3 3.640 -14.74812590
( 0.1179195, -7.9093685, 48.7434381, -0.8563982, -0.4010777, -0.1014660,  0.3089068)    0    0   0.77984967  3 3.080   6.30754561
( 8.5777713, -19.9761975, 42.0763137,  0.2575554,  0.9380832,  0.0804241,  0.2172491)    0    0  10.35725346  0 4.200   6.92656252
( 2.2421901, -14.9203027, 56.1745072, -0.1203333,  0.1233795,  0.7122576, -0.6804312)    0    0   9.51358384  0 4.200   6.36069452
( 3.8413442, -9.5739722, 51.1609156, -0.1811069, -0.4569077, -0.8513976, -0.1831880)    0    0   5.96893107  3 3.240   5.00760575
( 9.4103578, -15.7559921, 40.3539734, -0.1421557,  0.0862120, -0.4301805, -0.8873015)    0    0 -17.92437343  6 3.000 -10.93271052
( 1.0910662, -16.3524311, 39.3307442,  0.8883499,  0.3751973, -0.2576704, -0.0605587)    0    0 -42.26055642  3 3.880 -48.06343390
( 0.1260241, -12.1016836, 53.2432243,  0.3096543, -0.6792930, -0.3951039,  0.5352770)    0    0  10.97985945  1 3.640   7.59990793
( 7.1774154, -19.8910363, 49.1532915, -0.6232279,  0.5424165, -0.0310296, -0.5625020)    0    0   8.68325577  3 3.480   5.00204776
(-0.1628145, -7.8874795, 50.7021145, -0.8665835, -0.4449085, -0.1323010,  0.1832643)    0    0  11.78572868  0 4.040   8.47613539
(-0.1000418, -9.9286010, 39.9332334,  0.6010977,  0.7501131, -0.2710329,  0.0505278)    0    0 -56.33501903  3 2.920 -38.85731638
( 2.6732376, -18.9188690, 47.8243323, -0.4150971, -0.8341363, -0.3206398,  0.1705906)    0    0  10.82952842  0 3.560   8.22811634
(-1.7170853, -12.9015066, 38.8861575, -0.0835924,  0.6560639,  0.7498443,  0.0180539)    0    0 -59.27214964  1 3.960 -36.00481449
( 9.7110009, -10.3383728, 44.3882604, -0.8226467,  0.2172371,  0.2927566,  0.4362957)    0    0   9.88256522  1 3.720   8.92280322
(-5.4907153, -11.3283499, 48.9558242,  0.6485783,  0.6761975,  0.3492907, -0.0099571)    0    0   7.00310048  2 3.240   6.23299666
( 8.6592421, -15.1765990, 39.6390726, -0.0513685,  0.2767642, -0.5799053, -0.7645081)    0    0   7.12153161  2 3.560   9.42349539
( 8.1774373, -13.7772558, 40.1613184, -0.3404666,  0.0017547, -0.6227402, -0.7044672)    0    0 -28.44791201  8 2.760 -27.20497776
( 4.3691412, -20.3468762, 50.0599420, -0.4788947,  0.2931485,  0.7436697,  0.3628763)    0    0  11.59861799  0 3.800   8.81012451
( 9.2421507, -12.8736162, 46.6716582, -0.0073729, -0.5412956, -0.6472185,  0.5367057)    0    0  13.41593359  0 3.720   9.92158040
( 7.1031450, -21.9456473, 49.6540782, -0.1318157, -0.3968890,  0.8990079,  0.1299561)    0    0   7.93914493  3 3.880   5.39476622
( 3.1827096, -7.0349341, 45.3397903, -0.1908089, -0.5711211, -0.7021459,  0.3800050)    0    0  17.31790212  0 4.200  11.59522458
( 6.3807899, -17.8613180, 45.6735244, -0.5224457, -0.1098424, -0.0909114,  0.8406665)    0    0   8.43328890  3 3.320   7.15957277
( 7.5942903, -17.9967154, 46.0037881, -0.5098980, -0.1207465, -0.0355127,  0.8509778)    0    0  10.17687996  1 3.880   7.98287646
( 6.2265912, -6.3360421, 53.1315439,  0.5250349, -0.3105227, -0.6292831, -0.4814559)    0    0  14.13452708  1 3.800  10.00837343
( 8.6634453, -9.2771708, 42.3548935,  0.3949479,  0.8551475,  0.1939310,  0.2740979)    0    0 -34.18226017  2 3.320 -20.45316016
(-3.8716228, -13.4749657, 46.1350569, -0.3644066,  0.0143021,  0.9111631, -0.1912558)    0    0   3.46676406  1 3.000   7.27629995
(-2.9429207, -17.4853873, 41.7572704,  0.9108415,  0.3721881,  0.1699964, -0.0542678)    0    0 -29.87232264  0 4.200 -20.05630999
(-4.2023401, -8.0941291, 47.6304151,  0.1799533,  0.3131319,  0.6879004, -0.6295699)    0    0 -28.96255824  0 4.200 -19.44611075
( 7.1122906, -14.1818827, 41.8497117, -0.8538635, -0.5052227, -0.1040372, -0.0695947)    0    0 -24.57239449  1 3.800 -20.31551696
( 3.2321687, -7.0875108, 45.3476536, -0.1881948, -0.5684610, -0.7064238,  0.3773072)    0    0   8.74330429  1 3.640   9.64244661
( 1.5109987, -18.3591877, 42.0221646, -0.6107290,  0.6856118, -0.2291083,  0.3231964)    0    0  15.31183403  0 4.040  11.80252691
( 5.2090192, -8.5846943, 41.1812549,  0.5028433,  0.6362457,  0.3424356,  0.4744238)    0    0  -4.26386922  0 4.200  -2.88015004
( 0.4700565, -17.3561438, 38.5863959,  0.9534952,  0.2217515, -0.1051917,  0.1749512)    0    0 -18.93180797  1 3.720  -9.21600511
(-1.0724501, -14.1149258, 45.6407632,  0.0124422, -0.6964094, -0.7090251,  0.1101932)    0    0 -11.47482905  3 3.000   1.53967992
( 1.2108864, -19.7751601, 43.0066918, -0.6079991,  0.7283011, -0.2091505,  0.2370037)    0    0   4.23103501  3 3.240   6.75720722
(-4.0687443, -17.4508215, 49.5645385,  0.0735398,  0.7328048,  0.6746472,  0.0493981)    0    0   5.72580012  1 3.880   7.61013357
( 6.4117502, -8.0539439, 53.2165159, -0.2061467, -0.5807314,  0.2866527, -0.7335426)    0    0   9.20366045  7 3.320   6.34839371
( 1.6688955, -11.7314897, 52.2889155, -0.0188084, -0.6364598, -0.7517554, -0.1715488)    0    0   3.02964047  6 2.840   3.94070666
(-0.2788478, -12.9328519, 43.8971639,  0.5758973, -0.4926938, -0.6523702,  0.0028699)    0    0 -18.47092102  5 3.080  -7.92528840
(-0.1626968, -7.8879266, 50.7005269, -0.8663664, -0.4253715, -0.0957667,  0.2435098)    0    0  10.20102405  3 3.240   8.33824733
(-1.3722740, -13.4710826, 38.4359664,  0.0162449,  0.6135512,  0.7810334, -0.1152294)    0    0 -36.58777865  0 4.200 -24.56051587
( 4.8498995, -11.1321224, 51.4686174, -0.2149821, -0.5349256, -0.8166777,  0.0259792)    0    0   9.12418144  2 3.800   5.99895669
( 8.5347128, -13.5611129, 46.2674447, -0.3780358,  0.6511107, -0.2713988, -0.5995720)    0    0  10.66277023  4 2.680   8.50985275
( 4.5150030, -11.0429148, 52.1311033, -0.2627336, -0.4916795, -0.8196912, -0.1316385)    0    0   8.66168058  3 3.000   5.92263306
( 8.5002276, -19.7197310, 48.6971359,  0.4066094,  0.4120630, -0.7795617, -0.2390741)    0    0   8.32637645  4 3.080   5.17735928
( 6.9837956, -11.6869016, 48.3635087, -0.0946192, -0.5613268, -0.7549554,  0.3255791)    0    0  11.19359241  1 4.120   7.48751368
(-2.3923305, -16.5561632, 50.0201629, -0.6093242, -0.1851939,  0.7688543, -0.0573602)    0    0   4.71360591  6 3.240   0.80898566
( 8.1772307, -13.5722980, 41.9223181, -0.5881561, -0.0574266, -0.5662244, -0.5745994)    0    0 -12.79331953  1 3.960  -8.42969552
(-2.4429810, -12.2975373, 44.8512580,  0.0295389,  0.5400908,  0.5837551,  0.6055240)    0    0 -35.33512753  2 3.480 -41.38369436
(-2.5977474, -13.0865579, 51.3727289, -0.9577879, -0.1269747,  0.2467572, -0.0750376)    0    0  -1.56322287  4 3.000   1.71092331
( 9.4334308, -7.3652589, 48.2312157, -0.2790931, -0.4897304,  0.3237209, -0.7599184)    0    0  11.64260782  0 3.880   8.17764000
(-0.3004182, -7.5953050, 52.1435330, -0.8659657, -0.4563797, -0.1666974,  0.1184606)    0    0  11.72090486  1 4.120   7.84119388
( 2.2511215, -19.9288048, 51.1257230, -0.7959873, -0.2389462, -0.0227984,  0.5556881)    0    0   8.56973921  1 3.800   6.05583516
( 5.7719214, -19.3325993, 47.1161535, -0.5020771,  0.4985216, -0.1633528, -0.6875396)    0    0   7.38026068  7 3.080   7.35621640
( 7.5212273, -13.8117805, 40.3315080, -0.5969439, -0.2902292, -0.5191901, -0.5383927)    0    0 -36.11772807  3 3.080 -25.15229890
( 5.7027923, -6.8530610, 52.4576916, -0.1649308, -0.7607775,  0.4671923, -0.4192217)    0    0  10.15782880  2 3.640   7.13695511
( 2.1336512, -21.1715291, 48.3582219, -0.7827932,  0.2519717,  0.5602528,  0.0993074)    0    0   8.17831023  5 2.600   6.00767184
( 8.3043545, -6.1387280, 44.9959055,  0.0708800,  0.3334088,  0.5587758,  0.7560319)    0    0   7.03629373  1 3.560   7.78907175
( 0.6982554, -7.8783331, 42.5529802, -0.6812802, -0.1660163, -0.4790322,  0.5280380)    0    0 -55.44615842  5 3.000 -50.93539051
