#Coordinates  RecID  LigID  Luciferin  Neighbor's number  Vision Range  Scoring
(-10.4114743,  8.1443900, 27.9494024,  0.1820624, -0.2521065,  0.9502494,  0.0179367)    0    0  32.11290721  0 0.480  21.68916143
(-9.5196113, 16.1007413, 26.2491252,  0.0239244, -0.3826164, -0.1371388, -0.9133592)    0    0  15.48266818  7 0.240  10.06727031
(-19.0238613, 13.0581395, 26.0056571, -0.1834005,  0.1292731,  0.4594432,  0.8593979)    0    0   8.54541424  7 0.320   5.94518366
(-9.4329757, 16.0970183, 26.0254463,  0.0226542, -0.3822032, -0.1383095, -0.9133882)    0    0  18.80038868 12 0.000  12.72972680
(-19.2718584, 12.7391951, 26.5575224, -0.1834005,  0.1292731,  0.4594432,  0.8593979)    0    0   9.26004044  1 5.000   6.22854951
(-9.8609083,  8.4701688, 27.9401239,  0.1818657, -0.2520367,  0.9503050,  0.0179635)    0    0  32.45496912  0 0.480  21.48246850
(-6.8912499, 12.6205595, 26.9473824, -0.2408640, -0.0996530,  0.6831835,  0.6820911)    0    0  17.82826697  4 0.560  17.05033847
(-2.0410322,  9.9064189, 31.1494600, -0.9712366, -0.2349259, -0.0387269,  0.0030955)    0    0  22.54165516  0 0.600  15.20072470
(-19.1907768, 12.8809945, 26.4218708, -0.1834005,  0.1292731,  0.4594432,  0.8593979)    0    0   8.25438890  2 0.720   5.42496370
(-5.5129614, 11.9796167, 34.4471716,  0.5156351,  0.2336521,  0.1479354, -0.8109515)    0    0  31.29672824  5 0.400  20.97805700
(-19.1777696, 12.7348512, 26.0455170, -0.1834005,  0.1292731,  0.4594432,  0.8593979)    0    0   9.09102085  3 1.360   6.13953470
(-6.8600945, 13.0366199, 26.6422827, -0.2533888, -0.0964794,  0.6834859,  0.6777184)    0    0  13.46434109  4 0.680  13.94449158
(-6.1028504, 11.8623872, 34.3355063,  0.5156351,  0.2336521,  0.1479354, -0.8109515)    0    0  31.63632863  1 5.000  21.08981531
(-10.3622020,  8.2716822, 27.8017168,  0.1817936, -0.2520110,  0.9503255,  0.0179745)    0    0  33.25323711  6 0.560  22.51132359
(-2.7156227,  9.5164346, 30.8694447, -0.9712374, -0.2349291, -0.0386832,  0.0031389)    0    0  22.02463170  8 0.320  14.49196566
(-6.3240386, 11.7078210, 28.6884065, -0.2279729, -0.1028964,  0.6827756,  0.6864824)    0    0  35.76361880 14 0.000  24.05418071
(-10.0407121,  8.8414571, 28.0705390,  0.1818396, -0.2520272,  0.9503124,  0.0179696)    0    0  32.75831408  7 0.160  21.98985405
(-6.5480237, 11.7046265, 28.3129573, -0.2279729, -0.1028964,  0.6827756,  0.6864824)    0    0  35.60808351  0 0.480  23.48133472
(-6.3669560, 11.9160278, 28.3137726, -0.2279729, -0.1028964,  0.6827756,  0.6864824)    0    0  36.69807061  0 5.000  24.46538048
(-6.4015228, 11.9904383, 28.1433305, -0.2279729, -0.1028964,  0.6827756,  0.6864824)    0    0  36.03349941  9 0.320  24.03857812
(-10.1332964,  8.4707293, 27.9671921,  0.1816652, -0.2519651,  0.9503618,  0.0179959)    0    0  33.23852160  4 0.480  22.17747964
(-6.8362024, 12.8672584, 26.8000416, -0.2360886, -0.1008577,  0.6830459,  0.6837331)    0    0  18.03589437  5 1.160  16.63361844
(-18.7377669, 13.2873781, 26.2042428, -0.1834005,  0.1292731,  0.4594432,  0.8593979)    0    0   4.01895974  1 0.480   3.25684120
(-9.1908802, 16.2943854, 26.3730977,  0.0232891, -0.3824099, -0.1377244, -0.9133741)    0    0  18.91113434  6 0.160  12.36308296
(-10.5599283,  8.3820611, 27.2838616,  0.1818879, -0.2520446,  0.9502988,  0.0179605)    0    0  33.32591025  1 0.720  22.36936392
(-5.6715552, 12.0389994, 34.4571289,  0.5156351,  0.2336521,  0.1479354, -0.8109515)    0    0  31.64730537  0 5.000  21.09821800
(-8.9992652, 16.3358603, 26.3068255,  0.0226575, -0.3822043, -0.1383065, -0.9133881)    0    0  19.44202922  8 0.200  13.54436492
(-10.3941563,  7.8702153, 27.9244996,  0.1819253, -0.2520577,  0.9502882,  0.0179571)    0    0  33.08431666  6 0.480  22.36266377
(-10.4483741,  8.7145352, 27.6660787,  0.1817417, -0.2519926,  0.9503401,  0.0179813)    0    0  33.48182774  5 1.040  22.31894111
(-10.6667245,  8.3587623, 27.7768374,  0.1818445, -0.2520285,  0.9503111,  0.0179745)    0    0  32.43415495  0 0.640  21.54661632
(-9.0429043, 15.9727531, 25.9930726,  0.0226613, -0.3822055, -0.1383030, -0.9133880)    0    0  17.64233124  0 0.400  12.96026097
(-6.8639557, 12.5085061, 27.2655200, -0.2306902, -0.1022158,  0.6828744,  0.6855712)    0    0  21.08900039 15 1.000  17.39530771
(-19.3051319, 12.5367367, 26.2872947, -0.1834005,  0.1292731,  0.4594432,  0.8593979)    0    0   8.32306585  2 0.480   5.45542179
(-9.9974250,  8.7191078, 28.3606730,  0.1817464, -0.2519941,  0.9503388,  0.0179825)    0    0  32.77941255  0 0.400  21.70508457
(-6.0361181, 12.1044131, 34.5492669,  0.5156351,  0.2336521,  0.1479354, -0.8109515)    0    0  30.91195401  2 0.640  20.48230454
(-6.7527677, 12.2452565, 27.4122406, -0.2296872, -0.1024674,  0.6828396,  0.6859095)    0    0  22.93575367  2 1.080  18.14750002
(-5.6491704, 12.0480043, 34.4630252,  0.5156351,  0.2336521,  0.1479354, -0.8109515)    0    0  31.09223026 10 0.120  21.03360507
(-10.1345453,  9.0120023, 28.1818531,  0.1816424, -0.2519569,  0.9503682,  0.0180004)    0    0  32.98969829  9 0.160  22.07365398
(-6.2780394, 12.1666327, 28.5439455, -0.2279729, -0.1028964,  0.6827756,  0.6864824)    0    0  35.08772325  9 0.000  23.75838500
(-5.5876179, 12.1564977, 34.1757899,  0.5156351,  0.2336521,  0.1479354, -0.8109515)    0    0  30.88301586  6 0.440  20.57508322
(-9.6046188, 10.2470399, 30.0723941,  0.9143064, -0.3504407, -0.1350028, -0.1516886)    0    0  37.38278607  8 0.480  24.82688988
(-9.3808150, 15.8620554, 25.9268107,  0.0230773, -0.3823409, -0.1379195, -0.9133787)    0    0  18.92867693  0 0.400  13.62581926
(-16.3477092,  8.4430267, 30.5432832,  0.3568380, -0.8596063, -0.3564252, -0.0818822)    0    0  27.71949320  4 5.000  18.64756663
(-19.2877037, 12.5821089, 26.2468338, -0.1834005,  0.1292731,  0.4594432,  0.8593979)    0    0   6.91412949 10 0.080   3.23620096
(-9.0587260, 10.1377070, 29.9159108,  0.9143064, -0.3504407, -0.1350028, -0.1516886)    0    0  38.47323760  1 5.000  25.68022026
(-9.1133879, 15.9186660, 26.0126753,  0.0226541, -0.3822032, -0.1383096, -0.9133882)    0    0  19.65236193  4 2.200  13.17550288
(-6.0925030, 17.8364014, 29.3444307,  0.0506349, -0.7096620,  0.3924099, -0.5829497)    0    0  19.97866240  3 5.000  13.93842544
(-7.4627308, 13.3659719, 25.8438111, -0.2539207, -0.0963463,  0.6835057,  0.6775405)    0    0  13.60069036  0 1.000  10.87409217
(-10.1127412,  8.5173559, 27.9674546,  0.1817422, -0.2519921,  0.9503400,  0.0179891)    0    0  32.73292029  0 0.480  22.03136755
(-9.4175305, 10.3339959, 30.2892239,  0.9143064, -0.3504407, -0.1350027, -0.1516886)    0    0  37.45056869  0 0.480  25.12394452
(-10.2659519,  8.8899477, 28.2497576,  0.1817715, -0.2520030,  0.9503317,  0.0179793)    0    0  32.70095594  0 0.400  22.05880109
(-19.1252016, 12.8886809, 26.1275239, -0.1834005,  0.1292731,  0.4594432,  0.8593979)    0    0   8.54627639  3 0.560   5.78195108
(-6.1287775, 12.0600258, 28.4453765, -0.2279729, -0.1028964,  0.6827756,  0.6864824)    0    0  35.87791631  5 0.320  23.86667657
(-8.8252469, 16.2035697, 26.1412128,  0.0226540, -0.3822032, -0.1383096, -0.9133882)    0    0  19.86776075  1 0.960  13.69563265
(-9.6877829, 15.9728625, 26.1807792,  0.0230775, -0.3823410, -0.1379194, -0.9133787)    0    0  18.08581773  9 0.080  12.76252335
(-9.5914182,  9.5700141, 29.2869127,  0.9118781, -0.3825583,  0.0424708, -0.1425611)    0    0 -16.93522107  3 0.960 -13.83362526
(-2.6361086,  9.5231000, 31.0982107, -0.9712370, -0.2349275, -0.0387050,  0.0031172)    0    0  22.80281832  1 3.880  15.42528189
(-10.2238458,  8.3554850, 27.8626808,  0.1816894, -0.2519739,  0.9503549,  0.0179902)    0    0  33.21378596  5 0.400  22.32583567
(-19.1654841, 12.7448472, 26.0036035, -0.1834005,  0.1292731,  0.4594432,  0.8593979)    0    0   9.22044884  2 4.720   6.21969118
(-9.0710454, 10.0988791, 29.8025325,  0.9143064, -0.3504407, -0.1350027, -0.1516886)    0    0  37.86299031  6 0.320  25.30675490
(-10.7839926,  8.0945143, 28.0964991,  0.1868212, -0.2538049,  0.9488725,  0.0171112)    0    0  32.32213372  0 0.560  22.62387813
(-9.5521234, 10.2543184, 30.0721464,  0.9143064, -0.3504407, -0.1350028, -0.1516886)    0    0  38.30829422  3 0.720  25.69551290
(-6.7450170, 12.4986427, 27.2122751, -0.2301312, -0.1023560,  0.6828550,  0.6857598)    0    0  21.12297523  5 1.720  17.17183305
(-9.2488749, 10.1736538, 29.9774484,  0.9143064, -0.3504407, -0.1350027, -0.1516886)    0    0  37.84136300  4 0.640  25.02493660
(-5.8547005, 11.9448968, 34.3895474,  0.5156351,  0.2336521,  0.1479354, -0.8109515)    0    0  30.97192240 10 0.320  20.71433370
(-9.0244043, 16.3451632, 26.4504152,  0.0228656, -0.3822721, -0.1381147, -0.9133835)    0    0  19.64454161  5 5.000  12.87921122
(-19.6226713, 12.6171911, 26.2459126, -0.1834005,  0.1292731,  0.4594432,  0.8593979)    0    0   6.97845438  0 0.480   3.61795827
(-6.0707861, 12.1594783, 28.4017416, -0.2279729, -0.1028964,  0.6827756,  0.6864824)    0    0  36.19805453  3 0.720  24.31482435
(-2.9349649,  9.2463533, 31.2429380, -0.9712366, -0.2349259, -0.0387269,  0.0030955)    0    0  22.41516848  7 0.280  14.97701092
(-6.2774113, 12.0995083, 28.0588422, -0.2279729, -0.1028964,  0.6827756,  0.6864824)    0    0  35.75727063  0 0.640  23.67024248
(-2.1935071,  9.7835421, 31.1085368, -0.9712370, -0.2349275, -0.0387050,  0.0031172)    0    0  22.55850898  6 3.400  14.80790241
(-9.0921140, 10.2274204, 29.8546265,  0.9143064, -0.3504407, -0.1350027, -0.1516886)    0    0  37.15945167  2 0.640  24.68377534
(-9.7668865, 15.9883084, 26.1916539,  0.0226540, -0.3822032, -0.1383097, -0.9133882)    0    0  19.62621586  6 0.480  13.32982946
(-10.9656028, 16.8553936, 28.0797551,  0.2350607, -0.4343105,  0.0646655, -0.8671443)    0    0  16.90859859  3 3.080  11.33221345
(-10.3244507,  8.3416369, 27.7922281,  0.1817295, -0.2519883,  0.9503436,  0.0179821)    0    0  33.62445523  2 1.760  22.47471197
(-6.0228079, 12.2032154, 28.3984573, -0.2279729, -0.1028964,  0.6827756,  0.6864824)    0    0  35.82975415  0 0.400  24.05979112
(-6.8696785, 12.7709572, 26.8322963, -0.2349512, -0.1011461,  0.6830191,  0.6841310)    0    0  17.71203301  7 1.240  16.68392461
(-9.5180213, 10.2360309, 30.0555813,  0.9143064, -0.3504407, -0.1350028, -0.1516886)    0    0  38.57524895  0 5.000  25.71695734
(-6.7967618, 11.6770297, 28.7826717, -0.2279729, -0.1028964,  0.6827756,  0.6864824)    0    0  35.95371480  2 0.400  24.08799855
(-6.0466527, 17.7461939, 29.3887384,  0.0506349, -0.7096620,  0.3924099, -0.5829497)    0    0  20.86340689  1 5.000  14.08793499
(-6.0939335, 12.1450489, 28.3950459, -0.2279729, -0.1028964,  0.6827756,  0.6864824)    0    0  36.03556660  8 0.400  24.24533101
(-5.6547263, 11.9821526, 34.3393037,  0.5156351,  0.2336521,  0.1479354, -0.8109515)    0    0  31.22157652  4 0.560  20.63810829
(-6.0793406, 12.1564845, 28.4005180, -0.2279729, -0.1028964,  0.6827756,  0.6864824)    0    0  36.49578914  1 5.000  24.35209732
(-10.3496462,  7.9440636, 27.8265434,  0.1817788, -0.2520059,  0.9503296,  0.0179747)    0    0  33.63456412  1 1.760  22.33103463
(-6.5959904, 12.3157596, 27.6026159, -0.2288619, -0.1026740,  0.6828092,  0.6861858)    0    0  24.09552109 22 0.320  18.71740079
(-9.0858328, 16.0336797, 26.0789497,  0.0226540, -0.3822032, -0.1383097, -0.9133882)    0    0  19.81095392  2 1.840  13.25721013
(-5.6076562, 12.0651656, 34.4751480,  0.5156351,  0.2336521,  0.1479354, -0.8109515)    0    0  31.43321598  4 2.640  20.92644333
(-10.1746988,  8.3640444, 27.9443981,  0.1817541, -0.2519968,  0.9503366,  0.0179814)    0    0  32.62793242  0 0.400  22.01439782
(-9.3925537, 10.5859228, 29.9477577,  0.9143064, -0.3504407, -0.1350027, -0.1516886)    0    0  37.81233476 12 0.080  25.38165787
(-16.3876953,  8.4553657, 30.5480409,  0.3568380, -0.8596063, -0.3564252, -0.0818822)    0    0  27.61888350  6 4.680  18.66622204
(-5.5905987, 12.2430112, 34.7901008,  0.5156351,  0.2336521,  0.1479354, -0.8109515)    0    0  30.74234462 12 0.080  20.27531819
(-8.9221719, 15.6571546, 26.0737035,  0.0226599, -0.3822051, -0.1383043, -0.9133881)    0    0  16.36252082  2 0.640   9.90302495
(-8.8568626, 16.3334320, 26.4067961,  0.0228658, -0.3822721, -0.1381145, -0.9133835)    0    0  19.22926134  7 0.080  13.17962923
(-19.2995577, 12.5980072, 26.5528372, -0.1834005,  0.1292731,  0.4594432,  0.8593979)    0    0   5.72670752  7 0.240   1.04385783
(-9.7640241, 16.2773649, 25.8973558,  0.0228660, -0.3822722, -0.1381143, -0.9133835)    0    0  16.72492871  9 0.160  11.15864638
(-6.4691916, 11.8305159, 28.2829506, -0.2279729, -0.1028964,  0.6827756,  0.6864824)    0    0  36.36428621  2 2.480  24.32922333
(-10.6041246,  8.1651707, 27.7930682,  0.1819820, -0.2520781,  0.9502721,  0.0179466)    0    0  32.22384389  1 0.480  20.93045380
(-2.2104574,  9.7703304, 31.1356944, -0.9712374, -0.2349291, -0.0386832,  0.0031389)    0    0  22.52383394  8 0.800  14.78736984
(-19.1176839, 12.7385018, 25.7336620, -0.1834005,  0.1292731,  0.4594432,  0.8593979)    0    0   8.81354926  4 0.800   6.12056106
(-9.2569425, 15.7164522, 26.0723337,  0.0230777, -0.3823410, -0.1379192, -0.9133787)    0    0  16.13225771  0 0.480  11.48187859
(-10.2280635,  8.2921238, 28.2197215,  0.1818398, -0.2520270,  0.9503124,  0.0179728)    0    0  32.70395524  0 0.400  21.69809152
(-9.1538740, 10.1339349, 29.8721598,  0.9143064, -0.3504407, -0.1350027, -0.1516886)    0    0  37.99775782  0 0.480  25.53788379
(-2.1833663,  9.7865735, 31.1064340, -0.9712378, -0.2349307, -0.0386613,  0.0031606)    0    0  22.57651219  2 0.880  15.08333598
(-6.8443335, 12.6240747, 26.9664568, -0.2348879, -0.1011620,  0.6830172,  0.6841527)    0    0  18.52972454  5 1.320  17.13663564
(-10.1590149,  9.0859994, 28.0469186,  0.1817846, -0.2520075,  0.9503280,  0.0179788)    0    0  32.99107850  0 0.480  21.98070028
(-6.3320820, 11.8438496, 28.2685939, -0.2279729, -0.1028964,  0.6827756,  0.6864824)    0    0  35.56597057  7 0.240  23.61823261
(-2.6698991,  9.4525517, 30.9438310, -0.9712374, -0.2349291, -0.0386832,  0.0031389)    0    0  21.74041789  0 0.400  14.03235480
(-9.4014118, 15.8934790, 26.0106001,  0.0228658, -0.3822721, -0.1381145, -0.9133835)    0    0  19.65933395  2 0.760  13.03238055
(-7.5316639, 13.3565163, 25.8055579, -0.2636010, -0.0938607,  0.6836011,  0.6740043)    0    0   9.87931123  5 0.600  11.45776031
(-10.2930331,  8.4415136, 27.8712999,  0.1818258, -0.2520224,  0.9503163,  0.0179701)    0    0  33.52699532  2 0.960  22.60645502
(-11.4563606, 16.5735983, 28.2559964,  0.2350608, -0.4343105,  0.0646655, -0.8671443)    0    0  16.98851753  2 1.960  11.42547198
(-9.5394866, 10.2406261, 30.0621088,  0.9143064, -0.3504407, -0.1350028, -0.1516886)    0    0  38.38135623  2 2.160  25.56834031
(-5.7832629, 11.9301678, 34.3222230,  0.5156351,  0.2336521,  0.1479354, -0.8109515)    0    0  31.31494461  6 0.920  20.69895116
(-19.2422523, 12.6079973, 26.0832714, -0.1834005,  0.1292731,  0.4594432,  0.8593979)    0    0   7.61942376 15 4.200   3.52537654
(-9.1428594, 16.0173775, 26.0979668,  0.0226579, -0.3822044, -0.1383061, -0.9133881)    0    0  18.78432442 10 0.160  12.63655976
(-10.8355350, 16.6335924, 27.7537538,  0.1303582, -0.4129921, -0.0372426, -0.9005872)    0    0  17.12547787  5 4.120  11.43737491
(-9.1379754, 16.3933882, 26.0054801,  0.0235046, -0.3824797, -0.1375257, -0.9133685)    0    0  16.19101733  0 0.400  10.04428835
(-9.9811222,  9.0883035, 28.5945544,  0.8797058, -0.4021980,  0.2185620, -0.1287833)    0    0 -20.99590469  0 0.800 -19.83775262
(-8.6954391, 16.2882137, 26.1253170,  0.0226540, -0.3822032, -0.1383096, -0.9133882)    0    0  19.20735099  5 0.160  12.91427737
(-6.3412706, 11.8058488, 28.5135256, -0.2279729, -0.1028964,  0.6827756,  0.6864824)    0    0  34.71071375 20 0.000  23.35996302
(-9.5004953, 10.2322791, 30.0502518,  0.9143064, -0.3504407, -0.1350028, -0.1516886)    0    0  38.27351484  4 2.440  25.60446080
(-9.0743882, 10.1859242, 29.9128312,  0.9143064, -0.3504407, -0.1350028, -0.1516886)    0    0  37.99617243  8 0.480  25.32253099
(-10.3317606,  8.7673687, 27.8789955,  0.1818708, -0.2520383,  0.9503036,  0.0179656)    0    0  32.81411367  0 0.400  22.11956752
(-9.1485328, 16.0362419, 26.0904296,  0.0226539, -0.3822031, -0.1383098, -0.9133882)    0    0  20.17503315  0 5.000  13.45075717
(-9.4554173, 10.2981033, 30.1781093,  0.9143064, -0.3504407, -0.1350028, -0.1516886)    0    0  37.91976757 11 1.560  24.86068022
(-6.2425011, 18.1315124, 29.1994794,  0.0506349, -0.7096620,  0.3924099, -0.5829497)    0    0  20.80217258  2 5.000  13.71490486
(-9.2453008, 10.3106796, 30.3721241,  0.9143064, -0.3504407, -0.1350027, -0.1516886)    0    0  37.40684568 10 0.200  25.16060871
(-6.3252551, 12.2695847, 28.4160380, -0.2279729, -0.1028964,  0.6827756,  0.6864824)    0    0  35.80631821  8 0.080  23.92512618
(-6.3090244, 11.6501656, 34.0007558,  0.5156351,  0.2336521,  0.1479354, -0.8109515)    0    0  31.25358143  0 0.800  20.73654567
(-10.5443584,  8.5143281, 28.0485553,  0.1818130, -0.2520180,  0.9503199,  0.0179705)    0    0  32.80566187  0 0.400  21.79949980
(-15.7860595,  8.3396033, 30.4130820,  0.3568380, -0.8596063, -0.3564252, -0.0818822)    0    0  27.69708799  5 5.000  18.32219081
(-6.3344248, 12.0239278, 28.1965717, -0.2279729, -0.1028964,  0.6827756,  0.6864824)    0    0  36.06674829  4 0.640  23.97900168
(-9.5599377, 10.2356155, 30.0505441,  0.9143064, -0.3504407, -0.1350028, -0.1516886)    0    0  38.27218450  5 0.720  25.55566547
(-5.7719654, 11.9254495, 34.3091388,  0.5156351,  0.2336521,  0.1479354, -0.8109515)    0    0  31.19911615  9 0.320  20.60450503
(-10.6211623,  8.0793039, 27.6118717,  0.1818245, -0.2520207,  0.9503167,  0.0179851)    0    0  32.02797202  0 0.480  21.50026844
(-9.5477484, 10.0804389, 29.7184368,  0.9143064, -0.3504407, -0.1350028, -0.1516886)    0    0  37.77761544  4 0.480  25.30677075
(-10.1096753,  8.3568149, 27.9499993,  0.1816596, -0.2519630,  0.9503634,  0.0179977)    0    0  32.89163541  8 0.160  22.14694658
(-18.9760989, 12.5472282, 26.0386174, -0.1834005,  0.1292731,  0.4594432,  0.8593979)    0    0   6.99063117  0 0.520   5.51251042
(-19.2253743, 12.6663513, 26.1258991, -0.1834005,  0.1292731,  0.4594432,  0.8593979)    0    0   8.52266834  4 0.560   5.75719601
(-10.3658923,  8.4601897, 27.7949814,  0.1817158, -0.2519835,  0.9503474,  0.0179842)    0    0  33.38016368  6 1.040  22.38116380
(-19.4629352, 12.0997782, 26.6292046, -0.1834005,  0.1292731,  0.4594432,  0.8593979)    0    0   6.25923307  8 0.400   2.85891953
(-9.3161101, 16.1654828, 26.1451000,  0.0226557, -0.3822037, -0.1383081, -0.9133881)    0    0  19.37767812  7 0.400  12.72876701
(-9.4287535, 10.1631857, 30.2326502,  0.9143064, -0.3504407, -0.1350028, -0.1516886)    0    0  37.68541236  0 0.560  25.16927016
(-2.5615986,  9.5669470, 31.0999256, -0.9712366, -0.2349259, -0.0387269,  0.0030955)    0    0  22.82355271  0 5.000  15.21571167
(-5.8741075, 11.8349494, 34.3576636,  0.5156351,  0.2336521,  0.1479354, -0.8109515)    0    0  31.20630810  5 0.480  20.64383756
(-8.8326449, 16.1435867, 26.2220459,  0.0228725, -0.3822743, -0.1381083, -0.9133834)    0    0  18.93566293 11 0.000  13.39548306
(-19.0796174, 13.0058816, 26.1627307, -0.1834005,  0.1292731,  0.4594432,  0.8593979)    0    0   8.25115449  1 0.480   5.37787402
(-11.1098314, 16.7824158, 28.0746119,  0.2349358, -0.4342905,  0.0645415, -0.8671974)    0    0  15.18900698  6 0.760  11.32566119
(-6.2428150, 18.1321300, 29.1991760,  0.0506349, -0.7096620,  0.3924099, -0.5829497)    0    0  21.17554423  0 5.000  14.11702949
(-7.0336450, 13.5160858, 26.0144385, -0.2763268, -0.0905863,  0.6836983,  0.6693238)    0    0   5.23463925  4 0.920   5.19774160
(-2.1284060,  9.7844479, 31.0774633, -0.9712366, -0.2349259, -0.0387269,  0.0030955)    0    0  22.31844892  0 0.400  15.44564000
(-2.6380207,  9.5226838, 31.0921412, -0.9712366, -0.2349259, -0.0387269,  0.0030955)    0    0  22.72359484  2 0.920  15.37248515
(-16.4684281,  8.4705012, 30.5657920,  0.3568380, -0.8596063, -0.3564252, -0.0818822)    0    0  27.79719905  1 4.040  18.53289650
(-19.2459449, 12.7289682, 26.3948318, -0.1834005,  0.1292731,  0.4594432,  0.8593979)    0    0   8.62539641  4 0.720   5.55834167
(-19.2046241, 12.7360932, 26.1916764, -0.1833956,  0.1292696,  0.4594309,  0.8593748)    0    0   9.38509578  0 5.000   6.25673052
(-10.2992481,  8.3914748, 27.8651310,  0.1817593, -0.2519989,  0.9503351,  0.0179777)    0    0  33.63849197  0 1.920  22.21377043
(-10.3455499,  8.3823359, 28.0099042,  0.1871588, -0.2539253,  0.9487715,  0.0170470)    0    0  32.36879154  5 0.400  22.43513852
(-15.9923919,  8.3762576, 30.4622426,  0.3568380, -0.8596063, -0.3564252, -0.0818822)    0    0  27.79524890  2 5.000  18.67351527
(-5.5040288, 12.1864180, 34.6331005,  0.5156351,  0.2336521,  0.1479354, -0.8109515)    0    0  31.53572987  3 1.120  21.10830116
(-2.9200955,  9.3926172, 30.9614645, -0.9712374, -0.2349291, -0.0386832,  0.0031389)    0    0  21.27439504  0 0.400  13.52292585
(-9.1585399, 10.0298977, 29.8641637,  0.9143064, -0.3504407, -0.1350027, -0.1516886)    0    0  37.98431758  9 0.400  25.31500004
(-19.3141363, 12.6962239, 26.7625470, -0.1834005,  0.1292731,  0.4594432,  0.8593979)    0    0   7.97715056  1 0.720   5.55527494
(-2.4388765,  9.5048070, 30.9023394, -0.9712374, -0.2349291, -0.0386832,  0.0031389)    0    0  21.56138285  1 0.640  13.58187392
(-6.6140438, 11.6605450, 28.1803144, -0.2279729, -0.1028964,  0.6827756,  0.6864824)    0    0  36.07153468  5 0.560  24.24205184
(-8.8161219, 15.5111167, 26.0430408,  0.0226544, -0.3822033, -0.1383093, -0.9133882)    0    0  15.48839494  0 0.480   9.29037991
(-5.9843643, 12.2258711, 34.4735717,  0.5156351,  0.2336521,  0.1479354, -0.8109515)    0    0  31.35286784  3 0.640  20.95896551
(-10.1406170,  8.5871670, 28.1052730,  0.4881195, -0.3495873,  0.7987976, -0.0380846)    0    0  -4.31900848 57 0.000 -41.15597159
(-15.3967039,  8.2523158, 30.3393214,  0.3568380, -0.8596063, -0.3564252, -0.0818822)    0    0  27.46361661  7 3.880  18.68190761
(-6.5086079, 11.8184751, 28.2376012, -0.2279729, -0.1028964,  0.6827756,  0.6864824)    0    0  36.03658747  4 0.400  24.09706282
(-9.3057629,  9.8697995, 29.8203593,  0.9143064, -0.3504407, -0.1350028, -0.1516886)    0    0  38.15927385  4 0.480  25.62510841
(-9.8266329, 10.1523881, 29.9912637,  0.9143064, -0.3504407, -0.1350027, -0.1516886)    0    0  37.47243309  0 0.480  24.66228441
(-9.3731877, 16.2680554, 25.9999811,  0.0230811, -0.3823422, -0.1379161, -0.9133786)    0    0  15.93735610  0 0.560  10.44542117
(-16.3670680,  8.4517801, 30.5411281,  0.3568380, -0.8596063, -0.3564252, -0.0818822)    0    0  27.74445522  3 2.920  18.67931098
(-9.4911716, 16.0785233, 26.1713581,  0.0226540, -0.3822032, -0.1383097, -0.9133882)    0    0  19.55793178  7 4.360  12.88523822
(-10.5028784,  8.0667882, 27.4837310,  0.1818412, -0.2520282,  0.9503120,  0.0179648)    0    0  32.96937710  3 0.560  21.67944177
(-9.0692287, 15.9772030, 26.0207827,  0.0226609, -0.3822054, -0.1383033, -0.9133880)    0    0  17.68958780  0 0.400  12.89427291
(-10.3437606,  8.9920122, 28.0674871,  0.1817637, -0.2520004,  0.9503339,  0.0179781)    0    0  32.42716082 22 0.000  21.43359360
(-10.2772161,  8.5014678, 28.1629159,  0.1854860, -0.2533294,  0.9492635,  0.0173417)    0    0  32.69272006  0 0.400  22.08459380
(-6.9216590, 13.1481420, 26.4623955, -0.2544543, -0.0961964,  0.6834566,  0.6772841)    0    0  12.35799654  6 0.680  13.63457287
(-2.0283281,  9.8820421, 31.1026922, -0.9712370, -0.2349275, -0.0387050,  0.0031172)    0    0  22.68002212  3 0.920  15.12557998
(-10.6015035,  7.8769427, 27.4764360,  0.1818183, -0.2520200,  0.9503184,  0.0179683)    0    0  33.12604354  2 0.480  22.15812763
(-19.0473007, 12.5078646, 25.7356443, -0.1834005,  0.1292731,  0.4594432,  0.8593979)    0    0   8.04950010  0 0.480   5.07872090
(-6.4176231, 18.4760530, 29.0302495,  0.0506349, -0.7096620,  0.3924099, -0.5829497)    0    0  18.94010565  4 5.000  11.91585373
(-2.1298748,  9.8774134, 31.1371563, -0.9712366, -0.2349259, -0.0387269,  0.0030955)    0    0  22.48544695  4 0.920  15.03613655
(-6.5561261, 11.9244127, 28.0115771, -0.2280999, -0.1028647,  0.6827805,  0.6864401)    0    0  28.52606211 21 0.040  22.45485900
(-11.0499538, 16.8172621, 28.0507218,  0.2350607, -0.4343105,  0.0646655, -0.8671443)    0    0  17.02363097  1 3.880  11.37462148
(-6.3875256, 11.9001756, 28.3071371, -0.2279729, -0.1028964,  0.6827756,  0.6864824)    0    0  36.33889288  3 5.000  24.04221371
(-11.2238767, 16.7130326, 28.1382604,  0.2350608, -0.4343105,  0.0646655, -0.8671443)    0    0  16.80592403  4 3.000  11.37189761
(-5.4105961, 12.2747165, 34.7761864,  0.5156351,  0.2336521,  0.1479354, -0.8109515)    0    0  31.21686092  2 0.320  21.16014650
(-5.9486748, 12.0348727, 34.6092250,  0.5156351,  0.2336521,  0.1479354, -0.8109515)    0    0  31.14696554  6 0.320  20.85919404
(-19.3121606, 12.6562195, 25.5432664, -0.1834005,  0.1292731,  0.4594432,  0.8593979)    0    0   7.90916185  9 0.080   5.56827501
(-16.1004192,  8.3976449, 30.4857401,  0.3568380, -0.8596063, -0.3564252, -0.0818822)    0    0  27.98628456  0 5.000  18.65764416
(-6.2813263, 11.8417921, 28.2687619, -0.2279729, -0.1028964,  0.6827756,  0.6864824)    0    0  35.61147366  8 0.240  23.75933688
(-10.4488984,  8.6276057, 28.2808364,  0.1817407, -0.2519921,  0.9503404,  0.0179832)    0    0  32.45876315  0 0.400  21.49380117
(-9.9582674,  8.7383146, 28.1941929,  0.7993212, -0.4082630,  0.4280556, -0.1057135)    0    0 -37.80909983  4 1.120 -28.10594823
(-5.6591443, 12.0440816, 34.4606287,  0.5156351,  0.2336521,  0.1479354, -0.8109515)    0    0  31.60692110  2 5.000  21.06135133
(-10.3304651,  8.2773419, 27.7852635,  0.1817084, -0.2519807,  0.9503495,  0.0179871)    0    0  33.57464230  3 0.560  22.68284426
(-8.6878699, 10.3693689, 30.0183391,  0.9143064, -0.3504407, -0.1350027, -0.1516886)    0    0  37.98006696  6 0.240  25.45543149
(-2.2058538,  9.7492335, 31.3042602, -0.9712370, -0.2349275, -0.0387050,  0.0031172)    0    0  22.60879790  4 1.800  14.93783960
(-11.6164009, 16.4785764, 28.3311714,  0.2350608, -0.4343105,  0.0646656, -0.8671442)    0    0  15.53129192  5 2.440   8.99524341
