#Coordinates  RecID  LigID  Luciferin  Neighbor's number  Vision Range  Scoring
(-11.2629521,  8.8564355, 27.5048880,  0.1799353, -0.2516609,  0.9507737,  0.0178718)    0    0  29.87344265  7 1.720  19.91932636
(-10.2762147, 17.0079991, 26.3184371,  0.0240007, -0.3881550, -0.1345155, -0.9113627)    0    0  10.98141716  5 1.800  10.29630297
(-19.2004724, 12.8069014, 25.9636848, -0.1833603,  0.1292722,  0.4594590,  0.8593981)    0    0   8.78577898  5 4.920   5.90733044
(-10.2747267, 16.8959423, 26.1224717,  0.0086796, -0.3892540, -0.1478013, -0.9091539)    0    0   9.80859789  7 0.600   8.89292690
(-19.2763448, 12.7279234, 26.5565391, -0.1833607,  0.1292730,  0.4594625,  0.8593960)    0    0   8.35679057  8 4.760   4.98758753
(-12.0166517,  9.2353941, 27.4583562,  0.1806067, -0.2513312,  0.9507213,  0.0184958)    0    0  28.77550566  0 0.480  19.27822797
(-8.6228210, 13.4239680, 21.3654681,  0.3552087,  0.0693613, -0.6811473, -0.6364378)    0    0 -30.58704527  2 3.880 -17.53884414
(-2.9832651,  8.7596086, 30.6259443, -0.9712638, -0.2348223, -0.0386522,  0.0033382)    0    0  14.92907195  2 2.200  11.57573575
(-19.1640072, 12.5604292, 26.3493071, -0.1832938,  0.1292708,  0.4594820,  0.8594002)    0    0   6.90141875  6 0.240   3.43619662
(-8.7629742, 15.0341997, 31.7643572,  0.4752893,  0.4017500,  0.4616983,  0.6320852)    0    0  24.18301121  1 3.880  16.71286519
(-17.9935842, 12.2711943, 24.9807327, -0.1831709,  0.1286220,  0.4596587,  0.8594290)    0    0 -20.96691815  6 2.040  -9.96322398
(-8.6329223, 13.5581977, 21.4368761,  0.3551202,  0.0690524, -0.6808737, -0.6368141)    0    0 -29.90516290  1 5.000 -18.32093299
(-7.9817464, 11.6011624, 34.4385959,  0.5156164,  0.2336176,  0.1479722, -0.8109665)    0    0  28.60311331  6 4.920  18.80047079
(-10.5952588,  7.3227894, 31.2384229, -0.9233845,  0.3235649,  0.1933285, -0.0727384)    0    0  30.93467186  2 4.280  20.62115763
(-3.2354417,  8.6387379, 30.6661228, -0.7533438, -0.2708015, -0.3511705, -0.4856119)    0    0 -12.43788250 10 2.280   3.92956377
(-5.4413776, 11.7381357, 27.4639198, -0.2280736, -0.1040191,  0.6834487,  0.6856094)    0    0  33.69760032  2 5.000  22.42603007
(-11.3531536,  9.1126691, 27.5023071,  0.1802855, -0.2516715,  0.9507050,  0.0178476)    0    0  30.42799265  5 0.720  20.51117684
(-5.5386679, 11.6123166, 27.5824320, -0.2280481, -0.1035504,  0.6831626,  0.6859739)    0    0  30.98261206 14 0.000  22.81596468
(-5.2471782, 11.9768059, 27.9019971, -0.2280579, -0.1039982,  0.6834452,  0.6856213)    0    0  33.81177748  1 1.560  22.69315216
(-5.2897174, 11.8692429, 27.5992023, -0.2276674, -0.1020121,  0.6824342,  0.6870499)    0    0  30.71842472  8 0.320  20.46864204
(-10.9895128,  6.6943612, 31.3971864, -0.9243898,  0.3257110,  0.1846712, -0.0723291)    0    0  28.35521172  7 1.000  21.86000219
(-8.4829464, 13.5508507, 21.5166526,  0.3582791,  0.0745546, -0.6827042, -0.6324419)    0    0 -41.89215293  6 0.520 -19.65381798
(-19.2917837, 12.7176548, 26.6158362, -0.1833932,  0.1292728,  0.4594458,  0.8593980)    0    0   9.10319256  1 5.000   6.18073326
(-12.6321375, 17.1785710, 28.4019676,  0.2351389, -0.4343986,  0.0647758, -0.8670707)    0    0  16.24475343  1 2.840  10.99936920
(-11.6259723,  9.1771795, 27.3131156,  0.1799608, -0.2516856,  0.9507629,  0.0178401)    0    0  29.61346329  1 0.840  19.79888862
(-8.8752861, 13.2089256, 33.3287950,  0.5032740,  0.2237299,  0.1369581, -0.8233485)    0    0  17.21663922 13 2.120  12.09036835
(-9.9750838, 16.7428521, 25.6004942, -0.0006319, -0.3924107, -0.1563482, -0.9063248)    0    0  -1.77636464 12 1.240   2.57246480
(-11.0033159,  6.6858190, 31.3984619, -0.9234044,  0.3236943,  0.1932067, -0.0722297)    0    0  30.36733131  6 2.200  20.89599679
(-11.7042705,  8.8418712, 27.1506088,  0.1808447, -0.2512725,  0.9506890,  0.0185925)    0    0  25.99453273  6 0.520  19.38225715
(-11.0510717,  8.4920636, 27.5708700,  0.1801365, -0.2515328,  0.9507672,  0.0179967)    0    0  30.43827325  4 2.280  20.87066345
(-12.1361090, 17.1347826, 28.4608159,  0.2330434, -0.4346600,  0.0630992, -0.8676251)    0    0  13.48704894  8 0.280  10.35147019
(-8.3825308, 13.6461756, 21.6028498,  0.3552259,  0.0697880, -0.6817452, -0.6357389)    0    0 -34.61727267  8 1.640 -21.85817248
(-18.4767428, 12.5601990, 25.4996319, -0.1831893,  0.1291259,  0.4595665,  0.8593991)    0    0  -9.39774992  5 1.400   0.43163707
(-11.7452150,  8.3412373, 27.3527841,  0.1799295, -0.2517085,  0.9507641,  0.0177736)    0    0  29.41977744  2 0.520  19.66583840
(-8.5171564, 11.7816113, 34.4665047,  0.5156214,  0.2336265,  0.1479681, -0.8109616)    0    0  28.81175748  2 2.120  19.57963969
(-7.8333848, 13.5255633, 21.8108119,  0.3549273,  0.0688847, -0.6809523, -0.6368554)    0    0 -31.56627037  3 3.160 -18.35531083
(-9.0465813, 14.4753683, 32.3503468,  0.2906042,  0.0645409, -0.0337904, -0.9540660)    0    0  20.07513750  4 4.680   8.39327328
(-11.2826519,  8.8094539, 27.4706699,  0.1800936, -0.2515602,  0.9507686,  0.0179634)    0    0  29.71832259  5 0.680  19.80015202
(-5.3920819, 11.5506293, 27.1949006, -0.2280464, -0.1040119,  0.6834625,  0.6856059)    0    0  32.27785109  2 0.320  22.62810038
(-8.3463454, 11.5272716, 34.7663385,  0.5155951,  0.2335905,  0.1479997, -0.8109829)    0    0  28.65202119  5 3.720  19.48919804
(-13.0933683, 11.2935205, 30.2846904,  0.9145092, -0.3511561, -0.1316959, -0.1516807)    0    0  26.23247924  2 0.680  18.65118322
(-11.7010271, 17.0883241, 27.8355114,  0.2238455, -0.4301280,  0.0527955, -0.8729810)    0    0   7.86549988  1 1.720   5.82972304
(-17.3311834,  9.6829528, 31.0478156, -0.3517695, -0.8602073, -0.3681992,  0.0270354)    0    0  22.61032987  2 5.000  15.07546346
(-18.7007194, 12.6062407, 25.5771604, -0.1833405,  0.1291660,  0.4594875,  0.8594031)    0    0  -6.13225651  6 1.160   4.04438945
(-12.7685653, 11.3016783, 29.6281388,  0.7309718, -0.4017172,  0.5444223, -0.0889262)    0    0  28.25557655  6 4.280  18.77392845
(-9.7210839, 16.5681864, 25.2762956,  0.0033569, -0.3894197, -0.1582780, -0.9073013)    0    0  -3.43525702 13 1.560   0.28701248
(-6.5036696, 18.6516582, 28.9367100,  0.0506607, -0.7096919,  0.3923622, -0.5829433)    0    0  20.29703256  2 5.000  13.90444304
(-8.0582993, 13.4189615, 21.6679910,  0.3549965,  0.0689503, -0.6809479, -0.6368146)    0    0 -32.27920385  5 1.720 -16.59072481
(-10.6684032,  7.4779577, 30.9430230, -0.9233847,  0.3235659,  0.1933258, -0.0727388)    0    0  31.52887818  1 3.240  21.10450185
(-12.8483479, 11.5762426, 29.9175587,  0.9142853, -0.3504200, -0.1351364, -0.1517440)    0    0  27.60804973  1 0.760  18.54315405
(-11.4140953,  9.5815716, 27.3208815,  0.1803843, -0.2515276,  0.9507182,  0.0181644)    0    0  28.31037398 10 0.120  20.38666813
(-19.4408837, 12.4798333, 26.0794821, -0.1832666,  0.1292712,  0.4595137,  0.8593890)    0    0   6.59457503  0 0.520   3.30373062
(-5.4392646, 11.6436307, 27.2025110, -0.2280551, -0.1039855,  0.6834407,  0.6856287)    0    0  32.93504406  7 4.360  22.74282048
(-9.6767946, 17.3212445, 26.1662627,  0.0055330, -0.3922690, -0.1503139, -0.9074275)    0    0   7.30227835 10 0.520   4.58899070
(-10.3114513, 16.9803556, 26.2860214,  0.0166364, -0.3860543, -0.1418125, -0.9113062)    0    0   9.59679256  9 2.200   7.28199108
(-10.7021382,  7.2555092, 31.1579209, -0.9233865,  0.3235595,  0.1933290, -0.0727360)    0    0  30.73245567  3 3.960  20.46261315
(-3.2292664,  8.5888454, 30.7442780, -0.9712603, -0.2348476, -0.0385824,  0.0033921)    0    0  15.35328165  1 3.880  12.23052166
(-11.4974055,  8.8052744, 27.6587180,  0.1801745, -0.2515098,  0.9507659,  0.0180066)    0    0  30.45598097  2 1.000  20.66233246
(-19.1478993, 13.0527306, 25.9474989, -0.1829520,  0.1290334,  0.4596897,  0.8593976)    0    0   3.97988843  0 0.440   0.76285527
(-12.8939910, 11.7998372, 29.9774871,  0.9142891, -0.3503869, -0.1352511, -0.1516954)    0    0  28.36888356  2 2.840  19.19521733
(-11.6628977,  8.9368848, 27.2454643,  0.1808088, -0.2512880,  0.9506929,  0.0185482)    0    0  27.55137539  0 0.520  19.74323678
(-12.7624861, 11.2594121, 30.1518842,  0.9165631, -0.3602600, -0.0875441, -0.1498696)    0    0  17.32982882  2 0.680  17.93471977
(-8.2815069, 13.9153524, 21.7574468,  0.3558011,  0.0704260, -0.6814971, -0.6356098)    0    0 -36.00434038  9 0.200 -19.35465779
(-12.8046065, 12.0930639, 29.8252831,  0.9168212, -0.3680112, -0.0465627, -0.1477787)    0    0  12.26656792 20 0.280  17.75926491
(-8.4501705, 11.7393651, 34.4985566,  0.5156106,  0.2336155,  0.1479784, -0.8109697)    0    0  28.18871724 10 3.400  19.11309915
(-10.3433959, 17.1778973, 26.5502134,  0.0079654, -0.3897828, -0.1480449, -0.9088942)    0    0   8.10918223  5 0.520   8.60504044
(-19.3020690, 12.5498615, 26.3187205, -0.1833289,  0.1292603,  0.4594806,  0.8593951)    0    0   8.15477937  4 0.440   5.37836449
(-5.2987671, 11.8208359, 27.5169378, -0.2280329, -0.1039027,  0.6834000,  0.6856892)    0    0  33.46900578  5 3.720  23.07108703
(-4.7209133,  8.8231889, 32.6229388, -0.0589922,  0.3966825,  0.2314765,  0.8863304)    0    0  21.29104298  1 5.000  13.79423098
(-5.0118595, 12.0463565, 27.7449598, -0.2280849, -0.1037532,  0.6832519,  0.6858420)    0    0  32.15236673 10 0.000  22.40984169
(-3.1206220,  8.7387048, 30.7950447, -0.9712337, -0.2349464, -0.0386722,  0.0030983)    0    0  14.65015844  3 1.560  11.93272918
(-18.0998328,  9.2157020, 30.9533226, -0.3517701, -0.8602073, -0.3681986,  0.0270362)    0    0  22.07835832  8 4.760  14.30382896
(-12.7884686, 17.1226185, 28.5839508,  0.2350889, -0.4344075,  0.0647741, -0.8670799)    0    0  16.03929294  4 2.280  11.01626856
(-12.3537304, 17.1282791, 28.4165465,  0.2351402, -0.4344050,  0.0647820, -0.8670658)    0    0  16.39716556  0 4.840  10.97114907
(-11.7356914,  9.0311728, 27.6385997,  0.5664357, -0.3649537,  0.7387548,  0.0141697)    0    0 -36.85526845  0 0.400 -28.77304040
(-5.3244999, 11.8227206, 27.5573307, -0.2280105, -0.1037403,  0.6833063,  0.6858144)    0    0  33.49996987  4 0.720  23.00809884
(-8.3636321, 13.6532009, 21.6160975,  0.3552300,  0.0696301, -0.6814902, -0.6360283)    0    0 -34.41754196  7 1.080 -22.05931906
(-12.6030923, 12.1190817, 29.6638199,  0.9142805, -0.3504839, -0.1349528, -0.1517893)    0    0  27.04047634 12 0.000  18.93510671
(-5.2687952, 11.9773125, 27.9302701, -0.2279337, -0.1034570,  0.6831715,  0.6860171)    0    0  32.80819182  9 2.760  22.88597229
(-6.0628332, 17.7523083, 29.4154931,  0.0506405, -0.7096683,  0.3923998, -0.5829484)    0    0  20.19468655  3 5.000  14.09759126
(-5.3913961, 11.8187526, 27.6441607, -0.2280261, -0.1038614,  0.6833769,  0.6857207)    0    0  33.69100234  3 1.720  22.90974457
(-8.2269208, 11.7297561, 34.3823109,  0.5156357,  0.2336495,  0.1479498, -0.8109492)    0    0  28.57947009  8 4.760  18.95520000
(-5.6271931, 11.6054893, 27.6717021, -0.2279398, -0.1036436,  0.6832886,  0.6858702)    0    0  32.33890934  8 0.200  21.91180048
(-11.2815257,  8.8296712, 27.4774792,  0.1806482, -0.2515266,  0.9506689,  0.0181327)    0    0  29.92737433  2 0.680  19.81171378
(-8.8442010, 13.1603243, 21.2969505,  0.3569382,  0.0729492, -0.6828242, -0.6332594)    0    0 -56.65030551  8 1.000 -26.62212536
(-11.9411981, 17.0580527, 28.4337474,  0.2348545, -0.4344431,  0.0646078, -0.8671380)    0    0  15.85116981  6 2.280  10.78109671
(-9.2012603, 15.1268894, 31.9689831,  0.4419376,  0.3852176,  0.4496074,  0.6739078)    0    0  13.47134934  5 3.640  11.54093600
(-10.6614453,  7.5312350, 30.8880800, -0.9295528,  0.3390779,  0.1247565, -0.0734403)    0    0  10.20165914  9 1.400  22.53213239
(-12.7667439, 11.8095579, 29.7799968,  0.9142905, -0.3503862, -0.1352487, -0.1516910)    0    0  28.80001092  0 3.720  19.35877903
(-17.1858418,  9.7427852, 31.0521429, -0.3517670, -0.8602048, -0.3682073,  0.0270372)    0    0  22.70311846  0 5.000  15.30352421
(-7.8436816, 11.6216209, 34.3186546,  0.5156245,  0.2336341,  0.1479601, -0.8109588)    0    0  28.58969928  7 1.160  19.15476213
(-10.3218879, 16.8792483, 26.1794944,  0.0164470, -0.3852289, -0.1428703, -0.9115202)    0    0  10.07674721  6 3.240   6.43412786
(-9.7619927, 17.3023204, 25.7972276, -0.0458203, -0.4099869, -0.1833841, -0.8922901)    0    0   4.34398657  0 0.920   3.98621750
(-19.1398933, 12.9286631, 25.6821149, -0.1832946,  0.1292717,  0.4594960,  0.8593924)    0    0   7.51638430  0 0.440   5.22839486
(-9.4360854, 16.0936225, 24.6346671,  0.0106173, -0.3845199, -0.1582619, -0.9093871)    0    0 -10.52551197 14 2.200  -1.88860429
(-5.4248457, 11.7136605, 27.3862394, -0.2280184, -0.1039255,  0.6834301,  0.6856606)    0    0  33.00555595  6 3.560  22.51999273
(-11.0065738,  6.6741985, 31.3972429, -0.9270650,  0.3314493,  0.1591695, -0.0731913)    0    0  19.75900983  8 0.920  22.81957668
(-3.0244669,  8.4639154, 30.9769797, -0.9664093, -0.2492265, -0.0519131, -0.0352741)    0    0  -9.80778089  4 0.520   7.81166245
(-18.1619330, 12.3593606, 25.0844871, -0.1831567,  0.1289825,  0.4595858,  0.8594172)    0    0 -17.67444947  4 1.880  -6.40482603
(-10.3428929, 17.2012670, 26.5600611,  0.0225610, -0.3818240, -0.1386270, -0.9134990)    0    0  12.85985227  2 2.520  11.35603423
(-10.7559729,  7.1457307, 31.2076384, -0.9233861,  0.3235619,  0.1933264, -0.0727377)    0    0  30.69232914  4 2.760  20.41895055
(-12.8069288, 11.1426798, 30.0102751,  0.9142998, -0.3504442, -0.1349944, -0.1517273)    0    0  27.88328689  1 0.520  19.00331295
(-2.2097988, 11.8138463, 30.8999764,  0.4730335, -0.3605384, -0.0636805,  0.8013714)    0    0  20.17182614  0 5.000  13.44788633
(-9.5919630, 12.7878793, 21.2144264,  0.3546543,  0.0693920, -0.6817649, -0.6360803)    0    0 -68.72163245  7 1.800 -38.77948487
(-10.7965393,  7.1321101, 31.1641881, -0.9233881,  0.3235559,  0.1933282, -0.0727341)    0    0  30.65089799  5 3.720  20.48313931
(-5.3412327, 11.9133591, 27.8109993, -0.2278546, -0.1013354,  0.6818196,  0.6876988)    0    0  32.85141239  0 0.560  22.94688715
(-3.4396269,  8.4046096, 30.5120560, -0.9560137, -0.2723643, -0.0638569, -0.0881912)    0    0 -35.78548711 11 1.800 -14.91123254
(-12.0000039, 17.1160776, 28.4583362,  0.2351515, -0.4343998,  0.0646224, -0.8670781)    0    0  16.00448739  5 1.880  10.80690598
(-8.4162060, 13.6068409, 21.5654366,  0.3547775,  0.0686515, -0.6809231, -0.6369913)    0    0 -29.75590830  0 4.280 -18.13580232
(-10.6949961,  7.3597394, 31.0440581, -0.9233858,  0.3235626,  0.1933268, -0.0727374)    0    0  31.61083608  0 5.000  21.31329551
(-10.2489072, 17.1765839, 26.4950891,  0.0216645, -0.3816935, -0.1395914, -0.9134246)    0    0  11.97268024  3 1.480   9.31086763
(-12.8333427, 11.5902677, 29.8926677,  0.9142888, -0.3503876, -0.1352508, -0.1516964)    0    0  28.34115060  3 1.000  19.17956498
(-8.2800128, 11.6842335, 34.4827134,  0.5156427,  0.2336590,  0.1479400, -0.8109438)    0    0  29.20063250  0 5.000  19.49407952
(-19.1831647, 12.7406518, 26.0872176, -0.1833912,  0.1292728,  0.4594466,  0.8593981)    0    0   8.93007119  2 5.000   5.80801150
(-12.5217135, 17.1113619, 28.4549740,  0.2346568, -0.4344891,  0.0644162, -0.8671826)    0    0  15.53817931  7 2.120  10.59918996
(-12.1648913, 17.1244718, 28.4520414,  0.2345897, -0.4344519,  0.0642702, -0.8672302)    0    0  15.18680846  8 0.600  10.74871281
(-10.2783210, 17.1375173, 26.4562841,  0.0149529, -0.3849577, -0.1446503, -0.9113561)    0    0   9.68577075  7 0.520   7.09513203
(-11.2363211,  8.8685078, 27.6200094,  0.1811213, -0.2511790,  0.9506603,  0.0186644)    0    0  29.35754466  0 0.400  20.74397291
(-10.2927225, 17.0677296, 26.3713919,  0.0239653, -0.3819771, -0.1373511, -0.9135939)    0    0  14.32769274  0 4.040  10.80849365
(-5.2240327, 12.0576449, 27.9916545, -0.2280447, -0.1039936,  0.6834569,  0.6856148)    0    0  29.29960189  2 0.440  16.92750243
(-12.6942665, 12.1660493, 29.7717809,  0.9143081, -0.3504639, -0.1349146, -0.1517025)    0    0  28.04928581  7 0.280  19.08334293
(-12.9740198, 11.6734900, 30.1074221,  0.9142883, -0.3503873, -0.1352527, -0.1516983)    0    0  28.42843296  2 4.280  19.28728249
(-11.7544205,  8.5174681, 27.2752711,  0.3492105, -0.3038342,  0.8858165,  0.0326485)    0    0 -16.35645770  6 0.520 -26.38799678
(-10.3484964, 17.2684699, 26.7646461,  0.0250342, -0.3832891, -0.1358882, -0.9132316)    0    0  11.84061151  4 0.920  11.05732283
(-12.6211461, 11.8157075, 29.5542509,  0.9142867, -0.3503883, -0.1352491, -0.1517090)    0    0  27.96062937 10 0.600  18.49516407
(-6.2425011, 18.1315124, 29.1994794,  0.0506384, -0.7096662,  0.3924033, -0.5829488)    0    0  20.80454202  1 5.000  13.71452807
(-12.6866669, 11.5723658, 29.5573373,  0.9143529, -0.3506188, -0.1341885, -0.1517171)    0    0  27.35820074 11 0.200  19.07483040
(-5.1593374, 11.8179873, 27.3384679, -0.2279932, -0.1036955,  0.6832891,  0.6858442)    0    0  32.76325046 10 3.240  22.87871346
(-9.1696237, 14.9363434, 32.0270942,  0.0440805, -0.1021705, -0.2004406, -0.9733662)    0    0  14.01739853  6 3.480   9.88843522
(-11.2795633,  8.6182935, 27.4733055,  0.1801933, -0.2514963,  0.9507654,  0.0180286)    0    0  30.52682974  1 1.320  20.58525910
(-17.2948991,  9.6889315, 31.0451033, -0.3517680, -0.8602048, -0.3682062,  0.0270387)    0    0  22.61440069  1 5.000  15.16443036
(-5.4488252, 11.8554654, 27.5857633, -0.2280439, -0.1032484,  0.6829432,  0.6862383)    0    0  29.42254886 13 0.000  16.75268712
(-12.8921626, 11.5803623, 29.9867057,  0.9142950, -0.3504146, -0.1351231, -0.1517104)    0    0  28.05833599  5 0.440  19.23734318
(-8.5825096, 12.7385076, 33.7125585,  0.5094421,  0.2286834,  0.1424737, -0.8171554)    0    0  18.97897226 10 1.640  13.74633248
(-11.5377509,  9.2520282, 27.3346079,  0.1802046, -0.2515668,  0.9507450,  0.0180084)    0    0  29.54202964 11 0.920  19.72588007
(-12.6507030, 12.1405467, 29.5561938,  0.9142867, -0.3503883, -0.1352531, -0.1517049)    0    0  28.16726852  5 0.760  19.27324357
(-11.7055699,  8.6178764, 27.2000442,  0.1822598, -0.2506421,  0.9505530,  0.0199582)    0    0  25.19768703  3 0.840  20.19600394
(-19.1538265, 12.7398427, 25.9308143, -0.1833708,  0.1292730,  0.4594577,  0.8593965)    0    0   8.88958301  3 4.840   6.16966541
(-19.1599271, 13.0181930, 25.8018487, -0.1832812,  0.1291966,  0.4595171,  0.8593953)    0    0   7.61860718  6 0.200   6.09268829
(-10.6420156,  7.4829303, 30.9706235, -0.9303280,  0.3585074,  0.0237385, -0.0734767)    0    0 -10.68868050 10 1.800  -1.49173620
(-19.0890869, 12.8137085, 25.4683322, -0.1832922,  0.1292550,  0.4594840,  0.8594019)    0    0   3.99839636  1 0.440   5.76021403
(-11.8487422, 16.9425007, 28.4522360,  0.1221834, -0.4358171, -0.0345838, -0.8910324)    0    0   5.59443657  9 1.640   4.05959659
(-12.7171070, 11.9176333, 29.7079675,  0.9142813, -0.3503923, -0.1352603, -0.1517220)    0    0  27.98605273  9 0.600  19.10540040
(-3.2953968,  8.5546643, 30.8203084, -0.9699251, -0.2394377, -0.0414372, -0.0073742)    0    0   0.71360660  8 1.560   7.90426831
(-8.4564742, 11.7333813, 34.5088126,  0.5156300,  0.2336391,  0.1479554, -0.8109548)    0    0  28.84106875  1 2.040  19.49707441
(-12.6128273, 17.1317981, 28.3726536,  0.2351224, -0.4344062,  0.0646670, -0.8670795)    0    0  16.15490544  3 0.920  10.93786990
(-19.2527518, 12.7187248, 26.3349169, -0.1833536,  0.1292718,  0.4594641,  0.8593969)    0    0   8.63688856  7 4.120   5.51347947
(-11.6709366, 17.0881730, 27.8754467,  0.2247635, -0.4299740,  0.0534555, -0.8727807)    0    0   7.84219430  3 1.560   5.79582451
(-6.2428150, 18.1321300, 29.1991760,  0.0506349, -0.7096620,  0.3924099, -0.5829497)    0    0  21.17495680  0 5.000  14.11702949
(-8.8137896, 13.4955073, 21.4274924,  0.3545446,  0.0683969, -0.6809557, -0.6371179)    0    0 -32.88658227  6 2.840 -18.60705447
(-2.7597323,  9.1061285, 30.6871371, -0.9709241, -0.2361030, -0.0393805,  0.0004426)    0    0   9.72135711  6 1.000  10.47515619
(-2.7897871,  8.9513362, 30.6412166, -0.9712291, -0.2349527, -0.0387628,  0.0029551)    0    0  13.74797380  4 1.880  10.47074683
(-17.3934150,  9.5170994, 30.9886363, -0.3517696, -0.8602049, -0.3682045,  0.0270409)    0    0  22.49778368  5 4.040  14.94836916
(-19.1064870, 12.7709231, 25.6579732, -0.1833707,  0.1292726,  0.4594551,  0.8593979)    0    0   8.86321644  4 0.760   6.20281521
(-19.2046241, 12.7360932, 26.1916764, -0.1833956,  0.1292696,  0.4594309,  0.8593748)    0    0   9.37744008  0 5.000   6.25673052
(-11.5962486,  8.9781477, 27.1148570,  0.1801451, -0.2515606,  0.9507573,  0.0180427)    0    0  29.38446177  3 0.560  19.61618924
(-11.5726147,  8.8277380, 27.3638706,  0.3494637, -0.3037518,  0.8857395,  0.0327957)    0    0 -14.03568646 25 0.000 -25.22253283
(-17.6994536,  9.8284471, 31.0666659, -0.3516291, -0.8602777, -0.3681746,  0.0269575)    0    0  22.27032563  6 2.680  15.25861429
(-8.0622526, 11.6626342, 34.3967226,  0.5156267,  0.2336333,  0.1479620, -0.8109574)    0    0  28.66198454  4 1.720  19.01612497
(-2.9743168,  8.8405215, 30.7374078, -0.9712650, -0.2348276, -0.0385815,  0.0034237)    0    0  15.36177475  0 3.800  11.36994769
(-12.8774698, 11.3726375, 29.9271453,  0.9145154, -0.3511586, -0.1316648, -0.1516660)    0    0  26.55017012  8 0.600  18.35887880
(-19.3291732, 12.7491216, 26.3581737, -0.1833524,  0.1292555,  0.4594745,  0.8593940)    0    0   4.41202434  0 0.440   3.79476091
(-2.8797636,  8.9346425, 30.7365269, -0.9706428, -0.2362084, -0.0439796, -0.0048707)    0    0   9.23869983  7 1.000  11.21147335
(-5.3269242, 11.8186553, 27.5486689, -0.2280750, -0.1040414,  0.6834630,  0.6855913)    0    0  33.96173029  0 5.000  22.65687963
(-9.5157809, 16.4801520, 25.2051428,  0.0093009, -0.3882416, -0.1523650, -0.9088272)    0    0  -5.07276218 13 1.640  -0.42306032
(-8.9059620, 15.0660239, 31.8243772,  0.4753193,  0.4017457,  0.4617221,  0.6320480)    0    0  24.95323080  0 4.200  16.72471811
(-10.7554077,  8.9341637, 27.5548669,  0.1802371, -0.2517016,  0.9507065,  0.0178339)    0    0  30.45427718  3 3.080  20.63351017
(-17.9687588,  9.3042468, 30.9951334, -0.3518575, -0.8601705, -0.3681978,  0.0270820)    0    0  22.26086214  7 1.800  14.95375551
(-5.4612330, 11.5191831, 27.0433016, -0.2277847, -0.1000612,  0.6809301,  0.6887707)    0    0  28.77488434  0 0.400  17.75253731
(-12.9095126, 11.3428896, 30.1948682,  0.9142274, -0.3508165, -0.1345433, -0.1517016)    0    0  26.76602580 10 0.760  18.66880359
(-12.7694369, 11.9296405, 29.7790218,  0.9142915, -0.3504066, -0.1351658, -0.1517117)    0    0  28.07726035  6 0.600  18.74487049
(-12.1794010, 17.0967832, 28.4256793,  0.2351583, -0.4343961,  0.0647615, -0.8670678)    0    0  16.20050820  2 4.440  10.74244492
(-16.8171082,  9.8029947, 31.0111758, -0.3517739, -0.8602025, -0.3682061,  0.0270376)    0    0  22.60789702  3 4.120  15.20167045
(-10.3148172, 16.8892660, 26.1308381,  0.0228635, -0.3820386, -0.1381772, -0.9134708)    0    0  14.04580201  1 2.920  10.38420777
(-11.4787947,  8.8190199, 27.4714131,  0.3479863, -0.3047046,  0.8860541,  0.0311254)    0    0  -5.60080922  0 0.400   4.90005493
(-9.2133560, 15.8004561, 24.1558234, -0.0060776, -0.3922823, -0.1770637, -0.9026218)    0    0 -17.13258649 11 2.920  -6.79388238
(-11.5927396,  8.6951728, 27.7521558,  0.6409172, -0.3773337,  0.6663226,  0.0534656)    0    0 -12.41038615 24 0.280 -21.83576285
(-11.3079839,  8.9612713, 27.4669869,  0.1799435, -0.2516567,  0.9507732,  0.0178734)    0    0  29.58614081  6 0.600  19.39082570
(-8.1490168, 13.7519129, 21.7673980,  0.3469946,  0.0579611, -0.6754445, -0.6480818)    0    0 -41.04386334 10 1.800 -23.77852352
(-3.5257964,  8.5645056, 31.1028531, -0.9002636, -0.3353793, -0.1074913, -0.2559136)    0    0 -41.45603440 12 2.600 -48.88766247
(-12.0559762,  8.2445725, 26.9976256,  0.1807454, -0.2513197,  0.9506951,  0.0186316)    0    0  16.72550023  8 1.160  15.70552355
(-19.1733733, 12.8113506, 26.1527974, -0.1833535,  0.1292722,  0.4594669,  0.8593954)    0    0   8.77444031  4 0.520   5.89861950
(-6.4072751, 18.4731460, 29.0112516,  0.0506672, -0.7096990,  0.3923503, -0.5829420)    0    0  18.90262275  5 5.000  11.91890044
(-2.8233009,  8.6698045, 30.4688240, -0.9709724, -0.2355150, -0.0414674, -0.0009710)    0    0   9.79793253  5 1.720   9.88049089
(-8.1159937, 13.8477261, 21.8421264,  0.3555942,  0.0697687, -0.6809926, -0.6363441)    0    0 -31.63744006  4 4.840 -18.84286503
(-12.0711917, 17.1624856, 28.3895623,  0.2319516, -0.4107346,  0.0527920, -0.8801753)    0    0   9.64986526 10 3.400   6.49866294
(-5.3371869, 11.8661244, 27.6463150, -0.2278818, -0.1034644,  0.6832033,  0.6860013)    0    0  26.45388233  8 0.280  15.57224762
(-12.4288985, 17.2515181, 28.3099532,  0.2089307, -0.4345865,  0.0413692, -0.8750835)    0    0   7.37148025 14 2.360   2.26649794
(-8.3050313, 11.8719338, 34.1455901,  0.5155540,  0.2335676,  0.1480279, -0.8110104)    0    0  28.32963195  0 0.760  19.12391577
(-8.6560360, 12.7162538, 33.7545421,  0.5094636,  0.2287072,  0.1424334, -0.8171421)    0    0  18.99674871 11 1.720  13.71270754
(-18.3569892, 12.3793409, 25.2217430, -0.1831527,  0.1289894,  0.4595976,  0.8594107)    0    0 -14.04000163  4 1.720  -3.04903361
(-17.6974949,  9.0742115, 30.8395671, -0.3517707, -0.8602074, -0.3681979,  0.0270371)    0    0  22.56138283  4 5.000  15.07798567
(-5.7531533, 11.4395558, 27.4513283, -0.2279948, -0.1039600,  0.6834781,  0.6856153)    0    0  31.62694588  0 0.520  21.46170024
(-11.4481523,  9.0329933, 27.4230891,  0.1814360, -0.2510136,  0.9506334,  0.0191190)    0    0  27.99939900  7 0.360  19.85851095
(-11.1953374,  8.7331628, 27.5127205,  0.1802874, -0.2514360,  0.9507621,  0.0181011)    0    0  30.62172137  0 0.920  20.78239519
(-8.5435474, 11.7499497, 34.5344168,  0.5156150,  0.2336122,  0.1479768, -0.8109682)    0    0  28.69886308  3 2.360  19.60595837
(-11.0423009,  8.7540626, 27.5231544,  0.1801084, -0.2516723,  0.9507387,  0.0178305)    0    0  29.42536640  9 0.160  20.34958062
(-13.0449520, 11.1620597, 30.2409402,  0.9142554, -0.3504863, -0.1351349, -0.1517726)    0    0  27.33980658  1 0.920  18.34827157
(-4.6500160,  8.5404805, 32.7190136, -0.0589922,  0.3966826,  0.2314765,  0.8863303)    0    0  22.18459104  0 5.000  14.78972989
(-11.1644573, 17.1509823, 27.6653803,  0.2128112, -0.4256703,  0.0410840, -0.8785375)    0    0   7.76573743  2 1.480   5.97457537
