#Coordinates  RecID  LigID  Luciferin  Neighbor's number  Vision Range  Scoring
(-10.0105533, -18.1245882, 41.7617040, -0.2602096,  0.3292873, -0.4584734, -0.7833664)    0    0  11.75439035  1 5.000   7.88784753
(-18.8447466, -12.0954137, 42.9808585,  0.3147372, -0.5454466,  0.5181613,  0.5787377)    0    0  16.19155785  5 5.000  10.79155932
(-12.0213707, -18.4312685, 47.4850898,  0.7687134,  0.2080221, -0.5947541, -0.1098815)    0    0  13.82381936  5 0.560   9.27124187
(-14.0297393, -5.3805358, 47.4402809, -0.2861946,  0.5789436,  0.7532474, -0.1246404)    0    0  16.60331055  7 0.320  11.06773069
(-4.6095730, -14.5316023, 45.9379814, -0.6289333, -0.6097810,  0.3974282,  0.2732415)    0    0  14.01704836  2 5.000   9.35568472
(-4.4099605, -14.6232899, 45.6262600, -0.6289333, -0.6097810,  0.3974282,  0.2732415)    0    0  14.02558169  1 2.440   9.66144731
(-15.4492115, -2.5027734, 45.1890050,  0.7410046,  0.1378877,  0.3720737,  0.5417198)    0    0  10.68822692  4 1.400   7.40610378
(-15.4917811, -17.4304383, 38.4846773,  0.4554262,  0.8230943, -0.2145707,  0.2627969)    0    0  21.39235908  6 0.160  14.51986253
(-15.4684655, -2.4444750, 45.2017533,  0.7410030,  0.1378894,  0.3720758,  0.5417201)    0    0  11.00966587  2 5.000   7.73795694
(-15.5142177, -2.4303180, 45.2292502,  0.7410043,  0.1378881,  0.3720744,  0.5417197)    0    0  10.80187014  3 0.920   7.64426569
(-15.0985423, -3.3054916, 44.8748278,  0.7410033,  0.1378891,  0.3720755,  0.5417200)    0    0  10.64533830  4 0.440   7.60743366
(-10.6122670, -18.0235163, 41.8160311, -0.2602097,  0.3292872, -0.4584734, -0.7833664)    0    0  11.11505435  5 0.520   7.53263536
(-12.0401692, -13.3538275, 46.1158408, -0.2514513, -0.4522965,  0.4372545,  0.7355328)    0    0  13.55541301  3 0.320   9.11728420
(-11.2590930, -9.0505395, 49.2382116,  0.3867210, -0.1167531, -0.2916673,  0.8670328)    0    0  13.49395063  1 2.680   9.04714355
(-4.6800417, -14.5927524, 46.2476837, -0.6289294, -0.6097821,  0.3974291,  0.2732466)    0    0  13.37661797  0 0.480   9.33734817
(-11.3684292, -9.1233258, 49.7480040,  0.3867210, -0.1167531, -0.2916673,  0.8670328)    0    0  13.47748962  3 5.000   8.98701156
(-17.2423069, -11.7888587, 37.3896501, -0.7289522, -0.3919493, -0.2012553, -0.5238699)    0    0  -1.77516432  4 3.640   0.11394013
(-11.9896154, -13.1038319, 46.1378663, -0.2514513, -0.4522965,  0.4372546,  0.7355328)    0    0  13.39464170 14 0.000   9.00924246
(-12.0668764, -12.9702464, 46.2156624, -0.2514513, -0.4522965,  0.4372545,  0.7355328)    0    0  13.77563602  1 2.040   9.19111614
(-15.1523561, -2.9033192, 44.9594037,  0.7409999,  0.1378926,  0.3720799,  0.5417207)    0    0  10.19290194  6 0.440   7.03865276
(-15.4032152, -2.6219959, 45.1540053,  0.7410029,  0.1378895,  0.3720758,  0.5417201)    0    0  10.58768382  6 0.760   7.27409335
(-12.0685275, -12.9454767, 46.2219257, -0.2514513, -0.4522965,  0.4372545,  0.7355328)    0    0  13.87575069  0 5.000   9.25060605
(-18.8374537, -11.8822622, 42.6863996,  0.3147372, -0.5454466,  0.5181613,  0.5787377)    0    0  16.13316702  9 3.560  10.84747814
(-16.9744515, -11.5722942, 37.3341858, -0.7135256, -0.4629610, -0.1503204, -0.5039366)    0    0  -4.87573187  9 3.880  -3.39439141
(-11.9758560, -12.8273443, 46.2455030, -0.2514513, -0.4522965,  0.4372545,  0.7355328)    0    0  13.65494955  4 1.040   9.11709170
(-16.0511891, -17.6595383, 38.4162615,  0.4554261,  0.8230944, -0.2145709,  0.2627965)    0    0  21.33640116 13 0.200  14.21756999
(-12.4767553, -13.0933547, 46.0945946, -0.2514514, -0.4522965,  0.4372549,  0.7355327)    0    0  13.24807755 20 0.000   8.74837899
(-17.1723486, -11.6657895, 37.3805106, -0.7267469, -0.4044047, -0.1926178, -0.5207631)    0    0  -3.25792359  5 3.560  -1.47324471
(-12.4422597, -13.0757037, 46.0943670, -0.2514516, -0.4522964,  0.4372551,  0.7355325)    0    0  13.49752569 14 0.000   9.03404114
(-4.6197111, -14.5265509, 45.9511899, -0.6289333, -0.6097810,  0.3974282,  0.2732415)    0    0  14.22430492  0 5.000   9.48290700
(-14.0434376, -5.4047781, 47.7818692, -0.2861957,  0.5789430,  0.7532476, -0.1246395)    0    0  16.79998365  0 0.400  11.31539507
(-4.4743796, -14.6273434, 45.7866790, -0.6289311, -0.6097816,  0.3974287,  0.2732444)    0    0  13.29296132  0 0.480   8.54515604
(-11.7900690, -18.5388416, 47.2689458,  0.7687135,  0.2080221, -0.5947541, -0.1098815)    0    0  13.94032515  1 4.760   9.35632489
(-11.0572759, -9.0746144, 49.6878278,  0.3867210, -0.1167531, -0.2916673,  0.8670328)    0    0  13.20470314  8 2.040   8.80515175
(-13.9915878, -5.4600429, 47.1372499, -0.2861956,  0.5789432,  0.7532475, -0.1246401)    0    0  16.85897479  2 0.400  11.27666856
(-21.2314708, -10.3864799, 40.3516809,  0.4365741, -0.3304233, -0.6702704, -0.5009601)    0    0  19.26929264  0 5.000  12.84619562
(-12.3798808, -18.4842780, 47.3523501,  0.7687134,  0.2080221, -0.5947541, -0.1098815)    0    0  13.87139163  4 0.720   9.28065705
(-14.7068676, -3.5475707, 44.6450356,  0.7410032,  0.1378892,  0.3720756,  0.5417200)    0    0   9.12797183  3 0.920   6.19217293
(-14.0077783, -5.1423992, 47.6797714, -0.2861940,  0.5789439,  0.7532474, -0.1246406)    0    0  16.89183344  5 0.400  11.30452823
(-11.0569774, -17.9969828, 41.6271296, -0.2602075,  0.3292899, -0.4584731, -0.7833662)    0    0  10.73690421  6 0.320   7.34090167
(-18.8793121, -11.7675102, 43.0318097,  0.3147372, -0.5454466,  0.5181613,  0.5787377)    0    0  16.30264112  1 1.960  10.93835982
(-18.8636101, -11.8448831, 42.9271948,  0.3147372, -0.5454466,  0.5181613,  0.5787377)    0    0  16.14831343  8 0.840  10.74600910
(-20.4411846, -4.5757033, 43.9414261,  0.2531497, -0.3940635, -0.8834234,  0.0138647)    0    0  12.65572547  2 5.000   8.41950271
(-10.4841015, -18.0578707, 41.6698611, -0.2602050,  0.3292929, -0.4584727, -0.7833660)    0    0  11.25684622  9 2.280   7.79742201
(-11.9435142, -13.0875515, 46.1696342, -0.2514514, -0.4522965,  0.4372548,  0.7355327)    0    0  13.42499201 12 0.000   8.93836808
(-4.9239757, -14.0912758, 45.9163097, -0.6289330, -0.6097811,  0.3974283,  0.2732419)    0    0  13.28167976  0 0.640   8.76062084
(-14.0369774, -5.0362626, 47.9094716, -0.2861949,  0.5789435,  0.7532475, -0.1246401)    0    0  16.73339764  0 0.640  11.15867535
(-16.3683722, -17.6566488, 38.4281504,  0.4554260,  0.8230944, -0.2145710,  0.2627963)    0    0  21.56748599  2 5.000  14.42500483
(-4.7194436, -14.4914623, 46.2388869, -0.6289320, -0.6097813,  0.3974285,  0.2732432)    0    0  13.58803833  6 0.400   9.11127185
(-10.6110266, -18.0657952, 41.3906965, -0.2602098,  0.3292871, -0.4584734, -0.7833665)    0    0  10.80490481  9 0.040   6.95717970
(-15.9363191, -17.4816834, 38.4210767,  0.4554261,  0.8230943, -0.2145708,  0.2627967)    0    0  21.44191958  8 0.360  14.26877619
(-12.0598065, -12.7775163, 46.2688040, -0.2514515, -0.4522964,  0.4372551,  0.7355326)    0    0  13.58896952  5 0.400   9.09293464
(-18.9058320, -11.5174672, 42.9667118,  0.3147372, -0.5454466,  0.5181613,  0.5787377)    0    0  16.14874825  7 0.360  10.84659213
(-10.4380490, -18.0643373, 41.6789916, -0.2602098,  0.3292870, -0.4584734, -0.7833665)    0    0  11.39174660  6 0.920   7.72482574
(-12.1128545, -18.2911703, 47.6231875,  0.7687135,  0.2080221, -0.5947541, -0.1098815)    0    0  13.87772276  3 5.000   9.20408941
(-12.3772965, -12.8249361, 46.1800658, -0.2514515, -0.4522964,  0.4372550,  0.7355326)    0    0  13.55849621  6 0.320   8.98746392
(-6.7431348, -4.3854486, 43.6720817,  0.3630726, -0.0889223, -0.2296734,  0.8986218)    0    0  -4.51608658  3 5.000  -2.98929432
(-21.3037622, -10.4392005, 40.3309398,  0.4365741, -0.3304233, -0.6702704, -0.5009601)    0    0  18.57081908  9 0.520  12.53719292
(-4.4878794, -14.5190890, 45.8594019, -0.6289302, -0.6097819,  0.3974289,  0.2732455)    0    0  13.32586581  0 0.400   8.80617072
(-20.9223647, -4.3658328, 44.2392610,  0.2531495, -0.3940635, -0.8834235,  0.0138645)    0    0  12.48579113  4 5.000   8.24141803
(-11.8617154, -18.1693109, 47.8344875,  0.7687135,  0.2080221, -0.5947541, -0.1098815)    0    0  13.82554946  6 2.200   9.24758468
(-16.1501845, -17.4631899, 38.2916781,  0.4554261,  0.8230944, -0.2145709,  0.2627966)    0    0  21.50784244  3 0.640  14.41735369
(-12.0528269, -17.8752195, 47.6044159,  0.7687134,  0.2080221, -0.5947541, -0.1098815)    0    0  13.78547178 11 0.120   9.30830865
(-4.5903626, -14.5410676, 45.9272345, -0.6289333, -0.6097810,  0.3974282,  0.2732415)    0    0  13.88888883  6 0.960   9.28346897
(-14.0264222, -5.3973959, 47.7830919, -0.2861935,  0.5789442,  0.7532473, -0.1246410)    0    0  16.93491417  5 3.160  11.41260568
(-11.0595959, -17.8481945, 41.6467388, -0.2601845,  0.3293178, -0.4584698, -0.7833641)    0    0  10.75795522  1 0.760   7.46582285
(-12.2748566, -18.1861827, 47.7612433,  0.7687134,  0.2080221, -0.5947541, -0.1098815)    0    0  13.80934256  8 0.360   9.19208412
(-14.1320148, -5.1040475, 47.5171257, -0.2861947,  0.5789435,  0.7532475, -0.1246400)    0    0  16.81271582  0 0.400  11.33658453
(-14.8811745, -3.3974106, 44.7725291,  0.7409968,  0.1378959,  0.3720837,  0.5417215)    0    0   9.85924005  0 0.600   6.21422877
(-5.1160293, -14.4582978, 45.8082217, -0.6289326, -0.6097812,  0.3974283,  0.2732424)    0    0  12.81380493  0 0.400   8.43912787
(-16.4434241, -17.1782498, 38.2302252,  0.4554261,  0.8230944, -0.2145709,  0.2627966)    0    0  21.03958014  0 0.400  14.12900830
(-15.8809803, -17.4647524, 38.3744300,  0.4554261,  0.8230944, -0.2145709,  0.2627965)    0    0  21.42400288 10 0.120  14.28542771
(-6.5956591, -4.4700876, 43.4757218,  0.3630725, -0.0889223, -0.2296733,  0.8986214)    0    0  -3.26875423  0 5.000  -2.17916758
(-14.1679449, -4.9947591, 47.1722539, -0.2861934,  0.5789443,  0.7532473, -0.1246411)    0    0  17.03214211  1 5.000  11.37562716
(-5.0250652, -14.3563548, 46.2888081, -0.6289333, -0.6097810,  0.3974282,  0.2732415)    0    0  13.80365289  8 0.520   9.33004281
(-18.9288303, -11.6462149, 43.4449305,  0.3147372, -0.5454466,  0.5181613,  0.5787377)    0    0  16.28963465  2 2.920  10.95627746
(-11.9658940, -18.4095251, 47.4590822,  0.7687135,  0.2080221, -0.5947541, -0.1098815)    0    0  13.81988181  8 2.600   9.23233293
(-11.7186070, -13.0063601, 46.2783171, -0.2514514, -0.4522965,  0.4372546,  0.7355328)    0    0  13.60879776  3 0.480   9.23216760
(-10.4477929, -18.0630254, 41.6769696, -0.2602096,  0.3292872, -0.4584734, -0.7833664)    0    0  11.80013335  0 3.960   8.03799623
(-16.7689773, -11.8181200, 37.3040634, -0.6916160, -0.5316232, -0.0969269, -0.4792174)    0    0  -4.19614755  7 4.280  -6.70558075
(-16.3398267, -17.7011352, 38.4193170,  0.4554261,  0.8230943, -0.2145708,  0.2627967)    0    0  21.48899465  3 0.560  14.45373457
(-11.2737792, -9.0679536, 49.3737297,  0.3867210, -0.1167531, -0.2916673,  0.8670328)    0    0  13.52834395  0 5.000   9.14437339
(-4.9126646, -14.3790562, 45.9410601, -0.6289332, -0.6097810,  0.3974282,  0.2732416)    0    0  13.53291990 10 0.160   8.74054972
(-12.1275698, -12.9885571, 46.2327749, -0.2514514, -0.4522965,  0.4372545,  0.7355328)    0    0  13.44726224  0 0.400   9.17491895
(-14.1100127, -5.2652246, 47.9940701, -0.2861946,  0.5789436,  0.7532475, -0.1246403)    0    0  16.70864845  0 0.400  11.05825466
(-11.9384093, -18.1015785, 47.8582073,  0.7687134,  0.2080221, -0.5947541, -0.1098815)    0    0  13.79126550  9 0.440   9.17036033
(-21.6075107, -10.3768772, 40.1804231,  0.4365741, -0.3304233, -0.6702704, -0.5009601)    0    0  18.97944815  8 3.960  12.51233624
(-10.4906288, -18.0570172, 41.6680324, -0.2602096,  0.3292872, -0.4584734, -0.7833664)    0    0  11.57442531  2 2.360   7.66321129
(-15.4156266, -2.8401574, 45.1607578,  0.7410008,  0.1378917,  0.3720785,  0.5417207)    0    0  10.41773693  7 4.840   6.91843023
(-15.4653382, -2.4554558, 45.2000418,  0.7410052,  0.1378871,  0.3720731,  0.5417195)    0    0  11.03954483  1 5.000   7.59129335
(-4.7189756, -14.4685493, 45.6455107, -0.6289332, -0.6097810,  0.3974282,  0.2732416)    0    0  13.96741862  4 1.040   9.45312032
(-15.7497211, -5.7581884, 36.7639876, -0.6412489, -0.1057134, -0.2641360, -0.7126403)    0    0  -0.74575850  0 5.000  -0.49717212
(-14.1144783, -5.1394261, 47.6022765, -0.2861934,  0.5789443,  0.7532473, -0.1246411)    0    0  17.10669626  0 5.000  11.40447264
(-14.0589298, -4.8809150, 47.7751679, -0.2861959,  0.5789430,  0.7532475, -0.1246397)    0    0  16.65779793  0 0.560  10.98532988
(-16.1281953, -17.2596387, 38.2638968,  0.4554260,  0.8230944, -0.2145710,  0.2627964)    0    0  21.31148920 14 0.440  14.26547288
(-20.7388065, -4.4199956, 44.1733740,  0.2531499, -0.3940635, -0.8834234,  0.0138648)    0    0  12.79932277  0 5.000   8.53995164
(-16.4390625, -17.4327929, 38.3306655,  0.4554260,  0.8230945, -0.2145710,  0.2627963)    0    0  21.44423463  8 1.000  14.36873678
(-12.4901126, -12.7876548, 46.1285243, -0.2514515, -0.4522964,  0.4372549,  0.7355326)    0    0  13.45195157  2 0.480   8.85832458
(-14.2929529, -5.0455629, 47.5301306, -0.2861963,  0.5789429,  0.7532475, -0.1246399)    0    0  16.95908481  3 0.960  11.33132151
(-10.8726894, -18.0022640, 41.8466288, -0.2602098,  0.3292870, -0.4584734, -0.7833665)    0    0  11.00682189  3 0.400   7.37572684
(-18.9178310, -11.5992820, 43.1795632,  0.3147372, -0.5454466,  0.5181613,  0.5787377)    0    0  16.07731223  7 0.120  10.93043087
(-10.5173824, -17.9721179, 42.2883859, -0.2602100,  0.3292868, -0.4584735, -0.7833665)    0    0  11.40773544  0 0.840   8.02197565
(-11.8810898, -18.3704356, 47.4893223,  0.7687134,  0.2080221, -0.5947541, -0.1098815)    0    0  13.78881296  9 0.280   9.22959893
(-16.3656638, -17.8276239, 38.4796230,  0.4554261,  0.8230944, -0.2145709,  0.2627965)    0    0  21.46819826  4 0.400  14.53714611
(-4.3213726, -14.2767225, 46.1113801, -0.6289333, -0.6097810,  0.3974282,  0.2732415)    0    0  13.48526822  9 0.120   9.19653948
(-13.9868262, -5.5154130, 47.9419471, -0.2861941,  0.5789439,  0.7532474, -0.1246407)    0    0  16.65560935  6 0.240  10.86535758
(-10.9707508, -17.9897164, 41.5676195, -0.2602096,  0.3292872, -0.4584734, -0.7833664)    0    0  11.57369865  3 5.000   7.90547237
(-21.5339561, -10.5298425, 40.2539992,  0.4365741, -0.3304233, -0.6702704, -0.5009601)    0    0  19.12115379  3 5.000  12.78948916
(-13.7279449, -5.0101092, 47.2885643, -0.2861975,  0.5789422,  0.7532477, -0.1246388)    0    0  16.35181375  1 0.480  11.12443113
(-21.3875859, -10.3041383, 40.2540136,  0.4365741, -0.3304233, -0.6702704, -0.5009601)    0    0  18.81548181  1 0.600  12.72201954
(-11.7054341, -13.2330747, 46.1795565, -0.2514515, -0.4522962,  0.4372554,  0.7355324)    0    0  13.41976585  0 0.400   8.97195090
(-14.1957511, -4.9239525, 46.9577530, -0.2861951,  0.5789434,  0.7532474, -0.1246403)    0    0  16.79682141  0 0.400  11.34025030
(-18.8720608, -11.7941457, 42.9808200,  0.3147372, -0.5454466,  0.5181613,  0.5787378)    0    0  16.34374293  0 4.600  10.93302093
(-12.0089089, -12.9147914, 46.0386164, -0.2511805, -0.4523873,  0.4373378,  0.7355200)    0    0  13.48026428 14 0.000   8.99208298
(-14.0907520, -5.0223344, 47.5216003, -0.2861936,  0.5789441,  0.7532473, -0.1246409)    0    0  16.79475160  7 0.400  11.19387573
(-11.0078467, -17.8075435, 41.8862273, -0.2601958,  0.3293041, -0.4584714, -0.7833651)    0    0  10.53732835 10 0.200   6.94070945
(-12.1688937, -13.0436998, 46.1890951, -0.2514513, -0.4522965,  0.4372545,  0.7355328)    0    0  13.53989288  0 0.520   9.20836361
(-15.9577034, -17.3834038, 38.3360788,  0.4554261,  0.8230944, -0.2145710,  0.2627964)    0    0  21.49205024  5 3.960  14.39527779
(-17.7127419, -11.6278210, 37.4604148, -0.7297817, -0.3871547, -0.2045688, -0.5250508)    0    0  -1.13355236  3 3.320   0.19523409
(-10.5191141, -17.8508314, 41.3190932, -0.2602098,  0.3292871, -0.4584734, -0.7833665)    0    0  11.19463866  0 0.600   7.87548832
(-14.3884479, -4.4573795, 47.0629106, -0.2861972,  0.5789424,  0.7532475, -0.1246395)    0    0  16.86194481  2 0.640  11.32888532
(-14.9151534, -3.6109529, 45.0111110,  0.7410002,  0.1378924,  0.3720793,  0.5417208)    0    0   9.36248709  1 0.840   5.97959694
(-5.1291039, -14.1700931, 46.3256866, -0.6289329, -0.6097811,  0.3974283,  0.2732420)    0    0  13.73579981  8 0.160   9.41465231
(-4.6454759, -14.5167743, 46.1259660, -0.6289322, -0.6097813,  0.3974285,  0.2732430)    0    0  13.82071730  4 0.560   9.31097369
(-17.1833674, -11.9730746, 37.3752591, -0.7212528, -0.4312880, -0.1735405, -0.5134869)    0    0  -4.25515966  9 3.640  -2.29331889
(-15.4418542, -2.5272647, 45.1842492,  0.7410068,  0.1378854,  0.3720710,  0.5417192)    0    0  11.14687867  0 1.800   7.87724638
(-14.1112639, -5.1519289, 47.6016996, -0.2861945,  0.5789437,  0.7532474, -0.1246406)    0    0  16.90032466  6 0.640  11.16005168
(-14.1814165, -5.2801044, 47.6801594, -0.2861953,  0.5789433,  0.7532475, -0.1246401)    0    0  16.68073042 12 0.000  10.99266499
(-16.1738418, -17.6298520, 38.4142266,  0.4554260,  0.8230945, -0.2145711,  0.2627963)    0    0  21.77755154  0 3.000  14.54407137
(-14.1970163, -5.2258038, 47.3802670, -0.2861941,  0.5789439,  0.7532474, -0.1246404)    0    0  16.46779613 11 0.000  10.94009179
(-12.1883902, -18.2495329, 47.6780101,  0.7687134,  0.2080221, -0.5947542, -0.1098816)    0    0  13.86369782  1 1.000   9.25054434
(-18.8229545, -11.7675194, 42.3060025,  0.3147372, -0.5454466,  0.5181613,  0.5787378)    0    0  16.11685160  6 0.280  10.90642532
(-4.6038527, -14.8132370, 45.7091059, -0.6289331, -0.6097810,  0.3974282,  0.2732417)    0    0  12.59178116  0 0.600   7.97549373
(-14.2822888, -4.7008527, 47.1065653, -0.2861959,  0.5789430,  0.7532475, -0.1246399)    0    0  16.74105928 19 0.000  10.94887748
(-6.8350457, -4.3589464, 43.7558289,  0.3630726, -0.0889223, -0.2296734,  0.8986218)    0    0  -4.07284194  2 5.000  -2.92834649
(-11.9663208, -12.8536236, 46.2733367, -0.2513161, -0.4523418,  0.4372966,  0.7355262)    0    0  13.36102507  4 0.480   8.88010342
(-12.0370650, -12.4767568, 46.3186157, -0.2514513, -0.4522965,  0.4372545,  0.7355328)    0    0  13.49117626  9 0.080   8.87173452
(-16.7755225, -17.4595147, 38.3432259,  0.4554264,  0.8230942, -0.2145707,  0.2627969)    0    0  20.03365143 11 0.720  13.26075527
(-5.0090117, -14.4916552, 46.1506953, -0.6289329, -0.6097811,  0.3974283,  0.2732420)    0    0  12.87308184  1 0.600   8.04332084
(-11.1027219, -17.9304635, 41.3391919, -0.2601908,  0.3293101, -0.4584707, -0.7833647)    0    0  11.01332435 10 0.080   7.39962105
(-13.9961071, -5.5033029, 47.6991872, -0.2861940,  0.5789439,  0.7532474, -0.1246407)    0    0  16.82929609  3 0.400  11.38681083
(-14.1173267, -5.1918837, 47.5910030, -0.2861941,  0.5789439,  0.7532475, -0.1246404)    0    0  16.79502222  0 0.400  11.25725225
(-4.8490026, -14.5533793, 46.2751415, -0.6289333, -0.6097810,  0.3974282,  0.2732415)    0    0  13.65391867  6 0.400   9.01228489
(-11.7719940, -13.1679092, 46.2374443, -0.2514515, -0.4522964,  0.4372548,  0.7355327)    0    0  13.60750560  5 0.400   9.16369914
(-10.6466856, -17.9089625, 41.6761658, -0.2602075,  0.3292899, -0.4584731, -0.7833662)    0    0  10.88642659  5 0.400   7.42403352
(-16.1632125, -5.5453390, 36.7927298, -0.6412491, -0.1057134, -0.2641360, -0.7126405)    0    0  -1.28338863  1 5.000  -0.79476986
(-11.0437713, -17.9785923, 41.6074294, -0.2602003,  0.3292986, -0.4584721, -0.7833656)    0    0  11.31381329  7 0.560   7.56951919
(-18.8742782, -11.7368158, 42.9434071,  0.3147372, -0.5454466,  0.5181613,  0.5787377)    0    0  16.16195967  6 4.760  10.81804125
(-11.2675672, -9.0414200, 49.1481503,  0.3867210, -0.1167531, -0.2916673,  0.8670328)    0    0  13.37240987  7 4.840   8.88771768
(-10.7868618, -17.8861556, 41.3462445, -0.2602098,  0.3292871, -0.4584734, -0.7833665)    0    0  11.08646343 10 0.520   6.97343840
(-4.8185873, -14.4304486, 46.0867440, -0.6289326, -0.6097812,  0.3974283,  0.2732423)    0    0  13.64953971  2 0.560   9.21261427
(-14.0773835, -5.2338477, 47.6299436, -0.2861937,  0.5789441,  0.7532473, -0.1246409)    0    0  16.95298950  4 0.640  11.37632406
(-14.3266507, -4.6121300, 47.0600677, -0.2861981,  0.5789420,  0.7532476, -0.1246392)    0    0  16.98908559  0 0.720  11.46263215
(-20.8826585, -10.1359176, 40.4365664,  0.4365741, -0.3304233, -0.6702704, -0.5009601)    0    0  18.99698764  6 0.600  12.76889320
(-11.3104245, -9.0704861, 49.3526780,  0.3867210, -0.1167531, -0.2916673,  0.8670328)    0    0  13.47863743  2 5.000   8.99689608
(-12.0812497, -12.4412327, 46.3330492, -0.2513159, -0.4523419,  0.4372961,  0.7355264)    0    0  13.59722470  7 0.320   9.12953302
(-12.1585468, -12.7083613, 46.3737565, -0.2514513, -0.4522965,  0.4372546,  0.7355328)    0    0  13.49797965  0 0.560   9.00050792
(-21.0307355, -4.3493612, 44.2495836,  0.2531488, -0.3940636, -0.8834236,  0.0138640)    0    0  12.55351155  3 5.000   8.28974686
(-15.0242841, -3.2700173, 44.8810680,  0.7410020,  0.1378905,  0.3720772,  0.5417203)    0    0   9.29928309 12 1.880   5.13473910
(-21.0995844, -10.3270179, 40.3950793,  0.4365741, -0.3304233, -0.6702704, -0.5009601)    0    0  19.08812484  4 5.000  12.69154365
(-17.4723949, -11.6740740, 37.4172068, -0.7294749, -0.3889670, -0.2033203, -0.5246096)    0    0  -0.94993772  2 3.160   0.02885436
(-10.4483565, -18.0629555, 41.6767572, -0.2602097,  0.3292872, -0.4584734, -0.7833665)    0    0  11.50778997  4 2.680   7.72144847
(-20.8472574, -10.1886295, 40.4715729,  0.4365741, -0.3304233, -0.6702704, -0.5009601)    0    0  19.15485816  1 5.000  12.79702550
(-4.4657000, -14.6551172, 45.9930571, -0.6289322, -0.6097813,  0.3974284,  0.2732429)    0    0  13.70136692  2 0.480   9.37344058
(-21.0297738, -10.2482942, 40.4073760,  0.4365741, -0.3304233, -0.6702704, -0.5009601)    0    0  19.13566796  2 5.000  12.83025087
(-12.2825249, -12.2732401, 46.4016642, -0.2514513, -0.4522965,  0.4372545,  0.7355328)    0    0  13.67248024  2 1.480   9.10925294
(-14.1523344, -5.0735082, 47.4161568, -0.2861958,  0.5789431,  0.7532474, -0.1246400)    0    0  16.75529836 17 0.280  10.99504761
(-6.5202610, -4.5050931, 43.3874981,  0.3630726, -0.0889223, -0.2296734,  0.8986218)    0    0  -4.01033953  1 5.000  -2.51132874
(-20.6942833, -4.4535700, 44.1197272,  0.2531493, -0.3940635, -0.8834235,  0.0138643)    0    0  12.74322427  1 5.000   8.77734871
(-10.9282694, -9.0546990, 49.6635992,  0.3867210, -0.1167531, -0.2916673,  0.8670328)    0    0  13.38613355  6 2.600   8.91403831
(-11.8830471, -12.6524585, 46.4085978, -0.2514515, -0.4522964,  0.4372548,  0.7355327)    0    0  13.33515866  1 0.800   8.80418842
(-14.1877207, -5.4348927, 47.8557519, -0.2861941,  0.5789439,  0.7532474, -0.1246407)    0    0  16.74380243  6 0.240  11.24803835
(-14.1597075, -5.0050686, 47.5555342, -0.2861937,  0.5789441,  0.7532473, -0.1246409)    0    0  16.77445978 16 0.720  10.96356427
(-4.9005803, -14.3866054, 46.3171240, -0.6289333, -0.6097810,  0.3974282,  0.2732415)    0    0  14.00340430  3 5.000   9.32791494
(-16.3403916, -17.5947179, 38.3814137,  0.4554261,  0.8230943, -0.2145708,  0.2627967)    0    0  21.42161885 11 3.480  14.33895842
(-21.1997900, -10.5154309, 40.3991133,  0.4365741, -0.3304233, -0.6702704, -0.5009601)    0    0  18.98779101  7 3.800  12.61141720
(-12.2192834, -18.4864916, 47.8994209,  0.7687135,  0.2080221, -0.5947541, -0.1098815)    0    0  13.71426574 11 0.000   9.10002340
(-5.1288483, -14.2806836, 46.4194168, -0.6289331, -0.6097810,  0.3974282,  0.2732417)    0    0  13.95659882  5 0.560   9.54118989
(-10.2627913, -18.0914932, 41.6214127, -0.2602097,  0.3292871, -0.4584734, -0.7833665)    0    0  11.25978383  8 3.880   7.53960271
(-4.9242651, -13.9394324, 45.9603277, -0.6289328, -0.6097811,  0.3974283,  0.2732422)    0    0  13.14551199  7 0.240   8.82272548
(-12.0332788, -18.3536696, 47.5366652,  0.7687135,  0.2080221, -0.5947541, -0.1098815)    0    0  13.90299053  2 1.960   9.20153216
(-10.8324842, -9.0329413, 49.5876138,  0.3867210, -0.1167531, -0.2916673,  0.8670328)    0    0  13.44173470  4 5.000   9.00797414
(-15.1336805, -3.3407707, 44.9136940,  0.7410012,  0.1378913,  0.3720780,  0.5417206)    0    0   9.66934357 10 1.720   5.76373431
(-11.3200454, -9.1151485, 49.7333648,  0.3867210, -0.1167531, -0.2916673,  0.8670328)    0    0  13.39098253  5 4.280   8.97792393
(-11.8340993, -12.3036065, 46.0022998, -0.2511805, -0.4523873,  0.4373377,  0.7355200)    0    0  13.09428520  0 0.480   8.34926895
(-13.8728419, -4.9068124, 47.7162025, -0.2861946,  0.5789436,  0.7532475, -0.1246401)    0    0  16.66066267  3 0.560  10.93169818
(-21.3431190, -10.4709358, 40.3240673,  0.4365741, -0.3304233, -0.6702704, -0.5009601)    0    0  19.02761940  5 3.160  12.66941492
(-10.6079587, -18.0166430, 41.6842754, -0.2601955,  0.3293044, -0.4584714, -0.7833651)    0    0  11.04158681 11 0.280   7.14401943
(-18.8093834, -11.9775187, 42.6184557,  0.3147372, -0.5454466,  0.5181613,  0.5787377)    0    0  16.06425298  3 0.840  10.61807480
(-18.8864819, -11.7627363, 43.1067427,  0.3147372, -0.5454466,  0.5181613,  0.5787377)    0    0  16.19807917  4 5.000  10.81431913
(-12.1752030, -12.3448384, 46.3724010, -0.2514513, -0.4522965,  0.4372545,  0.7355328)    0    0  13.67060106  3 5.000   9.12036783
(-17.4722035, -11.8562192, 37.4427125, -0.6940903, -0.5249257, -0.1023350, -0.4818913)    0    0  -3.58870172  6 4.520  -6.34267185
(-15.9026790, -17.6058324, 38.3986597,  0.4554260,  0.8230944, -0.2145710,  0.2627963)    0    0  21.49349920  4 2.760  14.31616478
(-12.0351801, -12.7363864, 46.2720979, -0.2514513, -0.4522965,  0.4372545,  0.7355328)    0    0  13.50999648 12 0.200   8.89917833
(-12.0329514, -18.3570143, 47.5314365,  0.7687135,  0.2080221, -0.5947541, -0.1098815)    0    0  14.03944178  0 5.000   9.35963038
(-17.5948338, -11.6973472, 37.4381749, -0.7300204, -0.3857025, -0.2055649, -0.5253986)    0    0  -0.46213611  0 4.280  -0.19229891
(-18.7890774, -12.2754896, 43.0385679,  0.3147372, -0.5454466,  0.5181613,  0.5787377)    0    0  16.23190387  3 2.040  10.94970111
(-17.5967234, -11.6967317, 37.4384837, -0.7296280, -0.3880688, -0.2039396, -0.5248290)    0    0  -0.69923700  1 3.000   0.49062736
(-16.3150735, -17.9015398, 38.4973220,  0.4554260,  0.8230945, -0.2145711,  0.2627963)    0    0  21.60520518  1 2.840  14.49052486
(-11.9498411, -12.7883958, 46.4293338, -0.2514513, -0.4522965,  0.4372548,  0.7355327)    0    0  13.13918109  7 0.240   8.66268505
