#Coordinates  RecID  LigID  Luciferin  Neighbor's number  Vision Range  Scoring
(-11.9062098, -17.8113483, 41.1882177, -0.2602163,  0.3292793, -0.4584722, -0.7833683)    0    0   9.97604776  4 5.000   6.61394059
(-19.1779334, -11.6932420, 45.1289812,  0.3147345, -0.5454610,  0.5181543,  0.5787320)    0    0  14.69098585  8 4.600   9.86436268
(-12.5069984, -18.1983370, 47.8787806,  0.7682528,  0.2077531, -0.5953819, -0.1102096)    0    0  13.58132464 12 0.080   9.24756131
(-13.9456221, -5.6737757, 47.9793216, -0.2863400,  0.5788595,  0.7532720, -0.1245486)    0    0  16.13393323  9 0.600  10.88434058
(-4.9200581, -14.4276811, 45.9083692, -0.6289411, -0.6097793,  0.3974244,  0.2732327)    0    0  12.52960685  2 5.000   8.78649086
(-4.4085698, -14.5991184, 45.9853382, -0.6289317, -0.6097818,  0.3974277,  0.2732442)    0    0  12.27756924  4 5.000   8.71961234
(-12.9353373, -3.2657465, 42.8938126,  0.7475713,  0.1306929,  0.3630395,  0.5406079)    0    0   8.09687369  4 1.240   5.83941021
(-17.5811680, -17.7925439, 38.7883980,  0.4553856,  0.8231775, -0.2147936,  0.2624241)    0    0  18.78736199  8 0.360  12.42367208
(-15.1013245, -3.3035796, 44.8821108,  0.7409151,  0.1378832,  0.3720458,  0.5416639)    0    0   8.42883213  1 4.840   6.80265729
(-12.5997238, -2.9708373, 42.7111492,  0.7482141,  0.1302967,  0.3623374,  0.5402864)    0    0   8.23939957  4 5.000   5.77730041
(-12.8245713, -3.0241465, 42.9028955,  0.7480340,  0.1304058,  0.3624697,  0.5404210)    0    0   8.07212158  5 3.320   5.63058143
(-12.2320765, -17.9495091, 41.5213525, -0.2602255,  0.3292703, -0.4584675, -0.7833717)    0    0   9.97776304  3 1.240   6.73451728
(-11.8725373, -12.8165880, 45.9096926, -0.2517332, -0.4522221,  0.4375511,  0.7353056)    0    0  13.14688480  4 0.320   8.97214185
(-9.9520887, -8.9294382, 49.7164009,  0.3867264, -0.1167899, -0.2916480,  0.8670318)    0    0  12.40387165  8 2.040   8.95724851
(-5.3862446, -14.1058520, 45.4667516, -0.6268439, -0.6103908,  0.3979157,  0.2759354)    0    0   4.27736922  9 0.600   4.27397057
(-10.8605782, -9.0044947, 49.3010138,  0.3867263, -0.1167755, -0.2916608,  0.8670295)    0    0  13.01504523  2 5.000   8.95244005
(-16.6255695, -12.0109080, 37.5538842, -0.7319768, -0.3822095, -0.2068734, -0.5247182)    0    0  -2.36014076  7 3.480  -0.17890812
(-12.1784502, -12.7845947, 46.2469810, -0.2514586, -0.4523012,  0.4372799,  0.7355124)    0    0  13.01099649  8 0.120   8.82941856
(-12.0383287, -12.8631415, 46.2387419, -0.2513963, -0.4522986,  0.4371517,  0.7356114)    0    0  13.02721080 10 0.040   8.95232323
(-12.2040228, -2.8772526, 42.3731787,  0.7480570,  0.1304416,  0.3625200,  0.5403469)    0    0   7.95197311  8 4.760   5.06486747
(-16.6094932, -3.4989991, 45.7234598,  0.5459788,  0.2692080,  0.6365957,  0.4734766)    0    0  -6.93310091  7 4.200  -8.62951556
(-11.9328575, -12.7425288, 46.3717213, -0.2515103, -0.4522913,  0.4374031,  0.7354276)    0    0  13.21526435  4 0.840   8.91050396
(-19.2739954, -11.4136582, 45.3014866,  0.3147392, -0.5454248,  0.5181673,  0.5787518)    0    0  14.73861758  4 3.800   9.85480982
(-16.9635001, -11.7239623, 37.3345607, -0.7335427, -0.3623020, -0.2213150, -0.5307266)    0    0  -0.04108544  4 1.560  -0.15614001
(-11.4916307, -12.5986955, 46.2974758, -0.2514502, -0.4523096,  0.4372329,  0.7355380)    0    0  12.91846023  0 0.400   8.66617296
(-17.6496503, -17.5476748, 38.9657124,  0.4554289,  0.8230917, -0.2145680,  0.2628024)    0    0  19.04507600 11 3.560  12.55285969
(-11.6483688, -12.7363004, 46.9967631, -0.2515277, -0.4522899,  0.4374375,  0.7354020)    0    0  13.06568097  3 0.520   8.79010920
(-16.6392455, -12.0001838, 37.5460016, -0.7198847, -0.4377929, -0.1686282, -0.5115349)    0    0  -4.95929907  9 4.040  -3.83095158
(-11.6791420, -12.6918931, 46.9491869, -0.2514885, -0.4523001,  0.4373406,  0.7354667)    0    0  13.08434378  2 0.600   8.80802882
(-4.6197111, -14.5265509, 45.9511899, -0.6289333, -0.6097810,  0.3974282,  0.2732415)    0    0  12.70413757  0 4.680   9.48290700
(-14.0961042, -4.9124178, 48.0485783, -0.2863517,  0.5788534,  0.7532791, -0.1245069)    0    0  16.28400909 15 0.120  11.10926482
(-5.7834472, -13.6425806, 44.4302430, -0.6211053, -0.6119454,  0.3991119,  0.2833785)    0    0   1.19715589  5 1.400   1.72520972
(-11.7308358, -18.3484273, 47.3095267,  0.7686584,  0.2079931, -0.5948279, -0.1099218)    0    0  13.81767698  4 3.800   9.31271325
(-10.4495340, -8.9617761, 49.4156487,  0.3867187, -0.1167693, -0.2916574,  0.8670349)    0    0  12.69602279  7 4.760   8.61370976
(-14.1229035, -5.0824735, 47.5030459, -0.2862028,  0.5789400,  0.7532478, -0.1246365)    0    0  16.78627421  5 4.520  11.20184168
(-21.2314708, -10.3864799, 40.3516809,  0.4365741, -0.3304233, -0.6702704, -0.5009601)    0    0  19.24789099  0 5.000  12.84619562
(-12.0758872, -18.3812416, 47.5693614,  0.7687042,  0.2080109, -0.5947688, -0.1098880)    0    0  13.77338684  7 3.080   9.18692661
(-12.9806078, -3.0764768, 43.0284625,  0.7484642,  0.1300468,  0.3620339,  0.5402042)    0    0   8.30723099  3 5.000   5.59150452
(-14.0806148, -7.0297135, 48.9638683, -0.2869031,  0.5785783,  0.7533504, -0.1240795)    0    0  15.11928916 16 1.720  10.36878926
(-12.1069168, -17.4197828, 36.4016868, -0.1181751,  0.4868187, -0.4278436, -0.7522211)    0    0  -4.04982622  1 4.200  -2.63653879
(-19.1574587, -11.7520083, 45.0704684,  0.3147257, -0.5455032,  0.5181305,  0.5787182)    0    0  14.69947949  6 4.600   9.85165283
(-19.2017976, -11.6436211, 45.1706917,  0.3146992, -0.5454764,  0.5181754,  0.5787177)    0    0  14.57017529  8 0.120   9.76580364
(-19.5176032, -4.1034059, 44.9826093,  0.2227382, -0.3973763, -0.8901699, -0.0087956)    0    0   6.96376865  3 5.000   6.86501616
(-12.3731383, -17.7783443, 41.5219275, -0.2602165,  0.3292786, -0.4584721, -0.7833686)    0    0  10.08875093  1 1.080   6.88508760
(-11.4596528, -12.3989459, 46.6401006, -0.2514639, -0.4523064,  0.4372615,  0.7355183)    0    0  12.73328808 21 0.200   8.81036445
(-5.5307786, -14.2025963, 45.8267327, -0.6282239, -0.6099931,  0.3975880,  0.2741631)    0    0   6.57196551  6 0.760   6.61625740
(-13.7848356, -6.0548829, 48.4528872, -0.2873622,  0.5783971,  0.7532958, -0.1241909)    0    0  15.33095394 12 1.000  10.57362316
(-17.7154349, -17.7023445, 38.7012350,  0.4554510,  0.8230476, -0.2144508,  0.2629979)    0    0  19.34595623  3 5.000  12.90061505
(-4.4677889, -14.6028046, 46.0159599, -0.6289374, -0.6097804,  0.3974252,  0.2732376)    0    0  12.53527545  1 5.000   8.73281034
(-11.9747210, -17.1174339, 39.1757910, -0.2573283,  0.3327488, -0.4581051, -0.7830579)    0    0  -6.68773915 14 2.360  -3.02977166
(-17.5946879, -17.7333988, 38.8604795,  0.4563430,  0.8228282, -0.2151229,  0.2615807)    0    0  18.81917343  3 0.360  12.90638443
(-11.5707035, -12.5735622, 46.2992126, -0.2514622, -0.4523002,  0.4372828,  0.7355100)    0    0  13.44311296  2 5.000   9.08981725
(-19.3837541, -11.1792350, 45.5707543,  0.3147177, -0.5455948,  0.5180883,  0.5786740)    0    0  14.34111854  2 0.920   9.53829470
(-11.9565585, -17.8340491, 41.2410399, -0.2601602,  0.3293295, -0.4584904, -0.7833552)    0    0   8.73406124  6 0.440   6.45770573
(-12.1270847, -18.3197884, 47.6008263,  0.7687045,  0.2080071, -0.5947699, -0.1098876)    0    0  13.80156553  5 5.000   9.18341422
(-11.3525311, -12.1320367, 46.2718694, -0.2516010, -0.4522240,  0.4375476,  0.7353519)    0    0  12.10085411  0 0.400   8.18391360
(-6.3595776, -4.2970340, 43.6155254,  0.3630559, -0.0889381, -0.2296351,  0.8986368)    0    0  -4.40148213  2 5.000  -2.74328744
(-21.5681864, -10.5438128, 40.2726571,  0.4363684, -0.3305058, -0.6703788, -0.5009398)    0    0  18.21880467  8 1.160  12.74596976
(-5.7128879, -13.7660016, 44.5971278, -0.6233763, -0.6113494,  0.3986857,  0.2804719)    0    0   1.61135433  7 1.560   1.80768629
(-19.0774455, -4.0041483, 45.2473537,  0.1868889, -0.4004239, -0.8963833, -0.0350737)    0    0   2.27871986  4 4.600   4.98861696
(-12.3907387, -18.3034799, 47.7835638,  0.7686893,  0.2080132, -0.5947852, -0.1098994)    0    0  13.76709127  8 3.160   9.20207451
(-17.8171635, -17.9924900, 38.3113444,  0.4553399,  0.8232415, -0.2149436,  0.2621782)    0    0  19.32952180  4 0.840  12.93166028
(-12.3669018, -18.3014484, 47.7137918,  0.7687154,  0.2080276, -0.5947499, -0.1098800)    0    0  13.74510277  9 1.320   9.04795178
(-5.4915919, -13.9531077, 45.1439050, -0.6258934, -0.6106527,  0.3981239,  0.2771857)    0    0   3.37689233  7 1.000   3.64889762
(-14.1094728, -4.9961116, 47.9717726, -0.2861837,  0.5789435,  0.7532516, -0.1246408)    0    0  16.68957957  8 2.760  11.18383314
(-12.0626916, -16.8710847, 36.2793955, -0.1239487,  0.4810111, -0.4294849, -0.7541834)    0    0  -6.78766705  4 3.400  -2.39941935
(-12.4372500, -18.2442128, 48.1835457,  0.7686323,  0.2079813, -0.5948623, -0.1099412)    0    0  13.79347706  5 0.280   9.33057244
(-14.0828907, -5.3213427, 47.9419501, -0.2862058,  0.5789402,  0.7532465, -0.1246365)    0    0  16.89052279  2 1.640  11.34119537
(-13.6794953, -3.1464704, 43.6547339,  0.7466801,  0.1319065,  0.3642798,  0.5407028)    0    0   7.77434362 10 3.240   5.40265054
(-4.7775798, -14.3632236, 45.9130971, -0.6287031, -0.6098516,  0.3974819,  0.2735350)    0    0   9.62456357  4 0.440   8.08288518
(-17.7527479, -17.6529723, 38.7002788,  0.4554155,  0.8231176, -0.2146338,  0.2626908)    0    0  19.26102876  8 0.360  12.89431194
(-17.7494959, -17.6837104, 38.6829361,  0.4552977,  0.8233285, -0.2151824,  0.2617796)    0    0  19.32368545  6 0.680  12.97848832
(-6.5956591, -4.4700876, 43.4757218,  0.3630725, -0.0889223, -0.2296733,  0.8986214)    0    0  -3.34707703  0 5.000  -2.17916758
(-14.1750624, -5.6840638, 47.8195212, -0.2861856,  0.5789366,  0.7532584, -0.1246275)    0    0  16.51711307  0 0.520  11.00263024
(-4.8590126, -14.3386632, 45.7370116, -0.6289396, -0.6097811,  0.3974224,  0.2732352)    0    0  10.62644909  9 0.520   7.97509701
(-19.1197087, -11.7375607, 44.9318977,  0.3147375, -0.5454459,  0.5181622,  0.5787374)    0    0  14.80932551  1 5.000   9.94358657
(-11.9315084, -18.3738553, 47.4755970,  0.7686937,  0.2080039, -0.5947833, -0.1098961)    0    0  13.84977703  2 1.080   9.31669556
(-11.5561018, -13.0000079, 46.3031859, -0.2516098, -0.4522633,  0.4374805,  0.7353647)    0    0  12.99690372  0 0.400   8.79963527
(-12.2604974, -17.8367105, 41.4709128, -0.2602326,  0.3292637, -0.4584648, -0.7833737)    0    0   9.70401155  8 4.760   6.22010358
(-16.5579372, -11.6447059, 37.3596990, -0.7333865, -0.3629531, -0.2209386, -0.5306518)    0    0  -0.00718311  3 4.120   0.36124503
(-17.6965720, -17.7674769, 38.6552772,  0.4554259,  0.8230960, -0.2145791,  0.2627852)    0    0  19.11601775 10 2.520  12.69186198
(-10.0450814, -8.9629575, 49.9369046,  0.3867169, -0.1167925, -0.2916432,  0.8670374)    0    0  12.90016612  4 4.840   8.95826418
(-5.4701111, -13.5429720, 45.0469451, -0.6278449, -0.6101001,  0.3976963,  0.2746354)    0    0   5.39317721  8 0.600   5.84395694
(-12.0021567, -12.3785680, 46.1611040, -0.2514902, -0.4523019,  0.4373320,  0.7354702)    0    0  13.24971683  4 0.440   9.01701066
(-14.1260323, -5.0936977, 47.5269807, -0.2862042,  0.5789402,  0.7532471, -0.1246361)    0    0  16.56905711 12 2.360  11.01056938
(-12.3405203, -18.2575224, 47.7351299,  0.7686484,  0.2079867, -0.5948420, -0.1099284)    0    0  13.64259683  6 0.440   8.98608891
(-21.1825411, -10.3821216, 40.3728639,  0.4365284, -0.3304364, -0.6702946, -0.5009589)    0    0  18.73778259  6 2.120  12.67699567
(-12.2652191, -17.7877409, 41.4484037, -0.2602105,  0.3292843, -0.4584773, -0.7833651)    0    0   9.68888556  9 2.200   6.26850351
(-12.7459281, -3.0058174, 42.8357560,  0.7483707,  0.1301510,  0.3621556,  0.5402262)    0    0   8.73006883  0 5.000   5.94720967
(-13.2039837, -3.0710685, 43.2329620,  0.7410472,  0.1377446,  0.3718957,  0.5416148)    0    0   8.35663396  2 5.000   5.45058890
(-4.4992708, -14.5802161, 45.9933222, -0.6289199, -0.6097848,  0.3974319,  0.2732584)    0    0  12.20884912  5 1.320   8.20081748
(-15.7497211, -5.7581884, 36.7639876, -0.6412489, -0.1057134, -0.2641360, -0.7126403)    0    0  -0.75449539  0 5.000  -0.49717212
(-14.1916095, -5.1483557, 47.1083422, -0.2861926,  0.5789441,  0.7532477, -0.1246411)    0    0  16.91358166  1 5.000  11.40490083
(-14.0745107, -5.3875644, 48.0496255, -0.2862057,  0.5789350,  0.7532513, -0.1246317)    0    0  16.60772217 10 3.240  10.83265407
(-17.4276827, -18.0648148, 38.6742364,  0.4552773,  0.8233689, -0.2152896,  0.2616007)    0    0  19.28820388  7 1.640  12.89918716
(-19.9223806, -4.2100165, 44.7112936,  0.2460208, -0.3948851, -0.8850831,  0.0085237)    0    0   8.69367829  1 5.000   6.91718389
(-17.6934633, -17.7500736, 38.6814172,  0.4554518,  0.8230461, -0.2144467,  0.2630046)    0    0  19.42552280  0 5.000  12.95035066
(-11.8462635, -12.6855665, 46.2810804, -0.2514412, -0.4522972,  0.4372562,  0.7355349)    0    0  12.99138695 16 0.120   8.54597302
(-14.2366763, -5.2846638, 47.4052431, -0.2861696,  0.5789336,  0.7532667, -0.1246278)    0    0  16.58178821  0 0.520  11.10780598
(-12.0992497, -17.0650048, 38.0009211, -0.2490273,  0.3427953, -0.4567805, -0.7821946)    0    0  -9.10687332 19 3.160  -7.92438719
(-19.4928267, -10.8089494, 45.6792785,  0.3147022, -0.5456171,  0.5180810,  0.5786679)    0    0  14.56407849  1 0.680   9.95601484
(-12.0213534, -17.0790764, 39.1239782, -0.2572398,  0.3328400, -0.4581113, -0.7830439)    0    0  -7.18230216 14 2.280  -3.64008832
(-11.9406134, -18.3723426, 47.4806045,  0.7687121,  0.2080135, -0.5947588, -0.1098822)    0    0  13.93460440  1 5.000   9.29685620
(-17.6573820, -17.6110445, 38.8674978,  0.4552543,  0.8233498, -0.2151604,  0.2618065)    0    0  18.15970275 12 0.440  12.85928245
(-4.8005088, -14.3517494, 45.7360852, -0.6289512, -0.6097772,  0.3974193,  0.2732215)    0    0  11.82256235  7 4.520   8.36758567
(-14.1682591, -5.1950985, 47.4130455, -0.2862036,  0.5789347,  0.7532524, -0.1246312)    0    0  16.79184547  4 2.520  11.23098087
(-12.2123530, -18.1990203, 41.6573429, -0.2602334,  0.3292610, -0.4584647, -0.7833747)    0    0   9.96218564  5 3.480   6.65463999
(-21.5342450, -10.5377119, 40.2559835,  0.4365724, -0.3304247, -0.6702701, -0.5009611)    0    0  19.11632079  1 5.000  12.79069461
(-14.2012099, -4.7820778, 47.9834940, -0.2861444,  0.5789581,  0.7532579, -0.1246255)    0    0  16.54265592  0 0.520  11.01798760
(-20.5271745, -12.5537003, 40.1443088,  0.4377422, -0.3308571, -0.6674708, -0.5033715)    0    0  10.85077282  9 3.080   7.56514445
(-9.7502431, -9.9245258, 45.3082260, -0.2496630, -0.4518161,  0.4363529,  0.7369697)    0    0  -2.47394989  5 3.720   1.59522410
(-14.0701009, -4.9776197, 47.7126702, -0.2861506,  0.5789566,  0.7532606, -0.1246014)    0    0  16.53373555 13 0.000  11.25393743
(-19.3833699, -10.9669068, 45.4578799,  0.3147419, -0.5454286,  0.5181714,  0.5787431)    0    0  14.77280413  2 4.200   9.94010744
(-11.7032373, -12.2579409, 46.6410402, -0.2514275, -0.4523179,  0.4371705,  0.7355778)    0    0  12.94467160  1 0.520   8.68828278
(-14.0863163, -5.9613358, 48.2069527, -0.2862253,  0.5789176,  0.7532739, -0.1245310)    0    0  15.65347710 20 0.520  10.75263338
(-12.2706344, -17.7936503, 41.4536822, -0.2602357,  0.3292589, -0.4584616, -0.7833765)    0    0  10.09818795  0 5.000   6.73562103
(-11.7374841, -12.6753362, 46.2828061, -0.2514874, -0.4522974,  0.4373331,  0.7354732)    0    0  13.31923781  3 4.440   9.09947016
(-17.5303563, -18.1119321, 38.5227021,  0.4554378,  0.8230723, -0.2145163,  0.2628900)    0    0  19.39439211  1 1.320  13.06074519
(-16.1993105, -12.0410760, 37.3902029, -0.7344503, -0.3708486, -0.2141212, -0.5263362)    0    0  -0.58185258  6 3.560   0.48779501
(-12.3503688, -17.6512578, 41.6376320, -0.2600573,  0.3294765, -0.4584825, -0.7833321)    0    0   6.26954834 10 0.200   6.29672802
(-14.1223519, -5.1403376, 47.5518556, -0.2861942,  0.5789445,  0.7532469, -0.1246410)    0    0  16.92014075  0 3.640  11.33132675
(-12.5877019, -2.9516476, 42.7086430,  0.7480727,  0.1303588,  0.3624789,  0.5403719)    0    0   7.84485142  8 2.120   5.64627287
(-4.4525318, -14.7275513, 46.0338773, -0.6288336, -0.6098117,  0.3974503,  0.2733701)    0    0  11.28489478  6 0.280   8.49261182
(-5.5468436, -14.0544127, 45.3537952, -0.6262310, -0.6105543,  0.3980592,  0.2767420)    0    0   4.50920040  8 0.920   4.65554431
(-16.9612829, -11.7240103, 37.3348784, -0.7335199, -0.3614371, -0.2220600, -0.5310378)    0    0   0.57483594  1 1.720   0.83985719
(-12.5381359, -2.9432282, 42.6671236,  0.7478811,  0.1304661,  0.3626704,  0.5404832)    0    0   7.46348274  9 1.480   5.07757392
(-14.0395443, -5.0206601, 47.8322559, -0.2861039,  0.5789644,  0.7532742, -0.1245902)    0    0  16.18638050  9 0.280  10.88919716
(-14.1880050, -5.1840673, 47.2069590, -0.2861527,  0.5789462,  0.7532633, -0.1246292)    0    0  16.61447638  6 0.200  11.31954669
(-17.4982448, -17.9629200, 38.7885854,  0.4553148,  0.8232898, -0.2150719,  0.2619656)    0    0  19.14143117  9 2.200  12.69146677
(-13.8919252, -6.0265791, 48.4047314, -0.2867430,  0.5786610,  0.7533004, -0.1243703)    0    0  15.44738929 16 0.840  10.57707452
(-12.6293853, -18.3277487, 47.8893924,  0.7686997,  0.2080113, -0.5947738, -0.1098920)    0    0  13.69383842 11 2.120   9.09593545
(-19.2613029, -11.5724263, 45.3441810,  0.3147400, -0.5454325,  0.5181683,  0.5787432)    0    0  14.76421606  3 1.400   9.95001648
(-4.9200559, -14.3888814, 45.8558157, -0.6288575, -0.6097986,  0.3974585,  0.2733325)    0    0  11.23831541  8 0.280   8.77426479
(-14.0488313, -6.5524427, 48.8078921, -0.2866663,  0.5786940,  0.7533316, -0.1242060)    0    0  15.25072881 16 1.400  10.42164882
(-6.8350457, -4.3589464, 43.7558289,  0.3630671, -0.0889280, -0.2296605,  0.8986268)    0    0  -4.07195948  1 5.000  -2.90000325
(-11.5492509, -12.5609410, 46.2975080, -0.2514374, -0.4522981,  0.4372479,  0.7355406)    0    0  13.48505549  1 5.000   9.10839048
(-11.1046147, -11.7789298, 46.2695637, -0.2512822, -0.4521935,  0.4370280,  0.7357882)    0    0   9.43261189  4 1.480   6.89212837
(-17.8336511, -17.6099418, 38.8884903,  0.4570916,  0.8228395, -0.2163997,  0.2591373)    0    0  18.64302917  2 0.480  12.86949818
(-4.9963501, -14.3699795, 45.8345035, -0.6289255, -0.6097833,  0.3974301,  0.2732514)    0    0  12.51201672  3 1.800   9.21721776
(-12.3069365, -17.6352311, 41.3883894, -0.2602243,  0.3292709, -0.4584704, -0.7833702)    0    0   9.78476760  6 2.040   6.58727902
(-14.1607109, -5.8501736, 48.1490316, -0.2862421,  0.5788992,  0.7532864, -0.1245019)    0    0  15.62425600 19 0.360  10.72441106
(-13.6252774, -6.2361802, 48.7339386, -0.2877828,  0.5782045,  0.7533019, -0.1240708)    0    0  15.17906315 11 1.320  10.51832325
(-4.5408886, -14.3340171, 45.6116440, -0.6289417, -0.6097806,  0.3974220,  0.2732318)    0    0  11.16818228  7 0.280   8.36554468
(-11.0678113, -11.6521169, 46.2584169, -0.2511440, -0.4521464,  0.4368380,  0.7359767)    0    0   9.15505119 16 0.920   6.79110537
(-12.0650900, -16.8710163, 36.2507864, -0.1116680,  0.4934059, -0.4260598, -0.7500359)    0    0  -6.40531586  2 3.160  -0.94566457
(-16.1632125, -5.5453390, 36.7927298, -0.6412496, -0.1057132, -0.2641359, -0.7126400)    0    0  -1.28766188  1 5.000  -0.79476986
(-12.0701449, -16.9435950, 36.2661877, -0.1097937,  0.4952857, -0.4254922, -0.7493956)    0    0  -3.65281800  0 4.680  -0.87643960
(-19.2492309, -11.4654823, 45.2420721,  0.3147376, -0.5454529,  0.5181619,  0.5787310)    0    0  14.85704402  0 2.840  10.00635158
(-10.2964822, -8.9604269, 49.5851554,  0.3867199, -0.1167700, -0.2916582,  0.8670340)    0    0  12.92474916  3 4.760   8.59893231
(-12.1690760, -17.9244042, 41.2071801, -0.2601870,  0.3293163, -0.4584766, -0.7833599)    0    0   7.63232211  6 0.280   6.33155193
(-4.5278355, -14.6053488, 46.0448185, -0.6289364, -0.6097805,  0.3974262,  0.2732384)    0    0  12.10296975  6 2.600   8.35484807
(-13.4339164, -7.1686206, 49.4615363, -0.2940453,  0.5753244,  0.7533510, -0.1223222)    0    0  14.28249741 11 2.440  10.02373441
(-14.0525199, -5.0677853, 47.9750271, -0.2862071,  0.5789351,  0.7532506, -0.1246320)    0    0  16.70682221  7 4.440  11.19487938
(-20.4056091, -13.0305242, 40.2419618,  0.4357584, -0.3353319, -0.6647027, -0.5057264)    0    0   5.65247235 10 3.080   5.94986839
(-10.3662759, -8.9697859, 49.5838670,  0.3867202, -0.1168087, -0.2916389,  0.8670352)    0    0  12.78919257  6 3.080   8.52712829
(-11.4379326, -12.3815560, 46.4008175, -0.2514656, -0.4523050,  0.4372672,  0.7355152)    0    0  12.97913582  3 0.480   8.90764306
(-12.0298937, -12.8607911, 46.3035793, -0.2515010, -0.4523017,  0.4373505,  0.7354556)    0    0  13.01594388 13 2.200   8.83478179
(-19.3380829, -4.0597393, 45.0962707,  0.2379199, -0.3958186, -0.8869700,  0.0024542)    0    0   8.53454224  2 5.000   7.28892740
(-15.2071358, -3.3164570, 44.9604288,  0.7398380,  0.1389856,  0.3748443,  0.5411234)    0    0   7.26959003  8 4.200   6.62366654
(-21.2481216, -10.3238724, 40.3712430,  0.4365640, -0.3304291, -0.6702775, -0.5009557)    0    0  18.41945342  7 4.840  11.87923172
(-16.9580361, -11.7492847, 37.3424895, -0.6995452, -0.5090432, -0.1150920, -0.4881244)    0    0  -3.94217839  8 4.200  -7.87529692
(-12.2123284, -18.0467990, 41.5592694, -0.2602197,  0.3292760, -0.4584769, -0.7833658)    0    0   9.75767330  7 3.880   6.64267420
(-21.7375844, -10.5812724, 40.2548758,  0.4364837, -0.3304645, -0.6703164, -0.5009502)    0    0  18.80357245  5 4.200  12.76107298
(-4.7464011, -14.3435317, 45.8880520, -0.6285963, -0.6098829,  0.3975061,  0.2736751)    0    0   9.48260134  6 0.280   8.02395503
(-21.0115495, -10.2805305, 40.4151666,  0.4365649, -0.3304297, -0.6702726, -0.5009610)    0    0  18.96271721  2 5.000  12.78275635
(-12.0330249, -12.8205127, 46.2926861, -0.2514298, -0.4522959,  0.4372428,  0.7355476)    0    0  13.09211969  9 4.280   8.80560030
(-14.1239826, -5.0755980, 47.4931865, -0.2862131,  0.5789357,  0.7532479, -0.1246316)    0    0  16.80748740  3 4.200  11.24553179
(-6.5202530, -4.5050927, 43.3875047,  0.3628252, -0.0891506, -0.2293146,  0.8987906)    0    0  -4.42782387  3 5.000  -2.50350105
(-19.5440969, -4.1108159, 44.9640543,  0.2536446, -0.3940037, -0.8833022,  0.0142366)    0    0  10.99309124  0 5.000   7.32872838
(-10.7895330, -8.9759941, 49.1327585,  0.3867199, -0.1167876, -0.2916499,  0.8670344)    0    0  12.90007108  5 5.000   8.82510535
(-12.0450878, -12.8181909, 46.2923311, -0.2514752, -0.4522987,  0.4373106,  0.7354900)    0    0  13.20278148  6 4.040   8.71593824
(-14.1237450, -5.0851139, 47.5018820, -0.2862111,  0.5789358,  0.7532486, -0.1246318)    0    0  16.77521222  6 4.280  11.19207375
(-13.4139224, -7.6149854, 49.7376461, -0.3076261,  0.5690013,  0.7533224, -0.1187815)    0    0  13.83160742  9 2.760   9.77276194
(-5.0651792, -14.3657398, 45.8888523, -0.6289479, -0.6097781,  0.3974205,  0.2732255)    0    0  11.45698712  8 4.280   8.35408589
(-17.5207485, -18.1336835, 38.5126932,  0.4554362,  0.8230756, -0.2145253,  0.2628750)    0    0  19.33198396  4 5.000  12.90844637
(-21.3099505, -10.4224801, 40.3263139,  0.4365709, -0.3304262, -0.6702684, -0.5009637)    0    0  18.95415619  3 4.920  12.68530358
(-12.0181804, -18.3496081, 47.5244784,  0.7687042,  0.2080092, -0.5947695, -0.1098877)    0    0  13.84388281  3 4.840   9.23587055
(-5.5088004, -13.8102065, 45.1813586, -0.6285958, -0.6098824,  0.3975162,  0.2736627)    0    0   7.54535368  0 1.000   4.81023664
(-11.9362803, -17.8577479, 41.2398895, -0.2602131,  0.3292831, -0.4584739, -0.7833667)    0    0   9.99104930  2 5.000   6.69636742
(-4.9269582, -14.3108785, 45.6548802, -0.6281210, -0.6100148,  0.3976271,  0.2742931)    0    0   6.01257684 11 0.200   5.78176141
(-12.2487204, -18.3977144, 47.8164927,  0.7686576,  0.2079983, -0.5948269, -0.1099234)    0    0  13.72595821  7 0.200   9.15501472
(-10.3362923, -8.9620833, 49.5516787,  0.3867210, -0.1167531, -0.2916673,  0.8670328)    0    0  13.21631316  0 5.000   8.95086100
(-12.4353330, -2.9318507, 42.5706073,  0.7481370,  0.1303370,  0.3624122,  0.5403331)    0    0   7.96334546  7 4.840   5.15925025
(-10.3130140, -8.9599924, 49.5625587,  0.3867235, -0.1167539, -0.2916694,  0.8670308)    0    0  13.06064365  1 5.000   8.78706611
(-12.3319997, -12.8396918, 46.2903574, -0.2513862, -0.4522967,  0.4370942,  0.7356502)    0    0  12.94222307  9 0.080   8.91938847
(-13.9786260, -5.0654981, 47.7844859, -0.2862457,  0.5788980,  0.7532837, -0.1245157)    0    0  16.13353983 10 0.200  10.75950964
(-21.2995355, -10.4531467, 40.3197113,  0.4365499, -0.3304376, -0.6702859, -0.5009512)    0    0  18.94348945  4 5.000  12.69516478
(-12.1969101, -17.9890127, 41.4283733, -0.2600249,  0.3294757, -0.4585108, -0.7833267)    0    0   6.28645257 11 0.280   6.08408847
(-19.4623524, -10.6852368, 45.5056549,  0.3146642, -0.5457646,  0.5179983,  0.5786234)    0    0  14.56956334  0 0.680   9.83068918
(-19.2200845, -11.7033597, 45.2705041,  0.3147324, -0.5454717,  0.5181479,  0.5787287)    0    0  14.70702442  5 4.760   9.85673864
(-11.9724470, -12.7648191, 46.2846560, -0.2514474, -0.4522996,  0.4372602,  0.7355289)    0    0  13.54771793  0 2.280   9.11767917
(-16.5144105, -11.6540123, 37.3738722, -0.7340488, -0.3671042, -0.2172442, -0.5283512)    0    0  -0.52414920  5 4.120   0.14317663
(-17.5189417, -18.1383729, 38.5102043,  0.4554361,  0.8230758, -0.2145258,  0.2628742)    0    0  19.34827115  2 4.200  12.91002181
(-12.2468225, -12.9259058, 46.2849211, -0.2514418, -0.4522981,  0.4372555,  0.7355346)    0    0  13.13354488  8 4.200   8.96263184
(-12.0329514, -18.3570143, 47.5314365,  0.7687135,  0.2080221, -0.5947541, -0.1098815)    0    0  13.93573355  0 4.360   9.35963038
(-17.0478496, -11.7395864, 37.3289730, -0.7334945, -0.3616324, -0.2219445, -0.5309881)    0    0   0.50963670  2 3.400   0.34534831
(-19.2396961, -11.4811987, 45.2138972,  0.3147159, -0.5455667,  0.5180986,  0.5786922)    0    0  14.69656397  7 3.800   9.91585963
(-17.0324375, -12.2067398, 37.4443541,  0.6403712,  0.6381068,  0.0039598,  0.4274679)    0    0   0.67826171  3 4.760   0.46139017
(-17.6489604, -17.6392968, 39.1314789,  0.4552047,  0.8234843, -0.2155456,  0.2611506)    0    0  18.88169516  0 0.440  12.77751928
(-10.5585790, -11.2771115, 46.0488848, -0.2512622, -0.4522688,  0.4368771,  0.7358385)    0    0   5.82682337 12 1.720   5.28062942
