#Coordinates  RecID  LigID  Luciferin  Neighbor's number  Vision Range  Scoring
(25.1222584,  4.1106009, 27.6033929,  0.6595039, -0.3044849, -0.0775432, -0.6828840)    0    0  14.85724850  3 0.680  10.03554676
(23.2257221, -2.4026777, 30.8798772, -0.8209762, -0.4507908, -0.1409454,  0.3208116)    0    0  20.74828815  0 5.000  13.83219210
(27.0248753, -6.8586952, 30.1420343,  0.5612393, -0.3525218, -0.7463037,  0.0613966)    0    0  16.73149906  1 1.720  11.11442786
(25.1975212, -5.4948915, 16.5750101, -0.5710709,  0.0567070,  0.7497720,  0.3293999)    0    0   2.92073188  2 5.000   1.93254830
(26.4533186,  2.4487058, 16.9179320, -0.2277907, -0.5479236, -0.2254476, -0.7726995)    0    0  -4.02163884  3 5.000  -2.75436306
(26.2461177, -4.9710750, 28.3464916, -0.7984390,  0.2646958,  0.2391490, -0.4850146)    0    0  18.51207500  5 0.640  12.41691184
(23.1148152, -2.4409973, 30.9092874, -0.8209762, -0.4507908, -0.1409454,  0.3208116)    0    0  16.92169437 20 0.000  11.32826880
(26.9465541, -7.3340474, 30.0024401,  0.5612514, -0.3525218, -0.7462935,  0.0614107)    0    0  16.71010180  2 0.880  11.27337453
(29.5296224,  3.0355591, 28.7963202,  0.3500307,  0.2345491,  0.1424265, -0.8956450)    0    0  13.08024649  1 3.160   8.72489396
(20.3883554, -7.9633765, 32.4376365,  0.6668648,  0.0686655, -0.0336040, -0.7412470)    0    0  22.14792843  5 0.840  14.80277553
(24.8566185,  3.9449653, 27.9172373,  0.6595039, -0.3044849, -0.0775432, -0.6828840)    0    0  14.24238852  5 0.400   9.83894100
(28.8964684, -0.8051780, 26.8706677, -0.0664204, -0.8327086,  0.4339532,  0.3374453)    0    0  14.46989496  6 4.840   9.70101605
(22.8102824, -2.2848739, 31.3223270, -0.8209762, -0.4507908, -0.1409454,  0.3208116)    0    0  19.75963326  0 0.400  13.24377602
(27.0529182, -7.2194902, 30.1589135,  0.5612514, -0.3525218, -0.7462935,  0.0614106)    0    0  16.63451596  3 0.880  10.99006861
(30.5419688, -5.2463796, 19.0666530,  0.7089800,  0.2229153, -0.6329536, -0.2168546)    0    0  -1.65665423  3 0.600  -4.00400265
(24.9062912,  3.8182105, 27.8225837,  0.6595039, -0.3044849, -0.0775432, -0.6828840)    0    0  14.69438103  6 1.000   9.67777295
(23.0644053, -2.1976164, 30.6812065, -0.8209762, -0.4507908, -0.1409454,  0.3208116)    0    0  20.23835487  7 0.240  13.47040256
(29.4886517,  3.2277292, 28.8062565,  0.3500307,  0.2345491,  0.1424265, -0.8956450)    0    0  12.92595762  7 0.840   8.54655917
(26.2614765, -5.6102824, 28.1237578, -0.7984390,  0.2646958,  0.2391493, -0.4850144)    0    0  18.12723662  0 0.600  11.90178092
(26.2816237,  3.2901598, 25.9278187,  0.5458610,  0.0311966,  0.4298688,  0.7185230)    0    0  11.96597879  1 1.560   8.03917609
(23.5285065, -2.2812260, 30.6399383, -0.8209762, -0.4507908, -0.1409454,  0.3208116)    0    0  18.72012164  0 0.400  11.57206147
(30.6200509, -4.8360767, 19.2283434,  0.7089800,  0.2229153, -0.6329536, -0.2168546)    0    0   3.35402461  2 0.560   3.03279684
(23.4849891, -2.3866940, 30.8305691, -0.8209762, -0.4507908, -0.1409454,  0.3208116)    0    0  20.16662824  4 0.320  13.52268891
(23.2937560, -2.0188767, 30.4509212, -0.8209762, -0.4507908, -0.1409454,  0.3208116)    0    0  17.77380938 12 0.000  11.34963680
(26.9433586, -7.3363937, 29.9912463,  0.5612394, -0.3525218, -0.7463037,  0.0613967)    0    0  16.45641336  2 0.760  10.88241782
(23.2343280, -2.4076186, 30.9185215, -0.8209762, -0.4507908, -0.1409454,  0.3208116)    0    0  17.81916837 10 0.000  11.30471834
(22.9284056, -2.3925292, 30.5061680, -0.8209762, -0.4507908, -0.1409454,  0.3208116)    0    0  19.79629230 15 0.000  13.46635778
(20.4795705, -8.1455397, 32.1690197,  0.6668648,  0.0686655, -0.0336040, -0.7412470)    0    0  21.97199321  5 0.600  14.50668021
(29.4740743,  3.2659914, 28.7873836,  0.3500307,  0.2345491,  0.1424265, -0.8956450)    0    0  13.23664098  0 5.000   8.84274925
(22.9439365, -2.5291249, 31.0660757, -0.8209762, -0.4507908, -0.1409454,  0.3208116)    0    0  20.70038406  1 1.520  14.02559467
(20.4695679, -0.2303816, 19.6877942,  0.7245995, -0.1651126, -0.3783981, -0.5518227)    0    0 -14.31509773  0 5.000  -9.53531186
(24.8748248,  3.7848650, 27.8868294,  0.6595039, -0.3044849, -0.0775432, -0.6828840)    0    0  14.88557366  2 5.000   9.86128403
(24.5233101, -11.4850748, 23.4008291, -0.3315798, -0.0121164,  0.5326210,  0.7786032)    0    0   8.09475676  4 1.000   5.45892083
(22.8279148, -2.5642417, 31.1588284, -0.8209762, -0.4507908, -0.1409454,  0.3208116)    0    0  20.34259912  6 3.760  13.75284696
(30.5237881, -5.2034503, 19.0096189,  0.7089800,  0.2229153, -0.6329536, -0.2168546)    0    0   4.43735237  0 5.000   2.95823576
(20.4673840, -0.0727888, 19.8378194,  0.7245995, -0.1651126, -0.3783981, -0.5518227)    0    0 -15.60758510  4 5.000 -10.15542390
(23.2367119, -2.3883295, 30.8287069, -0.8209762, -0.4507908, -0.1409454,  0.3208116)    0    0  19.89069575 16 0.000  13.39876722
(26.2625645, -4.9484076, 28.3119586, -0.7984390,  0.2646957,  0.2391487, -0.4850147)    0    0  18.58543076  1 5.000  12.41965839
(22.7903096, -2.2021172, 31.0826192, -0.8209762, -0.4507908, -0.1409454,  0.3208116)    0    0  18.25007487  0 0.400  13.28207333
(23.4040408, -2.5591128, 30.6186713, -0.8209762, -0.4507908, -0.1409454,  0.3208116)    0    0  19.34633115 22 0.000  13.67256456
(25.0912301, -5.5893476, 16.7141096, -0.5710709,  0.0567070,  0.7497720,  0.3293999)    0    0   2.28911354  5 1.240   1.92636778
(26.4404364,  3.1267365, 25.6113873,  0.5458777,  0.0312040,  0.4298780,  0.7185045)    0    0  11.82398589  5 0.600   8.14290304
(26.2466973, -5.3499966, 28.1256229, -0.7984389,  0.2646960,  0.2391498, -0.4850141)    0    0  18.25024682  7 0.400  12.26797368
(30.5238899, -4.7382635, 19.0458105,  0.7089800,  0.2229153, -0.6329536, -0.2168546)    0    0   4.34355749  2 1.280   2.95043701
(20.4024588, -8.1162970, 32.0766880,  0.6668648,  0.0686655, -0.0336040, -0.7412470)    0    0  22.47529954  0 5.000  15.00256775
(24.7839664,  3.5458176, 27.8742239,  0.6595039, -0.3044849, -0.0775432, -0.6828840)    0    0  13.82816054 11 0.120   9.87648094
(30.6636000, -5.2668558, 19.5070241,  0.7089800,  0.2229153, -0.6329536, -0.2168546)    0    0  -3.19872604  0 0.560  -2.02146517
(30.6653835, -5.2982896, 18.5778282,  0.7089800,  0.2229153, -0.6329536, -0.2168546)    0    0  -1.19723988  0 0.600  -2.04885262
(24.4081284, -11.2977920, 23.6777848, -0.3315798, -0.0121164,  0.5326210,  0.7786032)    0    0   7.90487299  5 0.280   5.19516409
(30.5279746, -4.7562614, 19.0501506,  0.7089800,  0.2229153, -0.6329536, -0.2168546)    0    0   0.77016281  0 0.400   2.88379397
(30.4867830, -5.4050294, 18.8673039,  0.7089800,  0.2229153, -0.6329536, -0.2168546)    0    0  -0.91899690  0 0.560  -1.66892645
(25.0481233, -2.4894689, 33.7548184,  0.7093994, -0.4577880,  0.3748294, -0.3829955)    0    0  13.75995142  0 5.000   9.17330095
(20.4280442,  0.0494767, 19.9152281,  0.7245995, -0.1651126, -0.3783981, -0.5518227)    0    0 -14.86925475  1 5.000 -10.05119227
(22.6954334, -2.4973131, 31.2361535, -0.8209762, -0.4507908, -0.1409454,  0.3208116)    0    0  19.78867380 19 0.000  13.48253167
(24.8500084, -5.8038252, 17.0297537, -0.5710709,  0.0567070,  0.7497720,  0.3293999)    0    0   2.49172283  4 4.440   2.01396778
(30.5369203, -5.2593439, 19.0478736,  0.7089800,  0.2229153, -0.6329536, -0.2168546)    0    0  -1.78222959  8 0.320  -6.31171742
(27.0312716, -7.6136627, 29.8886551,  0.5614369, -0.3525220, -0.7461360,  0.0616264)    0    0  13.86529110  8 0.560   8.78615565
(23.2581152, -2.5191915, 31.1283140, -0.8209762, -0.4507908, -0.1409454,  0.3208116)    0    0  18.71868239  0 0.400  13.21452560
(24.4879040,  2.2298223, 33.0092400,  0.4053830, -0.7384496,  0.4616640, -0.2778906)    0    0  14.87361538  2 5.000  10.01564737
(25.1260139, -5.5584205, 16.6685940, -0.5710709,  0.0567070,  0.7497720,  0.3293999)    0    0   1.15984228  7 4.520  -0.54576111
(24.8645600,  3.7736323, 27.9060957,  0.6595039, -0.3044849, -0.0775432, -0.6828840)    0    0  14.83368670  5 2.600   9.87662200
(22.9812126, -2.2770633, 30.7799229, -0.8209762, -0.4507908, -0.1409454,  0.3208116)    0    0  18.72729054  0 0.560  11.26669972
(25.0540251,  3.9808803, 27.5503775,  0.6595039, -0.3044849, -0.0775432, -0.6828840)    0    0  14.84881346  4 5.000   9.90318637
(30.5230692, -5.2803875, 19.0026467,  0.7089800,  0.2229153, -0.6329536, -0.2168546)    0    0   4.33522224  4 2.640   2.86456648
(30.5227075, -5.3190125, 18.9991461,  0.7089800,  0.2229153, -0.6329536, -0.2168546)    0    0   4.33926010  3 5.000   2.87447374
(24.8645054,  3.7345746, 27.7938540,  0.6595039, -0.3044849, -0.0775432, -0.6828840)    0    0  14.36546702  8 0.440   9.62051586
(28.6602778, -0.8558644, 27.0695805, -0.0664204, -0.8327086,  0.4339532,  0.3374453)    0    0  14.52353735  3 5.000   9.67614207
(28.5632374, -0.7295037, 27.1135910, -0.0664204, -0.8327086,  0.4339532,  0.3374453)    0    0  14.66269183  0 5.000   9.77987935
(27.2459654, -7.4794229, 30.1073959,  0.5612400, -0.3525218, -0.7463031,  0.0613974)    0    0  16.46182025  1 0.720  11.04275094
(30.5798486, -5.3126389, 18.9776810,  0.7089800,  0.2229153, -0.6329536, -0.2168546)    0    0  -1.03603629  0 0.400   0.54733120
(26.2421834, -5.3422825, 28.1142857, -0.7984390,  0.2646957,  0.2391487, -0.4850147)    0    0  18.58753031  0 3.040  12.39740218
(30.5279692, -4.7563182, 19.0501402,  0.7089800,  0.2229153, -0.6329536, -0.2168546)    0    0   4.38569440  1 5.000   2.94779858
(23.1840277, -2.0601502, 30.9705647, -0.8209762, -0.4507908, -0.1409454,  0.3208116)    0    0  19.35992142  0 0.400  13.20930086
(29.5209719,  2.7958229, 28.7800582,  0.3083731,  0.4462506, -0.0146629, -0.8399711)    0    0   8.64045997 25 2.920   1.45500591
(26.2616173, -5.3728455, 28.1121429, -0.7984389,  0.2646960,  0.2391498, -0.4850141)    0    0  17.72274021  5 0.480  11.31905646
(23.2696374, -2.5445245, 30.8980892, -0.8209762, -0.4507908, -0.1409454,  0.3208116)    0    0  19.10116788 14 0.000  13.10078240
(28.4508025, -0.6991426, 27.6929208, -0.0669007, -0.8327695,  0.4339699,  0.3371783)    0    0  14.08309038  7 3.320   9.61978344
(26.4936408,  3.1015389, 25.6340683,  0.5458640,  0.0311979,  0.4298704,  0.7185197)    0    0  12.12673805  0 3.880   8.14798556
(26.2026619,  2.7917055, 17.0184665, -0.2277907, -0.5479236, -0.2254476, -0.7726995)    0    0  -3.91322277  0 5.000  -2.60881518
(23.0955654, -2.4653576, 30.7910110, -0.8209762, -0.4507908, -0.1409454,  0.3208116)    0    0  19.21561849 14 0.000  13.50404355
(26.5403120,  2.9629912, 26.0016807,  0.5458753,  0.0312029,  0.4298766,  0.7185073)    0    0  11.50156550  5 0.360   8.09516233
(27.0355049,  2.7739539, 25.7645610,  0.5459024,  0.0312149,  0.4298915,  0.7184772)    0    0  10.02362982  0 0.520   5.92468945
(27.0187299, -6.8929521, 30.1338182,  0.5612393, -0.3525218, -0.7463038,  0.0613966)    0    0  16.51235715  4 1.320  10.91405899
(24.6612295, -11.2509916, 23.7709183, -0.3315798, -0.0121164,  0.5326210,  0.7786032)    0    0   8.39217850  0 5.000   5.59478566
(26.2418613, -5.3737622, 28.0945810, -0.7984390,  0.2646957,  0.2391487, -0.4850147)    0    0  18.54625798  3 5.000  12.35624592
(25.4476743, -2.3991519, 33.5352498,  0.7093994, -0.4577880,  0.3748294, -0.3829955)    0    0  13.70308416  1 5.000   9.18869373
(23.5957325, -2.2364036, 30.6191794, -0.8209762, -0.4507908, -0.1409454,  0.3208116)    0    0  20.42497777  5 0.720  13.69422514
(26.9275491, -7.1381647, 30.0624317,  0.5612393, -0.3525218, -0.7463038,  0.0613966)    0    0  16.61314699  3 0.960  11.10515446
(26.1696943,  2.8368185, 17.0316893, -0.2277907, -0.5479236, -0.2254476, -0.7726995)    0    0  -3.95568237  2 5.000  -2.56386128
(22.8084128, -2.2531858, 30.8960548, -0.8209762, -0.4507908, -0.1409454,  0.3208116)    0    0  18.53918988 28 0.000  13.40950028
(26.9754784, -7.2789499, 29.8654672,  0.5612393, -0.3525218, -0.7463038,  0.0613966)    0    0  16.34148144  4 0.600  10.55581615
(27.0247048, -6.8535858, 30.1408520,  0.5612519, -0.3525218, -0.7462930,  0.0614113)    0    0  16.39953784  9 0.240  10.78130541
(24.9320684, -5.7307808, 16.9224009, -0.5710709,  0.0567070,  0.7497720,  0.3293999)    0    0   2.94428808  1 5.000   1.98076798
(29.5274150,  2.9652375, 28.7486764,  0.3481666,  0.2484636,  0.1327996, -0.8940974)    0    0   8.47693104 11 0.920   8.52148232
(23.0143848, -2.7091213, 31.1089411, -0.8209762, -0.4507908, -0.1409454,  0.3208116)    0    0  19.91525515  0 0.480  13.17983577
(22.8484123, -2.7509153, 30.9103059, -0.8209762, -0.4507908, -0.1409454,  0.3208116)    0    0  19.57840007  2 0.400  13.59989953
(22.8274669, -2.7107999, 31.0310378, -0.8209762, -0.4507908, -0.1409454,  0.3208116)    0    0  19.90970645 11 0.000  13.33538356
(29.4466473,  3.4073750, 28.7964823,  0.3500307,  0.2345491,  0.1424265, -0.8956450)    0    0  12.95117333  5 4.040   8.54197792
(30.4808435, -4.8253052, 18.8885357,  0.7089800,  0.2229153, -0.6329536, -0.2168546)    0    0   0.07088907  3 0.680   0.17619353
(26.4033236, -5.2847100, 28.2135669, -0.7984389,  0.2646961,  0.2391501, -0.4850139)    0    0  17.97945124  5 0.400  11.69454804
(22.8446343, -2.7641446, 31.2027836, -0.8209762, -0.4507908, -0.1409454,  0.3208116)    0    0  19.26809363 19 0.000  13.31972335
(27.3397118, -6.8818532, 30.1020606,  0.5612635, -0.3525218, -0.7462832,  0.0614247)    0    0  16.22766986  4 0.400  10.52196568
(27.3140793, -7.1338388, 30.0543191,  0.5612398, -0.3525218, -0.7463034,  0.0613971)    0    0  16.38784885  7 0.520  10.91049191
(26.2755334, -4.9375020, 28.1419809, -0.7984390,  0.2646958,  0.2391490, -0.4850146)    0    0  18.19252875  4 0.600  12.10116907
(23.2331241, -2.6256491, 30.6219297, -0.8209762, -0.4507908, -0.1409454,  0.3208116)    0    0  19.18869720 24 0.000  13.39856012
(29.5321201,  2.8283105, 28.6689850,  0.3500307,  0.2345491,  0.1424265, -0.8956450)    0    0  13.04282862  2 1.000   8.82270176
(27.0238515, -6.8649706, 30.1401989,  0.5612393, -0.3525218, -0.7463037,  0.0613966)    0    0  16.86980355  0 3.360  11.27658177
(26.2880005, -4.8889215, 28.2255836, -0.7984389,  0.2646960,  0.2391498, -0.4850141)    0    0  18.15545550  6 0.480  12.09119914
(20.6027324, -8.1835249, 32.3388203,  0.6668648,  0.0686655, -0.0336040, -0.7412470)    0    0  21.86213400  0 0.600  14.64572162
(23.1415722, -2.5553432, 30.9246616, -0.8209762, -0.4507908, -0.1409454,  0.3208116)    0    0  20.01064267  3 0.640  13.28251987
(23.1550792, -2.3664912, 31.0874985, -0.8209762, -0.4507908, -0.1409454,  0.3208116)    0    0  19.07300410 20 0.000  11.54538155
(28.7738500, -0.9214966, 26.9969808, -0.0664204, -0.8327086,  0.4339532,  0.3374453)    0    0  14.50110776  5 5.000   9.61043913
(23.4083209, -2.3562667, 30.5125851, -0.8209762, -0.4507908, -0.1409454,  0.3208116)    0    0  17.25808844  0 0.400  11.45550126
(23.2267677, -2.2737254, 30.9438959, -0.8209762, -0.4507908, -0.1409454,  0.3208116)    0    0  19.72213643  0 0.400  13.31398257
(23.5953368, -1.9132880, 30.6795885, -0.8209762, -0.4507908, -0.1409454,  0.3208116)    0    0  18.52867854  1 0.480  11.66847738
(26.0986072, -5.0816919, 28.7292482, -0.7984390,  0.2646957,  0.2391487, -0.4850147)    0    0  18.51702738  4 0.880  12.35610306
(29.6383972,  2.8874247, 28.7661558,  0.3500307,  0.2345491,  0.1424265, -0.8956450)    0    0  13.00271789  3 0.800   8.81133826
(26.6017081,  3.0084236, 26.2251127,  0.5458854,  0.0312074,  0.4298822,  0.7184960)    0    0  11.47304258  8 0.440   8.21544307
(20.4095025, -8.1854322, 31.9149509,  0.6668648,  0.0686655, -0.0336040, -0.7412470)    0    0  21.96824955  7 2.920  14.74441550
(22.9439304, -2.1218901, 31.0851696, -0.8209762, -0.4507908, -0.1409454,  0.3208116)    0    0  19.94903849  0 0.400  13.37975276
(23.2493660, -2.4027328, 30.8364566, -0.8209762, -0.4507908, -0.1409454,  0.3208116)    0    0  20.08843279  6 0.400  13.54961790
(26.6293399,  3.4899756, 25.5455031,  0.5458697,  0.0312005,  0.4298735,  0.7185134)    0    0  11.77543710  6 1.480   8.13135755
(24.9234660,  3.8380696, 27.7955038,  0.6595039, -0.3044849, -0.0775432, -0.6828840)    0    0  15.01857476  0 5.000  10.01238318
(30.5275349, -4.7832950, 19.0470806,  0.7089800,  0.2229153, -0.6329536, -0.2168546)    0    0   0.03277208  8 0.360   0.72670678
(22.9857702, -2.3648001, 31.1771049, -0.8209762, -0.4507908, -0.1409454,  0.3208116)    0    0  20.60635356  2 2.240  13.87344006
(28.3116529, -0.5410661, 27.2257519, -0.0644675, -0.8305254,  0.4342979,  0.3426673)    0    0  12.44329677  8 1.720   9.29113145
(28.6855301, -0.8894597, 27.0583098, -0.0664204, -0.8327086,  0.4339532,  0.3374453)    0    0  14.51120176  4 5.000   9.68925154
(20.4933858, -0.3908841, 19.5573615,  0.7245995, -0.1651126, -0.3783981, -0.5518227)    0    0 -14.93203694  2 5.000  -9.94260522
(24.3512177, -11.0611792, 23.9841040, -0.3315798, -0.0121164,  0.5326210,  0.7786032)    0    0   8.20494845  2 2.120   5.61057700
(30.5274717, -4.8304033, 19.0440801,  0.7089800,  0.2229153, -0.6329536, -0.2168546)    0    0   2.56428588  6 0.720   0.62449089
(22.9788385, -2.0221047, 31.1823224, -0.8209762, -0.4507908, -0.1409454,  0.3208116)    0    0  20.07592160  0 0.640  13.35823065
(23.1493127, -2.5374403, 31.1771587, -0.8209762, -0.4507908, -0.1409454,  0.3208116)    0    0  19.88887601  1 0.720  13.36202706
(23.5687579, -2.6785597, 30.6992603, -0.8209762, -0.4507908, -0.1409454,  0.3208116)    0    0  18.21975606  0 0.400  11.18237536
(24.4452961,  1.9458127, 32.6971337,  0.4053827, -0.7384492,  0.4616637, -0.2778904)    0    0  15.26516817  0 5.000  10.17677878
(30.4680958, -5.3948400, 18.6718174,  0.7089800,  0.2229153, -0.6329536, -0.2168546)    0    0  -1.14143707  6 0.240  -1.65961365
(23.5606067, -2.5637430, 30.7077299, -0.8209762, -0.4507908, -0.1409454,  0.3208116)    0    0  19.22892115 22 0.000  13.32835525
(26.6105103,  3.0072161, 25.7445046,  0.5458554,  0.0311942,  0.4298657,  0.7185293)    0    0  10.56122801  9 1.720   5.54184941
(23.0346441, -2.2274181, 31.2057420, -0.8209762, -0.4507908, -0.1409454,  0.3208116)    0    0  19.69472395  0 0.400  13.45964301
(23.0856535, -2.1612809, 31.0982804, -0.8209762, -0.4507908, -0.1409454,  0.3208116)    0    0  20.56352177  3 0.720  13.94282157
(29.4465624,  3.3536646, 28.7888837,  0.3500274,  0.2345485,  0.1424242, -0.8956468)    0    0  12.59272779  9 0.360   8.40949429
(24.8836735, -11.2070543, 23.9213612, -0.3315798, -0.0121164,  0.5326210,  0.7786032)    0    0   6.13578760  7 0.280   3.12227663
(26.2888168, -5.3538404, 27.8516619, -0.7984389,  0.2646960,  0.2391498, -0.4850141)    0    0  18.20218670  8 0.280  12.15961671
(23.3299713, -2.4256251, 30.7469705, -0.8209762, -0.4507908, -0.1409454,  0.3208116)    0    0  18.81693123  0 0.400  11.48096419
(29.4467216,  3.4280642, 28.8104905,  0.3500307,  0.2345491,  0.1424265, -0.8956450)    0    0  12.96606868  4 1.800   8.70258321
(29.4443315,  3.4115470, 28.7936174,  0.3500307,  0.2345491,  0.1424265, -0.8956450)    0    0  12.94430960  6 1.280   8.54710451
(23.0457882, -2.7930434, 31.0231379, -0.8209762, -0.4507908, -0.1409454,  0.3208116)    0    0  19.76265233  0 0.400  13.16091952
(29.5653726,  3.0672776, 28.9045948,  0.3500307,  0.2345491,  0.1424265, -0.8956450)    0    0  12.71274539  3 0.560   8.46706319
(24.9410974,  4.0224701, 27.9225588,  0.6595039, -0.3044849, -0.0775432, -0.6828840)    0    0  12.98872503  1 0.480   7.51309154
(20.3683503, -8.3109918, 31.5042435,  0.6668648,  0.0686655, -0.0336040, -0.7412470)    0    0  21.83337950  9 0.760  14.57313308
(26.8872512, -7.1648771, 30.1399217,  0.5864650, -0.3521898, -0.7236585,  0.0913206)    0    0   8.07917210  9 0.240   5.04501182
(28.9270723, -0.6636737, 26.8102510, -0.0664204, -0.8327086,  0.4339532,  0.3374453)    0    0  14.60640190  1 5.000   9.79100044
(20.4025399, -8.1146255, 32.0811434,  0.6668648,  0.0686655, -0.0336040, -0.7412470)    0    0  22.15439857  3 5.000  14.63566965
(20.4100502, -7.9623411, 32.4873291,  0.6668648,  0.0686655, -0.0336040, -0.7412470)    0    0  22.17970731  2 5.000  14.85366962
(26.1369988,  3.1438920, 25.6761953,  0.5431609,  0.0227316,  0.4326174,  0.7191762)    0    0   7.09617290  0 0.680   7.87496669
(24.8627775,  3.6641845, 27.7878774,  0.6595039, -0.3044849, -0.0775432, -0.6828840)    0    0  14.54726705  3 0.520   9.72182109
(28.3224272, -0.4843245, 27.2403391, -0.0664204, -0.8327086,  0.4339532,  0.3374453)    0    0  14.55470715  2 5.000   9.72192025
(24.4770559, -11.2131798, 23.7676391, -0.3315798, -0.0121164,  0.5326210,  0.7786032)    0    0   7.57668005  8 3.640   5.12330534
(26.8020301,  2.8324346, 25.3331934,  0.5458665,  0.0311990,  0.4298718,  0.7185170)    0    0  11.92767369  3 1.560   8.01908979
(20.4270423,  0.0606791, 19.9250161,  0.7245995, -0.1651126, -0.3783981, -0.5518227)    0    0 -14.94104187  3 5.000 -10.07466552
(24.9528336,  3.9779198, 27.8778541,  0.6595039, -0.3044849, -0.0775432, -0.6828840)    0    0  14.67039953  5 0.640   9.82802557
(26.4059795,  3.1377953, 25.3495117,  0.5458637,  0.0311978,  0.4298703,  0.7185200)    0    0  11.94642254  2 1.240   8.06376133
(22.9838621, -2.5107396, 31.1031639, -0.8209762, -0.4507908, -0.1409454,  0.3208116)    0    0  19.81592475  8 0.320  13.14177567
(26.8552314, -7.4996260, 29.9897267,  0.5612392, -0.3525218, -0.7463038,  0.0613965)    0    0  16.43640567 10 1.360  11.20616357
(20.4090028, -8.1406707, 32.0284722,  0.6668648,  0.0686655, -0.0336040, -0.7412470)    0    0  22.14830133  4 5.000  14.76383011
(23.3015154, -2.3547073, 31.6571563, -0.8209762, -0.4507908, -0.1409454,  0.3208116)    0    0  19.36250709  0 0.400  13.06437896
(26.4866871,  2.4030443, 16.9045484, -0.2277907, -0.5479236, -0.2254476, -0.7726995)    0    0  -3.91877471  1 5.000  -2.61116663
(23.2002470, -2.3140323, 31.1675431, -0.8209762, -0.4507908, -0.1409454,  0.3208116)    0    0  18.70889539  0 0.400  13.40915990
(26.2046133, -4.9872079, 28.4599937, -0.7984390,  0.2646957,  0.2391487, -0.4850147)    0    0  18.39881213  3 0.680  12.25988278
(23.3052790, -2.5875172, 31.1158963, -0.8209762, -0.4507908, -0.1409454,  0.3208116)    0    0  18.55971733  0 0.400  13.04857721
(24.4521897, -11.1675007, 23.8555932, -0.3315798, -0.0121164,  0.5326210,  0.7786032)    0    0   8.01840052  6 2.200   5.36909652
(24.9803423, -5.6878832, 16.8592262, -0.5710709,  0.0567070,  0.7497720,  0.3293999)    0    0   2.98064271  0 5.000   1.98709514
(27.1353169, -6.5078367, 30.2747725,  0.5612392, -0.3525218, -0.7463038,  0.0613965)    0    0  16.40316950  3 0.400  10.80441125
(20.2492293, -8.1683448, 31.6111759,  0.6668648,  0.0686655, -0.0336040, -0.7412470)    0    0  22.27810267  1 5.000  14.97542165
(24.7239089, -11.2829516, 23.7363153, -0.3315798, -0.0121164,  0.5326210,  0.7786032)    0    0   8.13184808  3 1.080   5.41735667
(24.7373785, -11.2593474, 23.7692404, -0.3315798, -0.0121164,  0.5326210,  0.7786032)    0    0   8.06902243  5 4.360   5.31583062
(25.0869261,  4.0168655, 27.4886013,  0.6595039, -0.3044849, -0.0775432, -0.6828840)    0    0  14.94335836  1 5.000  10.02286378
(24.4266303,  1.5741728, 32.5903854,  0.4053830, -0.7384496,  0.4616640, -0.2778906)    0    0  14.89469444  1 5.000  10.05815462
(26.2580236, -5.7595939, 27.7929422, -0.7984390,  0.2646957,  0.2391487, -0.4850147)    0    0  18.55881795  2 5.000  12.38296400
(24.1800643, -11.1802037, 23.8053321, -0.3315798, -0.0121164,  0.5326210,  0.7786032)    0    0   8.29925236  1 5.000   5.59218407
(24.6313594, -11.1325814, 23.9237014, -0.3315798, -0.0121164,  0.5326210,  0.7786032)    0    0   6.75327341  9 0.920   3.12394497
(23.6086986, -2.5230006, 30.7860944, -0.8209762, -0.4507908, -0.1409454,  0.3208116)    0    0  18.37142294  0 0.400  11.18748311
(26.3560807, -5.4220878, 27.9943155, -0.7984389,  0.2646962,  0.2391504, -0.4850138)    0    0  18.07682515  6 0.280  11.77876968
(24.8933787, -5.7650167, 16.9730765, -0.5710709,  0.0567070,  0.7497720,  0.3293999)    0    0   1.62709013  6 3.880   2.01548881
(20.4340834, -0.2341090, 19.6474436,  0.7245995, -0.1651126, -0.3783981, -0.5518227)    0    0 -15.89005530  5 5.000 -10.27200494
(27.0183546, -6.8572716, 30.1421902,  0.5612395, -0.3525218, -0.7463036,  0.0613968)    0    0  16.49031368  4 0.680  11.01928951
(26.2399843, -5.3430633, 28.1266032, -0.7984390,  0.2646958,  0.2391490, -0.4850146)    0    0  18.11124224 13 4.360  11.66814094
(24.7965308, -5.8508904, 17.0998750, -0.5710709,  0.0567070,  0.7497720,  0.3293999)    0    0   2.82353694  3 5.000   1.95657790
(26.3338254,  3.1042037, 25.1489856,  0.5348078, -0.0026972,  0.4406763,  0.7209562)    0    0   1.30220192 12 1.000   1.32296582
(23.1627301, -2.0573579, 30.7497583, -0.8209762, -0.4507908, -0.1409454,  0.3208116)    0    0  18.96036840  8 0.000  11.41262156
(26.4963305,  3.0994390, 25.6646776,  0.5458777,  0.0312040,  0.4298779,  0.7185046)    0    0  11.89354378  4 0.760   8.21435470
(23.4337126, -2.9064435, 31.1096466, -0.8209762, -0.4507908, -0.1409454,  0.3208116)    0    0  19.92834860  0 0.560  13.36943665
(26.2561728, -4.7416302, 28.4014097, -0.7984390,  0.2646958,  0.2391490, -0.4850146)    0    0  18.44976092  6 0.680  12.34432802
(24.7466344,  3.6474636, 28.1312135,  0.6595039, -0.3044849, -0.0775432, -0.6828840)    0    0  14.58586482  6 0.280   9.99465351
(23.0608201, -2.1759853, 31.0066193, -0.8209762, -0.4507908, -0.1409454,  0.3208116)    0    0  18.09581345  0 0.400  13.40668018
(23.1057235, -2.5159967, 30.5015775, -0.8209762, -0.4507908, -0.1409454,  0.3208116)    0    0  19.58934696 16 0.000  13.55828026
(27.1949604, -6.6705739, 30.1151314,  0.5660363, -0.3525018, -0.7421473,  0.0670146)    0    0  14.86012418  0 0.480  10.56182065
(29.4718222,  3.0167930, 28.7625320,  0.3500307,  0.2345491,  0.1424265, -0.8956450)    0    0  12.89867777  8 0.440   8.70113927
(22.9410774, -2.4510828, 30.9435224, -0.8209762, -0.4507908, -0.1409454,  0.3208116)    0    0  19.85705628  6 0.320  13.35355564
(23.3402148, -2.3536075, 30.8020327, -0.8209762, -0.4507908, -0.1409454,  0.3208116)    0    0  20.51785958  4 5.000  13.49071158
(26.8080796, -6.6688086, 30.2086642,  0.5612393, -0.3525218, -0.7463037,  0.0613966)    0    0  16.44364325  5 0.400  11.29144202
