#Coordinates  RecID  LigID  Luciferin  Neighbor's number  Vision Range  Scoring
(24.7069365,  3.8946351, 27.8952461,  0.6595086, -0.3044781, -0.0775411, -0.6828828)    0    0  14.66995845  5 0.520   9.80635952
(22.4341769, -2.6020361, 31.8575424, -0.8209515, -0.4508566, -0.1410262,  0.3207469)    0    0  19.60562099  8 0.160  13.26921237
(27.0636754, -6.9514839, 30.2678982,  0.5614828, -0.3521059, -0.7464091,  0.0602523)    0    0  15.29661528  9 0.120  11.22206974
(25.1975212, -5.4948915, 16.5750101, -0.5710696,  0.0567077,  0.7497729,  0.3294001)    0    0   2.84600826  1 5.000   1.93091110
(26.4616535,  2.5337573, 16.7870054, -0.2277882, -0.5479250, -0.2254458, -0.7726998)    0    0  -5.16463148  2 5.000  -2.62377696
(28.7643095, -4.8722818, 28.3444709, -0.7900758,  0.2846409,  0.3155408, -0.4418073)    0    0   9.62376751 15 1.000   7.34601312
(22.7090452, -2.8139214, 31.9908978, -0.8209711, -0.4508121, -0.1409537,  0.3207912)    0    0  19.58619792  0 0.480  13.17993705
(28.1057592, -4.6790054, 29.2607004, -0.7984388,  0.2646963,  0.2391481, -0.4850150)    0    0  14.35585181  0 3.480   9.83562498
(29.5962192,  2.8692341, 28.5014150,  0.3500127,  0.2345449,  0.1424117, -0.8956555)    0    0  12.75674188  5 0.600   8.58358948
(19.9111656, -8.9413016, 28.9005050,  0.6668657,  0.0686668, -0.0336034, -0.7412461)    0    0  13.61208672  3 3.880   9.42285188
(24.8817436,  3.8667768, 28.1111103,  0.6595045, -0.3044845, -0.0775429, -0.6828836)    0    0  14.70595464  5 1.320   9.91874282
(30.6214153, -1.0443375, 25.5675755, -0.1007360, -0.8517090,  0.4169242,  0.3010286)    0    0   6.69034698  0 5.000   7.95555522
(23.0523627, -2.8423513, 32.1407504, -0.8209670, -0.4508222, -0.1409667,  0.3207818)    0    0  19.54564451  6 0.160  13.18153832
(27.4514799, -6.8849567, 30.0865888,  0.5634780, -0.3494333, -0.7466521,  0.0534776)    0    0  13.72274897  4 0.520  10.50627212
(31.0067515, -4.2573346, 19.6473417,  0.7089793,  0.2229156, -0.6329558, -0.2168500)    0    0   1.12780486  7 4.840   0.08063568
(24.9449521,  3.6879007, 27.5260225,  0.6595044, -0.3044842, -0.0775430, -0.6828839)    0    0  14.84897927  2 1.880   9.87737114
(22.5897172, -2.7343605, 31.8750650, -0.8209682, -0.4508370, -0.1409411,  0.3207692)    0    0  19.40682822  0 0.400  12.97091053
(29.8299153,  3.2042494, 28.9287552,  0.3500284,  0.2345485,  0.1424245, -0.8956464)    0    0  12.63499385  6 0.520   8.35135728
(28.9049705, -4.9176745, 28.5621856, -0.7984361,  0.2646966,  0.2391624, -0.4850123)    0    0  13.46312313  1 1.160   8.93614986
(26.7145222,  2.9474440, 25.5605822,  0.5458066,  0.0311719,  0.4298395,  0.7185829)    0    0  11.90244030  7 0.360   8.03967292
(22.5151463, -2.7035558, 31.8829596, -0.8209802, -0.4507798, -0.1409375,  0.3208204)    0    0  19.43265211 21 0.000  13.01828389
(31.1321773, -4.5220452, 19.7628776,  0.7089900,  0.2228295, -0.6329134, -0.2170275)    0    0   1.54112063  4 0.680   2.03268555
(23.2120701, -2.5363692, 31.9993531, -0.8209668, -0.4508241, -0.1409658,  0.3207800)    0    0  19.27397007  5 0.400  12.86806350
(23.0380287, -2.7748820, 32.0518129, -0.8209704, -0.4508278, -0.1409390,  0.3207774)    0    0  19.35427561  0 0.400  12.95163549
(27.4268170, -7.1869100, 29.9082761,  0.5611459, -0.3525486, -0.7463626,  0.0613811)    0    0  16.08212239 12 0.280  10.79187299
(22.7886118, -2.4061713, 32.1102542, -0.8209955, -0.4506809, -0.1409669,  0.3209071)    0    0  19.39806316  0 0.400  12.98144635
(22.9072264, -2.1862189, 31.9972233, -0.8209715, -0.4508168, -0.1409420,  0.3207887)    0    0  19.58759468  9 0.080  13.09552353
(19.6276738, -8.6236049, 29.0974563,  0.6668648,  0.0686654, -0.0336040, -0.7412471)    0    0  14.25707850  0 5.000   9.53858583
(29.4255838,  3.2213608, 29.0548693,  0.3500307,  0.2345491,  0.1424265, -0.8956450)    0    0  12.87125910  1 5.000   8.71028059
(23.2271592, -2.5610522, 32.1648040, -0.8209757, -0.4507948, -0.1409409,  0.3208093)    0    0  19.80589559  2 2.560  13.28504456
(20.2727962,  0.0015806, 19.7075708,  0.7246016, -0.1651094, -0.3783954, -0.5518228)    0    0 -16.47209546  4 5.000 -11.59465823
(24.7026791,  3.8531896, 28.1494083,  0.6595665, -0.3043907, -0.0775145, -0.6828688)    0    0  14.15527924  0 0.440   9.80280913
(24.5960245, -11.3450475, 24.0070144, -0.3315801, -0.0121166,  0.5326204,  0.7786034)    0    0   5.88856379  6 0.440   3.09167644
(22.9880830, -2.6117612, 31.5249624, -0.8209865, -0.4507470, -0.1409413,  0.3208488)    0    0  19.67759019  9 1.000  13.26719795
(30.7950840, -4.4143783, 19.1259973,  0.7089786,  0.2229081, -0.6329567, -0.2168574)    0    0   0.65512668  8 0.360  -0.25334127
(20.2192835, -0.0418604, 19.6102365,  0.7245994, -0.1651125, -0.3783981, -0.5518225)    0    0 -15.24374367  0 5.000 -10.09248648
(23.0139412, -2.6802112, 31.9240396, -0.8209621, -0.4508144, -0.1410141,  0.3207844)    0    0  18.81904631 17 0.000  12.74812681
(27.8897636, -4.8062179, 29.2221753, -0.7984412,  0.2646910,  0.2391481, -0.4850139)    0    0  13.95516217  3 1.640   9.57153527
(22.3246559, -2.5897042, 32.2149381, -0.8209724, -0.4508172, -0.1409374,  0.3207878)    0    0  19.70016558  1 0.400  13.30458061
(22.5763672, -3.0018653, 31.7197565, -0.8209657, -0.4508388, -0.1409578,  0.3207655)    0    0  19.21409316  0 0.640  12.43809994
(24.6586570, -5.4835197, 17.0958599, -0.5710687,  0.0567081,  0.7497735,  0.3294001)    0    0   0.52300753  6 2.760   1.91896978
(26.8733184,  3.3833426, 25.9594498,  0.5401385,  0.0286957,  0.4267147,  0.7247489)    0    0   7.41721130 12 0.120   8.21848785
(28.7712034, -4.7653389, 28.8810317, -0.7969588,  0.2698863,  0.2584629, -0.4745682)    0    0  11.63040907 10 0.680   8.76713915
(30.9135172, -4.2346746, 19.4030381,  0.7089908,  0.2228328, -0.6329113, -0.2170273)    0    0  -0.59336810  3 0.440  -1.99875323
(19.7618854, -8.6508674, 29.3202565,  0.6668703,  0.0686729, -0.0336005, -0.7412416)    0    0  13.27595249  8 4.680   8.64210186
(24.9253795,  3.8371885, 27.7879622,  0.6595040, -0.3044849, -0.0775431, -0.6828840)    0    0  14.84923000  1 5.000   9.83537784
(30.8961391, -4.2483413, 19.3701985,  0.7089788,  0.2229120, -0.6329569, -0.2168521)    0    0  -1.19031642 15 1.560  -2.02150348
(30.8610131, -4.3104993, 19.2563225,  0.7089798,  0.2229176, -0.6329545, -0.2168502)    0    0   3.28891819  0 5.000   2.20674461
(25.0986623, -11.2986598, 23.7100406, -0.3315798, -0.0121164,  0.5326210,  0.7786032)    0    0   6.78044276  5 4.760   5.45361047
(30.9376818, -4.3194966, 19.4265119,  0.7089793,  0.2229147, -0.6329558, -0.2168511)    0    0   1.31067345  6 1.880   0.23682350
(30.5336320, -4.3356898, 18.6892281,  0.7089783,  0.2229045, -0.6329564, -0.2168628)    0    0   0.74997474  0 0.600   0.47684827
(25.0481233, -2.4894689, 33.7548184,  0.7093994, -0.4577880,  0.3748294, -0.3829955)    0    0  13.75994997  0 5.000   9.17330095
(20.0812141, -0.0286823, 19.4777899,  0.7246066, -0.1651023, -0.3783882, -0.5518233)    0    0 -16.02830728  2 5.000  -9.76875260
(23.1716610, -2.2222394, 32.1988648, -0.8209728, -0.4508044, -0.1409467,  0.3208006)    0    0  19.65215139  7 0.240  13.19594483
(24.9404909, -5.7309294, 16.9101280, -0.5710666,  0.0567092,  0.7497750,  0.3294002)    0    0   2.25209413  3 5.000   1.97808734
(30.1479205, -4.3949245, 18.8301089,  0.7089786,  0.2229086, -0.6329565, -0.2168576)    0    0  -0.63074657  3 0.600  -1.86510075
(27.1661017, -6.6993165, 30.2756255,  0.5611461, -0.3525486, -0.7463624,  0.0613810)    0    0  16.59641481  1 1.640  11.13108780
(23.5707577, -2.4794730, 32.1090146, -0.8209747, -0.4508019, -0.1409373,  0.3208035)    0    0  19.73217420  4 0.400  13.27517482
(24.4879040,  2.2298223, 33.0092400,  0.4053830, -0.7384496,  0.4616640, -0.2778906)    0    0  14.87357880  2 5.000  10.01564737
(25.1307981, -5.5903380, 16.6587913, -0.5710694,  0.0567078,  0.7497730,  0.3294000)    0    0   0.47295055  7 4.120  -0.65672944
(25.0381359,  4.2722301, 28.2461239,  0.6595243, -0.3044552, -0.0775341, -0.6828786)    0    0  14.40420089  0 0.680   9.41898027
(22.9363765, -2.4268125, 32.2384027, -0.8209725, -0.4508237, -0.1409280,  0.3207826)    0    0  19.53023049 15 0.000  13.35459260
(25.3604467,  3.8921032, 27.7296928,  0.6595078, -0.3044798, -0.0775415, -0.6828828)    0    0  14.66040191  6 0.520   9.83101900
(30.8276482, -4.0133785, 19.3536340,  0.7089912,  0.2228294, -0.6329103, -0.2170323)    0    0  -2.57196466 15 0.000   0.25435418
(30.8909206, -4.3268652, 19.1008940,  0.7089808,  0.2229005, -0.6329484, -0.2168824)    0    0   0.23564595  6 0.320   2.09556598
(24.9679627,  3.9515753, 27.7968001,  0.6595064, -0.3044818, -0.0775421, -0.6828832)    0    0  14.67733084  6 1.240   9.83564417
(30.3502983, -1.1639404, 25.8034992,  0.0030657, -0.7866532,  0.4639848,  0.4072904)    0    0  -4.15608307  6 4.600  -3.79712264
(30.7366659, -1.0437351, 25.4888017, -0.0876649, -0.8447684,  0.4235855,  0.3150500)    0    0   4.28217420  2 5.000   5.79178668
(27.4080726, -6.5414632, 30.0890958,  0.5611457, -0.3525486, -0.7463628,  0.0613812)    0    0  16.13511713  5 0.280  10.83218236
(31.0098460, -4.4750271, 19.5184370,  0.7089784,  0.2229113, -0.6329579, -0.2168512)    0    0   0.93040330  8 1.160   0.21243651
(28.3503061, -4.6814237, 29.2576157, -0.7984409,  0.2646917,  0.2391485, -0.4850139)    0    0  13.72126427  6 1.000   9.29800836
(30.8373582, -4.2956958, 19.2102047,  0.7089793,  0.2229156, -0.6329557, -0.2168501)    0    0   1.67042275  2 3.000   1.87338627
(22.4026826, -2.8574501, 31.9469904, -0.8209654, -0.4508512, -0.1409466,  0.3207539)    0    0  19.20326204  0 0.400  12.42619342
(29.5871837,  2.8425161, 28.4753656,  0.3500307,  0.2345491,  0.1424265, -0.8956450)    0    0  12.85018746  3 5.000   8.57005319
(28.4111311, -4.7729471, 28.9685613, -0.7984381,  0.2646960,  0.2391529, -0.4850140)    0    0  13.89946460  5 1.440   9.46616188
(22.9765623, -2.5631947, 32.0723160, -0.8209548, -0.4508481, -0.1410249,  0.3207510)    0    0  18.99757805 16 0.000  12.70319006
(27.1064628, -0.2590722, 32.9855749, -0.8144947, -0.4532500,  0.2115016, -0.2939897)    0    0  13.83846936  0 5.000   9.22564625
(27.1563096,  3.0430696, 25.9390444,  0.5460129,  0.0312650,  0.4299542,  0.7183536)    0    0  11.64515945  0 0.680   8.06861133
(26.4226911,  2.7640912, 16.5684918, -0.2277898, -0.5479241, -0.2254470, -0.7726996)    0    0  -5.03220702  1 5.000  -2.59252948
(23.1545714, -2.3660879, 31.9617077, -0.8209729, -0.4508102, -0.1409420,  0.3207944)    0    0  19.64900251 12 0.000  13.06880811
(26.6511157,  3.1058414, 25.7982876,  0.5431516,  0.0300193,  0.4283750,  0.7214971)    0    0   6.56112393  8 0.280   3.61167175
(26.8113779,  3.3680705, 25.7086866,  0.5459283,  0.0312344,  0.4299020,  0.7184504)    0    0  12.20115148  2 0.920   8.30182432
(27.4027734, -6.9252017, 29.9938609,  0.5611459, -0.3525486, -0.7463626,  0.0613812)    0    0  16.42868469  7 0.600  11.03540601
(24.6612295, -11.2509916, 23.7709183, -0.3315798, -0.0121164,  0.5326210,  0.7786032)    0    0   8.39073777  0 5.000   5.59478566
(28.3371544, -4.5332480, 29.3148359, -0.7984411,  0.2646914,  0.2391479, -0.4850139)    0    0  14.27015947  1 1.120   9.97638867
(25.4476743, -2.3991519, 33.5352498,  0.7093994, -0.4577880,  0.3748294, -0.3829955)    0    0  13.70307709  1 5.000   9.18869373
(22.6979015, -2.0958710, 31.8105590, -0.8209840, -0.4507609, -0.1409422,  0.3208351)    0    0  19.39466591  0 0.400  13.13286773
(27.2032440, -7.0675416, 30.3362306,  0.5614828, -0.3521058, -0.7464091,  0.0602522)    0    0  15.22326589  3 0.360  11.09154163
(26.5417568,  2.1155491, 17.1630549, -0.2277831, -0.5479279, -0.2254420, -0.7727003)    0    0  -5.92752586  3 5.000  -4.71691162
(22.6925885, -2.2526812, 31.9178214, -0.8209637, -0.4508223, -0.1409988,  0.3207759)    0    0  19.15559399 26 0.000  13.05807174
(27.1423426, -6.4187693, 30.2915945,  0.5611461, -0.3525485, -0.7463625,  0.0613808)    0    0  16.40705536  8 3.880  11.06028517
(27.3812721, -7.1509419, 29.9535855,  0.5618176, -0.3516622, -0.7464534,  0.0591239)    0    0  15.22257559  0 0.400  11.17118115
(24.9320684, -5.7307808, 16.9224009, -0.5710660,  0.0567095,  0.7497754,  0.3294003)    0    0   2.32037554  2 5.000   1.98417136
(28.9233237,  2.9812846, 27.9321416,  0.3364172,  0.2320934,  0.1327470, -0.9029587)    0    0   1.18834024 11 1.400   4.27201501
(23.3248124, -2.3774624, 31.9511476, -0.8209764, -0.4507963, -0.1409354,  0.3208079)    0    0  19.52786087  0 0.400  12.97384101
(22.6699083, -2.8519714, 32.0746621, -0.8209599, -0.4508657, -0.1409692,  0.3207376)    0    0  19.44065659  0 0.400  13.00753567
(22.9888272, -2.3829328, 31.7573532, -0.8209712, -0.4508172, -0.1409456,  0.3207873)    0    0  19.59320168 15 0.480  13.09490022
(29.5823055,  3.1765653, 28.9084603,  0.3500306,  0.2345491,  0.1424265, -0.8956450)    0    0  12.38763168  9 4.680   7.84504877
(30.7265327, -4.3018271, 18.9536304,  0.7089797,  0.2229165, -0.6329548, -0.2168510)    0    0   2.11066168  1 5.000   2.14438475
(27.6501761, -4.6059479, 29.4257148, -0.7984390,  0.2646961,  0.2391479, -0.4850149)    0    0  14.21314412  2 3.400   9.82412980
(22.7432144, -2.5766248, 31.7414635, -0.8209853, -0.4507480, -0.1409487,  0.3208470)    0    0  19.50900586  1 0.560  12.86979575
(27.0578689, -6.5981504, 30.3527936,  0.5611459, -0.3525485, -0.7463626,  0.0613810)    0    0  16.27224890 10 3.000  10.82189445
(27.1702251, -6.7001566, 30.2715292,  0.5611462, -0.3525486, -0.7463624,  0.0613809)    0    0  16.56072710  2 4.360  11.13406920
(27.3535878, -6.8801948, 30.0404318,  0.5611459, -0.3525486, -0.7463626,  0.0613811)    0    0  16.48626849  5 3.560  11.07468852
(22.8537839, -2.4126719, 32.1374159, -0.8209620, -0.4508629, -0.1409493,  0.3207449)    0    0  19.44759147  0 0.400  12.91917549
(29.2524264,  3.0405603, 28.9528055,  0.3500305,  0.2345489,  0.1424261, -0.8956452)    0    0  12.83446502  4 2.040   8.68148338
(27.4915537, -6.9846683, 29.9397267,  0.5661153, -0.3458543, -0.7469426,  0.0444411)    0    0   7.69150190 17 0.040  10.59125725
(28.7441620, -4.9490364, 29.0416826, -0.7969639,  0.2698788,  0.2584545, -0.4745685)    0    0  11.89565734  9 0.840   9.25294806
(19.6242658, -8.6225530, 29.0927296,  0.6668725,  0.0686763, -0.0335991, -0.7412393)    0    0  13.43340566  4 0.600   9.30189357
(23.1375442, -2.3948982, 31.9093979, -0.8209952, -0.4506792, -0.1409771,  0.3209059)    0    0  19.34377792 16 0.000  13.00543018
(22.8144749, -2.8719770, 31.6014647, -0.8209666, -0.4508277, -0.1409519,  0.3207814)    0    0  19.33925778  0 0.400  13.04708628
(30.6397820, -1.0958955, 25.5675460,  0.0121330, -0.7797251,  0.4673719,  0.4164674)    0    0  -3.70791132  5 5.000  -4.80260151
(22.3680447, -2.7040994, 31.8240224, -0.8209569, -0.4508597, -0.1409920,  0.3207439)    0    0  19.20938999  0 0.480  12.40720025
(22.4895057, -2.3851116, 31.8514239, -0.8209752, -0.4507711, -0.1409815,  0.3208259)    0    0  18.77330439  6 0.320  12.36787140
(22.9019161, -2.2483572, 31.6577475, -0.8208958, -0.4509201, -0.1413726,  0.3206472)    0    0  18.15152437  0 0.400  13.24335068
(28.3151877, -4.6266697, 29.1864954, -0.7984383,  0.2646962,  0.2391513, -0.4850144)    0    0  13.62590082  6 0.680   9.33950332
(26.7104637,  3.2199622, 25.7960032,  0.5459993,  0.0312545,  0.4299460,  0.7183692)    0    0  12.28635978  0 4.600   8.19762042
(26.7349557,  2.7360838, 25.6714116,  0.5459354,  0.0312367,  0.4299064,  0.7184423)    0    0  12.12323173  4 3.800   8.20339506
(19.6429527, -8.6971303, 28.9421896,  0.6668635,  0.0686634, -0.0336048, -0.7412484)    0    0  13.30939815  7 3.960   9.33296107
(22.6367929, -2.3073967, 31.7886881, -0.8209194, -0.4509068, -0.1412155,  0.3206750)    0    0  18.32560136  1 0.760  12.80056227
(22.5595165, -2.8350469, 32.1267878, -0.8209772, -0.4507523, -0.1409883,  0.3208443)    0    0  19.43726829 20 0.000  13.10733712
(27.1440969,  2.9234235, 25.7497501,  0.5459973,  0.0312555,  0.4299450,  0.7183714)    0    0  12.00768596  6 0.280   8.06995495
(24.9234660,  3.8380696, 27.7955038,  0.6595039, -0.3044849, -0.0775432, -0.6828840)    0    0  15.01479877  0 5.000  10.01238318
(30.8599068, -4.0174284, 19.4816019,  0.7089786,  0.2229111, -0.6329572, -0.2168529)    0    0   1.60125335  1 0.520   2.19345253
(22.1354606, -1.8108689, 30.9407242, -0.8208954, -0.4509112, -0.1414131,  0.3206431)    0    0  10.44561738  4 1.640   9.12689284
(29.5166832,  3.0339942, 28.7620550,  0.3500305,  0.2345490,  0.1424265, -0.8956445)    0    0  13.07835099  0 5.000   8.71890789
(30.4099110, -0.8217715, 25.5810832,  0.0852518, -0.7191902,  0.4918875,  0.4832642)    0    0   0.02237169  3 5.000 -11.84855908
(20.5344228, -0.1178737, 19.8639169,  0.7246018, -0.1651092, -0.3783952, -0.5518227)    0    0 -15.90227402  1 5.000 -10.66325268
(24.8425517, -11.2768451, 23.7564824, -0.3315799, -0.0121164,  0.5326209,  0.7786032)    0    0   6.58549675  6 1.160   5.20222967
(30.9466329, -4.4211188, 19.3909306,  0.7089798,  0.2229168, -0.6329545, -0.2168512)    0    0   1.41821024  5 2.360   0.22046714
(23.4976594, -2.2190947, 31.9995590, -0.8209753, -0.4507993, -0.1409385,  0.3208051)    0    0  19.78714761  4 0.800  13.28417546
(23.2332367, -2.2069935, 31.8940657, -0.8209696, -0.4508241, -0.1409481,  0.3207806)    0    0  19.67402825 10 0.320  13.08908837
(23.1581299, -2.3667244, 31.9617641, -0.8209768, -0.4507881, -0.1409411,  0.3208157)    0    0  20.07266992  0 3.680  13.42476810
(24.4452961,  1.9458127, 32.6971337,  0.4053827, -0.7384492,  0.4616637, -0.2778904)    0    0  15.26509383  0 5.000  10.17677878
(30.9223605, -4.3104673, 19.4136693,  0.7090228,  0.2226018, -0.6327844, -0.2175280)    0    0  -0.74146252  4 0.600   0.27113337
(23.3626026, -2.2954938, 32.1811190, -0.8209728, -0.4508091, -0.1409446,  0.3207952)    0    0  19.80387237  3 4.840  13.31040116
(26.5924918,  3.3613788, 25.8277024,  0.5459914,  0.0312545,  0.4299410,  0.7183782)    0    0  12.02672912  1 0.920   7.99168907
(22.8135096, -2.2299604, 32.0457822, -0.8209685, -0.4508208, -0.1409553,  0.3207848)    0    0  19.74176466  1 0.720  13.28661743
(22.7315214, -2.4100813, 32.3236974, -0.8209502, -0.4508714, -0.1410221,  0.3207312)    0    0  19.36552002  0 0.400  12.89799529
(26.7517099,  3.1292719, 25.3249029,  0.5460170,  0.0312684,  0.4299568,  0.7183487)    0    0   8.86396616  0 0.400   3.48381536
(24.7106607, -11.3765904, 24.0778257, -0.3315800, -0.0121165,  0.5326206,  0.7786034)    0    0   3.24893656 10 2.840  -0.00261256
(28.1472221, -4.7990270, 29.1789268, -0.7900806,  0.2846354,  0.3155329, -0.4418081)    0    0   9.87418133 14 1.240   7.44230999
(23.1367449, -2.3753755, 31.9604285, -0.8209749, -0.4508047, -0.1409350,  0.3207999)    0    0  19.58925117 14 0.000  13.29762727
(29.5768835,  3.1384117, 28.8661086,  0.3500306,  0.2345491,  0.1424265, -0.8956450)    0    0  12.32128003 10 3.240   7.91256949
(29.6231696,  3.0111119, 28.6629193,  0.3500303,  0.2345489,  0.1424258, -0.8956453)    0    0  12.47926586  5 0.680   8.01918621
(22.9931419, -2.3250529, 31.6944595, -0.8209685, -0.4508324, -0.1409457,  0.3207727)    0    0  19.72020503  4 0.480  13.20009117
(29.4811577,  3.1356464, 28.9149973,  0.3500307,  0.2345491,  0.1424265, -0.8956450)    0    0  12.85724443  2 5.000   8.57100770
(24.6627481,  3.6367736, 27.3440846,  0.6595491, -0.3044168, -0.0775224, -0.6828731)    0    0  13.14081774  0 0.640   7.42358879
(19.6141647, -8.5567594, 29.2395851,  0.6668694,  0.0686718, -0.0336011, -0.7412425)    0    0  13.74616988  2 1.320   9.31938014
(26.9564055, -6.8860738, 30.1363234,  0.5710380, -0.3388074, -0.7472619,  0.0269200)    0    0   2.53385530 18 0.520   8.35771340
(30.6407351, -1.0623101, 25.5650901, -0.0482380, -0.8216300,  0.4423825,  0.3562232)    0    0  -3.03199218  4 4.840  -0.32290409
(19.5802295, -8.4370858, 29.4722463,  0.6668643,  0.0686647, -0.0336043, -0.7412475)    0    0  13.91351965  1 5.000   9.10497309
(19.5725047, -8.3124788, 29.7758066,  0.6668701,  0.0686726, -0.0336006, -0.7412417)    0    0  13.58743211  4 5.000   9.29136480
(26.7373186,  3.2122368, 25.8076299,  0.5460012,  0.0312557,  0.4299475,  0.7183668)    0    0  12.18078681  3 2.440   8.12139269
(25.1230679,  3.7854876, 27.6349232,  0.6595040, -0.3044849, -0.0775432, -0.6828839)    0    0  14.77965431  3 5.000   9.84858507
(30.3066813, -1.0203523, 25.7697367,  0.0983297, -0.7071409,  0.4955558,  0.4946792)    0    0   0.24968801  2 5.000 -10.66107199
(24.8037958, -11.2756382, 23.7672947, -0.3315798, -0.0121163,  0.5326210,  0.7786032)    0    0   7.80004192  2 5.000   5.23839716
(27.0233948,  3.0207177, 25.8189143,  0.5460000,  0.0312549,  0.4299466,  0.7183683)    0    0  12.12119142  5 3.960   8.09224079
(20.3970327, -0.1514115, 19.6839978,  0.7246011, -0.1651098, -0.3783949, -0.5518235)    0    0 -16.22035340  3 5.000 -11.20070062
(25.2728454,  3.8440482, 27.7820812,  0.6595182, -0.3044639, -0.0775368, -0.6828803)    0    0  14.17835049  7 0.280   9.81303691
(26.6132049,  3.4833862, 25.9619019,  0.5459926,  0.0312524,  0.4299419,  0.7183769)    0    0  12.21438994  1 1.240   8.18790841
(23.1935207, -2.5265894, 32.1518498, -0.8209474, -0.4508599, -0.1410577,  0.3207388)    0    0  19.33890765 16 0.000  13.05281440
(27.2830941, -7.1381951, 30.0382614,  0.5611461, -0.3525486, -0.7463625,  0.0613810)    0    0  16.51245614  4 5.000  11.04747211
(19.6281533, -8.6615822, 29.0008468,  0.6668652,  0.0686659, -0.0336037, -0.7412466)    0    0  13.53681162  5 4.680   9.22617213
(22.6098285, -2.9244205, 31.6367566, -0.8209415, -0.4508756, -0.1410836,  0.3207206)    0    0  18.33700031  2 0.480  12.40823605
(26.4866871,  2.4030443, 16.9045484, -0.2277906, -0.5479235, -0.2254476, -0.7726993)    0    0  -3.94938211  0 5.000  -2.61476620
(23.0303089, -2.3458373, 31.4967679, -0.8209664, -0.4508453, -0.1409429,  0.3207612)    0    0  19.54602671  2 0.640  13.05004907
(27.9428701, -4.6510954, 29.2811826, -0.7984392,  0.2646958,  0.2391474, -0.4850149)    0    0  13.90300602  4 2.280   9.46790799
(23.1643486, -2.3738701, 31.9403380, -0.8209756, -0.4507855, -0.1409573,  0.3208155)    0    0  19.16304574 25 0.000  12.93336955
(24.4180670, -11.2082931, 23.7759161, -0.3315798, -0.0121164,  0.5326210,  0.7786032)    0    0   7.89659716  1 5.000   5.36585518
(24.9803423, -5.6878832, 16.8592262, -0.5710709,  0.0567070,  0.7497720,  0.3293999)    0    0   2.98024442  0 5.000   1.98709514
(27.2521401, -6.7447967, 30.1839290,  0.5611461, -0.3525485, -0.7463625,  0.0613809)    0    0  16.35084354  9 1.560  10.81291240
(19.6497761, -8.5117867, 29.4330869,  0.6668639,  0.0686636, -0.0336045, -0.7412480)    0    0  12.20124134  9 3.560   7.75572612
(24.7611105, -11.3009688, 23.8267216, -0.3315798, -0.0121164,  0.5326209,  0.7786032)    0    0   6.00925911  8 4.600   3.22083955
(25.2061369, -11.4203937, 23.9215358, -0.3315799, -0.0121165,  0.5326207,  0.7786033)    0    0   6.03533572  7 0.520   3.26551483
(25.0013837,  4.3027825, 28.1356118,  0.6595084, -0.3044795, -0.0775413, -0.6828823)    0    0  13.35436345  4 0.360  10.00862825
(24.4266303,  1.5741728, 32.5903854,  0.4053830, -0.7384496,  0.4616640, -0.2778906)    0    0  14.89465694  1 5.000  10.05815462
(29.0130557, -4.6556740, 28.7844309, -0.7984356,  0.2646984,  0.2391605, -0.4850129)    0    0  12.90092286  6 1.080   8.93606392
(24.1810204, -11.1672284, 23.7817936, -0.3315798, -0.0121163,  0.5326210,  0.7786032)    0    0   6.86665838  3 2.920   5.59138846
(24.2291504, -11.1512937, 23.7256442, -0.3315799, -0.0121164,  0.5326208,  0.7786033)    0    0   6.83332971  4 3.960   5.41039300
(22.2881801, -2.7194878, 31.9541312, -0.8209623, -0.4508346, -0.1409806,  0.3207701)    0    0  19.66754934  3 0.480  13.34587454
(28.7703401, -4.8183436, 28.6994459, -0.7984378,  0.2646954,  0.2391558, -0.4850134)    0    0  13.53054331  5 0.640   9.06295237
(24.8660901, -5.7778615, 17.0098767, -0.5710655,  0.0567098,  0.7497757,  0.3294004)    0    0   1.46661156  5 4.920   1.94136501
(20.2358881, -0.0476890, 19.6217052,  0.7245752, -0.1651458, -0.3784239, -0.5518269)    0    0 -16.90507819  5 4.520 -12.19895126
(27.6718034, -6.7111986, 29.8178228,  0.5611459, -0.3525486, -0.7463626,  0.0613811)    0    0  16.52437598  3 1.800  11.04430743
(28.8598948, -4.8922310, 28.5969563, -0.7984355,  0.2646976,  0.2391630, -0.4850123)    0    0  13.46059624  5 1.160   8.90472068
(25.3455464, -5.2678627, 16.4013801, -0.5710622,  0.0567115,  0.7497780,  0.3294006)    0    0   1.50903486  4 5.000   1.96295695
(26.7214782,  3.2325334, 25.8135058,  0.5460122,  0.0312647,  0.4299532,  0.7183546)    0    0   9.42629714  8 0.280   5.52550001
(23.0825469, -2.4243388, 31.9578344, -0.8209745, -0.4508062, -0.1409363,  0.3207985)    0    0  19.51608485 23 3.560  12.68092450
(26.8238794,  2.9822063, 25.7071962,  0.5459120,  0.0312187,  0.4298981,  0.7184658)    0    0  12.01000661  5 0.440   8.06109769
(23.1448919, -2.3736911, 31.9615373, -0.8209744, -0.4508031, -0.1409400,  0.3208013)    0    0  19.82665220  1 1.120  13.24090406
(26.6670277, -6.5284084, 30.3969641,  0.5611458, -0.3525486, -0.7463627,  0.0613813)    0    0  16.46016291  3 0.680  11.01875353
(24.8924818,  3.8638092, 28.0895221,  0.6595050, -0.3044837, -0.0775428, -0.6828836)    0    0  14.75337889  4 3.320   9.92051585
(22.8173324, -1.8264232, 31.9028449, -0.8209118, -0.4508922, -0.1412814,  0.3206859)    0    0  17.53619123  0 0.680  12.72064269
(23.1005709, -2.4865337, 32.0284894, -0.8209441, -0.4508554, -0.1410947,  0.3207373)    0    0  18.36660566 24 0.000  13.18037691
(27.8579105, -5.7502957, 29.6218205,  0.6103905, -0.3511672, -0.6996140,  0.1210180)    0    0   8.59541739  3 2.120   5.77622658
(29.6068891,  3.1550507, 28.8133346,  0.3500248,  0.2345478,  0.1424218, -0.8956484)    0    0  12.60349351  4 0.520   8.30963121
(22.5570485, -2.3113560, 31.7321704, -0.8209689, -0.4508341, -0.1409403,  0.3207716)    0    0  19.43070580  0 0.400  13.07697021
(22.5952308, -2.7726196, 31.9268663, -0.8209516, -0.4508395, -0.1410580,  0.3207566)    0    0  19.05242323 28 0.000  13.02474975
(27.2274285, -6.7592403, 30.2022055,  0.5611464, -0.3525485, -0.7463623,  0.0613808)    0    0  16.64922660  0 5.000  11.13610758
