#Coordinates  RecID  LigID  Luciferin  Neighbor's number  Vision Range  Scoring
(-3.1482668,  5.7927891, 25.7781472, -0.7642006,  0.3619394, -0.5179153, -0.1294649)    0    0   5.00000000  0 0.200   0.00000000
(-2.2008173, 16.6994879, 19.8295141,  0.2169417, -0.4453624,  0.5787846,  0.6477631)    0    0   5.00000000  0 0.200   0.00000000
(10.4027648, 16.8959277, 20.9149608,  0.5559698,  0.2056093,  0.2567494, -0.7633493)    0    0   5.00000000  0 0.200   0.00000000
( 4.0036491, 15.3833049, 29.1193903, -0.3473950,  0.9294125,  0.1018465, -0.0716685)    0    0   5.00000000  0 0.200   0.00000000
( 3.3161343, 20.2807683, 22.3774727, -0.0299264, -0.8699938, -0.4442661, -0.2117615)    0    0   5.00000000  0 0.200   0.00000000
(-6.2512893, 12.7478482, 23.1620746, -0.0771218, -0.8222749, -0.0570215,  0.5609499)    0    0   5.00000000  0 0.200   0.00000000
( 9.2027771, 16.6886582, 21.6127187, -0.6412144,  0.0503962,  0.6435684, -0.4148783)    0    0   5.00000000  0 0.200   0.00000000
(-0.4989301,  6.8558075, 25.3181520, -0.5201277, -0.4521895,  0.3975024,  0.6057918)    0    0   5.00000000  0 0.200   0.00000000
(10.7132376, 15.8604439, 21.8883412,  0.8224897,  0.4112381, -0.3882315,  0.0605822)    0    0   5.00000000  0 0.200   0.00000000
( 6.2308519, 19.6490640, 18.0409071,  0.1282279,  0.4481063, -0.8486989, -0.2499370)    0    0   5.00000000  0 0.200   0.00000000
(-5.8394906, 20.0271155, 23.7119020, -0.9109780,  0.1221258, -0.0123793, -0.3937654)    0    0   5.00000000  0 0.200   0.00000000
( 6.5480683, 15.9460298, 17.5568920,  0.4189918, -0.8641598, -0.1356352, -0.2434684)    0    0   5.00000000  0 0.200   0.00000000
(-5.3565321, 15.5505981, 24.0064249,  0.3090490, -0.7130702, -0.5575670,  0.2917853)    0    0   5.00000000  0 0.200   0.00000000
( 3.9194448,  6.6698200, 19.1022656, -0.1868531, -0.8365480, -0.2018138,  0.4738613)    0    0   5.00000000  0 0.200   0.00000000
( 3.0287796, 14.7844709, 29.1558220,  0.1326109,  0.4811952,  0.8323011, -0.2411231)    0    0   5.00000000  0 0.200   0.00000000
(-6.0290801, 10.3862266, 23.5817033, -0.3585522,  0.2463757, -0.3200805,  0.8415984)    0    0   5.00000000  0 0.200   0.00000000
( 7.3844901, 13.4990165, 23.6958976,  0.5724103,  0.5103505, -0.6376114,  0.0730787)    0    0   5.00000000  0 0.200   0.00000000
( 6.8526912, 19.6369006, 25.1041751, -0.9382976, -0.2589581,  0.2278481, -0.0249719)    0    0   5.00000000  0 0.200   0.00000000
( 4.7027876, 22.3103093, 25.0438801,  0.4203488, -0.6483473,  0.1154262, -0.6242030)    0    0   5.00000000  0 0.200   0.00000000
( 1.1132344, 15.9901746, 30.7664454, -0.6939909,  0.0767695, -0.6836925,  0.2122443)    0    0   5.00000000  0 0.200   0.00000000
( 1.7553714, 12.8354316, 33.6327183,  0.3163104, -0.3042277,  0.6497715, -0.6206369)    0    0   5.00000000  0 0.200   0.00000000
( 4.7217378, 22.9501058, 21.9787650,  0.5264670, -0.6430750,  0.2130032, -0.5137283)    0    0   5.00000000  0 0.200   0.00000000
( 7.7838290,  8.2053451, 18.8665594, -0.0092250,  0.9174274,  0.0342367, -0.3963201)    0    0   5.00000000  0 0.200   0.00000000
( 5.3629829, 16.9104464, 26.1543641, -0.4969118,  0.4233011, -0.0793493, -0.7533914)    0    0   5.00000000  0 0.200   0.00000000
( 0.1897051, 22.6183155, 25.0695926, -0.1317189, -0.4558843, -0.3276353,  0.8169913)    0    0   5.00000000  0 0.200   0.00000000
( 4.2031394, 20.4718032, 27.6989584, -0.6746533, -0.0762034, -0.2210075, -0.7001369)    0    0   5.00000000  0 0.200   0.00000000
(-2.2426826,  8.5559951, 27.0765681, -0.2017694, -0.6048253, -0.5166080,  0.5714820)    0    0   5.00000000  0 0.200   0.00000000
(-5.6963765, 12.0770481, 25.0527046, -0.3463164, -0.3903059, -0.3597671,  0.7734946)    0    0   5.00000000  0 0.200   0.00000000
( 8.5389350, 11.2190718, 18.6508083, -0.4012681,  0.2711108, -0.8744951,  0.0272236)    0    0   5.00000000  0 0.200   0.00000000
(-1.6827662, 16.9683530, 22.7585997,  0.6876243, -0.6490530, -0.1641133,  0.2810157)    0    0   5.00000000  0 0.200   0.00000000
(-0.0098229, 15.1819126, 22.3314025,  0.6484658,  0.1999010,  0.2967722, -0.6719062)    0    0   5.00000000  0 0.200   0.00000000
( 1.9158405, 15.2505332, 23.1510776, -0.7418300,  0.1381704,  0.5890578,  0.2891506)    0    0   5.00000000  0 0.200   0.00000000
( 4.2515591, 20.0719972, 21.3347274,  0.0004238,  0.9114929,  0.3597074,  0.1994773)    0    0   5.00000000  0 0.200   0.00000000
( 6.1283902, 17.8974373, 17.6852230,  0.5719827, -0.4666672,  0.3180345, -0.5949047)    0    0   5.00000000  0 0.200   0.00000000
( 0.5427410,  8.2706391, 23.5510114,  0.3570276, -0.6449392,  0.1308607,  0.6629180)    0    0   5.00000000  0 0.200   0.00000000
(-3.9806375, 16.1880810, 29.6351725, -0.8132667,  0.3502843,  0.2065916,  0.4161948)    0    0   5.00000000  0 0.200   0.00000000
( 4.9702839, 11.4326067, 19.5733701,  0.2199937, -0.3209084, -0.6738764, -0.6281013)    0    0   5.00000000  0 0.200   0.00000000
( 1.4711863, 14.7109590, 31.5631680,  0.0639198, -0.3089807,  0.7161329,  0.6225744)    0    0   5.00000000  0 0.200   0.00000000
( 5.1239802,  7.9737476, 19.0086870, -0.0559975, -0.8786809, -0.1641273, -0.4447994)    0    0   5.00000000  0 0.200   0.00000000
( 6.7108314, 11.2617928, 17.5743475,  0.3082008,  0.2602358, -0.1180910,  0.9073831)    0    0   5.00000000  0 0.200   0.00000000
(-3.6995093, 15.4208352, 16.6676794,  0.4020822, -0.8031367, -0.1205184, -0.4228198)    0    0   5.00000000  0 0.200   0.00000000
( 3.0151556, 18.3153056, 26.8787846, -0.5539430, -0.0796334, -0.5138343, -0.6502154)    0    0   5.00000000  0 0.200   0.00000000
( 4.5201403, 17.4300462, 32.0672269, -0.8939606, -0.4369594,  0.0994887, -0.0017032)    0    0   5.00000000  0 0.200   0.00000000
(-3.9679251, 20.0574043, 28.4465238, -0.0981978, -0.6283948,  0.1968112, -0.7461518)    0    0   5.00000000  0 0.200   0.00000000
(-3.2078035, 16.5969543, 29.6597377, -0.4041737,  0.6740207,  0.4482107, -0.4259658)    0    0   5.00000000  0 0.200   0.00000000
( 5.7035123, 12.2972235, 16.4940239, -0.7306656, -0.5847841, -0.2769184, -0.2178794)    0    0   5.00000000  0 0.200   0.00000000
( 1.8245619, 12.9189659, 27.1047923,  0.3810598, -0.7300527, -0.5151012,  0.2376704)    0    0   5.00000000  0 0.200   0.00000000
( 6.0123141, 11.0799165, 32.6619760, -0.7788270, -0.1161185,  0.6160791,  0.0197849)    0    0   5.00000000  0 0.200   0.00000000
( 0.4103939,  4.8256559, 23.3308196, -0.5938878,  0.4252169,  0.6648252,  0.1565099)    0    0   5.00000000  0 0.200   0.00000000
(-2.1688444, 16.9399800, 21.7225909,  0.7030976, -0.2717268, -0.5206682, -0.4009027)    0    0   5.00000000  0 0.200   0.00000000
( 3.7980059,  6.8664577, 30.8196368,  0.6965741,  0.4588240,  0.4296029,  0.3459861)    0    0   5.00000000  0 0.200   0.00000000
( 8.2745796, 13.3527415, 24.7950655,  0.0848071, -0.0088643, -0.0127096, -0.9962769)    0    0   5.00000000  0 0.200   0.00000000
(-3.8708245, 21.2945310, 25.6995006,  0.6563495, -0.5396436, -0.4949692, -0.1816470)    0    0   5.00000000  0 0.200   0.00000000
(-2.4672738, 12.8336775, 21.2455341,  0.2198919,  0.5327629,  0.5165293,  0.6332525)    0    0   5.00000000  0 0.200   0.00000000
(-5.9297937, 16.4689398, 18.8072269, -0.8797039,  0.3820418,  0.2377692, -0.1537234)    0    0   5.00000000  0 0.200   0.00000000
( 3.3550104, 11.5800711, 17.6415976,  0.3757203,  0.4999932,  0.7710509, -0.1196731)    0    0   5.00000000  0 0.200   0.00000000
(10.1706098, 17.9018485, 24.2099288, -0.4141621, -0.0511865, -0.6570488,  0.6278029)    0    0   5.00000000  0 0.200   0.00000000
( 1.0781553, 10.4942519, 15.8507274,  0.7607176,  0.4195800,  0.4910402, -0.0643490)    0    0   5.00000000  0 0.200   0.00000000
( 0.1447552,  9.5716076, 19.6039434,  0.1691459, -0.2484250,  0.8825586, -0.3616145)    0    0   5.00000000  0 0.200   0.00000000
( 4.0651604, 13.0149305, 20.5015654,  0.3934137,  0.4246566,  0.2775851,  0.7667066)    0    0   5.00000000  0 0.200   0.00000000
( 1.8944478, 19.3259256, 28.8502436, -0.1302418, -0.6865451,  0.4404759,  0.5636256)    0    0   5.00000000  0 0.200   0.00000000
( 7.5734330, 12.5184236, 17.8141282,  0.4814123,  0.7626486, -0.0056330,  0.4319463)    0    0   5.00000000  0 0.200   0.00000000
( 7.1099687, 18.6039826, 30.3867276, -0.4355018,  0.8618156,  0.1269411, -0.2269318)    0    0   5.00000000  0 0.200   0.00000000
( 8.1511068, 14.8841850, 26.3419360, -0.4872306, -0.7356981,  0.1900857, -0.4303744)    0    0   5.00000000  0 0.200   0.00000000
( 3.1758801, 17.5898070, 28.4869067,  0.4129547,  0.6711503, -0.4268008, -0.4436966)    0    0   5.00000000  0 0.200   0.00000000
( 0.7015381,  6.2542059, 26.3355684,  0.6123382, -0.4207047, -0.6390242, -0.1992423)    0    0   5.00000000  0 0.200   0.00000000
( 6.2314284, 13.7770390, 23.1227297, -0.0747485,  0.6478314, -0.6670127, -0.3603072)    0    0   5.00000000  0 0.200   0.00000000
(-1.2260380, 14.2164075, 20.0522255,  0.2564436,  0.2540905,  0.8016805,  0.4764275)    0    0   5.00000000  0 0.200   0.00000000
( 0.8579223,  6.1901572, 25.4303823,  0.6172062,  0.4032352, -0.3737862, -0.5627981)    0    0   5.00000000  0 0.200   0.00000000
(-3.0283429, 14.2488461, 30.5443400, -0.1337745,  0.2942481, -0.5622832, -0.7611570)    0    0   5.00000000  0 0.200   0.00000000
( 1.9297240, 13.0573530, 33.5931615,  0.5654786,  0.0055657, -0.6284102, -0.5341381)    0    0   5.00000000  0 0.200   0.00000000
(-0.9940972, 19.1399977, 22.2602373, -0.1356796, -0.6098033, -0.5750530, -0.5282470)    0    0   5.00000000  0 0.200   0.00000000
(-2.1011696, 17.4485360, 17.1092670,  0.2211387, -0.3093445,  0.9014516, -0.2068544)    0    0   5.00000000  0 0.200   0.00000000
( 1.0358010, 19.8077109, 23.0632612, -0.1106334,  0.0438044,  0.3185629, -0.9404037)    0    0   5.00000000  0 0.200   0.00000000
( 4.6893487, 22.1613990, 27.4469217,  0.5932194,  0.6255497, -0.0908270, -0.4985266)    0    0   5.00000000  0 0.200   0.00000000
(-5.5414028, 13.4260914, 19.8004516, -0.1427177, -0.1777991, -0.9304298,  0.2869137)    0    0   5.00000000  0 0.200   0.00000000
(-3.0974100, 13.5359393, 26.7730787, -0.4212451, -0.3495935, -0.5094778,  0.6639046)    0    0   5.00000000  0 0.200   0.00000000
( 7.7723164,  7.4744305, 26.3904887, -0.3006118,  0.1949312, -0.8845032,  0.2988119)    0    0   5.00000000  0 0.200   0.00000000
(-1.4863989, 10.6501728, 17.9459050,  0.3275861,  0.3730352, -0.8604233,  0.1149078)    0    0   5.00000000  0 0.200   0.00000000
(-4.6732348, 15.4693481, 18.1352559, -0.0302693,  0.4871709,  0.2132712, -0.8463236)    0    0   5.00000000  0 0.200   0.00000000
(-3.6357585, 16.7435665, 29.2524417,  0.3882257,  0.2367724,  0.0189347, -0.8904275)    0    0   5.00000000  0 0.200   0.00000000
( 3.7308461,  8.7218687, 27.8262286, -0.7896234, -0.2310530,  0.1012743,  0.5593326)    0    0   5.00000000  0 0.200   0.00000000
( 7.2203856, 11.7736640, 29.6456334, -0.5870053, -0.1511902, -0.2517878,  0.7544330)    0    0   5.00000000  0 0.200   0.00000000
( 2.4182302,  5.8799047, 28.1504875, -0.9161164,  0.1650619, -0.3379534, -0.1388265)    0    0   5.00000000  0 0.200   0.00000000
(-6.2001077,  8.2075483, 25.1240298, -0.5449426, -0.2543756,  0.6242801, -0.4986031)    0    0   5.00000000  0 0.200   0.00000000
(-5.8982391, 11.6231093, 20.3797356,  0.1163638, -0.2725582, -0.7489807, -0.5926208)    0    0   5.00000000  0 0.200   0.00000000
( 3.5159141, 13.4066188, 30.5694237,  0.8597550,  0.0799183,  0.4967814,  0.0874225)    0    0   5.00000000  0 0.200   0.00000000
( 3.9693654, 22.6212667, 20.6324504,  0.4359485, -0.5924106,  0.5968511,  0.3205736)    0    0   5.00000000  0 0.200   0.00000000
( 2.3559179, 17.9191519, 27.2129723,  0.0921332, -0.8895136, -0.4139626,  0.1700352)    0    0   5.00000000  0 0.200   0.00000000
(-3.6806887, 16.8885867, 24.1854295,  0.3558221,  0.4218584,  0.5701069,  0.6086084)    0    0   5.00000000  0 0.200   0.00000000
(-3.9078459,  9.2270918, 22.6855988, -0.0217820, -0.8625541,  0.1467868, -0.4837143)    0    0   5.00000000  0 0.200   0.00000000
( 3.5966292,  9.7589774, 30.1250370, -0.6224034, -0.0954158,  0.7768589, -0.0003953)    0    0   5.00000000  0 0.200   0.00000000
(-1.2891594,  5.9024459, 22.7365386, -0.0043580, -0.9066515, -0.0018861, -0.4218537)    0    0   5.00000000  0 0.200   0.00000000
(-0.1085009, 13.8446498, 20.5688617,  0.2368825, -0.1160825,  0.6382419, -0.7232281)    0    0   5.00000000  0 0.200   0.00000000
( 2.8078632, 17.4278938, 16.9026464, -0.5213511,  0.1378075,  0.0519170,  0.8405395)    0    0   5.00000000  0 0.200   0.00000000
( 0.9774632, 22.7169228, 24.6806834,  0.0227247,  0.6005888,  0.6546779, -0.4584469)    0    0   5.00000000  0 0.200   0.00000000
(-3.1017739,  9.5757017, 26.5749974, -0.4125541,  0.0835880, -0.6385764,  0.6442300)    0    0   5.00000000  0 0.200   0.00000000
(-4.3596304, 18.6392949, 24.7899895, -0.5192053, -0.2571147,  0.7392529, -0.3432536)    0    0   5.00000000  0 0.200   0.00000000
( 2.6757494, 21.8087097, 22.3337218, -0.6032943, -0.0365307,  0.1093348,  0.7891435)    0    0   5.00000000  0 0.200   0.00000000
(-0.8090935, 12.6754270, 25.4589477, -0.6936940,  0.5278463, -0.4895981, -0.0214624)    0    0   5.00000000  0 0.200   0.00000000
(-1.8313938,  7.3700743, 23.8239959,  0.6263781,  0.6618214,  0.2255907, -0.3446039)    0    0   5.00000000  0 0.200   0.00000000
( 4.6814803, 20.4964659, 21.1305863,  0.3891957,  0.1389554,  0.1333965, -0.9007905)    0    0   5.00000000  0 0.200   0.00000000
(-2.9217945, 20.5468740, 23.7170870, -0.8693732, -0.0704772,  0.3884581,  0.2971927)    0    0   5.00000000  0 0.200   0.00000000
(-4.6592688,  9.7556131, 24.6507717,  0.7203772, -0.2870485, -0.2552744, -0.5774901)    0    0   5.00000000  0 0.200   0.00000000
( 1.2941266,  9.5215613, 27.8279269, -0.5720262,  0.5869090, -0.4941421, -0.2900818)    0    0   5.00000000  0 0.200   0.00000000
( 6.5168629, 13.7071372, 16.5599585, -0.2022040, -0.8647211, -0.3822775, -0.2554110)    0    0   5.00000000  0 0.200   0.00000000
( 7.9058680, 19.1243056, 24.3606820, -0.6495197, -0.2088876,  0.3461740,  0.6439361)    0    0   5.00000000  0 0.200   0.00000000
(-4.6593443, 11.2397097, 17.2972525,  0.0972963, -0.9633931,  0.1120415, -0.2232796)    0    0   5.00000000  0 0.200   0.00000000
(-3.2255313, 18.1619344, 18.3792827,  0.1630194, -0.5656007, -0.1552094,  0.7933666)    0    0   5.00000000  0 0.200   0.00000000
( 9.0206160, 10.8098051, 24.1617970,  0.5537139,  0.4388346,  0.7062514,  0.0451018)    0    0   5.00000000  0 0.200   0.00000000
(-1.4507390,  9.7450297, 31.9656258,  0.2551400,  0.5767635,  0.6674967, -0.3958479)    0    0   5.00000000  0 0.200   0.00000000
( 1.7631868,  9.6076002, 19.8702343, -0.7286090, -0.2264049,  0.6311690, -0.1396261)    0    0   5.00000000  0 0.200   0.00000000
(-2.2505358, 14.3517057, 32.8093706,  0.2968207,  0.3220119, -0.7067022,  0.5556778)    0    0   5.00000000  0 0.200   0.00000000
(-7.7369389, 13.8379060, 23.1201493, -0.5729201, -0.5949580, -0.4839975,  0.2890223)    0    0   5.00000000  0 0.200   0.00000000
( 0.9170926, 20.7583847, 27.6119022,  0.3308009, -0.6013074,  0.3234687,  0.6514355)    0    0   5.00000000  0 0.200   0.00000000
(-6.2670944, 11.9822753, 28.8779359,  0.5929798, -0.1169221, -0.2632380,  0.7519375)    0    0   5.00000000  0 0.200   0.00000000
( 5.8859771, 13.5332171, 20.5808839, -0.0357722, -0.1202077,  0.0160383,  0.9919744)    0    0   5.00000000  0 0.200   0.00000000
( 7.7711984, 17.5717743, 23.3243964,  0.4882773, -0.6301571,  0.1864117,  0.5742282)    0    0   5.00000000  0 0.200   0.00000000
( 2.9034730, 12.5990237, 17.7734297,  0.3043552,  0.7255089, -0.0021048, -0.6172522)    0    0   5.00000000  0 0.200   0.00000000
( 3.9401779,  8.9256993, 26.1601038,  0.5473669, -0.6409621,  0.1364663,  0.5205133)    0    0   5.00000000  0 0.200   0.00000000
( 2.5445232, 11.6403667, 28.7282012,  0.0786916, -0.1663569, -0.9812605, -0.0571042)    0    0   5.00000000  0 0.200   0.00000000
( 2.8268013, 16.4309689, 21.9075576, -0.4655868, -0.2413100, -0.5415355, -0.6570675)    0    0   5.00000000  0 0.200   0.00000000
(-0.2706577, 19.4731730, 20.8643911, -0.8117635,  0.3320290,  0.4436835,  0.1842330)    0    0   5.00000000  0 0.200   0.00000000
(-5.0835553, 12.3905254, 29.8273422,  0.5159879,  0.6529496,  0.4653429, -0.3014454)    0    0   5.00000000  0 0.200   0.00000000
(-2.6206421, 17.8180997, 18.3435258,  0.0651888,  0.7324313,  0.4741481, -0.4842297)    0    0   5.00000000  0 0.200   0.00000000
( 6.2241709, 19.1082368, 28.1848289, -0.7223446,  0.3852118,  0.1184815,  0.5619539)    0    0   5.00000000  0 0.200   0.00000000
(-2.0132577, 14.6185979, 24.2417014, -0.1013427, -0.1896911, -0.2980576, -0.9300046)    0    0   5.00000000  0 0.200   0.00000000
( 3.3783410, 12.9826819, 31.8134746,  0.8550297, -0.3443814,  0.3413120,  0.1839343)    0    0   5.00000000  0 0.200   0.00000000
( 3.1000065, 22.0412305, 24.6322498,  0.6532667, -0.3833847,  0.6263783,  0.1841439)    0    0   5.00000000  0 0.200   0.00000000
( 7.6314167, 21.1486208, 25.9522987, -0.4940994,  0.3879864,  0.6604074, -0.4113324)    0    0   5.00000000  0 0.200   0.00000000
( 7.2631586, 10.2109116, 22.7342896, -0.6104969,  0.7332452, -0.0540498,  0.2944887)    0    0   5.00000000  0 0.200   0.00000000
(-7.1267771, 13.9164491, 20.4607738,  0.1092159,  0.1693123,  0.9793681,  0.0155995)    0    0   5.00000000  0 0.200   0.00000000
( 6.3483292, 14.4093948, 24.0796075,  0.2944245, -0.1695174, -0.9401679,  0.0257379)    0    0   5.00000000  0 0.200   0.00000000
(-2.9648413, 15.3189583, 24.6329535,  0.4704993,  0.8317968, -0.2381698,  0.1732618)    0    0   5.00000000  0 0.200   0.00000000
( 5.2522791,  9.5598863, 16.4290755,  0.5133126, -0.5449428, -0.6602962,  0.0596367)    0    0   5.00000000  0 0.200   0.00000000
( 3.7952142, 21.8318282, 29.1028070,  0.3751886, -0.8910396,  0.0162163,  0.2549883)    0    0   5.00000000  0 0.200   0.00000000
( 9.0089935, 17.0669389, 25.2976814,  0.1049415, -0.4715362,  0.0564258,  0.8737603)    0    0   5.00000000  0 0.200   0.00000000
( 3.3324698, 13.8273856, 22.9322745,  0.2529697,  0.5294531,  0.4183228,  0.6933194)    0    0   5.00000000  0 0.200   0.00000000
( 7.2790846, 13.7014937, 20.6921753,  0.2411870, -0.3814214,  0.6615492, -0.5989150)    0    0   5.00000000  0 0.200   0.00000000
(-5.3824734, 14.7922964, 27.1419610, -0.1811521,  0.7328831, -0.4908656,  0.4348760)    0    0   5.00000000  0 0.200   0.00000000
( 4.2893910, 17.9617863, 15.6107208, -0.0823384,  0.3593881, -0.7114566,  0.5982391)    0    0   5.00000000  0 0.200   0.00000000
( 9.2348045, 14.1266754, 20.3183904,  0.1226962, -0.8096676,  0.4928690,  0.2940479)    0    0   5.00000000  0 0.200   0.00000000
(-0.2234274,  6.0314505, 22.2187540,  0.6178379,  0.0082157, -0.4658239, -0.6334168)    0    0   5.00000000  0 0.200   0.00000000
( 8.6255335,  7.0410469, 25.8747223, -0.0222259, -0.4548444, -0.1340124,  0.8801495)    0    0   5.00000000  0 0.200   0.00000000
( 9.7861228, 11.6988220, 29.1823895,  0.2229527, -0.6489138, -0.4241646,  0.5910054)    0    0   5.00000000  0 0.200   0.00000000
(-0.8685491,  5.1852934, 27.3317510,  0.6734791, -0.4599732, -0.5721371, -0.0866582)    0    0   5.00000000  0 0.200   0.00000000
( 1.0195075, 14.5975485, 17.3187910,  0.5946475, -0.4977683, -0.6302174,  0.0380420)    0    0   5.00000000  0 0.200   0.00000000
( 4.5305796,  9.3487747, 24.8000122,  0.4062709, -0.2122351, -0.7672155, -0.4486429)    0    0   5.00000000  0 0.200   0.00000000
( 4.2537907, 16.5646628, 16.7324052, -0.1471793, -0.1862090,  0.7201034, -0.6520088)    0    0   5.00000000  0 0.200   0.00000000
( 8.8988996, 18.5485399, 28.4389702,  0.5599829,  0.3881257,  0.7103828, -0.1764476)    0    0   5.00000000  0 0.200   0.00000000
( 7.6003938, 13.0471468, 18.7001717,  0.8290026, -0.4324252, -0.2636683,  0.2371543)    0    0   5.00000000  0 0.200   0.00000000
(-0.2995664, 10.3006418, 32.3059233,  0.2606064, -0.0470363, -0.0869419,  0.9603713)    0    0   5.00000000  0 0.200   0.00000000
(-5.2483384, 19.0414570, 21.9402634, -0.6526053, -0.5918849,  0.2161466,  0.4207840)    0    0   5.00000000  0 0.200   0.00000000
( 9.6961914, 17.8870444, 27.5731831,  0.7082206,  0.5898092,  0.2364965,  0.3076005)    0    0   5.00000000  0 0.200   0.00000000
( 3.4565514, 12.6896750, 19.4400594,  0.5188827,  0.4132745, -0.6638317,  0.3453874)    0    0   5.00000000  0 0.200   0.00000000
(-3.8149375, 16.0254400, 27.9600459,  0.7302115, -0.5922047,  0.3248428, -0.1027712)    0    0   5.00000000  0 0.200   0.00000000
(-6.1871682, 13.0467777, 25.2592094, -0.4675051,  0.7746812, -0.2296550,  0.3585617)    0    0   5.00000000  0 0.200   0.00000000
(10.6135373, 15.4761526, 21.2968447, -0.9488234,  0.1550041, -0.1318048, -0.2415272)    0    0   5.00000000  0 0.200   0.00000000
( 3.9847486, 15.6644365, 24.6531868, -0.3400446,  0.8333597, -0.3435273,  0.2680863)    0    0   5.00000000  0 0.200   0.00000000
( 3.2972031,  9.3157178, 31.8475527,  0.2085332, -0.9167518, -0.0053367, -0.3406634)    0    0   5.00000000  0 0.200   0.00000000
( 7.4141616, 10.8803738, 22.8381981, -0.5732183,  0.7758907,  0.2375911, -0.1138634)    0    0   5.00000000  0 0.200   0.00000000
(-4.3823088, 18.2664268, 18.8172565,  0.2318041, -0.0752854, -0.9084821,  0.3394985)    0    0   5.00000000  0 0.200   0.00000000
( 9.6381566, 15.7468191, 28.2635620,  0.3202291,  0.5926446, -0.5446232,  0.4996110)    0    0   5.00000000  0 0.200   0.00000000
(11.1959323, 15.2893545, 22.3155151, -0.3732396,  0.6310963,  0.6247206, -0.2685775)    0    0   5.00000000  0 0.200   0.00000000
(11.0713886, 12.4123348, 21.4231714, -0.3292567, -0.5277076,  0.5997350,  0.5034209)    0    0   5.00000000  0 0.200   0.00000000
(-4.2134213, 14.1471823, 27.6604979,  0.3169461, -0.6543858,  0.3521719, -0.5893211)    0    0   5.00000000  0 0.200   0.00000000
(-4.8518176,  9.1471804, 29.5768392,  0.7277566,  0.3779867,  0.4346566, -0.3722499)    0    0   5.00000000  0 0.200   0.00000000
(11.3178755, 15.9784793, 24.5647589, -0.4563888,  0.5219921, -0.2949460, -0.6574499)    0    0   5.00000000  0 0.200   0.00000000
(-5.9955000, 14.7386840, 29.1517982, -0.5855165, -0.5024967, -0.2231406, -0.5957145)    0    0   5.00000000  0 0.200   0.00000000
(-2.2662351, 18.3448771, 19.8114335, -0.2439474,  0.0354423, -0.9688385,  0.0241989)    0    0   5.00000000  0 0.200   0.00000000
(-3.4244463, 17.8146732, 17.7154662, -0.4777997,  0.5541961, -0.6324213, -0.2541995)    0    0   5.00000000  0 0.200   0.00000000
(-2.8482397,  7.3104922, 28.8665497,  0.2893791,  0.3103997,  0.8634048,  0.2728444)    0    0   5.00000000  0 0.200   0.00000000
(-6.7583012, 11.1335784, 22.1167301,  0.4391273, -0.3201993,  0.5010796, -0.6734677)    0    0   5.00000000  0 0.200   0.00000000
(-1.3971083, 18.9690833, 26.1262937,  0.5649592,  0.0155654, -0.5347631, -0.6281777)    0    0   5.00000000  0 0.200   0.00000000
(-3.7246535,  8.6680417, 21.1596287,  0.8568985,  0.3489681, -0.1942051,  0.3259304)    0    0   5.00000000  0 0.200   0.00000000
( 5.4183051, 11.6655699, 29.8220081,  0.4042731,  0.0413454, -0.7248283,  0.5563072)    0    0   5.00000000  0 0.200   0.00000000
(-0.9303570, 17.4907510, 29.1325617, -0.7171183, -0.5321851, -0.3726147, -0.2523461)    0    0   5.00000000  0 0.200   0.00000000
( 0.3302363, 14.9883211, 29.2846897,  0.2035106,  0.2639835,  0.2119567, -0.9186787)    0    0   5.00000000  0 0.200   0.00000000
(-4.3402174,  8.2313186, 22.6290493,  0.2518450, -0.2536933,  0.6283161,  0.6909650)    0    0   5.00000000  0 0.200   0.00000000
( 0.6638630, 14.3721720, 14.5464446, -0.0375548, -0.3203860, -0.6417695, -0.6957545)    0    0   5.00000000  0 0.200   0.00000000
( 9.5985026, 18.4781410, 22.9032028, -0.5447338,  0.6513487, -0.3680885,  0.3788415)    0    0   5.00000000  0 0.200   0.00000000
( 6.6509150, 14.2152523, 26.3118190,  0.6542758, -0.3926887, -0.1214116,  0.6348055)    0    0   5.00000000  0 0.200   0.00000000
(-5.2717444,  9.1086683, 20.3345372, -0.4687013, -0.7435080,  0.3470489, -0.3272186)    0    0   5.00000000  0 0.200   0.00000000
(-7.4946542, 13.3272042, 25.8003042,  0.7353152,  0.2753494, -0.5903228,  0.1871183)    0    0   5.00000000  0 0.200   0.00000000
(-2.3201125,  6.0699766, 26.2414463, -0.3122526,  0.4590606, -0.1405283,  0.8197642)    0    0   5.00000000  0 0.200   0.00000000
( 2.4669695,  8.8828247, 26.7446261,  0.3923358,  0.4207756, -0.8172326, -0.0339308)    0    0   5.00000000  0 0.200   0.00000000
(-0.1669400, 18.8221757, 21.5410937,  0.9142066,  0.1279998,  0.0906457, -0.3736653)    0    0   5.00000000  0 0.200   0.00000000
(-2.2299643, 15.9207538, 33.1344763,  0.7571558,  0.4451317,  0.4771244,  0.0304160)    0    0   5.00000000  0 0.200   0.00000000
(-1.1328807, 18.6621395, 19.2412761,  0.2087887,  0.3169772, -0.8278350, -0.4130640)    0    0   5.00000000  0 0.200   0.00000000
( 6.4172465, 21.2668004, 27.6100319, -0.3928304,  0.3118736,  0.0921460,  0.8601908)    0    0   5.00000000  0 0.200   0.00000000
(-4.0742753,  9.1242766, 27.6474391, -0.6340393,  0.5720227, -0.4665935, -0.2303794)    0    0   5.00000000  0 0.200   0.00000000
( 7.6450712, 17.8668838, 25.1542982,  0.5596676, -0.8181959, -0.0025056, -0.1316107)    0    0   5.00000000  0 0.200   0.00000000
( 4.7891667, 21.2921711, 25.0118183, -0.0763352,  0.0970451, -0.9722316,  0.1987986)    0    0   5.00000000  0 0.200   0.00000000
(-0.0356938, 20.6514442, 20.9326058, -0.2159156,  0.6447322, -0.7114975,  0.1774041)    0    0   5.00000000  0 0.200   0.00000000
(-0.8031896,  8.8255978, 32.2984030,  0.1472750, -0.4301266, -0.7102623,  0.5374278)    0    0   5.00000000  0 0.200   0.00000000
( 7.2882640, 14.3811178, 30.4764313,  0.2749849, -0.2382450, -0.2796913,  0.8884793)    0    0   5.00000000  0 0.200   0.00000000
( 2.2818307, 21.0545899, 21.4241585,  0.1616860, -0.9115251, -0.3255954, -0.1922687)    0    0   5.00000000  0 0.200   0.00000000
( 9.1051301,  8.7920294, 19.7032662, -0.0423624,  0.9789804,  0.1492556,  0.1323839)    0    0   5.00000000  0 0.200   0.00000000
( 6.5563846,  5.8060468, 26.9858420, -0.1203593, -0.2895509,  0.2673415,  0.9111545)    0    0   5.00000000  0 0.200   0.00000000
( 8.1204286,  9.1221854, 23.5625258,  0.9190710,  0.3183432, -0.0626336,  0.2237031)    0    0   5.00000000  0 0.200   0.00000000
