#Coordinates  RecID  LigID  Luciferin  Neighbor's number  Vision Range  Scoring
(16.1421819, 13.8618662, 16.9610501, -0.5638993, -0.3347238,  0.6889523,  0.3087431)    0    0 -12.14588015  6 3.080  -5.77404263
(13.8398817, 15.0856062, 26.2339116,  0.9381485,  0.2302654, -0.2569855,  0.0285252)    0    0  27.02725509  7 1.240  18.09902257
( 6.8880616, 12.4486848, 25.0911396, -0.4313421, -0.7153458, -0.2727708,  0.4773054)    0    0  16.61472070  4 2.040  12.75034135
(18.3085432,  9.0984118, 16.1291444, -0.1599163,  0.3833254,  0.8819946,  0.2226501)    0    0   0.47003857  7 0.520   1.95610063
(18.3484137, 10.0171354, 16.8627149, -0.1582926,  0.3837129,  0.8823339,  0.2217989)    0    0   4.37990753  2 1.480   3.57443224
(23.1244841,  7.6926968, 19.5326411,  0.6681370,  0.6528040, -0.0500190,  0.3534657)    0    0   2.13568270  5 4.840   3.05998557
(18.4669183,  9.2565405, 16.1828947, -0.1585358,  0.3836549,  0.8822834,  0.2219263)    0    0   0.98328704 11 1.240   1.02445712
(21.8059206,  8.3205663, 26.4167863,  0.6252874,  0.4036994, -0.2913010, -0.6009877)    0    0  14.94092470  4 0.560   9.74191823
(13.5438940, 14.8603925, 25.8966366,  0.9381593,  0.2302353, -0.2569713,  0.0285420)    0    0  26.23245373 16 0.280  18.35837611
(13.2498774, 15.6374807, 25.7654947,  0.9380738,  0.2303426, -0.2572040,  0.0283893)    0    0  25.10389093  1 0.720  17.40780779
(13.8645328, 15.0691719, 26.1248829,  0.9381704,  0.2302040, -0.2569572,  0.0285557)    0    0  25.75409932 19 0.000  15.86847633
(12.3946077, 10.0021774, 29.8659937, -0.3560308, -0.2670473,  0.4528596, -0.7725581)    0    0  23.12401613  2 5.000  15.42797944
(21.3957921, 15.5748243, 27.6496497,  0.1847262, -0.5043180,  0.6534705,  0.5334003)    0    0   9.80637099  4 5.000   6.54845137
(21.3804044,  8.4893228, 26.3286279,  0.6253190,  0.4037130, -0.2912865, -0.6009527)    0    0  14.86387489 13 4.360   9.10798434
(20.3372172,  5.2680912, 28.3510877,  0.9460440, -0.0532755,  0.1171564, -0.2973832)    0    0  19.73383362 13 1.400  12.07328082
(20.8113297,  8.4627133, 26.3019448,  0.6253171,  0.4037125, -0.2912873, -0.6009546)    0    0  15.67988388  1 1.160  10.96389367
(18.6464819,  9.2736478, 16.4264402, -0.1581418,  0.3837486,  0.8823654,  0.2217193)    0    0   4.68239556  1 2.840   3.53537047
( 6.6325714, 10.4974007, 25.5453303, -0.1200035, -0.0501095, -0.9608786, -0.2445413)    0    0  27.52305532 10 0.000  18.61093802
(21.2204271,  8.4697041, 26.3388328,  0.6253167,  0.4037110, -0.2912879, -0.6009557)    0    0  16.32333316  0 3.720  11.10619843
(23.0361221,  7.4365762, 19.8182589,  0.6681354,  0.6528088, -0.0500252,  0.3534589)    0    0   3.55119856  2 4.920   3.43573160
( 6.6380973, 10.4456053, 25.8302184, -0.1200053, -0.0501103, -0.9608783, -0.2445415)    0    0  26.85391314  2 0.640  17.80839932
(13.9754299, 14.8227081, 25.7938810,  0.9381253,  0.2302688, -0.2570723,  0.0284798)    0    0  25.24591014  3 0.560  17.56097026
(22.0790497,  8.9131434, 26.0311937,  0.6253124,  0.4037112, -0.2912892, -0.6009595)    0    0  14.63427450  1 0.440   9.75657204
( 6.5962250, 12.0247256, 25.1005999, -0.4313419, -0.7153459, -0.2727711,  0.4773053)    0    0  13.61735863 15 0.840   7.42475140
(13.8233566, 15.4183918, 26.5789445,  0.9379718,  0.2306081, -0.2573537,  0.0282399)    0    0  26.83734505  2 0.360  18.75466909
( 6.9201846, 10.2730605, 25.6783913, -0.1199886, -0.0501069, -0.9608807, -0.2445409)    0    0  28.40293800  0 3.800  19.19147433
(21.3842280, 15.5507691, 27.7116912,  0.1847262, -0.5043181,  0.6534705,  0.5334003)    0    0   9.82624510  2 5.000   6.56118072
(20.4841823,  4.9118509, 28.6224753,  0.9460068, -0.0532375,  0.1175363, -0.2973583)    0    0  20.74063908  7 2.920  13.90020994
(22.3634082,  7.8727389, 25.8713003,  0.6253070,  0.4037125, -0.2912904, -0.6009636)    0    0  15.14653234  3 1.080  10.20513125
(18.1150271, 12.5309664, 30.0772868,  0.6587852,  0.7458329,  0.0073458, -0.0983941)    0    0  12.21309302 11 2.600  13.63718951
(12.3655049, 10.0292589, 29.8485535, -0.3560309, -0.2670474,  0.4528596, -0.7725580)    0    0  22.97369610  4 5.000  15.28008037
(15.1731670,  8.2084085, 33.1466119,  0.6295442,  0.1937444,  0.7393966,  0.1393911)    0    0  16.69447331  2 5.000  11.20690429
(21.5038139, 15.8022126, 27.0654311,  0.1847262, -0.5043181,  0.6534705,  0.5334003)    0    0  10.05275051  1 5.000   6.94727257
(23.0865580,  7.6436716, 19.6892543,  0.6681344,  0.6528118, -0.0500291,  0.3534547)    0    0   3.30983211  3 5.000   3.23692895
(20.4456164,  5.1292763, 28.6080627,  0.9459908, -0.0532213,  0.1176995, -0.2973478)    0    0  20.87774849  2 4.360  14.32831153
(20.5606337,  4.8231602, 27.9765784,  0.9460137, -0.0532442,  0.1174657, -0.2973628)    0    0  20.75200999  6 0.600  13.79549915
(21.0145456,  8.4548439, 26.3517718,  0.6253175,  0.4037117, -0.2912874, -0.6009546)    0    0  15.57638220  2 1.600  10.72103679
(13.0621484, 14.8794126, 26.1480196,  0.9381581,  0.2302394, -0.2569720,  0.0285403)    0    0  25.02702127 10 0.120  16.30374138
(21.4270904, 15.6204994, 27.5673393,  0.1259512, -0.5507092,  0.6649749,  0.4885326)    0    0   6.62261404  5 4.920   5.59446422
( 6.9761240, 10.1764328, 25.5725108, -0.1199975, -0.0501084, -0.9608795, -0.2445411)    0    0  27.73556911  8 0.240  18.79244650
(20.5279342,  4.9366558, 27.3880447,  0.9461541, -0.0533877,  0.1160209, -0.2974552)    0    0  18.23378708 15 1.080  12.42650263
(15.2301254,  7.9902664, 33.5608751,  0.6295519,  0.1937417,  0.7393916,  0.1393866)    0    0  16.28395594  7 0.440  11.13205652
(15.3920481,  7.8014905, 32.9645162,  0.6295549,  0.1937408,  0.7393896,  0.1393847)    0    0  16.01652627  0 0.680  11.09810872
(14.0372114, 15.5825763, 25.6493627,  0.9381183,  0.2303511, -0.2570239,  0.0284811)    0    0  26.50883185  0 0.720  18.12522841
( 6.8332496, 10.8588814, 25.7532434, -0.1200134, -0.0501144, -0.9608775, -0.2445400)    0    0  26.73640987  0 0.400  17.93287520
(13.7964766, 15.1515291, 26.2145841,  0.9381715,  0.2302040, -0.2569528,  0.0285589)    0    0  27.21709520  3 2.040  18.27447245
(17.5298815, 13.0008960, 29.4489845,  0.9048558,  0.3795115, -0.1924229, -0.0134294)    0    0  17.06199696 17 3.720   9.22582184
(15.1077819,  8.5847744, 33.2892311,  0.6295572,  0.1937399,  0.7393880,  0.1393840)    0    0  16.02512998  2 0.440  11.31549364
( 6.9690630, 10.1415801, 25.2384027, -0.1199897, -0.0501071, -0.9608806, -0.2445409)    0    0  28.27650570  1 4.760  19.20120045
(18.6195837, 12.3334051, 30.4414709,  0.6531733,  0.7451516,  0.0263309, -0.1319861)    0    0  19.36236924  1 1.640  13.07722857
( 6.0473120, 11.6215263, 25.2339490, -0.4313418, -0.7153459, -0.2727714,  0.4773053)    0    0  17.09167002  3 2.200  12.39071770
(11.7532220, 10.5993386, 29.4687673, -0.3560310, -0.2670474,  0.4528596, -0.7725580)    0    0  22.84432359  6 4.840  15.28243932
(15.3017684,  8.5152383, 33.2732432,  0.6295475,  0.1937431,  0.7393945,  0.1393892)    0    0  16.37928112  5 0.920  11.01178262
(15.8547075, 13.8225985, 16.6615927, -0.5704635, -0.3551327,  0.6736294,  0.3076941)    0    0  -0.72058279  0 5.000  -0.47974361
(13.7542438, 15.1206359, 26.1526522,  0.9381196,  0.2303104, -0.2570558,  0.0284766)    0    0  27.06009199  6 0.720  18.02293123
(18.1544091, 12.6813754, 30.0395804,  0.6531614,  0.7451491,  0.0263680, -0.1320515)    0    0  19.31829322  2 1.640  13.13568059
(20.4324634,  5.1310416, 28.4074683,  0.9460151, -0.0532459,  0.1174523, -0.2973638)    0    0  21.04211775  1 1.560  14.43731214
(20.4334365,  5.1269217, 28.4365359,  0.9459992, -0.0532301,  0.1176130, -0.2973536)    0    0  21.14286484  0 5.000  14.11197069
(21.8515276,  8.3175585, 26.1663367,  0.6252800,  0.4036998, -0.2913031, -0.6009940)    0    0  14.94946597  2 0.600  10.12706825
(13.8745057, 15.0504367, 25.7259385,  0.9381729,  0.2301954, -0.2569553,  0.0285604)    0    0  26.02582879  0 0.400  18.26447394
(20.4077681,  5.1469124, 28.0921425,  0.9460110, -0.0532418,  0.1174934, -0.2973612)    0    0  20.73381140  8 2.920  13.74747526
( 6.4170818, 11.9457139, 25.1606175, -0.4313415, -0.7153459, -0.2727717,  0.4773052)    0    0  14.30481260 13 2.280   7.16333246
(13.7860855, 15.2738943, 26.2857220,  0.9381638,  0.2301996, -0.2569866,  0.0285429)    0    0  26.74079257 12 0.000  18.30133905
(15.5770805, 14.2634558, 16.7877752, -0.5702487, -0.3544535,  0.6741496,  0.3077347)    0    0  -2.35136298  3 2.920  -0.42217746
(13.4896866, 14.7850641, 25.7974625,  0.9381305,  0.2302785, -0.2570432,  0.0284906)    0    0  26.84920105  8 0.160  18.60549974
(14.9519251,  7.9877363, 32.9007277,  0.6295430,  0.1937447,  0.7393975,  0.1393916)    0    0  15.37650244  8 0.520  10.41923556
( 6.6863789, 12.2222770, 25.1148103, -0.4313409, -0.7153460, -0.2727726,  0.4773051)    0    0  18.88280315  0 5.000  12.58855424
(18.8630553,  8.7836227, 16.2991134, -0.1587011,  0.3836154,  0.8822490,  0.2220126)    0    0   3.22625815  1 0.840   2.95552150
(20.6967300,  5.1362401, 28.3111998,  0.9460238, -0.0532549,  0.1173621, -0.2973698)    0    0  19.70913112 14 4.280  12.06196788
(21.1463376,  8.4748525, 26.3472285,  0.6253114,  0.4037119, -0.2912893, -0.6009600)    0    0  15.13590215  5 0.680  10.60341719
(13.4827984, 15.1836534, 25.8203630,  0.9381295,  0.2302584, -0.2570657,  0.0284849)    0    0  25.63477835  2 0.880  17.12086470
(15.9715206, 13.6296228, 16.6008084, -0.5704635, -0.3551327,  0.6736294,  0.3076940)    0    0  -0.99820581  1 4.280  -0.68062083
(18.8471549,  9.7699636, 16.5918229, -0.1590398,  0.3835361,  0.8821771,  0.2221925)    0    0   1.11838959  7 0.280   1.12880251
(21.4367974,  8.4556398, 26.3147713,  0.6253129,  0.4037132, -0.2912884, -0.6009581)    0    0  14.77115592 14 4.280   9.00430948
(20.6062308,  4.6124839, 28.5354647,  0.9459976, -0.0532269,  0.1176320, -0.2973516)    0    0  20.34002602  3 0.520  13.54108252
(23.1327242,  7.8338937, 19.5714782,  0.6681347,  0.6528111, -0.0500282,  0.3534557)    0    0   4.01799719  1 5.000   3.06104413
(15.3762460,  8.7004897, 33.4791558,  0.6295482,  0.1937432,  0.7393939,  0.1393890)    0    0  16.61563284  3 4.680  11.63648448
(14.4042250,  7.7209695, 32.4638536,  0.6295703,  0.1937330,  0.7393801,  0.1393764)    0    0  14.58042107  0 0.760   9.63182860
( 6.5941671, 12.0915764, 25.1221739, -0.4313416, -0.7153459, -0.2727716,  0.4773053)    0    0  14.64660605  8 0.520   8.00045576
( 7.0796238, 10.0268756, 25.3454449, -0.1200317, -0.0501202, -0.9608749, -0.2445399)    0    0  25.69806472  4 0.200  19.12672729
(12.0929293, 10.2830541, 29.6803517, -0.3560309, -0.2670474,  0.4528596, -0.7725580)    0    0  23.08133809  3 5.000  15.44136162
( 6.8698106, 10.2788574, 26.0953558, -0.1199892, -0.0501070, -0.9608807, -0.2445409)    0    0  27.75273624  9 2.920  18.83328614
(18.1925124, 12.5841441, 30.0689994,  0.6697513,  0.7190935, -0.1240405,  0.1376650)    0    0   7.43459676 13 4.280  -7.25888106
( 6.8628930, 10.4443875, 26.2154690, -0.1199977, -0.0501085, -0.9608795, -0.2445412)    0    0  28.05187073  0 0.560  19.36967809
( 6.6427129, 10.9026247, 25.8745645, -0.1199878, -0.0501068, -0.9608809, -0.2445408)    0    0  27.60734430 14 3.880  18.61029963
( 9.0720203, 11.6936594, 29.0933445, -0.0658715,  0.8411624,  0.5078052, -0.1738985)    0    0  31.73607856  4 5.000  21.24990344
(13.5569892, 15.0786626, 26.3703617,  0.9381344,  0.2303059, -0.2570030,  0.0285051)    0    0  27.31709725  2 5.000  18.22365834
(15.1693327,  8.2019503, 33.1411354,  0.6295440,  0.1937444,  0.7393968,  0.1393912)    0    0  16.70617746  1 5.000  11.23187053
(18.3084380, 12.4130251, 30.2310149,  0.6531125,  0.7451402,  0.0265136, -0.1323144)    0    0  19.02374640  8 0.920  12.37478096
( 6.9386804, 10.2381431, 25.7084523, -0.1199899, -0.0501071, -0.9608806, -0.2445409)    0    0  27.84619963  7 1.560  18.32956525
( 9.9883091, 13.4479485, 21.0004313, -0.9347407, -0.2257780,  0.0924267,  0.2583434)    0    0   6.47698354  4 5.000   4.31054237
( 6.7064598, 10.4049986, 25.3878025, -0.1200276, -0.0501169, -0.9608752, -0.2445413)    0    0  25.23955251  0 0.400  16.03706783
(18.2648949, 12.4816709, 30.1790998,  0.6532222,  0.7451601,  0.0261860, -0.1317229)    0    0  19.37992329  0 1.800  13.10901028
(13.5420076, 15.0066221, 25.5720726,  0.9381274,  0.2302844, -0.2570497,  0.0284876)    0    0  23.72617860  0 0.400  14.94826379
(18.5318375,  9.7962116, 16.5927953, -0.1595575,  0.3823342,  0.8825787,  0.2222888)    0    0  -3.56496476  9 0.680  -2.26563261
( 6.1392282, 11.5643201, 25.0460494, -0.4313455, -0.7153449, -0.2727668,  0.4773059)    0    0  15.28726850  0 0.680   9.42706838
(15.8459481, 13.8446537, 16.6711085, -0.5489145, -0.2917664,  0.7192880,  0.3101451)    0    0 -16.54352210  7 2.760 -16.29900040
(13.1876855, 14.8092273, 26.1252279,  0.9381958,  0.2301332, -0.2569232,  0.0285963)    0    0  26.02288125  0 0.760  18.19094336
( 6.8813431, 10.4784162, 25.3822776, -0.1200168, -0.0501124, -0.9608767, -0.2445416)    0    0  27.09957229  0 0.400  18.05166969
(18.3912681,  9.6113282, 16.4920979, -0.2772682,  0.3510340,  0.8486111,  0.2824123)    0    0  -6.49992530 16 3.000  -2.94423407
(13.5070973, 14.7552806, 25.7882373,  0.9380787,  0.2303939, -0.2571377,  0.0284112)    0    0  26.08934066  2 0.640  17.77132209
(20.4195197,  5.1922753, 28.0057495,  0.9459908, -0.0532213,  0.1176993, -0.2973479)    0    0  20.83018511  3 4.040  13.87762749
(13.8290293, 15.1890464, 26.2555473,  0.9382050,  0.2301126, -0.2569069,  0.0286074)    0    0  27.35805409  0 1.040  18.77676242
(18.7698315,  7.8002744, 23.1793336,  0.7525407,  0.2182726, -0.2607704, -0.5639490)    0    0   9.39297914  1 5.000   5.96533277
(19.7430538,  7.9741366, 24.0229179,  0.6605177,  0.3589869, -0.2850523, -0.5946342)    0    0   3.34224555 10 3.400  -3.00663512
(13.3724991, 14.8876917, 26.0253538,  0.9381663,  0.2302148, -0.2569629,  0.0285516)    0    0  27.15658638  2 0.640  18.65338192
(21.4243732, 15.6350480, 27.4949678,  0.1847262, -0.5043181,  0.6534705,  0.5334003)    0    0  10.30450563  0 5.000   6.92077405
( 7.0767085, 10.2156879, 25.6077999, -0.1199944, -0.0501079, -0.9608799, -0.2445411)    0    0  27.67713189 10 0.080  18.72756972
( 9.0126843, 11.7221307, 29.3556447, -0.0658715,  0.8411624,  0.5078052, -0.1738985)    0    0  31.78444083  3 5.000  21.31099203
(18.4802301, 12.0287687, 30.4786034,  0.6533866,  0.7451934,  0.0256642, -0.1308079)    0    0  18.83982977  9 0.360  13.15056913
( 7.4366760,  9.9316789, 25.5226525, -0.1201855, -0.0501765, -0.9608541, -0.2445344)    0    0  20.61646089 15 0.520  16.61936481
(18.2807232, 11.9139683, 30.4061061,  0.6531003,  0.7451380,  0.0265499, -0.1323802)    0    0  19.26217408  4 0.840  13.05998456
(20.1326911,  5.4596978, 28.1746923,  0.9460915, -0.0533243,  0.1166675, -0.2974147)    0    0  20.72460835  9 0.840  14.04320368
(18.6795036,  9.4166989, 16.5092783, -0.1588423,  0.3835817,  0.8822193,  0.2220868)    0    0   1.85022333  8 2.680   2.49615001
( 6.7276019, 12.4284003, 25.1094403, -0.4313461, -0.7153448, -0.2727661,  0.4773060)    0    0  14.97243422  2 0.400  12.19989089
(13.5999817, 15.6710048, 25.8641254,  0.9381248,  0.2302322, -0.2571079,  0.0284684)    0    0  24.12554390 15 0.000  15.40805337
(13.6108756, 14.7316493, 25.8485430,  0.9376182,  0.2313687, -0.2580134,  0.0276915)    0    0  24.57887410  8 0.160  18.03130959
(23.0261050,  7.3954199, 19.8438694,  0.6681351,  0.6528097, -0.0500263,  0.3534577)    0    0   1.34378802  6 4.920  -1.78653035
(21.4798277, 15.7491390, 27.1997044,  0.1847262, -0.5043180,  0.6534705,  0.5334003)    0    0   9.81099546  3 5.000   6.97718811
(13.7102082, 14.8400364, 26.2173733,  0.9381195,  0.2302680, -0.2570943,  0.0284724)    0    0  26.48429764  0 0.520  18.63221201
(22.9376247,  7.0314534, 20.0698772,  0.6681365,  0.6528057, -0.0500212,  0.3534633)    0    0   2.65250003  4 5.000   3.12112274
( 6.5739589, 12.0887303, 25.1283223, -0.4313419, -0.7153458, -0.2727712,  0.4773053)    0    0  16.49536461  5 0.840  10.32416577
(10.3391437, 13.1745881, 21.2194515, -0.9347407, -0.2257783,  0.0924267,  0.2583434)    0    0   6.46608053  5 5.000   4.37053744
( 8.7742785, 11.8469992, 28.5157693, -0.0658715,  0.8411624,  0.5078052, -0.1738985)    0    0  32.14641728  1 5.000  21.65169258
(10.4505649, 13.1011201, 21.4202697, -0.9347408, -0.2257777,  0.0924267,  0.2583434)    0    0   6.69338088  1 5.000   4.59188996
(10.2547929, 13.1759793, 20.6510312, -0.9347408, -0.2257778,  0.0924268,  0.2583434)    0    0   6.60076868  2 5.000   4.51566692
(20.3578956,  5.2882023, 27.8601966,  0.9459966, -0.0532264,  0.1176422, -0.2973511)    0    0  20.82974707  4 0.680  13.96318302
(15.2395705,  8.3203899, 33.2415986,  0.6295458,  0.1937438,  0.7393956,  0.1393902)    0    0  16.76932450  0 2.440  11.52765765
(13.3820281, 14.9545811, 25.6256301,  0.9381983,  0.2301233, -0.2569226,  0.0285993)    0    0  24.48376989  0 0.400  17.35508563
(18.4432364,  8.9419381, 16.0849771, -0.1598087,  0.3833528,  0.8820160,  0.2225960)    0    0  -1.48986895  7 0.320  -1.83114520
(17.8893602, 12.5282472, 29.8960683,  0.6531846,  0.7451545,  0.0262925, -0.1319213)    0    0  19.19453714  6 0.520  13.08169254
(13.5144670, 15.2599481, 26.3178075,  0.9382113,  0.2300919, -0.2569015,  0.0286154)    0    0  26.78237027  6 0.320  18.35829496
(13.6579358, 14.7454344, 25.9412814,  0.9381321,  0.2303115, -0.2570067,  0.0285019)    0    0  25.65429603  7 0.240  17.54189808
(18.7943156,  9.8464193, 16.7353718, -0.1582267,  0.3837285,  0.8823477,  0.2217640)    0    0   2.51900613  5 2.120   1.31827454
( 6.9271635, 10.2844404, 25.6705608, -0.1199908, -0.0501073, -0.9608804, -0.2445409)    0    0  28.06628051  3 3.160  19.45515935
(21.9062350,  8.3203361, 26.0960330,  0.6253216,  0.4037169, -0.2912844, -0.6009484)    0    0  14.93198286 11 0.760  10.12790714
(21.2956813,  8.4549967, 26.3174807,  0.6253214,  0.4037151, -0.2912851, -0.6009495)    0    0  15.46136895  3 1.640  10.59417721
(13.8526979, 15.1752144, 26.2261845,  0.9381715,  0.2302044, -0.2569523,  0.0285590)    0    0  27.12083141  5 1.160  18.46218342
(13.9109366, 15.2581613, 26.3022477,  0.9381876,  0.2301585, -0.2569320,  0.0285829)    0    0  27.33458615  1 1.760  18.53848583
( 6.8933323, 10.3363651, 26.0691064, -0.1199982, -0.0501086, -0.9608794, -0.2445411)    0    0  27.79035951  8 4.200  18.56849706
( 6.6341747, 10.0343317, 26.2008771, -0.1200011, -0.0501091, -0.9608790, -0.2445412)    0    0  27.95476437  2 0.480  19.36733637
(15.1912561,  8.2616129, 33.0254151,  0.6295521,  0.1937419,  0.7393913,  0.1393867)    0    0  16.26089308  8 3.960  11.39234836
(18.6648900,  9.3156348, 16.4471707, -0.1581947,  0.3837361,  0.8823543,  0.2217473)    0    0   3.38724078  3 4.120   2.28030737
( 6.5058235, 11.9331930, 25.0991890, -0.4313445, -0.7153453, -0.2727674,  0.4773059)    0    0  14.74411918  7 0.600   9.30669988
(15.2086009,  8.2781812, 33.2014970,  0.6295459,  0.1937439,  0.7393955,  0.1393903)    0    0  16.45474320  4 5.000  11.36029452
( 8.9159481, 11.7730219, 28.9743238, -0.0658715,  0.8411624,  0.5078052, -0.1738985)    0    0  32.52701413  0 5.000  21.68502757
(18.3588314, 12.2256839, 30.3306820,  0.6531365,  0.7451450,  0.0264398, -0.1321834)    0    0  19.17517931  7 1.480  12.63273898
(15.8872367, 13.9364830, 16.8735072, -0.5702486, -0.3544537,  0.6741494,  0.3077351)    0    0  -4.14874893  5 4.760  -2.56619411
(10.2725887, 13.2078446, 21.0175464, -0.9347409, -0.2257775,  0.0924268,  0.2583434)    0    0   6.92229270  0 5.000   4.61497244
(18.4857399, 12.3210286, 30.3666063,  0.6531002,  0.7451381,  0.0265497, -0.1323803)    0    0  19.21053897  5 1.880  12.70531578
(21.6936208,  8.2947398, 25.9890549,  0.6252956,  0.4037047, -0.2912966, -0.6009777)    0    0  15.12030418  7 0.520  10.28032486
(10.2082393, 13.2413681, 20.8327796, -0.9347408, -0.2257778,  0.0924267,  0.2583434)    0    0   6.59664073  3 5.000   4.22410607
( 6.9099686, 10.4304069, 25.5441023, -0.1200924, -0.0501421, -0.9608664, -0.2445391)    0    0  25.44546185  0 0.400  18.60335110
(18.5805970,  9.5963347, 16.5053069, -0.1584064,  0.3836856,  0.8823105,  0.2218580)    0    0   2.20091606  7 1.720   1.62272607
( 7.3553085, 10.3860824, 25.7178905, -0.1200362, -0.0501214, -0.9608743, -0.2445400)    0    0  25.79233086 17 0.000  18.17753209
( 6.8168106, 10.3338210, 25.7189370, -0.1200619, -0.0501310, -0.9608707, -0.2445393)    0    0  24.25090814 13 0.000  18.17567346
(21.6444832,  8.6103272, 26.6985602,  0.6253058,  0.4037148, -0.2912900, -0.6009635)    0    0  15.12910298  0 0.760  10.26071619
( 6.7739124, 12.5563897, 25.1030681, -0.4313459, -0.7153450, -0.2727655,  0.4773062)    0    0  14.14809259  0 0.520   8.68891703
(13.6628187, 14.8561146, 25.9070973,  0.9379665,  0.2306262, -0.2573573,  0.0282324)    0    0  26.88690285  2 0.400  18.71334267
(13.9024504, 15.1404005, 26.1260857,  0.9382234,  0.2300503, -0.2568921,  0.0286359)    0    0  24.90159155 25 0.000  17.81390829
(13.9711056, 15.1661082, 26.1731752,  0.9380851,  0.2303276, -0.2571727,  0.0284145)    0    0  25.42261748  4 0.480  17.45611755
(11.7878682, 10.5669867, 29.4921005, -0.3560309, -0.2670474,  0.4528596, -0.7725580)    0    0  22.91399211  5 4.520  15.26222960
(21.6116946,  8.5072994, 26.2033090,  0.6252874,  0.4037063, -0.2912985, -0.6009842)    0    0  12.79539248  0 0.480   8.34312687
(15.6835300, 14.1051571, 16.7501691, -0.5704626, -0.3551313,  0.6736304,  0.3076951)    0    0  -1.17946141  2 2.120  -0.33515758
( 7.0556171, 10.1369759, 25.3218505, -0.1199934, -0.0501078, -0.9608801, -0.2445410)    0    0  28.12255593  2 2.840  18.95318356
(18.2652325,  8.9877341, 16.0589484, -0.1588779,  0.3835735,  0.8822121,  0.2221057)    0    0   1.12496681  6 0.600   2.60574248
(20.3610455,  5.1960348, 28.4048758,  0.9459818, -0.0532114,  0.1177919, -0.2973415)    0    0  20.51633385  6 0.360  13.82961818
(20.5894185,  4.8981971, 28.5738720,  0.9460075, -0.0532385,  0.1175289, -0.2973591)    0    0  20.82068362  5 3.720  13.93934681
(20.3828566,  5.2534372, 28.3592313,  0.9460400, -0.0532716,  0.1171961, -0.2973807)    0    0  20.54424693  3 0.520  13.70686562
(21.5801512,  8.5661297, 26.2055939,  0.6253099,  0.4037111, -0.2912899, -0.6009618)    0    0  14.53651966 11 0.440   8.89224474
(16.2827246, 13.1777819, 16.5790392, -0.5209933, -0.2206133,  0.7639434,  0.3103004)    0    0 -11.92931256  4 2.280 -14.56194432
(13.5705473, 14.8869382, 25.9150984,  0.9381711,  0.2302022, -0.2569558,  0.0285596)    0    0  26.90475291  8 0.520  18.13426369
(21.9523062,  8.2284325, 26.0918386,  0.6253153,  0.4037154, -0.2912868, -0.6009548)    0    0  15.23439406  1 1.320  10.40753656
(13.2218362, 15.5044676, 25.2711362,  0.9366951,  0.2332445, -0.2597744,  0.0262596)    0    0  20.72184843  0 0.640  14.93807565
(23.0510832,  7.4981095, 19.7800390,  0.6680914,  0.6527718, -0.0500278,  0.3534300)    0    0   4.55730751  0 5.000   3.03826799
(15.2013311,  8.2625881, 33.1884901,  0.6295494,  0.1937428,  0.7393931,  0.1393883)    0    0  16.22429725  9 2.120  11.35859052
( 6.8045518, 10.2792058, 26.1626889, -0.1199889, -0.0501070, -0.9608807, -0.2445409)    0    0  27.87257919  6 1.080  19.01337836
( 6.7094992, 11.2991871, 25.7463891, -0.1200102, -0.0501113, -0.9608777, -0.2445414)    0    0  25.81438446  0 0.600  17.03678459
(12.1000988, 10.2763789, 29.6847632, -0.3560308, -0.2670474,  0.4528596, -0.7725580)    0    0  23.12596346  1 5.000  15.47910886
( 6.7047983, 12.0632032, 25.0157045, -0.4313448, -0.7153453, -0.2727669,  0.4773060)    0    0  15.17527410  8 3.800  10.61686556
(15.4462315,  7.7335752, 33.1942702,  0.6295675,  0.1937367,  0.7393811,  0.1393787)    0    0  15.61807936  2 0.360  11.16872036
(12.1090597, 10.2680359, 29.6902774, -0.3560308, -0.2670473,  0.4528596, -0.7725581)    0    0  23.13472946  0 5.000  15.42329292
( 8.8867690, 11.7881879, 28.8926579, -0.0658714,  0.8411624,  0.5078052, -0.1738985)    0    0  31.81734727  2 5.000  20.99635831
(22.1652501,  8.3400414, 26.0742959,  0.6253158,  0.4037161, -0.2912865, -0.6009540)    0    0  14.96439142  5 0.600   9.77238494
( 6.7778972, 10.5156411, 25.6890074, -0.1199894, -0.0501071, -0.9608806, -0.2445409)    0    0  26.79159000 10 0.320  17.63171723
( 6.3484396, 11.8781671, 25.1716933, -0.4313411, -0.7153460, -0.2727723,  0.4773051)    0    0  18.64231272  1 2.920  12.61158727
(18.7071197,  9.0882741, 16.3799069, -0.1589517,  0.3835559,  0.8821964,  0.2221446)    0    0   0.79908423 12 1.080  -1.27728545
( 6.3462856, 11.7572252, 25.1067862, -0.4313452, -0.7153452, -0.2727662,  0.4773061)    0    0  14.99694412  0 0.520   9.89505430
( 6.7390667, 10.5494238, 25.5064904, -0.1199897, -0.0501071, -0.9608806, -0.2445409)    0    0  27.61948337 12 0.200  18.44550300
(21.9347157,  8.0854239, 26.2055302,  0.6253102,  0.4037142, -0.2912888, -0.6009598)    0    0  14.53834169  0 0.480  10.64637957
(13.4233138, 14.5246351, 25.9468971,  0.9381783,  0.2301411, -0.2569844,  0.0285589)    0    0  25.22427753  1 0.640  17.88737508
(15.0754189,  8.0475380, 33.0083447,  0.6295418,  0.1937451,  0.7393982,  0.1393924)    0    0  16.30374481  6 4.760  11.13900520
(18.2585475,  9.7351757, 16.5216822, -0.1583672,  0.3836952,  0.8823184,  0.2218379)    0    0   2.37053736  6 0.520   1.11631867
(18.2588192, 12.4951320, 30.1704938,  0.6531978,  0.7451560,  0.0262582, -0.1318547)    0    0  19.30414653  3 1.000  12.90381566
( 6.5412701, 10.6441434, 26.0627912, -0.1199957, -0.0501082, -0.9608797, -0.2445411)    0    0  27.06529904  4 0.480  18.15662329
( 6.6990928, 12.2352264, 25.1126710, -0.4313411, -0.7153460, -0.2727723,  0.4773051)    0    0  18.46928724  2 5.000  12.19325665
( 6.7759853, 10.3032322, 26.2077798, -0.1199905, -0.0501073, -0.9608805, -0.2445409)    0    0  27.68021255 10 0.360  18.29794518
( 6.3742388, 11.9068515, 25.1676982, -0.4313420, -0.7153458, -0.2727711,  0.4773053)    0    0  15.76163432  6 4.360  10.09064412
(13.5278038, 15.1395231, 26.2216509,  0.9381487,  0.2302621, -0.2569878,  0.0285254)    0    0  24.69181995  8 0.160  16.06133662
(18.6250822,  9.5559811, 17.1004207,  0.5910506, -0.2146325, -0.6506852, -0.4256770)    0    0   4.78543140  1 5.000   3.56621998
