#Coordinates  RecID  LigID  Luciferin  Neighbor's number  Vision Range  Scoring
(-5.9156291, -22.8074742, 35.3674386, -0.0485102, -0.7112563, -0.4790833, -0.5120942)    0    0  20.88817917  8 4.760  12.81539617
(-3.7416809, -18.8712099, 42.5438847, -0.3292258, -0.4436771,  0.1458617,  0.8206025)    0    0  15.46097560  5 0.680  11.68781759
(-3.7378358, -19.6029777, 42.1427842, -0.3190429, -0.4437080,  0.1350545,  0.8263673)    0    0  17.30908240  3 0.680  12.67297565
( 6.0618897, -25.7914136, 41.6530724, -0.4467719,  0.3982047, -0.7941194,  0.1058406)    0    0  15.20931956  0 1.000  10.13880663
(-3.4365280, -20.2305080, 41.7611779, -0.3030664, -0.4458965,  0.1218541,  0.8333537)    0    0  18.91280748  8 0.280  13.05264697
(-3.1185909, -19.1884882, 41.3771971, -0.3064894, -0.4463662,  0.1275931,  0.8309776)    0    0  17.15003594  0 0.840  12.12647608
( 6.9155826, -25.2129581, 40.9237481, -0.4468691,  0.3981553, -0.7940877,  0.1058540)    0    0  15.38009432  0 4.200  10.38777596
(-3.5855038, -19.8675356, 41.9911006, -0.3021150, -0.4450498,  0.1204518,  0.8343511)    0    0  18.44879701  3 0.280  12.74718641
( 6.9134704, -25.3935338, 40.8497968, -0.4463589,  0.3984192, -0.7942453,  0.1058305)    0    0  15.11312553  8 0.680  10.13794007
(-2.2106465, -21.8415151, 47.2310552,  0.4050366,  0.0312970,  0.6461234, -0.6461349)    0    0  11.75982840  5 3.560   7.88840589
(-2.4605854, -23.7586074, 37.7531281, -0.1806329, -0.3560831, -0.1329312,  0.9070735)    0    0  19.26673446  5 1.320  13.47217141
( 6.7537376, -19.0225668, 33.9084407, -0.4835481, -0.2871054,  0.8166494,  0.1297516)    0    0 -11.37280195  0 5.000  -7.58187038
( 3.1252029, -22.3887605, 44.3289762, -0.5078256, -0.5981317,  0.6191047, -0.0323658)    0    0  15.58465010  0 0.400  10.87746458
( 2.8049697, -22.4224590, 44.5159545, -0.5196423, -0.5945428,  0.6122881, -0.0399242)    0    0  16.91296863  3 5.000  11.37601863
(-0.8448089, -23.0984240, 36.6069644, -0.1860899, -0.3390654, -0.1329836,  0.9125330)    0    0  22.23476592  3 0.360  14.94695828
( 3.2851667, -22.4448279, 44.3535051, -0.5104897, -0.5972431,  0.6176427, -0.0341676)    0    0  15.98559113 10 0.000  11.04323812
(-3.6355779, -18.9118034, 42.3993228, -0.3218318, -0.4451533,  0.1410561,  0.8236274)    0    0  16.24237601  4 0.920  11.85986729
(-0.4444776, -23.0072226, 35.8502618, -0.1742146, -0.3348180, -0.1249964,  0.9175504)    0    0  22.58964108  3 0.760  15.28716749
( 0.0724881, -23.1959713, 36.0475808, -0.1790389, -0.3287122, -0.1297618,  0.9181565)    0    0  22.49596173  7 0.440  15.14967391
(-5.5243665, -26.5067311, 43.4960871, -0.4002952,  0.5503702,  0.5205306,  0.5156007)    0    0  12.66223832  4 4.040   9.86028141
(-1.0643805, -22.7989434, 37.2967945, -0.1878394, -0.3397707, -0.1342989,  0.9117212)    0    0  22.41228655  2 0.440  15.21783202
( 2.5881468, -22.6520611, 44.2003298, -0.5177153, -0.5951333,  0.6134186, -0.0387030)    0    0  16.82507567  4 2.200  11.19926354
(-0.3924863, -22.9692155, 36.0402404, -0.1724232, -0.3411931, -0.1223851,  0.9159036)    0    0  20.72811449  8 0.160  14.45118248
( 2.7475685, -22.5680323, 44.2438849, -0.5157916, -0.5957218,  0.6145490, -0.0374704)    0    0  17.18948996  0 5.000  11.59758456
(-1.7115249, -21.3690424, 47.2383118,  0.4050406,  0.0309181,  0.6462456, -0.6460285)    0    0  11.88193557  1 5.000   7.95372825
( 0.5239707, -22.9699384, 36.1960128, -0.1792521, -0.3197484, -0.1318657,  0.9209999)    0    0  22.10794996  7 0.360  14.85510593
(-1.0060777, -22.7121596, 37.3098966, -0.1849615, -0.3391095, -0.1326763,  0.9127904)    0    0  21.71485548  9 0.440  14.94115799
(-0.7610060, -22.8827495, 36.8266183, -0.1869052, -0.3383683, -0.1336934,  0.9125234)    0    0  22.48196935 15 4.200  14.84198167
(-3.6634989, -20.1597730, 41.7149525, -0.2933036, -0.4462157,  0.0662589,  0.8428964)    0    0  17.33639155  0 0.400  12.70898428
(-0.3877439, -23.0325206, 35.7593701, -0.1675733, -0.3380698, -0.1194254,  0.9183494)    0    0  22.93725853  0 1.240  15.55171401
(-1.6125543, -19.1111944, 38.4897092, -0.1881706, -0.4057263,  0.0081638,  0.8943776)    0    0  10.65351237  8 1.800   6.75575138
( 0.1237629, -23.0656866, 35.9038569, -0.1886874, -0.3222839, -0.1386221,  0.9172145)    0    0  22.40286426  1 0.680  15.26244978
(-3.7354216, -20.0611066, 40.8851769, -0.2960524, -0.4414800,  0.1043300,  0.8405734)    0    0  18.91765476  7 3.000  13.11177061
(-2.7533562, -19.2265422, 40.5824560, -0.2975480, -0.4458586,  0.1170784,  0.8360334)    0    0  13.37283105  3 1.720  10.39938835
(-0.3787062, -23.2351301, 35.7678347, -0.1797042, -0.3332489, -0.1293818,  0.9164512)    0    0  22.38881863  4 0.440  15.19843263
(-2.0988754, -23.6164989, 37.5736044, -0.1829002, -0.3536752, -0.1347580,  0.9073597)    0    0  19.97261027  4 1.480  13.81470459
( 4.8320713, -17.3815090, 43.7624977, -0.0782435,  0.1032884, -0.1694617,  0.9769811)    0    0  -4.21352180  0 5.000  -2.73108877
( 6.0622907, -24.1797416, 41.9012220, -0.4767993, -0.5979721,  0.6420071, -0.0540250)    0    0  14.02081066  5 2.440   9.70951258
(-5.9209014, -22.7671204, 35.3912111, -0.0484699, -0.7112342, -0.4790850, -0.5121270)    0    0  22.99690780  0 5.000  15.43788525
(-0.7889681, -22.5873117, 36.4798326, -0.1623836, -0.3471298, -0.1133040,  0.9166759)    0    0  17.17097037 32 0.000  13.61216685
( 7.2658038, -18.2751391, 39.4462375,  0.1350199,  0.5060311,  0.2261552,  0.8213136)    0    0  12.68986205  0 5.000   8.46191842
(-0.3545427, -23.0047642, 35.4982481, -0.1691726, -0.3238603, -0.1233425,  0.9226213)    0    0  22.50557637  0 0.560  15.54852637
( 6.9047027, -25.0063543, 41.0404104, -0.4468565,  0.3981749, -0.7940860,  0.1058465)    0    0  15.31770854  4 1.960  10.25175700
( 1.1184413, -23.6883294, 35.6915522, -0.3467890, -0.2512213, -0.2792429,  0.8594467)    0    0  17.43186519  2 1.040  12.50273595
(-3.7411878, -20.0808872, 41.3865440, -0.3027660, -0.4459047,  0.1215839,  0.8334981)    0    0  19.13081999  2 3.160  12.77870349
(-1.9668379, -21.5882883, 47.2212429,  0.4050073,  0.0308900,  0.6462833, -0.6460129)    0    0  12.11099147  0 5.000   8.12798473
(-3.0545048, -18.3314456, 43.0690836, -0.3375586, -0.4431436,  0.1532316,  0.8162028)    0    0  16.39922413  0 1.400  11.52959539
(-3.6397804, -19.9027674, 42.1057248, -0.3045744, -0.4450704,  0.1193751,  0.8335870)    0    0  17.08572012 25 0.000  12.36068260
( 3.1297160, -22.5180501, 44.4103032, -0.5143875, -0.5961348,  0.6153403, -0.0365149)    0    0  15.87483144  9 0.040  10.98250565
( 4.8839887, -17.4612489, 43.9476858, -0.0782421,  0.1032899, -0.1694619,  0.9769811)    0    0  -5.36828430  1 5.000  -4.45757618
( 0.4783567, -23.2472094, 35.6438607, -0.2015010, -0.3175628, -0.1504827,  0.9142791)    0    0  22.34880498 12 0.040  15.14025297
( 6.9433188, -25.4336398, 40.7786127, -0.4464141,  0.3984082, -0.7942201,  0.1058275)    0    0  15.16573613  5 0.760  10.20784069
(-3.5583193, -20.4234376, 41.0926209, -0.2455016, -0.4063009, -0.0065337,  0.8801169)    0    0  19.30949308  4 4.440  13.01961445
(-2.5493486, -20.1397156, 43.4303776, -0.3023132, -0.4439631,  0.1064042,  0.8367085)    0    0  13.94175089 10 1.800   9.93074767
(-3.7846703, -19.5265235, 42.3759945, -0.3231327, -0.4441419,  0.1399698,  0.8238510)    0    0  16.82853197  6 0.520  12.17515499
(-2.6661394, -23.9110845, 37.8792299, -0.1858308, -0.3700137, -0.1392949,  0.8995297)    0    0  18.97657701  7 1.560  13.26082132
(-3.9709501, -20.0346503, 41.1079661, -0.2974164, -0.4412736,  0.1025254,  0.8404223)    0    0  18.61174843 11 0.120  13.00594260
(-0.8275891, -22.5673887, 37.0879176, -0.1866918, -0.3394768, -0.1343676,  0.9120557)    0    0  21.91765650  6 0.280  15.24124545
(-3.6730507, -19.9439956, 41.2880582, -0.2977901, -0.4412992,  0.1020785,  0.8403309)    0    0  18.50728334 11 0.000  12.72981332
( 0.7983364, -23.3908805, 35.5961298, -0.2286315, -0.3100449, -0.1738436,  0.9062992)    0    0  23.12757736  0 1.560  15.90079468
(-3.7514953, -20.1374130, 41.5526819, -0.2959319, -0.4428392,  0.1082927,  0.8393942)    0    0  18.36855984 18 0.000  12.54566258
(-1.7976741, -21.1148237, 46.9771905,  0.4048527,  0.0317692,  0.6461464, -0.6462042)    0    0  11.61881031  6 3.640   8.00822009
(-3.6980504, -20.0987123, 41.4461846, -0.3019617, -0.4455461,  0.1206854,  0.8341109)    0    0  19.22964763  2 4.200  13.26271558
( 2.5108216, -22.6625084, 44.2267068, -0.5177345, -0.5951310,  0.6134047, -0.0387021)    0    0  16.99260183  1 5.000  11.44535877
(-0.4156789, -23.0168618, 35.9232135, -0.1810551, -0.3306662, -0.1309431,  0.9168774)    0    0  22.57379138  9 1.160  15.16255482
( 0.3032243, -24.5461704, 36.4555624, -0.3266123, -0.2795758, -0.2568554,  0.8655560)    0    0  15.59404018  0 0.400  12.59185498
(-5.6262098, -22.8830397, 35.1140328, -0.0485338, -0.7112736, -0.4790752, -0.5120755)    0    0  21.40704602  6 4.040  15.23988257
(-0.8269529, -22.8338779, 36.1520148, -0.1815259, -0.3352948, -0.1304050,  0.9152004)    0    0  22.41776959  0 0.440  15.26604840
(-3.5770807, -19.7552027, 41.6766207, -0.2986620, -0.4406828,  0.1056120,  0.8399082)    0    0  18.40844214  1 0.680  12.90228877
( 2.2941814, -22.7071344, 44.1614012, -0.5092301, -0.5977375,  0.6182942, -0.0330696)    0    0  15.81567048 11 0.000  10.95009717
(-1.6751106, -18.8280717, 38.6856557, -0.1931975, -0.4345671,  0.0760884,  0.8763771)    0    0  10.56334965  4 0.840   7.17234187
(-2.1626006, -23.6496398, 37.6316207, -0.1890337, -0.3683425, -0.1421844,  0.8990922)    0    0  19.60499211  5 1.400  13.70473182
(-0.2927279, -23.0454004, 36.3835995, -0.1858096, -0.3343626, -0.1336874,  0.9142004)    0    0  22.54859682 11 2.600  15.25565124
( 0.0491741, -23.0105723, 35.8923440, -0.1844104, -0.3328113, -0.1330535,  0.9151355)    0    0  21.83308951  5 0.440  14.80097680
(-3.7432875, -19.8268031, 41.8138633, -0.3023980, -0.4400510,  0.1083785,  0.8385491)    0    0  17.60507672  9 0.360  12.44074463
(-1.7792236, -23.4411776, 37.3885239, -0.1802864, -0.3486456, -0.1316369,  0.9102265)    0    0  20.22727194  5 1.080  14.08984678
(-3.5215147, -19.9833305, 42.0976614, -0.3027911, -0.4459211,  0.1218142,  0.8334466)    0    0  18.83437569  9 0.840  12.57217540
(-3.8176555, -19.7777878, 41.9911827, -0.3028786, -0.4455844,  0.1224146,  0.8335050)    0    0  18.50833663  3 0.360  12.72437241
(-3.6950624, -20.0837330, 41.2722147, -0.3030649, -0.4460324,  0.1227084,  0.8331554)    0    0  18.72899892 10 0.360  12.77570477
(-6.1208766, -22.6484264, 35.5977276, -0.0485090, -0.7112552, -0.4790838, -0.5120953)    0    0  22.44305279  2 1.960  15.23063771
(-1.8271595, -18.7613679, 38.9304184, -0.2340561, -0.4409113,  0.0955607,  0.8612103)    0    0  10.72228506  4 1.160   7.27426190
(-0.4270276, -23.0267295, 35.7350317, -0.1740991, -0.3246381, -0.1268862,  0.9209775)    0    0  22.45517509  0 0.440  15.32519898
(-1.3600956, -23.1971251, 37.1775142, -0.1827800, -0.3401123, -0.1312795,  0.9130452)    0    0  20.67183694 12 0.680  14.25574832
(-3.0533409, -18.9326520, 41.4037692, -0.3122450, -0.4461155,  0.1329580,  0.8280917)    0    0  15.37854157  2 1.080  11.49894171
( 6.8873899, -25.2554308, 40.9391131, -0.4455597,  0.3988562, -0.7944774,  0.1057995)    0    0  14.90316442  7 0.440  10.18845649
(-0.7803592, -22.8448764, 36.9016827, -0.1832660, -0.3393027, -0.1310803,  0.9132786)    0    0  21.70071345 13 0.200  14.96636002
(-0.6190978, -22.6726775, 36.6170119, -0.1648147, -0.3480367, -0.1152591,  0.9156538)    0    0  19.40254072  0 0.400  14.22244463
(-3.7596588, -19.5341784, 42.0950578, -0.3095163, -0.4407492,  0.1158913,  0.8345711)    0    0  17.22714714  9 0.520  12.46623445
(-5.3704334, -26.0064668, 43.8083763, -0.3986182,  0.5545476,  0.5231944,  0.5097530)    0    0  14.59774969  1 5.000   9.72317494
(-5.4788435, -26.3758363, 43.5804691, -0.3985998,  0.5544725,  0.5232133,  0.5098297)    0    0  14.67637991  0 5.000   9.78716354
(-0.7212573, -22.8926493, 36.7386975, -0.1877167, -0.3355793, -0.1349632,  0.9131865)    0    0  22.62150734  5 0.920  15.23694475
( 0.0659538, -22.9529695, 35.9715882, -0.1789704, -0.3241527, -0.1307191,  0.9196391)    0    0  22.37764607  7 0.680  15.19136347
( 1.1830887, -23.0284292, 49.1204269, -0.0266214,  0.6973888, -0.7140918,  0.0548915)    0    0  10.67940687  3 5.000   7.16503640
(-5.6706055, -22.9124365, 35.1343649, -0.0485092, -0.7112629, -0.4790729, -0.5120948)    0    0  21.81115368  5 4.760  15.35214085
( 0.7629455, -23.3725083, 35.6534862, -0.2186037, -0.3110591, -0.1654426,  0.9098892)    0    0  22.64727953  1 0.960  15.54502103
(-5.4279932, -26.2541735, 43.6613113, -0.3986576,  0.5547576,  0.5231484,  0.5095408)    0    0  14.56373962  2 5.000   9.66593293
(-0.2029480, -23.1181259, 35.4280240, -0.1725086, -0.3376687, -0.1231798,  0.9170644)    0    0  22.89671713  2 3.640  15.55728207
(-0.9826822, -21.3604824, 37.1881245, -0.1556644, -0.3529234, -0.1045278,  0.9166720)    0    0  12.64275930 11 1.560  10.20317771
( 3.1564783, -22.4797096, 44.0820887, -0.5175326, -0.5951666,  0.6135489, -0.0385547)    0    0  16.62102902  6 0.440  11.57997243
(-2.9693632, -24.1600928, 38.1204830, -0.1921556, -0.3877176, -0.1479833,  0.8892987)    0    0  18.47265834  6 1.640  12.65486481
( 5.1362722, -22.4209777, 42.9673270, -0.5214199, -0.5939567,  0.6112187, -0.0410147)    0    0  16.18666884 14 3.400  10.50085218
(-0.7331697, -22.8799970, 36.8174496, -0.1869000, -0.3389094, -0.1341774,  0.9122507)    0    0  21.78172739  7 0.520  14.63838228
(-5.5275346, -26.5446803, 43.4766076, -0.3986640,  0.5547735,  0.5231408,  0.5095262)    0    0  14.55071131  3 5.000   9.71751141
( 7.1410478, -18.2738773, 39.4724751,  0.1350204,  0.5060297,  0.2261560,  0.8213141)    0    0  12.07842453  2 5.000   8.04582371
( 0.8169557, -23.5922010, 35.7762365, -0.2569565, -0.2878553, -0.1998801,  0.9006446)    0    0  19.78475522  4 0.840  14.48240504
( 0.0318380, -23.1613277, 36.0374402, -0.1815463, -0.3241154, -0.1326217,  0.9188952)    0    0  22.31875001  5 0.520  15.09395360
(-3.4955600, -20.2025324, 41.6895444, -0.3026066, -0.4456697,  0.1188672,  0.8340686)    0    0  17.87372460  2 0.680  12.45853942
( 4.1402500, -22.4407430, 43.6002207, -0.5266438, -0.5922677,  0.6080067, -0.0444117)    0    0  16.71344279  7 3.000  11.49876825
(-2.1884801, -18.8399967, 39.6539566, -0.2937182, -0.4453540,  0.1245152,  0.8365915)    0    0  11.02788988  8 2.360   7.25714727
(-3.8036849, -20.0089144, 40.9126768, -0.3025787, -0.4456825,  0.1221270,  0.8336002)    0    0  18.92555216  6 0.520  13.02476085
(-2.3236016, -20.2660827, 43.6724708, -0.3051090, -0.4435666,  0.0983673,  0.8369458)    0    0  13.51312382  4 2.200   9.56578684
(-5.8511683, -22.7572023, 35.3455780, -0.0488682, -0.7120052, -0.4792117, -0.5108958)    0    0  21.33352062  5 0.520  14.88216889
(-1.8152743, -21.3488987, 47.1711530,  0.4050558,  0.0310074,  0.6462043, -0.6460560)    0    0  11.87350290  2 5.000   7.95456522
( 2.5374045, -22.6410595, 44.2474372, -0.5157924, -0.5957227,  0.6145476, -0.0374702)    0    0  16.95184787  2 5.000  11.36321131
( 6.5666136, -25.7104379, 41.0492573, -0.2704910,  0.4804397, -0.8281408,  0.1009706)    0    0  12.69428308 12 2.040   7.41436327
(-3.0433491, -19.2472019, 41.1855782, -0.3027230, -0.4457013,  0.1205227,  0.8337333)    0    0  15.59639263  3 1.400  12.21166257
(-1.4142100, -23.1563148, 37.2892684, -0.1851680, -0.3424377, -0.1333347,  0.9114029)    0    0  20.86942069  8 1.000  14.60907128
( 5.6181939, -22.3669744, 42.7242083, -0.5273150, -0.5920979,  0.6076497, -0.0448278)    0    0  15.99656011  9 3.400  10.65000905
(-1.0729692, -23.0946178, 36.8619456, -0.1830298, -0.3418081, -0.1317891,  0.9122836)    0    0  21.40847287 11 0.600  15.06245347
( 1.2384280, -23.2825111, 48.9798717, -0.0266376,  0.6973717, -0.7140885,  0.0548905)    0    0  10.78519449  0 5.000   7.19211976
( 2.6544089, -22.5146252, 44.6608349, -0.5150517, -0.5958872,  0.6150187, -0.0370545)    0    0  16.36984010  3 0.320  11.52418688
(-3.7329934, -20.0702267, 41.2788308, -0.3020389, -0.4456027,  0.1211366,  0.8339865)    0    0  19.01188630  3 3.800  12.75300168
(-1.0248513, -22.9854561, 36.8766460, -0.1843706, -0.3422466, -0.1317661,  0.9118633)    0    0  21.10892837 13 0.000  14.41994230
(-3.2504031, -20.1630013, 42.3025387, -0.2993079, -0.4433178,  0.1036340,  0.8385341)    0    0  17.06653745  0 0.400  12.19917400
(-3.4822430, -20.1981543, 41.7945690, -0.3044785, -0.4458361,  0.1208738,  0.8330117)    0    0  18.42960376  0 0.400  12.79625999
( 2.7516525, -22.6558833, 44.1922564, -0.5168844, -0.5953632,  0.6139334, -0.0381449)    0    0  16.37386253  9 0.440  10.82142671
( 6.8870392, -24.9973410, 41.0652724, -0.4468749,  0.3981618, -0.7940816,  0.1058509)    0    0  15.31839554  3 4.520  10.25896600
( 7.6367764, -18.2788911, 39.3682175,  0.1350199,  0.5060311,  0.2261552,  0.8213136)    0    0  12.12897660  1 5.000   8.10357312
(-0.4356432, -22.8542943, 35.9717896, -0.1864217, -0.3325595, -0.1349764,  0.9145634)    0    0  22.08787013  3 0.360  14.87749007
(-0.8364810, -22.8755894, 36.7215177, -0.1860459, -0.3344196, -0.1338948,  0.9141190)    0    0  22.35673663 24 0.000  14.78746226
(-3.7518545, -19.6255220, 41.3686450, -0.2932601, -0.4363277,  0.0888648,  0.8459962)    0    0  18.30073308  2 0.520  12.80575687
( 2.7732650, -22.5639111, 44.2531876, -0.5144736, -0.5961114,  0.6153225, -0.0366501)    0    0  16.50850492  8 2.040  11.27150027
(-2.5482745, -20.1427439, 43.3812333, -0.3012911, -0.4433627,  0.1019272,  0.8380077)    0    0  13.97087519 19 1.240   9.90649421
(-2.5906056, -18.8417625, 40.4794447, -0.3022222, -0.4463094,  0.1256209,  0.8328645)    0    0  11.69709793  4 1.720   9.01024876
(-2.2151595, -18.8855913, 38.8547231, -0.2076646, -0.4352777,  0.0780543,  0.8725106)    0    0  10.84256485  3 0.680   8.43162280
( 0.8036760, -23.2017967, 36.2671258, -0.1966734, -0.3112384, -0.1474874,  0.9179857)    0    0  22.23365769  8 0.280  14.99580748
(-6.0461778, -22.6730041, 35.5325223, -0.0485196, -0.7112634, -0.4790799, -0.5120866)    0    0  20.79747823  9 2.760  13.02917739
( 6.6517613, -25.2321918, 41.2740869, -0.4468155,  0.3981540, -0.7941175,  0.1058617)    0    0  15.33418255  2 3.720  10.27580773
(-3.4664864, -19.8682001, 42.3847007, -0.3051626, -0.4448244,  0.1141424,  0.8342431)    0    0  17.73786799  0 0.800  12.33325493
(-3.7441678, -19.7925576, 41.7840556, -0.2910561, -0.4363175,  0.0867676,  0.8469857)    0    0  18.45991924  0 0.760  12.79720450
(-0.4772081, -22.4103028, 36.4606238, -0.1821195, -0.3375930, -0.1306631,  0.9142081)    0    0  21.50798478  5 0.400  14.46303526
(-3.8531513, -19.4106825, 42.2254194, -0.3147509, -0.4448341,  0.1332353,  0.8277248)    0    0  17.18378723 10 0.600  12.28265318
(-4.0937143, -19.9461435, 41.5210402, -0.3024161, -0.4456834,  0.1218654,  0.8336999)    0    0  18.94056920  5 3.080  12.98415588
(-3.0107526, -18.3400897, 43.0411163, -0.3348486, -0.4427724,  0.1496525,  0.8181742)    0    0  14.56576637  1 0.840  10.49301632
( 0.3528819, -23.1668243, 35.9954362, -0.1751629, -0.3321601, -0.1263060,  0.9180873)    0    0  21.80293533  8 0.160  14.92349582
(-1.8503215, -21.4781425, 47.2191307,  0.4050833,  0.0309539,  0.6461975, -0.6460481)    0    0  11.82497846  4 5.000   7.89944367
(-0.8139839, -22.8634393, 36.7386901, -0.1867452, -0.3366912, -0.1339239,  0.9131350)    0    0  22.62670170  4 1.160  15.27991283
(-0.4140719, -22.5410198, 36.4979340, -0.1849093, -0.3386476, -0.1326079,  0.9129682)    0    0  21.76303010  0 0.600  14.81776202
(-3.0077689, -24.0506105, 38.0978881, -0.1853873, -0.3835176, -0.1414145,  0.8936150)    0    0  18.27545977  6 1.400  12.53630884
( 5.5014396, -22.3893149, 42.7035848, -0.5240610, -0.5930785,  0.6095621, -0.0427829)    0    0  16.19786432 13 3.800  10.50894268
( 5.4312597, -22.3851058, 42.9333176, -0.5235033, -0.5933373,  0.6099765, -0.0423860)    0    0  16.03183669 17 3.400  10.36428376
(-3.9876716, -19.8437237, 41.9453793, -0.3092513, -0.4446293,  0.1273106,  0.8309271)    0    0  17.74195344 10 0.360  12.66099692
( 2.5433079, -22.4869987, 44.1113398, -0.5071287, -0.5986391,  0.6192291, -0.0309854)    0    0  15.44697511  7 0.240  10.82012055
(-0.8297346, -22.8540579, 36.3674257, -0.1864997, -0.3355028, -0.1339816,  0.9136184)    0    0  22.56830619  3 1.160  15.15969366
(-3.8034207, -20.0073662, 40.8320293, -0.3022635, -0.4456739,  0.1215984,  0.8337984)    0    0  18.97010368  4 1.800  13.11531215
( 6.9270364, -25.1950641, 40.9189854, -0.4468416,  0.3981683, -0.7940969,  0.1058523)    0    0  15.28589213  5 1.160  10.22346034
( 2.3220262, -22.4927106, 44.6549727, -0.5130716, -0.5967486,  0.6159168, -0.0352430)    0    0  15.72684606  3 0.240  10.88371569
(-0.8526197, -22.8422250, 36.1839863, -0.1862792, -0.3352207, -0.1338992,  0.9137799)    0    0  22.48235606  6 0.840  15.00500586
( 3.1186725, -22.4736358, 44.1811529, -0.5144516, -0.5961158,  0.6153365, -0.0366513)    0    0  16.47148545 10 2.920  11.27373329
( 0.7662283, -23.4143320, 35.9163562, -0.2531202, -0.2862311, -0.1972364,  0.9028287)    0    0  20.97591869  6 0.720  14.92285163
(-7.7687731, -19.8453716, 45.9618799, -0.2439009, -0.3474835, -0.5511732,  0.7183144)    0    0  -3.16696621  0 5.000  -2.10733053
(-3.5614775, -20.2044176, 41.5825729, -0.3010630, -0.4450921,  0.1180702,  0.8350370)    0    0  18.23082401  9 0.080  12.56080184
( 3.0203760, -22.5210067, 44.1295205, -0.5209010, -0.5941446,  0.6115488, -0.0407350)    0    0  16.79373887  5 0.840  11.28715350
(-5.8002469, -22.8409754, 35.2655079, -0.0484709, -0.7112352, -0.4790845, -0.5121260)    0    0  22.57427241  1 5.000  15.05800250
(-0.7472902, -22.8223414, 36.7241672, -0.1746929, -0.3419862, -0.1246626,  0.9148700)    0    0  21.09107027  0 0.400  14.75334261
( 1.2416788, -23.7849405, 35.4695844, -0.3766870, -0.2319623, -0.3048540,  0.8434242)    0    0  12.86466618  1 0.720   8.41797042
(-6.1221811, -22.6137439, 35.6164453, -0.0485058, -0.7112558, -0.4790772, -0.5121009)    0    0  22.31565047  4 1.080  15.34432057
(-4.0575813, -20.3171777, 41.9972515, -0.2859652, -0.4391423,  0.0818819,  0.8477460)    0    0  17.93590963 23 1.560  12.41449977
(-3.7258184, -19.0079002, 42.4861257, -0.3297194, -0.4442291,  0.1475818,  0.8198072)    0    0  16.00717323  6 0.760  11.73284720
(-0.6611930, -22.6808337, 36.8467009, -0.1711668, -0.3455918, -0.1212227,  0.9145429)    0    0  20.12941150  1 0.760  13.98273312
(-3.2630853, -20.4268697, 42.2920742, -0.2994191, -0.4436579,  0.1079462,  0.8377614)    0    0  17.01768727  7 0.440  12.21506180
( 2.3980699, -22.5813868, 44.3470102, -0.5150110, -0.5959140,  0.6150266, -0.0370552)    0    0  16.15955735  8 0.120  11.34248820
( 3.1515449, -22.6194338, 44.2093762, -0.4997017, -0.6013235,  0.6229188, -0.0246684)    0    0  14.85653288  0 0.400  10.57822722
(-2.0779334, -20.1091215, 44.0902682, -0.3044500, -0.4426395,  0.0940011,  0.8381717)    0    0  12.83442124  6 2.520   9.07564541
(-2.8776378, -18.4895615, 41.3529980, -0.3187856, -0.4458069,  0.1390292,  0.8248039)    0    0  14.86090175  2 1.000  11.26533828
(-1.8059208, -18.8757247, 38.8437092, -0.2082852, -0.4371811,  0.0839589,  0.8708851)    0    0  11.50625435  0 1.320   8.42229404
(-3.6329839, -19.8808644, 41.9832279, -0.3119926, -0.4448864,  0.1282621,  0.8295551)    0    0  17.87653186 14 0.120  12.68639161
(-5.5952176, -22.9605901, 35.0547770, -0.0485400, -0.7112775, -0.4790747, -0.5120699)    0    0  22.40765128  3 2.920  15.57217864
(-2.8193087, -20.3036223, 42.8672223, -0.3042381, -0.4445559,  0.1091318,  0.8353170)    0    0  14.86263158 10 1.400  10.54497850
(-3.6006425, -19.7257501, 42.3425072, -0.3006137, -0.4433268,  0.1074834,  0.8375333)    0    0  17.14536713  2 0.840  11.78457896
(-3.6840314, -20.0755943, 41.2781280, -0.3036645, -0.4455634,  0.1230631,  0.8331280)    0    0  18.52092693 11 0.120  12.70778963
(-2.0597384, -21.7349568, 47.2515369,  0.4051345,  0.0311507,  0.6460909, -0.6461130)    0    0  11.86090553  3 5.000   8.01502742
(-0.9811881, -23.1015200, 37.0024528, -0.1871718, -0.3419147, -0.1346783,  0.9109948)    0    0  21.20138160 12 0.680  14.53497303
( 0.3474893, -24.6728319, 36.4228721, -0.3242189, -0.2837199, -0.2536798,  0.8660437)    0    0  16.65571432  0 0.800  12.50495584
(-0.4904787, -22.9949837, 36.0864718, -0.1822748, -0.3381104, -0.1303313,  0.9140199)    0    0  22.44959261 18 1.080  14.78531572
( 5.9365502, -25.6803631, 41.8778986, -0.4446437,  0.3993667, -0.7947387,  0.1057470)    0    0  14.82545548  1 0.840  10.01098016
( 0.3353235, -23.2471535, 35.9573185, -0.2009570, -0.3158194, -0.1497481,  0.9151229)    0    0  22.22784500  9 0.520  15.46808323
(-0.4276413, -23.1368243, 35.6475827, -0.1805676, -0.3342892, -0.1298080,  0.9158370)    0    0  22.38268092  4 0.360  15.45744238
( 0.6652883, -23.3023265, 36.0366109, -0.1955240, -0.3173660, -0.1453095,  0.9164793)    0    0  22.47224257  3 0.680  15.06741746
(-0.4290185, -22.9908047, 36.5945731, -0.2081391, -0.3252591, -0.1538736,  0.9095095)    0    0  22.81026934  3 5.000  15.24089304
(-3.3858928, -20.2202578, 41.8557069, -0.2994438, -0.4444570,  0.1163232,  0.8361890)    0    0  18.75818288  9 0.200  12.92744087
( 7.0141816, -25.0841796, 40.8626653, -0.4468480,  0.3981555, -0.7940991,  0.1058567)    0    0  15.35484588  1 1.320  10.33335627
( 1.3553136, -23.1766993, 49.0243149, -0.0266172,  0.6973907, -0.7140901,  0.0548912)    0    0  10.72086747  1 5.000   7.15424001
(-2.9167119, -24.0508298, 38.0805626, -0.1876186, -0.3791650, -0.1425188,  0.8947673)    0    0  18.38199112  5 1.480  12.63448021
( 3.0124165, -22.5217620, 44.1324790, -0.5189394, -0.5947446,  0.6127147, -0.0395051)    0    0  16.73325135  6 0.520  11.39441024
( 6.3161000, -22.3493902, 42.5641024, -0.5254002, -0.5927094,  0.6088921, -0.0435960)    0    0  16.17258461 13 4.280  10.48632721
( 1.2849241, -23.5611048, 48.8257505, -0.0266284,  0.6973857, -0.7140946,  0.0548915)    0    0  10.70217688  2 5.000   7.12240048
(-1.7251208, -23.3590730, 37.4286694, -0.1860054, -0.3425654, -0.1344686,  0.9110084)    0    0  20.37437381 14 1.160  14.15428412
( 0.0446446, -23.1588890, 35.7978316, -0.2023482, -0.3226703, -0.1500825,  0.9123674)    0    0  22.68999750  4 1.880  15.38427751
(-2.1744105, -18.9257827, 39.5898349, -0.2816968, -0.4440087,  0.1085522,  0.8436348)    0    0  11.23821583  4 2.200   7.78610179
