#Coordinates  RecID  LigID  Luciferin  Neighbor's number  Vision Range  Scoring
(-11.5834543,  2.2399354, 25.5311183, -0.4551609, -0.4198193,  0.7346101,  0.2773595)    0    0   5.00000000  0 0.200   0.00000000
(-18.6480165, 10.3785752, 20.4797541,  0.0389365,  0.4873084, -0.4025747, -0.7739174)    0    0   5.00000000  0 0.200   0.00000000
(-14.0585731,  5.3267027, 17.6802963, -0.3706303, -0.2746985, -0.8747105,  0.1485105)    0    0   5.00000000  0 0.200   0.00000000
(-13.8883830,  5.7539754, 24.6731469, -0.5186899, -0.4986464, -0.3223425, -0.6151487)    0    0   5.00000000  0 0.200   0.00000000
(-24.3749717,  0.4042936, 27.3816653, -0.4533405, -0.6867269, -0.3142864,  0.4734053)    0    0   5.00000000  0 0.200   0.00000000
(-15.8644792,  3.9971387, 30.7814070, -0.1434157,  0.2329880, -0.6332450,  0.7239816)    0    0   5.00000000  0 0.200   0.00000000
(-19.8983576, 10.2658845, 18.8081333,  0.0076115, -0.3722818,  0.9142046, -0.1599318)    0    0   5.00000000  0 0.200   0.00000000
(-25.8328201,  5.0769519, 19.5598913, -0.8599461, -0.0530031,  0.1578359,  0.4824636)    0    0   5.00000000  0 0.200   0.00000000
(-29.8489516,  7.3108109, 22.4541919, -0.3594316,  0.6446918,  0.4138234,  0.5328523)    0    0   5.00000000  0 0.200   0.00000000
(-29.7372352,  0.3039309, 26.9659266, -0.5035090, -0.1790275,  0.3834336, -0.7532639)    0    0   5.00000000  0 0.200   0.00000000
(-23.1564237, -5.2106684, 21.6648237,  0.3241285, -0.5234400,  0.3113491,  0.7238874)    0    0   5.00000000  0 0.200   0.00000000
(-22.0310080,  0.5792150, 20.5966428,  0.6235220, -0.4483566, -0.1595290,  0.6202799)    0    0   5.00000000  0 0.200   0.00000000
(-24.3282537,  5.9717695, 25.4946732,  0.1730040,  0.2237913,  0.9237307,  0.2582803)    0    0   5.00000000  0 0.200   0.00000000
(-16.5081744,  6.1225376, 26.4402440,  0.4008618, -0.9086020, -0.0218795, -0.1152106)    0    0   5.00000000  0 0.200   0.00000000
(-25.6662183,  1.3440515, 22.4201525, -0.1013656,  0.2148154,  0.8146252, -0.5291174)    0    0   5.00000000  0 0.200   0.00000000
(-27.5502135,  2.5838107, 27.1787027,  0.0873332, -0.2369622, -0.8915514,  0.3759759)    0    0   5.00000000  0 0.200   0.00000000
(-16.7510984, -4.4204364, 20.1518477,  0.1351265,  0.0667309, -0.7839933, -0.6021979)    0    0   5.00000000  0 0.200   0.00000000
(-16.9051372, -3.2602472, 27.2623695, -0.7437653, -0.1690455,  0.1598295,  0.6266508)    0    0   5.00000000  0 0.200   0.00000000
(-13.9944589,  5.7265478, 21.7912546,  0.0434196,  0.7909823,  0.4761674, -0.3817412)    0    0   5.00000000  0 0.200   0.00000000
(-26.4547488,  3.4731426, 31.9831530, -0.6715860, -0.7341712, -0.0511802, -0.0857065)    0    0   5.00000000  0 0.200   0.00000000
(-17.2630137, -1.9159797, 19.2791147, -0.3466680,  0.8164518, -0.2993664,  0.3515787)    0    0   5.00000000  0 0.200   0.00000000
(-28.2169187,  1.4524319, 21.4524865, -0.0018912, -0.0530219,  0.6059616,  0.7937226)    0    0   5.00000000  0 0.200   0.00000000
(-23.5506819,  2.1884749, 23.6096055, -0.6887976,  0.1459056, -0.5010693, -0.5031888)    0    0   5.00000000  0 0.200   0.00000000
(-14.6631502,  5.5487412, 18.4025936, -0.1157871, -0.3684912, -0.9219062,  0.0299414)    0    0   5.00000000  0 0.200   0.00000000
(-23.3509317, -3.6954695, 24.2720886,  0.2686648,  0.3479074,  0.8143194, -0.3790298)    0    0   5.00000000  0 0.200   0.00000000
(-20.9247551,  9.3806564, 26.9424586, -0.8442328,  0.0904379,  0.5282338,  0.0078167)    0    0   5.00000000  0 0.200   0.00000000
(-23.2636722,  3.8737580, 33.7422924,  0.3302061, -0.3510737,  0.8135423,  0.3253616)    0    0   5.00000000  0 0.200   0.00000000
(-20.8550037, -1.2932112, 24.5182746,  0.2335753,  0.6684826, -0.2445688,  0.6623894)    0    0   5.00000000  0 0.200   0.00000000
(-21.3819192,  3.9450897, 30.8740410,  0.3542462,  0.7372552, -0.3974687,  0.4159123)    0    0   5.00000000  0 0.200   0.00000000
(-13.4141637,  8.4865249, 26.0268353, -0.0726664, -0.0410502, -0.9903868,  0.1103109)    0    0   5.00000000  0 0.200   0.00000000
(-21.4331851, -4.4319349, 27.8818500,  0.3360854, -0.5367584,  0.3739106,  0.6775898)    0    0   5.00000000  0 0.200   0.00000000
(-17.5607518, -1.5618433, 27.7519215,  0.3681061, -0.6742836,  0.6198851, -0.1599440)    0    0   5.00000000  0 0.200   0.00000000
(-21.3503280,  1.0679362, 18.8026477, -0.1167140, -0.2830148, -0.9445500,  0.1187674)    0    0   5.00000000  0 0.200   0.00000000
(-25.0518015, -2.7348529, 18.0387466,  0.5168020,  0.6738254,  0.0874874,  0.5207888)    0    0   5.00000000  0 0.200   0.00000000
(-16.7761176, 10.0395805, 20.0522609, -0.2170690,  0.3514653, -0.3851802,  0.8252208)    0    0   5.00000000  0 0.200   0.00000000
(-14.5621120, -1.7014905, 23.3801662, -0.9735405, -0.0155559, -0.2235830,  0.0445809)    0    0   5.00000000  0 0.200   0.00000000
(-23.6950946, 10.5060076, 25.2003892, -0.1882906, -0.6170986, -0.0369222,  0.7631335)    0    0   5.00000000  0 0.200   0.00000000
(-21.2159411, -5.0842191, 27.4144479, -0.8466590,  0.4490823, -0.2574821, -0.1232747)    0    0   5.00000000  0 0.200   0.00000000
(-19.0329069,  9.7283083, 23.5845070,  0.5127312,  0.8137207,  0.2519109,  0.1072672)    0    0   5.00000000  0 0.200   0.00000000
(-22.7996580,  9.3235632, 18.3174123, -0.4826282,  0.3597013,  0.2091351,  0.7706799)    0    0   5.00000000  0 0.200   0.00000000
(-15.1492366,  7.1808853, 21.7175409,  0.1949739, -0.1764241, -0.8496130, -0.4571842)    0    0   5.00000000  0 0.200   0.00000000
(-11.0886133,  4.0435380, 23.8282954, -0.7007567, -0.0164416,  0.7040916, -0.1136869)    0    0   5.00000000  0 0.200   0.00000000
(-18.1730888, -1.0040579, 17.2254997,  0.1458585, -0.2956329, -0.2839592,  0.9003853)    0    0   5.00000000  0 0.200   0.00000000
(-18.7382227,  0.2791596, 27.3317055, -0.3500384, -0.7435875,  0.5233772,  0.2250044)    0    0   5.00000000  0 0.200   0.00000000
(-30.2621852,  2.5974359, 21.7559570,  0.4470275, -0.3952260,  0.1255473, -0.7925911)    0    0   5.00000000  0 0.200   0.00000000
(-19.0744568,  3.1367044, 22.5112348, -0.2543756, -0.5790465, -0.0647005, -0.7718886)    0    0   5.00000000  0 0.200   0.00000000
(-17.4582760,  7.6989291, 20.4981593, -0.0330518,  0.3107324, -0.0179406, -0.9497532)    0    0   5.00000000  0 0.200   0.00000000
(-25.1238314,  8.7947371, 24.1233843,  0.3749099,  0.4866983,  0.7873224,  0.0518731)    0    0   5.00000000  0 0.200   0.00000000
(-16.7381738,  3.2603730, 33.2464453,  0.4194152, -0.0315931,  0.7719390, -0.4766581)    0    0   5.00000000  0 0.200   0.00000000
(-19.6047894,  7.8912471, 24.2732203,  0.0194925,  0.1886898,  0.9267539, -0.3242584)    0    0   5.00000000  0 0.200   0.00000000
(-27.3317983,  6.3328980, 20.5227314, -0.8162930,  0.1306376, -0.2686343,  0.4944039)    0    0   5.00000000  0 0.200   0.00000000
(-20.6458308, -4.9322827, 22.5028165,  0.1386448,  0.5597398, -0.8166741,  0.0226344)    0    0   5.00000000  0 0.200   0.00000000
(-26.7899739,  6.8713677, 28.6063287, -0.8043485,  0.2943854, -0.4945974,  0.1474249)    0    0   5.00000000  0 0.200   0.00000000
(-22.9726653, 11.1173424, 25.6408635, -0.1106177,  0.7165577,  0.2683467,  0.6342704)    0    0   5.00000000  0 0.200   0.00000000
(-23.0231038,  6.8963104, 15.9988267,  0.0177616, -0.7224457,  0.4613064,  0.5147359)    0    0   5.00000000  0 0.200   0.00000000
(-25.3092769,  7.7247843, 20.0368233,  0.8041805, -0.3608712,  0.2828105, -0.3782645)    0    0   5.00000000  0 0.200   0.00000000
(-17.3624613, -4.1275999, 29.1126140,  0.4125170, -0.2408247,  0.7950407,  0.3738227)    0    0   5.00000000  0 0.200   0.00000000
(-24.6863125, -5.1284189, 27.0437431,  0.6874096, -0.0831305,  0.3252279,  0.6440374)    0    0   5.00000000  0 0.200   0.00000000
(-25.3656620,  5.3808434, 25.8853064, -0.5865934,  0.2731871,  0.4168981, -0.6383362)    0    0   5.00000000  0 0.200   0.00000000
(-17.5426591,  7.2248639, 30.0666832,  0.6653219, -0.2825187, -0.5305188,  0.4428090)    0    0   5.00000000  0 0.200   0.00000000
(-16.1154275,  9.0272098, 22.1197413, -0.9358338, -0.1600527,  0.2195948,  0.2244469)    0    0   5.00000000  0 0.200   0.00000000
(-25.9976132,  6.1977223, 22.6083120,  0.0761482, -0.0804553,  0.9918072,  0.0636151)    0    0   5.00000000  0 0.200   0.00000000
(-12.7457361,  5.8207862, 19.7241488, -0.4953634,  0.1579299,  0.7899479,  0.3250469)    0    0   5.00000000  0 0.200   0.00000000
(-18.6405644,  9.4516347, 17.4138646,  0.1785285, -0.8461480,  0.3996746, -0.3040088)    0    0   5.00000000  0 0.200   0.00000000
(-15.3633604,  8.6107608, 28.6813772, -0.5570717,  0.7580575, -0.1721594,  0.2922003)    0    0   5.00000000  0 0.200   0.00000000
(-18.8211138,  1.0051034, 27.0095691, -0.9631927,  0.0955464, -0.2000352,  0.1520416)    0    0   5.00000000  0 0.200   0.00000000
(-26.3682993,  3.1202365, 29.7720868,  0.6408952, -0.6487044, -0.3354955, -0.2363868)    0    0   5.00000000  0 0.200   0.00000000
(-19.3428792,  5.9770668, 26.3709897, -0.2333583, -0.7779796, -0.1485788,  0.5641064)    0    0   5.00000000  0 0.200   0.00000000
(-27.5305548, -1.8275202, 20.5350902,  0.0807954,  0.4925220,  0.5240790,  0.6900981)    0    0   5.00000000  0 0.200   0.00000000
(-24.5123111,  5.4280095, 23.0119378,  0.4491659, -0.1369354,  0.8769674,  0.1021119)    0    0   5.00000000  0 0.200   0.00000000
(-24.0415573, 10.0583779, 26.8948670, -0.6017620, -0.6735934,  0.1147606, -0.4135027)    0    0   5.00000000  0 0.200   0.00000000
(-23.6109755,  3.5327722, 27.1550935, -0.3504870, -0.1401396, -0.8771619, -0.2968278)    0    0   5.00000000  0 0.200   0.00000000
(-24.4512408, 12.0244945, 23.7605402, -0.6918633, -0.5062945,  0.3547927,  0.3729788)    0    0   5.00000000  0 0.200   0.00000000
(-23.3186234,  1.3339741, 29.8120552,  0.5539991,  0.4946398,  0.1344042,  0.6560122)    0    0   5.00000000  0 0.200   0.00000000
(-26.1114943, -2.6528029, 23.5493923,  0.7820507, -0.2103290,  0.5246779, -0.2624339)    0    0   5.00000000  0 0.200   0.00000000
(-23.0180428,  9.0834516, 29.4892521,  0.1093170,  0.0037622,  0.6321489, -0.7670876)    0    0   5.00000000  0 0.200   0.00000000
(-29.6187168, -0.0491285, 26.2046791,  0.6401899,  0.3348414, -0.4699878,  0.5070992)    0    0   5.00000000  0 0.200   0.00000000
(-18.1506537, 11.8242040, 24.5775420, -0.1143528, -0.2479053, -0.8212438,  0.5010239)    0    0   5.00000000  0 0.200   0.00000000
(-23.7671484,  8.1940947, 30.5858799, -0.7040364,  0.3255223, -0.4005917,  0.4877440)    0    0   5.00000000  0 0.200   0.00000000
(-28.3469468,  1.6675436, 29.0525871, -0.4343644, -0.1880435,  0.8563501, -0.2064745)    0    0   5.00000000  0 0.200   0.00000000
(-22.1585112,  6.1385678, 28.3561724,  0.1029668,  0.9362558, -0.3117986,  0.1249183)    0    0   5.00000000  0 0.200   0.00000000
(-12.5434837,  8.0906686, 24.1892885, -0.8914531,  0.3811717, -0.1414314, -0.2000413)    0    0   5.00000000  0 0.200   0.00000000
(-17.5396413,  2.9005198, 31.0568917,  0.1084911,  0.5476781, -0.4145457,  0.7186308)    0    0   5.00000000  0 0.200   0.00000000
(-18.5485753,  1.8120029, 15.8013295, -0.6217681, -0.5270959,  0.4818738,  0.3215151)    0    0   5.00000000  0 0.200   0.00000000
(-30.7283614,  3.4934423, 25.0942112,  0.3849433, -0.0532543, -0.9205253, -0.0401979)    0    0   5.00000000  0 0.200   0.00000000
(-28.0532448, -2.9505798, 23.1775742, -0.6018140, -0.3352003,  0.7205231, -0.0794181)    0    0   5.00000000  0 0.200   0.00000000
(-29.3650490,  6.3861615, 24.6936589,  0.2819133, -0.8356110, -0.3912474,  0.2630675)    0    0   5.00000000  0 0.200   0.00000000
(-15.7073174,  9.6443391, 24.8381322,  0.4122403,  0.3033806, -0.5679364, -0.6445669)    0    0   5.00000000  0 0.200   0.00000000
(-17.6458804,  5.4972408, 32.7966114, -0.3973675, -0.7587900, -0.1511029, -0.4934621)    0    0   5.00000000  0 0.200   0.00000000
(-18.3972590, -1.3066474, 26.8119383,  0.7508912, -0.0888124, -0.1469598,  0.6377128)    0    0   5.00000000  0 0.200   0.00000000
(-18.2287841,  0.0218251, 20.2907759, -0.5055672, -0.1415044,  0.5508576,  0.6487944)    0    0   5.00000000  0 0.200   0.00000000
(-14.1029730,  8.1065257, 29.2151115,  0.1028516, -0.7231078, -0.6540835, -0.1967520)    0    0   5.00000000  0 0.200   0.00000000
(-17.6604686, -1.5437650, 19.7466986,  0.7998450, -0.1478793, -0.5090292, -0.2815473)    0    0   5.00000000  0 0.200   0.00000000
(-24.7810271, 10.3368573, 28.4164502, -0.7491772,  0.1460277, -0.2541553, -0.5939819)    0    0   5.00000000  0 0.200   0.00000000
(-16.6360968, -2.1587395, 27.2184549, -0.5264060, -0.7901269, -0.2898587,  0.1207404)    0    0   5.00000000  0 0.200   0.00000000
(-18.0352713, -0.6335245, 16.5033793, -0.0806640, -0.8177802, -0.1566487,  0.5478961)    0    0   5.00000000  0 0.200   0.00000000
(-21.7470306, -3.8651919, 28.3745120,  0.3932383, -0.1018273,  0.8266362, -0.3894450)    0    0   5.00000000  0 0.200   0.00000000
(-22.9291110, -2.1335743, 19.4065673,  0.2436428,  0.4626897, -0.4631083, -0.7156026)    0    0   5.00000000  0 0.200   0.00000000
(-24.7667176,  3.6219237, 17.6589628, -0.2122181, -0.4844951,  0.4513571, -0.7186827)    0    0   5.00000000  0 0.200   0.00000000
(-12.4179240,  5.4796885, 23.2532680,  0.2483190,  0.5632428,  0.5588614,  0.5556699)    0    0   5.00000000  0 0.200   0.00000000
(-24.7999267, -3.9942735, 19.4370329,  0.5483456,  0.4923880,  0.1772879,  0.6522577)    0    0   5.00000000  0 0.200   0.00000000
(-25.8985407,  0.5897059, 20.7314513,  0.5213442,  0.5955219,  0.5309228, -0.3027786)    0    0   5.00000000  0 0.200   0.00000000
(-18.5705290, 12.4802864, 24.3721579,  0.5876024,  0.0969289, -0.7610913,  0.2570376)    0    0   5.00000000  0 0.200   0.00000000
(-23.8110573, -1.3222981, 17.9346469,  0.1985617, -0.7417088,  0.4046317,  0.4967036)    0    0   5.00000000  0 0.200   0.00000000
(-22.9420496, -1.9526798, 18.7151802, -0.3268525,  0.0860127,  0.8695655, -0.3600349)    0    0   5.00000000  0 0.200   0.00000000
(-26.7574331,  0.6131767, 17.6050406, -0.0664192, -0.8325017,  0.3959370,  0.3817895)    0    0   5.00000000  0 0.200   0.00000000
(-16.6567608,  0.0978572, 31.1269827, -0.8991614, -0.2851718,  0.0751759,  0.3233178)    0    0   5.00000000  0 0.200   0.00000000
(-28.1800608, -0.6868375, 24.5783344,  0.5733339,  0.7573366, -0.0378386, -0.3103186)    0    0   5.00000000  0 0.200   0.00000000
(-16.6046633, -4.2710823, 20.6911507, -0.8734053,  0.0799434, -0.3140453, -0.3635213)    0    0   5.00000000  0 0.200   0.00000000
(-14.2160830,  3.9025768, 25.2620482,  0.4762768,  0.5627907,  0.6494035,  0.1862849)    0    0   5.00000000  0 0.200   0.00000000
(-18.8809912, -1.4260366, 20.6687523, -0.3038609,  0.3982279,  0.8654841, -0.0045184)    0    0   5.00000000  0 0.200   0.00000000
(-26.8397479,  1.1552019, 21.2908657,  0.2038738,  0.5096022,  0.5416215, -0.6367003)    0    0   5.00000000  0 0.200   0.00000000
(-15.8834599, -0.2483540, 29.2712166, -0.3787955, -0.4690855,  0.7937584, -0.0801275)    0    0   5.00000000  0 0.200   0.00000000
(-28.2762636,  3.6241897, 29.2062846,  0.0435522, -0.6943793, -0.5326747, -0.4818695)    0    0   5.00000000  0 0.200   0.00000000
(-16.6691478,  3.3493537, 33.3765100, -0.1357379, -0.3742344, -0.7975759,  0.4532069)    0    0   5.00000000  0 0.200   0.00000000
(-23.7363731,  5.4334202, 25.0155115,  0.9570791, -0.2521629,  0.0558282,  0.1315166)    0    0   5.00000000  0 0.200   0.00000000
(-19.7843073,  0.6263273, 28.8709635, -0.7232382, -0.1274316, -0.3349194, -0.5903530)    0    0   5.00000000  0 0.200   0.00000000
(-25.8518794,  4.1356673, 19.4544147, -0.0458327,  0.4602208, -0.2623048,  0.8469312)    0    0   5.00000000  0 0.200   0.00000000
(-21.8965630,  0.4548001, 18.3515977, -0.3570340, -0.0894314, -0.5787040,  0.7277571)    0    0   5.00000000  0 0.200   0.00000000
(-15.2103786,  3.9274528, 21.6953450,  0.4902279, -0.6544204, -0.4771230, -0.3221246)    0    0   5.00000000  0 0.200   0.00000000
(-19.3584452, -5.8886682, 22.5170956, -0.6400531, -0.5378058,  0.5475875,  0.0352838)    0    0   5.00000000  0 0.200   0.00000000
(-25.7877115,  0.3301503, 28.5249815,  0.6955956,  0.3949069,  0.1009095,  0.5916186)    0    0   5.00000000  0 0.200   0.00000000
(-26.3167843,  5.3781610, 27.9246010,  0.5135498,  0.7541392,  0.2392740,  0.3320974)    0    0   5.00000000  0 0.200   0.00000000
(-25.0105774, -1.8323450, 27.1769362, -0.0816068, -0.9649698, -0.0751719, -0.2377452)    0    0   5.00000000  0 0.200   0.00000000
(-25.7702219, 11.7443344, 21.7053690, -0.0533799,  0.6664904, -0.7434886, -0.0128737)    0    0   5.00000000  0 0.200   0.00000000
(-14.3224627,  4.0991990, 22.0763780,  0.0858334, -0.9131366, -0.2794065,  0.2841588)    0    0   5.00000000  0 0.200   0.00000000
(-13.8664234,  9.6677096, 25.4386463, -0.2042213, -0.6816705,  0.3030520,  0.6338600)    0    0   5.00000000  0 0.200   0.00000000
(-18.7077723, -2.3182882, 30.4402821, -0.5578593,  0.7796851,  0.1716244, -0.2267801)    0    0   5.00000000  0 0.200   0.00000000
(-19.0110083,  5.0848090, 28.3742768, -0.7772391,  0.2414024,  0.5281692, -0.2422018)    0    0   5.00000000  0 0.200   0.00000000
(-25.5096765, 11.7742681, 22.3509235,  0.5452459,  0.1622091, -0.8164919,  0.0986723)    0    0   5.00000000  0 0.200   0.00000000
(-19.4791230, -3.7257798, 29.2097380,  0.2136610, -0.2241006, -0.5372685, -0.7845192)    0    0   5.00000000  0 0.200   0.00000000
(-22.4856027, -3.4629748, 17.9524655, -0.9020735, -0.3714795,  0.1053122, -0.1928100)    0    0   5.00000000  0 0.200   0.00000000
(-16.5016229,  0.3609375, 30.1959134, -0.2581223,  0.8252085, -0.2925231, -0.4084533)    0    0   5.00000000  0 0.200   0.00000000
(-15.3633315, -1.0287259, 24.8251916,  0.3356342, -0.2785340, -0.2007298, -0.8771978)    0    0   5.00000000  0 0.200   0.00000000
(-23.0435712,  2.3019170, 21.1668899,  0.1330991,  0.9839658,  0.0469804,  0.1090359)    0    0   5.00000000  0 0.200   0.00000000
(-28.2966648,  4.6611956, 19.9178834, -0.4605068,  0.7559718,  0.4396949,  0.1520148)    0    0   5.00000000  0 0.200   0.00000000
(-12.1687261,  1.2171636, 22.2123635,  0.0542239, -0.0758149, -0.9921939, -0.0828437)    0    0   5.00000000  0 0.200   0.00000000
(-19.2988622,  2.3705639, 26.3064870, -0.3086237,  0.0102425, -0.0107295, -0.9510686)    0    0   5.00000000  0 0.200   0.00000000
(-18.7212135,  7.6505324, 16.5384725,  0.2444172, -0.0397971,  0.6268243,  0.7387609)    0    0   5.00000000  0 0.200   0.00000000
(-11.9250807,  6.0315249, 23.5041659,  0.6311642, -0.7276804, -0.2548696,  0.0845840)    0    0   5.00000000  0 0.200   0.00000000
(-20.7999174,  3.6417789, 27.3086658, -0.4970786, -0.8599702, -0.0514856, -0.1035049)    0    0   5.00000000  0 0.200   0.00000000
(-24.7615427,  9.8429302, 29.8868134,  0.0448718,  0.3069729, -0.0089059,  0.9506181)    0    0   5.00000000  0 0.200   0.00000000
(-22.7315317, -1.6456929, 26.5609864, -0.4512022,  0.5753960, -0.1306186,  0.6695333)    0    0   5.00000000  0 0.200   0.00000000
(-22.3584369,  2.9968389, 17.5716013,  0.4583715, -0.3785238,  0.4513852, -0.6654824)    0    0   5.00000000  0 0.200   0.00000000
(-17.7690456,  4.7239607, 31.4839348,  0.3683285,  0.3056910,  0.1729888, -0.8607915)    0    0   5.00000000  0 0.200   0.00000000
(-20.3541024,  6.9267838, 32.4064264,  0.7595149,  0.3489545,  0.0801433,  0.5430883)    0    0   5.00000000  0 0.200   0.00000000
(-27.3758350,  8.1948657, 26.1090563,  0.2548980,  0.3476460,  0.8836082,  0.1827726)    0    0   5.00000000  0 0.200   0.00000000
(-26.2268682,  6.1254689, 28.4497169, -0.0782993,  0.2523064,  0.8089178,  0.5252263)    0    0   5.00000000  0 0.200   0.00000000
(-15.7978507,  2.8621181, 21.3066085,  0.0823382, -0.6057766,  0.6605513,  0.4358063)    0    0   5.00000000  0 0.200   0.00000000
(-27.7340697,  3.5800874, 24.4271375,  0.8723664,  0.3874953, -0.0825320, -0.2863786)    0    0   5.00000000  0 0.200   0.00000000
(-14.3336029, -2.3981497, 27.6392411,  0.1947856,  0.0064859, -0.2965026, -0.9349346)    0    0   5.00000000  0 0.200   0.00000000
(-21.5142410,  5.1047513, 16.5835078,  0.7004193, -0.6829024, -0.0351184, -0.2045087)    0    0   5.00000000  0 0.200   0.00000000
(-20.8263335,  0.4507637, 24.4278624,  0.5729755, -0.4504370, -0.3851991,  0.5660629)    0    0   5.00000000  0 0.200   0.00000000
(-23.2449707, -4.4345024, 24.4229786, -0.8010264, -0.0079658,  0.5074595, -0.3174557)    0    0   5.00000000  0 0.200   0.00000000
(-27.1920119, 10.3115448, 24.3153200, -0.1435865,  0.1352332, -0.9656092,  0.1693926)    0    0   5.00000000  0 0.200   0.00000000
(-23.2931639,  9.9201158, 23.6321401, -0.6161227, -0.1844842, -0.3811913,  0.6641172)    0    0   5.00000000  0 0.200   0.00000000
(-14.4330123,  6.3534620, 19.4178481, -0.5638060, -0.3438299,  0.7326699, -0.1646168)    0    0   5.00000000  0 0.200   0.00000000
(-24.8856891,  6.3616431, 29.0230083, -0.7933690,  0.4429517, -0.0601239,  0.4132126)    0    0   5.00000000  0 0.200   0.00000000
(-26.4450503,  5.1711849, 17.8873717,  0.5075568,  0.6995566,  0.2943053, -0.4079105)    0    0   5.00000000  0 0.200   0.00000000
(-13.6217699,  6.6798642, 30.0499808,  0.0168845,  0.6598636, -0.7407061, -0.1250977)    0    0   5.00000000  0 0.200   0.00000000
(-23.0259914,  8.6237429, 23.8202546,  0.4746530, -0.8616317, -0.1735807, -0.0465307)    0    0   5.00000000  0 0.200   0.00000000
(-20.9239803, 10.1590057, 26.9532741,  0.7711977,  0.0547680,  0.5188856, -0.3647085)    0    0   5.00000000  0 0.200   0.00000000
(-19.9992714,  2.2371847, 27.1616670, -0.0685508, -0.1040086,  0.3681823,  0.9213712)    0    0   5.00000000  0 0.200   0.00000000
(-15.2785629,  4.7578933, 31.7892362,  0.4205738,  0.7532850,  0.4228449, -0.2772753)    0    0   5.00000000  0 0.200   0.00000000
(-26.3016758,  2.1929360, 24.3469972,  0.9330227,  0.2086804,  0.1339874, -0.2607077)    0    0   5.00000000  0 0.200   0.00000000
(-30.2832093,  5.5197026, 23.4952733, -0.7158127,  0.4857588,  0.4174983, -0.2781110)    0    0   5.00000000  0 0.200   0.00000000
(-19.0000961,  0.5483118, 31.2331933, -0.5177585, -0.5894476, -0.1732372,  0.5953709)    0    0   5.00000000  0 0.200   0.00000000
(-12.1106351,  0.5529085, 27.8337584,  0.8332739,  0.0552087,  0.5486928, -0.0392780)    0    0   5.00000000  0 0.200   0.00000000
(-21.8793000,  1.5137587, 17.3963449, -0.1698360,  0.9851124, -0.0210140,  0.0163610)    0    0   5.00000000  0 0.200   0.00000000
(-22.5790329, -4.9799585, 22.8676380,  0.0821899,  0.4889370, -0.6986881,  0.5157717)    0    0   5.00000000  0 0.200   0.00000000
(-21.6911769,  9.9564810, 23.7648525, -0.2261120,  0.5752881,  0.7646456,  0.1823022)    0    0   5.00000000  0 0.200   0.00000000
(-19.1706480, 11.1283395, 24.9493455, -0.5336052,  0.1085903, -0.5281573,  0.6515547)    0    0   5.00000000  0 0.200   0.00000000
(-16.7594980,  6.9080644, 21.5765225, -0.7400874, -0.5357122, -0.1447319, -0.3799154)    0    0   5.00000000  0 0.200   0.00000000
(-13.6695750, -1.7169835, 24.2049237,  0.5450909, -0.3548744, -0.6260541, -0.4301120)    0    0   5.00000000  0 0.200   0.00000000
(-12.5643383,  1.5389888, 28.5671872,  0.0140011,  0.6163616,  0.6734253, -0.4079224)    0    0   5.00000000  0 0.200   0.00000000
(-21.9824946, -1.3662216, 17.8360167,  0.5141777, -0.5835527,  0.5096578,  0.3678810)    0    0   5.00000000  0 0.200   0.00000000
(-12.9730962,  6.8181593, 27.5622981, -0.4906851,  0.6330210,  0.2929177,  0.5222181)    0    0   5.00000000  0 0.200   0.00000000
(-26.6136217,  7.3064469, 26.1871945,  0.0048683, -0.7191988, -0.0457835,  0.6932771)    0    0   5.00000000  0 0.200   0.00000000
(-16.9663831, 10.9155135, 19.8096826,  0.6962310, -0.5830462, -0.0314193, -0.4175312)    0    0   5.00000000  0 0.200   0.00000000
(-24.0980967, -0.2453388, 31.0064193,  0.1165005, -0.4552688, -0.5050634, -0.7239260)    0    0   5.00000000  0 0.200   0.00000000
(-27.9631307,  0.7158653, 24.7071640, -0.6299050,  0.5203090, -0.5370729, -0.2098833)    0    0   5.00000000  0 0.200   0.00000000
(-21.0754592,  4.2441220, 23.7474198,  0.7863547,  0.1714382, -0.5668671, -0.1758322)    0    0   5.00000000  0 0.200   0.00000000
(-26.0222696, -4.1916030, 20.7265684, -0.2188115, -0.0854470,  0.9709991,  0.0445096)    0    0   5.00000000  0 0.200   0.00000000
(-21.6632247,  1.0906230, 23.8949381,  0.1154032,  0.6910677,  0.3638609,  0.6137694)    0    0   5.00000000  0 0.200   0.00000000
(-19.6588235,  2.1414400, 19.7641195,  0.9257239, -0.1363581,  0.0361809, -0.3509026)    0    0   5.00000000  0 0.200   0.00000000
(-12.6172053,  1.3878694, 23.3434326,  0.5229428, -0.3402281, -0.7795393,  0.0556257)    0    0   5.00000000  0 0.200   0.00000000
(-21.4081115,  0.4619917, 30.2824430,  0.5776094, -0.5708612,  0.5804989, -0.0592110)    0    0   5.00000000  0 0.200   0.00000000
(-16.1335819, 10.1270244, 19.9336854, -0.7143830,  0.1638381,  0.2647312,  0.6266829)    0    0   5.00000000  0 0.200   0.00000000
(-18.4266769,  7.5548927, 16.9453220,  0.4679378, -0.5743355,  0.6634286,  0.1050497)    0    0   5.00000000  0 0.200   0.00000000
(-18.6175277,  1.6283613, 17.9127786,  0.7013841, -0.6428879, -0.3078112,  0.0027845)    0    0   5.00000000  0 0.200   0.00000000
(-19.7136195,  9.8326919, 26.2987490,  0.6241775,  0.5640924, -0.0380114,  0.5392193)    0    0   5.00000000  0 0.200   0.00000000
(-16.1626305, -3.3740002, 27.0647571,  0.7085364, -0.2525779,  0.6504356, -0.1054232)    0    0   5.00000000  0 0.200   0.00000000
(-25.2061908,  8.7582288, 24.9612976,  0.0951799, -0.5955341,  0.3841675,  0.6990675)    0    0   5.00000000  0 0.200   0.00000000
(-23.8979802,  0.9097151, 30.8826059,  0.7115216,  0.0068200,  0.6895247, -0.1350785)    0    0   5.00000000  0 0.200   0.00000000
(-23.3055771,  1.5799984, 18.0968383, -0.5169690,  0.3329041,  0.2642901,  0.7430132)    0    0   5.00000000  0 0.200   0.00000000
(-17.2715237,  0.4071963, 24.6848552, -0.6987220, -0.4721956,  0.1531479,  0.5151356)    0    0   5.00000000  0 0.200   0.00000000
(-23.8083880,  9.3707896, 23.8049528, -0.3600413, -0.1877349,  0.7167757,  0.5668849)    0    0   5.00000000  0 0.200   0.00000000
(-21.0479349,  6.8951063, 18.7773705, -0.4235700,  0.5899398, -0.3470904, -0.5933698)    0    0   5.00000000  0 0.200   0.00000000
(-28.3780649,  6.4640964, 26.8966662, -0.4881184, -0.2355273,  0.1393820, -0.8287581)    0    0   5.00000000  0 0.200   0.00000000
(-19.5329174,  3.5152451, 21.7781264, -0.2567589,  0.1466335,  0.7829433, -0.5473329)    0    0   5.00000000  0 0.200   0.00000000
