#Coordinates  RecID  LigID  Luciferin  Neighbor's number  Vision Range  Scoring
(-19.9207178,  1.1964054, 29.3906473, -0.8650383, -0.4370997,  0.2111193, -0.1268119)    0    0  24.16860762 12 0.000  14.67604502
(-20.3780051, 10.5774526, 20.3004124,  0.0354085,  0.4459211, -0.7005388, -0.5560090)    0    0  -0.69893727  3 5.000  -1.56786964
(-20.2655724,  1.3973008, 29.4302400, -0.8651795, -0.4369465,  0.2107780, -0.1269435)    0    0  27.40436442  1 0.720  18.36891674
(-19.5116073,  1.4389176, 28.9312139, -0.8650305, -0.4371082,  0.2111378, -0.1268047)    0    0  29.63286345  7 0.240  19.75082774
(-28.1197534,  0.1880059, 25.5719218,  0.8064995,  0.1483303, -0.2050864,  0.5343185)    0    0   4.26661990 11 0.000   2.98894125
(-17.9426624,  4.8069335, 32.1257758, -0.1626182,  0.0202929,  0.1624205, -0.9730175)    0    0  21.03340364  3 5.000  13.98662392
(-20.6891459, 10.7816789, 19.9908413,  0.0354085,  0.4459211, -0.7005388, -0.5560090)    0    0  -0.79244086  4 5.000   1.19997744
(-21.7756896, 10.0424636, 23.3696157, -0.2279941,  0.5726370,  0.7651714,  0.1860600)    0    0   8.13515224 10 0.000   5.59995428
(-24.9119731,  6.7670357, 28.6887433, -0.7820116,  0.4459212, -0.0566953,  0.4317382)    0    0  15.35635254  3 0.560  10.52041757
(-28.2189318,  0.1928696, 25.5728130,  0.8064995,  0.1483303, -0.2050864,  0.5343185)    0    0   5.46615983  9 0.320   2.91398660
(-26.8153743, -5.9014491, 29.3166823,  0.6875907, -0.0831025,  0.3249051,  0.6440106)    0    0   6.56221402  8 1.640   2.62614990
(-20.0415621,  1.6106531, 29.4468436, -0.8650471, -0.4370902,  0.2110980, -0.1268201)    0    0  27.76008208  0 0.400  17.79519861
(-19.9289492,  1.7827647, 29.5041917, -0.8650309, -0.4371079,  0.2111368, -0.1268051)    0    0  29.48270406  8 0.160  19.50553373
(-19.7392744,  1.3941073, 29.1317055, -0.8650287, -0.4371102,  0.2111421, -0.1268030)    0    0  29.52208542  1 0.560  19.40197092
(-20.1154562,  1.1340485, 28.9526535, -0.8650626, -0.4370729,  0.2110619, -0.1268342)    0    0  28.70735296  2 0.400  19.76406177
(-24.7303853,  6.8206220, 28.8103924, -0.7820116,  0.4459212, -0.0566953,  0.4317382)    0    0  13.95714030  0 0.480  10.14811357
(-22.7503861, -0.6494443, 17.9967227,  0.6464167, -0.4153335,  0.4596091,  0.4454246)    0    0 -18.05182131  6 0.640 -13.07663177
(-19.7529793,  1.6699469, 29.5001378, -0.8650311, -0.4371076,  0.2111362, -0.1268053)    0    0  27.47136482 19 0.000  17.60752906
(-20.6955617, 10.8396286, 20.1811182,  0.0354085,  0.4459211, -0.7005388, -0.5560090)    0    0  -2.56743260  7 0.280  -1.43743328
(-24.6560806,  6.9396000, 28.8936770, -0.7820116,  0.4459212, -0.0566953,  0.4317382)    0    0  13.91548330 14 0.000  10.21901574
(-22.4805706, -0.7894388, 18.0706055,  0.6464167, -0.4153335,  0.4596091,  0.4454246)    0    0 -19.60744822  0 0.400 -11.40231352
(-27.9309630, -0.5197946, 25.5338958,  0.8064995,  0.1483303, -0.2050864,  0.5343185)    0    0   3.06605525  0 0.480   0.78721506
(-20.0771823,  1.1734258, 29.5358088, -0.8650646, -0.4370709,  0.2110563, -0.1268362)    0    0  27.91001533 21 0.000  19.27038786
(-20.3585918, 10.6879564, 20.2451084,  0.0354085,  0.4459208, -0.7005388, -0.5560092)    0    0  -3.07535380  6 0.400  -2.93948688
(-26.8073650, -5.6802659, 28.9341023,  0.6875907, -0.0831025,  0.3249051,  0.6440106)    0    0   7.92614737  2 4.440   6.41179058
(-19.9097352,  1.3061561, 29.2701185, -0.8650260, -0.4371132,  0.2111484, -0.1268006)    0    0  30.13476166  2 2.960  20.01745621
(-20.0914823,  1.0238544, 29.3958123, -0.8650697, -0.4370653,  0.2110440, -0.1268410)    0    0  29.48413119 10 0.000  19.80656041
(-19.9909500,  1.1147049, 29.2723041, -0.8650414, -0.4370963,  0.2111117, -0.1268148)    0    0  29.64532954  9 0.160  19.80082439
(-17.9442351,  4.9428622, 32.4494650, -0.1626182,  0.0202929,  0.1624205, -0.9730175)    0    0  20.87218113  5 2.520  14.09208248
(-18.0367305,  4.8039729, 32.3161480, -0.1626182,  0.0202929,  0.1624205, -0.9730175)    0    0  20.55650537  2 0.360  13.62087213
(-26.6897386, -6.0966726, 29.6402128,  0.6875907, -0.0831025,  0.3249051,  0.6440106)    0    0   7.34675488  5 3.000   4.24624469
(-20.0785032,  1.0498935, 29.1729057, -0.8651327, -0.4369974,  0.2108911, -0.1268999)    0    0  29.25901648 12 0.000  19.75183853
(-22.7338114, -0.8129360, 17.8905528,  0.6464167, -0.4153335,  0.4596091,  0.4454246)    0    0 -18.47987463  4 0.560 -13.38425891
(-22.2406050, -0.8578666, 18.1736699,  0.6464167, -0.4153335,  0.4596091,  0.4454246)    0    0 -20.04655715  0 0.480 -13.87877019
(-20.4392113, 10.6154912, 20.2350627,  0.0354085,  0.4459211, -0.7005388, -0.5560090)    0    0   1.65735487  0 5.000   1.10490351
(-19.7929888,  1.8759230, 29.3976001, -0.8652455, -0.4368749,  0.2106178, -0.1270052)    0    0  29.18564508  7 0.240  19.72463637
(-21.9085072, 10.2000029, 23.5369162, -0.2279941,  0.5726370,  0.7651714,  0.1860600)    0    0   6.16217902  0 0.720   5.09409871
(-26.7907979, -5.9229426, 29.3487410,  0.6875907, -0.0831025,  0.3249051,  0.6440106)    0    0   9.11306350  0 4.920   6.29528439
(-21.7054860,  9.8712773, 23.4408030, -0.2279941,  0.5726370,  0.7651714,  0.1860600)    0    0   8.12889104  3 0.600   5.22482241
(-20.3315518, 10.5099810, 20.1613202,  0.0354085,  0.4459205, -0.7005388, -0.5560094)    0    0  -2.98914083  6 0.320  -2.01922908
(-20.6975755, 10.7752812, 19.9563557,  0.0354085,  0.4459211, -0.7005388, -0.5560090)    0    0   0.39605889  2 5.000   1.35464734
(-19.9607762,  2.0222473, 29.4135784, -0.8650353, -0.4371029,  0.2111265, -0.1268091)    0    0  28.94557421 16 0.000  19.47703060
(-22.4275898, -0.7606631, 18.2091917,  0.6464167, -0.4153335,  0.4596091,  0.4454246)    0    0 -16.54789815  3 5.000 -10.00675309
(-19.8399233,  1.0828295, 29.4635381, -0.8650390, -0.4370989,  0.2111179, -0.1268125)    0    0  28.79952795  0 0.480  18.72329334
(-21.6578441,  9.9092135, 23.4135380, -0.2279941,  0.5726370,  0.7651714,  0.1860600)    0    0   8.63779197  0 5.000   5.75853294
(-19.9427144,  1.3300085, 29.1767317, -0.8650326, -0.4371060,  0.2111327, -0.1268067)    0    0  28.33575419 11 0.000  18.87890860
(-20.6025540, 10.5407991, 20.1223216,  0.0354085,  0.4459211, -0.7005388, -0.5560090)    0    0  -3.69359766 15 0.840  -2.20736375
(-21.2592444,  9.6920160, 23.4183212, -0.2279941,  0.5726370,  0.7651714,  0.1860600)    0    0   8.53860589  3 2.840   5.67079693
(-19.4901034,  1.2718494, 29.0303137, -0.8680834, -0.4336897,  0.2035639, -0.1297070)    0    0  28.16538677  0 0.400  18.77458682
(-19.8243230,  1.1963563, 28.9617343, -0.8650409, -0.4370968,  0.2111132, -0.1268143)    0    0  28.58234496 16 0.000  19.20897060
(-21.2998203,  9.9341713, 23.4026070, -0.2279941,  0.5726370,  0.7651714,  0.1860600)    0    0   8.22935161  1 0.560   5.49399899
(-26.8143233, -5.6868139, 28.9214811,  0.6875907, -0.0831025,  0.3249051,  0.6440106)    0    0   8.69652097  1 5.000   6.40836116
(-24.6860749,  6.8435936, 28.7759347, -0.7820116,  0.4459212, -0.0566953,  0.4317382)    0    0  15.08039632  9 0.080  10.13104520
(-25.1494906,  7.4033821, 29.1210073, -0.7820116,  0.4459212, -0.0566953,  0.4317382)    0    0  13.35857342  0 0.640   8.51823083
(-20.4917283, 10.5939913, 20.2727657,  0.0354085,  0.4459211, -0.7005388, -0.5560090)    0    0  -3.61184235  3 0.560  -3.39385472
(-21.4643122,  9.5995743, 23.5767186, -0.2279941,  0.5726370,  0.7651714,  0.1860600)    0    0   8.22956406  4 0.520   5.41247961
(-20.1271916,  0.8090902, 29.5711745, -0.8787574, -0.4209723,  0.1757884, -0.1402362)    0    0  21.86461881  1 0.720  17.15441975
(-27.0981402, -5.8415809, 29.1584058,  0.6875907, -0.0831025,  0.3249051,  0.6440106)    0    0   7.11279042  6 2.920   5.54920194
(-19.8245659,  1.6955777, 29.4002784, -0.8651028, -0.4370296,  0.2109639, -0.1268719)    0    0  28.79310188  0 0.400  19.92610678
(-17.9437238,  4.9998619, 32.5814830, -0.1626182,  0.0202929,  0.1624205, -0.9730175)    0    0  21.09644105  1 5.000  14.10297655
(-20.2670899, 10.5302808, 20.7850035,  0.0354085,  0.4459211, -0.7005388, -0.5560090)    0    0  -3.99520158  0 0.400  -2.54719956
(-20.0217971,  1.0769441, 29.2744702, -0.8650708, -0.4370638,  0.2110425, -0.1268417)    0    0  27.91302668  0 0.400  19.16212446
(-19.7115791,  1.4443213, 28.9418301, -0.8650608, -0.4370747,  0.2110666, -0.1268324)    0    0  29.20645626  0 0.400  19.22819902
(-20.3363783, 10.7666758, 20.2105347,  0.0354085,  0.4459211, -0.7005388, -0.5560090)    0    0  -3.23859002 10 0.160  -1.01512605
(-17.9521572,  4.8162034, 32.2338860, -0.1626182,  0.0202929,  0.1624205, -0.9730175)    0    0  20.68751839  4 0.600  13.72827222
(-19.8252546,  1.3050025, 29.1935855, -0.8650763, -0.4370585,  0.2110273, -0.1268474)    0    0  28.25892303 16 0.000  19.52020176
(-24.8271490,  7.2788552, 28.9806790, -0.7820116,  0.4459212, -0.0566953,  0.4317382)    0    0  13.82819766  7 0.080   9.87815691
(-20.0119020,  1.5062590, 29.5548424, -0.8650465, -0.4370906,  0.2110999, -0.1268194)    0    0  28.35363290  0 0.400  19.87805646
(-28.4525687, -0.2068231, 25.5933696,  0.8064995,  0.1483303, -0.2050864,  0.5343185)    0    0   7.46489132  1 4.960   5.08447667
(-20.0715120,  1.2602095, 29.2996919, -0.8650538, -0.4370826,  0.2110825, -0.1268262)    0    0  26.86762624 23 0.000  16.95036307
(-24.7836070,  6.9993208, 28.9964894, -0.7820116,  0.4459212, -0.0566953,  0.4317382)    0    0  15.85167059  0 5.000  10.56778049
(-19.9124510,  1.2763955, 29.3770961, -0.8650607, -0.4370750,  0.2110663, -0.1268324)    0    0  26.66759968 15 0.000  17.04177580
(-21.4567559,  9.5068867, 23.3849237, -0.2279941,  0.5726370,  0.7651714,  0.1860600)    0    0   8.24751814  8 0.400   5.69458408
(-28.0594479, -0.0334378, 25.7822911,  0.8064995,  0.1483303, -0.2050864,  0.5343185)    0    0   4.64014056  8 0.240   3.28911940
(-28.0165287, -0.1271318, 25.5808617,  0.8064995,  0.1483303, -0.2050864,  0.5343185)    0    0   7.84386643  0 5.000   5.22933678
(-24.5076244,  6.9577034, 28.8931195, -0.7820116,  0.4459212, -0.0566953,  0.4317382)    0    0  15.28376352  5 2.760  10.31676973
(-28.3911279, -0.0828338, 25.6034282,  0.8064995,  0.1483303, -0.2050864,  0.5343185)    0    0   7.07375628  3 0.680   5.19619688
(-19.9018521,  1.3760601, 29.3019630, -0.8650845, -0.4370488,  0.2110096, -0.1268544)    0    0  27.29903525 21 0.000  17.69215794
(-24.5253824,  7.3125700, 29.2622203, -0.7820116,  0.4459212, -0.0566953,  0.4317382)    0    0  14.39999664 11 3.320  10.43802518
(-25.2081493,  7.0836621, 29.1670009, -0.7820116,  0.4459212, -0.0566953,  0.4317382)    0    0  12.89339409  0 0.400   8.16758918
(-20.1200007,  1.3367123, 29.3407999, -0.8650543, -0.4370823,  0.2110809, -0.1268267)    0    0  27.90583425  0 0.400  17.45998814
(-20.3709522,  1.5722338, 29.6322632, -0.8652015, -0.4369226,  0.2107250, -0.1269639)    0    0  27.25576916  0 0.400  16.92665933
(-17.9432588,  4.9756483, 32.5200758, -0.1626182,  0.0202929,  0.1624205, -0.9730175)    0    0  20.71319800  7 0.840  13.86461765
(-18.5485753,  1.8120029, 15.8013295, -0.6217681, -0.5270959,  0.4818738,  0.3215151)    0    0 -146.69494972  0 5.000 -97.79663315
(-24.7945031,  6.8282380, 29.3072659, -0.7820115,  0.4459212, -0.0566953,  0.4317382)    0    0  12.01541653  0 0.400   9.04731173
(-28.4080089, -0.1965476, 25.5924093,  0.8064995,  0.1483303, -0.2050864,  0.5343185)    0    0   7.22642541  3 0.960   5.10517362
(-24.7612003,  6.9945722, 28.9862583, -0.7820116,  0.4459212, -0.0566953,  0.4317382)    0    0  15.65802028  1 5.000  10.42618302
(-18.0190382,  5.0260384, 32.7994351, -0.1626182,  0.0202929,  0.1624205, -0.9730175)    0    0  20.57314390  6 0.280  13.91736600
(-18.0179366,  4.8339060, 32.2757605, -0.1626182,  0.0202929,  0.1624205, -0.9730175)    0    0  20.78776158  2 0.840  14.05803835
(-20.3919782,  0.9877461, 29.0446077, -0.8650859, -0.4370474,  0.2110059, -0.1268558)    0    0  27.42196965  0 0.720  16.38161350
(-22.7731236, -0.6118412, 17.6998445,  0.6464167, -0.4153335,  0.4596091,  0.4454246)    0    0 -20.40199942  5 0.400 -12.81318644
(-17.9360194,  4.8295288, 32.1599707, -0.1626182,  0.0202929,  0.1624205, -0.9730175)    0    0  20.94469236  4 1.560  13.89294142
(-22.7212014, -0.8742846, 18.0568271,  0.6464167, -0.4153335,  0.4596091,  0.4454246)    0    0 -21.30806035  0 0.480 -14.68905176
(-24.7511414,  6.9804008, 28.9622253, -0.7820116,  0.4459212, -0.0566953,  0.4317382)    0    0  13.91920583 10 0.160  10.31633673
(-19.9313672,  1.7989744, 29.5429873, -0.8650336, -0.4371049,  0.2111303, -0.1268076)    0    0  29.51935904  0 0.400  19.74201393
(-22.4186612, -0.7978357, 18.2137712,  0.6464167, -0.4153335,  0.4596091,  0.4454246)    0    0 -16.50169799  2 3.520  -9.99196421
(-20.5987492,  1.0573048, 29.6326921, -0.9198269, -0.3389356,  0.0133874, -0.1971342)    0    0   4.97465570  2 1.440   3.62277697
(-23.0549817, -0.8597602, 18.0032876,  0.6464167, -0.4153335,  0.4596091,  0.4454246)    0    0 -20.60446396  0 0.440 -15.79168125
(-23.6608348,  3.6648779, 18.6808554, -0.5046058, -0.7826881,  0.1641425, -0.3253146)    0    0 -19.05857549  2 5.000 -12.84917803
(-19.9979445,  1.8572054, 29.3539776, -0.8650329, -0.4371055,  0.2111321, -0.1268070)    0    0  28.33615317 15 0.000  19.33862495
(-22.4535734, -0.5251744, 18.1921389,  0.6464167, -0.4153335,  0.4596091,  0.4454246)    0    0 -20.50962943  0 0.400 -13.12216879
(-27.7965831, -0.1142259, 25.5544425,  0.8064995,  0.1483303, -0.2050864,  0.5343185)    0    0   5.96492836  1 0.640   4.78189778
(-20.0655496,  1.4398253, 29.4739775, -0.8650260, -0.4371132,  0.2111484, -0.1268006)    0    0  30.09828139  4 1.920  19.93130615
(-22.2480657, -0.9840941, 18.5366536,  0.6464167, -0.4153335,  0.4596091,  0.4454246)    0    0 -18.89280110 10 4.040 -11.82361071
(-22.8261791, -0.6627626, 17.9101408,  0.6464167, -0.4153335,  0.4596091,  0.4454246)    0    0 -20.43990660  0 0.400 -12.39127630
(-22.6368247, -0.6888265, 18.0713287,  0.6464167, -0.4153335,  0.4596091,  0.4454246)    0    0 -14.84894295  0 5.000  -9.89929527
(-19.7384683,  1.7107012, 29.2570194, -0.8650451, -0.4370923,  0.2111032, -0.1268181)    0    0  28.83763859 17 0.000  19.41446456
(-27.8964199, -0.1257160, 25.5770301,  0.8064995,  0.1483303, -0.2050864,  0.5343185)    0    0   5.09754817 12 0.160   2.68116527
(-22.9778668, -0.5479017, 18.0252454,  0.6464167, -0.4153335,  0.4596091,  0.4454246)    0    0 -20.40038876 10 0.080 -13.99992876
(-19.7452584,  1.8875449, 29.3957853, -0.8650520, -0.4370847,  0.2110865, -0.1268246)    0    0  29.19803975 14 0.160  19.42779186
(-22.7829671, -0.6141321, 17.9758263,  0.6464167, -0.4153335,  0.4596091,  0.4454246)    0    0 -17.33125346  4 5.000 -12.53397532
(-28.1389876,  0.1926609, 25.6519014,  0.8064995,  0.1483303, -0.2050864,  0.5343185)    0    0   5.36953905  2 0.360   2.91049303
(-20.1350456,  1.3591554, 29.5411178, -0.8652361, -0.4368848,  0.2106417, -0.1269961)    0    0  29.27419778  0 0.400  19.64973393
(-24.9715824,  7.0049536, 29.0088574, -0.7820116,  0.4459212, -0.0566953,  0.4317382)    0    0  13.91522304 11 0.080   9.56726113
(-20.1113285,  1.0693562, 29.1313420, -0.8763627, -0.4239917,  0.1822987, -0.1377917)    0    0  26.16796187  9 0.080  19.02694850
(-19.4070838,  1.8923173, 29.2183154, -0.8650715, -0.4370633,  0.2110403, -0.1268425)    0    0  28.73163254  1 0.960  19.92401230
(-19.7295143,  1.5971824, 29.3271126, -0.8650336, -0.4371048,  0.2111303, -0.1268076)    0    0  27.44508284  2 0.640  15.92534805
(-21.6252590,  9.9795782, 23.4394841, -0.2279941,  0.5726370,  0.7651714,  0.1860600)    0    0   8.00999466 13 0.160   5.39219260
(-23.5281469,  3.5213552, 18.6780761, -0.5046057, -0.7826879,  0.1641424, -0.3253145)    0    0 -16.47675197  0 5.000 -10.98450131
(-19.5241387,  1.7093300, 29.0817162, -0.8650345, -0.4371037,  0.2111287, -0.1268083)    0    0  29.61227244 11 0.000  20.14409396
(-26.6948838, -5.9557103, 29.4214534,  0.6875907, -0.0831025,  0.3249051,  0.6440106)    0    0   7.54888836  3 5.000   4.89948759
(-27.9642929, -0.1039152, 25.5794692,  0.8064995,  0.1483303, -0.2050864,  0.5343185)    0    0   6.99880437  5 0.720   4.72272874
(-25.0730096,  7.0443003, 29.1066310, -0.7820116,  0.4459212, -0.0566953,  0.4317382)    0    0  15.17006772  8 2.840  10.01152918
(-28.5719768, -0.4448566, 25.5673814,  0.8064995,  0.1483303, -0.2050864,  0.5343185)    0    0   5.79534416  0 0.400   4.79071070
(-21.7151076,  9.9404164, 23.4128510, -0.2279941,  0.5726370,  0.7651714,  0.1860600)    0    0   8.46057982  4 0.840   5.74515739
(-20.4770963, 10.3278981, 20.0090889,  0.0354085,  0.4459211, -0.7005388, -0.5560090)    0    0  -3.40907687  0 0.480  -2.17498443
(-19.8845705,  1.3110225, 29.1790132, -0.8650260, -0.4371132,  0.2111484, -0.1268006)    0    0  30.11806101  3 3.200  20.00024622
(-19.9985217,  1.0899518, 28.9851539, -0.8686319, -0.4330454,  0.2021513, -0.1302437)    0    0  27.58415607  0 0.400  17.78924592
(-20.0584616,  1.3196049, 29.3487432, -0.8650463, -0.4370906,  0.2111007, -0.1268192)    0    0  28.14431849  3 0.560  18.71089795
(-21.2311817,  9.7401387, 23.3924834, -0.2279941,  0.5726370,  0.7651714,  0.1860600)    0    0   8.08015380 15 2.600   5.19970114
(-19.7453549,  1.5636545, 29.3816728, -0.8650436, -0.4370939,  0.2111066, -0.1268168)    0    0  26.82763488  7 0.160  15.43044723
(-22.7735916, -0.4946998, 17.7631297,  0.6464167, -0.4153335,  0.4596091,  0.4454246)    0    0 -19.85382270  0 0.400 -12.71585736
(-19.8504792,  1.1540714, 29.3637655, -0.8650366, -0.4371016,  0.2111233, -0.1268103)    0    0  26.01928861  0 0.400  19.18310140
(-19.9725803,  1.2428453, 29.1674338, -0.8650401, -0.4370976,  0.2111150, -0.1268136)    0    0  27.98541169  1 0.400  19.87065521
(-20.1274786,  1.2763614, 29.4784833, -0.8650270, -0.4371121,  0.2111461, -0.1268015)    0    0  29.71572385  4 0.400  20.05412945
(-21.5619627,  9.9057929, 23.2489119, -0.2279941,  0.5726370,  0.7651714,  0.1860600)    0    0   8.28776540  2 0.400   5.73621282
(-19.5985115,  1.0757971, 29.1605820, -0.8650522, -0.4370844,  0.2110864, -0.1268246)    0    0  29.20273759 13 0.000  19.79783795
(-19.9400093,  1.6629155, 29.4933589, -0.8650262, -0.4371131,  0.2111481, -0.1268007)    0    0  29.91769455  5 1.880  19.91617135
(-20.1523556, 10.4147281, 20.2141058,  0.0354085,  0.4459211, -0.7005388, -0.5560090)    0    0  -1.30551831  5 0.400   0.61225604
(-19.8074464,  1.4065675, 29.0792572, -0.8650371, -0.4371011,  0.2111220, -0.1268108)    0    0  29.41825687  6 0.320  19.28079428
(-19.9316060,  1.6385785, 29.1581024, -0.8650374, -0.4371007,  0.2111211, -0.1268112)    0    0  28.32313935  0 0.400  17.79837948
(-24.6117553,  6.9310529, 28.9735768, -0.7820116,  0.4459212, -0.0566953,  0.4317382)    0    0  13.27721758  0 0.400   9.86399911
(-28.7013100, -0.1852858, 25.6258020,  0.8064995,  0.1483303, -0.2050864,  0.5343185)    0    0   5.31822990  3 0.800   2.75680239
(-23.3253788,  3.3020297, 18.6738290, -0.5046058, -0.7826881,  0.1641425, -0.3253146)    0    0 -18.76571815  1 5.000 -12.31448899
(-17.9435596,  4.9698598, 32.5106188, -0.1626182,  0.0202929,  0.1624205, -0.9730175)    0    0  21.29698598  0 5.000  14.19803538
(-17.9437932,  4.7555599, 32.0087038, -0.1626182,  0.0202929,  0.1624205, -0.9730175)    0    0  21.03427661  2 3.000  14.13391888
(-25.0311611,  7.2082337, 29.6190748, -0.7820116,  0.4459212, -0.0566953,  0.4317382)    0    0  13.91015774  0 0.400   9.70512105
(-25.5941519,  7.1001748, 29.4752164, -0.7820116,  0.4459212, -0.0566953,  0.4317382)    0    0  12.25166380  0 0.800   7.94162925
(-19.7547490,  1.7306223, 29.3008188, -0.8651901, -0.4369350,  0.2107519, -0.1269535)    0    0  29.41603971  0 0.400  19.62884358
(-27.8905143, -0.2769225, 25.5591357,  0.8064995,  0.1483303, -0.2050864,  0.5343185)    0    0   4.52578845 10 0.200   2.66951158
(-20.2006548,  1.2785529, 29.4986313, -0.8650366, -0.4371017,  0.2111233, -0.1268103)    0    0  29.75149769  7 0.400  20.05701317
(-20.3401094, 10.5507704, 20.3342854,  0.0354084,  0.4459189, -0.7005387, -0.5560108)    0    0  -4.53411845  0 0.400  -1.39331460
(-19.9170053,  1.5133371, 29.3618152, -0.8650260, -0.4371132,  0.2111484, -0.1268006)    0    0  30.52608427  0 5.000  20.35114498
(-27.0765371, -5.8392445, 29.1851833,  0.6875907, -0.0831025,  0.3249051,  0.6440106)    0    0   6.86320422  7 3.720   5.56084327
(-21.7933710,  9.9476171, 23.4211156, -0.2279941,  0.5726370,  0.7651714,  0.1860600)    0    0   8.29850761  6 0.400   5.60529559
(-21.2123964,  9.6602482, 23.4315464, -0.2279941,  0.5726370,  0.7651714,  0.1860600)    0    0   8.17380226  0 0.400   5.83148561
(-19.9713768,  1.8186431, 29.4865660, -0.8650443, -0.4370929,  0.2111055, -0.1268173)    0    0  27.43734248  0 0.400  17.42526207
(-25.2447616,  7.2900787, 29.4508638, -0.7820116,  0.4459212, -0.0566953,  0.4317382)    0    0  15.18703732  3 0.560  10.30549472
(-21.2428267,  9.6830703, 23.4185185, -0.2279941,  0.5726370,  0.7651714,  0.1860600)    0    0   8.57819800  2 1.840   5.69873564
(-18.1978979,  4.8470074, 32.4522327, -0.1626182,  0.0202929,  0.1624205, -0.9730175)    0    0  20.44598294  7 0.360  13.34475811
(-21.3482832,  9.5117021, 23.4986458, -0.2279941,  0.5726370,  0.7651714,  0.1860600)    0    0   8.37050105  2 0.720   5.68419621
(-20.1267133,  1.2062725, 29.3572278, -0.8651599, -0.4369681,  0.2108246, -0.1269254)    0    0  29.09090900  8 0.160  19.50061497
(-19.6670788,  1.4396272, 29.1911470, -0.8650806, -0.4370532,  0.2110189, -0.1268508)    0    0  27.76149813  0 0.400  19.68897979
(-17.9379761,  4.8034213, 32.1111927, -0.1626182,  0.0202929,  0.1624205, -0.9730175)    0    0  20.67650897  6 0.440  13.72931147
(-27.6978819, -0.2262335, 25.6033886,  0.8064995,  0.1483303, -0.2050864,  0.5343185)    0    0   6.59554218  4 0.440   5.03102476
(-24.9779339,  7.1353471, 29.1869968, -0.7820116,  0.4459212, -0.0566953,  0.4317382)    0    0  15.25178269  6 0.880  10.04209251
(-19.7369904,  1.6141944, 28.9977653, -0.8650449, -0.4370923,  0.2111039, -0.1268179)    0    0  27.31246384  0 0.400  17.51548635
(-19.8886596,  1.2854518, 29.2173586, -0.8655433, -0.4365503,  0.2098925, -0.1272843)    0    0  27.38980070  0 0.400  20.03394396
(-23.6772530,  3.6826368, 18.6811993, -0.5046058, -0.7826881,  0.1641425, -0.3253146)    0    0 -19.12032089  3 5.000 -12.99707150
(-27.0396568, -6.0192986, 29.5931485,  0.6875907, -0.0831025,  0.3249051,  0.6440106)    0    0   7.44823196  4 5.000   5.84974799
(-21.0736167,  9.5610028, 23.4773143, -0.2279941,  0.5726370,  0.7651714,  0.1860600)    0    0   8.06301443 13 0.000   5.36262638
(-20.0296913,  1.0918142, 29.5989609, -0.8651512, -0.4369771,  0.2108471, -0.1269169)    0    0  27.98341164  5 0.240  17.28658215
(-20.7471650, 10.8805132, 20.1755631,  0.0354085,  0.4459211, -0.7005388, -0.5560090)    0    0   0.65632611  1 2.240   1.36169763
(-19.4723851,  1.1958724, 29.5671391, -0.8650439, -0.4370934,  0.2111061, -0.1268170)    0    0  27.85430827  0 0.400  18.15519284
(-19.6773443,  1.6558044, 29.1906208, -0.8650263, -0.4371129,  0.2111477, -0.1268009)    0    0  29.82861249  5 0.560  19.76490668
(-22.6289422, -0.2840456, 17.9937469,  0.6464167, -0.4153335,  0.4596091,  0.4454246)    0    0 -18.14928449  0 0.640 -11.95981872
(-17.8732624,  4.8657751, 32.4092622, -0.1626182,  0.0202929,  0.1624205, -0.9730175)    0    0  20.18318338  9 0.280  13.38604342
(-25.2017797,  6.8755481, 28.9610101, -0.7820116,  0.4459212, -0.0566953,  0.4317382)    0    0  15.43000968  2 0.720  10.48066082
(-20.3203451, 10.5621201, 20.4178580,  0.0354085,  0.4459211, -0.7005388, -0.5560090)    0    0  -2.44697907  7 0.400  -1.45221360
(-24.9285545,  6.5515341, 28.9183267, -0.7820116,  0.4459212, -0.0566953,  0.4317382)    0    0  14.56046987 10 0.240  10.56706897
(-28.1895469, -0.1688559, 25.5927480,  0.8064995,  0.1483303, -0.2050864,  0.5343185)    0    0   5.63742014  9 0.760   2.83954080
(-19.9256643,  1.7666820, 29.4730136, -0.8650261, -0.4371131,  0.2111481, -0.1268007)    0    0  30.14388488  1 1.600  20.18720264
(-27.9400274, -0.1131185, 25.5786732,  0.8064995,  0.1483303, -0.2050864,  0.5343185)    0    0   7.39865969  2 5.000   4.82966232
(-19.9004396,  1.5859725, 29.2702652, -0.8650483, -0.4370887,  0.2110956, -0.1268211)    0    0  27.79016190  0 0.480  17.76092786
(-22.4596772, -0.7744136, 18.1868448,  0.6464167, -0.4153335,  0.4596091,  0.4454246)    0    0 -16.45192672  1 1.920 -10.15457472
(-20.3018887,  1.2785261, 29.4625699, -0.8650501, -0.4370869,  0.2110911, -0.1268228)    0    0  27.42607367  0 0.480  16.85181278
(-19.8557920,  1.2852194, 29.1617034, -0.8650797, -0.4370550,  0.2110189, -0.1268505)    0    0  27.63367261 19 0.000  17.35296186
(-20.5627578, 10.6531456, 20.1019184,  0.0354085,  0.4459211, -0.7005388, -0.5560090)    0    0  -2.97957653  7 0.320  -1.99692196
(-20.6425246, 10.4749661, 20.5751145,  0.0354085,  0.4459211, -0.7005388, -0.5560090)    0    0  -2.39167493  5 0.400  -1.09660469
(-22.7943308, -0.4932551, 17.9573482,  0.6464167, -0.4153335,  0.4596091,  0.4454246)    0    0 -17.70551651  5 0.560 -11.94648056
(-20.0506803,  1.5865568, 29.7861084, -0.8650398, -0.4370981,  0.2111155, -0.1268134)    0    0  27.05251287 27 0.000  17.79866533
(-20.0264742,  1.6600590, 29.2784348, -0.8650457, -0.4370918,  0.2111013, -0.1268188)    0    0  27.74944727  0 0.400  17.89385673
(-21.6914210,  9.9275095, 23.4131351, -0.2279941,  0.5726370,  0.7651714,  0.1860600)    0    0   8.60048513  1 5.000   5.75817900
(-19.8515202,  1.4791461, 29.4977521, -0.8650272, -0.4371118,  0.2111456, -0.1268017)    0    0  28.38839051  0 0.400  19.73927216
(-22.5027496, -0.8672439, 18.0265258,  0.6464167, -0.4153335,  0.4596091,  0.4454246)    0    0 -18.38409719  5 0.400 -12.71942458
(-20.0955313,  1.3064483, 29.6615837, -0.8650602, -0.4370756,  0.2110669, -0.1268322)    0    0  27.90170422  0 0.400  19.34899541
(-21.5180392,  9.5162711, 23.3473136, -0.2279941,  0.5726370,  0.7651714,  0.1860600)    0    0   8.24481975  0 0.640   5.54454549
(-20.3329392, 10.5464828, 20.3395775,  0.0354085,  0.4459211, -0.7005388, -0.5560090)    0    0  -3.96797151 12 0.000  -3.96849216
(-24.6713969,  6.9816585, 28.9534901, -0.7820116,  0.4459212, -0.0566953,  0.4317382)    0    0  15.62319378  2 3.520  10.38548798
(-19.9893780,  1.3214250, 29.4729859, -0.8651550, -0.4369726,  0.2108384, -0.1269203)    0    0  25.77081642  8 0.160  16.11081522
