#Coordinates  RecID  LigID  Luciferin  Neighbor's number  Vision Range  Scoring
(-12.6303733,  1.6998859, 25.9582996,  0.8637440, -0.2127161,  0.2155703,  0.4027749)    0    0 -99.37979993  3 5.000 -73.37223890
(-19.6517324, 10.3458411, 18.6430392,  0.0351571,  0.4458427, -0.6994833, -0.5574115)    0    0 -22.99960290  5 3.160 -13.53119005
(-15.5851437,  6.2377436, 22.1453710, -0.9383977, -0.0322706, -0.2340019, -0.2522130)    0    0 -48.17958397  4 2.600 -23.63139920
(-15.5887849,  6.0269490, 23.9575938, -0.9311637, -0.2819146,  0.2147229, -0.0857467)    0    0 -26.87987161  3 5.000  -0.73208980
(-28.4987056,  0.2841594, 25.9312245,  0.8063029,  0.1480930, -0.2048909,  0.5347554)    0    0   1.60065373  6 4.280  -0.28146735
(-17.7108669,  5.1210014, 31.9192444, -0.1627030,  0.0202216,  0.1624916, -0.9729926)    0    0  20.55734412  1 2.600  13.97699836
(-19.6377864,  9.7989433, 18.9279648,  0.0355505,  0.4459235, -0.7010916, -0.5553007)    0    0 -20.62206903  0 5.000 -13.72598146
(-25.7360705,  7.7660212, 21.4652966,  0.1325316,  0.4671840,  0.8740280, -0.0157939)    0    0 -24.51814749  4 4.520 -17.74499512
(-27.4715797,  5.6866974, 26.6137776, -0.7529251,  0.4948321,  0.0222887,  0.4332992)    0    0  -2.36506731 12 3.640   2.69115468
(-28.8768763,  0.2937332, 25.6553900,  0.8068778,  0.1486989, -0.2048841,  0.5337188)    0    0   3.93528221  1 5.000   4.56559727
(-24.9082283, -5.2651323, 27.3547502,  0.6877126, -0.0831687,  0.3245379,  0.6440568)    0    0 -24.82670957  5 4.680 -10.12717116
(-22.7264574,  3.6752427, 25.7179024, -0.8880958, -0.3927558,  0.1749861, -0.1625070)    0    0  -2.63486228  6 1.480   6.37099264
(-21.3848806,  3.5123539, 26.8341184, -0.8681363, -0.4289850,  0.2166916, -0.1236665)    0    0   9.83760128 14 2.280   7.97990562
(-17.4293619,  5.0504545, 27.5504398, -0.8779585, -0.4082851,  0.2202665, -0.1182149)    0    0  11.26668838 11 4.120   8.51739473
(-22.1703660,  3.5544477, 26.1028960, -0.8739924, -0.4178305,  0.2105511, -0.1309646)    0    0   7.43380298  7 2.200   9.30958748
(-25.0834233,  6.5107453, 28.6778509, -0.7848342,  0.4469040, -0.0536165,  0.4259547)    0    0   7.50114274 10 2.040   5.75592549
(-21.2343442, -1.4439503, 19.0245440,  0.6361971, -0.4299448,  0.4665358,  0.4390275)    0    0 -51.48368585 13 1.160 -27.45398869
(-19.9536253,  1.8106371, 27.9996444, -0.8666345, -0.4329195,  0.2146099, -0.1242236)    0    0  19.50539910  3 3.400  14.34420227
(-19.1171535,  9.2948375, 19.4103058,  0.0268771,  0.4420997, -0.6957111, -0.5653403)    0    0 -41.16787995 14 0.840 -24.61615697
(-24.8638855,  6.7092514, 29.0988493, -0.7500220,  0.4529349, -0.0482342,  0.4795732)    0    0   7.73625057 10 3.000   6.43360413
(-22.1633948, -1.5440586, 18.3954967,  0.6424136, -0.4203911,  0.4616963,  0.4443111)    0    0 -33.10534722  9 1.480 -15.67740150
(-28.3676959,  0.3849370, 25.6681890,  0.8087978,  0.1510645, -0.2035279,  0.5306552)    0    0  -0.45888038 10 0.760   1.91119013
(-21.3320554,  2.4438055, 26.6404325, -0.8743375, -0.4182892,  0.2083027, -0.1308418)    0    0  10.54140483  5 2.360   8.51043754
(-18.4753919,  8.6957783, 19.9485371, -0.0967761,  0.4001617, -0.6974620, -0.5865593)    0    0 -40.59113642 12 2.120 -20.71185946
(-24.9662824, -5.2625481, 27.5736527,  0.6877434, -0.0831130,  0.3248627,  0.6438675)    0    0 -15.22588342  4 4.520  -9.31223636
(-20.8071913,  5.1713289, 27.2142053, -0.8720041, -0.4175924,  0.2271604, -0.1167200)    0    0   8.42292462  8 3.240   7.56459707
(-22.0257932,  1.9373343, 31.8736023,  0.3404136, -0.3604534,  0.8097652,  0.3138003)    0    0  19.78639516  4 5.000  14.37632696
(-20.1191297,  1.5078764, 28.0543758, -0.8689960, -0.4296682,  0.2053836, -0.1335921)    0    0  15.33210968 11 0.680  14.74233950
(-17.5389015,  5.1803902, 31.9482930, -0.1628212,  0.0200005,  0.1635467, -0.9728004)    0    0  19.65937195  9 1.080  12.94703171
(-16.1069531,  5.9050296, 30.3775386, -0.1608620,  0.0189665,  0.1641561, -0.9730393)    0    0  20.60701625  1 3.560  14.75922042
(-24.8595609, -5.2536831, 27.6917498,  0.6878212, -0.0836353,  0.3254685,  0.6434100)    0    0 -29.40209223  6 3.160 -15.13008713
(-19.8149405,  1.2953584, 31.3378382,  0.3495954, -0.3604394,  0.8109625,  0.3002786)    0    0   8.19866367  8 3.080  12.88154177
(-22.2642483, -0.9621248, 18.6189171,  0.6426938, -0.4211098,  0.4623428,  0.4425316)    0    0 -26.99924185  6 2.920 -16.06501081
(-24.3335824, -1.7604303, 19.0290447,  0.6914113, -0.3599181,  0.4188827,  0.4657754)    0    0 -30.79798426 10 3.240 -16.84683105
(-19.7087369,  9.5215290, 18.9842395,  0.0354961,  0.4459433, -0.7008522, -0.5555903)    0    0 -21.72641629  1 5.000 -13.31657611
(-17.7228682,  0.6460938, 26.5645728, -0.8699083, -0.4251349,  0.2070032, -0.1402480)    0    0 -27.12268690 13 3.240  -6.80142128
(-21.1022606, 10.0459519, 23.6591111, -0.2282796,  0.5715328,  0.7651317,  0.1892110)    0    0   5.53196359  6 2.760   5.36985022
(-24.8169939, -5.2807326, 27.6425137,  0.6878075, -0.0832889,  0.3247988,  0.6438085)    0    0 -13.42500088  3 3.640  -4.31902827
(-21.8132001, 10.5187918, 23.4694222, -0.2260130,  0.5721310,  0.7661739,  0.1858869)    0    0   5.25704626  7 2.680   5.26778419
(-22.7996580,  9.3235632, 18.3174123, -0.4826282,  0.3597013,  0.2091351,  0.7706799)    0    0 -23.86717514  0 5.000 -15.91215374
(-18.9719242,  9.1256997, 19.5281949,  0.0205329,  0.4414265, -0.6987857, -0.5624032)    0    0 -36.40096581 13 1.720 -23.95106075
(-13.0064591,  2.0251724, 25.4413299, -0.9079093, -0.2219234,  0.2691640, -0.2323821)    0    0 -89.47872615  2 5.000 -55.40411310
(-22.3660962, -0.6356471, 18.8353001,  0.6342624, -0.4335325,  0.4656267,  0.4392637)    0    0 -42.25273659 12 0.200 -18.62219695
(-19.9874354,  1.5428085, 28.4098876, -0.8595942, -0.4458066,  0.2189257, -0.1201068)    0    0  17.38384747 10 4.600  11.31676224
(-27.7528168,  4.2792044, 21.7287817,  0.4366670,  0.3510074,  0.8067470, -0.1878163)    0    0 -29.35563902  4 5.000 -23.09383224
(-22.2602561,  3.7534265, 25.3929551, -0.8705909, -0.4235909,  0.2080850, -0.1390785)    0    0  -3.26295253  9 1.480   3.58254231
(-19.4680558, 10.3617793, 18.8290098,  0.0345016,  0.4459104, -0.6980931, -0.5591415)    0    0 -23.83023845  8 2.040 -13.91510537
(-22.2459158, 10.2722547, 23.7274248, -0.2256210,  0.5693914,  0.7677603,  0.1881240)    0    0  -0.80728417  9 1.720   1.87778014
(-20.8003378,  2.1755463, 32.1235660,  0.3411970, -0.3603142,  0.8102233,  0.3119202)    0    0  20.15434932  3 5.000  14.79336817
(-21.3288863,  5.8319574, 26.9395252, -0.8650133, -0.4318973,  0.2261893, -0.1178801)    0    0   3.49478196 10 3.000   2.18769708
(-25.4384762,  8.1427033, 21.9702173, -0.1220064,  0.5408946,  0.8220965,  0.1292473)    0    0 -24.49856002  5 4.680  -8.10214986
(-24.5155568, -5.1617527, 26.7964671,  0.6877362, -0.0835677,  0.3249807,  0.6437567)    0    0 -31.91336150  7 3.080 -16.69352724
(-24.8997524,  6.3654075, 29.0199311, -0.7933695,  0.4429513, -0.0601257,  0.4132117)    0    0  12.91434028  1 5.000   8.19432972
(-24.3228750,  9.2999825, 28.7671209, -0.6033659,  0.4596542, -0.0308084,  0.6509366)    0    0   2.60312242  3 4.760   0.58186920
(-19.9442703,  9.8657698, 18.5976515,  0.0347209,  0.4453532, -0.6951252, -0.5632389)    0    0 -34.43344052 11 0.760 -19.55010834
(-24.5199258,  9.2630571, 22.7186997, -0.2022795,  0.5534144,  0.7896707,  0.1709843)    0    0 -19.35219098  3 3.240  -7.94964725
(-18.8292377, -1.5912179, 29.9301241,  0.3525517, -0.3635831,  0.8086184,  0.2994177)    0    0  -8.71850021  5 4.840  -1.40231680
(-24.9210277, -5.2414197, 27.4705213,  0.6875643, -0.0831082,  0.3249547,  0.6440131)    0    0 -10.17293343  1 5.000  -5.27559115
(-22.0599644,  3.4420540, 26.3277976, -0.8723036, -0.4209272,  0.2131632, -0.1282556)    0    0   8.78488874  6 2.760   8.26726496
(-17.6851906,  5.1090605, 31.8295937, -0.1621675,  0.0204426,  0.1646277, -0.9727182)    0    0  19.99622351  9 3.880  13.56265525
(-19.6282920, 10.1276090, 18.8554597,  0.0354491,  0.4455849, -0.6990253, -0.5581720)    0    0 -23.06451379  6 0.600 -15.38241903
(-22.0041676,  3.6204931, 26.4105263, -0.8720472, -0.4231740,  0.2047333, -0.1355456)    0    0   8.26547827  8 2.680   8.13505434
(-15.8363908,  6.5938511, 21.2949103,  0.7110525, -0.1573223,  0.5483239,  0.4110901)    0    0 -59.47835376  7 2.680 -30.91444944
(-19.6779252,  9.9584575, 18.7231528,  0.0353139,  0.4459033, -0.6985930, -0.5584624)    0    0 -24.57406537  6 0.520 -14.37766246
(-17.9089333,  4.8787248, 32.0056969, -0.1626844,  0.0203618,  0.1621936, -0.9730427)    0    0  20.53548324  4 3.800  13.67657745
(-19.9779524,  1.5160860, 28.4352403, -0.8627780, -0.4409619,  0.2134564, -0.1245991)    0    0  20.18938378  0 4.760  14.48031946
(-24.9398416,  6.2496652, 29.0795325, -0.7937332,  0.4439007, -0.0564664,  0.4119896)    0    0  11.15661204  5 4.200   9.24139109
(-21.2626969,  5.4690675, 26.9097351, -0.8721160, -0.4195395,  0.2202564, -0.1219410)    0    0   5.56968138  8 3.080   3.27415546
(-28.3112607, -0.2512077, 24.4825657,  0.8120672,  0.1572440, -0.2014854,  0.5246138)    0    0  -4.05996323 11 1.560   1.63971305
(-20.8829314,  3.1149370, 27.2038764, -0.8696920, -0.4268687,  0.2137674, -0.1252104)    0    0  12.06603824 14 1.960   8.97495636
(-24.5855332,  8.5913502, 29.2545931, -0.6025935,  0.4574232, -0.0333361,  0.6530955)    0    0   9.89541921  6 4.920   9.09980268
(-21.3874602,  3.3544830, 26.8587029, -0.8667477, -0.4328161,  0.2135072, -0.1257710)    0    0   8.79665606 11 2.360   7.60961202
(-20.9622757,  9.9519194, 23.8318472, -0.2280673,  0.5724679,  0.7652831,  0.1860309)    0    0   7.50110851  1 5.000   5.42098405
(-28.1866359,  0.3519326, 25.9136142,  0.8082036,  0.1500400, -0.2050707,  0.5312390)    0    0  -0.28178742 10 1.960   1.97341592
(-28.4405036,  0.3138478, 25.7899754,  0.8076208,  0.1500052, -0.2066268,  0.5315350)    0    0  -0.56985813 12 1.640   0.15243969
(-24.6042697,  8.3269700, 29.2009056, -0.7410603,  0.4532184, -0.0475994,  0.4931095)    0    0  11.70497505  4 5.000   7.63325173
(-28.4697398,  0.3228193, 25.7298663,  0.8060298,  0.1478118, -0.2052252,  0.5351150)    0    0   6.28986739  0 5.000   4.43095375
(-20.2915162,  8.4507381, 26.4055401, -0.8723770, -0.4053452,  0.2522906, -0.1048951)    0    0  -2.26793579  9 4.120  -0.74543109
(-24.4127540,  6.3712637, 29.1283666, -0.7853452,  0.4456617, -0.0557061,  0.4260462)    0    0   8.79811758  7 4.760   6.03562267
(-24.9243117,  6.2334248, 29.3547741, -0.7855503,  0.4490105, -0.0460426,  0.4230097)    0    0   8.21043220  8 3.800   6.11549768
(-19.8739540,  2.8475278, 27.9242674, -0.8708032, -0.4258542,  0.2082870, -0.1300194)    0    0  14.03542145 13 2.680  11.98120890
(-13.9430958,  7.4973756, 24.3038103, -0.9659715, -0.2003197,  0.1036233, -0.1266225)    0    0 -58.62713156 10 4.040 -34.34967020
(-17.7848821,  4.9922961, 32.1857703, -0.1626552,  0.0202653,  0.1618024, -0.9731149)    0    0  20.42502776  6 4.920  13.53829750
(-18.5485753,  1.8120029, 15.8013295, -0.6217681, -0.5270959,  0.4818738,  0.3215151)    0    0 -146.68940351  0 5.000 -97.79663315
(-25.5100863,  5.6310620, 28.6677202, -0.7866406,  0.4568898, -0.0366904,  0.4136448)    0    0   3.89086774 12 2.200   3.98651650
(-28.2584694,  0.1638697, 25.6283957,  0.8077500,  0.1496408, -0.2053618,  0.5319524)    0    0   0.63004262  8 2.520  -0.29148740
(-26.5513507,  6.7850760, 27.1681562, -0.7783243,  0.4650956, -0.0623932,  0.4171385)    0    0 -10.42282146 14 2.280  -5.37111948
(-15.4494656,  7.9550219, 27.4259851, -0.1470553,  0.0200902,  0.1653379, -0.9749254)    0    0   1.78233168  3 5.000   6.75836520
(-17.7117001,  5.1196061, 31.9222265, -0.1626791,  0.0202059,  0.1616796, -0.9731325)    0    0  20.77498436  0 5.000  13.86359968
(-19.9866928,  1.5453151, 28.4835434, -0.8650399, -0.4375721,  0.2088399, -0.1287157)    0    0  19.03433025  4 2.520  14.23496618
(-22.0966124, -1.3462681, 18.2377532,  0.6416007, -0.4224732,  0.4626669,  0.4424942)    0    0 -29.41467225  8 1.240 -13.62294539
(-17.7533888,  4.9930822, 32.4396089, -0.1627187,  0.0207003,  0.1630706, -0.9728823)    0    0  20.42989713  4 2.040  13.93107651
(-22.0996725, -1.1128075, 18.4981116,  0.6340092, -0.4332310,  0.4658591,  0.4395337)    0    0 -44.53866420 11 0.280 -21.36509479
(-24.6263910,  7.1962768, 28.9997612, -0.7502363,  0.4517343, -0.0500684,  0.4801819)    0    0  11.76446272  3 5.000   7.51323574
(-20.1244054,  1.3520654, 28.1925516, -0.8642679, -0.4367948,  0.2176928, -0.1214853)    0    0  19.67460017  2 2.520  15.03371876
(-22.2655795, -1.3576887, 18.6135176,  0.6363796, -0.4300242,  0.4650389,  0.4402055)    0    0 -38.33692007  4 0.520 -18.74843708
(-19.5650943, -3.6773119, 28.7702025,  0.4049188, -0.3294889,  0.7791993,  0.3468809)    0    0 -25.10845721  3 4.040 -12.41838471
(-22.2325363, -1.0292308, 18.5475239,  0.6464022, -0.4152882,  0.4595591,  0.4454073)    0    0 -22.24414948  0 5.000 -13.31645908
(-23.3214308,  3.2977923, 18.6735742, -0.5050319, -0.7825249,  0.1643892, -0.3249210)    0    0 -19.83115733  0 5.000 -12.76994279
(-15.4670489,  6.3433343, 22.4978055, -0.9536888, -0.1200560, -0.1743279, -0.2137147)    0    0 -38.07639500  3 3.960 -21.91253273
(-23.3061517, -1.6030647, 18.5338326,  0.6590700, -0.3923815,  0.4526569,  0.4547144)    0    0 -29.71911628  9 3.960 -18.67151228
(-28.4760572,  0.3917212, 25.4995638,  0.8104121,  0.1527036, -0.2032578,  0.5277887)    0    0  -0.82285565  9 0.200   1.66878152
(-19.6935417,  8.8845242, 26.1392574, -0.8747596, -0.3841997,  0.2836402, -0.0820637)    0    0  -3.06878065  6 3.800  -0.90040598
(-22.1877310, -1.1532678, 18.3579474,  0.6459320, -0.4161849,  0.4601826,  0.4447382)    0    0 -23.76217633  1 5.000 -13.33619340
(-22.2454089, -0.9991746, 18.5768843,  0.6445932, -0.4182462,  0.4609482,  0.4439374)    0    0 -25.28907520  4 4.280 -15.92478551
(-23.6138792, -1.5794822, 18.4167614,  0.6840779, -0.3229852,  0.4430855,  0.4810335)    0    0 -43.45396400 16 2.920 -20.96405021
(-19.5531327,  1.6424611, 31.6498701,  0.3487962, -0.3575537,  0.8147973,  0.2941838)    0    0  11.42638486  7 4.040  11.75230457
(-28.4726920,  0.3312453, 25.6285389,  0.8062834,  0.1479984, -0.2050309,  0.5347573)    0    0   2.57073888  4 4.760   1.50715321
(-20.6755064, -1.7434681, 19.1833089,  0.6302615, -0.4392297,  0.4675679,  0.4372962)    0    0 -65.54505367 15 1.800 -35.55892878
(-15.6643277,  6.1981315, 23.3873275, -0.9404127, -0.2824932,  0.1476559, -0.1184029)    0    0 -41.58498095  8 4.440 -19.50530076
(-22.3497728, -0.7432484, 18.8422511,  0.6432501, -0.4198955,  0.4613488,  0.4438892)    0    0 -25.32360639  5 2.440 -13.23817624
(-28.6806459,  0.3319309, 25.5268208,  0.8097971,  0.1515101, -0.2038213,  0.5288194)    0    0  -0.97661472 13 0.200   0.43859980
(-20.0655834,  0.9241025, 31.0103062,  0.3492310, -0.3634435,  0.8081127,  0.3045600)    0    0   5.03270512  7 3.320   9.54108081
(-24.4991569,  6.8919664, 28.7778898, -0.7847079,  0.4482342, -0.0495980,  0.4252759)    0    0   7.94714843  9 3.080   6.02365257
(-20.2032157,  2.4937070, 32.4413948,  0.3423076, -0.3587543,  0.8120383,  0.3076587)    0    0  17.94741302  5 5.000  13.30783988
(-21.2323957,  3.2791278, 26.7867121, -0.8694293, -0.4274780,  0.2133994, -0.1254786)    0    0  10.34694060 13 2.200   7.97284658
(-19.9696507,  1.4787944, 28.5313388, -0.8612446, -0.4433254,  0.2161119, -0.1224598)    0    0  19.99872749  1 5.000  13.86434368
(-25.6392351,  7.6743271, 21.3599085,  0.1112960,  0.4882283,  0.8655880, -0.0019582)    0    0 -24.12681833  4 5.000 -17.75818561
(-23.1887334,  3.1542806, 18.6706842, -0.5016105, -0.7838100,  0.1624112, -0.3280615)    0    0 -22.21517219  1 5.000 -11.47142782
(-15.5511899,  6.1749235, 23.9524502, -0.9278216, -0.2781234,  0.2387165, -0.0693461)    0    0 -28.04450223  4 4.520   0.14000257
(-23.8729180, -5.1228940, 26.0464190,  0.6888578, -0.0842525,  0.3238053,  0.6430560)    0    0 -44.23519148  8 2.920 -22.55983910
(-28.4024035,  0.2461894, 26.0218598,  0.8060681,  0.1472497, -0.2054935,  0.5351109)    0    0   2.23307223  5 2.920   2.20844685
(-24.7174066,  6.5816877, 29.0272393, -0.7935839,  0.4453429, -0.0532451,  0.4111499)    0    0   8.51271014  6 2.200   6.04600157
(-27.6523427,  0.3550890, 26.2364385,  0.8077210,  0.1500819, -0.2036846,  0.5325013)    0    0  -3.64605402 12 1.080  -1.40496585
(-20.8693657,  9.9132231, 23.7302516, -0.2283627,  0.5693055,  0.7677042,  0.1853731)    0    0   6.16590759  5 2.200   5.37357420
(-18.7782205,  8.9160990, 19.6749350, -0.0069511,  0.4326503, -0.7014218, -0.5663682)    0    0 -37.18389970 14 1.800 -21.81033946
(-18.0639120,  8.2595392, 25.9753303, -0.8761992, -0.3974395,  0.2558129, -0.0942156)    0    0   1.69653096  6 4.600   6.54081212
(-21.8475385,  1.7528468, 31.7265986,  0.3405660, -0.3605931,  0.8097065,  0.3136267)    0    0  20.48125295  2 4.760  16.47892123
(-19.7677338,  2.4088801, 28.1362654, -0.8685451, -0.4299224,  0.2105956, -0.1275679)    0    0  17.81330288  8 2.600  13.17960190
(-21.3079810, 10.1154363, 23.7259704, -0.2284481,  0.5713475,  0.7660251,  0.1859541)    0    0   7.10382660  3 3.640   5.18333269
(-19.6195508, -2.4007226, 29.3146141,  0.3688399, -0.3622925,  0.8022024,  0.2983339)    0    0 -11.79325851  5 5.000  -4.70808398
(-22.2343218, -1.0250660, 18.5515959,  0.6459561, -0.4161724,  0.4601802,  0.4447174)    0    0 -24.70658620  3 5.000 -16.41432530
(-19.0178100,  1.4114956, 31.1251745,  0.3476161, -0.3609323,  0.8111081,  0.3014349)    0    0   1.59007835  8 3.880   5.68982477
(-16.9481620,  0.4141284, 25.8919823, -0.8960903, -0.3648056,  0.1691096, -0.1879920)    0    0 -62.39471295 15 4.200 -16.83830088
(-22.6299611,  3.6117569, 25.8118656, -0.8800583, -0.4073459,  0.1955154, -0.1460838)    0    0   2.53241175  4 1.480   5.80274014
(-25.0223821,  8.3727571, 22.1878232, -0.1966589,  0.5625192,  0.7844912,  0.1716711)    0    0 -15.73007106 12 4.440  -6.13829918
(-12.7570981,  1.6636288, 25.5767608,  0.9398088,  0.0125377, -0.1456411,  0.3088542)    0    0 -109.65930947  4 4.040 -64.85937531
(-19.8492567,  1.6728401, 28.1206465, -0.8644064, -0.4379409,  0.2126168, -0.1256573)    0    0  17.98193578  6 3.960  12.10628066
(-19.8709245,  9.4301695, 18.8681685,  0.0351305,  0.4455566, -0.6987128, -0.5585958)    0    0 -24.39248434  9 0.680 -14.31684568
(-14.7262102,  7.5136727, 25.4852765, -0.8926914, -0.3478807,  0.2786768, -0.0664855)    0    0  -3.74530236  2 5.000   4.79599918
(-20.0955301,  1.4339052, 28.2470588, -0.8669308, -0.4341668,  0.2069444, -0.1304981)    0    0  17.57484887  9 3.880  15.12885575
(-24.6479516,  8.1277951, 29.2073024, -0.7500119,  0.4513096, -0.0517986,  0.4807481)    0    0  12.81873953  2 5.000   9.16104845
(-27.8111933,  0.4832346, 26.1505573,  0.8109083,  0.1537092, -0.2022318,  0.5271090)    0    0  -1.18876807 14 1.160   1.94329037
(-23.3252599,  3.3021120, 18.6726687, -0.5387821, -0.7606120,  0.1530956, -0.3282454)    0    0 -28.68899623  3 5.000 -15.93825103
(-17.9244714,  4.7778490, 32.6787382, -0.1626999,  0.0202407,  0.1625036, -0.9729907)    0    0  20.55038805  3 5.000  13.85862161
(-17.4043944,  5.2956633, 31.9851849, -0.1621546,  0.0200969,  0.1645444, -0.9727411)    0    0  20.37399405  7 3.240  13.80234022
(-25.7234201,  7.6370987, 27.3340531, -0.7925244,  0.4461857, -0.0627132,  0.4108476)    0    0  -0.81578309 13 2.280   5.23393539
(-24.9382787,  6.1906123, 29.0213629, -0.7949691,  0.4448386, -0.0538383,  0.4089487)    0    0   4.74277587 10 1.320   5.39210618
(-15.4038044,  6.0105100, 23.2910881, -0.9718926, -0.1746610,  0.1216604, -0.1005836)    0    0 -49.77802976  6 3.720 -21.04425647
(-28.5549476,  0.2025874, 26.0045405,  0.8069268,  0.1486008, -0.2048008,  0.5337039)    0    0   2.57756318  3 3.800   2.38194786
(-18.2757699, -0.4891989, 29.7240679,  0.3757789, -0.3669955,  0.8047652,  0.2765094)    0    0 -19.26736675  6 3.400  -5.02171690
(-20.4015469,  8.3339537, 18.4316596,  0.0392867,  0.4534670, -0.6951368, -0.5563376)    0    0 -40.79140135  7 2.040 -22.84662666
(-19.8774026,  1.6918254, 28.0413309, -0.8684800, -0.4305454,  0.2092492, -0.1284257)    0    0  17.86381216  7 1.880  12.75159425
(-25.1226922, -5.3385086, 27.8372039,  0.6875783, -0.0831062,  0.3249298,  0.6440109)    0    0  -9.68293292  0 5.000  -5.22226752
(-22.6015727, 10.2277007, 23.8357681, -0.2278755,  0.5685864,  0.7677110,  0.1881083)    0    0  -2.56131455 10 1.960  -0.58541218
(-21.7612156, 10.2916934, 23.6114550, -0.2282236,  0.5719272,  0.7656576,  0.1859610)    0    0   7.41293016  2 4.200   5.35395142
(-16.0635533,  6.6525648, 21.5949685, -0.9002080,  0.0288426, -0.2935365, -0.3203592)    0    0 -56.16231784  6 3.160 -34.90803231
(-24.8856891,  6.3616431, 29.0230083, -0.7933690,  0.4429517, -0.0601239,  0.4132126)    0    0  14.05163001  0 5.000   9.36797398
(-25.8595647,  7.4048137, 21.2592336,  0.1027114,  0.4967821,  0.8617649,  0.0043677)    0    0 -30.77468351  6 4.920 -28.47518655
(-16.3054546,  5.7696887, 30.8036085, -0.1613509,  0.0215740,  0.1615181, -0.9733488)    0    0  18.84040684 10 2.280  14.22375064
(-21.5000784, 10.2131942, 23.6989417, -0.2182056,  0.5769602,  0.7553727,  0.2211680)    0    0  -2.70582403 11 3.560   1.78946806
(-20.9518714,  6.3196314, 27.1438294, -0.8716445, -0.4112477,  0.2444319, -0.1062681)    0    0   3.31227861  9 3.080   2.55941569
(-19.9828564,  1.5361413, 28.4122755, -0.8652521, -0.4363459,  0.2120478, -0.1262717)    0    0  18.56395547  5 2.040  15.05277447
(-17.8945725,  4.8184223, 32.5755965, -0.1626871,  0.0201978,  0.1631162, -0.9728916)    0    0  20.27099999  7 1.400  13.74898008
(-28.2756152,  0.2873201, 25.9754939,  0.8068816,  0.1485634, -0.2049770,  0.5337149)    0    0   1.55427806  7 3.320  -0.15442521
(-26.5236895,  5.7135206, 27.5796585, -0.7800534,  0.4672845, -0.0201085,  0.4156411)    0    0   4.07222772 11 2.760   6.16629244
(-22.1678670,  2.0673542, 31.9081925,  0.3415762, -0.3599601,  0.8101199,  0.3121747)    0    0  20.50466498  1 5.000  14.31916346
(-14.8373712, -0.1252780, 28.4191834,  0.4735554, -0.3883088,  0.7464191,  0.2604228)    0    0 -86.13729036  3 5.000 -48.94879227
(-23.0100734,  2.9458773, 18.7459200, -0.5061701, -0.7817514,  0.1624762, -0.3259624)    0    0 -23.30784578  2 5.000 -13.35621934
(-25.2580349, -5.4175624, 28.0777683,  0.6876443, -0.0830866,  0.3247982,  0.6440093)    0    0 -11.45787890  2 5.000  -5.76131708
(-21.2096922, 10.1911504, 23.6577975, -0.2395354,  0.5662056,  0.7648956,  0.1918682)    0    0   0.61211799  8 1.480   5.48042521
(-19.7849364,  9.4490045, 25.8096035, -0.8781358, -0.3529338,  0.3095159, -0.0922778)    0    0  -6.79775007  5 3.880   3.99384250
(-19.6277675,  9.8943713, 18.9254719,  0.0328618,  0.4448187, -0.6973797, -0.5609922)    0    0 -34.80094061 12 0.280 -20.74383724
(-13.7590009,  0.8664661, 25.6448028, -0.9556199, -0.1115091,  0.0630092, -0.2653041)    0    0 -106.51871590  6 4.600 -74.98837104
(-16.5400379,  0.5392020, 29.5396933,  0.3815190, -0.3664991,  0.8089348,  0.2564100)    0    0 -31.73068421  6 4.360 -14.20495273
(-22.1836772, -1.1899482, 18.4317702,  0.6455153, -0.4167654,  0.4602527,  0.4447247)    0    0 -24.41198599  2 5.000 -13.59283926
(-16.4936810,  5.6940608, 30.8059029, -0.1621369,  0.0199136,  0.1638991, -0.9728573)    0    0  19.32035696 11 3.080  11.70769102
(-25.8505046,  7.1693159, 27.5660434, -0.7697176,  0.4742793, -0.0115357,  0.4271543)    0    0   2.82222477 15 2.280   3.51843504
(-19.6187930,  9.8365935, 18.9298351,  0.0353819,  0.4458760, -0.7004726, -0.5561292)    0    0 -23.13908930  7 4.200 -16.10334510
(-25.0704856,  4.9408149, 29.3665016, -0.7935803,  0.4495197, -0.0484285,  0.4071221)    0    0   1.01512749 13 2.040   0.86887841
(-28.6647049,  0.3916901, 25.3417537,  0.8060416,  0.1476620, -0.2053021,  0.5351111)    0    0   3.84651119  2 5.000   4.27209701
(-22.3677746,  3.6263493, 26.0370028, -0.8711378, -0.4237893,  0.2086937, -0.1340465)    0    0   5.14237329  7 1.560   9.03387940
(-28.3159650, -0.3120217, 25.0798374,  0.8095854,  0.1519759, -0.2074408,  0.5276400)    0    0   0.03105159  9 2.120   1.91719809
(-22.7946795,  3.7823435, 25.6527264, -0.8914134, -0.3855055,  0.1695835, -0.1673590)    0    0  -0.25531652  5 1.400   6.35850395
(-22.0115721, -1.2312988, 18.0174655,  0.6438615, -0.4188714,  0.4610704,  0.4442939)    0    0 -29.25231471  7 1.160 -16.55222875
(-13.2056520,  2.4181517, 25.2048882, -0.9538781, -0.2118436,  0.1548463, -0.1458135)    0    0 -59.16629697  5 5.000 -28.88224588
(-22.2999802,  2.1018452, 31.9454074,  0.3400112, -0.3600721,  0.8099111,  0.3142999)    0    0  21.96440871  0 5.000  14.90386150
(-19.5641230,  9.6255908, 19.0471109,  0.0354952,  0.4459501, -0.7006761, -0.5558067)    0    0 -21.79464720  2 3.720 -13.60146189
(-19.6155603,  9.8446956, 18.9335991,  0.0353163,  0.4460318, -0.7007744, -0.5556288)    0    0 -22.79885583  3 3.720 -16.02499969
(-22.3806207, -0.7454037, 18.9264902,  0.6383826, -0.4268433,  0.4641404,  0.4412273)    0    0 -34.65297519 10 0.440 -18.84116479
(-19.4989736,  9.7598289, 25.5674003, -0.8680768, -0.3645959,  0.3194104, -0.1071889)    0    0 -13.84347601  5 3.960   0.87109022
(-19.4932313, -3.0735411, 29.0387602,  0.3815316, -0.3472660,  0.7943424,  0.3207181)    0    0 -20.43902147  4 5.000  -8.25229790
(-21.0248190,  9.9657707, 23.7805097, -0.2282800,  0.5712365,  0.7661885,  0.1858198)    0    0   7.04944711  4 2.680   5.52611912
(-22.2027030,  2.1103968, 31.9939676,  0.3473150, -0.3610496,  0.8088604,  0.3077243)    0    0  16.72849290  6 4.680  13.86416225
(-24.5873083, -1.9639020, 18.8374553,  0.7471313, -0.1997010,  0.3718336,  0.5134726)    0    0 -41.15980060 14 3.080 -18.65608389
(-19.8383363,  1.5882158, 27.8095879, -0.8711356, -0.4266826,  0.2028811, -0.1335319)    0    0  15.58533645 11 1.080  12.66981869
(-21.3416052, 10.1244511, 23.7200596, -0.2279802,  0.5726744,  0.7651488,  0.1860548)    0    0   7.73656401  0 5.000   5.28966556
(-19.7282203, 10.0663269, 18.7630130,  0.0354363,  0.4459792, -0.7006464, -0.5558246)    0    0 -22.81633983  4 5.000 -16.19380008
(-24.9702790,  6.5595852, 28.9347676, -0.7835646,  0.4515607, -0.0497127,  0.4235670)    0    0   2.04905661 11 0.600   5.39744206
(-22.4019552,  3.7984512, 25.3191543, -0.8792441, -0.4091709,  0.1932791, -0.1488358)    0    0  -6.75065933  8 1.400   4.52032438
