#Coordinates  RecID  LigID  Luciferin  Neighbor's number  Vision Range  Scoring
( 1.7535720, 10.9766866, 28.2446470, -0.8291070, -0.5430795, -0.0500942,  0.1230321)    0    0  37.96466083  4 1.840  25.20624473
(-2.8407661, 12.6352952, 25.0892509,  0.1395814,  0.5185775,  0.1211163,  0.8348205)    0    0  10.22035938  5 4.840   7.81888212
( 3.1085646,  6.8270611, 33.0724377,  0.2227149,  0.0850502,  0.8882773,  0.3925914)    0    0  38.12455100  9 0.080  25.38572169
(-6.4637781, 12.6276144, 29.5036353, -0.2578821, -0.1203390, -0.9064452, -0.3120456)    0    0  26.20927266  0 0.400  17.36326796
( 2.7439377,  6.6250878, 33.3192977,  0.2227150,  0.0850502,  0.8882773,  0.3925914)    0    0  37.42360364 34 0.000  24.73636311
( 2.9889345,  7.1857166, 33.1831743,  0.2227150,  0.0850502,  0.8882773,  0.3925914)    0    0  38.08545273 16 0.000  25.40583906
(-6.3234746, 12.8634764, 29.4032278, -0.2578823, -0.1203393, -0.9064452, -0.3120454)    0    0  26.84699456  2 2.560  18.03470909
( 3.0236217,  6.7888849, 32.9772745,  0.2227150,  0.0850502,  0.8882773,  0.3925914)    0    0  37.90047841  0 0.400  25.27985300
(-6.2877220, 12.6218608, 29.4888209, -0.2578822, -0.1203392, -0.9064452, -0.3120455)    0    0  26.71214945  4 2.400  17.90650034
( 2.4145364,  6.6756974, 32.9866920,  0.2227150,  0.0850502,  0.8882773,  0.3925914)    0    0  38.04655757 18 0.000  25.45311403
( 2.4331999,  6.6651859, 32.8783081,  0.2227150,  0.0850502,  0.8882773,  0.3925914)    0    0  37.43738161  0 0.400  24.80312082
( 2.9843107,  6.4707235, 33.2238839,  0.2227149,  0.0850502,  0.8882773,  0.3925914)    0    0  38.28927576  2 0.560  25.35712001
( 2.6748331,  6.5687179, 33.0383080,  0.2227150,  0.0850502,  0.8882773,  0.3925914)    0    0  38.11849219 15 0.000  25.34551292
( 2.8623811,  6.7472034, 32.9017810,  0.2227150,  0.0850502,  0.8882773,  0.3925914)    0    0  37.52226601 27 0.000  25.16548990
(-1.9054834, 12.6510871, 24.9133355,  0.1395814,  0.5185775,  0.1211163,  0.8348205)    0    0  10.80328699  1 2.840   7.65622314
( 0.7724380, 10.6711738, 19.2093021, -0.9577191, -0.1146804, -0.2612621,  0.0369424)    0    0 -60.42039870  6 0.840 -41.69604801
(-6.1728664, 13.0274188, 29.5284367, -0.2578820, -0.1203389, -0.9064452, -0.3120456)    0    0  25.69922807  0 0.400  17.56463859
(-3.0975664, 12.4953716, 25.1830731,  0.1395814,  0.5185775,  0.1211163,  0.8348205)    0    0   7.43672251  4 0.320   3.86741282
(-4.8596947, 10.6933691, 34.2391396, -0.3275314,  0.7066922, -0.1900315, -0.5976599)    0    0  31.90483957  1 5.000  21.35806283
(-2.8328514, 12.7987250, 25.1009255,  0.1395814,  0.5185775,  0.1211163,  0.8348205)    0    0  10.34208394  4 5.000   7.79652691
( 0.4939410, 10.9075642, 18.9010959, -0.9577191, -0.1146804, -0.2612621,  0.0369424)    0    0 -60.62039681  7 0.440 -39.81641549
( 1.6810943, 10.3789495, 28.3325444, -0.8291070, -0.5430795, -0.0500942,  0.1230321)    0    0  37.00366383  9 0.080  24.62931494
( 1.7368763, 10.9919658, 28.3005176, -0.8291070, -0.5430795, -0.0500942,  0.1230321)    0    0  37.93511884  5 3.040  25.16848005
( 2.9677162,  6.8720393, 33.0304324,  0.2227150,  0.0850502,  0.8882773,  0.3925914)    0    0  38.19434564  4 0.480  25.55672221
( 3.2541661,  6.9569130, 32.9469521,  0.2227150,  0.0850502,  0.8882773,  0.3925914)    0    0  38.11667633  0 0.400  25.20914086
( 3.1960389,  7.0792121, 32.6877377,  0.2227150,  0.0850502,  0.8882773,  0.3925914)    0    0  37.69755769 13 0.000  24.95994541
( 1.6669631, 10.3874585, 28.3851228, -0.8291070, -0.5430795, -0.0500942,  0.1230321)    0    0  38.40569919  0 2.880  25.64401186
( 2.1013676, 14.5490784, 32.5171842, -0.1817682, -0.8731717, -0.4333936, -0.1292343)    0    0  27.37801842  0 5.000  18.25201228
( 2.5275031,  6.7046827, 32.9590192,  0.2227149,  0.0850502,  0.8882773,  0.3925914)    0    0  37.69019560  0 0.400  25.09946513
( 2.9787290,  6.7554101, 33.1364526,  0.2227149,  0.0850502,  0.8882773,  0.3925914)    0    0  38.67219352  2 5.000  25.62111610
( 2.9103098,  6.8211837, 33.1446368,  0.2227150,  0.0850502,  0.8882773,  0.3925914)    0    0  37.80782998 11 0.000  25.13999900
(-2.3765964, 12.7004120, 25.0065721,  0.1395814,  0.5185775,  0.1211163,  0.8348205)    0    0  11.37020762  0 4.920   7.63560288
( 2.6155635,  6.4288948, 33.1995527,  0.2227150,  0.0850502,  0.8882773,  0.3925914)    0    0  37.94829285  0 0.400  25.43704171
( 1.6949845, 10.5583088, 28.3304936, -0.8291070, -0.5430795, -0.0500942,  0.1230321)    0    0  37.96964088  3 5.000  25.40237375
( 2.5366756, 14.5745535, 32.7436605, -0.1817682, -0.8731717, -0.4333936, -0.1292343)    0    0  27.19372590  5 0.760  18.27389945
( 1.7528295, 10.6239066, 28.1471646, -0.8291070, -0.5430795, -0.0500942,  0.1230321)    0    0  37.91818972  6 1.240  25.59320049
( 2.5400274,  6.8228456, 32.9536047,  0.2227149,  0.0850502,  0.8882773,  0.3925914)    0    0  38.28232823  0 0.400  25.64012832
( 3.1070513,  6.3084849, 33.1082435,  0.2227150,  0.0850502,  0.8882773,  0.3925914)    0    0  37.71905435 52 0.000  25.49801935
( 2.2379580, 14.5570696, 32.5882007, -0.1817682, -0.8731717, -0.4333936, -0.1292343)    0    0  27.18718229  6 0.760  18.08263484
(-4.4656120, 10.6747651, 34.3580564, -0.3275314,  0.7066922, -0.1900315, -0.5976599)    0    0  31.98894956  0 5.000  21.32596652
( 2.9728977,  6.7945399, 33.2359141,  0.2227150,  0.0850502,  0.8882773,  0.3925914)    0    0  38.40199599  0 0.400  25.86621812
( 2.4426389,  6.4685801, 32.6925076,  0.2227149,  0.0850502,  0.8882773,  0.3925914)    0    0  38.12877008 22 0.000  25.73814096
(-4.1602305, 10.6544664, 34.4509561, -0.3275314,  0.7066922, -0.1900315, -0.5976599)    0    0  31.67456720  4 5.000  21.11539256
( 0.4329595, 10.9533448, 18.8439762, -0.9577191, -0.1146804, -0.2612621,  0.0369424)    0    0 -58.64375593  3 1.240 -38.61950987
( 2.9211010,  6.6978419, 33.1085248,  0.2227150,  0.0850502,  0.8882773,  0.3925914)    0    0  37.87931195 12 0.000  25.22505550
( 0.7974646, 10.7256437, 19.1056908, -0.9577191, -0.1146804, -0.2612621,  0.0369424)    0    0 -57.09311490  1 4.760 -37.74798953
( 3.1810459,  6.4307238, 32.9691305,  0.2227150,  0.0850502,  0.8882773,  0.3925914)    0    0  37.92563028  0 0.480  24.89358272
( 2.3814984,  6.8506074, 32.9789701,  0.2227149,  0.0850502,  0.8882773,  0.3925914)    0    0  36.64072360  3 0.560  24.00013894
(-6.1951425, 12.9336706, 29.4942506, -0.2578822, -0.1203391, -0.9064452, -0.3120455)    0    0  26.32891823 11 0.000  17.71245350
( 2.9709469,  6.5596017, 33.2900410,  0.2227150,  0.0850502,  0.8882773,  0.3925914)    0    0  38.07377093  0 0.400  25.39970374
( 2.7401716,  6.4505119, 33.2253338,  0.2227149,  0.0850502,  0.8882773,  0.3925914)    0    0  38.33185439 10 0.080  25.54935970
(-4.4911312, 10.6759693, 34.3503559, -0.3275314,  0.7066922, -0.1900315, -0.5976599)    0    0  31.64547980  5 5.000  20.88867585
( 1.3931025, 10.0951639, 28.8810241, -0.8291070, -0.5430795, -0.0500942,  0.1230321)    0    0  37.70018779  0 0.720  25.08942135
(-6.1884407, 12.7088062, 29.5432039, -0.2578823, -0.1203393, -0.9064452, -0.3120454)    0    0  26.57149090  8 0.560  17.61421482
( 0.7856328, 10.8329382, 18.9169860, -0.9577191, -0.1146804, -0.2612621,  0.0369424)    0    0 -61.19682803  3 0.440 -39.07901757
( 2.3405316, 14.5468896, 32.3228535, -0.1817682, -0.8731717, -0.4333936, -0.1292343)    0    0  26.97861186  0 0.680  17.96896031
( 2.9447523,  6.7790703, 32.9138165,  0.2227150,  0.0850502,  0.8882773,  0.3925914)    0    0  37.43406638 16 0.000  24.95877176
( 2.6286287,  6.9137346, 32.8852852,  0.2227149,  0.0850502,  0.8882773,  0.3925914)    0    0  38.14442057  8 0.160  25.62842352
(-2.4525991, 12.7521409, 25.0028243,  0.1395814,  0.5185775,  0.1211163,  0.8348205)    0    0   7.99658626  6 0.320   4.69071431
( 1.7933984, 10.2819398, 28.1426544, -0.8291070, -0.5430795, -0.0500942,  0.1230321)    0    0  34.26822730 17 0.000  21.99495776
(-5.7390702, 12.6247523, 29.5482047, -0.2578821, -0.1203391, -0.9064452, -0.3120456)    0    0  26.41366599  9 0.080  17.89951757
(-5.6307641, 13.0670579, 29.3813402, -0.2578821, -0.1203390, -0.9064452, -0.3120456)    0    0  26.16406024 14 0.000  17.56795893
( 1.5404551, 10.7685578, 28.6693080, -0.8291070, -0.5430795, -0.0500942,  0.1230321)    0    0  37.02093206 16 0.000  25.14509106
( 2.6345041,  6.9086549, 33.0559120,  0.2227149,  0.0850502,  0.8882773,  0.3925914)    0    0  38.03221871 16 0.000  25.73120691
( 2.1569667,  6.7579546, 32.8797657,  0.2227150,  0.0850502,  0.8882773,  0.3925914)    0    0  37.77946346  0 0.400  25.02468874
( 2.3676812,  6.9829605, 32.9178374,  0.2227149,  0.0850502,  0.8882773,  0.3925914)    0    0  38.10230483  0 0.400  25.26372045
( 3.0111902,  6.7925378, 33.2052690,  0.2227150,  0.0850502,  0.8882773,  0.3925914)    0    0  38.31995890  0 0.400  25.88311989
( 1.3908826, 10.6336497, 28.2043306, -0.8291070, -0.5430795, -0.0500942,  0.1230321)    0    0  38.06524934  2 0.880  25.65078560
( 1.7685197, 11.1599431, 28.2718176, -0.8291070, -0.5430795, -0.0500942,  0.1230321)    0    0  36.98008145  0 0.400  24.72767527
( 2.8119282,  6.8055390, 33.5518850,  0.2227150,  0.0850502,  0.8882773,  0.3925914)    0    0  37.76618496 56 0.000  25.51716705
(-5.8453097, 12.8388184, 29.5503473, -0.2578821, -0.1203391, -0.9064452, -0.3120455)    0    0  25.92368792  1 0.720  16.93119842
( 2.6983163,  6.8123234, 33.0238869,  0.2227149,  0.0850502,  0.8882773,  0.3925914)    0    0  38.42016709  7 1.200  25.32965163
(-5.9178510, 12.8119294, 29.2713086, -0.2578822, -0.1203392, -0.9064452, -0.3120455)    0    0  26.65813856  4 0.400  17.85196785
( 1.3012992, 10.6075350, 28.4278526, -0.8291070, -0.5430795, -0.0500942,  0.1230321)    0    0  36.96233671  2 0.560  24.28588632
( 1.6480960, 10.6063076, 28.6029361, -0.8291070, -0.5430795, -0.0500942,  0.1230321)    0    0  37.57042122  7 0.240  25.08529102
( 3.0006887,  6.9137924, 33.2973869,  0.2227150,  0.0850502,  0.8882773,  0.3925914)    0    0  37.55555787 28 0.000  24.89367856
( 2.3467541,  6.8979317, 32.9158225,  0.2227149,  0.0850502,  0.8882773,  0.3925914)    0    0  38.02191706 37 0.000  25.38158291
(-6.1630424, 12.3413410, 29.4021000, -0.2578821, -0.1203390, -0.9064452, -0.3120456)    0    0  26.41535955  6 0.320  17.75034837
( 0.3428782, 10.9875321, 18.8233484, -0.9577191, -0.1146804, -0.2612621,  0.0369424)    0    0 -62.30105629 10 2.360 -41.86511694
(-5.8706596, 12.7163355, 29.5390521, -0.2578822, -0.1203392, -0.9064452, -0.3120455)    0    0  26.03827188 23 0.400  17.07002133
( 3.0536787,  6.9864284, 33.2267159,  0.2227150,  0.0850502,  0.8882773,  0.3925914)    0    0  37.72408288 27 0.000  25.11048204
(-6.3254639, 12.7898707, 29.3577303, -0.2578822, -0.1203391, -0.9064452, -0.3120455)    0    0  26.19167708 11 0.000  17.47389851
( 0.4227404, 10.9599226, 18.8363024, -0.9577191, -0.1146804, -0.2612621,  0.0369424)    0    0 -57.91172600  2 5.000 -39.19800052
( 2.4757445,  6.8910323, 32.6997933,  0.2227149,  0.0850502,  0.8882773,  0.3925914)    0    0  37.52783978  0 0.400  24.51600313
(-1.7086218, 12.7197482, 25.0144800,  0.1395814,  0.5185775,  0.1211163,  0.8348205)    0    0   8.53739681  0 0.400   6.32291282
(-1.9800395, 12.6472213, 24.9456204,  0.1395814,  0.5185775,  0.1211163,  0.8348205)    0    0  10.14080792  6 0.600   7.27771472
( 2.8023918,  6.9454244, 33.1189990,  0.2227150,  0.0850502,  0.8882773,  0.3925914)    0    0  37.32305412  5 0.400  24.84766606
( 2.4767945,  6.5495463, 33.1071486,  0.2227150,  0.0850502,  0.8882773,  0.3925914)    0    0  38.09405454 15 0.000  25.31897501
(-5.9842696, 12.5146470, 29.5498291, -0.2578820, -0.1203389, -0.9064452, -0.3120457)    0    0  26.00159279  5 0.240  17.76836090
( 2.8018076,  6.7989017, 33.0631886,  0.2227149,  0.0850502,  0.8882773,  0.3925914)    0    0  38.57228437  4 3.120  25.71042991
( 1.3996142, 10.5167884, 28.2485523, -0.8291070, -0.5430795, -0.0500942,  0.1230321)    0    0  35.63090667 11 0.000  24.91921511
( 2.0411839,  6.7979206, 32.8942533,  0.2227149,  0.0850502,  0.8882773,  0.3925914)    0    0  37.43015317  0 0.400  24.76794964
( 1.5623016, 11.0197852, 28.0060680, -0.8291070, -0.5430795, -0.0500942,  0.1230321)    0    0  37.70950284  7 0.240  25.39685379
(-2.7075553, 12.6381548, 25.0161787,  0.1395814,  0.5185775,  0.1211163,  0.8348205)    0    0   8.63117089 10 0.280   5.57118541
( 1.8762398, 10.7278987, 28.2919486, -0.8291070, -0.5430795, -0.0500942,  0.1230321)    0    0  37.72759963  7 0.400  25.24913927
( 2.4197717,  6.8653894, 32.9131597,  0.2227149,  0.0850502,  0.8882773,  0.3925914)    0    0  38.60869490  3 0.800  25.87090583
(-6.0530438, 12.7039448, 29.4565608, -0.2578823, -0.1203393, -0.9064452, -0.3120454)    0    0  26.63497555  4 0.560  17.78003065
( 2.7742955,  6.5238517, 33.0280560,  0.2227150,  0.0850502,  0.8882773,  0.3925914)    0    0  37.85097573  0 0.400  25.06809024
( 2.8794827,  6.2927765, 33.3528687,  0.2227150,  0.0850502,  0.8882773,  0.3925914)    0    0  38.11866709  0 0.400  25.30412660
( 2.2094857, 14.5554047, 32.5734145, -0.1817682, -0.8731717, -0.4333936, -0.1292343)    0    0  27.24817882  3 5.000  18.12038754
( 2.2591095, 14.5583080, 32.5992179, -0.1817682, -0.8731717, -0.4333936, -0.1292343)    0    0  27.20787142  4 5.000  18.09666085
( 2.8691886,  6.9169388, 32.9352476,  0.2227150,  0.0850502,  0.8882773,  0.3925914)    0    0  38.24300759  8 0.160  25.50611999
( 3.1156606,  6.5682452, 33.2510040,  0.2227150,  0.0850502,  0.8882773,  0.3925914)    0    0  37.86130993 26 0.000  25.09483440
( 3.0028094,  6.7516532, 33.1609559,  0.2227149,  0.0850502,  0.8882773,  0.3925914)    0    0  38.21314709  0 0.400  25.94996071
( 2.2509230,  6.7268084, 32.6232150,  0.2227150,  0.0850502,  0.8882773,  0.3925914)    0    0  37.22256767  0 0.400  24.58885710
( 1.6396956, 10.2385122, 28.4430731, -0.8291070, -0.5430795, -0.0500942,  0.1230321)    0    0  38.18664467  1 2.000  25.44740635
( 1.7711611, 14.5297573, 32.3454494, -0.1817682, -0.8731717, -0.4333936, -0.1292343)    0    0  27.28190192  1 5.000  18.23245810
(-4.6806062, 10.6895581, 34.2925894, -0.3275314,  0.7066922, -0.1900315, -0.5976599)    0    0  31.68443113  3 5.000  21.09514273
( 2.2256849,  7.0141805, 32.7365313,  0.2227149,  0.0850502,  0.8882773,  0.3925914)    0    0  37.92852440 16 0.000  25.21902704
( 2.9786868,  6.7162392, 33.1731871,  0.2227149,  0.0850502,  0.8882773,  0.3925914)    0    0  38.39697276  3 0.480  25.60801792
( 2.9454753,  6.6582610, 33.3103997,  0.2227150,  0.0850502,  0.8882773,  0.3925914)    0    0  37.43359773 40 0.000  24.76156684
(-2.6537023, 12.1856243, 25.0058360,  0.1395814,  0.5185775,  0.1211163,  0.8348205)    0    0   8.14522781  1 0.480   5.08520375
( 2.5200385,  6.6111881, 33.1577385,  0.2227150,  0.0850502,  0.8882773,  0.3925914)    0    0  38.03194930  0 0.400  25.32971462
(-5.7324687, 12.6695507, 29.5090117, -0.2578823, -0.1203393, -0.9064452, -0.3120454)    0    0  26.80303870  3 0.880  17.99119644
( 1.4006907, 10.6401225, 28.2064724, -0.8291070, -0.5430795, -0.0500942,  0.1230321)    0    0  37.45645724  8 0.400  24.94104768
( 2.7870614,  6.9660093, 33.1594581,  0.2227149,  0.0850502,  0.8882773,  0.3925914)    0    0  38.45056607  3 0.560  25.76739864
( 1.8586979, 10.4751437, 28.2683165, -0.8291070, -0.5430795, -0.0500942,  0.1230321)    0    0  37.44271691  0 0.400  25.16163106
( 0.8594821, 10.6908068, 19.1421605, -0.9577191, -0.1146804, -0.2612621,  0.0369424)    0    0 -59.54723059  4 1.800 -37.12133161
( 2.5730966,  6.8354399, 32.9743469,  0.2227149,  0.0850502,  0.8882773,  0.3925914)    0    0  38.87415714  0 5.000  25.91610476
( 2.6297243,  7.1453006, 33.4580457,  0.2227149,  0.0850502,  0.8882773,  0.3925914)    0    0  38.05442053 16 0.000  25.45190922
( 3.0813531,  6.7859131, 33.3213371,  0.2227150,  0.0850502,  0.8882773,  0.3925914)    0    0  37.65559159 20 0.000  24.86859309
( 2.7884480,  7.0819842, 32.9138110,  0.2227150,  0.0850502,  0.8882773,  0.3925914)    0    0  38.22537808 10 0.000  25.51453771
( 2.2660761, 14.5582029, 32.5927429, -0.1817682, -0.8731717, -0.4333936, -0.1292343)    0    0  27.09068678  7 0.360  18.01385572
(-2.1082233, 12.7207968, 24.7882334,  0.1395814,  0.5185775,  0.1211163,  0.8348205)    0    0   9.84667552  6 0.440   7.21582862
( 3.0584319,  6.7142439, 33.1035049,  0.2227150,  0.0850502,  0.8882773,  0.3925914)    0    0  38.01255979  0 0.400  25.49807269
( 2.9005903,  6.9875949, 32.7901619,  0.2227150,  0.0850502,  0.8882773,  0.3925914)    0    0  38.02457046  0 0.400  25.26007458
( 2.9928527,  6.7924065, 33.1274188,  0.2227150,  0.0850502,  0.8882773,  0.3925914)    0    0  37.79833768 33 0.000  25.14209816
(-2.8789282, 12.7428983, 25.1044469,  0.1395814,  0.5185775,  0.1211163,  0.8348205)    0    0  10.71766829  2 1.640   7.67771338
(-4.5482024, 10.6667835, 34.3344766, -0.3275314,  0.7066922, -0.1900315, -0.5976599)    0    0  31.69974937  2 4.520  21.35344576
( 1.5932842, 10.7061054, 28.6016995, -0.8291070, -0.5430795, -0.0500942,  0.1230321)    0    0  36.80631781 18 0.000  24.89526491
( 2.3802062,  7.0251747, 32.8602203,  0.2227149,  0.0850502,  0.8882773,  0.3925914)    0    0  38.36307803  9 0.240  25.48004052
( 2.2580689,  6.6988588, 33.2900694,  0.2227150,  0.0850502,  0.8882773,  0.3925914)    0    0  37.67915435  0 0.400  25.12211113
( 2.6901223,  6.9096619, 33.1046247,  0.2227149,  0.0850502,  0.8882773,  0.3925914)    0    0  38.09874416  0 0.400  25.63802269
( 2.2072257,  6.6334800, 32.9744881,  0.2227150,  0.0850502,  0.8882773,  0.3925914)    0    0  37.77052495  0 0.400  25.22339832
(-5.9057945, 12.8214225, 29.7402514, -0.2578821, -0.1203391, -0.9064452, -0.3120456)    0    0  26.44742264  0 0.560  17.72427372
(-5.6968041, 12.3653670, 29.5788984, -0.2578823, -0.1203393, -0.9064452, -0.3120454)    0    0  26.91997368  1 3.440  18.11868879
(-2.5628048, 12.6816398, 24.9964653,  0.1395814,  0.5185775,  0.1211163,  0.8348205)    0    0   8.70413403  1 0.680   6.40410260
( 1.5195907, 10.3877659, 28.5021530, -0.8291070, -0.5430795, -0.0500942,  0.1230321)    0    0  37.24624980  7 0.240  24.82041791
(-6.0247637, 12.7549188, 29.4794308, -0.2578821, -0.1203390, -0.9064452, -0.3120456)    0    0  25.73259835 25 0.000  17.39650611
( 1.8907950, 10.3176910, 28.5247910, -0.8291070, -0.5430795, -0.0500942,  0.1230321)    0    0  37.55776933  5 0.400  24.82554795
( 3.1821428,  6.8035500, 33.4000135,  0.2227150,  0.0850502,  0.8882773,  0.3925914)    0    0  38.04096940 31 0.000  25.45357792
( 2.4429026,  6.9332130, 33.1148947,  0.2227149,  0.0850502,  0.8882773,  0.3925914)    0    0  38.10897734  0 0.400  25.59737588
( 1.9004035, 10.2925364, 28.3412488, -0.8291070, -0.5430795, -0.0500942,  0.1230321)    0    0  37.13755467 12 0.000  25.10256684
( 2.8829578,  6.6208195, 33.1940009,  0.2227149,  0.0850502,  0.8882773,  0.3925914)    0    0  37.74836790  0 0.400  25.51691736
( 1.8166915, 14.5324237, 32.3691741, -0.1817682, -0.8731717, -0.4333936, -0.1292343)    0    0  27.24831773  2 4.520  18.20721391
( 0.4562734, 10.9389643, 18.8603976, -0.9577188, -0.1146804, -0.2612620,  0.0369424)    0    0 -56.86777586  0 5.000 -37.91185057
( 2.8930746,  6.8791625, 33.0030457,  0.2227150,  0.0850502,  0.8882773,  0.3925914)    0    0  37.85657934  0 0.400  25.39879276
( 2.5211335,  6.5113949, 33.2079609,  0.2227149,  0.0850502,  0.8882773,  0.3925914)    0    0  38.28431857  6 0.320  25.44847674
( 2.8454436,  6.6562054, 33.0724019,  0.2227150,  0.0850502,  0.8882773,  0.3925914)    0    0  37.98760457  0 0.400  25.36630971
( 2.7351962,  6.7048366, 33.2402760,  0.2227150,  0.0850502,  0.8882773,  0.3925914)    0    0  37.98434481 26 0.000  25.26425267
( 2.2348820,  6.6841955, 33.0005885,  0.2227150,  0.0850502,  0.8882773,  0.3925914)    0    0  37.65251297  0 0.400  25.26931182
( 3.5206469,  6.5417962, 33.3999120,  0.2227149,  0.0850502,  0.8882773,  0.3925914)    0    0  38.29987194  7 0.240  25.52548453
( 2.9886572,  6.8140423, 33.2107652,  0.2227150,  0.0850502,  0.8882773,  0.3925914)    0    0  37.95114546 32 0.000  25.15727319
( 2.2527820,  6.8853705, 32.8936663,  0.2227150,  0.0850502,  0.8882773,  0.3925914)    0    0  38.05010511  0 0.400  25.21692823
(-6.3248077, 12.8553204, 29.3910693, -0.2578822, -0.1203391, -0.9064452, -0.3120455)    0    0  26.39220484 11 0.000  17.73273961
(-1.6740832, 12.5626019, 25.1105698,  0.1395814,  0.5185775,  0.1211163,  0.8348205)    0    0   8.25183746  0 0.520   5.36705730
( 1.6606350, 10.8770714, 28.1832563, -0.8291070, -0.5430795, -0.0500942,  0.1230321)    0    0  34.66743268  3 0.560  22.26605533
( 2.0451282, 14.5440400, 32.4577394, -0.1817682, -0.8731717, -0.4333936, -0.1292343)    0    0  26.93955984  2 0.600  17.89196281
( 2.6372694,  6.8006117, 33.1899573,  0.2227150,  0.0850502,  0.8882773,  0.3925914)    0    0  38.04986170 18 0.000  25.36709337
( 1.7236397, 10.5879381, 28.3099842, -0.8291070, -0.5430795, -0.0500942,  0.1230321)    0    0  37.81986462  7 0.480  25.16793903
( 3.0550096,  6.5519248, 33.1139618,  0.2227149,  0.0850502,  0.8882773,  0.3925914)    0    0  38.11172985 11 0.000  25.40180264
( 3.4672376,  6.9871741, 32.9751695,  0.2227150,  0.0850502,  0.8882773,  0.3925914)    0    0  38.01925763 23 0.000  25.29723128
(-2.3468713, 12.7185629, 25.1283807,  0.1395814,  0.5185775,  0.1211163,  0.8348205)    0    0   9.18853763  7 0.760   5.27787009
( 1.4246358, 10.8964404, 28.2491151, -0.8291070, -0.5430795, -0.0500942,  0.1230321)    0    0  37.42144982  1 0.560  24.65730331
( 1.6128761, 10.6374128, 28.5217482, -0.8291070, -0.5430795, -0.0500942,  0.1230321)    0    0  36.95207105  0 0.400  25.53063652
( 0.4279760, 10.9117246, 18.9237944, -0.9577191, -0.1146804, -0.2612621,  0.0369424)    0    0 -60.16916314  5 3.080 -40.58538565
(-6.3174619, 12.5459756, 29.5886138, -0.2578821, -0.1203391, -0.9064452, -0.3120455)    0    0  26.36841891 14 0.000  17.74105601
( 2.8594910,  6.5503399, 32.7350006,  0.2227149,  0.0850502,  0.8882773,  0.3925914)    0    0  38.23425418 13 0.000  25.80379330
( 2.1958075,  6.8132927, 33.0791750,  0.2227150,  0.0850502,  0.8882773,  0.3925914)    0    0  37.24961113  5 0.400  24.67512046
(-6.0232970, 12.7264265, 29.4823544, -0.2578823, -0.1203393, -0.9064452, -0.3120454)    0    0  27.12258695  0 3.200  18.12794781
( 1.4905880, 10.4133096, 28.6949924, -0.8291070, -0.5430795, -0.0500942,  0.1230321)    0    0  37.67005814  0 0.400  25.39542797
( 2.4515129,  6.9039355, 32.9007795,  0.2227150,  0.0850502,  0.8882773,  0.3925914)    0    0  38.25100289 14 0.000  25.60314901
(-4.1073085, 10.6142188, 34.4717316, -0.3275314,  0.7066922, -0.1900315, -0.5976599)    0    0  31.56451782  6 4.840  21.07302450
( 1.7925695, 10.1961967, 28.2372163, -0.8291070, -0.5430795, -0.0500942,  0.1230321)    0    0  37.79966166  1 0.560  25.33237142
( 2.7344167,  6.7799126, 33.0959965,  0.2227150,  0.0850502,  0.8882773,  0.3925914)    0    0  38.01756814  0 0.400  25.77221563
( 1.5869473, 10.2248584, 28.4029313, -0.8291070, -0.5430795, -0.0500942,  0.1230321)    0    0  37.49969950  7 0.240  25.06609662
(-2.3901928, 12.7019125, 25.0092747,  0.1395814,  0.5185775,  0.1211163,  0.8348205)    0    0  10.36131532  3 5.000   6.54684197
( 2.5339405,  6.8427512, 32.9588296,  0.2227149,  0.0850502,  0.8882773,  0.3925914)    0    0  38.78670422  1 5.000  26.00613435
( 2.9461649,  7.0117328, 33.2598934,  0.2227150,  0.0850502,  0.8882773,  0.3925914)    0    0  38.28193661  0 0.400  25.51029832
( 1.5741477, 10.0927747, 28.6001497, -0.8291070, -0.5430795, -0.0500942,  0.1230321)    0    0  37.19899778 16 0.000  24.20468266
( 2.7723337,  6.4159036, 33.1289264,  0.2227149,  0.0850502,  0.8882773,  0.3925914)    0    0  38.05787913  0 0.400  25.26871916
( 0.3085886, 11.0429654, 18.7335219, -0.9577191, -0.1146804, -0.2612621,  0.0369424)    0    0 -61.25905393  9 2.120 -41.44984705
(-6.5339079, 13.0780303, 29.1528743, -0.2578823, -0.1203393, -0.9064452, -0.3120454)    0    0  26.07945364  0 0.800  16.87423162
( 3.1174529,  6.7333933, 33.2071457,  0.2227150,  0.0850502,  0.8882773,  0.3925914)    0    0  38.14922709  0 0.400  25.72585868
( 3.1237540,  6.7342041, 33.1991039,  0.2227149,  0.0850502,  0.8882773,  0.3925914)    0    0  38.52542807  4 0.720  25.68777186
(-5.8256910, 12.8233253, 29.4097878, -0.2578822, -0.1203391, -0.9064452, -0.3120455)    0    0  26.47824943  0 0.400  17.91298585
( 3.0473894,  6.9631270, 32.9337832,  0.2227149,  0.0850502,  0.8882773,  0.3925914)    0    0  37.98779215  0 0.400  25.26477456
(-5.9291972, 12.5053299, 29.4650697, -0.2578820, -0.1203389, -0.9064452, -0.3120456)    0    0  26.27181759 13 0.000  17.79693151
(-7.0424248,  7.9946907, 19.1622643,  0.3340108,  0.6939974,  0.4539445, -0.4480388)    0    0 -159.97410975  0 5.000 -106.64940650
( 2.6771929,  6.8120838, 32.9996142,  0.2227149,  0.0850502,  0.8882773,  0.3925914)    0    0  38.04114795 32 0.000  25.46715727
(-6.2428504, 12.8172486, 29.3458059, -0.2578820, -0.1203389, -0.9064452, -0.3120457)    0    0  25.98475281  5 0.480  17.42068073
( 3.1768969,  6.8586710, 33.1430908,  0.2227149,  0.0850502,  0.8882773,  0.3925914)    0    0  38.15712004  1 0.640  25.24364474
( 1.7521908, 10.9767542, 28.3484154, -0.8291070, -0.5430795, -0.0500942,  0.1230321)    0    0  36.77353945  3 0.640  23.96601380
(-0.9226117, 18.6555413, 26.2355294,  0.2693810, -0.1521642,  0.3277967, -0.8926529)    0    0   8.37211087  0 5.000   5.58140725
( 2.7695746,  6.7945182, 33.1203167,  0.2227150,  0.0850502,  0.8882773,  0.3925914)    0    0  38.06189916  0 0.400  25.62914301
( 2.5114361,  6.9476376, 32.9082563,  0.2227149,  0.0850502,  0.8882773,  0.3925914)    0    0  38.19949804  0 0.400  25.44306351
(-5.8982814, 12.5917700, 29.5276799, -0.2578823, -0.1203392, -0.9064452, -0.3120455)    0    0  26.55674169  9 2.240  17.60456457
( 2.8523143,  6.8004078, 33.4898919,  0.2227150,  0.0850502,  0.8882773,  0.3925914)    0    0  37.87047080  0 0.400  24.93404487
(-5.8555500, 12.6621602, 29.5358135, -0.2578823, -0.1203392, -0.9064452, -0.3120455)    0    0  26.66991891  4 0.560  17.78942171
(-5.8759973, 13.1531987, 29.5329642, -0.2578819, -0.1203388, -0.9064452, -0.3120457)    0    0  26.19772711 18 0.000  17.77331249
