#Coordinates  RecID  LigID  Luciferin  Neighbor's number  Vision Range  Scoring
( 9.4013251, 11.4272833, 32.1163406,  0.3603391,  0.4800080,  0.7468899, -0.2861879)    0    0   5.00000000  0 0.200   0.00000000
(-0.2722927,  1.3059190, 32.7451171,  0.0648265, -0.5294277, -0.8102565,  0.2428748)    0    0   5.00000000  0 0.200   0.00000000
(-0.0032111, 15.7064575, 32.0545872, -0.0955239,  0.4991567,  0.8602286,  0.0415270)    0    0   5.00000000  0 0.200   0.00000000
(-0.6691075,  6.0663905, 30.2204965, -0.8765222, -0.2366820, -0.4190610, -0.0088574)    0    0   5.00000000  0 0.200   0.00000000
( 2.7554084, 10.1579652, 35.7085624,  0.6430359,  0.6273421,  0.4382298, -0.0300233)    0    0   5.00000000  0 0.200   0.00000000
( 4.5367374,  0.8396515, 27.4077049,  0.1814416, -0.6986987,  0.5317445, -0.4428847)    0    0   5.00000000  0 0.200   0.00000000
(-0.1100461,  4.3344849, 33.6101388, -0.4650176,  0.5899121, -0.6358912, -0.1772138)    0    0   5.00000000  0 0.200   0.00000000
( 1.2032209,  0.8773951, 35.5997863,  0.0168355, -0.9296547,  0.3354499, -0.1514335)    0    0   5.00000000  0 0.200   0.00000000
( 5.9248019,  6.2474696, 36.7613066,  0.3026512,  0.0902390, -0.7856564, -0.5319804)    0    0   5.00000000  0 0.200   0.00000000
( 5.5106727,  6.6781953, 33.5840063,  0.2445736, -0.4419140,  0.4167161, -0.7558065)    0    0   5.00000000  0 0.200   0.00000000
( 6.5355100,  1.4153730, 38.7833566, -0.7754162,  0.3774211, -0.3414960,  0.3737157)    0    0   5.00000000  0 0.200   0.00000000
( 3.6252655,  9.1222384, 35.2433780,  0.6746212, -0.2757080,  0.2573632, -0.6345357)    0    0   5.00000000  0 0.200   0.00000000
( 1.2089213, 15.1820975, 33.3493863,  0.5164572,  0.8428028,  0.1037144, -0.1104478)    0    0   5.00000000  0 0.200   0.00000000
(-0.7066232,  1.0207677, 29.0279234, -0.7222321,  0.5728507,  0.2964199,  0.2497161)    0    0   5.00000000  0 0.200   0.00000000
(-4.5421889,  7.0593649, 32.2000264, -0.1366246,  0.4520644,  0.0294102, -0.8809691)    0    0   5.00000000  0 0.200   0.00000000
( 0.7139869,  5.5674592, 28.0783852, -0.8181117,  0.4992656, -0.2191134,  0.1828018)    0    0   5.00000000  0 0.200   0.00000000
( 4.1143155, 12.0524521, 33.0531487,  0.9076496, -0.1622097,  0.3850605,  0.0398580)    0    0   5.00000000  0 0.200   0.00000000
(-4.9691585,  3.4056617, 34.1532437, -0.2342689, -0.1286321,  0.3040890, -0.9143860)    0    0   5.00000000  0 0.200   0.00000000
(-3.3505065,  3.8914261, 30.8577694, -0.6590208,  0.2383808, -0.0033700,  0.7133406)    0    0   5.00000000  0 0.200   0.00000000
( 4.5110833, 11.8132506, 42.4230704, -0.0607536,  0.3787286,  0.5887788, -0.7114866)    0    0   5.00000000  0 0.200   0.00000000
( 2.8159524, -1.1512639, 34.1751817, -0.3351497, -0.6908561,  0.2196659, -0.6017802)    0    0   5.00000000  0 0.200   0.00000000
( 4.3636861,  7.7381980, 26.8936905, -0.0066939,  0.2351599,  0.5257705, -0.8174475)    0    0   5.00000000  0 0.200   0.00000000
( 9.3006228, 10.5234964, 30.7536433, -0.2085158, -0.5813908,  0.5326376, -0.5786217)    0    0   5.00000000  0 0.200   0.00000000
(-3.3869014,  7.7349675, 34.5115539,  0.2788965,  0.5923089, -0.1289295,  0.7448249)    0    0   5.00000000  0 0.200   0.00000000
( 3.6430184,  1.6469765, 34.6699131, -0.7079528,  0.2121527, -0.6727707, -0.0342589)    0    0   5.00000000  0 0.200   0.00000000
(11.8991136,  2.9814534, 32.6191987, -0.8428221, -0.3005694, -0.1759934,  0.4102867)    0    0   5.00000000  0 0.200   0.00000000
(12.0749736,  4.2009539, 31.8189932,  0.0181831,  0.9186422,  0.3351955, -0.2083501)    0    0   5.00000000  0 0.200   0.00000000
( 9.2962216,  5.3686373, 36.0604322, -0.0731150, -0.9287699, -0.3456979, -0.1119538)    0    0   5.00000000  0 0.200   0.00000000
( 4.9421421,  4.3747109, 32.6006124,  0.5561091,  0.4056884,  0.6557634, -0.3100548)    0    0   5.00000000  0 0.200   0.00000000
( 6.5767999,  3.5917926, 32.3387429, -0.9219093,  0.0901128, -0.0579446,  0.3722975)    0    0   5.00000000  0 0.200   0.00000000
( 0.2899424,  4.6334254, 33.6454450,  0.6927701,  0.2892257, -0.3925825,  0.5313164)    0    0   5.00000000  0 0.200   0.00000000
( 6.6132320,  8.8985306, 30.4209786,  0.3322925, -0.0554028, -0.1309022,  0.9324038)    0    0   5.00000000  0 0.200   0.00000000
( 0.9921006,  3.7414971, 28.9090822, -0.0621331, -0.2890070, -0.6057685,  0.7386873)    0    0   5.00000000  0 0.200   0.00000000
( 2.4001577,  0.8608734, 34.1716181,  0.3319141, -0.2868471, -0.6483845, -0.6222132)    0    0   5.00000000  0 0.200   0.00000000
( 0.7570550,  1.1993627, 40.2582982, -0.2326051,  0.0913654, -0.8252175, -0.5065208)    0    0   5.00000000  0 0.200   0.00000000
(-5.6759569,  7.4835897, 35.7817358, -0.0582701,  0.2793733, -0.7756102,  0.5630133)    0    0   5.00000000  0 0.200   0.00000000
( 3.9918308, 15.5639979, 36.1581028,  0.2529671, -0.6773420, -0.3790424, -0.5775313)    0    0   5.00000000  0 0.200   0.00000000
( 0.2400243,  3.2797501, 33.9117541,  0.0601828, -0.4135937, -0.4857404, -0.7677073)    0    0   5.00000000  0 0.200   0.00000000
( 5.2592102,  7.7964705, 36.8802805, -0.3577689,  0.8768414,  0.2535130, -0.1971845)    0    0   5.00000000  0 0.200   0.00000000
( 4.9543688,  3.5834356, 40.8330993, -0.6835189,  0.5373398, -0.0643617,  0.4898217)    0    0   5.00000000  0 0.200   0.00000000
( 8.5997489,  5.5234500, 40.7950257,  0.0800018, -0.7518854, -0.6405425,  0.1340648)    0    0   5.00000000  0 0.200   0.00000000
( 4.6632941,  4.5414609, 40.3792862,  0.0420441,  0.7114313, -0.4534816,  0.5352123)    0    0   5.00000000  0 0.200   0.00000000
(-2.4080481, 10.4283451, 40.4598329,  0.8418943,  0.0706023, -0.0443933, -0.5331590)    0    0   5.00000000  0 0.200   0.00000000
(-1.0391491,  0.8967113, 31.2857656, -0.1971276, -0.0968972, -0.2399987, -0.9455963)    0    0   5.00000000  0 0.200   0.00000000
(10.3145725, 10.5622550, 32.8926588, -0.1816041, -0.0529708,  0.3274661,  0.9257322)    0    0   5.00000000  0 0.200   0.00000000
( 8.3909567,  6.3035483, 35.4676761, -0.5594669, -0.6953442, -0.3704145, -0.2574615)    0    0   5.00000000  0 0.200   0.00000000
(11.2382125, 13.8746971, 34.7415064, -0.4932877,  0.8196334,  0.0618494,  0.2846804)    0    0   5.00000000  0 0.200   0.00000000
( 5.9074347,  2.0630969, 37.1365187,  0.3080895,  0.7870996,  0.1132624, -0.5222324)    0    0   5.00000000  0 0.200   0.00000000
( 2.2175396, 11.6469633, 29.3532336,  0.1970854, -0.9047297,  0.3205962,  0.1995987)    0    0   5.00000000  0 0.200   0.00000000
( 4.1955695,  3.8700599, 31.8223921, -0.5268115,  0.4660584, -0.5402794,  0.4619063)    0    0   5.00000000  0 0.200   0.00000000
( 6.4353146,  4.0383458, 39.2289557, -0.0784621, -0.1089826, -0.5450273,  0.8275939)    0    0   5.00000000  0 0.200   0.00000000
(-4.2857225,  2.9742416, 37.9010170, -0.0665575,  0.2026241, -0.9659963,  0.1461665)    0    0   5.00000000  0 0.200   0.00000000
( 0.2793788,  6.3312190, 28.2784554,  0.0027327,  0.0955655,  0.9111292,  0.4008783)    0    0   5.00000000  0 0.200   0.00000000
( 0.1069617,  8.8109575, 35.0309806,  0.1772737,  0.8256311,  0.1112549, -0.5239558)    0    0   5.00000000  0 0.200   0.00000000
( 6.3490256,  9.2075893, 31.4298730, -0.7976877, -0.4345366, -0.3982489, -0.1275546)    0    0   5.00000000  0 0.200   0.00000000
( 5.7976631,  6.2161996, 25.4655551,  0.3888288,  0.6095268,  0.0696924,  0.6873371)    0    0   5.00000000  0 0.200   0.00000000
(-0.9011536,  5.9288265, 34.8829960, -0.5709870, -0.4930887,  0.6213381, -0.2116043)    0    0   5.00000000  0 0.200   0.00000000
( 2.2436897,  0.0839996, 34.3434845,  0.5093715,  0.5822665, -0.6239372, -0.1104928)    0    0   5.00000000  0 0.200   0.00000000
(-0.9306985, 10.0043063, 26.3983295, -0.9343458,  0.3385131,  0.0226759, -0.1090536)    0    0   5.00000000  0 0.200   0.00000000
( 6.9657776, 12.3051502, 35.2111516, -0.2819977, -0.2729664,  0.3630461, -0.8450824)    0    0   5.00000000  0 0.200   0.00000000
( 8.4086940,  8.5397807, 29.3511879,  0.1073752,  0.1749189,  0.2877427, -0.9354561)    0    0   5.00000000  0 0.200   0.00000000
( 5.3437921,  8.1683033, 39.9374542, -0.4887394,  0.8152651, -0.3091041, -0.0305155)    0    0   5.00000000  0 0.200   0.00000000
( 3.7863832,  4.2994027, 34.4609179, -0.1601306, -0.7499702,  0.5538529,  0.3242683)    0    0   5.00000000  0 0.200   0.00000000
( 3.2643561, 16.2577631, 32.0183257,  0.9418941,  0.1045194,  0.1690509, -0.2708006)    0    0   5.00000000  0 0.200   0.00000000
( 6.1762754,  3.8650417, 35.6744570,  0.2787203,  0.4929985,  0.0901933,  0.8192269)    0    0   5.00000000  0 0.200   0.00000000
( 8.9174090,  8.2315572, 25.8379330, -0.2072744, -0.0656633,  0.9356491,  0.2780043)    0    0   5.00000000  0 0.200   0.00000000
( 0.6981316,  5.3911014, 42.6360827,  0.4175418,  0.5013448,  0.4078862,  0.6387026)    0    0   5.00000000  0 0.200   0.00000000
( 1.5869646, 11.4707924, 30.5314491,  0.9035009,  0.1780307,  0.1416317,  0.3632240)    0    0   5.00000000  0 0.200   0.00000000
(-2.3698022,  0.3831802, 31.8473452, -0.0467675,  0.6739652, -0.4561235, -0.5792539)    0    0   5.00000000  0 0.200   0.00000000
( 8.8396816, 14.6202916, 34.7377593,  0.4757872,  0.4601465,  0.1016355, -0.7426722)    0    0   5.00000000  0 0.200   0.00000000
( 3.7401680,  5.2771192, 28.9299183, -0.3686572, -0.3166958, -0.7342172,  0.4740472)    0    0   5.00000000  0 0.200   0.00000000
( 4.6134871, -2.6631233, 34.6050162,  0.7231726,  0.6302170,  0.2810180,  0.0296116)    0    0   5.00000000  0 0.200   0.00000000
( 8.4438905,  8.7359487, 37.2802311,  0.6896334, -0.6168226, -0.1582550, -0.3448057)    0    0   5.00000000  0 0.200   0.00000000
( 0.3916237, 12.8070365, 31.3400677,  0.8787373, -0.3365183,  0.3126851,  0.1296312)    0    0   5.00000000  0 0.200   0.00000000
( 2.8246779,  4.9808833, 41.4071437, -0.0760440, -0.1450836, -0.2569277, -0.9524475)    0    0   5.00000000  0 0.200   0.00000000
( 5.9374533,  9.2172674, 36.0532238, -0.6222829, -0.7107184, -0.1534883,  0.2899736)    0    0   5.00000000  0 0.200   0.00000000
( 7.4473042,  1.3102787, 31.7692207,  0.1181801,  0.7662134, -0.5948305, -0.2124316)    0    0   5.00000000  0 0.200   0.00000000
( 0.0060411,  5.3420722, 38.5755381, -0.1431697,  0.9493784, -0.1695128, -0.2223700)    0    0   5.00000000  0 0.200   0.00000000
( 0.8425626, 11.1651749, 33.3780135, -0.7213940, -0.1668955, -0.5691701,  0.3574662)    0    0   5.00000000  0 0.200   0.00000000
( 1.1015165, 16.4833146, 34.4573203,  0.5308635,  0.2811823,  0.4260800,  0.6764439)    0    0   5.00000000  0 0.200   0.00000000
( 9.2793585,  1.3838120, 30.5527136,  0.7264043,  0.3938400, -0.5572926,  0.0815583)    0    0   5.00000000  0 0.200   0.00000000
( 7.7548192,  6.1148929, 33.4727934, -0.0870287, -0.5342922,  0.6887363,  0.4822864)    0    0   5.00000000  0 0.200   0.00000000
( 3.4134736,  7.3121345, 41.4906522, -0.3655288, -0.2095437,  0.0712951, -0.9041002)    0    0   5.00000000  0 0.200   0.00000000
( 7.0897735,  8.5108018, 32.9035013, -0.7504228,  0.2909428, -0.5438340, -0.2376185)    0    0   5.00000000  0 0.200   0.00000000
( 7.0099016,  6.8579676, 31.0798452,  0.1343685, -0.3469012,  0.3921055,  0.8413429)    0    0   5.00000000  0 0.200   0.00000000
(-4.8483121,  4.4015834, 35.3280761, -0.7328469,  0.4079691, -0.5424754,  0.0470852)    0    0   5.00000000  0 0.200   0.00000000
(-1.1401197, 12.8645725, 30.4576358, -0.0909283,  0.2834851, -0.9121237, -0.2817776)    0    0   5.00000000  0 0.200   0.00000000
( 7.4969731,  2.6050907, 42.5603860,  0.5820227,  0.3501693, -0.6392125, -0.3606084)    0    0   5.00000000  0 0.200   0.00000000
( 8.3227294,  1.0086996, 36.2725952, -0.3682184,  0.8936306, -0.0082653, -0.2564590)    0    0   5.00000000  0 0.200   0.00000000
( 2.2074307,  6.2206596, 34.4998660,  0.7471024,  0.2144872, -0.4633653,  0.4255889)    0    0   5.00000000  0 0.200   0.00000000
( 9.4504214,  1.4344946, 38.6831324, -0.2888031, -0.4933098, -0.5780528,  0.5823171)    0    0   5.00000000  0 0.200   0.00000000
( 4.4108139, -0.1149119, 41.4002506, -0.6053482,  0.3092294, -0.3245735, -0.6577103)    0    0   5.00000000  0 0.200   0.00000000
(13.1691143,  4.2738634, 36.7315500, -0.2638592, -0.3227195, -0.0663708, -0.9065458)    0    0   5.00000000  0 0.200   0.00000000
( 7.4951001,  7.3966748, 31.3643301, -0.5889091,  0.2471123, -0.3151984,  0.7019769)    0    0   5.00000000  0 0.200   0.00000000
(10.3399486, 11.4108050, 32.5194194,  0.2563360,  0.8733294, -0.0722990,  0.4078731)    0    0   5.00000000  0 0.200   0.00000000
( 7.0719304, 10.9022292, 26.2582490,  0.8868938,  0.3159003, -0.1529293, -0.3003982)    0    0   5.00000000  0 0.200   0.00000000
( 5.1859834,  5.9031114, 40.1815889, -0.4233444,  0.1923929, -0.5877458, -0.6620569)    0    0   5.00000000  0 0.200   0.00000000
( 3.3037560,  6.0165463, 43.4533887,  0.2328892,  0.6034870,  0.4696416, -0.6008351)    0    0   5.00000000  0 0.200   0.00000000
( 6.4286753, 12.8587078, 33.0195355, -0.2776822, -0.7692526, -0.0717433,  0.5709605)    0    0   5.00000000  0 0.200   0.00000000
( 1.7049246,  3.5718849, 34.4680966,  0.1278835,  0.3286604,  0.7875491, -0.5053657)    0    0   5.00000000  0 0.200   0.00000000
( 0.7542820,  8.4503084, 25.6367101, -0.5650239,  0.1036949,  0.0712139, -0.8154286)    0    0   5.00000000  0 0.200   0.00000000
(11.2280509,  8.8647175, 37.1800175, -0.5505359, -0.3020410,  0.7329366,  0.2616970)    0    0   5.00000000  0 0.200   0.00000000
( 4.8785646, 11.5079437, 37.1701740,  0.7765944, -0.3079675,  0.0801484,  0.5437218)    0    0   5.00000000  0 0.200   0.00000000
( 9.6785672, 13.1142533, 39.2688150, -0.5402433,  0.6894276,  0.4297875,  0.2193385)    0    0   5.00000000  0 0.200   0.00000000
( 5.0610377, 12.2665652, 38.4127176,  0.2975118, -0.3564209,  0.8834332, -0.0632186)    0    0   5.00000000  0 0.200   0.00000000
( 7.1067637, 14.7504524, 36.9407993,  0.0261527,  0.1766376,  0.9728748,  0.1470709)    0    0   5.00000000  0 0.200   0.00000000
(-1.7014825,  7.2619785, 36.0249119,  0.7197403,  0.0418529, -0.4430614,  0.5328402)    0    0   5.00000000  0 0.200   0.00000000
( 3.7374243, 11.8102097, 27.7011512, -0.1346640,  0.0831004, -0.9870184,  0.0274694)    0    0   5.00000000  0 0.200   0.00000000
( 1.8453363, 11.3552987, 36.2554625,  0.1821130,  0.1616461,  0.0398026,  0.9690826)    0    0   5.00000000  0 0.200   0.00000000
( 6.5600393, 11.1832540, 28.3863260, -0.9090060,  0.1906532,  0.1118967,  0.3533251)    0    0   5.00000000  0 0.200   0.00000000
(12.1679396,  7.2602631, 32.7516991, -0.6776141, -0.6415469, -0.3489334,  0.0866145)    0    0   5.00000000  0 0.200   0.00000000
( 3.7082284, 15.1487527, 34.7882413,  0.2922777,  0.1631233, -0.7884669, -0.5160277)    0    0   5.00000000  0 0.200   0.00000000
( 2.0048830, -0.2889472, 34.0164536, -0.7049707, -0.6342840,  0.3114448,  0.0608460)    0    0   5.00000000  0 0.200   0.00000000
( 2.6298839, 16.6623268, 32.8108182, -0.7045608,  0.4681558, -0.0423970, -0.5316265)    0    0   5.00000000  0 0.200   0.00000000
(11.2822085,  1.6868401, 36.4879520,  0.4991332,  0.4528206, -0.1135829, -0.7300127)    0    0   5.00000000  0 0.200   0.00000000
( 2.9286824,  4.5088400, 26.0359041,  0.2383185, -0.2817464, -0.6321351,  0.6813432)    0    0   5.00000000  0 0.200   0.00000000
( 4.5660188,  3.8701853, 29.2335147,  0.3109767,  0.0438114,  0.5988864, -0.7366880)    0    0   5.00000000  0 0.200   0.00000000
(11.6502993,  6.0513088, 30.2620879,  0.4659287,  0.1600853,  0.3454584,  0.7987125)    0    0   5.00000000  0 0.200   0.00000000
( 1.7505206, 11.0544240, 38.7583321,  0.0027709,  0.9281606,  0.3565425, -0.1067126)    0    0   5.00000000  0 0.200   0.00000000
(-2.7702694,  7.5412844, 39.6263277, -0.6413881,  0.2048206,  0.7026388, -0.2301491)    0    0   5.00000000  0 0.200   0.00000000
(-1.0236396, 15.0105216, 32.3524495, -0.6978753,  0.0567207,  0.4445786, -0.5586615)    0    0   5.00000000  0 0.200   0.00000000
( 1.1653896,  1.9605790, 32.9862931,  0.1566904,  0.9641438, -0.0414474,  0.2101354)    0    0   5.00000000  0 0.200   0.00000000
( 8.3075384, 12.7727884, 38.2441075, -0.8194343, -0.1416752, -0.5427650,  0.1177358)    0    0   5.00000000  0 0.200   0.00000000
( 6.0911904,  6.9224942, 32.1788180,  0.5986674, -0.0301799, -0.2084322,  0.7728147)    0    0   5.00000000  0 0.200   0.00000000
( 7.7311010, 13.6573927, 34.3544582,  0.2172021, -0.4908285, -0.2216548,  0.8141129)    0    0   5.00000000  0 0.200   0.00000000
( 5.5369800,  3.8946252, 25.9677244,  0.3973967, -0.4833936,  0.7408656,  0.2439769)    0    0   5.00000000  0 0.200   0.00000000
( 5.0241668,  3.4227677, 37.2055506, -0.7312087,  0.1800116, -0.6047337,  0.2592815)    0    0   5.00000000  0 0.200   0.00000000
( 5.3911684,  0.0808500, 39.3435635, -0.4705403,  0.0550467,  0.8624482,  0.1781710)    0    0   5.00000000  0 0.200   0.00000000
( 3.6232981,  8.0231178, 32.1705355, -0.5252746, -0.4697112, -0.3245782, -0.6309573)    0    0   5.00000000  0 0.200   0.00000000
( 9.9949445,  4.8160740, 37.4636699, -0.2951631, -0.4669900,  0.8236930,  0.1277846)    0    0   5.00000000  0 0.200   0.00000000
(12.7787325,  7.6534168, 39.3292946,  0.8040373,  0.3274397,  0.4623711,  0.1803338)    0    0   5.00000000  0 0.200   0.00000000
( 3.0752406, 14.2602503, 40.8309963, -0.5442354, -0.0601577, -0.4450393, -0.7086105)    0    0   5.00000000  0 0.200   0.00000000
( 6.5205964,  5.1467635, 39.1192802, -0.6940613, -0.1279677, -0.6139770,  0.3534622)    0    0   5.00000000  0 0.200   0.00000000
( 8.0145565,  4.1282595, 32.9992372,  0.9294443,  0.2890767,  0.0131197, -0.2289015)    0    0   5.00000000  0 0.200   0.00000000
( 1.7193259,  1.1843838, 34.5881729,  0.6708513,  0.0334255,  0.2789063, -0.6863327)    0    0   5.00000000  0 0.200   0.00000000
(11.5201766, 12.8140595, 32.6372827,  0.4889397, -0.5792226, -0.3783211, -0.5313306)    0    0   5.00000000  0 0.200   0.00000000
( 7.3300680, 11.5088265, 29.5811228, -0.0010779,  0.1741981, -0.7201190, -0.6716267)    0    0   5.00000000  0 0.200   0.00000000
( 2.7704944,  0.0130195, 36.5609636, -0.0911630,  0.9022991,  0.1758369,  0.3829190)    0    0   5.00000000  0 0.200   0.00000000
( 8.4707403,  2.6953439, 41.6213214, -0.4164063, -0.2296532, -0.3327925,  0.8143184)    0    0   5.00000000  0 0.200   0.00000000
( 0.2811572, -0.9759118, 36.2596561, -0.8466596, -0.2499191,  0.4365641, -0.1735505)    0    0   5.00000000  0 0.200   0.00000000
(-0.3716246,  5.1769513, 40.8130583, -0.0199655, -0.6186030,  0.0994656, -0.7791266)    0    0   5.00000000  0 0.200   0.00000000
( 5.2364016, 10.3938296, 35.9307540, -0.4587972, -0.0330990,  0.8472666, -0.2656104)    0    0   5.00000000  0 0.200   0.00000000
( 5.1981165, -2.2677550, 33.1594353,  0.4374234,  0.7220032,  0.1587571, -0.5120238)    0    0   5.00000000  0 0.200   0.00000000
( 9.3178131,  9.5271351, 38.8694481, -0.8391403,  0.3574274,  0.1169435,  0.3929548)    0    0   5.00000000  0 0.200   0.00000000
( 0.9970194,  2.1267086, 28.0192089,  0.4563849, -0.3126529,  0.3220566,  0.7682711)    0    0   5.00000000  0 0.200   0.00000000
( 5.0793492,  7.5377960, 36.6698844, -0.7455986,  0.3893236,  0.1386966, -0.5227553)    0    0   5.00000000  0 0.200   0.00000000
( 2.9443936,  8.3071755, 29.2737293, -0.0723583,  0.5243078,  0.5673684, -0.6308397)    0    0   5.00000000  0 0.200   0.00000000
( 4.9918880,  5.0220091, 37.0882271,  0.5363815,  0.5369421,  0.0356419, -0.6501675)    0    0   5.00000000  0 0.200   0.00000000
(13.4227713,  5.4218683, 35.5820388, -0.5868483,  0.6703343,  0.1929747, -0.4111226)    0    0   5.00000000  0 0.200   0.00000000
( 0.2393973, 12.3361175, 33.9501947, -0.1034562, -0.0924867,  0.6619459,  0.7365940)    0    0   5.00000000  0 0.200   0.00000000
(10.3338580, 12.2824681, 28.9310731, -0.2310251, -0.9220128,  0.0504307,  0.3065559)    0    0   5.00000000  0 0.200   0.00000000
( 5.8965863, 13.9744413, 37.0518733,  0.5098036,  0.0518931,  0.5820687, -0.6313505)    0    0   5.00000000  0 0.200   0.00000000
( 8.2760917, 12.0929442, 28.5290273,  0.6686203, -0.2739073,  0.1680264,  0.6705884)    0    0   5.00000000  0 0.200   0.00000000
( 7.1838820,  2.9762847, 30.5043116, -0.7470302, -0.4851018, -0.4170792,  0.1807402)    0    0   5.00000000  0 0.200   0.00000000
( 1.6739524,  4.3324071, 30.7101161, -0.0320896,  0.0713591, -0.1544386,  0.9848994)    0    0   5.00000000  0 0.200   0.00000000
( 7.0133043,  3.1047461, 26.1031703, -0.1772725,  0.9739399,  0.1189314, -0.0766217)    0    0   5.00000000  0 0.200   0.00000000
( 5.9625643, -1.1417378, 29.4429995, -0.3455004, -0.8901117, -0.0916621, -0.2827165)    0    0   5.00000000  0 0.200   0.00000000
(10.4476436,  0.0908422, 32.1745641,  0.4473488, -0.6853675, -0.5673482,  0.0909195)    0    0   5.00000000  0 0.200   0.00000000
( 2.9341494, 10.9310078, 41.2187536,  0.4385077,  0.6868575, -0.3393475,  0.4698734)    0    0   5.00000000  0 0.200   0.00000000
(-1.0037061,  3.0659734, 31.6265493,  0.2980247, -0.5544713,  0.4791265, -0.6117030)    0    0   5.00000000  0 0.200   0.00000000
(-2.4991470,  8.7893654, 40.7501103,  0.2305782,  0.4537086, -0.5053539,  0.6968498)    0    0   5.00000000  0 0.200   0.00000000
(-4.5015017,  7.5275082, 37.4935386, -0.5061258,  0.1221984,  0.6423112, -0.5624416)    0    0   5.00000000  0 0.200   0.00000000
( 8.1903156, 10.7365013, 42.5790295,  0.4499455,  0.7456378, -0.2996260, -0.3896121)    0    0   5.00000000  0 0.200   0.00000000
(-3.3372726,  9.4300522, 37.9224083,  0.6968202, -0.6530890, -0.0362867, -0.2942782)    0    0   5.00000000  0 0.200   0.00000000
( 0.4640208,  7.6404868, 31.1030596,  0.3438671, -0.4293128,  0.0020246, -0.8351298)    0    0   5.00000000  0 0.200   0.00000000
( 3.9865428, 12.3395574, 27.0054908,  0.8977075, -0.0213090, -0.3251548, -0.2965492)    0    0   5.00000000  0 0.200   0.00000000
(-0.6176994,  8.6333572, 30.1536235, -0.2973020,  0.1271899,  0.2670812,  0.9078006)    0    0   5.00000000  0 0.200   0.00000000
( 5.2716653, 12.6149540, 40.3428416,  0.4512276,  0.2715560, -0.1361531, -0.8391146)    0    0   5.00000000  0 0.200   0.00000000
(10.2771398, 13.6750353, 37.4222741, -0.4444165,  0.4164582,  0.7861958,  0.1046549)    0    0   5.00000000  0 0.200   0.00000000
( 2.2394656,  2.1288796, 38.3444338,  0.0848314,  0.6541252,  0.0962328, -0.7454282)    0    0   5.00000000  0 0.200   0.00000000
( 0.5212432,  2.7214388, 28.3703213, -0.1887338,  0.0657995,  0.9784912, -0.0510394)    0    0   5.00000000  0 0.200   0.00000000
(10.9605131,  2.5861319, 31.5718789, -0.4411043, -0.2817332,  0.5251621,  0.6710128)    0    0   5.00000000  0 0.200   0.00000000
( 3.1413351, -1.7725158, 30.7328803, -0.2042519,  0.9565498, -0.0474674, -0.2025846)    0    0   5.00000000  0 0.200   0.00000000
(-1.5241556, 10.2760324, 35.4669711, -0.0727732,  0.1918274,  0.8870660, -0.4135458)    0    0   5.00000000  0 0.200   0.00000000
( 1.6393380,  4.4461982, 34.2901310,  0.0449251,  0.6873263,  0.3892557, -0.6115916)    0    0   5.00000000  0 0.200   0.00000000
(-3.2430564, 10.1838561, 30.0219225,  0.5677962, -0.0106253,  0.0854879, -0.8186491)    0    0   5.00000000  0 0.200   0.00000000
( 2.5422117, 11.6268232, 32.0321500,  0.8736104, -0.2599373,  0.3057597,  0.2752243)    0    0   5.00000000  0 0.200   0.00000000
( 6.8128058, 11.0448938, 35.0097915,  0.2261043, -0.3849261, -0.4882387, -0.7498878)    0    0   5.00000000  0 0.200   0.00000000
( 8.4096359,  6.6216986, 42.3886029,  0.1655250, -0.9627155, -0.1944672, -0.0892350)    0    0   5.00000000  0 0.200   0.00000000
( 8.0198348,  3.2796909, 38.7532989,  0.7573128,  0.2187396, -0.5481574, -0.2795600)    0    0   5.00000000  0 0.200   0.00000000
( 5.4131589,  6.2997916, 41.8352029, -0.6960295, -0.0433381, -0.6123893, -0.3723493)    0    0   5.00000000  0 0.200   0.00000000
(-0.0657397,  7.7611904, 42.7066363, -0.2121644,  0.3157077,  0.7381537,  0.5571750)    0    0   5.00000000  0 0.200   0.00000000
( 3.1905883,  5.9989592, 27.8865832, -0.2457930,  0.2635338,  0.5176862, -0.7759747)    0    0   5.00000000  0 0.200   0.00000000
( 6.8065877,  8.4865250, 28.3779196,  0.6418902,  0.4861082,  0.0694969,  0.5889363)    0    0   5.00000000  0 0.200   0.00000000
( 3.9294306,  5.1307170, 30.0928214, -0.2482732, -0.4773530, -0.7452873,  0.3937530)    0    0   5.00000000  0 0.200   0.00000000
( 0.3971869,  3.9996159, 40.6451818, -0.1036262,  0.3369920, -0.4954761,  0.7938522)    0    0   5.00000000  0 0.200   0.00000000
( 9.6807333, 11.1707835, 36.9432229,  0.2995697,  0.3400946,  0.7588575, -0.4676846)    0    0   5.00000000  0 0.200   0.00000000
(-3.5262123, 10.6203429, 33.8534843,  0.6963548, -0.4708605, -0.1201547,  0.5281507)    0    0   5.00000000  0 0.200   0.00000000
( 7.2081602, 12.6921070, 32.5769093, -0.7396257,  0.5026104, -0.4417075,  0.0723263)    0    0   5.00000000  0 0.200   0.00000000
( 7.7580999, 10.6587926, 35.5721533, -0.3795299, -0.3761220, -0.6437389,  0.5478042)    0    0   5.00000000  0 0.200   0.00000000
( 4.1181004, -0.1509162, 37.9735383,  0.2092993,  0.4787714,  0.1577596, -0.8379043)    0    0   5.00000000  0 0.200   0.00000000
(-2.4939945, 13.2648666, 30.3499432,  0.0915040,  0.4338370, -0.6192549,  0.6480246)    0    0   5.00000000  0 0.200   0.00000000
(-1.2033412,  8.3412490, 31.2189119,  0.4845371,  0.6364938,  0.4144076,  0.4340112)    0    0   5.00000000  0 0.200   0.00000000
( 3.2055321, -1.6991490, 36.9288077,  0.0989921,  0.3487273,  0.8095154,  0.4618167)    0    0   5.00000000  0 0.200   0.00000000
( 3.7066838, 11.1202344, 31.9370951, -0.5962732,  0.1725488,  0.6363763,  0.4579415)    0    0   5.00000000  0 0.200   0.00000000
( 2.4867954,  8.1954311, 28.7909735,  0.9382405, -0.2179206, -0.1252562,  0.2377523)    0    0   5.00000000  0 0.200   0.00000000
( 3.6444737,  3.1841912, 34.5209848, -0.5520507,  0.5248703,  0.5111295, -0.3981178)    0    0   5.00000000  0 0.200   0.00000000
(10.2862315,  2.7258748, 28.3910405, -0.1579076,  0.4319652,  0.5386541,  0.7059200)    0    0   5.00000000  0 0.200   0.00000000
(-0.7442128, 10.7142300, 32.6461392,  0.7939152, -0.5594103, -0.1020008,  0.2153013)    0    0   5.00000000  0 0.200   0.00000000
( 3.3198612,  2.6937511, 38.9651948, -0.8459968,  0.2097025,  0.3402167,  0.3529402)    0    0   5.00000000  0 0.200   0.00000000
