#Coordinates  RecID  LigID  Luciferin  Neighbor's number  Vision Range  Scoring
( 7.7028451, 13.7464371, 31.5136069,  0.2238857, -0.4864305, -0.2285245,  0.8130419)    0    0  24.53254753  5 0.480  16.64946340
( 2.5819351,  5.5138180, 38.6855652, -0.7019333, -0.0493292, -0.6316451, -0.3253932)    0    0  28.23085172 14 0.000  18.82632434
( 1.1609692, 15.4766228, 33.6753454,  0.6051279,  0.6603559,  0.3073986,  0.3213353)    0    0  26.52340912  1 5.000  17.72782429
( 0.8104689, 10.7179199, 31.3619022, -0.9367896, -0.0845044, -0.3103021, -0.1378288)    0    0  18.69910746  0 0.800  15.00269253
(-4.1892477,  8.9282499, 31.9007775,  0.6110393, -0.5083165, -0.1623164,  0.5847210)    0    0  31.92922958  4 0.560  21.43399386
( 3.6074804,  8.8076493, 30.3685691, -0.1587369, -0.0233187, -0.9450996, -0.2846850)    0    0  37.90445210  0 0.400  25.38887393
( 3.5250492,  8.8080829, 30.1958471, -0.1599806, -0.0233410, -0.9447755, -0.2850625)    0    0  38.40316641  6 2.880  25.59105262
( 2.6095367,  5.1330219, 38.8714899, -0.7019347, -0.0493264, -0.6316439, -0.3253929)    0    0  28.24994204  8 0.080  18.72789879
( 2.2748350,  4.9834852, 38.9048788, -0.7019344, -0.0493264, -0.6316442, -0.3253930)    0    0  28.11682768  0 0.400  18.67777917
( 3.9028162,  8.8253113, 30.4095224, -0.1587802, -0.0233189, -0.9450888, -0.2846965)    0    0  37.86211005  0 0.400  25.43444333
( 2.9252300,  5.2208199, 38.8778300, -0.7019346, -0.0493264, -0.6316440, -0.3253929)    0    0  28.37751200 11 0.000  19.02168959
( 1.9861422, 10.6319166, 31.2537702, -0.9767939, -0.0865518, -0.1693002, -0.0985854)    0    0  33.00116191  0 0.480  22.50758070
( 0.9437379, 15.6894346, 33.7989682,  0.6051279,  0.6603559,  0.3073986,  0.3213353)    0    0  26.43627677  4 5.000  17.60211818
( 3.5678737,  8.8538509, 30.4075988, -0.1595741, -0.0233335, -0.9448819, -0.2849385)    0    0  37.82972175 13 0.000  25.12093464
(-4.3310586,  9.7010265, 32.0610744,  0.6107508, -0.5084945, -0.1624390,  0.5848336)    0    0  32.09900259  4 0.680  21.48597550
( 1.7011826, 10.6391542, 31.2557378, -0.9769625, -0.0865577, -0.1684622, -0.0983493)    0    0  33.74398806  5 0.760  22.66168129
( 2.0031168, 10.2918964, 31.0784988, -0.6927543, -0.0670050, -0.6789819, -0.2336352)    0    0  33.80718624  6 2.560  22.61228548
(-3.5137264,  3.2296681, 37.3997352,  0.6541166,  0.1146739,  0.7051436,  0.2485032)    0    0  21.86255068  0 5.000  14.57503630
(-3.5589414,  3.2892064, 37.3145121,  0.6541166,  0.1146739,  0.7051436,  0.2485032)    0    0  21.22734018  2 5.000  14.11665831
( 2.9948585, 11.5673893, 37.4827587,  0.2398720, -0.4840161, -0.2175929,  0.8129226)    0    0  21.69445240  2 5.000  14.46180751
( 3.7626124,  8.6937504, 30.3584808, -0.1599003, -0.0233395, -0.9447965, -0.2850380)    0    0  38.26988721  0 0.400  25.77137740
( 3.6169965,  9.2152255, 30.4556086, -0.1599090, -0.0233396, -0.9447943, -0.2850407)    0    0  38.15736244  5 0.160  25.84310917
( 8.1811910, 13.4353798, 32.2163932,  0.2238857, -0.4864306, -0.2285245,  0.8130418)    0    0  24.10128782 13 0.080  16.11445350
(-4.5528151, 10.3678936, 31.7916025,  0.6107492, -0.5084956, -0.1624397,  0.5848342)    0    0  32.57514947  1 1.640  21.82508822
( 3.8269938,  8.4369517, 30.6373006, -0.1589790, -0.0233219, -0.9450376, -0.2847553)    0    0  38.04734025 22 0.000  25.41320102
( 3.1908309,  8.7806829, 30.4486366, -0.1590127, -0.0233233, -0.9450276, -0.2847685)    0    0  37.53013419  0 0.400  24.84713154
( 3.4093137,  8.8436177, 30.3284079, -0.1590806, -0.0233246, -0.9450101, -0.2847894)    0    0  38.00143035  0 0.400  25.32151977
( 2.5007790,  5.4194961, 38.6198435, -0.7019325, -0.0493263, -0.6316460, -0.3253936)    0    0  28.06245535 22 0.000  18.64662008
( 3.2713562,  8.8267082, 30.4403065, -0.1595137, -0.0233325, -0.9448974, -0.2849208)    0    0  37.99073704 29 0.000  25.34772788
( 3.9589834,  8.7246249, 30.2898997, -0.1599806, -0.0233410, -0.9447755, -0.2850625)    0    0  38.72678446  1 5.000  25.89087516
( 3.4653922,  8.9726342, 29.9558934, -0.1594451, -0.0233313, -0.9449153, -0.2848995)    0    0  38.00406951  0 0.400  25.24719548
( 3.9549672,  8.7631906, 30.2408147, -0.1593314, -0.0233290, -0.9449452, -0.2848646)    0    0  38.08317546 18 0.000  25.42069695
( 1.6659897, 10.4210258, 31.0480369, -0.9769345, -0.0865565, -0.1686014, -0.0983891)    0    0  31.89962959  0 0.480  20.67820457
( 3.6132807,  8.6728345, 30.3796569, -0.1596804, -0.0233354, -0.9448540, -0.2849711)    0    0  38.36239657  4 0.480  25.68676205
( 2.6086481,  5.3516694, 38.9362591, -0.7019318, -0.0493264, -0.6316467, -0.3253939)    0    0  28.02183492  0 0.400  19.13201753
(-4.3597420,  9.8722439, 32.0919976,  0.6107492, -0.5084956, -0.1624397,  0.5848342)    0    0  32.34618729  3 0.440  21.81515595
( 8.0971347, 13.4813286, 31.7787187,  0.2238857, -0.4864306, -0.2285246,  0.8130418)    0    0  23.84003389 23 0.240  15.10830373
( 3.1781878,  8.9398946, 30.4411218, -0.1590947, -0.0233244, -0.9450068, -0.2847918)    0    0  37.96001683  0 0.560  25.02643877
( 2.7774787,  5.3678319, 38.9897221, -0.7019341, -0.0493265, -0.6316444, -0.3253932)    0    0  28.09647232 19 0.000  18.71863868
( 2.7354120,  5.5148922, 39.0278775, -0.7019328, -0.0493264, -0.6316458, -0.3253935)    0    0  28.00266620 11 0.000  18.57356157
( 8.1365729,  5.3294156, 40.5920730,  0.1586263, -0.9577920, -0.2353465, -0.0456541)    0    0  19.07280149  0 5.000  12.71520376
( 2.6332736,  5.3331632, 38.8438625, -0.7019339, -0.0493264, -0.6316446, -0.3253931)    0    0  28.32764543  0 0.400  19.30062377
(-4.3318441,  9.7484839, 32.0566214,  0.6107778, -0.5084779, -0.1624276,  0.5848230)    0    0  32.18961065  7 0.720  21.49222751
( 3.3662117,  9.0162931, 30.4385371, -0.1593485, -0.0233293, -0.9449406, -0.2848696)    0    0  37.88549394  0 0.560  24.96058773
( 7.8567818, 13.6343363, 31.6563758,  0.2238856, -0.4864305, -0.2285245,  0.8130419)    0    0  24.42251519  7 0.600  16.37457094
( 3.8775523,  8.9400181, 30.5119342, -0.1592011, -0.0233270, -0.9449789, -0.2848257)    0    0  37.83500042  0 0.400  25.21551601
( 7.7986118, 13.6813301, 31.5769281,  0.2238856, -0.4864304, -0.2285244,  0.8130420)    0    0  25.58412951  0 1.680  17.31477730
( 2.3579198,  5.4912331, 39.1903647, -0.7019330, -0.0493263, -0.6316455, -0.3253935)    0    0  28.21676112 24 0.000  18.85280667
( 3.7606183,  8.9728049, 30.2840394, -0.1590428, -0.0233241, -0.9450199, -0.2847784)    0    0  38.01495276  0 0.400  25.53903076
( 3.4588150,  8.8079944, 30.1781334, -0.1591995, -0.0233263, -0.9449800, -0.2848230)    0    0  38.08040449  0 0.400  25.44827783
( 2.9116751,  5.3585580, 39.0377541, -0.7019338, -0.0493278, -0.6316447, -0.3253931)    0    0  27.99618304  2 0.680  18.46461052
(-3.5970299,  3.3393171, 37.2428482,  0.6541166,  0.1146739,  0.7051436,  0.2485032)    0    0  21.08322588  3 5.000  14.09606242
( 1.8169644, 10.6518008, 31.2185624, -0.9768780, -0.0865547, -0.1688831, -0.0984683)    0    0  32.91586017  9 0.400  22.28793424
(-4.4733812, 10.0598304, 31.8454021,  0.6107501, -0.5084950, -0.1624393,  0.5848338)    0    0  32.53146027  5 1.320  21.71945002
( 3.8417276,  8.7969082, 30.7490358, -0.1592129, -0.0233268, -0.9449760, -0.2848284)    0    0  37.95028499 32 0.000  25.43929507
( 7.2754693, 11.2293820, 25.5032107,  0.8865756,  0.3158358, -0.1541947, -0.3007580)    0    0  18.92488244  1 5.000  11.35245557
( 3.5808810,  8.5457249, 30.6503051, -0.1590579, -0.0233234, -0.9450172, -0.2847785)    0    0  38.01734231  0 0.400  25.43920267
( 3.7773404,  8.6317077, 30.4703404, -0.1591587, -0.0233255, -0.9449902, -0.2848116)    0    0  37.74113039  0 0.400  25.15113163
( 2.1217509, 10.2380941, 31.7613201, -0.9768919, -0.0865549, -0.1688137, -0.0984489)    0    0  33.42274606  6 0.320  22.60749756
( 8.0676584, 13.3153439, 32.1608450,  0.2238855, -0.4864304, -0.2285244,  0.8130421)    0    0  24.07380345  4 0.560  15.94079701
( 3.9791186,  8.7098334, 30.2072141, -0.1591192, -0.0233249, -0.9450007, -0.2847993)    0    0  38.22326652  9 0.080  25.60138877
( 8.0925019,  5.5490837, 40.7414109,  0.1586263, -0.9577920, -0.2353465, -0.0456541)    0    0  19.00761350  1 5.000  12.92290451
( 3.0223613,  5.5627624, 38.8315112, -0.7019339, -0.0493264, -0.6316447, -0.3253931)    0    0  28.32253903 18 0.000  18.97991956
( 0.7493367, 15.7648227, 33.8969924,  0.6051279,  0.6603559,  0.3073986,  0.3213353)    0    0  26.50399699  3 5.000  17.66111166
( 2.3665115,  5.3157918, 38.5706836, -0.7019348, -0.0493266, -0.6316438, -0.3253929)    0    0  28.29301254  0 0.480  18.87526371
( 3.5670071,  8.6670090, 30.3585800, -0.1590805, -0.0233245, -0.9450105, -0.2847885)    0    0  37.66927158 16 0.000  25.07933067
(-4.4340829, 10.0563334, 31.9966001,  0.6107522, -0.5084937, -0.1624384,  0.5848330)    0    0  32.27063435 11 1.240  21.05654519
( 1.6197738, 10.5575579, 31.4120377, -0.9769632, -0.0865579, -0.1684588, -0.0983482)    0    0  32.02626073  8 0.160  20.34662645
( 4.1126165,  8.7103154, 30.3423733, -0.1594932, -0.0233322, -0.9449026, -0.2849147)    0    0  38.30177089  0 0.400  25.75510695
( 8.3227256, 13.3372789, 32.1998395,  0.2238855, -0.4864304, -0.2285244,  0.8130421)    0    0  24.21823255  0 0.480  16.25087269
( 3.8439347,  8.6252359, 30.1703169, -0.1596981, -0.0233358, -0.9448494, -0.2849764)    0    0  38.20072678  8 0.160  25.62927127
( 3.5022034,  8.7877363, 30.3292131, -0.1599878, -0.0233411, -0.9447731, -0.2850645)    0    0  38.78395931  0 3.920  25.86070552
( 2.7514922,  5.3611335, 39.0342456, -0.7019340, -0.0493266, -0.6316445, -0.3253932)    0    0  27.80866149 20 0.000  18.38665068
(-4.3833984,  9.6688300, 31.8452485,  0.6107521, -0.5084938, -0.1624384,  0.5848331)    0    0  32.53217222  4 0.880  21.69930905
( 2.5358584,  5.3675988, 38.7354770, -0.7019350, -0.0493265, -0.6316436, -0.3253928)    0    0  28.40683072 12 1.040  18.82157030
( 1.7881284, 10.5645706, 31.3279475, -0.9769623, -0.0865579, -0.1684633, -0.0983494)    0    0  32.27717551  9 0.360  20.15594749
( 3.9119406,  8.7063282, 30.4058570, -0.1594885, -0.0233318, -0.9449042, -0.2849118)    0    0  37.83533621 40 0.000  25.63427720
(-4.4241101,  9.9953479, 32.0233691,  0.6107522, -0.5084937, -0.1624384,  0.5848330)    0    0  32.24619304 12 2.520  21.26250853
( 1.6894882, 10.6540293, 31.2389557, -0.9769625, -0.0865579, -0.1684623, -0.0983491)    0    0  33.78666366  3 1.720  22.74582717
( 0.8551829, 15.7384134, 33.8452259,  0.6051279,  0.6603559,  0.3073986,  0.3213353)    0    0  26.37570673  5 4.760  17.52845873
( 4.0046022,  8.6002597, 30.2579069, -0.1592941, -0.0233281, -0.9449553, -0.2848518)    0    0  37.59209968  9 0.080  24.88917664
( 3.3812080,  8.8510114, 30.1854487, -0.1597122, -0.0233361, -0.9448456, -0.2849811)    0    0  38.04940339 21 0.000  25.51335437
( 2.5398843,  5.3936108, 38.7031875, -0.7019349, -0.0493264, -0.6316437, -0.3253928)    0    0  28.50884005  6 1.280  18.91183664
( 3.9713891,  9.0368688, 30.5282106, -0.1591099, -0.0233246, -0.9450034, -0.2847951)    0    0  38.02888164  1 0.640  25.07272519
( 3.6174046,  8.7072410, 30.5221944, -0.1591785, -0.0233256, -0.9449858, -0.2848157)    0    0  38.29872678  0 0.400  25.75532394
(-3.3594507,  3.0265208, 37.6905202,  0.6541166,  0.1146739,  0.7051436,  0.2485032)    0    0  21.26342959  1 5.000  14.20950655
( 1.2977779, 10.5736158, 31.4096188, -0.9768785, -0.0865547, -0.1688803, -0.0984676)    0    0  32.15956108  5 0.400  20.19144200
( 2.2507764,  5.5086605, 39.0014384, -0.7019326, -0.0493263, -0.6316458, -0.3253937)    0    0  28.36357447  0 0.400  18.88200618
( 2.3963891,  5.4354295, 38.9899915, -0.7019345, -0.0493264, -0.6316441, -0.3253930)    0    0  28.51966164  4 0.400  19.07044649
( 2.4574023,  5.6167789, 38.7243439, -0.7019352, -0.0493266, -0.6316434, -0.3253928)    0    0  28.24610376  0 0.400  18.87269526
( 2.4309760,  5.3016814, 39.1918247, -0.7019331, -0.0493264, -0.6316455, -0.3253934)    0    0  28.37500739 12 0.000  19.04998378
( 2.7503245,  5.1889034, 39.0650085, -0.7019351, -0.0493265, -0.6316436, -0.3253927)    0    0  28.52928823  4 1.040  19.01100271
( 9.7260989,  7.9381604, 37.5533979, -0.8221371,  0.3357725,  0.0764901, -0.4533173)    0    0  15.59359348  0 5.000  10.44739086
( 4.0618922,  8.7024118, 30.1249125, -0.1592683, -0.0233279, -0.9449616, -0.2848456)    0    0  38.12637052 18 0.000  25.57418701
( 7.8628468, 13.7679052, 31.6228974,  0.2238855, -0.4864303, -0.2285244,  0.8130421)    0    0  24.24522095 10 0.080  16.19608462
( 7.3120468, 11.2881740, 25.3675241,  0.8865756,  0.3158358, -0.1541947, -0.3007579)    0    0  22.63208142  0 5.000  15.08805611
( 2.6535742,  5.4122240, 38.7424582, -0.7019339, -0.0493264, -0.6316447, -0.3253931)    0    0  28.34032348  0 0.400  19.02554009
(-4.4910794, 10.1438064, 31.8433449,  0.6107489, -0.5084958, -0.1624398,  0.5848343)    0    0  32.41006476  7 0.520  21.55570951
( 8.0769194, 13.3775815, 31.8950485,  0.2238855, -0.4864303, -0.2285244,  0.8130421)    0    0  23.93154893 10 0.080  16.40638318
( 2.4367383,  5.3916409, 38.5497486, -0.7019345, -0.0493264, -0.6316442, -0.3253929)    0    0  28.40911120  9 0.160  18.85986746
( 3.9389637,  8.7714155, 30.2657940, -0.1588593, -0.0233200, -0.9450688, -0.2847187)    0    0  38.14916826 18 0.000  25.53518726
( 9.6959979,  7.9391830, 37.5374494, -0.8221371,  0.3357725,  0.0764901, -0.4533173)    0    0  15.56252086  1 5.000  10.37501391
( 1.0181425, 10.8378300, 31.2149996, -0.9595934, -0.0857787, -0.2403717, -0.1185076)    0    0  20.16927930  7 1.040  14.36165395
( 7.7419544, 13.6893829, 31.4939277,  0.2238856, -0.4864304, -0.2285244,  0.8130420)    0    0  24.60110313  4 0.800  16.63609879
( 3.3631659, 11.8043418, 37.2710162,  0.2398720, -0.4840161, -0.2175929,  0.8129226)    0    0  21.71261929  1 5.000  14.47980806
( 8.0015719, 13.7654269, 32.1432392,  0.2238855, -0.4864303, -0.2285244,  0.8130421)    0    0  24.32593265  5 0.480  16.18541710
(-4.3318820,  9.6852026, 32.0905969,  0.6107490, -0.5084957, -0.1624398,  0.5848342)    0    0  32.54319279  3 1.240  21.71748172
( 3.4419401,  8.8317936, 30.3629076, -0.1590194, -0.0233231, -0.9450269, -0.2847682)    0    0  38.06507704 20 0.000  25.42907011
(-4.5823607, 10.3838434, 31.6821771,  0.6107545, -0.5084923, -0.1624375,  0.5848321)    0    0  32.41686770  6 0.720  21.82804027
( 3.6840775,  8.8328434, 30.2512495, -0.1593944, -0.0233298, -0.9449290, -0.2848824)    0    0  37.96055600  0 0.400  25.34862518
(11.6528755,  6.1897234, 30.5292969,  0.4669645,  0.1603912,  0.3455602,  0.7980008)    0    0 -10.63390944  0 5.000  -7.08927296
( 8.1358479, 13.1280748, 31.6785669,  0.2238854, -0.4864302, -0.2285243,  0.8130422)    0    0  23.87169523  1 0.720  15.78829378
( 3.4668039,  8.8810385, 30.6396653, -0.1593317, -0.0233287, -0.9449455, -0.2848633)    0    0  38.03931976  0 0.480  25.29229524
( 0.5532155, 16.1604221, 34.0308906,  0.6051279,  0.6603559,  0.3073986,  0.3213353)    0    0  26.19492526  6 4.120  17.60027063
( 2.8883490,  5.4865985, 38.8831840, -0.7019339, -0.0493266, -0.6316447, -0.3253933)    0    0  28.27179443  0 0.400  18.88785595
( 3.4217549,  9.1264452, 30.3713102, -0.1594852, -0.0233317, -0.9449051, -0.2849109)    0    0  38.02979900 22 0.000  25.48581818
( 3.3553948,  9.2063176, 30.3666578, -0.1593782, -0.0233298, -0.9449330, -0.2848788)    0    0  38.17680946 10 0.000  25.57253658
(11.6502993,  6.0513088, 30.2620879,  0.4669649,  0.1603914,  0.3455605,  0.7980015)    0    0 -13.04620941  1 5.000  -8.09788276
( 7.7173636, 13.6907599, 31.4602208,  0.2238856, -0.4864305, -0.2285245,  0.8130419)    0    0  24.63812939  2 1.200  16.66344631
(-4.1615849,  9.4850938, 32.1396701,  0.6331767, -0.4942761, -0.1527516,  0.5757129)    0    0  20.24454905  5 0.840  20.22456245
( 0.7720633, 15.7495347, 33.8848234,  0.6051279,  0.6603559,  0.3073986,  0.3213353)    0    0  26.52025036  2 5.000  17.68183798
( 3.5990228,  8.8312041, 30.2416574, -0.1598181, -0.0233378, -0.9448182, -0.2850123)    0    0  38.24865174  4 0.560  25.42689533
( 8.2927486, 13.3701616, 32.0861230,  0.2238856, -0.4864305, -0.2285245,  0.8130419)    0    0  24.20660634 11 0.000  16.45843984
( 3.2100986,  8.9665096, 30.1683041, -0.1596318, -0.0233343, -0.9448669, -0.2849555)    0    0  37.82617498  0 0.400  24.98447057
( 8.5979416, 13.4495231, 32.2624733,  0.2238854, -0.4864302, -0.2285243,  0.8130422)    0    0  23.98432029  3 0.560  15.97217702
( 3.4682005,  8.7917057, 30.3400425, -0.1598410, -0.0233385, -0.9448119, -0.2850204)    0    0  38.15554471 20 0.000  25.42827809
( 2.8575884,  5.2163543, 38.5762091, -0.7019334, -0.0493263, -0.6316452, -0.3253934)    0    0  28.37145615 13 0.000  18.97847533
( 2.3765054,  5.2671906, 38.9563303, -0.7019354, -0.0493266, -0.6316433, -0.3253927)    0    0  28.57496669  3 0.720  19.11988237
( 3.3086919,  8.8254681, 30.3073870, -0.1595844, -0.0233335, -0.9448792, -0.2849411)    0    0  38.26794054 10 0.000  25.64083962
( 2.6909633,  5.2442079, 39.1096808, -0.7019315, -0.0493263, -0.6316469, -0.3253940)    0    0  28.11397043 21 0.000  18.77407719
( 9.9389264,  7.9202038, 37.6505397, -0.8221371,  0.3357725,  0.0764901, -0.4533173)    0    0  15.52929961  3 5.000  10.34808452
( 8.2787290, 13.4430356, 31.7715686,  0.2238855, -0.4864303, -0.2285244,  0.8130421)    0    0  24.40146073  5 0.480  16.35853331
( 2.7560212,  5.4123998, 38.9587704, -0.7019335, -0.0493278, -0.6316450, -0.3253932)    0    0  27.66726255 26 0.000  18.14536517
( 3.5396341,  8.8889156, 30.5139391, -0.1591100, -0.0233250, -0.9450029, -0.2847974)    0    0  38.19600302 14 0.000  25.60771501
( 2.4986066,  5.4839169, 38.9729780, -0.7019324, -0.0493263, -0.6316461, -0.3253936)    0    0  28.39768819  0 0.400  19.11680206
( 8.3732739, 13.1219933, 31.9564867,  0.2238857, -0.4864306, -0.2285245,  0.8130418)    0    0  23.84896215  4 0.320  15.88500581
( 7.7680531, 13.6588854, 31.3938143,  0.2238855, -0.4864303, -0.2285244,  0.8130421)    0    0  24.68469337  1 0.960  16.59854378
( 2.4270456,  4.9893174, 38.8756885, -0.7019352, -0.0493265, -0.6316435, -0.3253927)    0    0  28.58027854  2 3.600  19.18517298
( 2.8103857,  5.2651411, 38.6108338, -0.7019334, -0.0493264, -0.6316452, -0.3253933)    0    0  28.58341557  1 0.720  19.24276294
( 2.6741907,  5.3288888, 38.8337886, -0.7019344, -0.0493264, -0.6316442, -0.3253930)    0    0  28.50091514  3 0.640  19.03637864
(-4.3324532,  9.9697113, 32.1466875,  0.6107490, -0.5084957, -0.1624398,  0.5848342)    0    0  32.33408577  4 0.360  21.78969747
( 3.4016081,  8.8013916, 30.3380407, -0.1599591, -0.0233406, -0.9447811, -0.2850560)    0    0  38.43714760  4 1.760  25.63295279
( 3.3654756,  8.8114398, 30.3299056, -0.1595743, -0.0233335, -0.9448817, -0.2849385)    0    0  38.43233412  5 1.120  25.66533680
( 3.9736675,  8.3365958, 30.2701859, -0.1596701, -0.0233351, -0.9448569, -0.2849674)    0    0  38.04267772 10 0.000  25.40522900
( 3.6387268,  8.7750726, 30.2909977, -0.1595810, -0.0233337, -0.9448800, -0.2849408)    0    0  38.12344359  0 0.400  25.66381199
( 2.8421477,  5.3271303, 38.7056842, -0.7019313, -0.0493262, -0.6316471, -0.3253941)    0    0  28.06601691  0 0.400  18.93717920
( 3.5369786,  8.7827259, 30.3262919, -0.1599371, -0.0233402, -0.9447869, -0.2850493)    0    0  38.46875751  2 0.800  25.71994690
( 2.4668123,  5.5755490, 38.5965245, -0.7019344, -0.0493265, -0.6316442, -0.3253930)    0    0  28.42276817  8 0.240  19.08304583
( 9.5160476,  7.9114597, 37.3928307, -0.8221371,  0.3357725,  0.0764901, -0.4533173)    0    0  15.55793199  2 5.000  10.38133933
( 1.8444421, 10.4817096, 31.4332503, -0.9769627, -0.0865580, -0.1684609, -0.0983486)    0    0  33.75509896  4 2.120  22.64474889
( 8.1429100, 13.7476743, 31.7104693,  0.2238857, -0.4864306, -0.2285245,  0.8130418)    0    0  24.46883482  6 0.720  16.43487498
( 7.6303343, 13.6238447, 32.0194418,  0.2238858, -0.4864307, -0.2285246,  0.8130417)    0    0  24.38049132 10 2.720  16.46848792
( 7.8593481, 13.6485874, 31.6097685,  0.2238854, -0.4864302, -0.2285243,  0.8130422)    0    0  24.62271660  3 0.880  16.66090137
( 3.6568243,  8.7578091, 30.2325045, -0.1587361, -0.0233179, -0.9451004, -0.2846828)    0    0  37.50560795 24 0.000  25.56841480
( 3.8759912,  8.7035261, 30.2624189, -0.1592315, -0.0233269, -0.9449715, -0.2848327)    0    0  37.91920922  5 0.400  25.26847282
( 3.3646690,  8.7787751, 30.3200079, -0.1595291, -0.0233329, -0.9448932, -0.2849257)    0    0  38.10485231  0 0.400  25.44405465
( 3.9156731,  8.6471109, 30.2039763, -0.1590574, -0.0233239, -0.9450166, -0.2847808)    0    0  37.97179641  3 0.560  25.57794484
( 4.0599224,  8.8395743, 30.0696583, -0.1592390, -0.0233273, -0.9449691, -0.2848361)    0    0  37.77255067 18 0.000  25.22660427
( 3.1559688, 11.6710405, 37.3901352,  0.2398720, -0.4840161, -0.2175929,  0.8129226)    0    0  21.82405261  0 5.000  14.54936842
( 3.8429742,  8.8638449, 30.5796291, -0.1587942, -0.0233183, -0.9450860, -0.2846982)    0    0  37.96474319 31 0.000  25.31796558
(-4.4538402, 10.0504607, 31.9036650,  0.6107488, -0.5084958, -0.1624399,  0.5848343)    0    0  32.85096271  0 3.160  21.91405825
(-4.1731362,  8.9670344, 31.9395923,  0.6107964, -0.5084664, -0.1624197,  0.5848158)    0    0  32.37844617  0 1.080  21.71748569
( 2.4873738,  5.0270083, 38.9759456, -0.7019338, -0.0493278, -0.6316447, -0.3253931)    0    0  28.23293765 28 0.000  18.98732455
(-4.1865910,  9.5482145, 32.4687971,  0.6656584, -0.4722086, -0.1380192,  0.5611316)    0    0   6.36727608 16 0.360  12.75751193
( 1.5859077, 10.7666897, 31.1114593, -0.9769623, -0.0865580, -0.1684630, -0.0983492)    0    0  33.79419598  1 2.400  22.60722573
( 3.8472950,  9.0901764, 30.2511630, -0.1593446, -0.0233294, -0.9449413, -0.2848698)    0    0  37.74860276  0 0.400  25.02534025
( 1.6525982, 10.1572108, 31.2873418, -0.9769600, -0.0865570, -0.1684744, -0.0983534)    0    0  33.01939821  0 0.800  22.47499955
( 7.8572371, 13.6958519, 31.7103300,  0.2238855, -0.4864304, -0.2285244,  0.8130420)    0    0  24.38337880  9 0.400  16.28265375
( 7.9881443, 13.6596824, 31.8471025,  0.2238856, -0.4864305, -0.2285245,  0.8130419)    0    0  23.84974776 21 3.200  15.08494674
( 2.4628653,  5.1964424, 38.9218017, -0.7019342, -0.0493264, -0.6316444, -0.3253930)    0    0  28.46202805  5 0.400  19.02968003
( 3.2600822,  8.8167941, 29.9934711, -0.1590744, -0.0233239, -0.9450123, -0.2847852)    0    0  37.88520576  0 0.400  25.22485856
( 3.7871348,  8.7564182, 30.6120216, -0.1596640, -0.0233354, -0.9448580, -0.2849670)    0    0  38.17293141  0 0.560  25.53059691
( 3.5948898,  8.8288341, 30.5363981, -0.1593933, -0.0233303, -0.9449288, -0.2848837)    0    0  37.92026581 26 0.000  25.46340255
(-4.1865343,  9.5410745, 32.5114430,  0.6107616, -0.5084879, -0.1624344,  0.5848293)    0    0  32.08142603  5 0.680  21.57144854
( 3.8902527,  8.6415931, 30.3712818, -0.1597139, -0.0233360, -0.9448454, -0.2849806)    0    0  38.18792831  9 0.080  25.60735913
(-4.4105468, 10.0272388, 32.0873338,  0.6033049, -0.5075030, -0.1631241,  0.5930681)    0    0  28.69015007  6 0.360  22.25059840
( 1.4690785, 10.9367493, 30.9194105, -0.9769623, -0.0865579, -0.1684632, -0.0983493)    0    0  33.79395943  2 1.720  22.61464409
( 3.5014046,  8.8535976, 30.1509055, -0.1592413, -0.0233278, -0.9449682, -0.2848386)    0    0  38.03988849 16 0.000  25.36385754
( 2.4457588,  5.2425101, 39.0570275, -0.7019333, -0.0493264, -0.6316452, -0.3253933)    0    0  28.44872665  7 0.240  19.08435864
( 2.7762844,  5.5874942, 38.8205974, -0.7019338, -0.0493266, -0.6316447, -0.3253932)    0    0  27.95101277 14 0.000  18.54266022
( 2.7543604,  5.6585980, 38.7259485, -0.7019332, -0.0493264, -0.6316453, -0.3253934)    0    0  28.16068632 17 0.000  18.71905808
(-4.5230739, 10.2419529, 31.8177710,  0.6107495, -0.5084954, -0.1624396,  0.5848340)    0    0  32.56430610  2 0.960  21.86649852
( 3.3364371,  8.1849414, 30.2461266, -0.1584959, -0.0233132, -0.9451635, -0.2846074)    0    0  37.55966195  0 0.800  25.01171599
( 3.7685788,  8.8365994, 30.3116581, -0.1587204, -0.0233175, -0.9451047, -0.2846772)    0    0  37.88330100  0 0.480  25.35136550
( 3.5131229,  8.8730753, 30.7577887, -0.1593012, -0.0233283, -0.9449533, -0.2848546)    0    0  37.79898672 26 0.000  25.14726245
( 2.5236199,  5.5436553, 38.9948617, -0.7019330, -0.0493278, -0.6316455, -0.3253934)    0    0  28.24496506 22 0.000  18.88619506
( 7.9726666, 13.6359716, 31.8946796,  0.2238857, -0.4864306, -0.2285246,  0.8130418)    0    0  24.34180736 11 2.000  16.35097613
(-4.4022342,  9.6720891, 31.8166039,  0.6314276, -0.4898628, -0.1510665,  0.5818183)    0    0  15.99257372  7 0.520  19.63528627
( 1.4541346, 10.8505436, 31.0424782, -0.9769625, -0.0865578, -0.1684618, -0.0983490)    0    0  33.54523282  6 0.680  22.65719951
( 3.4500939,  8.7887556, 30.5430605, -0.1588809, -0.0233205, -0.9450631, -0.2847257)    0    0  37.65392749 27 0.000  25.15936647
( 2.6355388,  5.3366641, 38.8438687, -0.7019353, -0.0493265, -0.6316434, -0.3253927)    0    0  28.94208108  0 5.000  19.29692054
( 0.9145912, 15.6493179, 33.8080312,  0.6051279,  0.6603559,  0.3073986,  0.3213353)    0    0  26.83486569  0 5.000  17.89050441
( 1.4226798, 10.5156882, 31.1049585, -0.9759531, -0.0865195, -0.1733875, -0.0997399)    0    0  30.10930396  2 0.720  21.95963336
( 2.6475814,  5.1383563, 38.9506698, -0.7019324, -0.0493263, -0.6316461, -0.3253936)    0    0  28.26867366 14 0.000  18.82846675
( 1.8548321, 10.4022477, 31.5313735, -0.9769640, -0.0865578, -0.1684544, -0.0983471)    0    0  32.81962551 10 0.200  22.35794108
( 3.4170919,  8.8161042, 30.3408581, -0.1599321, -0.0233401, -0.9447881, -0.2850479)    0    0  38.52562045  2 1.200  25.76085419
( 2.7003604,  5.1390161, 38.8673569, -0.7019348, -0.0493264, -0.6316439, -0.3253928)    0    0  28.35068835 16 0.000  18.87822371
( 3.2873584,  9.0625710, 30.4644192, -0.1591816, -0.0233262, -0.9449841, -0.2848193)    0    0  37.95652190 30 0.000  25.44404962
( 1.6024190, 10.8761669, 30.8237170, -0.9769643, -0.0865579, -0.1684529, -0.0983465)    0    0  31.50943040  0 0.480  19.94921908
( 2.0466593,  5.2513077, 38.8428002, -0.7019345, -0.0493266, -0.6316441, -0.3253930)    0    0  28.23898136  6 0.240  18.77392362
