#Coordinates  RecID  LigID  Luciferin  Neighbor's number  Vision Range  Scoring
(10.7161031, 12.1142603, 32.4986993,  0.4710269, -0.5746254, -0.2983716, -0.5990941)    0    0   2.59865248  4 2.600   7.43009815
( 0.7792104,  1.8849877, 34.2423810,  0.0826995,  0.4976615,  0.6803311, -0.5316423)    0    0 -70.36908014  3 3.240 -41.28470140
( 0.4651515, 15.3643680, 33.0253072,  0.6676321,  0.5879372,  0.2074760,  0.4068794)    0    0   5.43364277  5 2.760   4.21126610
(-0.6734374,  6.5390435, 30.0574617, -0.9777758,  0.0546486, -0.1691229,  0.1112001)    0    0 -22.82184503  1 4.120 -15.32739765
( 0.8259802, 10.1556556, 34.6881181,  0.7169254, -0.5040629, -0.0201412,  0.4811787)    0    0  11.47229483  8 2.920   6.68671593
( 4.3312756,  0.9443993, 28.9934084,  0.9035406,  0.1017356,  0.3758005,  0.1789924)    0    0 -136.93943185  2 3.080 -74.20962679
( 0.4699681,  3.7346103, 34.3660747, -0.0115447,  0.3078277,  0.6727526, -0.6726907)    0    0 -50.98997693  2 3.480 -21.24101843
( 1.6979747,  1.2415137, 36.0991279, -0.4765318,  0.6682773,  0.5518282,  0.1476769)    0    0 -59.12230979  8 3.320 -41.00838182
( 6.8719252,  6.5742096, 35.6639943,  0.3607163, -0.0749912,  0.6379672,  0.6762085)    0    0   1.00181312  1 3.960   5.37275271
( 4.8261051,  5.9521601, 35.0069286,  0.7132149,  0.6332612, -0.0713196, -0.2919217)    0    0 -19.15821160  2 3.000  -9.25758051
( 6.1794752,  1.1078141, 39.9486264,  0.7238333,  0.2030763, -0.5591189, -0.3495874)    0    0 -41.20662001  2 3.480 -38.44630756
( 2.7917850,  9.8544539, 35.2061813,  0.9500655, -0.1490472,  0.2283671,  0.1516871)    0    0  -6.35401093  2 3.160   2.00480370
( 1.1775599, 15.5620432, 33.6728947,  0.6086136,  0.6531645,  0.3078714,  0.3289087)    0    0  24.62159529  0 4.120  16.83663805
(-0.4689605,  1.0499002, 29.9329890, -0.9598675,  0.0785044,  0.2430323,  0.1158737)    0    0 -103.59478672  6 3.640 -84.53995548
(-4.4169283,  7.4984008, 32.4038825,  0.4418735, -0.4895872, -0.0793402,  0.7475007)    0    0 -14.13738583  3 3.960  -9.50253749
(-0.3739025,  6.1484195, 29.6165447, -0.8351711, -0.2237946, -0.4992663, -0.0560220)    0    0 -55.66995093  2 3.320 -34.82536257
( 2.7886114, 11.8377679, 33.0135688,  0.9092532, -0.2381310,  0.3258500,  0.1018527)    0    0  16.66680990  3 3.320  10.09459881
(-4.7599370,  3.8595931, 34.1401019,  0.6862527, -0.0615588, -0.0999610,  0.7178270)    0    0 -10.02308923  1 4.120  -6.74298714
(-3.3505065,  3.8914261, 30.8577694, -0.6590208,  0.2383808, -0.0033700,  0.7133406)    0    0 -99.27582240  0 4.200 -66.60678274
( 4.1479870, 11.6101101, 42.1457709,  0.3095552,  0.1910481, -0.5754628,  0.7324744)    0    0  12.97884416  1 4.120   8.68492178
( 2.2214468,  0.6873470, 33.7219183,  0.8234442,  0.5154948,  0.2294075, -0.0598074)    0    0 -78.02989195  5 3.080 -70.33104450
( 3.3455163,  8.3118724, 28.1444732, -0.9527583, -0.0153070, -0.2698671, -0.1385245)    0    0 -26.78632312  2 3.720 -10.61633944
(11.0634452, 12.3331788, 32.2951677,  0.4705228, -0.5973788, -0.3591822, -0.5410500)    0    0  14.37399909  2 3.080  13.63767242
(-1.9601633,  9.4693580, 33.8394831,  0.9214585, -0.2511739,  0.1919032,  0.2258297)    0    0  -9.66218583  2 3.560  -3.15300532
( 3.3919398,  1.0276534, 34.6393015, -0.7276200, -0.2824703,  0.5841267,  0.2226561)    0    0 -55.75770689  1 3.880 -27.74231930
(10.8190336,  2.9021553, 32.0503386,  0.8596866,  0.3116258, -0.0449828, -0.4022498)    0    0 -39.27073418  5 3.480 -24.69841426
(11.5072212,  3.0254867, 32.0726664, -0.7361465, -0.4668513, -0.0101821,  0.4899332)    0    0 -36.68684139  1 3.560 -21.44658373
( 7.3830628,  6.9204429, 36.8266017, -0.7589217,  0.4521934,  0.1321940, -0.4495372)    0    0   4.72843586  4 3.000   7.17458739
( 4.5942729,  4.9149409, 33.2968537, -0.8499987, -0.4224976, -0.3121953,  0.0391417)    0    0 -21.50820575  4 3.400  -9.22700854
( 7.5722536,  4.2146040, 33.3096551,  0.7124661,  0.3201727, -0.4007255, -0.4788534)    0    0 -33.59746948  2 3.800 -22.08156880
( 0.4710388,  5.1268444, 32.7698820, -0.8805076, -0.2501676, -0.3951666, -0.0772396)    0    0 -23.97449564  1 3.800  -7.60409277
( 6.6397706,  9.7852936, 30.5647799,  0.0511172, -0.0948966, -0.8157314, -0.5682992)    0    0   5.01888213  2 3.480   6.97502027
(-0.1458433,  6.1526625, 29.2056292, -0.7755711, -0.2257778, -0.5819138, -0.0942876)    0    0 -63.23876813  3 3.000 -40.91561855
( 2.6108443,  0.3826620, 34.1798815, -0.8167189, -0.2411148,  0.3861819,  0.3545382)    0    0 -65.60629079  3 3.560 -24.61387269
( 2.3408691,  2.1228947, 39.4591603, -0.8056930,  0.1968379,  0.4023511,  0.3875916)    0    0  -5.82734288  0 3.880  -1.68949397
(-5.6759569,  7.4835897, 35.7817358, -0.0582701,  0.2793733, -0.7756102,  0.5630133)    0    0  22.62014678  0 4.200  15.15155814
( 3.8008463, 14.6622190, 35.9734049, -0.0456166,  0.1673442,  0.1715506,  0.9697863)    0    0  11.47389006  4 3.640   7.61477775
( 0.5001163,  5.0604354, 32.7805584, -0.8305466, -0.3311142, -0.4468482, -0.0297079)    0    0 -57.01638359  5 3.160 -30.25128721
( 4.9101558,  7.4637730, 36.5954451, -0.7469813,  0.4060103,  0.1443071, -0.5063103)    0    0  14.20617227  3 2.840  10.98192705
( 5.1762290,  4.5214498, 41.0675717, -0.8154528,  0.1356574, -0.5434606, -0.1458916)    0    0  -1.76662833  5 3.640  -4.21978435
( 8.3530465,  6.1587576, 41.7501157,  0.1508700, -0.9490425, -0.2766882, -0.0004833)    0    0  11.19224305  1 3.720  12.86086133
( 5.4204897,  6.0790282, 41.6149272, -0.6952570, -0.0376795, -0.6361458, -0.3324401)    0    0  10.24020810  4 2.840  14.69389563
(-2.6635826,  9.2362841, 39.5000295,  0.2029013, -0.5743027,  0.0424165, -0.7919649)    0    0  -2.52098010  2 3.560 -15.89518439
(-0.5171563,  1.2084552, 31.3712662, -0.9606888, -0.2070764,  0.0206872, -0.1837620)    0    0 -73.50662544  1 3.960 -43.38500478
(11.3097641, 12.5219628, 32.5538174,  0.4748235, -0.5857912, -0.3577812, -0.5508030)    0    0  13.44015921  3 2.680  12.11692198
( 7.2009101,  6.8375045, 34.2181403,  0.5925132, -0.0480169,  0.0823659,  0.7998990)    0    0   1.82292223  1 3.800   0.75612769
( 8.7781416, 13.6839961, 34.4976161,  0.1970885, -0.4345056, -0.2274593,  0.8488953)    0    0   9.34920331  2 3.400   9.74597326
( 6.7797056,  3.4596330, 37.4651776,  0.4849986,  0.2371535, -0.7171580, -0.4407028)    0    0 -31.81296041  5 3.000 -14.99355235
( 3.3309423, 11.6435368, 29.7046142,  0.1391036,  0.0083764, -0.6119774, -0.7785009)    0    0 -19.10234443  5 3.320  -8.16024126
( 4.9625875,  4.9816592, 33.1167418,  0.7695563,  0.3093275,  0.3852941, -0.4045345)    0    0 -46.09860964  5 2.840 -42.41818166
( 5.8330004,  5.7089676, 40.7927968, -0.7016154, -0.0514459, -0.6395535, -0.3099362)    0    0  18.91316273  0 3.480  14.79990336
(-4.2857225,  2.9742416, 37.9010170, -0.0665575,  0.2026241, -0.9659963,  0.1461665)    0    0 -11.35546084  0 4.200  -7.63663845
(-0.4300161,  6.6407563, 29.5468105, -0.9667674,  0.0575750, -0.2361694,  0.0791831)    0    0 -45.16202780  2 3.800 -26.21914221
(-1.6124168,  9.6672386, 34.4737373,  0.6534436, -0.5115800, -0.1232121,  0.5441655)    0    0  17.91843671  1 3.800  14.94953827
( 5.3355057, 10.4318163, 30.0911924, -0.3468548,  0.0855399, -0.9333882,  0.0340759)    0    0  -3.59530466  6 3.160   3.44973963
( 6.1861224,  7.6447316, 25.7072071,  0.8933210,  0.3952444, -0.1316688, -0.1685909)    0    0 -120.84706410  1 3.960 -44.83051104
( 0.5239305,  5.5515999, 34.5017321,  0.9625670,  0.2596099,  0.0706957, -0.0327056)    0    0 -28.10526784  1 3.320  -3.50443695
( 2.6093852,  0.3800420, 34.1742931, -0.8486795, -0.2918231,  0.3356059,  0.2862710)    0    0 -49.89186363  0 4.120 -33.09123369
(-0.9306985, 10.0043063, 26.3983295, -0.9343458,  0.3385131,  0.0226759, -0.1090536)    0    0  -0.39555684  0 4.200  -0.28558679
( 7.8284454, 13.8293897, 34.2454921,  0.2194494, -0.4800418, -0.2252600,  0.8188425)    0    0  20.26648710  1 3.720  13.97929461
( 6.3983484,  9.4883878, 30.4272449, -0.0732693, -0.1930064, -0.7574316, -0.6194171)    0    0   1.02058754  5 2.840   0.46011252
( 6.6217271,  7.6990912, 40.7313432,  0.2621432, -0.9537543,  0.0324606, -0.1434570)    0    0  -0.69511408  3 3.240  -0.88684941
( 5.7278206,  5.6131773, 36.1206954,  0.0717873,  0.1994288, -0.7984721, -0.5634866)    0    0 -23.87206469  2 3.320 -25.10425705
( 1.3790206, 15.6508294, 33.5297008,  0.6292524,  0.6377969,  0.3097832,  0.3182624)    0    0  13.65926965  2 3.240  11.74358702
( 6.6189023,  6.5823246, 36.1420814, -0.1498072,  0.0741801, -0.8350220, -0.5241174)    0    0  -7.14380208  1 3.240   4.12111488
( 8.9174090,  8.2315572, 25.8379330, -0.2072744, -0.0656633,  0.9356491,  0.2780043)    0    0 -46.15681613  0 4.200 -30.97868239
( 0.0806951,  6.0673945, 41.5430346,  0.0801022, -0.6381621, -0.3790440, -0.6653258)    0    0   7.41991611  3 3.240  12.15012822
( 1.6466701, 11.8938640, 31.1203334,  0.8952510, -0.0098866,  0.4393929,  0.0732242)    0    0  -0.19601672  5 2.920   4.99596776
(-0.7909990,  1.0296076, 31.0892674, -0.9936517,  0.0489964,  0.0986259,  0.0229888)    0    0 -124.66996298  5 3.080 -99.83007254
( 7.6116624, 13.4518105, 34.4796905,  0.1840763, -0.4850736, -0.2230214,  0.8252763)    0    0   7.17466884  3 3.240   9.28431371
( 4.2466525,  5.2692706, 31.2351089, -0.7994300, -0.3053719, -0.5116580,  0.0765884)    0    0 -53.49580570  7 2.520 -42.21166618
( 3.4263839, -1.0869495, 34.3421199,  0.7473653,  0.5359910, -0.3221428, -0.2244611)    0    0 -83.60198739  5 3.240 -51.59582369
( 5.6581285,  7.7439061, 36.7748782, -0.7498885,  0.3962201,  0.1400382, -0.5107387)    0    0  15.58423079  1 3.720  10.43913299
( 0.3916237, 12.8070365, 31.3400677,  0.8787373, -0.3365183,  0.3126851,  0.1296312)    0    0  19.59370901  0 4.200  13.12165893
( 2.8246779,  4.9808833, 41.4071437, -0.0760440, -0.1450836, -0.2569277, -0.9524475)    0    0  19.75538801  0 4.200  13.23010064
( 5.9374533,  9.2172674, 36.0532238, -0.6222829, -0.7107184, -0.1534883,  0.2899736)    0    0  17.93813587  0 4.200  12.01122917
( 7.8836669,  3.7214469, 32.7889074,  0.9279346,  0.2801113,  0.0071100, -0.2458139)    0    0 -46.79117984  2 3.480 -28.04251632
(-0.1395313,  6.2608867, 40.5164885,  0.1107232, -0.5862496, -0.3616456, -0.7164246)    0    0  17.18094889  2 3.160  18.22566692
( 0.0288809, 11.9112834, 32.4248599,  0.8697336, -0.3771609,  0.2086897,  0.2403368)    0    0  15.57667612  5 3.400   6.57386953
( 1.1642393, 15.7234232, 33.8103034,  0.6086892,  0.6485151,  0.3104924,  0.3353361)    0    0  16.65535230  1 3.480  14.11160645
(11.0459181,  2.6782220, 31.7412304, -0.7295661, -0.4765172,  0.0425320,  0.4887287)    0    0 -38.44441029  2 3.560 -19.60308290
( 5.9660415,  6.9218042, 32.1059334,  0.6100570, -0.0594782, -0.1771699,  0.7700024)    0    0  -2.64506617  2 3.160   2.23654672
( 3.2911090,  6.8276495, 41.4732973, -0.2264632, -0.1818727, -0.0952028, -0.9521414)    0    0  11.78097759  2 4.040   7.88148600
( 6.0940621,  6.9223672, 32.1840333,  0.6001280, -0.0540455,  0.0949753,  0.7924047)    0    0  -2.94222315  3 3.480  -0.25337965
( 6.4413297,  6.9672477, 32.5671938,  0.5836516, -0.0866144,  0.1592448,  0.7915111)    0    0 -13.75330048  4 3.320   1.64032805
(-4.6605091,  3.9251097, 36.1869724, -0.2582546,  0.2748841, -0.9171226,  0.1289552)    0    0 -43.41125220  1 4.040  -9.56270772
( 0.3281260, 12.3278129, 31.8431139,  0.9091524, -0.2165409,  0.3295946,  0.1338632)    0    0   9.70384744  5 2.760   7.30489004
( 7.5639794,  2.6915427, 42.0724965,  0.6749925,  0.2867163, -0.5984056, -0.3226293)    0    0   9.25329498  6 3.720   6.18611299
( 7.9955952,  2.4483058, 38.0197473,  0.8214537,  0.1284891, -0.4996296, -0.2430528)    0    0 -34.96299918  3 3.400 -14.27896483
( 3.9641051,  5.4312647, 35.1815814,  0.9076361,  0.3779441,  0.1644852, -0.0793699)    0    0  -1.04769086  1 3.480   5.86566476
( 7.8101589,  3.5760557, 38.6909225,  0.7572614,  0.2319116, -0.5354412, -0.2933853)    0    0  12.79325246  1 3.720  12.63500870
( 5.4938818,  0.8396557, 41.8073927,  0.4480206,  0.3865919, -0.6640037, -0.4570813)    0    0 -11.34985393  3 3.640   6.63072833
(13.2694263,  5.4728999, 36.1719690,  0.7010358, -0.1845654,  0.3365017,  0.6010416)    0    0  -6.30532660  1 3.960  -8.05796178
( 6.2886570,  8.7488329, 31.3318406,  0.8122530,  0.4442356,  0.3311907, -0.1822432)    0    0 -24.13670018  6 2.840 -12.30696979
(11.3034647, 12.5563958, 32.6156408,  0.4690993, -0.5988811, -0.3675916, -0.5349427)    0    0  15.35309963  1 3.800  12.27845099
( 7.0719304, 10.9022292, 26.2582490,  0.8868938,  0.3159003, -0.1529293, -0.3003982)    0    0  20.32741488  0 4.200  13.61377180
( 5.4326322,  6.1960286, 40.6796956, -0.7238450,  0.0093728, -0.5586488, -0.4048112)    0    0  13.25770434  3 2.760  11.87088228
( 3.3037560,  6.0165463, 43.4533887,  0.2328892,  0.6034870,  0.4696416, -0.6008351)    0    0  12.48036486  0 4.200   8.35058062
( 6.1808719, 13.2638046, 33.4030470, -0.2501588,  0.0565604,  0.4818686,  0.8378688)    0    0  10.20685330  0 3.880   9.58635227
( 1.8814304,  5.0413988, 34.9925211,  0.1016603,  0.2014775,  0.4900761, -0.8419605)    0    0 -17.21688265  5 3.320  -8.60219720
( 2.7087231,  8.4909513, 26.8248626, -0.9138529, -0.1226403, -0.3045963, -0.2388583)    0    0 -72.77739866  1 3.800 -42.58294746
(11.5375582,  8.2550546, 38.1817000, -0.9436649,  0.0407949, -0.0938631, -0.3146776)    0    0  12.43009597  1 3.880  10.39231164
( 5.3790147, 10.8351557, 36.5110101, -0.8222110, -0.4837092, -0.2555372,  0.1571473)    0    0  14.90416114  5 3.320  11.00995757
( 9.1987532, 12.9874312, 39.2080308,  0.3323086, -0.7219547,  0.1466206, -0.5889438)    0    0  10.32477872  0 4.120   6.66845517
( 4.5527577, 11.4343463, 39.4508244,  0.2502741,  0.5149705, -0.4513950,  0.6844054)    0    0   9.95872498  3 3.400   6.80289564
( 8.9714444, 13.3608924, 37.4960836, -0.1090959,  0.4074888,  0.9031594,  0.0797130)    0    0  10.22263851  2 3.240   4.93949853
(-1.2209616,  7.8494675, 35.4084160,  0.5419043, -0.5370708, -0.2241246,  0.6063521)    0    0  14.57171550  3 3.720  16.01569446
( 3.2624732, 11.9157052, 27.5858594, -0.1454794,  0.0853362, -0.9850918,  0.0316881)    0    0  13.36196432  1 4.120   8.94188900
( 2.2880703, 11.1239810, 36.2335819, -0.3042262, -0.3794948, -0.0785746,  0.8702047)    0    0  15.63967865  2 4.040  10.46960273
( 3.7103331, 11.8162271, 27.6945750, -0.1562949,  0.0875721, -0.9831652,  0.0359067)    0    0  14.55879323  0 3.720  11.81508628
(11.6614357,  6.6496618, 31.4172065,  0.5305868,  0.1791041,  0.3508160,  0.7505515)    0    0 -24.49021059  1 3.880 -20.66677222
( 3.0836046, 13.8768155, 35.2801975,  0.1227355,  0.1237652,  0.1580163,  0.9719306)    0    0  13.11037703  5 3.560   8.05417971
( 2.6879325,  0.3805574, 34.2140680,  0.6276543,  0.4770496, -0.5864066, -0.1860134)    0    0 -62.87917038  2 3.480 -43.07480356
( 2.9829467, 16.3088154, 32.8302165,  0.2493867, -0.7229061, -0.0171444,  0.6441421)    0    0  17.55567868  0 4.120  12.33607166
(11.1416620,  3.2079003, 36.9938695,  0.4153160,  0.1947248, -0.7568275, -0.4656254)    0    0 -31.81930904  1 3.800 -10.17809377
( 3.5624899,  4.9213190, 26.9274167,  0.9978743,  0.0024678, -0.0558499,  0.0334896)    0    0 -105.61907785  0 3.720 -66.47274482
( 4.1316039,  4.8028237, 31.0723721,  0.5876814,  0.4450774,  0.5565337, -0.3831539)    0    0 -58.29455661  6 2.200 -43.76127648
(11.6502993,  6.0513088, 30.2620879,  0.4659287,  0.1600853,  0.3454584,  0.7987125)    0    0 -14.37932194  0 4.200  -9.66480942
( 1.7505206, 11.0544240, 38.7583321,  0.0027709,  0.9281606,  0.3565425, -0.1067126)    0    0  14.70742307  0 4.200   9.84431815
(-2.3613071,  7.2570689, 39.8011106,  0.0704339, -0.0822159, -0.9914401,  0.0729808)    0    0  -8.49779966  5 3.160  -4.93631439
( 0.6531721, 15.4306552, 33.3583274,  0.6408139,  0.6250843,  0.2621505,  0.3604223)    0    0  10.83942801  3 3.480  11.00129226
( 0.8201790,  4.3567267, 33.2424682,  0.7545060,  0.4439135,  0.4736962,  0.0962984)    0    0 -86.39888265  4 2.920 -39.82208521
( 9.5210543, 13.1929318, 37.6197033, -0.2740409,  0.4216213,  0.8595312,  0.0913411)    0    0   3.59396922  3 3.400  -6.23827238
( 6.0911904,  6.9224942, 32.1788180,  0.5986674, -0.0301799, -0.2084322,  0.7728147)    0    0   4.57527638  0 4.200   3.04846174
( 7.7311010, 13.6573927, 34.3544582,  0.2172021, -0.4908285, -0.2216548,  0.8141129)    0    0  20.29092424  0 4.200  13.58929671
( 5.9717143,  3.8762351, 26.5390787, -0.9515595,  0.2395194, -0.1491284,  0.1221709)    0    0 -112.96658748  2 3.880 -68.32770968
( 3.3688521,  2.4907906, 38.7491328, -0.8392971,  0.2005121,  0.3305007,  0.3822887)    0    0 -13.00126623  3 3.240  -3.32546908
( 5.6396346,  0.5752085, 39.8340054,  0.4051427,  0.2612514, -0.7008597, -0.5257403)    0    0 -59.30419950  5 3.160 -43.51582761
( 3.6582713,  8.9731647, 30.8374586, -0.7512696,  0.0236448, -0.6525444, -0.0960247)    0    0 -15.20048632  2 3.320  -3.80488454
( 9.2176539,  4.2514246, 38.1903748,  0.6508714,  0.2211387, -0.6624777, -0.2976362)    0    0   6.61448368  2 3.640   8.04239226
(12.1784396,  7.9770827, 38.7384736,  0.9321054,  0.1434323,  0.2536477,  0.2151037)    0    0   9.55082497  1 4.040   2.28294498
( 4.2723683, 13.8707594, 39.4861839, -0.2986099, -0.0765035, -0.1546137,  0.9386554)    0    0  14.42085652  1 3.880  10.00363158
( 5.7945605,  5.7799395, 40.8896398, -0.7020757, -0.0490522, -0.6288937, -0.3304183)    0    0  18.55283153  2 3.560  13.76392909
( 7.8375845,  4.3919992, 33.3854007, -0.7611706, -0.1549843, -0.5932597, -0.2112865)    0    0 -25.95270630  3 3.960 -17.42733603
( 1.5570805,  1.1936580, 35.4727053,  0.1002723,  0.8030946,  0.5534876, -0.1965604)    0    0 -63.85708986  2 3.560 -45.20036734
(11.5201766, 12.8140595, 32.6372827,  0.4889397, -0.5792226, -0.3783211, -0.5313306)    0    0  18.32527572  0 4.200  12.27089248
( 7.7715682, 11.1224329, 29.4991828,  0.0804008, -0.6569991,  0.1443828,  0.7355553)    0    0   2.99071380  1 3.880   3.30981591
( 2.9812469,  1.6688262, 38.1595398, -0.8249608,  0.2372580,  0.3426796,  0.3817315)    0    0 -35.90148826  4 2.920 -17.52753463
( 7.3531838,  3.2009032, 41.9715146, -0.9740374, -0.1931404, -0.1119322, -0.0376706)    0    0   0.83691703  6 2.760  10.25670275
( 3.3189564, -1.3814909, 37.0052677, -0.1805497,  0.3952370,  0.7453093,  0.5056714)    0    0 -65.49004190  1 3.560 -38.32783945
(-0.1815340,  6.7829136, 41.9898127,  0.1014928, -0.5399602, -0.3351103, -0.7654040)    0    0  17.66691872  0 3.880  12.56144782
( 5.8217905, 11.1582631, 36.9650878, -0.7487632, -0.5621079, -0.2721324,  0.2221087)    0    0  10.15730257  5 2.600   9.37041293
( 3.8258537, -0.8595087, 33.6388364,  0.5290716,  0.4682900, -0.6909200, -0.1530271)    0    0 -81.01386729  4 3.560 -56.79185626
( 6.7954553,  8.2019269, 37.1391920, -0.7636517,  0.4144787,  0.1436290, -0.4737237)    0    0  15.23168939  2 3.320  10.75225636
( 0.7441307,  1.8992951, 28.8377157,  0.6648237,  0.1234950,  0.4136759,  0.6096152)    0    0 -123.49385412  3 3.640 -59.45745370
( 5.0793492,  7.5377960, 36.6698844, -0.7455986,  0.3893236,  0.1386966, -0.5227553)    0    0  16.77651077  0 4.200  11.23210134
( 3.1984475,  8.5982084, 30.5583379, -0.8144930, -0.1073578, -0.5212903, -0.2309368)    0    0 -38.75629150  4 2.920 -21.65331784
( 4.3039055,  5.8186736, 37.0930767,  0.6901929,  0.1984473,  0.3410796, -0.6065617)    0    0 -10.87402066  6 3.160  -9.63842928
(13.2174325,  5.9390888, 36.4104226, -0.9130489,  0.1542991, -0.1756285, -0.3341978)    0    0  -2.01271481  1 4.040  -1.76938819
( 1.0563471, 12.0851825, 32.5653612,  0.9363697, -0.0485355,  0.3448735,  0.0437983)    0    0  14.88847319  4 3.000  11.33166001
(10.3338580, 12.2824681, 28.9310731, -0.2310251, -0.9220128,  0.0504307,  0.3065559)    0    0   5.98666018  0 4.200   3.99510829
( 5.3985491, 13.5340290, 37.3771068, -0.1876258, -0.0077530, -0.1117307,  0.9758344)    0    0  15.64191130  0 4.040  11.63942111
( 8.9769861, 12.0144179, 28.8792335, -0.0518658, -0.8427587,  0.1259940,  0.5207621)    0    0  -3.44459298  2 3.880 -10.12800699
( 7.6052673,  3.5267250, 32.1154442,  0.9268920,  0.2729067,  0.0365808, -0.2550588)    0    0 -73.06708232  3 3.240 -37.90647082
( 3.0328987,  5.4272044, 32.0121302, -0.9611080, -0.2033397, -0.1830661,  0.0375657)    0    0 -51.40650403  6 2.600 -33.99818034
( 6.7456410,  3.5084903, 26.2270532, -0.7579444,  0.6136577, -0.1288668, -0.1798272)    0    0 -74.43567659  2 4.040 -49.94594381
( 6.1452579,  0.0923512, 30.2764060,  0.8714755,  0.4229357,  0.0627381, -0.2402495)    0    0 -143.71520306  3 3.640 -97.84794245
(10.0477148,  0.3833601, 33.0427472,  0.8435235, -0.2172020, -0.4783964, -0.1114818)    0    0 -86.33931534  1 4.040 -63.98736271
( 2.9341494, 10.9310078, 41.2187536,  0.4385077,  0.6868575, -0.3393475,  0.4698734)    0    0  16.97970586  0 4.200  11.36838882
( 0.3432674,  4.3781694, 32.6094171, -0.7456129, -0.4327541, -0.5066731, -0.0082271)    0    0 -77.35224769  4 3.160 -40.72759292
(-1.1716734,  7.7622019, 41.2612017,  0.0909598, -0.5948140, -0.3157523, -0.7336369)    0    0  13.88837282  3 3.640  10.96739706
(-3.7603863,  7.9810924, 37.8879979,  0.1599942, -0.5155020,  0.2066488, -0.8160612)    0    0  -2.80844339  4 2.680   4.46306332
( 7.9860572, 11.3450236, 41.8694222, -0.1819011,  0.8638140,  0.3649616, -0.2958723)    0    0   5.79780571  2 3.880   6.65287727
(-3.2371246,  9.0981952, 38.4702366,  0.3018536, -0.5885509,  0.0924641, -0.7442732)    0    0   2.74747880  4 3.240   0.49174944
(-0.5438218,  8.7005593, 29.7400613, -0.7709501,  0.3060337,  0.1732299,  0.5310091)    0    0 -17.70900341  2 3.320  -8.19969880
( 3.7124736, 11.7571925, 27.7708255,  0.1912180,  0.0654284, -0.9762481, -0.0780666)    0    0 -15.04690083  5 3.640  -6.89884303
(-0.7347828,  9.1461874, 28.7488827, -0.9357074,  0.3423436,  0.0672330,  0.0522708)    0    0 -13.98153397  1 3.720   0.51917838
( 4.8613966, 13.4514650, 39.2817864, -0.2804483, -0.0753700, -0.1356723,  0.9472387)    0    0  12.39031781  2 3.400   9.76965102
(10.2771398, 13.6750353, 37.4222741, -0.4444165,  0.4164582,  0.7861958,  0.1046549)    0    0  16.81130964  0 4.200  11.25544172
( 2.4487010,  3.5743165, 39.5184316, -0.0848242, -0.1057599, -0.2121432, -0.9677887)    0    0 -10.37399321  2 3.320   5.43530870
(-0.3183781,  1.8586881, 29.9659938,  0.6773522,  0.0625833,  0.3890405,  0.6212284)    0    0 -99.39448214  1 3.880 -64.66441945
(10.8419516,  2.9108130, 32.0742257,  0.8436176,  0.3144107, -0.0925295, -0.4253158)    0    0 -36.04589275  1 4.040 -21.63848613
( 3.5349194, -0.9125885, 33.1393975, -0.8258330, -0.4049017,  0.2758017,  0.2792632)    0    0 -91.29279234  4 3.000 -58.37116643
(-1.9733796, 10.1368563, 34.7850918,  0.6049559, -0.5034527, -0.2493235,  0.5642708)    0    0   8.73107019  3 3.560  12.19037537
( 1.8482057,  5.1265922, 34.6047586,  0.9134341,  0.3391080, -0.2108932,  0.0785362)    0    0 -32.08066826  4 3.640 -35.02172204
(-3.2430564, 10.1838561, 30.0219225,  0.5677962, -0.0106253,  0.0854879, -0.8186491)    0    0 -16.32187563  0 4.200 -10.96772344
( 3.2714302, 11.8104303, 33.1734333,  0.9289238, -0.1512821,  0.3316394,  0.0650358)    0    0  17.12718272  2 3.080  11.24361972
( 5.7595448,  9.6224004, 35.7078740,  0.8589957,  0.3925918,  0.2790257, -0.1736167)    0    0  15.45346620  4 2.920  12.21651257
( 8.4096359,  6.6216986, 42.3886029,  0.1655250, -0.9627155, -0.1944672, -0.0892350)    0    0  13.89946914  0 4.200   9.30240546
( 8.0198348,  3.2796909, 38.7532989,  0.7573128,  0.2187396, -0.5481574, -0.2795600)    0    0  21.00542943  0 4.200  14.06853126
( 4.9724152,  6.0752196, 41.7623168, -0.4355400, -0.1062919, -0.4903967, -0.7473406)    0    0  18.74362728  2 4.040  12.55149019
(-0.2083077,  6.5567187, 41.8240705,  0.1034008, -0.5375903, -0.3419899, -0.7637332)    0    0  17.54923006  1 3.960  12.56582482
( 3.5486343,  7.5078280, 28.8924170, -0.8180910, -0.1395960, -0.5273517,  0.1820448)    0    0 -37.06157597  2 2.920 -29.36344271
( 7.0021319,  9.9198571, 27.8873241,  0.7149895,  0.2777043, -0.3577924, -0.5325926)    0    0 -30.35300608  2 3.800 -28.58618544
( 3.7071836,  4.8348560, 31.4592170,  0.7949369,  0.3359885,  0.4923094, -0.1132189)    0    0 -40.38735561  5 3.000 -21.60416168
( 1.0272275,  4.9171284, 40.4516065,  0.3629108, -0.2474169, -0.1636849,  0.8833391)    0    0   6.52090023  2 3.640  12.18954719
( 8.0577741, 11.8493593, 37.5076211, -0.8668882,  0.3664409,  0.2019882, -0.2709736)    0    0  10.68651610  3 3.320   4.49686975
(-3.5262123, 10.6203429, 33.8534843,  0.6963548, -0.4708605, -0.1201547,  0.5281507)    0    0  22.84651131  0 4.200  15.30338587
( 7.1615246, 12.2008264, 32.7435290, -0.3054675,  0.1718977,  0.3284912,  0.8770600)    0    0   1.22576352  2 3.160   9.30012526
( 5.9988865,  9.2737721, 36.0501863, -0.6270071, -0.7009232, -0.1705439,  0.2940809)    0    0  16.33587576  3 3.320  11.66666305
( 2.5687698,  2.1958900, 39.3311805, -0.8176087,  0.1975033,  0.3811538,  0.3837059)    0    0  -9.87040799  2 3.160  -3.12766203
(-1.1999552, 14.1505422, 31.5829772,  0.6268517,  0.6368925,  0.2011682,  0.4011936)    0    0   8.17442950  4 3.640   6.74759770
(-0.6138020,  9.0369233, 29.0091437, -0.9063785,  0.3456087,  0.1145011,  0.2142944)    0    0 -23.03404691  4 3.400 -25.79249066
( 3.1631536, -0.7265287, 37.1426759, -0.6513173,  0.3540048,  0.4813474,  0.4677297)    0    0 -51.71212523  3 3.880 -27.33289752
( 3.3361756, 11.6698100, 33.2990162,  0.9403992,  0.0255808,  0.3388540,  0.0131512)    0    0  13.33407869  5 2.680  10.34506990
( 2.9020020,  8.3350011, 29.0320619, -0.9678115,  0.0469185, -0.2303664, -0.0898378)    0    0  -3.58419148  0 4.040   2.54184249
( 2.9303740,  3.4504794, 35.7071021, -0.1773059,  0.0619533,  0.0841474, -0.9785927)    0    0 -39.51301623  4 2.920 -37.03094503
(10.2354835,  2.7712945, 29.0394205, -0.7612536,  0.0106520,  0.1962208,  0.6179618)    0    0 -99.47660973  6 3.000 -45.32982239
( 0.4030738, 11.1824325, 33.1193192,  0.9446625, -0.1159962,  0.2963390,  0.0796300)    0    0  10.14241436  5 2.760  10.28043301
( 2.5279541,  2.2319851, 39.3647637, -0.8162979,  0.2001841,  0.3870596,  0.3791687)    0    0  -6.90996352  1 4.040  -3.14277933
